INFO - 2020-04-12 04:20:55 --> Controller "App\Controllers\Organizations" loaded.
INFO - 2020-04-12 04:21:06 --> Fetching Organizations details
INFO - 2020-04-12 04:37:19 --> Controller "App\Controllers\Organizations" loaded.
INFO - 2020-04-12 04:37:21 --> Fetching Organizations details
INFO - 2020-04-12 04:38:04 --> Controller "App\Controllers\Organizations" loaded.
INFO - 2020-04-12 04:38:04 --> Inserting Organizations details
INFO - 2020-04-12 04:38:06 --> Controller "App\Controllers\Organizations" loaded.
INFO - 2020-04-12 04:38:06 --> Fetching Organizations details
INFO - 2020-04-12 04:43:45 --> Controller "App\Controllers\Organizations" loaded.
INFO - 2020-04-12 04:43:47 --> Fetching Organizations details
INFO - 2020-04-12 04:43:57 --> Controller "App\Controllers\Organizations" loaded.
INFO - 2020-04-12 04:43:57 --> Updating Organizations details
INFO - 2020-04-12 04:48:04 --> Controller "App\Controllers\Organizations" loaded.
INFO - 2020-04-12 04:48:05 --> Fetching Organizations details
INFO - 2020-04-12 04:48:08 --> Controller "App\Controllers\Organizations" loaded.
INFO - 2020-04-12 04:48:08 --> Updating Organizations details
INFO - 2020-04-12 04:48:09 --> Controller "App\Controllers\Organizations" loaded.
INFO - 2020-04-12 04:48:09 --> Fetching Organizations details
INFO - 2020-04-12 04:52:51 --> Controller "App\Controllers\Organizations" loaded.
INFO - 2020-04-12 04:52:52 --> Fetching Organizations details
INFO - 2020-04-12 04:55:48 --> Controller "App\Controllers\Organizations" loaded.
INFO - 2020-04-12 04:55:49 --> Fetching Organizations details
INFO - 2020-04-12 04:56:14 --> Controller "App\Controllers\Organizations" loaded.
INFO - 2020-04-12 04:56:14 --> Fetching Organizations details
INFO - 2020-04-12 04:56:29 --> Controller "App\Controllers\Organizations" loaded.
INFO - 2020-04-12 04:56:30 --> Fetching Organizations details
INFO - 2020-04-12 04:56:31 --> Controller "App\Controllers\Institutions" loaded.
INFO - 2020-04-12 04:56:31 --> Fetching Institution details
INFO - 2020-04-12 04:57:29 --> Controller "App\Controllers\Institutions" loaded.
INFO - 2020-04-12 04:57:30 --> Inserting Institution details
INFO - 2020-04-12 04:57:31 --> Controller "App\Controllers\Institutions" loaded.
INFO - 2020-04-12 04:57:31 --> Fetching Institution details
INFO - 2020-04-12 05:01:39 --> Controller "App\Controllers\Organizations" loaded.
INFO - 2020-04-12 05:01:39 --> Controller "App\Controllers\Institutions" loaded.
INFO - 2020-04-12 05:01:42 --> Fetching Institution details
INFO - 2020-04-12 05:01:42 --> Fetching Organizations details
INFO - 2020-04-12 05:01:57 --> Controller "App\Controllers\Institutions" loaded.
INFO - 2020-04-12 05:01:57 --> Updating Institution details
INFO - 2020-04-12 06:40:46 --> Controller "App\Controllers\Roles" loaded.
INFO - 2020-04-12 06:40:46 --> Controller "App\Controllers\Roles" loaded.
INFO - 2020-04-12 06:40:48 --> Fetching Roles details
INFO - 2020-04-12 06:40:48 --> Fetching Roles details
INFO - 2020-04-12 06:40:54 --> Controller "App\Controllers\Roles" loaded.
INFO - 2020-04-12 06:40:54 --> Fetching Permission details
INFO - 2020-04-12 06:41:13 --> Controller "App\Controllers\Roles" loaded.
INFO - 2020-04-12 06:41:13 --> Inserting Role details
INFO - 2020-04-12 06:41:17 --> Controller "App\Controllers\Roles" loaded.
INFO - 2020-04-12 06:41:17 --> Controller "App\Controllers\Roles" loaded.
INFO - 2020-04-12 06:41:17 --> Fetching Roles details
INFO - 2020-04-12 06:41:17 --> Fetching Roles details
INFO - 2020-04-12 06:42:59 --> Controller "App\Controllers\Roles" loaded.
INFO - 2020-04-12 06:42:59 --> Fetching Permission details
INFO - 2020-04-12 06:43:15 --> Controller "App\Controllers\Roles" loaded.
INFO - 2020-04-12 06:43:15 --> Inserting Role details
INFO - 2020-04-12 06:51:13 --> Controller "App\Controllers\Roles" loaded.
INFO - 2020-04-12 06:51:13 --> Controller "App\Controllers\Roles" loaded.
INFO - 2020-04-12 06:51:13 --> Fetching Roles details
INFO - 2020-04-12 06:51:13 --> Fetching Roles details
INFO - 2020-04-12 06:51:21 --> Controller "App\Controllers\Roles" loaded.
INFO - 2020-04-12 06:51:21 --> Fetching Permission details
INFO - 2020-04-12 06:51:52 --> Controller "App\Controllers\Roles" loaded.
INFO - 2020-04-12 06:51:52 --> Inserting Role details
INFO - 2020-04-12 06:52:34 --> Controller "App\Controllers\Roles" loaded.
INFO - 2020-04-12 06:52:35 --> Inserting Role details
INFO - 2020-04-12 06:52:50 --> Controller "App\Controllers\Roles" loaded.
INFO - 2020-04-12 06:52:50 --> Controller "App\Controllers\Roles" loaded.
INFO - 2020-04-12 06:52:50 --> Fetching Roles details
INFO - 2020-04-12 06:52:50 --> Fetching Roles details
INFO - 2020-04-12 06:52:53 --> Controller "App\Controllers\Roles" loaded.
INFO - 2020-04-12 06:52:53 --> Fetching Permission details
INFO - 2020-04-12 06:52:56 --> Controller "App\Controllers\Roles" loaded.
INFO - 2020-04-12 06:52:56 --> Updating Role details
INFO - 2020-04-12 07:04:12 --> Controller "App\Controllers\Roles" loaded.
INFO - 2020-04-12 07:04:12 --> Controller "App\Controllers\Roles" loaded.
INFO - 2020-04-12 07:04:12 --> Fetching Roles details
INFO - 2020-04-12 07:04:12 --> Fetching Roles details
INFO - 2020-04-12 07:04:16 --> Controller "App\Controllers\Roles" loaded.
INFO - 2020-04-12 07:04:16 --> Deleting Role details
INFO - 2020-04-12 07:04:16 --> Controller "App\Controllers\Roles" loaded.
INFO - 2020-04-12 07:04:16 --> Fetching Roles details
INFO - 2020-04-12 07:05:08 --> Controller "App\Controllers\Roles" loaded.
INFO - 2020-04-12 07:05:08 --> Deleting Role details
INFO - 2020-04-12 07:05:08 --> Controller "App\Controllers\Roles" loaded.
INFO - 2020-04-12 07:05:08 --> Fetching Roles details
INFO - 2020-04-12 07:05:22 --> Controller "App\Controllers\Roles" loaded.
INFO - 2020-04-12 07:05:22 --> Deleting Role details
INFO - 2020-04-12 07:05:22 --> Controller "App\Controllers\Roles" loaded.
INFO - 2020-04-12 07:05:22 --> Fetching Roles details
INFO - 2020-04-12 07:15:32 --> Controller "App\Controllers\Institutions" loaded.
INFO - 2020-04-12 07:15:34 --> Controller "App\Controllers\Standards" loaded.
INFO - 2020-04-12 07:15:34 --> Controller "App\Controllers\Boards" loaded.
INFO - 2020-04-12 07:15:34 --> Controller "App\Controllers\Sections" loaded.
INFO - 2020-04-12 07:15:35 --> Fetching Institution details
INFO - 2020-04-12 07:15:35 --> Fetching Boards details
INFO - 2020-04-12 07:15:36 --> Fetching Standards details
INFO - 2020-04-12 07:15:36 --> Fetching Sections details
INFO - 2020-04-12 07:18:15 --> Controller "App\Controllers\Boards" loaded.
INFO - 2020-04-12 07:18:15 --> Controller "App\Controllers\Institutions" loaded.
INFO - 2020-04-12 07:18:15 --> Fetching Boards details
INFO - 2020-04-12 07:18:15 --> Fetching Institution details
INFO - 2020-04-12 07:18:39 --> Controller "App\Controllers\Boards" loaded.
INFO - 2020-04-12 07:18:40 --> Inserting Boards details
INFO - 2020-04-12 07:18:40 --> Controller "App\Controllers\Boards" loaded.
INFO - 2020-04-12 07:18:40 --> Fetching Boards details
INFO - 2020-04-12 07:20:52 --> Controller "App\Controllers\Boards" loaded.
INFO - 2020-04-12 07:20:52 --> Deleting Boards details
INFO - 2020-04-12 07:20:52 --> Controller "App\Controllers\Boards" loaded.
INFO - 2020-04-12 07:20:52 --> Fetching Boards details
INFO - 2020-04-12 07:21:01 --> Controller "App\Controllers\Boards" loaded.
INFO - 2020-04-12 07:21:01 --> Controller "App\Controllers\Institutions" loaded.
INFO - 2020-04-12 07:21:01 --> Fetching Institution details
INFO - 2020-04-12 07:21:01 --> Fetching Boards details
INFO - 2020-04-12 07:21:26 --> Controller "App\Controllers\Boards" loaded.
INFO - 2020-04-12 07:21:26 --> Inserting Boards details
INFO - 2020-04-12 07:21:27 --> Controller "App\Controllers\Boards" loaded.
INFO - 2020-04-12 07:21:27 --> Fetching Boards details
INFO - 2020-04-12 07:26:32 --> Controller "App\Controllers\Boards" loaded.
INFO - 2020-04-12 07:26:32 --> Controller "App\Controllers\Institutions" loaded.
INFO - 2020-04-12 07:26:32 --> Fetching Institution details
INFO - 2020-04-12 07:26:32 --> Fetching Boards details
INFO - 2020-04-12 07:27:02 --> Controller "App\Controllers\Institutions" loaded.
INFO - 2020-04-12 07:27:02 --> Controller "App\Controllers\Boards" loaded.
INFO - 2020-04-12 07:27:02 --> Fetching Boards details
INFO - 2020-04-12 07:27:02 --> Fetching Institution details
INFO - 2020-04-12 07:27:55 --> Controller "App\Controllers\Boards" loaded.
INFO - 2020-04-12 07:27:55 --> Controller "App\Controllers\Institutions" loaded.
INFO - 2020-04-12 07:27:56 --> Fetching Boards details
INFO - 2020-04-12 07:27:56 --> Fetching Institution details
INFO - 2020-04-12 07:28:04 --> Controller "App\Controllers\Boards" loaded.
INFO - 2020-04-12 07:28:04 --> Updating Boards details
INFO - 2020-04-12 07:31:10 --> Controller "App\Controllers\Boards" loaded.
INFO - 2020-04-12 07:31:10 --> Controller "App\Controllers\Institutions" loaded.
INFO - 2020-04-12 07:31:10 --> Controller "App\Controllers\Sections" loaded.
INFO - 2020-04-12 07:31:10 --> Controller "App\Controllers\Standards" loaded.
INFO - 2020-04-12 07:31:10 --> Fetching Boards details
INFO - 2020-04-12 07:31:10 --> Fetching Institution details
INFO - 2020-04-12 07:31:11 --> Fetching Sections details
INFO - 2020-04-12 07:31:11 --> Fetching Standards details
INFO - 2020-04-12 07:31:20 --> Controller "App\Controllers\Standards" loaded.
INFO - 2020-04-12 07:31:20 --> Controller "App\Controllers\Institutions" loaded.
INFO - 2020-04-12 07:31:20 --> Controller "App\Controllers\Boards" loaded.
INFO - 2020-04-12 07:31:20 --> Controller "App\Controllers\Sections" loaded.
INFO - 2020-04-12 07:31:20 --> Fetching Boards details
INFO - 2020-04-12 07:31:20 --> Fetching Standards details
INFO - 2020-04-12 07:31:20 --> Fetching Institution details
INFO - 2020-04-12 07:31:20 --> Fetching Sections details
INFO - 2020-04-12 07:31:31 --> Controller "App\Controllers\Boards" loaded.
INFO - 2020-04-12 07:31:31 --> Controller "App\Controllers\Institutions" loaded.
INFO - 2020-04-12 07:31:31 --> Fetching Boards details
INFO - 2020-04-12 07:31:31 --> Fetching Institution details
INFO - 2020-04-12 07:31:41 --> Controller "App\Controllers\Boards" loaded.
INFO - 2020-04-12 07:31:41 --> Deleting Boards details
INFO - 2020-04-12 07:31:41 --> Controller "App\Controllers\Boards" loaded.
INFO - 2020-04-12 07:31:41 --> Fetching Boards details
INFO - 2020-04-12 07:38:39 --> Controller "App\Controllers\Institutions" loaded.
INFO - 2020-04-12 07:38:39 --> Controller "App\Controllers\Boards" loaded.
INFO - 2020-04-12 07:38:40 --> Fetching Institution details
INFO - 2020-04-12 07:38:40 --> Fetching Boards details
INFO - 2020-04-12 07:38:47 --> Controller "App\Controllers\Institutions" loaded.
INFO - 2020-04-12 07:38:47 --> Controller "App\Controllers\Boards" loaded.
INFO - 2020-04-12 07:38:47 --> Fetching Institution details
INFO - 2020-04-12 07:38:47 --> Fetching Boards details
INFO - 2020-04-12 07:41:54 --> Controller "App\Controllers\Institutions" loaded.
INFO - 2020-04-12 07:41:54 --> Controller "App\Controllers\Boards" loaded.
INFO - 2020-04-12 07:41:54 --> Fetching Boards details
INFO - 2020-04-12 07:41:54 --> Fetching Institution details
INFO - 2020-04-12 07:42:34 --> Controller "App\Controllers\Institutions" loaded.
INFO - 2020-04-12 07:42:34 --> Controller "App\Controllers\Boards" loaded.
INFO - 2020-04-12 07:42:34 --> Fetching Institution details
INFO - 2020-04-12 07:42:34 --> Fetching Boards details
INFO - 2020-04-12 07:42:49 --> Controller "App\Controllers\Rooms" loaded.
INFO - 2020-04-12 07:42:49 --> Fetching room details
INFO - 2020-04-12 07:42:59 --> Controller "App\Controllers\Rooms" loaded.
INFO - 2020-04-12 07:42:59 --> inserting room details
INFO - 2020-04-12 07:43:01 --> Controller "App\Controllers\Rooms" loaded.
INFO - 2020-04-12 07:43:01 --> Fetching room details
INFO - 2020-04-12 07:48:38 --> Controller "App\Controllers\Rooms" loaded.
INFO - 2020-04-12 07:48:39 --> updating room details
INFO - 2020-04-12 08:05:53 --> Controller "App\Controllers\Standards" loaded.
INFO - 2020-04-12 08:05:53 --> Controller "App\Controllers\Boards" loaded.
INFO - 2020-04-12 08:05:53 --> Controller "App\Controllers\Institutions" loaded.
INFO - 2020-04-12 08:05:53 --> Controller "App\Controllers\Standards" loaded.
INFO - 2020-04-12 08:05:53 --> Controller "App\Controllers\Standards" loaded.
INFO - 2020-04-12 08:05:56 --> Fetching Boards details
INFO - 2020-04-12 08:05:56 --> Fetching Institution details
INFO - 2020-04-12 08:05:56 --> Fetching Standards details
INFO - 2020-04-12 08:05:56 --> Fetching Standards details
INFO - 2020-04-12 08:05:56 --> Fetching Standards details
INFO - 2020-04-12 08:07:16 --> Controller "App\Controllers\Standards" loaded.
INFO - 2020-04-12 08:07:16 --> Inserting Standards details
INFO - 2020-04-12 08:07:17 --> Controller "App\Controllers\Standards" loaded.
INFO - 2020-04-12 08:07:17 --> Fetching Standards details
INFO - 2020-04-12 08:11:32 --> Controller "App\Controllers\Standards" loaded.
INFO - 2020-04-12 08:11:32 --> Controller "App\Controllers\Boards" loaded.
INFO - 2020-04-12 08:11:32 --> Controller "App\Controllers\Standards" loaded.
INFO - 2020-04-12 08:11:32 --> Controller "App\Controllers\Standards" loaded.
INFO - 2020-04-12 08:11:32 --> Controller "App\Controllers\Institutions" loaded.
INFO - 2020-04-12 08:11:33 --> Fetching Institution details
INFO - 2020-04-12 08:11:33 --> Fetching Standards details
INFO - 2020-04-12 08:11:33 --> Fetching Standards details
INFO - 2020-04-12 08:11:33 --> Fetching Boards details
INFO - 2020-04-12 08:11:33 --> Fetching Standards details
INFO - 2020-04-12 08:11:39 --> Controller "App\Controllers\Boards" loaded.
INFO - 2020-04-12 08:11:39 --> Controller "App\Controllers\Institutions" loaded.
INFO - 2020-04-12 08:11:39 --> Fetching Institution details
INFO - 2020-04-12 08:11:39 --> Fetching Boards details
INFO - 2020-04-12 08:11:42 --> Controller "App\Controllers\Boards" loaded.
INFO - 2020-04-12 08:11:42 --> Controller "App\Controllers\Standards" loaded.
INFO - 2020-04-12 08:11:42 --> Controller "App\Controllers\Standards" loaded.
INFO - 2020-04-12 08:11:42 --> Controller "App\Controllers\Institutions" loaded.
INFO - 2020-04-12 08:11:42 --> Controller "App\Controllers\Standards" loaded.
INFO - 2020-04-12 08:11:42 --> Fetching Standards details
INFO - 2020-04-12 08:11:42 --> Fetching Institution details
INFO - 2020-04-12 08:11:42 --> Fetching Boards details
INFO - 2020-04-12 08:11:42 --> Fetching Standards details
INFO - 2020-04-12 08:11:42 --> Fetching Standards details
INFO - 2020-04-12 08:13:08 --> Controller "App\Controllers\Standards" loaded.
INFO - 2020-04-12 08:13:08 --> Deleting Standards details
INFO - 2020-04-12 08:13:08 --> Controller "App\Controllers\Standards" loaded.
INFO - 2020-04-12 08:13:08 --> Fetching Standards details
INFO - 2020-04-12 08:13:13 --> Controller "App\Controllers\Institutions" loaded.
INFO - 2020-04-12 08:13:13 --> Controller "App\Controllers\Standards" loaded.
INFO - 2020-04-12 08:13:13 --> Controller "App\Controllers\Boards" loaded.
INFO - 2020-04-12 08:13:13 --> Controller "App\Controllers\Standards" loaded.
INFO - 2020-04-12 08:13:13 --> Controller "App\Controllers\Standards" loaded.
INFO - 2020-04-12 08:13:13 --> Fetching Boards details
INFO - 2020-04-12 08:13:13 --> Fetching Institution details
INFO - 2020-04-12 08:13:13 --> Fetching Standards details
INFO - 2020-04-12 08:13:13 --> Fetching Standards details
INFO - 2020-04-12 08:13:13 --> Fetching Standards details
INFO - 2020-04-12 08:13:16 --> Controller "App\Controllers\Institutions" loaded.
INFO - 2020-04-12 08:13:16 --> Fetching Institution details
INFO - 2020-04-12 08:13:16 --> Controller "App\Controllers\Boards" loaded.
INFO - 2020-04-12 08:13:16 --> Fetching Boards details
INFO - 2020-04-12 08:13:19 --> Controller "App\Controllers\Standards" loaded.
INFO - 2020-04-12 08:13:19 --> Controller "App\Controllers\Standards" loaded.
INFO - 2020-04-12 08:13:19 --> Controller "App\Controllers\Boards" loaded.
INFO - 2020-04-12 08:13:19 --> Controller "App\Controllers\Institutions" loaded.
INFO - 2020-04-12 08:13:19 --> Controller "App\Controllers\Standards" loaded.
INFO - 2020-04-12 08:13:19 --> Fetching Boards details
INFO - 2020-04-12 08:13:19 --> Fetching Institution details
INFO - 2020-04-12 08:13:19 --> Fetching Standards details
INFO - 2020-04-12 08:13:19 --> Fetching Standards details
INFO - 2020-04-12 08:13:19 --> Fetching Standards details
INFO - 2020-04-12 08:19:52 --> Controller "App\Controllers\Institutions" loaded.
INFO - 2020-04-12 08:19:52 --> Controller "App\Controllers\Standards" loaded.
INFO - 2020-04-12 08:19:52 --> Controller "App\Controllers\Boards" loaded.
INFO - 2020-04-12 08:19:52 --> Controller "App\Controllers\Standards" loaded.
INFO - 2020-04-12 08:19:52 --> Controller "App\Controllers\Standards" loaded.
INFO - 2020-04-12 08:19:53 --> Fetching Boards details
INFO - 2020-04-12 08:19:53 --> Fetching Standards details
INFO - 2020-04-12 08:19:53 --> Fetching Standards details
INFO - 2020-04-12 08:19:53 --> Fetching Standards details
INFO - 2020-04-12 08:19:53 --> Fetching Institution details
INFO - 2020-04-12 08:20:58 --> Controller "App\Controllers\Standards" loaded.
INFO - 2020-04-12 08:20:58 --> Deleting Standards details
INFO - 2020-04-12 08:20:58 --> Controller "App\Controllers\Standards" loaded.
INFO - 2020-04-12 08:20:58 --> Fetching Standards details
INFO - 2020-04-12 08:22:34 --> Controller "App\Controllers\Standards" loaded.
INFO - 2020-04-12 08:22:34 --> Controller "App\Controllers\Standards" loaded.
INFO - 2020-04-12 08:22:34 --> Controller "App\Controllers\Standards" loaded.
INFO - 2020-04-12 08:22:34 --> Controller "App\Controllers\Institutions" loaded.
INFO - 2020-04-12 08:22:35 --> Controller "App\Controllers\Boards" loaded.
INFO - 2020-04-12 08:22:35 --> Fetching Boards details
INFO - 2020-04-12 08:22:35 --> Fetching Standards details
INFO - 2020-04-12 08:22:35 --> Fetching Standards details
INFO - 2020-04-12 08:22:35 --> Fetching Institution details
INFO - 2020-04-12 08:22:35 --> Fetching Standards details
INFO - 2020-04-12 08:23:13 --> Controller "App\Controllers\Boards" loaded.
INFO - 2020-04-12 08:23:13 --> Controller "App\Controllers\Institutions" loaded.
INFO - 2020-04-12 08:23:13 --> Controller "App\Controllers\Standards" loaded.
INFO - 2020-04-12 08:23:14 --> Controller "App\Controllers\Standards" loaded.
INFO - 2020-04-12 08:23:14 --> Controller "App\Controllers\Standards" loaded.
INFO - 2020-04-12 08:23:14 --> Fetching Institution details
INFO - 2020-04-12 08:23:14 --> Fetching Standards details
INFO - 2020-04-12 08:23:14 --> Fetching Boards details
INFO - 2020-04-12 08:23:14 --> Fetching Standards details
INFO - 2020-04-12 08:23:14 --> Fetching Standards details
INFO - 2020-04-12 08:23:23 --> Controller "App\Controllers\Institutions" loaded.
INFO - 2020-04-12 08:23:23 --> Controller "App\Controllers\Boards" loaded.
INFO - 2020-04-12 08:23:23 --> Controller "App\Controllers\Standards" loaded.
INFO - 2020-04-12 08:23:23 --> Controller "App\Controllers\Sections" loaded.
INFO - 2020-04-12 08:23:24 --> Fetching Boards details
INFO - 2020-04-12 08:23:24 --> Fetching Standards details
INFO - 2020-04-12 08:23:24 --> Fetching Institution details
INFO - 2020-04-12 08:23:24 --> Fetching Sections details
