INFO - 2020-06-27 02:16:59 --> Controller "App\Controllers\Users" loaded.
INFO - 2020-06-27 02:16:59 --> Fetching Users details
INFO - 2020-06-27 02:17:04 --> Controller "App\Controllers\Users" loaded.
INFO - 2020-06-27 02:17:04 --> Fetching Users details
INFO - 2020-06-27 02:22:46 --> Controller "App\Controllers\FeesMasters" loaded.
INFO - 2020-06-27 02:22:46 --> Controller "App\Controllers\Students" loaded.
INFO - 2020-06-27 02:22:46 --> Controller "App\Controllers\Sections" loaded.
INFO - 2020-06-27 02:22:46 --> Controller "App\Controllers\FeeDashboard" loaded.
INFO - 2020-06-27 02:22:46 --> Controller "App\Controllers\Sections" loaded.
INFO - 2020-06-27 02:22:46 --> Fetching FeeMaster details
INFO - 2020-06-27 02:22:46 --> Controller "App\Controllers\Categories" loaded.
INFO - 2020-06-27 02:22:46 --> Fetching FeeDashboardDetails details
INFO - 2020-06-27 02:22:46 --> Fetching Sections details
INFO - 2020-06-27 02:22:46 --> Fetching All Leave details
INFO - 2020-06-27 02:22:46 --> Fetching Category details
INFO - 2020-06-27 02:22:46 --> Fetching Sections details
INFO - 2020-06-27 02:22:46 --> Controller "App\Controllers\Boards" loaded.
INFO - 2020-06-27 02:22:46 --> Fetching Boards details
INFO - 2020-06-27 02:23:14 --> Controller "App\Controllers\FeesMasters" loaded.
INFO - 2020-06-27 02:23:14 --> Fetching FeeMaster details
INFO - 2020-06-27 02:24:24 --> Controller "App\Controllers\FeesMasters" loaded.
INFO - 2020-06-27 02:24:24 --> Controller "App\Controllers\Sections" loaded.
INFO - 2020-06-27 02:24:24 --> Controller "App\Controllers\Categories" loaded.
INFO - 2020-06-27 02:24:24 --> Controller "App\Controllers\Sections" loaded.
INFO - 2020-06-27 02:24:24 --> Controller "App\Controllers\Students" loaded.
INFO - 2020-06-27 02:24:24 --> Controller "App\Controllers\FeeDashboard" loaded.
INFO - 2020-06-27 02:24:24 --> Fetching FeeMaster details
INFO - 2020-06-27 02:24:24 --> Fetching Category details
INFO - 2020-06-27 02:24:24 --> Fetching All Leave details
INFO - 2020-06-27 02:24:24 --> Fetching FeeDashboardDetails details
INFO - 2020-06-27 02:24:24 --> Fetching Sections details
INFO - 2020-06-27 02:24:24 --> Fetching Sections details
INFO - 2020-06-27 02:24:25 --> Controller "App\Controllers\Boards" loaded.
INFO - 2020-06-27 02:24:25 --> Fetching Boards details
INFO - 2020-06-27 02:26:19 --> Controller "App\Controllers\Sections" loaded.
INFO - 2020-06-27 02:26:19 --> Controller "App\Controllers\Students" loaded.
INFO - 2020-06-27 02:26:19 --> Fetching Sections details
INFO - 2020-06-27 02:26:19 --> Fetching All Leave details
INFO - 2020-06-27 02:27:55 --> Controller "App\Controllers\SubjectMasters" loaded.
INFO - 2020-06-27 02:27:55 --> Fetching SubjectMasters details
INFO - 2020-06-27 02:27:55 --> Controller "App\Controllers\Sections" loaded.
INFO - 2020-06-27 02:27:55 --> Controller "App\Controllers\Staffs" loaded.
INFO - 2020-06-27 02:27:55 --> Fetching Sections details
INFO - 2020-06-27 02:27:56 --> Fetching All Leave details
INFO - 2020-06-27 02:29:18 --> Controller "App\Controllers\Sections" loaded.
INFO - 2020-06-27 02:29:18 --> Controller "App\Controllers\Students" loaded.
INFO - 2020-06-27 02:29:18 --> Fetching Sections details
INFO - 2020-06-27 02:29:18 --> Fetching All Leave details
INFO - 2020-06-27 09:15:50 --> Controller "App\Controllers\Sections" loaded.
INFO - 2020-06-27 09:15:50 --> Controller "App\Controllers\Students" loaded.
INFO - 2020-06-27 09:15:50 --> Fetching All Leave details
INFO - 2020-06-27 09:15:50 --> Fetching Sections details
INFO - 2020-06-27 09:22:17 --> Controller "App\Controllers\Sections" loaded.
INFO - 2020-06-27 09:22:17 --> Fetching Sections details
INFO - 2020-06-27 09:23:23 --> Controller "App\Controllers\Sections" loaded.
INFO - 2020-06-27 09:23:23 --> Fetching Sections details
INFO - 2020-06-27 09:23:23 --> Controller "App\Controllers\Boards" loaded.
INFO - 2020-06-27 09:23:23 --> Fetching Boards details
INFO - 2020-06-27 09:23:23 --> Controller "App\Controllers\Events" loaded.
INFO - 2020-06-27 09:23:23 --> Fetching Events Details details
INFO - 2020-06-27 09:23:23 --> Controller "App\Controllers\Events" loaded.
INFO - 2020-06-27 09:23:23 --> Fetching Event details
INFO - 2020-06-27 09:23:23 --> Controller "App\Controllers\Events" loaded.
INFO - 2020-06-27 09:23:23 --> Fetching Events Details details
INFO - 2020-06-27 09:23:41 --> Controller "App\Controllers\Sections" loaded.
INFO - 2020-06-27 09:23:41 --> Fetching Sections details
INFO - 2020-06-27 09:27:41 --> Controller "App\Controllers\Sections" loaded.
INFO - 2020-06-27 09:27:41 --> Fetching Sections details
INFO - 2020-06-27 09:27:42 --> Controller "App\Controllers\Students" loaded.
INFO - 2020-06-27 09:27:42 --> Fetching All Leave details
INFO - 2020-06-27 09:28:43 --> Controller "App\Controllers\Sections" loaded.
INFO - 2020-06-27 09:28:43 --> Fetching Sections details
INFO - 2020-06-27 09:29:23 --> Controller "App\Controllers\SubjectMasters" loaded.
INFO - 2020-06-27 09:29:23 --> Fetching SubjectMasters details
INFO - 2020-06-27 09:29:23 --> Controller "App\Controllers\Sections" loaded.
INFO - 2020-06-27 09:29:23 --> Fetching Sections details
INFO - 2020-06-27 09:29:23 --> Controller "App\Controllers\Staffs" loaded.
INFO - 2020-06-27 09:29:23 --> Fetching All Leave details
INFO - 2020-06-27 09:33:51 --> Controller "App\Controllers\Sections" loaded.
INFO - 2020-06-27 09:33:51 --> Fetching Sections details
INFO - 2020-06-27 09:33:51 --> Controller "App\Controllers\MessageGroups" loaded.
INFO - 2020-06-27 09:33:51 --> Fetching MessageGroups details
INFO - 2020-06-27 09:33:51 --> Controller "App\Controllers\Dashboards" loaded.
INFO - 2020-06-27 09:33:51 --> Fetching Dashboard details
INFO - 2020-06-27 09:33:51 --> Controller "App\Controllers\Boards" loaded.
INFO - 2020-06-27 09:33:51 --> Fetching Boards details
INFO - 2020-06-27 09:33:51 --> Controller "App\Controllers\Students" loaded.
INFO - 2020-06-27 09:33:51 --> Fetching All Leave details
INFO - 2020-06-27 09:33:51 --> Controller "App\Controllers\MessageCenter" loaded.
INFO - 2020-06-27 09:33:51 --> Fetching MessageCenter details
INFO - 2020-06-27 09:33:55 --> Controller "App\Controllers\Sections" loaded.
INFO - 2020-06-27 09:33:55 --> Fetching Sections details
INFO - 2020-06-27 09:34:05 --> Controller "App\Controllers\Boards" loaded.
INFO - 2020-06-27 09:34:05 --> Fetching Boards details
INFO - 2020-06-27 09:34:05 --> Controller "App\Controllers\Sections" loaded.
INFO - 2020-06-27 09:34:05 --> Fetching Sections details
INFO - 2020-06-27 09:34:05 --> Controller "App\Controllers\Assignments" loaded.
INFO - 2020-06-27 09:34:05 --> Fetching Assignments Details details
INFO - 2020-06-27 09:34:06 --> Controller "App\Controllers\SubjectStandards" loaded.
INFO - 2020-06-27 09:34:06 --> Fetching Subjects details
INFO - 2020-06-27 09:34:06 --> Controller "App\Controllers\Assignments" loaded.
INFO - 2020-06-27 09:34:06 --> Fetching Assignments details
INFO - 2020-06-27 09:34:06 --> Controller "App\Controllers\Assignments" loaded.
INFO - 2020-06-27 09:34:06 --> Fetching Assignments Id details
INFO - 2020-06-27 09:34:06 --> Controller "App\Controllers\Assignments" loaded.
INFO - 2020-06-27 20:04:06 --> Fetching Assignments Mapped Id details
INFO - 2020-06-27 09:34:06 --> Controller "App\Controllers\Assignments" loaded.
INFO - 2020-06-27 09:34:06 --> Fetching Assignments Grade details
INFO - 2020-06-27 09:34:06 --> Controller "App\Controllers\Sections" loaded.
INFO - 2020-06-27 09:34:06 --> Fetching Sections details
INFO - 2020-06-27 09:34:06 --> Controller "App\Controllers\Assignments" loaded.
INFO - 2020-06-27 09:34:06 --> Fetching Assignments Details details
INFO - 2020-06-27 09:34:09 --> Controller "App\Controllers\Staffs" loaded.
INFO - 2020-06-27 09:34:09 --> Fetching All Leave details
INFO - 2020-06-27 09:34:09 --> Controller "App\Controllers\SubjectStandards" loaded.
INFO - 2020-06-27 09:34:09 --> Fetching Subjects details
INFO - 2020-06-27 09:34:09 --> Controller "App\Controllers\Assignments" loaded.
INFO - 2020-06-27 09:34:09 --> Fetching Assignments details
INFO - 2020-06-27 10:35:00 --> Controller "App\Controllers\Boards" loaded.
INFO - 2020-06-27 10:35:00 --> Fetching Boards details
INFO - 2020-06-27 10:35:00 --> Controller "App\Controllers\Sections" loaded.
INFO - 2020-06-27 10:35:00 --> Fetching Sections details
INFO - 2020-06-27 10:35:00 --> Controller "App\Controllers\Assignments" loaded.
INFO - 2020-06-27 10:35:00 --> Fetching Assignments Details details
INFO - 2020-06-27 10:35:00 --> Controller "App\Controllers\SubjectStandards" loaded.
INFO - 2020-06-27 10:35:00 --> Fetching Subjects details
INFO - 2020-06-27 10:35:00 --> Controller "App\Controllers\Assignments" loaded.
INFO - 2020-06-27 10:35:00 --> Fetching Assignments details
INFO - 2020-06-27 10:35:00 --> Controller "App\Controllers\Assignments" loaded.
INFO - 2020-06-27 10:35:00 --> Fetching Assignments Id details
INFO - 2020-06-27 10:35:00 --> Controller "App\Controllers\Assignments" loaded.
INFO - 2020-06-27 21:05:00 --> Fetching Assignments Mapped Id details
INFO - 2020-06-27 10:35:00 --> Controller "App\Controllers\Assignments" loaded.
INFO - 2020-06-27 10:35:00 --> Fetching Assignments Grade details
INFO - 2020-06-27 10:35:00 --> Controller "App\Controllers\Sections" loaded.
INFO - 2020-06-27 10:35:00 --> Fetching Sections details
INFO - 2020-06-27 10:35:00 --> Controller "App\Controllers\Assignments" loaded.
INFO - 2020-06-27 10:35:00 --> Fetching Assignments Details details
INFO - 2020-06-27 10:35:53 --> Controller "App\Controllers\SubjectMasters" loaded.
INFO - 2020-06-27 10:35:53 --> Fetching SubjectMasters details
INFO - 2020-06-27 10:35:53 --> Controller "App\Controllers\Sections" loaded.
INFO - 2020-06-27 10:35:53 --> Controller "App\Controllers\Staffs" loaded.
INFO - 2020-06-27 10:35:53 --> Fetching All Leave details
INFO - 2020-06-27 10:35:53 --> Fetching Sections details
INFO - 2020-06-27 10:36:05 --> Controller "App\Controllers\Sections" loaded.
INFO - 2020-06-27 10:36:05 --> Controller "App\Controllers\Boards" loaded.
INFO - 2020-06-27 10:36:05 --> Controller "App\Controllers\Assignments" loaded.
INFO - 2020-06-27 10:36:05 --> Fetching Boards details
INFO - 2020-06-27 10:36:05 --> Fetching Assignments Details details
INFO - 2020-06-27 10:36:05 --> Controller "App\Controllers\SubjectStandards" loaded.
INFO - 2020-06-27 10:36:05 --> Fetching Sections details
INFO - 2020-06-27 10:36:05 --> Controller "App\Controllers\Assignments" loaded.
INFO - 2020-06-27 10:36:05 --> Fetching Assignments details
INFO - 2020-06-27 10:36:05 --> Fetching Subjects details
INFO - 2020-06-27 10:36:05 --> Controller "App\Controllers\Assignments" loaded.
INFO - 2020-06-27 10:36:05 --> Fetching Assignments Id details
INFO - 2020-06-27 10:36:05 --> Controller "App\Controllers\Assignments" loaded.
INFO - 2020-06-27 21:06:05 --> Fetching Assignments Mapped Id details
INFO - 2020-06-27 10:36:05 --> Controller "App\Controllers\Assignments" loaded.
INFO - 2020-06-27 10:36:05 --> Fetching Assignments Grade details
INFO - 2020-06-27 10:36:05 --> Controller "App\Controllers\Sections" loaded.
INFO - 2020-06-27 10:36:05 --> Fetching Sections details
INFO - 2020-06-27 10:36:05 --> Controller "App\Controllers\Assignments" loaded.
INFO - 2020-06-27 10:36:05 --> Fetching Assignments Details details
INFO - 2020-06-27 10:38:26 --> Controller "App\Controllers\FeesMasters" loaded.
INFO - 2020-06-27 10:38:26 --> Fetching FeeMaster details
INFO - 2020-06-27 10:38:26 --> Controller "App\Controllers\Sections" loaded.
INFO - 2020-06-27 10:38:26 --> Fetching Sections details
INFO - 2020-06-27 10:38:26 --> Controller "App\Controllers\Students" loaded.
INFO - 2020-06-27 10:38:26 --> Controller "App\Controllers\Sections" loaded.
INFO - 2020-06-27 10:38:26 --> Fetching All Leave details
INFO - 2020-06-27 10:38:26 --> Controller "App\Controllers\Categories" loaded.
INFO - 2020-06-27 10:38:26 --> Controller "App\Controllers\FeeDashboard" loaded.
INFO - 2020-06-27 10:38:26 --> Fetching Category details
INFO - 2020-06-27 10:38:26 --> Fetching Sections details
INFO - 2020-06-27 10:38:26 --> Fetching FeeDashboardDetails details
INFO - 2020-06-27 10:38:26 --> Controller "App\Controllers\Boards" loaded.
INFO - 2020-06-27 10:38:26 --> Fetching Boards details
INFO - 2020-06-27 10:38:53 --> Controller "App\Controllers\FeesMasters" loaded.
INFO - 2020-06-27 10:38:53 --> Fetching FeeMaster details
INFO - 2020-06-27 10:38:53 --> Controller "App\Controllers\Sections" loaded.
INFO - 2020-06-27 10:38:53 --> Fetching Sections details
INFO - 2020-06-27 10:38:53 --> Controller "App\Controllers\Students" loaded.
INFO - 2020-06-27 10:38:53 --> Fetching All Leave details
INFO - 2020-06-27 10:38:53 --> Controller "App\Controllers\Categories" loaded.
INFO - 2020-06-27 10:38:53 --> Fetching Category details
INFO - 2020-06-27 10:38:53 --> Controller "App\Controllers\Sections" loaded.
INFO - 2020-06-27 10:38:53 --> Fetching Sections details
INFO - 2020-06-27 10:38:53 --> Controller "App\Controllers\FeeDashboard" loaded.
INFO - 2020-06-27 10:38:53 --> Fetching FeeDashboardDetails details
INFO - 2020-06-27 10:38:53 --> Controller "App\Controllers\Boards" loaded.
INFO - 2020-06-27 10:38:53 --> Fetching Boards details
INFO - 2020-06-27 10:40:53 --> Controller "App\Controllers\FeesMasters" loaded.
INFO - 2020-06-27 10:40:53 --> Controller "App\Controllers\Sections" loaded.
INFO - 2020-06-27 10:40:53 --> Fetching FeeMaster details
INFO - 2020-06-27 10:40:53 --> Fetching Sections details
INFO - 2020-06-27 10:40:53 --> Controller "App\Controllers\Students" loaded.
INFO - 2020-06-27 10:40:53 --> Fetching All Leave details
INFO - 2020-06-27 10:40:53 --> Controller "App\Controllers\Categories" loaded.
INFO - 2020-06-27 10:40:53 --> Fetching Category details
INFO - 2020-06-27 10:40:53 --> Controller "App\Controllers\Sections" loaded.
INFO - 2020-06-27 10:40:53 --> Fetching Sections details
INFO - 2020-06-27 10:40:53 --> Controller "App\Controllers\FeeDashboard" loaded.
INFO - 2020-06-27 10:40:53 --> Fetching FeeDashboardDetails details
INFO - 2020-06-27 10:40:54 --> Controller "App\Controllers\Boards" loaded.
INFO - 2020-06-27 10:40:54 --> Fetching Boards details
INFO - 2020-06-27 10:45:24 --> Controller "App\Controllers\Sections" loaded.
INFO - 2020-06-27 10:45:24 --> Fetching Sections details
INFO - 2020-06-27 10:45:24 --> Controller "App\Controllers\MessageGroups" loaded.
INFO - 2020-06-27 10:45:24 --> Fetching MessageGroups details
INFO - 2020-06-27 10:45:24 --> Controller "App\Controllers\Dashboards" loaded.
INFO - 2020-06-27 10:45:24 --> Fetching Dashboard details
INFO - 2020-06-27 10:45:24 --> Controller "App\Controllers\Students" loaded.
INFO - 2020-06-27 10:45:24 --> Controller "App\Controllers\Boards" loaded.
INFO - 2020-06-27 10:45:24 --> Fetching All Leave details
INFO - 2020-06-27 10:45:24 --> Fetching Boards details
INFO - 2020-06-27 10:45:24 --> Controller "App\Controllers\MessageCenter" loaded.
INFO - 2020-06-27 10:45:24 --> Fetching MessageCenter details
INFO - 2020-06-27 10:45:26 --> Controller "App\Controllers\Sections" loaded.
INFO - 2020-06-27 10:45:26 --> Fetching Sections details
INFO - 2020-06-27 10:45:26 --> Controller "App\Controllers\MessageGroups" loaded.
INFO - 2020-06-27 10:45:26 --> Fetching MessageGroups details
INFO - 2020-06-27 10:46:29 --> Controller "App\Controllers\Sections" loaded.
INFO - 2020-06-27 10:46:29 --> Controller "App\Controllers\MessageGroups" loaded.
INFO - 2020-06-27 10:46:29 --> Fetching Sections details
INFO - 2020-06-27 10:46:29 --> Controller "App\Controllers\Dashboards" loaded.
INFO - 2020-06-27 10:46:29 --> Fetching MessageGroups details
INFO - 2020-06-27 10:46:29 --> Fetching Dashboard details
INFO - 2020-06-27 10:46:29 --> Controller "App\Controllers\Boards" loaded.
INFO - 2020-06-27 10:46:29 --> Fetching Boards details
INFO - 2020-06-27 10:46:29 --> Controller "App\Controllers\Students" loaded.
INFO - 2020-06-27 10:46:29 --> Fetching All Leave details
INFO - 2020-06-27 10:46:29 --> Controller "App\Controllers\MessageCenter" loaded.
INFO - 2020-06-27 10:46:29 --> Fetching MessageCenter details
INFO - 2020-06-27 10:50:03 --> Controller "App\Controllers\Sections" loaded.
INFO - 2020-06-27 10:50:03 --> Fetching Sections details
INFO - 2020-06-27 10:50:03 --> Controller "App\Controllers\MessageGroups" loaded.
INFO - 2020-06-27 10:50:03 --> Fetching MessageGroups details
INFO - 2020-06-27 10:55:19 --> Controller "App\Controllers\Sections" loaded.
INFO - 2020-06-27 10:55:19 --> Fetching Sections details
INFO - 2020-06-27 10:55:19 --> Controller "App\Controllers\MessageGroups" loaded.
INFO - 2020-06-27 10:55:19 --> Fetching MessageGroups details
INFO - 2020-06-27 10:55:19 --> Controller "App\Controllers\Dashboards" loaded.
INFO - 2020-06-27 10:55:19 --> Fetching Dashboard details
INFO - 2020-06-27 10:55:19 --> Controller "App\Controllers\Boards" loaded.
INFO - 2020-06-27 10:55:19 --> Fetching Boards details
INFO - 2020-06-27 10:55:20 --> Controller "App\Controllers\Students" loaded.
INFO - 2020-06-27 10:55:20 --> Fetching All Leave details
INFO - 2020-06-27 10:55:20 --> Controller "App\Controllers\MessageCenter" loaded.
INFO - 2020-06-27 10:55:20 --> Fetching MessageCenter details
INFO - 2020-06-27 10:55:22 --> Controller "App\Controllers\Sections" loaded.
INFO - 2020-06-27 10:55:22 --> Controller "App\Controllers\MessageGroups" loaded.
INFO - 2020-06-27 10:55:22 --> Fetching MessageGroups details
INFO - 2020-06-27 10:55:22 --> Fetching Sections details
INFO - 2020-06-27 10:59:26 --> Controller "App\Controllers\Sections" loaded.
INFO - 2020-06-27 10:59:26 --> Fetching Sections details
INFO - 2020-06-27 10:59:26 --> Controller "App\Controllers\MessageGroups" loaded.
INFO - 2020-06-27 10:59:26 --> Fetching MessageGroups details
INFO - 2020-06-27 10:59:26 --> Controller "App\Controllers\Dashboards" loaded.
INFO - 2020-06-27 10:59:26 --> Controller "App\Controllers\Boards" loaded.
INFO - 2020-06-27 10:59:26 --> Fetching Boards details
INFO - 2020-06-27 10:59:26 --> Controller "App\Controllers\Students" loaded.
INFO - 2020-06-27 10:59:26 --> Fetching Dashboard details
INFO - 2020-06-27 10:59:26 --> Fetching All Leave details
INFO - 2020-06-27 10:59:26 --> Controller "App\Controllers\MessageCenter" loaded.
INFO - 2020-06-27 10:59:26 --> Fetching MessageCenter details
INFO - 2020-06-27 11:00:05 --> Controller "App\Controllers\Sections" loaded.
INFO - 2020-06-27 11:00:05 --> Controller "App\Controllers\MessageGroups" loaded.
INFO - 2020-06-27 11:00:05 --> Fetching Sections details
INFO - 2020-06-27 11:00:05 --> Fetching MessageGroups details
INFO - 2020-06-27 11:04:08 --> Controller "App\Controllers\MessageGroups" loaded.
INFO - 2020-06-27 11:04:08 --> Controller "App\Controllers\Sections" loaded.
INFO - 2020-06-27 11:04:08 --> Fetching MessageGroups details
INFO - 2020-06-27 11:04:08 --> Fetching Sections details
INFO - 2020-06-27 11:04:08 --> Controller "App\Controllers\Dashboards" loaded.
INFO - 2020-06-27 11:04:08 --> Fetching Dashboard details
INFO - 2020-06-27 11:04:08 --> Controller "App\Controllers\Boards" loaded.
INFO - 2020-06-27 11:04:08 --> Fetching Boards details
INFO - 2020-06-27 11:04:08 --> Controller "App\Controllers\Students" loaded.
INFO - 2020-06-27 11:04:08 --> Fetching All Leave details
INFO - 2020-06-27 11:04:08 --> Controller "App\Controllers\MessageCenter" loaded.
INFO - 2020-06-27 11:04:08 --> Fetching MessageCenter details
INFO - 2020-06-27 11:04:51 --> Controller "App\Controllers\Sections" loaded.
INFO - 2020-06-27 11:04:51 --> Fetching Sections details
INFO - 2020-06-27 11:04:51 --> Controller "App\Controllers\MessageGroups" loaded.
INFO - 2020-06-27 11:04:51 --> Fetching MessageGroups details
INFO - 2020-06-27 11:06:04 --> Controller "App\Controllers\Sections" loaded.
INFO - 2020-06-27 11:06:04 --> Fetching Sections details
INFO - 2020-06-27 11:06:04 --> Controller "App\Controllers\MessageGroups" loaded.
INFO - 2020-06-27 11:06:04 --> Fetching MessageGroups details
INFO - 2020-06-27 11:06:04 --> Controller "App\Controllers\Dashboards" loaded.
INFO - 2020-06-27 11:06:04 --> Fetching Dashboard details
INFO - 2020-06-27 11:06:04 --> Controller "App\Controllers\Boards" loaded.
INFO - 2020-06-27 11:06:04 --> Fetching Boards details
INFO - 2020-06-27 11:06:04 --> Controller "App\Controllers\Students" loaded.
INFO - 2020-06-27 11:06:04 --> Fetching All Leave details
INFO - 2020-06-27 11:06:04 --> Controller "App\Controllers\MessageCenter" loaded.
INFO - 2020-06-27 11:06:04 --> Fetching MessageCenter details
INFO - 2020-06-27 11:06:06 --> Controller "App\Controllers\Sections" loaded.
INFO - 2020-06-27 11:06:06 --> Fetching Sections details
INFO - 2020-06-27 11:06:06 --> Controller "App\Controllers\MessageGroups" loaded.
INFO - 2020-06-27 11:06:06 --> Fetching MessageGroups details
INFO - 2020-06-27 11:07:04 --> Controller "App\Controllers\Sections" loaded.
INFO - 2020-06-27 11:07:04 --> Controller "App\Controllers\MessageGroups" loaded.
INFO - 2020-06-27 11:07:04 --> Fetching Sections details
INFO - 2020-06-27 11:07:04 --> Fetching MessageGroups details
INFO - 2020-06-27 11:07:04 --> Controller "App\Controllers\Dashboards" loaded.
INFO - 2020-06-27 11:07:04 --> Fetching Dashboard details
INFO - 2020-06-27 11:07:04 --> Controller "App\Controllers\Boards" loaded.
INFO - 2020-06-27 11:07:04 --> Controller "App\Controllers\Students" loaded.
INFO - 2020-06-27 11:07:04 --> Fetching Boards details
INFO - 2020-06-27 11:07:04 --> Fetching All Leave details
INFO - 2020-06-27 11:07:04 --> Controller "App\Controllers\MessageCenter" loaded.
INFO - 2020-06-27 11:07:04 --> Fetching MessageCenter details
INFO - 2020-06-27 11:07:08 --> Controller "App\Controllers\Sections" loaded.
INFO - 2020-06-27 11:07:08 --> Fetching Sections details
INFO - 2020-06-27 11:07:08 --> Controller "App\Controllers\MessageGroups" loaded.
INFO - 2020-06-27 11:07:08 --> Fetching MessageGroups details
INFO - 2020-06-27 11:07:55 --> Controller "App\Controllers\Sections" loaded.
INFO - 2020-06-27 11:07:55 --> Controller "App\Controllers\MessageGroups" loaded.
INFO - 2020-06-27 11:07:55 --> Fetching Sections details
INFO - 2020-06-27 11:07:55 --> Fetching MessageGroups details
INFO - 2020-06-27 11:07:55 --> Controller "App\Controllers\Dashboards" loaded.
INFO - 2020-06-27 11:07:55 --> Controller "App\Controllers\Boards" loaded.
INFO - 2020-06-27 11:07:55 --> Fetching Dashboard details
INFO - 2020-06-27 11:07:55 --> Fetching Boards details
INFO - 2020-06-27 11:07:55 --> Controller "App\Controllers\Students" loaded.
INFO - 2020-06-27 11:07:55 --> Fetching All Leave details
INFO - 2020-06-27 11:07:56 --> Controller "App\Controllers\MessageCenter" loaded.
INFO - 2020-06-27 11:07:56 --> Fetching MessageCenter details
INFO - 2020-06-27 11:07:57 --> Controller "App\Controllers\Sections" loaded.
INFO - 2020-06-27 11:07:57 --> Fetching Sections details
INFO - 2020-06-27 11:07:57 --> Controller "App\Controllers\MessageGroups" loaded.
INFO - 2020-06-27 11:07:57 --> Fetching MessageGroups details
INFO - 2020-06-27 11:07:59 --> Controller "App\Controllers\MessageGroups" loaded.
INFO - 2020-06-27 11:07:59 --> Fetching MessageGroups details
INFO - 2020-06-27 11:37:56 --> Controller "App\Controllers\Sections" loaded.
INFO - 2020-06-27 11:37:56 --> Fetching Sections details
INFO - 2020-06-27 11:37:56 --> Controller "App\Controllers\MessageGroups" loaded.
INFO - 2020-06-27 11:37:56 --> Fetching MessageGroups details
INFO - 2020-06-27 11:37:56 --> Controller "App\Controllers\Dashboards" loaded.
INFO - 2020-06-27 11:37:56 --> Fetching Dashboard details
INFO - 2020-06-27 11:37:56 --> Controller "App\Controllers\Boards" loaded.
INFO - 2020-06-27 11:37:56 --> Fetching Boards details
INFO - 2020-06-27 11:37:56 --> Controller "App\Controllers\Students" loaded.
INFO - 2020-06-27 11:37:56 --> Fetching All Leave details
INFO - 2020-06-27 11:37:57 --> Controller "App\Controllers\MessageCenter" loaded.
INFO - 2020-06-27 11:37:57 --> Fetching MessageCenter details
INFO - 2020-06-27 11:38:11 --> Controller "App\Controllers\Sections" loaded.
INFO - 2020-06-27 11:38:11 --> Fetching Sections details
INFO - 2020-06-27 11:38:11 --> Controller "App\Controllers\MessageGroups" loaded.
INFO - 2020-06-27 11:38:11 --> Fetching MessageGroups details
INFO - 2020-06-27 11:42:10 --> Controller "App\Controllers\Sections" loaded.
INFO - 2020-06-27 11:42:10 --> Fetching Sections details
INFO - 2020-06-27 11:42:10 --> Controller "App\Controllers\MessageGroups" loaded.
INFO - 2020-06-27 11:42:10 --> Fetching MessageGroups details
INFO - 2020-06-27 11:42:10 --> Controller "App\Controllers\Dashboards" loaded.
INFO - 2020-06-27 11:42:10 --> Fetching Dashboard details
INFO - 2020-06-27 11:42:10 --> Controller "App\Controllers\Boards" loaded.
INFO - 2020-06-27 11:42:10 --> Fetching Boards details
INFO - 2020-06-27 11:42:10 --> Controller "App\Controllers\Students" loaded.
INFO - 2020-06-27 11:42:10 --> Fetching All Leave details
INFO - 2020-06-27 11:42:10 --> Controller "App\Controllers\MessageCenter" loaded.
INFO - 2020-06-27 11:42:10 --> Fetching MessageCenter details
INFO - 2020-06-27 11:42:13 --> Controller "App\Controllers\Sections" loaded.
INFO - 2020-06-27 11:42:13 --> Fetching Sections details
INFO - 2020-06-27 11:42:13 --> Controller "App\Controllers\MessageGroups" loaded.
INFO - 2020-06-27 11:42:13 --> Fetching MessageGroups details
INFO - 2020-06-27 11:44:08 --> Controller "App\Controllers\MessageGroups" loaded.
INFO - 2020-06-27 11:44:08 --> Fetching MessageGroups details
INFO - 2020-06-27 11:44:53 --> Controller "App\Controllers\MessageGroups" loaded.
INFO - 2020-06-27 11:44:53 --> Controller "App\Controllers\Dashboards" loaded.
INFO - 2020-06-27 11:44:53 --> Controller "App\Controllers\Students" loaded.
INFO - 2020-06-27 11:44:53 --> Controller "App\Controllers\Sections" loaded.
INFO - 2020-06-27 11:44:53 --> Controller "App\Controllers\Boards" loaded.
INFO - 2020-06-27 11:44:53 --> Fetching Dashboard details
INFO - 2020-06-27 11:44:53 --> Fetching Boards details
INFO - 2020-06-27 11:44:53 --> Fetching Sections details
INFO - 2020-06-27 11:44:53 --> Fetching All Leave details
INFO - 2020-06-27 11:44:53 --> Fetching MessageGroups details
INFO - 2020-06-27 11:44:54 --> Controller "App\Controllers\MessageCenter" loaded.
INFO - 2020-06-27 11:44:54 --> Fetching MessageCenter details
INFO - 2020-06-27 11:45:15 --> Controller "App\Controllers\MessageGroups" loaded.
INFO - 2020-06-27 11:45:15 --> Controller "App\Controllers\Sections" loaded.
INFO - 2020-06-27 11:45:15 --> Fetching MessageGroups details
INFO - 2020-06-27 11:45:15 --> Fetching Sections details
INFO - 2020-06-27 11:49:16 --> Controller "App\Controllers\Sections" loaded.
INFO - 2020-06-27 11:49:16 --> Fetching Sections details
INFO - 2020-06-27 11:49:16 --> Controller "App\Controllers\MessageGroups" loaded.
INFO - 2020-06-27 11:49:16 --> Fetching MessageGroups details
INFO - 2020-06-27 11:49:16 --> Controller "App\Controllers\Dashboards" loaded.
INFO - 2020-06-27 11:49:16 --> Fetching Dashboard details
INFO - 2020-06-27 11:49:16 --> Controller "App\Controllers\Boards" loaded.
INFO - 2020-06-27 11:49:16 --> Fetching Boards details
INFO - 2020-06-27 11:49:16 --> Controller "App\Controllers\Students" loaded.
INFO - 2020-06-27 11:49:16 --> Fetching All Leave details
INFO - 2020-06-27 11:49:16 --> Controller "App\Controllers\MessageCenter" loaded.
INFO - 2020-06-27 11:49:16 --> Fetching MessageCenter details
INFO - 2020-06-27 11:49:18 --> Controller "App\Controllers\Sections" loaded.
INFO - 2020-06-27 11:49:18 --> Fetching Sections details
INFO - 2020-06-27 11:49:18 --> Controller "App\Controllers\MessageGroups" loaded.
INFO - 2020-06-27 11:49:18 --> Fetching MessageGroups details
INFO - 2020-06-27 11:52:58 --> Controller "App\Controllers\Sections" loaded.
INFO - 2020-06-27 11:52:58 --> Controller "App\Controllers\Dashboards" loaded.
INFO - 2020-06-27 11:52:58 --> Controller "App\Controllers\MessageGroups" loaded.
INFO - 2020-06-27 11:52:58 --> Fetching MessageGroups details
INFO - 2020-06-27 11:52:58 --> Fetching Sections details
INFO - 2020-06-27 11:52:58 --> Fetching Dashboard details
INFO - 2020-06-27 11:52:58 --> Controller "App\Controllers\Boards" loaded.
INFO - 2020-06-27 11:52:58 --> Fetching Boards details
INFO - 2020-06-27 11:52:58 --> Controller "App\Controllers\Students" loaded.
INFO - 2020-06-27 11:52:58 --> Fetching All Leave details
INFO - 2020-06-27 11:53:12 --> Controller "App\Controllers\Sections" loaded.
INFO - 2020-06-27 11:53:12 --> Controller "App\Controllers\MessageCenter" loaded.
INFO - 2020-06-27 11:53:12 --> Fetching Sections details
INFO - 2020-06-27 11:53:12 --> Fetching MessageCenter details
INFO - 2020-06-27 11:53:12 --> Controller "App\Controllers\MessageGroups" loaded.
INFO - 2020-06-27 11:53:12 --> Fetching MessageGroups details
INFO - 2020-06-27 11:56:22 --> Controller "App\Controllers\Sections" loaded.
INFO - 2020-06-27 11:56:22 --> Controller "App\Controllers\MessageGroups" loaded.
INFO - 2020-06-27 11:56:22 --> Controller "App\Controllers\Dashboards" loaded.
INFO - 2020-06-27 11:56:22 --> Fetching MessageGroups details
INFO - 2020-06-27 11:56:22 --> Fetching Sections details
INFO - 2020-06-27 11:56:22 --> Fetching Dashboard details
INFO - 2020-06-27 11:56:22 --> Controller "App\Controllers\Students" loaded.
INFO - 2020-06-27 11:56:22 --> Controller "App\Controllers\Boards" loaded.
INFO - 2020-06-27 11:56:22 --> Fetching Boards details
INFO - 2020-06-27 11:56:22 --> Fetching All Leave details
INFO - 2020-06-27 11:56:22 --> Controller "App\Controllers\MessageCenter" loaded.
INFO - 2020-06-27 11:56:22 --> Fetching MessageCenter details
INFO - 2020-06-27 11:56:25 --> Controller "App\Controllers\Sections" loaded.
INFO - 2020-06-27 11:56:25 --> Fetching Sections details
INFO - 2020-06-27 11:56:25 --> Controller "App\Controllers\MessageGroups" loaded.
INFO - 2020-06-27 11:56:25 --> Fetching MessageGroups details
INFO - 2020-06-27 11:57:50 --> Controller "App\Controllers\Sections" loaded.
INFO - 2020-06-27 11:57:50 --> Controller "App\Controllers\MessageGroups" loaded.
INFO - 2020-06-27 11:57:50 --> Fetching Sections details
INFO - 2020-06-27 11:57:50 --> Controller "App\Controllers\Boards" loaded.
INFO - 2020-06-27 11:57:50 --> Controller "App\Controllers\Dashboards" loaded.
INFO - 2020-06-27 11:57:50 --> Fetching Boards details
INFO - 2020-06-27 11:57:50 --> Fetching MessageGroups details
INFO - 2020-06-27 11:57:50 --> Fetching Dashboard details
INFO - 2020-06-27 11:57:50 --> Controller "App\Controllers\Students" loaded.
INFO - 2020-06-27 11:57:50 --> Fetching All Leave details
INFO - 2020-06-27 11:57:50 --> Controller "App\Controllers\MessageCenter" loaded.
INFO - 2020-06-27 11:57:50 --> Fetching MessageCenter details
INFO - 2020-06-27 11:59:21 --> Controller "App\Controllers\Sections" loaded.
INFO - 2020-06-27 11:59:21 --> Controller "App\Controllers\MessageGroups" loaded.
INFO - 2020-06-27 11:59:21 --> Fetching Sections details
INFO - 2020-06-27 11:59:21 --> Fetching MessageGroups details
INFO - 2020-06-27 12:00:17 --> Controller "App\Controllers\Sections" loaded.
INFO - 2020-06-27 12:00:17 --> Controller "App\Controllers\MessageGroups" loaded.
INFO - 2020-06-27 12:00:17 --> Fetching Sections details
INFO - 2020-06-27 12:00:17 --> Fetching MessageGroups details
INFO - 2020-06-27 12:00:17 --> Controller "App\Controllers\Boards" loaded.
INFO - 2020-06-27 12:00:17 --> Controller "App\Controllers\Students" loaded.
INFO - 2020-06-27 12:00:17 --> Fetching Boards details
INFO - 2020-06-27 12:00:17 --> Fetching All Leave details
INFO - 2020-06-27 12:00:17 --> Controller "App\Controllers\Dashboards" loaded.
INFO - 2020-06-27 12:00:17 --> Fetching Dashboard details
INFO - 2020-06-27 12:00:17 --> Controller "App\Controllers\MessageCenter" loaded.
INFO - 2020-06-27 12:00:17 --> Fetching MessageCenter details
INFO - 2020-06-27 12:00:21 --> Controller "App\Controllers\Sections" loaded.
INFO - 2020-06-27 12:00:21 --> Fetching Sections details
INFO - 2020-06-27 12:00:21 --> Controller "App\Controllers\MessageGroups" loaded.
INFO - 2020-06-27 12:00:21 --> Fetching MessageGroups details
INFO - 2020-06-27 12:02:12 --> Controller "App\Controllers\Sections" loaded.
INFO - 2020-06-27 12:02:12 --> Fetching Sections details
INFO - 2020-06-27 12:02:12 --> Controller "App\Controllers\MessageGroups" loaded.
INFO - 2020-06-27 12:02:12 --> Fetching MessageGroups details
INFO - 2020-06-27 12:02:12 --> Controller "App\Controllers\Dashboards" loaded.
INFO - 2020-06-27 12:02:12 --> Controller "App\Controllers\Boards" loaded.
INFO - 2020-06-27 12:02:12 --> Controller "App\Controllers\Students" loaded.
INFO - 2020-06-27 12:02:12 --> Fetching Dashboard details
INFO - 2020-06-27 12:02:12 --> Fetching All Leave details
INFO - 2020-06-27 12:02:12 --> Fetching Boards details
INFO - 2020-06-27 12:02:13 --> Controller "App\Controllers\MessageCenter" loaded.
INFO - 2020-06-27 12:02:13 --> Fetching MessageCenter details
INFO - 2020-06-27 12:02:18 --> Controller "App\Controllers\Sections" loaded.
INFO - 2020-06-27 12:02:18 --> Fetching Sections details
INFO - 2020-06-27 12:02:18 --> Controller "App\Controllers\MessageGroups" loaded.
INFO - 2020-06-27 12:02:18 --> Fetching MessageGroups details
INFO - 2020-06-27 12:03:10 --> Controller "App\Controllers\Sections" loaded.
INFO - 2020-06-27 12:03:10 --> Fetching Sections details
INFO - 2020-06-27 12:03:10 --> Controller "App\Controllers\MessageGroups" loaded.
INFO - 2020-06-27 12:03:10 --> Fetching MessageGroups details
INFO - 2020-06-27 12:03:10 --> Controller "App\Controllers\Dashboards" loaded.
INFO - 2020-06-27 12:03:10 --> Fetching Dashboard details
INFO - 2020-06-27 12:03:10 --> Controller "App\Controllers\Boards" loaded.
INFO - 2020-06-27 12:03:10 --> Fetching Boards details
INFO - 2020-06-27 12:03:10 --> Controller "App\Controllers\Students" loaded.
INFO - 2020-06-27 12:03:10 --> Fetching All Leave details
INFO - 2020-06-27 12:03:11 --> Controller "App\Controllers\MessageCenter" loaded.
INFO - 2020-06-27 12:03:11 --> Fetching MessageCenter details
INFO - 2020-06-27 12:03:31 --> Controller "App\Controllers\Sections" loaded.
INFO - 2020-06-27 12:03:31 --> Fetching Sections details
INFO - 2020-06-27 12:03:31 --> Controller "App\Controllers\MessageGroups" loaded.
INFO - 2020-06-27 12:03:31 --> Fetching MessageGroups details
INFO - 2020-06-27 12:06:12 --> Controller "App\Controllers\Sections" loaded.
INFO - 2020-06-27 12:06:12 --> Fetching Sections details
INFO - 2020-06-27 12:06:12 --> Controller "App\Controllers\MessageGroups" loaded.
INFO - 2020-06-27 12:06:12 --> Fetching MessageGroups details
INFO - 2020-06-27 12:06:12 --> Controller "App\Controllers\Dashboards" loaded.
INFO - 2020-06-27 12:06:12 --> Fetching Dashboard details
INFO - 2020-06-27 12:06:12 --> Controller "App\Controllers\Boards" loaded.
INFO - 2020-06-27 12:06:12 --> Controller "App\Controllers\Students" loaded.
INFO - 2020-06-27 12:06:12 --> Fetching Boards details
INFO - 2020-06-27 12:06:12 --> Fetching All Leave details
INFO - 2020-06-27 12:06:12 --> Controller "App\Controllers\MessageCenter" loaded.
INFO - 2020-06-27 12:06:12 --> Fetching MessageCenter details
INFO - 2020-06-27 12:06:23 --> Controller "App\Controllers\Sections" loaded.
INFO - 2020-06-27 12:06:23 --> Fetching Sections details
INFO - 2020-06-27 12:06:23 --> Controller "App\Controllers\MessageGroups" loaded.
INFO - 2020-06-27 12:06:23 --> Fetching MessageGroups details
INFO - 2020-06-27 12:09:23 --> Controller "App\Controllers\Sections" loaded.
INFO - 2020-06-27 12:09:23 --> Controller "App\Controllers\MessageGroups" loaded.
INFO - 2020-06-27 12:09:23 --> Fetching Sections details
INFO - 2020-06-27 12:09:23 --> Fetching MessageGroups details
INFO - 2020-06-27 12:09:23 --> Controller "App\Controllers\Dashboards" loaded.
INFO - 2020-06-27 12:09:23 --> Fetching Dashboard details
INFO - 2020-06-27 12:09:23 --> Controller "App\Controllers\Students" loaded.
INFO - 2020-06-27 12:09:23 --> Controller "App\Controllers\Boards" loaded.
INFO - 2020-06-27 12:09:23 --> Fetching Boards details
INFO - 2020-06-27 12:09:23 --> Fetching All Leave details
INFO - 2020-06-27 12:09:23 --> Controller "App\Controllers\MessageCenter" loaded.
INFO - 2020-06-27 12:09:23 --> Fetching MessageCenter details
INFO - 2020-06-27 12:09:56 --> Controller "App\Controllers\Sections" loaded.
INFO - 2020-06-27 12:09:56 --> Fetching Sections details
INFO - 2020-06-27 12:09:56 --> Controller "App\Controllers\MessageGroups" loaded.
INFO - 2020-06-27 12:09:56 --> Fetching MessageGroups details
INFO - 2020-06-27 12:11:08 --> Controller "App\Controllers\MessageGroups" loaded.
INFO - 2020-06-27 12:11:08 --> Controller "App\Controllers\Sections" loaded.
INFO - 2020-06-27 12:11:08 --> Controller "App\Controllers\Dashboards" loaded.
INFO - 2020-06-27 12:11:08 --> Fetching MessageGroups details
INFO - 2020-06-27 12:11:08 --> Fetching Sections details
INFO - 2020-06-27 12:11:08 --> Fetching Dashboard details
INFO - 2020-06-27 12:11:08 --> Controller "App\Controllers\Boards" loaded.
INFO - 2020-06-27 12:11:08 --> Fetching Boards details
INFO - 2020-06-27 12:11:08 --> Controller "App\Controllers\Students" loaded.
INFO - 2020-06-27 12:11:08 --> Fetching All Leave details
INFO - 2020-06-27 12:11:08 --> Controller "App\Controllers\MessageCenter" loaded.
INFO - 2020-06-27 12:11:08 --> Fetching MessageCenter details
INFO - 2020-06-27 12:11:10 --> Controller "App\Controllers\Sections" loaded.
INFO - 2020-06-27 12:11:10 --> Fetching Sections details
INFO - 2020-06-27 12:11:10 --> Controller "App\Controllers\MessageGroups" loaded.
INFO - 2020-06-27 12:11:10 --> Fetching MessageGroups details
INFO - 2020-06-27 12:11:58 --> Controller "App\Controllers\MessageGroups" loaded.
INFO - 2020-06-27 12:11:58 --> Controller "App\Controllers\Sections" loaded.
INFO - 2020-06-27 12:11:58 --> Fetching Sections details
INFO - 2020-06-27 12:11:58 --> Fetching MessageGroups details
INFO - 2020-06-27 12:11:58 --> Controller "App\Controllers\Boards" loaded.
INFO - 2020-06-27 12:11:58 --> Controller "App\Controllers\Dashboards" loaded.
INFO - 2020-06-27 12:11:58 --> Fetching Boards details
INFO - 2020-06-27 12:11:58 --> Controller "App\Controllers\Students" loaded.
INFO - 2020-06-27 12:11:58 --> Fetching Dashboard details
INFO - 2020-06-27 12:11:58 --> Fetching All Leave details
INFO - 2020-06-27 12:11:58 --> Controller "App\Controllers\MessageCenter" loaded.
INFO - 2020-06-27 12:11:58 --> Fetching MessageCenter details
INFO - 2020-06-27 12:12:19 --> Controller "App\Controllers\Sections" loaded.
INFO - 2020-06-27 12:12:19 --> Controller "App\Controllers\MessageGroups" loaded.
INFO - 2020-06-27 12:12:19 --> Fetching Sections details
INFO - 2020-06-27 12:12:19 --> Fetching MessageGroups details
INFO - 2020-06-27 12:16:18 --> Controller "App\Controllers\Sections" loaded.
INFO - 2020-06-27 12:16:18 --> Fetching Sections details
INFO - 2020-06-27 12:16:18 --> Controller "App\Controllers\MessageGroups" loaded.
INFO - 2020-06-27 12:16:18 --> Fetching MessageGroups details
INFO - 2020-06-27 12:16:18 --> Controller "App\Controllers\Dashboards" loaded.
INFO - 2020-06-27 12:16:18 --> Fetching Dashboard details
INFO - 2020-06-27 12:16:18 --> Controller "App\Controllers\Boards" loaded.
INFO - 2020-06-27 12:16:18 --> Fetching Boards details
INFO - 2020-06-27 12:16:18 --> Controller "App\Controllers\Students" loaded.
INFO - 2020-06-27 12:16:18 --> Fetching All Leave details
INFO - 2020-06-27 12:16:18 --> Controller "App\Controllers\MessageCenter" loaded.
INFO - 2020-06-27 12:16:18 --> Fetching MessageCenter details
INFO - 2020-06-27 12:16:21 --> Controller "App\Controllers\Sections" loaded.
INFO - 2020-06-27 12:16:21 --> Controller "App\Controllers\MessageGroups" loaded.
INFO - 2020-06-27 12:16:21 --> Fetching MessageGroups details
INFO - 2020-06-27 12:16:21 --> Fetching Sections details
INFO - 2020-06-27 12:16:59 --> Controller "App\Controllers\Sections" loaded.
INFO - 2020-06-27 12:16:59 --> Fetching Sections details
INFO - 2020-06-27 12:16:59 --> Controller "App\Controllers\Dashboards" loaded.
INFO - 2020-06-27 12:16:59 --> Controller "App\Controllers\MessageGroups" loaded.
INFO - 2020-06-27 12:16:59 --> Fetching MessageGroups details
INFO - 2020-06-27 12:16:59 --> Fetching Dashboard details
INFO - 2020-06-27 12:16:59 --> Controller "App\Controllers\Students" loaded.
INFO - 2020-06-27 12:16:59 --> Controller "App\Controllers\Boards" loaded.
INFO - 2020-06-27 12:16:59 --> Fetching Boards details
INFO - 2020-06-27 12:16:59 --> Fetching All Leave details
INFO - 2020-06-27 12:16:59 --> Controller "App\Controllers\MessageCenter" loaded.
INFO - 2020-06-27 12:16:59 --> Fetching MessageCenter details
INFO - 2020-06-27 12:17:38 --> Controller "App\Controllers\Sections" loaded.
INFO - 2020-06-27 12:17:38 --> Fetching Sections details
INFO - 2020-06-27 12:17:38 --> Controller "App\Controllers\MessageGroups" loaded.
INFO - 2020-06-27 12:17:38 --> Fetching MessageGroups details
INFO - 2020-06-27 12:17:38 --> Controller "App\Controllers\Dashboards" loaded.
INFO - 2020-06-27 12:17:38 --> Fetching Dashboard details
INFO - 2020-06-27 12:17:38 --> Controller "App\Controllers\Students" loaded.
INFO - 2020-06-27 12:17:38 --> Fetching All Leave details
INFO - 2020-06-27 12:17:38 --> Controller "App\Controllers\Boards" loaded.
INFO - 2020-06-27 12:17:38 --> Fetching Boards details
INFO - 2020-06-27 12:17:39 --> Controller "App\Controllers\MessageCenter" loaded.
INFO - 2020-06-27 12:17:39 --> Fetching MessageCenter details
INFO - 2020-06-27 12:17:40 --> Controller "App\Controllers\Sections" loaded.
INFO - 2020-06-27 12:17:40 --> Fetching Sections details
INFO - 2020-06-27 12:17:40 --> Controller "App\Controllers\MessageGroups" loaded.
INFO - 2020-06-27 12:17:40 --> Fetching MessageGroups details
INFO - 2020-06-27 21:36:54 --> Controller "App\Controllers\Sections" loaded.
INFO - 2020-06-27 21:36:54 --> Controller "App\Controllers\MessageGroups" loaded.
INFO - 2020-06-27 21:36:54 --> Fetching Sections details
INFO - 2020-06-27 21:36:54 --> Fetching MessageGroups details
INFO - 2020-06-27 21:36:54 --> Controller "App\Controllers\Dashboards" loaded.
INFO - 2020-06-27 21:36:54 --> Fetching Dashboard details
INFO - 2020-06-27 21:36:54 --> Controller "App\Controllers\Students" loaded.
INFO - 2020-06-27 21:36:54 --> Controller "App\Controllers\Boards" loaded.
INFO - 2020-06-27 21:36:54 --> Fetching All Leave details
INFO - 2020-06-27 21:36:54 --> Fetching Boards details
INFO - 2020-06-27 21:36:54 --> Controller "App\Controllers\MessageCenter" loaded.
INFO - 2020-06-27 21:36:54 --> Fetching MessageCenter details
INFO - 2020-06-27 21:36:56 --> Controller "App\Controllers\Sections" loaded.
INFO - 2020-06-27 21:36:56 --> Fetching Sections details
INFO - 2020-06-27 21:37:04 --> Controller "App\Controllers\Sections" loaded.
INFO - 2020-06-27 21:37:04 --> Fetching Sections details
INFO - 2020-06-27 21:37:04 --> Controller "App\Controllers\MessageGroups" loaded.
INFO - 2020-06-27 21:37:04 --> Fetching MessageGroups details
INFO - 2020-06-27 21:37:04 --> Controller "App\Controllers\Dashboards" loaded.
INFO - 2020-06-27 21:37:04 --> Fetching Dashboard details
INFO - 2020-06-27 21:37:04 --> Controller "App\Controllers\Boards" loaded.
INFO - 2020-06-27 21:37:04 --> Fetching Boards details
INFO - 2020-06-27 21:37:04 --> Controller "App\Controllers\Students" loaded.
INFO - 2020-06-27 21:37:04 --> Fetching All Leave details
INFO - 2020-06-27 21:37:05 --> Controller "App\Controllers\MessageCenter" loaded.
INFO - 2020-06-27 21:37:05 --> Fetching MessageCenter details
INFO - 2020-06-27 21:37:06 --> Controller "App\Controllers\Sections" loaded.
INFO - 2020-06-27 21:37:06 --> Fetching Sections details
INFO - 2020-06-27 21:37:06 --> Controller "App\Controllers\MessageGroups" loaded.
INFO - 2020-06-27 21:37:06 --> Fetching MessageGroups details
INFO - 2020-06-27 21:38:30 --> Controller "App\Controllers\Sections" loaded.
INFO - 2020-06-27 21:38:30 --> Controller "App\Controllers\MessageGroups" loaded.
INFO - 2020-06-27 21:38:30 --> Fetching Sections details
INFO - 2020-06-27 21:38:30 --> Fetching MessageGroups details
INFO - 2020-06-27 21:38:30 --> Controller "App\Controllers\Dashboards" loaded.
INFO - 2020-06-27 21:38:30 --> Fetching Dashboard details
INFO - 2020-06-27 21:38:30 --> Controller "App\Controllers\Boards" loaded.
INFO - 2020-06-27 21:38:30 --> Fetching Boards details
INFO - 2020-06-27 21:38:30 --> Controller "App\Controllers\Students" loaded.
INFO - 2020-06-27 21:38:30 --> Fetching All Leave details
INFO - 2020-06-27 21:38:30 --> Controller "App\Controllers\MessageCenter" loaded.
INFO - 2020-06-27 21:38:30 --> Fetching MessageCenter details
INFO - 2020-06-27 21:38:32 --> Controller "App\Controllers\Sections" loaded.
INFO - 2020-06-27 21:38:32 --> Fetching Sections details
INFO - 2020-06-27 21:38:32 --> Controller "App\Controllers\MessageGroups" loaded.
INFO - 2020-06-27 21:38:32 --> Fetching MessageGroups details
INFO - 2020-06-27 21:43:45 --> Controller "App\Controllers\Sections" loaded.
INFO - 2020-06-27 21:43:45 --> Controller "App\Controllers\MessageGroups" loaded.
INFO - 2020-06-27 21:43:45 --> Fetching Sections details
INFO - 2020-06-27 21:43:45 --> Fetching MessageGroups details
INFO - 2020-06-27 21:43:45 --> Controller "App\Controllers\Dashboards" loaded.
INFO - 2020-06-27 21:43:45 --> Controller "App\Controllers\Boards" loaded.
INFO - 2020-06-27 21:43:45 --> Fetching Dashboard details
INFO - 2020-06-27 21:43:45 --> Controller "App\Controllers\Students" loaded.
INFO - 2020-06-27 21:43:45 --> Fetching Boards details
INFO - 2020-06-27 21:43:45 --> Fetching All Leave details
INFO - 2020-06-27 21:43:45 --> Controller "App\Controllers\MessageCenter" loaded.
INFO - 2020-06-27 21:43:45 --> Fetching MessageCenter details
INFO - 2020-06-27 21:44:01 --> Controller "App\Controllers\Sections" loaded.
INFO - 2020-06-27 21:44:01 --> Fetching Sections details
INFO - 2020-06-27 21:44:01 --> Controller "App\Controllers\MessageGroups" loaded.
INFO - 2020-06-27 21:44:01 --> Fetching MessageGroups details
INFO - 2020-06-27 21:45:25 --> Controller "App\Controllers\Sections" loaded.
INFO - 2020-06-27 21:45:25 --> Fetching Sections details
INFO - 2020-06-27 21:45:25 --> Controller "App\Controllers\MessageGroups" loaded.
INFO - 2020-06-27 21:45:25 --> Fetching MessageGroups details
INFO - 2020-06-27 21:45:25 --> Controller "App\Controllers\Dashboards" loaded.
INFO - 2020-06-27 21:45:25 --> Controller "App\Controllers\Boards" loaded.
INFO - 2020-06-27 21:45:25 --> Fetching Boards details
INFO - 2020-06-27 21:45:25 --> Fetching Dashboard details
INFO - 2020-06-27 21:45:25 --> Controller "App\Controllers\Students" loaded.
INFO - 2020-06-27 21:45:25 --> Fetching All Leave details
INFO - 2020-06-27 21:45:25 --> Controller "App\Controllers\MessageCenter" loaded.
INFO - 2020-06-27 21:45:25 --> Fetching MessageCenter details
INFO - 2020-06-27 21:45:31 --> Controller "App\Controllers\Sections" loaded.
INFO - 2020-06-27 21:45:31 --> Controller "App\Controllers\MessageGroups" loaded.
INFO - 2020-06-27 21:45:31 --> Fetching Sections details
INFO - 2020-06-27 21:45:31 --> Fetching MessageGroups details
INFO - 2020-06-27 22:34:23 --> Controller "App\Controllers\Sections" loaded.
INFO - 2020-06-27 22:34:23 --> Controller "App\Controllers\MessageGroups" loaded.
INFO - 2020-06-27 22:34:23 --> Fetching MessageGroups details
INFO - 2020-06-27 22:34:23 --> Fetching Sections details
INFO - 2020-06-27 22:34:23 --> Controller "App\Controllers\Dashboards" loaded.
INFO - 2020-06-27 22:34:23 --> Fetching Dashboard details
INFO - 2020-06-27 22:34:23 --> Controller "App\Controllers\Boards" loaded.
INFO - 2020-06-27 22:34:23 --> Fetching Boards details
INFO - 2020-06-27 22:34:23 --> Controller "App\Controllers\Students" loaded.
INFO - 2020-06-27 22:34:23 --> Fetching All Leave details
INFO - 2020-06-27 22:34:23 --> Controller "App\Controllers\MessageCenter" loaded.
INFO - 2020-06-27 22:34:23 --> Fetching MessageCenter details
INFO - 2020-06-27 22:34:25 --> Controller "App\Controllers\Sections" loaded.
INFO - 2020-06-27 22:34:25 --> Fetching Sections details
INFO - 2020-06-27 22:34:25 --> Controller "App\Controllers\MessageGroups" loaded.
INFO - 2020-06-27 22:34:25 --> Fetching MessageGroups details
INFO - 2020-06-27 22:34:26 --> Controller "App\Controllers\MessageGroups" loaded.
INFO - 2020-06-27 22:34:26 --> Fetching MessageGroups details
