INFO - 2021-02-26 09:37:48 --> Controller "App\Controllers\Users" loaded.
INFO - 2021-02-26 09:37:48 --> Fetching All User details
INFO - 2021-02-26 10:21:38 --> Controller "App\Controllers\PricingHistory" loaded.
INFO - 2021-02-26 10:21:38 --> Fetching IIQA Details
INFO - 2021-02-26 10:21:39 --> Controller "App\Controllers\UserMenu" loaded.
INFO - 2021-02-26 10:21:39 --> Fetching IIQA Details
INFO - 2021-02-26 10:21:39 --> Controller "App\Controllers\UserMenu" loaded.
INFO - 2021-02-26 10:21:39 --> Fetching IIQA Details
INFO - 2021-02-26 10:22:11 --> Controller "App\Controllers\UserMenu" loaded.
INFO - 2021-02-26 10:22:13 --> Controller "App\Controllers\UserMenu" loaded.
INFO - 2021-02-26 10:22:13 --> Fetching IIQA Details
INFO - 2021-02-26 10:22:13 --> Controller "App\Controllers\UserMenu" loaded.
INFO - 2021-02-26 10:22:13 --> Fetching IIQA Details
INFO - 2021-02-26 10:22:17 --> Controller "App\Controllers\Users" loaded.
INFO - 2021-02-26 10:22:17 --> Controller "App\Controllers\PricingHistory" loaded.
INFO - 2021-02-26 10:22:17 --> Fetching IIQA Details
INFO - 2021-02-26 10:22:17 --> Fetching All User details
INFO - 2021-02-26 10:22:18 --> Controller "App\Controllers\UserMenu" loaded.
INFO - 2021-02-26 10:22:18 --> Fetching IIQA Details
INFO - 2021-02-26 10:22:18 --> Controller "App\Controllers\UserMenu" loaded.
INFO - 2021-02-26 10:22:18 --> Fetching IIQA Details
INFO - 2021-02-26 10:52:56 --> Controller "App\Controllers\UserMenu" loaded.
INFO - 2021-02-26 10:52:56 --> Fetching IIQA Details
INFO - 2021-02-26 11:36:37 --> Controller "App\Controllers\UserMenu" loaded.
INFO - 2021-02-26 11:36:37 --> Controller "App\Controllers\UserMenu" loaded.
INFO - 2021-02-26 11:36:37 --> Fetching IIQA Details
INFO - 2021-02-26 11:36:37 --> Fetching IIQA Details
INFO - 2021-02-26 11:42:27 --> Controller "App\Controllers\Users" loaded.
INFO - 2021-02-26 11:42:27 --> Fetching All User details
INFO - 2021-02-26 11:43:05 --> Controller "App\Controllers\Users" loaded.
INFO - 2021-02-26 11:43:05 --> Fetching All User details
INFO - 2021-02-26 11:44:15 --> Controller "App\Controllers\PricingHistory" loaded.
INFO - 2021-02-26 11:44:15 --> Fetching IIQA Details
INFO - 2021-02-26 11:44:15 --> Controller "App\Controllers\Users" loaded.
INFO - 2021-02-26 11:44:15 --> Fetching All User details
INFO - 2021-02-26 11:44:21 --> Controller "App\Controllers\UserMenu" loaded.
INFO - 2021-02-26 11:44:21 --> Controller "App\Controllers\UserMenu" loaded.
INFO - 2021-02-26 11:44:21 --> Fetching IIQA Details
INFO - 2021-02-26 11:44:21 --> Fetching IIQA Details
INFO - 2021-02-26 11:44:24 --> Controller "App\Controllers\UserMenu" loaded.
INFO - 2021-02-26 11:44:24 --> Controller "App\Controllers\UserMenu" loaded.
INFO - 2021-02-26 11:44:24 --> Fetching IIQA Details
INFO - 2021-02-26 11:44:24 --> Fetching IIQA Details
INFO - 2021-02-26 11:44:27 --> Controller "App\Controllers\UserMenu" loaded.
INFO - 2021-02-26 11:44:27 --> Controller "App\Controllers\UserMenu" loaded.
INFO - 2021-02-26 11:44:27 --> Fetching IIQA Details
INFO - 2021-02-26 11:44:27 --> Fetching IIQA Details
INFO - 2021-02-26 11:48:42 --> Controller "App\Controllers\UserMenu" loaded.
INFO - 2021-02-26 11:48:42 --> Fetching IIQA Details
INFO - 2021-02-26 11:48:42 --> Controller "App\Controllers\UserMenu" loaded.
INFO - 2021-02-26 11:48:42 --> Fetching IIQA Details
INFO - 2021-02-26 12:11:14 --> Controller "App\Controllers\Users" loaded.
INFO - 2021-02-26 12:11:14 --> Fetching All User details
INFO - 2021-02-26 12:12:11 --> Controller "App\Controllers\PricingHistory" loaded.
INFO - 2021-02-26 12:12:11 --> Fetching IIQA Details
INFO - 2021-02-26 12:12:20 --> Controller "App\Controllers\PricingHistory" loaded.
INFO - 2021-02-26 12:12:20 --> Controller "App\Controllers\Users" loaded.
INFO - 2021-02-26 12:12:20 --> Fetching IIQA Details
INFO - 2021-02-26 12:12:20 --> Fetching All User details
INFO - 2021-02-26 12:12:23 --> Controller "App\Controllers\UserMenu" loaded.
INFO - 2021-02-26 12:12:23 --> Fetching IIQA Details
INFO - 2021-02-26 12:12:23 --> Controller "App\Controllers\UserMenu" loaded.
INFO - 2021-02-26 12:12:23 --> Fetching IIQA Details
INFO - 2021-02-26 12:12:33 --> Controller "App\Controllers\UserMenu" loaded.
INFO - 2021-02-26 12:12:35 --> Controller "App\Controllers\UserMenu" loaded.
INFO - 2021-02-26 12:12:35 --> Fetching IIQA Details
INFO - 2021-02-26 12:15:10 --> Controller "App\Controllers\UserMenu" loaded.
INFO - 2021-02-26 12:15:12 --> Controller "App\Controllers\UserMenu" loaded.
INFO - 2021-02-26 12:15:12 --> Fetching IIQA Details
INFO - 2021-02-26 12:15:12 --> Controller "App\Controllers\UserMenu" loaded.
INFO - 2021-02-26 12:15:12 --> Fetching IIQA Details
INFO - 2021-02-26 12:21:25 --> Controller "App\Controllers\Dashboards" loaded.
INFO - 2021-02-26 12:21:25 --> Fetching Dashboard details
INFO - 2021-02-26 12:21:25 --> Controller "App\Controllers\SchedulePlanner" loaded.
INFO - 2021-02-26 12:21:25 --> Fetching IIQA Details
INFO - 2021-02-26 12:21:27 --> Controller "App\Controllers\PricingHistory" loaded.
INFO - 2021-02-26 12:21:27 --> Controller "App\Controllers\InstituteDetails" loaded.
INFO - 2021-02-26 12:21:27 --> Fetching IIQA Details
INFO - 2021-02-26 12:21:27 --> Fetching IIQA Details
INFO - 2021-02-26 12:21:28 --> Controller "App\Controllers\PricingDetails" loaded.
INFO - 2021-02-26 12:21:28 --> Controller "App\Controllers\PricingDetails" loaded.
INFO - 2021-02-26 12:21:28 --> Fetching IIQA Details
INFO - 2021-02-26 12:21:28 --> Fetching IIQA Details
INFO - 2021-02-26 12:41:07 --> Controller "App\Controllers\Users" loaded.
INFO - 2021-02-26 12:41:07 --> Controller "App\Controllers\Users" loaded.
INFO - 2021-02-26 12:41:07 --> Fetching All User details
INFO - 2021-02-26 12:41:16 --> Controller "App\Controllers\SchedulePlanner" loaded.
INFO - 2021-02-26 12:41:16 --> Controller "App\Controllers\Dashboards" loaded.
INFO - 2021-02-26 12:41:16 --> Fetching IIQA Details
INFO - 2021-02-26 12:41:16 --> Fetching Dashboard details
INFO - 2021-02-26 12:41:17 --> Controller "App\Controllers\PricingHistory" loaded.
INFO - 2021-02-26 12:41:17 --> Fetching IIQA Details
INFO - 2021-02-26 12:41:19 --> Controller "App\Controllers\UserMenu" loaded.
INFO - 2021-02-26 12:41:19 --> Fetching IIQA Details
INFO - 2021-02-26 12:41:19 --> Controller "App\Controllers\UserMenu" loaded.
INFO - 2021-02-26 12:41:19 --> Fetching IIQA Details
INFO - 2021-02-26 12:41:26 --> Controller "App\Controllers\Dashboards" loaded.
INFO - 2021-02-26 12:41:26 --> Fetching Dashboard details
INFO - 2021-02-26 12:41:26 --> Controller "App\Controllers\SchedulePlanner" loaded.
INFO - 2021-02-26 12:41:26 --> Fetching IIQA Details
INFO - 2021-02-26 12:41:29 --> Controller "App\Controllers\PricingHistory" loaded.
INFO - 2021-02-26 12:41:29 --> Fetching IIQA Details
INFO - 2021-02-26 12:41:29 --> Controller "App\Controllers\InstituteDetails" loaded.
INFO - 2021-02-26 12:41:29 --> Fetching IIQA Details
INFO - 2021-02-26 12:41:29 --> Controller "App\Controllers\PricingDetails" loaded.
INFO - 2021-02-26 12:41:29 --> Controller "App\Controllers\PricingDetails" loaded.
INFO - 2021-02-26 12:41:29 --> Fetching IIQA Details
INFO - 2021-02-26 12:41:29 --> Fetching IIQA Details
INFO - 2021-02-26 12:41:49 --> Controller "App\Controllers\PricingHistory" loaded.
INFO - 2021-02-26 12:41:49 --> Fetching IIQA Details
INFO - 2021-02-26 12:42:08 --> Controller "App\Controllers\Dashboards" loaded.
INFO - 2021-02-26 12:42:08 --> Controller "App\Controllers\SchedulePlanner" loaded.
INFO - 2021-02-26 12:42:08 --> Fetching IIQA Details
INFO - 2021-02-26 12:42:08 --> Fetching Dashboard details
INFO - 2021-02-26 12:42:10 --> Controller "App\Controllers\PricingHistory" loaded.
INFO - 2021-02-26 12:42:10 --> Fetching IIQA Details
INFO - 2021-02-26 12:42:10 --> Controller "App\Controllers\InstituteDetails" loaded.
INFO - 2021-02-26 12:42:10 --> Fetching IIQA Details
INFO - 2021-02-26 12:42:10 --> Controller "App\Controllers\PricingDetails" loaded.
INFO - 2021-02-26 12:42:10 --> Controller "App\Controllers\PricingDetails" loaded.
INFO - 2021-02-26 12:42:10 --> Fetching IIQA Details
INFO - 2021-02-26 12:42:10 --> Fetching IIQA Details
INFO - 2021-02-26 12:42:16 --> Controller "App\Controllers\Users" loaded.
INFO - 2021-02-26 12:42:16 --> Fetching All User details
INFO - 2021-02-26 12:42:16 --> Controller "App\Controllers\Dashboards" loaded.
INFO - 2021-02-26 12:42:16 --> Fetching Dashboard details
INFO - 2021-02-26 12:42:31 --> Controller "App\Controllers\InstituteDetails" loaded.
INFO - 2021-02-26 12:42:31 --> Fetching IIQA Details
INFO - 2021-02-26 12:44:28 --> Controller "App\Controllers\Users" loaded.
INFO - 2021-02-26 12:44:28 --> Controller "App\Controllers\Dashboards" loaded.
INFO - 2021-02-26 12:44:28 --> Fetching Dashboard details
INFO - 2021-02-26 12:44:28 --> Fetching All User details
INFO - 2021-02-26 12:44:28 --> Controller "App\Controllers\Users" loaded.
INFO - 2021-02-26 12:44:28 --> Fetching All User details
INFO - 2021-02-26 13:04:42 --> Controller "App\Controllers\PricingHistory" loaded.
INFO - 2021-02-26 13:04:42 --> Controller "App\Controllers\Users" loaded.
INFO - 2021-02-26 13:04:42 --> Fetching IIQA Details
INFO - 2021-02-26 13:04:42 --> Fetching All User details
INFO - 2021-02-26 15:21:27 --> Controller "App\Controllers\UserMenu" loaded.
INFO - 2021-02-26 15:21:27 --> Controller "App\Controllers\UserMenu" loaded.
INFO - 2021-02-26 15:21:27 --> Fetching IIQA Details
INFO - 2021-02-26 15:21:27 --> Fetching IIQA Details
INFO - 2021-02-26 15:21:45 --> Controller "App\Controllers\UserMenu" loaded.
INFO - 2021-02-26 15:21:45 --> Fetching IIQA Details
INFO - 2021-02-26 15:21:45 --> Controller "App\Controllers\UserMenu" loaded.
INFO - 2021-02-26 15:21:45 --> Fetching IIQA Details
INFO - 2021-02-26 15:22:17 --> Controller "App\Controllers\Dashboards" loaded.
INFO - 2021-02-26 15:22:17 --> Controller "App\Controllers\SchedulePlanner" loaded.
INFO - 2021-02-26 15:22:17 --> Fetching IIQA Details
INFO - 2021-02-26 15:22:17 --> Fetching Dashboard details
INFO - 2021-02-26 15:22:18 --> Controller "App\Controllers\PricingHistory" loaded.
INFO - 2021-02-26 15:22:18 --> Fetching IIQA Details
INFO - 2021-02-26 15:22:18 --> Controller "App\Controllers\InstituteDetails" loaded.
INFO - 2021-02-26 15:22:18 --> Fetching IIQA Details
INFO - 2021-02-26 15:22:18 --> Controller "App\Controllers\PricingDetails" loaded.
INFO - 2021-02-26 15:22:18 --> Fetching IIQA Details
INFO - 2021-02-26 15:22:18 --> Controller "App\Controllers\PricingDetails" loaded.
INFO - 2021-02-26 15:22:18 --> Fetching IIQA Details
INFO - 2021-02-26 15:22:30 --> Controller "App\Controllers\InstitutePricingHistory" loaded.
INFO - 2021-02-26 15:22:30 --> Fetching IIQA Details
INFO - 2021-02-26 15:22:33 --> Controller "App\Controllers\InstitutePricingHistory" loaded.
INFO - 2021-02-26 15:22:33 --> Fetching IIQA Details
INFO - 2021-02-26 15:22:34 --> Controller "App\Controllers\InstitutePricingDetails" loaded.
INFO - 2021-02-26 15:22:34 --> Fetching IIQA Details
INFO - 2021-02-26 15:22:36 --> Controller "App\Controllers\InstitutePricingHistory" loaded.
INFO - 2021-02-26 15:22:36 --> Fetching IIQA Details
INFO - 2021-02-26 15:22:38 --> Controller "App\Controllers\InstitutePricingHistory" loaded.
INFO - 2021-02-26 15:22:38 --> Fetching IIQA Details
INFO - 2021-02-26 15:22:44 --> Controller "App\Controllers\InstitutePricingHistory" loaded.
INFO - 2021-02-26 15:22:44 --> Fetching IIQA Details
INFO - 2021-02-26 15:22:46 --> Controller "App\Controllers\InstitutePricingHistory" loaded.
INFO - 2021-02-26 15:22:46 --> Fetching IIQA Details
INFO - 2021-02-26 15:22:47 --> Controller "App\Controllers\InstitutePricingDetails" loaded.
INFO - 2021-02-26 15:22:47 --> Fetching IIQA Details
INFO - 2021-02-26 15:23:25 --> Controller "App\Controllers\InstitutePricingHistory" loaded.
INFO - 2021-02-26 15:23:25 --> Fetching IIQA Details
INFO - 2021-02-26 15:23:26 --> Controller "App\Controllers\InstitutePricingDetails" loaded.
INFO - 2021-02-26 15:23:26 --> Fetching IIQA Details
INFO - 2021-02-26 15:25:56 --> Controller "App\Controllers\PricingHistory" loaded.
INFO - 2021-02-26 15:25:56 --> Fetching IIQA Details
INFO - 2021-02-26 15:25:56 --> Controller "App\Controllers\InstituteDetails" loaded.
INFO - 2021-02-26 15:25:56 --> Fetching IIQA Details
INFO - 2021-02-26 15:25:56 --> Controller "App\Controllers\PricingDetails" loaded.
INFO - 2021-02-26 15:25:56 --> Controller "App\Controllers\PricingDetails" loaded.
INFO - 2021-02-26 15:25:56 --> Fetching IIQA Details
INFO - 2021-02-26 15:25:56 --> Fetching IIQA Details
INFO - 2021-02-26 15:26:45 --> Controller "App\Controllers\PricingHistory" loaded.
INFO - 2021-02-26 15:26:45 --> Fetching IIQA Details
INFO - 2021-02-26 15:26:45 --> Controller "App\Controllers\InstituteDetails" loaded.
INFO - 2021-02-26 15:26:45 --> Fetching IIQA Details
INFO - 2021-02-26 15:26:46 --> Controller "App\Controllers\PricingDetails" loaded.
INFO - 2021-02-26 15:26:46 --> Controller "App\Controllers\PricingDetails" loaded.
INFO - 2021-02-26 15:26:46 --> Fetching IIQA Details
INFO - 2021-02-26 15:26:46 --> Fetching IIQA Details
INFO - 2021-02-26 15:36:02 --> Controller "App\Controllers\InstituteDetails" loaded.
INFO - 2021-02-26 15:36:02 --> Controller "App\Controllers\PricingHistory" loaded.
INFO - 2021-02-26 15:36:02 --> Fetching IIQA Details
INFO - 2021-02-26 15:36:02 --> Fetching IIQA Details
INFO - 2021-02-26 15:36:02 --> Controller "App\Controllers\PricingDetails" loaded.
INFO - 2021-02-26 15:36:02 --> Fetching IIQA Details
INFO - 2021-02-26 15:36:02 --> Controller "App\Controllers\PricingDetails" loaded.
INFO - 2021-02-26 15:36:02 --> Fetching IIQA Details
INFO - 2021-02-26 15:37:08 --> Controller "App\Controllers\InstituteDetails" loaded.
INFO - 2021-02-26 15:37:08 --> Controller "App\Controllers\PricingHistory" loaded.
INFO - 2021-02-26 15:37:08 --> Fetching IIQA Details
INFO - 2021-02-26 15:37:08 --> Fetching IIQA Details
INFO - 2021-02-26 15:37:08 --> Controller "App\Controllers\PricingDetails" loaded.
INFO - 2021-02-26 15:37:08 --> Fetching IIQA Details
INFO - 2021-02-26 15:37:08 --> Controller "App\Controllers\PricingDetails" loaded.
INFO - 2021-02-26 15:37:08 --> Fetching IIQA Details
INFO - 2021-02-26 15:38:14 --> Controller "App\Controllers\PricingHistory" loaded.
INFO - 2021-02-26 15:38:14 --> Fetching IIQA Details
INFO - 2021-02-26 15:38:14 --> Controller "App\Controllers\InstituteDetails" loaded.
INFO - 2021-02-26 15:38:14 --> Fetching IIQA Details
INFO - 2021-02-26 15:38:14 --> Controller "App\Controllers\PricingDetails" loaded.
INFO - 2021-02-26 15:38:14 --> Fetching IIQA Details
INFO - 2021-02-26 15:38:14 --> Controller "App\Controllers\PricingDetails" loaded.
INFO - 2021-02-26 15:38:14 --> Fetching IIQA Details
INFO - 2021-02-26 15:40:12 --> Controller "App\Controllers\Dashboards" loaded.
INFO - 2021-02-26 15:40:12 --> Controller "App\Controllers\SchedulePlanner" loaded.
INFO - 2021-02-26 15:40:12 --> Fetching IIQA Details
INFO - 2021-02-26 15:40:12 --> Fetching Dashboard details
INFO - 2021-02-26 15:40:12 --> Controller "App\Controllers\Users" loaded.
INFO - 2021-02-26 15:40:12 --> Fetching All User details
INFO - 2021-02-26 15:40:14 --> Controller "App\Controllers\PricingHistory" loaded.
INFO - 2021-02-26 15:40:14 --> Controller "App\Controllers\InstituteDetails" loaded.
INFO - 2021-02-26 15:40:14 --> Fetching IIQA Details
INFO - 2021-02-26 15:40:14 --> Fetching IIQA Details
INFO - 2021-02-26 15:40:15 --> Controller "App\Controllers\PricingDetails" loaded.
INFO - 2021-02-26 15:40:15 --> Fetching IIQA Details
INFO - 2021-02-26 15:40:15 --> Controller "App\Controllers\PricingDetails" loaded.
INFO - 2021-02-26 15:40:15 --> Fetching IIQA Details
INFO - 2021-02-26 15:40:40 --> Controller "App\Controllers\Dashboards" loaded.
INFO - 2021-02-26 15:40:40 --> Controller "App\Controllers\SchedulePlanner" loaded.
INFO - 2021-02-26 15:40:40 --> Fetching Dashboard details
INFO - 2021-02-26 15:40:40 --> Fetching IIQA Details
INFO - 2021-02-26 15:40:40 --> Controller "App\Controllers\Users" loaded.
INFO - 2021-02-26 15:40:40 --> Fetching All User details
INFO - 2021-02-26 15:40:41 --> Controller "App\Controllers\PricingHistory" loaded.
INFO - 2021-02-26 15:40:41 --> Fetching IIQA Details
INFO - 2021-02-26 15:40:41 --> Controller "App\Controllers\InstituteDetails" loaded.
INFO - 2021-02-26 15:40:41 --> Fetching IIQA Details
INFO - 2021-02-26 15:40:42 --> Controller "App\Controllers\PricingDetails" loaded.
INFO - 2021-02-26 15:40:42 --> Fetching IIQA Details
INFO - 2021-02-26 15:40:42 --> Controller "App\Controllers\PricingDetails" loaded.
INFO - 2021-02-26 15:40:42 --> Fetching IIQA Details
INFO - 2021-02-26 15:52:00 --> Controller "App\Controllers\InstituteDetails" loaded.
INFO - 2021-02-26 15:52:00 --> Controller "App\Controllers\PricingHistory" loaded.
INFO - 2021-02-26 15:52:00 --> Fetching IIQA Details
INFO - 2021-02-26 15:52:00 --> Fetching IIQA Details
INFO - 2021-02-26 15:52:00 --> Controller "App\Controllers\PricingDetails" loaded.
INFO - 2021-02-26 15:52:00 --> Fetching IIQA Details
INFO - 2021-02-26 15:52:00 --> Controller "App\Controllers\PricingDetails" loaded.
INFO - 2021-02-26 15:52:00 --> Fetching IIQA Details
INFO - 2021-02-26 15:53:25 --> Controller "App\Controllers\InstituteDetails" loaded.
INFO - 2021-02-26 15:53:25 --> Controller "App\Controllers\PricingHistory" loaded.
INFO - 2021-02-26 15:53:25 --> Fetching IIQA Details
INFO - 2021-02-26 15:53:25 --> Fetching IIQA Details
INFO - 2021-02-26 15:53:25 --> Controller "App\Controllers\PricingDetails" loaded.
INFO - 2021-02-26 15:53:25 --> Fetching IIQA Details
INFO - 2021-02-26 15:53:25 --> Controller "App\Controllers\PricingDetails" loaded.
INFO - 2021-02-26 15:53:25 --> Fetching IIQA Details
INFO - 2021-02-26 16:00:16 --> Controller "App\Controllers\Dashboards" loaded.
INFO - 2021-02-26 16:00:16 --> Fetching Dashboard details
INFO - 2021-02-26 16:00:16 --> Controller "App\Controllers\SchedulePlanner" loaded.
INFO - 2021-02-26 16:00:16 --> Fetching IIQA Details
INFO - 2021-02-26 16:00:16 --> Controller "App\Controllers\Users" loaded.
INFO - 2021-02-26 16:00:16 --> Fetching All User details
INFO - 2021-02-26 16:00:17 --> Controller "App\Controllers\PricingHistory" loaded.
INFO - 2021-02-26 16:00:17 --> Fetching IIQA Details
INFO - 2021-02-26 16:00:17 --> Controller "App\Controllers\InstituteDetails" loaded.
INFO - 2021-02-26 16:00:17 --> Fetching IIQA Details
INFO - 2021-02-26 16:00:18 --> Controller "App\Controllers\PricingDetails" loaded.
INFO - 2021-02-26 16:00:18 --> Controller "App\Controllers\PricingDetails" loaded.
INFO - 2021-02-26 16:00:18 --> Fetching IIQA Details
INFO - 2021-02-26 16:00:18 --> Fetching IIQA Details
INFO - 2021-02-26 16:01:03 --> Controller "App\Controllers\InstitutePricingHistory" loaded.
INFO - 2021-02-26 16:01:03 --> Fetching IIQA Details
INFO - 2021-02-26 16:01:04 --> Controller "App\Controllers\InstitutePricingDetails" loaded.
INFO - 2021-02-26 16:01:04 --> Fetching IIQA Details
INFO - 2021-02-26 16:01:28 --> Controller "App\Controllers\InstitutePricingHistory" loaded.
INFO - 2021-02-26 16:01:28 --> Fetching IIQA Details
INFO - 2021-02-26 16:02:25 --> Controller "App\Controllers\Dashboards" loaded.
INFO - 2021-02-26 16:02:25 --> Controller "App\Controllers\SchedulePlanner" loaded.
INFO - 2021-02-26 16:02:25 --> Fetching Dashboard details
INFO - 2021-02-26 16:02:25 --> Fetching IIQA Details
INFO - 2021-02-26 16:02:26 --> Controller "App\Controllers\Users" loaded.
INFO - 2021-02-26 16:02:26 --> Fetching All User details
INFO - 2021-02-26 16:02:27 --> Controller "App\Controllers\PricingHistory" loaded.
INFO - 2021-02-26 16:02:27 --> Fetching IIQA Details
INFO - 2021-02-26 16:02:27 --> Controller "App\Controllers\InstituteDetails" loaded.
INFO - 2021-02-26 16:02:27 --> Fetching IIQA Details
INFO - 2021-02-26 16:02:27 --> Controller "App\Controllers\PricingDetails" loaded.
INFO - 2021-02-26 16:02:27 --> Controller "App\Controllers\PricingDetails" loaded.
INFO - 2021-02-26 16:02:27 --> Fetching IIQA Details
INFO - 2021-02-26 16:02:27 --> Fetching IIQA Details
INFO - 2021-02-26 16:03:09 --> Controller "App\Controllers\Users" loaded.
INFO - 2021-02-26 16:03:09 --> Fetching All User details
INFO - 2021-02-26 16:03:09 --> Controller "App\Controllers\Dashboards" loaded.
INFO - 2021-02-26 16:03:09 --> Fetching Dashboard details
INFO - 2021-02-26 16:03:17 --> Controller "App\Controllers\Dashboards" loaded.
INFO - 2021-02-26 16:03:17 --> Controller "App\Controllers\SchedulePlanner" loaded.
INFO - 2021-02-26 16:03:17 --> Fetching IIQA Details
INFO - 2021-02-26 16:03:17 --> Fetching Dashboard details
INFO - 2021-02-26 16:03:18 --> Controller "App\Controllers\PricingHistory" loaded.
INFO - 2021-02-26 16:03:18 --> Fetching IIQA Details
INFO - 2021-02-26 16:03:20 --> Controller "App\Controllers\UserMenu" loaded.
INFO - 2021-02-26 16:03:20 --> Fetching IIQA Details
INFO - 2021-02-26 16:03:20 --> Controller "App\Controllers\UserMenu" loaded.
INFO - 2021-02-26 16:03:20 --> Fetching IIQA Details
INFO - 2021-02-26 16:03:23 --> Controller "App\Controllers\Dashboards" loaded.
INFO - 2021-02-26 16:03:23 --> Fetching Dashboard details
INFO - 2021-02-26 16:03:23 --> Controller "App\Controllers\SchedulePlanner" loaded.
INFO - 2021-02-26 16:03:23 --> Fetching IIQA Details
INFO - 2021-02-26 16:03:24 --> Controller "App\Controllers\PricingHistory" loaded.
INFO - 2021-02-26 16:03:24 --> Fetching IIQA Details
INFO - 2021-02-26 16:03:24 --> Controller "App\Controllers\InstituteDetails" loaded.
INFO - 2021-02-26 16:03:24 --> Fetching IIQA Details
INFO - 2021-02-26 16:03:25 --> Controller "App\Controllers\PricingDetails" loaded.
INFO - 2021-02-26 16:03:25 --> Controller "App\Controllers\PricingDetails" loaded.
INFO - 2021-02-26 16:03:25 --> Fetching IIQA Details
INFO - 2021-02-26 16:03:25 --> Fetching IIQA Details
INFO - 2021-02-26 16:04:19 --> Controller "App\Controllers\Users" loaded.
INFO - 2021-02-26 16:04:19 --> Fetching All User details
INFO - 2021-02-26 16:04:19 --> Controller "App\Controllers\Dashboards" loaded.
INFO - 2021-02-26 16:04:19 --> Fetching Dashboard details
INFO - 2021-02-26 16:04:44 --> Controller "App\Controllers\InstituteDetails" loaded.
INFO - 2021-02-26 16:04:45 --> Fetching IIQA Details
INFO - 2021-02-26 16:04:53 --> Controller "App\Controllers\PricingHistory" loaded.
INFO - 2021-02-26 16:04:53 --> Fetching IIQA Details
INFO - 2021-02-26 16:04:58 --> Controller "App\Controllers\Dashboards" loaded.
INFO - 2021-02-26 16:04:58 --> Fetching Dashboard details
INFO - 2021-02-26 16:04:58 --> Controller "App\Controllers\SchedulePlanner" loaded.
INFO - 2021-02-26 16:04:58 --> Fetching IIQA Details
INFO - 2021-02-26 16:05:01 --> Controller "App\Controllers\PricingHistory" loaded.
INFO - 2021-02-26 16:05:01 --> Fetching IIQA Details
INFO - 2021-02-26 16:05:01 --> Controller "App\Controllers\InstituteDetails" loaded.
INFO - 2021-02-26 16:05:01 --> Fetching IIQA Details
INFO - 2021-02-26 16:05:01 --> Controller "App\Controllers\PricingDetails" loaded.
INFO - 2021-02-26 16:05:01 --> Controller "App\Controllers\PricingDetails" loaded.
INFO - 2021-02-26 16:05:01 --> Fetching IIQA Details
INFO - 2021-02-26 16:05:01 --> Fetching IIQA Details
INFO - 2021-02-26 16:05:32 --> Controller "App\Controllers\PricingHistory" loaded.
INFO - 2021-02-26 16:05:32 --> Fetching IIQA Details
INFO - 2021-02-26 16:05:38 --> Controller "App\Controllers\UserMenu" loaded.
INFO - 2021-02-26 16:05:38 --> Controller "App\Controllers\UserMenu" loaded.
INFO - 2021-02-26 16:05:38 --> Fetching IIQA Details
INFO - 2021-02-26 16:05:38 --> Fetching IIQA Details
INFO - 2021-02-26 16:06:00 --> Controller "App\Controllers\Dashboards" loaded.
INFO - 2021-02-26 16:06:00 --> Controller "App\Controllers\SchedulePlanner" loaded.
INFO - 2021-02-26 16:06:00 --> Fetching IIQA Details
INFO - 2021-02-26 16:06:00 --> Fetching Dashboard details
INFO - 2021-02-26 16:06:01 --> Controller "App\Controllers\PricingHistory" loaded.
INFO - 2021-02-26 16:06:01 --> Fetching IIQA Details
INFO - 2021-02-26 16:06:01 --> Controller "App\Controllers\InstituteDetails" loaded.
INFO - 2021-02-26 16:06:01 --> Fetching IIQA Details
INFO - 2021-02-26 16:06:02 --> Controller "App\Controllers\PricingDetails" loaded.
INFO - 2021-02-26 16:06:02 --> Controller "App\Controllers\PricingDetails" loaded.
INFO - 2021-02-26 16:06:02 --> Fetching IIQA Details
INFO - 2021-02-26 16:06:02 --> Fetching IIQA Details
INFO - 2021-02-26 16:06:17 --> Controller "App\Controllers\Users" loaded.
INFO - 2021-02-26 16:06:17 --> Controller "App\Controllers\Dashboards" loaded.
INFO - 2021-02-26 16:06:17 --> Fetching All User details
INFO - 2021-02-26 16:06:17 --> Fetching Dashboard details
INFO - 2021-02-26 16:06:28 --> Controller "App\Controllers\Dashboards" loaded.
INFO - 2021-02-26 16:06:28 --> Fetching Dashboard details
INFO - 2021-02-26 16:06:28 --> Controller "App\Controllers\SchedulePlanner" loaded.
INFO - 2021-02-26 16:06:28 --> Fetching IIQA Details
INFO - 2021-02-26 16:06:30 --> Controller "App\Controllers\PricingHistory" loaded.
INFO - 2021-02-26 16:06:30 --> Fetching IIQA Details
INFO - 2021-02-26 16:06:30 --> Controller "App\Controllers\InstituteDetails" loaded.
INFO - 2021-02-26 16:06:30 --> Fetching IIQA Details
INFO - 2021-02-26 16:06:30 --> Controller "App\Controllers\PricingDetails" loaded.
INFO - 2021-02-26 16:06:30 --> Fetching IIQA Details
INFO - 2021-02-26 16:06:30 --> Controller "App\Controllers\PricingDetails" loaded.
INFO - 2021-02-26 16:06:30 --> Fetching IIQA Details
INFO - 2021-02-26 16:06:34 --> Controller "App\Controllers\InstitutePricingHistory" loaded.
INFO - 2021-02-26 16:06:34 --> Fetching IIQA Details
INFO - 2021-02-26 16:06:35 --> Controller "App\Controllers\InstitutePricingDetails" loaded.
INFO - 2021-02-26 16:06:35 --> Fetching IIQA Details
INFO - 2021-02-26 16:06:42 --> Controller "App\Controllers\Dashboards" loaded.
INFO - 2021-02-26 16:06:42 --> Controller "App\Controllers\Users" loaded.
INFO - 2021-02-26 16:06:42 --> Fetching All User details
INFO - 2021-02-26 16:06:42 --> Fetching Dashboard details
INFO - 2021-02-26 16:07:08 --> Controller "App\Controllers\SchedulePlanner" loaded.
INFO - 2021-02-26 16:07:08 --> Fetching IIQA Details
INFO - 2021-02-26 16:07:08 --> Controller "App\Controllers\Dashboards" loaded.
INFO - 2021-02-26 16:07:08 --> Fetching Dashboard details
INFO - 2021-02-26 16:07:09 --> Controller "App\Controllers\PricingHistory" loaded.
INFO - 2021-02-26 16:07:09 --> Fetching IIQA Details
INFO - 2021-02-26 16:07:09 --> Controller "App\Controllers\InstituteDetails" loaded.
INFO - 2021-02-26 16:07:09 --> Fetching IIQA Details
INFO - 2021-02-26 16:07:09 --> Controller "App\Controllers\PricingDetails" loaded.
INFO - 2021-02-26 16:07:09 --> Fetching IIQA Details
INFO - 2021-02-26 16:07:09 --> Controller "App\Controllers\PricingDetails" loaded.
INFO - 2021-02-26 16:07:09 --> Fetching IIQA Details
INFO - 2021-02-26 16:07:12 --> Controller "App\Controllers\InstitutePricingHistory" loaded.
INFO - 2021-02-26 16:07:12 --> Fetching IIQA Details
INFO - 2021-02-26 16:07:13 --> Controller "App\Controllers\InstitutePricingDetails" loaded.
INFO - 2021-02-26 16:07:13 --> Fetching IIQA Details
INFO - 2021-02-26 16:07:38 --> Controller "App\Controllers\PricingHistory" loaded.
INFO - 2021-02-26 16:07:38 --> Fetching IIQA Details
INFO - 2021-02-26 16:07:39 --> Controller "App\Controllers\UserMenu" loaded.
INFO - 2021-02-26 16:07:39 --> Fetching IIQA Details
INFO - 2021-02-26 16:07:39 --> Controller "App\Controllers\UserMenu" loaded.
INFO - 2021-02-26 16:07:39 --> Fetching IIQA Details
INFO - 2021-02-26 16:07:43 --> Controller "App\Controllers\Dashboards" loaded.
INFO - 2021-02-26 16:07:43 --> Fetching Dashboard details
INFO - 2021-02-26 16:07:43 --> Controller "App\Controllers\SchedulePlanner" loaded.
INFO - 2021-02-26 16:07:43 --> Fetching IIQA Details
INFO - 2021-02-26 16:07:44 --> Controller "App\Controllers\PricingHistory" loaded.
INFO - 2021-02-26 16:07:44 --> Fetching IIQA Details
INFO - 2021-02-26 16:07:44 --> Controller "App\Controllers\InstituteDetails" loaded.
INFO - 2021-02-26 16:07:44 --> Fetching IIQA Details
INFO - 2021-02-26 16:07:45 --> Controller "App\Controllers\PricingDetails" loaded.
INFO - 2021-02-26 16:07:45 --> Fetching IIQA Details
INFO - 2021-02-26 16:07:45 --> Controller "App\Controllers\PricingDetails" loaded.
INFO - 2021-02-26 16:07:45 --> Fetching IIQA Details
INFO - 2021-02-26 16:07:55 --> Controller "App\Controllers\PricingHistory" loaded.
INFO - 2021-02-26 16:07:55 --> Fetching IIQA Details
INFO - 2021-02-26 16:07:55 --> Controller "App\Controllers\InstituteDetails" loaded.
INFO - 2021-02-26 16:07:55 --> Fetching IIQA Details
INFO - 2021-02-26 16:07:55 --> Controller "App\Controllers\PricingDetails" loaded.
INFO - 2021-02-26 16:07:55 --> Controller "App\Controllers\PricingDetails" loaded.
INFO - 2021-02-26 16:07:55 --> Fetching IIQA Details
INFO - 2021-02-26 16:07:55 --> Fetching IIQA Details
INFO - 2021-02-26 16:08:17 --> Controller "App\Controllers\InstitutePricingHistory" loaded.
INFO - 2021-02-26 16:08:17 --> Fetching IIQA Details
INFO - 2021-02-26 16:08:20 --> Controller "App\Controllers\InstitutePricingHistory" loaded.
INFO - 2021-02-26 16:08:20 --> Fetching IIQA Details
INFO - 2021-02-26 16:08:40 --> Controller "App\Controllers\Dashboards" loaded.
INFO - 2021-02-26 16:08:40 --> Controller "App\Controllers\Users" loaded.
INFO - 2021-02-26 16:08:40 --> Fetching All User details
INFO - 2021-02-26 16:08:40 --> Fetching Dashboard details
INFO - 2021-02-26 16:09:32 --> Controller "App\Controllers\SchedulePlanner" loaded.
INFO - 2021-02-26 16:09:32 --> Controller "App\Controllers\Dashboards" loaded.
INFO - 2021-02-26 16:09:32 --> Fetching IIQA Details
INFO - 2021-02-26 16:09:32 --> Fetching Dashboard details
INFO - 2021-02-26 16:09:35 --> Controller "App\Controllers\PricingHistory" loaded.
INFO - 2021-02-26 16:09:35 --> Fetching IIQA Details
INFO - 2021-02-26 16:10:18 --> Controller "App\Controllers\SchedulePlanner" loaded.
INFO - 2021-02-26 16:10:18 --> Controller "App\Controllers\Dashboards" loaded.
INFO - 2021-02-26 16:10:18 --> Fetching IIQA Details
INFO - 2021-02-26 16:10:18 --> Fetching Dashboard details
INFO - 2021-02-26 16:10:19 --> Controller "App\Controllers\PricingHistory" loaded.
INFO - 2021-02-26 16:10:19 --> Fetching IIQA Details
INFO - 2021-02-26 16:10:19 --> Controller "App\Controllers\InstituteDetails" loaded.
INFO - 2021-02-26 16:10:19 --> Fetching IIQA Details
INFO - 2021-02-26 16:10:19 --> Controller "App\Controllers\PricingDetails" loaded.
INFO - 2021-02-26 16:10:19 --> Fetching IIQA Details
INFO - 2021-02-26 16:10:19 --> Controller "App\Controllers\PricingDetails" loaded.
INFO - 2021-02-26 16:10:19 --> Fetching IIQA Details
INFO - 2021-02-26 16:10:23 --> Controller "App\Controllers\Users" loaded.
INFO - 2021-02-26 16:10:23 --> Fetching All User details
INFO - 2021-02-26 16:10:23 --> Controller "App\Controllers\Dashboards" loaded.
INFO - 2021-02-26 16:10:23 --> Fetching Dashboard details
INFO - 2021-02-26 16:10:28 --> Controller "App\Controllers\PricingHistory" loaded.
INFO - 2021-02-26 16:10:28 --> Fetching IIQA Details
INFO - 2021-02-26 16:10:30 --> Controller "App\Controllers\Dashboards" loaded.
INFO - 2021-02-26 16:10:30 --> Fetching Dashboard details
INFO - 2021-02-26 16:10:30 --> Controller "App\Controllers\SchedulePlanner" loaded.
INFO - 2021-02-26 16:10:30 --> Fetching IIQA Details
INFO - 2021-02-26 16:10:31 --> Controller "App\Controllers\PricingHistory" loaded.
INFO - 2021-02-26 16:10:31 --> Fetching IIQA Details
INFO - 2021-02-26 16:10:31 --> Controller "App\Controllers\InstituteDetails" loaded.
INFO - 2021-02-26 16:10:31 --> Fetching IIQA Details
INFO - 2021-02-26 16:10:32 --> Controller "App\Controllers\PricingDetails" loaded.
INFO - 2021-02-26 16:10:32 --> Fetching IIQA Details
INFO - 2021-02-26 16:10:32 --> Controller "App\Controllers\PricingDetails" loaded.
INFO - 2021-02-26 16:10:32 --> Fetching IIQA Details
INFO - 2021-02-26 16:10:42 --> Controller "App\Controllers\InstitutePricingHistory" loaded.
INFO - 2021-02-26 16:10:42 --> Fetching IIQA Details
INFO - 2021-02-26 16:10:43 --> Controller "App\Controllers\InstitutePricingDetails" loaded.
INFO - 2021-02-26 16:10:43 --> Fetching IIQA Details
INFO - 2021-02-26 16:10:47 --> Controller "App\Controllers\InstitutePricingHistory" loaded.
INFO - 2021-02-26 16:10:47 --> Fetching IIQA Details
INFO - 2021-02-26 16:10:52 --> Controller "App\Controllers\InstitutePricingHistory" loaded.
INFO - 2021-02-26 16:10:52 --> Fetching IIQA Details
INFO - 2021-02-26 16:10:53 --> Controller "App\Controllers\InstitutePricingDetails" loaded.
INFO - 2021-02-26 16:10:53 --> Fetching IIQA Details
INFO - 2021-02-26 16:11:00 --> Controller "App\Controllers\InstitutePricingHistory" loaded.
INFO - 2021-02-26 16:11:00 --> Fetching IIQA Details
INFO - 2021-02-26 16:11:00 --> Controller "App\Controllers\InstitutePricingDetails" loaded.
INFO - 2021-02-26 16:11:00 --> Fetching IIQA Details
INFO - 2021-02-26 16:11:03 --> Controller "App\Controllers\InstitutePricingHistory" loaded.
INFO - 2021-02-26 16:11:03 --> Fetching IIQA Details
INFO - 2021-02-26 16:12:31 --> Controller "App\Controllers\InstitutePricingHistory" loaded.
INFO - 2021-02-26 16:12:31 --> Fetching IIQA Details
INFO - 2021-02-26 16:12:42 --> Controller "App\Controllers\PricingHistory" loaded.
INFO - 2021-02-26 16:12:42 --> Fetching IIQA Details
INFO - 2021-02-26 16:12:42 --> Controller "App\Controllers\InstituteDetails" loaded.
INFO - 2021-02-26 16:12:42 --> Fetching IIQA Details
INFO - 2021-02-26 16:12:42 --> Controller "App\Controllers\PricingDetails" loaded.
INFO - 2021-02-26 16:12:42 --> Controller "App\Controllers\PricingDetails" loaded.
INFO - 2021-02-26 16:12:42 --> Fetching IIQA Details
INFO - 2021-02-26 16:12:42 --> Fetching IIQA Details
INFO - 2021-02-26 16:12:45 --> Controller "App\Controllers\PricingHistory" loaded.
INFO - 2021-02-26 16:12:45 --> Fetching IIQA Details
INFO - 2021-02-26 16:12:46 --> Controller "App\Controllers\UserMenu" loaded.
INFO - 2021-02-26 16:12:46 --> Fetching IIQA Details
INFO - 2021-02-26 16:12:46 --> Controller "App\Controllers\UserMenu" loaded.
INFO - 2021-02-26 16:12:46 --> Fetching IIQA Details
INFO - 2021-02-26 16:23:35 --> Controller "App\Controllers\UserMenu" loaded.
INFO - 2021-02-26 16:23:35 --> Fetching IIQA Details
INFO - 2021-02-26 16:23:35 --> Controller "App\Controllers\UserMenu" loaded.
INFO - 2021-02-26 16:23:35 --> Fetching IIQA Details
INFO - 2021-02-26 16:23:55 --> Controller "App\Controllers\Users" loaded.
INFO - 2021-02-26 16:23:55 --> Fetching All User details
INFO - 2021-02-26 16:23:55 --> Controller "App\Controllers\Dashboards" loaded.
INFO - 2021-02-26 16:23:55 --> Fetching Dashboard details
INFO - 2021-02-26 16:23:57 --> Controller "App\Controllers\InstituteDetails" loaded.
INFO - 2021-02-26 16:23:57 --> Fetching IIQA Details
INFO - 2021-02-26 16:26:28 --> Controller "App\Controllers\Leads" loaded.
INFO - 2021-02-26 16:26:28 --> Fetching IIQA Details
INFO - 2021-02-26 16:26:28 --> Controller "App\Controllers\InstituteDetails" loaded.
INFO - 2021-02-26 16:26:28 --> Fetching IIQA Details
INFO - 2021-02-26 16:26:56 --> Controller "App\Controllers\SchedulePlanner" loaded.
INFO - 2021-02-26 16:26:56 --> Fetching IIQA Details
INFO - 2021-02-26 16:27:00 --> Controller "App\Controllers\InstitutePricingHistory" loaded.
INFO - 2021-02-26 16:27:00 --> Fetching IIQA Details
INFO - 2021-02-26 16:27:05 --> Controller "App\Controllers\SchedulePlanner" loaded.
INFO - 2021-02-26 16:27:05 --> Fetching IIQA Details
INFO - 2021-02-26 16:27:08 --> Controller "App\Controllers\InstitutePricingHistory" loaded.
INFO - 2021-02-26 16:27:08 --> Fetching IIQA Details
INFO - 2021-02-26 16:27:13 --> Controller "App\Controllers\InstitutePricingHistory" loaded.
INFO - 2021-02-26 16:27:13 --> Fetching IIQA Details
INFO - 2021-02-26 16:57:24 --> Controller "App\Controllers\InstitutePricingHistory" loaded.
INFO - 2021-02-26 16:57:24 --> Fetching IIQA Details
INFO - 2021-02-26 16:58:02 --> Controller "App\Controllers\Users" loaded.
INFO - 2021-02-26 16:58:02 --> Fetching All User details
INFO - 2021-02-26 16:58:02 --> Controller "App\Controllers\Dashboards" loaded.
INFO - 2021-02-26 16:58:02 --> Fetching Dashboard details
INFO - 2021-02-26 16:58:02 --> Controller "App\Controllers\Users" loaded.
INFO - 2021-02-26 16:58:02 --> Fetching All User details
INFO - 2021-02-26 17:15:43 --> Controller "App\Controllers\PricingHistory" loaded.
INFO - 2021-02-26 17:15:43 --> Fetching IIQA Details
INFO - 2021-02-26 17:15:46 --> Controller "App\Controllers\Dashboards" loaded.
INFO - 2021-02-26 17:15:46 --> Fetching Dashboard details
INFO - 2021-02-26 17:15:46 --> Controller "App\Controllers\SchedulePlanner" loaded.
INFO - 2021-02-26 17:15:46 --> Fetching IIQA Details
INFO - 2021-02-26 17:15:55 --> Controller "App\Controllers\InstituteDetails" loaded.
INFO - 2021-02-26 17:15:55 --> Controller "App\Controllers\PricingHistory" loaded.
INFO - 2021-02-26 17:15:55 --> Fetching IIQA Details
INFO - 2021-02-26 17:15:55 --> Fetching IIQA Details
INFO - 2021-02-26 17:15:55 --> Controller "App\Controllers\PricingDetails" loaded.
INFO - 2021-02-26 17:15:55 --> Controller "App\Controllers\PricingDetails" loaded.
INFO - 2021-02-26 17:15:55 --> Fetching IIQA Details
INFO - 2021-02-26 17:15:55 --> Fetching IIQA Details
