INFO - 2020-12-07 08:59:33 --> Controller "App\Controllers\UserMenus" loaded.
INFO - 2020-12-07 08:59:33 --> Fetching UserMenu details
INFO - 2020-12-07 09:07:33 --> Controller "App\Controllers\UserMenus" loaded.
INFO - 2020-12-07 09:07:33 --> Fetching UserMenu details
INFO - 2020-12-07 09:07:36 --> Controller "App\Controllers\UserMenus" loaded.
INFO - 2020-12-07 09:07:36 --> Fetching UserMenu details
INFO - 2020-12-07 09:07:38 --> Controller "App\Controllers\UserMenus" loaded.
INFO - 2020-12-07 09:07:38 --> Fetching UserMenu details
INFO - 2020-12-07 10:11:07 --> Controller "App\Controllers\UserMenus" loaded.
INFO - 2020-12-07 10:11:07 --> Fetching UserMenu details
INFO - 2020-12-07 10:12:50 --> Controller "App\Controllers\UserMenus" loaded.
INFO - 2020-12-07 10:12:50 --> Fetching UserMenu details
INFO - 2020-12-07 10:12:58 --> Controller "App\Controllers\UserMenus" loaded.
INFO - 2020-12-07 10:12:58 --> Fetching UserMenu details
INFO - 2020-12-07 10:13:10 --> Controller "App\Controllers\IIQAForm" loaded.
INFO - 2020-12-07 10:13:10 --> Fetching IIQA Details
INFO - 2020-12-07 10:13:17 --> Controller "App\Controllers\IIQAForm" loaded.
INFO - 2020-12-07 10:13:17 --> Fetching IIQA Details
INFO - 2020-12-07 10:13:17 --> Controller "App\Controllers\CommonFetch" loaded.
INFO - 2020-12-07 10:13:17 --> Fetching IIQA Details
INFO - 2020-12-07 10:13:17 --> Controller "App\Controllers\CommonFetch" loaded.
INFO - 2020-12-07 10:13:17 --> Controller "App\Controllers\University" loaded.
INFO - 2020-12-07 10:13:17 --> Fetching IIQA Details
INFO - 2020-12-07 10:13:17 --> Fetching IIQA Details
INFO - 2020-12-07 10:13:17 --> Controller "App\Controllers\IIQADocument" loaded.
INFO - 2020-12-07 10:13:17 --> Controller "App\Controllers\IIQADocument" loaded.
INFO - 2020-12-07 10:13:17 --> Fetching Document Details
INFO - 2020-12-07 10:13:17 --> Fetching Document Details
INFO - 2020-12-07 10:13:21 --> Controller "App\Controllers\CommonFetch" loaded.
INFO - 2020-12-07 10:13:21 --> Controller "App\Controllers\IIQAForm" loaded.
INFO - 2020-12-07 10:13:21 --> Fetching Title Details
INFO - 2020-12-07 10:13:21 --> Controller "App\Controllers\CommonFetch" loaded.
INFO - 2020-12-07 10:13:21 --> Fetching IIQA Details
INFO - 2020-12-07 10:13:21 --> Fetching Title Details
INFO - 2020-12-07 10:13:22 --> Controller "App\Controllers\IIQAForm" loaded.
INFO - 2020-12-07 10:13:22 --> Controller "App\Controllers\IIQADocument" loaded.
INFO - 2020-12-07 10:13:22 --> Fetching IIQA Details
INFO - 2020-12-07 10:13:22 --> Fetching Document Details
INFO - 2020-12-07 10:13:22 --> Controller "App\Controllers\IIQADocument" loaded.
INFO - 2020-12-07 10:13:22 --> Fetching Document Details
INFO - 2020-12-07 10:13:22 --> Controller "App\Controllers\IIQADocument" loaded.
INFO - 2020-12-07 10:13:22 --> Fetching Document Details
INFO - 2020-12-07 10:13:22 --> Controller "App\Controllers\Department" loaded.
INFO - 2020-12-07 10:13:22 --> Fetching IIQA Details
INFO - 2020-12-07 10:13:24 --> Controller "App\Controllers\UserMenus" loaded.
INFO - 2020-12-07 10:13:24 --> Fetching UserMenu details
INFO - 2020-12-07 10:13:38 --> Controller "App\Controllers\UserMenus" loaded.
INFO - 2020-12-07 10:13:38 --> Fetching UserMenu details
INFO - 2020-12-07 10:13:46 --> Controller "App\Controllers\IIQAForm" loaded.
INFO - 2020-12-07 10:13:46 --> Fetching IIQA Details
INFO - 2020-12-07 10:13:46 --> Controller "App\Controllers\IIQADocument" loaded.
INFO - 2020-12-07 10:13:46 --> Fetching Document Details
INFO - 2020-12-07 10:13:46 --> Controller "App\Controllers\SSRForm" loaded.
INFO - 2020-12-07 10:13:46 --> Fetching IIQA Details
INFO - 2020-12-07 10:13:55 --> Controller "App\Controllers\UserMenus" loaded.
INFO - 2020-12-07 10:13:55 --> Fetching UserMenu details
INFO - 2020-12-07 10:18:01 --> Controller "App\Controllers\UserMenus" loaded.
INFO - 2020-12-07 10:18:01 --> Fetching UserMenu details
INFO - 2020-12-07 10:18:17 --> Controller "App\Controllers\UserMenus" loaded.
INFO - 2020-12-07 10:18:17 --> Fetching UserMenu details
INFO - 2020-12-07 10:18:21 --> Controller "App\Controllers\IIQAForm" loaded.
INFO - 2020-12-07 10:18:21 --> Fetching IIQA Details
INFO - 2020-12-07 10:18:24 --> Controller "App\Controllers\IIQAForm" loaded.
INFO - 2020-12-07 10:18:24 --> Fetching IIQA Details
INFO - 2020-12-07 10:18:24 --> Controller "App\Controllers\CommonFetch" loaded.
INFO - 2020-12-07 10:18:24 --> Fetching IIQA Details
INFO - 2020-12-07 10:18:24 --> Controller "App\Controllers\University" loaded.
INFO - 2020-12-07 10:18:24 --> Fetching IIQA Details
INFO - 2020-12-07 10:18:24 --> Controller "App\Controllers\CommonFetch" loaded.
INFO - 2020-12-07 10:18:24 --> Fetching IIQA Details
INFO - 2020-12-07 10:18:24 --> Controller "App\Controllers\IIQADocument" loaded.
INFO - 2020-12-07 10:18:24 --> Fetching Document Details
INFO - 2020-12-07 10:18:24 --> Controller "App\Controllers\IIQADocument" loaded.
INFO - 2020-12-07 10:18:24 --> Fetching Document Details
INFO - 2020-12-07 10:18:27 --> Controller "App\Controllers\UserMenus" loaded.
INFO - 2020-12-07 10:18:27 --> Fetching UserMenu details
INFO - 2020-12-07 10:18:29 --> Controller "App\Controllers\UserMenus" loaded.
INFO - 2020-12-07 10:18:29 --> Fetching UserMenu details
INFO - 2020-12-07 10:18:32 --> Controller "App\Controllers\UserMenus" loaded.
INFO - 2020-12-07 10:18:32 --> Fetching UserMenu details
INFO - 2020-12-07 10:21:06 --> Controller "App\Controllers\UserMenus" loaded.
INFO - 2020-12-07 10:21:06 --> Fetching UserMenu details
INFO - 2020-12-07 10:21:07 --> Controller "App\Controllers\UserMenus" loaded.
INFO - 2020-12-07 10:21:07 --> Fetching UserMenu details
INFO - 2020-12-07 10:48:42 --> Controller "App\Controllers\UserMenus" loaded.
INFO - 2020-12-07 10:48:42 --> Fetching UserMenu details
INFO - 2020-12-07 10:48:45 --> Controller "App\Controllers\IIQAForm" loaded.
INFO - 2020-12-07 10:48:45 --> Fetching IIQA Details
INFO - 2020-12-07 10:48:45 --> Controller "App\Controllers\IIQADocument" loaded.
INFO - 2020-12-07 10:48:45 --> Fetching Document Details
INFO - 2020-12-07 10:48:45 --> Controller "App\Controllers\SSRForm" loaded.
INFO - 2020-12-07 10:48:45 --> Fetching IIQA Details
INFO - 2020-12-07 10:51:42 --> Controller "App\Controllers\UserMenus" loaded.
INFO - 2020-12-07 10:51:42 --> Fetching UserMenu details
INFO - 2020-12-07 11:10:00 --> Controller "App\Controllers\IIQAForm" loaded.
INFO - 2020-12-07 11:10:00 --> Fetching IIQA Details
INFO - 2020-12-07 11:10:00 --> Controller "App\Controllers\IIQADocument" loaded.
INFO - 2020-12-07 11:10:00 --> Fetching Document Details
INFO - 2020-12-07 11:10:00 --> Controller "App\Controllers\SSRForm" loaded.
INFO - 2020-12-07 11:10:00 --> Fetching IIQA Details
INFO - 2020-12-07 11:10:09 --> Controller "App\Controllers\UserMenus" loaded.
INFO - 2020-12-07 11:10:09 --> Fetching UserMenu details
INFO - 2020-12-07 12:53:45 --> Controller "App\Controllers\UserMenus" loaded.
INFO - 2020-12-07 12:53:45 --> Fetching UserMenu details
INFO - 2020-12-07 19:33:23 --> Controller "App\Controllers\UserMenus" loaded.
INFO - 2020-12-07 19:33:23 --> Fetching UserMenu details
