INFO - 2021-02-03 09:13:15 --> Controller "App\Controllers\PricingHistory" loaded.
INFO - 2021-02-03 09:13:15 --> Fetching IIQA Details
INFO - 2021-02-03 09:31:57 --> Controller "App\Controllers\UserMenu" loaded.
INFO - 2021-02-03 09:31:57 --> Controller "App\Controllers\UserMenu" loaded.
INFO - 2021-02-03 09:31:57 --> Fetching IIQA Details
INFO - 2021-02-03 09:31:57 --> Fetching IIQA Details
INFO - 2021-02-03 09:49:53 --> Controller "App\Controllers\PricingHistory" loaded.
INFO - 2021-02-03 09:49:53 --> Fetching IIQA Details
INFO - 2021-02-03 09:50:01 --> Controller "App\Controllers\UserMenu" loaded.
INFO - 2021-02-03 09:50:01 --> Fetching IIQA Details
INFO - 2021-02-03 09:50:01 --> Controller "App\Controllers\UserMenu" loaded.
INFO - 2021-02-03 09:50:01 --> Fetching IIQA Details
INFO - 2021-02-03 09:51:07 --> Controller "App\Controllers\PricingHistory" loaded.
INFO - 2021-02-03 09:51:07 --> Fetching IIQA Details
INFO - 2021-02-03 09:51:22 --> Controller "App\Controllers\PricingHistory" loaded.
INFO - 2021-02-03 09:51:22 --> Fetching IIQA Details
INFO - 2021-02-03 09:51:23 --> Controller "App\Controllers\UserMenu" loaded.
INFO - 2021-02-03 09:51:23 --> Fetching IIQA Details
INFO - 2021-02-03 09:51:23 --> Controller "App\Controllers\UserMenu" loaded.
INFO - 2021-02-03 09:51:23 --> Fetching IIQA Details
INFO - 2021-02-03 09:53:13 --> Controller "App\Controllers\PricingHistory" loaded.
INFO - 2021-02-03 09:53:13 --> Fetching IIQA Details
INFO - 2021-02-03 09:53:18 --> Controller "App\Controllers\UserMenu" loaded.
INFO - 2021-02-03 09:53:18 --> Fetching IIQA Details
INFO - 2021-02-03 09:53:18 --> Controller "App\Controllers\UserMenu" loaded.
INFO - 2021-02-03 09:53:18 --> Fetching IIQA Details
INFO - 2021-02-03 09:54:36 --> Controller "App\Controllers\PricingHistory" loaded.
INFO - 2021-02-03 09:54:36 --> Fetching IIQA Details
INFO - 2021-02-03 09:54:42 --> Controller "App\Controllers\UserMenu" loaded.
INFO - 2021-02-03 09:54:42 --> Controller "App\Controllers\UserMenu" loaded.
INFO - 2021-02-03 09:54:42 --> Fetching IIQA Details
INFO - 2021-02-03 09:54:42 --> Fetching IIQA Details
INFO - 2021-02-03 09:56:14 --> Controller "App\Controllers\PricingHistory" loaded.
INFO - 2021-02-03 09:56:14 --> Fetching IIQA Details
INFO - 2021-02-03 10:01:20 --> Controller "App\Controllers\UserMenu" loaded.
INFO - 2021-02-03 10:01:20 --> Fetching IIQA Details
INFO - 2021-02-03 10:01:20 --> Controller "App\Controllers\UserMenu" loaded.
INFO - 2021-02-03 10:01:20 --> Fetching IIQA Details
INFO - 2021-02-03 10:02:22 --> Controller "App\Controllers\PricingHistory" loaded.
INFO - 2021-02-03 10:02:22 --> Fetching IIQA Details
INFO - 2021-02-03 10:02:39 --> Controller "App\Controllers\UserMenu" loaded.
INFO - 2021-02-03 10:02:39 --> Fetching IIQA Details
INFO - 2021-02-03 10:02:39 --> Controller "App\Controllers\UserMenu" loaded.
INFO - 2021-02-03 10:02:39 --> Fetching IIQA Details
INFO - 2021-02-03 13:16:47 --> Controller "App\Controllers\PricingHistory" loaded.
INFO - 2021-02-03 13:16:47 --> Fetching IIQA Details
INFO - 2021-02-03 14:36:14 --> Controller "App\Controllers\Dashboards" loaded.
INFO - 2021-02-03 14:36:14 --> Fetching Dashboard details
INFO - 2021-02-03 14:36:44 --> Controller "App\Controllers\InstituteDetails" loaded.
INFO - 2021-02-03 14:36:44 --> Fetching IIQA Details
INFO - 2021-02-03 14:36:47 --> Controller "App\Controllers\Leads" loaded.
INFO - 2021-02-03 14:36:47 --> Fetching IIQA Details
INFO - 2021-02-03 14:36:47 --> Controller "App\Controllers\InstituteDetails" loaded.
INFO - 2021-02-03 14:36:47 --> Fetching IIQA Details
INFO - 2021-02-03 14:36:56 --> Controller "App\Controllers\SchedulePlanner" loaded.
INFO - 2021-02-03 14:36:56 --> Fetching IIQA Details
INFO - 2021-02-03 14:37:03 --> Controller "App\Controllers\InstitutePricingHistory" loaded.
INFO - 2021-02-03 14:37:03 --> Fetching IIQA Details
INFO - 2021-02-03 14:40:24 --> Controller "App\Controllers\Dashboards" loaded.
INFO - 2021-02-03 14:40:24 --> Fetching Dashboard details
INFO - 2021-02-03 14:40:26 --> Controller "App\Controllers\InstituteDetails" loaded.
INFO - 2021-02-03 14:40:26 --> Fetching IIQA Details
INFO - 2021-02-03 14:40:33 --> Controller "App\Controllers\InstituteDetails" loaded.
INFO - 2021-02-03 14:40:33 --> Fetching IIQA Details
INFO - 2021-02-03 14:40:35 --> Controller "App\Controllers\Leads" loaded.
INFO - 2021-02-03 14:40:35 --> Fetching IIQA Details
INFO - 2021-02-03 14:40:35 --> Controller "App\Controllers\InstituteDetails" loaded.
INFO - 2021-02-03 14:40:35 --> Fetching IIQA Details
INFO - 2021-02-03 14:42:22 --> Controller "App\Controllers\Dashboards" loaded.
INFO - 2021-02-03 14:42:22 --> Fetching Dashboard details
INFO - 2021-02-03 14:42:27 --> Controller "App\Controllers\InstituteDetails" loaded.
INFO - 2021-02-03 14:42:27 --> Fetching IIQA Details
INFO - 2021-02-03 14:42:29 --> Controller "App\Controllers\Leads" loaded.
INFO - 2021-02-03 14:42:29 --> Fetching IIQA Details
INFO - 2021-02-03 14:42:29 --> Controller "App\Controllers\InstituteDetails" loaded.
INFO - 2021-02-03 14:42:29 --> Fetching IIQA Details
INFO - 2021-02-03 14:42:32 --> Controller "App\Controllers\InstituteDetails" loaded.
INFO - 2021-02-03 14:42:32 --> Fetching IIQA Details
INFO - 2021-02-03 14:42:33 --> Controller "App\Controllers\InstituteDetails" loaded.
INFO - 2021-02-03 14:42:33 --> Fetching IIQA Details
INFO - 2021-02-03 14:42:56 --> Controller "App\Controllers\InstituteDetails" loaded.
INFO - 2021-02-03 14:42:56 --> Fetching IIQA Details
INFO - 2021-02-03 15:11:02 --> Controller "App\Controllers\Dashboards" loaded.
INFO - 2021-02-03 15:11:02 --> Fetching Dashboard details
INFO - 2021-02-03 15:24:54 --> Controller "App\Controllers\Dashboards" loaded.
INFO - 2021-02-03 15:24:54 --> Fetching Dashboard details
INFO - 2021-02-03 15:29:50 --> Controller "App\Controllers\Dashboards" loaded.
INFO - 2021-02-03 15:29:50 --> Fetching Dashboard details
INFO - 2021-02-03 15:36:04 --> Controller "App\Controllers\Dashboards" loaded.
INFO - 2021-02-03 15:36:04 --> Fetching Dashboard details
INFO - 2021-02-03 16:04:30 --> Controller "App\Controllers\Dashboards" loaded.
INFO - 2021-02-03 16:04:30 --> Fetching Dashboard details
INFO - 2021-02-03 17:33:19 --> Controller "App\Controllers\Dashboards" loaded.
INFO - 2021-02-03 17:33:19 --> Fetching Dashboard details
INFO - 2021-02-03 17:34:19 --> Controller "App\Controllers\Dashboards" loaded.
INFO - 2021-02-03 17:34:19 --> Fetching Dashboard details
INFO - 2021-02-03 18:40:54 --> Controller "App\Controllers\Dashboards" loaded.
INFO - 2021-02-03 18:40:54 --> Fetching Dashboard details
