INFO - 2020-07-20 00:05:55 --> Controller "App\Controllers\Sections" loaded.
INFO - 2020-07-20 00:05:55 --> Fetching Sections details
INFO - 2020-07-20 00:05:55 --> Controller "App\Controllers\Academicyears" loaded.
INFO - 2020-07-20 00:05:55 --> Controller "App\Controllers\Students" loaded.
INFO - 2020-07-20 00:05:55 --> Fetching Academic year details
INFO - 2020-07-20 00:05:55 --> Controller "App\Controllers\Boards" loaded.
INFO - 2020-07-20 00:05:55 --> Fetching Boards details
INFO - 2020-07-20 00:05:55 --> Fetching All Leave details
INFO - 2020-07-20 00:05:55 --> Controller "App\Controllers\Sections" loaded.
INFO - 2020-07-20 00:05:55 --> Fetching Sections details
INFO - 2020-07-20 00:05:55 --> Controller "App\Controllers\StudentDetails" loaded.
INFO - 2020-07-20 00:05:55 --> Fetching All Leave details
INFO - 2020-07-20 00:05:55 --> Controller "App\Controllers\Categories" loaded.
INFO - 2020-07-20 00:05:55 --> Fetching Category details
INFO - 2020-07-20 00:05:55 --> Controller "App\Controllers\Sections" loaded.
INFO - 2020-07-20 00:05:55 --> Fetching Sections details
INFO - 2020-07-20 00:05:55 --> Controller "App\Controllers\Sections" loaded.
INFO - 2020-07-20 00:05:55 --> Controller "App\Controllers\Sections" loaded.
INFO - 2020-07-20 00:05:55 --> Fetching Sections details
INFO - 2020-07-20 00:05:55 --> Fetching Sections details
INFO - 2020-07-20 01:28:04 --> Controller "App\Controllers\Sections" loaded.
INFO - 2020-07-20 01:28:04 --> Controller "App\Controllers\Boards" loaded.
INFO - 2020-07-20 01:28:04 --> Controller "App\Controllers\RoomMasters" loaded.
INFO - 2020-07-20 01:28:04 --> Controller "App\Controllers\ClassMasters" loaded.
INFO - 2020-07-20 01:28:04 --> Controller "App\Controllers\SubjectMasters" loaded.
INFO - 2020-07-20 01:28:04 --> Controller "App\Controllers\ClassMasters" loaded.
INFO - 2020-07-20 01:28:04 --> Fetching SubjectMasters details
INFO - 2020-07-20 01:28:04 --> Fetching Boards details
INFO - 2020-07-20 01:28:04 --> Fetching Sections details
INFO - 2020-07-20 01:28:04 --> Fetching class details
INFO - 2020-07-20 01:28:04 --> Controller "App\Controllers\ClassMasters" loaded.
INFO - 2020-07-20 01:28:04 --> Controller "App\Controllers\AcademicSettings" loaded.
INFO - 2020-07-20 01:28:04 --> Controller "App\Controllers\Staffs" loaded.
INFO - 2020-07-20 01:28:04 --> Controller "App\Controllers\Academicyears" loaded.
INFO - 2020-07-20 01:28:04 --> Fetching Academic year details
INFO - 2020-07-20 01:28:04 --> Fetching All Leave details
INFO - 2020-07-20 01:28:04 --> Fetching Academic year details
INFO - 2020-07-20 01:28:04 --> Controller "App\Controllers\ClassMasters" loaded.
INFO - 2020-07-20 01:28:04 --> Controller "App\Controllers\Sections" loaded.
INFO - 2020-07-20 01:28:04 --> Controller "App\Controllers\RoomMasters" loaded.
INFO - 2020-07-20 01:28:04 --> Controller "App\Controllers\ClassMasters" loaded.
INFO - 2020-07-20 01:28:04 --> Fetching class details
INFO - 2020-07-20 01:28:04 --> Fetching Sections details
INFO - 2020-07-20 01:28:51 --> Controller "App\Controllers\ClassMasters" loaded.
INFO - 2020-07-20 01:28:51 --> Controller "App\Controllers\SubjectMasters" loaded.
INFO - 2020-07-20 01:28:51 --> Fetching class details
INFO - 2020-07-20 01:28:51 --> Controller "App\Controllers\Boards" loaded.
INFO - 2020-07-20 01:28:51 --> Fetching SubjectMasters details
INFO - 2020-07-20 01:28:51 --> Fetching Boards details
INFO - 2020-07-20 01:28:51 --> Controller "App\Controllers\RoomMasters" loaded.
INFO - 2020-07-20 01:28:51 --> Controller "App\Controllers\ClassMasters" loaded.
INFO - 2020-07-20 01:28:51 --> Controller "App\Controllers\Sections" loaded.
INFO - 2020-07-20 01:28:51 --> Fetching Sections details
INFO - 2020-07-20 01:28:51 --> Controller "App\Controllers\Staffs" loaded.
INFO - 2020-07-20 01:28:51 --> Fetching All Leave details
INFO - 2020-07-20 01:28:51 --> Controller "App\Controllers\Academicyears" loaded.
INFO - 2020-07-20 01:28:51 --> Fetching Academic year details
INFO - 2020-07-20 01:28:51 --> Controller "App\Controllers\ClassMasters" loaded.
INFO - 2020-07-20 01:28:51 --> Controller "App\Controllers\AcademicSettings" loaded.
INFO - 2020-07-20 01:28:51 --> Fetching Academic year details
INFO - 2020-07-20 01:28:52 --> Controller "App\Controllers\ClassMasters" loaded.
INFO - 2020-07-20 01:28:52 --> Fetching class details
INFO - 2020-07-20 01:28:52 --> Controller "App\Controllers\RoomMasters" loaded.
INFO - 2020-07-20 01:28:52 --> Controller "App\Controllers\ClassMasters" loaded.
INFO - 2020-07-20 01:28:52 --> Controller "App\Controllers\Sections" loaded.
INFO - 2020-07-20 01:28:52 --> Fetching Sections details
INFO - 2020-07-20 01:29:46 --> Controller "App\Controllers\ClassMasters" loaded.
INFO - 2020-07-20 01:29:46 --> Controller "App\Controllers\ClassMasters" loaded.
INFO - 2020-07-20 01:29:46 --> Controller "App\Controllers\RoomMasters" loaded.
INFO - 2020-07-20 01:29:46 --> Controller "App\Controllers\Boards" loaded.
INFO - 2020-07-20 01:29:46 --> Controller "App\Controllers\Sections" loaded.
INFO - 2020-07-20 01:29:46 --> Controller "App\Controllers\SubjectMasters" loaded.
INFO - 2020-07-20 01:29:46 --> Fetching Sections details
INFO - 2020-07-20 01:29:46 --> Fetching class details
INFO - 2020-07-20 01:29:46 --> Fetching Boards details
INFO - 2020-07-20 01:29:46 --> Fetching SubjectMasters details
INFO - 2020-07-20 01:29:46 --> Controller "App\Controllers\AcademicSettings" loaded.
INFO - 2020-07-20 01:29:46 --> Controller "App\Controllers\ClassMasters" loaded.
INFO - 2020-07-20 01:29:46 --> Controller "App\Controllers\Staffs" loaded.
INFO - 2020-07-20 01:29:46 --> Controller "App\Controllers\Academicyears" loaded.
INFO - 2020-07-20 01:29:46 --> Fetching Academic year details
INFO - 2020-07-20 01:29:46 --> Fetching All Leave details
INFO - 2020-07-20 01:29:46 --> Fetching Academic year details
INFO - 2020-07-20 01:29:46 --> Controller "App\Controllers\ClassMasters" loaded.
INFO - 2020-07-20 01:29:46 --> Controller "App\Controllers\RoomMasters" loaded.
INFO - 2020-07-20 01:29:46 --> Controller "App\Controllers\ClassMasters" loaded.
INFO - 2020-07-20 01:29:46 --> Controller "App\Controllers\Sections" loaded.
INFO - 2020-07-20 01:29:46 --> Fetching class details
INFO - 2020-07-20 01:29:46 --> Fetching Sections details
INFO - 2020-07-20 04:41:21 --> Controller "App\Controllers\Sections" loaded.
INFO - 2020-07-20 04:41:21 --> Fetching Sections details
INFO - 2020-07-20 04:41:21 --> Controller "App\Controllers\Academicyears" loaded.
INFO - 2020-07-20 04:41:21 --> Controller "App\Controllers\Students" loaded.
INFO - 2020-07-20 04:41:21 --> Fetching Academic year details
INFO - 2020-07-20 04:41:21 --> Fetching All Leave details
INFO - 2020-07-20 04:41:21 --> Controller "App\Controllers\Boards" loaded.
INFO - 2020-07-20 04:41:21 --> Fetching Boards details
INFO - 2020-07-20 04:41:21 --> Controller "App\Controllers\StudentDetails" loaded.
INFO - 2020-07-20 04:41:21 --> Fetching All Leave details
INFO - 2020-07-20 04:41:55 --> Controller "App\Controllers\Boards" loaded.
INFO - 2020-07-20 04:41:55 --> Fetching Boards details
INFO - 2020-07-20 04:41:55 --> Controller "App\Controllers\ClassMasters" loaded.
INFO - 2020-07-20 04:41:55 --> Controller "App\Controllers\SubjectMasters" loaded.
INFO - 2020-07-20 04:41:55 --> Controller "App\Controllers\ClassMasters" loaded.
INFO - 2020-07-20 04:41:55 --> Fetching SubjectMasters details
INFO - 2020-07-20 04:41:55 --> Fetching class details
INFO - 2020-07-20 04:41:55 --> Controller "App\Controllers\Sections" loaded.
INFO - 2020-07-20 04:41:55 --> Controller "App\Controllers\Staffs" loaded.
INFO - 2020-07-20 04:41:55 --> Fetching Sections details
INFO - 2020-07-20 04:41:55 --> Fetching All Leave details
INFO - 2020-07-20 04:41:55 --> Controller "App\Controllers\Academicyears" loaded.
INFO - 2020-07-20 04:41:55 --> Fetching Academic year details
INFO - 2020-07-20 04:41:55 --> Controller "App\Controllers\AcademicSettings" loaded.
INFO - 2020-07-20 04:41:55 --> Fetching Academic year details
INFO - 2020-07-20 04:41:55 --> Controller "App\Controllers\ClassMasters" loaded.
INFO - 2020-07-20 04:41:55 --> Controller "App\Controllers\ClassMasters" loaded.
INFO - 2020-07-20 04:41:55 --> Fetching class details
INFO - 2020-07-20 04:41:55 --> Controller "App\Controllers\ClassMasters" loaded.
INFO - 2020-07-20 04:42:02 --> Controller "App\Controllers\Academicyears" loaded.
INFO - 2020-07-20 04:42:02 --> Controller "App\Controllers\Sections" loaded.
INFO - 2020-07-20 04:42:02 --> Controller "App\Controllers\Boards" loaded.
INFO - 2020-07-20 04:42:02 --> Fetching Academic year details
INFO - 2020-07-20 04:42:02 --> Fetching Boards details
INFO - 2020-07-20 04:42:02 --> Fetching Sections details
INFO - 2020-07-20 04:42:02 --> Controller "App\Controllers\Holidays" loaded.
INFO - 2020-07-20 04:42:02 --> Fetching holidays Details details
INFO - 2020-07-20 04:42:02 --> Controller "App\Controllers\Sections" loaded.
INFO - 2020-07-20 04:42:02 --> Controller "App\Controllers\Holidays" loaded.
INFO - 2020-07-20 04:42:02 --> Fetching Sections details
INFO - 2020-07-20 04:42:02 --> Fetching holidays Details details
INFO - 2020-07-20 04:43:19 --> Controller "App\Controllers\Boards" loaded.
INFO - 2020-07-20 04:43:19 --> Controller "App\Controllers\Sections" loaded.
INFO - 2020-07-20 04:43:19 --> Fetching Boards details
INFO - 2020-07-20 04:43:19 --> Controller "App\Controllers\Staffs" loaded.
INFO - 2020-07-20 04:43:19 --> Fetching Sections details
INFO - 2020-07-20 04:43:19 --> Fetching All staff details
INFO - 2020-07-20 04:43:19 --> Controller "App\Controllers\StaffDetails" loaded.
INFO - 2020-07-20 04:43:19 --> Fetching All Leave details
INFO - 2020-07-20 04:43:19 --> Controller "App\Controllers\StaffDetails" loaded.
INFO - 2020-07-20 04:43:19 --> Fetching Department details
INFO - 2020-07-20 04:43:19 --> Controller "App\Controllers\StaffDetails" loaded.
INFO - 2020-07-20 04:43:19 --> Fetching Department details
INFO - 2020-07-20 04:43:44 --> Controller "App\Controllers\Sections" loaded.
INFO - 2020-07-20 04:43:44 --> Controller "App\Controllers\Academicyears" loaded.
INFO - 2020-07-20 04:43:44 --> Controller "App\Controllers\Students" loaded.
INFO - 2020-07-20 04:43:44 --> Controller "App\Controllers\Boards" loaded.
INFO - 2020-07-20 04:43:44 --> Fetching Academic year details
INFO - 2020-07-20 04:43:44 --> Fetching Boards details
INFO - 2020-07-20 04:43:44 --> Fetching Sections details
INFO - 2020-07-20 04:43:44 --> Fetching All Leave details
INFO - 2020-07-20 04:43:44 --> Controller "App\Controllers\StudentDetails" loaded.
INFO - 2020-07-20 04:43:44 --> Fetching All Leave details
INFO - 2020-07-20 04:43:44 --> Controller "App\Controllers\Sections" loaded.
INFO - 2020-07-20 04:43:44 --> Fetching Sections details
INFO - 2020-07-20 04:43:44 --> Controller "App\Controllers\Categories" loaded.
INFO - 2020-07-20 04:43:44 --> Fetching Category details
INFO - 2020-07-20 04:43:44 --> Controller "App\Controllers\Sections" loaded.
INFO - 2020-07-20 04:43:44 --> Fetching Sections details
INFO - 2020-07-20 04:43:44 --> Controller "App\Controllers\Sections" loaded.
INFO - 2020-07-20 04:43:44 --> Controller "App\Controllers\Sections" loaded.
INFO - 2020-07-20 04:43:44 --> Fetching Sections details
INFO - 2020-07-20 04:43:44 --> Fetching Sections details
INFO - 2020-07-20 04:50:27 --> Controller "App\Controllers\Sections" loaded.
INFO - 2020-07-20 04:50:27 --> Fetching Sections details
INFO - 2020-07-20 04:50:27 --> Controller "App\Controllers\Students" loaded.
INFO - 2020-07-20 04:50:27 --> Fetching All Leave details
INFO - 2020-07-20 04:50:27 --> Controller "App\Controllers\Boards" loaded.
INFO - 2020-07-20 04:50:27 --> Controller "App\Controllers\Academicyears" loaded.
INFO - 2020-07-20 04:50:27 --> Fetching Boards details
INFO - 2020-07-20 04:50:27 --> Fetching Academic year details
INFO - 2020-07-20 04:50:27 --> Controller "App\Controllers\StudentDetails" loaded.
INFO - 2020-07-20 04:50:27 --> Fetching All Leave details
INFO - 2020-07-20 04:50:27 --> Controller "App\Controllers\Sections" loaded.
INFO - 2020-07-20 04:50:27 --> Fetching Sections details
INFO - 2020-07-20 04:50:27 --> Controller "App\Controllers\Categories" loaded.
INFO - 2020-07-20 04:50:27 --> Fetching Category details
INFO - 2020-07-20 04:50:28 --> Controller "App\Controllers\Sections" loaded.
INFO - 2020-07-20 04:50:28 --> Fetching Sections details
INFO - 2020-07-20 04:50:28 --> Controller "App\Controllers\Sections" loaded.
INFO - 2020-07-20 04:50:28 --> Fetching Sections details
INFO - 2020-07-20 04:50:28 --> Controller "App\Controllers\Sections" loaded.
INFO - 2020-07-20 04:50:28 --> Fetching Sections details
INFO - 2020-07-20 04:50:54 --> Controller "App\Controllers\Sections" loaded.
INFO - 2020-07-20 04:50:54 --> Fetching Sections details
INFO - 2020-07-20 04:50:54 --> Controller "App\Controllers\Students" loaded.
INFO - 2020-07-20 04:50:54 --> Fetching All Leave details
INFO - 2020-07-20 04:50:54 --> Controller "App\Controllers\Boards" loaded.
INFO - 2020-07-20 04:50:54 --> Controller "App\Controllers\StudentDetails" loaded.
INFO - 2020-07-20 04:50:54 --> Fetching Boards details
INFO - 2020-07-20 04:50:54 --> Controller "App\Controllers\Academicyears" loaded.
INFO - 2020-07-20 04:50:54 --> Fetching All Leave details
INFO - 2020-07-20 04:50:54 --> Fetching Academic year details
INFO - 2020-07-20 04:50:54 --> Controller "App\Controllers\Sections" loaded.
INFO - 2020-07-20 04:50:54 --> Fetching Sections details
INFO - 2020-07-20 04:50:55 --> Controller "App\Controllers\Categories" loaded.
INFO - 2020-07-20 04:50:55 --> Fetching Category details
INFO - 2020-07-20 04:50:55 --> Controller "App\Controllers\Sections" loaded.
INFO - 2020-07-20 04:50:55 --> Fetching Sections details
INFO - 2020-07-20 04:50:55 --> Controller "App\Controllers\Sections" loaded.
INFO - 2020-07-20 04:50:55 --> Fetching Sections details
INFO - 2020-07-20 04:50:55 --> Controller "App\Controllers\Sections" loaded.
INFO - 2020-07-20 04:50:55 --> Fetching Sections details
INFO - 2020-07-20 04:53:44 --> Controller "App\Controllers\Sections" loaded.
INFO - 2020-07-20 04:53:44 --> Fetching Sections details
INFO - 2020-07-20 04:53:44 --> Controller "App\Controllers\Students" loaded.
INFO - 2020-07-20 04:53:44 --> Fetching All Leave details
INFO - 2020-07-20 04:53:44 --> Controller "App\Controllers\StudentDetails" loaded.
INFO - 2020-07-20 04:53:44 --> Controller "App\Controllers\Academicyears" loaded.
INFO - 2020-07-20 04:53:44 --> Controller "App\Controllers\Sections" loaded.
INFO - 2020-07-20 04:53:44 --> Fetching Academic year details
INFO - 2020-07-20 04:53:44 --> Fetching All Leave details
INFO - 2020-07-20 04:53:44 --> Controller "App\Controllers\Boards" loaded.
INFO - 2020-07-20 04:53:44 --> Fetching Sections details
INFO - 2020-07-20 04:53:44 --> Fetching Boards details
INFO - 2020-07-20 04:53:44 --> Controller "App\Controllers\Categories" loaded.
INFO - 2020-07-20 04:53:44 --> Fetching Category details
INFO - 2020-07-20 04:53:44 --> Controller "App\Controllers\Sections" loaded.
INFO - 2020-07-20 04:53:44 --> Fetching Sections details
INFO - 2020-07-20 04:53:44 --> Controller "App\Controllers\Sections" loaded.
INFO - 2020-07-20 04:53:44 --> Controller "App\Controllers\Sections" loaded.
INFO - 2020-07-20 04:53:44 --> Fetching Sections details
INFO - 2020-07-20 04:53:44 --> Fetching Sections details
INFO - 2020-07-20 04:54:21 --> Controller "App\Controllers\Students" loaded.
INFO - 2020-07-20 04:54:21 --> Fetching All Leave details
INFO - 2020-07-20 04:54:41 --> Controller "App\Controllers\Students" loaded.
INFO - 2020-07-20 04:54:41 --> Fetching Leave details with Id
INFO - 2020-07-20 05:07:12 --> Controller "App\Controllers\Sections" loaded.
INFO - 2020-07-20 05:07:12 --> Fetching Sections details
INFO - 2020-07-20 05:07:12 --> Controller "App\Controllers\Boards" loaded.
INFO - 2020-07-20 05:07:12 --> Controller "App\Controllers\Academicyears" loaded.
INFO - 2020-07-20 05:07:12 --> Fetching Academic year details
INFO - 2020-07-20 05:07:12 --> Fetching Boards details
INFO - 2020-07-20 05:07:12 --> Controller "App\Controllers\Students" loaded.
INFO - 2020-07-20 05:07:12 --> Fetching All Leave details
INFO - 2020-07-20 05:07:12 --> Controller "App\Controllers\Sections" loaded.
INFO - 2020-07-20 05:07:12 --> Controller "App\Controllers\StudentDetails" loaded.
INFO - 2020-07-20 05:07:12 --> Fetching All Leave details
INFO - 2020-07-20 05:07:12 --> Fetching Sections details
INFO - 2020-07-20 05:07:12 --> Controller "App\Controllers\Categories" loaded.
INFO - 2020-07-20 05:07:12 --> Fetching Category details
INFO - 2020-07-20 05:07:12 --> Controller "App\Controllers\Sections" loaded.
INFO - 2020-07-20 05:07:12 --> Fetching Sections details
INFO - 2020-07-20 05:07:12 --> Controller "App\Controllers\Sections" loaded.
INFO - 2020-07-20 05:07:12 --> Fetching Sections details
INFO - 2020-07-20 05:07:12 --> Controller "App\Controllers\Sections" loaded.
INFO - 2020-07-20 05:07:13 --> Fetching Sections details
INFO - 2020-07-20 05:07:23 --> Controller "App\Controllers\Students" loaded.
INFO - 2020-07-20 05:07:23 --> Fetching All Leave details
INFO - 2020-07-20 05:07:28 --> Controller "App\Controllers\Students" loaded.
INFO - 2020-07-20 05:07:28 --> Fetching Leave details with Id
INFO - 2020-07-20 05:09:27 --> Controller "App\Controllers\Sections" loaded.
INFO - 2020-07-20 05:09:27 --> Fetching Sections details
INFO - 2020-07-20 05:09:27 --> Controller "App\Controllers\Students" loaded.
INFO - 2020-07-20 05:09:27 --> Fetching All Leave details
INFO - 2020-07-20 05:09:27 --> Controller "App\Controllers\Boards" loaded.
INFO - 2020-07-20 05:09:27 --> Controller "App\Controllers\Academicyears" loaded.
INFO - 2020-07-20 05:09:27 --> Fetching Boards details
INFO - 2020-07-20 05:09:27 --> Fetching Academic year details
INFO - 2020-07-20 05:09:27 --> Controller "App\Controllers\StudentDetails" loaded.
INFO - 2020-07-20 05:09:27 --> Fetching All Leave details
INFO - 2020-07-20 05:09:27 --> Controller "App\Controllers\Sections" loaded.
INFO - 2020-07-20 05:09:27 --> Fetching Sections details
INFO - 2020-07-20 05:09:27 --> Controller "App\Controllers\Categories" loaded.
INFO - 2020-07-20 05:09:27 --> Fetching Category details
INFO - 2020-07-20 05:09:27 --> Controller "App\Controllers\Sections" loaded.
INFO - 2020-07-20 05:09:27 --> Controller "App\Controllers\Sections" loaded.
INFO - 2020-07-20 05:09:27 --> Fetching Sections details
INFO - 2020-07-20 05:09:27 --> Fetching Sections details
INFO - 2020-07-20 05:09:27 --> Controller "App\Controllers\Sections" loaded.
INFO - 2020-07-20 05:09:27 --> Fetching Sections details
INFO - 2020-07-20 05:10:41 --> Controller "App\Controllers\Students" loaded.
INFO - 2020-07-20 05:10:41 --> Fetching All Leave details
INFO - 2020-07-20 05:10:44 --> Controller "App\Controllers\Students" loaded.
INFO - 2020-07-20 05:10:44 --> Fetching Leave details with Id
INFO - 2020-07-20 05:11:05 --> Controller "App\Controllers\Sections" loaded.
INFO - 2020-07-20 05:11:05 --> Fetching Sections details
INFO - 2020-07-20 05:11:06 --> Controller "App\Controllers\Sections" loaded.
INFO - 2020-07-20 05:11:06 --> Fetching Sections details
INFO - 2020-07-20 05:11:29 --> Controller "App\Controllers\Boards" loaded.
INFO - 2020-07-20 05:11:29 --> Controller "App\Controllers\Academicyears" loaded.
INFO - 2020-07-20 05:11:29 --> Fetching Boards details
INFO - 2020-07-20 05:11:29 --> Controller "App\Controllers\Sections" loaded.
INFO - 2020-07-20 05:11:29 --> Fetching Academic year details
INFO - 2020-07-20 05:11:29 --> Controller "App\Controllers\SubjectStandards" loaded.
INFO - 2020-07-20 05:11:29 --> Controller "App\Controllers\Assignments" loaded.
INFO - 2020-07-20 05:11:29 --> Fetching Sections details
INFO - 2020-07-20 05:11:29 --> Fetching Assignments Details details
INFO - 2020-07-20 05:11:29 --> Fetching Subjects details
INFO - 2020-07-20 05:11:29 --> Controller "App\Controllers\Assignments" loaded.
INFO - 2020-07-20 05:11:29 --> Fetching Assignments details
INFO - 2020-07-20 05:11:29 --> Controller "App\Controllers\Assignments" loaded.
INFO - 2020-07-20 05:11:29 --> Fetching Assignments Id details
INFO - 2020-07-20 05:11:29 --> Controller "App\Controllers\Assignments" loaded.
INFO - 2020-07-20 15:41:29 --> Fetching Assignments Mapped Id details
INFO - 2020-07-20 05:11:29 --> Controller "App\Controllers\Assignments" loaded.
INFO - 2020-07-20 05:11:29 --> Fetching Assignments Grade details
INFO - 2020-07-20 05:11:29 --> Controller "App\Controllers\Sections" loaded.
INFO - 2020-07-20 05:11:29 --> Controller "App\Controllers\Assignments" loaded.
INFO - 2020-07-20 05:11:29 --> Fetching Assignments Details details
INFO - 2020-07-20 05:11:29 --> Fetching Sections details
INFO - 2020-07-20 05:11:37 --> Controller "App\Controllers\Staffs" loaded.
INFO - 2020-07-20 05:11:37 --> Fetching All Leave details
INFO - 2020-07-20 05:11:37 --> Controller "App\Controllers\SubjectStandards" loaded.
INFO - 2020-07-20 05:11:37 --> Fetching Subjects details
INFO - 2020-07-20 05:11:37 --> Controller "App\Controllers\Assignments" loaded.
INFO - 2020-07-20 05:11:37 --> Fetching Assignments details
INFO - 2020-07-20 05:12:18 --> Controller "App\Controllers\Staffs" loaded.
INFO - 2020-07-20 05:12:18 --> Fetching All Leave details
INFO - 2020-07-20 05:12:18 --> Controller "App\Controllers\SubjectStandards" loaded.
INFO - 2020-07-20 05:12:18 --> Fetching Subjects details
INFO - 2020-07-20 05:12:18 --> Controller "App\Controllers\Assignments" loaded.
INFO - 2020-07-20 05:12:18 --> Fetching Assignments details
INFO - 2020-07-20 05:12:20 --> Controller "App\Controllers\Assignments" loaded.
INFO - 2020-07-20 05:12:20 --> Fetching Assignments details
INFO - 2020-07-20 05:12:24 --> Controller "App\Controllers\Assignments" loaded.
INFO - 2020-07-20 05:12:24 --> Fetching Assignments details
INFO - 2020-07-20 05:12:24 --> Controller "App\Controllers\SubjectStandards" loaded.
INFO - 2020-07-20 05:12:24 --> Fetching Subjects details
INFO - 2020-07-20 05:12:30 --> Controller "App\Controllers\Assignments" loaded.
INFO - 2020-07-20 05:12:30 --> Fetching Assignments details
INFO - 2020-07-20 05:12:30 --> Controller "App\Controllers\SubjectStandards" loaded.
INFO - 2020-07-20 05:12:30 --> Fetching Subjects details
INFO - 2020-07-20 05:12:37 --> Controller "App\Controllers\Staffs" loaded.
INFO - 2020-07-20 05:12:37 --> Fetching All Leave details
INFO - 2020-07-20 05:12:37 --> Controller "App\Controllers\SubjectStandards" loaded.
INFO - 2020-07-20 05:12:37 --> Fetching Subjects details
INFO - 2020-07-20 05:12:37 --> Controller "App\Controllers\Assignments" loaded.
INFO - 2020-07-20 05:12:37 --> Fetching Assignments details
INFO - 2020-07-20 05:12:40 --> Controller "App\Controllers\Assignments" loaded.
INFO - 2020-07-20 05:12:40 --> Fetching Assignments details
INFO - 2020-07-20 05:12:43 --> Controller "App\Controllers\Assignments" loaded.
INFO - 2020-07-20 05:12:43 --> Fetching Assignments details
INFO - 2020-07-20 05:12:45 --> Controller "App\Controllers\Assignments" loaded.
INFO - 2020-07-20 05:12:45 --> Fetching Assignments details
INFO - 2020-07-20 05:13:38 --> Controller "App\Controllers\Academicyears" loaded.
INFO - 2020-07-20 05:13:38 --> Fetching Academic year details
INFO - 2020-07-20 05:13:38 --> Controller "App\Controllers\Boards" loaded.
INFO - 2020-07-20 05:13:38 --> Fetching Boards details
INFO - 2020-07-20 05:13:38 --> Controller "App\Controllers\Sections" loaded.
INFO - 2020-07-20 05:13:38 --> Fetching Sections details
INFO - 2020-07-20 05:13:38 --> Controller "App\Controllers\Assignments" loaded.
INFO - 2020-07-20 05:13:38 --> Fetching Assignments Details details
INFO - 2020-07-20 05:13:38 --> Controller "App\Controllers\SubjectStandards" loaded.
INFO - 2020-07-20 05:13:38 --> Fetching Subjects details
INFO - 2020-07-20 05:13:38 --> Controller "App\Controllers\Assignments" loaded.
INFO - 2020-07-20 05:13:38 --> Fetching Assignments details
INFO - 2020-07-20 05:13:38 --> Controller "App\Controllers\Assignments" loaded.
INFO - 2020-07-20 05:13:38 --> Fetching Assignments Id details
INFO - 2020-07-20 05:13:38 --> Controller "App\Controllers\Assignments" loaded.
INFO - 2020-07-20 15:43:38 --> Fetching Assignments Mapped Id details
INFO - 2020-07-20 05:13:38 --> Controller "App\Controllers\Assignments" loaded.
INFO - 2020-07-20 05:13:38 --> Fetching Assignments Grade details
INFO - 2020-07-20 05:13:38 --> Controller "App\Controllers\Sections" loaded.
INFO - 2020-07-20 05:13:38 --> Fetching Sections details
INFO - 2020-07-20 05:13:38 --> Controller "App\Controllers\Assignments" loaded.
INFO - 2020-07-20 05:13:38 --> Fetching Assignments Details details
INFO - 2020-07-20 05:13:41 --> Controller "App\Controllers\Staffs" loaded.
INFO - 2020-07-20 05:13:41 --> Fetching All Leave details
INFO - 2020-07-20 05:13:41 --> Controller "App\Controllers\SubjectStandards" loaded.
INFO - 2020-07-20 05:13:41 --> Fetching Subjects details
INFO - 2020-07-20 05:13:41 --> Controller "App\Controllers\Assignments" loaded.
INFO - 2020-07-20 05:13:41 --> Fetching Assignments details
INFO - 2020-07-20 05:13:44 --> Controller "App\Controllers\Assignments" loaded.
INFO - 2020-07-20 05:13:44 --> Fetching Assignments details
INFO - 2020-07-20 05:17:54 --> Controller "App\Controllers\Assignments" loaded.
INFO - 2020-07-20 05:17:54 --> Fetching Assignments details
INFO - 2020-07-20 05:17:57 --> Controller "App\Controllers\Assignments" loaded.
INFO - 2020-07-20 05:17:57 --> Fetching Assignments details
INFO - 2020-07-20 05:17:57 --> Controller "App\Controllers\SubjectStandards" loaded.
INFO - 2020-07-20 05:17:57 --> Fetching Subjects details
INFO - 2020-07-20 05:17:58 --> Controller "App\Controllers\Assignments" loaded.
INFO - 2020-07-20 05:17:58 --> Fetching Assignments details
INFO - 2020-07-20 05:17:58 --> Controller "App\Controllers\SubjectStandards" loaded.
INFO - 2020-07-20 05:17:58 --> Fetching Subjects details
INFO - 2020-07-20 05:17:59 --> Controller "App\Controllers\Sections" loaded.
INFO - 2020-07-20 05:17:59 --> Fetching Sections details
INFO - 2020-07-20 05:17:59 --> Controller "App\Controllers\Sections" loaded.
INFO - 2020-07-20 05:17:59 --> Fetching Sections details
INFO - 2020-07-20 05:18:00 --> Controller "App\Controllers\Sections" loaded.
INFO - 2020-07-20 05:18:00 --> Fetching Sections details
INFO - 2020-07-20 05:18:01 --> Controller "App\Controllers\Assignments" loaded.
INFO - 2020-07-20 05:18:01 --> Fetching Assignments details
INFO - 2020-07-20 05:18:01 --> Controller "App\Controllers\SubjectStandards" loaded.
INFO - 2020-07-20 05:18:01 --> Fetching Subjects details
INFO - 2020-07-20 05:18:01 --> Controller "App\Controllers\Assignments" loaded.
INFO - 2020-07-20 05:18:01 --> Fetching Assignments details
INFO - 2020-07-20 05:18:01 --> Controller "App\Controllers\SubjectStandards" loaded.
INFO - 2020-07-20 05:18:01 --> Fetching Subjects details
INFO - 2020-07-20 05:18:01 --> Controller "App\Controllers\Assignments" loaded.
INFO - 2020-07-20 05:18:02 --> Fetching Assignments details
INFO - 2020-07-20 05:18:02 --> Controller "App\Controllers\SubjectStandards" loaded.
INFO - 2020-07-20 05:18:02 --> Fetching Subjects details
INFO - 2020-07-20 05:18:02 --> Controller "App\Controllers\Assignments" loaded.
INFO - 2020-07-20 05:18:02 --> Fetching Assignments details
INFO - 2020-07-20 05:18:02 --> Controller "App\Controllers\SubjectStandards" loaded.
INFO - 2020-07-20 05:18:02 --> Fetching Subjects details
INFO - 2020-07-20 05:18:11 --> Controller "App\Controllers\Sections" loaded.
INFO - 2020-07-20 05:18:11 --> Fetching Sections details
INFO - 2020-07-20 05:18:11 --> Controller "App\Controllers\Students" loaded.
INFO - 2020-07-20 05:18:11 --> Fetching All Leave details
INFO - 2020-07-20 05:18:11 --> Controller "App\Controllers\Academicyears" loaded.
INFO - 2020-07-20 05:18:11 --> Fetching Academic year details
INFO - 2020-07-20 05:18:11 --> Controller "App\Controllers\Boards" loaded.
INFO - 2020-07-20 05:18:11 --> Fetching Boards details
INFO - 2020-07-20 05:18:11 --> Controller "App\Controllers\StudentDetails" loaded.
INFO - 2020-07-20 05:18:11 --> Fetching All Leave details
INFO - 2020-07-20 05:18:11 --> Controller "App\Controllers\Sections" loaded.
INFO - 2020-07-20 05:18:11 --> Fetching Sections details
INFO - 2020-07-20 05:18:11 --> Controller "App\Controllers\Categories" loaded.
INFO - 2020-07-20 05:18:11 --> Fetching Category details
INFO - 2020-07-20 05:18:12 --> Controller "App\Controllers\Sections" loaded.
INFO - 2020-07-20 05:18:12 --> Fetching Sections details
INFO - 2020-07-20 05:18:12 --> Controller "App\Controllers\Sections" loaded.
INFO - 2020-07-20 05:18:12 --> Controller "App\Controllers\Sections" loaded.
INFO - 2020-07-20 05:18:12 --> Fetching Sections details
INFO - 2020-07-20 05:18:12 --> Fetching Sections details
INFO - 2020-07-20 05:18:31 --> Controller "App\Controllers\Boards" loaded.
INFO - 2020-07-20 05:18:31 --> Fetching Boards details
INFO - 2020-07-20 05:18:31 --> Controller "App\Controllers\Sections" loaded.
INFO - 2020-07-20 05:18:31 --> Controller "App\Controllers\Staffs" loaded.
INFO - 2020-07-20 05:18:31 --> Fetching Sections details
INFO - 2020-07-20 05:18:31 --> Fetching All staff details
INFO - 2020-07-20 05:18:31 --> Controller "App\Controllers\StaffDetails" loaded.
INFO - 2020-07-20 05:18:31 --> Controller "App\Controllers\StaffDetails" loaded.
INFO - 2020-07-20 05:18:31 --> Fetching Department details
INFO - 2020-07-20 05:18:31 --> Fetching All Leave details
INFO - 2020-07-20 05:18:31 --> Controller "App\Controllers\StaffDetails" loaded.
INFO - 2020-07-20 05:18:31 --> Fetching Department details
INFO - 2020-07-20 05:18:37 --> Controller "App\Controllers\Staffs" loaded.
INFO - 2020-07-20 05:18:37 --> Fetching All staff details
INFO - 2020-07-20 05:18:39 --> Controller "App\Controllers\Staffs" loaded.
INFO - 2020-07-20 05:18:39 --> Fetching staff details with Id
INFO - 2020-07-20 05:18:39 --> Controller "App\Controllers\Staffs" loaded.
INFO - 2020-07-20 05:18:39 --> Fetching All staff details
INFO - 2020-07-20 05:18:54 --> Controller "App\Controllers\Staffs" loaded.
INFO - 2020-07-20 05:18:54 --> Fetching All staff details
INFO - 2020-07-20 05:18:57 --> Controller "App\Controllers\Staffs" loaded.
INFO - 2020-07-20 05:18:57 --> Fetching staff details with Id
INFO - 2020-07-20 05:18:57 --> Controller "App\Controllers\Staffs" loaded.
INFO - 2020-07-20 05:18:57 --> Fetching All staff details
INFO - 2020-07-20 05:19:11 --> Controller "App\Controllers\Boards" loaded.
INFO - 2020-07-20 05:19:11 --> Fetching Boards details
INFO - 2020-07-20 05:19:11 --> Controller "App\Controllers\Management" loaded.
INFO - 2020-07-20 05:19:11 --> Fetching All Management details
INFO - 2020-07-20 05:19:12 --> Controller "App\Controllers\Management" loaded.
INFO - 2020-07-20 05:19:12 --> Fetching Management details
INFO - 2020-07-20 05:19:16 --> Controller "App\Controllers\Management" loaded.
INFO - 2020-07-20 05:19:16 --> Fetching Management details with Id
INFO - 2020-07-20 05:19:28 --> Controller "App\Controllers\Management" loaded.
INFO - 2020-07-20 05:19:28 --> Fetching Management details with Id
INFO - 2020-07-20 05:19:33 --> Controller "App\Controllers\Management" loaded.
INFO - 2020-07-20 05:19:33 --> Fetching Management details with Id
INFO - 2020-07-20 05:19:46 --> Controller "App\Controllers\Alumnus" loaded.
INFO - 2020-07-20 05:19:46 --> Fetching All Leave details
INFO - 2020-07-20 05:19:46 --> Controller "App\Controllers\Alumnus" loaded.
INFO - 2020-07-20 05:19:46 --> Fetching Alumni details
INFO - 2020-07-20 05:19:51 --> Controller "App\Controllers\Alumnus" loaded.
INFO - 2020-07-20 05:19:51 --> Fetching Leave details with Id
INFO - 2020-07-20 05:20:09 --> Controller "App\Controllers\Academicyears" loaded.
INFO - 2020-07-20 05:20:09 --> Fetching Academic year details
INFO - 2020-07-20 05:20:09 --> Controller "App\Controllers\Sections" loaded.
INFO - 2020-07-20 05:20:09 --> Controller "App\Controllers\Boards" loaded.
INFO - 2020-07-20 05:20:09 --> Fetching Sections details
INFO - 2020-07-20 05:20:09 --> Fetching Boards details
INFO - 2020-07-20 05:20:09 --> Controller "App\Controllers\Holidays" loaded.
INFO - 2020-07-20 05:20:09 --> Fetching holidays Details details
INFO - 2020-07-20 05:20:09 --> Controller "App\Controllers\Sections" loaded.
INFO - 2020-07-20 05:20:09 --> Fetching Sections details
INFO - 2020-07-20 05:20:10 --> Controller "App\Controllers\Holidays" loaded.
INFO - 2020-07-20 05:20:10 --> Fetching holidays Details details
INFO - 2020-07-20 05:20:20 --> Controller "App\Controllers\Sections" loaded.
INFO - 2020-07-20 05:20:20 --> Fetching Sections details
INFO - 2020-07-20 05:20:21 --> Controller "App\Controllers\Sections" loaded.
INFO - 2020-07-20 05:20:21 --> Fetching Sections details
INFO - 2020-07-20 05:20:22 --> Controller "App\Controllers\Sections" loaded.
INFO - 2020-07-20 05:20:22 --> Fetching Sections details
INFO - 2020-07-20 23:19:20 --> Controller "App\Controllers\Students" loaded.
INFO - 2020-07-20 23:19:20 --> Controller "App\Controllers\Sections" loaded.
INFO - 2020-07-20 23:19:20 --> Fetching All Leave details
INFO - 2020-07-20 23:19:20 --> Fetching Sections details
INFO - 2020-07-20 23:19:20 --> Controller "App\Controllers\Academicyears" loaded.
INFO - 2020-07-20 23:19:20 --> Fetching Academic year details
INFO - 2020-07-20 23:19:20 --> Controller "App\Controllers\Boards" loaded.
INFO - 2020-07-20 23:19:20 --> Fetching Boards details
INFO - 2020-07-20 23:19:20 --> Controller "App\Controllers\StudentDetails" loaded.
INFO - 2020-07-20 23:19:20 --> Controller "App\Controllers\Sections" loaded.
INFO - 2020-07-20 23:19:20 --> Controller "App\Controllers\Categories" loaded.
INFO - 2020-07-20 23:19:20 --> Fetching All Leave details
INFO - 2020-07-20 23:19:20 --> Fetching Category details
INFO - 2020-07-20 23:19:20 --> Fetching Sections details
INFO - 2020-07-20 23:19:20 --> Controller "App\Controllers\Sections" loaded.
INFO - 2020-07-20 23:19:20 --> Fetching Sections details
INFO - 2020-07-20 23:19:20 --> Controller "App\Controllers\Sections" loaded.
INFO - 2020-07-20 23:19:20 --> Controller "App\Controllers\Sections" loaded.
INFO - 2020-07-20 23:19:20 --> Fetching Sections details
INFO - 2020-07-20 23:19:20 --> Fetching Sections details
INFO - 2020-07-20 23:22:49 --> Controller "App\Controllers\Sections" loaded.
INFO - 2020-07-20 23:22:49 --> Controller "App\Controllers\Students" loaded.
INFO - 2020-07-20 23:22:49 --> Controller "App\Controllers\Academicyears" loaded.
INFO - 2020-07-20 23:22:49 --> Controller "App\Controllers\StudentDetails" loaded.
INFO - 2020-07-20 23:22:49 --> Fetching Academic year details
INFO - 2020-07-20 23:22:49 --> Controller "App\Controllers\Boards" loaded.
INFO - 2020-07-20 23:22:49 --> Fetching All Leave details
INFO - 2020-07-20 23:22:49 --> Fetching Boards details
INFO - 2020-07-20 23:22:49 --> Fetching All Leave details
INFO - 2020-07-20 23:22:49 --> Controller "App\Controllers\Sections" loaded.
INFO - 2020-07-20 23:22:49 --> Fetching Sections details
INFO - 2020-07-20 23:22:49 --> Fetching Sections details
INFO - 2020-07-20 23:22:50 --> Controller "App\Controllers\Categories" loaded.
INFO - 2020-07-20 23:22:50 --> Fetching Category details
INFO - 2020-07-20 23:22:50 --> Controller "App\Controllers\Sections" loaded.
INFO - 2020-07-20 23:22:50 --> Fetching Sections details
INFO - 2020-07-20 23:22:50 --> Controller "App\Controllers\Sections" loaded.
INFO - 2020-07-20 23:22:50 --> Controller "App\Controllers\Sections" loaded.
INFO - 2020-07-20 23:22:50 --> Fetching Sections details
INFO - 2020-07-20 23:22:50 --> Fetching Sections details
INFO - 2020-07-20 23:23:59 --> Controller "App\Controllers\Students" loaded.
INFO - 2020-07-20 23:23:59 --> Fetching All Leave details
INFO - 2020-07-20 23:24:01 --> Controller "App\Controllers\Students" loaded.
INFO - 2020-07-20 23:24:01 --> Fetching Leave details with Id
INFO - 2020-07-20 23:27:34 --> Controller "App\Controllers\Sections" loaded.
INFO - 2020-07-20 23:27:34 --> Controller "App\Controllers\Students" loaded.
INFO - 2020-07-20 23:27:34 --> Fetching Sections details
INFO - 2020-07-20 23:27:34 --> Controller "App\Controllers\Boards" loaded.
INFO - 2020-07-20 23:27:34 --> Controller "App\Controllers\Academicyears" loaded.
INFO - 2020-07-20 23:27:34 --> Controller "App\Controllers\StudentDetails" loaded.
INFO - 2020-07-20 23:27:34 --> Fetching Academic year details
INFO - 2020-07-20 23:27:34 --> Fetching Boards details
INFO - 2020-07-20 23:27:34 --> Controller "App\Controllers\Sections" loaded.
INFO - 2020-07-20 23:27:34 --> Fetching All Leave details
INFO - 2020-07-20 23:27:34 --> Fetching All Leave details
INFO - 2020-07-20 23:27:34 --> Fetching Sections details
INFO - 2020-07-20 23:27:34 --> Controller "App\Controllers\Categories" loaded.
INFO - 2020-07-20 23:27:34 --> Fetching Category details
INFO - 2020-07-20 23:27:34 --> Controller "App\Controllers\Sections" loaded.
INFO - 2020-07-20 23:27:34 --> Fetching Sections details
INFO - 2020-07-20 23:27:34 --> Controller "App\Controllers\Sections" loaded.
INFO - 2020-07-20 23:27:34 --> Controller "App\Controllers\Sections" loaded.
INFO - 2020-07-20 23:27:34 --> Fetching Sections details
INFO - 2020-07-20 23:27:34 --> Fetching Sections details
INFO - 2020-07-20 23:27:39 --> Controller "App\Controllers\Students" loaded.
INFO - 2020-07-20 23:27:39 --> Fetching All Leave details
INFO - 2020-07-20 23:27:40 --> Controller "App\Controllers\Students" loaded.
INFO - 2020-07-20 23:27:40 --> Fetching Leave details with Id
INFO - 2020-07-20 23:34:03 --> Controller "App\Controllers\Academicyears" loaded.
INFO - 2020-07-20 23:34:03 --> Controller "App\Controllers\StudentDetails" loaded.
INFO - 2020-07-20 23:34:03 --> Controller "App\Controllers\Sections" loaded.
INFO - 2020-07-20 23:34:03 --> Controller "App\Controllers\Students" loaded.
INFO - 2020-07-20 23:34:03 --> Controller "App\Controllers\Sections" loaded.
INFO - 2020-07-20 23:34:03 --> Fetching Academic year details
INFO - 2020-07-20 23:34:03 --> Fetching All Leave details
INFO - 2020-07-20 23:34:03 --> Fetching All Leave details
INFO - 2020-07-20 23:34:03 --> Controller "App\Controllers\Boards" loaded.
INFO - 2020-07-20 23:34:03 --> Fetching Sections details
INFO - 2020-07-20 23:34:03 --> Fetching Sections details
INFO - 2020-07-20 23:34:03 --> Fetching Boards details
INFO - 2020-07-20 23:34:03 --> Controller "App\Controllers\Categories" loaded.
INFO - 2020-07-20 23:34:03 --> Fetching Category details
INFO - 2020-07-20 23:34:03 --> Controller "App\Controllers\Sections" loaded.
INFO - 2020-07-20 23:34:03 --> Fetching Sections details
INFO - 2020-07-20 23:34:03 --> Controller "App\Controllers\Sections" loaded.
INFO - 2020-07-20 23:34:03 --> Controller "App\Controllers\Sections" loaded.
INFO - 2020-07-20 23:34:03 --> Fetching Sections details
INFO - 2020-07-20 23:34:03 --> Fetching Sections details
INFO - 2020-07-20 23:34:31 --> Controller "App\Controllers\Students" loaded.
INFO - 2020-07-20 23:34:31 --> Fetching All Leave details
INFO - 2020-07-20 23:34:34 --> Controller "App\Controllers\Students" loaded.
INFO - 2020-07-20 23:34:34 --> Fetching Leave details with Id
INFO - 2020-07-20 23:36:53 --> Controller "App\Controllers\Sections" loaded.
INFO - 2020-07-20 23:36:53 --> Fetching Sections details
INFO - 2020-07-20 23:36:53 --> Controller "App\Controllers\Students" loaded.
INFO - 2020-07-20 23:36:53 --> Controller "App\Controllers\Academicyears" loaded.
INFO - 2020-07-20 23:36:53 --> Controller "App\Controllers\Sections" loaded.
INFO - 2020-07-20 23:36:53 --> Controller "App\Controllers\StudentDetails" loaded.
INFO - 2020-07-20 23:36:53 --> Controller "App\Controllers\Boards" loaded.
INFO - 2020-07-20 23:36:53 --> Fetching All Leave details
INFO - 2020-07-20 23:36:53 --> Fetching Academic year details
INFO - 2020-07-20 23:36:53 --> Fetching Boards details
INFO - 2020-07-20 23:36:53 --> Fetching All Leave details
INFO - 2020-07-20 23:36:53 --> Fetching Sections details
INFO - 2020-07-20 23:36:53 --> Controller "App\Controllers\Categories" loaded.
INFO - 2020-07-20 23:36:53 --> Fetching Category details
INFO - 2020-07-20 23:36:53 --> Controller "App\Controllers\Sections" loaded.
INFO - 2020-07-20 23:36:53 --> Fetching Sections details
INFO - 2020-07-20 23:36:53 --> Controller "App\Controllers\Sections" loaded.
INFO - 2020-07-20 23:36:53 --> Controller "App\Controllers\Sections" loaded.
INFO - 2020-07-20 23:36:53 --> Fetching Sections details
INFO - 2020-07-20 23:36:53 --> Fetching Sections details
INFO - 2020-07-20 23:36:58 --> Controller "App\Controllers\Students" loaded.
INFO - 2020-07-20 23:36:58 --> Fetching All Leave details
INFO - 2020-07-20 23:36:59 --> Controller "App\Controllers\Students" loaded.
INFO - 2020-07-20 23:36:59 --> Fetching Leave details with Id
INFO - 2020-07-20 23:41:07 --> Controller "App\Controllers\Students" loaded.
INFO - 2020-07-20 23:41:07 --> Controller "App\Controllers\Sections" loaded.
INFO - 2020-07-20 23:41:07 --> Controller "App\Controllers\StudentDetails" loaded.
INFO - 2020-07-20 23:41:07 --> Controller "App\Controllers\Sections" loaded.
INFO - 2020-07-20 23:41:07 --> Controller "App\Controllers\Boards" loaded.
INFO - 2020-07-20 23:41:07 --> Fetching All Leave details
INFO - 2020-07-20 23:41:07 --> Fetching Boards details
INFO - 2020-07-20 23:41:07 --> Fetching All Leave details
INFO - 2020-07-20 23:41:07 --> Fetching Sections details
INFO - 2020-07-20 23:41:07 --> Controller "App\Controllers\Academicyears" loaded.
INFO - 2020-07-20 23:41:07 --> Fetching Academic year details
INFO - 2020-07-20 23:41:07 --> Fetching Sections details
INFO - 2020-07-20 23:41:07 --> Controller "App\Controllers\Categories" loaded.
INFO - 2020-07-20 23:41:07 --> Fetching Category details
INFO - 2020-07-20 23:41:07 --> Controller "App\Controllers\Sections" loaded.
INFO - 2020-07-20 23:41:07 --> Controller "App\Controllers\Sections" loaded.
INFO - 2020-07-20 23:41:07 --> Fetching Sections details
INFO - 2020-07-20 23:41:07 --> Fetching Sections details
INFO - 2020-07-20 23:41:08 --> Controller "App\Controllers\Sections" loaded.
INFO - 2020-07-20 23:41:08 --> Fetching Sections details
INFO - 2020-07-20 23:43:14 --> Controller "App\Controllers\Students" loaded.
INFO - 2020-07-20 23:43:14 --> Controller "App\Controllers\Academicyears" loaded.
INFO - 2020-07-20 23:43:14 --> Controller "App\Controllers\StudentDetails" loaded.
INFO - 2020-07-20 23:43:14 --> Controller "App\Controllers\Sections" loaded.
INFO - 2020-07-20 23:43:14 --> Controller "App\Controllers\Boards" loaded.
INFO - 2020-07-20 23:43:14 --> Fetching All Leave details
INFO - 2020-07-20 23:43:14 --> Fetching Boards details
INFO - 2020-07-20 23:43:14 --> Fetching Academic year details
INFO - 2020-07-20 23:43:14 --> Fetching All Leave details
INFO - 2020-07-20 23:43:14 --> Fetching Sections details
INFO - 2020-07-20 23:43:14 --> Controller "App\Controllers\Sections" loaded.
INFO - 2020-07-20 23:43:14 --> Fetching Sections details
INFO - 2020-07-20 23:43:14 --> Controller "App\Controllers\Categories" loaded.
INFO - 2020-07-20 23:43:14 --> Fetching Category details
INFO - 2020-07-20 23:43:14 --> Controller "App\Controllers\Sections" loaded.
INFO - 2020-07-20 23:43:14 --> Controller "App\Controllers\Sections" loaded.
INFO - 2020-07-20 23:43:14 --> Fetching Sections details
INFO - 2020-07-20 23:43:14 --> Fetching Sections details
INFO - 2020-07-20 23:43:14 --> Controller "App\Controllers\Sections" loaded.
INFO - 2020-07-20 23:43:14 --> Fetching Sections details
INFO - 2020-07-20 23:43:44 --> Controller "App\Controllers\Students" loaded.
INFO - 2020-07-20 23:43:44 --> Fetching All Leave details
INFO - 2020-07-20 23:43:45 --> Controller "App\Controllers\Students" loaded.
INFO - 2020-07-20 23:43:45 --> Fetching Leave details with Id
INFO - 2020-07-20 23:45:25 --> Controller "App\Controllers\Users" loaded.
INFO - 2020-07-20 23:45:25 --> Fetching Users details
INFO - 2020-07-20 23:45:35 --> Controller "App\Controllers\Users" loaded.
INFO - 2020-07-20 23:45:35 --> Fetching Users details
INFO - 2020-07-20 23:46:44 --> Controller "App\Controllers\Students" loaded.
INFO - 2020-07-20 23:46:44 --> Controller "App\Controllers\StudentDetails" loaded.
INFO - 2020-07-20 23:46:44 --> Controller "App\Controllers\Boards" loaded.
INFO - 2020-07-20 23:46:44 --> Fetching All Leave details
INFO - 2020-07-20 23:46:44 --> Controller "App\Controllers\Academicyears" loaded.
INFO - 2020-07-20 23:46:44 --> Fetching Boards details
INFO - 2020-07-20 23:46:44 --> Fetching All Leave details
INFO - 2020-07-20 23:46:44 --> Fetching Academic year details
INFO - 2020-07-20 23:46:45 --> Controller "App\Controllers\Sections" loaded.
INFO - 2020-07-20 23:46:45 --> Fetching Sections details
INFO - 2020-07-20 23:48:13 --> Controller "App\Controllers\Sections" loaded.
INFO - 2020-07-20 23:48:13 --> Fetching Sections details
INFO - 2020-07-20 23:48:13 --> Controller "App\Controllers\Students" loaded.
INFO - 2020-07-20 23:48:13 --> Fetching All Leave details
INFO - 2020-07-20 23:48:13 --> Controller "App\Controllers\Boards" loaded.
INFO - 2020-07-20 23:48:13 --> Fetching Boards details
INFO - 2020-07-20 23:48:13 --> Controller "App\Controllers\Academicyears" loaded.
INFO - 2020-07-20 23:48:13 --> Fetching Academic year details
INFO - 2020-07-20 23:48:13 --> Controller "App\Controllers\Sections" loaded.
INFO - 2020-07-20 23:48:13 --> Controller "App\Controllers\StudentDetails" loaded.
INFO - 2020-07-20 23:48:13 --> Fetching All Leave details
INFO - 2020-07-20 23:48:13 --> Fetching Sections details
INFO - 2020-07-20 23:48:13 --> Controller "App\Controllers\Categories" loaded.
INFO - 2020-07-20 23:48:13 --> Fetching Category details
INFO - 2020-07-20 23:48:13 --> Controller "App\Controllers\Sections" loaded.
INFO - 2020-07-20 23:48:13 --> Fetching Sections details
INFO - 2020-07-20 23:48:13 --> Controller "App\Controllers\Sections" loaded.
INFO - 2020-07-20 23:48:13 --> Fetching Sections details
INFO - 2020-07-20 23:48:13 --> Controller "App\Controllers\Sections" loaded.
INFO - 2020-07-20 23:48:13 --> Fetching Sections details
INFO - 2020-07-20 23:48:39 --> Controller "App\Controllers\Students" loaded.
INFO - 2020-07-20 23:48:39 --> Fetching All Leave details
INFO - 2020-07-20 23:48:42 --> Controller "App\Controllers\Students" loaded.
INFO - 2020-07-20 23:48:42 --> Fetching Leave details with Id
INFO - 2020-07-20 23:49:52 --> Controller "App\Controllers\Boards" loaded.
INFO - 2020-07-20 23:49:52 --> Fetching Boards details
INFO - 2020-07-20 23:49:52 --> Controller "App\Controllers\StaffDetails" loaded.
INFO - 2020-07-20 23:49:52 --> Controller "App\Controllers\Sections" loaded.
INFO - 2020-07-20 23:49:52 --> Controller "App\Controllers\Staffs" loaded.
INFO - 2020-07-20 23:49:52 --> Fetching All Leave details
INFO - 2020-07-20 23:49:52 --> Fetching All staff details
INFO - 2020-07-20 23:49:52 --> Fetching Sections details
INFO - 2020-07-20 23:49:52 --> Controller "App\Controllers\StaffDetails" loaded.
INFO - 2020-07-20 23:49:52 --> Fetching Department details
INFO - 2020-07-20 23:49:52 --> Controller "App\Controllers\StaffDetails" loaded.
INFO - 2020-07-20 23:49:52 --> Fetching Department details
INFO - 2020-07-20 23:50:09 --> Controller "App\Controllers\Staffs" loaded.
INFO - 2020-07-20 23:50:09 --> Fetching All staff details
INFO - 2020-07-20 23:50:11 --> Controller "App\Controllers\Staffs" loaded.
INFO - 2020-07-20 23:50:11 --> Fetching staff details with Id
INFO - 2020-07-20 23:50:12 --> Controller "App\Controllers\Staffs" loaded.
INFO - 2020-07-20 23:50:12 --> Fetching All staff details
INFO - 2020-07-20 23:50:42 --> Controller "App\Controllers\Boards" loaded.
INFO - 2020-07-20 23:50:42 --> Fetching Boards details
INFO - 2020-07-20 23:50:42 --> Controller "App\Controllers\Management" loaded.
INFO - 2020-07-20 23:50:42 --> Fetching All Management details
INFO - 2020-07-20 23:50:45 --> Controller "App\Controllers\Management" loaded.
INFO - 2020-07-20 23:50:45 --> Fetching Management details
INFO - 2020-07-20 23:50:48 --> Controller "App\Controllers\Management" loaded.
INFO - 2020-07-20 23:50:48 --> Fetching Management details with Id
INFO - 2020-07-20 23:51:04 --> Controller "App\Controllers\Sections" loaded.
INFO - 2020-07-20 23:51:04 --> Controller "App\Controllers\Boards" loaded.
INFO - 2020-07-20 23:51:04 --> Fetching Boards details
INFO - 2020-07-20 23:51:04 --> Fetching Sections details
INFO - 2020-07-20 23:51:04 --> Controller "App\Controllers\Staffs" loaded.
INFO - 2020-07-20 23:51:04 --> Controller "App\Controllers\StaffDetails" loaded.
INFO - 2020-07-20 23:51:04 --> Fetching All staff details
INFO - 2020-07-20 23:51:04 --> Fetching All Leave details
INFO - 2020-07-20 23:51:04 --> Controller "App\Controllers\StaffDetails" loaded.
INFO - 2020-07-20 23:51:04 --> Fetching Department details
INFO - 2020-07-20 23:51:04 --> Controller "App\Controllers\StaffDetails" loaded.
INFO - 2020-07-20 23:51:04 --> Fetching Department details
INFO - 2020-07-20 23:51:08 --> Controller "App\Controllers\Sections" loaded.
INFO - 2020-07-20 23:51:08 --> Controller "App\Controllers\Boards" loaded.
INFO - 2020-07-20 23:51:08 --> Fetching Sections details
INFO - 2020-07-20 23:51:08 --> Controller "App\Controllers\StaffDetails" loaded.
INFO - 2020-07-20 23:51:08 --> Fetching All Leave details
INFO - 2020-07-20 23:51:08 --> Controller "App\Controllers\Staffs" loaded.
INFO - 2020-07-20 23:51:08 --> Fetching Boards details
INFO - 2020-07-20 23:51:08 --> Fetching All staff details
INFO - 2020-07-20 23:51:08 --> Controller "App\Controllers\StaffDetails" loaded.
INFO - 2020-07-20 23:51:08 --> Fetching Department details
INFO - 2020-07-20 23:51:08 --> Controller "App\Controllers\StaffDetails" loaded.
INFO - 2020-07-20 23:51:08 --> Fetching Department details
INFO - 2020-07-20 23:51:34 --> Controller "App\Controllers\Students" loaded.
INFO - 2020-07-20 23:51:34 --> Controller "App\Controllers\Academicyears" loaded.
INFO - 2020-07-20 23:51:34 --> Controller "App\Controllers\Boards" loaded.
INFO - 2020-07-20 23:51:34 --> Controller "App\Controllers\StudentDetails" loaded.
INFO - 2020-07-20 23:51:34 --> Fetching Boards details
INFO - 2020-07-20 23:51:34 --> Controller "App\Controllers\Sections" loaded.
INFO - 2020-07-20 23:51:34 --> Controller "App\Controllers\Sections" loaded.
INFO - 2020-07-20 23:51:34 --> Fetching All Leave details
INFO - 2020-07-20 23:51:34 --> Fetching Academic year details
INFO - 2020-07-20 23:51:34 --> Fetching All Leave details
INFO - 2020-07-20 23:51:34 --> Fetching Sections details
INFO - 2020-07-20 23:51:34 --> Fetching Sections details
INFO - 2020-07-20 23:51:34 --> Controller "App\Controllers\Categories" loaded.
INFO - 2020-07-20 23:51:34 --> Fetching Category details
INFO - 2020-07-20 23:51:34 --> Controller "App\Controllers\Sections" loaded.
INFO - 2020-07-20 23:51:34 --> Controller "App\Controllers\Sections" loaded.
INFO - 2020-07-20 23:51:34 --> Fetching Sections details
INFO - 2020-07-20 23:51:34 --> Fetching Sections details
INFO - 2020-07-20 23:51:34 --> Controller "App\Controllers\Sections" loaded.
INFO - 2020-07-20 23:51:34 --> Fetching Sections details
INFO - 2020-07-20 23:52:11 --> Controller "App\Controllers\Feedbacks" loaded.
INFO - 2020-07-20 23:52:11 --> Controller "App\Controllers\Feedbacks" loaded.
INFO - 2020-07-20 23:52:11 --> Fetching Feedbacks Details details
INFO - 2020-07-20 23:52:11 --> Fetching Feedback details
INFO - 2020-07-20 23:52:14 --> Controller "App\Controllers\Feedbacks" loaded.
INFO - 2020-07-20 23:52:14 --> Fetching Feedback details
INFO - 2020-07-20 23:52:33 --> Controller "App\Controllers\Boards" loaded.
INFO - 2020-07-20 23:52:33 --> Controller "App\Controllers\Sections" loaded.
INFO - 2020-07-20 23:52:33 --> Controller "App\Controllers\MessageGroups" loaded.
INFO - 2020-07-20 23:52:33 --> Controller "App\Controllers\Dashboards" loaded.
INFO - 2020-07-20 23:52:33 --> Fetching Boards details
INFO - 2020-07-20 23:52:33 --> Controller "App\Controllers\Students" loaded.
INFO - 2020-07-20 23:52:33 --> Controller "App\Controllers\Users" loaded.
INFO - 2020-07-20 23:52:33 --> Fetching MessageGroups details
INFO - 2020-07-20 23:52:33 --> Fetching Dashboard details
INFO - 2020-07-20 23:52:33 --> Fetching All User details
INFO - 2020-07-20 23:52:33 --> Fetching All Leave details
INFO - 2020-07-20 23:52:33 --> Fetching Sections details
INFO - 2020-07-20 23:52:33 --> Controller "App\Controllers\MessageCenter" loaded.
INFO - 2020-07-20 23:52:33 --> Fetching MessageCenter details
INFO - 2020-07-20 23:52:40 --> Controller "App\Controllers\MessageGroups" loaded.
INFO - 2020-07-20 23:52:40 --> Controller "App\Controllers\Sections" loaded.
INFO - 2020-07-20 23:52:40 --> Fetching MessageGroups details
INFO - 2020-07-20 23:52:40 --> Fetching Sections details
INFO - 2020-07-20 23:54:58 --> Controller "App\Controllers\Sections" loaded.
INFO - 2020-07-20 23:54:58 --> Fetching Sections details
INFO - 2020-07-20 23:54:58 --> Controller "App\Controllers\Students" loaded.
INFO - 2020-07-20 23:54:58 --> Fetching All Leave details
INFO - 2020-07-20 23:55:09 --> Controller "App\Controllers\Sections" loaded.
INFO - 2020-07-20 23:55:09 --> Fetching Sections details
INFO - 2020-07-20 23:55:57 --> Controller "App\Controllers\Academicyears" loaded.
INFO - 2020-07-20 23:55:57 --> Fetching Academic year details
INFO - 2020-07-20 23:55:57 --> Controller "App\Controllers\Boards" loaded.
INFO - 2020-07-20 23:55:57 --> Controller "App\Controllers\Assignments" loaded.
INFO - 2020-07-20 23:55:57 --> Fetching Boards details
INFO - 2020-07-20 23:55:57 --> Fetching Assignments Details details
INFO - 2020-07-20 23:55:57 --> Controller "App\Controllers\Sections" loaded.
INFO - 2020-07-20 23:55:57 --> Fetching Sections details
INFO - 2020-07-20 23:55:57 --> Controller "App\Controllers\SubjectStandards" loaded.
INFO - 2020-07-20 23:55:57 --> Controller "App\Controllers\Assignments" loaded.
INFO - 2020-07-20 23:55:57 --> Fetching Subjects details
INFO - 2020-07-20 23:55:57 --> Fetching Assignments details
INFO - 2020-07-20 23:55:57 --> Controller "App\Controllers\Assignments" loaded.
INFO - 2020-07-20 23:55:57 --> Fetching Assignments Id details
INFO - 2020-07-20 23:55:58 --> Controller "App\Controllers\Assignments" loaded.
INFO - 2020-07-20 23:55:58 --> Controller "App\Controllers\Assignments" loaded.
INFO - 2020-07-20 23:55:58 --> Fetching Assignments Grade details
INFO - 2020-07-20 23:55:58 --> Controller "App\Controllers\Sections" loaded.
INFO - 2020-07-20 23:55:58 --> Fetching Sections details
INFO - 2020-07-20 23:55:58 --> Controller "App\Controllers\Assignments" loaded.
INFO - 2020-07-20 23:55:58 --> Fetching Assignments Details details
INFO - 2020-07-20 23:56:08 --> Controller "App\Controllers\Staffs" loaded.
INFO - 2020-07-20 23:56:08 --> Fetching All Leave details
INFO - 2020-07-20 23:56:08 --> Controller "App\Controllers\SubjectStandards" loaded.
INFO - 2020-07-20 23:56:08 --> Fetching Subjects details
INFO - 2020-07-20 23:56:08 --> Controller "App\Controllers\Assignments" loaded.
INFO - 2020-07-20 23:56:08 --> Fetching Assignments details
INFO - 2020-07-20 23:56:26 --> Controller "App\Controllers\Assignments" loaded.
INFO - 2020-07-20 23:56:26 --> Fetching Assignments details
INFO - 2020-07-20 23:56:26 --> Controller "App\Controllers\SubjectStandards" loaded.
INFO - 2020-07-20 23:56:26 --> Fetching Subjects details
INFO - 2020-07-20 23:56:50 --> Controller "App\Controllers\Boards" loaded.
INFO - 2020-07-20 23:56:50 --> Controller "App\Controllers\Students" loaded.
INFO - 2020-07-20 23:56:50 --> Controller "App\Controllers\Sections" loaded.
INFO - 2020-07-20 23:56:50 --> Controller "App\Controllers\StudentDetails" loaded.
INFO - 2020-07-20 23:56:50 --> Fetching All Leave details
INFO - 2020-07-20 23:56:50 --> Controller "App\Controllers\Sections" loaded.
INFO - 2020-07-20 23:56:50 --> Controller "App\Controllers\Academicyears" loaded.
INFO - 2020-07-20 23:56:50 --> Fetching Boards details
INFO - 2020-07-20 23:56:50 --> Fetching Academic year details
INFO - 2020-07-20 23:56:50 --> Fetching All Leave details
INFO - 2020-07-20 23:56:50 --> Fetching Sections details
INFO - 2020-07-20 23:56:50 --> Fetching Sections details
INFO - 2020-07-20 23:56:50 --> Controller "App\Controllers\Categories" loaded.
INFO - 2020-07-20 23:56:50 --> Fetching Category details
INFO - 2020-07-20 23:56:50 --> Controller "App\Controllers\Sections" loaded.
INFO - 2020-07-20 23:56:50 --> Fetching Sections details
INFO - 2020-07-20 23:56:51 --> Controller "App\Controllers\Sections" loaded.
INFO - 2020-07-20 23:56:51 --> Fetching Sections details
INFO - 2020-07-20 23:56:51 --> Controller "App\Controllers\Sections" loaded.
INFO - 2020-07-20 23:56:51 --> Fetching Sections details
INFO - 2020-07-20 23:56:52 --> Controller "App\Controllers\Academicyears" loaded.
INFO - 2020-07-20 23:56:52 --> Fetching Academic year details
INFO - 2020-07-20 23:56:52 --> Controller "App\Controllers\Boards" loaded.
INFO - 2020-07-20 23:56:52 --> Fetching Boards details
INFO - 2020-07-20 23:56:52 --> Controller "App\Controllers\Sections" loaded.
INFO - 2020-07-20 23:56:52 --> Fetching Sections details
INFO - 2020-07-20 23:56:52 --> Controller "App\Controllers\SubjectStandards" loaded.
INFO - 2020-07-20 23:56:52 --> Fetching Subjects details
INFO - 2020-07-20 23:56:52 --> Controller "App\Controllers\Assignments" loaded.
INFO - 2020-07-20 23:56:52 --> Fetching Assignments details
INFO - 2020-07-20 23:56:52 --> Controller "App\Controllers\Assignments" loaded.
INFO - 2020-07-20 23:56:52 --> Fetching Assignments Details details
INFO - 2020-07-20 23:56:52 --> Controller "App\Controllers\Assignments" loaded.
INFO - 2020-07-20 23:56:52 --> Fetching Assignments Id details
INFO - 2020-07-20 23:56:52 --> Controller "App\Controllers\Assignments" loaded.
INFO - 2020-07-20 23:56:52 --> Controller "App\Controllers\Assignments" loaded.
INFO - 2020-07-20 23:56:52 --> Fetching Assignments Grade details
INFO - 2020-07-20 23:56:52 --> Controller "App\Controllers\Assignments" loaded.
INFO - 2020-07-20 23:56:52 --> Controller "App\Controllers\Sections" loaded.
INFO - 2020-07-20 23:56:52 --> Fetching Assignments Details details
INFO - 2020-07-20 23:56:52 --> Fetching Sections details
INFO - 2020-07-20 23:56:58 --> Controller "App\Controllers\Academicyears" loaded.
INFO - 2020-07-20 23:56:58 --> Fetching Academic year details
INFO - 2020-07-20 23:56:58 --> Controller "App\Controllers\Sections" loaded.
INFO - 2020-07-20 23:56:58 --> Fetching Sections details
INFO - 2020-07-20 23:56:58 --> Controller "App\Controllers\Students" loaded.
INFO - 2020-07-20 23:56:58 --> Fetching All Leave details
INFO - 2020-07-20 23:56:58 --> Controller "App\Controllers\SubjectStandards" loaded.
INFO - 2020-07-20 23:56:58 --> Fetching Subjects details
INFO - 2020-07-20 23:56:58 --> Controller "App\Controllers\Projects" loaded.
INFO - 2020-07-20 23:56:58 --> Fetching Projects Details details
INFO - 2020-07-20 23:56:58 --> Controller "App\Controllers\Boards" loaded.
INFO - 2020-07-20 23:56:58 --> Fetching Boards details
INFO - 2020-07-20 23:56:58 --> Controller "App\Controllers\Projects" loaded.
INFO - 2020-07-20 23:56:58 --> Fetching Projects details
INFO - 2020-07-20 23:56:58 --> Controller "App\Controllers\Projects" loaded.
INFO - 2020-07-20 23:56:58 --> Fetching Projects Id details
INFO - 2020-07-20 23:56:58 --> Controller "App\Controllers\Projects" loaded.
INFO - 2020-07-20 23:56:59 --> Fetching Projects Id details
INFO - 2020-07-20 23:56:59 --> Controller "App\Controllers\Projects" loaded.
INFO - 2020-07-20 23:56:59 --> Fetching Assignments Mapped Id details
INFO - 2020-07-20 23:56:59 --> Controller "App\Controllers\Projects" loaded.
INFO - 2020-07-20 23:56:59 --> Controller "App\Controllers\Projects" loaded.
INFO - 2020-07-20 23:56:59 --> Fetching Project Grade details
INFO - 2020-07-20 23:56:59 --> Controller "App\Controllers\Sections" loaded.
INFO - 2020-07-20 23:56:59 --> Fetching Sections details
INFO - 2020-07-20 23:56:59 --> Controller "App\Controllers\Projects" loaded.
INFO - 2020-07-20 23:56:59 --> Fetching Projects Details details
INFO - 2020-07-20 23:57:04 --> Controller "App\Controllers\Students" loaded.
INFO - 2020-07-20 23:57:04 --> Fetching All Leave details
INFO - 2020-07-20 23:57:04 --> Controller "App\Controllers\Projects" loaded.
INFO - 2020-07-20 23:57:04 --> Fetching Projects details
INFO - 2020-07-20 23:57:04 --> Controller "App\Controllers\SubjectStandards" loaded.
INFO - 2020-07-20 23:57:04 --> Fetching Subjects details
INFO - 2020-07-20 23:57:55 --> Controller "App\Controllers\Projects" loaded.
INFO - 2020-07-20 23:57:55 --> Fetching Projects details
INFO - 2020-07-20 23:57:57 --> Controller "App\Controllers\Projects" loaded.
INFO - 2020-07-20 23:57:57 --> Fetching Projects Id details
INFO - 2020-07-20 23:57:57 --> Controller "App\Controllers\Projects" loaded.
INFO - 2020-07-20 23:57:57 --> Fetching Projects Id details
INFO - 2020-07-20 23:57:57 --> Controller "App\Controllers\Projects" loaded.
INFO - 2020-07-20 23:57:57 --> Fetching Projects Id details
INFO - 2020-07-20 23:57:58 --> Controller "App\Controllers\Projects" loaded.
INFO - 2020-07-20 23:57:58 --> Controller "App\Controllers\Projects" loaded.
INFO - 2020-07-20 23:58:10 --> Controller "App\Controllers\Projects" loaded.
INFO - 2020-07-20 23:58:10 --> Fetching Projects details
INFO - 2020-07-20 23:58:12 --> Controller "App\Controllers\Projects" loaded.
INFO - 2020-07-20 23:58:12 --> Fetching Projects details
INFO - 2020-07-20 23:58:21 --> Controller "App\Controllers\Circulars" loaded.
INFO - 2020-07-20 23:58:21 --> Controller "App\Controllers\Sections" loaded.
INFO - 2020-07-20 23:58:21 --> Controller "App\Controllers\Academicyears" loaded.
INFO - 2020-07-20 23:58:21 --> Fetching Circular Details details
INFO - 2020-07-20 23:58:22 --> Controller "App\Controllers\Boards" loaded.
INFO - 2020-07-20 23:58:22 --> Controller "App\Controllers\Circulars" loaded.
INFO - 2020-07-20 23:58:22 --> Fetching Academic year details
INFO - 2020-07-20 23:58:22 --> Fetching Circulars Mapped Id details
INFO - 2020-07-20 23:58:22 --> Fetching Boards details
INFO - 2020-07-20 23:58:22 --> Fetching Sections details
INFO - 2020-07-20 23:58:22 --> Controller "App\Controllers\Circulars" loaded.
INFO - 2020-07-20 23:58:22 --> Fetching Circulars details
INFO - 2020-07-20 23:58:22 --> Controller "App\Controllers\Circulars" loaded.
INFO - 2020-07-20 23:58:22 --> Controller "App\Controllers\Circulars" loaded.
INFO - 2020-07-20 23:58:22 --> Fetching Circulars Id details
INFO - 2020-07-20 23:58:22 --> Controller "App\Controllers\Sections" loaded.
INFO - 2020-07-20 23:58:22 --> Fetching Sections details
INFO - 2020-07-20 23:58:22 --> Controller "App\Controllers\Circulars" loaded.
INFO - 2020-07-20 23:58:22 --> Fetching Circular Details details
INFO - 2020-07-20 23:58:49 --> Controller "App\Controllers\Academicyears" loaded.
INFO - 2020-07-20 23:58:49 --> Fetching Academic year details
INFO - 2020-07-20 23:58:49 --> Controller "App\Controllers\Sections" loaded.
INFO - 2020-07-20 23:58:49 --> Fetching Sections details
INFO - 2020-07-20 23:58:49 --> Controller "App\Controllers\SubjectStandards" loaded.
INFO - 2020-07-20 23:58:49 --> Fetching Subjects details
INFO - 2020-07-20 23:58:49 --> Controller "App\Controllers\Students" loaded.
INFO - 2020-07-20 23:58:49 --> Fetching All Leave details
INFO - 2020-07-20 23:58:49 --> Controller "App\Controllers\Boards" loaded.
INFO - 2020-07-20 23:58:49 --> Fetching Boards details
INFO - 2020-07-20 23:58:49 --> Controller "App\Controllers\Projects" loaded.
INFO - 2020-07-20 23:58:49 --> Fetching Projects Details details
INFO - 2020-07-20 23:58:49 --> Controller "App\Controllers\Projects" loaded.
INFO - 2020-07-20 23:58:49 --> Fetching Projects details
INFO - 2020-07-20 23:58:50 --> Controller "App\Controllers\Projects" loaded.
INFO - 2020-07-20 23:58:50 --> Fetching Projects Id details
INFO - 2020-07-20 23:58:50 --> Controller "App\Controllers\Projects" loaded.
INFO - 2020-07-20 23:58:50 --> Fetching Projects Id details
INFO - 2020-07-20 23:58:50 --> Controller "App\Controllers\Projects" loaded.
INFO - 2020-07-20 23:58:50 --> Fetching Assignments Mapped Id details
INFO - 2020-07-20 23:58:50 --> Controller "App\Controllers\Projects" loaded.
INFO - 2020-07-20 23:58:50 --> Controller "App\Controllers\Projects" loaded.
INFO - 2020-07-20 23:58:50 --> Fetching Project Grade details
INFO - 2020-07-20 23:58:50 --> Controller "App\Controllers\Sections" loaded.
INFO - 2020-07-20 23:58:50 --> Fetching Sections details
INFO - 2020-07-20 23:58:50 --> Controller "App\Controllers\Projects" loaded.
INFO - 2020-07-20 23:58:50 --> Fetching Projects Details details
INFO - 2020-07-20 23:58:58 --> Controller "App\Controllers\Assignments" loaded.
INFO - 2020-07-20 23:58:58 --> Fetching Assignments Details details
INFO - 2020-07-20 23:58:58 --> Controller "App\Controllers\SubjectStandards" loaded.
INFO - 2020-07-20 23:58:58 --> Fetching Subjects details
INFO - 2020-07-20 23:58:58 --> Controller "App\Controllers\Assignments" loaded.
INFO - 2020-07-20 23:58:58 --> Fetching Assignments Id details
INFO - 2020-07-20 23:58:58 --> Controller "App\Controllers\Assignments" loaded.
INFO - 2020-07-20 23:58:58 --> Fetching Assignments details
INFO - 2020-07-20 23:58:58 --> Controller "App\Controllers\Assignments" loaded.
INFO - 2020-07-20 23:58:59 --> Controller "App\Controllers\Assignments" loaded.
INFO - 2020-07-20 23:58:59 --> Controller "App\Controllers\Sections" loaded.
INFO - 2020-07-20 23:58:59 --> Fetching Assignments Grade details
INFO - 2020-07-20 23:58:59 --> Fetching Sections details
INFO - 2020-07-20 23:58:59 --> Controller "App\Controllers\Boards" loaded.
INFO - 2020-07-20 23:58:59 --> Fetching Boards details
INFO - 2020-07-20 23:59:00 --> Controller "App\Controllers\Sections" loaded.
INFO - 2020-07-20 23:59:00 --> Fetching Sections details
INFO - 2020-07-20 23:59:00 --> Controller "App\Controllers\Assignments" loaded.
INFO - 2020-07-20 23:59:00 --> Fetching Assignments Details details
INFO - 2020-07-20 23:59:11 --> Controller "App\Controllers\Assignments" loaded.
INFO - 2020-07-20 23:59:11 --> Fetching Assignments details
INFO - 2020-07-20 23:59:11 --> Controller "App\Controllers\SubjectStandards" loaded.
INFO - 2020-07-20 23:59:11 --> Fetching Subjects details
INFO - 2020-07-20 23:59:34 --> Controller "App\Controllers\Boards" loaded.
INFO - 2020-07-20 23:59:34 --> Fetching Boards details
INFO - 2020-07-20 23:59:34 --> Controller "App\Controllers\Sections" loaded.
INFO - 2020-07-20 23:59:34 --> Controller "App\Controllers\Assignments" loaded.
INFO - 2020-07-20 23:59:34 --> Fetching Assignments Details details
INFO - 2020-07-20 23:59:34 --> Fetching Sections details
INFO - 2020-07-20 23:59:34 --> Controller "App\Controllers\SubjectStandards" loaded.
INFO - 2020-07-20 23:59:34 --> Fetching Subjects details
INFO - 2020-07-20 23:59:34 --> Controller "App\Controllers\Academicyears" loaded.
INFO - 2020-07-20 23:59:34 --> Fetching Academic year details
INFO - 2020-07-20 23:59:34 --> Controller "App\Controllers\Assignments" loaded.
INFO - 2020-07-20 23:59:34 --> Fetching Assignments details
INFO - 2020-07-20 23:59:35 --> Controller "App\Controllers\Assignments" loaded.
INFO - 2020-07-20 23:59:35 --> Fetching Assignments Id details
INFO - 2020-07-20 23:59:35 --> Controller "App\Controllers\Assignments" loaded.
INFO - 2020-07-20 23:59:35 --> Controller "App\Controllers\Assignments" loaded.
INFO - 2020-07-20 23:59:35 --> Fetching Assignments Grade details
INFO - 2020-07-20 23:59:35 --> Controller "App\Controllers\Sections" loaded.
INFO - 2020-07-20 23:59:35 --> Fetching Sections details
INFO - 2020-07-20 23:59:35 --> Controller "App\Controllers\Assignments" loaded.
INFO - 2020-07-20 23:59:35 --> Fetching Assignments Details details
