INFO - 2020-12-09 09:07:16 --> Controller "App\Controllers\UserMenus" loaded.
INFO - 2020-12-09 09:07:16 --> Fetching UserMenu details
INFO - 2020-12-09 09:13:20 --> Controller "App\Controllers\UserMenus" loaded.
INFO - 2020-12-09 09:13:20 --> Fetching UserMenu details
INFO - 2020-12-09 09:16:45 --> Controller "App\Controllers\UserMenus" loaded.
INFO - 2020-12-09 09:16:45 --> Fetching UserMenu details
INFO - 2020-12-09 10:38:32 --> Controller "App\Controllers\UserMenus" loaded.
INFO - 2020-12-09 10:38:32 --> Fetching UserMenu details
INFO - 2020-12-09 10:38:33 --> Controller "App\Controllers\IIQAForm" loaded.
INFO - 2020-12-09 10:38:33 --> Fetching IIQA Details
INFO - 2020-12-09 10:38:36 --> Controller "App\Controllers\IIQAForm" loaded.
INFO - 2020-12-09 10:38:37 --> Controller "App\Controllers\IIQAForm" loaded.
INFO - 2020-12-09 10:38:37 --> Fetching IIQA Details
INFO - 2020-12-09 10:38:37 --> Controller "App\Controllers\CommonFetch" loaded.
INFO - 2020-12-09 10:38:37 --> Controller "App\Controllers\University" loaded.
INFO - 2020-12-09 10:38:37 --> Fetching IIQA Details
INFO - 2020-12-09 10:38:37 --> Fetching IIQA Details
INFO - 2020-12-09 10:38:37 --> Controller "App\Controllers\CommonFetch" loaded.
INFO - 2020-12-09 10:38:37 --> Fetching IIQA Details
INFO - 2020-12-09 10:38:37 --> Controller "App\Controllers\IIQADocument" loaded.
INFO - 2020-12-09 10:38:37 --> Fetching Document Details
INFO - 2020-12-09 10:38:37 --> Controller "App\Controllers\IIQADocument" loaded.
INFO - 2020-12-09 10:38:37 --> Fetching Document Details
INFO - 2020-12-09 10:38:54 --> Controller "App\Controllers\IIQADocument" loaded.
ERROR - 2020-12-09 10:38:54 --> Could not move file {0} to {1} ({2})
INFO - 2020-12-09 10:46:24 --> Controller "App\Controllers\IIQADocument" loaded.
ERROR - 2020-12-09 10:46:24 --> Could not move file {0} to {1} ({2})
INFO - 2020-12-09 10:46:33 --> Controller "App\Controllers\IIQADocument" loaded.
INFO - 2020-12-09 10:47:38 --> Controller "App\Controllers\IIQADocument" loaded.
ERROR - 2020-12-09 10:47:38 --> Could not move file {0} to {1} ({2})
INFO - 2020-12-09 10:47:46 --> Controller "App\Controllers\CommonFetch" loaded.
INFO - 2020-12-09 10:47:46 --> Controller "App\Controllers\IIQAForm" loaded.
INFO - 2020-12-09 10:47:46 --> Controller "App\Controllers\CommonFetch" loaded.
INFO - 2020-12-09 10:47:46 --> Fetching Title Details
INFO - 2020-12-09 10:47:46 --> Fetching Title Details
INFO - 2020-12-09 10:47:46 --> Fetching IIQA Details
INFO - 2020-12-09 10:47:52 --> Controller "App\Controllers\IIQAForm" loaded.
INFO - 2020-12-09 10:47:52 --> Fetching IIQA Details
INFO - 2020-12-09 10:47:52 --> Controller "App\Controllers\University" loaded.
INFO - 2020-12-09 10:47:52 --> Fetching IIQA Details
INFO - 2020-12-09 10:47:52 --> Controller "App\Controllers\CommonFetch" loaded.
INFO - 2020-12-09 10:47:52 --> Fetching IIQA Details
INFO - 2020-12-09 10:47:52 --> Controller "App\Controllers\CommonFetch" loaded.
INFO - 2020-12-09 10:47:52 --> Fetching IIQA Details
INFO - 2020-12-09 10:47:52 --> Controller "App\Controllers\IIQADocument" loaded.
INFO - 2020-12-09 10:47:52 --> Controller "App\Controllers\IIQADocument" loaded.
INFO - 2020-12-09 10:47:52 --> Fetching Document Details
INFO - 2020-12-09 10:47:52 --> Fetching Document Details
INFO - 2020-12-09 10:49:36 --> Controller "App\Controllers\IIQAForm" loaded.
INFO - 2020-12-09 10:49:36 --> Fetching IIQA Details
INFO - 2020-12-09 10:50:07 --> Controller "App\Controllers\IIQAForm" loaded.
INFO - 2020-12-09 10:50:07 --> Controller "App\Controllers\CommonFetch" loaded.
INFO - 2020-12-09 10:50:07 --> Controller "App\Controllers\IIQADocument" loaded.
INFO - 2020-12-09 10:50:07 --> Controller "App\Controllers\CommonFetch" loaded.
INFO - 2020-12-09 10:50:07 --> Fetching IIQA Details
INFO - 2020-12-09 10:50:07 --> Fetching IIQA Details
INFO - 2020-12-09 10:50:07 --> Fetching Document Details
INFO - 2020-12-09 10:50:07 --> Fetching IIQA Details
INFO - 2020-12-09 10:50:07 --> Controller "App\Controllers\IIQADocument" loaded.
INFO - 2020-12-09 10:50:07 --> Fetching Document Details
INFO - 2020-12-09 10:50:07 --> Controller "App\Controllers\University" loaded.
INFO - 2020-12-09 10:50:07 --> Fetching IIQA Details
INFO - 2020-12-09 10:56:00 --> Controller "App\Controllers\IIQAForm" loaded.
INFO - 2020-12-09 10:56:00 --> Fetching IIQA Details
INFO - 2020-12-09 10:57:31 --> Controller "App\Controllers\CommonFetch" loaded.
INFO - 2020-12-09 10:57:31 --> Controller "App\Controllers\IIQAForm" loaded.
INFO - 2020-12-09 10:57:31 --> Fetching IIQA Details
INFO - 2020-12-09 10:57:31 --> Fetching IIQA Details
INFO - 2020-12-09 10:57:31 --> Controller "App\Controllers\University" loaded.
INFO - 2020-12-09 10:57:31 --> Fetching IIQA Details
INFO - 2020-12-09 10:57:31 --> Controller "App\Controllers\CommonFetch" loaded.
INFO - 2020-12-09 10:57:31 --> Controller "App\Controllers\IIQADocument" loaded.
INFO - 2020-12-09 10:57:31 --> Controller "App\Controllers\IIQADocument" loaded.
INFO - 2020-12-09 10:57:31 --> Fetching IIQA Details
INFO - 2020-12-09 10:57:31 --> Fetching Document Details
INFO - 2020-12-09 10:57:31 --> Fetching Document Details
INFO - 2020-12-09 11:00:19 --> Controller "App\Controllers\IIQAForm" loaded.
INFO - 2020-12-09 11:00:19 --> Fetching IIQA Details
INFO - 2020-12-09 11:00:41 --> Controller "App\Controllers\CommonFetch" loaded.
INFO - 2020-12-09 11:00:41 --> Controller "App\Controllers\IIQAForm" loaded.
INFO - 2020-12-09 11:00:41 --> Fetching IIQA Details
INFO - 2020-12-09 11:00:41 --> Fetching IIQA Details
INFO - 2020-12-09 11:00:41 --> Controller "App\Controllers\University" loaded.
INFO - 2020-12-09 11:00:41 --> Controller "App\Controllers\CommonFetch" loaded.
INFO - 2020-12-09 11:00:41 --> Controller "App\Controllers\IIQADocument" loaded.
INFO - 2020-12-09 11:00:41 --> Fetching Document Details
INFO - 2020-12-09 11:00:41 --> Controller "App\Controllers\IIQADocument" loaded.
INFO - 2020-12-09 11:00:41 --> Fetching IIQA Details
INFO - 2020-12-09 11:00:41 --> Fetching IIQA Details
INFO - 2020-12-09 11:00:41 --> Fetching Document Details
INFO - 2020-12-09 11:00:46 --> Controller "App\Controllers\IIQADocument" loaded.
ERROR - 2020-12-09 11:00:46 --> Could not move file {0} to {1} ({2})
INFO - 2020-12-09 11:00:53 --> Controller "App\Controllers\IIQAForm" loaded.
INFO - 2020-12-09 11:00:53 --> Fetching IIQA Details
INFO - 2020-12-09 11:00:56 --> Controller "App\Controllers\IIQAForm" loaded.
INFO - 2020-12-09 11:00:56 --> Fetching IIQA Details
INFO - 2020-12-09 11:00:56 --> Controller "App\Controllers\CommonFetch" loaded.
INFO - 2020-12-09 11:00:56 --> Fetching IIQA Details
INFO - 2020-12-09 11:00:56 --> Controller "App\Controllers\IIQADocument" loaded.
INFO - 2020-12-09 11:00:56 --> Controller "App\Controllers\CommonFetch" loaded.
INFO - 2020-12-09 11:00:56 --> Fetching IIQA Details
INFO - 2020-12-09 11:00:56 --> Fetching Document Details
INFO - 2020-12-09 11:00:56 --> Controller "App\Controllers\IIQADocument" loaded.
INFO - 2020-12-09 11:00:56 --> Fetching Document Details
INFO - 2020-12-09 11:00:56 --> Controller "App\Controllers\University" loaded.
INFO - 2020-12-09 11:00:56 --> Fetching IIQA Details
INFO - 2020-12-09 11:01:06 --> Controller "App\Controllers\IIQADocument" loaded.
ERROR - 2020-12-09 11:01:06 --> Could not move file {0} to {1} ({2})
INFO - 2020-12-09 11:01:14 --> Controller "App\Controllers\IIQADocument" loaded.
INFO - 2020-12-09 11:03:08 --> Controller "App\Controllers\IIQAForm" loaded.
INFO - 2020-12-09 11:03:08 --> Fetching IIQA Details
INFO - 2020-12-09 11:04:02 --> Controller "App\Controllers\IIQAForm" loaded.
INFO - 2020-12-09 11:04:02 --> Controller "App\Controllers\CommonFetch" loaded.
INFO - 2020-12-09 11:04:02 --> Fetching IIQA Details
INFO - 2020-12-09 11:04:02 --> Fetching IIQA Details
INFO - 2020-12-09 11:04:02 --> Controller "App\Controllers\University" loaded.
INFO - 2020-12-09 11:04:02 --> Controller "App\Controllers\CommonFetch" loaded.
INFO - 2020-12-09 11:04:02 --> Fetching IIQA Details
INFO - 2020-12-09 11:04:02 --> Fetching IIQA Details
INFO - 2020-12-09 11:04:02 --> Controller "App\Controllers\IIQADocument" loaded.
INFO - 2020-12-09 11:04:02 --> Controller "App\Controllers\IIQADocument" loaded.
INFO - 2020-12-09 11:04:02 --> Fetching Document Details
INFO - 2020-12-09 11:04:02 --> Fetching Document Details
INFO - 2020-12-09 11:04:05 --> Controller "App\Controllers\IIQADocument" loaded.
INFO - 2020-12-09 11:04:06 --> Controller "App\Controllers\IIQADocument" loaded.
INFO - 2020-12-09 11:04:06 --> Controller "App\Controllers\IIQADocument" loaded.
INFO - 2020-12-09 11:04:06 --> Fetching Document Details
INFO - 2020-12-09 11:04:06 --> Fetching Document Details
INFO - 2020-12-09 11:04:12 --> Controller "App\Controllers\IIQADocument" loaded.
INFO - 2020-12-09 11:04:13 --> Controller "App\Controllers\IIQADocument" loaded.
INFO - 2020-12-09 11:04:13 --> Fetching Document Details
INFO - 2020-12-09 11:04:13 --> Controller "App\Controllers\IIQADocument" loaded.
INFO - 2020-12-09 11:04:13 --> Fetching Document Details
INFO - 2020-12-09 11:05:10 --> Controller "App\Controllers\IIQADocument" loaded.
INFO - 2020-12-09 11:05:10 --> Controller "App\Controllers\IIQADocument" loaded.
INFO - 2020-12-09 11:05:10 --> Fetching Document Details
INFO - 2020-12-09 11:05:10 --> Controller "App\Controllers\IIQADocument" loaded.
INFO - 2020-12-09 11:05:10 --> Fetching Document Details
INFO - 2020-12-09 11:05:16 --> Controller "App\Controllers\IIQADocument" loaded.
INFO - 2020-12-09 11:05:16 --> Controller "App\Controllers\IIQADocument" loaded.
INFO - 2020-12-09 11:05:16 --> Fetching Document Details
INFO - 2020-12-09 11:05:16 --> Controller "App\Controllers\IIQADocument" loaded.
INFO - 2020-12-09 11:05:16 --> Fetching Document Details
INFO - 2020-12-09 11:05:21 --> Controller "App\Controllers\IIQADocument" loaded.
INFO - 2020-12-09 11:05:22 --> Controller "App\Controllers\IIQADocument" loaded.
INFO - 2020-12-09 11:05:22 --> Fetching Document Details
INFO - 2020-12-09 11:05:22 --> Controller "App\Controllers\IIQADocument" loaded.
INFO - 2020-12-09 11:05:22 --> Fetching Document Details
INFO - 2020-12-09 11:05:57 --> Controller "App\Controllers\IIQADocument" loaded.
INFO - 2020-12-09 11:05:57 --> Controller "App\Controllers\IIQADocument" loaded.
INFO - 2020-12-09 11:05:57 --> Fetching Document Details
INFO - 2020-12-09 11:06:04 --> Controller "App\Controllers\IIQADocument" loaded.
INFO - 2020-12-09 11:06:05 --> Controller "App\Controllers\IIQADocument" loaded.
INFO - 2020-12-09 11:06:05 --> Fetching Document Details
INFO - 2020-12-09 11:06:05 --> Controller "App\Controllers\IIQADocument" loaded.
INFO - 2020-12-09 11:06:05 --> Fetching Document Details
INFO - 2020-12-09 11:06:17 --> Controller "App\Controllers\IIQAForm" loaded.
INFO - 2020-12-09 11:06:18 --> Controller "App\Controllers\IIQAForm" loaded.
INFO - 2020-12-09 11:06:18 --> Fetching IIQA Details
INFO - 2020-12-09 11:06:18 --> Controller "App\Controllers\CommonFetch" loaded.
INFO - 2020-12-09 11:06:18 --> Controller "App\Controllers\CommonFetch" loaded.
INFO - 2020-12-09 11:06:18 --> Fetching Title Details
INFO - 2020-12-09 11:06:18 --> Fetching Title Details
INFO - 2020-12-09 11:06:25 --> Controller "App\Controllers\IIQADocument" loaded.
INFO - 2020-12-09 11:06:25 --> Controller "App\Controllers\University" loaded.
INFO - 2020-12-09 11:06:25 --> Controller "App\Controllers\CommonFetch" loaded.
INFO - 2020-12-09 11:06:25 --> Fetching Document Details
INFO - 2020-12-09 11:06:25 --> Fetching IIQA Details
INFO - 2020-12-09 11:06:25 --> Controller "App\Controllers\IIQAForm" loaded.
INFO - 2020-12-09 11:06:25 --> Controller "App\Controllers\CommonFetch" loaded.
INFO - 2020-12-09 11:06:25 --> Fetching IIQA Details
INFO - 2020-12-09 11:06:25 --> Fetching IIQA Details
INFO - 2020-12-09 11:06:25 --> Fetching IIQA Details
INFO - 2020-12-09 11:06:25 --> Controller "App\Controllers\IIQADocument" loaded.
INFO - 2020-12-09 11:06:25 --> Fetching Document Details
INFO - 2020-12-09 11:06:33 --> Controller "App\Controllers\IIQADocument" loaded.
INFO - 2020-12-09 11:06:33 --> Controller "App\Controllers\IIQADocument" loaded.
INFO - 2020-12-09 11:06:33 --> Fetching Document Details
INFO - 2020-12-09 11:06:33 --> Controller "App\Controllers\IIQADocument" loaded.
INFO - 2020-12-09 11:06:33 --> Fetching Document Details
INFO - 2020-12-09 11:06:39 --> Controller "App\Controllers\IIQADocument" loaded.
INFO - 2020-12-09 11:06:40 --> Controller "App\Controllers\IIQADocument" loaded.
INFO - 2020-12-09 11:06:40 --> Fetching Document Details
INFO - 2020-12-09 11:06:40 --> Controller "App\Controllers\IIQADocument" loaded.
INFO - 2020-12-09 11:06:40 --> Fetching Document Details
INFO - 2020-12-09 11:06:45 --> Controller "App\Controllers\IIQADocument" loaded.
INFO - 2020-12-09 11:06:45 --> Controller "App\Controllers\IIQADocument" loaded.
INFO - 2020-12-09 11:06:45 --> Fetching Document Details
INFO - 2020-12-09 11:06:45 --> Controller "App\Controllers\IIQADocument" loaded.
INFO - 2020-12-09 11:06:45 --> Fetching Document Details
INFO - 2020-12-09 11:06:51 --> Controller "App\Controllers\IIQADocument" loaded.
INFO - 2020-12-09 11:06:51 --> Controller "App\Controllers\IIQADocument" loaded.
INFO - 2020-12-09 11:06:51 --> Fetching Document Details
INFO - 2020-12-09 11:06:51 --> Controller "App\Controllers\IIQADocument" loaded.
INFO - 2020-12-09 11:06:51 --> Fetching Document Details
INFO - 2020-12-09 11:07:02 --> Controller "App\Controllers\IIQADocument" loaded.
INFO - 2020-12-09 11:07:02 --> Controller "App\Controllers\IIQADocument" loaded.
INFO - 2020-12-09 11:07:02 --> Fetching Document Details
INFO - 2020-12-09 11:07:05 --> Controller "App\Controllers\IIQADocument" loaded.
INFO - 2020-12-09 11:07:05 --> Controller "App\Controllers\IIQADocument" loaded.
INFO - 2020-12-09 11:07:05 --> Fetching Document Details
INFO - 2020-12-09 11:07:05 --> Controller "App\Controllers\IIQADocument" loaded.
INFO - 2020-12-09 11:07:05 --> Fetching Document Details
INFO - 2020-12-09 11:07:10 --> Controller "App\Controllers\IIQAForm" loaded.
INFO - 2020-12-09 11:07:12 --> Controller "App\Controllers\IIQAForm" loaded.
INFO - 2020-12-09 11:07:12 --> Fetching IIQA Details
INFO - 2020-12-09 11:07:12 --> Controller "App\Controllers\CommonFetch" loaded.
INFO - 2020-12-09 11:07:12 --> Controller "App\Controllers\CommonFetch" loaded.
INFO - 2020-12-09 11:07:12 --> Fetching Title Details
INFO - 2020-12-09 11:07:12 --> Fetching Title Details
INFO - 2020-12-09 11:16:12 --> Controller "App\Controllers\IIQAForm" loaded.
INFO - 2020-12-09 11:16:12 --> Fetching IIQA Details
INFO - 2020-12-09 11:16:14 --> Controller "App\Controllers\IIQAForm" loaded.
INFO - 2020-12-09 11:16:14 --> Fetching IIQA Details
INFO - 2020-12-09 11:16:14 --> Controller "App\Controllers\CommonFetch" loaded.
INFO - 2020-12-09 11:16:14 --> Controller "App\Controllers\IIQADocument" loaded.
INFO - 2020-12-09 11:16:14 --> Controller "App\Controllers\CommonFetch" loaded.
INFO - 2020-12-09 11:16:14 --> Fetching IIQA Details
INFO - 2020-12-09 11:16:14 --> Fetching IIQA Details
INFO - 2020-12-09 11:16:14 --> Controller "App\Controllers\University" loaded.
INFO - 2020-12-09 11:16:14 --> Controller "App\Controllers\IIQADocument" loaded.
INFO - 2020-12-09 11:16:14 --> Fetching Document Details
INFO - 2020-12-09 11:16:14 --> Fetching Document Details
INFO - 2020-12-09 11:16:14 --> Fetching IIQA Details
INFO - 2020-12-09 11:16:23 --> Controller "App\Controllers\IIQADocument" loaded.
INFO - 2020-12-09 11:16:23 --> Controller "App\Controllers\IIQADocument" loaded.
INFO - 2020-12-09 11:16:23 --> Fetching Document Details
INFO - 2020-12-09 11:16:38 --> Controller "App\Controllers\IIQADocument" loaded.
INFO - 2020-12-09 11:16:38 --> Controller "App\Controllers\IIQADocument" loaded.
INFO - 2020-12-09 11:16:38 --> Fetching Document Details
INFO - 2020-12-09 11:16:38 --> Controller "App\Controllers\IIQADocument" loaded.
INFO - 2020-12-09 11:16:38 --> Fetching Document Details
INFO - 2020-12-09 11:16:53 --> Controller "App\Controllers\IIQAForm" loaded.
INFO - 2020-12-09 11:16:53 --> Fetching IIQA Details
INFO - 2020-12-09 11:16:53 --> Controller "App\Controllers\CommonFetch" loaded.
INFO - 2020-12-09 11:16:53 --> Fetching Title Details
INFO - 2020-12-09 11:16:53 --> Controller "App\Controllers\CommonFetch" loaded.
INFO - 2020-12-09 11:16:53 --> Fetching Title Details
INFO - 2020-12-09 11:17:55 --> Controller "App\Controllers\IIQAForm" loaded.
INFO - 2020-12-09 11:17:55 --> Fetching IIQA Details
INFO - 2020-12-09 11:17:58 --> Controller "App\Controllers\IIQAForm" loaded.
INFO - 2020-12-09 11:17:58 --> Fetching IIQA Details
INFO - 2020-12-09 11:17:58 --> Controller "App\Controllers\CommonFetch" loaded.
INFO - 2020-12-09 11:17:58 --> Controller "App\Controllers\CommonFetch" loaded.
INFO - 2020-12-09 11:17:58 --> Fetching Title Details
INFO - 2020-12-09 11:17:58 --> Fetching Title Details
INFO - 2020-12-09 11:19:20 --> Controller "App\Controllers\IIQAForm" loaded.
INFO - 2020-12-09 11:19:20 --> Fetching IIQA Details
INFO - 2020-12-09 11:19:23 --> Controller "App\Controllers\IIQAForm" loaded.
INFO - 2020-12-09 11:19:23 --> Fetching IIQA Details
INFO - 2020-12-09 11:19:23 --> Controller "App\Controllers\CommonFetch" loaded.
INFO - 2020-12-09 11:19:23 --> Fetching Title Details
INFO - 2020-12-09 11:19:23 --> Controller "App\Controllers\CommonFetch" loaded.
INFO - 2020-12-09 11:19:23 --> Fetching Title Details
INFO - 2020-12-09 11:20:26 --> Controller "App\Controllers\IIQAForm" loaded.
INFO - 2020-12-09 11:20:26 --> Fetching IIQA Details
INFO - 2020-12-09 11:22:04 --> Controller "App\Controllers\IIQAForm" loaded.
INFO - 2020-12-09 11:22:04 --> Fetching IIQA Details
INFO - 2020-12-09 11:22:07 --> Controller "App\Controllers\IIQAForm" loaded.
INFO - 2020-12-09 11:22:07 --> Fetching IIQA Details
INFO - 2020-12-09 11:22:07 --> Controller "App\Controllers\CommonFetch" loaded.
INFO - 2020-12-09 11:22:07 --> Fetching Title Details
INFO - 2020-12-09 11:22:07 --> Controller "App\Controllers\CommonFetch" loaded.
INFO - 2020-12-09 11:22:07 --> Fetching Title Details
INFO - 2020-12-09 11:26:31 --> Controller "App\Controllers\IIQAForm" loaded.
INFO - 2020-12-09 11:26:31 --> Fetching IIQA Details
INFO - 2020-12-09 11:28:38 --> Controller "App\Controllers\IIQAForm" loaded.
INFO - 2020-12-09 11:28:38 --> Fetching IIQA Details
INFO - 2020-12-09 11:28:42 --> Controller "App\Controllers\IIQAForm" loaded.
INFO - 2020-12-09 11:28:42 --> Fetching IIQA Details
INFO - 2020-12-09 11:28:42 --> Controller "App\Controllers\CommonFetch" loaded.
INFO - 2020-12-09 11:28:42 --> Controller "App\Controllers\CommonFetch" loaded.
INFO - 2020-12-09 11:28:42 --> Fetching Title Details
INFO - 2020-12-09 11:28:42 --> Fetching Title Details
INFO - 2020-12-09 11:30:35 --> Controller "App\Controllers\IIQAForm" loaded.
INFO - 2020-12-09 11:30:35 --> Fetching IIQA Details
INFO - 2020-12-09 11:30:38 --> Controller "App\Controllers\IIQAForm" loaded.
INFO - 2020-12-09 11:30:38 --> Fetching IIQA Details
INFO - 2020-12-09 11:30:38 --> Controller "App\Controllers\CommonFetch" loaded.
INFO - 2020-12-09 11:30:38 --> Fetching Title Details
INFO - 2020-12-09 11:30:38 --> Controller "App\Controllers\CommonFetch" loaded.
INFO - 2020-12-09 11:30:38 --> Fetching Title Details
INFO - 2020-12-09 11:39:57 --> Controller "App\Controllers\IIQAForm" loaded.
INFO - 2020-12-09 11:39:57 --> Fetching IIQA Details
INFO - 2020-12-09 11:40:00 --> Controller "App\Controllers\IIQAForm" loaded.
INFO - 2020-12-09 11:40:00 --> Fetching IIQA Details
INFO - 2020-12-09 11:40:00 --> Controller "App\Controllers\CommonFetch" loaded.
INFO - 2020-12-09 11:40:00 --> Fetching Title Details
INFO - 2020-12-09 11:40:00 --> Controller "App\Controllers\CommonFetch" loaded.
INFO - 2020-12-09 11:40:00 --> Fetching Title Details
INFO - 2020-12-09 11:40:37 --> Controller "App\Controllers\IIQAForm" loaded.
INFO - 2020-12-09 11:40:38 --> Controller "App\Controllers\IIQAForm" loaded.
INFO - 2020-12-09 11:40:38 --> Fetching IIQA Details
INFO - 2020-12-09 11:40:38 --> Controller "App\Controllers\IIQADocument" loaded.
INFO - 2020-12-09 11:40:38 --> Fetching Document Details
INFO - 2020-12-09 11:40:38 --> Controller "App\Controllers\Department" loaded.
INFO - 2020-12-09 11:40:38 --> Controller "App\Controllers\IIQADocument" loaded.
INFO - 2020-12-09 11:40:38 --> Fetching Document Details
INFO - 2020-12-09 11:40:38 --> Fetching IIQA Details
INFO - 2020-12-09 11:40:38 --> Controller "App\Controllers\IIQADocument" loaded.
INFO - 2020-12-09 11:40:38 --> Fetching Document Details
INFO - 2020-12-09 11:40:47 --> Controller "App\Controllers\IIQAForm" loaded.
INFO - 2020-12-09 11:40:47 --> Fetching IIQA Details
INFO - 2020-12-09 11:40:47 --> Controller "App\Controllers\CommonFetch" loaded.
INFO - 2020-12-09 11:40:47 --> Fetching Title Details
INFO - 2020-12-09 11:40:47 --> Controller "App\Controllers\CommonFetch" loaded.
INFO - 2020-12-09 11:40:47 --> Fetching Title Details
INFO - 2020-12-09 11:41:25 --> Controller "App\Controllers\IIQAForm" loaded.
INFO - 2020-12-09 11:41:25 --> Controller "App\Controllers\CommonFetch" loaded.
INFO - 2020-12-09 11:41:25 --> Controller "App\Controllers\IIQADocument" loaded.
INFO - 2020-12-09 11:41:25 --> Controller "App\Controllers\University" loaded.
INFO - 2020-12-09 11:41:25 --> Fetching Document Details
INFO - 2020-12-09 11:41:25 --> Fetching IIQA Details
INFO - 2020-12-09 11:41:25 --> Fetching IIQA Details
INFO - 2020-12-09 11:41:25 --> Controller "App\Controllers\IIQADocument" loaded.
INFO - 2020-12-09 11:41:25 --> Controller "App\Controllers\CommonFetch" loaded.
INFO - 2020-12-09 11:41:25 --> Fetching IIQA Details
INFO - 2020-12-09 11:41:25 --> Fetching IIQA Details
INFO - 2020-12-09 11:41:25 --> Fetching Document Details
INFO - 2020-12-09 11:41:27 --> Controller "App\Controllers\IIQAForm" loaded.
INFO - 2020-12-09 11:41:29 --> Controller "App\Controllers\IIQAForm" loaded.
INFO - 2020-12-09 11:41:29 --> Controller "App\Controllers\CommonFetch" loaded.
INFO - 2020-12-09 11:41:29 --> Controller "App\Controllers\CommonFetch" loaded.
INFO - 2020-12-09 11:41:29 --> Fetching Title Details
INFO - 2020-12-09 11:41:29 --> Fetching Title Details
INFO - 2020-12-09 11:41:29 --> Fetching IIQA Details
INFO - 2020-12-09 11:48:16 --> Controller "App\Controllers\IIQAForm" loaded.
INFO - 2020-12-09 11:48:16 --> Fetching IIQA Details
INFO - 2020-12-09 11:48:18 --> Controller "App\Controllers\IIQAForm" loaded.
INFO - 2020-12-09 11:48:18 --> Fetching IIQA Details
INFO - 2020-12-09 11:48:18 --> Controller "App\Controllers\IIQADocument" loaded.
INFO - 2020-12-09 11:48:18 --> Controller "App\Controllers\IIQADocument" loaded.
INFO - 2020-12-09 11:48:18 --> Controller "App\Controllers\Department" loaded.
INFO - 2020-12-09 11:48:18 --> Fetching IIQA Details
INFO - 2020-12-09 11:48:18 --> Fetching Document Details
INFO - 2020-12-09 11:48:18 --> Fetching Document Details
INFO - 2020-12-09 11:48:18 --> Controller "App\Controllers\IIQADocument" loaded.
INFO - 2020-12-09 11:48:18 --> Fetching Document Details
INFO - 2020-12-09 11:48:27 --> Controller "App\Controllers\IIQAForm" loaded.
INFO - 2020-12-09 11:48:27 --> Controller "App\Controllers\CommonFetch" loaded.
INFO - 2020-12-09 11:48:27 --> Fetching Title Details
INFO - 2020-12-09 11:48:27 --> Fetching IIQA Details
INFO - 2020-12-09 11:48:27 --> Controller "App\Controllers\CommonFetch" loaded.
INFO - 2020-12-09 11:48:27 --> Fetching Title Details
INFO - 2020-12-09 11:48:31 --> Controller "App\Controllers\IIQADocument" loaded.
INFO - 2020-12-09 11:48:31 --> Controller "App\Controllers\IIQAForm" loaded.
INFO - 2020-12-09 11:48:31 --> Fetching Document Details
INFO - 2020-12-09 11:48:31 --> Fetching IIQA Details
INFO - 2020-12-09 11:48:31 --> Controller "App\Controllers\IIQADocument" loaded.
INFO - 2020-12-09 11:48:31 --> Fetching Document Details
INFO - 2020-12-09 11:48:31 --> Controller "App\Controllers\Department" loaded.
INFO - 2020-12-09 11:48:31 --> Controller "App\Controllers\IIQADocument" loaded.
INFO - 2020-12-09 11:48:31 --> Fetching IIQA Details
INFO - 2020-12-09 11:48:31 --> Fetching Document Details
INFO - 2020-12-09 11:49:53 --> Controller "App\Controllers\IIQAForm" loaded.
INFO - 2020-12-09 11:49:53 --> Fetching IIQA Details
INFO - 2020-12-09 11:49:56 --> Controller "App\Controllers\IIQAForm" loaded.
INFO - 2020-12-09 11:49:56 --> Fetching IIQA Details
INFO - 2020-12-09 11:49:56 --> Controller "App\Controllers\IIQADocument" loaded.
INFO - 2020-12-09 11:49:56 --> Fetching Document Details
INFO - 2020-12-09 11:49:56 --> Controller "App\Controllers\IIQADocument" loaded.
INFO - 2020-12-09 11:49:56 --> Controller "App\Controllers\IIQADocument" loaded.
INFO - 2020-12-09 11:49:56 --> Fetching Document Details
INFO - 2020-12-09 11:49:56 --> Fetching Document Details
INFO - 2020-12-09 11:49:56 --> Controller "App\Controllers\Department" loaded.
INFO - 2020-12-09 11:49:56 --> Fetching IIQA Details
INFO - 2020-12-09 11:52:47 --> Controller "App\Controllers\IIQAForm" loaded.
INFO - 2020-12-09 11:52:47 --> Fetching IIQA Details
INFO - 2020-12-09 11:52:51 --> Controller "App\Controllers\IIQAForm" loaded.
INFO - 2020-12-09 11:52:51 --> Fetching IIQA Details
INFO - 2020-12-09 11:52:51 --> Controller "App\Controllers\IIQADocument" loaded.
INFO - 2020-12-09 11:52:51 --> Fetching Document Details
INFO - 2020-12-09 11:52:51 --> Controller "App\Controllers\IIQADocument" loaded.
INFO - 2020-12-09 11:52:51 --> Fetching Document Details
INFO - 2020-12-09 11:52:51 --> Controller "App\Controllers\IIQADocument" loaded.
INFO - 2020-12-09 11:52:51 --> Controller "App\Controllers\Department" loaded.
INFO - 2020-12-09 11:52:51 --> Fetching Document Details
INFO - 2020-12-09 11:52:51 --> Fetching IIQA Details
INFO - 2020-12-09 11:53:48 --> Controller "App\Controllers\IIQADocument" loaded.
INFO - 2020-12-09 11:53:48 --> Controller "App\Controllers\IIQADocument" loaded.
INFO - 2020-12-09 11:53:48 --> Fetching Document Details
INFO - 2020-12-09 12:01:30 --> Controller "App\Controllers\IIQAForm" loaded.
INFO - 2020-12-09 12:01:30 --> Fetching IIQA Details
INFO - 2020-12-09 12:01:32 --> Controller "App\Controllers\IIQAForm" loaded.
INFO - 2020-12-09 12:01:32 --> Fetching IIQA Details
INFO - 2020-12-09 12:01:32 --> Controller "App\Controllers\IIQADocument" loaded.
INFO - 2020-12-09 12:01:32 --> Fetching Document Details
INFO - 2020-12-09 12:01:32 --> Controller "App\Controllers\Department" loaded.
INFO - 2020-12-09 12:01:32 --> Controller "App\Controllers\IIQADocument" loaded.
INFO - 2020-12-09 12:01:32 --> Fetching IIQA Details
INFO - 2020-12-09 12:01:32 --> Fetching Document Details
INFO - 2020-12-09 12:01:32 --> Controller "App\Controllers\IIQADocument" loaded.
INFO - 2020-12-09 12:01:32 --> Fetching Document Details
INFO - 2020-12-09 12:02:48 --> Controller "App\Controllers\IIQAForm" loaded.
INFO - 2020-12-09 12:02:48 --> Fetching IIQA Details
INFO - 2020-12-09 12:03:42 --> Controller "App\Controllers\IIQAForm" loaded.
INFO - 2020-12-09 12:03:42 --> Fetching IIQA Details
INFO - 2020-12-09 12:03:44 --> Controller "App\Controllers\IIQAForm" loaded.
INFO - 2020-12-09 12:03:44 --> Fetching IIQA Details
INFO - 2020-12-09 12:03:45 --> Controller "App\Controllers\IIQADocument" loaded.
INFO - 2020-12-09 12:03:45 --> Fetching Document Details
INFO - 2020-12-09 12:03:45 --> Controller "App\Controllers\IIQADocument" loaded.
INFO - 2020-12-09 12:03:45 --> Controller "App\Controllers\IIQADocument" loaded.
INFO - 2020-12-09 12:03:45 --> Fetching Document Details
INFO - 2020-12-09 12:03:45 --> Fetching Document Details
INFO - 2020-12-09 12:03:45 --> Controller "App\Controllers\Department" loaded.
INFO - 2020-12-09 12:03:45 --> Fetching IIQA Details
INFO - 2020-12-09 12:04:34 --> Controller "App\Controllers\IIQAForm" loaded.
INFO - 2020-12-09 12:04:34 --> Fetching IIQA Details
INFO - 2020-12-09 12:04:44 --> Controller "App\Controllers\IIQAForm" loaded.
INFO - 2020-12-09 12:04:44 --> Fetching IIQA Details
INFO - 2020-12-09 12:04:44 --> Controller "App\Controllers\CommonFetch" loaded.
INFO - 2020-12-09 12:04:44 --> Fetching Title Details
INFO - 2020-12-09 12:04:44 --> Controller "App\Controllers\CommonFetch" loaded.
INFO - 2020-12-09 12:04:44 --> Fetching Title Details
INFO - 2020-12-09 12:04:48 --> Controller "App\Controllers\IIQADocument" loaded.
INFO - 2020-12-09 12:04:48 --> Controller "App\Controllers\IIQADocument" loaded.
INFO - 2020-12-09 12:04:48 --> Controller "App\Controllers\IIQAForm" loaded.
INFO - 2020-12-09 12:04:48 --> Fetching Document Details
INFO - 2020-12-09 12:04:48 --> Fetching Document Details
INFO - 2020-12-09 12:04:48 --> Fetching IIQA Details
INFO - 2020-12-09 12:04:48 --> Controller "App\Controllers\IIQADocument" loaded.
INFO - 2020-12-09 12:04:48 --> Fetching Document Details
INFO - 2020-12-09 12:04:48 --> Controller "App\Controllers\Department" loaded.
INFO - 2020-12-09 12:04:48 --> Fetching IIQA Details
INFO - 2020-12-09 12:08:57 --> Controller "App\Controllers\IIQAForm" loaded.
INFO - 2020-12-09 12:08:57 --> Fetching IIQA Details
INFO - 2020-12-09 12:09:15 --> Controller "App\Controllers\IIQAForm" loaded.
INFO - 2020-12-09 12:09:15 --> Fetching IIQA Details
INFO - 2020-12-09 12:09:19 --> Controller "App\Controllers\IIQAForm" loaded.
INFO - 2020-12-09 12:09:19 --> Fetching IIQA Details
INFO - 2020-12-09 12:09:19 --> Controller "App\Controllers\IIQADocument" loaded.
INFO - 2020-12-09 12:09:19 --> Fetching Document Details
INFO - 2020-12-09 12:09:19 --> Controller "App\Controllers\IIQADocument" loaded.
INFO - 2020-12-09 12:09:19 --> Fetching Document Details
INFO - 2020-12-09 12:09:19 --> Controller "App\Controllers\IIQADocument" loaded.
INFO - 2020-12-09 12:09:19 --> Fetching Document Details
INFO - 2020-12-09 12:09:19 --> Controller "App\Controllers\Department" loaded.
INFO - 2020-12-09 12:09:19 --> Fetching IIQA Details
INFO - 2020-12-09 12:09:36 --> Controller "App\Controllers\IIQAForm" loaded.
INFO - 2020-12-09 12:09:36 --> Fetching IIQA Details
INFO - 2020-12-09 12:09:38 --> Controller "App\Controllers\IIQAForm" loaded.
INFO - 2020-12-09 12:09:38 --> Fetching IIQA Details
INFO - 2020-12-09 12:09:38 --> Controller "App\Controllers\IIQADocument" loaded.
INFO - 2020-12-09 12:09:38 --> Controller "App\Controllers\IIQADocument" loaded.
INFO - 2020-12-09 12:09:38 --> Controller "App\Controllers\Department" loaded.
INFO - 2020-12-09 12:09:38 --> Fetching Document Details
INFO - 2020-12-09 12:09:38 --> Fetching Document Details
INFO - 2020-12-09 12:09:38 --> Fetching IIQA Details
INFO - 2020-12-09 12:09:38 --> Controller "App\Controllers\IIQADocument" loaded.
INFO - 2020-12-09 12:09:38 --> Fetching Document Details
INFO - 2020-12-09 12:09:57 --> Controller "App\Controllers\IIQADocument" loaded.
INFO - 2020-12-09 12:09:57 --> Controller "App\Controllers\IIQADocument" loaded.
INFO - 2020-12-09 12:09:57 --> Fetching Document Details
INFO - 2020-12-09 12:10:04 --> Controller "App\Controllers\IIQADocument" loaded.
INFO - 2020-12-09 12:10:05 --> Controller "App\Controllers\IIQADocument" loaded.
INFO - 2020-12-09 12:10:05 --> Fetching Document Details
INFO - 2020-12-09 12:12:36 --> Controller "App\Controllers\IIQAForm" loaded.
INFO - 2020-12-09 12:12:36 --> Fetching IIQA Details
INFO - 2020-12-09 12:12:43 --> Controller "App\Controllers\IIQADocument" loaded.
INFO - 2020-12-09 12:12:43 --> Controller "App\Controllers\IIQADocument" loaded.
INFO - 2020-12-09 12:12:43 --> Controller "App\Controllers\IIQAForm" loaded.
INFO - 2020-12-09 12:12:43 --> Controller "App\Controllers\IIQADocument" loaded.
INFO - 2020-12-09 12:12:43 --> Fetching Document Details
INFO - 2020-12-09 12:12:43 --> Fetching IIQA Details
INFO - 2020-12-09 12:12:43 --> Fetching Document Details
INFO - 2020-12-09 12:12:43 --> Fetching Document Details
INFO - 2020-12-09 12:12:43 --> Controller "App\Controllers\Department" loaded.
INFO - 2020-12-09 12:12:43 --> Fetching IIQA Details
INFO - 2020-12-09 12:13:58 --> Controller "App\Controllers\IIQAForm" loaded.
INFO - 2020-12-09 12:13:58 --> Fetching IIQA Details
INFO - 2020-12-09 12:14:01 --> Controller "App\Controllers\IIQAForm" loaded.
INFO - 2020-12-09 12:14:01 --> Fetching IIQA Details
INFO - 2020-12-09 12:14:01 --> Controller "App\Controllers\IIQADocument" loaded.
INFO - 2020-12-09 12:14:01 --> Controller "App\Controllers\IIQADocument" loaded.
INFO - 2020-12-09 12:14:01 --> Fetching Document Details
INFO - 2020-12-09 12:14:01 --> Controller "App\Controllers\IIQADocument" loaded.
INFO - 2020-12-09 12:14:01 --> Fetching Document Details
INFO - 2020-12-09 12:14:01 --> Fetching Document Details
INFO - 2020-12-09 12:14:01 --> Controller "App\Controllers\Department" loaded.
INFO - 2020-12-09 12:14:01 --> Fetching IIQA Details
INFO - 2020-12-09 12:14:43 --> Controller "App\Controllers\IIQAForm" loaded.
INFO - 2020-12-09 12:14:43 --> Fetching IIQA Details
INFO - 2020-12-09 12:14:47 --> Controller "App\Controllers\IIQAForm" loaded.
INFO - 2020-12-09 12:14:47 --> Fetching IIQA Details
INFO - 2020-12-09 12:14:47 --> Controller "App\Controllers\IIQADocument" loaded.
INFO - 2020-12-09 12:14:48 --> Controller "App\Controllers\IIQADocument" loaded.
INFO - 2020-12-09 12:14:48 --> Fetching Document Details
INFO - 2020-12-09 12:14:48 --> Fetching Document Details
INFO - 2020-12-09 12:14:48 --> Controller "App\Controllers\IIQADocument" loaded.
INFO - 2020-12-09 12:14:48 --> Controller "App\Controllers\Department" loaded.
INFO - 2020-12-09 12:14:48 --> Fetching Document Details
INFO - 2020-12-09 12:14:48 --> Fetching IIQA Details
INFO - 2020-12-09 12:18:52 --> Controller "App\Controllers\IIQAForm" loaded.
INFO - 2020-12-09 12:18:52 --> Fetching IIQA Details
INFO - 2020-12-09 12:19:20 --> Controller "App\Controllers\IIQADocument" loaded.
INFO - 2020-12-09 12:19:20 --> Controller "App\Controllers\IIQAForm" loaded.
INFO - 2020-12-09 12:19:20 --> Fetching Document Details
INFO - 2020-12-09 12:19:20 --> Fetching IIQA Details
INFO - 2020-12-09 12:19:20 --> Controller "App\Controllers\IIQADocument" loaded.
INFO - 2020-12-09 12:19:20 --> Controller "App\Controllers\IIQADocument" loaded.
INFO - 2020-12-09 12:19:20 --> Controller "App\Controllers\Department" loaded.
INFO - 2020-12-09 12:19:20 --> Fetching Document Details
INFO - 2020-12-09 12:19:20 --> Fetching IIQA Details
INFO - 2020-12-09 12:19:20 --> Fetching Document Details
INFO - 2020-12-09 12:24:12 --> Controller "App\Controllers\IIQAForm" loaded.
INFO - 2020-12-09 12:24:13 --> Controller "App\Controllers\IIQAForm" loaded.
INFO - 2020-12-09 12:24:13 --> Fetching IIQA Details
INFO - 2020-12-09 12:33:36 --> Controller "App\Controllers\IIQAForm" loaded.
INFO - 2020-12-09 12:33:36 --> Fetching IIQA Details
INFO - 2020-12-09 12:36:12 --> Controller "App\Controllers\IIQADocument" loaded.
INFO - 2020-12-09 12:36:12 --> Controller "App\Controllers\Department" loaded.
INFO - 2020-12-09 12:36:12 --> Controller "App\Controllers\IIQAForm" loaded.
INFO - 2020-12-09 12:36:12 --> Controller "App\Controllers\IIQADocument" loaded.
INFO - 2020-12-09 12:36:12 --> Fetching Document Details
INFO - 2020-12-09 12:36:12 --> Fetching IIQA Details
INFO - 2020-12-09 12:36:12 --> Controller "App\Controllers\IIQADocument" loaded.
INFO - 2020-12-09 12:36:12 --> Fetching Document Details
INFO - 2020-12-09 12:36:12 --> Fetching IIQA Details
INFO - 2020-12-09 12:36:12 --> Fetching Document Details
INFO - 2020-12-09 12:39:36 --> Controller "App\Controllers\IIQAForm" loaded.
INFO - 2020-12-09 12:39:36 --> Fetching IIQA Details
INFO - 2020-12-09 12:39:39 --> Controller "App\Controllers\IIQAForm" loaded.
INFO - 2020-12-09 12:39:39 --> Controller "App\Controllers\IIQADocument" loaded.
INFO - 2020-12-09 12:39:39 --> Controller "App\Controllers\IIQADocument" loaded.
INFO - 2020-12-09 12:39:39 --> Fetching IIQA Details
INFO - 2020-12-09 12:39:39 --> Fetching Document Details
INFO - 2020-12-09 12:39:39 --> Fetching Document Details
INFO - 2020-12-09 12:39:39 --> Controller "App\Controllers\IIQADocument" loaded.
INFO - 2020-12-09 12:39:39 --> Controller "App\Controllers\Department" loaded.
INFO - 2020-12-09 12:39:39 --> Fetching Document Details
INFO - 2020-12-09 12:39:39 --> Fetching IIQA Details
INFO - 2020-12-09 12:49:32 --> Controller "App\Controllers\IIQAForm" loaded.
INFO - 2020-12-09 12:49:32 --> Fetching IIQA Details
INFO - 2020-12-09 12:49:37 --> Controller "App\Controllers\IIQADocument" loaded.
INFO - 2020-12-09 12:49:37 --> Controller "App\Controllers\IIQADocument" loaded.
INFO - 2020-12-09 12:49:37 --> Controller "App\Controllers\IIQAForm" loaded.
INFO - 2020-12-09 12:49:37 --> Fetching Document Details
INFO - 2020-12-09 12:49:37 --> Fetching Document Details
INFO - 2020-12-09 12:49:37 --> Fetching IIQA Details
INFO - 2020-12-09 12:49:37 --> Controller "App\Controllers\IIQADocument" loaded.
INFO - 2020-12-09 12:49:37 --> Controller "App\Controllers\Department" loaded.
INFO - 2020-12-09 12:49:37 --> Fetching Document Details
INFO - 2020-12-09 12:49:37 --> Fetching IIQA Details
INFO - 2020-12-09 12:49:45 --> Controller "App\Controllers\Department" loaded.
INFO - 2020-12-09 12:49:46 --> Controller "App\Controllers\Department" loaded.
INFO - 2020-12-09 12:49:46 --> Fetching IIQA Details
INFO - 2020-12-09 12:51:44 --> Controller "App\Controllers\Department" loaded.
INFO - 2020-12-09 12:51:45 --> Controller "App\Controllers\Department" loaded.
INFO - 2020-12-09 12:51:45 --> Fetching IIQA Details
INFO - 2020-12-09 12:52:43 --> Controller "App\Controllers\Department" loaded.
INFO - 2020-12-09 12:52:45 --> Controller "App\Controllers\Department" loaded.
INFO - 2020-12-09 12:52:45 --> Fetching IIQA Details
INFO - 2020-12-09 12:52:59 --> Controller "App\Controllers\Department" loaded.
INFO - 2020-12-09 12:53:00 --> Controller "App\Controllers\Department" loaded.
INFO - 2020-12-09 12:53:00 --> Fetching IIQA Details
INFO - 2020-12-09 12:54:16 --> Controller "App\Controllers\IIQAForm" loaded.
INFO - 2020-12-09 12:54:16 --> Fetching IIQA Details
INFO - 2020-12-09 12:54:27 --> Controller "App\Controllers\IIQAForm" loaded.
INFO - 2020-12-09 12:54:27 --> Fetching IIQA Details
INFO - 2020-12-09 12:54:27 --> Controller "App\Controllers\IIQADocument" loaded.
INFO - 2020-12-09 12:54:27 --> Controller "App\Controllers\IIQADocument" loaded.
INFO - 2020-12-09 12:54:27 --> Fetching Document Details
INFO - 2020-12-09 12:54:27 --> Fetching Document Details
INFO - 2020-12-09 12:54:27 --> Controller "App\Controllers\IIQADocument" loaded.
INFO - 2020-12-09 12:54:27 --> Fetching Document Details
INFO - 2020-12-09 12:54:27 --> Controller "App\Controllers\Department" loaded.
INFO - 2020-12-09 12:54:27 --> Fetching IIQA Details
INFO - 2020-12-09 12:54:39 --> Controller "App\Controllers\Department" loaded.
INFO - 2020-12-09 12:54:40 --> Controller "App\Controllers\Department" loaded.
INFO - 2020-12-09 12:54:40 --> Fetching IIQA Details
INFO - 2020-12-09 12:56:40 --> Controller "App\Controllers\IIQAForm" loaded.
INFO - 2020-12-09 12:56:40 --> Fetching IIQA Details
INFO - 2020-12-09 12:56:43 --> Controller "App\Controllers\IIQAForm" loaded.
INFO - 2020-12-09 12:56:43 --> Fetching IIQA Details
INFO - 2020-12-09 12:56:43 --> Controller "App\Controllers\IIQADocument" loaded.
INFO - 2020-12-09 12:56:43 --> Fetching Document Details
INFO - 2020-12-09 12:56:43 --> Controller "App\Controllers\IIQADocument" loaded.
INFO - 2020-12-09 12:56:43 --> Fetching Document Details
INFO - 2020-12-09 12:56:43 --> Controller "App\Controllers\IIQADocument" loaded.
INFO - 2020-12-09 12:56:43 --> Fetching Document Details
INFO - 2020-12-09 12:56:43 --> Controller "App\Controllers\Department" loaded.
INFO - 2020-12-09 12:56:43 --> Fetching IIQA Details
INFO - 2020-12-09 12:56:52 --> Controller "App\Controllers\Department" loaded.
INFO - 2020-12-09 12:56:54 --> Controller "App\Controllers\Department" loaded.
INFO - 2020-12-09 12:56:54 --> Fetching IIQA Details
INFO - 2020-12-09 12:58:00 --> Controller "App\Controllers\IIQAForm" loaded.
INFO - 2020-12-09 12:58:00 --> Controller "App\Controllers\CommonFetch" loaded.
INFO - 2020-12-09 12:58:00 --> Fetching Title Details
INFO - 2020-12-09 12:58:00 --> Fetching IIQA Details
INFO - 2020-12-09 12:58:00 --> Controller "App\Controllers\CommonFetch" loaded.
INFO - 2020-12-09 12:58:00 --> Fetching Title Details
INFO - 2020-12-09 12:58:07 --> Controller "App\Controllers\IIQAForm" loaded.
INFO - 2020-12-09 12:58:09 --> Controller "App\Controllers\IIQAForm" loaded.
INFO - 2020-12-09 12:58:09 --> Fetching IIQA Details
INFO - 2020-12-09 12:58:09 --> Controller "App\Controllers\IIQADocument" loaded.
INFO - 2020-12-09 12:58:09 --> Fetching Document Details
INFO - 2020-12-09 12:58:09 --> Controller "App\Controllers\IIQADocument" loaded.
INFO - 2020-12-09 12:58:09 --> Fetching Document Details
INFO - 2020-12-09 12:58:09 --> Controller "App\Controllers\IIQADocument" loaded.
INFO - 2020-12-09 12:58:09 --> Fetching Document Details
INFO - 2020-12-09 12:58:09 --> Controller "App\Controllers\Department" loaded.
INFO - 2020-12-09 12:58:09 --> Fetching IIQA Details
INFO - 2020-12-09 12:58:16 --> Controller "App\Controllers\IIQAForm" loaded.
INFO - 2020-12-09 12:58:17 --> Controller "App\Controllers\IIQAForm" loaded.
INFO - 2020-12-09 12:58:17 --> Fetching IIQA Details
INFO - 2020-12-09 13:02:23 --> Controller "App\Controllers\IIQAForm" loaded.
INFO - 2020-12-09 13:02:23 --> Fetching IIQA Details
INFO - 2020-12-09 13:02:26 --> Controller "App\Controllers\IIQAForm" loaded.
INFO - 2020-12-09 13:02:26 --> Fetching IIQA Details
INFO - 2020-12-09 13:02:26 --> Controller "App\Controllers\IIQADocument" loaded.
INFO - 2020-12-09 13:02:26 --> Controller "App\Controllers\IIQADocument" loaded.
INFO - 2020-12-09 13:02:26 --> Controller "App\Controllers\IIQADocument" loaded.
INFO - 2020-12-09 13:02:26 --> Fetching Document Details
INFO - 2020-12-09 13:02:26 --> Fetching Document Details
INFO - 2020-12-09 13:02:26 --> Fetching Document Details
INFO - 2020-12-09 13:02:26 --> Controller "App\Controllers\Department" loaded.
INFO - 2020-12-09 13:02:26 --> Fetching IIQA Details
INFO - 2020-12-09 13:02:27 --> Controller "App\Controllers\IIQAForm" loaded.
INFO - 2020-12-09 13:02:27 --> Fetching IIQA Details
INFO - 2020-12-09 13:02:30 --> Controller "App\Controllers\IIQADocument" loaded.
INFO - 2020-12-09 13:02:30 --> Controller "App\Controllers\IIQAForm" loaded.
INFO - 2020-12-09 13:02:30 --> Fetching Document Details
INFO - 2020-12-09 13:02:30 --> Fetching IIQA Details
INFO - 2020-12-09 13:02:30 --> Controller "App\Controllers\IIQADocument" loaded.
INFO - 2020-12-09 13:02:30 --> Controller "App\Controllers\IIQADocument" loaded.
INFO - 2020-12-09 13:02:30 --> Fetching Document Details
INFO - 2020-12-09 13:02:30 --> Fetching Document Details
INFO - 2020-12-09 13:02:30 --> Controller "App\Controllers\Department" loaded.
INFO - 2020-12-09 13:02:30 --> Fetching IIQA Details
INFO - 2020-12-09 13:02:36 --> Controller "App\Controllers\IIQAForm" loaded.
INFO - 2020-12-09 13:02:36 --> Controller "App\Controllers\IIQAForm" loaded.
INFO - 2020-12-09 13:02:36 --> Fetching IIQA Details
INFO - 2020-12-09 13:02:39 --> Controller "App\Controllers\IIQAForm" loaded.
INFO - 2020-12-09 13:02:41 --> Controller "App\Controllers\UserMenus" loaded.
INFO - 2020-12-09 13:02:41 --> Fetching UserMenu details
INFO - 2020-12-09 13:02:44 --> Controller "App\Controllers\IIQAForm" loaded.
INFO - 2020-12-09 13:02:44 --> Fetching IIQA Details
INFO - 2020-12-09 13:02:46 --> Controller "App\Controllers\IIQAForm" loaded.
INFO - 2020-12-09 13:02:46 --> Fetching IIQA Details
INFO - 2020-12-09 13:02:50 --> Controller "App\Controllers\IIQAForm" loaded.
INFO - 2020-12-09 13:02:54 --> Controller "App\Controllers\UserMenus" loaded.
INFO - 2020-12-09 13:02:54 --> Fetching UserMenu details
INFO - 2020-12-09 13:02:56 --> Controller "App\Controllers\IIQAForm" loaded.
INFO - 2020-12-09 13:02:56 --> Fetching IIQA Details
INFO - 2020-12-09 13:02:58 --> Controller "App\Controllers\IIQAForm" loaded.
INFO - 2020-12-09 13:02:58 --> Fetching IIQA Details
INFO - 2020-12-09 13:03:01 --> Controller "App\Controllers\UserMenus" loaded.
INFO - 2020-12-09 13:03:01 --> Fetching UserMenu details
INFO - 2020-12-09 13:03:47 --> Controller "App\Controllers\UserMenus" loaded.
INFO - 2020-12-09 13:03:47 --> Fetching UserMenu details
INFO - 2020-12-09 13:03:50 --> Controller "App\Controllers\IIQAForm" loaded.
INFO - 2020-12-09 13:03:50 --> Fetching IIQA Details
INFO - 2020-12-09 13:03:50 --> Controller "App\Controllers\IIQADocument" loaded.
INFO - 2020-12-09 13:03:50 --> Fetching Document Details
INFO - 2020-12-09 13:03:50 --> Controller "App\Controllers\SSRForm" loaded.
INFO - 2020-12-09 13:03:50 --> Fetching IIQA Details
INFO - 2020-12-09 13:04:48 --> Controller "App\Controllers\UserMenus" loaded.
INFO - 2020-12-09 13:04:48 --> Fetching UserMenu details
INFO - 2020-12-09 13:04:51 --> Controller "App\Controllers\IIQAForm" loaded.
INFO - 2020-12-09 13:04:51 --> Fetching IIQA Details
INFO - 2020-12-09 13:04:51 --> Controller "App\Controllers\IIQADocument" loaded.
INFO - 2020-12-09 13:04:51 --> Controller "App\Controllers\SSRForm" loaded.
INFO - 2020-12-09 13:04:51 --> Fetching Document Details
INFO - 2020-12-09 13:04:51 --> Fetching IIQA Details
INFO - 2020-12-09 13:05:53 --> Controller "App\Controllers\IIQAForm" loaded.
INFO - 2020-12-09 13:05:53 --> Controller "App\Controllers\IIQADocument" loaded.
INFO - 2020-12-09 13:05:53 --> Fetching IIQA Details
INFO - 2020-12-09 13:05:53 --> Fetching Document Details
INFO - 2020-12-09 13:05:53 --> Controller "App\Controllers\SSRForm" loaded.
INFO - 2020-12-09 13:05:53 --> Fetching IIQA Details
INFO - 2020-12-09 13:07:25 --> Controller "App\Controllers\CommonFetch" loaded.
INFO - 2020-12-09 13:07:25 --> Controller "App\Controllers\SSRForm" loaded.
INFO - 2020-12-09 13:07:25 --> Fetching Uni-Language Details
INFO - 2020-12-09 13:07:25 --> Fetching IIQA Details
INFO - 2020-12-09 13:07:48 --> Controller "App\Controllers\IIQADocument" loaded.
INFO - 2020-12-09 13:07:48 --> Fetching Document Details
INFO - 2020-12-09 13:07:48 --> Controller "App\Controllers\IIQAForm" loaded.
INFO - 2020-12-09 13:07:48 --> Fetching IIQA Details
INFO - 2020-12-09 13:07:48 --> Controller "App\Controllers\SSRForm" loaded.
INFO - 2020-12-09 13:07:48 --> Fetching IIQA Details
INFO - 2020-12-09 13:12:50 --> Controller "App\Controllers\IIQAForm" loaded.
INFO - 2020-12-09 13:12:50 --> Fetching IIQA Details
INFO - 2020-12-09 13:12:55 --> Controller "App\Controllers\IIQADocument" loaded.
INFO - 2020-12-09 13:12:55 --> Fetching Document Details
INFO - 2020-12-09 13:12:55 --> Controller "App\Controllers\SSRForm" loaded.
INFO - 2020-12-09 13:12:55 --> Fetching IIQA Details
INFO - 2020-12-09 13:14:39 --> Controller "App\Controllers\UserMenus" loaded.
INFO - 2020-12-09 13:14:39 --> Fetching UserMenu details
INFO - 2020-12-09 13:14:40 --> Controller "App\Controllers\UserMenus" loaded.
INFO - 2020-12-09 13:14:40 --> Fetching UserMenu details
INFO - 2020-12-09 13:14:48 --> Controller "App\Controllers\UserMenus" loaded.
INFO - 2020-12-09 13:14:48 --> Fetching UserMenu details
INFO - 2020-12-09 13:14:55 --> Controller "App\Controllers\IIQAForm" loaded.
INFO - 2020-12-09 13:14:55 --> Fetching IIQA Details
INFO - 2020-12-09 13:14:57 --> Controller "App\Controllers\UserMenus" loaded.
INFO - 2020-12-09 13:14:57 --> Fetching UserMenu details
INFO - 2020-12-09 13:17:53 --> Controller "App\Controllers\IIQAForm" loaded.
INFO - 2020-12-09 13:17:53 --> Fetching IIQA Details
INFO - 2020-12-09 13:17:54 --> Controller "App\Controllers\UserMenus" loaded.
INFO - 2020-12-09 13:17:54 --> Fetching UserMenu details
INFO - 2020-12-09 13:58:38 --> Controller "App\Controllers\UserMenus" loaded.
INFO - 2020-12-09 13:58:38 --> Fetching UserMenu details
INFO - 2020-12-09 13:59:48 --> Controller "App\Controllers\IIQAForm" loaded.
INFO - 2020-12-09 13:59:48 --> Controller "App\Controllers\IIQADocument" loaded.
INFO - 2020-12-09 13:59:48 --> Fetching IIQA Details
INFO - 2020-12-09 13:59:48 --> Fetching Document Details
INFO - 2020-12-09 13:59:48 --> Controller "App\Controllers\SSRForm" loaded.
INFO - 2020-12-09 13:59:48 --> Fetching IIQA Details
INFO - 2020-12-09 14:00:01 --> Controller "App\Controllers\UserMenus" loaded.
INFO - 2020-12-09 14:00:01 --> Fetching UserMenu details
INFO - 2020-12-09 14:00:11 --> Controller "App\Controllers\UserMenus" loaded.
INFO - 2020-12-09 14:00:11 --> Fetching UserMenu details
INFO - 2020-12-09 14:03:33 --> Controller "App\Controllers\IIQAForm" loaded.
INFO - 2020-12-09 14:03:33 --> Fetching IIQA Details
INFO - 2020-12-09 14:03:35 --> Controller "App\Controllers\UserMenus" loaded.
INFO - 2020-12-09 14:03:35 --> Fetching UserMenu details
INFO - 2020-12-09 14:03:37 --> Controller "App\Controllers\IIQAForm" loaded.
INFO - 2020-12-09 14:03:37 --> Fetching IIQA Details
INFO - 2020-12-09 14:03:41 --> Controller "App\Controllers\UserMenus" loaded.
INFO - 2020-12-09 14:03:41 --> Fetching UserMenu details
INFO - 2020-12-09 14:03:44 --> Controller "App\Controllers\UserMenus" loaded.
INFO - 2020-12-09 14:03:44 --> Fetching UserMenu details
INFO - 2020-12-09 15:14:09 --> Controller "App\Controllers\UserMenus" loaded.
INFO - 2020-12-09 15:14:09 --> Fetching UserMenu details
INFO - 2020-12-09 15:14:14 --> Controller "App\Controllers\UserMenus" loaded.
INFO - 2020-12-09 15:14:14 --> Fetching UserMenu details
INFO - 2020-12-09 15:18:40 --> Controller "App\Controllers\UserMenus" loaded.
INFO - 2020-12-09 15:18:40 --> Fetching UserMenu details
INFO - 2020-12-09 15:20:32 --> Controller "App\Controllers\UserMenus" loaded.
INFO - 2020-12-09 15:20:32 --> Fetching UserMenu details
INFO - 2020-12-09 15:22:19 --> Controller "App\Controllers\UserMenus" loaded.
INFO - 2020-12-09 15:22:19 --> Fetching UserMenu details
INFO - 2020-12-09 15:25:25 --> Controller "App\Controllers\UserMenus" loaded.
INFO - 2020-12-09 15:25:25 --> Fetching UserMenu details
INFO - 2020-12-09 15:27:07 --> Controller "App\Controllers\UserMenus" loaded.
INFO - 2020-12-09 15:27:07 --> Fetching UserMenu details
INFO - 2020-12-09 15:27:17 --> Controller "App\Controllers\UserMenus" loaded.
INFO - 2020-12-09 15:27:17 --> Fetching UserMenu details
INFO - 2020-12-09 15:43:29 --> Controller "App\Controllers\UserMenus" loaded.
INFO - 2020-12-09 15:43:29 --> Fetching UserMenu details
INFO - 2020-12-09 15:45:05 --> Controller "App\Controllers\UserMenus" loaded.
INFO - 2020-12-09 15:45:05 --> Fetching UserMenu details
INFO - 2020-12-09 15:45:09 --> Controller "App\Controllers\IIQAForm" loaded.
INFO - 2020-12-09 15:45:09 --> Fetching IIQA Details
INFO - 2020-12-09 15:45:13 --> Controller "App\Controllers\UserMenus" loaded.
INFO - 2020-12-09 15:45:13 --> Fetching UserMenu details
INFO - 2020-12-09 15:49:53 --> Controller "App\Controllers\UserMenus" loaded.
INFO - 2020-12-09 15:49:53 --> Fetching UserMenu details
INFO - 2020-12-09 15:51:15 --> Controller "App\Controllers\UserMenus" loaded.
INFO - 2020-12-09 15:51:15 --> Fetching UserMenu details
INFO - 2020-12-09 15:54:15 --> Controller "App\Controllers\UserMenus" loaded.
INFO - 2020-12-09 15:54:15 --> Fetching UserMenu details
INFO - 2020-12-09 17:10:09 --> Controller "App\Controllers\UserMenus" loaded.
INFO - 2020-12-09 17:10:09 --> Fetching UserMenu details
INFO - 2020-12-09 17:14:43 --> Controller "App\Controllers\UserMenus" loaded.
INFO - 2020-12-09 17:14:43 --> Fetching UserMenu details
INFO - 2020-12-09 18:05:50 --> Controller "App\Controllers\UserMenus" loaded.
INFO - 2020-12-09 18:05:50 --> Fetching UserMenu details
INFO - 2020-12-09 18:13:16 --> Controller "App\Controllers\UserMenus" loaded.
INFO - 2020-12-09 18:13:16 --> Fetching UserMenu details
INFO - 2020-12-09 18:26:15 --> Controller "App\Controllers\UserMenus" loaded.
INFO - 2020-12-09 18:26:15 --> Fetching UserMenu details
INFO - 2020-12-09 18:26:17 --> Controller "App\Controllers\IIQAForm" loaded.
INFO - 2020-12-09 18:26:17 --> Fetching IIQA Details
INFO - 2020-12-09 18:26:17 --> Controller "App\Controllers\IIQADocument" loaded.
INFO - 2020-12-09 18:26:17 --> Fetching Document Details
INFO - 2020-12-09 18:26:17 --> Controller "App\Controllers\SSRForm" loaded.
INFO - 2020-12-09 18:26:17 --> Fetching IIQA Details
INFO - 2020-12-09 18:26:21 --> Controller "App\Controllers\UserMenus" loaded.
INFO - 2020-12-09 18:26:21 --> Fetching UserMenu details
INFO - 2020-12-09 18:26:26 --> Controller "App\Controllers\UserMenus" loaded.
INFO - 2020-12-09 18:26:26 --> Fetching UserMenu details
INFO - 2020-12-09 18:30:05 --> Controller "App\Controllers\UserMenus" loaded.
INFO - 2020-12-09 18:30:05 --> Fetching UserMenu details
INFO - 2020-12-09 18:56:58 --> Controller "App\Controllers\UserMenus" loaded.
INFO - 2020-12-09 18:56:58 --> Fetching UserMenu details
INFO - 2020-12-09 18:57:52 --> Controller "App\Controllers\UserMenus" loaded.
INFO - 2020-12-09 18:57:52 --> Fetching UserMenu details
INFO - 2020-12-09 19:02:40 --> Controller "App\Controllers\UserMenus" loaded.
INFO - 2020-12-09 19:02:40 --> Fetching UserMenu details
INFO - 2020-12-09 19:03:50 --> Controller "App\Controllers\UserMenus" loaded.
INFO - 2020-12-09 19:03:50 --> Fetching UserMenu details
INFO - 2020-12-09 19:06:27 --> Controller "App\Controllers\IIQAForm" loaded.
INFO - 2020-12-09 19:06:31 --> Controller "App\Controllers\IIQAForm" loaded.
INFO - 2020-12-09 19:06:31 --> Fetching IIQA Details
INFO - 2020-12-09 19:06:36 --> Controller "App\Controllers\UserMenus" loaded.
INFO - 2020-12-09 19:06:36 --> Fetching UserMenu details
INFO - 2020-12-09 19:07:35 --> Controller "App\Controllers\UserMenus" loaded.
INFO - 2020-12-09 19:07:35 --> Fetching UserMenu details
INFO - 2020-12-09 19:13:10 --> Controller "App\Controllers\UserMenus" loaded.
INFO - 2020-12-09 19:13:10 --> Fetching UserMenu details
INFO - 2020-12-09 19:14:49 --> Controller "App\Controllers\UserMenus" loaded.
INFO - 2020-12-09 19:14:49 --> Fetching UserMenu details
INFO - 2020-12-09 19:16:21 --> Controller "App\Controllers\UserMenus" loaded.
INFO - 2020-12-09 19:16:21 --> Fetching UserMenu details
