INFO - 2020-05-03 04:52:15 --> Controller "App\Controllers\Sections" loaded.
INFO - 2020-05-03 04:52:15 --> Controller "App\Controllers\SubjectMasters" loaded.
INFO - 2020-05-03 04:52:15 --> Fetching SubjectMasters details
INFO - 2020-05-03 04:52:15 --> Fetching Sections details
INFO - 2020-05-03 04:52:25 --> Controller "App\Controllers\SubjectMasters" loaded.
INFO - 2020-05-03 04:52:25 --> Fetching SubjectMasters details
INFO - 2020-05-03 04:52:25 --> Controller "App\Controllers\Sections" loaded.
INFO - 2020-05-03 04:52:25 --> Fetching Sections details
INFO - 2020-05-03 04:57:11 --> Controller "App\Controllers\SubjectMasters" loaded.
INFO - 2020-05-03 04:57:11 --> Fetching SubjectMasters details
INFO - 2020-05-03 04:57:11 --> Controller "App\Controllers\Sections" loaded.
INFO - 2020-05-03 04:57:11 --> Fetching Sections details
INFO - 2020-05-03 04:58:00 --> Controller "App\Controllers\Sections" loaded.
INFO - 2020-05-03 04:58:00 --> Fetching Sections details
INFO - 2020-05-03 04:58:00 --> Controller "App\Controllers\SubjectMasters" loaded.
INFO - 2020-05-03 04:58:00 --> Fetching SubjectMasters details
INFO - 2020-05-03 04:58:59 --> Controller "App\Controllers\SubjectMasters" loaded.
INFO - 2020-05-03 04:58:59 --> Fetching SubjectMasters details
INFO - 2020-05-03 04:58:59 --> Controller "App\Controllers\Sections" loaded.
INFO - 2020-05-03 04:58:59 --> Fetching Sections details
INFO - 2020-05-03 04:59:18 --> Controller "App\Controllers\SubjectMasters" loaded.
INFO - 2020-05-03 04:59:18 --> Fetching SubjectMasters details
INFO - 2020-05-03 04:59:18 --> Controller "App\Controllers\Sections" loaded.
INFO - 2020-05-03 04:59:18 --> Fetching Sections details
INFO - 2020-05-03 04:59:36 --> Controller "App\Controllers\SubjectMasters" loaded.
INFO - 2020-05-03 04:59:36 --> Controller "App\Controllers\Sections" loaded.
INFO - 2020-05-03 04:59:36 --> Fetching SubjectMasters details
INFO - 2020-05-03 04:59:36 --> Fetching Sections details
INFO - 2020-05-03 05:00:07 --> Controller "App\Controllers\SubjectMasters" loaded.
INFO - 2020-05-03 05:00:07 --> Fetching SubjectMasters details
INFO - 2020-05-03 05:00:07 --> Controller "App\Controllers\Sections" loaded.
INFO - 2020-05-03 05:00:07 --> Fetching Sections details
INFO - 2020-05-03 05:00:30 --> Controller "App\Controllers\SubjectMasters" loaded.
INFO - 2020-05-03 05:00:30 --> Fetching SubjectMasters details
INFO - 2020-05-03 05:00:30 --> Controller "App\Controllers\Sections" loaded.
INFO - 2020-05-03 05:00:30 --> Fetching Sections details
INFO - 2020-05-03 05:00:56 --> Controller "App\Controllers\SubjectMasters" loaded.
INFO - 2020-05-03 05:00:56 --> Fetching SubjectMasters details
INFO - 2020-05-03 05:00:56 --> Controller "App\Controllers\Sections" loaded.
INFO - 2020-05-03 05:00:56 --> Fetching Sections details
INFO - 2020-05-03 05:01:26 --> Controller "App\Controllers\SubjectMasters" loaded.
INFO - 2020-05-03 05:01:26 --> Controller "App\Controllers\Sections" loaded.
INFO - 2020-05-03 05:01:26 --> Fetching SubjectMasters details
INFO - 2020-05-03 05:01:26 --> Fetching Sections details
INFO - 2020-05-03 05:01:59 --> Controller "App\Controllers\SubjectMasters" loaded.
INFO - 2020-05-03 05:01:59 --> Fetching SubjectMasters details
INFO - 2020-05-03 05:01:59 --> Controller "App\Controllers\Sections" loaded.
INFO - 2020-05-03 05:01:59 --> Fetching Sections details
INFO - 2020-05-03 05:02:30 --> Controller "App\Controllers\SubjectMasters" loaded.
INFO - 2020-05-03 05:02:30 --> Fetching SubjectMasters details
INFO - 2020-05-03 05:02:30 --> Controller "App\Controllers\Sections" loaded.
INFO - 2020-05-03 05:02:30 --> Fetching Sections details
INFO - 2020-05-03 05:07:34 --> Controller "App\Controllers\SubjectMasters" loaded.
INFO - 2020-05-03 05:07:34 --> Fetching SubjectMasters details
INFO - 2020-05-03 05:07:34 --> Controller "App\Controllers\Sections" loaded.
INFO - 2020-05-03 05:07:34 --> Fetching Sections details
INFO - 2020-05-03 05:12:05 --> Controller "App\Controllers\Sections" loaded.
INFO - 2020-05-03 05:12:05 --> Controller "App\Controllers\SubjectMasters" loaded.
INFO - 2020-05-03 05:12:05 --> Fetching SubjectMasters details
INFO - 2020-05-03 05:12:05 --> Fetching Sections details
INFO - 2020-05-03 05:12:52 --> Controller "App\Controllers\Sections" loaded.
INFO - 2020-05-03 05:12:52 --> Fetching Sections details
INFO - 2020-05-03 05:12:52 --> Controller "App\Controllers\SubjectMasters" loaded.
INFO - 2020-05-03 05:12:52 --> Fetching SubjectMasters details
INFO - 2020-05-03 05:13:15 --> Controller "App\Controllers\Sections" loaded.
INFO - 2020-05-03 05:13:15 --> Controller "App\Controllers\SubjectMasters" loaded.
INFO - 2020-05-03 05:13:15 --> Fetching SubjectMasters details
INFO - 2020-05-03 05:13:15 --> Fetching Sections details
INFO - 2020-05-03 05:14:04 --> Controller "App\Controllers\SubjectMasters" loaded.
INFO - 2020-05-03 05:14:04 --> Fetching SubjectMasters details
INFO - 2020-05-03 05:14:04 --> Controller "App\Controllers\Sections" loaded.
INFO - 2020-05-03 05:14:04 --> Fetching Sections details
INFO - 2020-05-03 05:14:36 --> Controller "App\Controllers\SubjectMasters" loaded.
INFO - 2020-05-03 05:14:36 --> Fetching SubjectMasters details
INFO - 2020-05-03 05:14:36 --> Controller "App\Controllers\Sections" loaded.
INFO - 2020-05-03 05:14:36 --> Fetching Sections details
INFO - 2020-05-03 05:14:50 --> Controller "App\Controllers\SubjectMasters" loaded.
INFO - 2020-05-03 05:14:50 --> Fetching SubjectMasters details
INFO - 2020-05-03 05:14:51 --> Controller "App\Controllers\Sections" loaded.
INFO - 2020-05-03 05:14:51 --> Fetching Sections details
INFO - 2020-05-03 05:21:17 --> Controller "App\Controllers\SubjectMasters" loaded.
INFO - 2020-05-03 05:21:17 --> Fetching SubjectMasters details
INFO - 2020-05-03 05:21:17 --> Controller "App\Controllers\Sections" loaded.
INFO - 2020-05-03 05:21:17 --> Fetching Sections details
INFO - 2020-05-03 05:22:24 --> Controller "App\Controllers\SubjectMasters" loaded.
INFO - 2020-05-03 05:22:24 --> Fetching SubjectMasters details
INFO - 2020-05-03 05:22:24 --> Controller "App\Controllers\Sections" loaded.
INFO - 2020-05-03 05:22:24 --> Fetching Sections details
INFO - 2020-05-03 05:24:05 --> Controller "App\Controllers\Sections" loaded.
INFO - 2020-05-03 05:24:05 --> Controller "App\Controllers\SubjectMasters" loaded.
INFO - 2020-05-03 05:24:05 --> Fetching SubjectMasters details
INFO - 2020-05-03 05:24:05 --> Fetching Sections details
INFO - 2020-05-03 05:28:26 --> Controller "App\Controllers\Sections" loaded.
INFO - 2020-05-03 05:28:26 --> Controller "App\Controllers\SubjectMasters" loaded.
INFO - 2020-05-03 05:28:26 --> Fetching SubjectMasters details
INFO - 2020-05-03 05:28:26 --> Fetching Sections details
INFO - 2020-05-03 05:30:26 --> Controller "App\Controllers\SubjectMasters" loaded.
INFO - 2020-05-03 05:30:26 --> Controller "App\Controllers\Sections" loaded.
INFO - 2020-05-03 05:30:26 --> Fetching SubjectMasters details
INFO - 2020-05-03 05:30:26 --> Fetching Sections details
INFO - 2020-05-03 05:31:31 --> Controller "App\Controllers\Sections" loaded.
INFO - 2020-05-03 05:31:31 --> Controller "App\Controllers\SubjectMasters" loaded.
INFO - 2020-05-03 05:31:31 --> Fetching SubjectMasters details
INFO - 2020-05-03 05:31:31 --> Fetching Sections details
INFO - 2020-05-03 05:32:34 --> Controller "App\Controllers\Sections" loaded.
INFO - 2020-05-03 05:32:34 --> Controller "App\Controllers\SubjectMasters" loaded.
INFO - 2020-05-03 05:32:34 --> Fetching SubjectMasters details
INFO - 2020-05-03 05:32:34 --> Fetching Sections details
INFO - 2020-05-03 05:33:23 --> Controller "App\Controllers\SubjectMasters" loaded.
INFO - 2020-05-03 05:33:23 --> Controller "App\Controllers\Sections" loaded.
INFO - 2020-05-03 05:33:23 --> Fetching SubjectMasters details
INFO - 2020-05-03 05:33:23 --> Fetching Sections details
INFO - 2020-05-03 05:33:52 --> Controller "App\Controllers\Sections" loaded.
INFO - 2020-05-03 05:33:52 --> Controller "App\Controllers\SubjectMasters" loaded.
INFO - 2020-05-03 05:33:52 --> Fetching SubjectMasters details
INFO - 2020-05-03 05:33:52 --> Fetching Sections details
INFO - 2020-05-03 05:34:05 --> Controller "App\Controllers\SubjectMasters" loaded.
INFO - 2020-05-03 05:34:05 --> Controller "App\Controllers\Sections" loaded.
INFO - 2020-05-03 05:34:05 --> Fetching SubjectMasters details
INFO - 2020-05-03 05:34:05 --> Fetching Sections details
INFO - 2020-05-03 05:37:59 --> Controller "App\Controllers\SubjectMasters" loaded.
INFO - 2020-05-03 05:37:59 --> Controller "App\Controllers\Sections" loaded.
INFO - 2020-05-03 05:37:59 --> Fetching SubjectMasters details
INFO - 2020-05-03 05:37:59 --> Fetching Sections details
INFO - 2020-05-03 05:39:29 --> Controller "App\Controllers\SubjectMasters" loaded.
INFO - 2020-05-03 05:39:29 --> Fetching SubjectMasters details
INFO - 2020-05-03 05:39:29 --> Controller "App\Controllers\Sections" loaded.
INFO - 2020-05-03 05:39:29 --> Fetching Sections details
INFO - 2020-05-03 05:41:21 --> Controller "App\Controllers\SubjectMasters" loaded.
INFO - 2020-05-03 05:41:21 --> Fetching SubjectMasters details
INFO - 2020-05-03 05:41:21 --> Controller "App\Controllers\Sections" loaded.
INFO - 2020-05-03 05:41:21 --> Fetching Sections details
INFO - 2020-05-03 06:19:22 --> Controller "App\Controllers\SubjectMasters" loaded.
INFO - 2020-05-03 06:19:22 --> Controller "App\Controllers\Sections" loaded.
INFO - 2020-05-03 06:19:22 --> Fetching SubjectMasters details
INFO - 2020-05-03 06:19:22 --> Fetching Sections details
INFO - 2020-05-03 06:22:33 --> Controller "App\Controllers\SubjectMasters" loaded.
INFO - 2020-05-03 06:22:33 --> Fetching SubjectMasters details
INFO - 2020-05-03 06:22:33 --> Controller "App\Controllers\Sections" loaded.
INFO - 2020-05-03 06:22:33 --> Fetching Sections details
INFO - 2020-05-03 06:22:43 --> Controller "App\Controllers\SubjectMasters" loaded.
INFO - 2020-05-03 06:22:43 --> Fetching SubjectMasters details
INFO - 2020-05-03 06:22:43 --> Controller "App\Controllers\Sections" loaded.
INFO - 2020-05-03 06:22:43 --> Fetching Sections details
INFO - 2020-05-03 06:24:28 --> Controller "App\Controllers\SubjectMasters" loaded.
INFO - 2020-05-03 06:24:28 --> Fetching SubjectMasters details
INFO - 2020-05-03 06:24:28 --> Controller "App\Controllers\Sections" loaded.
INFO - 2020-05-03 06:24:28 --> Fetching Sections details
INFO - 2020-05-03 06:25:16 --> Controller "App\Controllers\SubjectMasters" loaded.
INFO - 2020-05-03 06:25:16 --> Controller "App\Controllers\Sections" loaded.
INFO - 2020-05-03 06:25:16 --> Fetching SubjectMasters details
INFO - 2020-05-03 06:25:16 --> Fetching Sections details
INFO - 2020-05-03 06:26:39 --> Controller "App\Controllers\SubjectMasters" loaded.
INFO - 2020-05-03 06:26:39 --> Fetching SubjectMasters details
INFO - 2020-05-03 06:26:39 --> Controller "App\Controllers\Sections" loaded.
INFO - 2020-05-03 06:26:39 --> Fetching Sections details
INFO - 2020-05-03 06:33:57 --> Controller "App\Controllers\SubjectMasters" loaded.
INFO - 2020-05-03 06:33:57 --> Controller "App\Controllers\Sections" loaded.
INFO - 2020-05-03 06:33:57 --> Fetching SubjectMasters details
INFO - 2020-05-03 06:33:57 --> Fetching Sections details
INFO - 2020-05-03 06:34:32 --> Controller "App\Controllers\SubjectMasters" loaded.
INFO - 2020-05-03 06:34:32 --> Fetching SubjectMasters details
INFO - 2020-05-03 06:34:32 --> Controller "App\Controllers\Sections" loaded.
INFO - 2020-05-03 06:34:32 --> Fetching Sections details
INFO - 2020-05-03 06:55:24 --> Controller "App\Controllers\SubjectMasters" loaded.
INFO - 2020-05-03 06:55:24 --> Fetching SubjectMasters details
INFO - 2020-05-03 06:55:24 --> Controller "App\Controllers\Sections" loaded.
INFO - 2020-05-03 06:55:24 --> Fetching Sections details
INFO - 2020-05-03 07:04:12 --> Controller "App\Controllers\SubjectMasters" loaded.
INFO - 2020-05-03 07:04:12 --> Fetching SubjectMasters details
INFO - 2020-05-03 07:04:12 --> Controller "App\Controllers\Sections" loaded.
INFO - 2020-05-03 07:04:12 --> Fetching Sections details
INFO - 2020-05-03 07:09:39 --> Controller "App\Controllers\SubjectMasters" loaded.
INFO - 2020-05-03 07:09:39 --> Fetching SubjectMasters details
INFO - 2020-05-03 07:09:39 --> Controller "App\Controllers\Sections" loaded.
INFO - 2020-05-03 07:09:39 --> Fetching Sections details
INFO - 2020-05-03 07:11:24 --> Controller "App\Controllers\SubjectMasters" loaded.
INFO - 2020-05-03 07:11:24 --> Controller "App\Controllers\Sections" loaded.
INFO - 2020-05-03 07:11:24 --> Fetching SubjectMasters details
INFO - 2020-05-03 07:11:24 --> Fetching Sections details
INFO - 2020-05-03 07:12:40 --> Controller "App\Controllers\SubjectMasters" loaded.
INFO - 2020-05-03 07:12:40 --> Fetching SubjectMasters details
INFO - 2020-05-03 07:12:40 --> Controller "App\Controllers\Sections" loaded.
INFO - 2020-05-03 07:12:40 --> Fetching Sections details
INFO - 2020-05-03 07:13:52 --> Controller "App\Controllers\SubjectMasters" loaded.
INFO - 2020-05-03 07:13:52 --> Fetching SubjectMasters details
INFO - 2020-05-03 07:13:52 --> Controller "App\Controllers\Sections" loaded.
INFO - 2020-05-03 07:13:52 --> Fetching Sections details
INFO - 2020-05-03 07:18:49 --> Controller "App\Controllers\Users" loaded.
INFO - 2020-05-03 07:18:49 --> Fetching Users details
INFO - 2020-05-03 07:18:55 --> Controller "App\Controllers\Users" loaded.
INFO - 2020-05-03 07:18:55 --> Fetching Users details
INFO - 2020-05-03 07:19:11 --> Controller "App\Controllers\SubjectMasters" loaded.
INFO - 2020-05-03 07:19:11 --> Fetching SubjectMasters details
INFO - 2020-05-03 07:19:11 --> Controller "App\Controllers\Sections" loaded.
INFO - 2020-05-03 07:19:11 --> Fetching Sections details
INFO - 2020-05-03 07:21:41 --> Controller "App\Controllers\SubjectStandards" loaded.
INFO - 2020-05-03 07:21:41 --> Fetching Subjects details
INFO - 2020-05-03 07:21:55 --> Controller "App\Controllers\SubjectMasters" loaded.
INFO - 2020-05-03 07:21:55 --> Fetching SubjectMasters details
INFO - 2020-05-03 07:21:55 --> Controller "App\Controllers\Sections" loaded.
INFO - 2020-05-03 07:21:55 --> Fetching Sections details
INFO - 2020-05-03 07:22:38 --> Controller "App\Controllers\SubjectMasters" loaded.
INFO - 2020-05-03 07:22:38 --> Fetching SubjectMasters details
INFO - 2020-05-03 07:22:38 --> Controller "App\Controllers\Sections" loaded.
INFO - 2020-05-03 07:22:38 --> Fetching Sections details
INFO - 2020-05-03 07:26:21 --> Controller "App\Controllers\SubjectMasters" loaded.
INFO - 2020-05-03 07:26:21 --> Fetching SubjectMasters details
INFO - 2020-05-03 07:26:21 --> Controller "App\Controllers\Sections" loaded.
INFO - 2020-05-03 07:26:21 --> Fetching Sections details
INFO - 2020-05-03 07:26:32 --> Controller "App\Controllers\SubjectMasters" loaded.
INFO - 2020-05-03 07:26:32 --> Controller "App\Controllers\Sections" loaded.
INFO - 2020-05-03 07:26:32 --> Fetching SubjectMasters details
INFO - 2020-05-03 07:26:32 --> Fetching Sections details
INFO - 2020-05-03 07:30:02 --> Controller "App\Controllers\SubjectMasters" loaded.
ERROR - 2020-05-03 07:30:02 --> array_flip() expects parameter 1 to be array, null given
INFO - 2020-05-03 07:30:04 --> Controller "App\Controllers\SubjectMasters" loaded.
ERROR - 2020-05-03 07:30:04 --> array_flip() expects parameter 1 to be array, null given
INFO - 2020-05-03 07:30:19 --> Controller "App\Controllers\SubjectMasters" loaded.
INFO - 2020-05-03 07:30:19 --> Controller "App\Controllers\Sections" loaded.
INFO - 2020-05-03 07:30:19 --> Fetching SubjectMasters details
INFO - 2020-05-03 07:30:19 --> Fetching Sections details
INFO - 2020-05-03 07:30:28 --> Controller "App\Controllers\SubjectMasters" loaded.
ERROR - 2020-05-03 07:30:28 --> array_flip() expects parameter 1 to be array, null given
INFO - 2020-05-03 07:30:35 --> Controller "App\Controllers\SubjectMasters" loaded.
INFO - 2020-05-03 07:30:35 --> Controller "App\Controllers\Sections" loaded.
INFO - 2020-05-03 07:30:35 --> Fetching SubjectMasters details
INFO - 2020-05-03 07:30:35 --> Fetching Sections details
INFO - 2020-05-03 07:32:02 --> Controller "App\Controllers\SubjectMasters" loaded.
INFO - 2020-05-03 07:32:02 --> Deleting SubjectMasters details
INFO - 2020-05-03 07:32:03 --> Controller "App\Controllers\SubjectMasters" loaded.
INFO - 2020-05-03 07:32:03 --> Deleting SubjectMasters details
INFO - 2020-05-03 07:32:05 --> Controller "App\Controllers\SubjectMasters" loaded.
INFO - 2020-05-03 07:32:05 --> Deleting SubjectMasters details
INFO - 2020-05-03 07:32:05 --> Controller "App\Controllers\SubjectMasters" loaded.
INFO - 2020-05-03 07:32:05 --> Deleting SubjectMasters details
INFO - 2020-05-03 07:32:06 --> Controller "App\Controllers\SubjectMasters" loaded.
INFO - 2020-05-03 07:32:06 --> Deleting SubjectMasters details
INFO - 2020-05-03 07:32:06 --> Controller "App\Controllers\SubjectMasters" loaded.
INFO - 2020-05-03 07:32:06 --> Deleting SubjectMasters details
INFO - 2020-05-03 07:32:07 --> Controller "App\Controllers\SubjectMasters" loaded.
INFO - 2020-05-03 07:32:07 --> Deleting SubjectMasters details
INFO - 2020-05-03 07:32:07 --> Controller "App\Controllers\SubjectMasters" loaded.
INFO - 2020-05-03 07:32:07 --> Deleting SubjectMasters details
INFO - 2020-05-03 07:32:09 --> Controller "App\Controllers\SubjectMasters" loaded.
INFO - 2020-05-03 07:32:09 --> Fetching SubjectMasters details
INFO - 2020-05-03 07:32:10 --> Controller "App\Controllers\SubjectMasters" loaded.
INFO - 2020-05-03 07:32:10 --> Fetching SubjectMasters details
INFO - 2020-05-03 07:32:11 --> Controller "App\Controllers\SubjectMasters" loaded.
INFO - 2020-05-03 07:32:11 --> Fetching SubjectMasters details
INFO - 2020-05-03 07:32:11 --> Controller "App\Controllers\SubjectMasters" loaded.
INFO - 2020-05-03 07:32:11 --> Fetching SubjectMasters details
INFO - 2020-05-03 07:32:12 --> Controller "App\Controllers\SubjectMasters" loaded.
INFO - 2020-05-03 07:32:12 --> Fetching SubjectMasters details
INFO - 2020-05-03 07:32:13 --> Controller "App\Controllers\SubjectMasters" loaded.
INFO - 2020-05-03 07:32:13 --> Fetching SubjectMasters details
INFO - 2020-05-03 07:32:13 --> Controller "App\Controllers\SubjectMasters" loaded.
INFO - 2020-05-03 07:32:13 --> Fetching SubjectMasters details
INFO - 2020-05-03 07:32:15 --> Controller "App\Controllers\SubjectMasters" loaded.
INFO - 2020-05-03 07:32:15 --> Fetching SubjectMasters details
INFO - 2020-05-03 08:03:24 --> Controller "App\Controllers\SubjectMasters" loaded.
INFO - 2020-05-03 08:03:24 --> Fetching SubjectMasters details
INFO - 2020-05-03 08:03:24 --> Controller "App\Controllers\Sections" loaded.
INFO - 2020-05-03 08:03:24 --> Fetching Sections details
INFO - 2020-05-03 08:12:01 --> Controller "App\Controllers\SubjectMasters" loaded.
INFO - 2020-05-03 08:12:01 --> Fetching SubjectMasters details
INFO - 2020-05-03 08:12:01 --> Controller "App\Controllers\Sections" loaded.
INFO - 2020-05-03 08:12:01 --> Fetching Sections details
INFO - 2020-05-03 08:12:33 --> Controller "App\Controllers\SubjectMasters" loaded.
INFO - 2020-05-03 08:12:33 --> Fetching SubjectMasters details
INFO - 2020-05-03 08:12:33 --> Controller "App\Controllers\Sections" loaded.
INFO - 2020-05-03 08:12:33 --> Fetching Sections details
INFO - 2020-05-03 08:14:34 --> Controller "App\Controllers\SubjectMasters" loaded.
INFO - 2020-05-03 08:14:34 --> Fetching SubjectMasters details
INFO - 2020-05-03 08:14:34 --> Controller "App\Controllers\Sections" loaded.
INFO - 2020-05-03 08:14:34 --> Fetching Sections details
INFO - 2020-05-03 08:14:42 --> Controller "App\Controllers\Sections" loaded.
INFO - 2020-05-03 08:14:42 --> Controller "App\Controllers\SubjectMasters" loaded.
INFO - 2020-05-03 08:14:42 --> Fetching SubjectMasters details
INFO - 2020-05-03 08:14:42 --> Fetching Sections details
INFO - 2020-05-03 08:22:57 --> Controller "App\Controllers\SubjectMasters" loaded.
INFO - 2020-05-03 08:22:57 --> Controller "App\Controllers\Sections" loaded.
INFO - 2020-05-03 08:22:57 --> Fetching SubjectMasters details
INFO - 2020-05-03 08:22:57 --> Fetching Sections details
INFO - 2020-05-03 08:27:02 --> Controller "App\Controllers\SubjectStandards" loaded.
INFO - 2020-05-03 08:27:02 --> Fetching Subjects details
INFO - 2020-05-03 08:27:42 --> Controller "App\Controllers\SubjectStandards" loaded.
INFO - 2020-05-03 08:27:42 --> Fetching Subjects details
INFO - 2020-05-03 08:28:41 --> Controller "App\Controllers\SubjectStandards" loaded.
INFO - 2020-05-03 08:28:41 --> Fetching Subjects details
INFO - 2020-05-03 08:31:54 --> Controller "App\Controllers\SubjectStandards" loaded.
INFO - 2020-05-03 08:31:54 --> Fetching Subjects details
INFO - 2020-05-03 08:32:09 --> Controller "App\Controllers\SubjectStandards" loaded.
INFO - 2020-05-03 08:32:09 --> Fetching Subjects details
INFO - 2020-05-03 08:32:29 --> Controller "App\Controllers\SubjectStandards" loaded.
INFO - 2020-05-03 08:32:29 --> Fetching Subjects details
INFO - 2020-05-03 08:39:16 --> Controller "App\Controllers\SubjectMasters" loaded.
ERROR - 2020-05-03 08:39:16 --> array_flip() expects parameter 1 to be array, null given
INFO - 2020-05-03 08:41:40 --> Controller "App\Controllers\SubjectStandards" loaded.
INFO - 2020-05-03 08:41:40 --> Fetching Subjects details
INFO - 2020-05-03 08:41:45 --> Controller "App\Controllers\SubjectStandards" loaded.
INFO - 2020-05-03 08:41:45 --> Fetching Subjects details
INFO - 2020-05-03 08:41:52 --> Controller "App\Controllers\SubjectStandards" loaded.
INFO - 2020-05-03 08:41:52 --> Fetching Subjects details
INFO - 2020-05-03 08:58:07 --> Controller "App\Controllers\SubjectStandards" loaded.
INFO - 2020-05-03 08:58:07 --> Fetching Subjects details
INFO - 2020-05-03 09:06:39 --> Controller "App\Controllers\SubjectMasters" loaded.
INFO - 2020-05-03 09:06:39 --> Fetching SubjectMasters details
INFO - 2020-05-03 09:06:39 --> Controller "App\Controllers\Sections" loaded.
INFO - 2020-05-03 09:06:39 --> Fetching Sections details
INFO - 2020-05-03 09:08:42 --> Controller "App\Controllers\SubjectStandards" loaded.
INFO - 2020-05-03 09:08:42 --> Fetching Subjects details
INFO - 2020-05-03 09:10:12 --> Controller "App\Controllers\SubjectStandards" loaded.
ERROR - 2020-05-03 09:10:12 --> Operand should contain 1 column(s)
INFO - 2020-05-03 09:12:18 --> Controller "App\Controllers\SubjectStandards" loaded.
INFO - 2020-05-03 09:12:18 --> Fetching Subjects details
INFO - 2020-05-03 09:13:39 --> Controller "App\Controllers\SubjectStandards" loaded.
INFO - 2020-05-03 09:13:39 --> Fetching Subjects details
INFO - 2020-05-03 09:13:53 --> Controller "App\Controllers\SubjectStandards" loaded.
INFO - 2020-05-03 09:13:53 --> Fetching Subjects details
INFO - 2020-05-03 09:14:09 --> Controller "App\Controllers\SubjectMasters" loaded.
INFO - 2020-05-03 09:14:09 --> Fetching SubjectMasters details
INFO - 2020-05-03 09:14:09 --> Controller "App\Controllers\Sections" loaded.
INFO - 2020-05-03 09:14:09 --> Fetching Sections details
INFO - 2020-05-03 09:14:11 --> Controller "App\Controllers\SubjectStandards" loaded.
INFO - 2020-05-03 09:14:11 --> Fetching Subjects details
INFO - 2020-05-03 09:15:42 --> Controller "App\Controllers\SubjectMasters" loaded.
INFO - 2020-05-03 09:15:42 --> Controller "App\Controllers\Sections" loaded.
INFO - 2020-05-03 09:15:42 --> Fetching SubjectMasters details
INFO - 2020-05-03 09:15:42 --> Fetching Sections details
INFO - 2020-05-03 09:21:44 --> Controller "App\Controllers\SubjectMasters" loaded.
INFO - 2020-05-03 09:21:44 --> Controller "App\Controllers\Sections" loaded.
INFO - 2020-05-03 09:21:44 --> Fetching SubjectMasters details
INFO - 2020-05-03 09:21:44 --> Fetching Sections details
INFO - 2020-05-03 09:21:48 --> Controller "App\Controllers\SubjectStandards" loaded.
INFO - 2020-05-03 09:21:48 --> Fetching Subjects details
INFO - 2020-05-03 09:22:00 --> Controller "App\Controllers\SubjectStandards" loaded.
INFO - 2020-05-03 09:22:00 --> Fetching Subjects details
INFO - 2020-05-03 09:22:21 --> Controller "App\Controllers\SubjectStandards" loaded.
INFO - 2020-05-03 09:22:21 --> Inserting Subjects details
INFO - 2020-05-03 09:22:21 --> Controller "App\Controllers\SubjectStandards" loaded.
INFO - 2020-05-03 09:22:21 --> Fetching Subjects details
INFO - 2020-05-03 09:22:41 --> Controller "App\Controllers\SubjectMasters" loaded.
INFO - 2020-05-03 09:22:41 --> Controller "App\Controllers\Sections" loaded.
INFO - 2020-05-03 09:22:41 --> Fetching SubjectMasters details
INFO - 2020-05-03 09:22:41 --> Fetching Sections details
INFO - 2020-05-03 09:22:43 --> Controller "App\Controllers\SubjectStandards" loaded.
INFO - 2020-05-03 09:22:43 --> Fetching Subjects details
INFO - 2020-05-03 09:34:19 --> Controller "App\Controllers\SubjectMasters" loaded.
INFO - 2020-05-03 09:34:19 --> Controller "App\Controllers\Sections" loaded.
INFO - 2020-05-03 09:34:19 --> Fetching SubjectMasters details
INFO - 2020-05-03 09:34:19 --> Fetching Sections details
INFO - 2020-05-03 09:35:43 --> Controller "App\Controllers\SubjectMasters" loaded.
INFO - 2020-05-03 09:35:43 --> Fetching SubjectMasters details
INFO - 2020-05-03 09:35:43 --> Controller "App\Controllers\Sections" loaded.
INFO - 2020-05-03 09:35:43 --> Fetching Sections details
INFO - 2020-05-03 09:38:35 --> Controller "App\Controllers\SubjectMasters" loaded.
INFO - 2020-05-03 09:38:35 --> Fetching SubjectMasters details
INFO - 2020-05-03 09:38:35 --> Controller "App\Controllers\Sections" loaded.
INFO - 2020-05-03 09:38:35 --> Fetching Sections details
INFO - 2020-05-03 09:39:26 --> Controller "App\Controllers\SubjectMasters" loaded.
INFO - 2020-05-03 09:39:26 --> Fetching SubjectMasters details
INFO - 2020-05-03 09:39:26 --> Controller "App\Controllers\Sections" loaded.
INFO - 2020-05-03 09:39:26 --> Fetching Sections details
INFO - 2020-05-03 09:47:58 --> Controller "App\Controllers\SubjectMasters" loaded.
INFO - 2020-05-03 09:47:58 --> Fetching SubjectMasters details
INFO - 2020-05-03 09:47:58 --> Controller "App\Controllers\Sections" loaded.
INFO - 2020-05-03 09:47:58 --> Fetching Sections details
INFO - 2020-05-03 09:48:05 --> Controller "App\Controllers\SubjectMasters" loaded.
INFO - 2020-05-03 09:48:05 --> Fetching SubjectMasters details
INFO - 2020-05-03 09:48:05 --> Controller "App\Controllers\Sections" loaded.
INFO - 2020-05-03 09:48:05 --> Fetching Sections details
INFO - 2020-05-03 09:50:06 --> Controller "App\Controllers\SubjectMasters" loaded.
INFO - 2020-05-03 09:50:06 --> Fetching SubjectMasters details
INFO - 2020-05-03 09:50:06 --> Controller "App\Controllers\Sections" loaded.
INFO - 2020-05-03 09:50:06 --> Fetching Sections details
INFO - 2020-05-03 09:50:37 --> Controller "App\Controllers\SubjectMasters" loaded.
INFO - 2020-05-03 09:50:37 --> Fetching SubjectMasters details
INFO - 2020-05-03 09:50:37 --> Controller "App\Controllers\Sections" loaded.
INFO - 2020-05-03 09:50:37 --> Fetching Sections details
INFO - 2020-05-03 09:51:01 --> Controller "App\Controllers\SubjectMasters" loaded.
INFO - 2020-05-03 09:51:01 --> Fetching SubjectMasters details
INFO - 2020-05-03 09:51:01 --> Controller "App\Controllers\Sections" loaded.
INFO - 2020-05-03 09:51:01 --> Fetching Sections details
INFO - 2020-05-03 09:51:43 --> Controller "App\Controllers\SubjectMasters" loaded.
INFO - 2020-05-03 09:51:43 --> Controller "App\Controllers\Sections" loaded.
INFO - 2020-05-03 09:51:43 --> Fetching SubjectMasters details
INFO - 2020-05-03 09:51:43 --> Fetching Sections details
INFO - 2020-05-03 09:52:30 --> Controller "App\Controllers\SubjectMasters" loaded.
INFO - 2020-05-03 09:52:30 --> Fetching SubjectMasters details
INFO - 2020-05-03 09:52:30 --> Controller "App\Controllers\Sections" loaded.
INFO - 2020-05-03 09:52:30 --> Fetching Sections details
INFO - 2020-05-03 09:53:41 --> Controller "App\Controllers\SubjectMasters" loaded.
INFO - 2020-05-03 09:53:41 --> Fetching SubjectMasters details
INFO - 2020-05-03 09:53:41 --> Controller "App\Controllers\Sections" loaded.
INFO - 2020-05-03 09:53:41 --> Fetching Sections details
INFO - 2020-05-03 10:08:18 --> Controller "App\Controllers\Holidays" loaded.
INFO - 2020-05-03 10:08:18 --> Fetching Holiday details
INFO - 2020-05-03 10:11:57 --> Controller "App\Controllers\Sections" loaded.
INFO - 2020-05-03 10:11:57 --> Controller "App\Controllers\SubjectMasters" loaded.
INFO - 2020-05-03 10:11:57 --> Fetching SubjectMasters details
INFO - 2020-05-03 10:11:57 --> Fetching Sections details
INFO - 2020-05-03 10:12:10 --> Controller "App\Controllers\SubjectMasters" loaded.
INFO - 2020-05-03 10:12:10 --> Fetching SubjectMasters details
INFO - 2020-05-03 10:12:10 --> Controller "App\Controllers\Sections" loaded.
INFO - 2020-05-03 10:12:10 --> Fetching Sections details
INFO - 2020-05-03 10:14:39 --> Controller "App\Controllers\SubjectMasters" loaded.
INFO - 2020-05-03 10:14:39 --> Fetching SubjectMasters details
INFO - 2020-05-03 10:14:39 --> Controller "App\Controllers\Sections" loaded.
INFO - 2020-05-03 10:14:39 --> Fetching Sections details
INFO - 2020-05-03 10:28:44 --> Controller "App\Controllers\SubjectMasters" loaded.
INFO - 2020-05-03 10:28:44 --> Fetching SubjectMasters details
INFO - 2020-05-03 10:32:56 --> Controller "App\Controllers\SubjectMasters" loaded.
INFO - 2020-05-03 10:32:56 --> Controller "App\Controllers\Sections" loaded.
INFO - 2020-05-03 10:32:56 --> Fetching SubjectMasters details
INFO - 2020-05-03 10:32:56 --> Fetching Sections details
INFO - 2020-05-03 10:35:11 --> Controller "App\Controllers\Sections" loaded.
INFO - 2020-05-03 10:35:11 --> Fetching Sections details
INFO - 2020-05-03 10:35:30 --> Controller "App\Controllers\Sections" loaded.
INFO - 2020-05-03 10:35:30 --> Fetching Sections details
INFO - 2020-05-03 10:36:01 --> Controller "App\Controllers\Sections" loaded.
INFO - 2020-05-03 10:36:01 --> Fetching Sections details
INFO - 2020-05-03 10:36:26 --> Controller "App\Controllers\Sections" loaded.
INFO - 2020-05-03 10:36:26 --> Fetching Sections details
INFO - 2020-05-03 10:36:33 --> Controller "App\Controllers\Sections" loaded.
INFO - 2020-05-03 10:36:33 --> Fetching Sections details
INFO - 2020-05-03 10:36:41 --> Controller "App\Controllers\Sections" loaded.
INFO - 2020-05-03 10:36:41 --> Fetching Sections details
INFO - 2020-05-03 10:37:42 --> Controller "App\Controllers\SubjectMasters" loaded.
INFO - 2020-05-03 10:37:42 --> Fetching SubjectMasters details
INFO - 2020-05-03 10:37:42 --> Controller "App\Controllers\Sections" loaded.
INFO - 2020-05-03 10:37:42 --> Fetching Sections details
INFO - 2020-05-03 10:38:41 --> Controller "App\Controllers\SubjectMasters" loaded.
INFO - 2020-05-03 10:38:41 --> Fetching SubjectMasters details
INFO - 2020-05-03 10:38:41 --> Controller "App\Controllers\Sections" loaded.
INFO - 2020-05-03 10:38:41 --> Fetching Sections details
INFO - 2020-05-03 10:45:01 --> Controller "App\Controllers\Sections" loaded.
INFO - 2020-05-03 10:45:01 --> Fetching Sections details
INFO - 2020-05-03 10:45:47 --> Controller "App\Controllers\Sections" loaded.
INFO - 2020-05-03 10:45:47 --> Fetching Sections details
INFO - 2020-05-03 10:50:17 --> Controller "App\Controllers\Sections" loaded.
INFO - 2020-05-03 10:50:17 --> Fetching Sections details
INFO - 2020-05-03 10:51:32 --> Controller "App\Controllers\Sections" loaded.
INFO - 2020-05-03 10:51:32 --> Fetching Sections details
INFO - 2020-05-03 10:53:27 --> Controller "App\Controllers\SubjectMasters" loaded.
INFO - 2020-05-03 10:53:27 --> Fetching SubjectMasters details
INFO - 2020-05-03 10:53:27 --> Controller "App\Controllers\Sections" loaded.
INFO - 2020-05-03 10:53:27 --> Fetching Sections details
INFO - 2020-05-03 10:53:32 --> Controller "App\Controllers\Sections" loaded.
INFO - 2020-05-03 10:53:32 --> Fetching Sections details
INFO - 2020-05-03 10:53:36 --> Controller "App\Controllers\SubjectMasters" loaded.
INFO - 2020-05-03 10:53:36 --> Fetching SubjectMasters details
INFO - 2020-05-03 10:53:36 --> Controller "App\Controllers\Sections" loaded.
INFO - 2020-05-03 10:53:36 --> Fetching Sections details
INFO - 2020-05-03 10:54:09 --> Controller "App\Controllers\SubjectMasters" loaded.
INFO - 2020-05-03 10:54:09 --> Fetching SubjectMasters details
INFO - 2020-05-03 10:54:09 --> Controller "App\Controllers\Sections" loaded.
INFO - 2020-05-03 10:54:09 --> Fetching Sections details
INFO - 2020-05-03 10:54:39 --> Controller "App\Controllers\SubjectMasters" loaded.
INFO - 2020-05-03 10:54:39 --> Controller "App\Controllers\Sections" loaded.
INFO - 2020-05-03 10:54:39 --> Fetching SubjectMasters details
INFO - 2020-05-03 10:54:39 --> Fetching Sections details
INFO - 2020-05-03 10:57:10 --> Controller "App\Controllers\Sections" loaded.
INFO - 2020-05-03 10:57:10 --> Fetching Sections details
INFO - 2020-05-03 11:48:49 --> Controller "App\Controllers\Boards" loaded.
INFO - 2020-05-03 11:48:49 --> Controller "App\Controllers\Standards" loaded.
INFO - 2020-05-03 11:48:49 --> Fetching Boards details
INFO - 2020-05-03 11:48:49 --> Fetching Standards details
INFO - 2020-05-03 11:48:49 --> Controller "App\Controllers\Standards" loaded.
INFO - 2020-05-03 11:48:49 --> Controller "App\Controllers\Institutions" loaded.
INFO - 2020-05-03 11:48:49 --> Fetching Institution details
INFO - 2020-05-03 11:48:49 --> Fetching Standards details
INFO - 2020-05-03 11:48:49 --> Controller "App\Controllers\Standards" loaded.
INFO - 2020-05-03 11:48:49 --> Fetching Standards details
INFO - 2020-05-03 11:49:16 --> Controller "App\Controllers\Institutions" loaded.
INFO - 2020-05-03 11:49:16 --> Controller "App\Controllers\Sections" loaded.
INFO - 2020-05-03 11:49:16 --> Fetching Institution details
INFO - 2020-05-03 11:49:16 --> Fetching Sections details
INFO - 2020-05-03 11:49:16 --> Controller "App\Controllers\Organizations" loaded.
INFO - 2020-05-03 11:49:16 --> Fetching Organizations details
INFO - 2020-05-03 11:55:21 --> Controller "App\Controllers\Sections" loaded.
INFO - 2020-05-03 11:55:21 --> Fetching Sections details
INFO - 2020-05-03 11:55:23 --> Controller "App\Controllers\Students" loaded.
INFO - 2020-05-03 11:55:23 --> Fetching All Leave details
INFO - 2020-05-03 11:55:30 --> Controller "App\Controllers\Sections" loaded.
INFO - 2020-05-03 11:55:30 --> Fetching Sections details
INFO - 2020-05-03 11:59:46 --> Controller "App\Controllers\Students" loaded.
INFO - 2020-05-03 12:01:09 --> Controller "App\Controllers\Students" loaded.
INFO - 2020-05-03 12:08:35 --> Controller "App\Controllers\RouteMasters" loaded.
INFO - 2020-05-03 12:08:35 --> Fetching Route Master details
INFO - 2020-05-03 12:08:35 --> Controller "App\Controllers\Vehicles" loaded.
INFO - 2020-05-03 12:08:35 --> Fetching Vehicles details
INFO - 2020-05-03 12:12:51 --> Controller "App\Controllers\RouteMasters" loaded.
INFO - 2020-05-03 12:12:51 --> Controller "App\Controllers\Vehicles" loaded.
INFO - 2020-05-03 12:12:51 --> Fetching Route Master details
INFO - 2020-05-03 12:12:51 --> Fetching Vehicles details
INFO - 2020-05-03 12:14:48 --> Controller "App\Controllers\SubjectMasters" loaded.
INFO - 2020-05-03 12:14:48 --> Fetching SubjectMasters details
INFO - 2020-05-03 12:17:03 --> Controller "App\Controllers\Holidays" loaded.
INFO - 2020-05-03 12:17:03 --> Fetching Holiday details
INFO - 2020-05-03 12:17:04 --> Controller "App\Controllers\SubjectMasters" loaded.
INFO - 2020-05-03 12:17:04 --> Fetching SubjectMasters details
INFO - 2020-05-03 12:19:15 --> Controller "App\Controllers\SubjectMasters" loaded.
INFO - 2020-05-03 12:19:15 --> Controller "App\Controllers\Sections" loaded.
INFO - 2020-05-03 12:19:15 --> Fetching SubjectMasters details
INFO - 2020-05-03 12:19:15 --> Fetching Sections details
INFO - 2020-05-03 12:19:22 --> Controller "App\Controllers\SubjectMasters" loaded.
INFO - 2020-05-03 12:19:22 --> Controller "App\Controllers\Sections" loaded.
INFO - 2020-05-03 12:19:22 --> Fetching SubjectMasters details
INFO - 2020-05-03 12:19:22 --> Fetching Sections details
INFO - 2020-05-03 12:24:38 --> Controller "App\Controllers\SubjectMasters" loaded.
INFO - 2020-05-03 12:24:38 --> Fetching SubjectMasters details
INFO - 2020-05-03 12:30:15 --> Controller "App\Controllers\SubjectMasters" loaded.
INFO - 2020-05-03 12:30:15 --> Fetching SubjectMasters details
INFO - 2020-05-03 12:30:18 --> Controller "App\Controllers\SubjectMasters" loaded.
INFO - 2020-05-03 12:30:18 --> Fetching SubjectMasters details
INFO - 2020-05-03 12:30:51 --> Controller "App\Controllers\Sections" loaded.
INFO - 2020-05-03 12:30:51 --> Controller "App\Controllers\SubjectMasters" loaded.
INFO - 2020-05-03 12:30:51 --> Fetching SubjectMasters details
INFO - 2020-05-03 12:30:51 --> Fetching Sections details
INFO - 2020-05-03 12:31:07 --> Controller "App\Controllers\Sections" loaded.
INFO - 2020-05-03 12:31:07 --> Fetching Sections details
INFO - 2020-05-03 12:31:48 --> Controller "App\Controllers\SubjectMasters" loaded.
INFO - 2020-05-03 12:31:48 --> Fetching SubjectMasters details
INFO - 2020-05-03 12:33:15 --> Controller "App\Controllers\SubjectMasters" loaded.
INFO - 2020-05-03 12:33:15 --> Fetching SubjectMasters details
INFO - 2020-05-03 12:33:23 --> Controller "App\Controllers\Standards" loaded.
INFO - 2020-05-03 12:33:23 --> Controller "App\Controllers\Boards" loaded.
INFO - 2020-05-03 12:33:23 --> Fetching Boards details
INFO - 2020-05-03 12:33:23 --> Fetching Standards details
INFO - 2020-05-03 12:33:23 --> Controller "App\Controllers\Institutions" loaded.
INFO - 2020-05-03 12:33:23 --> Controller "App\Controllers\Standards" loaded.
INFO - 2020-05-03 12:33:23 --> Controller "App\Controllers\Standards" loaded.
INFO - 2020-05-03 12:33:23 --> Fetching Institution details
INFO - 2020-05-03 12:33:23 --> Fetching Standards details
INFO - 2020-05-03 12:33:23 --> Fetching Standards details
INFO - 2020-05-03 12:33:30 --> Controller "App\Controllers\Sections" loaded.
INFO - 2020-05-03 12:33:30 --> Controller "App\Controllers\Institutions" loaded.
INFO - 2020-05-03 12:33:30 --> Controller "App\Controllers\Standards" loaded.
INFO - 2020-05-03 12:33:30 --> Controller "App\Controllers\Boards" loaded.
INFO - 2020-05-03 12:33:30 --> Fetching Boards details
INFO - 2020-05-03 12:33:30 --> Fetching Institution details
INFO - 2020-05-03 12:33:30 --> Fetching Sections details
INFO - 2020-05-03 12:33:30 --> Fetching Standards details
INFO - 2020-05-03 12:54:12 --> Controller "App\Controllers\Sections" loaded.
INFO - 2020-05-03 12:54:12 --> Fetching Sections details
INFO - 2020-05-03 12:54:12 --> Controller "App\Controllers\SubjectMasters" loaded.
INFO - 2020-05-03 12:54:12 --> Fetching SubjectMasters details
INFO - 2020-05-03 12:54:21 --> Controller "App\Controllers\SubjectMasters" loaded.
INFO - 2020-05-03 12:54:21 --> Fetching SubjectMasters details
INFO - 2020-05-03 12:55:59 --> Controller "App\Controllers\SubjectMasters" loaded.
INFO - 2020-05-03 12:55:59 --> Controller "App\Controllers\Sections" loaded.
INFO - 2020-05-03 12:55:59 --> Fetching SubjectMasters details
INFO - 2020-05-03 12:55:59 --> Fetching Sections details
INFO - 2020-05-03 12:56:25 --> Controller "App\Controllers\SubjectMasters" loaded.
INFO - 2020-05-03 12:56:25 --> Fetching SubjectMasters details
INFO - 2020-05-03 12:56:25 --> Controller "App\Controllers\Sections" loaded.
INFO - 2020-05-03 12:56:25 --> Fetching Sections details
INFO - 2020-05-03 12:56:33 --> Controller "App\Controllers\SubjectMasters" loaded.
INFO - 2020-05-03 12:56:33 --> Fetching SubjectMasters details
INFO - 2020-05-03 12:57:55 --> Controller "App\Controllers\SubjectMasters" loaded.
INFO - 2020-05-03 12:57:55 --> Controller "App\Controllers\Sections" loaded.
INFO - 2020-05-03 12:57:55 --> Fetching SubjectMasters details
INFO - 2020-05-03 12:57:55 --> Fetching Sections details
INFO - 2020-05-03 12:58:04 --> Controller "App\Controllers\SubjectMasters" loaded.
INFO - 2020-05-03 12:58:04 --> Fetching SubjectMasters details
INFO - 2020-05-03 12:59:52 --> Controller "App\Controllers\SubjectMasters" loaded.
INFO - 2020-05-03 12:59:52 --> Fetching SubjectMasters details
INFO - 2020-05-03 12:59:52 --> Controller "App\Controllers\Sections" loaded.
INFO - 2020-05-03 12:59:52 --> Fetching Sections details
INFO - 2020-05-03 13:00:00 --> Controller "App\Controllers\SubjectMasters" loaded.
INFO - 2020-05-03 13:00:00 --> Fetching SubjectMasters details
INFO - 2020-05-03 13:00:53 --> Controller "App\Controllers\SubjectMasters" loaded.
INFO - 2020-05-03 13:00:53 --> Controller "App\Controllers\Sections" loaded.
INFO - 2020-05-03 13:00:53 --> Fetching SubjectMasters details
INFO - 2020-05-03 13:00:53 --> Fetching Sections details
INFO - 2020-05-03 13:00:58 --> Controller "App\Controllers\SubjectMasters" loaded.
INFO - 2020-05-03 13:00:58 --> Fetching SubjectMasters details
INFO - 2020-05-03 13:01:45 --> Controller "App\Controllers\SubjectMasters" loaded.
INFO - 2020-05-03 13:01:45 --> Controller "App\Controllers\Sections" loaded.
INFO - 2020-05-03 13:01:45 --> Fetching SubjectMasters details
INFO - 2020-05-03 13:01:45 --> Fetching Sections details
INFO - 2020-05-03 13:01:56 --> Controller "App\Controllers\SubjectMasters" loaded.
INFO - 2020-05-03 13:01:56 --> Fetching SubjectMasters details
INFO - 2020-05-03 13:06:19 --> Controller "App\Controllers\SubjectMasters" loaded.
INFO - 2020-05-03 13:06:19 --> Controller "App\Controllers\Sections" loaded.
INFO - 2020-05-03 13:06:19 --> Fetching SubjectMasters details
INFO - 2020-05-03 13:06:19 --> Fetching Sections details
INFO - 2020-05-03 13:06:25 --> Controller "App\Controllers\SubjectMasters" loaded.
INFO - 2020-05-03 13:06:25 --> Fetching SubjectMasters details
INFO - 2020-05-03 13:09:31 --> Controller "App\Controllers\SubjectMasters" loaded.
INFO - 2020-05-03 13:09:31 --> Controller "App\Controllers\Sections" loaded.
INFO - 2020-05-03 13:09:31 --> Fetching SubjectMasters details
INFO - 2020-05-03 13:09:31 --> Fetching Sections details
INFO - 2020-05-03 13:09:37 --> Controller "App\Controllers\SubjectMasters" loaded.
INFO - 2020-05-03 13:09:37 --> Fetching SubjectMasters details
INFO - 2020-05-03 13:16:51 --> Controller "App\Controllers\SubjectMasters" loaded.
INFO - 2020-05-03 13:16:51 --> Controller "App\Controllers\Sections" loaded.
INFO - 2020-05-03 13:16:51 --> Fetching SubjectMasters details
INFO - 2020-05-03 13:16:51 --> Fetching Sections details
INFO - 2020-05-03 13:17:02 --> Controller "App\Controllers\SubjectMasters" loaded.
INFO - 2020-05-03 13:17:02 --> Fetching SubjectMasters details
INFO - 2020-05-03 13:17:09 --> Controller "App\Controllers\SubjectMasters" loaded.
INFO - 2020-05-03 13:17:09 --> Updating SubjectMasters details
INFO - 2020-05-03 13:17:12 --> Controller "App\Controllers\SubjectMasters" loaded.
INFO - 2020-05-03 13:17:12 --> Fetching SubjectMasters details
INFO - 2020-05-03 13:17:20 --> Controller "App\Controllers\SubjectMasters" loaded.
INFO - 2020-05-03 13:17:20 --> Fetching SubjectMasters details
INFO - 2020-05-03 13:17:28 --> Controller "App\Controllers\SubjectMasters" loaded.
INFO - 2020-05-03 13:17:28 --> Updating SubjectMasters details
INFO - 2020-05-03 13:17:30 --> Controller "App\Controllers\SubjectMasters" loaded.
INFO - 2020-05-03 13:17:30 --> Fetching SubjectMasters details
INFO - 2020-05-03 13:17:33 --> Controller "App\Controllers\SubjectMasters" loaded.
INFO - 2020-05-03 13:17:33 --> Fetching SubjectMasters details
INFO - 2020-05-03 13:17:44 --> Controller "App\Controllers\SubjectMasters" loaded.
INFO - 2020-05-03 13:17:44 --> Updating SubjectMasters details
INFO - 2020-05-03 13:17:47 --> Controller "App\Controllers\SubjectMasters" loaded.
INFO - 2020-05-03 13:17:47 --> Fetching SubjectMasters details
INFO - 2020-05-03 13:17:49 --> Controller "App\Controllers\SubjectMasters" loaded.
INFO - 2020-05-03 13:17:49 --> Fetching SubjectMasters details
INFO - 2020-05-03 13:17:55 --> Controller "App\Controllers\SubjectMasters" loaded.
INFO - 2020-05-03 13:17:55 --> Updating SubjectMasters details
INFO - 2020-05-03 13:17:57 --> Controller "App\Controllers\SubjectMasters" loaded.
INFO - 2020-05-03 13:17:57 --> Fetching SubjectMasters details
INFO - 2020-05-03 13:18:06 --> Controller "App\Controllers\SubjectMasters" loaded.
ERROR - 2020-05-03 13:18:06 --> array_push() expects parameter 1 to be array, null given
INFO - 2020-05-03 13:18:35 --> Controller "App\Controllers\SubjectMasters" loaded.
ERROR - 2020-05-03 13:18:35 --> array_push() expects parameter 1 to be array, null given
INFO - 2020-05-03 13:18:47 --> Controller "App\Controllers\SubjectMasters" loaded.
INFO - 2020-05-03 13:18:47 --> Fetching SubjectMasters details
INFO - 2020-05-03 13:18:57 --> Controller "App\Controllers\SubjectMasters" loaded.
ERROR - 2020-05-03 13:18:57 --> array_push() expects parameter 1 to be array, null given
INFO - 2020-05-03 13:19:30 --> Controller "App\Controllers\SubjectMasters" loaded.
ERROR - 2020-05-03 13:19:30 --> array_push() expects parameter 1 to be array, null given
INFO - 2020-05-03 13:20:28 --> Controller "App\Controllers\SubjectMasters" loaded.
INFO - 2020-05-03 13:20:28 --> Fetching SubjectMasters details
INFO - 2020-05-03 13:26:26 --> Controller "App\Controllers\SubjectMasters" loaded.
INFO - 2020-05-03 13:26:26 --> Controller "App\Controllers\Sections" loaded.
INFO - 2020-05-03 13:26:26 --> Fetching SubjectMasters details
INFO - 2020-05-03 13:26:26 --> Fetching Sections details
INFO - 2020-05-03 13:29:57 --> Controller "App\Controllers\SubjectMasters" loaded.
INFO - 2020-05-03 13:29:57 --> Fetching SubjectMasters details
INFO - 2020-05-03 13:29:57 --> Controller "App\Controllers\Sections" loaded.
INFO - 2020-05-03 13:29:57 --> Fetching Sections details
INFO - 2020-05-03 13:40:27 --> Controller "App\Controllers\SubjectMasters" loaded.
INFO - 2020-05-03 13:40:27 --> Fetching SubjectMasters details
INFO - 2020-05-03 13:40:27 --> Controller "App\Controllers\Sections" loaded.
INFO - 2020-05-03 13:40:27 --> Fetching Sections details
INFO - 2020-05-03 13:48:58 --> Controller "App\Controllers\SubjectMasters" loaded.
INFO - 2020-05-03 13:48:58 --> Fetching SubjectMasters details
INFO - 2020-05-03 13:48:58 --> Controller "App\Controllers\Sections" loaded.
INFO - 2020-05-03 13:48:58 --> Fetching Sections details
INFO - 2020-05-03 13:49:21 --> Controller "App\Controllers\SubjectMasters" loaded.
INFO - 2020-05-03 13:49:21 --> Controller "App\Controllers\Sections" loaded.
INFO - 2020-05-03 13:49:21 --> Fetching SubjectMasters details
INFO - 2020-05-03 13:49:21 --> Fetching Sections details
INFO - 2020-05-03 13:49:59 --> Controller "App\Controllers\SubjectMasters" loaded.
INFO - 2020-05-03 13:49:59 --> Controller "App\Controllers\Sections" loaded.
INFO - 2020-05-03 13:49:59 --> Fetching SubjectMasters details
INFO - 2020-05-03 13:49:59 --> Fetching Sections details
INFO - 2020-05-03 13:56:20 --> Controller "App\Controllers\SubjectMasters" loaded.
INFO - 2020-05-03 13:56:20 --> Fetching SubjectMasters details
INFO - 2020-05-03 13:56:20 --> Controller "App\Controllers\Sections" loaded.
INFO - 2020-05-03 13:56:20 --> Fetching Sections details
INFO - 2020-05-03 13:57:00 --> Controller "App\Controllers\SubjectMasters" loaded.
INFO - 2020-05-03 13:57:00 --> Fetching SubjectMasters details
INFO - 2020-05-03 13:57:00 --> Controller "App\Controllers\Sections" loaded.
INFO - 2020-05-03 13:57:00 --> Fetching Sections details
INFO - 2020-05-03 14:03:08 --> Controller "App\Controllers\SubjectMasters" loaded.
INFO - 2020-05-03 14:03:08 --> Controller "App\Controllers\Sections" loaded.
INFO - 2020-05-03 14:03:08 --> Fetching SubjectMasters details
INFO - 2020-05-03 14:03:08 --> Fetching Sections details
INFO - 2020-05-03 14:07:49 --> Controller "App\Controllers\SubjectMasters" loaded.
INFO - 2020-05-03 14:07:49 --> Controller "App\Controllers\Sections" loaded.
INFO - 2020-05-03 14:07:49 --> Fetching SubjectMasters details
INFO - 2020-05-03 14:07:49 --> Fetching Sections details
INFO - 2020-05-03 14:08:27 --> Controller "App\Controllers\SubjectMasters" loaded.
INFO - 2020-05-03 14:08:27 --> Fetching SubjectMasters details
INFO - 2020-05-03 14:08:27 --> Controller "App\Controllers\Sections" loaded.
INFO - 2020-05-03 14:08:27 --> Fetching Sections details
INFO - 2020-05-03 14:09:39 --> Controller "App\Controllers\SubjectMasters" loaded.
INFO - 2020-05-03 14:09:39 --> Fetching SubjectMasters details
INFO - 2020-05-03 14:09:39 --> Controller "App\Controllers\Sections" loaded.
INFO - 2020-05-03 14:09:39 --> Fetching Sections details
INFO - 2020-05-03 14:10:15 --> Controller "App\Controllers\SubjectMasters" loaded.
INFO - 2020-05-03 14:10:15 --> Fetching SubjectMasters details
INFO - 2020-05-03 14:10:15 --> Controller "App\Controllers\Sections" loaded.
INFO - 2020-05-03 14:10:15 --> Fetching Sections details
INFO - 2020-05-03 14:10:23 --> Controller "App\Controllers\SubjectMasters" loaded.
INFO - 2020-05-03 14:10:23 --> Fetching SubjectMasters details
INFO - 2020-05-03 14:10:23 --> Controller "App\Controllers\Sections" loaded.
INFO - 2020-05-03 14:10:23 --> Fetching Sections details
INFO - 2020-05-03 14:22:44 --> Controller "App\Controllers\SubjectMasters" loaded.
INFO - 2020-05-03 14:22:44 --> Controller "App\Controllers\Sections" loaded.
INFO - 2020-05-03 14:22:44 --> Fetching SubjectMasters details
INFO - 2020-05-03 14:22:44 --> Fetching Sections details
INFO - 2020-05-03 14:23:04 --> Controller "App\Controllers\Sections" loaded.
INFO - 2020-05-03 14:23:04 --> Controller "App\Controllers\SubjectMasters" loaded.
INFO - 2020-05-03 14:23:04 --> Fetching SubjectMasters details
INFO - 2020-05-03 14:23:04 --> Fetching Sections details
INFO - 2020-05-03 14:23:13 --> Controller "App\Controllers\RouteMasters" loaded.
INFO - 2020-05-03 14:23:13 --> Fetching Route Master details
INFO - 2020-05-03 14:23:13 --> Controller "App\Controllers\Vehicles" loaded.
INFO - 2020-05-03 14:23:13 --> Fetching Vehicles details
INFO - 2020-05-03 14:29:49 --> Controller "App\Controllers\RouteMasters" loaded.
INFO - 2020-05-03 14:29:49 --> Controller "App\Controllers\Vehicles" loaded.
INFO - 2020-05-03 14:29:49 --> Fetching Route Master details
INFO - 2020-05-03 14:29:49 --> Fetching Vehicles details
INFO - 2020-05-03 14:33:32 --> Controller "App\Controllers\Vehicles" loaded.
INFO - 2020-05-03 14:33:32 --> Controller "App\Controllers\RouteMasters" loaded.
INFO - 2020-05-03 14:33:32 --> Fetching Vehicles details
INFO - 2020-05-03 14:33:32 --> Fetching Route Master details
INFO - 2020-05-03 14:34:06 --> Controller "App\Controllers\RouteMasters" loaded.
INFO - 2020-05-03 14:34:06 --> Controller "App\Controllers\Vehicles" loaded.
INFO - 2020-05-03 14:34:06 --> Fetching Vehicles details
INFO - 2020-05-03 14:34:06 --> Fetching Route Master details
INFO - 2020-05-03 14:36:48 --> Controller "App\Controllers\RouteMasters" loaded.
INFO - 2020-05-03 14:36:48 --> Fetching Route Master details
INFO - 2020-05-03 14:36:48 --> Controller "App\Controllers\Vehicles" loaded.
INFO - 2020-05-03 14:36:48 --> Fetching Vehicles details
INFO - 2020-05-03 14:36:48 --> Controller "App\Controllers\Staffs" loaded.
INFO - 2020-05-03 14:36:48 --> Fetching All Leave details
INFO - 2020-05-03 14:40:46 --> Controller "App\Controllers\RouteMasters" loaded.
INFO - 2020-05-03 14:40:46 --> Controller "App\Controllers\Vehicles" loaded.
INFO - 2020-05-03 14:40:46 --> Fetching Vehicles details
INFO - 2020-05-03 14:40:47 --> Fetching Route Master details
INFO - 2020-05-03 14:40:47 --> Controller "App\Controllers\Staffs" loaded.
INFO - 2020-05-03 14:40:47 --> Fetching All Leave details
INFO - 2020-05-03 14:41:20 --> Controller "App\Controllers\Vehicles" loaded.
INFO - 2020-05-03 14:41:20 --> Controller "App\Controllers\Staffs" loaded.
INFO - 2020-05-03 14:41:20 --> Controller "App\Controllers\RouteMasters" loaded.
INFO - 2020-05-03 14:41:20 --> Fetching All Leave details
INFO - 2020-05-03 14:41:20 --> Fetching Route Master details
INFO - 2020-05-03 14:41:20 --> Fetching Vehicles details
INFO - 2020-05-03 14:45:03 --> Controller "App\Controllers\RouteMasters" loaded.
INFO - 2020-05-03 14:45:03 --> Controller "App\Controllers\Vehicles" loaded.
INFO - 2020-05-03 14:45:03 --> Fetching Vehicles details
INFO - 2020-05-03 14:45:03 --> Fetching Route Master details
INFO - 2020-05-03 14:45:03 --> Controller "App\Controllers\Staffs" loaded.
INFO - 2020-05-03 14:45:03 --> Fetching All Leave details
INFO - 2020-05-03 14:46:47 --> Controller "App\Controllers\Vehicles" loaded.
INFO - 2020-05-03 14:46:47 --> Controller "App\Controllers\RouteMasters" loaded.
INFO - 2020-05-03 14:46:47 --> Fetching Vehicles details
INFO - 2020-05-03 14:46:47 --> Fetching Route Master details
INFO - 2020-05-03 14:46:47 --> Controller "App\Controllers\Staffs" loaded.
INFO - 2020-05-03 14:46:47 --> Fetching All Leave details
INFO - 2020-05-03 14:49:01 --> Controller "App\Controllers\RouteMasters" loaded.
INFO - 2020-05-03 14:49:01 --> Controller "App\Controllers\Vehicles" loaded.
INFO - 2020-05-03 14:49:01 --> Fetching Route Master details
INFO - 2020-05-03 14:49:01 --> Controller "App\Controllers\Staffs" loaded.
INFO - 2020-05-03 14:49:01 --> Fetching Vehicles details
INFO - 2020-05-03 14:49:01 --> Fetching All Leave details
INFO - 2020-05-03 14:54:22 --> Controller "App\Controllers\Vehicles" loaded.
INFO - 2020-05-03 14:54:22 --> Controller "App\Controllers\Staffs" loaded.
INFO - 2020-05-03 14:54:22 --> Controller "App\Controllers\RouteMasters" loaded.
INFO - 2020-05-03 14:54:22 --> Fetching Vehicles details
INFO - 2020-05-03 14:54:22 --> Fetching Route Master details
INFO - 2020-05-03 14:54:22 --> Fetching All Leave details
INFO - 2020-05-03 14:55:13 --> Controller "App\Controllers\RouteMasters" loaded.
INFO - 2020-05-03 14:55:13 --> Controller "App\Controllers\Vehicles" loaded.
INFO - 2020-05-03 14:55:13 --> Fetching Vehicles details
INFO - 2020-05-03 14:55:13 --> Fetching Route Master details
INFO - 2020-05-03 14:55:13 --> Controller "App\Controllers\Staffs" loaded.
INFO - 2020-05-03 14:55:13 --> Fetching All Leave details
INFO - 2020-05-03 14:55:25 --> Controller "App\Controllers\RouteMasters" loaded.
INFO - 2020-05-03 14:55:25 --> Controller "App\Controllers\Vehicles" loaded.
INFO - 2020-05-03 14:55:25 --> Fetching Vehicles details
INFO - 2020-05-03 14:55:25 --> Fetching Route Master details
INFO - 2020-05-03 14:55:25 --> Controller "App\Controllers\Staffs" loaded.
INFO - 2020-05-03 14:55:25 --> Fetching All Leave details
INFO - 2020-05-03 14:56:29 --> Controller "App\Controllers\RouteMasters" loaded.
INFO - 2020-05-03 14:56:29 --> Controller "App\Controllers\Staffs" loaded.
INFO - 2020-05-03 14:56:29 --> Controller "App\Controllers\Vehicles" loaded.
INFO - 2020-05-03 14:56:29 --> Fetching Route Master details
INFO - 2020-05-03 14:56:29 --> Fetching Vehicles details
INFO - 2020-05-03 14:56:29 --> Fetching All Leave details
INFO - 2020-05-03 14:57:12 --> Controller "App\Controllers\BusMappings" loaded.
INFO - 2020-05-03 14:57:27 --> Controller "App\Controllers\BusMappings" loaded.
INFO - 2020-05-03 14:58:20 --> Controller "App\Controllers\RouteMasters" loaded.
INFO - 2020-05-03 14:58:20 --> Controller "App\Controllers\Vehicles" loaded.
INFO - 2020-05-03 14:58:20 --> Fetching Vehicles details
INFO - 2020-05-03 14:58:20 --> Fetching Route Master details
INFO - 2020-05-03 14:58:20 --> Controller "App\Controllers\Staffs" loaded.
INFO - 2020-05-03 14:58:20 --> Fetching All Leave details
INFO - 2020-05-03 14:58:52 --> Controller "App\Controllers\BusMappings" loaded.
INFO - 2020-05-03 14:58:52 --> Controller "App\Controllers\RouteMasters" loaded.
INFO - 2020-05-03 14:58:52 --> Fetching Route Master details
INFO - 2020-05-03 15:18:56 --> Controller "App\Controllers\RouteMasters" loaded.
INFO - 2020-05-03 15:18:56 --> Fetching Route Master details
INFO - 2020-05-03 15:18:58 --> Controller "App\Controllers\RouteMasters" loaded.
INFO - 2020-05-03 15:18:58 --> Fetching Route Master details
INFO - 2020-05-03 15:21:14 --> Controller "App\Controllers\RouteMappings" loaded.
INFO - 2020-05-03 15:21:14 --> Fetching Route Mapping details
INFO - 2020-05-03 15:21:51 --> Controller "App\Controllers\RouteMappings" loaded.
INFO - 2020-05-03 15:21:51 --> Fetching Route Mapping details
INFO - 2020-05-03 15:21:59 --> Controller "App\Controllers\RouteMappings" loaded.
INFO - 2020-05-03 15:21:59 --> Fetching Route Mapping details
INFO - 2020-05-03 15:32:40 --> Controller "App\Controllers\BusMappings" loaded.
INFO - 2020-05-03 15:32:54 --> Controller "App\Controllers\RouteMasters" loaded.
INFO - 2020-05-03 15:32:54 --> Fetching Route Master details
INFO - 2020-05-03 15:33:20 --> Controller "App\Controllers\RouteMasters" loaded.
INFO - 2020-05-03 15:33:20 --> Fetching Route Master details
INFO - 2020-05-03 15:33:25 --> Controller "App\Controllers\RouteMappings" loaded.
INFO - 2020-05-03 15:33:25 --> Fetching Route Mapping details
INFO - 2020-05-03 15:36:02 --> Controller "App\Controllers\RouteMasters" loaded.
INFO - 2020-05-03 15:36:02 --> Fetching Route Master details
INFO - 2020-05-03 15:36:04 --> Controller "App\Controllers\RouteMappings" loaded.
INFO - 2020-05-03 15:36:04 --> Fetching Route Mapping details
INFO - 2020-05-03 15:55:47 --> Controller "App\Controllers\StudentRouteMappings" loaded.
INFO - 2020-05-03 15:55:47 --> Fetching RouteStudents details
INFO - 2020-05-03 15:56:19 --> Controller "App\Controllers\StudentRouteMappings" loaded.
INFO - 2020-05-03 15:56:19 --> Fetching RouteStudents details
INFO - 2020-05-03 22:20:11 --> Controller "App\Controllers\RouteMasters" loaded.
INFO - 2020-05-03 22:20:11 --> Fetching Route Master details
INFO - 2020-05-03 22:20:16 --> Controller "App\Controllers\RouteMasters" loaded.
INFO - 2020-05-03 22:20:16 --> Fetching Route Master details
INFO - 2020-05-03 22:20:16 --> Controller "App\Controllers\Vehicles" loaded.
INFO - 2020-05-03 22:20:16 --> Controller "App\Controllers\Staffs" loaded.
INFO - 2020-05-03 22:20:16 --> Fetching Vehicles details
INFO - 2020-05-03 22:20:16 --> Fetching All Leave details
INFO - 2020-05-03 22:22:00 --> Controller "App\Controllers\RouteMasters" loaded.
INFO - 2020-05-03 22:22:00 --> Fetching Route Master details
INFO - 2020-05-03 22:22:01 --> Controller "App\Controllers\Vehicles" loaded.
INFO - 2020-05-03 22:22:01 --> Controller "App\Controllers\Staffs" loaded.
INFO - 2020-05-03 22:22:01 --> Fetching Vehicles details
INFO - 2020-05-03 22:22:01 --> Fetching All Leave details
INFO - 2020-05-03 22:22:59 --> Controller "App\Controllers\RouteMasters" loaded.
INFO - 2020-05-03 22:22:59 --> Fetching Route Master details
INFO - 2020-05-03 22:22:59 --> Controller "App\Controllers\Vehicles" loaded.
INFO - 2020-05-03 22:23:00 --> Fetching Vehicles details
INFO - 2020-05-03 22:23:00 --> Controller "App\Controllers\Staffs" loaded.
INFO - 2020-05-03 22:23:00 --> Fetching All Leave details
INFO - 2020-05-03 22:28:59 --> Controller "App\Controllers\Vehicles" loaded.
INFO - 2020-05-03 22:28:59 --> Controller "App\Controllers\Staffs" loaded.
INFO - 2020-05-03 22:28:59 --> Controller "App\Controllers\RouteMasters" loaded.
INFO - 2020-05-03 22:28:59 --> Fetching Route Master details
INFO - 2020-05-03 22:28:59 --> Fetching Vehicles details
INFO - 2020-05-03 22:28:59 --> Fetching All Leave details
INFO - 2020-05-03 22:29:31 --> Controller "App\Controllers\Users" loaded.
INFO - 2020-05-03 22:29:31 --> Fetching Users details
INFO - 2020-05-03 22:29:38 --> Controller "App\Controllers\Users" loaded.
INFO - 2020-05-03 22:29:38 --> Fetching Users details
INFO - 2020-05-03 23:18:59 --> Controller "App\Controllers\SubjectMasters" loaded.
INFO - 2020-05-03 23:18:59 --> Controller "App\Controllers\Sections" loaded.
INFO - 2020-05-03 23:18:59 --> Fetching SubjectMasters details
INFO - 2020-05-03 23:18:59 --> Fetching Sections details
INFO - 2020-05-03 23:21:49 --> Controller "App\Controllers\SubjectMasters" loaded.
INFO - 2020-05-03 23:21:49 --> Fetching SubjectMasters details
INFO - 2020-05-03 23:21:50 --> Controller "App\Controllers\Sections" loaded.
INFO - 2020-05-03 23:21:50 --> Fetching Sections details
INFO - 2020-05-03 23:28:10 --> Controller "App\Controllers\MenuRoleMappings" loaded.
INFO - 2020-05-03 23:28:10 --> Inserting menumapping details
INFO - 2020-05-03 23:28:31 --> Controller "App\Controllers\MenuRoleMappings" loaded.
INFO - 2020-05-03 23:28:31 --> Fetching MenuMappind details
INFO - 2020-05-03 23:30:17 --> Controller "App\Controllers\MenuRoleMappings" loaded.
INFO - 2020-05-03 23:30:17 --> Updating MenuMapping details
INFO - 2020-05-03 23:30:53 --> Controller "App\Controllers\MenuRoleMappings" loaded.
INFO - 2020-05-03 23:30:53 --> Deleting MenuMapping details
INFO - 2020-05-03 23:30:58 --> Controller "App\Controllers\MenuRoleMappings" loaded.
INFO - 2020-05-03 23:30:58 --> Fetching MenuMappind details
INFO - 2020-05-03 23:31:37 --> Controller "App\Controllers\SubjectMasters" loaded.
INFO - 2020-05-03 23:31:37 --> Fetching SubjectMasters details
INFO - 2020-05-03 23:31:37 --> Controller "App\Controllers\Sections" loaded.
INFO - 2020-05-03 23:31:37 --> Fetching Sections details
INFO - 2020-05-03 23:31:41 --> Controller "App\Controllers\SubjectStandards" loaded.
INFO - 2020-05-03 23:31:41 --> Fetching Subjects details
INFO - 2020-05-03 23:31:54 --> Controller "App\Controllers\SubjectMasters" loaded.
INFO - 2020-05-03 23:31:54 --> Controller "App\Controllers\Sections" loaded.
INFO - 2020-05-03 23:31:54 --> Fetching Sections details
INFO - 2020-05-03 23:31:54 --> Fetching SubjectMasters details
INFO - 2020-05-03 23:31:56 --> Controller "App\Controllers\SubjectStandards" loaded.
INFO - 2020-05-03 23:31:56 --> Fetching Subjects details
INFO - 2020-05-03 23:32:00 --> Controller "App\Controllers\LeaveApplications" loaded.
INFO - 2020-05-03 23:32:00 --> Fetching All Leave details
INFO - 2020-05-03 23:32:00 --> Controller "App\Controllers\LeaveApplications" loaded.
INFO - 2020-05-03 23:32:00 --> Fetching All Leave details
INFO - 2020-05-03 23:32:03 --> Controller "App\Controllers\Holidays" loaded.
INFO - 2020-05-03 23:32:03 --> Fetching Holiday details
INFO - 2020-05-03 23:32:06 --> Controller "App\Controllers\Feedbacks" loaded.
INFO - 2020-05-03 23:32:06 --> Fetching Feedback details
INFO - 2020-05-03 23:32:09 --> Controller "App\Controllers\Sections" loaded.
INFO - 2020-05-03 23:32:09 --> Fetching Sections details
INFO - 2020-05-03 23:32:11 --> Controller "App\Controllers\Sections" loaded.
INFO - 2020-05-03 23:32:11 --> Fetching Sections details
INFO - 2020-05-03 23:39:05 --> Controller "App\Controllers\SubjectMasters" loaded.
ERROR - 2020-05-03 23:39:05 --> array_push() expects parameter 1 to be array, null given
INFO - 2020-05-03 23:44:54 --> Controller "App\Controllers\SubjectMasters" loaded.
INFO - 2020-05-03 23:44:54 --> Fetching SubjectMasters details
INFO - 2020-05-03 23:44:54 --> Controller "App\Controllers\Sections" loaded.
INFO - 2020-05-03 23:44:54 --> Fetching Sections details
