INFO - 2020-05-17 00:09:09 --> Controller "App\Controllers\Users" loaded.
INFO - 2020-05-17 00:09:09 --> Fetching Users details
INFO - 2020-05-17 00:09:16 --> Controller "App\Controllers\Users" loaded.
INFO - 2020-05-17 00:09:16 --> Fetching Users details
INFO - 2020-05-17 00:09:33 --> Controller "App\Controllers\SubjectMasters" loaded.
INFO - 2020-05-17 00:09:33 --> Fetching SubjectMasters details
INFO - 2020-05-17 00:09:33 --> Controller "App\Controllers\Sections" loaded.
INFO - 2020-05-17 00:09:33 --> Fetching Sections details
INFO - 2020-05-17 00:09:38 --> Controller "App\Controllers\SubjectStandards" loaded.
INFO - 2020-05-17 00:09:38 --> Fetching Subjects details
INFO - 2020-05-17 00:09:49 --> Controller "App\Controllers\SubjectStandards" loaded.
INFO - 2020-05-17 00:09:49 --> Fetching Subjects details
INFO - 2020-05-17 00:54:58 --> Controller "App\Controllers\Sections" loaded.
INFO - 2020-05-17 00:54:58 --> Controller "App\Controllers\SubjectMasters" loaded.
INFO - 2020-05-17 00:54:58 --> Fetching SubjectMasters details
INFO - 2020-05-17 00:54:58 --> Fetching Sections details
INFO - 2020-05-17 00:55:00 --> Controller "App\Controllers\SubjectStandards" loaded.
INFO - 2020-05-17 00:55:00 --> Fetching Subjects details
INFO - 2020-05-17 00:57:57 --> Controller "App\Controllers\SubjectStandards" loaded.
INFO - 2020-05-17 00:57:57 --> Fetching Subjects details
INFO - 2020-05-17 01:00:19 --> Controller "App\Controllers\SubjectMasters" loaded.
INFO - 2020-05-17 01:00:19 --> Fetching SubjectMasters details
INFO - 2020-05-17 01:00:19 --> Controller "App\Controllers\Sections" loaded.
INFO - 2020-05-17 01:00:19 --> Fetching Sections details
INFO - 2020-05-17 01:00:26 --> Controller "App\Controllers\SubjectStandards" loaded.
INFO - 2020-05-17 01:00:26 --> Fetching Subjects details
INFO - 2020-05-17 01:01:10 --> Controller "App\Controllers\SubjectStandards" loaded.
INFO - 2020-05-17 01:01:10 --> Inserting Subjects details
INFO - 2020-05-17 01:01:11 --> Controller "App\Controllers\SubjectStandards" loaded.
INFO - 2020-05-17 01:01:11 --> Fetching Subjects details
INFO - 2020-05-17 01:01:11 --> Controller "App\Controllers\SubjectMasters" loaded.
INFO - 2020-05-17 01:01:11 --> Fetching SubjectMasters details
INFO - 2020-05-17 01:01:13 --> Controller "App\Controllers\Sections" loaded.
INFO - 2020-05-17 01:01:13 --> Fetching Sections details
INFO - 2020-05-17 01:02:35 --> Controller "App\Controllers\SubjectMasters" loaded.
INFO - 2020-05-17 01:02:35 --> Fetching SubjectMasters details
INFO - 2020-05-17 01:02:35 --> Controller "App\Controllers\Sections" loaded.
INFO - 2020-05-17 01:02:35 --> Fetching Sections details
INFO - 2020-05-17 01:03:09 --> Controller "App\Controllers\SubjectStandards" loaded.
INFO - 2020-05-17 01:03:09 --> Fetching Subjects details
INFO - 2020-05-17 01:04:48 --> Controller "App\Controllers\SubjectStandards" loaded.
INFO - 2020-05-17 01:04:48 --> Fetching Subjects details
INFO - 2020-05-17 01:05:27 --> Controller "App\Controllers\SubjectMasters" loaded.
INFO - 2020-05-17 01:05:27 --> Fetching SubjectMasters details
INFO - 2020-05-17 01:05:27 --> Controller "App\Controllers\Sections" loaded.
INFO - 2020-05-17 01:05:27 --> Fetching Sections details
INFO - 2020-05-17 01:06:25 --> Controller "App\Controllers\SubjectStandards" loaded.
INFO - 2020-05-17 01:06:25 --> Fetching Subjects details
INFO - 2020-05-17 01:22:45 --> Controller "App\Controllers\SubjectMasters" loaded.
INFO - 2020-05-17 01:22:45 --> Controller "App\Controllers\Sections" loaded.
INFO - 2020-05-17 01:22:45 --> Fetching SubjectMasters details
INFO - 2020-05-17 01:22:45 --> Fetching Sections details
INFO - 2020-05-17 01:22:53 --> Controller "App\Controllers\SubjectMasters" loaded.
INFO - 2020-05-17 01:22:53 --> Fetching SubjectMasters details
INFO - 2020-05-17 01:22:53 --> Controller "App\Controllers\Sections" loaded.
INFO - 2020-05-17 01:22:53 --> Fetching Sections details
INFO - 2020-05-17 01:24:27 --> Controller "App\Controllers\Sections" loaded.
INFO - 2020-05-17 01:24:27 --> Controller "App\Controllers\SubjectMasters" loaded.
INFO - 2020-05-17 01:24:27 --> Fetching SubjectMasters details
INFO - 2020-05-17 01:24:27 --> Fetching Sections details
INFO - 2020-05-17 01:25:11 --> Controller "App\Controllers\SubjectMasters" loaded.
INFO - 2020-05-17 01:25:11 --> Fetching SubjectMasters details
INFO - 2020-05-17 01:25:11 --> Controller "App\Controllers\Sections" loaded.
INFO - 2020-05-17 01:25:11 --> Fetching Sections details
INFO - 2020-05-17 01:38:56 --> Controller "App\Controllers\SubjectMasters" loaded.
INFO - 2020-05-17 01:38:56 --> Fetching SubjectMasters details
INFO - 2020-05-17 01:38:56 --> Controller "App\Controllers\Sections" loaded.
INFO - 2020-05-17 01:38:56 --> Fetching Sections details
INFO - 2020-05-17 01:43:39 --> Controller "App\Controllers\SubjectMasters" loaded.
INFO - 2020-05-17 01:43:39 --> Fetching SubjectMasters details
INFO - 2020-05-17 01:43:39 --> Controller "App\Controllers\Sections" loaded.
INFO - 2020-05-17 01:43:39 --> Fetching Sections details
INFO - 2020-05-17 01:44:29 --> Controller "App\Controllers\SubjectMasters" loaded.
INFO - 2020-05-17 01:44:29 --> Fetching SubjectMasters details
INFO - 2020-05-17 01:44:29 --> Controller "App\Controllers\Sections" loaded.
INFO - 2020-05-17 01:44:29 --> Fetching Sections details
INFO - 2020-05-17 01:44:54 --> Controller "App\Controllers\SubjectMasters" loaded.
INFO - 2020-05-17 01:44:54 --> Fetching SubjectMasters details
INFO - 2020-05-17 01:44:54 --> Controller "App\Controllers\Sections" loaded.
INFO - 2020-05-17 01:44:54 --> Fetching Sections details
INFO - 2020-05-17 05:08:09 --> Controller "App\Controllers\Standards" loaded.
INFO - 2020-05-17 05:08:09 --> Fetching Standards details
INFO - 2020-05-17 05:08:09 --> Controller "App\Controllers\Boards" loaded.
INFO - 2020-05-17 05:08:09 --> Fetching Boards details
INFO - 2020-05-17 05:08:09 --> Controller "App\Controllers\Standards" loaded.
INFO - 2020-05-17 05:08:09 --> Fetching Standards details
INFO - 2020-05-17 05:08:09 --> Controller "App\Controllers\Standards" loaded.
INFO - 2020-05-17 05:08:09 --> Fetching Standards details
INFO - 2020-05-17 05:08:30 --> Controller "App\Controllers\SubjectMasters" loaded.
INFO - 2020-05-17 05:08:30 --> Fetching SubjectMasters details
INFO - 2020-05-17 05:08:30 --> Controller "App\Controllers\Sections" loaded.
INFO - 2020-05-17 05:08:30 --> Fetching Sections details
INFO - 2020-05-17 05:08:33 --> Controller "App\Controllers\SubjectStandards" loaded.
INFO - 2020-05-17 05:08:33 --> Fetching Subjects details
INFO - 2020-05-17 05:09:06 --> Controller "App\Controllers\SubjectStandards" loaded.
INFO - 2020-05-17 05:09:06 --> Fetching Subjects details
INFO - 2020-05-17 05:09:26 --> Controller "App\Controllers\SubjectStandards" loaded.
INFO - 2020-05-17 05:09:32 --> Controller "App\Controllers\SubjectStandards" loaded.
INFO - 2020-05-17 05:09:54 --> Controller "App\Controllers\SubjectStandards" loaded.
INFO - 2020-05-17 08:07:37 --> Controller "App\Controllers\HostelAllotments" loaded.
INFO - 2020-05-17 08:07:37 --> Updating HostelRooms details
INFO - 2020-05-17 08:25:43 --> Controller "App\Controllers\Sections" loaded.
INFO - 2020-05-17 08:25:43 --> Controller "App\Controllers\MessageGroups" loaded.
INFO - 2020-05-17 08:25:43 --> Fetching Sections details
INFO - 2020-05-17 08:25:43 --> Controller "App\Controllers\Dashboards" loaded.
INFO - 2020-05-17 08:25:43 --> Fetching MessageGroups details
INFO - 2020-05-17 08:25:43 --> Fetching Dashboard details
INFO - 2020-05-17 08:25:55 --> Controller "App\Controllers\FeesMasters" loaded.
INFO - 2020-05-17 08:25:55 --> Fetching FeeMaster details
INFO - 2020-05-17 08:25:55 --> Controller "App\Controllers\Sections" loaded.
INFO - 2020-05-17 08:25:55 --> Fetching Sections details
INFO - 2020-05-17 08:26:13 --> Controller "App\Controllers\Sections" loaded.
INFO - 2020-05-17 08:26:13 --> Controller "App\Controllers\MessageGroups" loaded.
INFO - 2020-05-17 08:26:13 --> Fetching Sections details
INFO - 2020-05-17 08:26:13 --> Fetching MessageGroups details
INFO - 2020-05-17 08:26:13 --> Controller "App\Controllers\Dashboards" loaded.
INFO - 2020-05-17 08:26:13 --> Fetching Dashboard details
INFO - 2020-05-17 08:26:29 --> Controller "App\Controllers\SubjectMasters" loaded.
INFO - 2020-05-17 08:26:29 --> Fetching SubjectMasters details
INFO - 2020-05-17 08:26:29 --> Controller "App\Controllers\Sections" loaded.
INFO - 2020-05-17 08:26:29 --> Fetching Sections details
INFO - 2020-05-17 08:26:31 --> Controller "App\Controllers\SubjectStandards" loaded.
INFO - 2020-05-17 08:26:31 --> Fetching Subjects details
INFO - 2020-05-17 08:26:36 --> Controller "App\Controllers\SubjectStandards" loaded.
INFO - 2020-05-17 08:26:36 --> Fetching Subjects details
INFO - 2020-05-17 08:26:41 --> Controller "App\Controllers\Sections" loaded.
INFO - 2020-05-17 08:26:41 --> Fetching Sections details
INFO - 2020-05-17 08:26:41 --> Controller "App\Controllers\MessageGroups" loaded.
INFO - 2020-05-17 08:26:41 --> Fetching MessageGroups details
INFO - 2020-05-17 08:26:41 --> Controller "App\Controllers\Dashboards" loaded.
INFO - 2020-05-17 08:26:41 --> Fetching Dashboard details
INFO - 2020-05-17 08:27:01 --> Controller "App\Controllers\Sections" loaded.
INFO - 2020-05-17 08:27:01 --> Fetching Sections details
INFO - 2020-05-17 08:27:02 --> Controller "App\Controllers\Students" loaded.
INFO - 2020-05-17 08:27:02 --> Fetching All Leave details
INFO - 2020-05-17 14:03:44 --> Controller "App\Controllers\Categories" loaded.
INFO - 2020-05-17 14:03:44 --> Fetching Category details
INFO - 2020-05-17 14:03:59 --> Controller "App\Controllers\Users" loaded.
INFO - 2020-05-17 14:03:59 --> Fetching Users details
INFO - 2020-05-17 14:04:10 --> Controller "App\Controllers\Users" loaded.
INFO - 2020-05-17 14:04:10 --> Fetching Users details
INFO - 2020-05-17 14:05:02 --> Controller "App\Controllers\FeesMasters" loaded.
INFO - 2020-05-17 14:05:02 --> Fetching FeeMaster details
INFO - 2020-05-17 14:05:03 --> Controller "App\Controllers\Sections" loaded.
INFO - 2020-05-17 14:05:03 --> Fetching Sections details
INFO - 2020-05-17 14:05:03 --> Controller "App\Controllers\Students" loaded.
INFO - 2020-05-17 14:05:03 --> Fetching All Leave details
INFO - 2020-05-17 14:07:34 --> Controller "App\Controllers\Students" loaded.
INFO - 2020-05-17 14:07:34 --> Fetching All Leave details
INFO - 2020-05-17 14:07:35 --> Controller "App\Controllers\FeesMasters" loaded.
INFO - 2020-05-17 14:07:35 --> Fetching FeeMaster details
INFO - 2020-05-17 14:07:36 --> Controller "App\Controllers\FeesMasters" loaded.
INFO - 2020-05-17 14:07:36 --> Fetching FeeMaster details
INFO - 2020-05-17 14:07:37 --> Controller "App\Controllers\Students" loaded.
INFO - 2020-05-17 14:07:37 --> Fetching All Leave details
INFO - 2020-05-17 15:06:29 --> Controller "App\Controllers\FeesMasters" loaded.
INFO - 2020-05-17 15:06:29 --> Fetching FeeMaster details
INFO - 2020-05-17 15:06:29 --> Controller "App\Controllers\Sections" loaded.
INFO - 2020-05-17 15:06:29 --> Fetching Sections details
INFO - 2020-05-17 15:06:29 --> Controller "App\Controllers\Students" loaded.
INFO - 2020-05-17 15:06:29 --> Fetching All Leave details
INFO - 2020-05-17 15:06:29 --> Controller "App\Controllers\Categories" loaded.
INFO - 2020-05-17 15:06:29 --> Fetching Category details
INFO - 2020-05-17 15:08:02 --> Controller "App\Controllers\FeesMasters" loaded.
INFO - 2020-05-17 15:08:02 --> Fetching FeeMaster details
INFO - 2020-05-17 15:08:02 --> Controller "App\Controllers\Sections" loaded.
INFO - 2020-05-17 15:08:02 --> Fetching Sections details
INFO - 2020-05-17 15:08:02 --> Controller "App\Controllers\Categories" loaded.
INFO - 2020-05-17 15:08:02 --> Controller "App\Controllers\Students" loaded.
INFO - 2020-05-17 15:08:02 --> Fetching Category details
INFO - 2020-05-17 15:08:02 --> Fetching All Leave details
INFO - 2020-05-17 15:10:07 --> Controller "App\Controllers\FeesMasters" loaded.
INFO - 2020-05-17 15:10:07 --> Controller "App\Controllers\Sections" loaded.
INFO - 2020-05-17 15:10:07 --> Fetching Sections details
INFO - 2020-05-17 15:10:07 --> Controller "App\Controllers\Categories" loaded.
INFO - 2020-05-17 15:10:07 --> Controller "App\Controllers\Students" loaded.
INFO - 2020-05-17 15:10:07 --> Fetching Category details
INFO - 2020-05-17 15:10:07 --> Fetching FeeMaster details
INFO - 2020-05-17 15:10:07 --> Fetching All Leave details
INFO - 2020-05-17 15:14:15 --> Controller "App\Controllers\FeesMasters" loaded.
INFO - 2020-05-17 15:14:15 --> Controller "App\Controllers\Sections" loaded.
INFO - 2020-05-17 15:14:15 --> Fetching FeeMaster details
INFO - 2020-05-17 15:14:15 --> Fetching Sections details
INFO - 2020-05-17 15:14:15 --> Controller "App\Controllers\Categories" loaded.
INFO - 2020-05-17 15:14:15 --> Controller "App\Controllers\Students" loaded.
INFO - 2020-05-17 15:14:15 --> Fetching Category details
INFO - 2020-05-17 15:14:15 --> Fetching All Leave details
INFO - 2020-05-17 15:14:30 --> Controller "App\Controllers\FeesMasters" loaded.
INFO - 2020-05-17 15:14:30 --> Fetching FeeMaster details
INFO - 2020-05-17 15:14:30 --> Controller "App\Controllers\Sections" loaded.
INFO - 2020-05-17 15:14:30 --> Fetching Sections details
INFO - 2020-05-17 15:14:30 --> Controller "App\Controllers\Students" loaded.
INFO - 2020-05-17 15:14:30 --> Fetching All Leave details
INFO - 2020-05-17 15:14:30 --> Controller "App\Controllers\Categories" loaded.
INFO - 2020-05-17 15:14:30 --> Fetching Category details
INFO - 2020-05-17 15:14:40 --> Controller "App\Controllers\FeesMasters" loaded.
INFO - 2020-05-17 15:14:40 --> Fetching FeeMaster details
INFO - 2020-05-17 15:14:40 --> Controller "App\Controllers\Categories" loaded.
INFO - 2020-05-17 15:14:40 --> Fetching Category details
INFO - 2020-05-17 15:14:40 --> Controller "App\Controllers\Sections" loaded.
INFO - 2020-05-17 15:14:40 --> Controller "App\Controllers\Students" loaded.
INFO - 2020-05-17 15:14:40 --> Fetching Sections details
INFO - 2020-05-17 15:14:40 --> Fetching All Leave details
INFO - 2020-05-17 15:15:42 --> Controller "App\Controllers\Sections" loaded.
INFO - 2020-05-17 15:15:42 --> Controller "App\Controllers\FeesMasters" loaded.
INFO - 2020-05-17 15:15:42 --> Fetching Sections details
INFO - 2020-05-17 15:15:42 --> Fetching FeeMaster details
INFO - 2020-05-17 15:15:42 --> Controller "App\Controllers\Students" loaded.
INFO - 2020-05-17 15:15:42 --> Fetching All Leave details
INFO - 2020-05-17 15:15:42 --> Controller "App\Controllers\Categories" loaded.
INFO - 2020-05-17 15:15:42 --> Fetching Category details
INFO - 2020-05-17 15:16:38 --> Controller "App\Controllers\FeesMasters" loaded.
INFO - 2020-05-17 15:16:38 --> Fetching FeeMaster details
INFO - 2020-05-17 15:16:38 --> Controller "App\Controllers\Sections" loaded.
INFO - 2020-05-17 15:16:38 --> Controller "App\Controllers\Students" loaded.
INFO - 2020-05-17 15:16:38 --> Fetching Sections details
INFO - 2020-05-17 15:16:38 --> Controller "App\Controllers\Categories" loaded.
INFO - 2020-05-17 15:16:38 --> Fetching Category details
INFO - 2020-05-17 15:16:38 --> Fetching All Leave details
INFO - 2020-05-17 15:17:15 --> Controller "App\Controllers\Categories" loaded.
INFO - 2020-05-17 15:17:15 --> Inserting Categories details
INFO - 2020-05-17 15:17:15 --> Controller "App\Controllers\Categories" loaded.
INFO - 2020-05-17 15:17:15 --> Fetching Category details
INFO - 2020-05-17 15:21:10 --> Controller "App\Controllers\Sections" loaded.
INFO - 2020-05-17 15:21:10 --> Controller "App\Controllers\Students" loaded.
INFO - 2020-05-17 15:21:10 --> Controller "App\Controllers\FeesMasters" loaded.
INFO - 2020-05-17 15:21:10 --> Fetching All Leave details
INFO - 2020-05-17 15:21:10 --> Fetching FeeMaster details
INFO - 2020-05-17 15:21:10 --> Fetching Sections details
INFO - 2020-05-17 15:21:10 --> Controller "App\Controllers\Categories" loaded.
INFO - 2020-05-17 15:21:10 --> Fetching Category details
INFO - 2020-05-17 15:24:19 --> Controller "App\Controllers\Students" loaded.
INFO - 2020-05-17 15:24:19 --> Fetching All Leave details
INFO - 2020-05-17 15:36:17 --> Controller "App\Controllers\FeesMasters" loaded.
INFO - 2020-05-17 15:36:17 --> Controller "App\Controllers\Sections" loaded.
INFO - 2020-05-17 15:36:17 --> Fetching FeeMaster details
INFO - 2020-05-17 15:36:17 --> Fetching Sections details
INFO - 2020-05-17 15:36:17 --> Controller "App\Controllers\Categories" loaded.
INFO - 2020-05-17 15:36:17 --> Fetching Category details
INFO - 2020-05-17 15:36:17 --> Controller "App\Controllers\Students" loaded.
INFO - 2020-05-17 15:36:17 --> Fetching All Leave details
INFO - 2020-05-17 15:37:08 --> Controller "App\Controllers\FeesMasters" loaded.
INFO - 2020-05-17 15:37:08 --> Fetching FeeMaster details
INFO - 2020-05-17 15:37:08 --> Controller "App\Controllers\Sections" loaded.
INFO - 2020-05-17 15:37:08 --> Fetching Sections details
INFO - 2020-05-17 15:37:08 --> Controller "App\Controllers\Students" loaded.
INFO - 2020-05-17 15:37:08 --> Fetching All Leave details
INFO - 2020-05-17 15:37:09 --> Controller "App\Controllers\Categories" loaded.
INFO - 2020-05-17 15:37:09 --> Fetching Category details
INFO - 2020-05-17 15:39:43 --> Controller "App\Controllers\FeesMasters" loaded.
INFO - 2020-05-17 15:39:43 --> Fetching FeeMaster details
INFO - 2020-05-17 15:39:43 --> Controller "App\Controllers\Sections" loaded.
INFO - 2020-05-17 15:39:43 --> Fetching Sections details
INFO - 2020-05-17 15:39:43 --> Controller "App\Controllers\Students" loaded.
INFO - 2020-05-17 15:39:43 --> Fetching All Leave details
INFO - 2020-05-17 15:39:44 --> Controller "App\Controllers\Categories" loaded.
INFO - 2020-05-17 15:39:44 --> Fetching Category details
INFO - 2020-05-17 15:43:04 --> Controller "App\Controllers\Sections" loaded.
INFO - 2020-05-17 15:43:04 --> Controller "App\Controllers\FeesMasters" loaded.
INFO - 2020-05-17 15:43:04 --> Fetching FeeMaster details
INFO - 2020-05-17 15:43:04 --> Fetching Sections details
INFO - 2020-05-17 15:43:04 --> Controller "App\Controllers\Students" loaded.
INFO - 2020-05-17 15:43:04 --> Fetching All Leave details
INFO - 2020-05-17 15:43:04 --> Controller "App\Controllers\Categories" loaded.
INFO - 2020-05-17 15:43:04 --> Fetching Category details
INFO - 2020-05-17 15:43:16 --> Controller "App\Controllers\FeesMasters" loaded.
INFO - 2020-05-17 15:43:16 --> Fetching FeeMaster details
INFO - 2020-05-17 15:43:16 --> Controller "App\Controllers\Sections" loaded.
INFO - 2020-05-17 15:43:16 --> Fetching Sections details
INFO - 2020-05-17 15:43:16 --> Controller "App\Controllers\Students" loaded.
INFO - 2020-05-17 15:43:16 --> Fetching All Leave details
INFO - 2020-05-17 15:43:16 --> Controller "App\Controllers\Categories" loaded.
INFO - 2020-05-17 15:43:16 --> Fetching Category details
INFO - 2020-05-17 15:44:33 --> Controller "App\Controllers\Students" loaded.
INFO - 2020-05-17 15:44:33 --> Fetching All Leave details
INFO - 2020-05-17 15:44:34 --> Controller "App\Controllers\Sections" loaded.
INFO - 2020-05-17 15:44:34 --> Fetching Sections details
INFO - 2020-05-17 15:44:34 --> Controller "App\Controllers\FeesMasters" loaded.
INFO - 2020-05-17 15:44:34 --> Fetching FeeMaster details
INFO - 2020-05-17 15:44:35 --> Controller "App\Controllers\Categories" loaded.
INFO - 2020-05-17 15:44:35 --> Fetching Category details
INFO - 2020-05-17 15:45:01 --> Controller "App\Controllers\FeesMasters" loaded.
INFO - 2020-05-17 15:45:01 --> Fetching FeeMaster details
INFO - 2020-05-17 15:45:01 --> Controller "App\Controllers\Sections" loaded.
INFO - 2020-05-17 15:45:01 --> Fetching Sections details
INFO - 2020-05-17 15:45:01 --> Controller "App\Controllers\Students" loaded.
INFO - 2020-05-17 15:45:01 --> Fetching All Leave details
INFO - 2020-05-17 15:45:02 --> Controller "App\Controllers\Categories" loaded.
INFO - 2020-05-17 15:45:02 --> Fetching Category details
INFO - 2020-05-17 15:48:39 --> Controller "App\Controllers\Sections" loaded.
INFO - 2020-05-17 15:48:39 --> Fetching Sections details
INFO - 2020-05-17 15:48:42 --> Controller "App\Controllers\Sections" loaded.
INFO - 2020-05-17 15:48:42 --> Fetching Sections details
INFO - 2020-05-17 15:48:45 --> Controller "App\Controllers\Feedbacks" loaded.
INFO - 2020-05-17 15:48:45 --> Fetching Feedback details
INFO - 2020-05-17 15:48:54 --> Controller "App\Controllers\Sections" loaded.
INFO - 2020-05-17 15:48:54 --> Fetching Sections details
INFO - 2020-05-17 15:48:54 --> Controller "App\Controllers\MessageGroups" loaded.
INFO - 2020-05-17 15:48:54 --> Fetching MessageGroups details
INFO - 2020-05-17 15:48:54 --> Controller "App\Controllers\Dashboards" loaded.
INFO - 2020-05-17 15:48:54 --> Fetching Dashboard details
INFO - 2020-05-17 15:49:13 --> Controller "App\Controllers\Students" loaded.
INFO - 2020-05-17 15:49:13 --> Fetching All Leave details
INFO - 2020-05-17 15:49:14 --> Controller "App\Controllers\Students" loaded.
INFO - 2020-05-17 15:49:14 --> Fetching All Leave details
INFO - 2020-05-17 15:49:17 --> Controller "App\Controllers\Students" loaded.
INFO - 2020-05-17 15:49:17 --> Fetching All Leave details
INFO - 2020-05-17 15:49:20 --> Controller "App\Controllers\Students" loaded.
INFO - 2020-05-17 15:49:20 --> Fetching All Leave details
INFO - 2020-05-17 15:49:23 --> Controller "App\Controllers\Students" loaded.
INFO - 2020-05-17 15:49:23 --> Fetching All Leave details
INFO - 2020-05-17 15:49:24 --> Controller "App\Controllers\Students" loaded.
INFO - 2020-05-17 15:49:24 --> Fetching All Leave details
INFO - 2020-05-17 15:49:57 --> Controller "App\Controllers\Students" loaded.
INFO - 2020-05-17 15:49:57 --> Fetching All Leave details
INFO - 2020-05-17 15:50:00 --> Controller "App\Controllers\Students" loaded.
INFO - 2020-05-17 15:50:00 --> Fetching All Leave details
INFO - 2020-05-17 15:51:52 --> Controller "App\Controllers\FeesMasters" loaded.
INFO - 2020-05-17 15:51:52 --> Fetching FeeMaster details
INFO - 2020-05-17 15:51:52 --> Controller "App\Controllers\Sections" loaded.
INFO - 2020-05-17 15:51:52 --> Fetching Sections details
INFO - 2020-05-17 15:51:52 --> Controller "App\Controllers\Students" loaded.
INFO - 2020-05-17 15:51:52 --> Fetching All Leave details
INFO - 2020-05-17 15:51:52 --> Controller "App\Controllers\Categories" loaded.
INFO - 2020-05-17 15:51:52 --> Fetching Category details
INFO - 2020-05-17 15:55:18 --> Controller "App\Controllers\FeesMasters" loaded.
INFO - 2020-05-17 15:55:18 --> Fetching FeeMaster details
INFO - 2020-05-17 15:55:18 --> Controller "App\Controllers\Sections" loaded.
INFO - 2020-05-17 15:55:18 --> Fetching Sections details
INFO - 2020-05-17 15:55:18 --> Controller "App\Controllers\Students" loaded.
INFO - 2020-05-17 15:55:18 --> Fetching All Leave details
INFO - 2020-05-17 15:55:18 --> Controller "App\Controllers\Categories" loaded.
INFO - 2020-05-17 15:55:18 --> Fetching Category details
INFO - 2020-05-17 15:55:58 --> Controller "App\Controllers\FeesMasters" loaded.
INFO - 2020-05-17 15:55:58 --> Fetching FeeMaster details
INFO - 2020-05-17 15:55:58 --> Controller "App\Controllers\Sections" loaded.
INFO - 2020-05-17 15:55:58 --> Fetching Sections details
INFO - 2020-05-17 15:55:58 --> Controller "App\Controllers\Students" loaded.
INFO - 2020-05-17 15:55:58 --> Fetching All Leave details
INFO - 2020-05-17 15:55:58 --> Controller "App\Controllers\Categories" loaded.
INFO - 2020-05-17 15:55:58 --> Fetching Category details
INFO - 2020-05-17 15:56:48 --> Controller "App\Controllers\FeesMasters" loaded.
INFO - 2020-05-17 15:56:48 --> Fetching FeeMaster details
INFO - 2020-05-17 15:56:48 --> Controller "App\Controllers\Sections" loaded.
INFO - 2020-05-17 15:56:48 --> Fetching Sections details
INFO - 2020-05-17 15:56:48 --> Controller "App\Controllers\Students" loaded.
INFO - 2020-05-17 15:56:48 --> Fetching All Leave details
INFO - 2020-05-17 15:56:48 --> Controller "App\Controllers\Categories" loaded.
INFO - 2020-05-17 15:56:48 --> Fetching Category details
INFO - 2020-05-17 15:58:57 --> Controller "App\Controllers\FeesMasters" loaded.
INFO - 2020-05-17 15:58:57 --> Fetching FeeMaster details
INFO - 2020-05-17 15:58:57 --> Controller "App\Controllers\Sections" loaded.
INFO - 2020-05-17 15:58:57 --> Fetching Sections details
INFO - 2020-05-17 15:58:57 --> Controller "App\Controllers\Students" loaded.
INFO - 2020-05-17 15:58:57 --> Fetching All Leave details
INFO - 2020-05-17 15:58:57 --> Controller "App\Controllers\Categories" loaded.
INFO - 2020-05-17 15:58:57 --> Fetching Category details
INFO - 2020-05-17 15:59:42 --> Controller "App\Controllers\FeesMasters" loaded.
INFO - 2020-05-17 15:59:42 --> Fetching FeeMaster details
INFO - 2020-05-17 15:59:42 --> Controller "App\Controllers\Sections" loaded.
INFO - 2020-05-17 15:59:42 --> Fetching Sections details
INFO - 2020-05-17 15:59:42 --> Controller "App\Controllers\Students" loaded.
INFO - 2020-05-17 15:59:42 --> Fetching All Leave details
INFO - 2020-05-17 15:59:42 --> Controller "App\Controllers\Categories" loaded.
INFO - 2020-05-17 15:59:42 --> Fetching Category details
INFO - 2020-05-17 16:02:39 --> Controller "App\Controllers\FeesMasters" loaded.
INFO - 2020-05-17 16:02:39 --> Fetching FeeMaster details
INFO - 2020-05-17 16:02:39 --> Controller "App\Controllers\Sections" loaded.
INFO - 2020-05-17 16:02:39 --> Fetching Sections details
INFO - 2020-05-17 16:02:39 --> Controller "App\Controllers\Students" loaded.
INFO - 2020-05-17 16:02:39 --> Fetching All Leave details
INFO - 2020-05-17 16:02:39 --> Controller "App\Controllers\Categories" loaded.
INFO - 2020-05-17 16:02:39 --> Fetching Category details
INFO - 2020-05-17 16:06:01 --> Controller "App\Controllers\FeesMasters" loaded.
INFO - 2020-05-17 16:06:01 --> Fetching FeeMaster details
INFO - 2020-05-17 16:06:01 --> Controller "App\Controllers\Sections" loaded.
INFO - 2020-05-17 16:06:01 --> Fetching Sections details
INFO - 2020-05-17 16:06:01 --> Controller "App\Controllers\Students" loaded.
INFO - 2020-05-17 16:06:01 --> Fetching All Leave details
INFO - 2020-05-17 16:06:01 --> Controller "App\Controllers\Categories" loaded.
INFO - 2020-05-17 16:06:01 --> Fetching Category details
INFO - 2020-05-17 16:06:13 --> Controller "App\Controllers\Sections" loaded.
INFO - 2020-05-17 16:06:13 --> Fetching Sections details
INFO - 2020-05-17 16:06:13 --> Controller "App\Controllers\Boards" loaded.
INFO - 2020-05-17 16:06:13 --> Fetching Boards details
INFO - 2020-05-17 16:06:13 --> Controller "App\Controllers\Standards" loaded.
INFO - 2020-05-17 16:06:13 --> Fetching Standards details
INFO - 2020-05-17 16:06:39 --> Controller "App\Controllers\Holidays" loaded.
INFO - 2020-05-17 16:06:39 --> Fetching Holiday details
INFO - 2020-05-17 16:06:44 --> Controller "App\Controllers\Dashboards" loaded.
INFO - 2020-05-17 16:06:44 --> Fetching Dashboard details
INFO - 2020-05-17 16:06:46 --> Controller "App\Controllers\Sections" loaded.
INFO - 2020-05-17 16:06:46 --> Fetching Sections details
INFO - 2020-05-17 16:06:56 --> Controller "App\Controllers\Circulars" loaded.
INFO - 2020-05-17 16:06:56 --> Fetching Circular details
INFO - 2020-05-17 16:07:12 --> Controller "App\Controllers\Sections" loaded.
INFO - 2020-05-17 16:07:12 --> Fetching Sections details
INFO - 2020-05-17 16:07:12 --> Controller "App\Controllers\Dashboards" loaded.
INFO - 2020-05-17 16:07:12 --> Fetching Dashboard details
INFO - 2020-05-17 16:07:21 --> Controller "App\Controllers\SubjectMasters" loaded.
INFO - 2020-05-17 16:07:21 --> Fetching SubjectMasters details
INFO - 2020-05-17 16:07:21 --> Controller "App\Controllers\Sections" loaded.
INFO - 2020-05-17 16:07:21 --> Fetching Sections details
INFO - 2020-05-17 16:07:27 --> Controller "App\Controllers\SubjectStandards" loaded.
INFO - 2020-05-17 16:07:27 --> Fetching Subjects details
INFO - 2020-05-17 16:08:07 --> Controller "App\Controllers\FeesMasters" loaded.
INFO - 2020-05-17 16:08:07 --> Fetching FeeMaster details
INFO - 2020-05-17 16:08:07 --> Controller "App\Controllers\Sections" loaded.
INFO - 2020-05-17 16:08:07 --> Fetching Sections details
INFO - 2020-05-17 16:08:07 --> Controller "App\Controllers\Students" loaded.
INFO - 2020-05-17 16:08:07 --> Fetching All Leave details
INFO - 2020-05-17 16:08:07 --> Controller "App\Controllers\Categories" loaded.
INFO - 2020-05-17 16:08:07 --> Fetching Category details
INFO - 2020-05-17 16:08:14 --> Controller "App\Controllers\FeesMasters" loaded.
INFO - 2020-05-17 16:08:14 --> Fetching FeeMaster details
INFO - 2020-05-17 16:08:16 --> Controller "App\Controllers\FeesConfigs" loaded.
INFO - 2020-05-17 16:08:16 --> Fetching Sections details
INFO - 2020-05-17 16:08:16 --> Controller "App\Controllers\Standards" loaded.
INFO - 2020-05-17 16:08:16 --> Fetching Standards Section details
INFO - 2020-05-17 16:08:16 --> Controller "App\Controllers\FeesConfigs" loaded.
INFO - 2020-05-17 16:08:16 --> Fetching FeesConfigs details
INFO - 2020-05-17 16:08:16 --> Controller "App\Controllers\Institutions" loaded.
INFO - 2020-05-17 16:08:16 --> Fetching Institution details
INFO - 2020-05-17 16:08:16 --> Controller "App\Controllers\Academicyears" loaded.
INFO - 2020-05-17 16:08:16 --> Fetching Academic year details
INFO - 2020-05-17 16:08:20 --> Controller "App\Controllers\FeesMasters" loaded.
INFO - 2020-05-17 16:08:20 --> Fetching FeeMaster details
INFO - 2020-05-17 16:08:20 --> Controller "App\Controllers\Sections" loaded.
INFO - 2020-05-17 16:08:20 --> Fetching Sections details
INFO - 2020-05-17 16:08:21 --> Controller "App\Controllers\Students" loaded.
INFO - 2020-05-17 16:08:21 --> Fetching All Leave details
INFO - 2020-05-17 16:08:21 --> Controller "App\Controllers\Categories" loaded.
INFO - 2020-05-17 16:08:21 --> Fetching Category details
INFO - 2020-05-17 16:36:04 --> Controller "App\Controllers\Students" loaded.
INFO - 2020-05-17 16:36:04 --> Fetching All Leave details
INFO - 2020-05-17 16:36:04 --> Controller "App\Controllers\Sections" loaded.
INFO - 2020-05-17 16:36:04 --> Fetching Sections details
INFO - 2020-05-17 16:36:05 --> Controller "App\Controllers\FeesMasters" loaded.
INFO - 2020-05-17 16:36:05 --> Fetching FeeMaster details
INFO - 2020-05-17 16:36:12 --> Controller "App\Controllers\Categories" loaded.
INFO - 2020-05-17 16:36:12 --> Fetching Category details
INFO - 2020-05-17 16:36:38 --> Controller "App\Controllers\Students" loaded.
INFO - 2020-05-17 16:36:38 --> Fetching All Leave details
INFO - 2020-05-17 16:36:38 --> Controller "App\Controllers\FeesMasters" loaded.
INFO - 2020-05-17 16:36:38 --> Fetching FeeMaster details
INFO - 2020-05-17 16:36:50 --> Controller "App\Controllers\Categories" loaded.
INFO - 2020-05-17 16:36:50 --> Fetching Category details
INFO - 2020-05-17 16:36:50 --> Controller "App\Controllers\Sections" loaded.
INFO - 2020-05-17 16:36:50 --> Fetching Sections details
INFO - 2020-05-17 16:38:39 --> Controller "App\Controllers\FeesMasters" loaded.
INFO - 2020-05-17 16:38:39 --> Fetching FeeMaster details
INFO - 2020-05-17 16:38:41 --> Controller "App\Controllers\Sections" loaded.
INFO - 2020-05-17 16:38:41 --> Fetching Sections details
INFO - 2020-05-17 16:38:41 --> Controller "App\Controllers\Students" loaded.
INFO - 2020-05-17 16:38:41 --> Fetching All Leave details
INFO - 2020-05-17 16:38:41 --> Controller "App\Controllers\Categories" loaded.
INFO - 2020-05-17 16:38:41 --> Fetching Category details
INFO - 2020-05-17 16:39:22 --> Controller "App\Controllers\FeesMasters" loaded.
INFO - 2020-05-17 16:39:22 --> Fetching FeeMaster details
INFO - 2020-05-17 16:39:22 --> Controller "App\Controllers\Students" loaded.
INFO - 2020-05-17 16:39:22 --> Fetching All Leave details
INFO - 2020-05-17 16:39:22 --> Controller "App\Controllers\Sections" loaded.
INFO - 2020-05-17 16:39:22 --> Fetching Sections details
INFO - 2020-05-17 16:39:23 --> Controller "App\Controllers\Categories" loaded.
INFO - 2020-05-17 16:39:23 --> Fetching Category details
INFO - 2020-05-17 16:40:14 --> Controller "App\Controllers\FeesMasters" loaded.
INFO - 2020-05-17 16:40:14 --> Fetching FeeMaster details
INFO - 2020-05-17 16:40:14 --> Controller "App\Controllers\Students" loaded.
INFO - 2020-05-17 16:40:14 --> Fetching All Leave details
INFO - 2020-05-17 16:40:14 --> Controller "App\Controllers\Sections" loaded.
INFO - 2020-05-17 16:40:14 --> Fetching Sections details
INFO - 2020-05-17 16:40:14 --> Controller "App\Controllers\Categories" loaded.
INFO - 2020-05-17 16:40:14 --> Fetching Category details
INFO - 2020-05-17 16:41:31 --> Controller "App\Controllers\Sections" loaded.
INFO - 2020-05-17 16:41:31 --> Controller "App\Controllers\FeesMasters" loaded.
INFO - 2020-05-17 16:41:31 --> Fetching Sections details
INFO - 2020-05-17 16:41:31 --> Fetching FeeMaster details
INFO - 2020-05-17 16:41:32 --> Controller "App\Controllers\Students" loaded.
INFO - 2020-05-17 16:41:32 --> Fetching All Leave details
INFO - 2020-05-17 16:41:32 --> Controller "App\Controllers\Categories" loaded.
INFO - 2020-05-17 16:41:32 --> Fetching Category details
INFO - 2020-05-17 16:44:24 --> Controller "App\Controllers\Sections" loaded.
INFO - 2020-05-17 16:44:24 --> Controller "App\Controllers\FeesMasters" loaded.
INFO - 2020-05-17 16:44:24 --> Fetching FeeMaster details
INFO - 2020-05-17 16:44:24 --> Fetching Sections details
INFO - 2020-05-17 16:44:24 --> Controller "App\Controllers\Students" loaded.
INFO - 2020-05-17 16:44:24 --> Fetching All Leave details
INFO - 2020-05-17 16:44:24 --> Controller "App\Controllers\Categories" loaded.
INFO - 2020-05-17 16:44:24 --> Fetching Category details
INFO - 2020-05-17 16:44:57 --> Controller "App\Controllers\FeesMasters" loaded.
INFO - 2020-05-17 16:44:57 --> Fetching FeeMaster details
INFO - 2020-05-17 16:44:58 --> Controller "App\Controllers\Sections" loaded.
INFO - 2020-05-17 16:44:58 --> Controller "App\Controllers\Students" loaded.
INFO - 2020-05-17 16:44:58 --> Fetching All Leave details
INFO - 2020-05-17 16:44:58 --> Fetching Sections details
INFO - 2020-05-17 16:44:59 --> Controller "App\Controllers\Categories" loaded.
INFO - 2020-05-17 16:44:59 --> Fetching Category details
INFO - 2020-05-17 16:46:23 --> Controller "App\Controllers\FeesMasters" loaded.
INFO - 2020-05-17 16:46:23 --> Fetching FeeMaster details
INFO - 2020-05-17 16:46:23 --> Controller "App\Controllers\Sections" loaded.
INFO - 2020-05-17 16:46:23 --> Fetching Sections details
INFO - 2020-05-17 16:46:24 --> Controller "App\Controllers\Students" loaded.
INFO - 2020-05-17 16:46:24 --> Fetching All Leave details
INFO - 2020-05-17 16:46:24 --> Controller "App\Controllers\Categories" loaded.
INFO - 2020-05-17 16:46:24 --> Fetching Category details
INFO - 2020-05-17 16:48:14 --> Controller "App\Controllers\FeesMasters" loaded.
INFO - 2020-05-17 16:48:14 --> Fetching FeeMaster details
INFO - 2020-05-17 16:49:02 --> Controller "App\Controllers\FeesMasters" loaded.
INFO - 2020-05-17 16:49:02 --> Fetching FeeMaster details
INFO - 2020-05-17 16:49:34 --> Controller "App\Controllers\FeesMasters" loaded.
INFO - 2020-05-17 16:49:34 --> Fetching FeeMaster details
INFO - 2020-05-17 16:49:42 --> Controller "App\Controllers\Students" loaded.
INFO - 2020-05-17 16:49:42 --> Fetching All Leave details
INFO - 2020-05-17 16:49:49 --> Controller "App\Controllers\Sections" loaded.
INFO - 2020-05-17 16:49:49 --> Fetching Sections details
INFO - 2020-05-17 16:49:54 --> Controller "App\Controllers\Categories" loaded.
INFO - 2020-05-17 16:49:54 --> Fetching Category details
INFO - 2020-05-17 16:56:28 --> Controller "App\Controllers\FeesConfigs" loaded.
INFO - 2020-05-17 16:56:28 --> Fetching FeesConfigs details
INFO - 2020-05-17 16:56:28 --> Controller "App\Controllers\FeesMasters" loaded.
INFO - 2020-05-17 16:56:28 --> Fetching FeeMaster details
INFO - 2020-05-17 16:56:28 --> Controller "App\Controllers\Institutions" loaded.
INFO - 2020-05-17 16:56:28 --> Controller "App\Controllers\Academicyears" loaded.
INFO - 2020-05-17 16:56:28 --> Fetching Institution details
INFO - 2020-05-17 16:56:28 --> Fetching Academic year details
INFO - 2020-05-17 16:56:28 --> Controller "App\Controllers\Standards" loaded.
INFO - 2020-05-17 16:56:28 --> Controller "App\Controllers\FeesConfigs" loaded.
INFO - 2020-05-17 16:56:28 --> Fetching Sections details
INFO - 2020-05-17 16:56:28 --> Fetching Standards Section details
INFO - 2020-05-17 16:56:50 --> Controller "App\Controllers\FeesConfigs" loaded.
INFO - 2020-05-17 16:56:50 --> Fetching FeesConfigs details
INFO - 2020-05-17 16:56:50 --> Controller "App\Controllers\FeesMasters" loaded.
INFO - 2020-05-17 16:56:50 --> Fetching FeeMaster details
INFO - 2020-05-17 16:56:50 --> Controller "App\Controllers\Academicyears" loaded.
INFO - 2020-05-17 16:56:50 --> Fetching Academic year details
INFO - 2020-05-17 16:56:50 --> Controller "App\Controllers\Institutions" loaded.
INFO - 2020-05-17 16:56:50 --> Fetching Institution details
INFO - 2020-05-17 16:56:50 --> Controller "App\Controllers\Standards" loaded.
INFO - 2020-05-17 16:56:50 --> Fetching Standards Section details
INFO - 2020-05-17 16:56:50 --> Controller "App\Controllers\FeesConfigs" loaded.
INFO - 2020-05-17 16:56:50 --> Fetching Sections details
INFO - 2020-05-17 21:19:52 --> Controller "App\Controllers\FeesMasters" loaded.
INFO - 2020-05-17 21:19:52 --> Fetching FeeMaster details
INFO - 2020-05-17 21:19:52 --> Controller "App\Controllers\Sections" loaded.
INFO - 2020-05-17 21:19:52 --> Fetching Sections details
INFO - 2020-05-17 21:19:52 --> Controller "App\Controllers\Students" loaded.
INFO - 2020-05-17 21:19:52 --> Fetching All Leave details
INFO - 2020-05-17 21:19:52 --> Controller "App\Controllers\Categories" loaded.
INFO - 2020-05-17 21:19:52 --> Fetching Category details
INFO - 2020-05-17 21:23:53 --> Controller "App\Controllers\FeesMasters" loaded.
INFO - 2020-05-17 21:23:53 --> Fetching FeeMaster details
INFO - 2020-05-17 21:23:53 --> Controller "App\Controllers\Students" loaded.
INFO - 2020-05-17 21:23:53 --> Fetching All Leave details
INFO - 2020-05-17 21:23:53 --> Controller "App\Controllers\Sections" loaded.
INFO - 2020-05-17 21:23:53 --> Fetching Sections details
INFO - 2020-05-17 21:23:53 --> Controller "App\Controllers\Categories" loaded.
INFO - 2020-05-17 21:23:53 --> Fetching Category details
INFO - 2020-05-17 21:24:10 --> Controller "App\Controllers\FeesMasters" loaded.
INFO - 2020-05-17 21:24:10 --> Fetching FeeMaster details
INFO - 2020-05-17 21:24:11 --> Controller "App\Controllers\FeesMasters" loaded.
INFO - 2020-05-17 21:24:11 --> Fetching FeeMaster details
INFO - 2020-05-17 21:26:16 --> Controller "App\Controllers\FeesMasters" loaded.
INFO - 2020-05-17 21:26:16 --> Fetching FeeMaster details
INFO - 2020-05-17 21:26:16 --> Controller "App\Controllers\Sections" loaded.
INFO - 2020-05-17 21:26:16 --> Fetching Sections details
INFO - 2020-05-17 21:26:16 --> Controller "App\Controllers\Students" loaded.
INFO - 2020-05-17 21:26:16 --> Fetching All Leave details
INFO - 2020-05-17 21:26:16 --> Controller "App\Controllers\Categories" loaded.
INFO - 2020-05-17 21:26:16 --> Fetching Category details
INFO - 2020-05-17 21:26:22 --> Controller "App\Controllers\FeesMasters" loaded.
INFO - 2020-05-17 21:26:22 --> Fetching FeeMaster details
INFO - 2020-05-17 21:26:23 --> Controller "App\Controllers\FeesMasters" loaded.
INFO - 2020-05-17 21:26:23 --> Fetching FeeMaster details
INFO - 2020-05-17 21:26:24 --> Controller "App\Controllers\Students" loaded.
INFO - 2020-05-17 21:26:24 --> Fetching All Leave details
INFO - 2020-05-17 21:26:28 --> Controller "App\Controllers\FeesMasters" loaded.
INFO - 2020-05-17 21:26:28 --> Fetching FeeMaster details
INFO - 2020-05-17 21:26:36 --> Controller "App\Controllers\FeesMasters" loaded.
INFO - 2020-05-17 21:26:36 --> Fetching FeeMaster details
INFO - 2020-05-17 21:26:40 --> Controller "App\Controllers\FeesMasters" loaded.
INFO - 2020-05-17 21:26:40 --> Fetching FeeMaster details
INFO - 2020-05-17 21:26:42 --> Controller "App\Controllers\Students" loaded.
INFO - 2020-05-17 21:26:42 --> Fetching All Leave details
INFO - 2020-05-17 21:26:48 --> Controller "App\Controllers\FeesMasters" loaded.
INFO - 2020-05-17 21:26:48 --> Fetching FeeMaster details
INFO - 2020-05-17 21:26:50 --> Controller "App\Controllers\FeesMasters" loaded.
INFO - 2020-05-17 21:26:50 --> Fetching FeeMaster details
INFO - 2020-05-17 21:27:32 --> Controller "App\Controllers\Students" loaded.
INFO - 2020-05-17 21:27:32 --> Fetching All Leave details
INFO - 2020-05-17 21:27:37 --> Controller "App\Controllers\FeesMasters" loaded.
INFO - 2020-05-17 21:27:37 --> Fetching FeeMaster details
INFO - 2020-05-17 21:27:44 --> Controller "App\Controllers\FeesMasters" loaded.
INFO - 2020-05-17 21:27:44 --> Fetching FeeMaster details
INFO - 2020-05-17 21:33:53 --> Controller "App\Controllers\FeesMasters" loaded.
INFO - 2020-05-17 21:33:53 --> Fetching FeeMaster details
INFO - 2020-05-17 21:33:53 --> Controller "App\Controllers\Categories" loaded.
INFO - 2020-05-17 21:33:53 --> Controller "App\Controllers\Sections" loaded.
INFO - 2020-05-17 21:33:53 --> Fetching Category details
INFO - 2020-05-17 21:33:53 --> Controller "App\Controllers\Students" loaded.
INFO - 2020-05-17 21:33:53 --> Fetching Sections details
INFO - 2020-05-17 21:33:53 --> Fetching All Leave details
INFO - 2020-05-17 21:35:21 --> Controller "App\Controllers\FeesMasters" loaded.
INFO - 2020-05-17 21:35:21 --> Fetching FeeMaster details
INFO - 2020-05-17 21:35:21 --> Controller "App\Controllers\Sections" loaded.
INFO - 2020-05-17 21:35:21 --> Fetching Sections details
INFO - 2020-05-17 21:35:21 --> Controller "App\Controllers\Students" loaded.
INFO - 2020-05-17 21:35:21 --> Fetching All Leave details
INFO - 2020-05-17 21:35:21 --> Controller "App\Controllers\Categories" loaded.
INFO - 2020-05-17 21:35:21 --> Fetching Category details
INFO - 2020-05-17 21:38:51 --> Controller "App\Controllers\SubjectMasters" loaded.
INFO - 2020-05-17 21:38:51 --> Controller "App\Controllers\Sections" loaded.
INFO - 2020-05-17 21:38:51 --> Fetching SubjectMasters details
INFO - 2020-05-17 21:38:51 --> Fetching Sections details
INFO - 2020-05-17 21:38:52 --> Controller "App\Controllers\MessageGroups" loaded.
INFO - 2020-05-17 21:38:52 --> Controller "App\Controllers\Sections" loaded.
INFO - 2020-05-17 21:38:52 --> Fetching MessageGroups details
INFO - 2020-05-17 21:38:52 --> Fetching Sections details
INFO - 2020-05-17 21:38:53 --> Controller "App\Controllers\Dashboards" loaded.
INFO - 2020-05-17 21:38:53 --> Fetching Dashboard details
INFO - 2020-05-17 21:39:05 --> Controller "App\Controllers\FeesMasters" loaded.
INFO - 2020-05-17 21:39:05 --> Fetching FeeMaster details
INFO - 2020-05-17 21:39:05 --> Controller "App\Controllers\Sections" loaded.
INFO - 2020-05-17 21:39:05 --> Fetching Sections details
INFO - 2020-05-17 21:52:13 --> Controller "App\Controllers\Staffs" loaded.
INFO - 2020-05-17 21:52:13 --> Fetching All Leave details
INFO - 2020-05-17 21:52:21 --> Controller "App\Controllers\Sections" loaded.
INFO - 2020-05-17 21:52:21 --> Controller "App\Controllers\MessageGroups" loaded.
INFO - 2020-05-17 21:52:21 --> Fetching MessageGroups details
INFO - 2020-05-17 21:52:21 --> Fetching Sections details
INFO - 2020-05-17 21:52:24 --> Controller "App\Controllers\Dashboards" loaded.
INFO - 2020-05-17 21:52:24 --> Fetching Dashboard details
INFO - 2020-05-17 22:43:05 --> Controller "App\Controllers\Sections" loaded.
INFO - 2020-05-17 22:43:05 --> Fetching Sections details
INFO - 2020-05-17 22:43:05 --> Controller "App\Controllers\MessageGroups" loaded.
INFO - 2020-05-17 22:43:05 --> Fetching MessageGroups details
INFO - 2020-05-17 22:43:05 --> Controller "App\Controllers\Dashboards" loaded.
INFO - 2020-05-17 22:43:05 --> Fetching Dashboard details
INFO - 2020-05-17 22:53:03 --> Controller "App\Controllers\Sections" loaded.
INFO - 2020-05-17 22:53:03 --> Fetching Sections details
INFO - 2020-05-17 22:53:03 --> Controller "App\Controllers\MessageGroups" loaded.
INFO - 2020-05-17 22:53:03 --> Fetching MessageGroups details
INFO - 2020-05-17 22:53:03 --> Controller "App\Controllers\Dashboards" loaded.
INFO - 2020-05-17 22:53:03 --> Fetching Dashboard details
INFO - 2020-05-17 22:53:45 --> Controller "App\Controllers\Sections" loaded.
INFO - 2020-05-17 22:53:45 --> Controller "App\Controllers\MessageGroups" loaded.
INFO - 2020-05-17 22:53:45 --> Controller "App\Controllers\Dashboards" loaded.
INFO - 2020-05-17 22:53:45 --> Fetching MessageGroups details
INFO - 2020-05-17 22:53:45 --> Fetching Sections details
INFO - 2020-05-17 22:53:45 --> Fetching Dashboard details
INFO - 2020-05-17 23:00:05 --> Controller "App\Controllers\Sections" loaded.
INFO - 2020-05-17 23:00:05 --> Controller "App\Controllers\Dashboards" loaded.
INFO - 2020-05-17 23:00:05 --> Controller "App\Controllers\MessageGroups" loaded.
INFO - 2020-05-17 23:00:05 --> Fetching Dashboard details
INFO - 2020-05-17 23:00:05 --> Fetching MessageGroups details
INFO - 2020-05-17 23:00:05 --> Fetching Sections details
INFO - 2020-05-17 23:00:44 --> Controller "App\Controllers\Sections" loaded.
INFO - 2020-05-17 23:00:44 --> Controller "App\Controllers\Dashboards" loaded.
INFO - 2020-05-17 23:00:44 --> Fetching Sections details
INFO - 2020-05-17 23:00:44 --> Controller "App\Controllers\MessageGroups" loaded.
INFO - 2020-05-17 23:00:44 --> Fetching MessageGroups details
INFO - 2020-05-17 23:00:44 --> Fetching Dashboard details
INFO - 2020-05-17 23:04:15 --> Controller "App\Controllers\Sections" loaded.
INFO - 2020-05-17 23:04:15 --> Controller "App\Controllers\MessageGroups" loaded.
INFO - 2020-05-17 23:04:15 --> Controller "App\Controllers\Dashboards" loaded.
INFO - 2020-05-17 23:04:15 --> Fetching Sections details
INFO - 2020-05-17 23:04:15 --> Fetching MessageGroups details
INFO - 2020-05-17 23:04:15 --> Fetching Dashboard details
INFO - 2020-05-17 23:05:59 --> Controller "App\Controllers\Sections" loaded.
INFO - 2020-05-17 23:05:59 --> Controller "App\Controllers\MessageGroups" loaded.
INFO - 2020-05-17 23:05:59 --> Fetching MessageGroups details
INFO - 2020-05-17 23:05:59 --> Fetching Sections details
INFO - 2020-05-17 23:05:59 --> Controller "App\Controllers\Dashboards" loaded.
INFO - 2020-05-17 23:05:59 --> Fetching Dashboard details
INFO - 2020-05-17 23:07:47 --> Controller "App\Controllers\Dashboards" loaded.
INFO - 2020-05-17 23:07:47 --> Controller "App\Controllers\MessageGroups" loaded.
INFO - 2020-05-17 23:07:47 --> Controller "App\Controllers\Sections" loaded.
INFO - 2020-05-17 23:07:47 --> Fetching Dashboard details
INFO - 2020-05-17 23:07:47 --> Fetching MessageGroups details
INFO - 2020-05-17 23:07:47 --> Fetching Sections details
INFO - 2020-05-17 23:13:49 --> Controller "App\Controllers\Sections" loaded.
INFO - 2020-05-17 23:13:49 --> Controller "App\Controllers\Dashboards" loaded.
INFO - 2020-05-17 23:13:49 --> Fetching Sections details
INFO - 2020-05-17 23:13:49 --> Controller "App\Controllers\MessageGroups" loaded.
INFO - 2020-05-17 23:13:49 --> Fetching MessageGroups details
INFO - 2020-05-17 23:13:49 --> Fetching Dashboard details
INFO - 2020-05-17 23:16:17 --> Controller "App\Controllers\MessageGroups" loaded.
INFO - 2020-05-17 23:16:17 --> Controller "App\Controllers\Dashboards" loaded.
INFO - 2020-05-17 23:16:17 --> Controller "App\Controllers\Sections" loaded.
INFO - 2020-05-17 23:16:17 --> Fetching MessageGroups details
INFO - 2020-05-17 23:16:17 --> Fetching Dashboard details
INFO - 2020-05-17 23:16:17 --> Fetching Sections details
INFO - 2020-05-17 23:18:30 --> Controller "App\Controllers\Dashboards" loaded.
INFO - 2020-05-17 23:18:30 --> Controller "App\Controllers\MessageGroups" loaded.
INFO - 2020-05-17 23:18:30 --> Fetching MessageGroups details
INFO - 2020-05-17 23:18:30 --> Controller "App\Controllers\Sections" loaded.
INFO - 2020-05-17 23:18:30 --> Fetching Dashboard details
INFO - 2020-05-17 23:18:30 --> Fetching Sections details
INFO - 2020-05-17 23:20:22 --> Controller "App\Controllers\Sections" loaded.
INFO - 2020-05-17 23:20:22 --> Controller "App\Controllers\MessageGroups" loaded.
INFO - 2020-05-17 23:20:22 --> Fetching Sections details
INFO - 2020-05-17 23:20:22 --> Fetching MessageGroups details
INFO - 2020-05-17 23:20:22 --> Controller "App\Controllers\Dashboards" loaded.
INFO - 2020-05-17 23:20:22 --> Fetching Dashboard details
INFO - 2020-05-17 23:22:18 --> Controller "App\Controllers\Sections" loaded.
INFO - 2020-05-17 23:22:18 --> Controller "App\Controllers\MessageGroups" loaded.
INFO - 2020-05-17 23:22:18 --> Fetching Sections details
INFO - 2020-05-17 23:22:18 --> Fetching MessageGroups details
INFO - 2020-05-17 23:22:18 --> Controller "App\Controllers\Dashboards" loaded.
INFO - 2020-05-17 23:22:18 --> Fetching Dashboard details
INFO - 2020-05-17 23:26:34 --> Controller "App\Controllers\Sections" loaded.
INFO - 2020-05-17 23:26:34 --> Fetching Sections details
INFO - 2020-05-17 23:26:34 --> Controller "App\Controllers\MessageGroups" loaded.
INFO - 2020-05-17 23:26:34 --> Controller "App\Controllers\Dashboards" loaded.
INFO - 2020-05-17 23:26:34 --> Fetching MessageGroups details
INFO - 2020-05-17 23:26:34 --> Fetching Dashboard details
INFO - 2020-05-17 23:28:19 --> Controller "App\Controllers\Sections" loaded.
INFO - 2020-05-17 23:28:19 --> Fetching Sections details
INFO - 2020-05-17 23:28:19 --> Controller "App\Controllers\MessageGroups" loaded.
INFO - 2020-05-17 23:28:19 --> Fetching MessageGroups details
INFO - 2020-05-17 23:28:19 --> Controller "App\Controllers\Dashboards" loaded.
INFO - 2020-05-17 23:28:19 --> Fetching Dashboard details
INFO - 2020-05-17 23:29:57 --> Controller "App\Controllers\Staffs" loaded.
INFO - 2020-05-17 23:29:57 --> Fetching All Leave details
INFO - 2020-05-17 23:30:05 --> Controller "App\Controllers\Staffs" loaded.
INFO - 2020-05-17 23:30:05 --> Controller "App\Controllers\HostelBlocks" loaded.
INFO - 2020-05-17 23:30:05 --> Fetching HostelBlocks details
INFO - 2020-05-17 23:30:05 --> Fetching All Leave details
INFO - 2020-05-17 23:30:19 --> Controller "App\Controllers\HostelBlocks" loaded.
INFO - 2020-05-17 23:30:19 --> Controller "App\Controllers\HostelRooms" loaded.
INFO - 2020-05-17 23:30:19 --> Fetching HostelBlocks details
INFO - 2020-05-17 23:30:19 --> Fetching HostelRooms details
INFO - 2020-05-17 23:30:38 --> Controller "App\Controllers\HostelAllotments" loaded.
INFO - 2020-05-17 23:30:38 --> Controller "App\Controllers\HostelRooms" loaded.
INFO - 2020-05-17 23:30:38 --> Fetching HostelAllotments details
INFO - 2020-05-17 23:30:38 --> Controller "App\Controllers\HostelAllotments" loaded.
INFO - 2020-05-17 23:30:38 --> Fetching HostelRooms details
INFO - 2020-05-17 23:30:38 --> Fetching HostelAllotments details
INFO - 2020-05-17 23:30:51 --> Controller "App\Controllers\HostelBlocks" loaded.
INFO - 2020-05-17 23:30:51 --> Controller "App\Controllers\Staffs" loaded.
INFO - 2020-05-17 23:30:51 --> Fetching All Leave details
INFO - 2020-05-17 23:30:51 --> Fetching HostelBlocks details
INFO - 2020-05-17 23:30:58 --> Controller "App\Controllers\Boards" loaded.
INFO - 2020-05-17 23:30:58 --> Fetching Boards details
INFO - 2020-05-17 23:31:02 --> Controller "App\Controllers\Rooms" loaded.
INFO - 2020-05-17 23:31:02 --> Fetching room details
INFO - 2020-05-17 23:31:07 --> Controller "App\Controllers\MessageGroups" loaded.
INFO - 2020-05-17 23:31:07 --> Fetching MessageGroups details
INFO - 2020-05-17 23:31:13 --> Controller "App\Controllers\MessageGroups" loaded.
INFO - 2020-05-17 23:31:17 --> Controller "App\Controllers\MessageGroups" loaded.
INFO - 2020-05-17 23:32:06 --> Controller "App\Controllers\Sections" loaded.
INFO - 2020-05-17 23:32:06 --> Controller "App\Controllers\FeesMasters" loaded.
INFO - 2020-05-17 23:32:06 --> Fetching FeeMaster details
INFO - 2020-05-17 23:32:06 --> Fetching Sections details
INFO - 2020-05-17 23:32:20 --> Controller "App\Controllers\FeesMasters" loaded.
INFO - 2020-05-17 23:32:20 --> Fetching FeeMaster details
INFO - 2020-05-17 23:32:27 --> Controller "App\Controllers\MessageGroups" loaded.
INFO - 2020-05-17 23:32:27 --> Fetching MessageGroups details
INFO - 2020-05-17 23:32:27 --> Controller "App\Controllers\Rooms" loaded.
INFO - 2020-05-17 23:32:27 --> Fetching room details
INFO - 2020-05-17 23:32:28 --> Controller "App\Controllers\Boards" loaded.
INFO - 2020-05-17 23:32:28 --> Fetching Boards details
INFO - 2020-05-17 23:32:50 --> Controller "App\Controllers\Organizations" loaded.
INFO - 2020-05-17 23:32:50 --> Fetching Organizations details
INFO - 2020-05-17 23:32:53 --> Controller "App\Controllers\Institutions" loaded.
INFO - 2020-05-17 23:32:53 --> Fetching Institution details
INFO - 2020-05-17 23:32:53 --> Controller "App\Controllers\Organizations" loaded.
INFO - 2020-05-17 23:32:53 --> Fetching Organizations details
INFO - 2020-05-17 23:32:57 --> Controller "App\Controllers\MessageGroups" loaded.
INFO - 2020-05-17 23:32:57 --> Controller "App\Controllers\Sections" loaded.
INFO - 2020-05-17 23:32:57 --> Fetching MessageGroups details
INFO - 2020-05-17 23:32:57 --> Fetching Sections details
INFO - 2020-05-17 23:32:57 --> Controller "App\Controllers\Dashboards" loaded.
INFO - 2020-05-17 23:32:57 --> Fetching Dashboard details
INFO - 2020-05-17 23:40:35 --> Controller "App\Controllers\Sections" loaded.
INFO - 2020-05-17 23:40:35 --> Fetching Sections details
INFO - 2020-05-17 23:40:35 --> Controller "App\Controllers\MessageGroups" loaded.
INFO - 2020-05-17 23:40:35 --> Controller "App\Controllers\Dashboards" loaded.
INFO - 2020-05-17 23:40:35 --> Fetching MessageGroups details
INFO - 2020-05-17 23:40:35 --> Fetching Dashboard details
INFO - 2020-05-17 23:42:44 --> Controller "App\Controllers\Sections" loaded.
INFO - 2020-05-17 23:42:44 --> Controller "App\Controllers\MessageGroups" loaded.
INFO - 2020-05-17 23:42:44 --> Fetching MessageGroups details
INFO - 2020-05-17 23:42:44 --> Controller "App\Controllers\Dashboards" loaded.
INFO - 2020-05-17 23:42:44 --> Fetching Sections details
INFO - 2020-05-17 23:42:44 --> Fetching Dashboard details
INFO - 2020-05-17 23:42:47 --> Controller "App\Controllers\Staffs" loaded.
INFO - 2020-05-17 23:42:47 --> Fetching All Leave details
INFO - 2020-05-17 23:42:50 --> Controller "App\Controllers\Sections" loaded.
INFO - 2020-05-17 23:42:50 --> Controller "App\Controllers\MessageGroups" loaded.
INFO - 2020-05-17 23:42:50 --> Fetching MessageGroups details
INFO - 2020-05-17 23:42:50 --> Controller "App\Controllers\Dashboards" loaded.
INFO - 2020-05-17 23:42:50 --> Fetching Sections details
INFO - 2020-05-17 23:42:50 --> Fetching Dashboard details
INFO - 2020-05-17 23:44:01 --> Controller "App\Controllers\Dashboards" loaded.
INFO - 2020-05-17 23:44:01 --> Controller "App\Controllers\Sections" loaded.
INFO - 2020-05-17 23:44:01 --> Controller "App\Controllers\MessageGroups" loaded.
INFO - 2020-05-17 23:44:01 --> Fetching Dashboard details
INFO - 2020-05-17 23:44:01 --> Fetching MessageGroups details
INFO - 2020-05-17 23:44:01 --> Fetching Sections details
INFO - 2020-05-17 23:44:05 --> Controller "App\Controllers\FeesMasters" loaded.
INFO - 2020-05-17 23:44:05 --> Fetching FeeMaster details
INFO - 2020-05-17 23:44:05 --> Controller "App\Controllers\Sections" loaded.
INFO - 2020-05-17 23:44:05 --> Controller "App\Controllers\Students" loaded.
INFO - 2020-05-17 23:44:05 --> Fetching Sections details
INFO - 2020-05-17 23:44:05 --> Controller "App\Controllers\Categories" loaded.
INFO - 2020-05-17 23:44:05 --> Fetching Category details
INFO - 2020-05-17 23:44:05 --> Fetching All Leave details
INFO - 2020-05-17 23:44:27 --> Controller "App\Controllers\Users" loaded.
INFO - 2020-05-17 23:44:27 --> Fetching Users details
INFO - 2020-05-17 23:44:36 --> Controller "App\Controllers\Users" loaded.
INFO - 2020-05-17 23:44:36 --> Fetching Users details
INFO - 2020-05-17 23:44:39 --> Controller "App\Controllers\Students" loaded.
INFO - 2020-05-17 23:44:39 --> Controller "App\Controllers\Categories" loaded.
INFO - 2020-05-17 23:44:39 --> Fetching Category details
INFO - 2020-05-17 23:44:39 --> Controller "App\Controllers\FeesMasters" loaded.
INFO - 2020-05-17 23:44:39 --> Fetching All Leave details
INFO - 2020-05-17 23:44:39 --> Controller "App\Controllers\Sections" loaded.
INFO - 2020-05-17 23:44:39 --> Fetching FeeMaster details
INFO - 2020-05-17 23:44:39 --> Fetching Sections details
INFO - 2020-05-17 23:44:48 --> Controller "App\Controllers\Sections" loaded.
INFO - 2020-05-17 23:44:48 --> Controller "App\Controllers\FeesMasters" loaded.
INFO - 2020-05-17 23:44:48 --> Controller "App\Controllers\Students" loaded.
INFO - 2020-05-17 23:44:48 --> Controller "App\Controllers\Categories" loaded.
INFO - 2020-05-17 23:44:48 --> Fetching FeeMaster details
INFO - 2020-05-17 23:44:48 --> Fetching Category details
INFO - 2020-05-17 23:44:48 --> Fetching All Leave details
INFO - 2020-05-17 23:44:48 --> Fetching Sections details
INFO - 2020-05-17 23:45:53 --> Controller "App\Controllers\FeesMasters" loaded.
INFO - 2020-05-17 23:45:53 --> Fetching FeeMaster details
INFO - 2020-05-17 23:46:12 --> Controller "App\Controllers\FeesMasters" loaded.
INFO - 2020-05-17 23:46:12 --> Fetching FeeMaster details
INFO - 2020-05-17 23:46:13 --> Controller "App\Controllers\FeesMasters" loaded.
INFO - 2020-05-17 23:46:13 --> Fetching FeeMaster details
INFO - 2020-05-17 23:49:22 --> Controller "App\Controllers\Users" loaded.
INFO - 2020-05-17 23:49:22 --> Fetching Users details
INFO - 2020-05-17 23:49:27 --> Controller "App\Controllers\Users" loaded.
INFO - 2020-05-17 23:49:27 --> Fetching Users details
INFO - 2020-05-17 23:49:35 --> Controller "App\Controllers\FeesMasters" loaded.
INFO - 2020-05-17 23:49:35 --> Fetching FeeMaster details
INFO - 2020-05-17 23:49:35 --> Controller "App\Controllers\Sections" loaded.
INFO - 2020-05-17 23:49:35 --> Fetching Sections details
INFO - 2020-05-17 23:49:35 --> Controller "App\Controllers\Students" loaded.
INFO - 2020-05-17 23:49:35 --> Fetching All Leave details
INFO - 2020-05-17 23:49:35 --> Controller "App\Controllers\Categories" loaded.
INFO - 2020-05-17 23:49:35 --> Fetching Category details
INFO - 2020-05-17 23:49:57 --> Controller "App\Controllers\Sections" loaded.
INFO - 2020-05-17 23:49:57 --> Controller "App\Controllers\Students" loaded.
INFO - 2020-05-17 23:49:57 --> Controller "App\Controllers\FeesMasters" loaded.
INFO - 2020-05-17 23:49:57 --> Controller "App\Controllers\Categories" loaded.
INFO - 2020-05-17 23:49:57 --> Fetching All Leave details
INFO - 2020-05-17 23:49:57 --> Fetching FeeMaster details
INFO - 2020-05-17 23:49:57 --> Fetching Category details
INFO - 2020-05-17 23:49:57 --> Fetching Sections details
INFO - 2020-05-17 23:51:20 --> Controller "App\Controllers\FeesConfigs" loaded.
INFO - 2020-05-17 23:51:20 --> Fetching FeesConfigs details
INFO - 2020-05-17 23:51:20 --> Controller "App\Controllers\FeesMasters" loaded.
INFO - 2020-05-17 23:51:20 --> Fetching FeeMaster details
INFO - 2020-05-17 23:51:20 --> Controller "App\Controllers\Academicyears" loaded.
INFO - 2020-05-17 23:51:20 --> Fetching Academic year details
INFO - 2020-05-17 23:51:20 --> Controller "App\Controllers\Institutions" loaded.
INFO - 2020-05-17 23:51:20 --> Fetching Institution details
INFO - 2020-05-17 23:51:20 --> Controller "App\Controllers\Standards" loaded.
INFO - 2020-05-17 23:51:20 --> Fetching Standards Section details
INFO - 2020-05-17 23:51:20 --> Controller "App\Controllers\FeesConfigs" loaded.
INFO - 2020-05-17 23:51:20 --> Fetching Sections details
INFO - 2020-05-17 23:51:28 --> Controller "App\Controllers\FeesMasters" loaded.
INFO - 2020-05-17 23:51:28 --> Fetching FeeMaster details
INFO - 2020-05-17 23:51:28 --> Controller "App\Controllers\Sections" loaded.
INFO - 2020-05-17 23:51:28 --> Fetching Sections details
INFO - 2020-05-17 23:51:28 --> Controller "App\Controllers\Students" loaded.
INFO - 2020-05-17 23:51:28 --> Fetching All Leave details
INFO - 2020-05-17 23:51:28 --> Controller "App\Controllers\Categories" loaded.
INFO - 2020-05-17 23:51:28 --> Fetching Category details
INFO - 2020-05-17 23:53:33 --> Controller "App\Controllers\HostelBlocks" loaded.
INFO - 2020-05-17 23:53:33 --> Fetching HostelBlocks details
INFO - 2020-05-17 23:53:33 --> Controller "App\Controllers\Staffs" loaded.
INFO - 2020-05-17 23:53:33 --> Fetching All Leave details
INFO - 2020-05-17 23:53:38 --> Controller "App\Controllers\HostelRooms" loaded.
INFO - 2020-05-17 23:53:38 --> Fetching HostelRooms details
INFO - 2020-05-17 23:53:38 --> Controller "App\Controllers\HostelBlocks" loaded.
INFO - 2020-05-17 23:53:38 --> Fetching HostelBlocks details
INFO - 2020-05-17 23:53:41 --> Controller "App\Controllers\HostelAllotments" loaded.
INFO - 2020-05-17 23:53:41 --> Fetching HostelAllotments details
INFO - 2020-05-17 23:53:41 --> Controller "App\Controllers\HostelRooms" loaded.
INFO - 2020-05-17 23:53:41 --> Fetching HostelRooms details
INFO - 2020-05-17 23:53:41 --> Controller "App\Controllers\HostelAllotments" loaded.
INFO - 2020-05-17 23:53:41 --> Fetching HostelAllotments details
INFO - 2020-05-17 23:53:55 --> Controller "App\Controllers\Boards" loaded.
INFO - 2020-05-17 23:53:55 --> Fetching Boards details
INFO - 2020-05-17 23:54:02 --> Controller "App\Controllers\FeesMasters" loaded.
INFO - 2020-05-17 23:54:02 --> Fetching FeeMaster details
INFO - 2020-05-17 23:54:02 --> Controller "App\Controllers\Sections" loaded.
INFO - 2020-05-17 23:54:02 --> Fetching Sections details
INFO - 2020-05-17 23:54:02 --> Controller "App\Controllers\Students" loaded.
INFO - 2020-05-17 23:54:02 --> Fetching All Leave details
INFO - 2020-05-17 23:54:02 --> Controller "App\Controllers\Categories" loaded.
INFO - 2020-05-17 23:54:02 --> Fetching Category details
