INFO - 2020-11-26 09:03:11 --> Controller "App\Controllers\UserMenus" loaded.
INFO - 2020-11-26 09:03:11 --> Fetching UserMenu details
INFO - 2020-11-26 09:03:12 --> Controller "App\Controllers\State" loaded.
INFO - 2020-11-26 09:03:12 --> Fetching IIQA Details
INFO - 2020-11-26 09:03:12 --> Controller "App\Controllers\University" loaded.
INFO - 2020-11-26 09:03:12 --> Fetching IIQA Details
INFO - 2020-11-26 09:03:12 --> Controller "App\Controllers\CommonFetch" loaded.
INFO - 2020-11-26 09:03:12 --> Fetching IIQA Details
INFO - 2020-11-26 09:03:12 --> Controller "App\Controllers\CommonFetch" loaded.
INFO - 2020-11-26 09:03:12 --> Fetching Title Details
INFO - 2020-11-26 09:03:12 --> Controller "App\Controllers\CommonFetch" loaded.
INFO - 2020-11-26 09:03:12 --> Fetching Title Details
INFO - 2020-11-26 09:03:15 --> Controller "App\Controllers\UserMenus" loaded.
INFO - 2020-11-26 09:03:15 --> Fetching UserMenu details
INFO - 2020-11-26 09:03:18 --> Controller "App\Controllers\State" loaded.
INFO - 2020-11-26 09:03:18 --> Fetching IIQA Details
INFO - 2020-11-26 09:03:18 --> Controller "App\Controllers\University" loaded.
INFO - 2020-11-26 09:03:18 --> Fetching IIQA Details
INFO - 2020-11-26 09:03:18 --> Controller "App\Controllers\CommonFetch" loaded.
INFO - 2020-11-26 09:03:18 --> Fetching IIQA Details
INFO - 2020-11-26 09:03:18 --> Controller "App\Controllers\CommonFetch" loaded.
INFO - 2020-11-26 09:03:18 --> Fetching Title Details
INFO - 2020-11-26 09:03:18 --> Controller "App\Controllers\CommonFetch" loaded.
INFO - 2020-11-26 09:03:18 --> Fetching Title Details
INFO - 2020-11-26 09:03:21 --> Controller "App\Controllers\UserMenus" loaded.
INFO - 2020-11-26 09:03:21 --> Fetching UserMenu details
INFO - 2020-11-26 09:03:22 --> Controller "App\Controllers\UserMenus" loaded.
INFO - 2020-11-26 09:03:22 --> Fetching UserMenu details
INFO - 2020-11-26 09:07:17 --> Controller "App\Controllers\UserMenus" loaded.
INFO - 2020-11-26 09:07:17 --> Fetching UserMenu details
INFO - 2020-11-26 09:14:53 --> Controller "App\Controllers\UserMenus" loaded.
INFO - 2020-11-26 09:14:53 --> Fetching UserMenu details
INFO - 2020-11-26 09:14:57 --> Controller "App\Controllers\UserMenus" loaded.
INFO - 2020-11-26 09:14:57 --> Fetching UserMenu details
INFO - 2020-11-26 09:14:59 --> Controller "App\Controllers\UserMenus" loaded.
INFO - 2020-11-26 09:14:59 --> Fetching UserMenu details
INFO - 2020-11-26 09:15:00 --> Controller "App\Controllers\UserMenus" loaded.
INFO - 2020-11-26 09:15:00 --> Fetching UserMenu details
INFO - 2020-11-26 09:17:27 --> Controller "App\Controllers\UserMenus" loaded.
INFO - 2020-11-26 09:17:27 --> Fetching UserMenu details
INFO - 2020-11-26 09:17:41 --> Controller "App\Controllers\UserMenus" loaded.
INFO - 2020-11-26 09:17:41 --> Fetching UserMenu details
INFO - 2020-11-26 09:17:42 --> Controller "App\Controllers\UserMenus" loaded.
INFO - 2020-11-26 09:17:42 --> Fetching UserMenu details
INFO - 2020-11-26 09:17:44 --> Controller "App\Controllers\UserMenus" loaded.
INFO - 2020-11-26 09:17:44 --> Fetching UserMenu details
INFO - 2020-11-26 09:17:46 --> Controller "App\Controllers\UserMenus" loaded.
INFO - 2020-11-26 09:17:46 --> Fetching UserMenu details
INFO - 2020-11-26 09:17:48 --> Controller "App\Controllers\UserMenus" loaded.
INFO - 2020-11-26 09:17:48 --> Fetching UserMenu details
INFO - 2020-11-26 09:17:50 --> Controller "App\Controllers\UserMenus" loaded.
INFO - 2020-11-26 09:17:50 --> Fetching UserMenu details
INFO - 2020-11-26 09:18:43 --> Controller "App\Controllers\UserMenus" loaded.
INFO - 2020-11-26 09:18:43 --> Fetching UserMenu details
INFO - 2020-11-26 09:18:48 --> Controller "App\Controllers\UserMenus" loaded.
INFO - 2020-11-26 09:18:48 --> Fetching UserMenu details
INFO - 2020-11-26 11:07:37 --> Controller "App\Controllers\IIQAForm" loaded.
INFO - 2020-11-26 11:07:37 --> Fetching IIQA Details
INFO - 2020-11-26 11:07:40 --> Controller "App\Controllers\UserMenus" loaded.
INFO - 2020-11-26 11:07:40 --> Fetching UserMenu details
INFO - 2020-11-26 11:07:41 --> Controller "App\Controllers\IIQAForm" loaded.
INFO - 2020-11-26 11:07:41 --> Fetching IIQA Details
INFO - 2020-11-26 11:07:43 --> Controller "App\Controllers\IIQAForm" loaded.
INFO - 2020-11-26 11:07:43 --> Fetching IIQA Details
INFO - 2020-11-26 11:07:43 --> Controller "App\Controllers\CommonFetch" loaded.
INFO - 2020-11-26 11:07:43 --> Fetching IIQA Details
INFO - 2020-11-26 11:07:43 --> Controller "App\Controllers\University" loaded.
INFO - 2020-11-26 11:07:43 --> Fetching IIQA Details
INFO - 2020-11-26 11:07:43 --> Controller "App\Controllers\CommonFetch" loaded.
INFO - 2020-11-26 11:07:43 --> Fetching IIQA Details
INFO - 2020-11-26 11:07:43 --> Controller "App\Controllers\IIQADocument" loaded.
INFO - 2020-11-26 11:07:43 --> Fetching Document Details
INFO - 2020-11-26 11:07:43 --> Controller "App\Controllers\IIQADocument" loaded.
INFO - 2020-11-26 11:07:43 --> Fetching Document Details
INFO - 2020-11-26 11:07:45 --> Controller "App\Controllers\IIQAForm" loaded.
INFO - 2020-11-26 11:07:45 --> Fetching IIQA Details
INFO - 2020-11-26 11:07:45 --> Controller "App\Controllers\CommonFetch" loaded.
INFO - 2020-11-26 11:07:45 --> Fetching Title Details
INFO - 2020-11-26 11:07:45 --> Controller "App\Controllers\CommonFetch" loaded.
INFO - 2020-11-26 11:07:45 --> Fetching Title Details
INFO - 2020-11-26 11:08:15 --> Controller "App\Controllers\UserMenus" loaded.
INFO - 2020-11-26 11:08:15 --> Fetching UserMenu details
INFO - 2020-11-26 11:15:56 --> Controller "App\Controllers\UserMenus" loaded.
INFO - 2020-11-26 11:15:56 --> Fetching UserMenu details
INFO - 2020-11-26 11:15:59 --> Controller "App\Controllers\UserMenus" loaded.
INFO - 2020-11-26 11:15:59 --> Fetching UserMenu details
INFO - 2020-11-26 11:16:01 --> Controller "App\Controllers\IIQAForm" loaded.
INFO - 2020-11-26 11:16:01 --> Fetching IIQA Details
INFO - 2020-11-26 11:16:03 --> Controller "App\Controllers\UserMenus" loaded.
INFO - 2020-11-26 11:16:03 --> Fetching UserMenu details
INFO - 2020-11-26 11:32:17 --> Controller "App\Controllers\UserMenus" loaded.
INFO - 2020-11-26 11:32:17 --> Fetching UserMenu details
INFO - 2020-11-26 11:32:36 --> Controller "App\Controllers\UserMenus" loaded.
INFO - 2020-11-26 11:32:36 --> Fetching UserMenu details
INFO - 2020-11-26 11:33:54 --> Controller "App\Controllers\UserMenus" loaded.
INFO - 2020-11-26 11:33:54 --> Fetching UserMenu details
INFO - 2020-11-26 11:34:00 --> Controller "App\Controllers\UserMenus" loaded.
INFO - 2020-11-26 11:34:00 --> Fetching UserMenu details
INFO - 2020-11-26 11:34:01 --> Controller "App\Controllers\UserMenus" loaded.
INFO - 2020-11-26 11:34:01 --> Fetching UserMenu details
INFO - 2020-11-26 11:34:17 --> Controller "App\Controllers\IIQAForm" loaded.
INFO - 2020-11-26 11:34:17 --> Fetching IIQA Details
INFO - 2020-11-26 11:34:19 --> Controller "App\Controllers\UserMenus" loaded.
INFO - 2020-11-26 11:34:19 --> Fetching UserMenu details
INFO - 2020-11-26 11:34:46 --> Controller "App\Controllers\UserMenus" loaded.
INFO - 2020-11-26 11:34:46 --> Fetching UserMenu details
INFO - 2020-11-26 11:34:52 --> Controller "App\Controllers\UserMenus" loaded.
INFO - 2020-11-26 11:34:52 --> Fetching UserMenu details
INFO - 2020-11-26 11:35:03 --> Controller "App\Controllers\UserMenus" loaded.
INFO - 2020-11-26 11:35:03 --> Fetching UserMenu details
INFO - 2020-11-26 11:35:58 --> Controller "App\Controllers\UserMenus" loaded.
INFO - 2020-11-26 11:35:58 --> Fetching UserMenu details
INFO - 2020-11-26 11:36:10 --> Controller "App\Controllers\UserMenus" loaded.
INFO - 2020-11-26 11:36:10 --> Fetching UserMenu details
INFO - 2020-11-26 11:36:20 --> Controller "App\Controllers\UserMenus" loaded.
INFO - 2020-11-26 11:36:20 --> Fetching UserMenu details
INFO - 2020-11-26 11:36:31 --> Controller "App\Controllers\UserMenus" loaded.
INFO - 2020-11-26 11:36:31 --> Fetching UserMenu details
INFO - 2020-11-26 11:36:40 --> Controller "App\Controllers\UserMenus" loaded.
INFO - 2020-11-26 11:36:40 --> Fetching UserMenu details
INFO - 2020-11-26 11:37:28 --> Controller "App\Controllers\UserMenus" loaded.
INFO - 2020-11-26 11:37:28 --> Fetching UserMenu details
INFO - 2020-11-26 11:37:43 --> Controller "App\Controllers\UserMenus" loaded.
INFO - 2020-11-26 11:37:43 --> Fetching UserMenu details
INFO - 2020-11-26 11:38:13 --> Controller "App\Controllers\UserMenus" loaded.
INFO - 2020-11-26 11:38:13 --> Fetching UserMenu details
INFO - 2020-11-26 11:38:27 --> Controller "App\Controllers\UserMenus" loaded.
INFO - 2020-11-26 11:38:27 --> Fetching UserMenu details
INFO - 2020-11-26 11:38:38 --> Controller "App\Controllers\UserMenus" loaded.
INFO - 2020-11-26 11:38:38 --> Fetching UserMenu details
INFO - 2020-11-26 11:40:17 --> Controller "App\Controllers\UserMenus" loaded.
INFO - 2020-11-26 11:40:17 --> Fetching UserMenu details
INFO - 2020-11-26 11:47:42 --> Controller "App\Controllers\IIQAForm" loaded.
INFO - 2020-11-26 11:47:42 --> Fetching IIQA Details
INFO - 2020-11-26 11:47:44 --> Controller "App\Controllers\UserMenus" loaded.
INFO - 2020-11-26 11:47:44 --> Fetching UserMenu details
INFO - 2020-11-26 11:47:51 --> Controller "App\Controllers\UserMenus" loaded.
INFO - 2020-11-26 11:47:51 --> Fetching UserMenu details
INFO - 2020-11-26 11:49:24 --> Controller "App\Controllers\UserMenus" loaded.
INFO - 2020-11-26 11:49:24 --> Fetching UserMenu details
INFO - 2020-11-26 11:50:12 --> Controller "App\Controllers\UserMenus" loaded.
INFO - 2020-11-26 11:50:12 --> Fetching UserMenu details
INFO - 2020-11-26 11:53:09 --> Controller "App\Controllers\UserMenus" loaded.
INFO - 2020-11-26 11:53:09 --> Fetching UserMenu details
INFO - 2020-11-26 11:55:40 --> Controller "App\Controllers\UserMenus" loaded.
INFO - 2020-11-26 11:55:40 --> Fetching UserMenu details
INFO - 2020-11-26 11:58:48 --> Controller "App\Controllers\UserMenus" loaded.
INFO - 2020-11-26 11:58:48 --> Fetching UserMenu details
INFO - 2020-11-26 12:00:28 --> Controller "App\Controllers\UserMenus" loaded.
INFO - 2020-11-26 12:00:28 --> Fetching UserMenu details
INFO - 2020-11-26 12:00:35 --> Controller "App\Controllers\IIQAForm" loaded.
INFO - 2020-11-26 12:00:35 --> Fetching IIQA Details
INFO - 2020-11-26 12:00:37 --> Controller "App\Controllers\UserMenus" loaded.
INFO - 2020-11-26 12:00:37 --> Fetching UserMenu details
INFO - 2020-11-26 12:04:08 --> Controller "App\Controllers\IIQAForm" loaded.
INFO - 2020-11-26 12:04:08 --> Fetching IIQA Details
INFO - 2020-11-26 12:04:10 --> Controller "App\Controllers\IIQAForm" loaded.
INFO - 2020-11-26 12:04:10 --> Fetching IIQA Details
INFO - 2020-11-26 12:04:10 --> Controller "App\Controllers\CommonFetch" loaded.
INFO - 2020-11-26 12:04:10 --> Fetching IIQA Details
INFO - 2020-11-26 12:04:10 --> Controller "App\Controllers\CommonFetch" loaded.
INFO - 2020-11-26 12:04:10 --> Controller "App\Controllers\University" loaded.
INFO - 2020-11-26 12:04:10 --> Fetching IIQA Details
INFO - 2020-11-26 12:04:10 --> Controller "App\Controllers\IIQADocument" loaded.
INFO - 2020-11-26 12:04:10 --> Fetching IIQA Details
INFO - 2020-11-26 12:04:10 --> Controller "App\Controllers\IIQADocument" loaded.
INFO - 2020-11-26 12:04:10 --> Fetching Document Details
INFO - 2020-11-26 12:04:10 --> Fetching Document Details
INFO - 2020-11-26 12:04:18 --> Controller "App\Controllers\IIQADocument" loaded.
INFO - 2020-11-26 12:04:19 --> Controller "App\Controllers\IIQADocument" loaded.
INFO - 2020-11-26 12:04:19 --> Fetching Document Details
INFO - 2020-11-26 12:04:19 --> Controller "App\Controllers\IIQADocument" loaded.
INFO - 2020-11-26 12:04:19 --> Fetching Document Details
INFO - 2020-11-26 12:04:27 --> Controller "App\Controllers\IIQADocument" loaded.
INFO - 2020-11-26 12:04:28 --> Controller "App\Controllers\IIQADocument" loaded.
INFO - 2020-11-26 12:04:28 --> Fetching Document Details
INFO - 2020-11-26 12:04:28 --> Controller "App\Controllers\IIQADocument" loaded.
INFO - 2020-11-26 12:04:28 --> Fetching Document Details
INFO - 2020-11-26 12:04:37 --> Controller "App\Controllers\IIQADocument" loaded.
INFO - 2020-11-26 12:04:38 --> Controller "App\Controllers\IIQADocument" loaded.
INFO - 2020-11-26 12:04:38 --> Fetching Document Details
INFO - 2020-11-26 12:04:38 --> Controller "App\Controllers\IIQADocument" loaded.
INFO - 2020-11-26 12:04:38 --> Fetching Document Details
INFO - 2020-11-26 12:04:55 --> Controller "App\Controllers\IIQADocument" loaded.
INFO - 2020-11-26 12:04:55 --> Controller "App\Controllers\IIQADocument" loaded.
INFO - 2020-11-26 12:04:55 --> Fetching Document Details
INFO - 2020-11-26 12:04:55 --> Controller "App\Controllers\IIQADocument" loaded.
INFO - 2020-11-26 12:04:55 --> Fetching Document Details
INFO - 2020-11-26 12:05:02 --> Controller "App\Controllers\IIQADocument" loaded.
INFO - 2020-11-26 12:05:03 --> Controller "App\Controllers\IIQADocument" loaded.
INFO - 2020-11-26 12:05:03 --> Fetching Document Details
INFO - 2020-11-26 12:05:03 --> Controller "App\Controllers\IIQADocument" loaded.
INFO - 2020-11-26 12:05:03 --> Fetching Document Details
INFO - 2020-11-26 12:05:11 --> Controller "App\Controllers\IIQAForm" loaded.
INFO - 2020-11-26 12:05:11 --> Fetching IIQA Details
INFO - 2020-11-26 12:05:13 --> Controller "App\Controllers\IIQAForm" loaded.
INFO - 2020-11-26 12:05:15 --> Controller "App\Controllers\UserMenus" loaded.
INFO - 2020-11-26 12:05:15 --> Fetching UserMenu details
INFO - 2020-11-26 12:05:20 --> Controller "App\Controllers\IIQAForm" loaded.
INFO - 2020-11-26 12:05:20 --> Fetching IIQA Details
INFO - 2020-11-26 12:05:22 --> Controller "App\Controllers\UserMenus" loaded.
INFO - 2020-11-26 12:05:22 --> Fetching UserMenu details
INFO - 2020-11-26 12:05:24 --> Controller "App\Controllers\IIQAForm" loaded.
INFO - 2020-11-26 12:05:24 --> Fetching IIQA Details
INFO - 2020-11-26 12:05:27 --> Controller "App\Controllers\UserMenus" loaded.
INFO - 2020-11-26 12:05:27 --> Fetching UserMenu details
INFO - 2020-11-26 12:09:24 --> Controller "App\Controllers\UserMenus" loaded.
INFO - 2020-11-26 12:09:24 --> Fetching UserMenu details
INFO - 2020-11-26 12:09:25 --> Controller "App\Controllers\UserMenus" loaded.
INFO - 2020-11-26 12:09:25 --> Fetching UserMenu details
INFO - 2020-11-26 12:19:34 --> Controller "App\Controllers\UserMenus" loaded.
INFO - 2020-11-26 12:19:34 --> Fetching UserMenu details
INFO - 2020-11-26 12:20:09 --> Controller "App\Controllers\UserMenus" loaded.
INFO - 2020-11-26 12:20:09 --> Fetching UserMenu details
INFO - 2020-11-26 12:22:05 --> Controller "App\Controllers\UserMenus" loaded.
INFO - 2020-11-26 12:22:05 --> Fetching UserMenu details
INFO - 2020-11-26 12:22:28 --> Controller "App\Controllers\UserMenus" loaded.
INFO - 2020-11-26 12:22:28 --> Fetching UserMenu details
INFO - 2020-11-26 12:22:34 --> Controller "App\Controllers\UserMenus" loaded.
INFO - 2020-11-26 12:22:34 --> Fetching UserMenu details
INFO - 2020-11-26 12:22:44 --> Controller "App\Controllers\IIQAForm" loaded.
INFO - 2020-11-26 12:22:44 --> Fetching IIQA Details
INFO - 2020-11-26 12:22:46 --> Controller "App\Controllers\UserMenus" loaded.
INFO - 2020-11-26 12:22:46 --> Fetching UserMenu details
INFO - 2020-11-26 12:22:55 --> Controller "App\Controllers\IIQAForm" loaded.
INFO - 2020-11-26 12:22:55 --> Fetching IIQA Details
INFO - 2020-11-26 12:22:56 --> Controller "App\Controllers\UserMenus" loaded.
INFO - 2020-11-26 12:22:56 --> Fetching UserMenu details
INFO - 2020-11-26 12:25:05 --> Controller "App\Controllers\UserMenus" loaded.
INFO - 2020-11-26 12:25:05 --> Fetching UserMenu details
INFO - 2020-11-26 12:25:08 --> Controller "App\Controllers\IIQAForm" loaded.
INFO - 2020-11-26 12:25:08 --> Fetching IIQA Details
INFO - 2020-11-26 12:25:11 --> Controller "App\Controllers\IIQAForm" loaded.
INFO - 2020-11-26 12:25:11 --> Fetching IIQA Details
INFO - 2020-11-26 12:25:11 --> Controller "App\Controllers\CommonFetch" loaded.
INFO - 2020-11-26 12:25:11 --> Controller "App\Controllers\CommonFetch" loaded.
INFO - 2020-11-26 12:25:11 --> Fetching IIQA Details
INFO - 2020-11-26 12:25:11 --> Controller "App\Controllers\IIQADocument" loaded.
INFO - 2020-11-26 12:25:11 --> Controller "App\Controllers\University" loaded.
INFO - 2020-11-26 12:25:11 --> Controller "App\Controllers\IIQADocument" loaded.
INFO - 2020-11-26 12:25:11 --> Fetching IIQA Details
INFO - 2020-11-26 12:25:11 --> Fetching Document Details
INFO - 2020-11-26 12:25:11 --> Fetching IIQA Details
INFO - 2020-11-26 12:25:11 --> Fetching Document Details
INFO - 2020-11-26 12:25:13 --> Controller "App\Controllers\CommonFetch" loaded.
INFO - 2020-11-26 12:25:13 --> Controller "App\Controllers\IIQAForm" loaded.
INFO - 2020-11-26 12:25:13 --> Fetching IIQA Details
INFO - 2020-11-26 12:25:13 --> Controller "App\Controllers\CommonFetch" loaded.
INFO - 2020-11-26 12:25:13 --> Fetching Title Details
INFO - 2020-11-26 12:25:13 --> Fetching Title Details
INFO - 2020-11-26 12:25:15 --> Controller "App\Controllers\CommonFetch" loaded.
INFO - 2020-11-26 12:25:15 --> Fetching IIQA Details
INFO - 2020-11-26 12:25:15 --> Controller "App\Controllers\University" loaded.
INFO - 2020-11-26 12:25:15 --> Controller "App\Controllers\IIQAForm" loaded.
INFO - 2020-11-26 12:25:15 --> Fetching IIQA Details
INFO - 2020-11-26 12:25:15 --> Fetching IIQA Details
INFO - 2020-11-26 12:25:15 --> Controller "App\Controllers\IIQADocument" loaded.
INFO - 2020-11-26 12:25:15 --> Controller "App\Controllers\CommonFetch" loaded.
INFO - 2020-11-26 12:25:15 --> Fetching IIQA Details
INFO - 2020-11-26 12:25:15 --> Controller "App\Controllers\IIQADocument" loaded.
INFO - 2020-11-26 12:25:15 --> Fetching Document Details
INFO - 2020-11-26 12:25:15 --> Fetching Document Details
INFO - 2020-11-26 12:25:29 --> Controller "App\Controllers\IIQAForm" loaded.
INFO - 2020-11-26 12:25:29 --> Fetching IIQA Details
INFO - 2020-11-26 12:25:29 --> Controller "App\Controllers\CommonFetch" loaded.
INFO - 2020-11-26 12:25:29 --> Fetching Title Details
INFO - 2020-11-26 12:25:29 --> Controller "App\Controllers\CommonFetch" loaded.
INFO - 2020-11-26 12:25:29 --> Fetching Title Details
INFO - 2020-11-26 12:28:28 --> Controller "App\Controllers\UserMenus" loaded.
INFO - 2020-11-26 12:28:28 --> Fetching UserMenu details
INFO - 2020-11-26 12:28:33 --> Controller "App\Controllers\UserMenus" loaded.
INFO - 2020-11-26 12:28:33 --> Fetching UserMenu details
INFO - 2020-11-26 12:29:00 --> Controller "App\Controllers\State" loaded.
INFO - 2020-11-26 12:29:00 --> Controller "App\Controllers\University" loaded.
INFO - 2020-11-26 12:29:00 --> Controller "App\Controllers\CommonFetch" loaded.
INFO - 2020-11-26 12:29:00 --> Fetching IIQA Details
INFO - 2020-11-26 12:29:00 --> Fetching IIQA Details
INFO - 2020-11-26 12:29:00 --> Controller "App\Controllers\CommonFetch" loaded.
INFO - 2020-11-26 12:29:00 --> Controller "App\Controllers\CommonFetch" loaded.
INFO - 2020-11-26 12:29:00 --> Fetching Title Details
INFO - 2020-11-26 12:29:00 --> Fetching IIQA Details
INFO - 2020-11-26 12:29:00 --> Fetching Title Details
INFO - 2020-11-26 12:32:56 --> Controller "App\Controllers\State" loaded.
INFO - 2020-11-26 12:32:56 --> Controller "App\Controllers\University" loaded.
INFO - 2020-11-26 12:32:56 --> Fetching IIQA Details
INFO - 2020-11-26 12:32:56 --> Fetching IIQA Details
INFO - 2020-11-26 12:32:56 --> Controller "App\Controllers\CommonFetch" loaded.
INFO - 2020-11-26 12:32:56 --> Controller "App\Controllers\CommonFetch" loaded.
INFO - 2020-11-26 12:32:56 --> Controller "App\Controllers\CommonFetch" loaded.
INFO - 2020-11-26 12:32:56 --> Fetching Title Details
INFO - 2020-11-26 12:32:56 --> Fetching Title Details
INFO - 2020-11-26 12:32:56 --> Fetching IIQA Details
INFO - 2020-11-26 12:36:07 --> Controller "App\Controllers\UserMenus" loaded.
INFO - 2020-11-26 12:36:07 --> Fetching UserMenu details
INFO - 2020-11-26 12:36:11 --> Controller "App\Controllers\UserMenus" loaded.
INFO - 2020-11-26 12:36:11 --> Fetching UserMenu details
INFO - 2020-11-26 12:36:16 --> Controller "App\Controllers\UserMenus" loaded.
INFO - 2020-11-26 12:36:16 --> Fetching UserMenu details
INFO - 2020-11-26 12:36:19 --> Controller "App\Controllers\State" loaded.
INFO - 2020-11-26 12:36:19 --> Fetching IIQA Details
INFO - 2020-11-26 12:36:19 --> Controller "App\Controllers\University" loaded.
INFO - 2020-11-26 12:36:19 --> Controller "App\Controllers\CommonFetch" loaded.
INFO - 2020-11-26 12:36:19 --> Controller "App\Controllers\CommonFetch" loaded.
INFO - 2020-11-26 12:36:19 --> Controller "App\Controllers\CommonFetch" loaded.
INFO - 2020-11-26 12:36:19 --> Fetching Title Details
INFO - 2020-11-26 12:36:19 --> Fetching Title Details
INFO - 2020-11-26 12:36:19 --> Fetching IIQA Details
INFO - 2020-11-26 12:36:19 --> Fetching IIQA Details
INFO - 2020-11-26 12:36:21 --> Controller "App\Controllers\UserMenus" loaded.
INFO - 2020-11-26 12:36:21 --> Fetching UserMenu details
INFO - 2020-11-26 12:37:18 --> Controller "App\Controllers\UserMenus" loaded.
INFO - 2020-11-26 12:37:18 --> Fetching UserMenu details
INFO - 2020-11-26 12:37:20 --> Controller "App\Controllers\State" loaded.
INFO - 2020-11-26 12:37:20 --> Fetching IIQA Details
INFO - 2020-11-26 12:37:20 --> Controller "App\Controllers\CommonFetch" loaded.
INFO - 2020-11-26 12:37:20 --> Controller "App\Controllers\CommonFetch" loaded.
INFO - 2020-11-26 12:37:20 --> Fetching IIQA Details
INFO - 2020-11-26 12:37:20 --> Fetching Title Details
INFO - 2020-11-26 12:37:20 --> Controller "App\Controllers\CommonFetch" loaded.
INFO - 2020-11-26 12:37:20 --> Fetching Title Details
INFO - 2020-11-26 12:37:20 --> Controller "App\Controllers\University" loaded.
INFO - 2020-11-26 12:37:20 --> Fetching IIQA Details
INFO - 2020-11-26 12:40:23 --> Controller "App\Controllers\State" loaded.
INFO - 2020-11-26 12:40:23 --> Fetching IIQA Details
INFO - 2020-11-26 12:40:23 --> Controller "App\Controllers\University" loaded.
INFO - 2020-11-26 12:40:23 --> Controller "App\Controllers\CommonFetch" loaded.
INFO - 2020-11-26 12:40:23 --> Fetching IIQA Details
INFO - 2020-11-26 12:40:23 --> Fetching IIQA Details
INFO - 2020-11-26 12:40:23 --> Controller "App\Controllers\CommonFetch" loaded.
INFO - 2020-11-26 12:40:23 --> Fetching Title Details
INFO - 2020-11-26 12:40:23 --> Controller "App\Controllers\CommonFetch" loaded.
INFO - 2020-11-26 12:40:23 --> Fetching Title Details
INFO - 2020-11-26 12:40:26 --> Controller "App\Controllers\UserMenus" loaded.
INFO - 2020-11-26 12:40:26 --> Fetching UserMenu details
INFO - 2020-11-26 13:30:18 --> Controller "App\Controllers\UserMenus" loaded.
INFO - 2020-11-26 13:30:18 --> Fetching UserMenu details
INFO - 2020-11-26 13:30:48 --> Controller "App\Controllers\UserMenus" loaded.
INFO - 2020-11-26 13:30:48 --> Fetching UserMenu details
INFO - 2020-11-26 13:30:54 --> Controller "App\Controllers\IIQAForm" loaded.
INFO - 2020-11-26 13:30:54 --> Fetching IIQA Details
INFO - 2020-11-26 13:30:57 --> Controller "App\Controllers\IIQAForm" loaded.
INFO - 2020-11-26 13:30:57 --> Fetching IIQA Details
INFO - 2020-11-26 13:30:57 --> Controller "App\Controllers\CommonFetch" loaded.
INFO - 2020-11-26 13:30:57 --> Fetching IIQA Details
INFO - 2020-11-26 13:30:57 --> Controller "App\Controllers\University" loaded.
INFO - 2020-11-26 13:30:57 --> Fetching IIQA Details
INFO - 2020-11-26 13:30:57 --> Controller "App\Controllers\CommonFetch" loaded.
INFO - 2020-11-26 13:30:57 --> Fetching IIQA Details
INFO - 2020-11-26 13:30:57 --> Controller "App\Controllers\IIQADocument" loaded.
INFO - 2020-11-26 13:30:57 --> Fetching Document Details
INFO - 2020-11-26 13:30:57 --> Controller "App\Controllers\IIQADocument" loaded.
INFO - 2020-11-26 13:30:57 --> Fetching Document Details
INFO - 2020-11-26 13:31:11 --> Controller "App\Controllers\IIQAForm" loaded.
INFO - 2020-11-26 13:31:12 --> Controller "App\Controllers\IIQAForm" loaded.
INFO - 2020-11-26 13:31:12 --> Fetching IIQA Details
INFO - 2020-11-26 13:31:12 --> Controller "App\Controllers\CommonFetch" loaded.
INFO - 2020-11-26 13:31:12 --> Controller "App\Controllers\CommonFetch" loaded.
INFO - 2020-11-26 13:31:12 --> Fetching Title Details
INFO - 2020-11-26 13:31:12 --> Fetching Title Details
INFO - 2020-11-26 13:31:36 --> Controller "App\Controllers\IIQAForm" loaded.
INFO - 2020-11-26 13:31:36 --> Fetching IIQA Details
INFO - 2020-11-26 13:31:36 --> Controller "App\Controllers\IIQADocument" loaded.
INFO - 2020-11-26 13:31:36 --> Fetching Document Details
INFO - 2020-11-26 13:31:36 --> Controller "App\Controllers\IIQADocument" loaded.
INFO - 2020-11-26 13:31:36 --> Controller "App\Controllers\IIQADocument" loaded.
INFO - 2020-11-26 13:31:36 --> Fetching Document Details
INFO - 2020-11-26 13:31:36 --> Fetching Document Details
INFO - 2020-11-26 13:31:36 --> Controller "App\Controllers\Department" loaded.
INFO - 2020-11-26 13:31:36 --> Fetching IIQA Details
INFO - 2020-11-26 13:32:41 --> Controller "App\Controllers\IIQAForm" loaded.
INFO - 2020-11-26 13:32:41 --> Controller "App\Controllers\IIQAForm" loaded.
INFO - 2020-11-26 13:32:41 --> Fetching IIQA Details
INFO - 2020-11-26 13:32:52 --> Controller "App\Controllers\UserMenus" loaded.
INFO - 2020-11-26 13:32:52 --> Fetching UserMenu details
INFO - 2020-11-26 13:32:54 --> Controller "App\Controllers\IIQAForm" loaded.
INFO - 2020-11-26 13:32:54 --> Fetching IIQA Details
INFO - 2020-11-26 13:32:58 --> Controller "App\Controllers\IIQAForm" loaded.
INFO - 2020-11-26 13:32:58 --> Fetching IIQA Details
INFO - 2020-11-26 13:32:59 --> Controller "App\Controllers\IIQAForm" loaded.
INFO - 2020-11-26 13:33:01 --> Controller "App\Controllers\UserMenus" loaded.
INFO - 2020-11-26 13:33:01 --> Fetching UserMenu details
INFO - 2020-11-26 13:33:15 --> Controller "App\Controllers\UserMenus" loaded.
INFO - 2020-11-26 13:33:15 --> Fetching UserMenu details
INFO - 2020-11-26 13:33:21 --> Controller "App\Controllers\UserMenus" loaded.
INFO - 2020-11-26 13:33:21 --> Fetching UserMenu details
INFO - 2020-11-26 13:33:23 --> Controller "App\Controllers\IIQAForm" loaded.
INFO - 2020-11-26 13:33:23 --> Fetching IIQA Details
INFO - 2020-11-26 16:49:06 --> Controller "App\Controllers\IIQAForm" loaded.
INFO - 2020-11-26 16:49:06 --> Fetching IIQA Details
INFO - 2020-11-26 16:49:08 --> Controller "App\Controllers\UserMenus" loaded.
INFO - 2020-11-26 16:49:08 --> Fetching UserMenu details
INFO - 2020-11-26 16:49:15 --> Controller "App\Controllers\UserMenus" loaded.
INFO - 2020-11-26 16:49:15 --> Fetching UserMenu details
INFO - 2020-11-26 16:49:19 --> Controller "App\Controllers\UserMenus" loaded.
INFO - 2020-11-26 16:49:19 --> Fetching UserMenu details
INFO - 2020-11-26 16:49:20 --> Controller "App\Controllers\UserMenus" loaded.
INFO - 2020-11-26 16:49:20 --> Fetching UserMenu details
INFO - 2020-11-26 16:49:22 --> Controller "App\Controllers\UserMenus" loaded.
INFO - 2020-11-26 16:49:22 --> Fetching UserMenu details
INFO - 2020-11-26 16:49:23 --> Controller "App\Controllers\UserMenus" loaded.
INFO - 2020-11-26 16:49:23 --> Fetching UserMenu details
INFO - 2020-11-26 16:49:35 --> Controller "App\Controllers\UserMenus" loaded.
INFO - 2020-11-26 16:49:35 --> Fetching UserMenu details
INFO - 2020-11-26 16:49:39 --> Controller "App\Controllers\UserMenus" loaded.
INFO - 2020-11-26 16:49:39 --> Fetching UserMenu details
INFO - 2020-11-26 19:28:16 --> Controller "App\Controllers\IIQAForm" loaded.
INFO - 2020-11-26 19:28:16 --> Controller "App\Controllers\State" loaded.
INFO - 2020-11-26 19:28:16 --> Controller "App\Controllers\University" loaded.
INFO - 2020-11-26 19:28:16 --> Controller "App\Controllers\CommonFetch" loaded.
INFO - 2020-11-26 19:28:16 --> Controller "App\Controllers\CommonFetch" loaded.
INFO - 2020-11-26 19:28:16 --> Controller "App\Controllers\CommonFetch" loaded.
INFO - 2020-11-26 19:28:16 --> Fetching Title Details
INFO - 2020-11-26 19:28:16 --> Fetching IIQA Details
INFO - 2020-11-26 19:28:16 --> Fetching IIQA Details
INFO - 2020-11-26 19:28:16 --> Fetching IIQA Details
INFO - 2020-11-26 19:28:16 --> Fetching Title Details
INFO - 2020-11-26 19:28:16 --> Fetching IIQA Details
INFO - 2020-11-26 19:28:16 --> Controller "App\Controllers\IIQADocument" loaded.
INFO - 2020-11-26 19:28:16 --> Fetching Document Details
INFO - 2020-11-26 19:28:17 --> Controller "App\Controllers\IIQAForm" loaded.
INFO - 2020-11-26 19:28:17 --> Fetching IIQA Details
INFO - 2020-11-26 19:28:20 --> Controller "App\Controllers\UserMenus" loaded.
INFO - 2020-11-26 19:28:20 --> Fetching UserMenu details
INFO - 2020-11-26 19:28:24 --> Controller "App\Controllers\UserMenus" loaded.
INFO - 2020-11-26 19:28:24 --> Fetching UserMenu details
INFO - 2020-11-26 19:28:47 --> Controller "App\Controllers\UserMenus" loaded.
INFO - 2020-11-26 19:28:47 --> Fetching UserMenu details
INFO - 2020-11-26 19:29:01 --> Controller "App\Controllers\UserMenus" loaded.
INFO - 2020-11-26 19:29:01 --> Fetching UserMenu details
INFO - 2020-11-26 19:29:02 --> Controller "App\Controllers\UserMenus" loaded.
INFO - 2020-11-26 19:29:02 --> Fetching UserMenu details
INFO - 2020-11-26 19:51:00 --> Controller "App\Controllers\UserMenus" loaded.
INFO - 2020-11-26 19:51:00 --> Fetching UserMenu details
INFO - 2020-11-26 19:51:03 --> Controller "App\Controllers\IIQAForm" loaded.
INFO - 2020-11-26 19:51:03 --> Fetching IIQA Details
INFO - 2020-11-26 19:51:08 --> Controller "App\Controllers\IIQAForm" loaded.
INFO - 2020-11-26 19:51:08 --> Fetching IIQA Details
INFO - 2020-11-26 19:51:10 --> Controller "App\Controllers\UserMenus" loaded.
INFO - 2020-11-26 19:51:10 --> Fetching UserMenu details
INFO - 2020-11-26 19:51:23 --> Controller "App\Controllers\IIQAForm" loaded.
INFO - 2020-11-26 19:51:23 --> Fetching IIQA Details
INFO - 2020-11-26 19:51:30 --> Controller "App\Controllers\IIQAForm" loaded.
INFO - 2020-11-26 19:51:30 --> Fetching IIQA Details
INFO - 2020-11-26 19:52:31 --> Controller "App\Controllers\IIQAForm" loaded.
INFO - 2020-11-26 19:52:31 --> Fetching IIQA Details
INFO - 2020-11-26 19:52:38 --> Controller "App\Controllers\IIQADocument" loaded.
INFO - 2020-11-26 19:52:38 --> Controller "App\Controllers\IIQAForm" loaded.
INFO - 2020-11-26 19:52:38 --> Fetching Document Details
INFO - 2020-11-26 19:52:38 --> Fetching IIQA Details
INFO - 2020-11-26 19:52:38 --> Controller "App\Controllers\IIQADocument" loaded.
INFO - 2020-11-26 19:52:38 --> Controller "App\Controllers\IIQADocument" loaded.
INFO - 2020-11-26 19:52:38 --> Fetching Document Details
INFO - 2020-11-26 19:52:38 --> Fetching Document Details
INFO - 2020-11-26 19:52:38 --> Controller "App\Controllers\Department" loaded.
INFO - 2020-11-26 19:52:38 --> Fetching IIQA Details
INFO - 2020-11-26 19:55:40 --> Controller "App\Controllers\IIQAForm" loaded.
INFO - 2020-11-26 19:55:40 --> Fetching IIQA Details
INFO - 2020-11-26 19:58:46 --> Controller "App\Controllers\IIQAForm" loaded.
INFO - 2020-11-26 19:58:46 --> Fetching IIQA Details
INFO - 2020-11-26 20:02:26 --> Controller "App\Controllers\UserMenus" loaded.
INFO - 2020-11-26 20:02:26 --> Fetching UserMenu details
INFO - 2020-11-26 20:02:28 --> Controller "App\Controllers\IIQAForm" loaded.
INFO - 2020-11-26 20:02:28 --> Fetching IIQA Details
INFO - 2020-11-26 20:03:23 --> Controller "App\Controllers\IIQAForm" loaded.
INFO - 2020-11-26 20:03:23 --> Fetching IIQA Details
INFO - 2020-11-26 20:04:01 --> Controller "App\Controllers\UserMenus" loaded.
INFO - 2020-11-26 20:04:01 --> Fetching UserMenu details
INFO - 2020-11-26 20:04:04 --> Controller "App\Controllers\UserMenus" loaded.
INFO - 2020-11-26 20:04:04 --> Fetching UserMenu details
INFO - 2020-11-26 20:43:36 --> Controller "App\Controllers\UserMenus" loaded.
INFO - 2020-11-26 20:43:36 --> Fetching UserMenu details
INFO - 2020-11-26 20:43:38 --> Controller "App\Controllers\IIQAForm" loaded.
INFO - 2020-11-26 20:43:38 --> Fetching IIQA Details
INFO - 2020-11-26 20:43:40 --> Controller "App\Controllers\IIQAForm" loaded.
INFO - 2020-11-26 20:43:40 --> Fetching IIQA Details
INFO - 2020-11-26 20:43:40 --> Controller "App\Controllers\CommonFetch" loaded.
INFO - 2020-11-26 20:43:41 --> Fetching Title Details
INFO - 2020-11-26 20:43:41 --> Controller "App\Controllers\CommonFetch" loaded.
INFO - 2020-11-26 20:43:41 --> Fetching Title Details
INFO - 2020-11-26 20:43:42 --> Controller "App\Controllers\IIQAForm" loaded.
INFO - 2020-11-26 20:43:42 --> Fetching IIQA Details
INFO - 2020-11-26 20:43:43 --> Controller "App\Controllers\IIQAForm" loaded.
INFO - 2020-11-26 20:43:43 --> Fetching IIQA Details
INFO - 2020-11-26 20:43:44 --> Controller "App\Controllers\UserMenus" loaded.
INFO - 2020-11-26 20:43:44 --> Fetching UserMenu details
INFO - 2020-11-26 20:43:50 --> Controller "App\Controllers\IIQAForm" loaded.
INFO - 2020-11-26 20:43:50 --> Fetching IIQA Details
INFO - 2020-11-26 20:43:51 --> Controller "App\Controllers\UserMenus" loaded.
INFO - 2020-11-26 20:43:51 --> Fetching UserMenu details
INFO - 2020-11-26 20:43:52 --> Controller "App\Controllers\UserMenus" loaded.
INFO - 2020-11-26 20:43:52 --> Fetching UserMenu details
INFO - 2020-11-26 20:43:54 --> Controller "App\Controllers\IIQAForm" loaded.
INFO - 2020-11-26 20:43:54 --> Fetching IIQA Details
INFO - 2020-11-26 20:43:54 --> Controller "App\Controllers\State" loaded.
INFO - 2020-11-26 20:43:54 --> Controller "App\Controllers\CommonFetch" loaded.
INFO - 2020-11-26 20:43:54 --> Controller "App\Controllers\CommonFetch" loaded.
INFO - 2020-11-26 20:43:54 --> Controller "App\Controllers\IIQADocument" loaded.
INFO - 2020-11-26 20:43:54 --> Controller "App\Controllers\CommonFetch" loaded.
INFO - 2020-11-26 20:43:54 --> Controller "App\Controllers\University" loaded.
INFO - 2020-11-26 20:43:54 --> Fetching Title Details
INFO - 2020-11-26 20:43:54 --> Fetching IIQA Details
INFO - 2020-11-26 20:43:54 --> Fetching Title Details
INFO - 2020-11-26 20:43:54 --> Fetching IIQA Details
INFO - 2020-11-26 20:43:54 --> Fetching Document Details
INFO - 2020-11-26 20:43:54 --> Fetching IIQA Details
INFO - 2020-11-26 20:53:13 --> Controller "App\Controllers\UserMenus" loaded.
INFO - 2020-11-26 20:53:13 --> Fetching UserMenu details
INFO - 2020-11-26 20:53:15 --> Controller "App\Controllers\UserMenus" loaded.
INFO - 2020-11-26 20:53:15 --> Fetching UserMenu details
INFO - 2020-11-26 20:53:17 --> Controller "App\Controllers\IIQAForm" loaded.
INFO - 2020-11-26 20:53:17 --> Fetching IIQA Details
INFO - 2020-11-26 20:53:17 --> Controller "App\Controllers\State" loaded.
INFO - 2020-11-26 20:53:17 --> Controller "App\Controllers\University" loaded.
INFO - 2020-11-26 20:53:17 --> Fetching IIQA Details
INFO - 2020-11-26 20:53:17 --> Fetching IIQA Details
INFO - 2020-11-26 20:53:17 --> Controller "App\Controllers\CommonFetch" loaded.
INFO - 2020-11-26 20:53:17 --> Controller "App\Controllers\CommonFetch" loaded.
INFO - 2020-11-26 20:53:17 --> Controller "App\Controllers\CommonFetch" loaded.
INFO - 2020-11-26 20:53:17 --> Fetching IIQA Details
INFO - 2020-11-26 20:53:17 --> Fetching Title Details
INFO - 2020-11-26 20:53:17 --> Fetching Title Details
INFO - 2020-11-26 20:53:17 --> Controller "App\Controllers\IIQADocument" loaded.
INFO - 2020-11-26 20:53:17 --> Fetching Document Details
INFO - 2020-11-26 20:54:08 --> Controller "App\Controllers\UserMenus" loaded.
INFO - 2020-11-26 20:54:08 --> Fetching UserMenu details
INFO - 2020-11-26 20:54:10 --> Controller "App\Controllers\IIQAForm" loaded.
INFO - 2020-11-26 20:54:10 --> Fetching IIQA Details
INFO - 2020-11-26 20:54:11 --> Controller "App\Controllers\UserMenus" loaded.
INFO - 2020-11-26 20:54:11 --> Fetching UserMenu details
INFO - 2020-11-26 20:54:12 --> Controller "App\Controllers\UserMenus" loaded.
INFO - 2020-11-26 20:54:12 --> Fetching UserMenu details
INFO - 2020-11-26 20:54:14 --> Controller "App\Controllers\IIQAForm" loaded.
INFO - 2020-11-26 20:54:14 --> Fetching IIQA Details
INFO - 2020-11-26 20:54:14 --> Controller "App\Controllers\State" loaded.
INFO - 2020-11-26 20:54:14 --> Fetching IIQA Details
INFO - 2020-11-26 20:54:14 --> Controller "App\Controllers\University" loaded.
INFO - 2020-11-26 20:54:14 --> Fetching IIQA Details
INFO - 2020-11-26 20:54:14 --> Controller "App\Controllers\CommonFetch" loaded.
INFO - 2020-11-26 20:54:14 --> Controller "App\Controllers\CommonFetch" loaded.
INFO - 2020-11-26 20:54:14 --> Fetching Title Details
INFO - 2020-11-26 20:54:14 --> Fetching IIQA Details
INFO - 2020-11-26 20:54:14 --> Controller "App\Controllers\IIQADocument" loaded.
INFO - 2020-11-26 20:54:14 --> Controller "App\Controllers\CommonFetch" loaded.
INFO - 2020-11-26 20:54:14 --> Fetching Document Details
INFO - 2020-11-26 20:54:14 --> Fetching Title Details
INFO - 2020-11-26 20:54:17 --> Controller "App\Controllers\UserMenus" loaded.
INFO - 2020-11-26 20:54:17 --> Fetching UserMenu details
INFO - 2020-11-26 20:54:43 --> Controller "App\Controllers\UserMenus" loaded.
INFO - 2020-11-26 20:54:43 --> Fetching UserMenu details
INFO - 2020-11-26 20:54:47 --> Controller "App\Controllers\UserMenus" loaded.
INFO - 2020-11-26 20:54:47 --> Fetching UserMenu details
INFO - 2020-11-26 20:55:17 --> Controller "App\Controllers\UserMenus" loaded.
INFO - 2020-11-26 20:55:17 --> Fetching UserMenu details
INFO - 2020-11-26 20:55:18 --> Controller "App\Controllers\UserMenus" loaded.
INFO - 2020-11-26 20:55:18 --> Fetching UserMenu details
INFO - 2020-11-26 20:55:19 --> Controller "App\Controllers\UserMenus" loaded.
INFO - 2020-11-26 20:55:19 --> Fetching UserMenu details
INFO - 2020-11-26 20:55:23 --> Controller "App\Controllers\UserMenus" loaded.
INFO - 2020-11-26 20:55:23 --> Fetching UserMenu details
INFO - 2020-11-26 20:55:25 --> Controller "App\Controllers\UserMenus" loaded.
INFO - 2020-11-26 20:55:25 --> Fetching UserMenu details
INFO - 2020-11-26 20:55:27 --> Controller "App\Controllers\IIQAForm" loaded.
INFO - 2020-11-26 20:55:27 --> Fetching IIQA Details
INFO - 2020-11-26 20:55:27 --> Controller "App\Controllers\State" loaded.
INFO - 2020-11-26 20:55:27 --> Fetching IIQA Details
INFO - 2020-11-26 20:55:27 --> Controller "App\Controllers\CommonFetch" loaded.
INFO - 2020-11-26 20:55:27 --> Controller "App\Controllers\CommonFetch" loaded.
INFO - 2020-11-26 20:55:27 --> Controller "App\Controllers\CommonFetch" loaded.
INFO - 2020-11-26 20:55:27 --> Fetching IIQA Details
INFO - 2020-11-26 20:55:27 --> Fetching Title Details
INFO - 2020-11-26 20:55:27 --> Fetching Title Details
INFO - 2020-11-26 20:55:27 --> Controller "App\Controllers\University" loaded.
INFO - 2020-11-26 20:55:27 --> Fetching IIQA Details
INFO - 2020-11-26 20:55:27 --> Controller "App\Controllers\IIQADocument" loaded.
INFO - 2020-11-26 20:55:27 --> Fetching Document Details
INFO - 2020-11-26 20:57:14 --> Controller "App\Controllers\IIQAForm" loaded.
INFO - 2020-11-26 20:57:14 --> Fetching IIQA Details
INFO - 2020-11-26 20:57:14 --> Controller "App\Controllers\State" loaded.
INFO - 2020-11-26 20:57:14 --> Fetching IIQA Details
INFO - 2020-11-26 20:57:14 --> Controller "App\Controllers\CommonFetch" loaded.
INFO - 2020-11-26 20:57:14 --> Fetching IIQA Details
INFO - 2020-11-26 20:57:14 --> Controller "App\Controllers\University" loaded.
INFO - 2020-11-26 20:57:14 --> Fetching IIQA Details
INFO - 2020-11-26 20:57:14 --> Controller "App\Controllers\CommonFetch" loaded.
INFO - 2020-11-26 20:57:14 --> Controller "App\Controllers\IIQADocument" loaded.
INFO - 2020-11-26 20:57:14 --> Fetching Document Details
INFO - 2020-11-26 20:57:14 --> Controller "App\Controllers\CommonFetch" loaded.
INFO - 2020-11-26 20:57:14 --> Fetching Title Details
INFO - 2020-11-26 20:57:14 --> Fetching Title Details
INFO - 2020-11-26 20:57:18 --> Controller "App\Controllers\UserMenus" loaded.
INFO - 2020-11-26 20:57:18 --> Fetching UserMenu details
INFO - 2020-11-26 20:57:20 --> Controller "App\Controllers\UserMenus" loaded.
INFO - 2020-11-26 20:57:20 --> Fetching UserMenu details
INFO - 2020-11-26 20:57:21 --> Controller "App\Controllers\UserMenus" loaded.
INFO - 2020-11-26 20:57:21 --> Fetching UserMenu details
INFO - 2020-11-26 20:57:25 --> Controller "App\Controllers\IIQAForm" loaded.
INFO - 2020-11-26 20:57:25 --> Fetching IIQA Details
INFO - 2020-11-26 20:57:25 --> Controller "App\Controllers\State" loaded.
INFO - 2020-11-26 20:57:25 --> Fetching IIQA Details
INFO - 2020-11-26 20:57:25 --> Controller "App\Controllers\University" loaded.
INFO - 2020-11-26 20:57:25 --> Controller "App\Controllers\CommonFetch" loaded.
INFO - 2020-11-26 20:57:25 --> Fetching Title Details
INFO - 2020-11-26 20:57:25 --> Fetching IIQA Details
INFO - 2020-11-26 20:57:25 --> Controller "App\Controllers\IIQADocument" loaded.
INFO - 2020-11-26 20:57:25 --> Controller "App\Controllers\CommonFetch" loaded.
INFO - 2020-11-26 20:57:25 --> Controller "App\Controllers\CommonFetch" loaded.
INFO - 2020-11-26 20:57:25 --> Fetching Document Details
INFO - 2020-11-26 20:57:25 --> Fetching IIQA Details
INFO - 2020-11-26 20:57:25 --> Fetching Title Details
INFO - 2020-11-26 20:57:27 --> Controller "App\Controllers\UserMenus" loaded.
INFO - 2020-11-26 20:57:27 --> Fetching UserMenu details
INFO - 2020-11-26 20:59:45 --> Controller "App\Controllers\UserMenus" loaded.
INFO - 2020-11-26 20:59:45 --> Fetching UserMenu details
INFO - 2020-11-26 21:00:06 --> Controller "App\Controllers\UserMenus" loaded.
INFO - 2020-11-26 21:00:06 --> Fetching UserMenu details
INFO - 2020-11-26 21:00:07 --> Controller "App\Controllers\UserMenus" loaded.
INFO - 2020-11-26 21:00:07 --> Fetching UserMenu details
INFO - 2020-11-26 21:00:08 --> Controller "App\Controllers\UserMenus" loaded.
INFO - 2020-11-26 21:00:08 --> Fetching UserMenu details
INFO - 2020-11-26 21:00:10 --> Controller "App\Controllers\UserMenus" loaded.
INFO - 2020-11-26 21:00:10 --> Fetching UserMenu details
INFO - 2020-11-26 21:00:11 --> Controller "App\Controllers\UserMenus" loaded.
INFO - 2020-11-26 21:00:11 --> Fetching UserMenu details
INFO - 2020-11-26 21:00:17 --> Controller "App\Controllers\UserMenus" loaded.
INFO - 2020-11-26 21:00:17 --> Fetching UserMenu details
INFO - 2020-11-26 21:08:40 --> Controller "App\Controllers\UserMenus" loaded.
INFO - 2020-11-26 21:08:40 --> Fetching UserMenu details
INFO - 2020-11-26 21:08:41 --> Controller "App\Controllers\UserMenus" loaded.
INFO - 2020-11-26 21:08:41 --> Fetching UserMenu details
INFO - 2020-11-26 21:08:42 --> Controller "App\Controllers\UserMenus" loaded.
INFO - 2020-11-26 21:08:42 --> Fetching UserMenu details
INFO - 2020-11-26 21:08:43 --> Controller "App\Controllers\UserMenus" loaded.
INFO - 2020-11-26 21:08:43 --> Fetching UserMenu details
INFO - 2020-11-26 21:08:47 --> Controller "App\Controllers\IIQAForm" loaded.
INFO - 2020-11-26 21:08:47 --> Fetching IIQA Details
INFO - 2020-11-26 21:08:47 --> Controller "App\Controllers\State" loaded.
INFO - 2020-11-26 21:08:47 --> Fetching IIQA Details
INFO - 2020-11-26 21:08:47 --> Controller "App\Controllers\University" loaded.
INFO - 2020-11-26 21:08:47 --> Fetching IIQA Details
INFO - 2020-11-26 21:08:47 --> Controller "App\Controllers\CommonFetch" loaded.
INFO - 2020-11-26 21:08:47 --> Controller "App\Controllers\CommonFetch" loaded.
INFO - 2020-11-26 21:08:47 --> Fetching IIQA Details
INFO - 2020-11-26 21:08:47 --> Fetching Title Details
INFO - 2020-11-26 21:08:47 --> Controller "App\Controllers\IIQADocument" loaded.
INFO - 2020-11-26 21:08:47 --> Fetching Document Details
INFO - 2020-11-26 21:08:47 --> Controller "App\Controllers\CommonFetch" loaded.
INFO - 2020-11-26 21:08:47 --> Fetching Title Details
INFO - 2020-11-26 21:08:54 --> Controller "App\Controllers\UserMenus" loaded.
INFO - 2020-11-26 21:08:54 --> Fetching UserMenu details
INFO - 2020-11-26 21:16:30 --> Controller "App\Controllers\UserMenus" loaded.
INFO - 2020-11-26 21:16:30 --> Fetching UserMenu details
