INFO - 2020-04-30 00:11:44 --> Controller "App\Controllers\SubjectMasters" loaded.
INFO - 2020-04-30 00:11:44 --> Fetching SubjectMasters details
INFO - 2020-04-30 00:11:44 --> Controller "App\Controllers\Sections" loaded.
INFO - 2020-04-30 00:11:44 --> Fetching Sections details
INFO - 2020-04-30 00:14:56 --> Controller "App\Controllers\SubjectMasters" loaded.
INFO - 2020-04-30 00:14:56 --> Fetching SubjectMasters details
INFO - 2020-04-30 00:14:56 --> Controller "App\Controllers\Sections" loaded.
INFO - 2020-04-30 00:14:56 --> Fetching Sections details
INFO - 2020-04-30 00:22:54 --> Controller "App\Controllers\SubjectMasters" loaded.
INFO - 2020-04-30 00:22:54 --> Controller "App\Controllers\Sections" loaded.
INFO - 2020-04-30 00:22:54 --> Fetching SubjectMasters details
INFO - 2020-04-30 00:22:54 --> Fetching Sections details
INFO - 2020-04-30 00:23:03 --> Controller "App\Controllers\SubjectMasters" loaded.
INFO - 2020-04-30 00:23:03 --> Fetching SubjectMasters details
INFO - 2020-04-30 00:23:03 --> Controller "App\Controllers\Sections" loaded.
INFO - 2020-04-30 00:23:03 --> Fetching Sections details
INFO - 2020-04-30 00:23:57 --> Controller "App\Controllers\SubjectMasters" loaded.
INFO - 2020-04-30 00:23:57 --> Fetching SubjectMasters details
INFO - 2020-04-30 00:23:57 --> Controller "App\Controllers\Sections" loaded.
INFO - 2020-04-30 00:23:57 --> Fetching Sections details
INFO - 2020-04-30 00:33:43 --> Controller "App\Controllers\SubjectMasters" loaded.
INFO - 2020-04-30 00:33:43 --> Fetching SubjectMasters details
INFO - 2020-04-30 00:33:43 --> Controller "App\Controllers\Sections" loaded.
INFO - 2020-04-30 00:33:43 --> Fetching Sections details
INFO - 2020-04-30 00:34:19 --> Controller "App\Controllers\SubjectMasters" loaded.
INFO - 2020-04-30 00:34:19 --> Fetching SubjectMasters details
INFO - 2020-04-30 00:34:19 --> Controller "App\Controllers\Sections" loaded.
INFO - 2020-04-30 00:34:19 --> Fetching Sections details
INFO - 2020-04-30 00:36:21 --> Controller "App\Controllers\SubjectMasters" loaded.
INFO - 2020-04-30 00:36:21 --> Controller "App\Controllers\Sections" loaded.
INFO - 2020-04-30 00:36:21 --> Fetching SubjectMasters details
INFO - 2020-04-30 00:36:21 --> Fetching Sections details
INFO - 2020-04-30 00:37:12 --> Controller "App\Controllers\SubjectMasters" loaded.
INFO - 2020-04-30 00:37:12 --> Deleting SubjectMasters details
INFO - 2020-04-30 00:37:14 --> Controller "App\Controllers\SubjectMasters" loaded.
INFO - 2020-04-30 00:37:14 --> Fetching SubjectMasters details
INFO - 2020-04-30 00:37:40 --> Controller "App\Controllers\SubjectMasters" loaded.
INFO - 2020-04-30 00:37:40 --> Deleting SubjectMasters details
INFO - 2020-04-30 00:37:42 --> Controller "App\Controllers\SubjectMasters" loaded.
INFO - 2020-04-30 00:37:42 --> Fetching SubjectMasters details
INFO - 2020-04-30 00:37:44 --> Controller "App\Controllers\SubjectMasters" loaded.
INFO - 2020-04-30 00:37:44 --> Deleting SubjectMasters details
INFO - 2020-04-30 00:37:47 --> Controller "App\Controllers\SubjectMasters" loaded.
INFO - 2020-04-30 00:37:47 --> Fetching SubjectMasters details
INFO - 2020-04-30 00:46:54 --> Controller "App\Controllers\SubjectMasters" loaded.
INFO - 2020-04-30 00:46:54 --> Fetching SubjectMasters details
INFO - 2020-04-30 00:46:54 --> Controller "App\Controllers\Sections" loaded.
INFO - 2020-04-30 00:46:54 --> Fetching Sections details
INFO - 2020-04-30 01:15:35 --> Controller "App\Controllers\SubjectMasters" loaded.
INFO - 2020-04-30 01:15:35 --> Controller "App\Controllers\Sections" loaded.
INFO - 2020-04-30 01:15:35 --> Fetching SubjectMasters details
INFO - 2020-04-30 01:15:35 --> Fetching Sections details
INFO - 2020-04-30 01:28:26 --> Controller "App\Controllers\SubjectMasters" loaded.
INFO - 2020-04-30 01:28:26 --> Controller "App\Controllers\Sections" loaded.
INFO - 2020-04-30 01:28:26 --> Fetching SubjectMasters details
INFO - 2020-04-30 01:28:26 --> Fetching Sections details
INFO - 2020-04-30 01:28:56 --> Controller "App\Controllers\SubjectMasters" loaded.
INFO - 2020-04-30 01:28:56 --> Fetching SubjectMasters details
INFO - 2020-04-30 01:28:56 --> Controller "App\Controllers\Sections" loaded.
INFO - 2020-04-30 01:28:56 --> Fetching Sections details
INFO - 2020-04-30 01:29:43 --> Controller "App\Controllers\SubjectMasters" loaded.
INFO - 2020-04-30 01:29:43 --> Controller "App\Controllers\Sections" loaded.
INFO - 2020-04-30 01:29:43 --> Fetching SubjectMasters details
INFO - 2020-04-30 01:29:43 --> Fetching Sections details
INFO - 2020-04-30 01:32:24 --> Controller "App\Controllers\SubjectMasters" loaded.
INFO - 2020-04-30 01:32:24 --> Fetching SubjectMasters details
INFO - 2020-04-30 01:32:24 --> Controller "App\Controllers\Sections" loaded.
INFO - 2020-04-30 01:32:24 --> Fetching Sections details
INFO - 2020-04-30 01:33:07 --> Controller "App\Controllers\SubjectMasters" loaded.
INFO - 2020-04-30 01:33:07 --> Controller "App\Controllers\Sections" loaded.
INFO - 2020-04-30 01:33:07 --> Fetching SubjectMasters details
INFO - 2020-04-30 01:33:07 --> Fetching Sections details
INFO - 2020-04-30 01:35:55 --> Controller "App\Controllers\Sections" loaded.
INFO - 2020-04-30 01:35:55 --> Controller "App\Controllers\SubjectMasters" loaded.
INFO - 2020-04-30 01:35:55 --> Fetching SubjectMasters details
INFO - 2020-04-30 01:35:55 --> Fetching Sections details
INFO - 2020-04-30 01:38:08 --> Controller "App\Controllers\SubjectMasters" loaded.
INFO - 2020-04-30 01:38:08 --> Fetching SubjectMasters details
INFO - 2020-04-30 01:40:46 --> Controller "App\Controllers\SubjectMasters" loaded.
INFO - 2020-04-30 01:40:46 --> Controller "App\Controllers\Sections" loaded.
INFO - 2020-04-30 01:40:46 --> Fetching SubjectMasters details
INFO - 2020-04-30 01:40:46 --> Fetching Sections details
INFO - 2020-04-30 01:54:01 --> Controller "App\Controllers\SubjectMasters" loaded.
INFO - 2020-04-30 01:54:01 --> Fetching SubjectMasters details
INFO - 2020-04-30 01:56:51 --> Controller "App\Controllers\SubjectMasters" loaded.
INFO - 2020-04-30 01:56:51 --> Fetching SubjectMasters details
INFO - 2020-04-30 02:04:24 --> Controller "App\Controllers\SubjectMasters" loaded.
INFO - 2020-04-30 02:04:24 --> Fetching SubjectMasters details
INFO - 2020-04-30 02:04:24 --> Controller "App\Controllers\Sections" loaded.
INFO - 2020-04-30 02:04:24 --> Fetching Sections details
INFO - 2020-04-30 02:05:56 --> Controller "App\Controllers\SubjectMasters" loaded.
INFO - 2020-04-30 02:05:56 --> Controller "App\Controllers\Sections" loaded.
INFO - 2020-04-30 02:05:56 --> Fetching SubjectMasters details
INFO - 2020-04-30 02:05:56 --> Fetching Sections details
INFO - 2020-04-30 02:09:58 --> Controller "App\Controllers\SubjectMasters" loaded.
INFO - 2020-04-30 02:09:58 --> Controller "App\Controllers\Sections" loaded.
INFO - 2020-04-30 02:09:58 --> Fetching SubjectMasters details
INFO - 2020-04-30 02:09:58 --> Fetching Sections details
INFO - 2020-04-30 02:11:05 --> Controller "App\Controllers\SubjectMasters" loaded.
INFO - 2020-04-30 02:11:05 --> Fetching SubjectMasters details
INFO - 2020-04-30 02:11:05 --> Controller "App\Controllers\Sections" loaded.
INFO - 2020-04-30 02:11:05 --> Fetching Sections details
CRITICAL - 2020-04-30 02:12:49 --> syntax error, unexpected ',', expecting ';'
#0 /var/www/html/server_4/system/Router/Router.php(192): CodeIgniter\Router\Router->autoRoute('feesConfigs/get...')
#1 /var/www/html/server_4/system/CodeIgniter.php(785): CodeIgniter\Router\Router->handle('feesConfigs/get...')
#2 /var/www/html/server_4/system/CodeIgniter.php(358): CodeIgniter\CodeIgniter->tryToRouteIt(Object(CodeIgniter\Router\RouteCollection))
#3 /var/www/html/server_4/system/CodeIgniter.php(306): CodeIgniter\CodeIgniter->handleRequest(NULL, Object(Config\Cache), false)
#4 /var/www/html/server_4/public/index.php(45): CodeIgniter\CodeIgniter->run()
#5 {main}
INFO - 2020-04-30 02:12:49 --> Controller "App\Controllers\FeesMasters" loaded.
INFO - 2020-04-30 02:12:49 --> Fetching FeeMaster details
INFO - 2020-04-30 02:12:49 --> Controller "App\Controllers\Academicyears" loaded.
INFO - 2020-04-30 02:12:49 --> Fetching Academic year details
INFO - 2020-04-30 02:12:49 --> Controller "App\Controllers\Standards" loaded.
INFO - 2020-04-30 02:12:49 --> Controller "App\Controllers\Institutions" loaded.
INFO - 2020-04-30 02:12:49 --> Fetching Standards Section details
INFO - 2020-04-30 02:12:49 --> Fetching Institution details
CRITICAL - 2020-04-30 02:12:49 --> syntax error, unexpected ',', expecting ';'
#0 /var/www/html/server_4/system/Router/Router.php(192): CodeIgniter\Router\Router->autoRoute('feesConfigs/get...')
#1 /var/www/html/server_4/system/CodeIgniter.php(785): CodeIgniter\Router\Router->handle('feesConfigs/get...')
#2 /var/www/html/server_4/system/CodeIgniter.php(358): CodeIgniter\CodeIgniter->tryToRouteIt(Object(CodeIgniter\Router\RouteCollection))
#3 /var/www/html/server_4/system/CodeIgniter.php(306): CodeIgniter\CodeIgniter->handleRequest(NULL, Object(Config\Cache), false)
#4 /var/www/html/server_4/public/index.php(45): CodeIgniter\CodeIgniter->run()
#5 {main}
INFO - 2020-04-30 02:14:43 --> Controller "App\Controllers\SubjectMasters" loaded.
INFO - 2020-04-30 02:14:43 --> Fetching SubjectMasters details
INFO - 2020-04-30 02:14:43 --> Controller "App\Controllers\Sections" loaded.
INFO - 2020-04-30 02:14:43 --> Fetching Sections details
INFO - 2020-04-30 02:15:18 --> Controller "App\Controllers\SubjectStandards" loaded.
INFO - 2020-04-30 02:15:18 --> Fetching Subjects details
INFO - 2020-04-30 02:24:44 --> Controller "App\Controllers\SubjectMasters" loaded.
INFO - 2020-04-30 02:24:44 --> Controller "App\Controllers\Sections" loaded.
INFO - 2020-04-30 02:24:44 --> Fetching SubjectMasters details
INFO - 2020-04-30 02:24:44 --> Fetching Sections details
INFO - 2020-04-30 02:29:48 --> Controller "App\Controllers\SubjectMasters" loaded.
INFO - 2020-04-30 02:29:48 --> Fetching SubjectMasters details
INFO - 2020-04-30 02:29:48 --> Controller "App\Controllers\Sections" loaded.
INFO - 2020-04-30 02:29:48 --> Fetching Sections details
INFO - 2020-04-30 02:32:05 --> Controller "App\Controllers\SubjectMasters" loaded.
INFO - 2020-04-30 02:32:05 --> Inserting SubjectMasters details
INFO - 2020-04-30 02:32:05 --> Controller "App\Controllers\SubjectMasters" loaded.
INFO - 2020-04-30 02:32:05 --> Fetching SubjectMasters details
INFO - 2020-04-30 02:34:17 --> Controller "App\Controllers\SubjectMasters" loaded.
INFO - 2020-04-30 02:34:17 --> Fetching SubjectMasters details
INFO - 2020-04-30 02:34:17 --> Controller "App\Controllers\Sections" loaded.
INFO - 2020-04-30 02:34:17 --> Fetching Sections details
INFO - 2020-04-30 02:35:22 --> Controller "App\Controllers\SubjectMasters" loaded.
INFO - 2020-04-30 02:35:22 --> Inserting SubjectMasters details
INFO - 2020-04-30 02:35:22 --> Controller "App\Controllers\SubjectMasters" loaded.
INFO - 2020-04-30 02:35:22 --> Fetching SubjectMasters details
INFO - 2020-04-30 03:21:43 --> Controller "App\Controllers\SubjectStandards" loaded.
INFO - 2020-04-30 03:21:43 --> Fetching Subjects details
INFO - 2020-04-30 03:22:58 --> Controller "App\Controllers\SubjectMasters" loaded.
INFO - 2020-04-30 03:22:58 --> Fetching SubjectMasters details
INFO - 2020-04-30 03:22:58 --> Controller "App\Controllers\Sections" loaded.
INFO - 2020-04-30 03:22:58 --> Fetching Sections details
INFO - 2020-04-30 03:23:02 --> Controller "App\Controllers\SubjectStandards" loaded.
INFO - 2020-04-30 03:23:02 --> Fetching Subjects details
INFO - 2020-04-30 03:31:08 --> Controller "App\Controllers\SubjectMasters" loaded.
INFO - 2020-04-30 03:31:08 --> Fetching SubjectMasters details
INFO - 2020-04-30 03:31:08 --> Controller "App\Controllers\Sections" loaded.
INFO - 2020-04-30 03:31:08 --> Fetching Sections details
INFO - 2020-04-30 03:31:20 --> Controller "App\Controllers\SubjectStandards" loaded.
INFO - 2020-04-30 03:31:20 --> Fetching Subjects details
INFO - 2020-04-30 03:31:25 --> Controller "App\Controllers\SubjectStandards" loaded.
INFO - 2020-04-30 03:31:25 --> Deleting Subjects details
INFO - 2020-04-30 03:31:28 --> Controller "App\Controllers\SubjectStandards" loaded.
INFO - 2020-04-30 03:31:28 --> Fetching Subjects details
INFO - 2020-04-30 03:35:17 --> Controller "App\Controllers\SubjectMasters" loaded.
INFO - 2020-04-30 03:35:17 --> Fetching SubjectMasters details
INFO - 2020-04-30 03:35:17 --> Controller "App\Controllers\Sections" loaded.
INFO - 2020-04-30 03:35:17 --> Fetching Sections details
INFO - 2020-04-30 03:49:09 --> Controller "App\Controllers\SubjectMasters" loaded.
INFO - 2020-04-30 03:49:09 --> Controller "App\Controllers\Sections" loaded.
INFO - 2020-04-30 03:49:09 --> Fetching SubjectMasters details
INFO - 2020-04-30 03:49:09 --> Fetching Sections details
INFO - 2020-04-30 03:49:26 --> Controller "App\Controllers\SubjectMasters" loaded.
INFO - 2020-04-30 03:49:26 --> Controller "App\Controllers\Sections" loaded.
INFO - 2020-04-30 03:49:26 --> Fetching SubjectMasters details
INFO - 2020-04-30 03:49:26 --> Fetching Sections details
INFO - 2020-04-30 03:49:40 --> Controller "App\Controllers\SubjectStandards" loaded.
INFO - 2020-04-30 03:49:40 --> Fetching Subjects details
INFO - 2020-04-30 03:50:40 --> Controller "App\Controllers\SubjectMasters" loaded.
INFO - 2020-04-30 03:50:40 --> Controller "App\Controllers\Sections" loaded.
INFO - 2020-04-30 03:50:40 --> Fetching SubjectMasters details
INFO - 2020-04-30 03:50:40 --> Fetching Sections details
INFO - 2020-04-30 03:51:18 --> Controller "App\Controllers\SubjectStandards" loaded.
INFO - 2020-04-30 03:51:18 --> Fetching Subjects details
INFO - 2020-04-30 03:56:17 --> Controller "App\Controllers\Sections" loaded.
INFO - 2020-04-30 03:56:17 --> Controller "App\Controllers\SubjectMasters" loaded.
INFO - 2020-04-30 03:56:17 --> Fetching SubjectMasters details
INFO - 2020-04-30 03:56:17 --> Fetching Sections details
INFO - 2020-04-30 03:56:26 --> Controller "App\Controllers\SubjectStandards" loaded.
INFO - 2020-04-30 03:56:26 --> Fetching Subjects details
INFO - 2020-04-30 04:21:51 --> Controller "App\Controllers\SubjectMasters" loaded.
INFO - 2020-04-30 04:21:51 --> Fetching SubjectMasters details
INFO - 2020-04-30 04:21:51 --> Controller "App\Controllers\Sections" loaded.
INFO - 2020-04-30 04:21:51 --> Fetching Sections details
INFO - 2020-04-30 04:29:35 --> Controller "App\Controllers\SubjectMasters" loaded.
INFO - 2020-04-30 04:29:35 --> Fetching SubjectMasters details
INFO - 2020-04-30 04:29:35 --> Controller "App\Controllers\Sections" loaded.
INFO - 2020-04-30 04:29:35 --> Fetching Sections details
INFO - 2020-04-30 04:30:01 --> Controller "App\Controllers\SubjectMasters" loaded.
INFO - 2020-04-30 04:30:01 --> Deleting SubjectMasters details
INFO - 2020-04-30 04:30:03 --> Controller "App\Controllers\SubjectMasters" loaded.
INFO - 2020-04-30 04:30:03 --> Fetching SubjectMasters details
INFO - 2020-04-30 04:30:14 --> Controller "App\Controllers\SubjectMasters" loaded.
INFO - 2020-04-30 04:30:14 --> Updating SubjectMasters details
INFO - 2020-04-30 04:30:17 --> Controller "App\Controllers\SubjectMasters" loaded.
INFO - 2020-04-30 04:30:17 --> Fetching SubjectMasters details
INFO - 2020-04-30 04:30:25 --> Controller "App\Controllers\SubjectStandards" loaded.
INFO - 2020-04-30 04:30:25 --> Fetching Subjects details
INFO - 2020-04-30 04:45:03 --> Controller "App\Controllers\SubjectMasters" loaded.
INFO - 2020-04-30 04:45:03 --> Fetching SubjectMasters details
INFO - 2020-04-30 04:45:12 --> Controller "App\Controllers\SubjectMasters" loaded.
INFO - 2020-04-30 04:45:12 --> Fetching SubjectMasters details
INFO - 2020-04-30 04:45:16 --> Controller "App\Controllers\SubjectMasters" loaded.
INFO - 2020-04-30 04:45:16 --> Fetching SubjectMasters details
INFO - 2020-04-30 04:46:08 --> Controller "App\Controllers\SubjectMasters" loaded.
INFO - 2020-04-30 04:46:08 --> Fetching SubjectMasters details
INFO - 2020-04-30 04:52:32 --> Controller "App\Controllers\SubjectMasters" loaded.
INFO - 2020-04-30 04:52:32 --> Controller "App\Controllers\Sections" loaded.
INFO - 2020-04-30 04:52:32 --> Fetching SubjectMasters details
INFO - 2020-04-30 04:52:32 --> Fetching Sections details
INFO - 2020-04-30 04:55:32 --> Controller "App\Controllers\SubjectMasters" loaded.
INFO - 2020-04-30 04:55:32 --> Fetching SubjectMasters details
INFO - 2020-04-30 04:55:32 --> Controller "App\Controllers\Sections" loaded.
INFO - 2020-04-30 04:55:32 --> Fetching Sections details
INFO - 2020-04-30 04:55:57 --> Controller "App\Controllers\SubjectMasters" loaded.
INFO - 2020-04-30 04:55:57 --> Fetching SubjectMasters details
INFO - 2020-04-30 05:01:34 --> Controller "App\Controllers\Sections" loaded.
INFO - 2020-04-30 05:01:34 --> Controller "App\Controllers\SubjectMasters" loaded.
INFO - 2020-04-30 05:01:34 --> Fetching Sections details
INFO - 2020-04-30 05:01:34 --> Fetching SubjectMasters details
INFO - 2020-04-30 05:08:52 --> Controller "App\Controllers\SubjectMasters" loaded.
INFO - 2020-04-30 05:08:52 --> Fetching SubjectMasters details
INFO - 2020-04-30 05:09:44 --> Controller "App\Controllers\SubjectMasters" loaded.
INFO - 2020-04-30 05:09:44 --> Fetching SubjectMasters details
INFO - 2020-04-30 05:18:06 --> Controller "App\Controllers\SubjectMasters" loaded.
INFO - 2020-04-30 05:18:06 --> Fetching SubjectMasters details
INFO - 2020-04-30 05:31:13 --> Controller "App\Controllers\SubjectMasters" loaded.
INFO - 2020-04-30 05:31:13 --> Fetching SubjectMasters details
INFO - 2020-04-30 05:31:13 --> Controller "App\Controllers\Sections" loaded.
INFO - 2020-04-30 05:31:13 --> Fetching Sections details
INFO - 2020-04-30 05:31:58 --> Controller "App\Controllers\SubjectMasters" loaded.
INFO - 2020-04-30 05:31:58 --> Fetching SubjectMasters details
INFO - 2020-04-30 05:34:13 --> Controller "App\Controllers\SubjectStandards" loaded.
INFO - 2020-04-30 05:34:13 --> Fetching Subjects details
INFO - 2020-04-30 05:34:19 --> Controller "App\Controllers\SubjectStandards" loaded.
INFO - 2020-04-30 05:34:19 --> Fetching Subjects details
INFO - 2020-04-30 05:35:01 --> Controller "App\Controllers\SubjectMasters" loaded.
INFO - 2020-04-30 05:35:01 --> Updating SubjectMasters details
INFO - 2020-04-30 05:35:03 --> Controller "App\Controllers\SubjectMasters" loaded.
INFO - 2020-04-30 05:35:03 --> Fetching SubjectMasters details
INFO - 2020-04-30 05:35:29 --> Controller "App\Controllers\SubjectMasters" loaded.
INFO - 2020-04-30 05:35:29 --> Updating SubjectMasters details
INFO - 2020-04-30 05:35:32 --> Controller "App\Controllers\SubjectMasters" loaded.
INFO - 2020-04-30 05:35:32 --> Fetching SubjectMasters details
INFO - 2020-04-30 05:35:47 --> Controller "App\Controllers\SubjectMasters" loaded.
INFO - 2020-04-30 05:35:50 --> Controller "App\Controllers\SubjectMasters" loaded.
INFO - 2020-04-30 05:36:02 --> Controller "App\Controllers\SubjectMasters" loaded.
INFO - 2020-04-30 05:36:35 --> Controller "App\Controllers\SubjectStandards" loaded.
INFO - 2020-04-30 05:36:35 --> Fetching Subjects details
INFO - 2020-04-30 05:37:00 --> Controller "App\Controllers\SubjectStandards" loaded.
INFO - 2020-04-30 05:37:00 --> Fetching Subjects details
INFO - 2020-04-30 05:37:28 --> Controller "App\Controllers\SubjectStandards" loaded.
INFO - 2020-04-30 05:37:28 --> Fetching Subjects details
INFO - 2020-04-30 05:38:41 --> Controller "App\Controllers\SubjectMasters" loaded.
INFO - 2020-04-30 05:38:41 --> Fetching SubjectMasters details
INFO - 2020-04-30 05:38:41 --> Controller "App\Controllers\Sections" loaded.
INFO - 2020-04-30 05:38:41 --> Fetching Sections details
INFO - 2020-04-30 05:40:50 --> Controller "App\Controllers\SubjectStandards" loaded.
INFO - 2020-04-30 05:40:50 --> Fetching Subjects details
INFO - 2020-04-30 05:41:03 --> Controller "App\Controllers\SubjectStandards" loaded.
INFO - 2020-04-30 05:41:03 --> Fetching Subjects details
INFO - 2020-04-30 05:41:24 --> Controller "App\Controllers\SubjectStandards" loaded.
INFO - 2020-04-30 05:41:24 --> Fetching Subjects details
INFO - 2020-04-30 05:41:30 --> Controller "App\Controllers\SubjectMasters" loaded.
INFO - 2020-04-30 05:41:30 --> Fetching SubjectMasters details
INFO - 2020-04-30 05:41:30 --> Controller "App\Controllers\Sections" loaded.
INFO - 2020-04-30 05:41:30 --> Fetching Sections details
INFO - 2020-04-30 05:41:32 --> Controller "App\Controllers\SubjectStandards" loaded.
INFO - 2020-04-30 05:41:32 --> Fetching Subjects details
INFO - 2020-04-30 05:42:56 --> Controller "App\Controllers\SubjectMasters" loaded.
INFO - 2020-04-30 05:42:56 --> Fetching SubjectMasters details
INFO - 2020-04-30 05:42:56 --> Controller "App\Controllers\Sections" loaded.
INFO - 2020-04-30 05:42:56 --> Fetching Sections details
INFO - 2020-04-30 05:46:18 --> Controller "App\Controllers\SubjectMasters" loaded.
INFO - 2020-04-30 05:46:47 --> Controller "App\Controllers\SubjectMasters" loaded.
INFO - 2020-04-30 05:46:47 --> Inserting SubjectMasters details
INFO - 2020-04-30 05:46:47 --> Controller "App\Controllers\SubjectMasters" loaded.
INFO - 2020-04-30 05:46:49 --> Controller "App\Controllers\SubjectMasters" loaded.
INFO - 2020-04-30 05:46:49 --> Controller "App\Controllers\SubjectMasters" loaded.
INFO - 2020-04-30 05:46:49 --> Fetching SubjectMasters details
INFO - 2020-04-30 05:48:35 --> Controller "App\Controllers\SubjectMasters" loaded.
INFO - 2020-04-30 05:48:35 --> Updating SubjectMasters details
INFO - 2020-04-30 05:48:37 --> Controller "App\Controllers\SubjectMasters" loaded.
INFO - 2020-04-30 05:48:37 --> Fetching SubjectMasters details
INFO - 2020-04-30 05:48:52 --> Controller "App\Controllers\SubjectStandards" loaded.
INFO - 2020-04-30 05:48:52 --> Fetching Subjects details
INFO - 2020-04-30 05:51:30 --> Controller "App\Controllers\Sections" loaded.
INFO - 2020-04-30 05:51:30 --> Controller "App\Controllers\SubjectMasters" loaded.
INFO - 2020-04-30 05:51:30 --> Fetching Sections details
INFO - 2020-04-30 05:51:30 --> Fetching SubjectMasters details
INFO - 2020-04-30 05:52:02 --> Controller "App\Controllers\SubjectStandards" loaded.
INFO - 2020-04-30 05:52:02 --> Fetching Subjects details
INFO - 2020-04-30 05:53:21 --> Controller "App\Controllers\SubjectMasters" loaded.
INFO - 2020-04-30 05:53:21 --> Fetching SubjectMasters details
INFO - 2020-04-30 05:53:21 --> Controller "App\Controllers\Sections" loaded.
INFO - 2020-04-30 05:53:21 --> Fetching Sections details
INFO - 2020-04-30 05:54:20 --> Controller "App\Controllers\SubjectMasters" loaded.
INFO - 2020-04-30 05:54:20 --> Fetching SubjectMasters details
INFO - 2020-04-30 05:54:20 --> Controller "App\Controllers\Sections" loaded.
INFO - 2020-04-30 05:54:20 --> Fetching Sections details
INFO - 2020-04-30 06:09:22 --> Controller "App\Controllers\SubjectMasters" loaded.
INFO - 2020-04-30 06:09:22 --> Controller "App\Controllers\Sections" loaded.
INFO - 2020-04-30 06:09:22 --> Fetching SubjectMasters details
INFO - 2020-04-30 06:09:22 --> Fetching Sections details
INFO - 2020-04-30 06:11:19 --> Controller "App\Controllers\SubjectMasters" loaded.
INFO - 2020-04-30 06:11:19 --> Controller "App\Controllers\Sections" loaded.
INFO - 2020-04-30 06:11:19 --> Fetching SubjectMasters details
INFO - 2020-04-30 06:11:19 --> Fetching Sections details
INFO - 2020-04-30 06:20:25 --> Controller "App\Controllers\SubjectMasters" loaded.
INFO - 2020-04-30 06:20:25 --> Fetching SubjectMasters details
INFO - 2020-04-30 06:20:25 --> Controller "App\Controllers\Sections" loaded.
INFO - 2020-04-30 06:20:25 --> Fetching Sections details
INFO - 2020-04-30 06:56:29 --> Controller "App\Controllers\Sections" loaded.
INFO - 2020-04-30 06:56:29 --> Controller "App\Controllers\SubjectMasters" loaded.
INFO - 2020-04-30 06:56:29 --> Fetching SubjectMasters details
INFO - 2020-04-30 06:56:29 --> Fetching Sections details
INFO - 2020-04-30 06:57:44 --> Controller "App\Controllers\SubjectStandards" loaded.
INFO - 2020-04-30 06:57:44 --> Fetching Subjects details
INFO - 2020-04-30 06:57:52 --> Controller "App\Controllers\SubjectMasters" loaded.
INFO - 2020-04-30 06:57:52 --> Fetching SubjectMasters details
INFO - 2020-04-30 06:57:52 --> Controller "App\Controllers\Sections" loaded.
INFO - 2020-04-30 06:57:52 --> Fetching Sections details
INFO - 2020-04-30 06:58:13 --> Controller "App\Controllers\SubjectStandards" loaded.
INFO - 2020-04-30 06:58:13 --> Fetching Subjects details
INFO - 2020-04-30 07:15:36 --> Controller "App\Controllers\SubjectMasters" loaded.
INFO - 2020-04-30 07:15:36 --> Fetching SubjectMasters details
INFO - 2020-04-30 07:15:36 --> Controller "App\Controllers\Sections" loaded.
INFO - 2020-04-30 07:15:36 --> Fetching Sections details
INFO - 2020-04-30 07:16:12 --> Controller "App\Controllers\SubjectMasters" loaded.
INFO - 2020-04-30 07:16:12 --> Fetching SubjectMasters details
INFO - 2020-04-30 07:16:12 --> Controller "App\Controllers\Sections" loaded.
INFO - 2020-04-30 07:16:12 --> Fetching Sections details
INFO - 2020-04-30 07:21:27 --> Controller "App\Controllers\SubjectMasters" loaded.
INFO - 2020-04-30 07:21:27 --> Fetching SubjectMasters details
INFO - 2020-04-30 07:24:11 --> Controller "App\Controllers\SubjectMasters" loaded.
INFO - 2020-04-30 07:24:11 --> Fetching SubjectMasters details
INFO - 2020-04-30 07:28:11 --> Controller "App\Controllers\SubjectMasters" loaded.
INFO - 2020-04-30 07:28:11 --> Fetching SubjectMasters details
INFO - 2020-04-30 07:28:23 --> Controller "App\Controllers\SubjectMasters" loaded.
INFO - 2020-04-30 07:28:23 --> Fetching SubjectMasters details
INFO - 2020-04-30 07:28:44 --> Controller "App\Controllers\SubjectMasters" loaded.
INFO - 2020-04-30 07:28:44 --> Fetching SubjectMasters details
INFO - 2020-04-30 07:31:01 --> Controller "App\Controllers\SubjectMasters" loaded.
INFO - 2020-04-30 07:31:01 --> Controller "App\Controllers\Sections" loaded.
INFO - 2020-04-30 07:31:01 --> Fetching SubjectMasters details
INFO - 2020-04-30 07:31:01 --> Fetching Sections details
INFO - 2020-04-30 07:36:30 --> Controller "App\Controllers\SubjectStandards" loaded.
INFO - 2020-04-30 07:36:30 --> Fetching Subjects details
INFO - 2020-04-30 07:37:38 --> Controller "App\Controllers\SubjectStandards" loaded.
INFO - 2020-04-30 07:37:38 --> Fetching Subjects details
INFO - 2020-04-30 07:39:15 --> Controller "App\Controllers\SubjectMasters" loaded.
INFO - 2020-04-30 07:39:15 --> Fetching SubjectMasters details
INFO - 2020-04-30 07:46:14 --> Controller "App\Controllers\SubjectMasters" loaded.
INFO - 2020-04-30 07:46:14 --> Fetching SubjectMasters details
INFO - 2020-04-30 07:47:13 --> Controller "App\Controllers\SubjectMasters" loaded.
INFO - 2020-04-30 07:47:13 --> Fetching SubjectMasters details
INFO - 2020-04-30 07:47:17 --> Controller "App\Controllers\SubjectStandards" loaded.
INFO - 2020-04-30 07:47:17 --> Fetching Subjects details
INFO - 2020-04-30 07:58:51 --> Controller "App\Controllers\SubjectMasters" loaded.
INFO - 2020-04-30 07:58:51 --> Fetching SubjectMasters details
INFO - 2020-04-30 08:00:03 --> Controller "App\Controllers\SubjectMasters" loaded.
INFO - 2020-04-30 08:00:03 --> Fetching SubjectMasters details
INFO - 2020-04-30 08:23:03 --> Controller "App\Controllers\SubjectStandards" loaded.
INFO - 2020-04-30 08:23:03 --> Fetching Subjects details
INFO - 2020-04-30 08:23:23 --> Controller "App\Controllers\SubjectMasters" loaded.
INFO - 2020-04-30 08:23:23 --> Fetching SubjectMasters details
INFO - 2020-04-30 08:24:32 --> Controller "App\Controllers\SubjectMasters" loaded.
INFO - 2020-04-30 08:24:32 --> Fetching SubjectMasters details
INFO - 2020-04-30 08:58:06 --> Controller "App\Controllers\SubjectMasters" loaded.
INFO - 2020-04-30 08:58:06 --> Fetching SubjectMasters details
INFO - 2020-04-30 08:58:06 --> Controller "App\Controllers\Sections" loaded.
INFO - 2020-04-30 08:58:06 --> Fetching Sections details
INFO - 2020-04-30 09:01:23 --> Controller "App\Controllers\SubjectStandards" loaded.
INFO - 2020-04-30 09:01:23 --> Fetching Subjects details
INFO - 2020-04-30 10:23:04 --> Controller "App\Controllers\SubjectMasters" loaded.
INFO - 2020-04-30 10:23:04 --> Fetching SubjectMasters details
INFO - 2020-04-30 10:23:04 --> Controller "App\Controllers\Sections" loaded.
INFO - 2020-04-30 10:23:04 --> Fetching Sections details
INFO - 2020-04-30 10:23:10 --> Controller "App\Controllers\SubjectStandards" loaded.
INFO - 2020-04-30 10:23:10 --> Fetching Subjects details
INFO - 2020-04-30 10:28:49 --> Controller "App\Controllers\SubjectMasters" loaded.
INFO - 2020-04-30 10:28:49 --> Fetching SubjectMasters details
INFO - 2020-04-30 10:28:49 --> Controller "App\Controllers\Sections" loaded.
INFO - 2020-04-30 10:28:49 --> Fetching Sections details
INFO - 2020-04-30 10:29:05 --> Controller "App\Controllers\SubjectStandards" loaded.
INFO - 2020-04-30 10:29:05 --> Fetching Subjects details
INFO - 2020-04-30 11:15:25 --> Controller "App\Controllers\SubjectMasters" loaded.
INFO - 2020-04-30 11:15:25 --> Fetching SubjectMasters details
INFO - 2020-04-30 11:15:25 --> Controller "App\Controllers\Sections" loaded.
INFO - 2020-04-30 11:15:25 --> Fetching Sections details
INFO - 2020-04-30 11:15:31 --> Controller "App\Controllers\SubjectStandards" loaded.
INFO - 2020-04-30 11:15:31 --> Fetching Subjects details
INFO - 2020-04-30 11:16:01 --> Controller "App\Controllers\SubjectStandards" loaded.
INFO - 2020-04-30 11:16:01 --> Fetching Subjects details
INFO - 2020-04-30 11:16:07 --> Controller "App\Controllers\SubjectStandards" loaded.
INFO - 2020-04-30 11:16:07 --> Fetching Subjects details
INFO - 2020-04-30 11:31:17 --> Controller "App\Controllers\SubjectMasters" loaded.
INFO - 2020-04-30 11:31:17 --> Fetching SubjectMasters details
INFO - 2020-04-30 11:31:17 --> Controller "App\Controllers\Sections" loaded.
INFO - 2020-04-30 11:31:17 --> Fetching Sections details
INFO - 2020-04-30 11:41:01 --> Controller "App\Controllers\SubjectMasters" loaded.
INFO - 2020-04-30 11:41:01 --> Fetching SubjectMasters details
INFO - 2020-04-30 11:41:01 --> Controller "App\Controllers\Sections" loaded.
INFO - 2020-04-30 11:41:01 --> Fetching Sections details
INFO - 2020-04-30 11:42:46 --> Controller "App\Controllers\SubjectMasters" loaded.
INFO - 2020-04-30 11:42:46 --> Fetching SubjectMasters details
INFO - 2020-04-30 11:42:46 --> Controller "App\Controllers\Sections" loaded.
INFO - 2020-04-30 11:42:46 --> Fetching Sections details
INFO - 2020-04-30 11:42:56 --> Controller "App\Controllers\SubjectStandards" loaded.
INFO - 2020-04-30 11:42:56 --> Fetching Subjects details
INFO - 2020-04-30 11:45:09 --> Controller "App\Controllers\Sections" loaded.
INFO - 2020-04-30 11:45:09 --> Controller "App\Controllers\SubjectMasters" loaded.
INFO - 2020-04-30 11:45:09 --> Fetching Sections details
INFO - 2020-04-30 11:45:09 --> Fetching SubjectMasters details
INFO - 2020-04-30 11:45:16 --> Controller "App\Controllers\SubjectStandards" loaded.
INFO - 2020-04-30 11:45:16 --> Fetching Subjects details
INFO - 2020-04-30 11:49:42 --> Controller "App\Controllers\SubjectMasters" loaded.
INFO - 2020-04-30 11:49:42 --> Fetching SubjectMasters details
INFO - 2020-04-30 11:49:42 --> Controller "App\Controllers\Sections" loaded.
INFO - 2020-04-30 11:49:42 --> Fetching Sections details
INFO - 2020-04-30 11:49:49 --> Controller "App\Controllers\SubjectStandards" loaded.
INFO - 2020-04-30 11:49:49 --> Fetching Subjects details
INFO - 2020-04-30 12:01:17 --> Controller "App\Controllers\SubjectMasters" loaded.
INFO - 2020-04-30 12:01:17 --> Controller "App\Controllers\Sections" loaded.
INFO - 2020-04-30 12:01:17 --> Fetching SubjectMasters details
INFO - 2020-04-30 12:01:17 --> Fetching Sections details
INFO - 2020-04-30 12:01:27 --> Controller "App\Controllers\SubjectStandards" loaded.
INFO - 2020-04-30 12:01:27 --> Fetching Subjects details
INFO - 2020-04-30 12:03:41 --> Controller "App\Controllers\SubjectMasters" loaded.
INFO - 2020-04-30 12:03:41 --> Fetching SubjectMasters details
INFO - 2020-04-30 12:03:41 --> Controller "App\Controllers\Sections" loaded.
INFO - 2020-04-30 12:03:41 --> Fetching Sections details
INFO - 2020-04-30 12:03:44 --> Controller "App\Controllers\SubjectStandards" loaded.
INFO - 2020-04-30 12:03:44 --> Fetching Subjects details
INFO - 2020-04-30 12:13:25 --> Controller "App\Controllers\SubjectMasters" loaded.
INFO - 2020-04-30 12:13:25 --> Fetching SubjectMasters details
INFO - 2020-04-30 12:13:25 --> Controller "App\Controllers\Sections" loaded.
INFO - 2020-04-30 12:13:25 --> Fetching Sections details
INFO - 2020-04-30 12:13:30 --> Controller "App\Controllers\SubjectStandards" loaded.
INFO - 2020-04-30 12:13:30 --> Fetching Subjects details
INFO - 2020-04-30 12:14:31 --> Controller "App\Controllers\SubjectMasters" loaded.
INFO - 2020-04-30 12:14:31 --> Fetching SubjectMasters details
INFO - 2020-04-30 12:14:31 --> Controller "App\Controllers\Sections" loaded.
INFO - 2020-04-30 12:14:31 --> Fetching Sections details
INFO - 2020-04-30 12:14:35 --> Controller "App\Controllers\SubjectStandards" loaded.
INFO - 2020-04-30 12:14:35 --> Fetching Subjects details
INFO - 2020-04-30 12:20:04 --> Controller "App\Controllers\SubjectMasters" loaded.
INFO - 2020-04-30 12:20:04 --> Fetching SubjectMasters details
INFO - 2020-04-30 12:20:05 --> Controller "App\Controllers\Sections" loaded.
INFO - 2020-04-30 12:20:05 --> Fetching Sections details
INFO - 2020-04-30 12:20:26 --> Controller "App\Controllers\SubjectStandards" loaded.
INFO - 2020-04-30 12:20:26 --> Fetching Subjects details
INFO - 2020-04-30 12:22:57 --> Controller "App\Controllers\SubjectMasters" loaded.
INFO - 2020-04-30 12:22:57 --> Fetching SubjectMasters details
INFO - 2020-04-30 12:22:57 --> Controller "App\Controllers\Sections" loaded.
INFO - 2020-04-30 12:22:57 --> Fetching Sections details
INFO - 2020-04-30 12:23:20 --> Controller "App\Controllers\SubjectStandards" loaded.
INFO - 2020-04-30 12:23:20 --> Fetching Subjects details
INFO - 2020-04-30 12:30:42 --> Controller "App\Controllers\Sections" loaded.
INFO - 2020-04-30 12:30:42 --> Fetching Sections details
INFO - 2020-04-30 12:30:42 --> Controller "App\Controllers\SubjectMasters" loaded.
INFO - 2020-04-30 12:30:42 --> Fetching SubjectMasters details
INFO - 2020-04-30 12:30:46 --> Controller "App\Controllers\SubjectStandards" loaded.
INFO - 2020-04-30 12:30:46 --> Fetching Subjects details
INFO - 2020-04-30 12:32:31 --> Controller "App\Controllers\SubjectMasters" loaded.
INFO - 2020-04-30 12:32:31 --> Controller "App\Controllers\Sections" loaded.
INFO - 2020-04-30 12:32:31 --> Fetching SubjectMasters details
INFO - 2020-04-30 12:32:31 --> Fetching Sections details
INFO - 2020-04-30 12:32:36 --> Controller "App\Controllers\SubjectStandards" loaded.
INFO - 2020-04-30 12:32:36 --> Fetching Subjects details
INFO - 2020-04-30 12:46:13 --> Controller "App\Controllers\SubjectMasters" loaded.
INFO - 2020-04-30 12:46:13 --> Fetching SubjectMasters details
INFO - 2020-04-30 12:46:13 --> Controller "App\Controllers\Sections" loaded.
INFO - 2020-04-30 12:46:13 --> Fetching Sections details
INFO - 2020-04-30 12:50:14 --> Controller "App\Controllers\SubjectMasters" loaded.
INFO - 2020-04-30 12:50:14 --> Fetching SubjectMasters details
INFO - 2020-04-30 12:50:14 --> Controller "App\Controllers\Sections" loaded.
INFO - 2020-04-30 12:50:14 --> Fetching Sections details
INFO - 2020-04-30 12:50:25 --> Controller "App\Controllers\SubjectStandards" loaded.
INFO - 2020-04-30 12:50:25 --> Fetching Subjects details
INFO - 2020-04-30 12:53:31 --> Controller "App\Controllers\SubjectMasters" loaded.
INFO - 2020-04-30 12:53:31 --> Fetching SubjectMasters details
INFO - 2020-04-30 12:53:31 --> Controller "App\Controllers\Sections" loaded.
INFO - 2020-04-30 12:53:31 --> Fetching Sections details
INFO - 2020-04-30 12:53:38 --> Controller "App\Controllers\SubjectStandards" loaded.
INFO - 2020-04-30 12:53:38 --> Fetching Subjects details
INFO - 2020-04-30 12:55:43 --> Controller "App\Controllers\SubjectMasters" loaded.
INFO - 2020-04-30 12:55:43 --> Fetching SubjectMasters details
INFO - 2020-04-30 12:55:43 --> Controller "App\Controllers\Sections" loaded.
INFO - 2020-04-30 12:55:43 --> Fetching Sections details
INFO - 2020-04-30 12:56:00 --> Controller "App\Controllers\SubjectStandards" loaded.
INFO - 2020-04-30 12:56:00 --> Fetching Subjects details
INFO - 2020-04-30 12:57:17 --> Controller "App\Controllers\SubjectMasters" loaded.
INFO - 2020-04-30 12:57:17 --> Controller "App\Controllers\Sections" loaded.
INFO - 2020-04-30 12:57:17 --> Fetching SubjectMasters details
INFO - 2020-04-30 12:57:17 --> Fetching Sections details
INFO - 2020-04-30 12:57:27 --> Controller "App\Controllers\SubjectStandards" loaded.
INFO - 2020-04-30 12:57:27 --> Fetching Subjects details
INFO - 2020-04-30 12:58:10 --> Controller "App\Controllers\SubjectMasters" loaded.
INFO - 2020-04-30 12:58:10 --> Fetching SubjectMasters details
INFO - 2020-04-30 12:58:10 --> Controller "App\Controllers\Sections" loaded.
INFO - 2020-04-30 12:58:10 --> Fetching Sections details
INFO - 2020-04-30 12:59:55 --> Controller "App\Controllers\SubjectMasters" loaded.
INFO - 2020-04-30 12:59:55 --> Controller "App\Controllers\Sections" loaded.
INFO - 2020-04-30 12:59:55 --> Fetching SubjectMasters details
INFO - 2020-04-30 12:59:55 --> Fetching Sections details
INFO - 2020-04-30 13:00:00 --> Controller "App\Controllers\SubjectStandards" loaded.
INFO - 2020-04-30 13:00:00 --> Fetching Subjects details
INFO - 2020-04-30 13:03:21 --> Controller "App\Controllers\SubjectMasters" loaded.
INFO - 2020-04-30 13:03:21 --> Fetching SubjectMasters details
INFO - 2020-04-30 13:03:27 --> Controller "App\Controllers\Sections" loaded.
INFO - 2020-04-30 13:03:27 --> Fetching Sections details
INFO - 2020-04-30 13:03:30 --> Controller "App\Controllers\SubjectStandards" loaded.
INFO - 2020-04-30 13:03:30 --> Fetching Subjects details
INFO - 2020-04-30 13:05:05 --> Controller "App\Controllers\SubjectMasters" loaded.
INFO - 2020-04-30 13:05:05 --> Fetching SubjectMasters details
INFO - 2020-04-30 13:05:05 --> Controller "App\Controllers\Sections" loaded.
INFO - 2020-04-30 13:05:05 --> Fetching Sections details
INFO - 2020-04-30 13:05:10 --> Controller "App\Controllers\SubjectStandards" loaded.
INFO - 2020-04-30 13:05:10 --> Fetching Subjects details
INFO - 2020-04-30 13:12:40 --> Controller "App\Controllers\Sections" loaded.
INFO - 2020-04-30 13:12:40 --> Fetching Sections details
INFO - 2020-04-30 13:24:21 --> Controller "App\Controllers\SubjectMasters" loaded.
INFO - 2020-04-30 13:24:21 --> Fetching SubjectMasters details
INFO - 2020-04-30 13:24:21 --> Controller "App\Controllers\Sections" loaded.
INFO - 2020-04-30 13:24:21 --> Fetching Sections details
INFO - 2020-04-30 13:24:32 --> Controller "App\Controllers\SubjectStandards" loaded.
INFO - 2020-04-30 13:24:32 --> Fetching Subjects details
INFO - 2020-04-30 13:25:45 --> Controller "App\Controllers\SubjectMasters" loaded.
INFO - 2020-04-30 13:25:45 --> Fetching SubjectMasters details
INFO - 2020-04-30 13:25:45 --> Controller "App\Controllers\Sections" loaded.
INFO - 2020-04-30 13:25:45 --> Fetching Sections details
INFO - 2020-04-30 13:25:51 --> Controller "App\Controllers\SubjectStandards" loaded.
INFO - 2020-04-30 13:25:51 --> Fetching Subjects details
INFO - 2020-04-30 13:29:13 --> Controller "App\Controllers\SubjectMasters" loaded.
INFO - 2020-04-30 13:29:13 --> Fetching SubjectMasters details
INFO - 2020-04-30 13:29:13 --> Controller "App\Controllers\Sections" loaded.
INFO - 2020-04-30 13:29:13 --> Fetching Sections details
INFO - 2020-04-30 13:29:30 --> Controller "App\Controllers\SubjectStandards" loaded.
INFO - 2020-04-30 13:29:30 --> Fetching Subjects details
INFO - 2020-04-30 13:37:07 --> Controller "App\Controllers\SubjectMasters" loaded.
INFO - 2020-04-30 13:37:07 --> Fetching SubjectMasters details
INFO - 2020-04-30 13:37:07 --> Controller "App\Controllers\Sections" loaded.
INFO - 2020-04-30 13:37:07 --> Fetching Sections details
INFO - 2020-04-30 13:43:14 --> Controller "App\Controllers\SubjectMasters" loaded.
INFO - 2020-04-30 13:43:14 --> Fetching SubjectMasters details
INFO - 2020-04-30 13:43:14 --> Controller "App\Controllers\Sections" loaded.
INFO - 2020-04-30 13:43:14 --> Fetching Sections details
INFO - 2020-04-30 13:47:19 --> Controller "App\Controllers\Sections" loaded.
INFO - 2020-04-30 13:47:19 --> Fetching Sections details
INFO - 2020-04-30 13:47:36 --> Controller "App\Controllers\Sections" loaded.
INFO - 2020-04-30 13:47:36 --> Fetching Sections details
INFO - 2020-04-30 13:49:50 --> Controller "App\Controllers\SubjectMasters" loaded.
INFO - 2020-04-30 13:49:50 --> Fetching SubjectMasters details
INFO - 2020-04-30 13:49:50 --> Controller "App\Controllers\Sections" loaded.
INFO - 2020-04-30 13:49:50 --> Fetching Sections details
INFO - 2020-04-30 13:52:11 --> Controller "App\Controllers\SubjectMasters" loaded.
INFO - 2020-04-30 13:52:11 --> Fetching SubjectMasters details
INFO - 2020-04-30 13:52:11 --> Controller "App\Controllers\Sections" loaded.
INFO - 2020-04-30 13:52:11 --> Fetching Sections details
INFO - 2020-04-30 13:53:42 --> Controller "App\Controllers\SubjectMasters" loaded.
INFO - 2020-04-30 13:53:42 --> Fetching SubjectMasters details
INFO - 2020-04-30 13:53:42 --> Controller "App\Controllers\Sections" loaded.
INFO - 2020-04-30 13:53:42 --> Fetching Sections details
INFO - 2020-04-30 13:54:46 --> Controller "App\Controllers\SubjectStandards" loaded.
INFO - 2020-04-30 13:54:46 --> Fetching Subjects details
INFO - 2020-04-30 13:54:54 --> Controller "App\Controllers\SubjectStandards" loaded.
INFO - 2020-04-30 13:54:54 --> Fetching Subjects details
INFO - 2020-04-30 13:55:02 --> Controller "App\Controllers\SubjectStandards" loaded.
INFO - 2020-04-30 13:55:02 --> Fetching Subjects details
INFO - 2020-04-30 13:55:10 --> Controller "App\Controllers\SubjectStandards" loaded.
INFO - 2020-04-30 13:55:10 --> Fetching Subjects details
INFO - 2020-04-30 13:56:16 --> Controller "App\Controllers\SubjectMasters" loaded.
INFO - 2020-04-30 13:56:16 --> Fetching SubjectMasters details
INFO - 2020-04-30 13:58:14 --> Controller "App\Controllers\SubjectMasters" loaded.
INFO - 2020-04-30 13:58:14 --> Fetching SubjectMasters details
INFO - 2020-04-30 13:58:14 --> Controller "App\Controllers\Sections" loaded.
INFO - 2020-04-30 13:58:14 --> Fetching Sections details
INFO - 2020-04-30 13:58:44 --> Controller "App\Controllers\SubjectStandards" loaded.
INFO - 2020-04-30 13:58:44 --> Fetching Subjects details
INFO - 2020-04-30 14:05:39 --> Controller "App\Controllers\SubjectMasters" loaded.
INFO - 2020-04-30 14:05:39 --> Fetching SubjectMasters details
INFO - 2020-04-30 14:05:39 --> Controller "App\Controllers\Sections" loaded.
INFO - 2020-04-30 14:05:39 --> Fetching Sections details
INFO - 2020-04-30 14:08:12 --> Controller "App\Controllers\SubjectMasters" loaded.
INFO - 2020-04-30 14:08:12 --> Fetching SubjectMasters details
INFO - 2020-04-30 14:08:12 --> Controller "App\Controllers\Sections" loaded.
INFO - 2020-04-30 14:08:12 --> Fetching Sections details
INFO - 2020-04-30 14:09:41 --> Controller "App\Controllers\SubjectMasters" loaded.
INFO - 2020-04-30 14:09:41 --> Fetching SubjectMasters details
INFO - 2020-04-30 14:09:41 --> Controller "App\Controllers\Sections" loaded.
INFO - 2020-04-30 14:09:41 --> Fetching Sections details
INFO - 2020-04-30 14:17:16 --> Controller "App\Controllers\SubjectMasters" loaded.
INFO - 2020-04-30 14:17:16 --> Deleting SubjectMasters details
INFO - 2020-04-30 14:17:18 --> Controller "App\Controllers\SubjectMasters" loaded.
INFO - 2020-04-30 14:17:18 --> Fetching SubjectMasters details
INFO - 2020-04-30 14:20:29 --> Controller "App\Controllers\SubjectMasters" loaded.
INFO - 2020-04-30 14:20:29 --> Controller "App\Controllers\Sections" loaded.
INFO - 2020-04-30 14:20:29 --> Fetching SubjectMasters details
INFO - 2020-04-30 14:20:29 --> Fetching Sections details
INFO - 2020-04-30 14:21:55 --> Controller "App\Controllers\SubjectMasters" loaded.
INFO - 2020-04-30 14:21:55 --> Fetching SubjectMasters details
INFO - 2020-04-30 14:21:55 --> Controller "App\Controllers\Sections" loaded.
INFO - 2020-04-30 14:21:55 --> Fetching Sections details
INFO - 2020-04-30 14:33:10 --> Controller "App\Controllers\SubjectMasters" loaded.
INFO - 2020-04-30 14:33:10 --> Controller "App\Controllers\Sections" loaded.
INFO - 2020-04-30 14:33:10 --> Fetching SubjectMasters details
INFO - 2020-04-30 14:33:10 --> Fetching Sections details
INFO - 2020-04-30 14:33:43 --> Controller "App\Controllers\SubjectStandards" loaded.
INFO - 2020-04-30 14:33:43 --> Fetching Subjects details
INFO - 2020-04-30 14:37:52 --> Controller "App\Controllers\SubjectMasters" loaded.
INFO - 2020-04-30 14:37:52 --> Fetching SubjectMasters details
INFO - 2020-04-30 14:37:52 --> Controller "App\Controllers\Sections" loaded.
INFO - 2020-04-30 14:37:52 --> Fetching Sections details
INFO - 2020-04-30 14:38:00 --> Controller "App\Controllers\SubjectStandards" loaded.
INFO - 2020-04-30 14:38:00 --> Fetching Subjects details
INFO - 2020-04-30 14:38:43 --> Controller "App\Controllers\SubjectStandards" loaded.
INFO - 2020-04-30 14:38:43 --> Fetching Subjects details
INFO - 2020-04-30 14:38:52 --> Controller "App\Controllers\SubjectStandards" loaded.
INFO - 2020-04-30 14:38:52 --> Fetching Subjects details
INFO - 2020-04-30 14:42:07 --> Controller "App\Controllers\SubjectMasters" loaded.
INFO - 2020-04-30 14:42:07 --> Fetching SubjectMasters details
INFO - 2020-04-30 14:42:07 --> Controller "App\Controllers\Sections" loaded.
INFO - 2020-04-30 14:42:07 --> Fetching Sections details
INFO - 2020-04-30 14:42:11 --> Controller "App\Controllers\SubjectStandards" loaded.
INFO - 2020-04-30 14:42:11 --> Fetching Subjects details
INFO - 2020-04-30 14:42:20 --> Controller "App\Controllers\SubjectStandards" loaded.
INFO - 2020-04-30 14:42:20 --> Fetching Subjects details
INFO - 2020-04-30 14:42:25 --> Controller "App\Controllers\SubjectStandards" loaded.
INFO - 2020-04-30 14:42:25 --> Deleting Subjects details
INFO - 2020-04-30 14:42:27 --> Controller "App\Controllers\SubjectStandards" loaded.
INFO - 2020-04-30 14:42:28 --> Fetching Subjects details
INFO - 2020-04-30 14:42:38 --> Controller "App\Controllers\SubjectStandards" loaded.
INFO - 2020-04-30 14:42:38 --> Deleting Subjects details
INFO - 2020-04-30 14:42:40 --> Controller "App\Controllers\SubjectStandards" loaded.
INFO - 2020-04-30 14:42:40 --> Fetching Subjects details
INFO - 2020-04-30 14:44:49 --> Controller "App\Controllers\SubjectStandards" loaded.
INFO - 2020-04-30 14:44:49 --> Fetching Subjects details
INFO - 2020-04-30 14:55:37 --> Controller "App\Controllers\SubjectMasters" loaded.
INFO - 2020-04-30 14:55:37 --> Fetching SubjectMasters details
INFO - 2020-04-30 14:55:37 --> Controller "App\Controllers\Sections" loaded.
INFO - 2020-04-30 14:55:37 --> Fetching Sections details
INFO - 2020-04-30 14:56:07 --> Controller "App\Controllers\SubjectStandards" loaded.
INFO - 2020-04-30 14:56:07 --> Fetching Subjects details
INFO - 2020-04-30 20:31:12 --> Controller "App\Controllers\RouteMasters" loaded.
INFO - 2020-04-30 20:31:12 --> Fetching Route Master details
INFO - 2020-04-30 20:31:12 --> Controller "App\Controllers\Vehicles" loaded.
INFO - 2020-04-30 20:31:12 --> Fetching Vehicles details
INFO - 2020-04-30 20:32:02 --> Controller "App\Controllers\RouteMasters" loaded.
INFO - 2020-04-30 20:32:02 --> Fetching Route Master details
INFO - 2020-04-30 20:32:04 --> Controller "App\Controllers\RouteMasters" loaded.
INFO - 2020-04-30 20:32:04 --> Fetching Route Master details
INFO - 2020-04-30 20:32:06 --> Controller "App\Controllers\RouteMasters" loaded.
INFO - 2020-04-30 20:32:06 --> Controller "App\Controllers\Vehicles" loaded.
INFO - 2020-04-30 20:32:06 --> Fetching Route Master details
INFO - 2020-04-30 20:32:06 --> Fetching Vehicles details
INFO - 2020-04-30 20:35:16 --> Controller "App\Controllers\Organizations" loaded.
INFO - 2020-04-30 20:35:16 --> Fetching Organizations details
INFO - 2020-04-30 20:35:18 --> Controller "App\Controllers\Boards" loaded.
INFO - 2020-04-30 20:35:18 --> Fetching Boards details
INFO - 2020-04-30 20:35:18 --> Controller "App\Controllers\Institutions" loaded.
INFO - 2020-04-30 20:35:18 --> Fetching Institution details
INFO - 2020-04-30 20:47:49 --> Controller "App\Controllers\Boards" loaded.
INFO - 2020-04-30 20:47:49 --> Controller "App\Controllers\Institutions" loaded.
INFO - 2020-04-30 20:47:49 --> Fetching Boards details
INFO - 2020-04-30 20:47:49 --> Fetching Institution details
INFO - 2020-04-30 20:48:02 --> Controller "App\Controllers\Vehicles" loaded.
INFO - 2020-04-30 20:48:02 --> Fetching Vehicles details
INFO - 2020-04-30 20:57:26 --> Controller "App\Controllers\RouteMasters" loaded.
INFO - 2020-04-30 20:57:26 --> Fetching Route Master details
INFO - 2020-04-30 20:57:26 --> Controller "App\Controllers\Vehicles" loaded.
INFO - 2020-04-30 20:57:26 --> Fetching Vehicles details
INFO - 2020-04-30 21:05:27 --> Controller "App\Controllers\RouteMasters" loaded.
INFO - 2020-04-30 21:05:27 --> Controller "App\Controllers\Vehicles" loaded.
INFO - 2020-04-30 21:05:27 --> Fetching Route Master details
INFO - 2020-04-30 21:05:27 --> Fetching Vehicles details
INFO - 2020-04-30 21:12:55 --> Controller "App\Controllers\RouteMasters" loaded.
INFO - 2020-04-30 21:12:55 --> Fetching Route Master details
INFO - 2020-04-30 21:12:55 --> Controller "App\Controllers\Vehicles" loaded.
INFO - 2020-04-30 21:12:55 --> Fetching Vehicles details
INFO - 2020-04-30 21:14:03 --> Controller "App\Controllers\RouteMasters" loaded.
INFO - 2020-04-30 21:14:03 --> Controller "App\Controllers\Vehicles" loaded.
INFO - 2020-04-30 21:14:03 --> Fetching Route Master details
INFO - 2020-04-30 21:14:03 --> Fetching Vehicles details
INFO - 2020-04-30 21:20:14 --> Controller "App\Controllers\RouteMasters" loaded.
INFO - 2020-04-30 21:20:14 --> Fetching Route Master details
INFO - 2020-04-30 21:20:14 --> Controller "App\Controllers\Vehicles" loaded.
INFO - 2020-04-30 21:20:14 --> Fetching Vehicles details
INFO - 2020-04-30 21:22:37 --> Controller "App\Controllers\RouteMasters" loaded.
INFO - 2020-04-30 21:22:37 --> Fetching Route Master details
INFO - 2020-04-30 21:22:37 --> Controller "App\Controllers\Vehicles" loaded.
INFO - 2020-04-30 21:22:37 --> Fetching Vehicles details
INFO - 2020-04-30 21:24:33 --> Controller "App\Controllers\RouteMasters" loaded.
INFO - 2020-04-30 21:24:33 --> Fetching Route Master details
INFO - 2020-04-30 21:24:33 --> Controller "App\Controllers\Vehicles" loaded.
INFO - 2020-04-30 21:24:33 --> Fetching Vehicles details
INFO - 2020-04-30 21:26:32 --> Controller "App\Controllers\RouteMasters" loaded.
INFO - 2020-04-30 21:26:32 --> Fetching Route Master details
INFO - 2020-04-30 21:26:32 --> Controller "App\Controllers\Vehicles" loaded.
INFO - 2020-04-30 21:26:32 --> Fetching Vehicles details
INFO - 2020-04-30 21:29:32 --> Controller "App\Controllers\Boards" loaded.
INFO - 2020-04-30 21:29:32 --> Fetching Boards details
INFO - 2020-04-30 21:29:32 --> Controller "App\Controllers\Institutions" loaded.
INFO - 2020-04-30 21:29:32 --> Fetching Institution details
INFO - 2020-04-30 21:29:38 --> Controller "App\Controllers\Organizations" loaded.
INFO - 2020-04-30 21:29:38 --> Fetching Organizations details
INFO - 2020-04-30 21:42:12 --> Controller "App\Controllers\RouteMasters" loaded.
INFO - 2020-04-30 21:42:12 --> Fetching Route Master details
INFO - 2020-04-30 21:42:12 --> Controller "App\Controllers\Vehicles" loaded.
INFO - 2020-04-30 21:42:12 --> Fetching Vehicles details
INFO - 2020-04-30 21:42:36 --> Controller "App\Controllers\RouteMasters" loaded.
INFO - 2020-04-30 21:42:36 --> Fetching Route Master details
INFO - 2020-04-30 21:42:36 --> Controller "App\Controllers\Vehicles" loaded.
INFO - 2020-04-30 21:42:36 --> Fetching Vehicles details
INFO - 2020-04-30 21:42:52 --> Controller "App\Controllers\Organizations" loaded.
INFO - 2020-04-30 21:42:52 --> Fetching Organizations details
INFO - 2020-04-30 21:44:21 --> Controller "App\Controllers\Vehicles" loaded.
INFO - 2020-04-30 21:44:21 --> Fetching Vehicles details
INFO - 2020-04-30 21:47:17 --> Controller "App\Controllers\Organizations" loaded.
INFO - 2020-04-30 21:47:17 --> Fetching Organizations details
INFO - 2020-04-30 21:47:31 --> Controller "App\Controllers\RouteMasters" loaded.
INFO - 2020-04-30 21:47:31 --> Fetching Route Master details
INFO - 2020-04-30 21:47:31 --> Controller "App\Controllers\Vehicles" loaded.
INFO - 2020-04-30 21:47:31 --> Fetching Vehicles details
INFO - 2020-04-30 21:49:29 --> Controller "App\Controllers\RouteMasters" loaded.
INFO - 2020-04-30 21:49:29 --> Fetching Route Master details
INFO - 2020-04-30 21:49:29 --> Controller "App\Controllers\Vehicles" loaded.
INFO - 2020-04-30 21:49:29 --> Fetching Vehicles details
INFO - 2020-04-30 21:53:30 --> Controller "App\Controllers\Staffs" loaded.
INFO - 2020-04-30 21:53:30 --> Fetching All Leave details
INFO - 2020-04-30 22:01:10 --> Controller "App\Controllers\RouteMasters" loaded.
INFO - 2020-04-30 22:01:10 --> Fetching Route Master details
INFO - 2020-04-30 22:01:10 --> Controller "App\Controllers\Vehicles" loaded.
INFO - 2020-04-30 22:01:10 --> Fetching Vehicles details
INFO - 2020-04-30 22:02:08 --> Controller "App\Controllers\RouteMasters" loaded.
INFO - 2020-04-30 22:02:08 --> Fetching Route Master details
INFO - 2020-04-30 22:02:08 --> Controller "App\Controllers\Vehicles" loaded.
INFO - 2020-04-30 22:02:08 --> Fetching Vehicles details
INFO - 2020-04-30 22:02:50 --> Controller "App\Controllers\RouteMasters" loaded.
INFO - 2020-04-30 22:02:50 --> Fetching Route Master details
INFO - 2020-04-30 22:02:55 --> Controller "App\Controllers\Vehicles" loaded.
INFO - 2020-04-30 22:02:55 --> Fetching Vehicles details
INFO - 2020-04-30 22:04:09 --> Controller "App\Controllers\RouteMasters" loaded.
INFO - 2020-04-30 22:04:09 --> Controller "App\Controllers\Vehicles" loaded.
INFO - 2020-04-30 22:04:09 --> Fetching Route Master details
INFO - 2020-04-30 22:04:09 --> Fetching Vehicles details
INFO - 2020-04-30 22:06:29 --> Controller "App\Controllers\Vehicles" loaded.
INFO - 2020-04-30 22:06:29 --> Controller "App\Controllers\RouteMasters" loaded.
INFO - 2020-04-30 22:06:29 --> Fetching Route Master details
INFO - 2020-04-30 22:06:29 --> Fetching Vehicles details
INFO - 2020-04-30 22:06:53 --> Controller "App\Controllers\RouteMasters" loaded.
INFO - 2020-04-30 22:06:53 --> Fetching Route Master details
INFO - 2020-04-30 22:06:53 --> Controller "App\Controllers\Vehicles" loaded.
INFO - 2020-04-30 22:06:53 --> Fetching Vehicles details
INFO - 2020-04-30 22:08:09 --> Controller "App\Controllers\RouteMasters" loaded.
INFO - 2020-04-30 22:08:09 --> Fetching Route Master details
INFO - 2020-04-30 22:08:09 --> Controller "App\Controllers\Vehicles" loaded.
INFO - 2020-04-30 22:08:09 --> Fetching Vehicles details
INFO - 2020-04-30 22:24:44 --> Controller "App\Controllers\RouteMasters" loaded.
INFO - 2020-04-30 22:24:44 --> Fetching Route Master details
INFO - 2020-04-30 22:24:44 --> Controller "App\Controllers\Vehicles" loaded.
INFO - 2020-04-30 22:24:44 --> Fetching Vehicles details
INFO - 2020-04-30 22:47:39 --> Controller "App\Controllers\SubjectMasters" loaded.
INFO - 2020-04-30 22:47:39 --> Controller "App\Controllers\Sections" loaded.
INFO - 2020-04-30 22:47:39 --> Fetching SubjectMasters details
INFO - 2020-04-30 22:47:39 --> Fetching Sections details
INFO - 2020-04-30 22:49:48 --> Controller "App\Controllers\SubjectMasters" loaded.
INFO - 2020-04-30 22:49:48 --> Fetching SubjectMasters details
INFO - 2020-04-30 22:49:48 --> Controller "App\Controllers\Sections" loaded.
INFO - 2020-04-30 22:49:48 --> Fetching Sections details
INFO - 2020-04-30 22:51:34 --> Controller "App\Controllers\SubjectMasters" loaded.
INFO - 2020-04-30 22:51:34 --> Fetching SubjectMasters details
INFO - 2020-04-30 22:52:39 --> Controller "App\Controllers\SubjectStandards" loaded.
INFO - 2020-04-30 22:52:39 --> Fetching Subjects details
INFO - 2020-04-30 22:52:53 --> Controller "App\Controllers\SubjectStandards" loaded.
INFO - 2020-04-30 22:52:53 --> Fetching Subjects details
INFO - 2020-04-30 22:53:14 --> Controller "App\Controllers\SubjectStandards" loaded.
INFO - 2020-04-30 22:53:14 --> Fetching Subjects details
INFO - 2020-04-30 22:53:52 --> Controller "App\Controllers\SubjectMasters" loaded.
INFO - 2020-04-30 22:53:52 --> Fetching SubjectMasters details
INFO - 2020-04-30 22:53:52 --> Controller "App\Controllers\Sections" loaded.
INFO - 2020-04-30 22:53:52 --> Fetching Sections details
INFO - 2020-04-30 22:55:21 --> Controller "App\Controllers\SubjectMasters" loaded.
INFO - 2020-04-30 22:55:21 --> Fetching SubjectMasters details
INFO - 2020-04-30 22:55:21 --> Controller "App\Controllers\Sections" loaded.
INFO - 2020-04-30 22:55:21 --> Fetching Sections details
INFO - 2020-04-30 22:56:58 --> Controller "App\Controllers\SubjectMasters" loaded.
INFO - 2020-04-30 22:56:58 --> Fetching SubjectMasters details
INFO - 2020-04-30 22:56:58 --> Controller "App\Controllers\Sections" loaded.
INFO - 2020-04-30 22:56:58 --> Fetching Sections details
INFO - 2020-04-30 22:57:59 --> Controller "App\Controllers\SubjectMasters" loaded.
INFO - 2020-04-30 22:57:59 --> Fetching SubjectMasters details
INFO - 2020-04-30 22:59:46 --> Controller "App\Controllers\SubjectMasters" loaded.
INFO - 2020-04-30 22:59:46 --> Updating SubjectMasters details
INFO - 2020-04-30 22:59:48 --> Controller "App\Controllers\SubjectMasters" loaded.
INFO - 2020-04-30 22:59:48 --> Fetching SubjectMasters details
INFO - 2020-04-30 23:00:00 --> Controller "App\Controllers\SubjectMasters" loaded.
INFO - 2020-04-30 23:00:00 --> Updating SubjectMasters details
INFO - 2020-04-30 23:00:03 --> Controller "App\Controllers\SubjectMasters" loaded.
INFO - 2020-04-30 23:00:03 --> Fetching SubjectMasters details
INFO - 2020-04-30 23:00:49 --> Controller "App\Controllers\SubjectMasters" loaded.
INFO - 2020-04-30 23:00:49 --> Updating SubjectMasters details
INFO - 2020-04-30 23:00:51 --> Controller "App\Controllers\SubjectMasters" loaded.
INFO - 2020-04-30 23:00:51 --> Fetching SubjectMasters details
INFO - 2020-04-30 23:01:09 --> Controller "App\Controllers\SubjectMasters" loaded.
INFO - 2020-04-30 23:01:09 --> Updating SubjectMasters details
INFO - 2020-04-30 23:01:11 --> Controller "App\Controllers\SubjectMasters" loaded.
INFO - 2020-04-30 23:01:11 --> Fetching SubjectMasters details
INFO - 2020-04-30 23:01:30 --> Controller "App\Controllers\SubjectStandards" loaded.
INFO - 2020-04-30 23:01:30 --> Fetching Subjects details
INFO - 2020-04-30 23:05:07 --> Controller "App\Controllers\SubjectMasters" loaded.
INFO - 2020-04-30 23:05:07 --> Deleting SubjectMasters details
INFO - 2020-04-30 23:05:09 --> Controller "App\Controllers\SubjectMasters" loaded.
INFO - 2020-04-30 23:05:09 --> Fetching SubjectMasters details
INFO - 2020-04-30 23:05:11 --> Controller "App\Controllers\SubjectMasters" loaded.
INFO - 2020-04-30 23:05:11 --> Deleting SubjectMasters details
INFO - 2020-04-30 23:05:13 --> Controller "App\Controllers\SubjectMasters" loaded.
INFO - 2020-04-30 23:05:13 --> Fetching SubjectMasters details
INFO - 2020-04-30 23:06:00 --> Controller "App\Controllers\SubjectMasters" loaded.
INFO - 2020-04-30 23:06:00 --> Deleting SubjectMasters details
INFO - 2020-04-30 23:06:02 --> Controller "App\Controllers\SubjectMasters" loaded.
INFO - 2020-04-30 23:06:02 --> Fetching SubjectMasters details
INFO - 2020-04-30 23:06:03 --> Controller "App\Controllers\SubjectMasters" loaded.
INFO - 2020-04-30 23:06:03 --> Deleting SubjectMasters details
INFO - 2020-04-30 23:06:05 --> Controller "App\Controllers\SubjectMasters" loaded.
INFO - 2020-04-30 23:06:05 --> Fetching SubjectMasters details
INFO - 2020-04-30 23:07:41 --> Controller "App\Controllers\SubjectStandards" loaded.
INFO - 2020-04-30 23:07:41 --> Fetching Subjects details
INFO - 2020-04-30 23:08:19 --> Controller "App\Controllers\SubjectStandards" loaded.
INFO - 2020-04-30 23:08:19 --> Fetching Subjects details
INFO - 2020-04-30 23:42:16 --> Controller "App\Controllers\Institutions" loaded.
INFO - 2020-04-30 23:42:16 --> Controller "App\Controllers\Boards" loaded.
INFO - 2020-04-30 23:42:16 --> Fetching Boards details
INFO - 2020-04-30 23:42:16 --> Fetching Institution details
INFO - 2020-04-30 23:42:19 --> Controller "App\Controllers\Rooms" loaded.
INFO - 2020-04-30 23:42:19 --> Fetching room details
INFO - 2020-04-30 23:42:21 --> Controller "App\Controllers\Boards" loaded.
INFO - 2020-04-30 23:42:21 --> Fetching Boards details
INFO - 2020-04-30 23:42:21 --> Controller "App\Controllers\Institutions" loaded.
INFO - 2020-04-30 23:42:21 --> Fetching Institution details
INFO - 2020-04-30 23:42:43 --> Controller "App\Controllers\Institutions" loaded.
INFO - 2020-04-30 23:42:43 --> Controller "App\Controllers\Boards" loaded.
INFO - 2020-04-30 23:42:43 --> Fetching Institution details
INFO - 2020-04-30 23:42:43 --> Fetching Boards details
INFO - 2020-04-30 23:42:45 --> Controller "App\Controllers\Rooms" loaded.
INFO - 2020-04-30 23:42:45 --> Fetching room details
INFO - 2020-04-30 23:42:51 --> Controller "App\Controllers\RouteMasters" loaded.
INFO - 2020-04-30 23:42:51 --> Fetching Route Master details
INFO - 2020-04-30 23:42:52 --> Controller "App\Controllers\RouteMasters" loaded.
INFO - 2020-04-30 23:42:52 --> Fetching Route Master details
INFO - 2020-04-30 23:42:53 --> Controller "App\Controllers\Vehicles" loaded.
INFO - 2020-04-30 23:42:53 --> Fetching Vehicles details
INFO - 2020-04-30 23:42:54 --> Controller "App\Controllers\RouteMasters" loaded.
INFO - 2020-04-30 23:42:54 --> Fetching Route Master details
INFO - 2020-04-30 23:42:55 --> Controller "App\Controllers\RouteMasters" loaded.
INFO - 2020-04-30 23:42:55 --> Fetching Route Master details
INFO - 2020-04-30 23:42:58 --> Controller "App\Controllers\Rooms" loaded.
INFO - 2020-04-30 23:42:58 --> Fetching room details
INFO - 2020-04-30 23:47:28 --> Controller "App\Controllers\Boards" loaded.
INFO - 2020-04-30 23:47:28 --> Controller "App\Controllers\Institutions" loaded.
INFO - 2020-04-30 23:47:28 --> Fetching Boards details
INFO - 2020-04-30 23:47:28 --> Fetching Institution details
INFO - 2020-04-30 23:47:38 --> Controller "App\Controllers\Rooms" loaded.
INFO - 2020-04-30 23:47:38 --> Fetching room details
INFO - 2020-04-30 23:47:40 --> Controller "App\Controllers\Boards" loaded.
INFO - 2020-04-30 23:47:40 --> Fetching Boards details
INFO - 2020-04-30 23:47:40 --> Controller "App\Controllers\Institutions" loaded.
INFO - 2020-04-30 23:47:40 --> Fetching Institution details
INFO - 2020-04-30 23:48:44 --> Controller "App\Controllers\Boards" loaded.
INFO - 2020-04-30 23:48:44 --> Controller "App\Controllers\Institutions" loaded.
INFO - 2020-04-30 23:48:44 --> Fetching Institution details
INFO - 2020-04-30 23:48:44 --> Fetching Boards details
INFO - 2020-04-30 23:49:04 --> Controller "App\Controllers\Institutions" loaded.
INFO - 2020-04-30 23:49:04 --> Fetching Institution details
INFO - 2020-04-30 23:49:04 --> Controller "App\Controllers\Organizations" loaded.
INFO - 2020-04-30 23:49:04 --> Fetching Organizations details
INFO - 2020-04-30 23:49:08 --> Controller "App\Controllers\Boards" loaded.
INFO - 2020-04-30 23:49:08 --> Fetching Boards details
INFO - 2020-04-30 23:49:08 --> Controller "App\Controllers\Institutions" loaded.
INFO - 2020-04-30 23:49:08 --> Fetching Institution details
INFO - 2020-04-30 23:49:58 --> Controller "App\Controllers\Sections" loaded.
INFO - 2020-04-30 23:49:58 --> Fetching Sections details
INFO - 2020-04-30 23:50:04 --> Controller "App\Controllers\Feedbacks" loaded.
INFO - 2020-04-30 23:50:04 --> Fetching Feedback details
INFO - 2020-04-30 23:50:11 --> Controller "App\Controllers\Sections" loaded.
INFO - 2020-04-30 23:50:11 --> Fetching Sections details
INFO - 2020-04-30 23:50:12 --> Controller "App\Controllers\Sections" loaded.
INFO - 2020-04-30 23:50:12 --> Fetching Sections details
INFO - 2020-04-30 23:50:14 --> Controller "App\Controllers\Sections" loaded.
INFO - 2020-04-30 23:50:14 --> Fetching Sections details
INFO - 2020-04-30 23:50:16 --> Controller "App\Controllers\Sections" loaded.
INFO - 2020-04-30 23:50:16 --> Fetching Sections details
INFO - 2020-04-30 23:50:39 --> Controller "App\Controllers\Organizations" loaded.
INFO - 2020-04-30 23:50:39 --> Fetching Organizations details
INFO - 2020-04-30 23:50:42 --> Controller "App\Controllers\Sections" loaded.
INFO - 2020-04-30 23:50:42 --> Fetching Sections details
INFO - 2020-04-30 23:50:43 --> Controller "App\Controllers\Institutions" loaded.
INFO - 2020-04-30 23:50:43 --> Fetching Institution details
INFO - 2020-04-30 23:50:43 --> Controller "App\Controllers\Organizations" loaded.
INFO - 2020-04-30 23:50:43 --> Fetching Organizations details
INFO - 2020-04-30 23:50:50 --> Controller "App\Controllers\Sections" loaded.
INFO - 2020-04-30 23:50:50 --> Fetching Sections details
INFO - 2020-04-30 23:54:52 --> Controller "App\Controllers\Feedbacks" loaded.
INFO - 2020-04-30 23:54:52 --> Fetching Feedback details
INFO - 2020-04-30 23:54:54 --> Controller "App\Controllers\Holidays" loaded.
INFO - 2020-04-30 23:54:54 --> Fetching Holiday details
INFO - 2020-04-30 23:54:55 --> Controller "App\Controllers\Sections" loaded.
INFO - 2020-04-30 23:54:55 --> Fetching Sections details
INFO - 2020-04-30 23:54:57 --> Controller "App\Controllers\Feedbacks" loaded.
INFO - 2020-04-30 23:54:57 --> Fetching Feedback details
INFO - 2020-04-30 23:54:58 --> Controller "App\Controllers\Sections" loaded.
INFO - 2020-04-30 23:54:58 --> Fetching Sections details
INFO - 2020-04-30 23:55:00 --> Controller "App\Controllers\Sections" loaded.
INFO - 2020-04-30 23:55:00 --> Fetching Sections details
INFO - 2020-04-30 23:58:10 --> Controller "App\Controllers\Sections" loaded.
INFO - 2020-04-30 23:58:10 --> Fetching Sections details
INFO - 2020-04-30 23:58:10 --> Controller "App\Controllers\SubjectMasters" loaded.
INFO - 2020-04-30 23:58:10 --> Fetching SubjectMasters details
