INFO - 2021-03-01 10:36:45 --> Controller "App\Controllers\Users" loaded.
INFO - 2021-03-01 10:36:45 --> Fetching All User details
INFO - 2021-03-01 10:36:48 --> Controller "App\Controllers\Users" loaded.
INFO - 2021-03-01 10:36:48 --> Controller "App\Controllers\Dashboards" loaded.
INFO - 2021-03-01 10:36:48 --> Fetching All User details
INFO - 2021-03-01 10:36:48 --> Fetching Dashboard details
INFO - 2021-03-01 10:43:06 --> Controller "App\Controllers\Leads" loaded.
INFO - 2021-03-01 10:43:06 --> Fetching IIQA Details
ERROR - 2021-03-01 10:43:06 --> Table 'egenius_salesdiary.lead_institute_contact_person' doesn't exist
INFO - 2021-03-01 11:10:26 --> Controller "App\Controllers\Users" loaded.
INFO - 2021-03-01 11:10:26 --> Fetching All User details
INFO - 2021-03-01 11:10:27 --> Controller "App\Controllers\Dashboards" loaded.
INFO - 2021-03-01 11:10:27 --> Controller "App\Controllers\Users" loaded.
INFO - 2021-03-01 11:10:27 --> Fetching Dashboard details
INFO - 2021-03-01 11:10:27 --> Fetching All User details
INFO - 2021-03-01 11:17:55 --> Controller "App\Controllers\InstituteDetails" loaded.
INFO - 2021-03-01 11:17:55 --> Fetching IIQA Details
INFO - 2021-03-01 11:19:39 --> Controller "App\Controllers\Leads" loaded.
INFO - 2021-03-01 11:19:39 --> Fetching IIQA Details
ERROR - 2021-03-01 11:19:39 --> Table 'egenius_salesdiary.lead_institute_contact_person' doesn't exist
INFO - 2021-03-01 11:32:25 --> Controller "App\Controllers\Users" loaded.
INFO - 2021-03-01 11:32:25 --> Fetching All User details
INFO - 2021-03-01 11:49:11 --> Controller "App\Controllers\Dashboards" loaded.
INFO - 2021-03-01 11:49:11 --> Controller "App\Controllers\Users" loaded.
INFO - 2021-03-01 11:49:11 --> Fetching All User details
INFO - 2021-03-01 11:49:11 --> Fetching Dashboard details
INFO - 2021-03-01 11:49:12 --> Controller "App\Controllers\InstituteDetails" loaded.
INFO - 2021-03-01 11:49:12 --> Fetching IIQA Details
INFO - 2021-03-01 12:00:38 --> Controller "App\Controllers\Dashboards" loaded.
INFO - 2021-03-01 12:00:38 --> Controller "App\Controllers\Users" loaded.
INFO - 2021-03-01 12:00:38 --> Controller "App\Controllers\Users" loaded.
INFO - 2021-03-01 12:00:38 --> Fetching Dashboard details
INFO - 2021-03-01 12:00:38 --> Fetching All User details
INFO - 2021-03-01 12:00:38 --> Fetching All User details
INFO - 2021-03-01 12:02:50 --> Controller "App\Controllers\Leads" loaded.
INFO - 2021-03-01 12:02:50 --> Fetching IIQA Details
ERROR - 2021-03-01 12:02:50 --> Table 'egenius_salesdiary.lead_institute_contact_person' doesn't exist
INFO - 2021-03-01 12:04:25 --> Controller "App\Controllers\Leads" loaded.
INFO - 2021-03-01 12:04:25 --> Fetching IIQA Details
INFO - 2021-03-01 12:16:13 --> Controller "App\Controllers\Users" loaded.
INFO - 2021-03-01 12:16:13 --> Controller "App\Controllers\Dashboards" loaded.
INFO - 2021-03-01 12:16:13 --> Fetching All User details
INFO - 2021-03-01 12:16:13 --> Fetching Dashboard details
INFO - 2021-03-01 12:16:13 --> Controller "App\Controllers\Users" loaded.
INFO - 2021-03-01 12:16:13 --> Fetching All User details
INFO - 2021-03-01 12:19:28 --> Controller "App\Controllers\Leads" loaded.
INFO - 2021-03-01 12:19:28 --> Fetching IIQA Details
ERROR - 2021-03-01 12:19:28 --> Table 'egenius_salesdiary.lead_institute_contact_person' doesn't exist
INFO - 2021-03-01 12:21:20 --> Controller "App\Controllers\InstituteDetails" loaded.
INFO - 2021-03-01 12:21:20 --> Fetching IIQA Details
INFO - 2021-03-01 12:27:22 --> Controller "App\Controllers\Leads" loaded.
INFO - 2021-03-01 12:27:22 --> Fetching IIQA Details
ERROR - 2021-03-01 12:27:22 --> Table 'egenius_salesdiary.lead_institute_contact_person' doesn't exist
INFO - 2021-03-01 12:28:28 --> Controller "App\Controllers\Users" loaded.
INFO - 2021-03-01 12:28:28 --> Fetching All User details
INFO - 2021-03-01 12:28:28 --> Controller "App\Controllers\Dashboards" loaded.
INFO - 2021-03-01 12:28:28 --> Fetching Dashboard details
INFO - 2021-03-01 12:28:28 --> Controller "App\Controllers\Users" loaded.
INFO - 2021-03-01 12:28:28 --> Fetching All User details
INFO - 2021-03-01 12:29:17 --> Controller "App\Controllers\Leads" loaded.
INFO - 2021-03-01 12:29:17 --> Fetching IIQA Details
ERROR - 2021-03-01 12:29:17 --> Table 'egenius_salesdiary.lead_institute_contact_person' doesn't exist
INFO - 2021-03-01 12:32:13 --> Controller "App\Controllers\Leads" loaded.
INFO - 2021-03-01 12:32:31 --> Controller "App\Controllers\Leads" loaded.
INFO - 2021-03-01 12:33:01 --> Controller "App\Controllers\Leads" loaded.
INFO - 2021-03-01 12:33:05 --> Controller "App\Controllers\Leads" loaded.
INFO - 2021-03-01 12:33:24 --> Controller "App\Controllers\Leads" loaded.
INFO - 2021-03-01 12:42:14 --> Controller "App\Controllers\Users" loaded.
INFO - 2021-03-01 12:42:14 --> Controller "App\Controllers\Dashboards" loaded.
INFO - 2021-03-01 12:42:14 --> Fetching All User details
INFO - 2021-03-01 12:42:14 --> Fetching Dashboard details
INFO - 2021-03-01 12:42:14 --> Controller "App\Controllers\Users" loaded.
INFO - 2021-03-01 12:42:14 --> Fetching All User details
INFO - 2021-03-01 12:42:33 --> Controller "App\Controllers\Users" loaded.
INFO - 2021-03-01 12:42:33 --> Fetching All User details
INFO - 2021-03-01 12:42:33 --> Controller "App\Controllers\Dashboards" loaded.
INFO - 2021-03-01 12:42:33 --> Controller "App\Controllers\Users" loaded.
INFO - 2021-03-01 12:42:33 --> Fetching All User details
INFO - 2021-03-01 12:42:33 --> Fetching Dashboard details
INFO - 2021-03-01 12:43:36 --> Controller "App\Controllers\Leads" loaded.
INFO - 2021-03-01 12:43:36 --> Fetching IIQA Details
ERROR - 2021-03-01 12:43:36 --> Table 'egenius_salesdiary.lead_institute_contact_person' doesn't exist
INFO - 2021-03-01 12:52:54 --> Controller "App\Controllers\Users" loaded.
INFO - 2021-03-01 12:52:54 --> Fetching All User details
INFO - 2021-03-01 12:52:54 --> Controller "App\Controllers\Users" loaded.
INFO - 2021-03-01 12:52:54 --> Fetching All User details
INFO - 2021-03-01 12:52:54 --> Controller "App\Controllers\Dashboards" loaded.
INFO - 2021-03-01 12:52:54 --> Fetching Dashboard details
INFO - 2021-03-01 12:53:46 --> Controller "App\Controllers\Leads" loaded.
INFO - 2021-03-01 12:53:46 --> Fetching IIQA Details
INFO - 2021-03-01 12:53:48 --> Controller "App\Controllers\Dashboards" loaded.
INFO - 2021-03-01 12:53:48 --> Fetching Dashboard details
INFO - 2021-03-01 13:50:28 --> Controller "App\Controllers\Users" loaded.
INFO - 2021-03-01 13:50:28 --> Fetching All User details
INFO - 2021-03-01 13:50:28 --> Controller "App\Controllers\Dashboards" loaded.
INFO - 2021-03-01 13:50:28 --> Controller "App\Controllers\Users" loaded.
INFO - 2021-03-01 13:50:28 --> Fetching Dashboard details
INFO - 2021-03-01 13:50:28 --> Fetching All User details
INFO - 2021-03-01 13:52:54 --> Controller "App\Controllers\Users" loaded.
INFO - 2021-03-01 13:52:54 --> Controller "App\Controllers\Dashboards" loaded.
INFO - 2021-03-01 13:52:54 --> Fetching All User details
INFO - 2021-03-01 13:52:54 --> Controller "App\Controllers\Users" loaded.
INFO - 2021-03-01 13:52:54 --> Fetching Dashboard details
INFO - 2021-03-01 13:52:54 --> Fetching All User details
INFO - 2021-03-01 13:53:08 --> Controller "App\Controllers\Dashboards" loaded.
INFO - 2021-03-01 13:53:08 --> Controller "App\Controllers\SchedulePlanner" loaded.
INFO - 2021-03-01 13:53:08 --> Fetching IIQA Details
INFO - 2021-03-01 13:53:08 --> Fetching Dashboard details
INFO - 2021-03-01 13:53:10 --> Controller "App\Controllers\SchedulePlanner" loaded.
INFO - 2021-03-01 13:53:10 --> Fetching IIQA Details
INFO - 2021-03-01 13:53:10 --> Controller "App\Controllers\InstituteDetails" loaded.
INFO - 2021-03-01 13:53:10 --> Fetching IIQA Details
INFO - 2021-03-01 13:54:11 --> Controller "App\Controllers\Dashboards" loaded.
INFO - 2021-03-01 13:54:11 --> Controller "App\Controllers\Users" loaded.
INFO - 2021-03-01 13:54:11 --> Fetching All User details
INFO - 2021-03-01 13:54:11 --> Fetching Dashboard details
INFO - 2021-03-01 13:54:34 --> Controller "App\Controllers\Pincode" loaded.
INFO - 2021-03-01 14:02:00 --> Controller "App\Controllers\Leads" loaded.
INFO - 2021-03-01 14:02:00 --> Fetching IIQA Details
INFO - 2021-03-01 14:02:02 --> Controller "App\Controllers\Dashboards" loaded.
INFO - 2021-03-01 14:02:02 --> Fetching Dashboard details
INFO - 2021-03-01 14:02:04 --> Controller "App\Controllers\InstituteDetails" loaded.
INFO - 2021-03-01 14:02:04 --> Fetching IIQA Details
INFO - 2021-03-01 14:02:18 --> Controller "App\Controllers\Leads" loaded.
INFO - 2021-03-01 14:02:18 --> Fetching IIQA Details
INFO - 2021-03-01 14:02:18 --> Controller "App\Controllers\InstituteDetails" loaded.
INFO - 2021-03-01 14:02:18 --> Fetching IIQA Details
INFO - 2021-03-01 14:02:42 --> Controller "App\Controllers\InstituteDetails" loaded.
INFO - 2021-03-01 14:02:42 --> Fetching IIQA Details
INFO - 2021-03-01 14:03:52 --> Controller "App\Controllers\SchedulePlanner" loaded.
INFO - 2021-03-01 14:03:52 --> Fetching IIQA Details
INFO - 2021-03-01 14:03:58 --> Controller "App\Controllers\InstitutePricingHistory" loaded.
INFO - 2021-03-01 14:03:58 --> Fetching IIQA Details
INFO - 2021-03-01 14:04:41 --> Controller "App\Controllers\InstituteDetails" loaded.
INFO - 2021-03-01 14:04:41 --> Fetching IIQA Details
INFO - 2021-03-01 14:04:43 --> Controller "App\Controllers\Leads" loaded.
INFO - 2021-03-01 14:04:43 --> Fetching IIQA Details
INFO - 2021-03-01 14:04:43 --> Controller "App\Controllers\InstituteDetails" loaded.
INFO - 2021-03-01 14:04:43 --> Fetching IIQA Details
INFO - 2021-03-01 14:07:18 --> Controller "App\Controllers\Pincode" loaded.
INFO - 2021-03-01 14:07:28 --> Controller "App\Controllers\Pincode" loaded.
INFO - 2021-03-01 14:07:35 --> Controller "App\Controllers\Pincode" loaded.
INFO - 2021-03-01 14:07:46 --> Controller "App\Controllers\Pincode" loaded.
INFO - 2021-03-01 14:16:17 --> Controller "App\Controllers\Pincode" loaded.
INFO - 2021-03-01 14:39:05 --> Controller "App\Controllers\Leads" loaded.
INFO - 2021-03-01 14:39:05 --> Fetching IIQA Details
INFO - 2021-03-01 14:39:07 --> Controller "App\Controllers\Dashboards" loaded.
INFO - 2021-03-01 14:39:07 --> Fetching Dashboard details
INFO - 2021-03-01 14:39:09 --> Controller "App\Controllers\InstituteDetails" loaded.
INFO - 2021-03-01 14:39:09 --> Fetching IIQA Details
INFO - 2021-03-01 14:39:17 --> Controller "App\Controllers\Leads" loaded.
INFO - 2021-03-01 14:39:17 --> Fetching IIQA Details
INFO - 2021-03-01 14:39:17 --> Controller "App\Controllers\InstituteDetails" loaded.
INFO - 2021-03-01 14:39:17 --> Fetching IIQA Details
INFO - 2021-03-01 14:39:39 --> Controller "App\Controllers\InstituteDetails" loaded.
INFO - 2021-03-01 14:39:39 --> Fetching IIQA Details
INFO - 2021-03-01 14:40:00 --> Controller "App\Controllers\SchedulePlanner" loaded.
INFO - 2021-03-01 14:40:00 --> Fetching IIQA Details
INFO - 2021-03-01 14:40:04 --> Controller "App\Controllers\InstituteDetails" loaded.
INFO - 2021-03-01 14:40:04 --> Fetching IIQA Details
INFO - 2021-03-01 14:43:08 --> Controller "App\Controllers\InstituteDetails" loaded.
INFO - 2021-03-01 14:43:08 --> Fetching IIQA Details
INFO - 2021-03-01 14:43:08 --> Controller "App\Controllers\Leads" loaded.
INFO - 2021-03-01 14:43:08 --> Fetching IIQA Details
INFO - 2021-03-01 14:48:36 --> Controller "App\Controllers\InstituteDetails" loaded.
INFO - 2021-03-01 14:48:36 --> Fetching IIQA Details
INFO - 2021-03-01 15:21:42 --> Controller "App\Controllers\Leads" loaded.
INFO - 2021-03-01 15:21:42 --> Controller "App\Controllers\InstituteDetails" loaded.
INFO - 2021-03-01 15:21:42 --> Fetching IIQA Details
INFO - 2021-03-01 15:21:42 --> Fetching IIQA Details
INFO - 2021-03-01 15:21:45 --> Controller "App\Controllers\InstituteDetails" loaded.
INFO - 2021-03-01 15:21:45 --> Fetching IIQA Details
INFO - 2021-03-01 15:25:01 --> Controller "App\Controllers\Leads" loaded.
INFO - 2021-03-01 15:25:01 --> Controller "App\Controllers\InstituteDetails" loaded.
INFO - 2021-03-01 15:25:01 --> Fetching IIQA Details
INFO - 2021-03-01 15:25:01 --> Fetching IIQA Details
INFO - 2021-03-01 15:25:58 --> Controller "App\Controllers\InstituteDetails" loaded.
INFO - 2021-03-01 15:25:58 --> Fetching IIQA Details
INFO - 2021-03-01 15:27:17 --> Controller "App\Controllers\Leads" loaded.
INFO - 2021-03-01 15:27:17 --> Fetching IIQA Details
INFO - 2021-03-01 15:27:17 --> Controller "App\Controllers\InstituteDetails" loaded.
INFO - 2021-03-01 15:27:17 --> Fetching IIQA Details
INFO - 2021-03-01 15:29:03 --> Controller "App\Controllers\Leads" loaded.
INFO - 2021-03-01 15:29:03 --> Fetching IIQA Details
INFO - 2021-03-01 15:29:03 --> Controller "App\Controllers\InstituteDetails" loaded.
INFO - 2021-03-01 15:29:03 --> Fetching IIQA Details
INFO - 2021-03-01 15:29:07 --> Controller "App\Controllers\InstituteDetails" loaded.
INFO - 2021-03-01 15:29:07 --> Fetching IIQA Details
INFO - 2021-03-01 15:32:54 --> Controller "App\Controllers\InstituteDetails" loaded.
INFO - 2021-03-01 15:32:54 --> Fetching IIQA Details
INFO - 2021-03-01 15:38:30 --> Controller "App\Controllers\InstituteDetails" loaded.
INFO - 2021-03-01 15:38:30 --> Fetching IIQA Details
INFO - 2021-03-01 15:46:45 --> Controller "App\Controllers\Users" loaded.
INFO - 2021-03-01 15:46:45 --> Controller "App\Controllers\Users" loaded.
INFO - 2021-03-01 15:46:45 --> Fetching All User details
INFO - 2021-03-01 15:46:45 --> Controller "App\Controllers\Dashboards" loaded.
INFO - 2021-03-01 15:46:45 --> Fetching All User details
INFO - 2021-03-01 15:46:45 --> Fetching Dashboard details
INFO - 2021-03-01 15:48:04 --> Controller "App\Controllers\Dashboards" loaded.
INFO - 2021-03-01 15:48:04 --> Controller "App\Controllers\Users" loaded.
INFO - 2021-03-01 15:48:04 --> Controller "App\Controllers\Users" loaded.
INFO - 2021-03-01 15:48:04 --> Fetching All User details
INFO - 2021-03-01 15:48:04 --> Fetching All User details
INFO - 2021-03-01 15:48:04 --> Fetching Dashboard details
INFO - 2021-03-01 15:48:09 --> Controller "App\Controllers\InstituteDetails" loaded.
INFO - 2021-03-01 15:48:09 --> Fetching IIQA Details
INFO - 2021-03-01 15:48:11 --> Controller "App\Controllers\Leads" loaded.
INFO - 2021-03-01 15:48:11 --> Fetching IIQA Details
INFO - 2021-03-01 15:48:11 --> Controller "App\Controllers\InstituteDetails" loaded.
INFO - 2021-03-01 15:48:11 --> Fetching IIQA Details
INFO - 2021-03-01 15:48:18 --> Controller "App\Controllers\Users" loaded.
INFO - 2021-03-01 15:48:18 --> Fetching All User details
INFO - 2021-03-01 15:48:18 --> Controller "App\Controllers\Dashboards" loaded.
INFO - 2021-03-01 15:48:18 --> Controller "App\Controllers\Users" loaded.
INFO - 2021-03-01 15:48:18 --> Fetching All User details
INFO - 2021-03-01 15:48:18 --> Fetching Dashboard details
INFO - 2021-03-01 15:48:20 --> Controller "App\Controllers\InstituteDetails" loaded.
INFO - 2021-03-01 15:48:20 --> Fetching IIQA Details
INFO - 2021-03-01 15:48:22 --> Controller "App\Controllers\Leads" loaded.
INFO - 2021-03-01 15:48:22 --> Fetching IIQA Details
INFO - 2021-03-01 15:48:22 --> Controller "App\Controllers\InstituteDetails" loaded.
INFO - 2021-03-01 15:48:22 --> Fetching IIQA Details
INFO - 2021-03-01 15:50:02 --> Controller "App\Controllers\Users" loaded.
INFO - 2021-03-01 15:50:02 --> Controller "App\Controllers\Users" loaded.
INFO - 2021-03-01 15:50:02 --> Controller "App\Controllers\Dashboards" loaded.
INFO - 2021-03-01 15:50:02 --> Fetching All User details
INFO - 2021-03-01 15:50:02 --> Fetching All User details
INFO - 2021-03-01 15:50:02 --> Fetching Dashboard details
INFO - 2021-03-01 15:50:15 --> Controller "App\Controllers\InstituteDetails" loaded.
INFO - 2021-03-01 15:50:15 --> Fetching IIQA Details
INFO - 2021-03-01 15:50:22 --> Controller "App\Controllers\Users" loaded.
INFO - 2021-03-01 15:50:22 --> Controller "App\Controllers\Users" loaded.
INFO - 2021-03-01 15:50:22 --> Controller "App\Controllers\Dashboards" loaded.
INFO - 2021-03-01 15:50:22 --> Fetching All User details
INFO - 2021-03-01 15:50:22 --> Fetching All User details
INFO - 2021-03-01 15:50:22 --> Fetching Dashboard details
INFO - 2021-03-01 15:50:24 --> Controller "App\Controllers\InstituteDetails" loaded.
INFO - 2021-03-01 15:50:24 --> Fetching IIQA Details
INFO - 2021-03-01 15:50:26 --> Controller "App\Controllers\Leads" loaded.
INFO - 2021-03-01 15:50:26 --> Fetching IIQA Details
INFO - 2021-03-01 15:50:26 --> Controller "App\Controllers\InstituteDetails" loaded.
INFO - 2021-03-01 15:50:26 --> Fetching IIQA Details
INFO - 2021-03-01 15:50:46 --> Controller "App\Controllers\Users" loaded.
INFO - 2021-03-01 15:50:46 --> Fetching All User details
INFO - 2021-03-01 15:50:46 --> Controller "App\Controllers\Dashboards" loaded.
INFO - 2021-03-01 15:50:46 --> Fetching Dashboard details
INFO - 2021-03-01 15:50:46 --> Controller "App\Controllers\Users" loaded.
INFO - 2021-03-01 15:50:46 --> Fetching All User details
INFO - 2021-03-01 15:50:47 --> Controller "App\Controllers\InstituteDetails" loaded.
INFO - 2021-03-01 15:50:47 --> Fetching IIQA Details
INFO - 2021-03-01 15:50:49 --> Controller "App\Controllers\Leads" loaded.
INFO - 2021-03-01 15:50:49 --> Controller "App\Controllers\InstituteDetails" loaded.
INFO - 2021-03-01 15:50:49 --> Fetching IIQA Details
INFO - 2021-03-01 15:50:49 --> Fetching IIQA Details
INFO - 2021-03-01 15:52:37 --> Controller "App\Controllers\Users" loaded.
INFO - 2021-03-01 15:52:37 --> Fetching All User details
INFO - 2021-03-01 15:52:37 --> Controller "App\Controllers\Users" loaded.
INFO - 2021-03-01 15:52:37 --> Controller "App\Controllers\Dashboards" loaded.
INFO - 2021-03-01 15:52:37 --> Fetching All User details
INFO - 2021-03-01 15:52:37 --> Fetching Dashboard details
INFO - 2021-03-01 15:52:40 --> Controller "App\Controllers\InstituteDetails" loaded.
INFO - 2021-03-01 15:52:40 --> Fetching IIQA Details
INFO - 2021-03-01 15:52:42 --> Controller "App\Controllers\Leads" loaded.
INFO - 2021-03-01 15:52:42 --> Fetching IIQA Details
INFO - 2021-03-01 15:52:42 --> Controller "App\Controllers\InstituteDetails" loaded.
INFO - 2021-03-01 15:52:42 --> Fetching IIQA Details
INFO - 2021-03-01 15:53:33 --> Controller "App\Controllers\Leads" loaded.
INFO - 2021-03-01 15:53:33 --> Fetching IIQA Details
INFO - 2021-03-01 15:53:35 --> Controller "App\Controllers\Leads" loaded.
INFO - 2021-03-01 15:53:35 --> Fetching IIQA Details
INFO - 2021-03-01 15:53:42 --> Controller "App\Controllers\Leads" loaded.
INFO - 2021-03-01 15:53:42 --> Fetching IIQA Details
INFO - 2021-03-01 15:53:42 --> Controller "App\Controllers\InstituteDetails" loaded.
INFO - 2021-03-01 15:53:42 --> Fetching IIQA Details
INFO - 2021-03-01 15:57:34 --> Controller "App\Controllers\InstituteDetails" loaded.
INFO - 2021-03-01 15:57:34 --> Fetching IIQA Details
INFO - 2021-03-01 15:59:29 --> Controller "App\Controllers\Leads" loaded.
INFO - 2021-03-01 15:59:29 --> Fetching IIQA Details
INFO - 2021-03-01 15:59:29 --> Controller "App\Controllers\InstituteDetails" loaded.
INFO - 2021-03-01 15:59:29 --> Fetching IIQA Details
INFO - 2021-03-01 15:59:32 --> Controller "App\Controllers\InstituteDetails" loaded.
INFO - 2021-03-01 15:59:32 --> Fetching IIQA Details
INFO - 2021-03-01 16:00:18 --> Controller "App\Controllers\Users" loaded.
INFO - 2021-03-01 16:00:18 --> Controller "App\Controllers\Dashboards" loaded.
INFO - 2021-03-01 16:00:18 --> Controller "App\Controllers\Users" loaded.
INFO - 2021-03-01 16:00:18 --> Fetching All User details
INFO - 2021-03-01 16:00:18 --> Fetching All User details
INFO - 2021-03-01 16:00:18 --> Fetching Dashboard details
INFO - 2021-03-01 16:00:19 --> Controller "App\Controllers\InstituteDetails" loaded.
INFO - 2021-03-01 16:00:19 --> Fetching IIQA Details
INFO - 2021-03-01 16:00:21 --> Controller "App\Controllers\Leads" loaded.
INFO - 2021-03-01 16:00:21 --> Fetching IIQA Details
INFO - 2021-03-01 16:00:21 --> Controller "App\Controllers\InstituteDetails" loaded.
INFO - 2021-03-01 16:00:21 --> Fetching IIQA Details
INFO - 2021-03-01 16:00:31 --> Controller "App\Controllers\InstituteDetails" loaded.
INFO - 2021-03-01 16:00:31 --> Fetching IIQA Details
INFO - 2021-03-01 16:01:00 --> Controller "App\Controllers\Users" loaded.
INFO - 2021-03-01 16:01:00 --> Controller "App\Controllers\Dashboards" loaded.
INFO - 2021-03-01 16:01:00 --> Fetching All User details
INFO - 2021-03-01 16:01:00 --> Controller "App\Controllers\Users" loaded.
INFO - 2021-03-01 16:01:00 --> Fetching All User details
INFO - 2021-03-01 16:01:00 --> Fetching Dashboard details
INFO - 2021-03-01 16:01:02 --> Controller "App\Controllers\InstituteDetails" loaded.
INFO - 2021-03-01 16:01:02 --> Fetching IIQA Details
INFO - 2021-03-01 16:01:03 --> Controller "App\Controllers\Leads" loaded.
INFO - 2021-03-01 16:01:03 --> Fetching IIQA Details
INFO - 2021-03-01 16:01:03 --> Controller "App\Controllers\InstituteDetails" loaded.
INFO - 2021-03-01 16:01:03 --> Fetching IIQA Details
INFO - 2021-03-01 16:01:18 --> Controller "App\Controllers\InstituteDetails" loaded.
INFO - 2021-03-01 16:01:18 --> Fetching IIQA Details
INFO - 2021-03-01 16:03:30 --> Controller "App\Controllers\Leads" loaded.
INFO - 2021-03-01 16:03:30 --> Fetching IIQA Details
INFO - 2021-03-01 16:03:30 --> Controller "App\Controllers\InstituteDetails" loaded.
INFO - 2021-03-01 16:03:30 --> Fetching IIQA Details
INFO - 2021-03-01 16:03:35 --> Controller "App\Controllers\InstituteDetails" loaded.
INFO - 2021-03-01 16:03:35 --> Fetching IIQA Details
INFO - 2021-03-01 16:03:57 --> Controller "App\Controllers\InstituteDetails" loaded.
INFO - 2021-03-01 16:03:57 --> Fetching IIQA Details
INFO - 2021-03-01 16:06:01 --> Controller "App\Controllers\Users" loaded.
INFO - 2021-03-01 16:06:01 --> Fetching All User details
INFO - 2021-03-01 16:06:01 --> Controller "App\Controllers\Dashboards" loaded.
INFO - 2021-03-01 16:06:01 --> Controller "App\Controllers\Users" loaded.
INFO - 2021-03-01 16:06:01 --> Fetching Dashboard details
INFO - 2021-03-01 16:06:01 --> Fetching All User details
INFO - 2021-03-01 16:06:03 --> Controller "App\Controllers\InstituteDetails" loaded.
INFO - 2021-03-01 16:06:03 --> Fetching IIQA Details
INFO - 2021-03-01 16:06:05 --> Controller "App\Controllers\InstituteDetails" loaded.
INFO - 2021-03-01 16:06:05 --> Controller "App\Controllers\Leads" loaded.
INFO - 2021-03-01 16:06:05 --> Fetching IIQA Details
INFO - 2021-03-01 16:06:05 --> Fetching IIQA Details
INFO - 2021-03-01 16:06:11 --> Controller "App\Controllers\InstituteDetails" loaded.
INFO - 2021-03-01 16:06:11 --> Fetching IIQA Details
INFO - 2021-03-01 16:08:16 --> Controller "App\Controllers\Users" loaded.
INFO - 2021-03-01 16:08:16 --> Controller "App\Controllers\Dashboards" loaded.
INFO - 2021-03-01 16:08:16 --> Fetching All User details
INFO - 2021-03-01 16:08:16 --> Controller "App\Controllers\Users" loaded.
INFO - 2021-03-01 16:08:16 --> Fetching Dashboard details
INFO - 2021-03-01 16:08:16 --> Fetching All User details
INFO - 2021-03-01 16:08:21 --> Controller "App\Controllers\InstituteDetails" loaded.
INFO - 2021-03-01 16:08:21 --> Fetching IIQA Details
INFO - 2021-03-01 16:08:25 --> Controller "App\Controllers\Leads" loaded.
INFO - 2021-03-01 16:08:25 --> Fetching IIQA Details
INFO - 2021-03-01 16:08:25 --> Controller "App\Controllers\InstituteDetails" loaded.
INFO - 2021-03-01 16:08:25 --> Fetching IIQA Details
INFO - 2021-03-01 16:08:29 --> Controller "App\Controllers\InstituteDetails" loaded.
INFO - 2021-03-01 16:08:29 --> Fetching IIQA Details
INFO - 2021-03-01 16:09:33 --> Controller "App\Controllers\Users" loaded.
INFO - 2021-03-01 16:09:33 --> Fetching All User details
INFO - 2021-03-01 16:09:33 --> Controller "App\Controllers\Dashboards" loaded.
INFO - 2021-03-01 16:09:33 --> Controller "App\Controllers\Users" loaded.
INFO - 2021-03-01 16:09:33 --> Fetching All User details
INFO - 2021-03-01 16:09:33 --> Fetching Dashboard details
INFO - 2021-03-01 16:09:35 --> Controller "App\Controllers\InstituteDetails" loaded.
INFO - 2021-03-01 16:09:35 --> Fetching IIQA Details
INFO - 2021-03-01 16:09:38 --> Controller "App\Controllers\Leads" loaded.
INFO - 2021-03-01 16:09:38 --> Fetching IIQA Details
INFO - 2021-03-01 16:09:38 --> Controller "App\Controllers\InstituteDetails" loaded.
INFO - 2021-03-01 16:09:38 --> Fetching IIQA Details
INFO - 2021-03-01 16:09:42 --> Controller "App\Controllers\InstituteDetails" loaded.
INFO - 2021-03-01 16:09:42 --> Fetching IIQA Details
INFO - 2021-03-01 16:10:18 --> Controller "App\Controllers\Dashboards" loaded.
INFO - 2021-03-01 16:10:18 --> Controller "App\Controllers\Users" loaded.
INFO - 2021-03-01 16:10:18 --> Fetching All User details
INFO - 2021-03-01 16:10:18 --> Fetching Dashboard details
INFO - 2021-03-01 16:10:18 --> Controller "App\Controllers\Users" loaded.
INFO - 2021-03-01 16:10:18 --> Fetching All User details
INFO - 2021-03-01 16:11:03 --> Controller "App\Controllers\Users" loaded.
INFO - 2021-03-01 16:11:03 --> Fetching All User details
INFO - 2021-03-01 16:11:03 --> Controller "App\Controllers\Dashboards" loaded.
INFO - 2021-03-01 16:11:03 --> Controller "App\Controllers\Users" loaded.
INFO - 2021-03-01 16:11:03 --> Fetching All User details
INFO - 2021-03-01 16:11:03 --> Fetching Dashboard details
INFO - 2021-03-01 16:11:14 --> Controller "App\Controllers\InstituteDetails" loaded.
INFO - 2021-03-01 16:11:14 --> Fetching IIQA Details
INFO - 2021-03-01 16:11:16 --> Controller "App\Controllers\Leads" loaded.
INFO - 2021-03-01 16:11:16 --> Fetching IIQA Details
INFO - 2021-03-01 16:11:16 --> Controller "App\Controllers\InstituteDetails" loaded.
INFO - 2021-03-01 16:11:16 --> Fetching IIQA Details
INFO - 2021-03-01 16:11:23 --> Controller "App\Controllers\InstituteDetails" loaded.
INFO - 2021-03-01 16:11:23 --> Fetching IIQA Details
INFO - 2021-03-01 16:11:44 --> Controller "App\Controllers\InstituteDetails" loaded.
INFO - 2021-03-01 16:11:44 --> Fetching IIQA Details
INFO - 2021-03-01 16:12:42 --> Controller "App\Controllers\InstituteDetails" loaded.
INFO - 2021-03-01 16:12:42 --> Fetching IIQA Details
ERROR - 2021-03-01 16:12:42 --> Table 'egenius_salesdiary.lead_institute_contact_person' doesn't exist
INFO - 2021-03-01 16:12:42 --> Controller "App\Controllers\InstituteDetails" loaded.
INFO - 2021-03-01 16:12:42 --> Fetching IIQA Details
INFO - 2021-03-01 16:13:13 --> Controller "App\Controllers\InstituteDetails" loaded.
INFO - 2021-03-01 16:13:13 --> Fetching IIQA Details
INFO - 2021-03-01 16:14:07 --> Controller "App\Controllers\InstituteDetails" loaded.
INFO - 2021-03-01 16:14:07 --> Fetching IIQA Details
ERROR - 2021-03-01 16:14:07 --> Table 'egenius_salesdiary.lead_institute_contact_person' doesn't exist
INFO - 2021-03-01 16:14:08 --> Controller "App\Controllers\InstituteDetails" loaded.
INFO - 2021-03-01 16:14:08 --> Fetching IIQA Details
INFO - 2021-03-01 16:57:15 --> Controller "App\Controllers\Users" loaded.
INFO - 2021-03-01 16:57:15 --> Controller "App\Controllers\Dashboards" loaded.
INFO - 2021-03-01 16:57:15 --> Fetching All User details
INFO - 2021-03-01 16:57:15 --> Controller "App\Controllers\Users" loaded.
INFO - 2021-03-01 16:57:15 --> Fetching Dashboard details
INFO - 2021-03-01 16:57:15 --> Fetching All User details
INFO - 2021-03-01 16:57:17 --> Controller "App\Controllers\InstituteDetails" loaded.
INFO - 2021-03-01 16:57:17 --> Fetching IIQA Details
INFO - 2021-03-01 16:57:19 --> Controller "App\Controllers\Leads" loaded.
INFO - 2021-03-01 16:57:19 --> Fetching IIQA Details
INFO - 2021-03-01 16:57:19 --> Controller "App\Controllers\InstituteDetails" loaded.
INFO - 2021-03-01 16:57:19 --> Fetching IIQA Details
INFO - 2021-03-01 16:57:23 --> Controller "App\Controllers\InstituteDetails" loaded.
INFO - 2021-03-01 16:57:23 --> Fetching IIQA Details
INFO - 2021-03-01 16:57:33 --> Controller "App\Controllers\InstituteDetails" loaded.
INFO - 2021-03-01 16:57:33 --> Fetching IIQA Details
INFO - 2021-03-01 16:57:33 --> Controller "App\Controllers\InstituteDetails" loaded.
INFO - 2021-03-01 16:57:33 --> Fetching IIQA Details
INFO - 2021-03-01 16:57:40 --> Controller "App\Controllers\InstituteDetails" loaded.
INFO - 2021-03-01 16:57:40 --> Fetching IIQA Details
INFO - 2021-03-01 16:57:41 --> Controller "App\Controllers\InstituteDetails" loaded.
INFO - 2021-03-01 16:57:41 --> Fetching IIQA Details
INFO - 2021-03-01 16:57:43 --> Controller "App\Controllers\InstituteDetails" loaded.
INFO - 2021-03-01 16:57:43 --> Fetching IIQA Details
INFO - 2021-03-01 16:58:02 --> Controller "App\Controllers\InstituteDetails" loaded.
INFO - 2021-03-01 16:58:02 --> Fetching IIQA Details
INFO - 2021-03-01 16:58:05 --> Controller "App\Controllers\InstituteDetails" loaded.
INFO - 2021-03-01 16:58:05 --> Fetching IIQA Details
INFO - 2021-03-01 16:58:06 --> Controller "App\Controllers\InstituteDetails" loaded.
INFO - 2021-03-01 16:58:06 --> Fetching IIQA Details
INFO - 2021-03-01 16:58:08 --> Controller "App\Controllers\InstituteDetails" loaded.
INFO - 2021-03-01 16:58:08 --> Fetching IIQA Details
INFO - 2021-03-01 16:58:09 --> Controller "App\Controllers\InstituteDetails" loaded.
INFO - 2021-03-01 16:58:09 --> Fetching IIQA Details
INFO - 2021-03-01 16:58:10 --> Controller "App\Controllers\InstituteDetails" loaded.
INFO - 2021-03-01 16:58:10 --> Fetching IIQA Details
INFO - 2021-03-01 16:58:11 --> Controller "App\Controllers\InstituteDetails" loaded.
INFO - 2021-03-01 16:58:11 --> Fetching IIQA Details
INFO - 2021-03-01 16:58:13 --> Controller "App\Controllers\InstituteDetails" loaded.
INFO - 2021-03-01 16:58:13 --> Fetching IIQA Details
INFO - 2021-03-01 16:59:07 --> Controller "App\Controllers\InstituteDetails" loaded.
INFO - 2021-03-01 16:59:07 --> Fetching IIQA Details
INFO - 2021-03-01 16:59:08 --> Controller "App\Controllers\InstituteDetails" loaded.
INFO - 2021-03-01 16:59:08 --> Fetching IIQA Details
INFO - 2021-03-01 16:59:09 --> Controller "App\Controllers\InstituteDetails" loaded.
INFO - 2021-03-01 16:59:09 --> Fetching IIQA Details
INFO - 2021-03-01 16:59:11 --> Controller "App\Controllers\InstituteDetails" loaded.
INFO - 2021-03-01 16:59:11 --> Fetching IIQA Details
INFO - 2021-03-01 16:59:12 --> Controller "App\Controllers\InstituteDetails" loaded.
INFO - 2021-03-01 16:59:12 --> Fetching IIQA Details
INFO - 2021-03-01 16:59:20 --> Controller "App\Controllers\InstituteDetails" loaded.
INFO - 2021-03-01 16:59:20 --> Fetching IIQA Details
INFO - 2021-03-01 16:59:22 --> Controller "App\Controllers\InstituteDetails" loaded.
INFO - 2021-03-01 16:59:22 --> Fetching IIQA Details
INFO - 2021-03-01 16:59:24 --> Controller "App\Controllers\InstituteDetails" loaded.
INFO - 2021-03-01 16:59:24 --> Fetching IIQA Details
INFO - 2021-03-01 16:59:29 --> Controller "App\Controllers\InstituteDetails" loaded.
INFO - 2021-03-01 16:59:29 --> Fetching IIQA Details
INFO - 2021-03-01 17:38:03 --> Controller "App\Controllers\Users" loaded.
INFO - 2021-03-01 17:38:03 --> Controller "App\Controllers\Users" loaded.
INFO - 2021-03-01 17:38:03 --> Fetching All User details
INFO - 2021-03-01 17:38:03 --> Fetching All User details
INFO - 2021-03-01 17:38:03 --> Controller "App\Controllers\Dashboards" loaded.
INFO - 2021-03-01 17:38:03 --> Fetching Dashboard details
INFO - 2021-03-01 17:38:10 --> Controller "App\Controllers\InstituteDetails" loaded.
INFO - 2021-03-01 17:38:10 --> Fetching IIQA Details
INFO - 2021-03-01 17:38:25 --> Controller "App\Controllers\Leads" loaded.
INFO - 2021-03-01 17:38:25 --> Controller "App\Controllers\InstituteDetails" loaded.
INFO - 2021-03-01 17:38:25 --> Fetching IIQA Details
INFO - 2021-03-01 17:38:25 --> Fetching IIQA Details
INFO - 2021-03-01 17:38:32 --> Controller "App\Controllers\InstituteDetails" loaded.
INFO - 2021-03-01 17:38:32 --> Fetching IIQA Details
INFO - 2021-03-01 17:38:38 --> Controller "App\Controllers\InstituteDetails" loaded.
INFO - 2021-03-01 17:38:38 --> Fetching IIQA Details
INFO - 2021-03-01 17:38:39 --> Controller "App\Controllers\InstituteDetails" loaded.
INFO - 2021-03-01 17:38:39 --> Fetching IIQA Details
INFO - 2021-03-01 17:38:50 --> Controller "App\Controllers\InstituteDetails" loaded.
INFO - 2021-03-01 17:38:50 --> Fetching IIQA Details
INFO - 2021-03-01 17:38:53 --> Controller "App\Controllers\InstituteDetails" loaded.
INFO - 2021-03-01 17:38:53 --> Fetching IIQA Details
INFO - 2021-03-01 17:38:55 --> Controller "App\Controllers\InstituteDetails" loaded.
INFO - 2021-03-01 17:38:55 --> Fetching IIQA Details
INFO - 2021-03-01 17:38:57 --> Controller "App\Controllers\InstituteDetails" loaded.
INFO - 2021-03-01 17:38:57 --> Fetching IIQA Details
INFO - 2021-03-01 17:38:58 --> Controller "App\Controllers\InstituteDetails" loaded.
INFO - 2021-03-01 17:38:58 --> Fetching IIQA Details
INFO - 2021-03-01 17:38:59 --> Controller "App\Controllers\InstituteDetails" loaded.
INFO - 2021-03-01 17:38:59 --> Fetching IIQA Details
INFO - 2021-03-01 17:40:26 --> Controller "App\Controllers\InstituteDetails" loaded.
INFO - 2021-03-01 17:40:26 --> Fetching IIQA Details
INFO - 2021-03-01 17:40:30 --> Controller "App\Controllers\InstituteDetails" loaded.
INFO - 2021-03-01 17:40:30 --> Fetching IIQA Details
INFO - 2021-03-01 17:42:20 --> Controller "App\Controllers\InstituteDetails" loaded.
INFO - 2021-03-01 17:42:20 --> Fetching IIQA Details
INFO - 2021-03-01 17:42:23 --> Controller "App\Controllers\Leads" loaded.
INFO - 2021-03-01 17:42:23 --> Fetching IIQA Details
INFO - 2021-03-01 17:42:23 --> Controller "App\Controllers\InstituteDetails" loaded.
INFO - 2021-03-01 17:42:23 --> Fetching IIQA Details
INFO - 2021-03-01 17:42:27 --> Controller "App\Controllers\SchedulePlanner" loaded.
INFO - 2021-03-01 17:42:27 --> Fetching IIQA Details
INFO - 2021-03-01 17:42:51 --> Controller "App\Controllers\Dashboards" loaded.
INFO - 2021-03-01 17:42:51 --> Controller "App\Controllers\Users" loaded.
INFO - 2021-03-01 17:42:51 --> Fetching Dashboard details
INFO - 2021-03-01 17:42:51 --> Fetching All User details
INFO - 2021-03-01 17:42:51 --> Controller "App\Controllers\Users" loaded.
INFO - 2021-03-01 17:42:51 --> Fetching All User details
INFO - 2021-03-01 17:43:00 --> Controller "App\Controllers\InstituteDetails" loaded.
INFO - 2021-03-01 17:43:00 --> Fetching IIQA Details
INFO - 2021-03-01 17:56:55 --> Controller "App\Controllers\InstituteDetails" loaded.
INFO - 2021-03-01 17:56:55 --> Fetching IIQA Details
INFO - 2021-03-01 17:56:57 --> Controller "App\Controllers\InstituteDetails" loaded.
INFO - 2021-03-01 17:56:57 --> Fetching IIQA Details
INFO - 2021-03-01 17:56:57 --> Controller "App\Controllers\InstituteDetails" loaded.
INFO - 2021-03-01 17:56:57 --> Fetching IIQA Details
INFO - 2021-03-01 17:56:58 --> Controller "App\Controllers\InstituteDetails" loaded.
INFO - 2021-03-01 17:56:58 --> Fetching IIQA Details
INFO - 2021-03-01 17:56:59 --> Controller "App\Controllers\InstituteDetails" loaded.
INFO - 2021-03-01 17:56:59 --> Fetching IIQA Details
INFO - 2021-03-01 17:57:00 --> Controller "App\Controllers\InstituteDetails" loaded.
INFO - 2021-03-01 17:57:00 --> Fetching IIQA Details
INFO - 2021-03-01 17:57:02 --> Controller "App\Controllers\Leads" loaded.
INFO - 2021-03-01 17:57:02 --> Fetching IIQA Details
INFO - 2021-03-01 17:57:02 --> Controller "App\Controllers\InstituteDetails" loaded.
INFO - 2021-03-01 17:57:02 --> Fetching IIQA Details
INFO - 2021-03-01 17:57:58 --> Controller "App\Controllers\Dashboards" loaded.
INFO - 2021-03-01 17:57:58 --> Controller "App\Controllers\SchedulePlanner" loaded.
INFO - 2021-03-01 17:57:58 --> Fetching IIQA Details
INFO - 2021-03-01 17:57:58 --> Fetching Dashboard details
INFO - 2021-03-01 17:58:16 --> Controller "App\Controllers\SchedulePlanner" loaded.
INFO - 2021-03-01 17:58:16 --> Controller "App\Controllers\InstituteDetails" loaded.
INFO - 2021-03-01 17:58:16 --> Fetching IIQA Details
INFO - 2021-03-01 17:58:16 --> Fetching IIQA Details
INFO - 2021-03-01 17:58:19 --> Controller "App\Controllers\SchedulePlanner" loaded.
INFO - 2021-03-01 17:58:19 --> Fetching IIQA Details
INFO - 2021-03-01 17:58:22 --> Controller "App\Controllers\SchedulePlanner" loaded.
INFO - 2021-03-01 17:58:22 --> Fetching IIQA Details
INFO - 2021-03-01 17:58:27 --> Controller "App\Controllers\InstituteDetails" loaded.
INFO - 2021-03-01 17:58:27 --> Fetching IIQA Details
INFO - 2021-03-01 17:58:27 --> Controller "App\Controllers\SchedulePlanner" loaded.
INFO - 2021-03-01 17:58:27 --> Controller "App\Controllers\EmployeeDetails" loaded.
INFO - 2021-03-01 17:58:27 --> Controller "App\Controllers\Status" loaded.
INFO - 2021-03-01 17:58:27 --> Fetching IIQA Details
INFO - 2021-03-01 17:58:27 --> Fetching IIQA Details
INFO - 2021-03-01 17:58:27 --> Fetching IIQA Details
INFO - 2021-03-01 17:58:55 --> Controller "App\Controllers\SchedulePlanner" loaded.
INFO - 2021-03-01 17:58:57 --> Controller "App\Controllers\SchedulePlanner" loaded.
INFO - 2021-03-01 17:58:57 --> Fetching IIQA Details
INFO - 2021-03-01 17:58:59 --> Controller "App\Controllers\SchedulePlanner" loaded.
INFO - 2021-03-01 17:58:59 --> Fetching IIQA Details
INFO - 2021-03-01 18:05:15 --> Controller "App\Controllers\Dashboards" loaded.
INFO - 2021-03-01 18:05:15 --> Controller "App\Controllers\SchedulePlanner" loaded.
INFO - 2021-03-01 18:05:15 --> Fetching Dashboard details
INFO - 2021-03-01 18:05:15 --> Fetching IIQA Details
INFO - 2021-03-01 18:06:10 --> Controller "App\Controllers\Users" loaded.
INFO - 2021-03-01 18:06:10 --> Controller "App\Controllers\Users" loaded.
INFO - 2021-03-01 18:06:10 --> Fetching All User details
INFO - 2021-03-01 18:06:10 --> Controller "App\Controllers\Dashboards" loaded.
INFO - 2021-03-01 18:06:10 --> Fetching All User details
INFO - 2021-03-01 18:06:10 --> Fetching Dashboard details
INFO - 2021-03-01 18:07:13 --> Controller "App\Controllers\SchedulePlanner" loaded.
INFO - 2021-03-01 18:07:13 --> Fetching IIQA Details
INFO - 2021-03-01 18:07:13 --> Controller "App\Controllers\Dashboards" loaded.
INFO - 2021-03-01 18:07:13 --> Fetching Dashboard details
INFO - 2021-03-01 18:07:28 --> Controller "App\Controllers\SchedulePlanner" loaded.
INFO - 2021-03-01 18:07:28 --> Controller "App\Controllers\InstituteDetails" loaded.
INFO - 2021-03-01 18:07:28 --> Fetching IIQA Details
INFO - 2021-03-01 18:07:28 --> Fetching IIQA Details
INFO - 2021-03-01 18:07:43 --> Controller "App\Controllers\SchedulePlanner" loaded.
INFO - 2021-03-01 18:07:43 --> Fetching IIQA Details
INFO - 2021-03-01 18:07:43 --> Controller "App\Controllers\SchedulePlanner" loaded.
INFO - 2021-03-01 18:07:43 --> Controller "App\Controllers\Status" loaded.
INFO - 2021-03-01 18:07:43 --> Controller "App\Controllers\EmployeeDetails" loaded.
INFO - 2021-03-01 18:07:43 --> Fetching IIQA Details
INFO - 2021-03-01 18:07:43 --> Fetching IIQA Details
INFO - 2021-03-01 18:07:43 --> Controller "App\Controllers\InstituteDetails" loaded.
INFO - 2021-03-01 18:07:43 --> Fetching IIQA Details
INFO - 2021-03-01 18:09:15 --> Controller "App\Controllers\SchedulePlanner" loaded.
INFO - 2021-03-01 18:09:18 --> Controller "App\Controllers\SchedulePlanner" loaded.
INFO - 2021-03-01 18:09:18 --> Fetching IIQA Details
INFO - 2021-03-01 18:09:38 --> Controller "App\Controllers\Users" loaded.
INFO - 2021-03-01 18:09:38 --> Controller "App\Controllers\Dashboards" loaded.
INFO - 2021-03-01 18:09:38 --> Fetching All User details
INFO - 2021-03-01 18:09:38 --> Controller "App\Controllers\SchedulePlanner" loaded.
INFO - 2021-03-01 18:09:38 --> Fetching Dashboard details
INFO - 2021-03-01 18:09:38 --> Fetching IIQA Details
INFO - 2021-03-01 18:09:47 --> Controller "App\Controllers\SchedulePlanner" loaded.
INFO - 2021-03-01 18:09:47 --> Fetching IIQA Details
INFO - 2021-03-01 18:09:47 --> Controller "App\Controllers\InstituteDetails" loaded.
INFO - 2021-03-01 18:09:47 --> Fetching IIQA Details
INFO - 2021-03-01 18:09:52 --> Controller "App\Controllers\SchedulePlanner" loaded.
INFO - 2021-03-01 18:09:52 --> Fetching IIQA Details
INFO - 2021-03-01 18:09:52 --> Controller "App\Controllers\InstituteDetails" loaded.
INFO - 2021-03-01 18:09:52 --> Controller "App\Controllers\EmployeeDetails" loaded.
INFO - 2021-03-01 18:09:52 --> Fetching IIQA Details
INFO - 2021-03-01 18:09:52 --> Fetching IIQA Details
INFO - 2021-03-01 18:10:10 --> Controller "App\Controllers\SchedulePlanner" loaded.
INFO - 2021-03-01 18:10:10 --> Fetching IIQA Details
INFO - 2021-03-01 18:10:10 --> Controller "App\Controllers\InstituteDetails" loaded.
INFO - 2021-03-01 18:10:10 --> Fetching IIQA Details
INFO - 2021-03-01 18:25:49 --> Controller "App\Controllers\Users" loaded.
INFO - 2021-03-01 18:25:49 --> Controller "App\Controllers\Dashboards" loaded.
INFO - 2021-03-01 18:25:49 --> Fetching All User details
INFO - 2021-03-01 18:25:49 --> Fetching Dashboard details
INFO - 2021-03-01 18:36:02 --> Controller "App\Controllers\Dashboards" loaded.
INFO - 2021-03-01 18:36:02 --> Controller "App\Controllers\SchedulePlanner" loaded.
INFO - 2021-03-01 18:36:02 --> Fetching IIQA Details
INFO - 2021-03-01 18:36:02 --> Fetching Dashboard details
INFO - 2021-03-01 18:36:05 --> Controller "App\Controllers\SchedulePlanner" loaded.
INFO - 2021-03-01 18:36:05 --> Controller "App\Controllers\InstituteDetails" loaded.
INFO - 2021-03-01 18:36:05 --> Fetching IIQA Details
INFO - 2021-03-01 18:36:05 --> Fetching IIQA Details
INFO - 2021-03-01 18:36:08 --> Controller "App\Controllers\SchedulePlanner" loaded.
INFO - 2021-03-01 18:36:08 --> Controller "App\Controllers\InstituteDetails" loaded.
INFO - 2021-03-01 18:36:08 --> Fetching IIQA Details
INFO - 2021-03-01 18:36:08 --> Fetching IIQA Details
INFO - 2021-03-01 18:36:12 --> Controller "App\Controllers\SchedulePlanner" loaded.
INFO - 2021-03-01 18:36:12 --> Controller "App\Controllers\InstituteDetails" loaded.
INFO - 2021-03-01 18:36:12 --> Fetching IIQA Details
INFO - 2021-03-01 18:36:12 --> Fetching IIQA Details
INFO - 2021-03-01 18:36:15 --> Controller "App\Controllers\SchedulePlanner" loaded.
INFO - 2021-03-01 18:36:15 --> Fetching IIQA Details
INFO - 2021-03-01 18:36:15 --> Controller "App\Controllers\SchedulePlanner" loaded.
INFO - 2021-03-01 18:36:15 --> Controller "App\Controllers\InstituteDetails" loaded.
INFO - 2021-03-01 18:36:15 --> Fetching IIQA Details
INFO - 2021-03-01 18:36:15 --> Controller "App\Controllers\EmployeeDetails" loaded.
INFO - 2021-03-01 18:36:15 --> Fetching IIQA Details
INFO - 2021-03-01 18:36:15 --> Controller "App\Controllers\Status" loaded.
INFO - 2021-03-01 18:36:15 --> Fetching IIQA Details
INFO - 2021-03-01 18:36:25 --> Controller "App\Controllers\Dashboards" loaded.
INFO - 2021-03-01 18:36:25 --> Controller "App\Controllers\SchedulePlanner" loaded.
INFO - 2021-03-01 18:36:25 --> Fetching IIQA Details
INFO - 2021-03-01 18:36:25 --> Controller "App\Controllers\Users" loaded.
INFO - 2021-03-01 18:36:25 --> Fetching Dashboard details
INFO - 2021-03-01 18:36:25 --> Fetching All User details
INFO - 2021-03-01 18:37:50 --> Controller "App\Controllers\InstituteDetails" loaded.
INFO - 2021-03-01 18:37:50 --> Controller "App\Controllers\SchedulePlanner" loaded.
INFO - 2021-03-01 18:37:50 --> Fetching IIQA Details
INFO - 2021-03-01 18:37:50 --> Fetching IIQA Details
INFO - 2021-03-01 18:37:54 --> Controller "App\Controllers\SchedulePlanner" loaded.
INFO - 2021-03-01 18:37:54 --> Fetching IIQA Details
INFO - 2021-03-01 18:37:54 --> Controller "App\Controllers\InstituteDetails" loaded.
INFO - 2021-03-01 18:37:54 --> Controller "App\Controllers\SchedulePlanner" loaded.
INFO - 2021-03-01 18:37:54 --> Fetching IIQA Details
INFO - 2021-03-01 18:37:54 --> Controller "App\Controllers\EmployeeDetails" loaded.
INFO - 2021-03-01 18:37:54 --> Fetching IIQA Details
INFO - 2021-03-01 18:37:54 --> Controller "App\Controllers\Status" loaded.
INFO - 2021-03-01 18:37:54 --> Fetching IIQA Details
INFO - 2021-03-01 18:38:02 --> Controller "App\Controllers\Dashboards" loaded.
INFO - 2021-03-01 18:38:02 --> Controller "App\Controllers\SchedulePlanner" loaded.
INFO - 2021-03-01 18:38:02 --> Fetching IIQA Details
INFO - 2021-03-01 18:38:02 --> Fetching Dashboard details
INFO - 2021-03-01 18:38:02 --> Controller "App\Controllers\Users" loaded.
INFO - 2021-03-01 18:38:02 --> Fetching All User details
INFO - 2021-03-01 18:38:52 --> Controller "App\Controllers\SchedulePlanner" loaded.
INFO - 2021-03-01 18:38:52 --> Fetching IIQA Details
INFO - 2021-03-01 18:38:52 --> Controller "App\Controllers\InstituteDetails" loaded.
INFO - 2021-03-01 18:38:52 --> Fetching IIQA Details
INFO - 2021-03-01 18:42:12 --> Controller "App\Controllers\PricingHistory" loaded.
INFO - 2021-03-01 18:42:12 --> Fetching IIQA Details
INFO - 2021-03-01 18:42:15 --> Controller "App\Controllers\UserMenu" loaded.
INFO - 2021-03-01 18:42:15 --> Fetching IIQA Details
INFO - 2021-03-01 18:42:15 --> Controller "App\Controllers\UserMenu" loaded.
INFO - 2021-03-01 18:42:15 --> Fetching IIQA Details
INFO - 2021-03-01 18:42:20 --> Controller "App\Controllers\Dashboards" loaded.
INFO - 2021-03-01 18:42:20 --> Fetching Dashboard details
INFO - 2021-03-01 18:42:20 --> Controller "App\Controllers\SchedulePlanner" loaded.
INFO - 2021-03-01 18:42:20 --> Fetching IIQA Details
INFO - 2021-03-01 18:42:22 --> Controller "App\Controllers\InstituteDetails" loaded.
INFO - 2021-03-01 18:42:22 --> Fetching IIQA Details
INFO - 2021-03-01 18:42:22 --> Controller "App\Controllers\PricingHistory" loaded.
INFO - 2021-03-01 18:42:22 --> Fetching IIQA Details
INFO - 2021-03-01 18:42:23 --> Controller "App\Controllers\PricingDetails" loaded.
INFO - 2021-03-01 18:42:23 --> Fetching IIQA Details
INFO - 2021-03-01 18:42:23 --> Controller "App\Controllers\PricingDetails" loaded.
INFO - 2021-03-01 18:42:23 --> Fetching IIQA Details
INFO - 2021-03-01 18:42:31 --> Controller "App\Controllers\SchedulePlanner" loaded.
INFO - 2021-03-01 18:42:31 --> Controller "App\Controllers\Dashboards" loaded.
INFO - 2021-03-01 18:42:31 --> Fetching IIQA Details
INFO - 2021-03-01 18:42:31 --> Controller "App\Controllers\Users" loaded.
INFO - 2021-03-01 18:42:31 --> Fetching Dashboard details
INFO - 2021-03-01 18:42:31 --> Fetching All User details
INFO - 2021-03-01 18:43:19 --> Controller "App\Controllers\PricingHistory" loaded.
INFO - 2021-03-01 18:43:19 --> Fetching IIQA Details
INFO - 2021-03-01 18:43:19 --> Controller "App\Controllers\InstituteDetails" loaded.
INFO - 2021-03-01 18:43:19 --> Fetching IIQA Details
INFO - 2021-03-01 18:43:19 --> Controller "App\Controllers\PricingDetails" loaded.
INFO - 2021-03-01 18:43:19 --> Fetching IIQA Details
INFO - 2021-03-01 18:43:19 --> Controller "App\Controllers\PricingDetails" loaded.
INFO - 2021-03-01 18:43:19 --> Fetching IIQA Details
INFO - 2021-03-01 18:43:29 --> Controller "App\Controllers\InstitutePricingHistory" loaded.
INFO - 2021-03-01 18:43:29 --> Fetching IIQA Details
INFO - 2021-03-01 18:43:34 --> Controller "App\Controllers\InstitutePricingDetails" loaded.
INFO - 2021-03-01 18:43:34 --> Fetching IIQA Details
INFO - 2021-03-01 18:44:29 --> Controller "App\Controllers\Dashboards" loaded.
INFO - 2021-03-01 18:44:29 --> Controller "App\Controllers\Users" loaded.
INFO - 2021-03-01 18:44:29 --> Fetching All User details
INFO - 2021-03-01 18:44:29 --> Fetching Dashboard details
INFO - 2021-03-01 19:41:42 --> Controller "App\Controllers\PricingHistory" loaded.
INFO - 2021-03-01 19:41:42 --> Fetching IIQA Details
INFO - 2021-03-01 19:41:44 --> Controller "App\Controllers\Dashboards" loaded.
INFO - 2021-03-01 19:41:44 --> Fetching Dashboard details
INFO - 2021-03-01 19:41:44 --> Controller "App\Controllers\SchedulePlanner" loaded.
INFO - 2021-03-01 19:41:44 --> Fetching IIQA Details
INFO - 2021-03-01 19:41:48 --> Controller "App\Controllers\PricingHistory" loaded.
INFO - 2021-03-01 19:41:48 --> Fetching IIQA Details
INFO - 2021-03-01 19:41:56 --> Controller "App\Controllers\UserMenu" loaded.
INFO - 2021-03-01 19:41:56 --> Controller "App\Controllers\UserMenu" loaded.
INFO - 2021-03-01 19:41:56 --> Fetching IIQA Details
INFO - 2021-03-01 19:41:56 --> Fetching IIQA Details
INFO - 2021-03-01 19:42:13 --> Controller "App\Controllers\UserMenu" loaded.
INFO - 2021-03-01 19:42:13 --> Fetching IIQA Details
INFO - 2021-03-01 19:42:13 --> Controller "App\Controllers\UserMenu" loaded.
INFO - 2021-03-01 19:42:13 --> Fetching IIQA Details
INFO - 2021-03-01 19:42:17 --> Controller "App\Controllers\SchedulePlanner" loaded.
INFO - 2021-03-01 19:42:17 --> Fetching IIQA Details
INFO - 2021-03-01 19:42:17 --> Controller "App\Controllers\Dashboards" loaded.
INFO - 2021-03-01 19:42:17 --> Fetching Dashboard details
INFO - 2021-03-01 19:43:21 --> Controller "App\Controllers\PricingHistory" loaded.
INFO - 2021-03-01 19:43:21 --> Fetching IIQA Details
INFO - 2021-03-01 19:43:21 --> Controller "App\Controllers\InstituteDetails" loaded.
INFO - 2021-03-01 19:43:21 --> Fetching IIQA Details
INFO - 2021-03-01 19:43:22 --> Controller "App\Controllers\PricingDetails" loaded.
INFO - 2021-03-01 19:43:22 --> Controller "App\Controllers\PricingDetails" loaded.
INFO - 2021-03-01 19:43:22 --> Fetching IIQA Details
INFO - 2021-03-01 19:43:22 --> Fetching IIQA Details
INFO - 2021-03-01 19:43:26 --> Controller "App\Controllers\InstitutePricingHistory" loaded.
INFO - 2021-03-01 19:43:26 --> Fetching IIQA Details
INFO - 2021-03-01 19:45:09 --> Controller "App\Controllers\InstitutePricingHistory" loaded.
INFO - 2021-03-01 19:45:13 --> Controller "App\Controllers\PricingHistory" loaded.
INFO - 2021-03-01 19:45:13 --> Fetching IIQA Details
INFO - 2021-03-01 19:45:13 --> Controller "App\Controllers\InstituteDetails" loaded.
INFO - 2021-03-01 19:45:13 --> Fetching IIQA Details
INFO - 2021-03-01 19:45:14 --> Controller "App\Controllers\PricingDetails" loaded.
INFO - 2021-03-01 19:45:14 --> Fetching IIQA Details
INFO - 2021-03-01 19:45:14 --> Controller "App\Controllers\PricingDetails" loaded.
INFO - 2021-03-01 19:45:14 --> Fetching IIQA Details
INFO - 2021-03-01 19:45:17 --> Controller "App\Controllers\InstitutePricingHistory" loaded.
INFO - 2021-03-01 19:45:17 --> Fetching IIQA Details
INFO - 2021-03-01 19:45:22 --> Controller "App\Controllers\InstitutePricingDetails" loaded.
INFO - 2021-03-01 19:45:22 --> Fetching IIQA Details
INFO - 2021-03-01 19:46:09 --> Controller "App\Controllers\Users" loaded.
INFO - 2021-03-01 19:46:09 --> Fetching All User details
INFO - 2021-03-01 19:46:09 --> Controller "App\Controllers\Dashboards" loaded.
INFO - 2021-03-01 19:46:09 --> Fetching Dashboard details
INFO - 2021-03-01 19:46:24 --> Controller "App\Controllers\Users" loaded.
INFO - 2021-03-01 19:46:24 --> Fetching All User details
INFO - 2021-03-01 19:46:24 --> Controller "App\Controllers\Dashboards" loaded.
INFO - 2021-03-01 19:46:24 --> Fetching Dashboard details
INFO - 2021-03-01 19:46:24 --> Controller "App\Controllers\Users" loaded.
INFO - 2021-03-01 19:46:24 --> Fetching All User details
INFO - 2021-03-01 19:47:08 --> Controller "App\Controllers\Users" loaded.
INFO - 2021-03-01 19:47:08 --> Fetching All User details
INFO - 2021-03-01 19:47:08 --> Controller "App\Controllers\Dashboards" loaded.
INFO - 2021-03-01 19:47:08 --> Fetching Dashboard details
INFO - 2021-03-01 19:47:08 --> Controller "App\Controllers\Users" loaded.
INFO - 2021-03-01 19:47:08 --> Fetching All User details
