INFO - 2020-05-02 01:24:51 --> Controller "App\Controllers\SubjectStandards" loaded.
INFO - 2020-05-02 01:24:51 --> Fetching Subjects details
INFO - 2020-05-02 01:32:07 --> Controller "App\Controllers\SubjectMasters" loaded.
INFO - 2020-05-02 01:32:07 --> Controller "App\Controllers\Sections" loaded.
INFO - 2020-05-02 01:32:07 --> Fetching SubjectMasters details
INFO - 2020-05-02 01:32:07 --> Fetching Sections details
INFO - 2020-05-02 01:32:10 --> Controller "App\Controllers\SubjectStandards" loaded.
INFO - 2020-05-02 01:32:10 --> Fetching Subjects details
INFO - 2020-05-02 01:33:38 --> Controller "App\Controllers\SubjectMasters" loaded.
INFO - 2020-05-02 01:33:38 --> Fetching SubjectMasters details
INFO - 2020-05-02 01:33:38 --> Controller "App\Controllers\Sections" loaded.
INFO - 2020-05-02 01:33:38 --> Fetching Sections details
INFO - 2020-05-02 01:33:40 --> Controller "App\Controllers\SubjectStandards" loaded.
INFO - 2020-05-02 01:33:40 --> Fetching Subjects details
INFO - 2020-05-02 01:54:35 --> Controller "App\Controllers\SubjectMasters" loaded.
INFO - 2020-05-02 01:54:35 --> Fetching SubjectMasters details
INFO - 2020-05-02 01:54:35 --> Controller "App\Controllers\Sections" loaded.
INFO - 2020-05-02 01:54:35 --> Fetching Sections details
INFO - 2020-05-02 03:48:42 --> Controller "App\Controllers\SubjectMasters" loaded.
INFO - 2020-05-02 03:48:42 --> Controller "App\Controllers\Sections" loaded.
INFO - 2020-05-02 03:48:42 --> Fetching SubjectMasters details
INFO - 2020-05-02 03:48:42 --> Fetching Sections details
INFO - 2020-05-02 03:48:53 --> Controller "App\Controllers\SubjectStandards" loaded.
INFO - 2020-05-02 03:48:53 --> Fetching Subjects details
INFO - 2020-05-02 03:59:16 --> Controller "App\Controllers\Sections" loaded.
INFO - 2020-05-02 03:59:16 --> Fetching Sections details
INFO - 2020-05-02 03:59:16 --> Controller "App\Controllers\SubjectMasters" loaded.
INFO - 2020-05-02 03:59:16 --> Fetching SubjectMasters details
INFO - 2020-05-02 04:02:24 --> Controller "App\Controllers\Sections" loaded.
INFO - 2020-05-02 04:02:24 --> Controller "App\Controllers\SubjectMasters" loaded.
INFO - 2020-05-02 04:02:24 --> Fetching SubjectMasters details
INFO - 2020-05-02 04:02:24 --> Fetching Sections details
INFO - 2020-05-02 04:02:27 --> Controller "App\Controllers\SubjectStandards" loaded.
INFO - 2020-05-02 04:02:27 --> Fetching Subjects details
INFO - 2020-05-02 04:03:47 --> Controller "App\Controllers\SubjectMasters" loaded.
INFO - 2020-05-02 04:03:47 --> Fetching SubjectMasters details
INFO - 2020-05-02 04:03:47 --> Controller "App\Controllers\Sections" loaded.
INFO - 2020-05-02 04:03:47 --> Fetching Sections details
INFO - 2020-05-02 04:05:36 --> Controller "App\Controllers\SubjectMasters" loaded.
INFO - 2020-05-02 04:05:36 --> Controller "App\Controllers\Sections" loaded.
INFO - 2020-05-02 04:05:36 --> Fetching SubjectMasters details
INFO - 2020-05-02 04:05:36 --> Fetching Sections details
INFO - 2020-05-02 04:13:45 --> Controller "App\Controllers\SubjectMasters" loaded.
INFO - 2020-05-02 04:13:45 --> Fetching SubjectMasters details
INFO - 2020-05-02 04:13:45 --> Controller "App\Controllers\Sections" loaded.
INFO - 2020-05-02 04:13:45 --> Fetching Sections details
INFO - 2020-05-02 04:14:39 --> Controller "App\Controllers\SubjectMasters" loaded.
INFO - 2020-05-02 04:14:39 --> Controller "App\Controllers\Sections" loaded.
INFO - 2020-05-02 04:14:39 --> Fetching SubjectMasters details
INFO - 2020-05-02 04:14:39 --> Fetching Sections details
INFO - 2020-05-02 04:15:16 --> Controller "App\Controllers\SubjectMasters" loaded.
INFO - 2020-05-02 04:15:16 --> Controller "App\Controllers\Sections" loaded.
INFO - 2020-05-02 04:15:16 --> Fetching SubjectMasters details
INFO - 2020-05-02 04:15:16 --> Fetching Sections details
INFO - 2020-05-02 04:20:28 --> Controller "App\Controllers\SubjectMasters" loaded.
INFO - 2020-05-02 04:20:28 --> Controller "App\Controllers\Sections" loaded.
INFO - 2020-05-02 04:20:28 --> Fetching SubjectMasters details
INFO - 2020-05-02 04:20:28 --> Fetching Sections details
INFO - 2020-05-02 04:23:56 --> Controller "App\Controllers\SubjectMasters" loaded.
INFO - 2020-05-02 04:23:56 --> Fetching SubjectMasters details
INFO - 2020-05-02 04:23:56 --> Controller "App\Controllers\Sections" loaded.
INFO - 2020-05-02 04:23:56 --> Fetching Sections details
INFO - 2020-05-02 04:24:25 --> Controller "App\Controllers\Sections" loaded.
INFO - 2020-05-02 04:24:25 --> Fetching Sections details
INFO - 2020-05-02 04:24:25 --> Controller "App\Controllers\SubjectMasters" loaded.
INFO - 2020-05-02 04:24:25 --> Fetching SubjectMasters details
INFO - 2020-05-02 04:25:11 --> Controller "App\Controllers\SubjectMasters" loaded.
INFO - 2020-05-02 04:25:11 --> Fetching SubjectMasters details
INFO - 2020-05-02 04:25:11 --> Controller "App\Controllers\Sections" loaded.
INFO - 2020-05-02 04:25:11 --> Fetching Sections details
INFO - 2020-05-02 04:25:53 --> Controller "App\Controllers\SubjectMasters" loaded.
INFO - 2020-05-02 04:25:53 --> Fetching SubjectMasters details
INFO - 2020-05-02 04:25:53 --> Controller "App\Controllers\Sections" loaded.
INFO - 2020-05-02 04:25:53 --> Fetching Sections details
INFO - 2020-05-02 04:31:35 --> Controller "App\Controllers\SubjectMasters" loaded.
INFO - 2020-05-02 04:31:35 --> Fetching SubjectMasters details
INFO - 2020-05-02 04:31:35 --> Controller "App\Controllers\Sections" loaded.
INFO - 2020-05-02 04:31:35 --> Fetching Sections details
INFO - 2020-05-02 04:32:30 --> Controller "App\Controllers\SubjectMasters" loaded.
INFO - 2020-05-02 04:32:30 --> Fetching SubjectMasters details
INFO - 2020-05-02 04:32:30 --> Controller "App\Controllers\Sections" loaded.
INFO - 2020-05-02 04:32:30 --> Fetching Sections details
INFO - 2020-05-02 04:39:28 --> Controller "App\Controllers\SubjectMasters" loaded.
INFO - 2020-05-02 04:39:28 --> Fetching SubjectMasters details
INFO - 2020-05-02 04:39:28 --> Controller "App\Controllers\Sections" loaded.
INFO - 2020-05-02 04:39:28 --> Fetching Sections details
INFO - 2020-05-02 05:08:18 --> Controller "App\Controllers\SubjectMasters" loaded.
INFO - 2020-05-02 05:08:18 --> Fetching SubjectMasters details
INFO - 2020-05-02 05:08:18 --> Controller "App\Controllers\Sections" loaded.
INFO - 2020-05-02 05:08:18 --> Fetching Sections details
INFO - 2020-05-02 05:27:01 --> Controller "App\Controllers\Sections" loaded.
INFO - 2020-05-02 05:27:01 --> Controller "App\Controllers\SubjectMasters" loaded.
INFO - 2020-05-02 05:27:01 --> Fetching SubjectMasters details
INFO - 2020-05-02 05:27:01 --> Fetching Sections details
INFO - 2020-05-02 05:28:34 --> Controller "App\Controllers\SubjectMasters" loaded.
INFO - 2020-05-02 05:28:34 --> Controller "App\Controllers\Sections" loaded.
INFO - 2020-05-02 05:28:34 --> Fetching SubjectMasters details
INFO - 2020-05-02 05:28:34 --> Fetching Sections details
INFO - 2020-05-02 05:32:33 --> Controller "App\Controllers\SubjectMasters" loaded.
INFO - 2020-05-02 05:32:33 --> Controller "App\Controllers\Sections" loaded.
INFO - 2020-05-02 05:32:33 --> Fetching SubjectMasters details
INFO - 2020-05-02 05:32:33 --> Fetching Sections details
INFO - 2020-05-02 05:36:42 --> Controller "App\Controllers\SubjectMasters" loaded.
INFO - 2020-05-02 05:36:42 --> Fetching SubjectMasters details
INFO - 2020-05-02 05:36:42 --> Controller "App\Controllers\Sections" loaded.
INFO - 2020-05-02 05:36:42 --> Fetching Sections details
INFO - 2020-05-02 05:36:55 --> Controller "App\Controllers\SubjectStandards" loaded.
INFO - 2020-05-02 05:36:55 --> Fetching Subjects details
INFO - 2020-05-02 05:37:11 --> Controller "App\Controllers\SubjectMasters" loaded.
INFO - 2020-05-02 05:37:11 --> Controller "App\Controllers\Sections" loaded.
INFO - 2020-05-02 05:37:11 --> Fetching SubjectMasters details
INFO - 2020-05-02 05:37:11 --> Fetching Sections details
INFO - 2020-05-02 05:42:42 --> Controller "App\Controllers\SubjectMasters" loaded.
INFO - 2020-05-02 05:42:42 --> Fetching SubjectMasters details
INFO - 2020-05-02 05:42:42 --> Controller "App\Controllers\Sections" loaded.
INFO - 2020-05-02 05:42:42 --> Fetching Sections details
INFO - 2020-05-02 05:42:46 --> Controller "App\Controllers\SubjectStandards" loaded.
INFO - 2020-05-02 05:42:46 --> Fetching Subjects details
INFO - 2020-05-02 05:54:15 --> Controller "App\Controllers\SubjectMasters" loaded.
INFO - 2020-05-02 05:54:15 --> Fetching SubjectMasters details
INFO - 2020-05-02 05:54:15 --> Controller "App\Controllers\Sections" loaded.
INFO - 2020-05-02 05:54:15 --> Fetching Sections details
INFO - 2020-05-02 05:54:32 --> Controller "App\Controllers\SubjectStandards" loaded.
INFO - 2020-05-02 05:54:32 --> Fetching Subjects details
INFO - 2020-05-02 05:56:29 --> Controller "App\Controllers\SubjectMasters" loaded.
INFO - 2020-05-02 05:56:29 --> Fetching SubjectMasters details
INFO - 2020-05-02 05:56:29 --> Controller "App\Controllers\Sections" loaded.
INFO - 2020-05-02 05:56:29 --> Fetching Sections details
INFO - 2020-05-02 05:56:32 --> Controller "App\Controllers\SubjectStandards" loaded.
INFO - 2020-05-02 05:56:32 --> Fetching Subjects details
INFO - 2020-05-02 05:57:24 --> Controller "App\Controllers\SubjectMasters" loaded.
INFO - 2020-05-02 05:57:24 --> Controller "App\Controllers\Sections" loaded.
INFO - 2020-05-02 05:57:24 --> Fetching SubjectMasters details
INFO - 2020-05-02 05:57:24 --> Fetching Sections details
INFO - 2020-05-02 05:57:32 --> Controller "App\Controllers\SubjectStandards" loaded.
INFO - 2020-05-02 05:57:32 --> Fetching Subjects details
INFO - 2020-05-02 06:01:22 --> Controller "App\Controllers\SubjectMasters" loaded.
INFO - 2020-05-02 06:01:22 --> Fetching SubjectMasters details
INFO - 2020-05-02 06:01:22 --> Controller "App\Controllers\Sections" loaded.
INFO - 2020-05-02 06:01:22 --> Fetching Sections details
INFO - 2020-05-02 06:01:27 --> Controller "App\Controllers\SubjectStandards" loaded.
INFO - 2020-05-02 06:01:27 --> Fetching Subjects details
INFO - 2020-05-02 06:02:36 --> Controller "App\Controllers\SubjectMasters" loaded.
INFO - 2020-05-02 06:02:36 --> Controller "App\Controllers\Sections" loaded.
INFO - 2020-05-02 06:02:36 --> Fetching SubjectMasters details
INFO - 2020-05-02 06:02:36 --> Fetching Sections details
INFO - 2020-05-02 06:07:23 --> Controller "App\Controllers\SubjectMasters" loaded.
INFO - 2020-05-02 06:07:23 --> Fetching SubjectMasters details
INFO - 2020-05-02 06:08:57 --> Controller "App\Controllers\Sections" loaded.
INFO - 2020-05-02 06:08:57 --> Controller "App\Controllers\SubjectMasters" loaded.
INFO - 2020-05-02 06:08:57 --> Fetching SubjectMasters details
INFO - 2020-05-02 06:08:57 --> Fetching Sections details
INFO - 2020-05-02 06:09:17 --> Controller "App\Controllers\SubjectMasters" loaded.
INFO - 2020-05-02 06:09:17 --> Fetching SubjectMasters details
INFO - 2020-05-02 06:09:17 --> Controller "App\Controllers\Sections" loaded.
INFO - 2020-05-02 06:09:17 --> Fetching Sections details
INFO - 2020-05-02 06:09:46 --> Controller "App\Controllers\SubjectMasters" loaded.
INFO - 2020-05-02 06:09:46 --> Controller "App\Controllers\Sections" loaded.
INFO - 2020-05-02 06:09:46 --> Fetching SubjectMasters details
INFO - 2020-05-02 06:09:46 --> Fetching Sections details
INFO - 2020-05-02 06:13:51 --> Controller "App\Controllers\SubjectMasters" loaded.
INFO - 2020-05-02 06:13:51 --> Controller "App\Controllers\Sections" loaded.
INFO - 2020-05-02 06:13:51 --> Fetching SubjectMasters details
INFO - 2020-05-02 06:13:51 --> Fetching Sections details
INFO - 2020-05-02 06:14:42 --> Controller "App\Controllers\SubjectMasters" loaded.
INFO - 2020-05-02 06:14:42 --> Fetching SubjectMasters details
INFO - 2020-05-02 06:14:42 --> Controller "App\Controllers\Sections" loaded.
INFO - 2020-05-02 06:14:42 --> Fetching Sections details
INFO - 2020-05-02 06:17:23 --> Controller "App\Controllers\SubjectMasters" loaded.
INFO - 2020-05-02 06:17:23 --> Fetching SubjectMasters details
INFO - 2020-05-02 06:17:23 --> Controller "App\Controllers\Sections" loaded.
INFO - 2020-05-02 06:17:23 --> Fetching Sections details
INFO - 2020-05-02 06:33:43 --> Controller "App\Controllers\SubjectMasters" loaded.
INFO - 2020-05-02 06:33:43 --> Controller "App\Controllers\Sections" loaded.
INFO - 2020-05-02 06:33:43 --> Fetching SubjectMasters details
INFO - 2020-05-02 06:33:43 --> Fetching Sections details
INFO - 2020-05-02 06:34:30 --> Controller "App\Controllers\SubjectMasters" loaded.
INFO - 2020-05-02 06:34:30 --> Fetching SubjectMasters details
INFO - 2020-05-02 06:34:30 --> Controller "App\Controllers\Sections" loaded.
INFO - 2020-05-02 06:34:30 --> Fetching Sections details
INFO - 2020-05-02 06:34:46 --> Controller "App\Controllers\SubjectStandards" loaded.
INFO - 2020-05-02 06:34:46 --> Fetching Subjects details
INFO - 2020-05-02 06:37:22 --> Controller "App\Controllers\SubjectMasters" loaded.
INFO - 2020-05-02 06:37:22 --> Fetching SubjectMasters details
INFO - 2020-05-02 06:37:22 --> Controller "App\Controllers\Sections" loaded.
INFO - 2020-05-02 06:37:22 --> Fetching Sections details
INFO - 2020-05-02 06:37:32 --> Controller "App\Controllers\SubjectMasters" loaded.
INFO - 2020-05-02 06:37:32 --> Controller "App\Controllers\Sections" loaded.
INFO - 2020-05-02 06:37:32 --> Fetching SubjectMasters details
INFO - 2020-05-02 06:37:32 --> Fetching Sections details
INFO - 2020-05-02 06:37:45 --> Controller "App\Controllers\SubjectMasters" loaded.
INFO - 2020-05-02 06:37:45 --> Fetching SubjectMasters details
INFO - 2020-05-02 06:37:45 --> Controller "App\Controllers\Sections" loaded.
INFO - 2020-05-02 06:37:45 --> Fetching Sections details
INFO - 2020-05-02 06:37:54 --> Controller "App\Controllers\SubjectStandards" loaded.
INFO - 2020-05-02 06:37:54 --> Fetching Subjects details
INFO - 2020-05-02 06:38:21 --> Controller "App\Controllers\SubjectMasters" loaded.
INFO - 2020-05-02 06:38:21 --> Fetching SubjectMasters details
INFO - 2020-05-02 06:38:21 --> Controller "App\Controllers\Sections" loaded.
INFO - 2020-05-02 06:38:21 --> Fetching Sections details
INFO - 2020-05-02 06:38:23 --> Controller "App\Controllers\SubjectStandards" loaded.
INFO - 2020-05-02 06:38:23 --> Fetching Subjects details
INFO - 2020-05-02 06:43:17 --> Controller "App\Controllers\SubjectMasters" loaded.
INFO - 2020-05-02 06:43:17 --> Fetching SubjectMasters details
INFO - 2020-05-02 06:43:17 --> Controller "App\Controllers\Sections" loaded.
INFO - 2020-05-02 06:43:17 --> Fetching Sections details
INFO - 2020-05-02 06:43:19 --> Controller "App\Controllers\SubjectStandards" loaded.
INFO - 2020-05-02 06:43:19 --> Fetching Subjects details
INFO - 2020-05-02 06:44:12 --> Controller "App\Controllers\SubjectMasters" loaded.
INFO - 2020-05-02 06:44:12 --> Fetching SubjectMasters details
INFO - 2020-05-02 06:44:12 --> Controller "App\Controllers\Sections" loaded.
INFO - 2020-05-02 06:44:12 --> Fetching Sections details
INFO - 2020-05-02 06:44:14 --> Controller "App\Controllers\SubjectStandards" loaded.
INFO - 2020-05-02 06:44:14 --> Fetching Subjects details
INFO - 2020-05-02 06:45:30 --> Controller "App\Controllers\SubjectMasters" loaded.
INFO - 2020-05-02 06:45:30 --> Fetching SubjectMasters details
INFO - 2020-05-02 06:45:30 --> Controller "App\Controllers\Sections" loaded.
INFO - 2020-05-02 06:45:30 --> Fetching Sections details
INFO - 2020-05-02 06:45:32 --> Controller "App\Controllers\SubjectStandards" loaded.
INFO - 2020-05-02 06:45:32 --> Fetching Subjects details
INFO - 2020-05-02 06:47:56 --> Controller "App\Controllers\SubjectMasters" loaded.
INFO - 2020-05-02 06:47:56 --> Fetching SubjectMasters details
INFO - 2020-05-02 06:47:56 --> Controller "App\Controllers\Sections" loaded.
INFO - 2020-05-02 06:47:56 --> Fetching Sections details
INFO - 2020-05-02 06:47:58 --> Controller "App\Controllers\SubjectStandards" loaded.
INFO - 2020-05-02 06:47:58 --> Fetching Subjects details
INFO - 2020-05-02 06:49:13 --> Controller "App\Controllers\SubjectMasters" loaded.
INFO - 2020-05-02 06:49:13 --> Fetching SubjectMasters details
INFO - 2020-05-02 06:49:13 --> Controller "App\Controllers\Sections" loaded.
INFO - 2020-05-02 06:49:13 --> Fetching Sections details
INFO - 2020-05-02 06:49:15 --> Controller "App\Controllers\SubjectStandards" loaded.
INFO - 2020-05-02 06:49:15 --> Fetching Subjects details
INFO - 2020-05-02 06:51:19 --> Controller "App\Controllers\SubjectMasters" loaded.
INFO - 2020-05-02 06:51:19 --> Controller "App\Controllers\Sections" loaded.
INFO - 2020-05-02 06:51:19 --> Fetching SubjectMasters details
INFO - 2020-05-02 06:51:19 --> Fetching Sections details
INFO - 2020-05-02 06:51:21 --> Controller "App\Controllers\SubjectStandards" loaded.
INFO - 2020-05-02 06:51:21 --> Fetching Subjects details
INFO - 2020-05-02 06:52:09 --> Controller "App\Controllers\SubjectMasters" loaded.
INFO - 2020-05-02 06:52:09 --> Fetching SubjectMasters details
INFO - 2020-05-02 06:52:09 --> Controller "App\Controllers\Sections" loaded.
INFO - 2020-05-02 06:52:09 --> Fetching Sections details
INFO - 2020-05-02 06:52:13 --> Controller "App\Controllers\SubjectStandards" loaded.
INFO - 2020-05-02 06:52:13 --> Fetching Subjects details
INFO - 2020-05-02 06:52:38 --> Controller "App\Controllers\SubjectMasters" loaded.
INFO - 2020-05-02 06:52:38 --> Fetching SubjectMasters details
INFO - 2020-05-02 06:52:38 --> Controller "App\Controllers\Sections" loaded.
INFO - 2020-05-02 06:52:38 --> Fetching Sections details
INFO - 2020-05-02 06:52:41 --> Controller "App\Controllers\SubjectStandards" loaded.
INFO - 2020-05-02 06:52:41 --> Fetching Subjects details
INFO - 2020-05-02 06:53:52 --> Controller "App\Controllers\SubjectMasters" loaded.
INFO - 2020-05-02 06:53:52 --> Fetching SubjectMasters details
INFO - 2020-05-02 06:53:52 --> Controller "App\Controllers\Sections" loaded.
INFO - 2020-05-02 06:53:52 --> Fetching Sections details
INFO - 2020-05-02 06:53:55 --> Controller "App\Controllers\SubjectStandards" loaded.
INFO - 2020-05-02 06:53:55 --> Fetching Subjects details
INFO - 2020-05-02 07:00:31 --> Controller "App\Controllers\SubjectMasters" loaded.
INFO - 2020-05-02 07:00:31 --> Fetching SubjectMasters details
INFO - 2020-05-02 07:00:31 --> Controller "App\Controllers\Sections" loaded.
INFO - 2020-05-02 07:00:31 --> Fetching Sections details
INFO - 2020-05-02 07:11:25 --> Controller "App\Controllers\SubjectMasters" loaded.
INFO - 2020-05-02 07:11:25 --> Fetching SubjectMasters details
INFO - 2020-05-02 07:11:25 --> Controller "App\Controllers\Sections" loaded.
INFO - 2020-05-02 07:11:25 --> Fetching Sections details
INFO - 2020-05-02 07:12:04 --> Controller "App\Controllers\SubjectMasters" loaded.
INFO - 2020-05-02 07:12:04 --> Fetching SubjectMasters details
INFO - 2020-05-02 07:12:04 --> Controller "App\Controllers\Sections" loaded.
INFO - 2020-05-02 07:12:04 --> Fetching Sections details
INFO - 2020-05-02 07:30:16 --> Controller "App\Controllers\Sections" loaded.
INFO - 2020-05-02 07:30:16 --> Fetching Sections details
INFO - 2020-05-02 07:30:16 --> Controller "App\Controllers\SubjectMasters" loaded.
INFO - 2020-05-02 07:30:16 --> Fetching SubjectMasters details
INFO - 2020-05-02 07:39:45 --> Controller "App\Controllers\SubjectMasters" loaded.
INFO - 2020-05-02 07:39:45 --> Fetching SubjectMasters details
INFO - 2020-05-02 07:39:45 --> Controller "App\Controllers\Sections" loaded.
INFO - 2020-05-02 07:39:45 --> Fetching Sections details
INFO - 2020-05-02 07:40:26 --> Controller "App\Controllers\SubjectMasters" loaded.
INFO - 2020-05-02 07:40:26 --> Fetching SubjectMasters details
INFO - 2020-05-02 07:40:27 --> Controller "App\Controllers\Sections" loaded.
INFO - 2020-05-02 07:40:27 --> Fetching Sections details
INFO - 2020-05-02 07:41:03 --> Controller "App\Controllers\SubjectMasters" loaded.
INFO - 2020-05-02 07:41:03 --> Fetching SubjectMasters details
INFO - 2020-05-02 07:41:03 --> Controller "App\Controllers\Sections" loaded.
INFO - 2020-05-02 07:41:03 --> Fetching Sections details
INFO - 2020-05-02 07:41:17 --> Controller "App\Controllers\SubjectMasters" loaded.
INFO - 2020-05-02 07:41:17 --> Fetching SubjectMasters details
INFO - 2020-05-02 07:41:17 --> Controller "App\Controllers\Sections" loaded.
INFO - 2020-05-02 07:41:17 --> Fetching Sections details
INFO - 2020-05-02 07:52:36 --> Controller "App\Controllers\SubjectMasters" loaded.
INFO - 2020-05-02 07:52:36 --> Controller "App\Controllers\Sections" loaded.
INFO - 2020-05-02 07:52:36 --> Fetching SubjectMasters details
INFO - 2020-05-02 07:52:36 --> Fetching Sections details
INFO - 2020-05-02 07:55:10 --> Controller "App\Controllers\SubjectMasters" loaded.
INFO - 2020-05-02 07:55:10 --> Fetching SubjectMasters details
INFO - 2020-05-02 07:55:10 --> Controller "App\Controllers\Sections" loaded.
INFO - 2020-05-02 07:55:10 --> Fetching Sections details
INFO - 2020-05-02 08:15:40 --> Controller "App\Controllers\SubjectMasters" loaded.
INFO - 2020-05-02 08:15:40 --> Fetching SubjectMasters details
INFO - 2020-05-02 08:15:40 --> Controller "App\Controllers\Sections" loaded.
INFO - 2020-05-02 08:15:40 --> Fetching Sections details
INFO - 2020-05-02 08:23:02 --> Controller "App\Controllers\SubjectMasters" loaded.
INFO - 2020-05-02 08:23:02 --> Fetching SubjectMasters details
INFO - 2020-05-02 08:23:02 --> Controller "App\Controllers\Sections" loaded.
INFO - 2020-05-02 08:23:02 --> Fetching Sections details
INFO - 2020-05-02 08:26:08 --> Controller "App\Controllers\SubjectMasters" loaded.
INFO - 2020-05-02 08:26:08 --> Fetching SubjectMasters details
INFO - 2020-05-02 08:26:08 --> Controller "App\Controllers\Sections" loaded.
INFO - 2020-05-02 08:26:08 --> Fetching Sections details
INFO - 2020-05-02 08:26:10 --> Controller "App\Controllers\SubjectStandards" loaded.
INFO - 2020-05-02 08:26:10 --> Fetching Subjects details
INFO - 2020-05-02 08:26:40 --> Controller "App\Controllers\Sections" loaded.
INFO - 2020-05-02 08:26:40 --> Fetching Sections details
INFO - 2020-05-02 08:26:40 --> Controller "App\Controllers\SubjectMasters" loaded.
INFO - 2020-05-02 08:26:40 --> Fetching SubjectMasters details
INFO - 2020-05-02 08:27:09 --> Controller "App\Controllers\SubjectMasters" loaded.
INFO - 2020-05-02 08:27:09 --> Fetching SubjectMasters details
INFO - 2020-05-02 08:27:09 --> Controller "App\Controllers\Sections" loaded.
INFO - 2020-05-02 08:27:09 --> Fetching Sections details
INFO - 2020-05-02 08:28:07 --> Controller "App\Controllers\SubjectMasters" loaded.
INFO - 2020-05-02 08:28:07 --> Fetching SubjectMasters details
INFO - 2020-05-02 08:28:07 --> Controller "App\Controllers\Sections" loaded.
INFO - 2020-05-02 08:28:07 --> Fetching Sections details
INFO - 2020-05-02 08:31:22 --> Controller "App\Controllers\SubjectMasters" loaded.
INFO - 2020-05-02 08:31:22 --> Fetching SubjectMasters details
INFO - 2020-05-02 08:31:22 --> Controller "App\Controllers\Sections" loaded.
INFO - 2020-05-02 08:31:22 --> Fetching Sections details
INFO - 2020-05-02 08:34:24 --> Controller "App\Controllers\SubjectMasters" loaded.
INFO - 2020-05-02 08:34:24 --> Fetching SubjectMasters details
INFO - 2020-05-02 08:34:24 --> Controller "App\Controllers\Sections" loaded.
INFO - 2020-05-02 08:34:24 --> Fetching Sections details
INFO - 2020-05-02 08:38:55 --> Controller "App\Controllers\SubjectMasters" loaded.
INFO - 2020-05-02 08:38:55 --> Fetching SubjectMasters details
INFO - 2020-05-02 08:39:20 --> Controller "App\Controllers\SubjectMasters" loaded.
INFO - 2020-05-02 08:39:20 --> Fetching SubjectMasters details
INFO - 2020-05-02 08:39:56 --> Controller "App\Controllers\SubjectMasters" loaded.
INFO - 2020-05-02 08:39:56 --> Inserting SubjectMasters details
INFO - 2020-05-02 08:39:56 --> Controller "App\Controllers\SubjectMasters" loaded.
INFO - 2020-05-02 08:39:56 --> Fetching SubjectMasters details
INFO - 2020-05-02 08:41:59 --> Controller "App\Controllers\SubjectMasters" loaded.
INFO - 2020-05-02 08:41:59 --> Controller "App\Controllers\Sections" loaded.
INFO - 2020-05-02 08:42:00 --> Fetching SubjectMasters details
INFO - 2020-05-02 08:42:00 --> Fetching Sections details
INFO - 2020-05-02 08:45:58 --> Controller "App\Controllers\Users" loaded.
INFO - 2020-05-02 08:45:58 --> Fetching Users details
INFO - 2020-05-02 08:46:06 --> Controller "App\Controllers\Users" loaded.
INFO - 2020-05-02 08:46:06 --> Fetching Users details
INFO - 2020-05-02 08:46:16 --> Controller "App\Controllers\Sections" loaded.
INFO - 2020-05-02 08:46:16 --> Fetching Sections details
INFO - 2020-05-02 08:46:17 --> Controller "App\Controllers\SubjectMasters" loaded.
INFO - 2020-05-02 08:46:17 --> Fetching SubjectMasters details
INFO - 2020-05-02 08:47:08 --> Controller "App\Controllers\SubjectMasters" loaded.
INFO - 2020-05-02 08:47:08 --> Inserting SubjectMasters details
INFO - 2020-05-02 08:47:09 --> Controller "App\Controllers\SubjectMasters" loaded.
INFO - 2020-05-02 08:47:09 --> Fetching SubjectMasters details
INFO - 2020-05-02 08:49:37 --> Controller "App\Controllers\SubjectMasters" loaded.
INFO - 2020-05-02 08:49:37 --> Fetching SubjectMasters details
INFO - 2020-05-02 08:49:37 --> Controller "App\Controllers\Sections" loaded.
INFO - 2020-05-02 08:49:37 --> Fetching Sections details
INFO - 2020-05-02 09:05:39 --> Controller "App\Controllers\SubjectMasters" loaded.
INFO - 2020-05-02 09:05:39 --> Inserting SubjectMasters details
INFO - 2020-05-02 09:05:40 --> Controller "App\Controllers\SubjectMasters" loaded.
INFO - 2020-05-02 09:05:40 --> Fetching SubjectMasters details
INFO - 2020-05-02 09:27:37 --> Controller "App\Controllers\SubjectMasters" loaded.
INFO - 2020-05-02 09:27:37 --> Controller "App\Controllers\Sections" loaded.
INFO - 2020-05-02 09:27:37 --> Fetching SubjectMasters details
INFO - 2020-05-02 09:27:37 --> Fetching Sections details
INFO - 2020-05-02 09:39:01 --> Controller "App\Controllers\SubjectMasters" loaded.
INFO - 2020-05-02 09:39:01 --> Controller "App\Controllers\Sections" loaded.
INFO - 2020-05-02 09:39:01 --> Fetching SubjectMasters details
INFO - 2020-05-02 09:39:01 --> Fetching Sections details
INFO - 2020-05-02 14:26:15 --> Controller "App\Controllers\SubjectMasters" loaded.
INFO - 2020-05-02 14:26:15 --> Controller "App\Controllers\Sections" loaded.
INFO - 2020-05-02 14:26:15 --> Fetching Sections details
INFO - 2020-05-02 14:26:15 --> Fetching SubjectMasters details
INFO - 2020-05-02 14:26:38 --> Controller "App\Controllers\SubjectMasters" loaded.
INFO - 2020-05-02 14:26:38 --> Fetching SubjectMasters details
INFO - 2020-05-02 14:26:38 --> Controller "App\Controllers\Sections" loaded.
INFO - 2020-05-02 14:26:38 --> Fetching Sections details
INFO - 2020-05-02 14:27:56 --> Controller "App\Controllers\Sections" loaded.
INFO - 2020-05-02 14:27:56 --> Fetching Sections details
INFO - 2020-05-02 14:27:56 --> Controller "App\Controllers\SubjectMasters" loaded.
INFO - 2020-05-02 14:27:56 --> Fetching SubjectMasters details
INFO - 2020-05-02 14:30:19 --> Controller "App\Controllers\SubjectMasters" loaded.
INFO - 2020-05-02 14:30:19 --> Controller "App\Controllers\Sections" loaded.
INFO - 2020-05-02 14:30:19 --> Fetching SubjectMasters details
INFO - 2020-05-02 14:30:19 --> Fetching Sections details
INFO - 2020-05-02 14:34:52 --> Controller "App\Controllers\SubjectMasters" loaded.
INFO - 2020-05-02 14:34:52 --> Fetching SubjectMasters details
INFO - 2020-05-02 14:34:52 --> Controller "App\Controllers\Sections" loaded.
INFO - 2020-05-02 14:34:52 --> Fetching Sections details
INFO - 2020-05-02 14:36:05 --> Controller "App\Controllers\SubjectMasters" loaded.
INFO - 2020-05-02 14:36:05 --> Fetching SubjectMasters details
INFO - 2020-05-02 14:36:05 --> Controller "App\Controllers\Sections" loaded.
INFO - 2020-05-02 14:36:05 --> Fetching Sections details
INFO - 2020-05-02 14:36:49 --> Controller "App\Controllers\SubjectMasters" loaded.
INFO - 2020-05-02 14:36:49 --> Fetching SubjectMasters details
INFO - 2020-05-02 14:36:49 --> Controller "App\Controllers\Sections" loaded.
INFO - 2020-05-02 14:36:49 --> Fetching Sections details
INFO - 2020-05-02 14:38:17 --> Controller "App\Controllers\SubjectMasters" loaded.
INFO - 2020-05-02 14:38:17 --> Fetching SubjectMasters details
INFO - 2020-05-02 14:38:17 --> Controller "App\Controllers\Sections" loaded.
INFO - 2020-05-02 14:38:17 --> Fetching Sections details
INFO - 2020-05-02 14:42:29 --> Controller "App\Controllers\SubjectMasters" loaded.
INFO - 2020-05-02 14:42:29 --> Fetching SubjectMasters details
INFO - 2020-05-02 14:42:29 --> Controller "App\Controllers\Sections" loaded.
INFO - 2020-05-02 14:42:29 --> Fetching Sections details
INFO - 2020-05-02 14:43:52 --> Controller "App\Controllers\SubjectMasters" loaded.
INFO - 2020-05-02 14:43:52 --> Controller "App\Controllers\Sections" loaded.
INFO - 2020-05-02 14:43:52 --> Fetching SubjectMasters details
INFO - 2020-05-02 14:43:52 --> Fetching Sections details
INFO - 2020-05-02 14:48:28 --> Controller "App\Controllers\SubjectMasters" loaded.
INFO - 2020-05-02 14:48:28 --> Fetching SubjectMasters details
INFO - 2020-05-02 14:48:28 --> Controller "App\Controllers\Sections" loaded.
INFO - 2020-05-02 14:48:28 --> Fetching Sections details
INFO - 2020-05-02 14:58:01 --> Controller "App\Controllers\SubjectMasters" loaded.
INFO - 2020-05-02 14:58:01 --> Controller "App\Controllers\Sections" loaded.
INFO - 2020-05-02 14:58:01 --> Fetching SubjectMasters details
INFO - 2020-05-02 14:58:01 --> Fetching Sections details
INFO - 2020-05-02 14:58:58 --> Controller "App\Controllers\SubjectMasters" loaded.
INFO - 2020-05-02 14:58:58 --> Fetching SubjectMasters details
INFO - 2020-05-02 14:58:58 --> Controller "App\Controllers\Sections" loaded.
INFO - 2020-05-02 14:58:58 --> Fetching Sections details
INFO - 2020-05-02 15:00:51 --> Controller "App\Controllers\SubjectMasters" loaded.
INFO - 2020-05-02 15:00:51 --> Fetching SubjectMasters details
INFO - 2020-05-02 15:00:51 --> Controller "App\Controllers\Sections" loaded.
INFO - 2020-05-02 15:00:51 --> Fetching Sections details
INFO - 2020-05-02 15:02:00 --> Controller "App\Controllers\SubjectMasters" loaded.
INFO - 2020-05-02 15:02:00 --> Fetching SubjectMasters details
INFO - 2020-05-02 15:02:00 --> Controller "App\Controllers\Sections" loaded.
INFO - 2020-05-02 15:02:00 --> Fetching Sections details
INFO - 2020-05-02 15:10:33 --> Controller "App\Controllers\SubjectMasters" loaded.
INFO - 2020-05-02 15:10:33 --> Controller "App\Controllers\Sections" loaded.
INFO - 2020-05-02 15:10:33 --> Fetching SubjectMasters details
INFO - 2020-05-02 15:10:33 --> Fetching Sections details
INFO - 2020-05-02 15:11:51 --> Controller "App\Controllers\SubjectMasters" loaded.
INFO - 2020-05-02 15:11:51 --> Controller "App\Controllers\Sections" loaded.
INFO - 2020-05-02 15:11:51 --> Fetching SubjectMasters details
INFO - 2020-05-02 15:11:51 --> Fetching Sections details
INFO - 2020-05-02 15:17:25 --> Controller "App\Controllers\SubjectMasters" loaded.
INFO - 2020-05-02 15:17:25 --> Fetching SubjectMasters details
INFO - 2020-05-02 15:17:25 --> Controller "App\Controllers\Sections" loaded.
INFO - 2020-05-02 15:17:25 --> Fetching Sections details
INFO - 2020-05-02 15:18:12 --> Controller "App\Controllers\SubjectMasters" loaded.
INFO - 2020-05-02 15:18:12 --> Fetching SubjectMasters details
INFO - 2020-05-02 15:18:12 --> Controller "App\Controllers\Sections" loaded.
INFO - 2020-05-02 15:18:12 --> Fetching Sections details
INFO - 2020-05-02 15:22:21 --> Controller "App\Controllers\SubjectMasters" loaded.
INFO - 2020-05-02 15:22:21 --> Fetching SubjectMasters details
INFO - 2020-05-02 15:22:21 --> Controller "App\Controllers\Sections" loaded.
INFO - 2020-05-02 15:22:21 --> Fetching Sections details
INFO - 2020-05-02 15:24:22 --> Controller "App\Controllers\SubjectMasters" loaded.
INFO - 2020-05-02 15:24:22 --> Fetching SubjectMasters details
INFO - 2020-05-02 15:24:22 --> Controller "App\Controllers\Sections" loaded.
INFO - 2020-05-02 15:24:22 --> Fetching Sections details
INFO - 2020-05-02 15:25:04 --> Controller "App\Controllers\SubjectMasters" loaded.
INFO - 2020-05-02 15:25:04 --> Fetching SubjectMasters details
INFO - 2020-05-02 15:25:04 --> Controller "App\Controllers\Sections" loaded.
INFO - 2020-05-02 15:25:04 --> Fetching Sections details
INFO - 2020-05-02 15:25:24 --> Controller "App\Controllers\SubjectMasters" loaded.
INFO - 2020-05-02 15:25:24 --> Fetching SubjectMasters details
INFO - 2020-05-02 15:25:24 --> Controller "App\Controllers\Sections" loaded.
INFO - 2020-05-02 15:25:24 --> Fetching Sections details
INFO - 2020-05-02 15:27:55 --> Controller "App\Controllers\SubjectMasters" loaded.
INFO - 2020-05-02 15:27:55 --> Fetching SubjectMasters details
INFO - 2020-05-02 15:27:55 --> Controller "App\Controllers\Sections" loaded.
INFO - 2020-05-02 15:27:55 --> Fetching Sections details
INFO - 2020-05-02 15:28:02 --> Controller "App\Controllers\SubjectMasters" loaded.
INFO - 2020-05-02 15:28:02 --> Fetching SubjectMasters details
INFO - 2020-05-02 15:28:02 --> Controller "App\Controllers\Sections" loaded.
INFO - 2020-05-02 15:28:02 --> Fetching Sections details
INFO - 2020-05-02 15:29:40 --> Controller "App\Controllers\SubjectMasters" loaded.
INFO - 2020-05-02 15:29:40 --> Fetching SubjectMasters details
INFO - 2020-05-02 15:29:40 --> Controller "App\Controllers\Sections" loaded.
INFO - 2020-05-02 15:29:40 --> Fetching Sections details
INFO - 2020-05-02 15:30:34 --> Controller "App\Controllers\SubjectMasters" loaded.
INFO - 2020-05-02 15:30:34 --> Fetching SubjectMasters details
INFO - 2020-05-02 15:30:34 --> Controller "App\Controllers\Sections" loaded.
INFO - 2020-05-02 15:30:34 --> Fetching Sections details
INFO - 2020-05-02 15:31:27 --> Controller "App\Controllers\SubjectMasters" loaded.
INFO - 2020-05-02 15:31:27 --> Controller "App\Controllers\Sections" loaded.
INFO - 2020-05-02 15:31:27 --> Fetching SubjectMasters details
INFO - 2020-05-02 15:31:27 --> Fetching Sections details
INFO - 2020-05-02 15:32:53 --> Controller "App\Controllers\SubjectMasters" loaded.
INFO - 2020-05-02 15:32:53 --> Fetching SubjectMasters details
INFO - 2020-05-02 15:32:53 --> Controller "App\Controllers\Sections" loaded.
INFO - 2020-05-02 15:32:53 --> Fetching Sections details
INFO - 2020-05-02 15:35:24 --> Controller "App\Controllers\SubjectMasters" loaded.
INFO - 2020-05-02 15:35:24 --> Fetching SubjectMasters details
INFO - 2020-05-02 15:35:24 --> Controller "App\Controllers\Sections" loaded.
INFO - 2020-05-02 15:35:24 --> Fetching Sections details
INFO - 2020-05-02 15:37:35 --> Controller "App\Controllers\SubjectMasters" loaded.
INFO - 2020-05-02 15:37:35 --> Fetching SubjectMasters details
INFO - 2020-05-02 15:37:35 --> Controller "App\Controllers\Sections" loaded.
INFO - 2020-05-02 15:37:35 --> Fetching Sections details
INFO - 2020-05-02 15:38:39 --> Controller "App\Controllers\SubjectMasters" loaded.
INFO - 2020-05-02 15:38:39 --> Controller "App\Controllers\Sections" loaded.
INFO - 2020-05-02 15:38:39 --> Fetching SubjectMasters details
INFO - 2020-05-02 15:38:39 --> Fetching Sections details
INFO - 2020-05-02 15:40:37 --> Controller "App\Controllers\Sections" loaded.
INFO - 2020-05-02 15:40:37 --> Fetching Sections details
INFO - 2020-05-02 15:40:37 --> Controller "App\Controllers\SubjectMasters" loaded.
INFO - 2020-05-02 15:40:37 --> Fetching SubjectMasters details
INFO - 2020-05-02 15:42:47 --> Controller "App\Controllers\SubjectMasters" loaded.
INFO - 2020-05-02 15:42:47 --> Fetching SubjectMasters details
INFO - 2020-05-02 15:42:47 --> Controller "App\Controllers\Sections" loaded.
INFO - 2020-05-02 15:42:47 --> Fetching Sections details
INFO - 2020-05-02 15:43:00 --> Controller "App\Controllers\SubjectMasters" loaded.
INFO - 2020-05-02 15:43:00 --> Fetching SubjectMasters details
INFO - 2020-05-02 15:43:00 --> Controller "App\Controllers\Sections" loaded.
INFO - 2020-05-02 15:43:00 --> Fetching Sections details
INFO - 2020-05-02 15:43:03 --> Controller "App\Controllers\SubjectMasters" loaded.
INFO - 2020-05-02 15:43:03 --> Fetching SubjectMasters details
INFO - 2020-05-02 15:43:03 --> Controller "App\Controllers\Sections" loaded.
INFO - 2020-05-02 15:43:03 --> Fetching Sections details
INFO - 2020-05-02 15:43:39 --> Controller "App\Controllers\SubjectMasters" loaded.
INFO - 2020-05-02 15:43:39 --> Fetching SubjectMasters details
INFO - 2020-05-02 15:43:39 --> Controller "App\Controllers\Sections" loaded.
INFO - 2020-05-02 15:43:39 --> Fetching Sections details
INFO - 2020-05-02 15:46:01 --> Controller "App\Controllers\SubjectMasters" loaded.
INFO - 2020-05-02 15:46:01 --> Controller "App\Controllers\Sections" loaded.
INFO - 2020-05-02 15:46:01 --> Fetching SubjectMasters details
INFO - 2020-05-02 15:46:01 --> Fetching Sections details
INFO - 2020-05-02 15:49:40 --> Controller "App\Controllers\SubjectMasters" loaded.
INFO - 2020-05-02 15:49:40 --> Controller "App\Controllers\Sections" loaded.
INFO - 2020-05-02 15:49:40 --> Fetching SubjectMasters details
INFO - 2020-05-02 15:49:40 --> Fetching Sections details
INFO - 2020-05-02 15:51:08 --> Controller "App\Controllers\SubjectMasters" loaded.
INFO - 2020-05-02 15:51:08 --> Fetching SubjectMasters details
INFO - 2020-05-02 15:51:08 --> Controller "App\Controllers\Sections" loaded.
INFO - 2020-05-02 15:51:08 --> Fetching Sections details
INFO - 2020-05-02 15:57:38 --> Controller "App\Controllers\SubjectMasters" loaded.
INFO - 2020-05-02 15:57:38 --> Fetching SubjectMasters details
INFO - 2020-05-02 15:57:38 --> Controller "App\Controllers\Sections" loaded.
INFO - 2020-05-02 15:57:38 --> Fetching Sections details
INFO - 2020-05-02 16:00:27 --> Controller "App\Controllers\SubjectMasters" loaded.
INFO - 2020-05-02 16:00:27 --> Controller "App\Controllers\Sections" loaded.
INFO - 2020-05-02 16:00:27 --> Fetching SubjectMasters details
INFO - 2020-05-02 16:00:27 --> Fetching Sections details
INFO - 2020-05-02 16:01:55 --> Controller "App\Controllers\SubjectMasters" loaded.
INFO - 2020-05-02 16:01:55 --> Fetching SubjectMasters details
INFO - 2020-05-02 16:01:55 --> Controller "App\Controllers\Sections" loaded.
INFO - 2020-05-02 16:01:55 --> Fetching Sections details
INFO - 2020-05-02 16:03:04 --> Controller "App\Controllers\SubjectMasters" loaded.
INFO - 2020-05-02 16:03:04 --> Fetching SubjectMasters details
INFO - 2020-05-02 16:03:04 --> Controller "App\Controllers\Sections" loaded.
INFO - 2020-05-02 16:03:04 --> Fetching Sections details
INFO - 2020-05-02 16:04:01 --> Controller "App\Controllers\SubjectMasters" loaded.
INFO - 2020-05-02 16:04:01 --> Fetching SubjectMasters details
INFO - 2020-05-02 16:04:01 --> Controller "App\Controllers\Sections" loaded.
INFO - 2020-05-02 16:04:01 --> Fetching Sections details
INFO - 2020-05-02 16:04:45 --> Controller "App\Controllers\SubjectMasters" loaded.
INFO - 2020-05-02 16:04:45 --> Fetching SubjectMasters details
INFO - 2020-05-02 16:04:45 --> Controller "App\Controllers\Sections" loaded.
INFO - 2020-05-02 16:04:45 --> Fetching Sections details
INFO - 2020-05-02 16:06:05 --> Controller "App\Controllers\SubjectMasters" loaded.
INFO - 2020-05-02 16:06:05 --> Fetching SubjectMasters details
INFO - 2020-05-02 16:06:05 --> Controller "App\Controllers\Sections" loaded.
INFO - 2020-05-02 16:06:06 --> Fetching Sections details
INFO - 2020-05-02 21:16:31 --> Controller "App\Controllers\Sections" loaded.
INFO - 2020-05-02 21:16:31 --> Controller "App\Controllers\SubjectMasters" loaded.
INFO - 2020-05-02 21:16:31 --> Fetching Sections details
INFO - 2020-05-02 21:16:31 --> Fetching SubjectMasters details
INFO - 2020-05-02 21:16:55 --> Controller "App\Controllers\SubjectMasters" loaded.
INFO - 2020-05-02 21:16:55 --> Controller "App\Controllers\Sections" loaded.
INFO - 2020-05-02 21:16:55 --> Fetching SubjectMasters details
INFO - 2020-05-02 21:16:55 --> Fetching Sections details
INFO - 2020-05-02 21:17:26 --> Controller "App\Controllers\SubjectMasters" loaded.
ERROR - 2020-05-02 21:17:26 --> array_flip() expects parameter 1 to be array, null given
INFO - 2020-05-02 21:17:28 --> Controller "App\Controllers\SubjectMasters" loaded.
ERROR - 2020-05-02 21:17:28 --> array_flip() expects parameter 1 to be array, null given
INFO - 2020-05-02 22:07:31 --> Controller "App\Controllers\SubjectMasters" loaded.
INFO - 2020-05-02 22:07:31 --> Controller "App\Controllers\Sections" loaded.
INFO - 2020-05-02 22:07:31 --> Fetching SubjectMasters details
INFO - 2020-05-02 22:07:31 --> Fetching Sections details
