INFO - 2020-05-24 10:38:00 --> Controller "App\Controllers\Boards" loaded.
ERROR - 2020-05-24 10:38:00 --> Access denied for user '****'@'localhost' (using password: NO)
INFO - 2020-05-24 10:41:27 --> Controller "App\Controllers\Boards" loaded.
ERROR - 2020-05-24 10:41:27 --> Access denied for user '****'@'localhost' (using password: NO)
INFO - 2020-05-24 10:41:31 --> Controller "App\Controllers\Rooms" loaded.
ERROR - 2020-05-24 10:41:31 --> [ERROR] Access denied for user '****'@'localhost' (using password: NO) SYSTEMPATH/Database/MySQLi/Connection.php:225
INFO - 2020-05-24 21:06:11 --> Controller "App\Controllers\LeaveApplications" loaded.
ERROR - 2020-05-24 21:06:11 --> Access denied for user '****'@'localhost' (using password: NO)
INFO - 2020-05-24 21:06:11 --> Controller "App\Controllers\LeaveApplications" loaded.
ERROR - 2020-05-24 21:06:11 --> Access denied for user '****'@'localhost' (using password: NO)
INFO - 2020-05-24 21:06:14 --> Controller "App\Controllers\LeaveTypes" loaded.
ERROR - 2020-05-24 21:06:14 --> Access denied for user '****'@'localhost' (using password: NO)
INFO - 2020-05-24 21:12:08 --> Controller "App\Controllers\LeaveTypes" loaded.
INFO - 2020-05-24 21:12:08 --> Fetching LeaveTypes details
INFO - 2020-05-24 21:30:58 --> Controller "App\Controllers\LeaveTypes" loaded.
INFO - 2020-05-24 21:30:58 --> Fetching LeaveTypes details
INFO - 2020-05-24 21:31:09 --> Controller "App\Controllers\Sections" loaded.
INFO - 2020-05-24 21:31:09 --> Fetching Sections details
INFO - 2020-05-24 21:31:10 --> Controller "App\Controllers\SubjectMasters" loaded.
INFO - 2020-05-24 21:31:10 --> Fetching SubjectMasters details
INFO - 2020-05-24 21:31:26 --> Controller "App\Controllers\SubjectStandards" loaded.
INFO - 2020-05-24 21:31:26 --> Fetching Subjects details
INFO - 2020-05-24 21:31:28 --> Controller "App\Controllers\LeaveTypes" loaded.
INFO - 2020-05-24 21:31:28 --> Fetching LeaveTypes details
INFO - 2020-05-24 21:31:58 --> Controller "App\Controllers\FeesMasters" loaded.
INFO - 2020-05-24 21:31:58 --> Controller "App\Controllers\Sections" loaded.
INFO - 2020-05-24 21:31:58 --> Fetching FeeMaster details
INFO - 2020-05-24 21:31:58 --> Fetching Sections details
INFO - 2020-05-24 21:31:58 --> Controller "App\Controllers\Students" loaded.
INFO - 2020-05-24 21:31:58 --> Fetching All Leave details
INFO - 2020-05-24 21:31:58 --> Controller "App\Controllers\Categories" loaded.
INFO - 2020-05-24 21:31:58 --> Fetching Category details
INFO - 2020-05-24 21:31:58 --> Controller "App\Controllers\Sections" loaded.
INFO - 2020-05-24 21:31:58 --> Fetching Sections details
INFO - 2020-05-24 21:32:13 --> Controller "App\Controllers\SubjectMasters" loaded.
INFO - 2020-05-24 21:32:13 --> Fetching SubjectMasters details
INFO - 2020-05-24 21:32:13 --> Controller "App\Controllers\Sections" loaded.
INFO - 2020-05-24 21:32:13 --> Fetching Sections details
INFO - 2020-05-24 21:32:35 --> Controller "App\Controllers\FeesMasters" loaded.
INFO - 2020-05-24 21:32:35 --> Controller "App\Controllers\FeesConfigs" loaded.
INFO - 2020-05-24 21:32:35 --> Fetching FeeMaster details
INFO - 2020-05-24 21:32:35 --> Fetching FeesConfigs details
INFO - 2020-05-24 21:32:35 --> Controller "App\Controllers\Institutions" loaded.
INFO - 2020-05-24 21:32:35 --> Controller "App\Controllers\Academicyears" loaded.
INFO - 2020-05-24 21:32:35 --> Fetching Academic year details
INFO - 2020-05-24 21:32:35 --> Fetching Institution details
INFO - 2020-05-24 21:32:35 --> Controller "App\Controllers\Standards" loaded.
INFO - 2020-05-24 21:32:35 --> Fetching Standards Section details
INFO - 2020-05-24 21:32:35 --> Controller "App\Controllers\FeesConfigs" loaded.
INFO - 2020-05-24 21:32:35 --> Fetching Sections details
INFO - 2020-05-24 21:32:45 --> Controller "App\Controllers\FeesMasters" loaded.
INFO - 2020-05-24 21:32:45 --> Controller "App\Controllers\Sections" loaded.
INFO - 2020-05-24 21:32:45 --> Controller "App\Controllers\Categories" loaded.
INFO - 2020-05-24 21:32:45 --> Fetching Category details
INFO - 2020-05-24 21:32:45 --> Controller "App\Controllers\Sections" loaded.
INFO - 2020-05-24 21:32:45 --> Controller "App\Controllers\Students" loaded.
INFO - 2020-05-24 21:32:45 --> Fetching FeeMaster details
INFO - 2020-05-24 21:32:45 --> Fetching All Leave details
INFO - 2020-05-24 21:32:45 --> Fetching Sections details
INFO - 2020-05-24 21:32:45 --> Fetching Sections details
INFO - 2020-05-24 21:33:37 --> Controller "App\Controllers\FeesMasters" loaded.
INFO - 2020-05-24 21:33:37 --> Fetching FeeMaster details
INFO - 2020-05-24 21:33:38 --> Controller "App\Controllers\FeesMasters" loaded.
INFO - 2020-05-24 21:33:38 --> Fetching FeeMaster details
INFO - 2020-05-24 21:33:40 --> Controller "App\Controllers\FeesMasters" loaded.
INFO - 2020-05-24 21:33:40 --> Fetching FeeMaster details
INFO - 2020-05-24 21:33:40 --> Controller "App\Controllers\FeesMasters" loaded.
INFO - 2020-05-24 21:33:40 --> Fetching FeeMaster details
INFO - 2020-05-24 21:33:42 --> Controller "App\Controllers\FeesMasters" loaded.
INFO - 2020-05-24 21:33:42 --> Fetching FeeMaster details
INFO - 2020-05-24 21:33:43 --> Controller "App\Controllers\FeesMasters" loaded.
INFO - 2020-05-24 21:33:43 --> Fetching FeeMaster details
INFO - 2020-05-24 21:33:43 --> Controller "App\Controllers\FeesMasters" loaded.
INFO - 2020-05-24 21:33:43 --> Fetching FeeMaster details
INFO - 2020-05-24 22:26:54 --> Controller "App\Controllers\SubjectMasters" loaded.
INFO - 2020-05-24 22:26:54 --> Controller "App\Controllers\Sections" loaded.
INFO - 2020-05-24 22:26:54 --> Fetching SubjectMasters details
INFO - 2020-05-24 22:26:54 --> Fetching Sections details
INFO - 2020-05-24 22:31:33 --> Controller "App\Controllers\Users" loaded.
INFO - 2020-05-24 22:31:33 --> Fetching Users details
INFO - 2020-05-24 22:31:38 --> Controller "App\Controllers\Users" loaded.
INFO - 2020-05-24 22:31:38 --> Fetching Users details
INFO - 2020-05-24 22:31:39 --> Controller "App\Controllers\Staffs" loaded.
INFO - 2020-05-24 22:31:39 --> Fetching All Leave details
INFO - 2020-05-24 22:31:51 --> Controller "App\Controllers\Holidays" loaded.
INFO - 2020-05-24 22:31:51 --> Fetching Holiday details
INFO - 2020-05-24 22:31:58 --> Controller "App\Controllers\Rooms" loaded.
INFO - 2020-05-24 22:31:58 --> Fetching room details
INFO - 2020-05-24 22:32:05 --> Controller "App\Controllers\Sections" loaded.
INFO - 2020-05-24 22:32:05 --> Controller "App\Controllers\Dashboards" loaded.
INFO - 2020-05-24 22:32:05 --> Fetching Sections details
INFO - 2020-05-24 22:32:05 --> Fetching Dashboard details
INFO - 2020-05-24 22:32:20 --> Controller "App\Controllers\SubjectMasters" loaded.
INFO - 2020-05-24 22:32:20 --> Controller "App\Controllers\Sections" loaded.
INFO - 2020-05-24 22:32:20 --> Fetching SubjectMasters details
INFO - 2020-05-24 22:32:20 --> Fetching Sections details
INFO - 2020-05-24 22:36:14 --> Controller "App\Controllers\Rooms" loaded.
INFO - 2020-05-24 22:36:14 --> Fetching room details
INFO - 2020-05-24 22:38:09 --> Controller "App\Controllers\Sections" loaded.
INFO - 2020-05-24 22:38:09 --> Fetching Sections details
INFO - 2020-05-24 22:38:12 --> Controller "App\Controllers\Staffs" loaded.
INFO - 2020-05-24 22:38:12 --> Fetching All Leave details
INFO - 2020-05-24 22:38:12 --> Controller "App\Controllers\SubjectStandards" loaded.
INFO - 2020-05-24 22:38:12 --> Fetching Subjects details
INFO - 2020-05-24 22:38:26 --> Controller "App\Controllers\Sections" loaded.
INFO - 2020-05-24 22:38:26 --> Fetching Sections details
INFO - 2020-05-24 22:38:30 --> Controller "App\Controllers\Rooms" loaded.
INFO - 2020-05-24 22:38:30 --> Fetching room details
INFO - 2020-05-24 22:38:32 --> Controller "App\Controllers\Rooms" loaded.
INFO - 2020-05-24 22:38:45 --> Controller "App\Controllers\Rooms" loaded.
INFO - 2020-05-24 22:38:45 --> inserting room details
INFO - 2020-05-24 22:38:45 --> Controller "App\Controllers\Rooms" loaded.
INFO - 2020-05-24 22:38:45 --> Fetching room details
INFO - 2020-05-24 22:38:54 --> Controller "App\Controllers\Rooms" loaded.
INFO - 2020-05-24 22:38:54 --> updating room details
INFO - 2020-05-24 22:39:00 --> Controller "App\Controllers\Rooms" loaded.
INFO - 2020-05-24 22:39:00 --> updating room details
INFO - 2020-05-24 22:39:05 --> Controller "App\Controllers\Rooms" loaded.
INFO - 2020-05-24 22:39:05 --> Fetching room details
INFO - 2020-05-24 22:39:07 --> Controller "App\Controllers\Rooms" loaded.
INFO - 2020-05-24 22:39:07 --> delete room details
INFO - 2020-05-24 22:39:07 --> Controller "App\Controllers\Rooms" loaded.
INFO - 2020-05-24 22:39:07 --> Fetching room details
INFO - 2020-05-24 22:39:16 --> Controller "App\Controllers\Rooms" loaded.
INFO - 2020-05-24 22:39:16 --> Fetching room details
INFO - 2020-05-24 22:48:19 --> Controller "App\Controllers\SubjectMasters" loaded.
INFO - 2020-05-24 22:48:19 --> Controller "App\Controllers\Sections" loaded.
INFO - 2020-05-24 22:48:19 --> Fetching SubjectMasters details
INFO - 2020-05-24 22:48:19 --> Fetching Sections details
INFO - 2020-05-24 22:49:32 --> Controller "App\Controllers\SubjectMasters" loaded.
INFO - 2020-05-24 22:49:32 --> Controller "App\Controllers\Sections" loaded.
INFO - 2020-05-24 22:49:32 --> Fetching SubjectMasters details
INFO - 2020-05-24 22:49:32 --> Fetching Sections details
INFO - 2020-05-24 23:05:56 --> Controller "App\Controllers\SubjectMasters" loaded.
INFO - 2020-05-24 23:05:56 --> Fetching SubjectMasters details
INFO - 2020-05-24 23:05:56 --> Controller "App\Controllers\Sections" loaded.
INFO - 2020-05-24 23:05:56 --> Fetching Sections details
INFO - 2020-05-24 23:06:22 --> Controller "App\Controllers\SubjectMasters" loaded.
INFO - 2020-05-24 23:06:22 --> Controller "App\Controllers\Sections" loaded.
INFO - 2020-05-24 23:06:22 --> Fetching SubjectMasters details
INFO - 2020-05-24 23:06:22 --> Fetching Sections details
INFO - 2020-05-24 23:07:25 --> Controller "App\Controllers\Sections" loaded.
INFO - 2020-05-24 23:07:25 --> Controller "App\Controllers\SubjectMasters" loaded.
INFO - 2020-05-24 23:07:25 --> Fetching SubjectMasters details
INFO - 2020-05-24 23:07:25 --> Fetching Sections details
INFO - 2020-05-24 23:07:38 --> Controller "App\Controllers\SubjectMasters" loaded.
INFO - 2020-05-24 23:07:38 --> Fetching SubjectMasters details
INFO - 2020-05-24 23:07:46 --> Controller "App\Controllers\SubjectMasters" loaded.
INFO - 2020-05-24 23:07:46 --> Fetching SubjectMasters details
INFO - 2020-05-24 23:07:50 --> Controller "App\Controllers\SubjectMasters" loaded.
INFO - 2020-05-24 23:07:50 --> Fetching SubjectMasters details
INFO - 2020-05-24 23:07:57 --> Controller "App\Controllers\SubjectMasters" loaded.
INFO - 2020-05-24 23:07:57 --> Fetching SubjectMasters details
INFO - 2020-05-24 23:08:11 --> Controller "App\Controllers\SubjectMasters" loaded.
INFO - 2020-05-24 23:08:11 --> Fetching SubjectMasters details
INFO - 2020-05-24 23:10:16 --> Controller "App\Controllers\SubjectMasters" loaded.
INFO - 2020-05-24 23:10:16 --> Fetching SubjectMasters details
INFO - 2020-05-24 23:12:09 --> Controller "App\Controllers\SubjectStandards" loaded.
INFO - 2020-05-24 23:12:09 --> Fetching Subjects details
INFO - 2020-05-24 23:12:12 --> Controller "App\Controllers\SubjectStandards" loaded.
INFO - 2020-05-24 23:12:12 --> Fetching Subjects details
INFO - 2020-05-24 23:12:54 --> Controller "App\Controllers\SubjectMasters" loaded.
INFO - 2020-05-24 23:12:54 --> Fetching SubjectMasters details
INFO - 2020-05-24 23:13:32 --> Controller "App\Controllers\SubjectMasters" loaded.
INFO - 2020-05-24 23:13:32 --> Fetching SubjectMasters details
INFO - 2020-05-24 23:13:37 --> Controller "App\Controllers\SubjectStandards" loaded.
INFO - 2020-05-24 23:13:37 --> Fetching Subjects details
INFO - 2020-05-24 23:13:44 --> Controller "App\Controllers\SubjectStandards" loaded.
INFO - 2020-05-24 23:13:44 --> Fetching SubjectStandards details
INFO - 2020-05-24 23:13:57 --> Controller "App\Controllers\SubjectMasters" loaded.
INFO - 2020-05-24 23:13:57 --> Fetching SubjectMasters details
INFO - 2020-05-24 23:14:08 --> Controller "App\Controllers\Boards" loaded.
INFO - 2020-05-24 23:14:08 --> Fetching Boards details
INFO - 2020-05-24 23:14:10 --> Controller "App\Controllers\Rooms" loaded.
INFO - 2020-05-24 23:14:10 --> Fetching room details
INFO - 2020-05-24 23:14:21 --> Controller "App\Controllers\SubjectMasters" loaded.
INFO - 2020-05-24 23:14:21 --> Fetching SubjectMasters details
INFO - 2020-05-24 23:14:28 --> Controller "App\Controllers\Rooms" loaded.
INFO - 2020-05-24 23:14:28 --> Fetching room details
INFO - 2020-05-24 23:14:36 --> Controller "App\Controllers\SubjectMasters" loaded.
INFO - 2020-05-24 23:14:36 --> Fetching SubjectMasters details
INFO - 2020-05-24 23:14:36 --> Controller "App\Controllers\Sections" loaded.
INFO - 2020-05-24 23:14:36 --> Fetching Sections details
INFO - 2020-05-24 23:14:51 --> Controller "App\Controllers\SubjectMasters" loaded.
INFO - 2020-05-24 23:14:51 --> Controller "App\Controllers\Sections" loaded.
INFO - 2020-05-24 23:14:51 --> Fetching SubjectMasters details
INFO - 2020-05-24 23:14:51 --> Fetching Sections details
INFO - 2020-05-24 23:14:53 --> Controller "App\Controllers\SubjectStandards" loaded.
INFO - 2020-05-24 23:14:53 --> Fetching Subjects details
INFO - 2020-05-24 23:15:02 --> Controller "App\Controllers\SubjectStandards" loaded.
INFO - 2020-05-24 23:15:02 --> Fetching Subjects details
INFO - 2020-05-24 23:15:16 --> Controller "App\Controllers\SubjectMasters" loaded.
INFO - 2020-05-24 23:15:16 --> Fetching SubjectMasters details
INFO - 2020-05-24 23:15:16 --> Controller "App\Controllers\Sections" loaded.
INFO - 2020-05-24 23:15:16 --> Fetching Sections details
INFO - 2020-05-24 23:15:44 --> Controller "App\Controllers\SubjectStandards" loaded.
INFO - 2020-05-24 23:15:44 --> Fetching Subjects details
INFO - 2020-05-24 23:15:49 --> Controller "App\Controllers\SubjectStandards" loaded.
INFO - 2020-05-24 23:15:49 --> Fetching Subjects details
INFO - 2020-05-24 23:15:53 --> Controller "App\Controllers\SubjectStandards" loaded.
INFO - 2020-05-24 23:15:53 --> Fetching Subjects details
INFO - 2020-05-24 23:16:16 --> Controller "App\Controllers\FeesMasters" loaded.
INFO - 2020-05-24 23:16:16 --> Controller "App\Controllers\Students" loaded.
INFO - 2020-05-24 23:16:16 --> Controller "App\Controllers\Categories" loaded.
INFO - 2020-05-24 23:16:16 --> Fetching Category details
INFO - 2020-05-24 23:16:16 --> Controller "App\Controllers\Sections" loaded.
INFO - 2020-05-24 23:16:16 --> Fetching FeeMaster details
INFO - 2020-05-24 23:16:16 --> Controller "App\Controllers\Sections" loaded.
INFO - 2020-05-24 23:16:16 --> Fetching All Leave details
INFO - 2020-05-24 23:16:16 --> Fetching Sections details
INFO - 2020-05-24 23:16:16 --> Fetching Sections details
INFO - 2020-05-24 23:16:40 --> Controller "App\Controllers\SubjectStandards" loaded.
INFO - 2020-05-24 23:16:40 --> Fetching Subjects details
INFO - 2020-05-24 23:16:55 --> Controller "App\Controllers\SubjectStandards" loaded.
INFO - 2020-05-24 23:16:55 --> Fetching Subjects details
INFO - 2020-05-24 23:17:56 --> Controller "App\Controllers\SubjectMasters" loaded.
INFO - 2020-05-24 23:17:56 --> Controller "App\Controllers\Sections" loaded.
INFO - 2020-05-24 23:17:56 --> Fetching SubjectMasters details
INFO - 2020-05-24 23:17:56 --> Fetching Sections details
INFO - 2020-05-24 23:19:03 --> Controller "App\Controllers\FeesMasters" loaded.
INFO - 2020-05-24 23:19:03 --> Fetching FeeMaster details
INFO - 2020-05-24 23:19:03 --> Controller "App\Controllers\Sections" loaded.
INFO - 2020-05-24 23:19:03 --> Controller "App\Controllers\Students" loaded.
INFO - 2020-05-24 23:19:03 --> Controller "App\Controllers\Categories" loaded.
INFO - 2020-05-24 23:19:03 --> Fetching Category details
INFO - 2020-05-24 23:19:03 --> Controller "App\Controllers\Sections" loaded.
INFO - 2020-05-24 23:19:03 --> Fetching Sections details
INFO - 2020-05-24 23:19:03 --> Fetching All Leave details
INFO - 2020-05-24 23:19:03 --> Fetching Sections details
INFO - 2020-05-24 23:19:29 --> Controller "App\Controllers\Students" loaded.
INFO - 2020-05-24 23:19:29 --> Controller "App\Controllers\FeesMasters" loaded.
INFO - 2020-05-24 23:19:29 --> Controller "App\Controllers\Sections" loaded.
INFO - 2020-05-24 23:19:29 --> Fetching FeeMaster details
INFO - 2020-05-24 23:19:29 --> Controller "App\Controllers\Sections" loaded.
INFO - 2020-05-24 23:19:29 --> Controller "App\Controllers\Categories" loaded.
INFO - 2020-05-24 23:19:29 --> Fetching All Leave details
INFO - 2020-05-24 23:19:29 --> Fetching Category details
INFO - 2020-05-24 23:19:29 --> Fetching Sections details
INFO - 2020-05-24 23:19:29 --> Fetching Sections details
INFO - 2020-05-24 23:20:04 --> Controller "App\Controllers\SubjectMasters" loaded.
INFO - 2020-05-24 23:20:04 --> Fetching SubjectMasters details
INFO - 2020-05-24 23:20:04 --> Controller "App\Controllers\Sections" loaded.
INFO - 2020-05-24 23:20:04 --> Fetching Sections details
INFO - 2020-05-24 23:20:10 --> Controller "App\Controllers\SubjectMasters" loaded.
INFO - 2020-05-24 23:20:21 --> Controller "App\Controllers\FeesMasters" loaded.
INFO - 2020-05-24 23:20:21 --> Fetching FeeMaster details
INFO - 2020-05-24 23:20:21 --> Controller "App\Controllers\Sections" loaded.
INFO - 2020-05-24 23:20:21 --> Fetching Sections details
INFO - 2020-05-24 23:20:21 --> Controller "App\Controllers\Students" loaded.
INFO - 2020-05-24 23:20:21 --> Fetching All Leave details
INFO - 2020-05-24 23:20:21 --> Controller "App\Controllers\Categories" loaded.
INFO - 2020-05-24 23:20:21 --> Fetching Category details
INFO - 2020-05-24 23:20:21 --> Controller "App\Controllers\Sections" loaded.
INFO - 2020-05-24 23:20:21 --> Fetching Sections details
INFO - 2020-05-24 23:20:22 --> Controller "App\Controllers\Rooms" loaded.
INFO - 2020-05-24 23:20:22 --> Fetching room details
INFO - 2020-05-24 23:20:32 --> Controller "App\Controllers\Rooms" loaded.
INFO - 2020-05-24 23:20:32 --> Fetching room details
INFO - 2020-05-24 23:20:35 --> Controller "App\Controllers\Rooms" loaded.
INFO - 2020-05-24 23:20:48 --> Controller "App\Controllers\SubjectMasters" loaded.
INFO - 2020-05-24 23:20:48 --> Fetching SubjectMasters details
INFO - 2020-05-24 23:20:48 --> Controller "App\Controllers\Sections" loaded.
INFO - 2020-05-24 23:20:48 --> Fetching Sections details
INFO - 2020-05-24 23:21:09 --> Controller "App\Controllers\SubjectStandards" loaded.
INFO - 2020-05-24 23:21:09 --> Fetching Subjects details
INFO - 2020-05-24 23:21:20 --> Controller "App\Controllers\SubjectStandards" loaded.
INFO - 2020-05-24 23:21:20 --> Fetching SubjectStandards details
INFO - 2020-05-24 23:21:30 --> Controller "App\Controllers\SubjectStandards" loaded.
INFO - 2020-05-24 23:21:32 --> Controller "App\Controllers\SubjectStandards" loaded.
INFO - 2020-05-24 23:21:32 --> Controller "App\Controllers\SubjectStandards" loaded.
INFO - 2020-05-24 23:21:32 --> Controller "App\Controllers\SubjectStandards" loaded.
INFO - 2020-05-24 23:21:34 --> Controller "App\Controllers\Rooms" loaded.
INFO - 2020-05-24 23:21:34 --> Fetching room details
INFO - 2020-05-24 23:21:50 --> Controller "App\Controllers\Students" loaded.
INFO - 2020-05-24 23:21:50 --> Fetching All Leave details
INFO - 2020-05-24 23:21:52 --> Controller "App\Controllers\FeesMasters" loaded.
INFO - 2020-05-24 23:21:52 --> Fetching FeeMaster details
INFO - 2020-05-24 23:21:54 --> Controller "App\Controllers\FeesMasters" loaded.
INFO - 2020-05-24 23:21:54 --> Fetching FeeMaster details
INFO - 2020-05-24 23:22:08 --> Controller "App\Controllers\FeesMasters" loaded.
INFO - 2020-05-24 23:22:08 --> Fetching FeeMaster details
INFO - 2020-05-24 23:22:11 --> Controller "App\Controllers\FeesMasters" loaded.
INFO - 2020-05-24 23:22:11 --> Fetching FeeMaster details
INFO - 2020-05-24 23:22:11 --> Controller "App\Controllers\FeesMasters" loaded.
INFO - 2020-05-24 23:22:11 --> Fetching FeeMaster details
INFO - 2020-05-24 23:22:11 --> Controller "App\Controllers\FeesMasters" loaded.
INFO - 2020-05-24 23:22:11 --> Fetching FeeMaster details
INFO - 2020-05-24 23:22:23 --> Controller "App\Controllers\FeesMasters" loaded.
INFO - 2020-05-24 23:22:23 --> Fetching FeeMaster details
INFO - 2020-05-24 23:22:23 --> Controller "App\Controllers\FeesMasters" loaded.
INFO - 2020-05-24 23:22:23 --> Fetching FeeMaster details
INFO - 2020-05-24 23:22:23 --> Controller "App\Controllers\FeesMasters" loaded.
INFO - 2020-05-24 23:22:23 --> Fetching FeeMaster details
INFO - 2020-05-24 23:22:53 --> Controller "App\Controllers\Students" loaded.
INFO - 2020-05-24 23:22:53 --> Fetching All Leave details
INFO - 2020-05-24 23:24:22 --> Controller "App\Controllers\FeesMasters" loaded.
INFO - 2020-05-24 23:24:22 --> Fetching FeeMaster details
INFO - 2020-05-24 23:24:30 --> Controller "App\Controllers\FeesMasters" loaded.
INFO - 2020-05-24 23:24:30 --> Fetching FeeMaster details
INFO - 2020-05-24 23:24:36 --> Controller "App\Controllers\FeesMasters" loaded.
INFO - 2020-05-24 23:24:36 --> Fetching FeeMaster details
INFO - 2020-05-24 23:24:37 --> Controller "App\Controllers\FeesMasters" loaded.
INFO - 2020-05-24 23:24:37 --> Fetching FeeMaster details
INFO - 2020-05-24 23:24:37 --> Controller "App\Controllers\FeesMasters" loaded.
INFO - 2020-05-24 23:24:37 --> Fetching FeeMaster details
INFO - 2020-05-24 23:24:38 --> Controller "App\Controllers\FeesMasters" loaded.
INFO - 2020-05-24 23:24:38 --> Fetching FeeMaster details
INFO - 2020-05-24 23:24:38 --> Controller "App\Controllers\FeesMasters" loaded.
INFO - 2020-05-24 23:24:38 --> Fetching FeeMaster details
INFO - 2020-05-24 23:24:38 --> Controller "App\Controllers\FeesMasters" loaded.
INFO - 2020-05-24 23:24:38 --> Fetching FeeMaster details
INFO - 2020-05-24 23:24:39 --> Controller "App\Controllers\FeesMasters" loaded.
INFO - 2020-05-24 23:24:39 --> Fetching FeeMaster details
INFO - 2020-05-24 23:24:39 --> Controller "App\Controllers\FeesMasters" loaded.
INFO - 2020-05-24 23:24:39 --> Fetching FeeMaster details
INFO - 2020-05-24 23:24:39 --> Controller "App\Controllers\FeesMasters" loaded.
INFO - 2020-05-24 23:24:39 --> Fetching FeeMaster details
INFO - 2020-05-24 23:24:39 --> Controller "App\Controllers\FeesMasters" loaded.
INFO - 2020-05-24 23:24:39 --> Fetching FeeMaster details
INFO - 2020-05-24 23:24:39 --> Controller "App\Controllers\FeesMasters" loaded.
INFO - 2020-05-24 23:24:39 --> Fetching FeeMaster details
INFO - 2020-05-24 23:24:41 --> Controller "App\Controllers\FeesMasters" loaded.
INFO - 2020-05-24 23:24:41 --> Fetching FeeMaster details
INFO - 2020-05-24 23:24:42 --> Controller "App\Controllers\FeesMasters" loaded.
INFO - 2020-05-24 23:24:42 --> Fetching FeeMaster details
INFO - 2020-05-24 23:24:42 --> Controller "App\Controllers\FeesMasters" loaded.
INFO - 2020-05-24 23:24:42 --> Controller "App\Controllers\FeesMasters" loaded.
INFO - 2020-05-24 23:24:42 --> Fetching FeeMaster details
INFO - 2020-05-24 23:24:42 --> Fetching FeeMaster details
INFO - 2020-05-24 23:24:59 --> Controller "App\Controllers\Sections" loaded.
INFO - 2020-05-24 23:24:59 --> Controller "App\Controllers\FeesMasters" loaded.
INFO - 2020-05-24 23:24:59 --> Fetching FeeMaster details
INFO - 2020-05-24 23:24:59 --> Fetching Sections details
INFO - 2020-05-24 23:24:59 --> Controller "App\Controllers\Categories" loaded.
INFO - 2020-05-24 23:24:59 --> Controller "App\Controllers\Sections" loaded.
INFO - 2020-05-24 23:24:59 --> Controller "App\Controllers\Students" loaded.
INFO - 2020-05-24 23:24:59 --> Fetching Sections details
INFO - 2020-05-24 23:24:59 --> Fetching Category details
INFO - 2020-05-24 23:24:59 --> Fetching All Leave details
INFO - 2020-05-24 23:25:53 --> Controller "App\Controllers\FeesMasters" loaded.
INFO - 2020-05-24 23:25:53 --> Fetching FeeMaster details
INFO - 2020-05-24 23:25:54 --> Controller "App\Controllers\FeesMasters" loaded.
INFO - 2020-05-24 23:25:54 --> Fetching FeeMaster details
INFO - 2020-05-24 23:25:55 --> Controller "App\Controllers\FeesMasters" loaded.
INFO - 2020-05-24 23:25:55 --> Fetching FeeMaster details
INFO - 2020-05-24 23:26:11 --> Controller "App\Controllers\FeesMasters" loaded.
INFO - 2020-05-24 23:26:11 --> Fetching FeeMaster details
INFO - 2020-05-24 23:27:23 --> Controller "App\Controllers\Students" loaded.
INFO - 2020-05-24 23:27:23 --> Fetching All Leave details
INFO - 2020-05-24 23:28:44 --> Controller "App\Controllers\FeesMasters" loaded.
INFO - 2020-05-24 23:28:44 --> Fetching FeeMaster details
INFO - 2020-05-24 23:28:44 --> Controller "App\Controllers\FeesMasters" loaded.
INFO - 2020-05-24 23:28:44 --> Fetching FeeMaster details
INFO - 2020-05-24 23:28:44 --> Controller "App\Controllers\FeesMasters" loaded.
INFO - 2020-05-24 23:28:44 --> Fetching FeeMaster details
INFO - 2020-05-24 23:28:44 --> Controller "App\Controllers\FeesMasters" loaded.
INFO - 2020-05-24 23:28:44 --> Fetching FeeMaster details
INFO - 2020-05-24 23:28:46 --> Controller "App\Controllers\FeesMasters" loaded.
INFO - 2020-05-24 23:28:46 --> Fetching FeeMaster details
INFO - 2020-05-24 23:28:46 --> Controller "App\Controllers\FeesMasters" loaded.
INFO - 2020-05-24 23:28:46 --> Fetching FeeMaster details
INFO - 2020-05-24 23:28:46 --> Controller "App\Controllers\FeesMasters" loaded.
INFO - 2020-05-24 23:28:46 --> Fetching FeeMaster details
INFO - 2020-05-24 23:28:58 --> Controller "App\Controllers\Students" loaded.
INFO - 2020-05-24 23:28:58 --> Fetching All Leave details
INFO - 2020-05-24 23:29:01 --> Controller "App\Controllers\FeesMasters" loaded.
INFO - 2020-05-24 23:29:01 --> Fetching FeeMaster details
INFO - 2020-05-24 23:35:46 --> Controller "App\Controllers\Standards" loaded.
INFO - 2020-05-24 23:35:46 --> Controller "App\Controllers\Institutions" loaded.
INFO - 2020-05-24 23:35:46 --> Controller "App\Controllers\FeesConfigs" loaded.
INFO - 2020-05-24 23:35:46 --> Controller "App\Controllers\FeesMasters" loaded.
INFO - 2020-05-24 23:35:46 --> Controller "App\Controllers\Academicyears" loaded.
INFO - 2020-05-24 23:35:46 --> Controller "App\Controllers\FeesConfigs" loaded.
INFO - 2020-05-24 23:35:46 --> Fetching Standards Section details
INFO - 2020-05-24 23:35:46 --> Fetching Institution details
INFO - 2020-05-24 23:35:46 --> Fetching Academic year details
INFO - 2020-05-24 23:35:46 --> Fetching FeeMaster details
INFO - 2020-05-24 23:35:46 --> Fetching FeesConfigs details
INFO - 2020-05-24 23:35:46 --> Fetching Sections details
INFO - 2020-05-24 23:35:50 --> Controller "App\Controllers\Categories" loaded.
INFO - 2020-05-24 23:35:50 --> Controller "App\Controllers\Sections" loaded.
INFO - 2020-05-24 23:35:50 --> Controller "App\Controllers\FeesMasters" loaded.
INFO - 2020-05-24 23:35:50 --> Fetching FeeMaster details
INFO - 2020-05-24 23:35:50 --> Controller "App\Controllers\Students" loaded.
INFO - 2020-05-24 23:35:50 --> Controller "App\Controllers\Sections" loaded.
INFO - 2020-05-24 23:35:50 --> Fetching Category details
INFO - 2020-05-24 23:35:50 --> Fetching Sections details
INFO - 2020-05-24 23:35:50 --> Fetching All Leave details
INFO - 2020-05-24 23:35:50 --> Fetching Sections details
INFO - 2020-05-24 23:36:04 --> Controller "App\Controllers\FeesMasters" loaded.
INFO - 2020-05-24 23:36:04 --> Fetching FeeMaster details
INFO - 2020-05-24 23:36:05 --> Controller "App\Controllers\FeesMasters" loaded.
INFO - 2020-05-24 23:36:05 --> Fetching FeeMaster details
INFO - 2020-05-24 23:36:06 --> Controller "App\Controllers\FeesMasters" loaded.
INFO - 2020-05-24 23:36:06 --> Fetching FeeMaster details
INFO - 2020-05-24 23:36:09 --> Controller "App\Controllers\FeesMasters" loaded.
INFO - 2020-05-24 23:36:09 --> Fetching FeeMaster details
INFO - 2020-05-24 23:36:09 --> Controller "App\Controllers\Students" loaded.
INFO - 2020-05-24 23:36:09 --> Fetching All Leave details
INFO - 2020-05-24 23:36:14 --> Controller "App\Controllers\Sections" loaded.
INFO - 2020-05-24 23:36:14 --> Controller "App\Controllers\FeesMasters" loaded.
INFO - 2020-05-24 23:36:14 --> Controller "App\Controllers\Students" loaded.
INFO - 2020-05-24 23:36:14 --> Controller "App\Controllers\Categories" loaded.
INFO - 2020-05-24 23:36:14 --> Controller "App\Controllers\Sections" loaded.
INFO - 2020-05-24 23:36:14 --> Fetching FeeMaster details
INFO - 2020-05-24 23:36:14 --> Fetching Category details
INFO - 2020-05-24 23:36:14 --> Fetching Sections details
INFO - 2020-05-24 23:36:14 --> Fetching All Leave details
INFO - 2020-05-24 23:36:14 --> Fetching Sections details
INFO - 2020-05-24 23:36:24 --> Controller "App\Controllers\FeesMasters" loaded.
INFO - 2020-05-24 23:36:24 --> Fetching FeeMaster details
INFO - 2020-05-24 23:37:13 --> Controller "App\Controllers\FeesMasters" loaded.
INFO - 2020-05-24 23:37:13 --> Fetching FeeMaster details
INFO - 2020-05-24 23:38:11 --> Controller "App\Controllers\FeesMasters" loaded.
INFO - 2020-05-24 23:38:11 --> Fetching FeeMaster details
INFO - 2020-05-24 23:38:11 --> Controller "App\Controllers\Sections" loaded.
INFO - 2020-05-24 23:38:11 --> Fetching Sections details
INFO - 2020-05-24 23:38:11 --> Controller "App\Controllers\Students" loaded.
INFO - 2020-05-24 23:38:12 --> Fetching All Leave details
INFO - 2020-05-24 23:38:12 --> Controller "App\Controllers\Categories" loaded.
INFO - 2020-05-24 23:38:12 --> Fetching Category details
INFO - 2020-05-24 23:38:12 --> Controller "App\Controllers\Sections" loaded.
INFO - 2020-05-24 23:38:12 --> Fetching Sections details
INFO - 2020-05-24 23:38:15 --> Controller "App\Controllers\FeesMasters" loaded.
INFO - 2020-05-24 23:38:15 --> Fetching FeeMaster details
INFO - 2020-05-24 23:38:16 --> Controller "App\Controllers\FeesMasters" loaded.
INFO - 2020-05-24 23:38:16 --> Fetching FeeMaster details
INFO - 2020-05-24 23:38:16 --> Controller "App\Controllers\FeesMasters" loaded.
INFO - 2020-05-24 23:38:16 --> Fetching FeeMaster details
INFO - 2020-05-24 23:38:20 --> Controller "App\Controllers\FeesMasters" loaded.
INFO - 2020-05-24 23:38:20 --> Fetching FeeMaster details
INFO - 2020-05-24 23:38:43 --> Controller "App\Controllers\SubjectMasters" loaded.
INFO - 2020-05-24 23:38:43 --> Fetching SubjectMasters details
INFO - 2020-05-24 23:38:43 --> Controller "App\Controllers\Sections" loaded.
INFO - 2020-05-24 23:38:43 --> Fetching Sections details
INFO - 2020-05-24 23:38:51 --> Controller "App\Controllers\SubjectMasters" loaded.
INFO - 2020-05-24 23:38:51 --> Fetching SubjectMasters details
INFO - 2020-05-24 23:38:51 --> Controller "App\Controllers\Sections" loaded.
INFO - 2020-05-24 23:38:51 --> Fetching Sections details
INFO - 2020-05-24 23:39:00 --> Controller "App\Controllers\Boards" loaded.
INFO - 2020-05-24 23:39:00 --> Fetching Boards details
INFO - 2020-05-24 23:39:14 --> Controller "App\Controllers\SubjectMasters" loaded.
INFO - 2020-05-24 23:39:14 --> Fetching SubjectMasters details
INFO - 2020-05-24 23:39:14 --> Controller "App\Controllers\Sections" loaded.
INFO - 2020-05-24 23:39:14 --> Fetching Sections details
INFO - 2020-05-24 23:39:49 --> Controller "App\Controllers\Sections" loaded.
INFO - 2020-05-24 23:39:49 --> Controller "App\Controllers\FeesMasters" loaded.
INFO - 2020-05-24 23:39:49 --> Fetching Sections details
INFO - 2020-05-24 23:39:49 --> Controller "App\Controllers\Categories" loaded.
INFO - 2020-05-24 23:39:49 --> Fetching Category details
INFO - 2020-05-24 23:39:49 --> Controller "App\Controllers\Sections" loaded.
INFO - 2020-05-24 23:39:49 --> Fetching FeeMaster details
INFO - 2020-05-24 23:39:49 --> Controller "App\Controllers\Students" loaded.
INFO - 2020-05-24 23:39:49 --> Fetching All Leave details
INFO - 2020-05-24 23:39:49 --> Fetching Sections details
INFO - 2020-05-24 23:39:51 --> Controller "App\Controllers\FeesMasters" loaded.
INFO - 2020-05-24 23:39:51 --> Fetching FeeMaster details
INFO - 2020-05-24 23:39:51 --> Controller "App\Controllers\Sections" loaded.
INFO - 2020-05-24 23:39:51 --> Fetching Sections details
INFO - 2020-05-24 23:39:51 --> Controller "App\Controllers\Students" loaded.
INFO - 2020-05-24 23:39:51 --> Fetching All Leave details
INFO - 2020-05-24 23:39:51 --> Controller "App\Controllers\Categories" loaded.
INFO - 2020-05-24 23:39:51 --> Fetching Category details
INFO - 2020-05-24 23:39:51 --> Controller "App\Controllers\Sections" loaded.
INFO - 2020-05-24 23:39:51 --> Fetching Sections details
INFO - 2020-05-24 23:40:17 --> Controller "App\Controllers\FeesConfigs" loaded.
INFO - 2020-05-24 23:40:17 --> Fetching FeesConfigs details
INFO - 2020-05-24 23:40:17 --> Controller "App\Controllers\FeesMasters" loaded.
INFO - 2020-05-24 23:40:17 --> Fetching FeeMaster details
INFO - 2020-05-24 23:40:17 --> Controller "App\Controllers\Academicyears" loaded.
INFO - 2020-05-24 23:40:17 --> Fetching Academic year details
INFO - 2020-05-24 23:40:17 --> Controller "App\Controllers\Institutions" loaded.
INFO - 2020-05-24 23:40:17 --> Fetching Institution details
INFO - 2020-05-24 23:40:17 --> Controller "App\Controllers\Standards" loaded.
INFO - 2020-05-24 23:40:17 --> Fetching Standards Section details
INFO - 2020-05-24 23:40:17 --> Controller "App\Controllers\FeesConfigs" loaded.
INFO - 2020-05-24 23:40:17 --> Fetching Sections details
INFO - 2020-05-24 23:40:21 --> Controller "App\Controllers\FeesMasters" loaded.
INFO - 2020-05-24 23:40:21 --> Fetching FeeMaster details
INFO - 2020-05-24 23:40:22 --> Controller "App\Controllers\Sections" loaded.
INFO - 2020-05-24 23:40:22 --> Fetching Sections details
INFO - 2020-05-24 23:40:22 --> Controller "App\Controllers\Students" loaded.
INFO - 2020-05-24 23:40:22 --> Fetching All Leave details
INFO - 2020-05-24 23:40:22 --> Controller "App\Controllers\Categories" loaded.
INFO - 2020-05-24 23:40:22 --> Fetching Category details
INFO - 2020-05-24 23:40:22 --> Controller "App\Controllers\Sections" loaded.
INFO - 2020-05-24 23:40:22 --> Fetching Sections details
INFO - 2020-05-24 23:40:49 --> Controller "App\Controllers\Students" loaded.
INFO - 2020-05-24 23:40:49 --> Fetching All Leave details
INFO - 2020-05-24 23:40:59 --> Controller "App\Controllers\FeesMasters" loaded.
INFO - 2020-05-24 23:40:59 --> Fetching FeeMaster details
INFO - 2020-05-24 23:41:03 --> Controller "App\Controllers\Students" loaded.
INFO - 2020-05-24 23:41:03 --> Fetching All Leave details
INFO - 2020-05-24 23:42:45 --> Controller "App\Controllers\FeesMasters" loaded.
INFO - 2020-05-24 23:42:45 --> Fetching FeeMaster details
INFO - 2020-05-24 23:44:05 --> Controller "App\Controllers\FeesMasters" loaded.
INFO - 2020-05-24 23:44:05 --> Fetching FeeMaster details
INFO - 2020-05-24 23:44:20 --> Controller "App\Controllers\Students" loaded.
INFO - 2020-05-24 23:44:20 --> Fetching All Leave details
INFO - 2020-05-24 23:46:26 --> Controller "App\Controllers\FeesMasters" loaded.
INFO - 2020-05-24 23:49:13 --> Controller "App\Controllers\Students" loaded.
INFO - 2020-05-24 23:49:13 --> Fetching All Leave details
INFO - 2020-05-24 23:49:17 --> Controller "App\Controllers\FeesMasters" loaded.
INFO - 2020-05-24 23:49:17 --> Fetching FeeMaster details
INFO - 2020-05-24 23:49:17 --> Controller "App\Controllers\FeesMasters" loaded.
INFO - 2020-05-24 23:49:17 --> Fetching FeeMaster details
INFO - 2020-05-24 23:49:18 --> Controller "App\Controllers\FeesMasters" loaded.
INFO - 2020-05-24 23:49:18 --> Fetching FeeMaster details
INFO - 2020-05-24 23:49:20 --> Controller "App\Controllers\Students" loaded.
INFO - 2020-05-24 23:49:20 --> Fetching All Leave details
INFO - 2020-05-24 23:49:22 --> Controller "App\Controllers\FeesMasters" loaded.
INFO - 2020-05-24 23:49:22 --> Fetching FeeMaster details
INFO - 2020-05-24 23:49:23 --> Controller "App\Controllers\FeesMasters" loaded.
INFO - 2020-05-24 23:49:23 --> Fetching FeeMaster details
INFO - 2020-05-24 23:49:58 --> Controller "App\Controllers\FeesMasters" loaded.
INFO - 2020-05-24 23:49:58 --> Fetching FeeMaster details
INFO - 2020-05-24 23:49:59 --> Controller "App\Controllers\FeesMasters" loaded.
INFO - 2020-05-24 23:49:59 --> Fetching FeeMaster details
INFO - 2020-05-24 23:50:00 --> Controller "App\Controllers\FeesMasters" loaded.
INFO - 2020-05-24 23:50:00 --> Fetching FeeMaster details
INFO - 2020-05-24 23:50:01 --> Controller "App\Controllers\Students" loaded.
INFO - 2020-05-24 23:50:01 --> Fetching All Leave details
INFO - 2020-05-24 23:50:02 --> Controller "App\Controllers\FeesMasters" loaded.
INFO - 2020-05-24 23:50:02 --> Fetching FeeMaster details
INFO - 2020-05-24 23:50:02 --> Controller "App\Controllers\FeesMasters" loaded.
INFO - 2020-05-24 23:50:02 --> Fetching FeeMaster details
INFO - 2020-05-24 23:50:03 --> Controller "App\Controllers\FeesMasters" loaded.
INFO - 2020-05-24 23:50:03 --> Fetching FeeMaster details
INFO - 2020-05-24 23:50:04 --> Controller "App\Controllers\Students" loaded.
INFO - 2020-05-24 23:50:04 --> Fetching All Leave details
INFO - 2020-05-24 23:50:05 --> Controller "App\Controllers\FeesMasters" loaded.
INFO - 2020-05-24 23:50:05 --> Fetching FeeMaster details
INFO - 2020-05-24 23:50:06 --> Controller "App\Controllers\FeesMasters" loaded.
INFO - 2020-05-24 23:50:06 --> Fetching FeeMaster details
INFO - 2020-05-24 23:50:11 --> Controller "App\Controllers\FeesMasters" loaded.
INFO - 2020-05-24 23:50:11 --> Fetching FeeMaster details
INFO - 2020-05-24 23:50:16 --> Controller "App\Controllers\FeesMasters" loaded.
INFO - 2020-05-24 23:50:16 --> Fetching FeeMaster details
INFO - 2020-05-24 23:50:17 --> Controller "App\Controllers\FeesMasters" loaded.
INFO - 2020-05-24 23:50:17 --> Fetching FeeMaster details
INFO - 2020-05-24 23:50:19 --> Controller "App\Controllers\Students" loaded.
INFO - 2020-05-24 23:50:19 --> Fetching All Leave details
INFO - 2020-05-24 23:50:20 --> Controller "App\Controllers\FeesMasters" loaded.
INFO - 2020-05-24 23:50:20 --> Fetching FeeMaster details
INFO - 2020-05-24 23:50:21 --> Controller "App\Controllers\FeesMasters" loaded.
INFO - 2020-05-24 23:50:21 --> Fetching FeeMaster details
INFO - 2020-05-24 23:50:56 --> Controller "App\Controllers\FeesMasters" loaded.
INFO - 2020-05-24 23:50:56 --> Fetching FeeMaster details
INFO - 2020-05-24 23:51:01 --> Controller "App\Controllers\FeesConfigs" loaded.
INFO - 2020-05-24 23:51:01 --> Fetching FeesConfigs details
INFO - 2020-05-24 23:51:01 --> Controller "App\Controllers\FeesMasters" loaded.
INFO - 2020-05-24 23:51:01 --> Fetching FeeMaster details
INFO - 2020-05-24 23:51:01 --> Controller "App\Controllers\Academicyears" loaded.
INFO - 2020-05-24 23:51:01 --> Fetching Academic year details
INFO - 2020-05-24 23:51:01 --> Controller "App\Controllers\Institutions" loaded.
INFO - 2020-05-24 23:51:01 --> Fetching Institution details
INFO - 2020-05-24 23:51:01 --> Controller "App\Controllers\Standards" loaded.
INFO - 2020-05-24 23:51:01 --> Fetching Standards Section details
INFO - 2020-05-24 23:51:01 --> Controller "App\Controllers\FeesConfigs" loaded.
INFO - 2020-05-24 23:51:01 --> Fetching Sections details
INFO - 2020-05-24 23:51:03 --> Controller "App\Controllers\FeesMasters" loaded.
INFO - 2020-05-24 23:51:03 --> Fetching FeeMaster details
INFO - 2020-05-24 23:51:03 --> Controller "App\Controllers\Sections" loaded.
INFO - 2020-05-24 23:51:03 --> Fetching Sections details
INFO - 2020-05-24 23:51:03 --> Controller "App\Controllers\Students" loaded.
INFO - 2020-05-24 23:51:03 --> Fetching All Leave details
INFO - 2020-05-24 23:51:03 --> Controller "App\Controllers\Categories" loaded.
INFO - 2020-05-24 23:51:03 --> Fetching Category details
INFO - 2020-05-24 23:51:03 --> Controller "App\Controllers\Sections" loaded.
INFO - 2020-05-24 23:51:03 --> Fetching Sections details
INFO - 2020-05-24 23:51:18 --> Controller "App\Controllers\Students" loaded.
INFO - 2020-05-24 23:51:18 --> Fetching All Leave details
INFO - 2020-05-24 23:51:20 --> Controller "App\Controllers\Students" loaded.
INFO - 2020-05-24 23:51:20 --> Fetching All Leave details
INFO - 2020-05-24 23:51:24 --> Controller "App\Controllers\FeesMasters" loaded.
INFO - 2020-05-24 23:51:24 --> Fetching FeeMaster details
INFO - 2020-05-24 23:51:47 --> Controller "App\Controllers\Students" loaded.
INFO - 2020-05-24 23:51:47 --> Fetching All Leave details
INFO - 2020-05-24 23:51:48 --> Controller "App\Controllers\FeesMasters" loaded.
INFO - 2020-05-24 23:51:48 --> Fetching FeeMaster details
INFO - 2020-05-24 23:51:49 --> Controller "App\Controllers\FeesMasters" loaded.
INFO - 2020-05-24 23:51:49 --> Fetching FeeMaster details
INFO - 2020-05-24 23:51:50 --> Controller "App\Controllers\Students" loaded.
INFO - 2020-05-24 23:51:50 --> Fetching All Leave details
INFO - 2020-05-24 23:51:54 --> Controller "App\Controllers\FeesMasters" loaded.
INFO - 2020-05-24 23:51:54 --> Fetching FeeMaster details
INFO - 2020-05-24 23:51:55 --> Controller "App\Controllers\FeesMasters" loaded.
INFO - 2020-05-24 23:51:55 --> Fetching FeeMaster details
INFO - 2020-05-24 23:52:08 --> Controller "App\Controllers\FeesMasters" loaded.
INFO - 2020-05-24 23:52:08 --> Fetching FeeMaster details
INFO - 2020-05-24 23:52:12 --> Controller "App\Controllers\FeesMasters" loaded.
INFO - 2020-05-24 23:52:12 --> Fetching FeeMaster details
INFO - 2020-05-24 23:52:12 --> Controller "App\Controllers\FeesMasters" loaded.
INFO - 2020-05-24 23:52:12 --> Fetching FeeMaster details
INFO - 2020-05-24 23:52:13 --> Controller "App\Controllers\FeesMasters" loaded.
INFO - 2020-05-24 23:52:13 --> Fetching FeeMaster details
INFO - 2020-05-24 23:52:14 --> Controller "App\Controllers\FeesMasters" loaded.
INFO - 2020-05-24 23:52:14 --> Fetching FeeMaster details
INFO - 2020-05-24 23:52:15 --> Controller "App\Controllers\FeesMasters" loaded.
INFO - 2020-05-24 23:52:15 --> Fetching FeeMaster details
INFO - 2020-05-24 23:52:23 --> Controller "App\Controllers\FeesMasters" loaded.
INFO - 2020-05-24 23:52:23 --> Fetching FeeMaster details
INFO - 2020-05-24 23:52:51 --> Controller "App\Controllers\FeesMasters" loaded.
INFO - 2020-05-24 23:52:51 --> Fetching FeeMaster details
INFO - 2020-05-24 23:52:54 --> Controller "App\Controllers\FeesMasters" loaded.
INFO - 2020-05-24 23:52:54 --> Fetching FeeMaster details
INFO - 2020-05-24 23:53:34 --> Controller "App\Controllers\FeesMasters" loaded.
INFO - 2020-05-24 23:53:34 --> Fetching FeeMaster details
INFO - 2020-05-24 23:53:37 --> Controller "App\Controllers\FeesMasters" loaded.
INFO - 2020-05-24 23:53:37 --> Fetching FeeMaster details
INFO - 2020-05-24 23:53:53 --> Controller "App\Controllers\FeesMasters" loaded.
INFO - 2020-05-24 23:53:53 --> Fetching FeeMaster details
INFO - 2020-05-24 23:54:35 --> Controller "App\Controllers\FeesMasters" loaded.
INFO - 2020-05-24 23:54:35 --> Fetching FeeMaster details
INFO - 2020-05-24 23:54:37 --> Controller "App\Controllers\FeesMasters" loaded.
INFO - 2020-05-24 23:54:37 --> Fetching FeeMaster details
INFO - 2020-05-24 23:54:50 --> Controller "App\Controllers\FeesMasters" loaded.
INFO - 2020-05-24 23:54:50 --> Fetching FeeMaster details
INFO - 2020-05-24 23:55:04 --> Controller "App\Controllers\Students" loaded.
INFO - 2020-05-24 23:55:04 --> Fetching All Leave details
INFO - 2020-05-24 23:56:08 --> Controller "App\Controllers\FeesMasters" loaded.
INFO - 2020-05-24 23:56:08 --> Fetching FeeMaster details
INFO - 2020-05-24 23:56:09 --> Controller "App\Controllers\FeesMasters" loaded.
INFO - 2020-05-24 23:56:09 --> Fetching FeeMaster details
INFO - 2020-05-24 23:56:10 --> Controller "App\Controllers\Students" loaded.
INFO - 2020-05-24 23:56:10 --> Fetching All Leave details
INFO - 2020-05-24 23:58:38 --> Controller "App\Controllers\FeesMasters" loaded.
INFO - 2020-05-24 23:58:38 --> Fetching FeeMaster details
INFO - 2020-05-24 23:58:47 --> Controller "App\Controllers\FeesMasters" loaded.
INFO - 2020-05-24 23:58:47 --> Fetching FeeMaster details
INFO - 2020-05-24 23:59:21 --> Controller "App\Controllers\FeesMasters" loaded.
INFO - 2020-05-24 23:59:21 --> Fetching FeeMaster details
INFO - 2020-05-24 23:59:21 --> Controller "App\Controllers\FeesMasters" loaded.
INFO - 2020-05-24 23:59:21 --> Fetching FeeMaster details
INFO - 2020-05-24 23:59:27 --> Controller "App\Controllers\Staffs" loaded.
INFO - 2020-05-24 23:59:27 --> Fetching All Leave details
INFO - 2020-05-24 23:59:32 --> Controller "App\Controllers\SubjectMasters" loaded.
INFO - 2020-05-24 23:59:32 --> Fetching SubjectMasters details
INFO - 2020-05-24 23:59:32 --> Controller "App\Controllers\Sections" loaded.
INFO - 2020-05-24 23:59:32 --> Fetching Sections details
INFO - 2020-05-24 23:59:35 --> Controller "App\Controllers\SubjectStandards" loaded.
INFO - 2020-05-24 23:59:35 --> Fetching Subjects details
