INFO - 2020-06-21 22:47:21 --> Controller "App\Controllers\Assignments" loaded.
INFO - 2020-06-21 22:47:21 --> Controller "App\Controllers\Assignments" loaded.
INFO - 2020-06-21 22:47:21 --> Controller "App\Controllers\Assignments" loaded.
INFO - 2020-06-21 22:47:21 --> Controller "App\Controllers\Boards" loaded.
INFO - 2020-06-21 22:47:21 --> Controller "App\Controllers\Sections" loaded.
INFO - 2020-06-21 22:47:21 --> Controller "App\Controllers\SubjectStandards" loaded.
INFO - 2020-06-21 22:47:21 --> Fetching Assignments Id details
INFO - 2020-06-21 22:47:21 --> Fetching Subjects details
INFO - 2020-06-21 22:47:21 --> Fetching Boards details
INFO - 2020-06-21 22:47:21 --> Fetching Sections details
INFO - 2020-06-21 22:47:21 --> Fetching Assignments Details details
INFO - 2020-06-21 22:47:21 --> Fetching Assignments details
INFO - 2020-06-21 22:47:21 --> Controller "App\Controllers\Assignments" loaded.
INFO - 2020-06-21 22:47:21 --> Controller "App\Controllers\Assignments" loaded.
INFO - 2020-06-21 22:47:21 --> Fetching Assignments Grade details
INFO - 2020-06-21 22:47:21 --> Controller "App\Controllers\Sections" loaded.
INFO - 2020-06-21 22:47:21 --> Fetching Sections details
INFO - 2020-06-21 22:47:21 --> Controller "App\Controllers\Assignments" loaded.
INFO - 2020-06-21 22:47:21 --> Fetching Assignments Details details
INFO - 2020-06-21 22:47:33 --> Controller "App\Controllers\Boards" loaded.
INFO - 2020-06-21 22:47:33 --> Fetching Boards details
INFO - 2020-06-21 22:47:33 --> Controller "App\Controllers\Sections" loaded.
INFO - 2020-06-21 22:47:33 --> Fetching Sections details
INFO - 2020-06-21 22:47:33 --> Controller "App\Controllers\Assignments" loaded.
INFO - 2020-06-21 22:47:33 --> Fetching Assignments Details details
INFO - 2020-06-21 22:47:33 --> Controller "App\Controllers\SubjectStandards" loaded.
INFO - 2020-06-21 22:47:33 --> Fetching Subjects details
INFO - 2020-06-21 22:47:33 --> Controller "App\Controllers\Assignments" loaded.
INFO - 2020-06-21 22:47:33 --> Fetching Assignments details
INFO - 2020-06-21 22:47:33 --> Controller "App\Controllers\Assignments" loaded.
INFO - 2020-06-21 22:47:33 --> Fetching Assignments Id details
INFO - 2020-06-21 22:47:33 --> Controller "App\Controllers\Assignments" loaded.
INFO - 2020-06-21 22:47:33 --> Controller "App\Controllers\Assignments" loaded.
INFO - 2020-06-21 22:47:33 --> Fetching Assignments Grade details
INFO - 2020-06-21 22:47:33 --> Controller "App\Controllers\Sections" loaded.
INFO - 2020-06-21 22:47:33 --> Fetching Sections details
INFO - 2020-06-21 22:47:33 --> Controller "App\Controllers\Assignments" loaded.
INFO - 2020-06-21 22:47:33 --> Fetching Assignments Details details
INFO - 2020-06-21 22:47:37 --> Controller "App\Controllers\Staffs" loaded.
INFO - 2020-06-21 22:47:37 --> Fetching All Leave details
INFO - 2020-06-21 22:47:37 --> Controller "App\Controllers\SubjectStandards" loaded.
INFO - 2020-06-21 22:47:37 --> Fetching Subjects details
INFO - 2020-06-21 22:47:37 --> Controller "App\Controllers\Assignments" loaded.
INFO - 2020-06-21 22:47:37 --> Fetching Assignments details
INFO - 2020-06-21 22:47:40 --> Controller "App\Controllers\Assignments" loaded.
INFO - 2020-06-21 22:47:40 --> Fetching Assignments details
INFO - 2020-06-21 22:47:42 --> Controller "App\Controllers\Assignments" loaded.
INFO - 2020-06-21 22:47:42 --> Fetching Assignments details
INFO - 2020-06-21 22:47:45 --> Controller "App\Controllers\Assignments" loaded.
INFO - 2020-06-21 22:47:45 --> Fetching Assignments Id details
INFO - 2020-06-21 22:47:45 --> Controller "App\Controllers\Assignments" loaded.
INFO - 2020-06-21 22:47:45 --> Fetching Assignments Id details
INFO - 2020-06-21 22:47:45 --> Controller "App\Controllers\Assignments" loaded.
INFO - 2020-06-21 22:47:45 --> Fetching Assignments Id details
INFO - 2020-06-21 22:47:46 --> Controller "App\Controllers\Assignments" loaded.
