INFO - 2020-06-20 09:15:26 --> Controller "App\Controllers\Users" loaded.
INFO - 2020-06-20 09:15:26 --> Fetching Users details
INFO - 2020-06-20 09:15:32 --> Controller "App\Controllers\Users" loaded.
INFO - 2020-06-20 09:15:32 --> Fetching Users details
INFO - 2020-06-20 09:15:54 --> Controller "App\Controllers\Boards" loaded.
INFO - 2020-06-20 09:15:54 --> Fetching Boards details
INFO - 2020-06-20 09:15:54 --> Controller "App\Controllers\Sections" loaded.
INFO - 2020-06-20 09:15:54 --> Controller "App\Controllers\Assignments" loaded.
INFO - 2020-06-20 09:15:54 --> Fetching Sections details
INFO - 2020-06-20 09:15:54 --> Fetching Assignments Details details
INFO - 2020-06-20 09:15:54 --> Controller "App\Controllers\SubjectStandards" loaded.
INFO - 2020-06-20 09:15:54 --> Fetching Subjects details
INFO - 2020-06-20 09:15:54 --> Controller "App\Controllers\Assignments" loaded.
INFO - 2020-06-20 09:15:54 --> Fetching Assignments details
INFO - 2020-06-20 09:15:54 --> Controller "App\Controllers\Assignments" loaded.
INFO - 2020-06-20 19:45:54 --> Fetching Assignments Mapped Id details
INFO - 2020-06-20 09:15:54 --> Controller "App\Controllers\Assignments" loaded.
INFO - 2020-06-20 09:15:54 --> Fetching Assignments Id details
INFO - 2020-06-20 09:15:54 --> Controller "App\Controllers\Assignments" loaded.
INFO - 2020-06-20 09:15:54 --> Fetching Assignments Grade details
INFO - 2020-06-20 09:15:54 --> Controller "App\Controllers\Sections" loaded.
INFO - 2020-06-20 09:15:54 --> Fetching Sections details
INFO - 2020-06-20 09:15:54 --> Controller "App\Controllers\Assignments" loaded.
INFO - 2020-06-20 09:15:54 --> Fetching Assignments Details details
INFO - 2020-06-20 09:16:02 --> Controller "App\Controllers\Staffs" loaded.
INFO - 2020-06-20 09:16:02 --> Fetching All Leave details
INFO - 2020-06-20 09:16:02 --> Controller "App\Controllers\Assignments" loaded.
INFO - 2020-06-20 09:16:02 --> Controller "App\Controllers\SubjectStandards" loaded.
INFO - 2020-06-20 09:16:02 --> Fetching Assignments details
INFO - 2020-06-20 09:16:02 --> Fetching Subjects details
INFO - 2020-06-20 09:16:05 --> Controller "App\Controllers\SubjectStandards" loaded.
INFO - 2020-06-20 09:16:05 --> Controller "App\Controllers\Assignments" loaded.
INFO - 2020-06-20 09:16:05 --> Fetching Assignments details
INFO - 2020-06-20 09:16:05 --> Fetching Subjects details
INFO - 2020-06-20 09:16:35 --> Controller "App\Controllers\Boards" loaded.
INFO - 2020-06-20 09:16:35 --> Controller "App\Controllers\Sections" loaded.
INFO - 2020-06-20 09:16:35 --> Fetching Boards details
INFO - 2020-06-20 09:16:35 --> Fetching Sections details
INFO - 2020-06-20 09:16:35 --> Controller "App\Controllers\Assignments" loaded.
INFO - 2020-06-20 09:16:35 --> Fetching Assignments Details details
INFO - 2020-06-20 09:16:35 --> Controller "App\Controllers\SubjectStandards" loaded.
INFO - 2020-06-20 09:16:35 --> Fetching Subjects details
INFO - 2020-06-20 09:16:35 --> Controller "App\Controllers\Assignments" loaded.
INFO - 2020-06-20 09:16:35 --> Fetching Assignments details
INFO - 2020-06-20 09:16:35 --> Controller "App\Controllers\Assignments" loaded.
INFO - 2020-06-20 09:16:35 --> Fetching Assignments Id details
INFO - 2020-06-20 09:16:35 --> Controller "App\Controllers\Assignments" loaded.
INFO - 2020-06-20 19:46:35 --> Fetching Assignments Mapped Id details
INFO - 2020-06-20 09:16:35 --> Controller "App\Controllers\Assignments" loaded.
INFO - 2020-06-20 09:16:35 --> Fetching Assignments Grade details
INFO - 2020-06-20 09:16:35 --> Controller "App\Controllers\Assignments" loaded.
INFO - 2020-06-20 09:16:35 --> Controller "App\Controllers\Sections" loaded.
INFO - 2020-06-20 09:16:35 --> Fetching Assignments Details details
INFO - 2020-06-20 09:16:35 --> Fetching Sections details
