INFO - 2021-01-27 09:30:09 --> Controller "App\Controllers\Dashboards" loaded.
INFO - 2021-01-27 09:30:09 --> Controller "App\Controllers\SchedulePlanner" loaded.
INFO - 2021-01-27 09:30:09 --> Fetching IIQA Details
INFO - 2021-01-27 09:30:09 --> Fetching Dashboard details
INFO - 2021-01-27 09:30:11 --> Controller "App\Controllers\PricingHistory" loaded.
INFO - 2021-01-27 09:30:11 --> Fetching IIQA Details
INFO - 2021-01-27 09:30:11 --> Controller "App\Controllers\InstituteDetails" loaded.
INFO - 2021-01-27 09:30:11 --> Fetching IIQA Details
INFO - 2021-01-27 09:30:11 --> Controller "App\Controllers\PricingDetails" loaded.
INFO - 2021-01-27 09:30:11 --> Fetching IIQA Details
INFO - 2021-01-27 09:30:11 --> Controller "App\Controllers\PricingDetails" loaded.
INFO - 2021-01-27 09:30:11 --> Fetching IIQA Details
INFO - 2021-01-27 09:43:36 --> Controller "App\Controllers\PricingHistory" loaded.
INFO - 2021-01-27 09:43:36 --> Fetching IIQA Details
INFO - 2021-01-27 09:43:38 --> Controller "App\Controllers\Dashboards" loaded.
INFO - 2021-01-27 09:43:38 --> Fetching Dashboard details
INFO - 2021-01-27 09:43:39 --> Controller "App\Controllers\SchedulePlanner" loaded.
INFO - 2021-01-27 09:43:39 --> Fetching IIQA Details
INFO - 2021-01-27 09:43:42 --> Controller "App\Controllers\PricingHistory" loaded.
INFO - 2021-01-27 09:43:42 --> Fetching IIQA Details
INFO - 2021-01-27 09:43:46 --> Controller "App\Controllers\PricingDetails" loaded.
INFO - 2021-01-27 09:43:46 --> Fetching IIQA Details
INFO - 2021-01-27 09:43:46 --> Controller "App\Controllers\PricingDetails" loaded.
INFO - 2021-01-27 09:43:46 --> Fetching IIQA Details
INFO - 2021-01-27 09:44:01 --> Controller "App\Controllers\SchedulePlanner" loaded.
INFO - 2021-01-27 09:44:01 --> Controller "App\Controllers\Dashboards" loaded.
INFO - 2021-01-27 09:44:01 --> Fetching IIQA Details
INFO - 2021-01-27 09:44:01 --> Fetching Dashboard details
INFO - 2021-01-27 09:44:02 --> Controller "App\Controllers\PricingHistory" loaded.
INFO - 2021-01-27 09:44:02 --> Fetching IIQA Details
INFO - 2021-01-27 09:44:02 --> Controller "App\Controllers\InstituteDetails" loaded.
INFO - 2021-01-27 09:44:02 --> Fetching IIQA Details
INFO - 2021-01-27 09:44:03 --> Controller "App\Controllers\PricingDetails" loaded.
INFO - 2021-01-27 09:44:03 --> Fetching IIQA Details
INFO - 2021-01-27 09:44:03 --> Controller "App\Controllers\PricingDetails" loaded.
INFO - 2021-01-27 09:44:03 --> Fetching IIQA Details
INFO - 2021-01-27 09:44:52 --> Controller "App\Controllers\Dashboards" loaded.
INFO - 2021-01-27 09:44:52 --> Fetching Dashboard details
INFO - 2021-01-27 09:44:52 --> Controller "App\Controllers\SchedulePlanner" loaded.
INFO - 2021-01-27 09:44:52 --> Fetching IIQA Details
INFO - 2021-01-27 09:46:08 --> Controller "App\Controllers\InstituteDetails" loaded.
INFO - 2021-01-27 09:46:08 --> Controller "App\Controllers\SchedulePlanner" loaded.
INFO - 2021-01-27 09:46:08 --> Fetching IIQA Details
INFO - 2021-01-27 09:46:08 --> Fetching IIQA Details
INFO - 2021-01-27 09:47:39 --> Controller "App\Controllers\Dashboards" loaded.
INFO - 2021-01-27 09:47:39 --> Fetching Dashboard details
INFO - 2021-01-27 09:48:59 --> Controller "App\Controllers\Dashboards" loaded.
INFO - 2021-01-27 09:48:59 --> Controller "App\Controllers\SchedulePlanner" loaded.
INFO - 2021-01-27 09:48:59 --> Fetching Dashboard details
INFO - 2021-01-27 09:48:59 --> Fetching IIQA Details
INFO - 2021-01-27 10:02:43 --> Controller "App\Controllers\Dashboards" loaded.
INFO - 2021-01-27 10:02:43 --> Fetching Dashboard details
INFO - 2021-01-27 10:32:36 --> Controller "App\Controllers\Dashboards" loaded.
INFO - 2021-01-27 10:32:36 --> Fetching Dashboard details
INFO - 2021-01-27 10:33:39 --> Controller "App\Controllers\Dashboards" loaded.
INFO - 2021-01-27 10:33:39 --> Fetching Dashboard details
INFO - 2021-01-27 10:33:43 --> Controller "App\Controllers\InstituteDetails" loaded.
INFO - 2021-01-27 10:33:43 --> Fetching IIQA Details
INFO - 2021-01-27 10:33:45 --> Controller "App\Controllers\InstituteDetails" loaded.
INFO - 2021-01-27 10:33:45 --> Fetching IIQA Details
INFO - 2021-01-27 10:33:47 --> Controller "App\Controllers\InstituteDetails" loaded.
INFO - 2021-01-27 10:33:47 --> Fetching IIQA Details
INFO - 2021-01-27 10:33:51 --> Controller "App\Controllers\InstituteDetails" loaded.
INFO - 2021-01-27 10:33:51 --> Fetching IIQA Details
INFO - 2021-01-27 10:33:54 --> Controller "App\Controllers\InstituteDetails" loaded.
INFO - 2021-01-27 10:33:54 --> Fetching IIQA Details
INFO - 2021-01-27 10:33:56 --> Controller "App\Controllers\InstituteDetails" loaded.
INFO - 2021-01-27 10:33:56 --> Fetching IIQA Details
INFO - 2021-01-27 10:33:57 --> Controller "App\Controllers\InstituteDetails" loaded.
INFO - 2021-01-27 10:33:57 --> Fetching IIQA Details
INFO - 2021-01-27 10:33:59 --> Controller "App\Controllers\InstituteDetails" loaded.
INFO - 2021-01-27 10:33:59 --> Fetching IIQA Details
INFO - 2021-01-27 10:34:15 --> Controller "App\Controllers\InstituteDetails" loaded.
INFO - 2021-01-27 10:34:15 --> Fetching IIQA Details
INFO - 2021-01-27 10:34:24 --> Controller "App\Controllers\InstituteDetails" loaded.
INFO - 2021-01-27 10:34:24 --> Fetching IIQA Details
INFO - 2021-01-27 10:34:30 --> Controller "App\Controllers\Leads" loaded.
INFO - 2021-01-27 10:34:30 --> Fetching IIQA Details
INFO - 2021-01-27 10:34:30 --> Controller "App\Controllers\InstituteDetails" loaded.
INFO - 2021-01-27 10:34:30 --> Fetching IIQA Details
INFO - 2021-01-27 10:34:41 --> Controller "App\Controllers\InstituteDetails" loaded.
INFO - 2021-01-27 10:34:41 --> Fetching IIQA Details
INFO - 2021-01-27 10:34:53 --> Controller "App\Controllers\InstitutePricingHistory" loaded.
INFO - 2021-01-27 10:34:53 --> Fetching IIQA Details
INFO - 2021-01-27 10:35:00 --> Controller "App\Controllers\InstituteDetails" loaded.
INFO - 2021-01-27 10:35:00 --> Fetching IIQA Details
INFO - 2021-01-27 10:43:06 --> Controller "App\Controllers\InstituteDetails" loaded.
INFO - 2021-01-27 10:43:06 --> Fetching IIQA Details
INFO - 2021-01-27 10:43:14 --> Controller "App\Controllers\Leads" loaded.
INFO - 2021-01-27 10:43:14 --> Fetching IIQA Details
INFO - 2021-01-27 10:43:14 --> Controller "App\Controllers\InstituteDetails" loaded.
INFO - 2021-01-27 10:43:14 --> Fetching IIQA Details
INFO - 2021-01-27 10:44:50 --> Controller "App\Controllers\Dashboards" loaded.
INFO - 2021-01-27 10:44:50 --> Fetching Dashboard details
INFO - 2021-01-27 10:44:52 --> Controller "App\Controllers\InstituteDetails" loaded.
INFO - 2021-01-27 10:44:52 --> Fetching IIQA Details
INFO - 2021-01-27 10:44:55 --> Controller "App\Controllers\InstituteDetails" loaded.
INFO - 2021-01-27 10:44:55 --> Fetching IIQA Details
INFO - 2021-01-27 10:45:00 --> Controller "App\Controllers\Dashboards" loaded.
INFO - 2021-01-27 10:45:00 --> Fetching Dashboard details
INFO - 2021-01-27 10:45:01 --> Controller "App\Controllers\SchedulePlanner" loaded.
INFO - 2021-01-27 10:45:01 --> Fetching IIQA Details
INFO - 2021-01-27 10:45:04 --> Controller "App\Controllers\SchedulePlanner" loaded.
INFO - 2021-01-27 10:45:04 --> Fetching IIQA Details
INFO - 2021-01-27 10:45:04 --> Controller "App\Controllers\InstituteDetails" loaded.
INFO - 2021-01-27 10:45:04 --> Fetching IIQA Details
INFO - 2021-01-27 10:45:06 --> Controller "App\Controllers\SchedulePlanner" loaded.
INFO - 2021-01-27 10:45:06 --> Fetching IIQA Details
INFO - 2021-01-27 10:45:06 --> Controller "App\Controllers\InstituteDetails" loaded.
INFO - 2021-01-27 10:45:06 --> Fetching IIQA Details
INFO - 2021-01-27 10:45:06 --> Controller "App\Controllers\EmployeeDetails" loaded.
INFO - 2021-01-27 10:45:06 --> Fetching IIQA Details
INFO - 2021-01-27 10:45:06 --> Controller "App\Controllers\Status" loaded.
INFO - 2021-01-27 10:45:06 --> Fetching IIQA Details
INFO - 2021-01-27 10:46:34 --> Controller "App\Controllers\PricingHistory" loaded.
INFO - 2021-01-27 10:46:34 --> Fetching IIQA Details
INFO - 2021-01-27 10:46:43 --> Controller "App\Controllers\PricingHistory" loaded.
INFO - 2021-01-27 10:46:43 --> Fetching IIQA Details
INFO - 2021-01-27 10:52:58 --> Controller "App\Controllers\Dashboards" loaded.
INFO - 2021-01-27 10:52:58 --> Fetching Dashboard details
INFO - 2021-01-27 10:58:43 --> Controller "App\Controllers\InstituteDetails" loaded.
INFO - 2021-01-27 10:58:43 --> Fetching IIQA Details
INFO - 2021-01-27 10:58:45 --> Controller "App\Controllers\InstituteDetails" loaded.
INFO - 2021-01-27 10:58:45 --> Fetching IIQA Details
INFO - 2021-01-27 10:58:46 --> Controller "App\Controllers\InstituteDetails" loaded.
INFO - 2021-01-27 10:58:46 --> Fetching IIQA Details
INFO - 2021-01-27 10:58:54 --> Controller "App\Controllers\Dashboards" loaded.
INFO - 2021-01-27 10:58:54 --> Controller "App\Controllers\SchedulePlanner" loaded.
INFO - 2021-01-27 10:58:54 --> Fetching Dashboard details
INFO - 2021-01-27 10:58:54 --> Fetching IIQA Details
INFO - 2021-01-27 10:58:57 --> Controller "App\Controllers\SchedulePlanner" loaded.
INFO - 2021-01-27 10:58:57 --> Fetching IIQA Details
INFO - 2021-01-27 10:58:57 --> Controller "App\Controllers\InstituteDetails" loaded.
INFO - 2021-01-27 10:58:57 --> Fetching IIQA Details
INFO - 2021-01-27 10:59:03 --> Controller "App\Controllers\SchedulePlanner" loaded.
INFO - 2021-01-27 10:59:03 --> Fetching IIQA Details
INFO - 2021-01-27 10:59:03 --> Controller "App\Controllers\InstituteDetails" loaded.
INFO - 2021-01-27 10:59:03 --> Fetching IIQA Details
INFO - 2021-01-27 10:59:05 --> Controller "App\Controllers\SchedulePlanner" loaded.
INFO - 2021-01-27 10:59:05 --> Fetching IIQA Details
INFO - 2021-01-27 10:59:05 --> Controller "App\Controllers\InstituteDetails" loaded.
INFO - 2021-01-27 10:59:05 --> Controller "App\Controllers\SchedulePlanner" loaded.
INFO - 2021-01-27 10:59:05 --> Fetching IIQA Details
INFO - 2021-01-27 10:59:05 --> Fetching IIQA Details
INFO - 2021-01-27 10:59:05 --> Controller "App\Controllers\EmployeeDetails" loaded.
INFO - 2021-01-27 10:59:05 --> Fetching IIQA Details
INFO - 2021-01-27 10:59:05 --> Controller "App\Controllers\Status" loaded.
INFO - 2021-01-27 10:59:05 --> Fetching IIQA Details
INFO - 2021-01-27 10:59:12 --> Controller "App\Controllers\SchedulePlanner" loaded.
INFO - 2021-01-27 10:59:12 --> Fetching IIQA Details
INFO - 2021-01-27 10:59:12 --> Controller "App\Controllers\InstituteDetails" loaded.
INFO - 2021-01-27 10:59:12 --> Controller "App\Controllers\EmployeeDetails" loaded.
INFO - 2021-01-27 10:59:12 --> Fetching IIQA Details
INFO - 2021-01-27 10:59:12 --> Fetching IIQA Details
INFO - 2021-01-27 10:59:20 --> Controller "App\Controllers\SchedulePlanner" loaded.
INFO - 2021-01-27 10:59:20 --> Fetching IIQA Details
INFO - 2021-01-27 10:59:20 --> Controller "App\Controllers\SchedulePlanner" loaded.
INFO - 2021-01-27 10:59:20 --> Fetching IIQA Details
INFO - 2021-01-27 10:59:20 --> Controller "App\Controllers\InstituteDetails" loaded.
INFO - 2021-01-27 10:59:20 --> Fetching IIQA Details
INFO - 2021-01-27 10:59:20 --> Controller "App\Controllers\EmployeeDetails" loaded.
INFO - 2021-01-27 10:59:20 --> Fetching IIQA Details
INFO - 2021-01-27 10:59:20 --> Controller "App\Controllers\Status" loaded.
INFO - 2021-01-27 10:59:20 --> Fetching IIQA Details
INFO - 2021-01-27 11:03:15 --> Controller "App\Controllers\Dashboards" loaded.
INFO - 2021-01-27 11:03:15 --> Fetching Dashboard details
INFO - 2021-01-27 11:03:38 --> Controller "App\Controllers\InstituteDetails" loaded.
INFO - 2021-01-27 11:03:38 --> Fetching IIQA Details
INFO - 2021-01-27 11:04:14 --> Controller "App\Controllers\InstituteDetails" loaded.
INFO - 2021-01-27 11:04:14 --> Fetching IIQA Details
INFO - 2021-01-27 11:06:20 --> Controller "App\Controllers\InstituteDetails" loaded.
INFO - 2021-01-27 11:06:20 --> Fetching IIQA Details
INFO - 2021-01-27 11:06:23 --> Controller "App\Controllers\Dashboards" loaded.
INFO - 2021-01-27 11:06:23 --> Fetching Dashboard details
INFO - 2021-01-27 11:06:23 --> Controller "App\Controllers\SchedulePlanner" loaded.
INFO - 2021-01-27 11:06:23 --> Fetching IIQA Details
INFO - 2021-01-27 11:06:26 --> Controller "App\Controllers\SchedulePlanner" loaded.
INFO - 2021-01-27 11:06:26 --> Fetching IIQA Details
INFO - 2021-01-27 11:06:26 --> Controller "App\Controllers\InstituteDetails" loaded.
INFO - 2021-01-27 11:06:26 --> Fetching IIQA Details
INFO - 2021-01-27 11:06:27 --> Controller "App\Controllers\SchedulePlanner" loaded.
INFO - 2021-01-27 11:06:27 --> Fetching IIQA Details
INFO - 2021-01-27 11:21:38 --> Controller "App\Controllers\Dashboards" loaded.
INFO - 2021-01-27 11:21:38 --> Fetching Dashboard details
INFO - 2021-01-27 11:21:46 --> Controller "App\Controllers\InstituteDetails" loaded.
INFO - 2021-01-27 11:21:46 --> Fetching IIQA Details
INFO - 2021-01-27 11:21:51 --> Controller "App\Controllers\Leads" loaded.
INFO - 2021-01-27 11:21:51 --> Fetching IIQA Details
INFO - 2021-01-27 11:21:51 --> Controller "App\Controllers\InstituteDetails" loaded.
INFO - 2021-01-27 11:21:51 --> Fetching IIQA Details
INFO - 2021-01-27 11:22:25 --> Controller "App\Controllers\InstituteDetails" loaded.
INFO - 2021-01-27 11:22:25 --> Fetching IIQA Details
INFO - 2021-01-27 11:22:31 --> Controller "App\Controllers\InstitutePricingHistory" loaded.
INFO - 2021-01-27 11:22:31 --> Fetching IIQA Details
INFO - 2021-01-27 11:22:45 --> Controller "App\Controllers\InstituteDetails" loaded.
INFO - 2021-01-27 11:22:45 --> Fetching IIQA Details
INFO - 2021-01-27 11:27:10 --> Controller "App\Controllers\Dashboards" loaded.
INFO - 2021-01-27 11:27:10 --> Fetching Dashboard details
INFO - 2021-01-27 11:27:13 --> Controller "App\Controllers\InstituteDetails" loaded.
INFO - 2021-01-27 11:27:13 --> Fetching IIQA Details
INFO - 2021-01-27 11:27:16 --> Controller "App\Controllers\Leads" loaded.
INFO - 2021-01-27 11:27:16 --> Fetching IIQA Details
INFO - 2021-01-27 11:27:16 --> Controller "App\Controllers\InstituteDetails" loaded.
INFO - 2021-01-27 11:27:16 --> Fetching IIQA Details
INFO - 2021-01-27 11:32:35 --> Controller "App\Controllers\Dashboards" loaded.
INFO - 2021-01-27 11:32:35 --> Fetching Dashboard details
INFO - 2021-01-27 12:01:41 --> Controller "App\Controllers\Dashboards" loaded.
INFO - 2021-01-27 12:01:41 --> Fetching Dashboard details
INFO - 2021-01-27 12:01:54 --> Controller "App\Controllers\Dashboards" loaded.
INFO - 2021-01-27 12:01:54 --> Fetching Dashboard details
INFO - 2021-01-27 12:02:44 --> Controller "App\Controllers\Dashboards" loaded.
INFO - 2021-01-27 12:02:44 --> Fetching Dashboard details
INFO - 2021-01-27 12:03:12 --> Controller "App\Controllers\Dashboards" loaded.
INFO - 2021-01-27 12:03:12 --> Fetching Dashboard details
INFO - 2021-01-27 12:03:14 --> Controller "App\Controllers\InstituteDetails" loaded.
INFO - 2021-01-27 12:03:14 --> Fetching IIQA Details
INFO - 2021-01-27 12:03:16 --> Controller "App\Controllers\Leads" loaded.
INFO - 2021-01-27 12:03:16 --> Fetching IIQA Details
INFO - 2021-01-27 12:03:16 --> Controller "App\Controllers\InstituteDetails" loaded.
INFO - 2021-01-27 12:03:16 --> Fetching IIQA Details
INFO - 2021-01-27 12:03:19 --> Controller "App\Controllers\InstituteDetails" loaded.
INFO - 2021-01-27 12:03:19 --> Fetching IIQA Details
INFO - 2021-01-27 12:11:53 --> Controller "App\Controllers\InstituteDetails" loaded.
INFO - 2021-01-27 12:11:53 --> Fetching IIQA Details
INFO - 2021-01-27 12:12:04 --> Controller "App\Controllers\Dashboards" loaded.
INFO - 2021-01-27 12:12:04 --> Fetching Dashboard details
INFO - 2021-01-27 12:12:04 --> Controller "App\Controllers\SchedulePlanner" loaded.
INFO - 2021-01-27 12:12:04 --> Fetching IIQA Details
INFO - 2021-01-27 12:12:06 --> Controller "App\Controllers\SchedulePlanner" loaded.
INFO - 2021-01-27 12:12:06 --> Fetching IIQA Details
INFO - 2021-01-27 12:12:06 --> Controller "App\Controllers\InstituteDetails" loaded.
INFO - 2021-01-27 12:12:06 --> Fetching IIQA Details
INFO - 2021-01-27 12:12:08 --> Controller "App\Controllers\InstituteDetails" loaded.
INFO - 2021-01-27 12:12:08 --> Controller "App\Controllers\SchedulePlanner" loaded.
INFO - 2021-01-27 12:12:08 --> Fetching IIQA Details
INFO - 2021-01-27 12:12:08 --> Fetching IIQA Details
INFO - 2021-01-27 12:12:08 --> Controller "App\Controllers\EmployeeDetails" loaded.
INFO - 2021-01-27 12:12:08 --> Fetching IIQA Details
INFO - 2021-01-27 12:12:08 --> Controller "App\Controllers\Status" loaded.
INFO - 2021-01-27 12:12:08 --> Fetching IIQA Details
INFO - 2021-01-27 13:39:06 --> Controller "App\Controllers\Dashboards" loaded.
INFO - 2021-01-27 13:39:06 --> Fetching Dashboard details
INFO - 2021-01-27 13:43:02 --> Controller "App\Controllers\InstituteDetails" loaded.
INFO - 2021-01-27 13:43:02 --> Fetching IIQA Details
INFO - 2021-01-27 13:43:43 --> Controller "App\Controllers\InstituteDetails" loaded.
INFO - 2021-01-27 13:43:43 --> Fetching IIQA Details
INFO - 2021-01-27 13:43:49 --> Controller "App\Controllers\Leads" loaded.
INFO - 2021-01-27 13:43:49 --> Fetching IIQA Details
INFO - 2021-01-27 13:45:01 --> Controller "App\Controllers\SchedulePlanner" loaded.
INFO - 2021-01-27 13:45:01 --> Fetching IIQA Details
INFO - 2021-01-27 15:56:25 --> Controller "App\Controllers\Dashboards" loaded.
INFO - 2021-01-27 15:56:25 --> Fetching Dashboard details
INFO - 2021-01-27 17:34:52 --> Controller "App\Controllers\Dashboards" loaded.
INFO - 2021-01-27 17:34:52 --> Fetching Dashboard details
INFO - 2021-01-27 17:41:31 --> Controller "App\Controllers\Dashboards" loaded.
INFO - 2021-01-27 17:41:31 --> Fetching Dashboard details
INFO - 2021-01-27 17:43:53 --> Controller "App\Controllers\Dashboards" loaded.
INFO - 2021-01-27 17:43:53 --> Fetching Dashboard details
INFO - 2021-01-27 17:53:14 --> Controller "App\Controllers\Dashboards" loaded.
INFO - 2021-01-27 17:53:14 --> Fetching Dashboard details
INFO - 2021-01-27 17:54:43 --> Controller "App\Controllers\Dashboards" loaded.
INFO - 2021-01-27 17:54:43 --> Fetching Dashboard details
INFO - 2021-01-27 17:56:11 --> Controller "App\Controllers\Dashboards" loaded.
INFO - 2021-01-27 17:56:11 --> Fetching Dashboard details
INFO - 2021-01-27 17:56:56 --> Controller "App\Controllers\Dashboards" loaded.
INFO - 2021-01-27 17:56:56 --> Fetching Dashboard details
INFO - 2021-01-27 17:57:29 --> Controller "App\Controllers\Dashboards" loaded.
INFO - 2021-01-27 17:57:29 --> Fetching Dashboard details
INFO - 2021-01-27 17:58:55 --> Controller "App\Controllers\Dashboards" loaded.
INFO - 2021-01-27 17:58:55 --> Fetching Dashboard details
INFO - 2021-01-27 18:05:23 --> Controller "App\Controllers\Dashboards" loaded.
INFO - 2021-01-27 18:05:23 --> Fetching Dashboard details
INFO - 2021-01-27 18:06:06 --> Controller "App\Controllers\Dashboards" loaded.
INFO - 2021-01-27 18:06:06 --> Fetching Dashboard details
INFO - 2021-01-27 18:06:15 --> Controller "App\Controllers\Dashboards" loaded.
INFO - 2021-01-27 18:06:15 --> Fetching Dashboard details
INFO - 2021-01-27 18:12:06 --> Controller "App\Controllers\Dashboards" loaded.
INFO - 2021-01-27 18:12:06 --> Fetching Dashboard details
INFO - 2021-01-27 18:13:36 --> Controller "App\Controllers\Dashboards" loaded.
INFO - 2021-01-27 18:13:36 --> Fetching Dashboard details
INFO - 2021-01-27 18:16:13 --> Controller "App\Controllers\Dashboards" loaded.
INFO - 2021-01-27 18:16:13 --> Fetching Dashboard details
INFO - 2021-01-27 18:18:45 --> Controller "App\Controllers\Dashboards" loaded.
INFO - 2021-01-27 18:18:45 --> Fetching Dashboard details
INFO - 2021-01-27 18:21:57 --> Controller "App\Controllers\Dashboards" loaded.
INFO - 2021-01-27 18:21:57 --> Fetching Dashboard details
INFO - 2021-01-27 18:22:05 --> Controller "App\Controllers\Dashboards" loaded.
INFO - 2021-01-27 18:22:05 --> Fetching Dashboard details
INFO - 2021-01-27 18:22:35 --> Controller "App\Controllers\Dashboards" loaded.
INFO - 2021-01-27 18:22:35 --> Fetching Dashboard details
