INFO - 2020-12-31 08:36:27 --> Controller "App\Controllers\Dashboards" loaded.
INFO - 2020-12-31 08:36:27 --> Fetching Dashboard details
INFO - 2020-12-31 08:36:30 --> Controller "App\Controllers\SchedulePlanner" loaded.
INFO - 2020-12-31 08:36:30 --> Fetching IIQA Details
INFO - 2020-12-31 08:36:52 --> Controller "App\Controllers\SchedulePlanner" loaded.
INFO - 2020-12-31 08:36:52 --> Fetching IIQA Details
INFO - 2020-12-31 08:37:07 --> Controller "App\Controllers\Leads" loaded.
INFO - 2020-12-31 08:37:07 --> Fetching IIQA Details
INFO - 2020-12-31 08:37:07 --> Controller "App\Controllers\EmployeeDetails" loaded.
INFO - 2020-12-31 08:37:07 --> Fetching IIQA Details
INFO - 2020-12-31 08:54:09 --> Controller "App\Controllers\Dashboards" loaded.
INFO - 2020-12-31 08:54:09 --> Fetching Dashboard details
INFO - 2020-12-31 08:56:47 --> Controller "App\Controllers\Dashboards" loaded.
INFO - 2020-12-31 08:56:47 --> Fetching Dashboard details
INFO - 2020-12-31 08:57:22 --> Controller "App\Controllers\Dashboards" loaded.
INFO - 2020-12-31 08:57:22 --> Fetching Dashboard details
INFO - 2020-12-31 08:58:15 --> Controller "App\Controllers\Dashboards" loaded.
INFO - 2020-12-31 08:58:15 --> Fetching Dashboard details
INFO - 2020-12-31 08:58:18 --> Controller "App\Controllers\SchedulePlanner" loaded.
INFO - 2020-12-31 08:58:18 --> Fetching IIQA Details
INFO - 2020-12-31 09:06:25 --> Controller "App\Controllers\Dashboards" loaded.
INFO - 2020-12-31 09:06:25 --> Fetching Dashboard details
INFO - 2020-12-31 09:06:26 --> Controller "App\Controllers\SchedulePlanner" loaded.
INFO - 2020-12-31 09:06:26 --> Fetching IIQA Details
INFO - 2020-12-31 09:06:29 --> Controller "App\Controllers\SchedulePlannerContact" loaded.
INFO - 2020-12-31 09:06:29 --> Fetching IIQA Details
INFO - 2020-12-31 09:06:36 --> Controller "App\Controllers\SchedulePlannerContact" loaded.
INFO - 2020-12-31 09:06:36 --> Fetching IIQA Details
INFO - 2020-12-31 09:07:12 --> Controller "App\Controllers\SchedulePlannerContact" loaded.
INFO - 2020-12-31 09:07:12 --> Fetching IIQA Details
INFO - 2020-12-31 09:08:26 --> Controller "App\Controllers\Dashboards" loaded.
INFO - 2020-12-31 09:08:26 --> Fetching Dashboard details
INFO - 2020-12-31 09:08:39 --> Controller "App\Controllers\Leads" loaded.
INFO - 2020-12-31 09:08:39 --> Fetching IIQA Details
INFO - 2020-12-31 09:08:39 --> Controller "App\Controllers\EmployeeDetails" loaded.
INFO - 2020-12-31 09:08:39 --> Fetching IIQA Details
INFO - 2020-12-31 09:10:19 --> Controller "App\Controllers\Dashboards" loaded.
INFO - 2020-12-31 09:10:19 --> Fetching Dashboard details
INFO - 2020-12-31 09:10:21 --> Controller "App\Controllers\Leads" loaded.
INFO - 2020-12-31 09:10:21 --> Fetching IIQA Details
INFO - 2020-12-31 09:10:21 --> Controller "App\Controllers\EmployeeDetails" loaded.
INFO - 2020-12-31 09:10:21 --> Fetching IIQA Details
INFO - 2020-12-31 09:10:25 --> Controller "App\Controllers\InstituteDetails" loaded.
INFO - 2020-12-31 09:10:25 --> Fetching IIQA Details
INFO - 2020-12-31 09:10:25 --> Controller "App\Controllers\ContactDetails" loaded.
INFO - 2020-12-31 09:10:25 --> Fetching IIQA Details
CRITICAL - 2020-12-31 09:10:51 --> syntax error, unexpected '$lead_contact_person_data' (T_VARIABLE)
#0 /var/www/html/salesdiary.egenius.in/server/system/Router/Router.php(192): CodeIgniter\Router\Router->autoRoute('SchedulePlanner...')
#1 /var/www/html/salesdiary.egenius.in/server/system/CodeIgniter.php(785): CodeIgniter\Router\Router->handle('SchedulePlanner...')
#2 /var/www/html/salesdiary.egenius.in/server/system/CodeIgniter.php(358): CodeIgniter\CodeIgniter->tryToRouteIt(Object(CodeIgniter\Router\RouteCollection))
#3 /var/www/html/salesdiary.egenius.in/server/system/CodeIgniter.php(306): CodeIgniter\CodeIgniter->handleRequest(NULL, Object(Config\Cache), false)
#4 /var/www/html/salesdiary.egenius.in/server/index.php(45): CodeIgniter\CodeIgniter->run()
#5 {main}
CRITICAL - 2020-12-31 09:11:17 --> syntax error, unexpected '$lead_contact_person_data' (T_VARIABLE)
#0 /var/www/html/salesdiary.egenius.in/server/system/Router/Router.php(192): CodeIgniter\Router\Router->autoRoute('SchedulePlanner...')
#1 /var/www/html/salesdiary.egenius.in/server/system/CodeIgniter.php(785): CodeIgniter\Router\Router->handle('SchedulePlanner...')
#2 /var/www/html/salesdiary.egenius.in/server/system/CodeIgniter.php(358): CodeIgniter\CodeIgniter->tryToRouteIt(Object(CodeIgniter\Router\RouteCollection))
#3 /var/www/html/salesdiary.egenius.in/server/system/CodeIgniter.php(306): CodeIgniter\CodeIgniter->handleRequest(NULL, Object(Config\Cache), false)
#4 /var/www/html/salesdiary.egenius.in/server/index.php(45): CodeIgniter\CodeIgniter->run()
#5 {main}
INFO - 2020-12-31 09:15:21 --> Controller "App\Controllers\SchedulePlanner" loaded.
INFO - 2020-12-31 09:15:21 --> Fetching IIQA Details
INFO - 2020-12-31 09:18:00 --> Controller "App\Controllers\Dashboards" loaded.
INFO - 2020-12-31 09:18:00 --> Fetching Dashboard details
INFO - 2020-12-31 09:18:19 --> Controller "App\Controllers\SchedulePlanner" loaded.
INFO - 2020-12-31 09:18:19 --> Fetching IIQA Details
INFO - 2020-12-31 09:18:21 --> Controller "App\Controllers\SchedulePlannerContact" loaded.
INFO - 2020-12-31 09:18:21 --> Fetching IIQA Details
INFO - 2020-12-31 09:19:33 --> Controller "App\Controllers\EmployeeDetails" loaded.
INFO - 2020-12-31 09:19:33 --> Controller "App\Controllers\Leads" loaded.
INFO - 2020-12-31 09:19:33 --> Fetching IIQA Details
INFO - 2020-12-31 09:19:33 --> Fetching IIQA Details
INFO - 2020-12-31 09:19:35 --> Controller "App\Controllers\InstituteDetails" loaded.
INFO - 2020-12-31 09:19:35 --> Fetching IIQA Details
INFO - 2020-12-31 09:19:35 --> Controller "App\Controllers\ContactDetails" loaded.
INFO - 2020-12-31 09:19:35 --> Fetching IIQA Details
INFO - 2020-12-31 09:19:59 --> Controller "App\Controllers\SchedulePlanner" loaded.
INFO - 2020-12-31 09:19:59 --> Fetching IIQA Details
INFO - 2020-12-31 09:23:19 --> Controller "App\Controllers\Dashboards" loaded.
INFO - 2020-12-31 09:23:19 --> Fetching Dashboard details
INFO - 2020-12-31 09:23:22 --> Controller "App\Controllers\SchedulePlanner" loaded.
INFO - 2020-12-31 09:23:22 --> Fetching IIQA Details
INFO - 2020-12-31 09:23:24 --> Controller "App\Controllers\SchedulePlannerContact" loaded.
INFO - 2020-12-31 09:23:24 --> Fetching IIQA Details
INFO - 2020-12-31 09:23:28 --> Controller "App\Controllers\SchedulePlannerContact" loaded.
INFO - 2020-12-31 09:23:28 --> Fetching IIQA Details
INFO - 2020-12-31 09:23:32 --> Controller "App\Controllers\SchedulePlannerContact" loaded.
INFO - 2020-12-31 09:23:32 --> Fetching IIQA Details
INFO - 2020-12-31 09:27:46 --> Controller "App\Controllers\Dashboards" loaded.
INFO - 2020-12-31 09:27:46 --> Fetching Dashboard details
INFO - 2020-12-31 09:27:49 --> Controller "App\Controllers\SchedulePlanner" loaded.
INFO - 2020-12-31 09:27:49 --> Fetching IIQA Details
INFO - 2020-12-31 09:27:51 --> Controller "App\Controllers\SchedulePlannerContact" loaded.
INFO - 2020-12-31 09:27:51 --> Fetching IIQA Details
INFO - 2020-12-31 09:27:57 --> Controller "App\Controllers\SchedulePlannerContact" loaded.
INFO - 2020-12-31 09:27:57 --> Fetching IIQA Details
INFO - 2020-12-31 09:32:36 --> Controller "App\Controllers\Dashboards" loaded.
INFO - 2020-12-31 09:32:36 --> Fetching Dashboard details
INFO - 2020-12-31 09:34:48 --> Controller "App\Controllers\Dashboards" loaded.
INFO - 2020-12-31 09:34:48 --> Fetching Dashboard details
INFO - 2020-12-31 09:34:50 --> Controller "App\Controllers\SchedulePlanner" loaded.
INFO - 2020-12-31 09:34:50 --> Fetching IIQA Details
INFO - 2020-12-31 09:35:58 --> Controller "App\Controllers\Dashboards" loaded.
INFO - 2020-12-31 09:35:58 --> Fetching Dashboard details
INFO - 2020-12-31 09:36:00 --> Controller "App\Controllers\Status" loaded.
INFO - 2020-12-31 09:36:00 --> Fetching IIQA Details
INFO - 2020-12-31 09:36:00 --> Controller "App\Controllers\Leads" loaded.
INFO - 2020-12-31 09:36:00 --> Fetching IIQA Details
INFO - 2020-12-31 09:36:47 --> Controller "App\Controllers\Dashboards" loaded.
INFO - 2020-12-31 09:36:47 --> Fetching Dashboard details
INFO - 2020-12-31 09:59:28 --> Controller "App\Controllers\SchedulePlanner" loaded.
INFO - 2020-12-31 09:59:28 --> Fetching IIQA Details
INFO - 2020-12-31 09:59:57 --> Controller "App\Controllers\SchedulePlannerContact" loaded.
INFO - 2020-12-31 09:59:57 --> Fetching IIQA Details
INFO - 2020-12-31 10:00:44 --> Controller "App\Controllers\Dashboards" loaded.
INFO - 2020-12-31 10:00:44 --> Fetching Dashboard details
INFO - 2020-12-31 10:00:45 --> Controller "App\Controllers\SchedulePlanner" loaded.
INFO - 2020-12-31 10:00:45 --> Fetching IIQA Details
INFO - 2020-12-31 10:00:54 --> Controller "App\Controllers\Dashboards" loaded.
INFO - 2020-12-31 10:00:54 --> Fetching Dashboard details
INFO - 2020-12-31 10:01:14 --> Controller "App\Controllers\Dashboards" loaded.
INFO - 2020-12-31 10:01:14 --> Fetching Dashboard details
INFO - 2020-12-31 10:12:00 --> Controller "App\Controllers\Dashboards" loaded.
INFO - 2020-12-31 10:12:00 --> Fetching Dashboard details
INFO - 2020-12-31 10:13:25 --> Controller "App\Controllers\Dashboards" loaded.
INFO - 2020-12-31 10:13:25 --> Fetching Dashboard details
INFO - 2020-12-31 10:16:13 --> Controller "App\Controllers\Dashboards" loaded.
INFO - 2020-12-31 10:16:13 --> Fetching Dashboard details
INFO - 2020-12-31 10:16:15 --> Controller "App\Controllers\SchedulePlanner" loaded.
INFO - 2020-12-31 10:16:15 --> Fetching IIQA Details
INFO - 2020-12-31 10:21:26 --> Controller "App\Controllers\Dashboards" loaded.
INFO - 2020-12-31 10:21:26 --> Fetching Dashboard details
INFO - 2020-12-31 10:21:30 --> Controller "App\Controllers\SchedulePlanner" loaded.
INFO - 2020-12-31 10:21:30 --> Fetching IIQA Details
INFO - 2020-12-31 10:24:01 --> Controller "App\Controllers\Dashboards" loaded.
INFO - 2020-12-31 10:24:01 --> Fetching Dashboard details
INFO - 2020-12-31 10:25:18 --> Controller "App\Controllers\Dashboards" loaded.
INFO - 2020-12-31 10:25:18 --> Fetching Dashboard details
INFO - 2020-12-31 10:25:20 --> Controller "App\Controllers\SchedulePlanner" loaded.
INFO - 2020-12-31 10:25:20 --> Fetching IIQA Details
INFO - 2020-12-31 10:25:40 --> Controller "App\Controllers\Dashboards" loaded.
INFO - 2020-12-31 10:25:40 --> Fetching Dashboard details
INFO - 2020-12-31 10:25:43 --> Controller "App\Controllers\SchedulePlanner" loaded.
INFO - 2020-12-31 10:25:43 --> Fetching IIQA Details
INFO - 2020-12-31 10:26:40 --> Controller "App\Controllers\Dashboards" loaded.
INFO - 2020-12-31 10:26:40 --> Fetching Dashboard details
INFO - 2020-12-31 10:26:57 --> Controller "App\Controllers\SchedulePlanner" loaded.
INFO - 2020-12-31 10:26:57 --> Fetching IIQA Details
INFO - 2020-12-31 10:27:47 --> Controller "App\Controllers\Dashboards" loaded.
INFO - 2020-12-31 10:27:47 --> Fetching Dashboard details
INFO - 2020-12-31 10:27:49 --> Controller "App\Controllers\SchedulePlanner" loaded.
INFO - 2020-12-31 10:27:49 --> Fetching IIQA Details
INFO - 2020-12-31 10:30:21 --> Controller "App\Controllers\Dashboards" loaded.
INFO - 2020-12-31 10:30:21 --> Fetching Dashboard details
INFO - 2020-12-31 10:34:12 --> Controller "App\Controllers\Dashboards" loaded.
INFO - 2020-12-31 10:34:12 --> Fetching Dashboard details
INFO - 2020-12-31 10:34:27 --> Controller "App\Controllers\SchedulePlanner" loaded.
INFO - 2020-12-31 10:34:27 --> Fetching IIQA Details
INFO - 2020-12-31 10:35:46 --> Controller "App\Controllers\Dashboards" loaded.
INFO - 2020-12-31 10:35:46 --> Fetching Dashboard details
INFO - 2020-12-31 10:38:08 --> Controller "App\Controllers\SchedulePlanner" loaded.
INFO - 2020-12-31 10:38:08 --> Fetching IIQA Details
INFO - 2020-12-31 10:39:50 --> Controller "App\Controllers\Dashboards" loaded.
INFO - 2020-12-31 10:39:50 --> Fetching Dashboard details
INFO - 2020-12-31 10:40:59 --> Controller "App\Controllers\Dashboards" loaded.
INFO - 2020-12-31 10:40:59 --> Fetching Dashboard details
INFO - 2020-12-31 10:46:53 --> Controller "App\Controllers\Dashboards" loaded.
INFO - 2020-12-31 10:46:53 --> Fetching Dashboard details
INFO - 2020-12-31 10:46:56 --> Controller "App\Controllers\SchedulePlanner" loaded.
INFO - 2020-12-31 10:46:56 --> Fetching IIQA Details
INFO - 2020-12-31 10:52:58 --> Controller "App\Controllers\Dashboards" loaded.
INFO - 2020-12-31 10:52:58 --> Fetching Dashboard details
INFO - 2020-12-31 10:53:00 --> Controller "App\Controllers\SchedulePlanner" loaded.
INFO - 2020-12-31 10:53:00 --> Fetching IIQA Details
INFO - 2020-12-31 10:54:56 --> Controller "App\Controllers\EmployeeDetails" loaded.
INFO - 2020-12-31 10:54:56 --> Controller "App\Controllers\Leads" loaded.
INFO - 2020-12-31 10:54:56 --> Fetching IIQA Details
INFO - 2020-12-31 10:54:56 --> Fetching IIQA Details
INFO - 2020-12-31 10:55:01 --> Controller "App\Controllers\Dashboards" loaded.
INFO - 2020-12-31 10:55:01 --> Fetching Dashboard details
INFO - 2020-12-31 10:55:14 --> Controller "App\Controllers\SchedulePlanner" loaded.
INFO - 2020-12-31 10:55:14 --> Fetching IIQA Details
INFO - 2020-12-31 11:11:11 --> Controller "App\Controllers\Dashboards" loaded.
INFO - 2020-12-31 11:11:11 --> Fetching Dashboard details
INFO - 2020-12-31 11:15:14 --> Controller "App\Controllers\Dashboards" loaded.
INFO - 2020-12-31 11:15:14 --> Fetching Dashboard details
INFO - 2020-12-31 11:17:24 --> Controller "App\Controllers\Dashboards" loaded.
INFO - 2020-12-31 11:17:24 --> Fetching Dashboard details
INFO - 2020-12-31 11:17:28 --> Controller "App\Controllers\SchedulePlanner" loaded.
INFO - 2020-12-31 11:17:28 --> Fetching IIQA Details
INFO - 2020-12-31 11:18:47 --> Controller "App\Controllers\Dashboards" loaded.
INFO - 2020-12-31 11:18:47 --> Fetching Dashboard details
INFO - 2020-12-31 11:18:49 --> Controller "App\Controllers\SchedulePlanner" loaded.
INFO - 2020-12-31 11:18:49 --> Fetching IIQA Details
INFO - 2020-12-31 11:20:13 --> Controller "App\Controllers\Dashboards" loaded.
INFO - 2020-12-31 11:20:13 --> Fetching Dashboard details
INFO - 2020-12-31 11:20:25 --> Controller "App\Controllers\SchedulePlanner" loaded.
INFO - 2020-12-31 11:20:25 --> Fetching IIQA Details
INFO - 2020-12-31 11:23:14 --> Controller "App\Controllers\Dashboards" loaded.
INFO - 2020-12-31 11:23:14 --> Fetching Dashboard details
INFO - 2020-12-31 11:23:19 --> Controller "App\Controllers\SchedulePlanner" loaded.
INFO - 2020-12-31 11:23:19 --> Fetching IIQA Details
INFO - 2020-12-31 11:25:53 --> Controller "App\Controllers\Dashboards" loaded.
INFO - 2020-12-31 11:25:53 --> Fetching Dashboard details
INFO - 2020-12-31 11:25:55 --> Controller "App\Controllers\SchedulePlanner" loaded.
INFO - 2020-12-31 11:25:55 --> Fetching IIQA Details
INFO - 2020-12-31 11:27:33 --> Controller "App\Controllers\Dashboards" loaded.
INFO - 2020-12-31 11:27:33 --> Fetching Dashboard details
INFO - 2020-12-31 11:27:35 --> Controller "App\Controllers\SchedulePlanner" loaded.
INFO - 2020-12-31 11:27:35 --> Fetching IIQA Details
INFO - 2020-12-31 11:31:49 --> Controller "App\Controllers\Dashboards" loaded.
INFO - 2020-12-31 11:31:49 --> Fetching Dashboard details
INFO - 2020-12-31 11:32:43 --> Controller "App\Controllers\SchedulePlanner" loaded.
INFO - 2020-12-31 11:32:43 --> Fetching IIQA Details
INFO - 2020-12-31 11:34:06 --> Controller "App\Controllers\SchedulePlannerContact" loaded.
INFO - 2020-12-31 11:34:06 --> Fetching IIQA Details
INFO - 2020-12-31 11:34:12 --> Controller "App\Controllers\SchedulePlannerContact" loaded.
INFO - 2020-12-31 11:34:12 --> Fetching IIQA Details
INFO - 2020-12-31 11:36:18 --> Controller "App\Controllers\Dashboards" loaded.
INFO - 2020-12-31 11:36:18 --> Fetching Dashboard details
INFO - 2020-12-31 11:36:54 --> Controller "App\Controllers\Dashboards" loaded.
INFO - 2020-12-31 11:36:54 --> Fetching Dashboard details
INFO - 2020-12-31 11:50:14 --> Controller "App\Controllers\SchedulePlanner" loaded.
INFO - 2020-12-31 11:50:14 --> Fetching IIQA Details
INFO - 2020-12-31 11:50:19 --> Controller "App\Controllers\SchedulePlannerContact" loaded.
INFO - 2020-12-31 11:50:19 --> Fetching IIQA Details
INFO - 2020-12-31 11:54:57 --> Controller "App\Controllers\Dashboards" loaded.
INFO - 2020-12-31 11:54:57 --> Fetching Dashboard details
INFO - 2020-12-31 11:55:00 --> Controller "App\Controllers\SchedulePlanner" loaded.
INFO - 2020-12-31 11:55:00 --> Fetching IIQA Details
INFO - 2020-12-31 11:55:06 --> Controller "App\Controllers\SchedulePlannerContact" loaded.
INFO - 2020-12-31 11:55:06 --> Fetching IIQA Details
INFO - 2020-12-31 11:56:19 --> Controller "App\Controllers\Dashboards" loaded.
INFO - 2020-12-31 11:56:19 --> Fetching Dashboard details
INFO - 2020-12-31 12:00:41 --> Controller "App\Controllers\Dashboards" loaded.
INFO - 2020-12-31 12:00:41 --> Fetching Dashboard details
INFO - 2020-12-31 12:01:50 --> Controller "App\Controllers\Dashboards" loaded.
INFO - 2020-12-31 12:01:50 --> Fetching Dashboard details
INFO - 2020-12-31 12:01:53 --> Controller "App\Controllers\SchedulePlanner" loaded.
INFO - 2020-12-31 12:01:53 --> Fetching IIQA Details
INFO - 2020-12-31 12:01:57 --> Controller "App\Controllers\Leads" loaded.
INFO - 2020-12-31 12:01:57 --> Fetching IIQA Details
INFO - 2020-12-31 12:01:57 --> Controller "App\Controllers\EmployeeDetails" loaded.
INFO - 2020-12-31 12:01:57 --> Fetching IIQA Details
INFO - 2020-12-31 12:03:04 --> Controller "App\Controllers\Dashboards" loaded.
INFO - 2020-12-31 12:03:04 --> Fetching Dashboard details
INFO - 2020-12-31 12:03:23 --> Controller "App\Controllers\SchedulePlanner" loaded.
INFO - 2020-12-31 12:03:23 --> Fetching IIQA Details
INFO - 2020-12-31 12:03:26 --> Controller "App\Controllers\Leads" loaded.
INFO - 2020-12-31 12:03:26 --> Fetching IIQA Details
INFO - 2020-12-31 12:03:27 --> Controller "App\Controllers\EmployeeDetails" loaded.
INFO - 2020-12-31 12:03:27 --> Fetching IIQA Details
INFO - 2020-12-31 12:03:59 --> Controller "App\Controllers\Dashboards" loaded.
INFO - 2020-12-31 12:03:59 --> Fetching Dashboard details
INFO - 2020-12-31 12:04:02 --> Controller "App\Controllers\SchedulePlanner" loaded.
INFO - 2020-12-31 12:04:02 --> Fetching IIQA Details
INFO - 2020-12-31 12:04:04 --> Controller "App\Controllers\Leads" loaded.
INFO - 2020-12-31 12:04:04 --> Fetching IIQA Details
INFO - 2020-12-31 12:04:04 --> Controller "App\Controllers\EmployeeDetails" loaded.
INFO - 2020-12-31 12:04:04 --> Fetching IIQA Details
INFO - 2020-12-31 12:04:13 --> Controller "App\Controllers\SchedulePlannerContact" loaded.
INFO - 2020-12-31 12:04:13 --> Fetching IIQA Details
INFO - 2020-12-31 12:07:44 --> Controller "App\Controllers\EmployeeDetails" loaded.
INFO - 2020-12-31 12:07:44 --> Controller "App\Controllers\Leads" loaded.
INFO - 2020-12-31 12:07:44 --> Fetching IIQA Details
INFO - 2020-12-31 12:07:44 --> Fetching IIQA Details
INFO - 2020-12-31 12:08:35 --> Controller "App\Controllers\Dashboards" loaded.
INFO - 2020-12-31 12:08:35 --> Fetching Dashboard details
INFO - 2020-12-31 12:08:40 --> Controller "App\Controllers\SchedulePlanner" loaded.
INFO - 2020-12-31 12:08:40 --> Fetching IIQA Details
INFO - 2020-12-31 12:08:45 --> Controller "App\Controllers\Leads" loaded.
INFO - 2020-12-31 12:08:45 --> Fetching IIQA Details
INFO - 2020-12-31 12:08:45 --> Controller "App\Controllers\EmployeeDetails" loaded.
INFO - 2020-12-31 12:08:45 --> Fetching IIQA Details
INFO - 2020-12-31 12:11:23 --> Controller "App\Controllers\Dashboards" loaded.
INFO - 2020-12-31 12:11:23 --> Fetching Dashboard details
INFO - 2020-12-31 12:11:25 --> Controller "App\Controllers\SchedulePlanner" loaded.
INFO - 2020-12-31 12:11:25 --> Fetching IIQA Details
INFO - 2020-12-31 12:11:28 --> Controller "App\Controllers\Leads" loaded.
INFO - 2020-12-31 12:11:28 --> Fetching IIQA Details
INFO - 2020-12-31 12:11:28 --> Controller "App\Controllers\EmployeeDetails" loaded.
INFO - 2020-12-31 12:11:28 --> Fetching IIQA Details
INFO - 2020-12-31 14:20:11 --> Controller "App\Controllers\EmployeeDetails" loaded.
INFO - 2020-12-31 14:20:11 --> Controller "App\Controllers\Leads" loaded.
INFO - 2020-12-31 14:20:11 --> Fetching IIQA Details
INFO - 2020-12-31 14:20:11 --> Fetching IIQA Details
INFO - 2020-12-31 14:21:01 --> Controller "App\Controllers\Leads" loaded.
INFO - 2020-12-31 14:21:01 --> Controller "App\Controllers\EmployeeDetails" loaded.
INFO - 2020-12-31 14:21:01 --> Fetching IIQA Details
INFO - 2020-12-31 14:21:01 --> Fetching IIQA Details
INFO - 2020-12-31 14:21:06 --> Controller "App\Controllers\SchedulePlanner" loaded.
INFO - 2020-12-31 14:21:06 --> Fetching IIQA Details
INFO - 2020-12-31 14:21:09 --> Controller "App\Controllers\Leads" loaded.
INFO - 2020-12-31 14:21:09 --> Fetching IIQA Details
INFO - 2020-12-31 14:21:09 --> Controller "App\Controllers\EmployeeDetails" loaded.
INFO - 2020-12-31 14:21:09 --> Fetching IIQA Details
INFO - 2020-12-31 14:32:16 --> Controller "App\Controllers\Dashboards" loaded.
INFO - 2020-12-31 14:32:16 --> Fetching Dashboard details
INFO - 2020-12-31 14:33:00 --> Controller "App\Controllers\SchedulePlanner" loaded.
INFO - 2020-12-31 14:33:00 --> Fetching IIQA Details
INFO - 2020-12-31 14:34:39 --> Controller "App\Controllers\Dashboards" loaded.
INFO - 2020-12-31 14:34:39 --> Fetching Dashboard details
INFO - 2020-12-31 14:35:10 --> Controller "App\Controllers\SchedulePlanner" loaded.
INFO - 2020-12-31 14:35:10 --> Fetching IIQA Details
INFO - 2020-12-31 14:35:13 --> Controller "App\Controllers\Leads" loaded.
INFO - 2020-12-31 14:35:13 --> Fetching IIQA Details
INFO - 2020-12-31 14:35:13 --> Controller "App\Controllers\EmployeeDetails" loaded.
INFO - 2020-12-31 14:35:13 --> Fetching IIQA Details
INFO - 2020-12-31 14:35:19 --> Controller "App\Controllers\SchedulePlanner" loaded.
INFO - 2020-12-31 14:35:19 --> Fetching IIQA Details
INFO - 2020-12-31 14:35:20 --> Controller "App\Controllers\SchedulePlanner" loaded.
INFO - 2020-12-31 14:35:20 --> Fetching IIQA Details
INFO - 2020-12-31 14:35:22 --> Controller "App\Controllers\SchedulePlanner" loaded.
INFO - 2020-12-31 14:35:22 --> Fetching IIQA Details
INFO - 2020-12-31 14:35:23 --> Controller "App\Controllers\SchedulePlanner" loaded.
INFO - 2020-12-31 14:35:23 --> Fetching IIQA Details
INFO - 2020-12-31 14:35:24 --> Controller "App\Controllers\SchedulePlanner" loaded.
INFO - 2020-12-31 14:35:24 --> Fetching IIQA Details
INFO - 2020-12-31 14:35:25 --> Controller "App\Controllers\SchedulePlanner" loaded.
INFO - 2020-12-31 14:35:25 --> Fetching IIQA Details
INFO - 2020-12-31 14:38:26 --> Controller "App\Controllers\Dashboards" loaded.
INFO - 2020-12-31 14:38:26 --> Fetching Dashboard details
INFO - 2020-12-31 14:38:29 --> Controller "App\Controllers\SchedulePlanner" loaded.
INFO - 2020-12-31 14:38:29 --> Fetching IIQA Details
INFO - 2020-12-31 14:55:50 --> Controller "App\Controllers\Leads" loaded.
INFO - 2020-12-31 14:55:50 --> Fetching IIQA Details
INFO - 2020-12-31 14:55:50 --> Controller "App\Controllers\EmployeeDetails" loaded.
INFO - 2020-12-31 14:55:50 --> Fetching IIQA Details
INFO - 2020-12-31 15:04:19 --> Controller "App\Controllers\Dashboards" loaded.
INFO - 2020-12-31 15:04:19 --> Fetching Dashboard details
INFO - 2020-12-31 15:11:42 --> Controller "App\Controllers\Dashboards" loaded.
INFO - 2020-12-31 15:11:42 --> Fetching Dashboard details
INFO - 2020-12-31 15:11:50 --> Controller "App\Controllers\SchedulePlanner" loaded.
INFO - 2020-12-31 15:11:50 --> Fetching IIQA Details
INFO - 2020-12-31 15:11:53 --> Controller "App\Controllers\Leads" loaded.
INFO - 2020-12-31 15:11:53 --> Fetching IIQA Details
INFO - 2020-12-31 15:11:53 --> Controller "App\Controllers\EmployeeDetails" loaded.
INFO - 2020-12-31 15:11:53 --> Fetching IIQA Details
INFO - 2020-12-31 15:11:58 --> Controller "App\Controllers\SchedulePlanner" loaded.
INFO - 2020-12-31 15:11:58 --> Fetching IIQA Details
INFO - 2020-12-31 15:12:02 --> Controller "App\Controllers\SchedulePlanner" loaded.
INFO - 2020-12-31 15:12:02 --> Fetching IIQA Details
INFO - 2020-12-31 15:12:05 --> Controller "App\Controllers\SchedulePlanner" loaded.
INFO - 2020-12-31 15:12:05 --> Fetching IIQA Details
INFO - 2020-12-31 15:12:08 --> Controller "App\Controllers\SchedulePlanner" loaded.
INFO - 2020-12-31 15:12:08 --> Fetching IIQA Details
INFO - 2020-12-31 15:12:15 --> Controller "App\Controllers\SchedulePlanner" loaded.
INFO - 2020-12-31 15:12:15 --> Fetching IIQA Details
INFO - 2020-12-31 15:14:11 --> Controller "App\Controllers\Dashboards" loaded.
INFO - 2020-12-31 15:14:11 --> Fetching Dashboard details
INFO - 2020-12-31 15:14:23 --> Controller "App\Controllers\SchedulePlanner" loaded.
INFO - 2020-12-31 15:14:23 --> Fetching IIQA Details
INFO - 2020-12-31 15:14:24 --> Controller "App\Controllers\SchedulePlanner" loaded.
INFO - 2020-12-31 15:14:24 --> Fetching IIQA Details
INFO - 2020-12-31 15:14:26 --> Controller "App\Controllers\SchedulePlanner" loaded.
INFO - 2020-12-31 15:14:26 --> Fetching IIQA Details
INFO - 2020-12-31 15:14:27 --> Controller "App\Controllers\SchedulePlanner" loaded.
INFO - 2020-12-31 15:14:27 --> Fetching IIQA Details
INFO - 2020-12-31 15:14:30 --> Controller "App\Controllers\SchedulePlanner" loaded.
INFO - 2020-12-31 15:14:30 --> Fetching IIQA Details
INFO - 2020-12-31 15:14:32 --> Controller "App\Controllers\SchedulePlanner" loaded.
INFO - 2020-12-31 15:14:32 --> Fetching IIQA Details
INFO - 2020-12-31 15:14:35 --> Controller "App\Controllers\SchedulePlanner" loaded.
INFO - 2020-12-31 15:14:35 --> Fetching IIQA Details
INFO - 2020-12-31 15:14:37 --> Controller "App\Controllers\SchedulePlanner" loaded.
INFO - 2020-12-31 15:14:37 --> Fetching IIQA Details
INFO - 2020-12-31 15:14:49 --> Controller "App\Controllers\Leads" loaded.
INFO - 2020-12-31 15:14:49 --> Controller "App\Controllers\EmployeeDetails" loaded.
INFO - 2020-12-31 15:14:49 --> Fetching IIQA Details
INFO - 2020-12-31 15:14:49 --> Fetching IIQA Details
INFO - 2020-12-31 15:14:53 --> Controller "App\Controllers\SchedulePlanner" loaded.
INFO - 2020-12-31 15:14:53 --> Fetching IIQA Details
INFO - 2020-12-31 15:14:54 --> Controller "App\Controllers\SchedulePlannerContact" loaded.
INFO - 2020-12-31 15:14:54 --> Fetching IIQA Details
INFO - 2020-12-31 15:15:12 --> Controller "App\Controllers\Leads" loaded.
INFO - 2020-12-31 15:15:12 --> Controller "App\Controllers\EmployeeDetails" loaded.
INFO - 2020-12-31 15:15:12 --> Fetching IIQA Details
INFO - 2020-12-31 15:15:12 --> Fetching IIQA Details
INFO - 2020-12-31 15:24:55 --> Controller "App\Controllers\Dashboards" loaded.
INFO - 2020-12-31 15:24:55 --> Fetching Dashboard details
INFO - 2020-12-31 15:31:26 --> Controller "App\Controllers\Dashboards" loaded.
INFO - 2020-12-31 15:31:26 --> Fetching Dashboard details
INFO - 2020-12-31 15:32:03 --> Controller "App\Controllers\SchedulePlanner" loaded.
INFO - 2020-12-31 15:32:03 --> Fetching IIQA Details
INFO - 2020-12-31 15:33:15 --> Controller "App\Controllers\Dashboards" loaded.
INFO - 2020-12-31 15:33:15 --> Fetching Dashboard details
INFO - 2020-12-31 15:35:23 --> Controller "App\Controllers\Dashboards" loaded.
INFO - 2020-12-31 15:35:23 --> Fetching Dashboard details
INFO - 2020-12-31 15:37:26 --> Controller "App\Controllers\SchedulePlanner" loaded.
INFO - 2020-12-31 15:37:26 --> Fetching IIQA Details
INFO - 2020-12-31 15:37:42 --> Controller "App\Controllers\Dashboards" loaded.
INFO - 2020-12-31 15:37:42 --> Fetching Dashboard details
INFO - 2020-12-31 15:38:31 --> Controller "App\Controllers\Dashboards" loaded.
INFO - 2020-12-31 15:38:31 --> Fetching Dashboard details
INFO - 2020-12-31 15:38:34 --> Controller "App\Controllers\SchedulePlanner" loaded.
INFO - 2020-12-31 15:38:34 --> Fetching IIQA Details
INFO - 2020-12-31 15:38:36 --> Controller "App\Controllers\SchedulePlannerContact" loaded.
INFO - 2020-12-31 15:38:36 --> Fetching IIQA Details
INFO - 2020-12-31 15:38:50 --> Controller "App\Controllers\Leads" loaded.
INFO - 2020-12-31 15:38:50 --> Fetching IIQA Details
INFO - 2020-12-31 15:38:50 --> Controller "App\Controllers\EmployeeDetails" loaded.
INFO - 2020-12-31 15:38:50 --> Fetching IIQA Details
INFO - 2020-12-31 15:39:01 --> Controller "App\Controllers\Leads" loaded.
INFO - 2020-12-31 15:39:01 --> Controller "App\Controllers\EmployeeDetails" loaded.
INFO - 2020-12-31 15:39:01 --> Fetching IIQA Details
INFO - 2020-12-31 15:39:01 --> Fetching IIQA Details
INFO - 2020-12-31 15:39:04 --> Controller "App\Controllers\SchedulePlanner" loaded.
INFO - 2020-12-31 15:39:04 --> Fetching IIQA Details
INFO - 2020-12-31 15:39:07 --> Controller "App\Controllers\Leads" loaded.
INFO - 2020-12-31 15:39:07 --> Fetching IIQA Details
INFO - 2020-12-31 15:39:07 --> Controller "App\Controllers\EmployeeDetails" loaded.
INFO - 2020-12-31 15:39:07 --> Fetching IIQA Details
INFO - 2020-12-31 15:41:39 --> Controller "App\Controllers\Dashboards" loaded.
INFO - 2020-12-31 15:41:39 --> Fetching Dashboard details
INFO - 2020-12-31 15:42:10 --> Controller "App\Controllers\Dashboards" loaded.
INFO - 2020-12-31 15:42:10 --> Fetching Dashboard details
INFO - 2020-12-31 15:42:12 --> Controller "App\Controllers\SchedulePlanner" loaded.
INFO - 2020-12-31 15:42:12 --> Fetching IIQA Details
INFO - 2020-12-31 15:43:20 --> Controller "App\Controllers\Dashboards" loaded.
INFO - 2020-12-31 15:43:20 --> Fetching Dashboard details
INFO - 2020-12-31 15:43:22 --> Controller "App\Controllers\SchedulePlanner" loaded.
INFO - 2020-12-31 15:43:22 --> Fetching IIQA Details
INFO - 2020-12-31 15:44:09 --> Controller "App\Controllers\Dashboards" loaded.
INFO - 2020-12-31 15:44:09 --> Fetching Dashboard details
INFO - 2020-12-31 15:44:11 --> Controller "App\Controllers\SchedulePlanner" loaded.
INFO - 2020-12-31 15:44:11 --> Fetching IIQA Details
INFO - 2020-12-31 15:47:26 --> Controller "App\Controllers\SchedulePlanner" loaded.
INFO - 2020-12-31 15:47:26 --> Fetching IIQA Details
INFO - 2020-12-31 15:55:39 --> Controller "App\Controllers\Dashboards" loaded.
INFO - 2020-12-31 15:55:39 --> Fetching Dashboard details
INFO - 2020-12-31 18:15:48 --> Controller "App\Controllers\Dashboards" loaded.
INFO - 2020-12-31 18:15:48 --> Fetching Dashboard details
INFO - 2020-12-31 18:16:24 --> Controller "App\Controllers\Leads" loaded.
INFO - 2020-12-31 18:16:24 --> Fetching IIQA Details
INFO - 2020-12-31 18:16:26 --> Controller "App\Controllers\Dashboards" loaded.
INFO - 2020-12-31 18:16:26 --> Fetching Dashboard details
INFO - 2020-12-31 18:16:28 --> Controller "App\Controllers\Leads" loaded.
INFO - 2020-12-31 18:16:28 --> Fetching IIQA Details
INFO - 2020-12-31 18:16:28 --> Controller "App\Controllers\Status" loaded.
INFO - 2020-12-31 18:16:28 --> Fetching IIQA Details
INFO - 2020-12-31 18:16:35 --> Controller "App\Controllers\Dashboards" loaded.
INFO - 2020-12-31 18:16:35 --> Fetching Dashboard details
INFO - 2020-12-31 18:16:36 --> Controller "App\Controllers\Leads" loaded.
INFO - 2020-12-31 18:16:36 --> Fetching IIQA Details
INFO - 2020-12-31 18:16:37 --> Controller "App\Controllers\EmployeeDetails" loaded.
INFO - 2020-12-31 18:16:37 --> Fetching IIQA Details
INFO - 2020-12-31 18:16:39 --> Controller "App\Controllers\ContactDetails" loaded.
INFO - 2020-12-31 18:16:39 --> Fetching IIQA Details
INFO - 2020-12-31 18:16:39 --> Controller "App\Controllers\InstituteDetails" loaded.
INFO - 2020-12-31 18:16:39 --> Fetching IIQA Details
INFO - 2020-12-31 18:16:59 --> Controller "App\Controllers\SchedulePlanner" loaded.
INFO - 2020-12-31 18:16:59 --> Fetching IIQA Details
INFO - 2020-12-31 18:17:11 --> Controller "App\Controllers\SchedulePlanner" loaded.
INFO - 2020-12-31 18:17:11 --> Fetching IIQA Details
INFO - 2020-12-31 18:17:12 --> Controller "App\Controllers\SchedulePlannerContact" loaded.
INFO - 2020-12-31 18:17:12 --> Fetching IIQA Details
INFO - 2020-12-31 18:18:06 --> Controller "App\Controllers\Dashboards" loaded.
INFO - 2020-12-31 18:18:06 --> Fetching Dashboard details
INFO - 2020-12-31 18:18:06 --> Controller "App\Controllers\Status" loaded.
INFO - 2020-12-31 18:18:06 --> Fetching IIQA Details
INFO - 2020-12-31 18:18:06 --> Controller "App\Controllers\Leads" loaded.
INFO - 2020-12-31 18:18:06 --> Fetching IIQA Details
INFO - 2020-12-31 18:18:07 --> Controller "App\Controllers\Leads" loaded.
INFO - 2020-12-31 18:18:07 --> Fetching IIQA Details
INFO - 2020-12-31 18:18:10 --> Controller "App\Controllers\InstituteDetails" loaded.
INFO - 2020-12-31 18:18:10 --> Controller "App\Controllers\ContactDetails" loaded.
INFO - 2020-12-31 18:18:10 --> Fetching IIQA Details
INFO - 2020-12-31 18:18:10 --> Fetching IIQA Details
INFO - 2020-12-31 18:18:10 --> Controller "App\Controllers\Leads" loaded.
INFO - 2020-12-31 18:18:10 --> Fetching IIQA Details
INFO - 2020-12-31 18:18:39 --> Controller "App\Controllers\ContactDetails" loaded.
INFO - 2020-12-31 18:18:39 --> Fetching IIQA Details
INFO - 2020-12-31 18:18:48 --> Controller "App\Controllers\ContactDetails" loaded.
INFO - 2020-12-31 18:18:48 --> Fetching IIQA Details
INFO - 2020-12-31 18:21:09 --> Controller "App\Controllers\Dashboards" loaded.
INFO - 2020-12-31 18:21:09 --> Fetching Dashboard details
INFO - 2020-12-31 18:21:16 --> Controller "App\Controllers\SchedulePlanner" loaded.
INFO - 2020-12-31 18:21:16 --> Fetching IIQA Details
INFO - 2020-12-31 18:21:22 --> Controller "App\Controllers\SchedulePlannerContact" loaded.
INFO - 2020-12-31 18:21:22 --> Fetching IIQA Details
INFO - 2020-12-31 18:21:32 --> Controller "App\Controllers\Leads" loaded.
INFO - 2020-12-31 18:21:32 --> Fetching IIQA Details
INFO - 2020-12-31 18:21:32 --> Controller "App\Controllers\EmployeeDetails" loaded.
INFO - 2020-12-31 18:21:32 --> Fetching IIQA Details
INFO - 2020-12-31 18:22:12 --> Controller "App\Controllers\Dashboards" loaded.
INFO - 2020-12-31 18:22:12 --> Fetching Dashboard details
INFO - 2020-12-31 18:22:21 --> Controller "App\Controllers\Status" loaded.
INFO - 2020-12-31 18:22:21 --> Controller "App\Controllers\Leads" loaded.
INFO - 2020-12-31 18:22:21 --> Fetching IIQA Details
INFO - 2020-12-31 18:22:21 --> Fetching IIQA Details
INFO - 2020-12-31 18:22:23 --> Controller "App\Controllers\Leads" loaded.
INFO - 2020-12-31 18:22:23 --> Controller "App\Controllers\ContactDetails" loaded.
INFO - 2020-12-31 18:22:23 --> Fetching IIQA Details
INFO - 2020-12-31 18:22:23 --> Fetching IIQA Details
INFO - 2020-12-31 18:22:23 --> Controller "App\Controllers\InstituteDetails" loaded.
INFO - 2020-12-31 18:22:23 --> Fetching IIQA Details
INFO - 2020-12-31 18:22:33 --> Controller "App\Controllers\ContactDetails" loaded.
INFO - 2020-12-31 18:22:33 --> Fetching IIQA Details
INFO - 2020-12-31 18:22:55 --> Controller "App\Controllers\Leads" loaded.
INFO - 2020-12-31 18:22:55 --> Fetching IIQA Details
INFO - 2020-12-31 18:22:59 --> Controller "App\Controllers\Leads" loaded.
INFO - 2020-12-31 18:22:59 --> Fetching IIQA Details
INFO - 2020-12-31 18:22:59 --> Controller "App\Controllers\Status" loaded.
INFO - 2020-12-31 18:22:59 --> Fetching IIQA Details
INFO - 2020-12-31 18:23:09 --> Controller "App\Controllers\Dashboards" loaded.
INFO - 2020-12-31 18:23:09 --> Fetching Dashboard details
INFO - 2020-12-31 18:23:12 --> Controller "App\Controllers\Leads" loaded.
INFO - 2020-12-31 18:23:12 --> Fetching IIQA Details
INFO - 2020-12-31 18:23:12 --> Controller "App\Controllers\EmployeeDetails" loaded.
INFO - 2020-12-31 18:23:12 --> Fetching IIQA Details
INFO - 2020-12-31 18:43:45 --> Controller "App\Controllers\Dashboards" loaded.
INFO - 2020-12-31 18:43:45 --> Fetching Dashboard details
INFO - 2020-12-31 18:43:51 --> Controller "App\Controllers\SchedulePlanner" loaded.
INFO - 2020-12-31 18:43:51 --> Fetching IIQA Details
INFO - 2020-12-31 18:43:53 --> Controller "App\Controllers\SchedulePlannerContact" loaded.
INFO - 2020-12-31 18:43:53 --> Fetching IIQA Details
INFO - 2020-12-31 18:44:09 --> Controller "App\Controllers\Dashboards" loaded.
INFO - 2020-12-31 18:44:09 --> Fetching Dashboard details
INFO - 2020-12-31 18:44:10 --> Controller "App\Controllers\SchedulePlanner" loaded.
INFO - 2020-12-31 18:44:10 --> Fetching IIQA Details
INFO - 2020-12-31 18:44:14 --> Controller "App\Controllers\SchedulePlanner" loaded.
INFO - 2020-12-31 18:44:14 --> Fetching IIQA Details
INFO - 2020-12-31 18:46:11 --> Controller "App\Controllers\Dashboards" loaded.
INFO - 2020-12-31 18:46:11 --> Fetching Dashboard details
