INFO - 2020-10-11 00:04:52 --> Fetching Assignments Mapped Id details
INFO - 2020-10-11 00:05:02 --> Fetching Assignments Mapped Id details
INFO - 2020-10-11 00:05:55 --> Fetching Assignments Mapped Id details
INFO - 2020-10-11 03:09:54 --> Fetching Assignments Mapped Id details
INFO - 2020-10-11 03:10:39 --> Fetching Assignments Mapped Id details
INFO - 2020-10-11 03:11:01 --> Fetching Assignments Mapped Id details
INFO - 2020-10-11 04:19:10 --> Fetching Assignments Mapped Id details
INFO - 2020-10-11 08:59:04 --> Fetching Assignments Mapped Id details
INFO - 2020-10-11 01:16:46 --> Controller "App\Controllers\ClassDetails" loaded.
INFO - 2020-10-11 01:16:46 --> Controller "App\Controllers\Dashboards" loaded.
INFO - 2020-10-11 01:16:46 --> Controller "App\Controllers\Boards" loaded.
INFO - 2020-10-11 01:16:46 --> Controller "App\Controllers\Students" loaded.
INFO - 2020-10-11 01:16:46 --> Controller "App\Controllers\Users" loaded.
INFO - 2020-10-11 01:16:46 --> Fetching Sections details
INFO - 2020-10-11 01:16:46 --> Controller "App\Controllers\MessageGroups" loaded.
INFO - 2020-10-11 01:16:46 --> Fetching All User details
INFO - 2020-10-11 01:16:46 --> Fetching Boards details
INFO - 2020-10-11 01:16:46 --> Fetching MessageGroups details
INFO - 2020-10-11 01:16:46 --> Fetching All Leave details
INFO - 2020-10-11 01:16:46 --> Fetching Dashboard details
INFO - 2020-10-11 01:16:46 --> Controller "App\Controllers\MessageCenter" loaded.
INFO - 2020-10-11 01:16:46 --> Fetching MessageCenter details
INFO - 2020-10-11 01:16:53 --> Controller "App\Controllers\Feedbacks" loaded.
INFO - 2020-10-11 01:16:53 --> Fetching Feedbacks Details details
INFO - 2020-10-11 01:16:53 --> Controller "App\Controllers\Feedbacks" loaded.
INFO - 2020-10-11 01:16:53 --> Fetching Feedback details
INFO - 2020-10-11 01:16:56 --> Controller "App\Controllers\Attendance" loaded.
INFO - 2020-10-11 01:16:56 --> Controller "App\Controllers\AttendanceDetails" loaded.
INFO - 2020-10-11 01:16:56 --> Fetching Dashboard details
INFO - 2020-10-11 01:16:56 --> Fetching Attendance details
INFO - 2020-10-11 01:41:59 --> Controller "App\Controllers\Users" loaded.
INFO - 2020-10-11 01:41:59 --> Fetching Users details
INFO - 2020-10-11 01:42:07 --> Controller "App\Controllers\Users" loaded.
INFO - 2020-10-11 01:42:07 --> Fetching Users details
INFO - 2020-10-11 01:44:07 --> Controller "App\Controllers\Users" loaded.
INFO - 2020-10-11 01:44:07 --> Controller "App\Controllers\MessageGroups" loaded.
INFO - 2020-10-11 01:44:07 --> Controller "App\Controllers\ClassDetails" loaded.
INFO - 2020-10-11 01:44:07 --> Fetching All User details
INFO - 2020-10-11 01:44:07 --> Controller "App\Controllers\Students" loaded.
INFO - 2020-10-11 01:44:07 --> Controller "App\Controllers\Boards" loaded.
INFO - 2020-10-11 01:44:07 --> Fetching MessageGroups details
INFO - 2020-10-11 01:44:07 --> Fetching All Leave details
INFO - 2020-10-11 01:44:07 --> Fetching Boards details
INFO - 2020-10-11 01:44:07 --> Fetching Sections details
INFO - 2020-10-11 01:44:08 --> Controller "App\Controllers\MessageCenter" loaded.
INFO - 2020-10-11 01:44:08 --> Fetching MessageCenter details
INFO - 2020-10-11 01:44:08 --> Controller "App\Controllers\Dashboards" loaded.
INFO - 2020-10-11 01:44:08 --> Fetching Dashboard details
INFO - 2020-10-11 01:54:34 --> Controller "App\Controllers\SubjectStandards" loaded.
INFO - 2020-10-11 01:54:34 --> Fetching Subjects details
INFO - 2020-10-11 01:54:34 --> Controller "App\Controllers\Assignments" loaded.
INFO - 2020-10-11 01:54:34 --> Controller "App\Controllers\Assignments" loaded.
INFO - 2020-10-11 01:54:34 --> Controller "App\Controllers\Sections" loaded.
INFO - 2020-10-11 01:54:34 --> Fetching Assignments details
INFO - 2020-10-11 01:54:34 --> Fetching Assignments Details details
INFO - 2020-10-11 01:54:34 --> Controller "App\Controllers\Boards" loaded.
INFO - 2020-10-11 01:54:34 --> Fetching Sections details
INFO - 2020-10-11 01:54:34 --> Controller "App\Controllers\Academicyears" loaded.
INFO - 2020-10-11 01:54:34 --> Fetching Boards details
INFO - 2020-10-11 01:54:34 --> Fetching Academic year details
INFO - 2020-10-11 01:54:34 --> Controller "App\Controllers\Assignments" loaded.
INFO - 2020-10-11 01:54:34 --> Fetching Assignments Id details
INFO - 2020-10-11 01:54:34 --> Controller "App\Controllers\Assignments" loaded.
INFO - 2020-10-11 12:24:34 --> Fetching Assignments Mapped Id details
INFO - 2020-10-11 01:54:34 --> Controller "App\Controllers\Assignments" loaded.
INFO - 2020-10-11 01:54:34 --> Fetching Assignments Grade details
INFO - 2020-10-11 01:54:34 --> Controller "App\Controllers\Sections" loaded.
INFO - 2020-10-11 01:54:34 --> Controller "App\Controllers\Assignments" loaded.
INFO - 2020-10-11 01:54:34 --> Fetching Assignments Details details
INFO - 2020-10-11 01:54:34 --> Fetching Sections details
INFO - 2020-10-11 02:24:19 --> Controller "App\Controllers\Students" loaded.
INFO - 2020-10-11 02:24:19 --> Fetching All Leave details
INFO - 2020-10-11 02:24:19 --> Controller "App\Controllers\ClassDetails" loaded.
INFO - 2020-10-11 02:24:19 --> Controller "App\Controllers\Categories" loaded.
INFO - 2020-10-11 02:24:19 --> Fetching Sections details
INFO - 2020-10-11 02:24:19 --> Controller "App\Controllers\StudentDetails" loaded.
INFO - 2020-10-11 02:24:19 --> Controller "App\Controllers\Boards" loaded.
INFO - 2020-10-11 02:24:19 --> Fetching Category details
INFO - 2020-10-11 02:24:19 --> Fetching Boards details
INFO - 2020-10-11 02:24:19 --> Fetching All Leave details
INFO - 2020-10-11 02:24:20 --> Controller "App\Controllers\Users" loaded.
INFO - 2020-10-11 02:24:20 --> Controller "App\Controllers\ClassDetails" loaded.
INFO - 2020-10-11 02:24:20 --> Fetching Sections details
INFO - 2020-10-11 02:24:20 --> Fetching All User details
INFO - 2020-10-11 02:24:38 --> Controller "App\Controllers\ClassDetails" loaded.
INFO - 2020-10-11 02:24:38 --> Fetching Sections details
INFO - 2020-10-11 02:24:38 --> Controller "App\Controllers\ExamDetails" loaded.
INFO - 2020-10-11 02:24:38 --> Controller "App\Controllers\ExamsTimetable" loaded.
INFO - 2020-10-11 02:24:38 --> Controller "App\Controllers\ExamDetails" loaded.
INFO - 2020-10-11 02:24:38 --> Fetching Exam Details details
INFO - 2020-10-11 02:24:38 --> Fetching Circular Details details
INFO - 2020-10-11 02:24:38 --> Fetching Exam Details details
INFO - 2020-10-11 02:41:41 --> Controller "App\Controllers\Boards" loaded.
INFO - 2020-10-11 02:41:41 --> Fetching Boards details
INFO - 2020-10-11 02:41:41 --> Controller "App\Controllers\Assignments" loaded.
INFO - 2020-10-11 02:41:41 --> Controller "App\Controllers\Sections" loaded.
INFO - 2020-10-11 02:41:41 --> Controller "App\Controllers\Academicyears" loaded.
INFO - 2020-10-11 02:41:41 --> Controller "App\Controllers\QuestionbankChapters" loaded.
INFO - 2020-10-11 02:41:41 --> Fetching Academic year details
INFO - 2020-10-11 02:41:41 --> Fetching Assignments details
INFO - 2020-10-11 02:41:41 --> Fetching Assignments Details details
INFO - 2020-10-11 02:41:41 --> Fetching Sections details
INFO - 2020-10-11 02:41:41 --> Controller "App\Controllers\Sections" loaded.
INFO - 2020-10-11 02:41:41 --> Fetching Sections details
INFO - 2020-10-11 02:41:46 --> Controller "App\Controllers\Sections" loaded.
INFO - 2020-10-11 02:41:46 --> Controller "App\Controllers\Boards" loaded.
INFO - 2020-10-11 02:41:46 --> Fetching Boards details
INFO - 2020-10-11 02:41:46 --> Fetching Sections details
INFO - 2020-10-11 02:41:46 --> Controller "App\Controllers\Assignments" loaded.
INFO - 2020-10-11 02:41:46 --> Controller "App\Controllers\Academicyears" loaded.
INFO - 2020-10-11 02:41:46 --> Fetching Academic year details
INFO - 2020-10-11 02:41:46 --> Controller "App\Controllers\SubjectStandards" loaded.
INFO - 2020-10-11 02:41:46 --> Fetching Assignments Details details
INFO - 2020-10-11 02:41:46 --> Fetching Subjects details
INFO - 2020-10-11 02:41:46 --> Controller "App\Controllers\Assignments" loaded.
INFO - 2020-10-11 02:41:46 --> Controller "App\Controllers\Assignments" loaded.
INFO - 2020-10-11 02:41:46 --> Controller "App\Controllers\Assignments" loaded.
INFO - 2020-10-11 02:41:46 --> Fetching Assignments Id details
INFO - 2020-10-11 02:41:46 --> Fetching Assignments details
INFO - 2020-10-11 13:11:46 --> Fetching Assignments Mapped Id details
INFO - 2020-10-11 02:41:46 --> Controller "App\Controllers\Assignments" loaded.
INFO - 2020-10-11 02:41:46 --> Fetching Assignments Grade details
INFO - 2020-10-11 02:41:46 --> Controller "App\Controllers\Sections" loaded.
INFO - 2020-10-11 02:41:46 --> Controller "App\Controllers\Assignments" loaded.
INFO - 2020-10-11 02:41:46 --> Fetching Assignments Details details
INFO - 2020-10-11 02:41:46 --> Fetching Sections details
INFO - 2020-10-11 02:44:42 --> Controller "App\Controllers\ExamsOnline" loaded.
INFO - 2020-10-11 02:44:42 --> Fetching Online Exam Details details
INFO - 2020-10-11 02:55:42 --> Controller "App\Controllers\SubjectStandards" loaded.
INFO - 2020-10-11 02:55:42 --> Controller "App\Controllers\Assignments" loaded.
INFO - 2020-10-11 02:55:42 --> Controller "App\Controllers\Sections" loaded.
INFO - 2020-10-11 02:55:42 --> Fetching Subjects details
INFO - 2020-10-11 02:55:42 --> Controller "App\Controllers\Boards" loaded.
INFO - 2020-10-11 02:55:42 --> Fetching Boards details
INFO - 2020-10-11 02:55:42 --> Fetching Assignments Details details
INFO - 2020-10-11 02:55:42 --> Fetching Sections details
INFO - 2020-10-11 02:55:42 --> Controller "App\Controllers\Assignments" loaded.
INFO - 2020-10-11 02:55:42 --> Controller "App\Controllers\Academicyears" loaded.
INFO - 2020-10-11 02:55:42 --> Fetching Assignments details
INFO - 2020-10-11 02:55:42 --> Fetching Academic year details
INFO - 2020-10-11 02:55:42 --> Controller "App\Controllers\Assignments" loaded.
INFO - 2020-10-11 02:55:42 --> Controller "App\Controllers\Assignments" loaded.
INFO - 2020-10-11 02:55:42 --> Fetching Assignments Id details
INFO - 2020-10-11 02:55:42 --> Controller "App\Controllers\Assignments" loaded.
INFO - 2020-10-11 02:55:42 --> Fetching Assignments Grade details
INFO - 2020-10-11 13:25:42 --> Fetching Assignments Mapped Id details
INFO - 2020-10-11 02:55:42 --> Controller "App\Controllers\Sections" loaded.
INFO - 2020-10-11 02:55:42 --> Controller "App\Controllers\Assignments" loaded.
INFO - 2020-10-11 02:55:42 --> Fetching Sections details
INFO - 2020-10-11 02:55:42 --> Fetching Assignments Details details
INFO - 2020-10-11 03:19:37 --> Controller "App\Controllers\ExamsOnline" loaded.
INFO - 2020-10-11 03:19:37 --> Fetching Online Exam Details details
INFO - 2020-10-11 03:20:12 --> Controller "App\Controllers\ExamsOnline" loaded.
INFO - 2020-10-11 03:20:12 --> Fetching Online Exam Details details
INFO - 2020-10-11 03:21:04 --> Controller "App\Controllers\ExamsOnline" loaded.
INFO - 2020-10-11 03:21:04 --> Fetching Online Exam Details details
INFO - 2020-10-11 04:45:35 --> Controller "App\Controllers\ExamsOnline" loaded.
INFO - 2020-10-11 04:45:35 --> Fetching Online Exam Details details
INFO - 2020-10-11 04:46:20 --> Controller "App\Controllers\ExamsOnline" loaded.
INFO - 2020-10-11 04:46:20 --> Fetching Online Exam Details details
INFO - 2020-10-11 04:46:47 --> Controller "App\Controllers\ExamsOnline" loaded.
INFO - 2020-10-11 04:46:47 --> Fetching Online Exam Details details
INFO - 2020-10-11 04:47:44 --> Controller "App\Controllers\ExamsOnline" loaded.
INFO - 2020-10-11 04:47:44 --> Fetching Online Exam Details details
INFO - 2020-10-11 04:48:47 --> Controller "App\Controllers\ExamsOnline" loaded.
INFO - 2020-10-11 04:48:47 --> Fetching Online Exam Details details
INFO - 2020-10-11 04:56:21 --> Controller "App\Controllers\ExamsOnline" loaded.
INFO - 2020-10-11 04:56:21 --> Fetching Online Exam Details details
INFO - 2020-10-11 04:56:36 --> Controller "App\Controllers\ExamsOnline" loaded.
INFO - 2020-10-11 04:56:36 --> Fetching Online Exam Details details
INFO - 2020-10-11 04:56:44 --> Controller "App\Controllers\ExamsOnline" loaded.
INFO - 2020-10-11 04:56:44 --> Fetching Online Exam Details details
INFO - 2020-10-11 04:56:54 --> Controller "App\Controllers\ExamsOnline" loaded.
INFO - 2020-10-11 04:56:54 --> Fetching Online Exam Details details
INFO - 2020-10-11 04:57:05 --> Controller "App\Controllers\ExamsOnline" loaded.
INFO - 2020-10-11 04:57:05 --> Fetching Online Exam Details details
INFO - 2020-10-11 05:00:38 --> Controller "App\Controllers\ExamsOnline" loaded.
INFO - 2020-10-11 05:00:38 --> Fetching Online Exam Details details
INFO - 2020-10-11 05:00:44 --> Controller "App\Controllers\ExamsOnline" loaded.
INFO - 2020-10-11 05:00:44 --> Fetching Online Exam Details details
INFO - 2020-10-11 05:01:07 --> Controller "App\Controllers\ExamsOnline" loaded.
INFO - 2020-10-11 05:01:07 --> Fetching Online Exam Details details
INFO - 2020-10-11 05:01:09 --> Controller "App\Controllers\ExamsOnline" loaded.
INFO - 2020-10-11 05:01:09 --> Controller "App\Controllers\ExamsTimetable" loaded.
INFO - 2020-10-11 05:01:09 --> Fetching Online Exam Details details
INFO - 2020-10-11 05:01:09 --> Fetching Exam Details details
INFO - 2020-10-11 05:03:01 --> Controller "App\Controllers\ExamsTimetable" loaded.
INFO - 2020-10-11 05:03:01 --> Fetching Exam Details details
INFO - 2020-10-11 05:03:23 --> Controller "App\Controllers\ExamsTimetable" loaded.
INFO - 2020-10-11 05:03:23 --> Fetching Exam Details details
INFO - 2020-10-11 05:04:32 --> Controller "App\Controllers\ExamsTimetable" loaded.
INFO - 2020-10-11 05:04:32 --> Fetching Exam Details details
INFO - 2020-10-11 05:04:49 --> Controller "App\Controllers\ExamsTimetable" loaded.
INFO - 2020-10-11 05:04:49 --> Fetching Exam Details details
INFO - 2020-10-11 05:05:40 --> Controller "App\Controllers\ExamsOnline" loaded.
INFO - 2020-10-11 05:05:40 --> Fetching Online Exam Details details
INFO - 2020-10-11 05:07:15 --> Controller "App\Controllers\ExamsOnline" loaded.
INFO - 2020-10-11 05:07:15 --> Fetching Online Exam Details details
INFO - 2020-10-11 05:08:24 --> Controller "App\Controllers\ExamsTimetable" loaded.
INFO - 2020-10-11 05:08:24 --> Fetching Exam Details details
INFO - 2020-10-11 05:11:57 --> Controller "App\Controllers\ExamsTimetable" loaded.
INFO - 2020-10-11 05:11:57 --> Fetching Exam Details details
INFO - 2020-10-11 05:12:40 --> Controller "App\Controllers\ExamsTimetable" loaded.
INFO - 2020-10-11 05:12:40 --> Fetching Exam Details details
INFO - 2020-10-11 05:13:01 --> Controller "App\Controllers\ExamsTimetable" loaded.
INFO - 2020-10-11 05:13:01 --> Fetching Exam Details details
INFO - 2020-10-11 05:14:19 --> Controller "App\Controllers\ExamsTimetable" loaded.
INFO - 2020-10-11 05:14:19 --> Fetching Exam Details details
INFO - 2020-10-11 05:15:02 --> Controller "App\Controllers\ExamsTimetable" loaded.
INFO - 2020-10-11 05:15:02 --> Fetching Exam Details details
INFO - 2020-10-11 05:16:31 --> Controller "App\Controllers\ExamsTimetable" loaded.
INFO - 2020-10-11 05:16:31 --> Fetching Exam Details details
INFO - 2020-10-11 05:16:52 --> Controller "App\Controllers\ExamsTimetable" loaded.
INFO - 2020-10-11 05:16:52 --> Fetching Exam Details details
INFO - 2020-10-11 05:16:58 --> Controller "App\Controllers\ExamsTimetable" loaded.
INFO - 2020-10-11 05:16:58 --> Fetching Exam Details details
INFO - 2020-10-11 05:17:02 --> Controller "App\Controllers\ExamsTimetable" loaded.
INFO - 2020-10-11 05:17:02 --> Fetching Exam Details details
INFO - 2020-10-11 05:17:05 --> Controller "App\Controllers\ExamsTimetable" loaded.
INFO - 2020-10-11 05:17:05 --> Fetching Exam Details details
INFO - 2020-10-11 05:17:06 --> Controller "App\Controllers\ExamsTimetable" loaded.
INFO - 2020-10-11 05:17:06 --> Fetching Exam Details details
INFO - 2020-10-11 05:17:47 --> Controller "App\Controllers\ExamsOnline" loaded.
INFO - 2020-10-11 05:17:47 --> Fetching Online Exam Details details
INFO - 2020-10-11 05:17:54 --> Controller "App\Controllers\ExamsTimetable" loaded.
INFO - 2020-10-11 05:17:54 --> Controller "App\Controllers\ExamDetails" loaded.
INFO - 2020-10-11 05:17:54 --> Controller "App\Controllers\ExamDetails" loaded.
INFO - 2020-10-11 05:17:54 --> Fetching Exam Details details
INFO - 2020-10-11 05:17:54 --> Fetching Circular Details details
INFO - 2020-10-11 05:17:54 --> Fetching Exam Details details
INFO - 2020-10-11 05:20:14 --> Controller "App\Controllers\ExamsTimetable" loaded.
INFO - 2020-10-11 05:20:14 --> Deleting ExamTimetable details
INFO - 2020-10-11 05:20:14 --> Controller "App\Controllers\ExamsTimetable" loaded.
INFO - 2020-10-11 05:20:14 --> Fetching Exam Details details
INFO - 2020-10-11 05:20:14 --> Controller "App\Controllers\ExamsTimetable" loaded.
ERROR - 2020-10-11 05:20:14 --> Unknown column 't2.id_section' in 'field list'
INFO - 2020-10-11 05:21:57 --> Controller "App\Controllers\ExamDetails" loaded.
INFO - 2020-10-11 05:21:57 --> Fetching Circular Details details
INFO - 2020-10-11 05:21:57 --> Controller "App\Controllers\ExamDetails" loaded.
INFO - 2020-10-11 05:21:57 --> Controller "App\Controllers\ExamsTimetable" loaded.
INFO - 2020-10-11 05:21:57 --> Fetching Exam Details details
INFO - 2020-10-11 05:21:57 --> Fetching Exam Details details
INFO - 2020-10-11 05:26:50 --> Controller "App\Controllers\ExamDetails" loaded.
INFO - 2020-10-11 05:26:50 --> Fetching Exam Details details
INFO - 2020-10-11 05:26:50 --> Controller "App\Controllers\ExamDetails" loaded.
INFO - 2020-10-11 05:26:50 --> Controller "App\Controllers\ExamsTimetable" loaded.
INFO - 2020-10-11 05:26:50 --> Fetching Circular Details details
INFO - 2020-10-11 05:26:50 --> Fetching Exam Details details
INFO - 2020-10-11 05:30:08 --> Controller "App\Controllers\SubjectStandards" loaded.
INFO - 2020-10-11 05:32:44 --> Controller "App\Controllers\ExamsTimetable" loaded.
INFO - 2020-10-11 05:32:44 --> Fetching Exam Hallticket Details details
INFO - 2020-10-11 05:53:39 --> Controller "App\Controllers\ExamDetails" loaded.
INFO - 2020-10-11 05:53:39 --> Controller "App\Controllers\ExamsTimetable" loaded.
INFO - 2020-10-11 05:53:39 --> Controller "App\Controllers\ExamDetails" loaded.
INFO - 2020-10-11 05:53:39 --> Fetching Exam Details details
INFO - 2020-10-11 05:53:39 --> Fetching Circular Details details
INFO - 2020-10-11 05:53:39 --> Fetching Exam Details details
INFO - 2020-10-11 05:54:38 --> Controller "App\Controllers\ExamDetails" loaded.
INFO - 2020-10-11 05:54:38 --> Controller "App\Controllers\ExamDetails" loaded.
INFO - 2020-10-11 05:54:38 --> Controller "App\Controllers\ExamsTimetable" loaded.
INFO - 2020-10-11 05:54:38 --> Fetching Circular Details details
INFO - 2020-10-11 05:54:38 --> Fetching Exam Details details
INFO - 2020-10-11 05:54:38 --> Fetching Exam Details details
INFO - 2020-10-11 05:55:48 --> Controller "App\Controllers\SubjectStandards" loaded.
INFO - 2020-10-11 05:56:20 --> Controller "App\Controllers\ExamsTimetable" loaded.
INFO - 2020-10-11 05:56:20 --> Fetching Exam Details details
INFO - 2020-10-11 05:56:24 --> Controller "App\Controllers\ExamsTimetable" loaded.
INFO - 2020-10-11 05:56:24 --> Fetching Exam Details details
INFO - 2020-10-11 05:58:34 --> Controller "App\Controllers\ExamDetails" loaded.
INFO - 2020-10-11 05:58:34 --> Controller "App\Controllers\ExamDetails" loaded.
INFO - 2020-10-11 05:58:34 --> Fetching Circular Details details
INFO - 2020-10-11 05:58:34 --> Controller "App\Controllers\ExamsTimetable" loaded.
INFO - 2020-10-11 05:58:34 --> Fetching Exam Details details
INFO - 2020-10-11 05:58:34 --> Fetching Exam Details details
INFO - 2020-10-11 05:58:40 --> Controller "App\Controllers\ExamsTimetable" loaded.
INFO - 2020-10-11 05:58:40 --> Fetching Exam Hallticket Details details
INFO - 2020-10-11 05:59:04 --> Controller "App\Controllers\ExamsTimetable" loaded.
INFO - 2020-10-11 05:59:04 --> Fetching Exam Hallticket Details details
INFO - 2020-10-11 05:59:14 --> Controller "App\Controllers\ExamsTimetable" loaded.
INFO - 2020-10-11 05:59:14 --> Fetching Exam Hallticket Details details
INFO - 2020-10-11 06:00:20 --> Controller "App\Controllers\ExamDetails" loaded.
INFO - 2020-10-11 06:00:20 --> Controller "App\Controllers\ExamDetails" loaded.
INFO - 2020-10-11 06:00:20 --> Controller "App\Controllers\ExamsTimetable" loaded.
INFO - 2020-10-11 06:00:20 --> Fetching Exam Details details
INFO - 2020-10-11 06:00:20 --> Fetching Circular Details details
INFO - 2020-10-11 06:00:20 --> Fetching Exam Details details
INFO - 2020-10-11 06:00:22 --> Controller "App\Controllers\ExamsTimetable" loaded.
INFO - 2020-10-11 06:00:22 --> Fetching Exam Hallticket Details details
INFO - 2020-10-11 06:02:16 --> Controller "App\Controllers\ExamsTimetable" loaded.
INFO - 2020-10-11 06:02:16 --> Fetching Exam Hallticket Details details
INFO - 2020-10-11 06:03:14 --> Controller "App\Controllers\ExamDetails" loaded.
INFO - 2020-10-11 06:03:14 --> Controller "App\Controllers\ExamDetails" loaded.
INFO - 2020-10-11 06:03:14 --> Fetching Circular Details details
INFO - 2020-10-11 06:03:14 --> Controller "App\Controllers\ExamsTimetable" loaded.
INFO - 2020-10-11 06:03:14 --> Fetching Exam Details details
INFO - 2020-10-11 06:03:14 --> Fetching Exam Details details
INFO - 2020-10-11 06:03:20 --> Controller "App\Controllers\ExamsTimetable" loaded.
INFO - 2020-10-11 06:03:20 --> Fetching Exam Hallticket Details details
INFO - 2020-10-11 06:05:50 --> Controller "App\Controllers\ExamDetails" loaded.
INFO - 2020-10-11 06:05:50 --> Controller "App\Controllers\ExamsTimetable" loaded.
INFO - 2020-10-11 06:05:50 --> Fetching Circular Details details
INFO - 2020-10-11 06:05:50 --> Controller "App\Controllers\ExamDetails" loaded.
INFO - 2020-10-11 06:05:50 --> Fetching Exam Details details
INFO - 2020-10-11 06:05:50 --> Fetching Exam Details details
INFO - 2020-10-11 06:06:08 --> Controller "App\Controllers\ExamsTimetable" loaded.
INFO - 2020-10-11 06:06:08 --> Controller "App\Controllers\ExamDetails" loaded.
INFO - 2020-10-11 06:06:08 --> Controller "App\Controllers\ExamDetails" loaded.
INFO - 2020-10-11 06:06:08 --> Fetching Exam Details details
INFO - 2020-10-11 06:06:08 --> Fetching Circular Details details
INFO - 2020-10-11 06:06:08 --> Fetching Exam Details details
INFO - 2020-10-11 06:06:18 --> Controller "App\Controllers\ExamDetails" loaded.
INFO - 2020-10-11 06:06:18 --> Controller "App\Controllers\ExamDetails" loaded.
INFO - 2020-10-11 06:06:18 --> Fetching Exam Details details
INFO - 2020-10-11 06:06:18 --> Fetching Circular Details details
INFO - 2020-10-11 06:06:18 --> Controller "App\Controllers\ExamsTimetable" loaded.
INFO - 2020-10-11 06:06:18 --> Fetching Exam Details details
INFO - 2020-10-11 06:06:37 --> Controller "App\Controllers\ExamsTimetable" loaded.
INFO - 2020-10-11 06:06:37 --> Fetching Exam Hallticket Details details
INFO - 2020-10-11 06:07:40 --> Controller "App\Controllers\ExamsTimetable" loaded.
INFO - 2020-10-11 06:07:40 --> Fetching Exam Details details
INFO - 2020-10-11 06:07:56 --> Controller "App\Controllers\ExamsTimetable" loaded.
INFO - 2020-10-11 06:07:56 --> Fetching Exam Hallticket Details details
INFO - 2020-10-11 06:08:55 --> Controller "App\Controllers\ExamDetails" loaded.
INFO - 2020-10-11 06:08:55 --> Controller "App\Controllers\ExamDetails" loaded.
INFO - 2020-10-11 06:08:55 --> Fetching Circular Details details
INFO - 2020-10-11 06:08:55 --> Fetching Exam Details details
INFO - 2020-10-11 06:08:55 --> Controller "App\Controllers\ExamsTimetable" loaded.
INFO - 2020-10-11 06:08:55 --> Fetching Exam Details details
INFO - 2020-10-11 06:09:01 --> Controller "App\Controllers\ExamsTimetable" loaded.
INFO - 2020-10-11 06:09:01 --> Fetching Exam Hallticket Details details
INFO - 2020-10-11 06:09:32 --> Controller "App\Controllers\ExamDetails" loaded.
INFO - 2020-10-11 06:09:32 --> Controller "App\Controllers\ExamDetails" loaded.
INFO - 2020-10-11 06:09:32 --> Fetching Circular Details details
INFO - 2020-10-11 06:09:32 --> Controller "App\Controllers\ExamsTimetable" loaded.
INFO - 2020-10-11 06:09:32 --> Fetching Exam Details details
INFO - 2020-10-11 06:09:32 --> Fetching Exam Details details
INFO - 2020-10-11 06:09:38 --> Controller "App\Controllers\ExamsTimetable" loaded.
INFO - 2020-10-11 06:09:38 --> Fetching Exam Hallticket Details details
INFO - 2020-10-11 06:09:43 --> Controller "App\Controllers\ExamsTimetable" loaded.
INFO - 2020-10-11 06:09:43 --> Fetching Exam Hallticket Details details
INFO - 2020-10-11 06:12:00 --> Controller "App\Controllers\ExamDetails" loaded.
INFO - 2020-10-11 06:12:00 --> Controller "App\Controllers\ExamsTimetable" loaded.
INFO - 2020-10-11 06:12:00 --> Fetching Circular Details details
INFO - 2020-10-11 06:12:00 --> Fetching Exam Details details
INFO - 2020-10-11 06:12:00 --> Controller "App\Controllers\ExamDetails" loaded.
INFO - 2020-10-11 06:12:00 --> Fetching Exam Details details
INFO - 2020-10-11 06:12:04 --> Controller "App\Controllers\ExamsTimetable" loaded.
INFO - 2020-10-11 06:12:04 --> Fetching Exam Hallticket Details details
INFO - 2020-10-11 06:12:33 --> Controller "App\Controllers\ExamsTimetable" loaded.
INFO - 2020-10-11 06:12:33 --> Controller "App\Controllers\ExamDetails" loaded.
INFO - 2020-10-11 06:12:33 --> Fetching Exam Details details
INFO - 2020-10-11 06:12:33 --> Fetching Exam Details details
INFO - 2020-10-11 06:12:33 --> Controller "App\Controllers\ExamDetails" loaded.
INFO - 2020-10-11 06:12:33 --> Fetching Circular Details details
INFO - 2020-10-11 06:12:36 --> Controller "App\Controllers\ExamsTimetable" loaded.
INFO - 2020-10-11 06:12:36 --> Fetching Exam Hallticket Details details
INFO - 2020-10-11 06:13:13 --> Controller "App\Controllers\ExamsTimetable" loaded.
INFO - 2020-10-11 06:13:13 --> Fetching Exam Hallticket Details details
INFO - 2020-10-11 06:13:29 --> Controller "App\Controllers\ExamsTimetable" loaded.
INFO - 2020-10-11 06:13:29 --> Fetching Exam Hallticket Details details
INFO - 2020-10-11 06:15:32 --> Controller "App\Controllers\ExamDetails" loaded.
INFO - 2020-10-11 06:15:32 --> Controller "App\Controllers\ExamsTimetable" loaded.
INFO - 2020-10-11 06:15:32 --> Controller "App\Controllers\ExamDetails" loaded.
INFO - 2020-10-11 06:15:32 --> Fetching Circular Details details
INFO - 2020-10-11 06:15:32 --> Fetching Exam Details details
INFO - 2020-10-11 06:15:32 --> Fetching Exam Details details
INFO - 2020-10-11 06:16:00 --> Controller "App\Controllers\ExamsTimetable" loaded.
INFO - 2020-10-11 06:20:12 --> Controller "App\Controllers\ExamsTimetable" loaded.
INFO - 2020-10-11 06:20:53 --> Controller "App\Controllers\ExamsTimetable" loaded.
INFO - 2020-10-11 06:20:53 --> Fetching Exam Details details
INFO - 2020-10-11 06:21:40 --> Controller "App\Controllers\ExamDetails" loaded.
INFO - 2020-10-11 06:21:40 --> Controller "App\Controllers\ExamsTimetable" loaded.
INFO - 2020-10-11 06:21:40 --> Fetching Exam Details details
INFO - 2020-10-11 06:21:40 --> Controller "App\Controllers\ExamDetails" loaded.
INFO - 2020-10-11 06:21:40 --> Fetching Exam Details details
INFO - 2020-10-11 06:21:40 --> Fetching Circular Details details
INFO - 2020-10-11 06:21:47 --> Controller "App\Controllers\ExamsTimetable" loaded.
INFO - 2020-10-11 06:23:14 --> Controller "App\Controllers\ExamsTimetable" loaded.
INFO - 2020-10-11 06:23:14 --> Controller "App\Controllers\ExamDetails" loaded.
INFO - 2020-10-11 06:23:14 --> Fetching Exam Details details
INFO - 2020-10-11 06:23:14 --> Controller "App\Controllers\ExamDetails" loaded.
INFO - 2020-10-11 06:23:14 --> Fetching Exam Details details
INFO - 2020-10-11 06:23:14 --> Fetching Circular Details details
INFO - 2020-10-11 06:23:16 --> Controller "App\Controllers\ExamsTimetable" loaded.
INFO - 2020-10-11 06:23:48 --> Controller "App\Controllers\ExamsTimetable" loaded.
INFO - 2020-10-11 06:23:48 --> Fetching Exam Details details
INFO - 2020-10-11 06:23:48 --> Controller "App\Controllers\ExamDetails" loaded.
INFO - 2020-10-11 06:23:48 --> Controller "App\Controllers\ExamDetails" loaded.
INFO - 2020-10-11 06:23:48 --> Fetching Circular Details details
INFO - 2020-10-11 06:23:48 --> Fetching Exam Details details
INFO - 2020-10-11 06:23:51 --> Controller "App\Controllers\ExamsTimetable" loaded.
INFO - 2020-10-11 06:23:51 --> Fetching Exam Hallticket Details details
INFO - 2020-10-11 06:23:55 --> Controller "App\Controllers\ExamsTimetable" loaded.
INFO - 2020-10-11 06:23:55 --> Deleting ExamTimetable details
INFO - 2020-10-11 06:23:55 --> Controller "App\Controllers\ExamsTimetable" loaded.
INFO - 2020-10-11 06:23:55 --> Fetching Exam Details details
INFO - 2020-10-11 06:24:26 --> Controller "App\Controllers\ExamDetails" loaded.
INFO - 2020-10-11 06:24:26 --> Fetching Circular Details details
INFO - 2020-10-11 06:24:26 --> Controller "App\Controllers\ExamsTimetable" loaded.
INFO - 2020-10-11 06:24:26 --> Controller "App\Controllers\ExamDetails" loaded.
INFO - 2020-10-11 06:24:26 --> Fetching Exam Details details
INFO - 2020-10-11 06:24:26 --> Fetching Exam Details details
INFO - 2020-10-11 06:24:29 --> Controller "App\Controllers\ExamsTimetable" loaded.
INFO - 2020-10-11 06:24:29 --> Deleting ExamTimetable details
INFO - 2020-10-11 06:24:29 --> Controller "App\Controllers\ExamsTimetable" loaded.
INFO - 2020-10-11 06:24:29 --> Fetching Exam Details details
INFO - 2020-10-11 08:07:50 --> Controller "App\Controllers\ExamsOnline" loaded.
INFO - 2020-10-11 08:07:50 --> Fetching Online Exam Details details
INFO - 2020-10-11 08:08:27 --> Controller "App\Controllers\ExamsOnline" loaded.
INFO - 2020-10-11 08:08:27 --> Fetching Online Exam Details details
INFO - 2020-10-11 08:09:14 --> Controller "App\Controllers\ExamsOnline" loaded.
INFO - 2020-10-11 08:09:14 --> Fetching Online Exam Details details
INFO - 2020-10-11 08:09:33 --> Controller "App\Controllers\ExamsTimetable" loaded.
INFO - 2020-10-11 08:09:33 --> Fetching Exam Details details
INFO - 2020-10-11 08:13:02 --> Controller "App\Controllers\ExamsTimetable" loaded.
INFO - 2020-10-11 08:13:02 --> Fetching Exam Hallticket Details details
INFO - 2020-10-11 08:14:50 --> Controller "App\Controllers\ExamsTimetable" loaded.
INFO - 2020-10-11 08:14:50 --> Fetching Exam Hallticket Details details
INFO - 2020-10-11 08:15:53 --> Controller "App\Controllers\ExamsTimetable" loaded.
INFO - 2020-10-11 08:15:53 --> Fetching Exam Details details
INFO - 2020-10-11 08:15:55 --> Controller "App\Controllers\ExamsTimetable" loaded.
INFO - 2020-10-11 08:15:55 --> Fetching Exam Hallticket Details details
INFO - 2020-10-11 08:15:59 --> Controller "App\Controllers\ExamsOnline" loaded.
INFO - 2020-10-11 08:15:59 --> Fetching Online Exam Details details
INFO - 2020-10-11 08:24:40 --> Controller "App\Controllers\ExamsOnline" loaded.
INFO - 2020-10-11 08:24:40 --> Fetching Online Exam Details details
INFO - 2020-10-11 08:26:47 --> Controller "App\Controllers\ExamsOnline" loaded.
INFO - 2020-10-11 08:26:47 --> Fetching Online Exam Details details
INFO - 2020-10-11 08:26:49 --> Controller "App\Controllers\ExamsOnline" loaded.
INFO - 2020-10-11 08:26:49 --> Fetching Online Exam Details details
INFO - 2020-10-11 08:26:58 --> Controller "App\Controllers\ExamsOnline" loaded.
INFO - 2020-10-11 08:26:58 --> Fetching Online Exam Details details
INFO - 2020-10-11 08:27:20 --> Controller "App\Controllers\ExamsOnline" loaded.
INFO - 2020-10-11 08:27:20 --> Fetching Online Exam Details details
INFO - 2020-10-11 08:27:22 --> Controller "App\Controllers\ExamsTimetable" loaded.
INFO - 2020-10-11 08:27:22 --> Fetching Exam Details details
INFO - 2020-10-11 08:33:35 --> Controller "App\Controllers\ExamsTimetable" loaded.
INFO - 2020-10-11 08:33:35 --> Fetching Exam Details details
INFO - 2020-10-11 08:34:30 --> Controller "App\Controllers\ExamsTimetable" loaded.
INFO - 2020-10-11 08:34:30 --> Fetching Exam Details details
INFO - 2020-10-11 08:35:28 --> Controller "App\Controllers\ExamsTimetable" loaded.
INFO - 2020-10-11 08:35:28 --> Fetching Exam Details details
INFO - 2020-10-11 08:36:54 --> Controller "App\Controllers\ExamsTimetable" loaded.
INFO - 2020-10-11 08:36:54 --> Fetching Exam Details details
INFO - 2020-10-11 08:37:35 --> Controller "App\Controllers\ExamsOnline" loaded.
INFO - 2020-10-11 08:37:35 --> Fetching Online Exam Details details
INFO - 2020-10-11 08:44:20 --> Controller "App\Controllers\ExamsTimetable" loaded.
ERROR - 2020-10-11 08:44:20 --> Unknown column 't2.id_section' in 'field list'
INFO - 2020-10-11 08:44:46 --> Controller "App\Controllers\Boards" loaded.
INFO - 2020-10-11 08:44:46 --> Fetching Boards details
INFO - 2020-10-11 08:44:46 --> Controller "App\Controllers\Sections" loaded.
INFO - 2020-10-11 08:44:46 --> Fetching Sections details
INFO - 2020-10-11 08:44:46 --> Controller "App\Controllers\Assignments" loaded.
INFO - 2020-10-11 08:44:46 --> Fetching Assignments Details details
INFO - 2020-10-11 08:44:46 --> Controller "App\Controllers\SubjectStandards" loaded.
INFO - 2020-10-11 08:44:46 --> Fetching Subjects details
INFO - 2020-10-11 08:44:46 --> Controller "App\Controllers\Academicyears" loaded.
INFO - 2020-10-11 08:44:46 --> Fetching Academic year details
INFO - 2020-10-11 08:44:47 --> Controller "App\Controllers\Assignments" loaded.
INFO - 2020-10-11 08:44:47 --> Fetching Assignments details
INFO - 2020-10-11 08:44:47 --> Controller "App\Controllers\Assignments" loaded.
INFO - 2020-10-11 08:44:47 --> Fetching Assignments Id details
INFO - 2020-10-11 08:44:47 --> Controller "App\Controllers\Assignments" loaded.
INFO - 2020-10-11 19:14:47 --> Fetching Assignments Mapped Id details
INFO - 2020-10-11 08:44:47 --> Controller "App\Controllers\Assignments" loaded.
INFO - 2020-10-11 08:44:47 --> Fetching Assignments Grade details
INFO - 2020-10-11 08:44:47 --> Controller "App\Controllers\Sections" loaded.
INFO - 2020-10-11 08:44:47 --> Fetching Sections details
INFO - 2020-10-11 08:44:47 --> Controller "App\Controllers\Assignments" loaded.
INFO - 2020-10-11 08:44:47 --> Fetching Assignments Details details
INFO - 2020-10-11 08:49:49 --> Controller "App\Controllers\Boards" loaded.
INFO - 2020-10-11 08:49:49 --> Fetching Boards details
INFO - 2020-10-11 08:49:49 --> Controller "App\Controllers\Sections" loaded.
INFO - 2020-10-11 08:49:49 --> Fetching Sections details
INFO - 2020-10-11 08:49:49 --> Controller "App\Controllers\Assignments" loaded.
INFO - 2020-10-11 08:49:49 --> Fetching Assignments Details details
INFO - 2020-10-11 08:49:49 --> Controller "App\Controllers\SubjectStandards" loaded.
INFO - 2020-10-11 08:49:49 --> Fetching Subjects details
INFO - 2020-10-11 08:49:49 --> Controller "App\Controllers\Academicyears" loaded.
INFO - 2020-10-11 08:49:49 --> Fetching Academic year details
INFO - 2020-10-11 08:49:49 --> Controller "App\Controllers\Assignments" loaded.
INFO - 2020-10-11 08:49:49 --> Fetching Assignments details
INFO - 2020-10-11 08:49:49 --> Controller "App\Controllers\Assignments" loaded.
INFO - 2020-10-11 08:49:49 --> Fetching Assignments Id details
INFO - 2020-10-11 08:49:49 --> Controller "App\Controllers\Assignments" loaded.
INFO - 2020-10-11 19:19:49 --> Fetching Assignments Mapped Id details
INFO - 2020-10-11 08:49:49 --> Controller "App\Controllers\Assignments" loaded.
INFO - 2020-10-11 08:49:49 --> Fetching Assignments Grade details
INFO - 2020-10-11 08:49:49 --> Controller "App\Controllers\Sections" loaded.
INFO - 2020-10-11 08:49:49 --> Fetching Sections details
INFO - 2020-10-11 08:49:49 --> Controller "App\Controllers\Assignments" loaded.
INFO - 2020-10-11 08:49:49 --> Fetching Assignments Details details
INFO - 2020-10-11 08:50:11 --> Controller "App\Controllers\ClassDetails" loaded.
INFO - 2020-10-11 08:50:11 --> Fetching Sections details
INFO - 2020-10-11 08:50:11 --> Controller "App\Controllers\ExamDetails" loaded.
INFO - 2020-10-11 08:50:11 --> Fetching Circular Details details
INFO - 2020-10-11 08:50:11 --> Controller "App\Controllers\ExamDetails" loaded.
INFO - 2020-10-11 08:50:11 --> Fetching Exam Details details
INFO - 2020-10-11 08:50:11 --> Controller "App\Controllers\ExamsTimetable" loaded.
INFO - 2020-10-11 08:50:11 --> Fetching Exam Details details
INFO - 2020-10-11 08:50:23 --> Controller "App\Controllers\ClassDetails" loaded.
INFO - 2020-10-11 08:50:23 --> Fetching Sections details
INFO - 2020-10-11 08:50:33 --> Controller "App\Controllers\Users" loaded.
INFO - 2020-10-11 08:50:33 --> Fetching All User details
INFO - 2020-10-11 08:53:31 --> Controller "App\Controllers\ClassDetails" loaded.
INFO - 2020-10-11 08:53:31 --> Fetching Sections details
INFO - 2020-10-11 09:19:10 --> Controller "App\Controllers\Boards" loaded.
INFO - 2020-10-11 09:19:10 --> Fetching Boards details
INFO - 2020-10-11 09:19:10 --> Controller "App\Controllers\Sections" loaded.
INFO - 2020-10-11 09:19:10 --> Fetching Sections details
INFO - 2020-10-11 09:19:10 --> Controller "App\Controllers\Assignments" loaded.
INFO - 2020-10-11 09:19:10 --> Fetching Assignments Details details
INFO - 2020-10-11 09:19:10 --> Controller "App\Controllers\SubjectStandards" loaded.
INFO - 2020-10-11 09:19:10 --> Fetching Subjects details
INFO - 2020-10-11 09:19:10 --> Controller "App\Controllers\Academicyears" loaded.
INFO - 2020-10-11 09:19:10 --> Fetching Academic year details
INFO - 2020-10-11 09:19:10 --> Controller "App\Controllers\Assignments" loaded.
INFO - 2020-10-11 09:19:10 --> Fetching Assignments details
INFO - 2020-10-11 09:19:10 --> Controller "App\Controllers\Assignments" loaded.
INFO - 2020-10-11 09:19:10 --> Fetching Assignments Id details
INFO - 2020-10-11 09:19:10 --> Controller "App\Controllers\Assignments" loaded.
INFO - 2020-10-11 19:49:10 --> Fetching Assignments Mapped Id details
INFO - 2020-10-11 09:19:10 --> Controller "App\Controllers\Assignments" loaded.
INFO - 2020-10-11 09:19:10 --> Fetching Assignments Grade details
INFO - 2020-10-11 09:19:10 --> Controller "App\Controllers\Sections" loaded.
INFO - 2020-10-11 09:19:10 --> Fetching Sections details
INFO - 2020-10-11 09:19:10 --> Controller "App\Controllers\Assignments" loaded.
INFO - 2020-10-11 09:19:10 --> Fetching Assignments Details details
INFO - 2020-10-11 09:20:03 --> Controller "App\Controllers\ExamsOnline" loaded.
INFO - 2020-10-11 09:20:03 --> Fetching Online Exam Details details
INFO - 2020-10-11 09:20:13 --> Controller "App\Controllers\Boards" loaded.
INFO - 2020-10-11 09:20:13 --> Fetching Boards details
INFO - 2020-10-11 09:20:13 --> Controller "App\Controllers\Sections" loaded.
INFO - 2020-10-11 09:20:13 --> Fetching Sections details
INFO - 2020-10-11 09:20:13 --> Controller "App\Controllers\QuestionbankChapters" loaded.
INFO - 2020-10-11 09:20:13 --> Fetching Assignments Details details
INFO - 2020-10-11 09:20:13 --> Controller "App\Controllers\Academicyears" loaded.
INFO - 2020-10-11 09:20:13 --> Fetching Academic year details
INFO - 2020-10-11 09:20:13 --> Controller "App\Controllers\Assignments" loaded.
INFO - 2020-10-11 09:20:13 --> Fetching Assignments details
INFO - 2020-10-11 09:20:13 --> Controller "App\Controllers\Sections" loaded.
INFO - 2020-10-11 09:20:13 --> Fetching Sections details
INFO - 2020-10-11 09:20:32 --> Controller "App\Controllers\Boards" loaded.
INFO - 2020-10-11 09:20:32 --> Fetching Boards details
INFO - 2020-10-11 09:20:32 --> Controller "App\Controllers\Sections" loaded.
INFO - 2020-10-11 09:20:32 --> Fetching Sections details
INFO - 2020-10-11 09:20:32 --> Controller "App\Controllers\QuestionbankChapters" loaded.
INFO - 2020-10-11 09:20:32 --> Fetching Assignments Details details
INFO - 2020-10-11 09:20:32 --> Controller "App\Controllers\Academicyears" loaded.
INFO - 2020-10-11 09:20:32 --> Fetching Academic year details
INFO - 2020-10-11 09:20:32 --> Controller "App\Controllers\Assignments" loaded.
INFO - 2020-10-11 09:20:32 --> Fetching Assignments details
INFO - 2020-10-11 09:20:32 --> Controller "App\Controllers\Sections" loaded.
INFO - 2020-10-11 09:20:32 --> Fetching Sections details
INFO - 2020-10-11 09:20:49 --> Controller "App\Controllers\QuestionbankChapters" loaded.
INFO - 2020-10-11 09:20:49 --> Fetching Assignments Details details
INFO - 2020-10-11 09:20:49 --> Controller "App\Controllers\ExamDetails" loaded.
INFO - 2020-10-11 09:20:49 --> Fetching Exam Details details
INFO - 2020-10-11 09:20:59 --> Controller "App\Controllers\ExamsOnline" loaded.
INFO - 2020-10-11 09:20:59 --> Fetching Online Exam Details details
INFO - 2020-10-11 09:21:10 --> Controller "App\Controllers\ExamsTimetable" loaded.
INFO - 2020-10-11 09:21:10 --> Fetching Exam Details details
INFO - 2020-10-11 09:21:17 --> Controller "App\Controllers\ExamsOnline" loaded.
INFO - 2020-10-11 09:21:17 --> Fetching Online Exam Details details
INFO - 2020-10-11 09:21:20 --> Controller "App\Controllers\ExamsTimetable" loaded.
INFO - 2020-10-11 09:21:20 --> Fetching Exam Details details
INFO - 2020-10-11 09:21:22 --> Controller "App\Controllers\ExamsTimetable" loaded.
INFO - 2020-10-11 09:21:22 --> Fetching Exam Hallticket Details details
INFO - 2020-10-11 09:21:27 --> Controller "App\Controllers\ExamsTimetable" loaded.
INFO - 2020-10-11 09:21:27 --> Fetching Exam Details details
INFO - 2020-10-11 09:21:28 --> Controller "App\Controllers\ExamsTimetable" loaded.
INFO - 2020-10-11 09:21:28 --> Fetching Exam Details details
INFO - 2020-10-11 09:21:30 --> Controller "App\Controllers\ExamsTimetable" loaded.
INFO - 2020-10-11 09:21:30 --> Fetching Exam Details details
INFO - 2020-10-11 09:21:33 --> Controller "App\Controllers\ExamsOnline" loaded.
INFO - 2020-10-11 09:21:33 --> Fetching Online Exam Details details
INFO - 2020-10-11 09:21:37 --> Controller "App\Controllers\ExamDetails" loaded.
INFO - 2020-10-11 09:21:37 --> Fetching Circular Details details
INFO - 2020-10-11 09:21:37 --> Controller "App\Controllers\ExamDetails" loaded.
INFO - 2020-10-11 09:21:37 --> Fetching Exam Details details
INFO - 2020-10-11 09:21:37 --> Controller "App\Controllers\ExamsTimetable" loaded.
INFO - 2020-10-11 09:21:37 --> Fetching Exam Details details
INFO - 2020-10-11 09:21:44 --> Controller "App\Controllers\Boards" loaded.
INFO - 2020-10-11 09:21:44 --> Fetching Boards details
INFO - 2020-10-11 09:21:44 --> Controller "App\Controllers\Sections" loaded.
INFO - 2020-10-11 09:21:44 --> Fetching Sections details
INFO - 2020-10-11 09:21:44 --> Controller "App\Controllers\QuestionbankChapters" loaded.
INFO - 2020-10-11 09:21:44 --> Fetching Assignments Details details
INFO - 2020-10-11 09:21:44 --> Controller "App\Controllers\Assignments" loaded.
INFO - 2020-10-11 09:21:44 --> Fetching Assignments details
INFO - 2020-10-11 09:21:44 --> Controller "App\Controllers\Academicyears" loaded.
INFO - 2020-10-11 09:21:44 --> Fetching Academic year details
INFO - 2020-10-11 09:21:44 --> Controller "App\Controllers\Sections" loaded.
INFO - 2020-10-11 09:21:44 --> Fetching Sections details
INFO - 2020-10-11 09:21:48 --> Controller "App\Controllers\ExamsOnline" loaded.
INFO - 2020-10-11 09:21:48 --> Fetching Online Exam Details details
INFO - 2020-10-11 09:23:53 --> Controller "App\Controllers\ExamsTimetable" loaded.
INFO - 2020-10-11 09:23:53 --> Fetching Exam Details details
INFO - 2020-10-11 09:23:58 --> Controller "App\Controllers\ExamsOnline" loaded.
INFO - 2020-10-11 09:23:58 --> Fetching Online Exam Details details
INFO - 2020-10-11 09:24:00 --> Controller "App\Controllers\Boards" loaded.
INFO - 2020-10-11 09:24:00 --> Fetching Boards details
INFO - 2020-10-11 09:24:00 --> Controller "App\Controllers\Sections" loaded.
INFO - 2020-10-11 09:24:00 --> Controller "App\Controllers\QuestionbankChapters" loaded.
INFO - 2020-10-11 09:24:00 --> Fetching Sections details
INFO - 2020-10-11 09:24:00 --> Controller "App\Controllers\Assignments" loaded.
INFO - 2020-10-11 09:24:00 --> Fetching Assignments Details details
INFO - 2020-10-11 09:24:00 --> Fetching Assignments details
INFO - 2020-10-11 09:24:00 --> Controller "App\Controllers\Academicyears" loaded.
INFO - 2020-10-11 09:24:00 --> Fetching Academic year details
INFO - 2020-10-11 09:24:00 --> Controller "App\Controllers\Sections" loaded.
INFO - 2020-10-11 09:24:00 --> Fetching Sections details
INFO - 2020-10-11 09:24:22 --> Controller "App\Controllers\Sections" loaded.
INFO - 2020-10-11 09:24:22 --> Controller "App\Controllers\Boards" loaded.
INFO - 2020-10-11 09:24:22 --> Fetching Sections details
INFO - 2020-10-11 09:24:22 --> Fetching Boards details
INFO - 2020-10-11 09:24:22 --> Controller "App\Controllers\Academicyears" loaded.
INFO - 2020-10-11 09:24:22 --> Fetching Academic year details
INFO - 2020-10-11 09:24:22 --> Controller "App\Controllers\QuestionbankChapters" loaded.
INFO - 2020-10-11 09:24:22 --> Fetching Assignments Details details
INFO - 2020-10-11 09:24:22 --> Controller "App\Controllers\Assignments" loaded.
INFO - 2020-10-11 09:24:22 --> Fetching Assignments details
INFO - 2020-10-11 09:24:23 --> Controller "App\Controllers\Sections" loaded.
INFO - 2020-10-11 09:24:23 --> Fetching Sections details
INFO - 2020-10-11 09:24:31 --> Controller "App\Controllers\ExamsOnline" loaded.
INFO - 2020-10-11 09:24:31 --> Fetching Online Exam Details details
INFO - 2020-10-11 09:24:41 --> Controller "App\Controllers\ExamsTimetable" loaded.
INFO - 2020-10-11 09:24:41 --> Fetching Exam Details details
INFO - 2020-10-11 09:25:35 --> Controller "App\Controllers\ExamsOnline" loaded.
INFO - 2020-10-11 09:25:35 --> Fetching Online Exam Details details
INFO - 2020-10-11 09:26:27 --> Controller "App\Controllers\ExamsTimetable" loaded.
INFO - 2020-10-11 09:26:27 --> Fetching Exam Details details
INFO - 2020-10-11 09:26:30 --> Controller "App\Controllers\ExamsTimetable" loaded.
INFO - 2020-10-11 09:26:30 --> Fetching Exam Hallticket Details details
INFO - 2020-10-11 09:26:33 --> Controller "App\Controllers\ExamsOnline" loaded.
INFO - 2020-10-11 09:26:33 --> Fetching Online Exam Details details
INFO - 2020-10-11 09:26:36 --> Controller "App\Controllers\Boards" loaded.
INFO - 2020-10-11 09:26:36 --> Fetching Boards details
INFO - 2020-10-11 09:26:36 --> Controller "App\Controllers\Sections" loaded.
INFO - 2020-10-11 09:26:36 --> Controller "App\Controllers\QuestionbankChapters" loaded.
INFO - 2020-10-11 09:26:36 --> Fetching Assignments Details details
INFO - 2020-10-11 09:26:36 --> Fetching Sections details
INFO - 2020-10-11 09:26:36 --> Controller "App\Controllers\Assignments" loaded.
INFO - 2020-10-11 09:26:36 --> Fetching Assignments details
INFO - 2020-10-11 09:26:36 --> Controller "App\Controllers\Academicyears" loaded.
INFO - 2020-10-11 09:26:36 --> Fetching Academic year details
INFO - 2020-10-11 09:26:36 --> Controller "App\Controllers\Sections" loaded.
INFO - 2020-10-11 09:26:36 --> Fetching Sections details
INFO - 2020-10-11 09:27:00 --> Controller "App\Controllers\QuestionbankChapters" loaded.
INFO - 2020-10-11 09:27:00 --> Fetching Assignments Details details
INFO - 2020-10-11 09:27:00 --> Controller "App\Controllers\ExamDetails" loaded.
INFO - 2020-10-11 09:27:00 --> Fetching Exam Details details
INFO - 2020-10-11 09:27:44 --> Controller "App\Controllers\ExamsOnline" loaded.
INFO - 2020-10-11 09:27:44 --> Fetching Online Exam Details details
INFO - 2020-10-11 09:33:43 --> Controller "App\Controllers\ExamsTimetable" loaded.
INFO - 2020-10-11 09:33:43 --> Fetching Exam Details details
INFO - 2020-10-11 09:33:47 --> Controller "App\Controllers\ExamsOnline" loaded.
INFO - 2020-10-11 09:33:47 --> Fetching Online Exam Details details
INFO - 2020-10-11 09:40:21 --> Controller "App\Controllers\ExamsOnline" loaded.
INFO - 2020-10-11 09:40:21 --> Fetching Online Exam Details details
INFO - 2020-10-11 09:48:47 --> Controller "App\Controllers\ExamsTimetable" loaded.
INFO - 2020-10-11 09:48:47 --> Fetching Exam Details details
INFO - 2020-10-11 09:48:49 --> Controller "App\Controllers\ExamsOnline" loaded.
INFO - 2020-10-11 09:48:49 --> Fetching Online Exam Details details
INFO - 2020-10-11 09:48:58 --> Controller "App\Controllers\ExamsTimetable" loaded.
INFO - 2020-10-11 09:48:58 --> Fetching Exam Details details
INFO - 2020-10-11 09:50:22 --> Controller "App\Controllers\ExamsOnline" loaded.
INFO - 2020-10-11 09:50:22 --> Fetching Online Exam Details details
INFO - 2020-10-11 10:22:57 --> Controller "App\Controllers\ExamsOnline" loaded.
ERROR - 2020-10-11 10:22:57 --> Unknown column 't3.max_markst3.id_subject' in 'field list'
INFO - 2020-10-11 10:24:26 --> Controller "App\Controllers\ExamsOnline" loaded.
INFO - 2020-10-11 10:24:26 --> Fetching Online Exam Details details
INFO - 2020-10-11 10:29:34 --> Controller "App\Controllers\ExamsOnline" loaded.
INFO - 2020-10-11 10:29:34 --> Fetching Online Exam Details details
INFO - 2020-10-11 10:32:27 --> Controller "App\Controllers\ExamsOnline" loaded.
INFO - 2020-10-11 10:32:27 --> Fetching Online Exam Details details
INFO - 2020-10-11 10:38:34 --> Controller "App\Controllers\ExamsOnline" loaded.
INFO - 2020-10-11 10:38:34 --> Fetching Online Exam Details details
INFO - 2020-10-11 10:41:55 --> Controller "App\Controllers\ExamsOnline" loaded.
CRITICAL - 2020-10-11 10:41:55 --> Call to undefined function App\Models\now()
#0 /var/www/html/server_4/app/Controllers/ExamsOnline.php(532): App\Models\Online_Queries_model->getOnlineUpcomingExam(Array)
#1 /var/www/html/server_4/system/CodeIgniter.php(910): App\Controllers\ExamsOnline->getOnlineUpcomingExam()
#2 /var/www/html/server_4/system/CodeIgniter.php(398): CodeIgniter\CodeIgniter->runController(Object(App\Controllers\ExamsOnline))
#3 /var/www/html/server_4/system/CodeIgniter.php(306): CodeIgniter\CodeIgniter->handleRequest(NULL, Object(Config\Cache), false)
#4 /var/www/html/server_4/public/index.php(45): CodeIgniter\CodeIgniter->run()
#5 {main}
INFO - 2020-10-11 10:42:02 --> Controller "App\Controllers\ExamsOnline" loaded.
INFO - 2020-10-11 10:42:02 --> Fetching Online Exam Details details
INFO - 2020-10-11 10:42:06 --> Controller "App\Controllers\ExamsOnline" loaded.
INFO - 2020-10-11 10:42:06 --> Fetching Online Exam Details details
INFO - 2020-10-11 10:42:29 --> Controller "App\Controllers\ExamsOnline" loaded.
CRITICAL - 2020-10-11 10:42:29 --> Call to undefined function App\Models\now()
#0 /var/www/html/server_4/app/Controllers/ExamsOnline.php(532): App\Models\Online_Queries_model->getOnlineUpcomingExam(Array)
#1 /var/www/html/server_4/system/CodeIgniter.php(910): App\Controllers\ExamsOnline->getOnlineUpcomingExam()
#2 /var/www/html/server_4/system/CodeIgniter.php(398): CodeIgniter\CodeIgniter->runController(Object(App\Controllers\ExamsOnline))
#3 /var/www/html/server_4/system/CodeIgniter.php(306): CodeIgniter\CodeIgniter->handleRequest(NULL, Object(Config\Cache), false)
#4 /var/www/html/server_4/public/index.php(45): CodeIgniter\CodeIgniter->run()
#5 {main}
INFO - 2020-10-11 10:42:37 --> Controller "App\Controllers\ExamsOnline" loaded.
INFO - 2020-10-11 10:42:37 --> Fetching Online Exam Details details
INFO - 2020-10-11 10:43:41 --> Controller "App\Controllers\ExamsOnline" loaded.
CRITICAL - 2020-10-11 10:43:41 --> Call to undefined function App\Models\now()
#0 /var/www/html/server_4/app/Controllers/ExamsOnline.php(532): App\Models\Online_Queries_model->getOnlineUpcomingExam(Array)
#1 /var/www/html/server_4/system/CodeIgniter.php(910): App\Controllers\ExamsOnline->getOnlineUpcomingExam()
#2 /var/www/html/server_4/system/CodeIgniter.php(398): CodeIgniter\CodeIgniter->runController(Object(App\Controllers\ExamsOnline))
#3 /var/www/html/server_4/system/CodeIgniter.php(306): CodeIgniter\CodeIgniter->handleRequest(NULL, Object(Config\Cache), false)
#4 /var/www/html/server_4/public/index.php(45): CodeIgniter\CodeIgniter->run()
#5 {main}
INFO - 2020-10-11 10:43:49 --> Controller "App\Controllers\ExamsOnline" loaded.
INFO - 2020-10-11 10:43:49 --> Fetching Online Exam Details details
INFO - 2020-10-11 10:43:56 --> Controller "App\Controllers\ExamsOnline" loaded.
INFO - 2020-10-11 10:43:56 --> Fetching Online Exam Details details
INFO - 2020-10-11 10:44:05 --> Controller "App\Controllers\ExamsOnline" loaded.
INFO - 2020-10-11 10:44:05 --> Fetching Online Exam Details details
INFO - 2020-10-11 10:46:47 --> Controller "App\Controllers\ExamsOnline" loaded.
INFO - 2020-10-11 10:46:47 --> Fetching Online Exam Details details
INFO - 2020-10-11 10:47:55 --> Controller "App\Controllers\ExamsOnline" loaded.
INFO - 2020-10-11 10:47:55 --> Fetching Online Exam Details details
INFO - 2020-10-11 10:49:07 --> Controller "App\Controllers\ExamsOnline" loaded.
CRITICAL - 2020-10-11 10:49:07 --> Call to undefined function App\Models\now()
#0 /var/www/html/server_4/app/Controllers/ExamsOnline.php(532): App\Models\Online_Queries_model->getOnlineUpcomingExam(Array)
#1 /var/www/html/server_4/system/CodeIgniter.php(910): App\Controllers\ExamsOnline->getOnlineUpcomingExam()
#2 /var/www/html/server_4/system/CodeIgniter.php(398): CodeIgniter\CodeIgniter->runController(Object(App\Controllers\ExamsOnline))
#3 /var/www/html/server_4/system/CodeIgniter.php(306): CodeIgniter\CodeIgniter->handleRequest(NULL, Object(Config\Cache), false)
#4 /var/www/html/server_4/public/index.php(45): CodeIgniter\CodeIgniter->run()
#5 {main}
INFO - 2020-10-11 10:53:41 --> Controller "App\Controllers\ExamsOnline" loaded.
INFO - 2020-10-11 10:53:41 --> Fetching Online Exam Details details
INFO - 2020-10-11 10:59:36 --> Controller "App\Controllers\ExamsOnline" loaded.
INFO - 2020-10-11 10:59:36 --> Fetching Online Exam Details details
INFO - 2020-10-11 11:02:19 --> Controller "App\Controllers\ExamsOnline" loaded.
INFO - 2020-10-11 11:02:19 --> Fetching Online Exam Details details
INFO - 2020-10-11 11:07:31 --> Controller "App\Controllers\ExamsOnline" loaded.
INFO - 2020-10-11 11:07:31 --> Fetching Online Exam Details details
INFO - 2020-10-11 11:13:35 --> Controller "App\Controllers\ExamsOnline" loaded.
INFO - 2020-10-11 11:13:35 --> Fetching Online Exam Details details
INFO - 2020-10-11 11:14:57 --> Controller "App\Controllers\ExamsOnline" loaded.
INFO - 2020-10-11 11:14:57 --> Fetching Online Exam Details details
INFO - 2020-10-11 11:17:13 --> Controller "App\Controllers\ExamsOnline" loaded.
INFO - 2020-10-11 11:17:13 --> Fetching Online Exam Details details
INFO - 2020-10-11 11:19:06 --> Controller "App\Controllers\ExamsOnline" loaded.
INFO - 2020-10-11 11:19:06 --> Fetching Online Exam Details details
INFO - 2020-10-11 11:21:48 --> Controller "App\Controllers\ExamsOnline" loaded.
INFO - 2020-10-11 11:21:48 --> Fetching Online Exam Details details
INFO - 2020-10-11 11:34:50 --> Controller "App\Controllers\ExamsOnline" loaded.
INFO - 2020-10-11 11:34:50 --> Fetching Online Exam Details details
INFO - 2020-10-11 11:37:03 --> Controller "App\Controllers\ExamsOnline" loaded.
INFO - 2020-10-11 11:38:35 --> Controller "App\Controllers\ExamsOnline" loaded.
INFO - 2020-10-11 11:38:35 --> Fetching Online Exam Details details
INFO - 2020-10-11 11:41:19 --> Controller "App\Controllers\ExamsOnlineStudent" loaded.
INFO - 2020-10-11 11:41:19 --> Inserting Academic year details
INFO - 2020-10-11 11:41:28 --> Controller "App\Controllers\ExamsOnline" loaded.
INFO - 2020-10-11 11:41:28 --> Fetching Online Exam Details details
INFO - 2020-10-11 11:41:54 --> Controller "App\Controllers\ExamsOnline" loaded.
INFO - 2020-10-11 11:41:54 --> Fetching Online Exam Details details
INFO - 2020-10-11 11:43:41 --> Controller "App\Controllers\ExamsTimetable" loaded.
INFO - 2020-10-11 11:43:41 --> Fetching Exam Details details
INFO - 2020-10-11 11:44:36 --> Controller "App\Controllers\ExamsOnline" loaded.
INFO - 2020-10-11 11:44:36 --> Fetching Online Exam Details details
INFO - 2020-10-11 11:47:59 --> Controller "App\Controllers\ExamsOnline" loaded.
INFO - 2020-10-11 11:47:59 --> Fetching Online Exam Details details
INFO - 2020-10-11 11:48:02 --> Controller "App\Controllers\ExamsTimetable" loaded.
INFO - 2020-10-11 11:48:02 --> Fetching Exam Details details
INFO - 2020-10-11 11:52:22 --> Controller "App\Controllers\ExamsOnline" loaded.
INFO - 2020-10-11 11:52:22 --> Fetching Online Exam Details details
INFO - 2020-10-11 11:52:24 --> Controller "App\Controllers\ExamsTimetable" loaded.
INFO - 2020-10-11 11:52:24 --> Fetching Exam Details details
INFO - 2020-10-11 12:12:48 --> Controller "App\Controllers\ExamsOnline" loaded.
INFO - 2020-10-11 12:12:48 --> Fetching Online Exam Details details
INFO - 2020-10-11 12:14:22 --> Controller "App\Controllers\Boards" loaded.
INFO - 2020-10-11 12:14:22 --> Fetching Boards details
INFO - 2020-10-11 12:14:22 --> Controller "App\Controllers\Sections" loaded.
INFO - 2020-10-11 12:14:22 --> Fetching Sections details
INFO - 2020-10-11 12:14:23 --> Controller "App\Controllers\Assignments" loaded.
INFO - 2020-10-11 12:14:23 --> Fetching Assignments Details details
INFO - 2020-10-11 12:14:23 --> Controller "App\Controllers\Academicyears" loaded.
INFO - 2020-10-11 12:14:23 --> Fetching Academic year details
INFO - 2020-10-11 12:14:23 --> Controller "App\Controllers\SubjectStandards" loaded.
INFO - 2020-10-11 12:14:23 --> Fetching Subjects details
INFO - 2020-10-11 12:14:23 --> Controller "App\Controllers\Assignments" loaded.
INFO - 2020-10-11 12:14:23 --> Fetching Assignments details
INFO - 2020-10-11 12:14:24 --> Controller "App\Controllers\Assignments" loaded.
INFO - 2020-10-11 12:14:24 --> Fetching Assignments Id details
INFO - 2020-10-11 12:14:24 --> Controller "App\Controllers\Assignments" loaded.
INFO - 2020-10-11 12:14:24 --> Controller "App\Controllers\Assignments" loaded.
INFO - 2020-10-11 22:44:24 --> Fetching Assignments Mapped Id details
INFO - 2020-10-11 12:14:24 --> Fetching Assignments Grade details
INFO - 2020-10-11 12:14:27 --> Controller "App\Controllers\Sections" loaded.
INFO - 2020-10-11 12:14:27 --> Fetching Sections details
INFO - 2020-10-11 12:14:27 --> Controller "App\Controllers\Assignments" loaded.
INFO - 2020-10-11 12:14:27 --> Fetching Assignments Details details
INFO - 2020-10-11 12:26:38 --> Controller "App\Controllers\ExamsOnline" loaded.
INFO - 2020-10-11 12:26:38 --> Fetching Online Exam Details details
INFO - 2020-10-11 12:32:31 --> Controller "App\Controllers\ExamsOnline" loaded.
CRITICAL - 2020-10-11 12:32:31 --> syntax error, unexpected '$value' (T_VARIABLE)
#0 /var/www/html/server_4/system/Autoloader/Autoloader.php(296): CodeIgniter\Autoloader\Autoloader->requireFile('/var/www/html/s...')
#1 /var/www/html/server_4/system/Autoloader/Autoloader.php(258): CodeIgniter\Autoloader\Autoloader->loadInNamespace('App\\Models\\Onli...')
#2 [internal function]: CodeIgniter\Autoloader\Autoloader->loadClass('App\\Models\\Onli...')
#3 /var/www/html/server_4/app/Controllers/ExamsOnline.php(553): spl_autoload_call('App\\Models\\Onli...')
#4 /var/www/html/server_4/system/CodeIgniter.php(910): App\Controllers\ExamsOnline->getStudentResultRecord()
#5 /var/www/html/server_4/system/CodeIgniter.php(398): CodeIgniter\CodeIgniter->runController(Object(App\Controllers\ExamsOnline))
#6 /var/www/html/server_4/system/CodeIgniter.php(306): CodeIgniter\CodeIgniter->handleRequest(NULL, Object(Config\Cache), false)
#7 /var/www/html/server_4/public/index.php(45): CodeIgniter\CodeIgniter->run()
#8 {main}
INFO - 2020-10-11 12:32:45 --> Controller "App\Controllers\ExamsOnline" loaded.
CRITICAL - 2020-10-11 12:32:45 --> syntax error, unexpected '$value' (T_VARIABLE)
#0 /var/www/html/server_4/system/Autoloader/Autoloader.php(296): CodeIgniter\Autoloader\Autoloader->requireFile('/var/www/html/s...')
#1 /var/www/html/server_4/system/Autoloader/Autoloader.php(258): CodeIgniter\Autoloader\Autoloader->loadInNamespace('App\\Models\\Onli...')
#2 [internal function]: CodeIgniter\Autoloader\Autoloader->loadClass('App\\Models\\Onli...')
#3 /var/www/html/server_4/app/Controllers/ExamsOnline.php(553): spl_autoload_call('App\\Models\\Onli...')
#4 /var/www/html/server_4/system/CodeIgniter.php(910): App\Controllers\ExamsOnline->getStudentResultRecord()
#5 /var/www/html/server_4/system/CodeIgniter.php(398): CodeIgniter\CodeIgniter->runController(Object(App\Controllers\ExamsOnline))
#6 /var/www/html/server_4/system/CodeIgniter.php(306): CodeIgniter\CodeIgniter->handleRequest(NULL, Object(Config\Cache), false)
#7 /var/www/html/server_4/public/index.php(45): CodeIgniter\CodeIgniter->run()
#8 {main}
INFO - 2020-10-11 12:34:25 --> Controller "App\Controllers\ExamsOnline" loaded.
INFO - 2020-10-11 12:34:25 --> Fetching Online Exam Details details
INFO - 2020-10-11 12:51:13 --> Controller "App\Controllers\ExamsOnline" loaded.
CRITICAL - 2020-10-11 12:51:13 --> Too few arguments to function CodeIgniter\Database\BaseBuilder::join(), 1 passed in /var/www/html/server_4/app/Models/Online_Queries_model.php on line 783 and at least 2 expected
#0 /var/www/html/server_4/app/Models/Online_Queries_model.php(783): CodeIgniter\Database\BaseBuilder->join('exams_timetable...')
#1 /var/www/html/server_4/app/Models/Online_Queries_model.php(760): App\Models\Online_Queries_model->getExamMaxScoreDetails(Array)
#2 /var/www/html/server_4/app/Controllers/ExamsOnline.php(560): App\Models\Online_Queries_model->getStudentResultRecord(Array)
#3 /var/www/html/server_4/system/CodeIgniter.php(910): App\Controllers\ExamsOnline->getStudentResultRecord()
#4 /var/www/html/server_4/system/CodeIgniter.php(398): CodeIgniter\CodeIgniter->runController(Object(App\Controllers\ExamsOnline))
#5 /var/www/html/server_4/system/CodeIgniter.php(306): CodeIgniter\CodeIgniter->handleRequest(NULL, Object(Config\Cache), false)
#6 /var/www/html/server_4/public/index.php(45): CodeIgniter\CodeIgniter->run()
#7 {main}
INFO - 2020-10-11 12:51:23 --> Controller "App\Controllers\ExamsOnline" loaded.
CRITICAL - 2020-10-11 12:51:23 --> Too few arguments to function CodeIgniter\Database\BaseBuilder::join(), 1 passed in /var/www/html/server_4/app/Models/Online_Queries_model.php on line 783 and at least 2 expected
#0 /var/www/html/server_4/app/Models/Online_Queries_model.php(783): CodeIgniter\Database\BaseBuilder->join('exams_timetable...')
#1 /var/www/html/server_4/app/Models/Online_Queries_model.php(760): App\Models\Online_Queries_model->getExamMaxScoreDetails(Array)
#2 /var/www/html/server_4/app/Controllers/ExamsOnline.php(560): App\Models\Online_Queries_model->getStudentResultRecord(Array)
#3 /var/www/html/server_4/system/CodeIgniter.php(910): App\Controllers\ExamsOnline->getStudentResultRecord()
#4 /var/www/html/server_4/system/CodeIgniter.php(398): CodeIgniter\CodeIgniter->runController(Object(App\Controllers\ExamsOnline))
#5 /var/www/html/server_4/system/CodeIgniter.php(306): CodeIgniter\CodeIgniter->handleRequest(NULL, Object(Config\Cache), false)
#6 /var/www/html/server_4/public/index.php(45): CodeIgniter\CodeIgniter->run()
#7 {main}
INFO - 2020-10-11 12:52:45 --> Controller "App\Controllers\ExamsOnline" loaded.
INFO - 2020-10-11 12:52:45 --> Fetching Online Exam Details details
INFO - 2020-10-11 12:54:02 --> Controller "App\Controllers\ExamsOnline" loaded.
INFO - 2020-10-11 12:55:48 --> Controller "App\Controllers\ExamsOnline" loaded.
INFO - 2020-10-11 12:55:48 --> Fetching Online Exam Details details
INFO - 2020-10-11 13:11:34 --> Controller "App\Controllers\ExamsOnline" loaded.
INFO - 2020-10-11 13:11:34 --> Fetching Online Exam Details details
INFO - 2020-10-11 13:13:27 --> Controller "App\Controllers\ExamsOnline" loaded.
INFO - 2020-10-11 13:13:27 --> Fetching Online Exam Details details
INFO - 2020-10-11 13:15:51 --> Controller "App\Controllers\ExamsOnline" loaded.
INFO - 2020-10-11 13:15:51 --> Fetching Online Exam Details details
INFO - 2020-10-11 13:17:54 --> Controller "App\Controllers\ExamsOnline" loaded.
INFO - 2020-10-11 13:20:43 --> Controller "App\Controllers\ExamsOnline" loaded.
INFO - 2020-10-11 13:20:43 --> Fetching Online Exam Details details
INFO - 2020-10-11 13:33:43 --> Controller "App\Controllers\ExamsOnline" loaded.
INFO - 2020-10-11 13:33:43 --> Fetching Online Exam Details details
INFO - 2020-10-11 13:34:39 --> Controller "App\Controllers\ExamsOnline" loaded.
INFO - 2020-10-11 13:34:39 --> Fetching Online Exam Details details
INFO - 2020-10-11 13:35:17 --> Controller "App\Controllers\ExamsOnline" loaded.
INFO - 2020-10-11 13:35:17 --> Fetching Online Exam Details details
INFO - 2020-10-11 13:37:05 --> Controller "App\Controllers\ExamsOnline" loaded.
INFO - 2020-10-11 13:37:05 --> Fetching Online Exam Details details
INFO - 2020-10-11 13:37:49 --> Controller "App\Controllers\ExamsOnline" loaded.
INFO - 2020-10-11 13:37:49 --> Fetching Online Exam Details details
INFO - 2020-10-11 13:39:35 --> Controller "App\Controllers\ExamsOnline" loaded.
INFO - 2020-10-11 13:39:35 --> Fetching Online Exam Details details
INFO - 2020-10-11 13:42:03 --> Controller "App\Controllers\ExamsOnline" loaded.
INFO - 2020-10-11 13:42:03 --> Fetching Online Exam Details details
INFO - 2020-10-11 13:43:20 --> Controller "App\Controllers\ExamsOnline" loaded.
INFO - 2020-10-11 13:43:20 --> Fetching Online Exam Details details
INFO - 2020-10-11 20:40:34 --> Controller "App\Controllers\ExamDetails" loaded.
INFO - 2020-10-11 20:40:34 --> Fetching Exam Details details
INFO - 2020-10-11 20:40:34 --> Controller "App\Controllers\ExamDetails" loaded.
INFO - 2020-10-11 20:40:34 --> Fetching Circular Details details
INFO - 2020-10-11 20:43:34 --> Controller "App\Controllers\ExamDetails" loaded.
INFO - 2020-10-11 20:43:34 --> Controller "App\Controllers\ExamDetails" loaded.
INFO - 2020-10-11 20:43:34 --> Fetching Circular Details details
INFO - 2020-10-11 20:43:34 --> Fetching Exam Details details
INFO - 2020-10-11 20:45:55 --> Controller "App\Controllers\ExamDetails" loaded.
INFO - 2020-10-11 20:45:55 --> Fetching Circular Details details
INFO - 2020-10-11 20:45:55 --> Controller "App\Controllers\ExamDetails" loaded.
INFO - 2020-10-11 20:45:55 --> Fetching Exam Details details
INFO - 2020-10-11 20:47:27 --> Controller "App\Controllers\ExamsTimetable" loaded.
INFO - 2020-10-11 20:47:27 --> Fetching Exam Details details
INFO - 2020-10-11 20:48:26 --> Controller "App\Controllers\ExamDetails" loaded.
INFO - 2020-10-11 20:48:26 --> Fetching Exam Details details
INFO - 2020-10-11 20:48:42 --> Controller "App\Controllers\ExamDetails" loaded.
INFO - 2020-10-11 20:48:42 --> Fetching Exam Details details
INFO - 2020-10-11 20:49:16 --> Controller "App\Controllers\ExamsTimetable" loaded.
INFO - 2020-10-11 20:49:16 --> Fetching Exam Details details
INFO - 2020-10-11 20:51:29 --> Controller "App\Controllers\ExamDetails" loaded.
INFO - 2020-10-11 20:51:29 --> Controller "App\Controllers\ExamDetails" loaded.
INFO - 2020-10-11 20:51:29 --> Fetching Exam Details details
INFO - 2020-10-11 20:51:29 --> Fetching Circular Details details
INFO - 2020-10-11 20:52:41 --> Controller "App\Controllers\ExamDetails" loaded.
INFO - 2020-10-11 20:52:41 --> Controller "App\Controllers\ExamsTimetable" loaded.
INFO - 2020-10-11 20:52:41 --> Fetching Circular Details details
INFO - 2020-10-11 20:52:41 --> Fetching Exam Details details
INFO - 2020-10-11 20:56:15 --> Controller "App\Controllers\ExamDetails" loaded.
INFO - 2020-10-11 20:56:15 --> Controller "App\Controllers\ExamsTimetable" loaded.
INFO - 2020-10-11 20:56:15 --> Fetching Circular Details details
INFO - 2020-10-11 20:56:15 --> Fetching Exam Details details
INFO - 2020-10-11 21:10:13 --> Controller "App\Controllers\ExamsTimetable" loaded.
INFO - 2020-10-11 21:10:13 --> Fetching Exam Details details
INFO - 2020-10-11 21:10:13 --> Controller "App\Controllers\ExamDetails" loaded.
INFO - 2020-10-11 21:10:13 --> Fetching Circular Details details
INFO - 2020-10-11 21:10:38 --> Controller "App\Controllers\ExamDetails" loaded.
INFO - 2020-10-11 21:10:38 --> Controller "App\Controllers\ExamDetails" loaded.
INFO - 2020-10-11 21:10:38 --> Fetching Circular Details details
INFO - 2020-10-11 21:10:38 --> Controller "App\Controllers\ExamsTimetable" loaded.
INFO - 2020-10-11 21:10:38 --> Fetching Exam Details details
INFO - 2020-10-11 21:10:38 --> Fetching Exam Details details
INFO - 2020-10-11 21:13:31 --> Controller "App\Controllers\ExamDetails" loaded.
INFO - 2020-10-11 21:13:31 --> Controller "App\Controllers\ExamDetails" loaded.
INFO - 2020-10-11 21:13:31 --> Controller "App\Controllers\ExamsTimetable" loaded.
INFO - 2020-10-11 21:13:31 --> Fetching Circular Details details
INFO - 2020-10-11 21:13:31 --> Fetching Exam Details details
INFO - 2020-10-11 21:13:31 --> Fetching Exam Details details
INFO - 2020-10-11 21:13:49 --> Controller "App\Controllers\ExamDetails" loaded.
INFO - 2020-10-11 21:13:49 --> Fetching Circular Details details
INFO - 2020-10-11 21:13:49 --> Controller "App\Controllers\ExamDetails" loaded.
INFO - 2020-10-11 21:13:49 --> Controller "App\Controllers\ExamsTimetable" loaded.
INFO - 2020-10-11 21:13:49 --> Fetching Exam Details details
INFO - 2020-10-11 21:13:49 --> Fetching Exam Details details
INFO - 2020-10-11 21:13:53 --> Controller "App\Controllers\ExamDetails" loaded.
INFO - 2020-10-11 21:13:53 --> Controller "App\Controllers\ExamsTimetable" loaded.
INFO - 2020-10-11 21:13:53 --> Fetching Circular Details details
INFO - 2020-10-11 21:13:53 --> Fetching Exam Details details
INFO - 2020-10-11 21:15:14 --> Controller "App\Controllers\ExamsTimetable" loaded.
INFO - 2020-10-11 21:15:14 --> Controller "App\Controllers\ExamDetails" loaded.
INFO - 2020-10-11 21:15:14 --> Fetching Circular Details details
INFO - 2020-10-11 21:15:14 --> Fetching Exam Details details
INFO - 2020-10-11 21:16:27 --> Controller "App\Controllers\ExamDetails" loaded.
INFO - 2020-10-11 21:16:27 --> Controller "App\Controllers\ExamsTimetable" loaded.
INFO - 2020-10-11 21:16:27 --> Fetching Circular Details details
INFO - 2020-10-11 21:16:27 --> Fetching Exam Details details
INFO - 2020-10-11 21:17:38 --> Controller "App\Controllers\ExamDetails" loaded.
INFO - 2020-10-11 21:17:38 --> Fetching Circular Details details
INFO - 2020-10-11 21:17:38 --> Controller "App\Controllers\ExamsTimetable" loaded.
INFO - 2020-10-11 21:17:38 --> Fetching Exam Details details
INFO - 2020-10-11 21:18:27 --> Controller "App\Controllers\ExamsTimetable" loaded.
INFO - 2020-10-11 21:18:27 --> Controller "App\Controllers\ExamDetails" loaded.
INFO - 2020-10-11 21:18:27 --> Fetching Circular Details details
INFO - 2020-10-11 21:18:27 --> Fetching Exam Details details
INFO - 2020-10-11 21:20:21 --> Controller "App\Controllers\ExamsTimetable" loaded.
INFO - 2020-10-11 21:20:21 --> Controller "App\Controllers\ExamDetails" loaded.
INFO - 2020-10-11 21:20:21 --> Fetching Circular Details details
INFO - 2020-10-11 21:20:21 --> Fetching Exam Details details
INFO - 2020-10-11 21:21:45 --> Controller "App\Controllers\ExamsTimetable" loaded.
INFO - 2020-10-11 21:21:45 --> Controller "App\Controllers\ExamDetails" loaded.
INFO - 2020-10-11 21:21:45 --> Fetching Circular Details details
INFO - 2020-10-11 21:21:45 --> Fetching Exam Details details
INFO - 2020-10-11 21:24:05 --> Controller "App\Controllers\ExamsTimetable" loaded.
INFO - 2020-10-11 21:24:05 --> Controller "App\Controllers\ExamDetails" loaded.
INFO - 2020-10-11 21:24:05 --> Fetching Circular Details details
INFO - 2020-10-11 21:24:05 --> Fetching Exam Details details
INFO - 2020-10-11 21:24:35 --> Controller "App\Controllers\Users" loaded.
INFO - 2020-10-11 21:24:38 --> Controller "App\Controllers\Users" loaded.
INFO - 2020-10-11 21:24:40 --> Controller "App\Controllers\ExamsTimetable" loaded.
ERROR - 2020-10-11 21:24:40 --> Unknown column 't1.exam_date' in 'field list'
INFO - 2020-10-11 21:24:43 --> Controller "App\Controllers\Users" loaded.
INFO - 2020-10-11 21:24:43 --> Fetching Users details
INFO - 2020-10-11 21:24:44 --> Controller "App\Controllers\Users" loaded.
INFO - 2020-10-11 21:24:44 --> Fetching Users details
INFO - 2020-10-11 21:24:48 --> Controller "App\Controllers\Users" loaded.
INFO - 2020-10-11 21:24:48 --> Fetching Users details
INFO - 2020-10-11 21:24:50 --> Controller "App\Controllers\Users" loaded.
INFO - 2020-10-11 21:24:50 --> Fetching Users details
INFO - 2020-10-11 21:25:07 --> Controller "App\Controllers\Users" loaded.
INFO - 2020-10-11 21:25:07 --> Fetching Users details
INFO - 2020-10-11 21:25:36 --> Controller "App\Controllers\Users" loaded.
INFO - 2020-10-11 21:25:36 --> Fetching Users details
INFO - 2020-10-11 21:25:45 --> Controller "App\Controllers\Users" loaded.
INFO - 2020-10-11 21:25:51 --> Controller "App\Controllers\Users" loaded.
INFO - 2020-10-11 21:26:00 --> Controller "App\Controllers\Users" loaded.
INFO - 2020-10-11 21:26:00 --> Fetching Users details
INFO - 2020-10-11 21:27:58 --> Controller "App\Controllers\ExamDetails" loaded.
INFO - 2020-10-11 21:27:58 --> Controller "App\Controllers\ExamsTimetable" loaded.
INFO - 2020-10-11 21:27:58 --> Fetching Circular Details details
INFO - 2020-10-11 21:27:58 --> Fetching Exam Details details
INFO - 2020-10-11 21:28:53 --> Controller "App\Controllers\ExamsTimetable" loaded.
ERROR - 2020-10-11 21:28:53 --> Unknown column 't1.exam_date' in 'field list'
INFO - 2020-10-11 21:29:05 --> Controller "App\Controllers\ExamsTimetable" loaded.
ERROR - 2020-10-11 21:29:05 --> Unknown column 't1.exam_date' in 'field list'
INFO - 2020-10-11 21:32:23 --> Controller "App\Controllers\ExamsTimetable" loaded.
INFO - 2020-10-11 21:32:23 --> Controller "App\Controllers\ExamDetails" loaded.
INFO - 2020-10-11 21:32:23 --> Fetching Circular Details details
INFO - 2020-10-11 21:32:23 --> Fetching Exam Details details
INFO - 2020-10-11 21:33:00 --> Controller "App\Controllers\ExamsOnline" loaded.
ERROR - 2020-10-11 21:33:00 --> Unknown column 't1.id_online_subject' in 'field list'
INFO - 2020-10-11 21:34:13 --> Controller "App\Controllers\ExamDetails" loaded.
INFO - 2020-10-11 21:34:13 --> Fetching Circular Details details
INFO - 2020-10-11 21:34:13 --> Controller "App\Controllers\ExamsTimetable" loaded.
INFO - 2020-10-11 21:34:13 --> Controller "App\Controllers\ExamsTimetable" loaded.
INFO - 2020-10-11 21:34:13 --> Fetching Exam Details details
ERROR - 2020-10-11 21:34:13 --> Unknown column 't1.exam_date' in 'field list'
INFO - 2020-10-11 21:36:27 --> Controller "App\Controllers\ExamsTimetable" loaded.
ERROR - 2020-10-11 21:36:28 --> Unknown column 't1.exam_date' in 'field list'
INFO - 2020-10-11 21:37:33 --> Controller "App\Controllers\ExamDetails" loaded.
INFO - 2020-10-11 21:37:33 --> Controller "App\Controllers\ExamsTimetable" loaded.
INFO - 2020-10-11 21:37:33 --> Controller "App\Controllers\ExamsTimetable" loaded.
INFO - 2020-10-11 21:37:33 --> Fetching Circular Details details
INFO - 2020-10-11 21:37:33 --> Fetching Exam Details details
ERROR - 2020-10-11 21:37:33 --> Unknown column 't1.exam_date' in 'field list'
INFO - 2020-10-11 21:49:58 --> Controller "App\Controllers\FeesMasters" loaded.
INFO - 2020-10-11 21:49:58 --> Fetching FeeMaster details
INFO - 2020-10-11 21:49:58 --> Controller "App\Controllers\FeesMasters" loaded.
INFO - 2020-10-11 21:49:58 --> Fetching FeeMaster details
INFO - 2020-10-11 21:49:58 --> Controller "App\Controllers\Sections" loaded.
INFO - 2020-10-11 21:49:58 --> Fetching Sections details
INFO - 2020-10-11 21:49:58 --> Controller "App\Controllers\Students" loaded.
INFO - 2020-10-11 21:49:58 --> Fetching All Leave details
INFO - 2020-10-11 21:49:58 --> Controller "App\Controllers\FeesMasters" loaded.
INFO - 2020-10-11 21:49:58 --> Controller "App\Controllers\Categories" loaded.
INFO - 2020-10-11 21:49:58 --> Fetching FeeMaster details
INFO - 2020-10-11 21:49:58 --> Fetching Category details
INFO - 2020-10-11 21:49:58 --> Controller "App\Controllers\Sections" loaded.
INFO - 2020-10-11 21:49:58 --> Fetching Sections details
INFO - 2020-10-11 21:49:58 --> Controller "App\Controllers\FeeDashboard" loaded.
INFO - 2020-10-11 21:49:58 --> Fetching FeeDashboardDetails details
INFO - 2020-10-11 21:49:58 --> Controller "App\Controllers\Boards" loaded.
INFO - 2020-10-11 21:49:58 --> Fetching Boards details
INFO - 2020-10-11 21:49:58 --> Controller "App\Controllers\FeeCollectionNonStudents" loaded.
INFO - 2020-10-11 21:49:58 --> Controller "App\Controllers\Vendors" loaded.
INFO - 2020-10-11 21:49:58 --> Fetching vendor details
INFO - 2020-10-11 23:05:43 --> Controller "App\Controllers\Users" loaded.
INFO - 2020-10-11 23:05:43 --> Fetching Users details
INFO - 2020-10-11 23:05:48 --> Controller "App\Controllers\Users" loaded.
INFO - 2020-10-11 23:05:48 --> Fetching Users details
INFO - 2020-10-11 23:19:46 --> Controller "App\Controllers\ExamsOnline" loaded.
INFO - 2020-10-11 23:19:46 --> Fetching Online Exam Details details
INFO - 2020-10-11 23:20:02 --> Controller "App\Controllers\Users" loaded.
INFO - 2020-10-11 23:20:03 --> Controller "App\Controllers\Users" loaded.
INFO - 2020-10-11 23:20:04 --> Controller "App\Controllers\Users" loaded.
INFO - 2020-10-11 23:20:05 --> Controller "App\Controllers\Users" loaded.
INFO - 2020-10-11 23:20:06 --> Controller "App\Controllers\Users" loaded.
INFO - 2020-10-11 23:20:08 --> Controller "App\Controllers\Users" loaded.
INFO - 2020-10-11 23:20:09 --> Controller "App\Controllers\Users" loaded.
INFO - 2020-10-11 23:20:12 --> Controller "App\Controllers\Users" loaded.
INFO - 2020-10-11 23:20:13 --> Controller "App\Controllers\Users" loaded.
INFO - 2020-10-11 23:20:20 --> Controller "App\Controllers\Users" loaded.
INFO - 2020-10-11 23:20:22 --> Controller "App\Controllers\Users" loaded.
INFO - 2020-10-11 23:20:23 --> Controller "App\Controllers\Users" loaded.
INFO - 2020-10-11 23:20:24 --> Controller "App\Controllers\Users" loaded.
INFO - 2020-10-11 23:20:32 --> Controller "App\Controllers\Users" loaded.
INFO - 2020-10-11 23:20:34 --> Controller "App\Controllers\Users" loaded.
INFO - 2020-10-11 23:20:35 --> Controller "App\Controllers\Users" loaded.
INFO - 2020-10-11 23:23:05 --> Controller "App\Controllers\Users" loaded.
INFO - 2020-10-11 23:23:05 --> Fetching Users details
INFO - 2020-10-11 23:23:07 --> Controller "App\Controllers\Users" loaded.
INFO - 2020-10-11 23:23:15 --> Controller "App\Controllers\Users" loaded.
INFO - 2020-10-11 23:23:15 --> Fetching Users details
INFO - 2020-10-11 23:26:55 --> Controller "App\Controllers\ClassDetails" loaded.
INFO - 2020-10-11 23:26:55 --> Controller "App\Controllers\MessageGroups" loaded.
INFO - 2020-10-11 23:26:55 --> Fetching MessageGroups details
INFO - 2020-10-11 23:26:55 --> Fetching Sections details
INFO - 2020-10-11 23:26:55 --> Controller "App\Controllers\Dashboards" loaded.
INFO - 2020-10-11 23:26:55 --> Fetching Dashboard details
INFO - 2020-10-11 23:26:55 --> Controller "App\Controllers\Students" loaded.
INFO - 2020-10-11 23:26:55 --> Fetching All Leave details
INFO - 2020-10-11 23:26:55 --> Controller "App\Controllers\Boards" loaded.
INFO - 2020-10-11 23:26:55 --> Fetching Boards details
INFO - 2020-10-11 23:26:55 --> Controller "App\Controllers\Users" loaded.
INFO - 2020-10-11 23:26:55 --> Fetching All User details
INFO - 2020-10-11 23:26:55 --> Controller "App\Controllers\MessageCenter" loaded.
INFO - 2020-10-11 23:26:55 --> Fetching MessageCenter details
INFO - 2020-10-11 23:27:05 --> Controller "App\Controllers\TicketSystems" loaded.
INFO - 2020-10-11 23:27:05 --> Fetching Feedbacks Details details
INFO - 2020-10-11 23:27:05 --> Controller "App\Controllers\TicketSystems" loaded.
INFO - 2020-10-11 23:27:05 --> Fetching Feedback details
INFO - 2020-10-11 23:27:16 --> Controller "App\Controllers\Feedbacks" loaded.
INFO - 2020-10-11 23:27:16 --> Fetching Feedbacks Details details
INFO - 2020-10-11 23:27:16 --> Controller "App\Controllers\Feedbacks" loaded.
INFO - 2020-10-11 23:27:16 --> Fetching Feedback details
INFO - 2020-10-11 23:27:22 --> Controller "App\Controllers\Boards" loaded.
INFO - 2020-10-11 23:27:22 --> Fetching Boards details
INFO - 2020-10-11 23:27:22 --> Controller "App\Controllers\StudentDetails" loaded.
INFO - 2020-10-11 23:27:22 --> Fetching All Leave details
INFO - 2020-10-11 23:27:22 --> Controller "App\Controllers\ClassDetails" loaded.
INFO - 2020-10-11 23:27:22 --> Fetching Sections details
INFO - 2020-10-11 23:27:22 --> Controller "App\Controllers\Students" loaded.
INFO - 2020-10-11 23:27:22 --> Fetching All Leave details
INFO - 2020-10-11 23:27:22 --> Controller "App\Controllers\Categories" loaded.
INFO - 2020-10-11 23:27:22 --> Fetching Category details
INFO - 2020-10-11 23:29:05 --> Controller "App\Controllers\Boards" loaded.
INFO - 2020-10-11 23:29:05 --> Controller "App\Controllers\ClassDetails" loaded.
INFO - 2020-10-11 23:29:05 --> Controller "App\Controllers\StudentDetails" loaded.
INFO - 2020-10-11 23:29:05 --> Controller "App\Controllers\Students" loaded.
INFO - 2020-10-11 23:29:05 --> Controller "App\Controllers\Categories" loaded.
INFO - 2020-10-11 23:29:05 --> Fetching Boards details
INFO - 2020-10-11 23:29:05 --> Fetching Sections details
INFO - 2020-10-11 23:29:05 --> Fetching All Leave details
INFO - 2020-10-11 23:29:05 --> Fetching Category details
INFO - 2020-10-11 23:29:05 --> Fetching All Leave details
INFO - 2020-10-11 23:33:27 --> Controller "App\Controllers\Attendance" loaded.
INFO - 2020-10-11 23:33:27 --> Controller "App\Controllers\AttendanceDetails" loaded.
INFO - 2020-10-11 23:33:27 --> Fetching Dashboard details
INFO - 2020-10-11 23:33:27 --> Fetching Attendance details
INFO - 2020-10-11 23:34:31 --> Controller "App\Controllers\Students" loaded.
INFO - 2020-10-11 23:34:31 --> Fetching All Leave details
INFO - 2020-10-11 23:34:31 --> Controller "App\Controllers\Attendance" loaded.
INFO - 2020-10-11 23:34:31 --> Controller "App\Controllers\Staffs" loaded.
INFO - 2020-10-11 23:34:31 --> Fetching All staff details
INFO - 2020-10-11 23:34:31 --> Controller "App\Controllers\Users" loaded.
INFO - 2020-10-11 23:34:31 --> Fetching All User details
INFO - 2020-10-11 23:35:02 --> Controller "App\Controllers\Sections" loaded.
INFO - 2020-10-11 23:35:02 --> Controller "App\Controllers\Assignments" loaded.
INFO - 2020-10-11 23:35:02 --> Fetching Sections details
INFO - 2020-10-11 23:35:02 --> Fetching Assignments details
INFO - 2020-10-11 23:35:02 --> Controller "App\Controllers\Students" loaded.
INFO - 2020-10-11 23:35:02 --> Fetching All Leave details
INFO - 2020-10-11 23:35:36 --> Controller "App\Controllers\Students" loaded.
INFO - 2020-10-11 23:35:36 --> Fetching All Leave details
INFO - 2020-10-11 23:35:58 --> Controller "App\Controllers\Attendance" loaded.
INFO - 2020-10-11 23:35:58 --> Fetching Dashboard details
INFO - 2020-10-11 23:35:58 --> Controller "App\Controllers\AttendanceDetails" loaded.
INFO - 2020-10-11 23:35:58 --> Fetching Attendance details
INFO - 2020-10-11 23:37:41 --> Controller "App\Controllers\ExamsOnline" loaded.
INFO - 2020-10-11 23:37:41 --> Fetching Online Exam Details details
INFO - 2020-10-11 23:39:37 --> Controller "App\Controllers\ExamsOnline" loaded.
INFO - 2020-10-11 23:39:37 --> Fetching Online Exam Details details
INFO - 2020-10-11 23:40:02 --> Controller "App\Controllers\Assignments" loaded.
INFO - 2020-10-11 23:40:02 --> Controller "App\Controllers\Academicyears" loaded.
INFO - 2020-10-11 23:40:02 --> Fetching Assignments details
INFO - 2020-10-11 23:40:02 --> Controller "App\Controllers\QuestionbankChapters" loaded.
INFO - 2020-10-11 23:40:02 --> Fetching Academic year details
INFO - 2020-10-11 23:40:02 --> Fetching Assignments Details details
INFO - 2020-10-11 23:40:02 --> Controller "App\Controllers\Sections" loaded.
INFO - 2020-10-11 23:40:02 --> Controller "App\Controllers\Boards" loaded.
INFO - 2020-10-11 23:40:02 --> Fetching Sections details
INFO - 2020-10-11 23:40:02 --> Fetching Boards details
INFO - 2020-10-11 23:40:02 --> Controller "App\Controllers\Sections" loaded.
INFO - 2020-10-11 23:40:02 --> Fetching Sections details
INFO - 2020-10-11 23:40:08 --> Controller "App\Controllers\ExamDetails" loaded.
INFO - 2020-10-11 23:40:08 --> Fetching Circular Details details
INFO - 2020-10-11 23:40:08 --> Controller "App\Controllers\ExamsTimetable" loaded.
INFO - 2020-10-11 23:40:08 --> Fetching Exam Details details
INFO - 2020-10-11 23:40:08 --> Controller "App\Controllers\ExamsTimetable" loaded.
ERROR - 2020-10-11 23:40:08 --> Unknown column 't1.exam_date' in 'field list'
INFO - 2020-10-11 23:40:55 --> Controller "App\Controllers\Boards" loaded.
INFO - 2020-10-11 23:40:55 --> Fetching Boards details
INFO - 2020-10-11 23:40:55 --> Controller "App\Controllers\Staffs" loaded.
INFO - 2020-10-11 23:40:55 --> Controller "App\Controllers\Sections" loaded.
INFO - 2020-10-11 23:40:55 --> Controller "App\Controllers\StaffDetails" loaded.
INFO - 2020-10-11 23:40:55 --> Controller "App\Controllers\StaffDetails" loaded.
INFO - 2020-10-11 23:40:55 --> Controller "App\Controllers\StaffDetails" loaded.
INFO - 2020-10-11 23:40:55 --> Fetching All Leave details
INFO - 2020-10-11 23:40:55 --> Fetching All staff details
INFO - 2020-10-11 23:40:55 --> Fetching Department details
INFO - 2020-10-11 23:40:55 --> Fetching All Leave details
INFO - 2020-10-11 23:40:55 --> Fetching Sections details
INFO - 2020-10-11 23:40:55 --> Controller "App\Controllers\StaffDetails" loaded.
INFO - 2020-10-11 23:40:55 --> Fetching Department details
INFO - 2020-10-11 23:46:15 --> Controller "App\Controllers\ExamsOnline" loaded.
ERROR - 2020-10-11 23:46:15 --> Unknown column 't1.id_online_subject' in 'field list'
INFO - 2020-10-11 23:46:45 --> Controller "App\Controllers\Attendance" loaded.
INFO - 2020-10-11 23:46:45 --> Fetching Dashboard details
INFO - 2020-10-11 23:46:45 --> Controller "App\Controllers\AttendanceDetails" loaded.
INFO - 2020-10-11 23:46:45 --> Fetching Attendance details
INFO - 2020-10-11 23:46:47 --> Controller "App\Controllers\ExamsTimetable" loaded.
ERROR - 2020-10-11 23:46:47 --> Unknown column 't1.exam_date' in 'field list'
INFO - 2020-10-11 23:48:53 --> Controller "App\Controllers\ExamsTimetable" loaded.
ERROR - 2020-10-11 23:48:53 --> Unknown column 't1.exam_date' in 'field list'
INFO - 2020-10-11 23:52:15 --> Controller "App\Controllers\Sections" loaded.
INFO - 2020-10-11 23:52:15 --> Controller "App\Controllers\Boards" loaded.
INFO - 2020-10-11 23:52:15 --> Fetching Boards details
INFO - 2020-10-11 23:52:15 --> Fetching Sections details
INFO - 2020-10-11 23:52:15 --> Controller "App\Controllers\Assignments" loaded.
INFO - 2020-10-11 23:52:15 --> Fetching Assignments Details details
INFO - 2020-10-11 23:52:15 --> Controller "App\Controllers\SubjectStandards" loaded.
INFO - 2020-10-11 23:52:15 --> Fetching Subjects details
INFO - 2020-10-11 23:52:15 --> Controller "App\Controllers\Academicyears" loaded.
INFO - 2020-10-11 23:52:15 --> Fetching Academic year details
INFO - 2020-10-11 23:52:15 --> Controller "App\Controllers\Assignments" loaded.
INFO - 2020-10-11 23:52:15 --> Fetching Assignments details
INFO - 2020-10-11 23:52:17 --> Controller "App\Controllers\Assignments" loaded.
INFO - 2020-10-11 23:52:17 --> Fetching Assignments Id details
INFO - 2020-10-11 23:52:17 --> Controller "App\Controllers\Assignments" loaded.
INFO - 2020-10-11 23:52:18 --> Controller "App\Controllers\Assignments" loaded.
INFO - 2020-10-11 23:52:18 --> Fetching Assignments Grade details
INFO - 2020-10-11 23:52:19 --> Controller "App\Controllers\Sections" loaded.
INFO - 2020-10-11 23:52:19 --> Fetching Sections details
INFO - 2020-10-11 23:52:19 --> Controller "App\Controllers\Assignments" loaded.
INFO - 2020-10-11 23:52:19 --> Fetching Assignments Details details
INFO - 2020-10-11 23:52:36 --> Controller "App\Controllers\ClassDetails" loaded.
INFO - 2020-10-11 23:52:36 --> Fetching Sections details
INFO - 2020-10-11 23:52:36 --> Controller "App\Controllers\ExamDetails" loaded.
INFO - 2020-10-11 23:52:36 --> Fetching Circular Details details
INFO - 2020-10-11 23:52:36 --> Controller "App\Controllers\ExamDetails" loaded.
INFO - 2020-10-11 23:52:36 --> Fetching Exam Details details
INFO - 2020-10-11 23:52:36 --> Controller "App\Controllers\ExamsTimetable" loaded.
INFO - 2020-10-11 23:52:36 --> Fetching Exam Details details
INFO - 2020-10-11 23:54:10 --> Controller "App\Controllers\StudentDetails" loaded.
INFO - 2020-10-11 23:54:10 --> Controller "App\Controllers\Boards" loaded.
INFO - 2020-10-11 23:54:10 --> Fetching Boards details
INFO - 2020-10-11 23:54:10 --> Fetching All Leave details
INFO - 2020-10-11 23:54:10 --> Controller "App\Controllers\ClassDetails" loaded.
INFO - 2020-10-11 23:54:10 --> Fetching Sections details
INFO - 2020-10-11 23:54:10 --> Controller "App\Controllers\Students" loaded.
INFO - 2020-10-11 23:54:10 --> Controller "App\Controllers\Categories" loaded.
INFO - 2020-10-11 23:54:10 --> Fetching Category details
INFO - 2020-10-11 23:54:10 --> Fetching All Leave details
INFO - 2020-10-11 23:55:01 --> Controller "App\Controllers\StudentDetails" loaded.
INFO - 2020-10-11 23:55:01 --> Controller "App\Controllers\Boards" loaded.
INFO - 2020-10-11 23:55:01 --> Fetching Boards details
INFO - 2020-10-11 23:55:01 --> Fetching All Leave details
INFO - 2020-10-11 23:55:01 --> Controller "App\Controllers\ClassDetails" loaded.
INFO - 2020-10-11 23:55:01 --> Controller "App\Controllers\Students" loaded.
INFO - 2020-10-11 23:55:01 --> Fetching Sections details
INFO - 2020-10-11 23:55:01 --> Fetching All Leave details
INFO - 2020-10-11 23:55:01 --> Controller "App\Controllers\Categories" loaded.
INFO - 2020-10-11 23:55:01 --> Fetching Category details
INFO - 2020-10-11 23:56:07 --> Controller "App\Controllers\Boards" loaded.
INFO - 2020-10-11 23:56:07 --> Controller "App\Controllers\ClassDetails" loaded.
INFO - 2020-10-11 23:56:07 --> Controller "App\Controllers\StudentDetails" loaded.
INFO - 2020-10-11 23:56:07 --> Controller "App\Controllers\Students" loaded.
INFO - 2020-10-11 23:56:07 --> Fetching All Leave details
INFO - 2020-10-11 23:56:07 --> Fetching Boards details
INFO - 2020-10-11 23:56:07 --> Fetching All Leave details
INFO - 2020-10-11 23:56:07 --> Fetching Sections details
INFO - 2020-10-11 23:56:07 --> Controller "App\Controllers\Categories" loaded.
INFO - 2020-10-11 23:56:07 --> Fetching Category details
INFO - 2020-10-11 23:57:59 --> Controller "App\Controllers\Users" loaded.
INFO - 2020-10-11 23:57:59 --> Fetching All User details
