INFO - 2021-01-23 08:39:49 --> Controller "App\Controllers\Dashboards" loaded.
INFO - 2021-01-23 08:39:49 --> Fetching Dashboard details
INFO - 2021-01-23 08:39:56 --> Controller "App\Controllers\Dashboards" loaded.
INFO - 2021-01-23 08:39:56 --> Controller "App\Controllers\SchedulePlanner" loaded.
INFO - 2021-01-23 08:39:56 --> Fetching Dashboard details
INFO - 2021-01-23 08:39:56 --> Fetching IIQA Details
INFO - 2021-01-23 08:40:00 --> Controller "App\Controllers\PricingHistory" loaded.
INFO - 2021-01-23 08:40:00 --> Fetching IIQA Details
INFO - 2021-01-23 08:40:04 --> Controller "App\Controllers\Dashboards" loaded.
INFO - 2021-01-23 08:40:04 --> Fetching Dashboard details
INFO - 2021-01-23 08:40:04 --> Controller "App\Controllers\SchedulePlanner" loaded.
INFO - 2021-01-23 08:40:04 --> Fetching IIQA Details
INFO - 2021-01-23 08:40:12 --> Controller "App\Controllers\PricingHistory" loaded.
INFO - 2021-01-23 08:40:12 --> Fetching IIQA Details
INFO - 2021-01-23 08:40:12 --> Controller "App\Controllers\InstituteDetails" loaded.
INFO - 2021-01-23 08:40:12 --> Fetching IIQA Details
INFO - 2021-01-23 08:40:12 --> Controller "App\Controllers\PricingDetails" loaded.
INFO - 2021-01-23 08:40:12 --> Controller "App\Controllers\PricingDetails" loaded.
INFO - 2021-01-23 08:40:12 --> Fetching IIQA Details
INFO - 2021-01-23 08:40:12 --> Fetching IIQA Details
INFO - 2021-01-23 08:40:35 --> Controller "App\Controllers\InstitutePricingHistory" loaded.
INFO - 2021-01-23 08:40:35 --> Fetching IIQA Details
INFO - 2021-01-23 08:41:08 --> Controller "App\Controllers\PricingHistory" loaded.
INFO - 2021-01-23 08:41:08 --> Fetching IIQA Details
INFO - 2021-01-23 08:41:10 --> Controller "App\Controllers\Dashboards" loaded.
INFO - 2021-01-23 08:41:10 --> Fetching Dashboard details
INFO - 2021-01-23 08:41:10 --> Controller "App\Controllers\SchedulePlanner" loaded.
INFO - 2021-01-23 08:41:10 --> Fetching IIQA Details
INFO - 2021-01-23 08:41:18 --> Controller "App\Controllers\Dashboards" loaded.
INFO - 2021-01-23 08:41:18 --> Fetching Dashboard details
INFO - 2021-01-23 08:41:30 --> Controller "App\Controllers\InstituteDetails" loaded.
INFO - 2021-01-23 08:41:30 --> Fetching IIQA Details
INFO - 2021-01-23 08:41:39 --> Controller "App\Controllers\InstituteDetails" loaded.
INFO - 2021-01-23 08:41:39 --> Fetching IIQA Details
INFO - 2021-01-23 08:41:39 --> Controller "App\Controllers\Leads" loaded.
INFO - 2021-01-23 08:41:39 --> Fetching IIQA Details
INFO - 2021-01-23 08:41:44 --> Controller "App\Controllers\InstituteDetails" loaded.
INFO - 2021-01-23 08:41:44 --> Fetching IIQA Details
INFO - 2021-01-23 08:42:04 --> Controller "App\Controllers\Dashboards" loaded.
INFO - 2021-01-23 08:42:04 --> Fetching Dashboard details
INFO - 2021-01-23 08:42:49 --> Controller "App\Controllers\InstitutePricingHistory" loaded.
INFO - 2021-01-23 08:42:49 --> Fetching IIQA Details
INFO - 2021-01-23 08:43:14 --> Controller "App\Controllers\Dashboards" loaded.
INFO - 2021-01-23 08:43:14 --> Fetching Dashboard details
INFO - 2021-01-23 08:43:14 --> Controller "App\Controllers\SchedulePlanner" loaded.
INFO - 2021-01-23 08:43:14 --> Fetching IIQA Details
INFO - 2021-01-23 08:43:20 --> Controller "App\Controllers\PricingHistory" loaded.
INFO - 2021-01-23 08:43:20 --> Fetching IIQA Details
INFO - 2021-01-23 08:43:20 --> Controller "App\Controllers\InstituteDetails" loaded.
INFO - 2021-01-23 08:43:20 --> Fetching IIQA Details
INFO - 2021-01-23 08:43:20 --> Controller "App\Controllers\PricingDetails" loaded.
INFO - 2021-01-23 08:43:20 --> Fetching IIQA Details
INFO - 2021-01-23 08:43:20 --> Controller "App\Controllers\PricingDetails" loaded.
INFO - 2021-01-23 08:43:20 --> Fetching IIQA Details
INFO - 2021-01-23 08:43:24 --> Controller "App\Controllers\SchedulePlanner" loaded.
INFO - 2021-01-23 08:43:24 --> Controller "App\Controllers\Dashboards" loaded.
INFO - 2021-01-23 08:43:24 --> Fetching IIQA Details
INFO - 2021-01-23 08:43:24 --> Fetching Dashboard details
INFO - 2021-01-23 08:43:30 --> Controller "App\Controllers\InstituteDetails" loaded.
INFO - 2021-01-23 08:43:30 --> Controller "App\Controllers\SchedulePlanner" loaded.
INFO - 2021-01-23 08:43:30 --> Fetching IIQA Details
INFO - 2021-01-23 08:43:30 --> Fetching IIQA Details
INFO - 2021-01-23 08:43:34 --> Controller "App\Controllers\InstituteDetails" loaded.
INFO - 2021-01-23 08:43:34 --> Controller "App\Controllers\SchedulePlanner" loaded.
INFO - 2021-01-23 08:43:34 --> Fetching IIQA Details
INFO - 2021-01-23 08:43:34 --> Fetching IIQA Details
INFO - 2021-01-23 08:43:34 --> Controller "App\Controllers\Status" loaded.
INFO - 2021-01-23 08:43:34 --> Fetching IIQA Details
INFO - 2021-01-23 08:43:34 --> Controller "App\Controllers\EmployeeDetails" loaded.
INFO - 2021-01-23 08:43:34 --> Fetching IIQA Details
INFO - 2021-01-23 08:43:43 --> Controller "App\Controllers\InstitutePricingHistory" loaded.
INFO - 2021-01-23 08:43:43 --> Fetching IIQA Details
INFO - 2021-01-23 08:44:15 --> Controller "App\Controllers\PricingHistory" loaded.
INFO - 2021-01-23 08:44:15 --> Fetching IIQA Details
INFO - 2021-01-23 08:44:24 --> Controller "App\Controllers\UserMenu" loaded.
INFO - 2021-01-23 08:44:24 --> Controller "App\Controllers\UserMenu" loaded.
INFO - 2021-01-23 08:44:24 --> Fetching IIQA Details
INFO - 2021-01-23 08:44:24 --> Fetching IIQA Details
INFO - 2021-01-23 08:45:19 --> Controller "App\Controllers\PricingHistory" loaded.
INFO - 2021-01-23 08:45:22 --> Controller "App\Controllers\PricingHistory" loaded.
INFO - 2021-01-23 08:45:22 --> Fetching IIQA Details
INFO - 2021-01-23 08:45:30 --> Controller "App\Controllers\PricingDetails" loaded.
INFO - 2021-01-23 08:45:30 --> Fetching IIQA Details
INFO - 2021-01-23 08:45:30 --> Controller "App\Controllers\PricingDetails" loaded.
INFO - 2021-01-23 08:45:30 --> Fetching IIQA Details
INFO - 2021-01-23 08:49:44 --> Controller "App\Controllers\PricingDetails" loaded.
INFO - 2021-01-23 08:49:44 --> Controller "App\Controllers\PricingDetails" loaded.
INFO - 2021-01-23 08:49:44 --> Fetching IIQA Details
INFO - 2021-01-23 08:49:44 --> Fetching IIQA Details
INFO - 2021-01-23 08:49:55 --> Controller "App\Controllers\SchedulePlanner" loaded.
INFO - 2021-01-23 08:49:55 --> Controller "App\Controllers\Dashboards" loaded.
INFO - 2021-01-23 08:49:55 --> Fetching IIQA Details
INFO - 2021-01-23 08:49:55 --> Fetching Dashboard details
INFO - 2021-01-23 08:50:03 --> Controller "App\Controllers\PricingHistory" loaded.
INFO - 2021-01-23 08:50:03 --> Fetching IIQA Details
INFO - 2021-01-23 08:50:05 --> Controller "App\Controllers\Dashboards" loaded.
INFO - 2021-01-23 08:50:05 --> Fetching Dashboard details
INFO - 2021-01-23 08:50:05 --> Controller "App\Controllers\SchedulePlanner" loaded.
INFO - 2021-01-23 08:50:05 --> Fetching IIQA Details
INFO - 2021-01-23 08:50:08 --> Controller "App\Controllers\PricingHistory" loaded.
INFO - 2021-01-23 08:50:08 --> Fetching IIQA Details
INFO - 2021-01-23 08:50:08 --> Controller "App\Controllers\InstituteDetails" loaded.
INFO - 2021-01-23 08:50:08 --> Fetching IIQA Details
INFO - 2021-01-23 08:50:09 --> Controller "App\Controllers\PricingDetails" loaded.
INFO - 2021-01-23 08:50:09 --> Fetching IIQA Details
INFO - 2021-01-23 08:50:09 --> Controller "App\Controllers\PricingDetails" loaded.
INFO - 2021-01-23 08:50:09 --> Fetching IIQA Details
INFO - 2021-01-23 08:50:50 --> Controller "App\Controllers\InstitutePricingHistory" loaded.
INFO - 2021-01-23 08:50:50 --> Fetching IIQA Details
INFO - 2021-01-23 08:50:50 --> Controller "App\Controllers\InstitutePricingDetails" loaded.
INFO - 2021-01-23 08:50:50 --> Fetching IIQA Details
INFO - 2021-01-23 08:51:03 --> Controller "App\Controllers\InstitutePricingHistory" loaded.
INFO - 2021-01-23 08:51:13 --> Controller "App\Controllers\Dashboards" loaded.
INFO - 2021-01-23 08:51:13 --> Fetching Dashboard details
INFO - 2021-01-23 08:51:23 --> Controller "App\Controllers\InstituteDetails" loaded.
INFO - 2021-01-23 08:51:23 --> Fetching IIQA Details
INFO - 2021-01-23 08:51:24 --> Controller "App\Controllers\Leads" loaded.
INFO - 2021-01-23 08:51:24 --> Fetching IIQA Details
INFO - 2021-01-23 08:51:25 --> Controller "App\Controllers\InstituteDetails" loaded.
INFO - 2021-01-23 08:51:25 --> Fetching IIQA Details
INFO - 2021-01-23 08:51:49 --> Controller "App\Controllers\InstituteDetails" loaded.
INFO - 2021-01-23 08:51:49 --> Fetching IIQA Details
INFO - 2021-01-23 08:51:52 --> Controller "App\Controllers\InstituteDetails" loaded.
INFO - 2021-01-23 08:51:52 --> Fetching IIQA Details
INFO - 2021-01-23 08:51:52 --> Controller "App\Controllers\InstituteDetails" loaded.
INFO - 2021-01-23 08:51:52 --> Fetching IIQA Details
INFO - 2021-01-23 08:52:18 --> Controller "App\Controllers\Dashboards" loaded.
INFO - 2021-01-23 08:52:18 --> Fetching Dashboard details
INFO - 2021-01-23 08:52:36 --> Controller "App\Controllers\InstituteDetails" loaded.
INFO - 2021-01-23 08:52:36 --> Fetching IIQA Details
INFO - 2021-01-23 08:52:43 --> Controller "App\Controllers\Leads" loaded.
INFO - 2021-01-23 08:52:43 --> Fetching IIQA Details
INFO - 2021-01-23 08:52:43 --> Controller "App\Controllers\InstituteDetails" loaded.
INFO - 2021-01-23 08:52:43 --> Fetching IIQA Details
INFO - 2021-01-23 08:54:11 --> Controller "App\Controllers\Dashboards" loaded.
INFO - 2021-01-23 08:54:11 --> Fetching Dashboard details
INFO - 2021-01-23 08:54:19 --> Controller "App\Controllers\InstituteDetails" loaded.
INFO - 2021-01-23 08:54:19 --> Fetching IIQA Details
INFO - 2021-01-23 08:56:50 --> Controller "App\Controllers\Dashboards" loaded.
INFO - 2021-01-23 08:56:50 --> Fetching Dashboard details
INFO - 2021-01-23 08:56:50 --> Controller "App\Controllers\SchedulePlanner" loaded.
INFO - 2021-01-23 08:56:50 --> Fetching IIQA Details
INFO - 2021-01-23 08:56:53 --> Controller "App\Controllers\PricingHistory" loaded.
INFO - 2021-01-23 08:56:53 --> Fetching IIQA Details
INFO - 2021-01-23 08:56:53 --> Controller "App\Controllers\InstituteDetails" loaded.
INFO - 2021-01-23 08:56:53 --> Fetching IIQA Details
INFO - 2021-01-23 08:56:53 --> Controller "App\Controllers\PricingDetails" loaded.
INFO - 2021-01-23 08:56:53 --> Fetching IIQA Details
INFO - 2021-01-23 08:56:53 --> Controller "App\Controllers\PricingDetails" loaded.
INFO - 2021-01-23 08:56:53 --> Fetching IIQA Details
INFO - 2021-01-23 08:57:02 --> Controller "App\Controllers\InstitutePricingHistory" loaded.
INFO - 2021-01-23 08:57:02 --> Fetching IIQA Details
INFO - 2021-01-23 08:57:02 --> Controller "App\Controllers\InstitutePricingDetails" loaded.
INFO - 2021-01-23 08:57:02 --> Fetching IIQA Details
INFO - 2021-01-23 08:57:30 --> Controller "App\Controllers\Dashboards" loaded.
INFO - 2021-01-23 08:57:30 --> Fetching Dashboard details
INFO - 2021-01-23 08:57:31 --> Controller "App\Controllers\Dashboards" loaded.
INFO - 2021-01-23 08:57:31 --> Fetching Dashboard details
INFO - 2021-01-23 08:57:33 --> Controller "App\Controllers\InstituteDetails" loaded.
INFO - 2021-01-23 08:57:33 --> Fetching IIQA Details
INFO - 2021-01-23 08:57:35 --> Controller "App\Controllers\Leads" loaded.
INFO - 2021-01-23 08:57:35 --> Fetching IIQA Details
INFO - 2021-01-23 08:57:35 --> Controller "App\Controllers\InstituteDetails" loaded.
INFO - 2021-01-23 08:57:35 --> Fetching IIQA Details
INFO - 2021-01-23 08:57:36 --> Controller "App\Controllers\InstituteDetails" loaded.
INFO - 2021-01-23 08:57:36 --> Fetching IIQA Details
INFO - 2021-01-23 08:57:38 --> Controller "App\Controllers\Leads" loaded.
INFO - 2021-01-23 08:57:38 --> Fetching IIQA Details
INFO - 2021-01-23 08:57:38 --> Controller "App\Controllers\InstituteDetails" loaded.
INFO - 2021-01-23 08:57:38 --> Fetching IIQA Details
INFO - 2021-01-23 08:57:41 --> Controller "App\Controllers\InstitutePricingHistory" loaded.
INFO - 2021-01-23 08:57:41 --> Fetching IIQA Details
INFO - 2021-01-23 08:57:44 --> Controller "App\Controllers\InstitutePricingHistory" loaded.
INFO - 2021-01-23 08:57:44 --> Fetching IIQA Details
INFO - 2021-01-23 08:58:05 --> Controller "App\Controllers\InstituteDetails" loaded.
INFO - 2021-01-23 08:58:05 --> Fetching IIQA Details
INFO - 2021-01-23 08:58:13 --> Controller "App\Controllers\Leads" loaded.
INFO - 2021-01-23 08:58:13 --> Fetching IIQA Details
INFO - 2021-01-23 08:58:13 --> Controller "App\Controllers\InstituteDetails" loaded.
INFO - 2021-01-23 08:58:13 --> Fetching IIQA Details
INFO - 2021-01-23 08:58:31 --> Controller "App\Controllers\InstitutePricingHistory" loaded.
INFO - 2021-01-23 08:58:31 --> Fetching IIQA Details
INFO - 2021-01-23 08:58:32 --> Controller "App\Controllers\InstitutePricingHistory" loaded.
INFO - 2021-01-23 08:58:32 --> Fetching IIQA Details
INFO - 2021-01-23 09:00:41 --> Controller "App\Controllers\InstituteDetails" loaded.
INFO - 2021-01-23 09:00:41 --> Fetching IIQA Details
INFO - 2021-01-23 09:00:43 --> Controller "App\Controllers\Leads" loaded.
INFO - 2021-01-23 09:00:43 --> Fetching IIQA Details
INFO - 2021-01-23 09:00:43 --> Controller "App\Controllers\InstituteDetails" loaded.
INFO - 2021-01-23 09:00:43 --> Fetching IIQA Details
INFO - 2021-01-23 11:02:57 --> Controller "App\Controllers\Dashboards" loaded.
INFO - 2021-01-23 11:02:57 --> Controller "App\Controllers\SchedulePlanner" loaded.
INFO - 2021-01-23 11:02:57 --> Fetching IIQA Details
INFO - 2021-01-23 11:02:57 --> Fetching Dashboard details
INFO - 2021-01-23 11:03:01 --> Controller "App\Controllers\PricingHistory" loaded.
INFO - 2021-01-23 11:03:01 --> Fetching IIQA Details
INFO - 2021-01-23 11:03:01 --> Controller "App\Controllers\InstituteDetails" loaded.
INFO - 2021-01-23 11:03:01 --> Fetching IIQA Details
INFO - 2021-01-23 11:03:02 --> Controller "App\Controllers\PricingDetails" loaded.
INFO - 2021-01-23 11:03:02 --> Controller "App\Controllers\PricingDetails" loaded.
INFO - 2021-01-23 11:03:02 --> Fetching IIQA Details
INFO - 2021-01-23 11:03:02 --> Fetching IIQA Details
INFO - 2021-01-23 11:03:33 --> Controller "App\Controllers\InstitutePricingHistory" loaded.
INFO - 2021-01-23 11:03:33 --> Fetching IIQA Details
INFO - 2021-01-23 11:03:34 --> Controller "App\Controllers\InstitutePricingDetails" loaded.
INFO - 2021-01-23 11:03:34 --> Fetching IIQA Details
INFO - 2021-01-23 11:04:00 --> Controller "App\Controllers\Dashboards" loaded.
INFO - 2021-01-23 11:04:00 --> Fetching Dashboard details
INFO - 2021-01-23 11:04:00 --> Controller "App\Controllers\SchedulePlanner" loaded.
INFO - 2021-01-23 11:04:00 --> Fetching IIQA Details
INFO - 2021-01-23 11:04:00 --> Controller "App\Controllers\PricingHistory" loaded.
INFO - 2021-01-23 11:04:00 --> Fetching IIQA Details
INFO - 2021-01-23 11:04:00 --> Controller "App\Controllers\InstituteDetails" loaded.
INFO - 2021-01-23 11:04:00 --> Fetching IIQA Details
INFO - 2021-01-23 11:04:00 --> Controller "App\Controllers\PricingDetails" loaded.
INFO - 2021-01-23 11:04:00 --> Fetching IIQA Details
INFO - 2021-01-23 11:04:00 --> Controller "App\Controllers\PricingDetails" loaded.
INFO - 2021-01-23 11:04:00 --> Fetching IIQA Details
INFO - 2021-01-23 11:14:58 --> Controller "App\Controllers\Dashboards" loaded.
INFO - 2021-01-23 11:14:58 --> Fetching Dashboard details
INFO - 2021-01-23 11:15:24 --> Controller "App\Controllers\Dashboards" loaded.
INFO - 2021-01-23 11:15:24 --> Controller "App\Controllers\SchedulePlanner" loaded.
INFO - 2021-01-23 11:15:24 --> Fetching IIQA Details
INFO - 2021-01-23 11:15:24 --> Fetching Dashboard details
INFO - 2021-01-23 11:15:54 --> Controller "App\Controllers\PricingHistory" loaded.
INFO - 2021-01-23 11:15:54 --> Fetching IIQA Details
INFO - 2021-01-23 11:16:00 --> Controller "App\Controllers\UserMenu" loaded.
INFO - 2021-01-23 11:16:00 --> Fetching IIQA Details
INFO - 2021-01-23 11:16:00 --> Controller "App\Controllers\UserMenu" loaded.
INFO - 2021-01-23 11:16:00 --> Fetching IIQA Details
INFO - 2021-01-23 11:16:45 --> Controller "App\Controllers\UserMenu" loaded.
INFO - 2021-01-23 11:16:45 --> Fetching IIQA Details
INFO - 2021-01-23 11:16:45 --> Controller "App\Controllers\UserMenu" loaded.
INFO - 2021-01-23 11:16:45 --> Fetching IIQA Details
INFO - 2021-01-23 11:16:53 --> Controller "App\Controllers\Dashboards" loaded.
INFO - 2021-01-23 11:16:53 --> Fetching Dashboard details
INFO - 2021-01-23 11:16:53 --> Controller "App\Controllers\SchedulePlanner" loaded.
INFO - 2021-01-23 11:16:53 --> Fetching IIQA Details
INFO - 2021-01-23 11:16:58 --> Controller "App\Controllers\InstituteDetails" loaded.
INFO - 2021-01-23 11:16:58 --> Fetching IIQA Details
INFO - 2021-01-23 11:16:58 --> Controller "App\Controllers\PricingHistory" loaded.
INFO - 2021-01-23 11:16:58 --> Fetching IIQA Details
INFO - 2021-01-23 11:16:59 --> Controller "App\Controllers\PricingDetails" loaded.
INFO - 2021-01-23 11:16:59 --> Fetching IIQA Details
INFO - 2021-01-23 11:16:59 --> Controller "App\Controllers\PricingDetails" loaded.
INFO - 2021-01-23 11:16:59 --> Fetching IIQA Details
INFO - 2021-01-23 11:17:24 --> Controller "App\Controllers\Dashboards" loaded.
INFO - 2021-01-23 11:17:24 --> Fetching Dashboard details
INFO - 2021-01-23 11:17:25 --> Controller "App\Controllers\SchedulePlanner" loaded.
INFO - 2021-01-23 11:17:25 --> Fetching IIQA Details
INFO - 2021-01-23 11:17:27 --> Controller "App\Controllers\PricingHistory" loaded.
INFO - 2021-01-23 11:17:27 --> Fetching IIQA Details
INFO - 2021-01-23 11:17:27 --> Controller "App\Controllers\InstituteDetails" loaded.
INFO - 2021-01-23 11:17:27 --> Fetching IIQA Details
INFO - 2021-01-23 11:17:27 --> Controller "App\Controllers\PricingDetails" loaded.
INFO - 2021-01-23 11:17:27 --> Controller "App\Controllers\PricingDetails" loaded.
INFO - 2021-01-23 11:17:27 --> Fetching IIQA Details
INFO - 2021-01-23 11:17:27 --> Fetching IIQA Details
INFO - 2021-01-23 11:17:34 --> Controller "App\Controllers\Dashboards" loaded.
INFO - 2021-01-23 11:17:34 --> Fetching Dashboard details
INFO - 2021-01-23 11:17:34 --> Controller "App\Controllers\SchedulePlanner" loaded.
INFO - 2021-01-23 11:17:34 --> Fetching IIQA Details
INFO - 2021-01-23 11:17:36 --> Controller "App\Controllers\InstituteDetails" loaded.
INFO - 2021-01-23 11:17:36 --> Fetching IIQA Details
INFO - 2021-01-23 11:17:36 --> Controller "App\Controllers\PricingHistory" loaded.
INFO - 2021-01-23 11:17:36 --> Fetching IIQA Details
INFO - 2021-01-23 11:17:36 --> Controller "App\Controllers\PricingDetails" loaded.
INFO - 2021-01-23 11:17:36 --> Fetching IIQA Details
INFO - 2021-01-23 11:17:36 --> Controller "App\Controllers\PricingDetails" loaded.
INFO - 2021-01-23 11:17:36 --> Fetching IIQA Details
