INFO - 2020-12-16 09:11:48 --> Controller "App\Controllers\UserMenus" loaded.
INFO - 2020-12-16 09:11:48 --> Fetching UserMenu details
INFO - 2020-12-16 09:16:43 --> Controller "App\Controllers\UserMenus" loaded.
INFO - 2020-12-16 09:16:43 --> Fetching UserMenu details
INFO - 2020-12-16 09:18:25 --> Controller "App\Controllers\UserMenus" loaded.
INFO - 2020-12-16 09:18:25 --> Fetching UserMenu details
INFO - 2020-12-16 09:19:36 --> Controller "App\Controllers\UserMenus" loaded.
INFO - 2020-12-16 09:19:36 --> Fetching UserMenu details
INFO - 2020-12-16 09:24:08 --> Controller "App\Controllers\UserMenus" loaded.
INFO - 2020-12-16 09:24:08 --> Fetching UserMenu details
INFO - 2020-12-16 09:25:42 --> Controller "App\Controllers\UserMenus" loaded.
INFO - 2020-12-16 09:25:42 --> Fetching UserMenu details
INFO - 2020-12-16 09:28:15 --> Controller "App\Controllers\UserMenus" loaded.
INFO - 2020-12-16 09:28:15 --> Fetching UserMenu details
INFO - 2020-12-16 09:30:03 --> Controller "App\Controllers\UserMenus" loaded.
INFO - 2020-12-16 09:30:03 --> Fetching UserMenu details
INFO - 2020-12-16 09:31:00 --> Controller "App\Controllers\UserMenus" loaded.
INFO - 2020-12-16 09:31:00 --> Fetching UserMenu details
INFO - 2020-12-16 09:33:16 --> Controller "App\Controllers\UserMenus" loaded.
INFO - 2020-12-16 09:33:16 --> Fetching UserMenu details
INFO - 2020-12-16 09:36:35 --> Controller "App\Controllers\UserMenus" loaded.
INFO - 2020-12-16 09:36:35 --> Fetching UserMenu details
INFO - 2020-12-16 09:41:23 --> Controller "App\Controllers\UserMenus" loaded.
INFO - 2020-12-16 09:41:23 --> Fetching UserMenu details
INFO - 2020-12-16 09:45:51 --> Controller "App\Controllers\UserMenus" loaded.
INFO - 2020-12-16 09:45:51 --> Fetching UserMenu details
INFO - 2020-12-16 09:47:46 --> Controller "App\Controllers\UserMenus" loaded.
INFO - 2020-12-16 09:47:46 --> Fetching UserMenu details
INFO - 2020-12-16 09:59:36 --> Controller "App\Controllers\UserMenus" loaded.
INFO - 2020-12-16 09:59:36 --> Fetching UserMenu details
INFO - 2020-12-16 10:01:07 --> Controller "App\Controllers\UserMenus" loaded.
INFO - 2020-12-16 10:01:07 --> Fetching UserMenu details
INFO - 2020-12-16 10:46:09 --> Controller "App\Controllers\UserMenus" loaded.
INFO - 2020-12-16 10:46:09 --> Fetching UserMenu details
INFO - 2020-12-16 11:00:34 --> Controller "App\Controllers\UserMenus" loaded.
INFO - 2020-12-16 11:00:34 --> Fetching UserMenu details
INFO - 2020-12-16 11:06:24 --> Controller "App\Controllers\UserMenus" loaded.
INFO - 2020-12-16 11:06:24 --> Fetching UserMenu details
INFO - 2020-12-16 11:07:43 --> Controller "App\Controllers\UserMenus" loaded.
INFO - 2020-12-16 11:07:43 --> Fetching UserMenu details
INFO - 2020-12-16 11:09:28 --> Controller "App\Controllers\UserMenus" loaded.
INFO - 2020-12-16 11:09:28 --> Fetching UserMenu details
INFO - 2020-12-16 11:13:47 --> Controller "App\Controllers\UserMenus" loaded.
INFO - 2020-12-16 11:13:47 --> Fetching UserMenu details
INFO - 2020-12-16 11:19:38 --> Controller "App\Controllers\UserMenus" loaded.
INFO - 2020-12-16 11:19:38 --> Fetching UserMenu details
INFO - 2020-12-16 11:29:34 --> Controller "App\Controllers\UserMenus" loaded.
INFO - 2020-12-16 11:29:34 --> Fetching UserMenu details
INFO - 2020-12-16 11:31:55 --> Controller "App\Controllers\UserMenus" loaded.
INFO - 2020-12-16 11:31:55 --> Fetching UserMenu details
INFO - 2020-12-16 11:53:22 --> Controller "App\Controllers\UserMenus" loaded.
INFO - 2020-12-16 11:53:22 --> Fetching UserMenu details
INFO - 2020-12-16 11:54:06 --> Controller "App\Controllers\UserMenus" loaded.
INFO - 2020-12-16 11:54:06 --> Fetching UserMenu details
INFO - 2020-12-16 12:01:20 --> Controller "App\Controllers\UserMenus" loaded.
INFO - 2020-12-16 12:01:20 --> Fetching UserMenu details
INFO - 2020-12-16 12:22:45 --> Controller "App\Controllers\UserMenus" loaded.
INFO - 2020-12-16 12:22:45 --> Fetching UserMenu details
INFO - 2020-12-16 12:27:07 --> Controller "App\Controllers\UserMenus" loaded.
INFO - 2020-12-16 12:27:07 --> Fetching UserMenu details
INFO - 2020-12-16 12:36:28 --> Controller "App\Controllers\UserMenus" loaded.
INFO - 2020-12-16 12:36:28 --> Fetching UserMenu details
INFO - 2020-12-16 12:41:54 --> Controller "App\Controllers\UserMenus" loaded.
INFO - 2020-12-16 12:41:54 --> Fetching UserMenu details
INFO - 2020-12-16 12:50:34 --> Controller "App\Controllers\UserMenus" loaded.
INFO - 2020-12-16 12:50:34 --> Fetching UserMenu details
INFO - 2020-12-16 12:51:58 --> Controller "App\Controllers\SSRForm" loaded.
INFO - 2020-12-16 12:52:07 --> Controller "App\Controllers\UserMenus" loaded.
INFO - 2020-12-16 12:52:07 --> Fetching UserMenu details
INFO - 2020-12-16 12:52:13 --> Controller "App\Controllers\UserMenus" loaded.
INFO - 2020-12-16 12:52:13 --> Fetching UserMenu details
INFO - 2020-12-16 12:53:18 --> Controller "App\Controllers\UserMenus" loaded.
INFO - 2020-12-16 12:53:18 --> Fetching UserMenu details
INFO - 2020-12-16 12:58:56 --> Controller "App\Controllers\UserMenus" loaded.
INFO - 2020-12-16 12:58:56 --> Fetching UserMenu details
INFO - 2020-12-16 14:07:14 --> Controller "App\Controllers\UserMenus" loaded.
INFO - 2020-12-16 14:07:14 --> Fetching UserMenu details
INFO - 2020-12-16 14:40:11 --> Controller "App\Controllers\UserMenus" loaded.
INFO - 2020-12-16 14:40:11 --> Fetching UserMenu details
INFO - 2020-12-16 14:49:59 --> Controller "App\Controllers\UserMenus" loaded.
INFO - 2020-12-16 14:49:59 --> Fetching UserMenu details
INFO - 2020-12-16 14:52:04 --> Controller "App\Controllers\UserMenus" loaded.
INFO - 2020-12-16 14:52:04 --> Fetching UserMenu details
INFO - 2020-12-16 14:57:22 --> Controller "App\Controllers\UserMenus" loaded.
INFO - 2020-12-16 14:57:22 --> Fetching UserMenu details
INFO - 2020-12-16 14:59:09 --> Controller "App\Controllers\UserMenus" loaded.
INFO - 2020-12-16 14:59:09 --> Fetching UserMenu details
INFO - 2020-12-16 15:00:22 --> Controller "App\Controllers\UserMenus" loaded.
INFO - 2020-12-16 15:00:22 --> Fetching UserMenu details
INFO - 2020-12-16 15:01:42 --> Controller "App\Controllers\UserMenus" loaded.
INFO - 2020-12-16 15:01:42 --> Fetching UserMenu details
INFO - 2020-12-16 15:15:28 --> Controller "App\Controllers\UserMenus" loaded.
INFO - 2020-12-16 15:15:28 --> Fetching UserMenu details
INFO - 2020-12-16 15:17:48 --> Controller "App\Controllers\UserMenus" loaded.
INFO - 2020-12-16 15:17:48 --> Fetching UserMenu details
INFO - 2020-12-16 15:23:27 --> Controller "App\Controllers\UserMenus" loaded.
INFO - 2020-12-16 15:23:27 --> Fetching UserMenu details
INFO - 2020-12-16 16:16:12 --> Controller "App\Controllers\UserMenus" loaded.
INFO - 2020-12-16 16:16:12 --> Fetching UserMenu details
INFO - 2020-12-16 16:17:07 --> Controller "App\Controllers\UserMenus" loaded.
INFO - 2020-12-16 16:17:07 --> Fetching UserMenu details
INFO - 2020-12-16 16:17:11 --> Controller "App\Controllers\SSR_Extended_Profile" loaded.
INFO - 2020-12-16 16:17:11 --> Fetching IIQA Details
INFO - 2020-12-16 16:21:23 --> Controller "App\Controllers\UserMenus" loaded.
INFO - 2020-12-16 16:21:23 --> Fetching UserMenu details
INFO - 2020-12-16 16:21:26 --> Controller "App\Controllers\SSR_Extended_Profile" loaded.
INFO - 2020-12-16 16:21:26 --> Fetching IIQA Details
INFO - 2020-12-16 16:23:53 --> Controller "App\Controllers\UserMenus" loaded.
INFO - 2020-12-16 16:23:53 --> Fetching UserMenu details
INFO - 2020-12-16 16:24:00 --> Controller "App\Controllers\SSR_Extended_Profile" loaded.
INFO - 2020-12-16 16:24:00 --> Fetching IIQA Details
INFO - 2020-12-16 16:24:11 --> Controller "App\Controllers\SSR_Extended_Profile" loaded.
INFO - 2020-12-16 16:24:11 --> Fetching IIQA Details
INFO - 2020-12-16 16:25:37 --> Controller "App\Controllers\UserMenus" loaded.
INFO - 2020-12-16 16:25:37 --> Fetching UserMenu details
INFO - 2020-12-16 16:25:40 --> Controller "App\Controllers\SSR_Extended_Profile" loaded.
INFO - 2020-12-16 16:25:40 --> Fetching IIQA Details
INFO - 2020-12-16 17:28:03 --> Controller "App\Controllers\UserMenus" loaded.
INFO - 2020-12-16 17:28:03 --> Fetching UserMenu details
INFO - 2020-12-16 17:29:38 --> Controller "App\Controllers\SSR_Extended_Profile" loaded.
INFO - 2020-12-16 17:29:38 --> Fetching IIQA Details
INFO - 2020-12-16 17:30:51 --> Controller "App\Controllers\SSR_Extended_Profile" loaded.
INFO - 2020-12-16 17:30:51 --> Fetching IIQA Details
INFO - 2020-12-16 17:31:24 --> Controller "App\Controllers\SSR_Extended_Profile" loaded.
INFO - 2020-12-16 17:31:24 --> Fetching IIQA Details
INFO - 2020-12-16 17:33:31 --> Controller "App\Controllers\UserMenus" loaded.
INFO - 2020-12-16 17:33:31 --> Fetching UserMenu details
INFO - 2020-12-16 17:33:35 --> Controller "App\Controllers\SSR_Extended_Profile" loaded.
INFO - 2020-12-16 17:33:35 --> Fetching IIQA Details
INFO - 2020-12-16 17:34:04 --> Controller "App\Controllers\SSR_Extended_Profile" loaded.
INFO - 2020-12-16 17:34:04 --> Fetching IIQA Details
INFO - 2020-12-16 17:35:49 --> Controller "App\Controllers\SSR_Extended_Profile" loaded.
INFO - 2020-12-16 17:35:49 --> Fetching IIQA Details
INFO - 2020-12-16 17:41:22 --> Controller "App\Controllers\UserMenus" loaded.
INFO - 2020-12-16 17:41:22 --> Fetching UserMenu details
INFO - 2020-12-16 17:42:39 --> Controller "App\Controllers\SSR_Extended_Profile" loaded.
INFO - 2020-12-16 17:42:39 --> Fetching IIQA Details
INFO - 2020-12-16 17:43:10 --> Controller "App\Controllers\SSR_Extended_Profile" loaded.
INFO - 2020-12-16 17:43:10 --> Fetching IIQA Details
INFO - 2020-12-16 17:43:17 --> Controller "App\Controllers\SSR_Extended_Profile" loaded.
INFO - 2020-12-16 17:43:17 --> Fetching IIQA Details
INFO - 2020-12-16 17:43:24 --> Controller "App\Controllers\SSR_Extended_Profile" loaded.
INFO - 2020-12-16 17:43:24 --> Fetching IIQA Details
