INFO - 2020-05-12 00:01:04 --> Controller "App\Controllers\SubjectMasters" loaded.
INFO - 2020-05-12 00:01:04 --> Fetching SubjectMasters details
INFO - 2020-05-12 00:01:04 --> Controller "App\Controllers\Sections" loaded.
INFO - 2020-05-12 00:01:04 --> Fetching Sections details
INFO - 2020-05-12 00:01:13 --> Controller "App\Controllers\SubjectStandards" loaded.
INFO - 2020-05-12 00:01:13 --> Fetching Subjects details
INFO - 2020-05-12 00:01:53 --> Controller "App\Controllers\Sections" loaded.
INFO - 2020-05-12 00:01:53 --> Controller "App\Controllers\SubjectMasters" loaded.
INFO - 2020-05-12 00:01:53 --> Fetching SubjectMasters details
INFO - 2020-05-12 00:01:53 --> Fetching Sections details
INFO - 2020-05-12 00:01:56 --> Controller "App\Controllers\SubjectStandards" loaded.
INFO - 2020-05-12 00:01:56 --> Fetching Subjects details
INFO - 2020-05-12 00:05:02 --> Controller "App\Controllers\SubjectMasters" loaded.
INFO - 2020-05-12 00:05:02 --> Controller "App\Controllers\Sections" loaded.
INFO - 2020-05-12 00:05:02 --> Fetching SubjectMasters details
INFO - 2020-05-12 00:05:02 --> Fetching Sections details
INFO - 2020-05-12 00:05:06 --> Controller "App\Controllers\SubjectStandards" loaded.
INFO - 2020-05-12 00:05:06 --> Fetching Subjects details
INFO - 2020-05-12 00:07:00 --> Controller "App\Controllers\SubjectMasters" loaded.
INFO - 2020-05-12 00:07:00 --> Fetching SubjectMasters details
INFO - 2020-05-12 00:07:00 --> Controller "App\Controllers\Sections" loaded.
INFO - 2020-05-12 00:07:00 --> Fetching Sections details
INFO - 2020-05-12 00:07:02 --> Controller "App\Controllers\SubjectStandards" loaded.
INFO - 2020-05-12 00:07:02 --> Fetching Subjects details
INFO - 2020-05-12 00:09:25 --> Controller "App\Controllers\SubjectMasters" loaded.
INFO - 2020-05-12 00:09:25 --> Controller "App\Controllers\Sections" loaded.
INFO - 2020-05-12 00:09:25 --> Fetching SubjectMasters details
INFO - 2020-05-12 00:09:25 --> Fetching Sections details
INFO - 2020-05-12 00:10:48 --> Controller "App\Controllers\SubjectMasters" loaded.
INFO - 2020-05-12 00:10:48 --> Controller "App\Controllers\Sections" loaded.
INFO - 2020-05-12 00:10:48 --> Fetching SubjectMasters details
INFO - 2020-05-12 00:10:48 --> Fetching Sections details
INFO - 2020-05-12 00:10:52 --> Controller "App\Controllers\SubjectStandards" loaded.
INFO - 2020-05-12 00:10:52 --> Fetching Subjects details
INFO - 2020-05-12 00:11:53 --> Controller "App\Controllers\Sections" loaded.
INFO - 2020-05-12 00:11:53 --> Controller "App\Controllers\SubjectMasters" loaded.
INFO - 2020-05-12 00:11:53 --> Fetching SubjectMasters details
INFO - 2020-05-12 00:11:53 --> Fetching Sections details
INFO - 2020-05-12 00:12:01 --> Controller "App\Controllers\SubjectStandards" loaded.
INFO - 2020-05-12 00:12:01 --> Fetching Subjects details
INFO - 2020-05-12 00:16:10 --> Controller "App\Controllers\SubjectMasters" loaded.
INFO - 2020-05-12 00:16:10 --> Controller "App\Controllers\Sections" loaded.
INFO - 2020-05-12 00:16:10 --> Fetching SubjectMasters details
INFO - 2020-05-12 00:16:10 --> Fetching Sections details
INFO - 2020-05-12 00:16:13 --> Controller "App\Controllers\SubjectStandards" loaded.
INFO - 2020-05-12 00:16:13 --> Fetching Subjects details
INFO - 2020-05-12 00:17:50 --> Controller "App\Controllers\Sections" loaded.
INFO - 2020-05-12 00:17:50 --> Controller "App\Controllers\SubjectMasters" loaded.
INFO - 2020-05-12 00:17:50 --> Fetching SubjectMasters details
INFO - 2020-05-12 00:17:50 --> Fetching Sections details
INFO - 2020-05-12 00:18:07 --> Controller "App\Controllers\SubjectMasters" loaded.
INFO - 2020-05-12 00:18:07 --> Controller "App\Controllers\Sections" loaded.
INFO - 2020-05-12 00:18:07 --> Fetching SubjectMasters details
INFO - 2020-05-12 00:18:07 --> Fetching Sections details
INFO - 2020-05-12 00:18:10 --> Controller "App\Controllers\SubjectStandards" loaded.
INFO - 2020-05-12 00:18:10 --> Fetching Subjects details
INFO - 2020-05-12 00:19:20 --> Controller "App\Controllers\Sections" loaded.
INFO - 2020-05-12 00:19:20 --> Controller "App\Controllers\SubjectMasters" loaded.
INFO - 2020-05-12 00:19:20 --> Fetching SubjectMasters details
INFO - 2020-05-12 00:19:20 --> Fetching Sections details
INFO - 2020-05-12 00:19:36 --> Controller "App\Controllers\SubjectStandards" loaded.
INFO - 2020-05-12 00:19:36 --> Fetching Subjects details
INFO - 2020-05-12 00:23:38 --> Controller "App\Controllers\Sections" loaded.
INFO - 2020-05-12 00:23:38 --> Controller "App\Controllers\SubjectMasters" loaded.
INFO - 2020-05-12 00:23:38 --> Fetching SubjectMasters details
INFO - 2020-05-12 00:23:38 --> Fetching Sections details
INFO - 2020-05-12 00:24:10 --> Controller "App\Controllers\SubjectMasters" loaded.
INFO - 2020-05-12 00:24:10 --> Controller "App\Controllers\Sections" loaded.
INFO - 2020-05-12 00:24:10 --> Fetching SubjectMasters details
INFO - 2020-05-12 00:24:10 --> Fetching Sections details
INFO - 2020-05-12 00:24:12 --> Controller "App\Controllers\SubjectStandards" loaded.
INFO - 2020-05-12 00:24:12 --> Fetching Subjects details
INFO - 2020-05-12 00:26:17 --> Controller "App\Controllers\SubjectMasters" loaded.
INFO - 2020-05-12 00:26:17 --> Fetching SubjectMasters details
INFO - 2020-05-12 00:26:17 --> Controller "App\Controllers\Sections" loaded.
INFO - 2020-05-12 00:26:17 --> Fetching Sections details
INFO - 2020-05-12 00:26:21 --> Controller "App\Controllers\SubjectStandards" loaded.
INFO - 2020-05-12 00:26:21 --> Fetching Subjects details
INFO - 2020-05-12 00:29:17 --> Controller "App\Controllers\SubjectMasters" loaded.
INFO - 2020-05-12 00:29:17 --> Fetching SubjectMasters details
INFO - 2020-05-12 00:29:17 --> Controller "App\Controllers\Sections" loaded.
INFO - 2020-05-12 00:29:17 --> Fetching Sections details
INFO - 2020-05-12 00:29:57 --> Controller "App\Controllers\SubjectMasters" loaded.
INFO - 2020-05-12 00:29:57 --> Fetching SubjectMasters details
INFO - 2020-05-12 00:29:57 --> Controller "App\Controllers\Sections" loaded.
INFO - 2020-05-12 00:29:57 --> Fetching Sections details
INFO - 2020-05-12 00:30:01 --> Controller "App\Controllers\SubjectStandards" loaded.
INFO - 2020-05-12 00:30:01 --> Fetching Subjects details
INFO - 2020-05-12 00:30:39 --> Controller "App\Controllers\Sections" loaded.
INFO - 2020-05-12 00:30:39 --> Controller "App\Controllers\SubjectMasters" loaded.
INFO - 2020-05-12 00:30:39 --> Fetching SubjectMasters details
INFO - 2020-05-12 00:30:39 --> Fetching Sections details
INFO - 2020-05-12 00:30:42 --> Controller "App\Controllers\SubjectStandards" loaded.
INFO - 2020-05-12 00:30:42 --> Fetching Subjects details
INFO - 2020-05-12 00:33:52 --> Controller "App\Controllers\Sections" loaded.
INFO - 2020-05-12 00:33:52 --> Controller "App\Controllers\SubjectMasters" loaded.
INFO - 2020-05-12 00:33:52 --> Fetching SubjectMasters details
INFO - 2020-05-12 00:33:52 --> Fetching Sections details
INFO - 2020-05-12 00:34:02 --> Controller "App\Controllers\SubjectMasters" loaded.
INFO - 2020-05-12 00:34:02 --> Controller "App\Controllers\Sections" loaded.
INFO - 2020-05-12 00:34:02 --> Fetching SubjectMasters details
INFO - 2020-05-12 00:34:02 --> Fetching Sections details
INFO - 2020-05-12 00:34:05 --> Controller "App\Controllers\SubjectStandards" loaded.
INFO - 2020-05-12 00:34:05 --> Fetching Subjects details
INFO - 2020-05-12 00:38:21 --> Controller "App\Controllers\SubjectMasters" loaded.
INFO - 2020-05-12 00:38:21 --> Controller "App\Controllers\Sections" loaded.
INFO - 2020-05-12 00:38:21 --> Fetching SubjectMasters details
INFO - 2020-05-12 00:38:21 --> Fetching Sections details
INFO - 2020-05-12 00:38:25 --> Controller "App\Controllers\SubjectStandards" loaded.
INFO - 2020-05-12 00:38:25 --> Fetching Subjects details
INFO - 2020-05-12 00:45:06 --> Controller "App\Controllers\SubjectMasters" loaded.
INFO - 2020-05-12 00:45:06 --> Fetching SubjectMasters details
INFO - 2020-05-12 00:45:07 --> Controller "App\Controllers\Sections" loaded.
INFO - 2020-05-12 00:45:07 --> Fetching Sections details
INFO - 2020-05-12 00:45:12 --> Controller "App\Controllers\SubjectStandards" loaded.
INFO - 2020-05-12 00:45:12 --> Fetching Subjects details
INFO - 2020-05-12 00:45:56 --> Controller "App\Controllers\SubjectMasters" loaded.
INFO - 2020-05-12 00:45:56 --> Fetching SubjectMasters details
INFO - 2020-05-12 00:45:56 --> Controller "App\Controllers\Sections" loaded.
INFO - 2020-05-12 00:45:56 --> Fetching Sections details
INFO - 2020-05-12 00:46:25 --> Controller "App\Controllers\SubjectStandards" loaded.
INFO - 2020-05-12 00:46:25 --> Fetching Subjects details
INFO - 2020-05-12 00:47:12 --> Controller "App\Controllers\SubjectMasters" loaded.
INFO - 2020-05-12 00:47:12 --> Controller "App\Controllers\Sections" loaded.
INFO - 2020-05-12 00:47:12 --> Fetching SubjectMasters details
INFO - 2020-05-12 00:47:12 --> Fetching Sections details
INFO - 2020-05-12 00:47:15 --> Controller "App\Controllers\SubjectStandards" loaded.
INFO - 2020-05-12 00:47:15 --> Fetching Subjects details
INFO - 2020-05-12 00:48:20 --> Controller "App\Controllers\Sections" loaded.
INFO - 2020-05-12 00:48:20 --> Controller "App\Controllers\SubjectMasters" loaded.
INFO - 2020-05-12 00:48:20 --> Fetching SubjectMasters details
INFO - 2020-05-12 00:48:20 --> Fetching Sections details
INFO - 2020-05-12 00:48:43 --> Controller "App\Controllers\SubjectStandards" loaded.
INFO - 2020-05-12 00:48:43 --> Fetching Subjects details
INFO - 2020-05-12 00:50:55 --> Controller "App\Controllers\Sections" loaded.
INFO - 2020-05-12 00:50:55 --> Controller "App\Controllers\SubjectMasters" loaded.
INFO - 2020-05-12 00:50:55 --> Fetching SubjectMasters details
INFO - 2020-05-12 00:50:55 --> Fetching Sections details
INFO - 2020-05-12 00:51:05 --> Controller "App\Controllers\SubjectStandards" loaded.
INFO - 2020-05-12 00:51:05 --> Fetching Subjects details
INFO - 2020-05-12 00:54:57 --> Controller "App\Controllers\SubjectMasters" loaded.
INFO - 2020-05-12 00:54:57 --> Controller "App\Controllers\Sections" loaded.
INFO - 2020-05-12 00:54:57 --> Fetching SubjectMasters details
INFO - 2020-05-12 00:54:57 --> Fetching Sections details
INFO - 2020-05-12 00:55:00 --> Controller "App\Controllers\SubjectStandards" loaded.
INFO - 2020-05-12 00:55:00 --> Fetching Subjects details
INFO - 2020-05-12 00:58:42 --> Controller "App\Controllers\SubjectMasters" loaded.
INFO - 2020-05-12 00:58:42 --> Fetching SubjectMasters details
INFO - 2020-05-12 00:58:42 --> Controller "App\Controllers\Sections" loaded.
INFO - 2020-05-12 00:58:42 --> Fetching Sections details
INFO - 2020-05-12 00:58:46 --> Controller "App\Controllers\SubjectStandards" loaded.
INFO - 2020-05-12 00:58:46 --> Fetching Subjects details
INFO - 2020-05-12 01:08:21 --> Controller "App\Controllers\SubjectMasters" loaded.
INFO - 2020-05-12 01:08:21 --> Fetching SubjectMasters details
INFO - 2020-05-12 01:08:21 --> Controller "App\Controllers\Sections" loaded.
INFO - 2020-05-12 01:08:21 --> Fetching Sections details
INFO - 2020-05-12 01:08:32 --> Controller "App\Controllers\SubjectStandards" loaded.
INFO - 2020-05-12 01:08:32 --> Fetching Subjects details
INFO - 2020-05-12 01:10:18 --> Controller "App\Controllers\SubjectMasters" loaded.
INFO - 2020-05-12 01:10:18 --> Controller "App\Controllers\Sections" loaded.
INFO - 2020-05-12 01:10:18 --> Fetching SubjectMasters details
INFO - 2020-05-12 01:10:18 --> Fetching Sections details
INFO - 2020-05-12 01:10:35 --> Controller "App\Controllers\SubjectMasters" loaded.
INFO - 2020-05-12 01:10:35 --> Controller "App\Controllers\Sections" loaded.
INFO - 2020-05-12 01:10:35 --> Fetching SubjectMasters details
INFO - 2020-05-12 01:10:35 --> Fetching Sections details
INFO - 2020-05-12 01:10:46 --> Controller "App\Controllers\Sections" loaded.
INFO - 2020-05-12 01:10:46 --> Controller "App\Controllers\SubjectMasters" loaded.
INFO - 2020-05-12 01:10:46 --> Fetching SubjectMasters details
INFO - 2020-05-12 01:10:46 --> Fetching Sections details
INFO - 2020-05-12 01:10:50 --> Controller "App\Controllers\Sections" loaded.
INFO - 2020-05-12 01:10:50 --> Controller "App\Controllers\SubjectMasters" loaded.
INFO - 2020-05-12 01:10:50 --> Fetching SubjectMasters details
INFO - 2020-05-12 01:10:50 --> Fetching Sections details
INFO - 2020-05-12 01:10:54 --> Controller "App\Controllers\SubjectStandards" loaded.
INFO - 2020-05-12 01:10:54 --> Fetching Subjects details
INFO - 2020-05-12 01:11:59 --> Controller "App\Controllers\Sections" loaded.
INFO - 2020-05-12 01:11:59 --> Controller "App\Controllers\SubjectMasters" loaded.
INFO - 2020-05-12 01:11:59 --> Fetching SubjectMasters details
INFO - 2020-05-12 01:11:59 --> Fetching Sections details
INFO - 2020-05-12 01:13:45 --> Controller "App\Controllers\SubjectStandards" loaded.
INFO - 2020-05-12 01:13:45 --> Fetching Subjects details
INFO - 2020-05-12 01:18:22 --> Controller "App\Controllers\Sections" loaded.
INFO - 2020-05-12 01:18:22 --> Controller "App\Controllers\SubjectMasters" loaded.
INFO - 2020-05-12 01:18:22 --> Fetching SubjectMasters details
INFO - 2020-05-12 01:18:22 --> Fetching Sections details
INFO - 2020-05-12 01:18:25 --> Controller "App\Controllers\SubjectStandards" loaded.
INFO - 2020-05-12 01:18:25 --> Fetching Subjects details
INFO - 2020-05-12 01:18:55 --> Controller "App\Controllers\SubjectMasters" loaded.
INFO - 2020-05-12 01:18:55 --> Controller "App\Controllers\Sections" loaded.
INFO - 2020-05-12 01:18:55 --> Fetching SubjectMasters details
INFO - 2020-05-12 01:18:55 --> Fetching Sections details
INFO - 2020-05-12 01:19:31 --> Controller "App\Controllers\SubjectMasters" loaded.
INFO - 2020-05-12 01:19:31 --> Controller "App\Controllers\Sections" loaded.
INFO - 2020-05-12 01:19:31 --> Fetching SubjectMasters details
INFO - 2020-05-12 01:19:31 --> Fetching Sections details
INFO - 2020-05-12 01:19:33 --> Controller "App\Controllers\SubjectStandards" loaded.
INFO - 2020-05-12 01:19:33 --> Fetching Subjects details
INFO - 2020-05-12 01:20:47 --> Controller "App\Controllers\Sections" loaded.
INFO - 2020-05-12 01:20:47 --> Controller "App\Controllers\SubjectMasters" loaded.
INFO - 2020-05-12 01:20:47 --> Fetching SubjectMasters details
INFO - 2020-05-12 01:20:47 --> Fetching Sections details
INFO - 2020-05-12 01:20:52 --> Controller "App\Controllers\SubjectStandards" loaded.
INFO - 2020-05-12 01:20:52 --> Fetching Subjects details
INFO - 2020-05-12 01:23:17 --> Controller "App\Controllers\SubjectMasters" loaded.
INFO - 2020-05-12 01:23:17 --> Controller "App\Controllers\Sections" loaded.
INFO - 2020-05-12 01:23:17 --> Fetching SubjectMasters details
INFO - 2020-05-12 01:23:17 --> Fetching Sections details
INFO - 2020-05-12 01:23:20 --> Controller "App\Controllers\SubjectStandards" loaded.
INFO - 2020-05-12 01:23:20 --> Fetching Subjects details
INFO - 2020-05-12 01:23:55 --> Controller "App\Controllers\SubjectMasters" loaded.
INFO - 2020-05-12 01:23:55 --> Controller "App\Controllers\Sections" loaded.
INFO - 2020-05-12 01:23:55 --> Fetching SubjectMasters details
INFO - 2020-05-12 01:23:55 --> Fetching Sections details
INFO - 2020-05-12 01:23:58 --> Controller "App\Controllers\SubjectStandards" loaded.
INFO - 2020-05-12 01:23:58 --> Fetching Subjects details
INFO - 2020-05-12 01:36:05 --> Controller "App\Controllers\Institutions" loaded.
INFO - 2020-05-12 01:36:05 --> Controller "App\Controllers\Boards" loaded.
INFO - 2020-05-12 01:36:05 --> Fetching Institution details
INFO - 2020-05-12 01:36:05 --> Fetching Boards details
INFO - 2020-05-12 01:36:10 --> Controller "App\Controllers\Rooms" loaded.
INFO - 2020-05-12 01:36:10 --> Fetching room details
INFO - 2020-05-12 01:36:11 --> Controller "App\Controllers\MessageGroups" loaded.
INFO - 2020-05-12 01:36:11 --> Fetching MessageGroups details
INFO - 2020-05-12 01:36:15 --> Controller "App\Controllers\Standards" loaded.
INFO - 2020-05-12 01:36:15 --> Fetching Standards details
INFO - 2020-05-12 01:36:15 --> Controller "App\Controllers\Standards" loaded.
INFO - 2020-05-12 01:36:15 --> Controller "App\Controllers\Boards" loaded.
INFO - 2020-05-12 01:36:15 --> Fetching Standards details
INFO - 2020-05-12 01:36:15 --> Fetching Boards details
INFO - 2020-05-12 01:36:15 --> Controller "App\Controllers\Institutions" loaded.
INFO - 2020-05-12 01:36:15 --> Fetching Institution details
INFO - 2020-05-12 01:36:15 --> Controller "App\Controllers\Standards" loaded.
INFO - 2020-05-12 01:36:15 --> Fetching Standards details
INFO - 2020-05-12 01:36:18 --> Controller "App\Controllers\Sections" loaded.
INFO - 2020-05-12 01:36:18 --> Controller "App\Controllers\Boards" loaded.
INFO - 2020-05-12 01:36:18 --> Fetching Sections details
INFO - 2020-05-12 01:36:18 --> Fetching Boards details
INFO - 2020-05-12 01:36:19 --> Controller "App\Controllers\Institutions" loaded.
INFO - 2020-05-12 01:36:19 --> Fetching Institution details
INFO - 2020-05-12 01:36:19 --> Controller "App\Controllers\Standards" loaded.
INFO - 2020-05-12 01:36:19 --> Fetching Standards details
INFO - 2020-05-12 01:38:25 --> Controller "App\Controllers\Sections" loaded.
INFO - 2020-05-12 01:38:25 --> Controller "App\Controllers\SubjectMasters" loaded.
INFO - 2020-05-12 01:38:25 --> Fetching SubjectMasters details
INFO - 2020-05-12 01:38:25 --> Fetching Sections details
INFO - 2020-05-12 01:39:12 --> Controller "App\Controllers\Sections" loaded.
INFO - 2020-05-12 01:39:12 --> Controller "App\Controllers\SubjectMasters" loaded.
INFO - 2020-05-12 01:39:12 --> Fetching SubjectMasters details
INFO - 2020-05-12 01:39:12 --> Fetching Sections details
INFO - 2020-05-12 01:39:16 --> Controller "App\Controllers\SubjectStandards" loaded.
INFO - 2020-05-12 01:39:16 --> Fetching Subjects details
INFO - 2020-05-12 01:40:57 --> Controller "App\Controllers\SubjectMasters" loaded.
INFO - 2020-05-12 01:40:57 --> Fetching SubjectMasters details
INFO - 2020-05-12 01:40:57 --> Controller "App\Controllers\Sections" loaded.
INFO - 2020-05-12 01:40:57 --> Fetching Sections details
INFO - 2020-05-12 01:41:01 --> Controller "App\Controllers\SubjectStandards" loaded.
INFO - 2020-05-12 01:41:01 --> Fetching Subjects details
INFO - 2020-05-12 01:42:47 --> Controller "App\Controllers\SubjectMasters" loaded.
INFO - 2020-05-12 01:42:47 --> Controller "App\Controllers\Sections" loaded.
INFO - 2020-05-12 01:42:47 --> Fetching SubjectMasters details
INFO - 2020-05-12 01:42:47 --> Fetching Sections details
INFO - 2020-05-12 01:42:50 --> Controller "App\Controllers\SubjectStandards" loaded.
INFO - 2020-05-12 01:42:50 --> Fetching Subjects details
INFO - 2020-05-12 01:43:52 --> Controller "App\Controllers\SubjectMasters" loaded.
INFO - 2020-05-12 01:43:52 --> Fetching SubjectMasters details
INFO - 2020-05-12 01:43:52 --> Controller "App\Controllers\Sections" loaded.
INFO - 2020-05-12 01:43:52 --> Fetching Sections details
INFO - 2020-05-12 01:43:54 --> Controller "App\Controllers\SubjectStandards" loaded.
INFO - 2020-05-12 01:43:54 --> Fetching Subjects details
INFO - 2020-05-12 01:47:37 --> Controller "App\Controllers\Sections" loaded.
INFO - 2020-05-12 01:47:37 --> Controller "App\Controllers\SubjectMasters" loaded.
INFO - 2020-05-12 01:47:37 --> Fetching SubjectMasters details
INFO - 2020-05-12 01:47:37 --> Fetching Sections details
INFO - 2020-05-12 01:47:40 --> Controller "App\Controllers\SubjectStandards" loaded.
INFO - 2020-05-12 01:47:40 --> Fetching Subjects details
INFO - 2020-05-12 01:49:15 --> Controller "App\Controllers\Sections" loaded.
INFO - 2020-05-12 01:49:15 --> Controller "App\Controllers\SubjectMasters" loaded.
INFO - 2020-05-12 01:49:15 --> Fetching SubjectMasters details
INFO - 2020-05-12 01:49:15 --> Fetching Sections details
INFO - 2020-05-12 01:49:17 --> Controller "App\Controllers\SubjectStandards" loaded.
INFO - 2020-05-12 01:49:17 --> Fetching Subjects details
INFO - 2020-05-12 01:54:51 --> Controller "App\Controllers\SubjectMasters" loaded.
INFO - 2020-05-12 01:54:51 --> Controller "App\Controllers\Sections" loaded.
INFO - 2020-05-12 01:54:51 --> Fetching SubjectMasters details
INFO - 2020-05-12 01:54:51 --> Fetching Sections details
INFO - 2020-05-12 01:54:54 --> Controller "App\Controllers\SubjectStandards" loaded.
INFO - 2020-05-12 01:54:54 --> Fetching Subjects details
INFO - 2020-05-12 01:55:16 --> Controller "App\Controllers\SubjectMasters" loaded.
INFO - 2020-05-12 01:55:16 --> Controller "App\Controllers\Sections" loaded.
INFO - 2020-05-12 01:55:16 --> Fetching SubjectMasters details
INFO - 2020-05-12 01:55:16 --> Fetching Sections details
INFO - 2020-05-12 01:55:41 --> Controller "App\Controllers\SubjectMasters" loaded.
INFO - 2020-05-12 01:55:41 --> Controller "App\Controllers\Sections" loaded.
INFO - 2020-05-12 01:55:41 --> Fetching SubjectMasters details
INFO - 2020-05-12 01:55:41 --> Fetching Sections details
INFO - 2020-05-12 01:55:43 --> Controller "App\Controllers\SubjectStandards" loaded.
INFO - 2020-05-12 01:55:43 --> Fetching Subjects details
INFO - 2020-05-12 01:57:46 --> Controller "App\Controllers\Sections" loaded.
INFO - 2020-05-12 01:57:46 --> Controller "App\Controllers\SubjectMasters" loaded.
INFO - 2020-05-12 01:57:46 --> Fetching SubjectMasters details
INFO - 2020-05-12 01:57:46 --> Fetching Sections details
INFO - 2020-05-12 01:57:49 --> Controller "App\Controllers\SubjectStandards" loaded.
INFO - 2020-05-12 01:57:49 --> Fetching Subjects details
INFO - 2020-05-12 01:59:45 --> Controller "App\Controllers\SubjectMasters" loaded.
INFO - 2020-05-12 01:59:45 --> Controller "App\Controllers\Sections" loaded.
INFO - 2020-05-12 01:59:45 --> Fetching SubjectMasters details
INFO - 2020-05-12 01:59:45 --> Fetching Sections details
INFO - 2020-05-12 02:00:24 --> Controller "App\Controllers\Sections" loaded.
INFO - 2020-05-12 02:00:24 --> Controller "App\Controllers\SubjectMasters" loaded.
INFO - 2020-05-12 02:00:24 --> Fetching SubjectMasters details
INFO - 2020-05-12 02:00:24 --> Fetching Sections details
INFO - 2020-05-12 02:00:26 --> Controller "App\Controllers\SubjectStandards" loaded.
INFO - 2020-05-12 02:00:26 --> Fetching Subjects details
INFO - 2020-05-12 02:01:01 --> Controller "App\Controllers\Sections" loaded.
INFO - 2020-05-12 02:01:01 --> Controller "App\Controllers\SubjectMasters" loaded.
INFO - 2020-05-12 02:01:01 --> Fetching SubjectMasters details
INFO - 2020-05-12 02:01:01 --> Fetching Sections details
INFO - 2020-05-12 02:01:32 --> Controller "App\Controllers\SubjectStandards" loaded.
INFO - 2020-05-12 02:01:32 --> Fetching Subjects details
INFO - 2020-05-12 02:02:41 --> Controller "App\Controllers\Sections" loaded.
INFO - 2020-05-12 02:02:41 --> Controller "App\Controllers\SubjectMasters" loaded.
INFO - 2020-05-12 02:02:41 --> Fetching SubjectMasters details
INFO - 2020-05-12 02:02:41 --> Fetching Sections details
INFO - 2020-05-12 02:02:49 --> Controller "App\Controllers\SubjectStandards" loaded.
INFO - 2020-05-12 02:02:49 --> Fetching Subjects details
INFO - 2020-05-12 02:10:45 --> Controller "App\Controllers\SubjectMasters" loaded.
INFO - 2020-05-12 02:10:45 --> Controller "App\Controllers\Sections" loaded.
INFO - 2020-05-12 02:10:45 --> Fetching SubjectMasters details
INFO - 2020-05-12 02:10:45 --> Fetching Sections details
INFO - 2020-05-12 02:11:02 --> Controller "App\Controllers\SubjectMasters" loaded.
INFO - 2020-05-12 02:11:02 --> Controller "App\Controllers\Sections" loaded.
INFO - 2020-05-12 02:11:02 --> Fetching SubjectMasters details
INFO - 2020-05-12 02:11:02 --> Fetching Sections details
INFO - 2020-05-12 02:11:10 --> Controller "App\Controllers\SubjectStandards" loaded.
INFO - 2020-05-12 02:11:10 --> Fetching Subjects details
INFO - 2020-05-12 02:11:56 --> Controller "App\Controllers\Sections" loaded.
INFO - 2020-05-12 02:11:56 --> Controller "App\Controllers\SubjectMasters" loaded.
INFO - 2020-05-12 02:11:56 --> Fetching SubjectMasters details
INFO - 2020-05-12 02:11:56 --> Fetching Sections details
INFO - 2020-05-12 02:11:58 --> Controller "App\Controllers\SubjectStandards" loaded.
INFO - 2020-05-12 02:11:58 --> Fetching Subjects details
INFO - 2020-05-12 02:13:57 --> Controller "App\Controllers\Sections" loaded.
INFO - 2020-05-12 02:13:57 --> Controller "App\Controllers\SubjectMasters" loaded.
INFO - 2020-05-12 02:13:57 --> Fetching SubjectMasters details
INFO - 2020-05-12 02:13:57 --> Fetching Sections details
INFO - 2020-05-12 02:13:59 --> Controller "App\Controllers\SubjectStandards" loaded.
INFO - 2020-05-12 02:13:59 --> Fetching Subjects details
INFO - 2020-05-12 02:14:47 --> Controller "App\Controllers\Sections" loaded.
INFO - 2020-05-12 02:14:47 --> Controller "App\Controllers\SubjectMasters" loaded.
INFO - 2020-05-12 02:14:47 --> Fetching SubjectMasters details
INFO - 2020-05-12 02:14:47 --> Fetching Sections details
INFO - 2020-05-12 02:14:49 --> Controller "App\Controllers\SubjectStandards" loaded.
INFO - 2020-05-12 02:14:49 --> Fetching Subjects details
INFO - 2020-05-12 02:15:19 --> Controller "App\Controllers\SubjectMasters" loaded.
INFO - 2020-05-12 02:15:19 --> Controller "App\Controllers\Sections" loaded.
INFO - 2020-05-12 02:15:19 --> Fetching SubjectMasters details
INFO - 2020-05-12 02:15:19 --> Fetching Sections details
INFO - 2020-05-12 02:15:35 --> Controller "App\Controllers\SubjectStandards" loaded.
INFO - 2020-05-12 02:15:35 --> Fetching Subjects details
INFO - 2020-05-12 02:15:47 --> Controller "App\Controllers\SubjectMasters" loaded.
INFO - 2020-05-12 02:15:47 --> Controller "App\Controllers\Sections" loaded.
INFO - 2020-05-12 02:15:47 --> Fetching SubjectMasters details
INFO - 2020-05-12 02:15:47 --> Fetching Sections details
INFO - 2020-05-12 02:15:49 --> Controller "App\Controllers\SubjectStandards" loaded.
INFO - 2020-05-12 02:15:49 --> Fetching Subjects details
INFO - 2020-05-12 02:18:16 --> Controller "App\Controllers\SubjectMasters" loaded.
INFO - 2020-05-12 02:18:16 --> Controller "App\Controllers\Sections" loaded.
INFO - 2020-05-12 02:18:16 --> Fetching SubjectMasters details
INFO - 2020-05-12 02:18:16 --> Fetching Sections details
INFO - 2020-05-12 02:18:18 --> Controller "App\Controllers\SubjectStandards" loaded.
INFO - 2020-05-12 02:18:18 --> Fetching Subjects details
INFO - 2020-05-12 02:18:59 --> Controller "App\Controllers\SubjectStandards" loaded.
INFO - 2020-05-12 02:18:59 --> Deleting Subjects details
INFO - 2020-05-12 02:19:01 --> Controller "App\Controllers\SubjectStandards" loaded.
INFO - 2020-05-12 02:19:01 --> Fetching Subjects details
INFO - 2020-05-12 02:19:01 --> Controller "App\Controllers\Sections" loaded.
INFO - 2020-05-12 02:19:01 --> Fetching Sections details
INFO - 2020-05-12 02:19:31 --> Controller "App\Controllers\SubjectStandards" loaded.
INFO - 2020-05-12 02:19:31 --> Fetching SubjectStandards details
INFO - 2020-05-12 02:19:37 --> Controller "App\Controllers\SubjectStandards" loaded.
INFO - 2020-05-12 02:19:37 --> Updating SubjectStandard details
INFO - 2020-05-12 02:19:39 --> Controller "App\Controllers\SubjectStandards" loaded.
INFO - 2020-05-12 02:19:39 --> Fetching Subjects details
INFO - 2020-05-12 02:19:39 --> Controller "App\Controllers\Sections" loaded.
INFO - 2020-05-12 02:19:39 --> Fetching Sections details
INFO - 2020-05-12 02:20:39 --> Controller "App\Controllers\Sections" loaded.
INFO - 2020-05-12 02:20:39 --> Controller "App\Controllers\SubjectMasters" loaded.
INFO - 2020-05-12 02:20:39 --> Fetching SubjectMasters details
INFO - 2020-05-12 02:20:39 --> Fetching Sections details
INFO - 2020-05-12 02:20:41 --> Controller "App\Controllers\SubjectStandards" loaded.
INFO - 2020-05-12 02:20:41 --> Fetching Subjects details
INFO - 2020-05-12 02:21:33 --> Controller "App\Controllers\Sections" loaded.
INFO - 2020-05-12 02:21:33 --> Fetching Sections details
INFO - 2020-05-12 02:21:33 --> Controller "App\Controllers\MessageGroups" loaded.
INFO - 2020-05-12 02:21:33 --> Fetching MessageGroups details
INFO - 2020-05-12 02:21:33 --> Controller "App\Controllers\Dashboards" loaded.
INFO - 2020-05-12 02:21:33 --> Fetching Dashboard details
INFO - 2020-05-12 02:27:22 --> Controller "App\Controllers\MessageGroups" loaded.
INFO - 2020-05-12 02:27:22 --> Controller "App\Controllers\Dashboards" loaded.
INFO - 2020-05-12 02:27:22 --> Fetching MessageGroups details
INFO - 2020-05-12 02:27:22 --> Controller "App\Controllers\Sections" loaded.
INFO - 2020-05-12 02:27:22 --> Fetching Dashboard details
INFO - 2020-05-12 02:27:22 --> Fetching Sections details
INFO - 2020-05-12 02:28:45 --> Controller "App\Controllers\MessageGroups" loaded.
INFO - 2020-05-12 02:28:45 --> Controller "App\Controllers\Dashboards" loaded.
INFO - 2020-05-12 02:28:45 --> Controller "App\Controllers\Sections" loaded.
INFO - 2020-05-12 02:28:45 --> Fetching MessageGroups details
INFO - 2020-05-12 02:28:45 --> Fetching Dashboard details
INFO - 2020-05-12 02:28:45 --> Fetching Sections details
INFO - 2020-05-12 02:32:42 --> Controller "App\Controllers\Sections" loaded.
INFO - 2020-05-12 02:32:42 --> Controller "App\Controllers\MessageGroups" loaded.
INFO - 2020-05-12 02:32:42 --> Fetching MessageGroups details
INFO - 2020-05-12 02:32:42 --> Fetching Sections details
INFO - 2020-05-12 02:32:42 --> Controller "App\Controllers\Dashboards" loaded.
INFO - 2020-05-12 02:32:42 --> Fetching Dashboard details
INFO - 2020-05-12 02:35:12 --> Controller "App\Controllers\Sections" loaded.
INFO - 2020-05-12 02:35:12 --> Controller "App\Controllers\MessageGroups" loaded.
INFO - 2020-05-12 02:35:12 --> Fetching Sections details
INFO - 2020-05-12 02:35:12 --> Controller "App\Controllers\Dashboards" loaded.
INFO - 2020-05-12 02:35:12 --> Fetching MessageGroups details
INFO - 2020-05-12 02:35:12 --> Fetching Dashboard details
INFO - 2020-05-12 02:38:57 --> Controller "App\Controllers\MessageGroups" loaded.
INFO - 2020-05-12 02:38:57 --> Controller "App\Controllers\Dashboards" loaded.
INFO - 2020-05-12 02:38:57 --> Controller "App\Controllers\Sections" loaded.
INFO - 2020-05-12 02:38:57 --> Fetching MessageGroups details
INFO - 2020-05-12 02:38:57 --> Fetching Sections details
INFO - 2020-05-12 02:38:57 --> Fetching Dashboard details
INFO - 2020-05-12 02:42:41 --> Controller "App\Controllers\Sections" loaded.
INFO - 2020-05-12 02:42:41 --> Fetching Sections details
INFO - 2020-05-12 02:42:41 --> Controller "App\Controllers\MessageGroups" loaded.
INFO - 2020-05-12 02:42:41 --> Fetching MessageGroups details
INFO - 2020-05-12 02:42:41 --> Controller "App\Controllers\Dashboards" loaded.
INFO - 2020-05-12 02:42:41 --> Fetching Dashboard details
INFO - 2020-05-12 02:44:38 --> Controller "App\Controllers\Sections" loaded.
INFO - 2020-05-12 02:44:38 --> Controller "App\Controllers\MessageGroups" loaded.
INFO - 2020-05-12 02:44:38 --> Controller "App\Controllers\Dashboards" loaded.
INFO - 2020-05-12 02:44:38 --> Fetching MessageGroups details
INFO - 2020-05-12 02:44:38 --> Fetching Sections details
INFO - 2020-05-12 02:44:38 --> Fetching Dashboard details
INFO - 2020-05-12 02:49:36 --> Controller "App\Controllers\Sections" loaded.
INFO - 2020-05-12 02:49:36 --> Controller "App\Controllers\MessageGroups" loaded.
INFO - 2020-05-12 02:49:36 --> Controller "App\Controllers\Dashboards" loaded.
INFO - 2020-05-12 02:49:36 --> Fetching MessageGroups details
INFO - 2020-05-12 02:49:36 --> Fetching Sections details
INFO - 2020-05-12 02:49:36 --> Fetching Dashboard details
INFO - 2020-05-12 02:53:26 --> Controller "App\Controllers\Sections" loaded.
INFO - 2020-05-12 02:53:26 --> Controller "App\Controllers\Dashboards" loaded.
INFO - 2020-05-12 02:53:26 --> Fetching Sections details
INFO - 2020-05-12 02:53:26 --> Controller "App\Controllers\MessageGroups" loaded.
INFO - 2020-05-12 02:53:26 --> Fetching MessageGroups details
INFO - 2020-05-12 02:53:26 --> Fetching Dashboard details
INFO - 2020-05-12 02:57:41 --> Controller "App\Controllers\Sections" loaded.
INFO - 2020-05-12 02:57:41 --> Controller "App\Controllers\MessageGroups" loaded.
INFO - 2020-05-12 02:57:41 --> Fetching MessageGroups details
INFO - 2020-05-12 02:57:41 --> Fetching Sections details
INFO - 2020-05-12 02:57:41 --> Controller "App\Controllers\Dashboards" loaded.
INFO - 2020-05-12 02:57:41 --> Fetching Dashboard details
INFO - 2020-05-12 02:59:41 --> Controller "App\Controllers\MessageGroups" loaded.
INFO - 2020-05-12 02:59:41 --> Controller "App\Controllers\Sections" loaded.
INFO - 2020-05-12 02:59:41 --> Fetching MessageGroups details
INFO - 2020-05-12 02:59:41 --> Fetching Sections details
INFO - 2020-05-12 02:59:41 --> Controller "App\Controllers\Dashboards" loaded.
INFO - 2020-05-12 02:59:41 --> Fetching Dashboard details
INFO - 2020-05-12 03:01:06 --> Controller "App\Controllers\MessageGroups" loaded.
INFO - 2020-05-12 03:01:06 --> Controller "App\Controllers\Dashboards" loaded.
INFO - 2020-05-12 03:01:06 --> Controller "App\Controllers\Sections" loaded.
INFO - 2020-05-12 03:01:06 --> Fetching MessageGroups details
INFO - 2020-05-12 03:01:06 --> Fetching Dashboard details
INFO - 2020-05-12 03:01:06 --> Fetching Sections details
INFO - 2020-05-12 03:02:20 --> Controller "App\Controllers\Sections" loaded.
INFO - 2020-05-12 03:02:20 --> Controller "App\Controllers\MessageGroups" loaded.
INFO - 2020-05-12 03:02:20 --> Fetching Sections details
INFO - 2020-05-12 03:02:20 --> Fetching MessageGroups details
INFO - 2020-05-12 03:02:20 --> Controller "App\Controllers\Dashboards" loaded.
INFO - 2020-05-12 03:02:20 --> Fetching Dashboard details
INFO - 2020-05-12 03:02:42 --> Controller "App\Controllers\MessageGroups" loaded.
INFO - 2020-05-12 03:02:42 --> Controller "App\Controllers\Dashboards" loaded.
INFO - 2020-05-12 03:02:42 --> Controller "App\Controllers\Sections" loaded.
INFO - 2020-05-12 03:02:42 --> Fetching MessageGroups details
INFO - 2020-05-12 03:02:42 --> Fetching Dashboard details
INFO - 2020-05-12 03:02:42 --> Fetching Sections details
INFO - 2020-05-12 03:06:47 --> Controller "App\Controllers\Sections" loaded.
INFO - 2020-05-12 03:06:47 --> Controller "App\Controllers\MessageGroups" loaded.
INFO - 2020-05-12 03:06:47 --> Controller "App\Controllers\Dashboards" loaded.
INFO - 2020-05-12 03:06:47 --> Fetching MessageGroups details
INFO - 2020-05-12 03:06:47 --> Fetching Sections details
INFO - 2020-05-12 03:06:47 --> Fetching Dashboard details
INFO - 2020-05-12 03:10:07 --> Controller "App\Controllers\MessageGroups" loaded.
INFO - 2020-05-12 03:10:07 --> Controller "App\Controllers\Sections" loaded.
INFO - 2020-05-12 03:10:07 --> Controller "App\Controllers\Dashboards" loaded.
INFO - 2020-05-12 03:10:07 --> Fetching Sections details
INFO - 2020-05-12 03:10:07 --> Fetching MessageGroups details
INFO - 2020-05-12 03:10:07 --> Fetching Dashboard details
INFO - 2020-05-12 03:15:10 --> Controller "App\Controllers\Sections" loaded.
INFO - 2020-05-12 03:15:10 --> Fetching Sections details
INFO - 2020-05-12 03:15:10 --> Controller "App\Controllers\MessageGroups" loaded.
INFO - 2020-05-12 03:15:10 --> Controller "App\Controllers\Dashboards" loaded.
INFO - 2020-05-12 03:15:10 --> Fetching MessageGroups details
INFO - 2020-05-12 03:15:10 --> Fetching Dashboard details
INFO - 2020-05-12 03:15:30 --> Controller "App\Controllers\MessageGroups" loaded.
INFO - 2020-05-12 03:15:30 --> Controller "App\Controllers\Sections" loaded.
INFO - 2020-05-12 03:15:30 --> Fetching MessageGroups details
INFO - 2020-05-12 03:15:30 --> Fetching Sections details
INFO - 2020-05-12 03:15:30 --> Controller "App\Controllers\Dashboards" loaded.
INFO - 2020-05-12 03:15:31 --> Fetching Dashboard details
INFO - 2020-05-12 03:20:26 --> Controller "App\Controllers\Sections" loaded.
INFO - 2020-05-12 03:20:26 --> Controller "App\Controllers\Dashboards" loaded.
INFO - 2020-05-12 03:20:26 --> Controller "App\Controllers\MessageGroups" loaded.
INFO - 2020-05-12 03:20:26 --> Fetching MessageGroups details
INFO - 2020-05-12 03:20:26 --> Fetching Dashboard details
INFO - 2020-05-12 03:20:26 --> Fetching Sections details
INFO - 2020-05-12 03:20:56 --> Controller "App\Controllers\Sections" loaded.
INFO - 2020-05-12 03:20:56 --> Fetching Sections details
INFO - 2020-05-12 03:20:56 --> Controller "App\Controllers\MessageGroups" loaded.
INFO - 2020-05-12 03:20:56 --> Controller "App\Controllers\Dashboards" loaded.
INFO - 2020-05-12 03:20:56 --> Fetching MessageGroups details
INFO - 2020-05-12 03:20:56 --> Fetching Dashboard details
INFO - 2020-05-12 03:21:46 --> Controller "App\Controllers\Sections" loaded.
INFO - 2020-05-12 03:21:46 --> Controller "App\Controllers\MessageGroups" loaded.
INFO - 2020-05-12 03:21:46 --> Fetching MessageGroups details
INFO - 2020-05-12 03:21:46 --> Controller "App\Controllers\Dashboards" loaded.
INFO - 2020-05-12 03:21:46 --> Fetching Sections details
INFO - 2020-05-12 03:21:46 --> Fetching Dashboard details
INFO - 2020-05-12 03:25:06 --> Controller "App\Controllers\MessageGroups" loaded.
INFO - 2020-05-12 03:25:06 --> Fetching MessageGroups details
INFO - 2020-05-12 03:25:06 --> Controller "App\Controllers\Dashboards" loaded.
INFO - 2020-05-12 03:25:06 --> Controller "App\Controllers\Sections" loaded.
INFO - 2020-05-12 03:25:06 --> Fetching Dashboard details
INFO - 2020-05-12 03:25:06 --> Fetching Sections details
INFO - 2020-05-12 03:25:52 --> Controller "App\Controllers\MessageGroups" loaded.
INFO - 2020-05-12 03:25:52 --> Controller "App\Controllers\Sections" loaded.
INFO - 2020-05-12 03:25:52 --> Controller "App\Controllers\Dashboards" loaded.
INFO - 2020-05-12 03:25:52 --> Fetching MessageGroups details
INFO - 2020-05-12 03:25:52 --> Fetching Sections details
INFO - 2020-05-12 03:25:52 --> Fetching Dashboard details
INFO - 2020-05-12 03:30:27 --> Controller "App\Controllers\MessageGroups" loaded.
INFO - 2020-05-12 03:30:27 --> Controller "App\Controllers\Dashboards" loaded.
INFO - 2020-05-12 03:30:27 --> Fetching MessageGroups details
INFO - 2020-05-12 03:30:27 --> Controller "App\Controllers\Sections" loaded.
INFO - 2020-05-12 03:30:27 --> Fetching Dashboard details
INFO - 2020-05-12 03:30:27 --> Fetching Sections details
INFO - 2020-05-12 03:33:11 --> Controller "App\Controllers\Sections" loaded.
INFO - 2020-05-12 03:33:11 --> Controller "App\Controllers\MessageGroups" loaded.
INFO - 2020-05-12 03:33:11 --> Controller "App\Controllers\Dashboards" loaded.
INFO - 2020-05-12 03:33:11 --> Fetching MessageGroups details
INFO - 2020-05-12 03:33:11 --> Fetching Dashboard details
INFO - 2020-05-12 03:33:11 --> Fetching Sections details
INFO - 2020-05-12 03:34:53 --> Controller "App\Controllers\SubjectMasters" loaded.
INFO - 2020-05-12 03:34:53 --> Controller "App\Controllers\Sections" loaded.
INFO - 2020-05-12 03:34:53 --> Fetching SubjectMasters details
INFO - 2020-05-12 03:34:53 --> Fetching Sections details
INFO - 2020-05-12 03:36:15 --> Controller "App\Controllers\Sections" loaded.
INFO - 2020-05-12 03:36:15 --> Controller "App\Controllers\SubjectMasters" loaded.
INFO - 2020-05-12 03:36:15 --> Fetching SubjectMasters details
INFO - 2020-05-12 03:36:15 --> Fetching Sections details
INFO - 2020-05-12 03:36:53 --> Controller "App\Controllers\SubjectStandards" loaded.
INFO - 2020-05-12 03:36:53 --> Fetching Subjects details
INFO - 2020-05-12 03:37:45 --> Controller "App\Controllers\MessageGroups" loaded.
INFO - 2020-05-12 03:37:45 --> Controller "App\Controllers\Dashboards" loaded.
INFO - 2020-05-12 03:37:45 --> Controller "App\Controllers\Sections" loaded.
INFO - 2020-05-12 03:37:45 --> Fetching Dashboard details
INFO - 2020-05-12 03:37:45 --> Fetching MessageGroups details
INFO - 2020-05-12 03:37:45 --> Fetching Sections details
INFO - 2020-05-12 03:39:50 --> Controller "App\Controllers\FeesMasters" loaded.
INFO - 2020-05-12 03:39:50 --> Fetching FeeMaster details
INFO - 2020-05-12 03:40:05 --> Controller "App\Controllers\MessageGroups" loaded.
INFO - 2020-05-12 03:40:05 --> Controller "App\Controllers\Sections" loaded.
INFO - 2020-05-12 03:40:05 --> Fetching MessageGroups details
INFO - 2020-05-12 03:40:05 --> Fetching Sections details
INFO - 2020-05-12 03:40:05 --> Controller "App\Controllers\Dashboards" loaded.
INFO - 2020-05-12 03:40:05 --> Fetching Dashboard details
INFO - 2020-05-12 03:40:43 --> Controller "App\Controllers\SubjectMasters" loaded.
INFO - 2020-05-12 03:40:43 --> Controller "App\Controllers\Sections" loaded.
INFO - 2020-05-12 03:40:43 --> Fetching SubjectMasters details
INFO - 2020-05-12 03:40:43 --> Fetching Sections details
INFO - 2020-05-12 03:40:46 --> Controller "App\Controllers\SubjectStandards" loaded.
INFO - 2020-05-12 03:40:46 --> Fetching Subjects details
INFO - 2020-05-12 03:41:08 --> Controller "App\Controllers\Sections" loaded.
INFO - 2020-05-12 03:41:08 --> Controller "App\Controllers\Dashboards" loaded.
INFO - 2020-05-12 03:41:08 --> Fetching Sections details
INFO - 2020-05-12 03:41:08 --> Controller "App\Controllers\MessageGroups" loaded.
INFO - 2020-05-12 03:41:08 --> Fetching MessageGroups details
INFO - 2020-05-12 03:41:08 --> Fetching Dashboard details
INFO - 2020-05-12 03:42:32 --> Controller "App\Controllers\MessageGroups" loaded.
INFO - 2020-05-12 03:42:32 --> Fetching MessageGroups details
INFO - 2020-05-12 03:42:49 --> Controller "App\Controllers\GroupMembers" loaded.
INFO - 2020-05-12 03:42:49 --> Fetching GroupMembers details
INFO - 2020-05-12 04:15:50 --> Controller "App\Controllers\MessageGroups" loaded.
INFO - 2020-05-12 04:15:50 --> Controller "App\Controllers\Sections" loaded.
INFO - 2020-05-12 04:15:50 --> Fetching MessageGroups details
INFO - 2020-05-12 04:15:50 --> Controller "App\Controllers\Dashboards" loaded.
INFO - 2020-05-12 04:15:50 --> Fetching Sections details
INFO - 2020-05-12 04:15:50 --> Fetching Dashboard details
INFO - 2020-05-12 04:16:01 --> Controller "App\Controllers\Sections" loaded.
INFO - 2020-05-12 04:16:01 --> Controller "App\Controllers\SubjectMasters" loaded.
INFO - 2020-05-12 04:16:01 --> Fetching SubjectMasters details
INFO - 2020-05-12 04:16:01 --> Fetching Sections details
INFO - 2020-05-12 04:16:04 --> Controller "App\Controllers\SubjectStandards" loaded.
INFO - 2020-05-12 04:16:04 --> Fetching Subjects details
INFO - 2020-05-12 04:17:06 --> Controller "App\Controllers\SubjectStandards" loaded.
INFO - 2020-05-12 04:17:06 --> Fetching SubjectStandards details
INFO - 2020-05-12 04:18:34 --> Controller "App\Controllers\SubjectStandards" loaded.
INFO - 2020-05-12 04:18:34 --> Fetching Subjects details
INFO - 2020-05-12 04:18:45 --> Controller "App\Controllers\SubjectStandards" loaded.
INFO - 2020-05-12 04:18:45 --> Fetching SubjectStandards details
INFO - 2020-05-12 04:58:02 --> Controller "App\Controllers\SubjectMasters" loaded.
INFO - 2020-05-12 04:58:02 --> Controller "App\Controllers\Sections" loaded.
INFO - 2020-05-12 04:58:02 --> Fetching SubjectMasters details
INFO - 2020-05-12 04:58:02 --> Fetching Sections details
INFO - 2020-05-12 04:58:08 --> Controller "App\Controllers\SubjectStandards" loaded.
INFO - 2020-05-12 04:58:08 --> Fetching Subjects details
INFO - 2020-05-12 04:58:22 --> Controller "App\Controllers\SubjectStandards" loaded.
INFO - 2020-05-12 04:58:22 --> Fetching Subjects details
INFO - 2020-05-12 05:00:55 --> Controller "App\Controllers\SubjectStandards" loaded.
INFO - 2020-05-12 05:00:55 --> Fetching Subjects details
INFO - 2020-05-12 05:05:59 --> Controller "App\Controllers\Sections" loaded.
INFO - 2020-05-12 05:05:59 --> Fetching Sections details
INFO - 2020-05-12 05:05:59 --> Controller "App\Controllers\MessageGroups" loaded.
INFO - 2020-05-12 05:05:59 --> Fetching MessageGroups details
INFO - 2020-05-12 05:05:59 --> Controller "App\Controllers\Dashboards" loaded.
INFO - 2020-05-12 05:05:59 --> Fetching Dashboard details
INFO - 2020-05-12 05:06:58 --> Controller "App\Controllers\Sections" loaded.
INFO - 2020-05-12 05:06:58 --> Controller "App\Controllers\SubjectMasters" loaded.
INFO - 2020-05-12 05:06:58 --> Fetching Sections details
INFO - 2020-05-12 05:06:58 --> Fetching SubjectMasters details
INFO - 2020-05-12 05:07:01 --> Controller "App\Controllers\Sections" loaded.
INFO - 2020-05-12 05:07:01 --> Controller "App\Controllers\MessageGroups" loaded.
INFO - 2020-05-12 05:07:01 --> Fetching Sections details
INFO - 2020-05-12 05:07:01 --> Fetching MessageGroups details
INFO - 2020-05-12 05:07:01 --> Controller "App\Controllers\Dashboards" loaded.
INFO - 2020-05-12 05:07:01 --> Fetching Dashboard details
INFO - 2020-05-12 05:10:32 --> Controller "App\Controllers\Sections" loaded.
INFO - 2020-05-12 05:10:32 --> Controller "App\Controllers\SubjectMasters" loaded.
INFO - 2020-05-12 05:10:32 --> Fetching Sections details
INFO - 2020-05-12 05:10:32 --> Fetching SubjectMasters details
INFO - 2020-05-12 05:10:33 --> Controller "App\Controllers\SubjectStandards" loaded.
INFO - 2020-05-12 05:10:33 --> Fetching Subjects details
INFO - 2020-05-12 05:11:13 --> Controller "App\Controllers\SubjectStandards" loaded.
INFO - 2020-05-12 05:11:13 --> Fetching Subjects details
INFO - 2020-05-12 05:11:28 --> Controller "App\Controllers\SubjectStandards" loaded.
INFO - 2020-05-12 05:11:28 --> Fetching Subjects details
INFO - 2020-05-12 05:24:22 --> Controller "App\Controllers\ExamTimetables" loaded.
ERROR - 2020-05-12 05:24:22 --> Access denied for user '****'@'localhost' (using password: NO)
INFO - 2020-05-12 05:25:55 --> Controller "App\Controllers\ExamTimetables" loaded.
ERROR - 2020-05-12 05:25:55 --> Access denied for user '****'@'localhost' (using password: NO)
INFO - 2020-05-12 05:26:15 --> Controller "App\Controllers\ExamTimetables" loaded.
INFO - 2020-05-12 05:26:15 --> Fetching Exams details
INFO - 2020-05-12 09:22:13 --> Controller "App\Controllers\Sections" loaded.
INFO - 2020-05-12 09:22:13 --> Controller "App\Controllers\SubjectMasters" loaded.
INFO - 2020-05-12 09:22:13 --> Fetching Sections details
INFO - 2020-05-12 09:22:13 --> Fetching SubjectMasters details
INFO - 2020-05-12 09:22:15 --> Controller "App\Controllers\SubjectStandards" loaded.
INFO - 2020-05-12 09:22:15 --> Fetching Subjects details
INFO - 2020-05-12 09:31:56 --> Controller "App\Controllers\SubjectMasters" loaded.
INFO - 2020-05-12 09:31:56 --> Fetching SubjectMasters details
INFO - 2020-05-12 09:31:56 --> Controller "App\Controllers\Sections" loaded.
INFO - 2020-05-12 09:31:56 --> Fetching Sections details
INFO - 2020-05-12 09:32:56 --> Controller "App\Controllers\SubjectMasters" loaded.
INFO - 2020-05-12 09:32:56 --> Fetching SubjectMasters details
INFO - 2020-05-12 09:32:56 --> Controller "App\Controllers\Sections" loaded.
INFO - 2020-05-12 09:32:56 --> Fetching Sections details
INFO - 2020-05-12 09:33:33 --> Controller "App\Controllers\SubjectStandards" loaded.
INFO - 2020-05-12 09:33:33 --> Fetching Subjects details
INFO - 2020-05-12 09:35:10 --> Controller "App\Controllers\SubjectStandards" loaded.
INFO - 2020-05-12 09:35:10 --> Fetching Subjects details
INFO - 2020-05-12 09:39:09 --> Controller "App\Controllers\SubjectMasters" loaded.
INFO - 2020-05-12 09:39:09 --> Fetching SubjectMasters details
INFO - 2020-05-12 09:39:09 --> Controller "App\Controllers\Sections" loaded.
INFO - 2020-05-12 09:39:09 --> Fetching Sections details
INFO - 2020-05-12 09:39:12 --> Controller "App\Controllers\SubjectStandards" loaded.
INFO - 2020-05-12 09:39:12 --> Fetching Subjects details
INFO - 2020-05-12 09:42:24 --> Controller "App\Controllers\Sections" loaded.
INFO - 2020-05-12 09:42:24 --> Controller "App\Controllers\SubjectMasters" loaded.
INFO - 2020-05-12 09:42:24 --> Fetching SubjectMasters details
INFO - 2020-05-12 09:42:24 --> Fetching Sections details
INFO - 2020-05-12 09:43:18 --> Controller "App\Controllers\SubjectStandards" loaded.
INFO - 2020-05-12 09:43:18 --> Fetching Subjects details
INFO - 2020-05-12 09:44:17 --> Controller "App\Controllers\SubjectMasters" loaded.
INFO - 2020-05-12 09:44:17 --> Fetching SubjectMasters details
INFO - 2020-05-12 09:44:17 --> Controller "App\Controllers\Sections" loaded.
INFO - 2020-05-12 09:44:17 --> Fetching Sections details
INFO - 2020-05-12 09:44:36 --> Controller "App\Controllers\SubjectStandards" loaded.
INFO - 2020-05-12 09:44:36 --> Fetching Subjects details
INFO - 2020-05-12 12:41:31 --> Controller "App\Controllers\SubjectMasters" loaded.
INFO - 2020-05-12 12:41:31 --> Fetching SubjectMasters details
INFO - 2020-05-12 12:41:31 --> Controller "App\Controllers\Sections" loaded.
INFO - 2020-05-12 12:41:31 --> Fetching Sections details
INFO - 2020-05-12 12:42:00 --> Controller "App\Controllers\SubjectMasters" loaded.
INFO - 2020-05-12 12:42:00 --> Fetching SubjectMasters details
INFO - 2020-05-12 12:42:00 --> Controller "App\Controllers\Sections" loaded.
INFO - 2020-05-12 12:42:00 --> Fetching Sections details
INFO - 2020-05-12 12:42:06 --> Controller "App\Controllers\SubjectStandards" loaded.
INFO - 2020-05-12 12:42:06 --> Fetching Subjects details
INFO - 2020-05-12 12:42:52 --> Controller "App\Controllers\SubjectMasters" loaded.
INFO - 2020-05-12 12:42:52 --> Fetching SubjectMasters details
INFO - 2020-05-12 12:42:52 --> Controller "App\Controllers\Sections" loaded.
INFO - 2020-05-12 12:42:52 --> Fetching Sections details
INFO - 2020-05-12 12:43:00 --> Controller "App\Controllers\SubjectStandards" loaded.
INFO - 2020-05-12 12:43:00 --> Fetching Subjects details
INFO - 2020-05-12 13:59:00 --> Controller "App\Controllers\SubjectMasters" loaded.
INFO - 2020-05-12 13:59:00 --> Fetching SubjectMasters details
INFO - 2020-05-12 13:59:00 --> Controller "App\Controllers\Sections" loaded.
INFO - 2020-05-12 13:59:00 --> Fetching Sections details
INFO - 2020-05-12 13:59:06 --> Controller "App\Controllers\SubjectStandards" loaded.
INFO - 2020-05-12 13:59:06 --> Fetching Subjects details
INFO - 2020-05-12 14:04:35 --> Controller "App\Controllers\SubjectMasters" loaded.
INFO - 2020-05-12 14:04:35 --> Fetching SubjectMasters details
INFO - 2020-05-12 14:04:35 --> Controller "App\Controllers\Sections" loaded.
INFO - 2020-05-12 14:04:35 --> Fetching Sections details
INFO - 2020-05-12 14:04:39 --> Controller "App\Controllers\SubjectStandards" loaded.
INFO - 2020-05-12 14:04:39 --> Fetching Subjects details
INFO - 2020-05-12 14:06:44 --> Controller "App\Controllers\SubjectMasters" loaded.
INFO - 2020-05-12 14:06:44 --> Fetching SubjectMasters details
INFO - 2020-05-12 14:06:44 --> Controller "App\Controllers\Sections" loaded.
INFO - 2020-05-12 14:06:44 --> Fetching Sections details
INFO - 2020-05-12 14:06:53 --> Controller "App\Controllers\SubjectStandards" loaded.
INFO - 2020-05-12 14:06:53 --> Fetching Subjects details
INFO - 2020-05-12 14:08:53 --> Controller "App\Controllers\SubjectMasters" loaded.
INFO - 2020-05-12 14:08:53 --> Fetching SubjectMasters details
INFO - 2020-05-12 14:08:53 --> Controller "App\Controllers\Sections" loaded.
INFO - 2020-05-12 14:08:53 --> Fetching Sections details
INFO - 2020-05-12 14:08:57 --> Controller "App\Controllers\SubjectStandards" loaded.
INFO - 2020-05-12 14:08:57 --> Fetching Subjects details
INFO - 2020-05-12 14:09:50 --> Controller "App\Controllers\SubjectMasters" loaded.
INFO - 2020-05-12 14:09:50 --> Fetching SubjectMasters details
INFO - 2020-05-12 14:09:50 --> Controller "App\Controllers\Sections" loaded.
INFO - 2020-05-12 14:09:50 --> Fetching Sections details
INFO - 2020-05-12 14:09:54 --> Controller "App\Controllers\SubjectStandards" loaded.
INFO - 2020-05-12 14:09:54 --> Fetching Subjects details
INFO - 2020-05-12 14:13:37 --> Controller "App\Controllers\SubjectMasters" loaded.
INFO - 2020-05-12 14:13:37 --> Controller "App\Controllers\Sections" loaded.
INFO - 2020-05-12 14:13:37 --> Fetching SubjectMasters details
INFO - 2020-05-12 14:13:37 --> Fetching Sections details
INFO - 2020-05-12 14:13:40 --> Controller "App\Controllers\SubjectStandards" loaded.
INFO - 2020-05-12 14:13:40 --> Fetching Subjects details
INFO - 2020-05-12 14:15:21 --> Controller "App\Controllers\SubjectMasters" loaded.
INFO - 2020-05-12 14:15:21 --> Controller "App\Controllers\Sections" loaded.
INFO - 2020-05-12 14:15:21 --> Fetching SubjectMasters details
INFO - 2020-05-12 14:15:21 --> Fetching Sections details
INFO - 2020-05-12 14:15:24 --> Controller "App\Controllers\SubjectStandards" loaded.
INFO - 2020-05-12 14:15:24 --> Fetching Subjects details
INFO - 2020-05-12 14:17:25 --> Controller "App\Controllers\SubjectMasters" loaded.
INFO - 2020-05-12 14:17:25 --> Controller "App\Controllers\Sections" loaded.
INFO - 2020-05-12 14:17:25 --> Fetching SubjectMasters details
INFO - 2020-05-12 14:17:25 --> Fetching Sections details
INFO - 2020-05-12 14:17:35 --> Controller "App\Controllers\SubjectMasters" loaded.
INFO - 2020-05-12 14:17:35 --> Controller "App\Controllers\Sections" loaded.
INFO - 2020-05-12 14:17:35 --> Fetching SubjectMasters details
INFO - 2020-05-12 14:17:35 --> Fetching Sections details
INFO - 2020-05-12 14:17:42 --> Controller "App\Controllers\SubjectStandards" loaded.
INFO - 2020-05-12 14:17:42 --> Fetching Subjects details
INFO - 2020-05-12 14:19:11 --> Controller "App\Controllers\SubjectMasters" loaded.
INFO - 2020-05-12 14:19:11 --> Fetching SubjectMasters details
INFO - 2020-05-12 14:19:11 --> Controller "App\Controllers\Sections" loaded.
INFO - 2020-05-12 14:19:11 --> Fetching Sections details
INFO - 2020-05-12 14:19:16 --> Controller "App\Controllers\SubjectStandards" loaded.
INFO - 2020-05-12 14:19:16 --> Fetching Subjects details
INFO - 2020-05-12 14:50:12 --> Controller "App\Controllers\SubjectMasters" loaded.
INFO - 2020-05-12 14:50:12 --> Controller "App\Controllers\Sections" loaded.
INFO - 2020-05-12 14:50:12 --> Fetching SubjectMasters details
INFO - 2020-05-12 14:50:12 --> Fetching Sections details
INFO - 2020-05-12 14:50:23 --> Controller "App\Controllers\Sections" loaded.
INFO - 2020-05-12 14:50:23 --> Controller "App\Controllers\MessageGroups" loaded.
INFO - 2020-05-12 14:50:23 --> Fetching MessageGroups details
INFO - 2020-05-12 14:50:23 --> Fetching Sections details
INFO - 2020-05-12 14:50:23 --> Controller "App\Controllers\Dashboards" loaded.
INFO - 2020-05-12 14:50:23 --> Fetching Dashboard details
INFO - 2020-05-12 15:07:07 --> Controller "App\Controllers\Sections" loaded.
INFO - 2020-05-12 15:07:07 --> Fetching Sections details
INFO - 2020-05-12 15:07:07 --> Controller "App\Controllers\Dashboards" loaded.
INFO - 2020-05-12 15:07:07 --> Controller "App\Controllers\MessageGroups" loaded.
INFO - 2020-05-12 15:07:07 --> Fetching MessageGroups details
INFO - 2020-05-12 15:07:07 --> Fetching Dashboard details
INFO - 2020-05-12 15:08:40 --> Controller "App\Controllers\Sections" loaded.
INFO - 2020-05-12 15:08:40 --> Fetching Sections details
INFO - 2020-05-12 15:08:40 --> Controller "App\Controllers\MessageGroups" loaded.
INFO - 2020-05-12 15:08:40 --> Fetching MessageGroups details
INFO - 2020-05-12 15:08:40 --> Controller "App\Controllers\Dashboards" loaded.
INFO - 2020-05-12 15:08:40 --> Fetching Dashboard details
INFO - 2020-05-12 15:11:13 --> Controller "App\Controllers\Sections" loaded.
INFO - 2020-05-12 15:11:13 --> Fetching Sections details
INFO - 2020-05-12 15:11:13 --> Controller "App\Controllers\MessageGroups" loaded.
INFO - 2020-05-12 15:11:13 --> Fetching MessageGroups details
INFO - 2020-05-12 15:11:13 --> Controller "App\Controllers\Dashboards" loaded.
INFO - 2020-05-12 15:11:13 --> Fetching Dashboard details
INFO - 2020-05-12 15:13:21 --> Controller "App\Controllers\Sections" loaded.
INFO - 2020-05-12 15:13:21 --> Controller "App\Controllers\MessageGroups" loaded.
INFO - 2020-05-12 15:13:21 --> Fetching Sections details
INFO - 2020-05-12 15:13:21 --> Controller "App\Controllers\Dashboards" loaded.
INFO - 2020-05-12 15:13:21 --> Fetching MessageGroups details
INFO - 2020-05-12 15:13:21 --> Fetching Dashboard details
INFO - 2020-05-12 15:15:04 --> Controller "App\Controllers\Sections" loaded.
INFO - 2020-05-12 15:15:04 --> Controller "App\Controllers\MessageGroups" loaded.
INFO - 2020-05-12 15:15:04 --> Fetching MessageGroups details
INFO - 2020-05-12 15:15:04 --> Fetching Sections details
INFO - 2020-05-12 15:15:04 --> Controller "App\Controllers\Dashboards" loaded.
INFO - 2020-05-12 15:15:04 --> Fetching Dashboard details
INFO - 2020-05-12 15:16:14 --> Controller "App\Controllers\Sections" loaded.
INFO - 2020-05-12 15:16:14 --> Fetching Sections details
INFO - 2020-05-12 15:16:14 --> Controller "App\Controllers\MessageGroups" loaded.
INFO - 2020-05-12 15:16:14 --> Fetching MessageGroups details
INFO - 2020-05-12 15:16:14 --> Controller "App\Controllers\Dashboards" loaded.
INFO - 2020-05-12 15:16:14 --> Fetching Dashboard details
INFO - 2020-05-12 15:17:27 --> Controller "App\Controllers\Sections" loaded.
INFO - 2020-05-12 15:17:27 --> Fetching Sections details
INFO - 2020-05-12 15:17:27 --> Controller "App\Controllers\MessageGroups" loaded.
INFO - 2020-05-12 15:17:27 --> Fetching MessageGroups details
INFO - 2020-05-12 15:17:27 --> Controller "App\Controllers\Dashboards" loaded.
INFO - 2020-05-12 15:17:27 --> Fetching Dashboard details
INFO - 2020-05-12 15:18:31 --> Controller "App\Controllers\Sections" loaded.
INFO - 2020-05-12 15:18:31 --> Fetching Sections details
INFO - 2020-05-12 15:18:31 --> Controller "App\Controllers\MessageGroups" loaded.
INFO - 2020-05-12 15:18:31 --> Fetching MessageGroups details
INFO - 2020-05-12 15:18:31 --> Controller "App\Controllers\Dashboards" loaded.
INFO - 2020-05-12 15:18:31 --> Fetching Dashboard details
INFO - 2020-05-12 15:19:40 --> Controller "App\Controllers\Sections" loaded.
INFO - 2020-05-12 15:19:40 --> Fetching Sections details
INFO - 2020-05-12 15:19:40 --> Controller "App\Controllers\MessageGroups" loaded.
INFO - 2020-05-12 15:19:40 --> Fetching MessageGroups details
INFO - 2020-05-12 15:19:40 --> Controller "App\Controllers\Dashboards" loaded.
INFO - 2020-05-12 15:19:40 --> Fetching Dashboard details
INFO - 2020-05-12 15:20:39 --> Controller "App\Controllers\Sections" loaded.
INFO - 2020-05-12 15:20:39 --> Fetching Sections details
INFO - 2020-05-12 15:20:39 --> Controller "App\Controllers\MessageGroups" loaded.
INFO - 2020-05-12 15:20:39 --> Fetching MessageGroups details
INFO - 2020-05-12 15:20:39 --> Controller "App\Controllers\Dashboards" loaded.
INFO - 2020-05-12 15:20:39 --> Fetching Dashboard details
INFO - 2020-05-12 15:22:54 --> Controller "App\Controllers\Sections" loaded.
INFO - 2020-05-12 15:22:54 --> Fetching Sections details
INFO - 2020-05-12 15:22:54 --> Controller "App\Controllers\MessageGroups" loaded.
INFO - 2020-05-12 15:22:54 --> Controller "App\Controllers\Dashboards" loaded.
INFO - 2020-05-12 15:22:54 --> Fetching MessageGroups details
INFO - 2020-05-12 15:22:54 --> Fetching Dashboard details
INFO - 2020-05-12 15:23:39 --> Controller "App\Controllers\Sections" loaded.
INFO - 2020-05-12 15:23:39 --> Controller "App\Controllers\MessageGroups" loaded.
INFO - 2020-05-12 15:23:39 --> Controller "App\Controllers\Dashboards" loaded.
INFO - 2020-05-12 15:23:39 --> Fetching MessageGroups details
INFO - 2020-05-12 15:23:39 --> Fetching Dashboard details
INFO - 2020-05-12 15:23:39 --> Fetching Sections details
INFO - 2020-05-12 15:24:54 --> Controller "App\Controllers\Sections" loaded.
INFO - 2020-05-12 15:24:54 --> Fetching Sections details
INFO - 2020-05-12 15:24:54 --> Controller "App\Controllers\MessageGroups" loaded.
INFO - 2020-05-12 15:24:54 --> Fetching MessageGroups details
INFO - 2020-05-12 15:24:54 --> Controller "App\Controllers\Dashboards" loaded.
INFO - 2020-05-12 15:24:54 --> Fetching Dashboard details
INFO - 2020-05-12 15:25:55 --> Controller "App\Controllers\Sections" loaded.
INFO - 2020-05-12 15:25:55 --> Fetching Sections details
INFO - 2020-05-12 15:25:55 --> Controller "App\Controllers\MessageGroups" loaded.
INFO - 2020-05-12 15:25:55 --> Fetching MessageGroups details
INFO - 2020-05-12 15:25:55 --> Controller "App\Controllers\Dashboards" loaded.
INFO - 2020-05-12 15:25:55 --> Fetching Dashboard details
INFO - 2020-05-12 15:27:39 --> Controller "App\Controllers\Sections" loaded.
INFO - 2020-05-12 15:27:39 --> Fetching Sections details
INFO - 2020-05-12 15:27:39 --> Controller "App\Controllers\MessageGroups" loaded.
INFO - 2020-05-12 15:27:39 --> Fetching MessageGroups details
INFO - 2020-05-12 15:27:39 --> Controller "App\Controllers\Dashboards" loaded.
INFO - 2020-05-12 15:27:39 --> Fetching Dashboard details
INFO - 2020-05-12 15:30:31 --> Controller "App\Controllers\Sections" loaded.
INFO - 2020-05-12 15:30:31 --> Fetching Sections details
INFO - 2020-05-12 15:30:31 --> Controller "App\Controllers\MessageGroups" loaded.
INFO - 2020-05-12 15:30:31 --> Fetching MessageGroups details
INFO - 2020-05-12 15:30:31 --> Controller "App\Controllers\Dashboards" loaded.
INFO - 2020-05-12 15:30:31 --> Fetching Dashboard details
INFO - 2020-05-12 15:33:26 --> Controller "App\Controllers\Sections" loaded.
INFO - 2020-05-12 15:33:26 --> Fetching Sections details
INFO - 2020-05-12 15:33:26 --> Controller "App\Controllers\MessageGroups" loaded.
INFO - 2020-05-12 15:33:26 --> Fetching MessageGroups details
INFO - 2020-05-12 15:33:26 --> Controller "App\Controllers\Dashboards" loaded.
INFO - 2020-05-12 15:33:26 --> Fetching Dashboard details
INFO - 2020-05-12 15:34:23 --> Controller "App\Controllers\MessageGroups" loaded.
INFO - 2020-05-12 15:34:23 --> Controller "App\Controllers\Sections" loaded.
INFO - 2020-05-12 15:34:23 --> Fetching MessageGroups details
INFO - 2020-05-12 15:34:23 --> Fetching Sections details
INFO - 2020-05-12 15:34:23 --> Controller "App\Controllers\Dashboards" loaded.
INFO - 2020-05-12 15:34:23 --> Fetching Dashboard details
INFO - 2020-05-12 15:35:13 --> Controller "App\Controllers\MessageGroups" loaded.
INFO - 2020-05-12 15:35:13 --> Controller "App\Controllers\Sections" loaded.
INFO - 2020-05-12 15:35:13 --> Fetching MessageGroups details
INFO - 2020-05-12 15:35:13 --> Fetching Sections details
INFO - 2020-05-12 15:35:13 --> Controller "App\Controllers\Dashboards" loaded.
INFO - 2020-05-12 15:35:13 --> Fetching Dashboard details
INFO - 2020-05-12 22:47:35 --> Controller "App\Controllers\MessageGroups" loaded.
INFO - 2020-05-12 22:47:35 --> Fetching MessageGroups details
INFO - 2020-05-12 22:47:35 --> Controller "App\Controllers\Dashboards" loaded.
INFO - 2020-05-12 22:47:35 --> Controller "App\Controllers\Sections" loaded.
INFO - 2020-05-12 22:47:35 --> Fetching Sections details
INFO - 2020-05-12 22:47:35 --> Fetching Dashboard details
INFO - 2020-05-12 22:48:41 --> Controller "App\Controllers\MessageGroups" loaded.
INFO - 2020-05-12 22:48:41 --> Controller "App\Controllers\Dashboards" loaded.
INFO - 2020-05-12 22:48:41 --> Fetching MessageGroups details
INFO - 2020-05-12 22:48:41 --> Controller "App\Controllers\Sections" loaded.
INFO - 2020-05-12 22:48:41 --> Fetching Dashboard details
INFO - 2020-05-12 22:48:41 --> Fetching Sections details
INFO - 2020-05-12 22:52:21 --> Controller "App\Controllers\SubjectMasters" loaded.
INFO - 2020-05-12 22:52:21 --> Controller "App\Controllers\Sections" loaded.
INFO - 2020-05-12 22:52:21 --> Fetching SubjectMasters details
INFO - 2020-05-12 22:52:21 --> Fetching Sections details
INFO - 2020-05-12 22:52:23 --> Controller "App\Controllers\SubjectStandards" loaded.
INFO - 2020-05-12 22:52:23 --> Fetching Subjects details
INFO - 2020-05-12 22:53:03 --> Controller "App\Controllers\MessageGroups" loaded.
INFO - 2020-05-12 22:53:03 --> Controller "App\Controllers\Sections" loaded.
INFO - 2020-05-12 22:53:03 --> Fetching MessageGroups details
INFO - 2020-05-12 22:53:03 --> Controller "App\Controllers\Dashboards" loaded.
INFO - 2020-05-12 22:53:03 --> Fetching Sections details
INFO - 2020-05-12 22:53:03 --> Fetching Dashboard details
INFO - 2020-05-12 22:53:19 --> Controller "App\Controllers\SubjectMasters" loaded.
INFO - 2020-05-12 22:53:19 --> Controller "App\Controllers\Sections" loaded.
INFO - 2020-05-12 22:53:19 --> Fetching SubjectMasters details
INFO - 2020-05-12 22:53:19 --> Fetching Sections details
INFO - 2020-05-12 22:53:24 --> Controller "App\Controllers\SubjectStandards" loaded.
INFO - 2020-05-12 22:53:24 --> Fetching Subjects details
INFO - 2020-05-12 22:55:38 --> Controller "App\Controllers\SubjectStandards" loaded.
INFO - 2020-05-12 22:55:38 --> Fetching Subjects details
INFO - 2020-05-12 22:57:39 --> Controller "App\Controllers\Sections" loaded.
INFO - 2020-05-12 22:57:39 --> Controller "App\Controllers\MessageGroups" loaded.
INFO - 2020-05-12 22:57:39 --> Fetching MessageGroups details
INFO - 2020-05-12 22:57:39 --> Fetching Sections details
INFO - 2020-05-12 22:57:39 --> Controller "App\Controllers\Dashboards" loaded.
INFO - 2020-05-12 22:57:39 --> Fetching Dashboard details
INFO - 2020-05-12 22:57:41 --> Controller "App\Controllers\SubjectStandards" loaded.
INFO - 2020-05-12 22:57:41 --> Fetching Subjects details
INFO - 2020-05-12 22:57:46 --> Controller "App\Controllers\Sections" loaded.
INFO - 2020-05-12 22:57:46 --> Controller "App\Controllers\SubjectMasters" loaded.
INFO - 2020-05-12 22:57:46 --> Fetching SubjectMasters details
INFO - 2020-05-12 22:57:46 --> Fetching Sections details
INFO - 2020-05-12 22:57:48 --> Controller "App\Controllers\SubjectStandards" loaded.
INFO - 2020-05-12 22:57:48 --> Fetching Subjects details
INFO - 2020-05-12 22:58:11 --> Controller "App\Controllers\SubjectMasters" loaded.
INFO - 2020-05-12 22:58:11 --> Controller "App\Controllers\Sections" loaded.
INFO - 2020-05-12 22:58:11 --> Fetching SubjectMasters details
INFO - 2020-05-12 22:58:11 --> Fetching Sections details
INFO - 2020-05-12 22:58:35 --> Controller "App\Controllers\SubjectStandards" loaded.
INFO - 2020-05-12 22:58:35 --> Fetching Subjects details
INFO - 2020-05-12 22:59:45 --> Controller "App\Controllers\Sections" loaded.
INFO - 2020-05-12 22:59:45 --> Controller "App\Controllers\MessageGroups" loaded.
INFO - 2020-05-12 22:59:45 --> Fetching MessageGroups details
INFO - 2020-05-12 22:59:45 --> Controller "App\Controllers\Dashboards" loaded.
INFO - 2020-05-12 22:59:45 --> Fetching Sections details
INFO - 2020-05-12 22:59:45 --> Fetching Dashboard details
INFO - 2020-05-12 23:00:29 --> Controller "App\Controllers\MessageGroups" loaded.
INFO - 2020-05-12 23:00:29 --> Fetching MessageGroups details
INFO - 2020-05-12 23:00:29 --> Controller "App\Controllers\Dashboards" loaded.
INFO - 2020-05-12 23:00:29 --> Controller "App\Controllers\Sections" loaded.
INFO - 2020-05-12 23:00:29 --> Fetching Dashboard details
INFO - 2020-05-12 23:00:29 --> Fetching Sections details
INFO - 2020-05-12 23:01:04 --> Controller "App\Controllers\Students" loaded.
INFO - 2020-05-12 23:01:04 --> Fetching All Leave details
INFO - 2020-05-12 23:01:06 --> Controller "App\Controllers\Students" loaded.
INFO - 2020-05-12 23:01:06 --> Fetching All Leave details
INFO - 2020-05-12 23:01:08 --> Controller "App\Controllers\Students" loaded.
INFO - 2020-05-12 23:01:08 --> Fetching All Leave details
INFO - 2020-05-12 23:01:10 --> Controller "App\Controllers\Students" loaded.
INFO - 2020-05-12 23:01:10 --> Fetching All Leave details
INFO - 2020-05-12 23:01:34 --> Controller "App\Controllers\Students" loaded.
INFO - 2020-05-12 23:01:34 --> Fetching All Leave details
INFO - 2020-05-12 23:01:37 --> Controller "App\Controllers\Students" loaded.
INFO - 2020-05-12 23:01:37 --> Fetching All Leave details
INFO - 2020-05-12 23:01:38 --> Controller "App\Controllers\Students" loaded.
INFO - 2020-05-12 23:01:38 --> Fetching All Leave details
INFO - 2020-05-12 23:02:23 --> Controller "App\Controllers\Students" loaded.
INFO - 2020-05-12 23:02:23 --> Fetching All Leave details
INFO - 2020-05-12 23:02:24 --> Controller "App\Controllers\Students" loaded.
INFO - 2020-05-12 23:02:24 --> Fetching All Leave details
INFO - 2020-05-12 23:09:45 --> Controller "App\Controllers\Boards" loaded.
INFO - 2020-05-12 23:09:45 --> Fetching Boards details
INFO - 2020-05-12 23:09:48 --> Controller "App\Controllers\Rooms" loaded.
INFO - 2020-05-12 23:09:48 --> Fetching room details
INFO - 2020-05-12 23:09:51 --> Controller "App\Controllers\MessageGroups" loaded.
INFO - 2020-05-12 23:09:51 --> Fetching MessageGroups details
INFO - 2020-05-12 23:10:04 --> Controller "App\Controllers\Boards" loaded.
INFO - 2020-05-12 23:10:04 --> Fetching Boards details
INFO - 2020-05-12 23:10:11 --> Controller "App\Controllers\Standards" loaded.
INFO - 2020-05-12 23:10:11 --> Controller "App\Controllers\Boards" loaded.
INFO - 2020-05-12 23:10:11 --> Fetching Standards details
INFO - 2020-05-12 23:10:11 --> Fetching Boards details
INFO - 2020-05-12 23:10:11 --> Controller "App\Controllers\Standards" loaded.
INFO - 2020-05-12 23:10:11 --> Fetching Standards details
INFO - 2020-05-12 23:10:11 --> Controller "App\Controllers\Standards" loaded.
INFO - 2020-05-12 23:10:11 --> Fetching Standards details
INFO - 2020-05-12 23:10:13 --> Controller "App\Controllers\Sections" loaded.
INFO - 2020-05-12 23:10:13 --> Controller "App\Controllers\MessageGroups" loaded.
INFO - 2020-05-12 23:10:13 --> Fetching MessageGroups details
INFO - 2020-05-12 23:10:13 --> Fetching Sections details
INFO - 2020-05-12 23:10:13 --> Controller "App\Controllers\Dashboards" loaded.
INFO - 2020-05-12 23:10:13 --> Fetching Dashboard details
INFO - 2020-05-12 23:10:13 --> Controller "App\Controllers\Sections" loaded.
INFO - 2020-05-12 23:10:13 --> Fetching Sections details
INFO - 2020-05-12 23:10:13 --> Controller "App\Controllers\Boards" loaded.
INFO - 2020-05-12 23:10:13 --> Fetching Boards details
INFO - 2020-05-12 23:10:13 --> Controller "App\Controllers\Standards" loaded.
INFO - 2020-05-12 23:10:13 --> Fetching Standards details
INFO - 2020-05-12 23:10:15 --> Controller "App\Controllers\Holidays" loaded.
INFO - 2020-05-12 23:10:15 --> Fetching Holiday details
INFO - 2020-05-12 23:10:22 --> Controller "App\Controllers\Sections" loaded.
INFO - 2020-05-12 23:10:22 --> Fetching Sections details
INFO - 2020-05-12 23:10:22 --> Controller "App\Controllers\Dashboards" loaded.
INFO - 2020-05-12 23:10:22 --> Fetching Dashboard details
INFO - 2020-05-12 23:12:12 --> Controller "App\Controllers\Students" loaded.
INFO - 2020-05-12 23:12:12 --> Fetching All Leave details
INFO - 2020-05-12 23:14:25 --> Controller "App\Controllers\MessageGroups" loaded.
INFO - 2020-05-12 23:14:25 --> Fetching MessageGroups details
INFO - 2020-05-12 23:14:25 --> Controller "App\Controllers\Sections" loaded.
INFO - 2020-05-12 23:14:25 --> Fetching Sections details
INFO - 2020-05-12 23:14:25 --> Controller "App\Controllers\Dashboards" loaded.
INFO - 2020-05-12 23:14:25 --> Fetching Dashboard details
INFO - 2020-05-12 23:15:30 --> Controller "App\Controllers\Dashboards" loaded.
INFO - 2020-05-12 23:15:30 --> Fetching Dashboard details
INFO - 2020-05-12 23:16:06 --> Controller "App\Controllers\Circulars" loaded.
INFO - 2020-05-12 23:16:06 --> Fetching Circular details
INFO - 2020-05-12 23:16:14 --> Controller "App\Controllers\Sections" loaded.
INFO - 2020-05-12 23:16:14 --> Fetching Sections details
INFO - 2020-05-12 23:16:16 --> Controller "App\Controllers\Students" loaded.
INFO - 2020-05-12 23:16:16 --> Fetching All Leave details
INFO - 2020-05-12 23:16:18 --> Controller "App\Controllers\Sections" loaded.
INFO - 2020-05-12 23:16:18 --> Fetching Sections details
INFO - 2020-05-12 23:16:20 --> Controller "App\Controllers\Students" loaded.
INFO - 2020-05-12 23:16:20 --> Fetching All Leave details
INFO - 2020-05-12 23:21:53 --> Controller "App\Controllers\Students" loaded.
INFO - 2020-05-12 23:21:53 --> Fetching All Leave details
INFO - 2020-05-12 23:22:08 --> Controller "App\Controllers\Students" loaded.
INFO - 2020-05-12 23:22:08 --> Fetching All Leave details
INFO - 2020-05-12 23:27:12 --> Controller "App\Controllers\Sections" loaded.
INFO - 2020-05-12 23:27:12 --> Controller "App\Controllers\Dashboards" loaded.
INFO - 2020-05-12 23:27:12 --> Controller "App\Controllers\MessageGroups" loaded.
INFO - 2020-05-12 23:27:12 --> Fetching Sections details
INFO - 2020-05-12 23:27:12 --> Fetching MessageGroups details
INFO - 2020-05-12 23:27:12 --> Fetching Dashboard details
INFO - 2020-05-12 23:28:01 --> Controller "App\Controllers\Dashboards" loaded.
INFO - 2020-05-12 23:28:01 --> Fetching Dashboard details
INFO - 2020-05-12 23:28:42 --> Controller "App\Controllers\Sections" loaded.
INFO - 2020-05-12 23:28:42 --> Controller "App\Controllers\MessageGroups" loaded.
INFO - 2020-05-12 23:28:42 --> Fetching Sections details
INFO - 2020-05-12 23:28:42 --> Controller "App\Controllers\Dashboards" loaded.
INFO - 2020-05-12 23:28:42 --> Fetching MessageGroups details
INFO - 2020-05-12 23:28:42 --> Fetching Dashboard details
INFO - 2020-05-12 23:30:01 --> Controller "App\Controllers\Students" loaded.
INFO - 2020-05-12 23:30:01 --> Fetching All Leave details
INFO - 2020-05-12 23:30:03 --> Controller "App\Controllers\Students" loaded.
INFO - 2020-05-12 23:30:03 --> Fetching All Leave details
INFO - 2020-05-12 23:30:59 --> Controller "App\Controllers\Sections" loaded.
INFO - 2020-05-12 23:30:59 --> Fetching Sections details
INFO - 2020-05-12 23:30:59 --> Controller "App\Controllers\Dashboards" loaded.
INFO - 2020-05-12 23:30:59 --> Controller "App\Controllers\MessageGroups" loaded.
INFO - 2020-05-12 23:30:59 --> Fetching MessageGroups details
INFO - 2020-05-12 23:31:00 --> Fetching Dashboard details
INFO - 2020-05-12 23:31:11 --> Controller "App\Controllers\Students" loaded.
INFO - 2020-05-12 23:31:11 --> Fetching All Leave details
INFO - 2020-05-12 23:31:12 --> Controller "App\Controllers\Students" loaded.
INFO - 2020-05-12 23:31:12 --> Fetching All Leave details
INFO - 2020-05-12 23:31:27 --> Controller "App\Controllers\Students" loaded.
INFO - 2020-05-12 23:31:27 --> Fetching All Leave details
INFO - 2020-05-12 23:31:29 --> Controller "App\Controllers\Students" loaded.
INFO - 2020-05-12 23:31:29 --> Fetching All Leave details
INFO - 2020-05-12 23:31:44 --> Controller "App\Controllers\Students" loaded.
INFO - 2020-05-12 23:31:44 --> Fetching All Leave details
INFO - 2020-05-12 23:31:56 --> Controller "App\Controllers\Students" loaded.
INFO - 2020-05-12 23:31:56 --> Fetching All Leave details
INFO - 2020-05-12 23:32:01 --> Controller "App\Controllers\Students" loaded.
INFO - 2020-05-12 23:32:01 --> Fetching All Leave details
INFO - 2020-05-12 23:33:21 --> Controller "App\Controllers\Sections" loaded.
INFO - 2020-05-12 23:33:21 --> Controller "App\Controllers\Dashboards" loaded.
INFO - 2020-05-12 23:33:21 --> Fetching Sections details
INFO - 2020-05-12 23:33:21 --> Controller "App\Controllers\MessageGroups" loaded.
INFO - 2020-05-12 23:33:21 --> Fetching MessageGroups details
INFO - 2020-05-12 23:33:21 --> Fetching Dashboard details
INFO - 2020-05-12 23:33:31 --> Controller "App\Controllers\Sections" loaded.
INFO - 2020-05-12 23:33:31 --> Fetching Sections details
INFO - 2020-05-12 23:33:31 --> Controller "App\Controllers\MessageGroups" loaded.
INFO - 2020-05-12 23:33:31 --> Fetching MessageGroups details
INFO - 2020-05-12 23:33:31 --> Controller "App\Controllers\Dashboards" loaded.
INFO - 2020-05-12 23:33:31 --> Fetching Dashboard details
INFO - 2020-05-12 23:33:39 --> Controller "App\Controllers\Students" loaded.
INFO - 2020-05-12 23:33:39 --> Fetching All Leave details
INFO - 2020-05-12 23:33:39 --> Controller "App\Controllers\Students" loaded.
INFO - 2020-05-12 23:33:39 --> Fetching All Leave details
INFO - 2020-05-12 23:34:19 --> Controller "App\Controllers\Sections" loaded.
INFO - 2020-05-12 23:34:19 --> Controller "App\Controllers\MessageGroups" loaded.
INFO - 2020-05-12 23:34:19 --> Fetching Sections details
INFO - 2020-05-12 23:34:19 --> Fetching MessageGroups details
INFO - 2020-05-12 23:34:19 --> Controller "App\Controllers\Dashboards" loaded.
INFO - 2020-05-12 23:34:19 --> Fetching Dashboard details
INFO - 2020-05-12 23:34:24 --> Controller "App\Controllers\Students" loaded.
INFO - 2020-05-12 23:34:24 --> Fetching All Leave details
INFO - 2020-05-12 23:34:25 --> Controller "App\Controllers\Students" loaded.
INFO - 2020-05-12 23:34:25 --> Fetching All Leave details
INFO - 2020-05-12 23:34:26 --> Controller "App\Controllers\Students" loaded.
INFO - 2020-05-12 23:34:26 --> Fetching All Leave details
INFO - 2020-05-12 23:34:28 --> Controller "App\Controllers\Students" loaded.
INFO - 2020-05-12 23:34:28 --> Fetching All Leave details
INFO - 2020-05-12 23:34:28 --> Controller "App\Controllers\Students" loaded.
INFO - 2020-05-12 23:34:28 --> Fetching All Leave details
INFO - 2020-05-12 23:34:30 --> Controller "App\Controllers\Students" loaded.
INFO - 2020-05-12 23:34:30 --> Fetching All Leave details
INFO - 2020-05-12 23:34:31 --> Controller "App\Controllers\Students" loaded.
INFO - 2020-05-12 23:34:31 --> Fetching All Leave details
INFO - 2020-05-12 23:35:39 --> Controller "App\Controllers\MessageGroups" loaded.
INFO - 2020-05-12 23:35:39 --> Controller "App\Controllers\Dashboards" loaded.
INFO - 2020-05-12 23:35:39 --> Fetching MessageGroups details
INFO - 2020-05-12 23:35:39 --> Controller "App\Controllers\Sections" loaded.
INFO - 2020-05-12 23:35:39 --> Fetching Dashboard details
INFO - 2020-05-12 23:35:39 --> Fetching Sections details
INFO - 2020-05-12 23:35:44 --> Controller "App\Controllers\Students" loaded.
INFO - 2020-05-12 23:35:44 --> Fetching All Leave details
INFO - 2020-05-12 23:35:44 --> Controller "App\Controllers\Students" loaded.
INFO - 2020-05-12 23:35:44 --> Fetching All Leave details
INFO - 2020-05-12 23:35:45 --> Controller "App\Controllers\Students" loaded.
INFO - 2020-05-12 23:35:45 --> Fetching All Leave details
INFO - 2020-05-12 23:35:46 --> Controller "App\Controllers\Students" loaded.
INFO - 2020-05-12 23:35:46 --> Fetching All Leave details
INFO - 2020-05-12 23:35:47 --> Controller "App\Controllers\Students" loaded.
INFO - 2020-05-12 23:35:47 --> Fetching All Leave details
INFO - 2020-05-12 23:35:47 --> Controller "App\Controllers\Students" loaded.
INFO - 2020-05-12 23:35:48 --> Fetching All Leave details
INFO - 2020-05-12 23:36:10 --> Controller "App\Controllers\Students" loaded.
INFO - 2020-05-12 23:36:10 --> Fetching All Leave details
INFO - 2020-05-12 23:36:12 --> Controller "App\Controllers\Students" loaded.
INFO - 2020-05-12 23:36:12 --> Fetching All Leave details
INFO - 2020-05-12 23:36:24 --> Controller "App\Controllers\Students" loaded.
INFO - 2020-05-12 23:36:24 --> Fetching All Leave details
INFO - 2020-05-12 23:37:05 --> Controller "App\Controllers\Students" loaded.
INFO - 2020-05-12 23:37:05 --> Fetching Leave details with Id
INFO - 2020-05-12 23:38:01 --> Controller "App\Controllers\Sections" loaded.
INFO - 2020-05-12 23:38:01 --> Controller "App\Controllers\Dashboards" loaded.
INFO - 2020-05-12 23:38:01 --> Controller "App\Controllers\MessageGroups" loaded.
INFO - 2020-05-12 23:38:01 --> Fetching MessageGroups details
INFO - 2020-05-12 23:38:01 --> Fetching Dashboard details
INFO - 2020-05-12 23:38:01 --> Fetching Sections details
INFO - 2020-05-12 23:39:08 --> Controller "App\Controllers\Sections" loaded.
INFO - 2020-05-12 23:39:08 --> Controller "App\Controllers\Dashboards" loaded.
INFO - 2020-05-12 23:39:08 --> Controller "App\Controllers\MessageGroups" loaded.
INFO - 2020-05-12 23:39:08 --> Fetching Dashboard details
INFO - 2020-05-12 23:39:08 --> Fetching MessageGroups details
INFO - 2020-05-12 23:39:08 --> Fetching Sections details
INFO - 2020-05-12 23:40:14 --> Controller "App\Controllers\Students" loaded.
INFO - 2020-05-12 23:40:15 --> Fetching All Leave details
INFO - 2020-05-12 23:40:29 --> Controller "App\Controllers\Sections" loaded.
INFO - 2020-05-12 23:40:29 --> Controller "App\Controllers\MessageGroups" loaded.
INFO - 2020-05-12 23:40:29 --> Fetching Sections details
INFO - 2020-05-12 23:40:29 --> Controller "App\Controllers\Dashboards" loaded.
INFO - 2020-05-12 23:40:29 --> Fetching MessageGroups details
INFO - 2020-05-12 23:40:29 --> Fetching Dashboard details
INFO - 2020-05-12 23:40:52 --> Controller "App\Controllers\Students" loaded.
INFO - 2020-05-12 23:40:52 --> Fetching All Leave details
INFO - 2020-05-12 23:41:11 --> Controller "App\Controllers\Students" loaded.
INFO - 2020-05-12 23:41:11 --> Fetching All Leave details
INFO - 2020-05-12 23:41:18 --> Controller "App\Controllers\Sections" loaded.
INFO - 2020-05-12 23:41:18 --> Fetching Sections details
INFO - 2020-05-12 23:41:18 --> Controller "App\Controllers\MessageGroups" loaded.
INFO - 2020-05-12 23:41:18 --> Controller "App\Controllers\Dashboards" loaded.
INFO - 2020-05-12 23:41:18 --> Fetching MessageGroups details
INFO - 2020-05-12 23:41:18 --> Fetching Dashboard details
INFO - 2020-05-12 23:42:47 --> Controller "App\Controllers\Sections" loaded.
INFO - 2020-05-12 23:42:47 --> Fetching Sections details
INFO - 2020-05-12 23:43:58 --> Controller "App\Controllers\Sections" loaded.
INFO - 2020-05-12 23:43:58 --> Fetching Sections details
INFO - 2020-05-12 23:43:58 --> Controller "App\Controllers\MessageGroups" loaded.
INFO - 2020-05-12 23:43:58 --> Controller "App\Controllers\Dashboards" loaded.
INFO - 2020-05-12 23:43:58 --> Fetching MessageGroups details
INFO - 2020-05-12 23:43:58 --> Fetching Dashboard details
INFO - 2020-05-12 23:44:44 --> Controller "App\Controllers\Sections" loaded.
INFO - 2020-05-12 23:44:44 --> Fetching Sections details
INFO - 2020-05-12 23:46:20 --> Controller "App\Controllers\Sections" loaded.
INFO - 2020-05-12 23:46:20 --> Fetching Sections details
INFO - 2020-05-12 23:46:51 --> Controller "App\Controllers\Dashboards" loaded.
INFO - 2020-05-12 23:46:51 --> Fetching Dashboard details
INFO - 2020-05-12 23:47:13 --> Controller "App\Controllers\Sections" loaded.
INFO - 2020-05-12 23:47:13 --> Controller "App\Controllers\MessageGroups" loaded.
INFO - 2020-05-12 23:47:13 --> Controller "App\Controllers\Dashboards" loaded.
INFO - 2020-05-12 23:47:13 --> Fetching MessageGroups details
INFO - 2020-05-12 23:47:13 --> Fetching Sections details
INFO - 2020-05-12 23:47:13 --> Fetching Dashboard details
INFO - 2020-05-12 23:48:30 --> Controller "App\Controllers\Sections" loaded.
INFO - 2020-05-12 23:48:30 --> Controller "App\Controllers\MessageGroups" loaded.
INFO - 2020-05-12 23:48:30 --> Fetching MessageGroups details
INFO - 2020-05-12 23:48:30 --> Fetching Sections details
INFO - 2020-05-12 23:48:30 --> Controller "App\Controllers\Dashboards" loaded.
INFO - 2020-05-12 23:48:31 --> Fetching Dashboard details
INFO - 2020-05-12 23:53:27 --> Controller "App\Controllers\Sections" loaded.
INFO - 2020-05-12 23:54:17 --> Controller "App\Controllers\Sections" loaded.
INFO - 2020-05-12 23:54:44 --> Controller "App\Controllers\Sections" loaded.
INFO - 2020-05-12 23:54:44 --> Controller "App\Controllers\MessageGroups" loaded.
INFO - 2020-05-12 23:54:44 --> Controller "App\Controllers\Dashboards" loaded.
INFO - 2020-05-12 23:54:44 --> Fetching MessageGroups details
INFO - 2020-05-12 23:54:44 --> Fetching Dashboard details
INFO - 2020-05-12 23:54:51 --> Controller "App\Controllers\Sections" loaded.
INFO - 2020-05-12 23:54:51 --> Controller "App\Controllers\Dashboards" loaded.
INFO - 2020-05-12 23:54:51 --> Controller "App\Controllers\MessageGroups" loaded.
INFO - 2020-05-12 23:54:51 --> Fetching MessageGroups details
INFO - 2020-05-12 23:54:51 --> Fetching Dashboard details
INFO - 2020-05-12 23:55:31 --> Controller "App\Controllers\Sections" loaded.
INFO - 2020-05-12 23:55:31 --> Controller "App\Controllers\MessageGroups" loaded.
INFO - 2020-05-12 23:55:31 --> Fetching MessageGroups details
INFO - 2020-05-12 23:55:31 --> Controller "App\Controllers\Dashboards" loaded.
INFO - 2020-05-12 23:55:31 --> Fetching Dashboard details
INFO - 2020-05-12 23:59:29 --> Controller "App\Controllers\Boards" loaded.
INFO - 2020-05-12 23:59:29 --> Fetching Boards details
INFO - 2020-05-12 23:59:54 --> Controller "App\Controllers\Rooms" loaded.
INFO - 2020-05-12 23:59:54 --> Fetching room details
