INFO - 2020-12-02 08:46:26 --> Controller "App\Controllers\UserMenus" loaded.
INFO - 2020-12-02 08:46:26 --> Fetching UserMenu details
INFO - 2020-12-02 08:46:28 --> Controller "App\Controllers\IIQAForm" loaded.
INFO - 2020-12-02 08:46:28 --> Fetching IIQA Details
INFO - 2020-12-02 08:46:28 --> Controller "App\Controllers\IIQADocument" loaded.
INFO - 2020-12-02 08:46:28 --> Fetching Document Details
INFO - 2020-12-02 08:46:29 --> Controller "App\Controllers\SSRForm" loaded.
INFO - 2020-12-02 08:46:29 --> Fetching IIQA Details
INFO - 2020-12-02 08:46:31 --> Controller "App\Controllers\CommonFetch" loaded.
INFO - 2020-12-02 08:46:31 --> Fetching Uni-Language Details
INFO - 2020-12-02 08:46:31 --> Controller "App\Controllers\SSRForm" loaded.
INFO - 2020-12-02 08:46:31 --> Fetching IIQA Details
INFO - 2020-12-02 09:01:11 --> Controller "App\Controllers\UserMenus" loaded.
INFO - 2020-12-02 09:01:11 --> Fetching UserMenu details
INFO - 2020-12-02 09:02:02 --> Controller "App\Controllers\State" loaded.
INFO - 2020-12-02 09:02:02 --> Fetching IIQA Details
INFO - 2020-12-02 09:02:02 --> Controller "App\Controllers\IIQAForm" loaded.
INFO - 2020-12-02 09:02:02 --> Fetching IIQA Details
INFO - 2020-12-02 09:02:02 --> Controller "App\Controllers\CommonFetch" loaded.
INFO - 2020-12-02 09:02:02 --> Controller "App\Controllers\University" loaded.
INFO - 2020-12-02 09:02:02 --> Fetching IIQA Details
INFO - 2020-12-02 09:02:02 --> Fetching IIQA Details
INFO - 2020-12-02 09:02:02 --> Controller "App\Controllers\CommonFetch" loaded.
INFO - 2020-12-02 09:02:02 --> Controller "App\Controllers\CommonFetch" loaded.
INFO - 2020-12-02 09:02:02 --> Fetching Title Details
INFO - 2020-12-02 09:02:02 --> Fetching Title Details
INFO - 2020-12-02 09:02:02 --> Controller "App\Controllers\IIQADocument" loaded.
INFO - 2020-12-02 09:02:02 --> Fetching Document Details
INFO - 2020-12-02 09:05:53 --> Controller "App\Controllers\UserMenus" loaded.
INFO - 2020-12-02 09:05:53 --> Fetching UserMenu details
INFO - 2020-12-02 09:08:13 --> Controller "App\Controllers\IIQAForm" loaded.
INFO - 2020-12-02 09:08:13 --> Controller "App\Controllers\University" loaded.
INFO - 2020-12-02 09:08:13 --> Fetching IIQA Details
INFO - 2020-12-02 09:08:13 --> Fetching IIQA Details
INFO - 2020-12-02 09:08:13 --> Controller "App\Controllers\State" loaded.
INFO - 2020-12-02 09:08:13 --> Controller "App\Controllers\CommonFetch" loaded.
INFO - 2020-12-02 09:08:13 --> Fetching IIQA Details
INFO - 2020-12-02 09:08:13 --> Fetching IIQA Details
INFO - 2020-12-02 09:08:13 --> Controller "App\Controllers\CommonFetch" loaded.
INFO - 2020-12-02 09:08:13 --> Fetching Title Details
INFO - 2020-12-02 09:08:13 --> Controller "App\Controllers\CommonFetch" loaded.
INFO - 2020-12-02 09:08:13 --> Fetching Title Details
INFO - 2020-12-02 09:08:13 --> Controller "App\Controllers\IIQADocument" loaded.
INFO - 2020-12-02 09:08:13 --> Fetching Document Details
INFO - 2020-12-02 09:11:00 --> Controller "App\Controllers\IIQAForm" loaded.
INFO - 2020-12-02 09:11:00 --> Controller "App\Controllers\State" loaded.
INFO - 2020-12-02 09:11:00 --> Fetching IIQA Details
INFO - 2020-12-02 09:11:00 --> Controller "App\Controllers\CommonFetch" loaded.
INFO - 2020-12-02 09:11:00 --> Controller "App\Controllers\University" loaded.
INFO - 2020-12-02 09:11:00 --> Fetching IIQA Details
INFO - 2020-12-02 09:11:00 --> Fetching IIQA Details
INFO - 2020-12-02 09:11:00 --> Fetching IIQA Details
INFO - 2020-12-02 09:11:01 --> Controller "App\Controllers\CommonFetch" loaded.
INFO - 2020-12-02 09:11:01 --> Controller "App\Controllers\CommonFetch" loaded.
INFO - 2020-12-02 09:11:01 --> Fetching Title Details
INFO - 2020-12-02 09:11:01 --> Fetching Title Details
INFO - 2020-12-02 09:11:01 --> Controller "App\Controllers\IIQADocument" loaded.
INFO - 2020-12-02 09:11:01 --> Fetching Document Details
INFO - 2020-12-02 09:11:01 --> Controller "App\Controllers\IIQAForm" loaded.
INFO - 2020-12-02 09:11:01 --> Fetching IIQA Details
INFO - 2020-12-02 09:11:01 --> Controller "App\Controllers\State" loaded.
INFO - 2020-12-02 09:11:01 --> Fetching IIQA Details
INFO - 2020-12-02 09:11:01 --> Controller "App\Controllers\University" loaded.
INFO - 2020-12-02 09:11:01 --> Fetching IIQA Details
INFO - 2020-12-02 09:11:01 --> Controller "App\Controllers\CommonFetch" loaded.
INFO - 2020-12-02 09:11:01 --> Fetching Title Details
INFO - 2020-12-02 09:11:01 --> Controller "App\Controllers\IIQADocument" loaded.
INFO - 2020-12-02 09:11:01 --> Controller "App\Controllers\CommonFetch" loaded.
INFO - 2020-12-02 09:11:01 --> Controller "App\Controllers\CommonFetch" loaded.
INFO - 2020-12-02 09:11:01 --> Fetching Document Details
INFO - 2020-12-02 09:11:01 --> Fetching IIQA Details
INFO - 2020-12-02 09:11:01 --> Fetching Title Details
INFO - 2020-12-02 09:16:41 --> Controller "App\Controllers\IIQAForm" loaded.
INFO - 2020-12-02 09:16:41 --> Controller "App\Controllers\State" loaded.
INFO - 2020-12-02 09:16:41 --> Controller "App\Controllers\University" loaded.
INFO - 2020-12-02 09:16:41 --> Fetching IIQA Details
INFO - 2020-12-02 09:16:41 --> Fetching IIQA Details
INFO - 2020-12-02 09:16:41 --> Fetching IIQA Details
INFO - 2020-12-02 09:16:41 --> Controller "App\Controllers\CommonFetch" loaded.
INFO - 2020-12-02 09:16:41 --> Controller "App\Controllers\CommonFetch" loaded.
INFO - 2020-12-02 09:16:41 --> Controller "App\Controllers\CommonFetch" loaded.
INFO - 2020-12-02 09:16:41 --> Fetching IIQA Details
INFO - 2020-12-02 09:16:41 --> Fetching Title Details
INFO - 2020-12-02 09:16:41 --> Fetching Title Details
INFO - 2020-12-02 09:16:41 --> Controller "App\Controllers\IIQADocument" loaded.
INFO - 2020-12-02 09:16:41 --> Fetching Document Details
INFO - 2020-12-02 09:16:42 --> Controller "App\Controllers\IIQAForm" loaded.
INFO - 2020-12-02 09:16:42 --> Controller "App\Controllers\State" loaded.
INFO - 2020-12-02 09:16:42 --> Fetching IIQA Details
INFO - 2020-12-02 09:16:42 --> Fetching IIQA Details
INFO - 2020-12-02 09:16:42 --> Controller "App\Controllers\University" loaded.
INFO - 2020-12-02 09:16:42 --> Fetching IIQA Details
INFO - 2020-12-02 09:16:42 --> Controller "App\Controllers\CommonFetch" loaded.
INFO - 2020-12-02 09:16:42 --> Fetching Title Details
INFO - 2020-12-02 09:16:42 --> Controller "App\Controllers\CommonFetch" loaded.
INFO - 2020-12-02 09:16:42 --> Controller "App\Controllers\CommonFetch" loaded.
INFO - 2020-12-02 09:16:42 --> Fetching IIQA Details
INFO - 2020-12-02 09:16:42 --> Fetching Title Details
INFO - 2020-12-02 09:16:42 --> Controller "App\Controllers\IIQADocument" loaded.
INFO - 2020-12-02 09:16:42 --> Fetching Document Details
INFO - 2020-12-02 09:51:51 --> Controller "App\Controllers\State" loaded.
INFO - 2020-12-02 09:51:51 --> Fetching IIQA Details
INFO - 2020-12-02 09:51:51 --> Controller "App\Controllers\University" loaded.
INFO - 2020-12-02 09:51:51 --> Controller "App\Controllers\IIQAForm" loaded.
INFO - 2020-12-02 09:51:51 --> Controller "App\Controllers\CommonFetch" loaded.
INFO - 2020-12-02 09:51:51 --> Fetching IIQA Details
INFO - 2020-12-02 09:51:51 --> Fetching IIQA Details
INFO - 2020-12-02 09:51:51 --> Fetching Title Details
INFO - 2020-12-02 09:51:51 --> Controller "App\Controllers\CommonFetch" loaded.
INFO - 2020-12-02 09:51:51 --> Controller "App\Controllers\CommonFetch" loaded.
INFO - 2020-12-02 09:51:51 --> Fetching Title Details
INFO - 2020-12-02 09:51:51 --> Fetching IIQA Details
INFO - 2020-12-02 09:51:51 --> Controller "App\Controllers\IIQADocument" loaded.
INFO - 2020-12-02 09:51:51 --> Fetching Document Details
INFO - 2020-12-02 09:56:04 --> Controller "App\Controllers\IIQAForm" loaded.
INFO - 2020-12-02 09:56:04 --> Fetching IIQA Details
INFO - 2020-12-02 09:56:04 --> Controller "App\Controllers\State" loaded.
INFO - 2020-12-02 09:56:04 --> Fetching IIQA Details
INFO - 2020-12-02 09:56:04 --> Controller "App\Controllers\University" loaded.
INFO - 2020-12-02 09:56:04 --> Fetching IIQA Details
INFO - 2020-12-02 09:56:04 --> Controller "App\Controllers\CommonFetch" loaded.
INFO - 2020-12-02 09:56:04 --> Fetching Title Details
INFO - 2020-12-02 09:56:04 --> Controller "App\Controllers\CommonFetch" loaded.
INFO - 2020-12-02 09:56:04 --> Fetching IIQA Details
INFO - 2020-12-02 09:56:04 --> Controller "App\Controllers\CommonFetch" loaded.
INFO - 2020-12-02 09:56:04 --> Fetching Title Details
INFO - 2020-12-02 09:56:04 --> Controller "App\Controllers\IIQADocument" loaded.
INFO - 2020-12-02 09:56:04 --> Fetching Document Details
INFO - 2020-12-02 09:56:38 --> Controller "App\Controllers\IIQAForm" loaded.
INFO - 2020-12-02 09:56:38 --> Fetching IIQA Details
INFO - 2020-12-02 09:56:38 --> Controller "App\Controllers\State" loaded.
INFO - 2020-12-02 09:56:38 --> Fetching IIQA Details
INFO - 2020-12-02 09:56:38 --> Controller "App\Controllers\University" loaded.
INFO - 2020-12-02 09:56:38 --> Fetching IIQA Details
INFO - 2020-12-02 09:56:38 --> Controller "App\Controllers\CommonFetch" loaded.
INFO - 2020-12-02 09:56:38 --> Fetching IIQA Details
INFO - 2020-12-02 09:56:38 --> Controller "App\Controllers\CommonFetch" loaded.
INFO - 2020-12-02 09:56:38 --> Fetching Title Details
INFO - 2020-12-02 09:56:38 --> Controller "App\Controllers\CommonFetch" loaded.
INFO - 2020-12-02 09:56:38 --> Fetching Title Details
INFO - 2020-12-02 09:56:38 --> Controller "App\Controllers\IIQADocument" loaded.
INFO - 2020-12-02 09:56:38 --> Fetching Document Details
INFO - 2020-12-02 09:59:33 --> Controller "App\Controllers\State" loaded.
INFO - 2020-12-02 09:59:33 --> Controller "App\Controllers\IIQAForm" loaded.
INFO - 2020-12-02 09:59:33 --> Fetching IIQA Details
INFO - 2020-12-02 09:59:33 --> Fetching IIQA Details
INFO - 2020-12-02 09:59:33 --> Controller "App\Controllers\University" loaded.
INFO - 2020-12-02 09:59:33 --> Fetching IIQA Details
INFO - 2020-12-02 09:59:33 --> Controller "App\Controllers\CommonFetch" loaded.
INFO - 2020-12-02 09:59:33 --> Fetching Title Details
INFO - 2020-12-02 09:59:33 --> Controller "App\Controllers\CommonFetch" loaded.
INFO - 2020-12-02 09:59:33 --> Fetching Title Details
INFO - 2020-12-02 09:59:33 --> Controller "App\Controllers\CommonFetch" loaded.
INFO - 2020-12-02 09:59:33 --> Fetching IIQA Details
INFO - 2020-12-02 09:59:33 --> Controller "App\Controllers\IIQADocument" loaded.
INFO - 2020-12-02 09:59:33 --> Fetching Document Details
