INFO - 2020-04-04 04:08:46 --> Controller "App\Controllers\Users" loaded.
INFO - 2020-04-04 04:08:58 --> Controller "App\Controllers\Users" loaded.
INFO - 2020-04-04 04:09:12 --> Controller "App\Controllers\Holidays" loaded.
INFO - 2020-04-04 04:09:29 --> Controller "App\Controllers\Boards" loaded.
INFO - 2020-04-04 04:09:29 --> Controller "App\Controllers\Institutions" loaded.
INFO - 2020-04-04 04:09:29 --> Controller "App\Controllers\Sections" loaded.
INFO - 2020-04-04 04:09:29 --> Controller "App\Controllers\Standards" loaded.
INFO - 2020-04-04 04:09:31 --> Controller "App\Controllers\Boards" loaded.
INFO - 2020-04-04 04:09:31 --> Controller "App\Controllers\Institutions" loaded.
INFO - 2020-04-04 04:09:31 --> Controller "App\Controllers\Standards" loaded.
INFO - 2020-04-04 04:09:31 --> Controller "App\Controllers\Standards" loaded.
INFO - 2020-04-04 04:09:31 --> Controller "App\Controllers\Standards" loaded.
INFO - 2020-04-04 04:09:32 --> Controller "App\Controllers\Boards" loaded.
INFO - 2020-04-04 04:09:32 --> Controller "App\Controllers\Institutions" loaded.
INFO - 2020-04-04 04:09:38 --> Controller "App\Controllers\Holidays" loaded.
INFO - 2020-04-04 04:09:40 --> Controller "App\Controllers\Sections" loaded.
INFO - 2020-04-04 04:09:40 --> Controller "App\Controllers\Boards" loaded.
INFO - 2020-04-04 04:09:40 --> Controller "App\Controllers\Institutions" loaded.
INFO - 2020-04-04 04:09:40 --> Controller "App\Controllers\Standards" loaded.
INFO - 2020-04-04 04:09:44 --> Controller "App\Controllers\Holidays" loaded.
INFO - 2020-04-04 04:09:46 --> Controller "App\Controllers\Institutions" loaded.
INFO - 2020-04-04 04:09:46 --> Controller "App\Controllers\Organizations" loaded.
INFO - 2020-04-04 04:10:07 --> Controller "App\Controllers\Institutions" loaded.
INFO - 2020-04-04 04:10:07 --> Controller "App\Controllers\Organizations" loaded.
INFO - 2020-04-04 04:11:09 --> Controller "App\Controllers\Standards" loaded.
INFO - 2020-04-04 04:11:09 --> Controller "App\Controllers\Institutions" loaded.
INFO - 2020-04-04 04:11:09 --> Controller "App\Controllers\Standards" loaded.
INFO - 2020-04-04 04:11:09 --> Controller "App\Controllers\Boards" loaded.
INFO - 2020-04-04 04:11:09 --> Controller "App\Controllers\Standards" loaded.
INFO - 2020-04-04 04:11:12 --> Controller "App\Controllers\Institutions" loaded.
INFO - 2020-04-04 04:11:12 --> Controller "App\Controllers\Standards" loaded.
INFO - 2020-04-04 04:11:12 --> Controller "App\Controllers\Boards" loaded.
INFO - 2020-04-04 04:11:12 --> Controller "App\Controllers\Sections" loaded.
INFO - 2020-04-04 04:11:14 --> Controller "App\Controllers\Holidays" loaded.
INFO - 2020-04-04 04:12:48 --> Controller "App\Controllers\Boards" loaded.
INFO - 2020-04-04 04:12:48 --> Controller "App\Controllers\Standards" loaded.
INFO - 2020-04-04 04:12:48 --> Controller "App\Controllers\Standards" loaded.
INFO - 2020-04-04 04:12:48 --> Controller "App\Controllers\Institutions" loaded.
INFO - 2020-04-04 04:12:48 --> Controller "App\Controllers\Standards" loaded.
INFO - 2020-04-04 04:12:52 --> Controller "App\Controllers\Sections" loaded.
INFO - 2020-04-04 04:12:52 --> Controller "App\Controllers\Institutions" loaded.
INFO - 2020-04-04 04:12:52 --> Controller "App\Controllers\Boards" loaded.
INFO - 2020-04-04 04:12:52 --> Controller "App\Controllers\Standards" loaded.
INFO - 2020-04-04 04:12:55 --> Controller "App\Controllers\Boards" loaded.
INFO - 2020-04-04 04:12:55 --> Controller "App\Controllers\Standards" loaded.
INFO - 2020-04-04 04:12:55 --> Controller "App\Controllers\Standards" loaded.
INFO - 2020-04-04 04:12:55 --> Controller "App\Controllers\Institutions" loaded.
INFO - 2020-04-04 04:12:55 --> Controller "App\Controllers\Standards" loaded.
INFO - 2020-04-04 04:21:18 --> Controller "App\Controllers\Holidays" loaded.
INFO - 2020-04-04 04:21:29 --> Controller "App\Controllers\Holidays" loaded.
INFO - 2020-04-04 05:03:09 --> Controller "App\Controllers\Holidays" loaded.
INFO - 2020-04-04 05:06:01 --> Controller "App\Controllers\Boards" loaded.
INFO - 2020-04-04 05:06:01 --> Controller "App\Controllers\Institutions" loaded.
INFO - 2020-04-04 05:06:01 --> Controller "App\Controllers\Sections" loaded.
INFO - 2020-04-04 05:06:01 --> Controller "App\Controllers\Standards" loaded.
INFO - 2020-04-04 05:06:03 --> Controller "App\Controllers\Standards" loaded.
INFO - 2020-04-04 05:06:03 --> Controller "App\Controllers\Institutions" loaded.
INFO - 2020-04-04 05:06:03 --> Controller "App\Controllers\Standards" loaded.
INFO - 2020-04-04 05:06:03 --> Controller "App\Controllers\Boards" loaded.
INFO - 2020-04-04 05:06:03 --> Controller "App\Controllers\Standards" loaded.
INFO - 2020-04-04 05:06:39 --> Controller "App\Controllers\Sections" loaded.
INFO - 2020-04-04 05:06:39 --> Controller "App\Controllers\Boards" loaded.
INFO - 2020-04-04 05:06:39 --> Controller "App\Controllers\Institutions" loaded.
INFO - 2020-04-04 05:06:39 --> Controller "App\Controllers\Standards" loaded.
INFO - 2020-04-04 05:07:41 --> Controller "App\Controllers\Holidays" loaded.
INFO - 2020-04-04 05:07:48 --> Controller "App\Controllers\Holidays" loaded.
INFO - 2020-04-04 05:07:51 --> Controller "App\Controllers\Sections" loaded.
INFO - 2020-04-04 05:07:51 --> Controller "App\Controllers\Standards" loaded.
INFO - 2020-04-04 05:07:51 --> Controller "App\Controllers\Boards" loaded.
INFO - 2020-04-04 05:07:51 --> Controller "App\Controllers\Institutions" loaded.
INFO - 2020-04-04 05:07:56 --> Controller "App\Controllers\Boards" loaded.
INFO - 2020-04-04 05:07:56 --> Controller "App\Controllers\Sections" loaded.
INFO - 2020-04-04 05:07:56 --> Controller "App\Controllers\Institutions" loaded.
INFO - 2020-04-04 05:07:56 --> Controller "App\Controllers\Standards" loaded.
INFO - 2020-04-04 05:15:18 --> Controller "App\Controllers\Holidays" loaded.
INFO - 2020-04-04 06:57:28 --> Controller "App\Controllers\Roles" loaded.
INFO - 2020-04-04 06:57:28 --> Controller "App\Controllers\Roles" loaded.
INFO - 2020-04-04 08:29:52 --> Controller "App\Controllers\Holidays" loaded.
