INFO - 2020-03-31 23:32:45 --> Controller "App\Controllers\Institutions" loaded.
INFO - 2020-03-31 23:32:45 --> Controller "App\Controllers\Boards" loaded.
INFO - 2020-03-31 23:32:45 --> Controller "App\Controllers\Standards" loaded.
INFO - 2020-03-31 23:32:45 --> Controller "App\Controllers\Sections" loaded.
INFO - 2020-03-31 23:37:24 --> Controller "App\Controllers\Organizations" loaded.
INFO - 2020-03-31 23:37:24 --> Controller "App\Controllers\Institutions" loaded.
INFO - 2020-03-31 23:37:24 --> Controller "App\Controllers\Organizations" loaded.
INFO - 2020-03-31 23:37:34 --> Controller "App\Controllers\Institutions" loaded.
INFO - 2020-03-31 23:37:34 --> Controller "App\Controllers\Organizations" loaded.
INFO - 2020-03-31 23:37:43 --> Controller "App\Controllers\Organizations" loaded.
INFO - 2020-03-31 23:39:01 --> Controller "App\Controllers\Sections" loaded.
INFO - 2020-03-31 23:39:01 --> Controller "App\Controllers\Boards" loaded.
INFO - 2020-03-31 23:39:01 --> Controller "App\Controllers\Institutions" loaded.
INFO - 2020-03-31 23:39:01 --> Controller "App\Controllers\Standards" loaded.
INFO - 2020-03-31 23:39:20 --> Controller "App\Controllers\Boards" loaded.
INFO - 2020-03-31 23:39:20 --> Controller "App\Controllers\Sections" loaded.
INFO - 2020-03-31 23:39:20 --> Controller "App\Controllers\Institutions" loaded.
INFO - 2020-03-31 23:39:20 --> Controller "App\Controllers\Standards" loaded.
INFO - 2020-03-31 23:39:30 --> Controller "App\Controllers\Users" loaded.
INFO - 2020-03-31 23:39:41 --> Controller "App\Controllers\Users" loaded.
