INFO - 2020-04-20 00:06:05 --> Controller "App\Controllers\Organizations" loaded.
INFO - 2020-04-20 00:06:05 --> Inserting Organizations details
INFO - 2020-04-20 00:06:53 --> Controller "App\Controllers\Users" loaded.
INFO - 2020-04-20 00:07:07 --> Controller "App\Controllers\Users" loaded.
INFO - 2020-04-20 00:07:07 --> Fetching Users details
INFO - 2020-04-20 00:07:45 --> Controller "App\Controllers\Students" loaded.
INFO - 2020-04-20 00:07:45 --> Fetching Leave details with Id
INFO - 2020-04-20 00:10:58 --> Controller "App\Controllers\Students" loaded.
INFO - 2020-04-20 00:10:58 --> Fetching Leave details with Id
INFO - 2020-04-20 00:11:09 --> Controller "App\Controllers\Students" loaded.
INFO - 2020-04-20 00:11:09 --> Fetching Leave details with Id
INFO - 2020-04-20 00:41:28 --> Controller "App\Controllers\Staffs" loaded.
INFO - 2020-04-20 00:41:28 --> Fetching All Leave details
INFO - 2020-04-20 00:41:44 --> Controller "App\Controllers\Students" loaded.
INFO - 2020-04-20 00:41:44 --> Fetching All Leave details
INFO - 2020-04-20 00:42:04 --> Controller "App\Controllers\Staffs" loaded.
INFO - 2020-04-20 00:42:04 --> Fetching All Leave details
INFO - 2020-04-20 00:52:24 --> Controller "App\Controllers\Users" loaded.
INFO - 2020-04-20 00:52:24 --> Fetching Users details
INFO - 2020-04-20 00:52:47 --> Controller "App\Controllers\Staffs" loaded.
INFO - 2020-04-20 00:52:47 --> Fetching All Leave details
INFO - 2020-04-20 00:53:35 --> Controller "App\Controllers\Students" loaded.
INFO - 2020-04-20 00:53:35 --> Fetching All Leave details
INFO - 2020-04-20 00:55:22 --> Controller "App\Controllers\Users" loaded.
INFO - 2020-04-20 00:55:22 --> Fetching Users details
INFO - 2020-04-20 01:05:24 --> Controller "App\Controllers\Staffs" loaded.
INFO - 2020-04-20 01:05:24 --> Fetching All Leave details
INFO - 2020-04-20 01:49:35 --> Controller "App\Controllers\SubjectMasters" loaded.
INFO - 2020-04-20 01:49:35 --> Controller "App\Controllers\Subjects" loaded.
INFO - 2020-04-20 01:49:35 --> Controller "App\Controllers\Standards" loaded.
INFO - 2020-04-20 01:49:35 --> Fetching SubjectMasters details
INFO - 2020-04-20 01:49:35 --> Fetching Subjects details
INFO - 2020-04-20 01:49:35 --> Fetching Standards Section details
INFO - 2020-04-20 02:14:24 --> Controller "App\Controllers\Standards" loaded.
INFO - 2020-04-20 02:14:24 --> Controller "App\Controllers\SubjectMasters" loaded.
INFO - 2020-04-20 02:14:24 --> Fetching Standards Section details
INFO - 2020-04-20 02:14:24 --> Fetching SubjectMasters details
INFO - 2020-04-20 02:14:24 --> Controller "App\Controllers\Subjects" loaded.
INFO - 2020-04-20 02:14:24 --> Fetching Subjects details
INFO - 2020-04-20 02:41:01 --> Controller "App\Controllers\Holidays" loaded.
INFO - 2020-04-20 02:41:01 --> Fetching Holiday details
INFO - 2020-04-20 02:41:21 --> Controller "App\Controllers\Sections" loaded.
INFO - 2020-04-20 02:41:21 --> Fetching Sections details
INFO - 2020-04-20 02:49:48 --> Controller "App\Controllers\Sections" loaded.
INFO - 2020-04-20 02:49:48 --> Fetching Sections details
INFO - 2020-04-20 03:29:26 --> Controller "App\Controllers\Sections" loaded.
INFO - 2020-04-20 03:29:26 --> Fetching Sections details
INFO - 2020-04-20 03:29:33 --> Controller "App\Controllers\Sections" loaded.
INFO - 2020-04-20 03:29:33 --> Fetching Sections details
INFO - 2020-04-20 03:46:33 --> Controller "App\Controllers\Sections" loaded.
INFO - 2020-04-20 03:46:33 --> Fetching Sections details
INFO - 2020-04-20 03:48:16 --> Controller "App\Controllers\Sections" loaded.
INFO - 2020-04-20 03:48:16 --> Fetching Sections details
INFO - 2020-04-20 03:49:04 --> Controller "App\Controllers\Sections" loaded.
INFO - 2020-04-20 03:49:04 --> Fetching Sections details
INFO - 2020-04-20 03:49:20 --> Controller "App\Controllers\Sections" loaded.
INFO - 2020-04-20 03:49:20 --> Fetching Sections details
INFO - 2020-04-20 04:09:32 --> Controller "App\Controllers\Sections" loaded.
INFO - 2020-04-20 04:09:32 --> Fetching Sections details
INFO - 2020-04-20 04:10:19 --> Controller "App\Controllers\Sections" loaded.
INFO - 2020-04-20 04:10:19 --> Fetching Sections details
INFO - 2020-04-20 04:11:42 --> Controller "App\Controllers\Sections" loaded.
INFO - 2020-04-20 04:11:42 --> Fetching Sections details
INFO - 2020-04-20 04:12:57 --> Controller "App\Controllers\Sections" loaded.
INFO - 2020-04-20 04:12:57 --> Fetching Sections details
INFO - 2020-04-20 04:13:25 --> Controller "App\Controllers\Sections" loaded.
INFO - 2020-04-20 04:13:25 --> Fetching Sections details
INFO - 2020-04-20 04:13:55 --> Controller "App\Controllers\Sections" loaded.
INFO - 2020-04-20 04:13:55 --> Fetching Sections details
INFO - 2020-04-20 04:17:04 --> Controller "App\Controllers\Sections" loaded.
INFO - 2020-04-20 04:17:04 --> Fetching Sections details
INFO - 2020-04-20 04:18:12 --> Controller "App\Controllers\Sections" loaded.
INFO - 2020-04-20 04:18:12 --> Fetching Sections details
INFO - 2020-04-20 04:20:22 --> Controller "App\Controllers\Sections" loaded.
INFO - 2020-04-20 04:20:22 --> Fetching Sections details
INFO - 2020-04-20 04:21:17 --> Controller "App\Controllers\Sections" loaded.
INFO - 2020-04-20 04:21:17 --> Fetching Sections details
INFO - 2020-04-20 04:21:30 --> Controller "App\Controllers\Sections" loaded.
INFO - 2020-04-20 04:21:30 --> Fetching Sections details
INFO - 2020-04-20 04:22:08 --> Controller "App\Controllers\Sections" loaded.
INFO - 2020-04-20 04:22:08 --> Fetching Sections details
INFO - 2020-04-20 04:23:29 --> Controller "App\Controllers\Sections" loaded.
INFO - 2020-04-20 04:23:29 --> Fetching Sections details
INFO - 2020-04-20 04:24:10 --> Controller "App\Controllers\Sections" loaded.
INFO - 2020-04-20 04:24:10 --> Fetching Sections details
INFO - 2020-04-20 04:24:12 --> Controller "App\Controllers\Sections" loaded.
INFO - 2020-04-20 04:24:12 --> Fetching Sections details
INFO - 2020-04-20 04:25:32 --> Controller "App\Controllers\Sections" loaded.
INFO - 2020-04-20 04:25:32 --> Fetching Sections details
INFO - 2020-04-20 04:25:46 --> Controller "App\Controllers\Sections" loaded.
INFO - 2020-04-20 04:25:46 --> Fetching Sections details
INFO - 2020-04-20 04:27:11 --> Controller "App\Controllers\Sections" loaded.
INFO - 2020-04-20 04:27:11 --> Fetching Sections details
INFO - 2020-04-20 04:27:36 --> Controller "App\Controllers\Sections" loaded.
INFO - 2020-04-20 04:27:36 --> Fetching Sections details
INFO - 2020-04-20 04:28:59 --> Controller "App\Controllers\Sections" loaded.
INFO - 2020-04-20 04:28:59 --> Fetching Sections details
INFO - 2020-04-20 04:29:44 --> Controller "App\Controllers\Sections" loaded.
INFO - 2020-04-20 04:29:44 --> Fetching Sections details
INFO - 2020-04-20 04:32:15 --> Controller "App\Controllers\Sections" loaded.
INFO - 2020-04-20 04:32:15 --> Fetching Sections details
INFO - 2020-04-20 04:32:27 --> Controller "App\Controllers\Sections" loaded.
INFO - 2020-04-20 04:32:27 --> Fetching Sections details
INFO - 2020-04-20 04:32:52 --> Controller "App\Controllers\Sections" loaded.
INFO - 2020-04-20 04:32:52 --> Fetching Sections details
INFO - 2020-04-20 04:34:06 --> Controller "App\Controllers\Sections" loaded.
INFO - 2020-04-20 04:34:06 --> Fetching Sections details
INFO - 2020-04-20 04:35:47 --> Controller "App\Controllers\Sections" loaded.
INFO - 2020-04-20 04:35:47 --> Fetching Sections details
INFO - 2020-04-20 04:37:30 --> Controller "App\Controllers\Sections" loaded.
INFO - 2020-04-20 04:37:30 --> Fetching Sections details
INFO - 2020-04-20 04:42:28 --> Controller "App\Controllers\Sections" loaded.
INFO - 2020-04-20 04:42:28 --> Fetching Sections details
INFO - 2020-04-20 04:43:49 --> Controller "App\Controllers\Sections" loaded.
INFO - 2020-04-20 04:43:49 --> Fetching Sections details
INFO - 2020-04-20 04:45:40 --> Controller "App\Controllers\Sections" loaded.
INFO - 2020-04-20 04:45:40 --> Fetching Sections details
INFO - 2020-04-20 04:46:03 --> Controller "App\Controllers\Sections" loaded.
INFO - 2020-04-20 04:46:03 --> Fetching Sections details
INFO - 2020-04-20 04:55:40 --> Controller "App\Controllers\Standards" loaded.
INFO - 2020-04-20 04:55:40 --> Fetching Standards Section details
INFO - 2020-04-20 04:55:40 --> Controller "App\Controllers\SubjectMasters" loaded.
INFO - 2020-04-20 04:55:40 --> Fetching SubjectMasters details
INFO - 2020-04-20 04:55:40 --> Controller "App\Controllers\Subjects" loaded.
INFO - 2020-04-20 04:55:40 --> Fetching Subjects details
INFO - 2020-04-20 04:57:45 --> Controller "App\Controllers\Sections" loaded.
INFO - 2020-04-20 04:57:45 --> Fetching Sections details
INFO - 2020-04-20 04:58:04 --> Controller "App\Controllers\Sections" loaded.
INFO - 2020-04-20 04:58:04 --> Fetching Sections details
INFO - 2020-04-20 06:33:03 --> Controller "App\Controllers\Standards" loaded.
INFO - 2020-04-20 06:33:03 --> Fetching Standards Section details
INFO - 2020-04-20 06:33:03 --> Controller "App\Controllers\SubjectMasters" loaded.
INFO - 2020-04-20 06:33:03 --> Fetching SubjectMasters details
INFO - 2020-04-20 06:33:03 --> Controller "App\Controllers\Subjects" loaded.
INFO - 2020-04-20 06:33:03 --> Fetching Subjects details
INFO - 2020-04-20 06:33:06 --> Controller "App\Controllers\SubjectMasters" loaded.
INFO - 2020-04-20 06:33:06 --> Fetching SubjectMasters details
INFO - 2020-04-20 06:41:57 --> Controller "App\Controllers\LeaveManagements" loaded.
INFO - 2020-04-20 06:42:43 --> Controller "App\Controllers\SubjectMasters" loaded.
INFO - 2020-04-20 06:42:43 --> Fetching SubjectMasters details
INFO - 2020-04-20 06:43:59 --> Controller "App\Controllers\Sections" loaded.
INFO - 2020-04-20 06:43:59 --> Fetching Sections details
INFO - 2020-04-20 06:55:46 --> Controller "App\Controllers\Sections" loaded.
INFO - 2020-04-20 06:55:46 --> Fetching Sections details
INFO - 2020-04-20 06:55:46 --> Controller "App\Controllers\Sections" loaded.
INFO - 2020-04-20 06:55:46 --> Fetching Sections details
INFO - 2020-04-20 06:56:11 --> Controller "App\Controllers\Sections" loaded.
INFO - 2020-04-20 06:56:11 --> Fetching Sections details
INFO - 2020-04-20 06:56:13 --> Controller "App\Controllers\Sections" loaded.
INFO - 2020-04-20 06:56:13 --> Fetching Sections details
INFO - 2020-04-20 07:07:44 --> Controller "App\Controllers\Sections" loaded.
INFO - 2020-04-20 07:07:44 --> Fetching Sections details
INFO - 2020-04-20 07:07:44 --> Controller "App\Controllers\Sections" loaded.
INFO - 2020-04-20 07:07:44 --> Fetching Sections details
INFO - 2020-04-20 07:09:17 --> Controller "App\Controllers\Sections" loaded.
INFO - 2020-04-20 07:09:17 --> Fetching Sections details
INFO - 2020-04-20 07:09:17 --> Controller "App\Controllers\Sections" loaded.
INFO - 2020-04-20 07:09:17 --> Fetching Sections details
INFO - 2020-04-20 07:09:46 --> Controller "App\Controllers\Sections" loaded.
INFO - 2020-04-20 07:09:46 --> Fetching Sections details
INFO - 2020-04-20 07:12:14 --> Controller "App\Controllers\Sections" loaded.
INFO - 2020-04-20 07:12:14 --> Fetching Sections details
INFO - 2020-04-20 07:17:23 --> Controller "App\Controllers\Sections" loaded.
INFO - 2020-04-20 07:17:23 --> Fetching Sections details
INFO - 2020-04-20 08:13:12 --> Controller "App\Controllers\Staffs" loaded.
INFO - 2020-04-20 08:13:12 --> Fetching All Leave details
INFO - 2020-04-20 08:13:37 --> Controller "App\Controllers\Staffs" loaded.
INFO - 2020-04-20 08:13:37 --> Fetching All Leave details
INFO - 2020-04-20 08:13:50 --> Controller "App\Controllers\Staffs" loaded.
INFO - 2020-04-20 08:13:50 --> Fetching All Leave details
INFO - 2020-04-20 08:26:53 --> Controller "App\Controllers\Staffs" loaded.
CRITICAL - 2020-04-20 08:26:53 --> syntax error, unexpected 'public' (T_PUBLIC), expecting end of file
#0 /var/www/html/server_4/system/Autoloader/Autoloader.php(296): CodeIgniter\Autoloader\Autoloader->requireFile('/var/www/html/s...')
#1 /var/www/html/server_4/system/Autoloader/Autoloader.php(258): CodeIgniter\Autoloader\Autoloader->loadInNamespace('App\\Models\\Comm...')
#2 [internal function]: CodeIgniter\Autoloader\Autoloader->loadClass('App\\Models\\Comm...')
#3 /var/www/html/server_4/app/Controllers/Staffs.php(17): spl_autoload_call('App\\Models\\Comm...')
#4 /var/www/html/server_4/system/CodeIgniter.php(910): App\Controllers\Staffs->get_data()
#5 /var/www/html/server_4/system/CodeIgniter.php(398): CodeIgniter\CodeIgniter->runController(Object(App\Controllers\Staffs))
#6 /var/www/html/server_4/system/CodeIgniter.php(306): CodeIgniter\CodeIgniter->handleRequest(NULL, Object(Config\Cache), false)
#7 /var/www/html/server_4/public/index.php(45): CodeIgniter\CodeIgniter->run()
#8 {main}
INFO - 2020-04-20 08:26:59 --> Controller "App\Controllers\Staffs" loaded.
CRITICAL - 2020-04-20 08:26:59 --> syntax error, unexpected 'public' (T_PUBLIC), expecting end of file
#0 /var/www/html/server_4/system/Autoloader/Autoloader.php(296): CodeIgniter\Autoloader\Autoloader->requireFile('/var/www/html/s...')
#1 /var/www/html/server_4/system/Autoloader/Autoloader.php(258): CodeIgniter\Autoloader\Autoloader->loadInNamespace('App\\Models\\Comm...')
#2 [internal function]: CodeIgniter\Autoloader\Autoloader->loadClass('App\\Models\\Comm...')
#3 /var/www/html/server_4/app/Controllers/Staffs.php(17): spl_autoload_call('App\\Models\\Comm...')
#4 /var/www/html/server_4/system/CodeIgniter.php(910): App\Controllers\Staffs->get_data()
#5 /var/www/html/server_4/system/CodeIgniter.php(398): CodeIgniter\CodeIgniter->runController(Object(App\Controllers\Staffs))
#6 /var/www/html/server_4/system/CodeIgniter.php(306): CodeIgniter\CodeIgniter->handleRequest(NULL, Object(Config\Cache), false)
#7 /var/www/html/server_4/public/index.php(45): CodeIgniter\CodeIgniter->run()
#8 {main}
INFO - 2020-04-20 08:27:00 --> Controller "App\Controllers\Staffs" loaded.
CRITICAL - 2020-04-20 08:27:00 --> syntax error, unexpected 'public' (T_PUBLIC), expecting end of file
#0 /var/www/html/server_4/system/Autoloader/Autoloader.php(296): CodeIgniter\Autoloader\Autoloader->requireFile('/var/www/html/s...')
#1 /var/www/html/server_4/system/Autoloader/Autoloader.php(258): CodeIgniter\Autoloader\Autoloader->loadInNamespace('App\\Models\\Comm...')
#2 [internal function]: CodeIgniter\Autoloader\Autoloader->loadClass('App\\Models\\Comm...')
#3 /var/www/html/server_4/app/Controllers/Staffs.php(17): spl_autoload_call('App\\Models\\Comm...')
#4 /var/www/html/server_4/system/CodeIgniter.php(910): App\Controllers\Staffs->get_data()
#5 /var/www/html/server_4/system/CodeIgniter.php(398): CodeIgniter\CodeIgniter->runController(Object(App\Controllers\Staffs))
#6 /var/www/html/server_4/system/CodeIgniter.php(306): CodeIgniter\CodeIgniter->handleRequest(NULL, Object(Config\Cache), false)
#7 /var/www/html/server_4/public/index.php(45): CodeIgniter\CodeIgniter->run()
#8 {main}
INFO - 2020-04-20 08:27:00 --> Controller "App\Controllers\Staffs" loaded.
CRITICAL - 2020-04-20 08:27:00 --> syntax error, unexpected 'public' (T_PUBLIC), expecting end of file
#0 /var/www/html/server_4/system/Autoloader/Autoloader.php(296): CodeIgniter\Autoloader\Autoloader->requireFile('/var/www/html/s...')
#1 /var/www/html/server_4/system/Autoloader/Autoloader.php(258): CodeIgniter\Autoloader\Autoloader->loadInNamespace('App\\Models\\Comm...')
#2 [internal function]: CodeIgniter\Autoloader\Autoloader->loadClass('App\\Models\\Comm...')
#3 /var/www/html/server_4/app/Controllers/Staffs.php(17): spl_autoload_call('App\\Models\\Comm...')
#4 /var/www/html/server_4/system/CodeIgniter.php(910): App\Controllers\Staffs->get_data()
#5 /var/www/html/server_4/system/CodeIgniter.php(398): CodeIgniter\CodeIgniter->runController(Object(App\Controllers\Staffs))
#6 /var/www/html/server_4/system/CodeIgniter.php(306): CodeIgniter\CodeIgniter->handleRequest(NULL, Object(Config\Cache), false)
#7 /var/www/html/server_4/public/index.php(45): CodeIgniter\CodeIgniter->run()
#8 {main}
INFO - 2020-04-20 08:27:02 --> Controller "App\Controllers\Staffs" loaded.
CRITICAL - 2020-04-20 08:27:02 --> syntax error, unexpected 'public' (T_PUBLIC), expecting end of file
#0 /var/www/html/server_4/system/Autoloader/Autoloader.php(296): CodeIgniter\Autoloader\Autoloader->requireFile('/var/www/html/s...')
#1 /var/www/html/server_4/system/Autoloader/Autoloader.php(258): CodeIgniter\Autoloader\Autoloader->loadInNamespace('App\\Models\\Comm...')
#2 [internal function]: CodeIgniter\Autoloader\Autoloader->loadClass('App\\Models\\Comm...')
#3 /var/www/html/server_4/app/Controllers/Staffs.php(17): spl_autoload_call('App\\Models\\Comm...')
#4 /var/www/html/server_4/system/CodeIgniter.php(910): App\Controllers\Staffs->get_data()
#5 /var/www/html/server_4/system/CodeIgniter.php(398): CodeIgniter\CodeIgniter->runController(Object(App\Controllers\Staffs))
#6 /var/www/html/server_4/system/CodeIgniter.php(306): CodeIgniter\CodeIgniter->handleRequest(NULL, Object(Config\Cache), false)
#7 /var/www/html/server_4/public/index.php(45): CodeIgniter\CodeIgniter->run()
#8 {main}
INFO - 2020-04-20 08:27:03 --> Controller "App\Controllers\Staffs" loaded.
CRITICAL - 2020-04-20 08:27:03 --> syntax error, unexpected 'public' (T_PUBLIC), expecting end of file
#0 /var/www/html/server_4/system/Autoloader/Autoloader.php(296): CodeIgniter\Autoloader\Autoloader->requireFile('/var/www/html/s...')
#1 /var/www/html/server_4/system/Autoloader/Autoloader.php(258): CodeIgniter\Autoloader\Autoloader->loadInNamespace('App\\Models\\Comm...')
#2 [internal function]: CodeIgniter\Autoloader\Autoloader->loadClass('App\\Models\\Comm...')
#3 /var/www/html/server_4/app/Controllers/Staffs.php(17): spl_autoload_call('App\\Models\\Comm...')
#4 /var/www/html/server_4/system/CodeIgniter.php(910): App\Controllers\Staffs->get_data()
#5 /var/www/html/server_4/system/CodeIgniter.php(398): CodeIgniter\CodeIgniter->runController(Object(App\Controllers\Staffs))
#6 /var/www/html/server_4/system/CodeIgniter.php(306): CodeIgniter\CodeIgniter->handleRequest(NULL, Object(Config\Cache), false)
#7 /var/www/html/server_4/public/index.php(45): CodeIgniter\CodeIgniter->run()
#8 {main}
INFO - 2020-04-20 08:27:12 --> Controller "App\Controllers\Feedbacks" loaded.
INFO - 2020-04-20 08:27:12 --> Fetching Feedback details
INFO - 2020-04-20 08:27:26 --> Controller "App\Controllers\Staffs" loaded.
CRITICAL - 2020-04-20 08:27:26 --> syntax error, unexpected 'public' (T_PUBLIC), expecting end of file
#0 /var/www/html/server_4/system/Autoloader/Autoloader.php(296): CodeIgniter\Autoloader\Autoloader->requireFile('/var/www/html/s...')
#1 /var/www/html/server_4/system/Autoloader/Autoloader.php(258): CodeIgniter\Autoloader\Autoloader->loadInNamespace('App\\Models\\Comm...')
#2 [internal function]: CodeIgniter\Autoloader\Autoloader->loadClass('App\\Models\\Comm...')
#3 /var/www/html/server_4/app/Controllers/Staffs.php(17): spl_autoload_call('App\\Models\\Comm...')
#4 /var/www/html/server_4/system/CodeIgniter.php(910): App\Controllers\Staffs->get_data()
#5 /var/www/html/server_4/system/CodeIgniter.php(398): CodeIgniter\CodeIgniter->runController(Object(App\Controllers\Staffs))
#6 /var/www/html/server_4/system/CodeIgniter.php(306): CodeIgniter\CodeIgniter->handleRequest(NULL, Object(Config\Cache), false)
#7 /var/www/html/server_4/public/index.php(45): CodeIgniter\CodeIgniter->run()
#8 {main}
INFO - 2020-04-20 08:31:09 --> Controller "App\Controllers\Staffs" loaded.
INFO - 2020-04-20 08:31:09 --> Fetching All Leave details
INFO - 2020-04-20 08:35:56 --> Controller "App\Controllers\Students" loaded.
INFO - 2020-04-20 08:35:56 --> Fetching All Leave details
INFO - 2020-04-20 08:37:25 --> Controller "App\Controllers\Students" loaded.
INFO - 2020-04-20 08:37:25 --> Fetching Leave details with Id
INFO - 2020-04-20 08:37:47 --> Controller "App\Controllers\Staffs" loaded.
INFO - 2020-04-20 08:37:47 --> Fetching Leave details with Id
INFO - 2020-04-20 08:50:06 --> Controller "App\Controllers\Staffs" loaded.
INFO - 2020-04-20 08:50:06 --> Fetching Leave details with Id
INFO - 2020-04-20 08:50:28 --> Controller "App\Controllers\Students" loaded.
INFO - 2020-04-20 08:50:28 --> Fetching Leave details with Id
INFO - 2020-04-20 09:25:02 --> Controller "App\Controllers\SubjectMasters" loaded.
INFO - 2020-04-20 09:25:02 --> Controller "App\Controllers\Standards" loaded.
INFO - 2020-04-20 09:25:02 --> Fetching SubjectMasters details
INFO - 2020-04-20 09:25:02 --> Fetching Standards Section details
INFO - 2020-04-20 09:25:02 --> Controller "App\Controllers\Subjects" loaded.
INFO - 2020-04-20 09:25:02 --> Fetching Subjects details
INFO - 2020-04-20 09:54:37 --> Controller "App\Controllers\Standards" loaded.
INFO - 2020-04-20 09:54:37 --> Fetching Standards Section details
INFO - 2020-04-20 09:54:37 --> Controller "App\Controllers\SubjectMasters" loaded.
INFO - 2020-04-20 09:54:37 --> Fetching SubjectMasters details
INFO - 2020-04-20 09:54:37 --> Controller "App\Controllers\Subjects" loaded.
INFO - 2020-04-20 09:54:37 --> Fetching Subjects details
INFO - 2020-04-20 11:54:11 --> Controller "App\Controllers\Holidays" loaded.
INFO - 2020-04-20 11:54:11 --> Fetching Holiday details
INFO - 2020-04-20 12:00:00 --> Controller "App\Controllers\Students" loaded.
INFO - 2020-04-20 12:00:00 --> Fetching All Leave details
INFO - 2020-04-20 12:00:38 --> Controller "App\Controllers\Sections" loaded.
INFO - 2020-04-20 12:00:38 --> Fetching Sections details
INFO - 2020-04-20 12:00:40 --> Controller "App\Controllers\Students" loaded.
INFO - 2020-04-20 12:00:40 --> Fetching All Leave details
INFO - 2020-04-20 12:01:03 --> Controller "App\Controllers\Students" loaded.
INFO - 2020-04-20 12:01:03 --> Fetching All Leave details
INFO - 2020-04-20 12:01:26 --> Controller "App\Controllers\Sections" loaded.
INFO - 2020-04-20 12:01:26 --> Fetching Sections details
INFO - 2020-04-20 12:03:13 --> Controller "App\Controllers\Holidays" loaded.
INFO - 2020-04-20 12:03:13 --> Fetching Holiday details
INFO - 2020-04-20 12:03:25 --> Controller "App\Controllers\Sections" loaded.
INFO - 2020-04-20 12:03:25 --> Fetching Sections details
INFO - 2020-04-20 12:04:39 --> Controller "App\Controllers\Sections" loaded.
INFO - 2020-04-20 12:04:39 --> Fetching Sections details
INFO - 2020-04-20 12:05:11 --> Controller "App\Controllers\Sections" loaded.
INFO - 2020-04-20 12:05:11 --> Fetching Sections details
INFO - 2020-04-20 12:07:14 --> Controller "App\Controllers\Sections" loaded.
INFO - 2020-04-20 12:07:14 --> Fetching Sections details
INFO - 2020-04-20 12:07:39 --> Controller "App\Controllers\LeaveManagements" loaded.
INFO - 2020-04-20 12:07:39 --> Fetching All Leave details
INFO - 2020-04-20 12:12:16 --> Controller "App\Controllers\LeaveTypes" loaded.
ERROR - 2020-04-20 12:12:16 --> [ERROR] Unknown column 'l.leave_status' in 'field list' SYSTEMPATH/Database/MySQLi/Connection.php:330
INFO - 2020-04-20 12:12:32 --> Controller "App\Controllers\LeaveTypes" loaded.
ERROR - 2020-04-20 12:12:32 --> [ERROR] Unknown column 'l.leave_status' in 'field list' SYSTEMPATH/Database/MySQLi/Connection.php:330
INFO - 2020-04-20 12:12:33 --> Controller "App\Controllers\LeaveTypes" loaded.
ERROR - 2020-04-20 12:12:33 --> [ERROR] Unknown column 'l.leave_status' in 'field list' SYSTEMPATH/Database/MySQLi/Connection.php:330
INFO - 2020-04-20 12:13:55 --> Controller "App\Controllers\LeaveTypes" loaded.
ERROR - 2020-04-20 12:13:55 --> [ERROR] Unknown column 'l.leave_status' in 'field list' SYSTEMPATH/Database/MySQLi/Connection.php:330
INFO - 2020-04-20 12:13:56 --> Controller "App\Controllers\LeaveTypes" loaded.
ERROR - 2020-04-20 12:13:56 --> [ERROR] Unknown column 'l.leave_status' in 'field list' SYSTEMPATH/Database/MySQLi/Connection.php:330
INFO - 2020-04-20 12:13:57 --> Controller "App\Controllers\LeaveTypes" loaded.
ERROR - 2020-04-20 12:13:57 --> [ERROR] Unknown column 'l.leave_status' in 'field list' SYSTEMPATH/Database/MySQLi/Connection.php:330
INFO - 2020-04-20 12:14:19 --> Controller "App\Controllers\LeaveTypes" loaded.
ERROR - 2020-04-20 12:14:19 --> [ERROR] Unknown column 'l.leave_status' in 'field list' SYSTEMPATH/Database/MySQLi/Connection.php:330
INFO - 2020-04-20 12:14:59 --> Controller "App\Controllers\LeaveTypes" loaded.
ERROR - 2020-04-20 12:14:59 --> [ERROR] Unknown column 'l.leave_status' in 'field list' SYSTEMPATH/Database/MySQLi/Connection.php:330
INFO - 2020-04-20 12:15:04 --> Controller "App\Controllers\LeaveTypes" loaded.
ERROR - 2020-04-20 12:15:04 --> [ERROR] Unknown column 'l.leave_status' in 'field list' SYSTEMPATH/Database/MySQLi/Connection.php:330
INFO - 2020-04-20 12:18:45 --> Controller "App\Controllers\LeaveTypes" loaded.
ERROR - 2020-04-20 12:18:45 --> [ERROR] Unknown column 'l.leave_status' in 'field list' SYSTEMPATH/Database/MySQLi/Connection.php:330
INFO - 2020-04-20 12:18:46 --> Controller "App\Controllers\LeaveTypes" loaded.
ERROR - 2020-04-20 12:18:46 --> [ERROR] Unknown column 'l.leave_status' in 'field list' SYSTEMPATH/Database/MySQLi/Connection.php:330
INFO - 2020-04-20 12:18:46 --> Controller "App\Controllers\LeaveTypes" loaded.
ERROR - 2020-04-20 12:18:46 --> [ERROR] Unknown column 'l.leave_status' in 'field list' SYSTEMPATH/Database/MySQLi/Connection.php:330
INFO - 2020-04-20 12:18:47 --> Controller "App\Controllers\LeaveTypes" loaded.
ERROR - 2020-04-20 12:18:47 --> [ERROR] Unknown column 'l.leave_status' in 'field list' SYSTEMPATH/Database/MySQLi/Connection.php:330
INFO - 2020-04-20 12:18:47 --> Controller "App\Controllers\LeaveTypes" loaded.
ERROR - 2020-04-20 12:18:47 --> [ERROR] Unknown column 'l.leave_status' in 'field list' SYSTEMPATH/Database/MySQLi/Connection.php:330
INFO - 2020-04-20 12:18:50 --> Controller "App\Controllers\LeaveTypes" loaded.
ERROR - 2020-04-20 12:18:50 --> [ERROR] Unknown column 'l.leave_status' in 'field list' SYSTEMPATH/Database/MySQLi/Connection.php:330
INFO - 2020-04-20 12:18:51 --> Controller "App\Controllers\LeaveTypes" loaded.
ERROR - 2020-04-20 12:18:51 --> [ERROR] Unknown column 'l.leave_status' in 'field list' SYSTEMPATH/Database/MySQLi/Connection.php:330
INFO - 2020-04-20 12:20:39 --> Controller "App\Controllers\Sections" loaded.
INFO - 2020-04-20 12:20:39 --> Fetching Sections details
INFO - 2020-04-20 12:21:30 --> Controller "App\Controllers\LeaveTypes" loaded.
ERROR - 2020-04-20 12:21:30 --> [ERROR] Unknown column 'l.leave_status' in 'field list' SYSTEMPATH/Database/MySQLi/Connection.php:330
INFO - 2020-04-20 12:21:31 --> Controller "App\Controllers\LeaveTypes" loaded.
ERROR - 2020-04-20 12:21:31 --> [ERROR] Unknown column 'l.leave_status' in 'field list' SYSTEMPATH/Database/MySQLi/Connection.php:330
INFO - 2020-04-20 12:21:32 --> Controller "App\Controllers\LeaveTypes" loaded.
ERROR - 2020-04-20 12:21:32 --> [ERROR] Unknown column 'l.leave_status' in 'field list' SYSTEMPATH/Database/MySQLi/Connection.php:330
INFO - 2020-04-20 12:21:32 --> Controller "App\Controllers\LeaveTypes" loaded.
ERROR - 2020-04-20 12:21:32 --> [ERROR] Unknown column 'l.leave_status' in 'field list' SYSTEMPATH/Database/MySQLi/Connection.php:330
INFO - 2020-04-20 12:21:45 --> Controller "App\Controllers\Feedbacks" loaded.
INFO - 2020-04-20 12:21:45 --> Fetching Feedback details
INFO - 2020-04-20 12:21:56 --> Controller "App\Controllers\LeaveTypes" loaded.
ERROR - 2020-04-20 12:21:56 --> [ERROR] Unknown column 'l.leave_status' in 'field list' SYSTEMPATH/Database/MySQLi/Connection.php:330
INFO - 2020-04-20 12:23:03 --> Controller "App\Controllers\Sections" loaded.
INFO - 2020-04-20 12:23:03 --> Fetching Sections details
INFO - 2020-04-20 12:23:05 --> Controller "App\Controllers\Holidays" loaded.
INFO - 2020-04-20 12:23:05 --> Fetching Holiday details
INFO - 2020-04-20 12:23:09 --> Controller "App\Controllers\LeaveTypes" loaded.
INFO - 2020-04-20 12:23:09 --> Fetching LeaveTypes details
INFO - 2020-04-20 12:24:21 --> Controller "App\Controllers\LeaveTypes" loaded.
ERROR - 2020-04-20 12:24:21 --> [ERROR] Unknown column 'l.leave_status' in 'field list' SYSTEMPATH/Database/MySQLi/Connection.php:330
INFO - 2020-04-20 12:26:02 --> Controller "App\Controllers\LeaveTypes" loaded.
ERROR - 2020-04-20 12:26:02 --> [ERROR] Unknown column 'l.leave_status' in 'field list' SYSTEMPATH/Database/MySQLi/Connection.php:330
INFO - 2020-04-20 12:28:59 --> Controller "App\Controllers\LeaveTypes" loaded.
INFO - 2020-04-20 12:28:59 --> Fetching LeaveTypes details
INFO - 2020-04-20 12:30:13 --> Controller "App\Controllers\LeaveTypes" loaded.
INFO - 2020-04-20 12:30:13 --> Fetching LeaveTypes details
INFO - 2020-04-20 12:31:39 --> Controller "App\Controllers\LeaveTypes" loaded.
INFO - 2020-04-20 12:31:39 --> Inserting LeaveTypes details
INFO - 2020-04-20 12:31:43 --> Controller "App\Controllers\LeaveTypes" loaded.
INFO - 2020-04-20 12:31:43 --> Fetching LeaveTypes details
INFO - 2020-04-20 12:33:17 --> Controller "App\Controllers\Subjects" loaded.
INFO - 2020-04-20 12:33:17 --> Fetching Subjects details
INFO - 2020-04-20 12:33:23 --> Controller "App\Controllers\Subjects" loaded.
INFO - 2020-04-20 12:33:23 --> Fetching Subjects details
INFO - 2020-04-20 12:33:59 --> Controller "App\Controllers\LeaveTypes" loaded.
INFO - 2020-04-20 12:33:59 --> Updating LeaveTypes details
INFO - 2020-04-20 12:34:04 --> Controller "App\Controllers\Subjects" loaded.
INFO - 2020-04-20 12:34:04 --> Fetching Subjects details
INFO - 2020-04-20 12:35:17 --> Controller "App\Controllers\Subjects" loaded.
INFO - 2020-04-20 12:35:17 --> Fetching Subjects details
INFO - 2020-04-20 12:35:42 --> Controller "App\Controllers\LeaveManagements" loaded.
INFO - 2020-04-20 12:35:42 --> Fetching All Leave details
INFO - 2020-04-20 12:36:19 --> Controller "App\Controllers\Subjects" loaded.
INFO - 2020-04-20 12:36:19 --> Fetching Subjects details
INFO - 2020-04-20 12:37:04 --> Controller "App\Controllers\LeaveManagements" loaded.
INFO - 2020-04-20 12:37:04 --> Fetching Leave details with Id
INFO - 2020-04-20 12:38:47 --> Controller "App\Controllers\LeaveManagements" loaded.
INFO - 2020-04-20 12:39:52 --> Controller "App\Controllers\LeaveManagements" loaded.
INFO - 2020-04-20 12:49:45 --> Controller "App\Controllers\Subjects" loaded.
INFO - 2020-04-20 12:49:45 --> Fetching Subjects details
INFO - 2020-04-20 13:03:37 --> Controller "App\Controllers\Subjects" loaded.
INFO - 2020-04-20 13:03:37 --> Fetching Subjects details
INFO - 2020-04-20 13:04:06 --> Controller "App\Controllers\Subjects" loaded.
INFO - 2020-04-20 13:04:06 --> Fetching Subjects details
INFO - 2020-04-20 13:06:20 --> Controller "App\Controllers\Subjects" loaded.
INFO - 2020-04-20 13:06:20 --> Fetching Subjects details
INFO - 2020-04-20 13:07:30 --> Controller "App\Controllers\Subjects" loaded.
INFO - 2020-04-20 13:07:30 --> Fetching Subjects details
INFO - 2020-04-20 13:09:08 --> Controller "App\Controllers\Sections" loaded.
INFO - 2020-04-20 13:09:08 --> Fetching Sections details
INFO - 2020-04-20 13:12:54 --> Controller "App\Controllers\Sections" loaded.
INFO - 2020-04-20 13:12:54 --> Fetching Sections details
INFO - 2020-04-20 13:12:57 --> Controller "App\Controllers\Subjects" loaded.
INFO - 2020-04-20 13:12:57 --> Fetching Subjects details
INFO - 2020-04-20 13:14:27 --> Controller "App\Controllers\Subjects" loaded.
INFO - 2020-04-20 13:14:27 --> Fetching Subjects details
INFO - 2020-04-20 13:20:45 --> Controller "App\Controllers\Subjects" loaded.
INFO - 2020-04-20 13:20:45 --> Fetching Subjects details
INFO - 2020-04-20 13:20:50 --> Controller "App\Controllers\Sections" loaded.
INFO - 2020-04-20 13:20:50 --> Fetching Sections details
INFO - 2020-04-20 13:20:52 --> Controller "App\Controllers\Subjects" loaded.
INFO - 2020-04-20 13:20:52 --> Fetching Subjects details
INFO - 2020-04-20 13:21:49 --> Controller "App\Controllers\Subjects" loaded.
INFO - 2020-04-20 13:21:49 --> Fetching Subjects details
INFO - 2020-04-20 13:26:46 --> Controller "App\Controllers\Sections" loaded.
INFO - 2020-04-20 13:26:46 --> Fetching Sections details
INFO - 2020-04-20 13:26:48 --> Controller "App\Controllers\Subjects" loaded.
INFO - 2020-04-20 13:26:48 --> Fetching Subjects details
INFO - 2020-04-20 13:26:50 --> Controller "App\Controllers\Sections" loaded.
INFO - 2020-04-20 13:26:50 --> Fetching Sections details
INFO - 2020-04-20 13:26:52 --> Controller "App\Controllers\Subjects" loaded.
INFO - 2020-04-20 13:26:52 --> Fetching Subjects details
INFO - 2020-04-20 13:27:57 --> Controller "App\Controllers\Subjects" loaded.
INFO - 2020-04-20 13:27:57 --> Fetching Subjects details
INFO - 2020-04-20 20:27:10 --> Controller "App\Controllers\Standards" loaded.
INFO - 2020-04-20 20:27:10 --> Fetching Standards Section details
INFO - 2020-04-20 20:27:10 --> Controller "App\Controllers\SubjectMasters" loaded.
INFO - 2020-04-20 20:27:10 --> Fetching SubjectMasters details
INFO - 2020-04-20 20:27:10 --> Controller "App\Controllers\Subjects" loaded.
INFO - 2020-04-20 20:27:10 --> Fetching Subjects details
INFO - 2020-04-20 21:16:19 --> Controller "App\Controllers\SubjectMasters" loaded.
INFO - 2020-04-20 21:16:19 --> Controller "App\Controllers\Standards" loaded.
INFO - 2020-04-20 21:16:19 --> Fetching SubjectMasters details
INFO - 2020-04-20 21:16:19 --> Fetching Standards Section details
INFO - 2020-04-20 21:16:19 --> Controller "App\Controllers\Subjects" loaded.
INFO - 2020-04-20 21:16:19 --> Fetching Subjects details
INFO - 2020-04-20 21:17:26 --> Controller "App\Controllers\Students" loaded.
INFO - 2020-04-20 21:17:26 --> Fetching All Leave details
INFO - 2020-04-20 21:18:23 --> Controller "App\Controllers\LeaveTypes" loaded.
INFO - 2020-04-20 21:18:23 --> Fetching LeaveTypes details
INFO - 2020-04-20 21:27:05 --> Controller "App\Controllers\Holidays" loaded.
INFO - 2020-04-20 21:27:05 --> Fetching Holiday details
INFO - 2020-04-20 21:28:44 --> Controller "App\Controllers\LeaveTypes" loaded.
INFO - 2020-04-20 21:28:44 --> Fetching LeaveTypes details
INFO - 2020-04-20 21:34:50 --> Controller "App\Controllers\LeaveTypes" loaded.
INFO - 2020-04-20 21:34:50 --> Fetching LeaveTypes details
INFO - 2020-04-20 21:35:24 --> Controller "App\Controllers\Standards" loaded.
INFO - 2020-04-20 21:35:24 --> Fetching Standards Section details
INFO - 2020-04-20 21:35:24 --> Controller "App\Controllers\SubjectMasters" loaded.
INFO - 2020-04-20 21:35:24 --> Controller "App\Controllers\Subjects" loaded.
INFO - 2020-04-20 21:35:24 --> Fetching Subjects details
INFO - 2020-04-20 21:35:24 --> Fetching SubjectMasters details
INFO - 2020-04-20 21:39:23 --> Controller "App\Controllers\LeaveTypes" loaded.
INFO - 2020-04-20 21:39:23 --> Fetching LeaveTypes details
INFO - 2020-04-20 21:39:36 --> Controller "App\Controllers\LeaveTypes" loaded.
INFO - 2020-04-20 21:39:36 --> Fetching LeaveTypes details
INFO - 2020-04-20 21:40:27 --> Controller "App\Controllers\LeaveTypes" loaded.
INFO - 2020-04-20 21:40:27 --> Inserting LeaveTypes details
INFO - 2020-04-20 21:40:28 --> Controller "App\Controllers\LeaveTypes" loaded.
INFO - 2020-04-20 21:40:28 --> Fetching LeaveTypes details
INFO - 2020-04-20 21:40:39 --> Controller "App\Controllers\LeaveTypes" loaded.
INFO - 2020-04-20 21:40:39 --> Fetching LeaveTypes details
INFO - 2020-04-20 21:47:45 --> Controller "App\Controllers\LeaveTypes" loaded.
INFO - 2020-04-20 21:47:45 --> Fetching LeaveTypes details
INFO - 2020-04-20 21:48:31 --> Controller "App\Controllers\LeaveTypes" loaded.
INFO - 2020-04-20 21:48:31 --> Fetching LeaveTypes details
INFO - 2020-04-20 21:51:42 --> Controller "App\Controllers\LeaveTypes" loaded.
INFO - 2020-04-20 21:51:42 --> Fetching LeaveTypes details
INFO - 2020-04-20 21:52:40 --> Controller "App\Controllers\LeaveTypes" loaded.
INFO - 2020-04-20 21:52:40 --> Fetching LeaveTypes details
INFO - 2020-04-20 21:53:14 --> Controller "App\Controllers\LeaveTypes" loaded.
INFO - 2020-04-20 21:53:14 --> Inserting LeaveTypes details
INFO - 2020-04-20 21:53:14 --> Controller "App\Controllers\LeaveTypes" loaded.
INFO - 2020-04-20 21:53:14 --> Fetching LeaveTypes details
INFO - 2020-04-20 21:54:12 --> Controller "App\Controllers\LeaveTypes" loaded.
INFO - 2020-04-20 21:54:12 --> Fetching LeaveTypes details
INFO - 2020-04-20 21:54:29 --> Controller "App\Controllers\LeaveTypes" loaded.
INFO - 2020-04-20 21:54:29 --> Fetching LeaveTypes details
INFO - 2020-04-20 21:55:00 --> Controller "App\Controllers\LeaveTypes" loaded.
INFO - 2020-04-20 21:55:00 --> Fetching LeaveTypes details
INFO - 2020-04-20 22:31:53 --> Controller "App\Controllers\Standards" loaded.
INFO - 2020-04-20 22:31:53 --> Fetching Standards Section details
INFO - 2020-04-20 22:31:53 --> Controller "App\Controllers\SubjectMasters" loaded.
INFO - 2020-04-20 22:31:53 --> Controller "App\Controllers\Subjects" loaded.
INFO - 2020-04-20 22:31:53 --> Fetching SubjectMasters details
INFO - 2020-04-20 22:31:53 --> Fetching Subjects details
INFO - 2020-04-20 23:00:53 --> Controller "App\Controllers\SubjectMasters" loaded.
INFO - 2020-04-20 23:00:53 --> Controller "App\Controllers\Subjects" loaded.
INFO - 2020-04-20 23:00:53 --> Fetching SubjectMasters details
INFO - 2020-04-20 23:00:53 --> Fetching Subjects details
INFO - 2020-04-20 23:00:53 --> Controller "App\Controllers\Standards" loaded.
INFO - 2020-04-20 23:00:53 --> Fetching Standards Section details
INFO - 2020-04-20 23:03:46 --> Controller "App\Controllers\LeaveTypes" loaded.
INFO - 2020-04-20 23:03:46 --> Fetching LeaveTypes details
INFO - 2020-04-20 23:04:10 --> Controller "App\Controllers\Sections" loaded.
INFO - 2020-04-20 23:04:10 --> Fetching Sections details
INFO - 2020-04-20 23:05:23 --> Controller "App\Controllers\LeaveManagements" loaded.
INFO - 2020-04-20 23:05:23 --> Fetching All Leave details
INFO - 2020-04-20 23:17:51 --> Controller "App\Controllers\Sections" loaded.
INFO - 2020-04-20 23:17:51 --> Fetching Sections details
INFO - 2020-04-20 23:25:30 --> Controller "App\Controllers\Sections" loaded.
INFO - 2020-04-20 23:25:30 --> Fetching Sections details
INFO - 2020-04-20 23:25:35 --> Controller "App\Controllers\Subjects" loaded.
INFO - 2020-04-20 23:25:35 --> Fetching Subjects details
INFO - 2020-04-20 23:28:00 --> Controller "App\Controllers\Subjects" loaded.
INFO - 2020-04-20 23:28:00 --> Fetching Subjects details
INFO - 2020-04-20 23:29:18 --> Controller "App\Controllers\Subjects" loaded.
INFO - 2020-04-20 23:29:18 --> Fetching Subjects details
INFO - 2020-04-20 23:29:40 --> Controller "App\Controllers\Subjects" loaded.
INFO - 2020-04-20 23:29:40 --> Fetching Subjects details
INFO - 2020-04-20 23:29:51 --> Controller "App\Controllers\Subjects" loaded.
INFO - 2020-04-20 23:29:51 --> Fetching Subjects details
INFO - 2020-04-20 23:30:10 --> Controller "App\Controllers\Subjects" loaded.
INFO - 2020-04-20 23:30:10 --> Fetching Subjects details
INFO - 2020-04-20 23:44:44 --> Controller "App\Controllers\Standards" loaded.
INFO - 2020-04-20 23:44:44 --> Fetching Standards Section details
INFO - 2020-04-20 23:44:44 --> Controller "App\Controllers\SubjectMasters" loaded.
INFO - 2020-04-20 23:44:44 --> Controller "App\Controllers\Subjects" loaded.
INFO - 2020-04-20 23:44:44 --> Fetching SubjectMasters details
INFO - 2020-04-20 23:44:44 --> Fetching Subjects details
INFO - 2020-04-20 23:52:44 --> Controller "App\Controllers\Users" loaded.
INFO - 2020-04-20 23:52:44 --> Fetching Users details
INFO - 2020-04-20 23:52:52 --> Controller "App\Controllers\Users" loaded.
INFO - 2020-04-20 23:52:52 --> Fetching Users details
INFO - 2020-04-20 23:54:00 --> Controller "App\Controllers\LeaveTypes" loaded.
INFO - 2020-04-20 23:54:00 --> Fetching LeaveTypes details
INFO - 2020-04-20 23:54:08 --> Controller "App\Controllers\LeaveTypes" loaded.
INFO - 2020-04-20 23:54:08 --> Inserting LeaveTypes details
INFO - 2020-04-20 23:54:08 --> Controller "App\Controllers\LeaveTypes" loaded.
INFO - 2020-04-20 23:54:08 --> Fetching LeaveTypes details
INFO - 2020-04-20 23:54:53 --> Controller "App\Controllers\LeaveTypes" loaded.
INFO - 2020-04-20 23:54:53 --> Fetching LeaveTypes details
INFO - 2020-04-20 23:58:34 --> Controller "App\Controllers\LeaveTypes" loaded.
INFO - 2020-04-20 23:58:34 --> Fetching LeaveTypes details
