INFO - 2021-02-15 09:27:24 --> Controller "App\Controllers\Users" loaded.
INFO - 2021-02-15 09:27:24 --> Fetching All User details
INFO - 2021-02-15 09:28:30 --> Controller "App\Controllers\Users" loaded.
INFO - 2021-02-15 09:28:30 --> Fetching All User details
INFO - 2021-02-15 09:28:30 --> Controller "App\Controllers\Dashboards" loaded.
INFO - 2021-02-15 09:28:30 --> Fetching Dashboard details
INFO - 2021-02-15 09:28:32 --> Controller "App\Controllers\InstituteDetails" loaded.
INFO - 2021-02-15 09:28:32 --> Fetching IIQA Details
INFO - 2021-02-15 09:28:34 --> Controller "App\Controllers\Leads" loaded.
INFO - 2021-02-15 09:28:34 --> Fetching IIQA Details
INFO - 2021-02-15 09:28:34 --> Controller "App\Controllers\InstituteDetails" loaded.
INFO - 2021-02-15 09:28:34 --> Fetching IIQA Details
INFO - 2021-02-15 09:28:38 --> Controller "App\Controllers\InstitutePricingHistory" loaded.
INFO - 2021-02-15 09:28:38 --> Fetching IIQA Details
INFO - 2021-02-15 09:34:17 --> Controller "App\Controllers\Dashboards" loaded.
INFO - 2021-02-15 09:34:17 --> Controller "App\Controllers\Users" loaded.
INFO - 2021-02-15 09:34:17 --> Fetching All User details
INFO - 2021-02-15 09:34:17 --> Fetching Dashboard details
INFO - 2021-02-15 09:34:17 --> Controller "App\Controllers\Users" loaded.
INFO - 2021-02-15 09:34:17 --> Fetching All User details
INFO - 2021-02-15 09:35:36 --> Controller "App\Controllers\Dashboards" loaded.
INFO - 2021-02-15 09:35:36 --> Fetching Dashboard details
INFO - 2021-02-15 09:35:36 --> Controller "App\Controllers\SchedulePlanner" loaded.
INFO - 2021-02-15 09:35:36 --> Fetching IIQA Details
INFO - 2021-02-15 09:35:41 --> Controller "App\Controllers\Users" loaded.
INFO - 2021-02-15 09:35:41 --> Controller "App\Controllers\Dashboards" loaded.
INFO - 2021-02-15 09:35:41 --> Fetching All User details
INFO - 2021-02-15 09:35:41 --> Fetching Dashboard details
INFO - 2021-02-15 09:35:43 --> Controller "App\Controllers\InstituteDetails" loaded.
INFO - 2021-02-15 09:35:43 --> Fetching IIQA Details
INFO - 2021-02-15 09:35:45 --> Controller "App\Controllers\Leads" loaded.
INFO - 2021-02-15 09:35:45 --> Controller "App\Controllers\InstituteDetails" loaded.
INFO - 2021-02-15 09:35:45 --> Fetching IIQA Details
INFO - 2021-02-15 09:35:45 --> Fetching IIQA Details
INFO - 2021-02-15 09:37:07 --> Controller "App\Controllers\Users" loaded.
INFO - 2021-02-15 09:37:07 --> Fetching All User details
INFO - 2021-02-15 09:37:07 --> Controller "App\Controllers\Users" loaded.
INFO - 2021-02-15 09:37:07 --> Controller "App\Controllers\Dashboards" loaded.
INFO - 2021-02-15 09:37:07 --> Fetching All User details
INFO - 2021-02-15 09:37:07 --> Fetching Dashboard details
INFO - 2021-02-15 09:39:03 --> Controller "App\Controllers\Users" loaded.
INFO - 2021-02-15 09:39:03 --> Fetching All User details
INFO - 2021-02-15 09:39:03 --> Controller "App\Controllers\Users" loaded.
INFO - 2021-02-15 09:39:03 --> Controller "App\Controllers\Dashboards" loaded.
INFO - 2021-02-15 09:39:03 --> Fetching All User details
INFO - 2021-02-15 09:39:03 --> Fetching Dashboard details
INFO - 2021-02-15 09:40:16 --> Controller "App\Controllers\Users" loaded.
INFO - 2021-02-15 09:40:16 --> Controller "App\Controllers\Dashboards" loaded.
INFO - 2021-02-15 09:40:16 --> Fetching All User details
INFO - 2021-02-15 09:40:16 --> Controller "App\Controllers\Users" loaded.
INFO - 2021-02-15 09:40:16 --> Fetching Dashboard details
INFO - 2021-02-15 09:40:16 --> Fetching All User details
INFO - 2021-02-15 09:57:40 --> Controller "App\Controllers\Users" loaded.
INFO - 2021-02-15 09:57:41 --> Controller "App\Controllers\Users" loaded.
INFO - 2021-02-15 09:57:41 --> Fetching All User details
INFO - 2021-02-15 10:01:21 --> Controller "App\Controllers\Users" loaded.
INFO - 2021-02-15 10:01:21 --> Fetching All User details
INFO - 2021-02-15 14:50:21 --> Controller "App\Controllers\Users" loaded.
INFO - 2021-02-15 14:50:21 --> Fetching All User details
INFO - 2021-02-15 14:51:29 --> Controller "App\Controllers\Users" loaded.
INFO - 2021-02-15 14:51:29 --> Fetching All User details
INFO - 2021-02-15 14:51:52 --> Controller "App\Controllers\Users" loaded.
INFO - 2021-02-15 14:51:52 --> Fetching All User details
INFO - 2021-02-15 14:52:25 --> Controller "App\Controllers\Roles" loaded.
INFO - 2021-02-15 14:52:25 --> Fetching Assignments Details details
INFO - 2021-02-15 14:52:25 --> Controller "App\Controllers\Roles" loaded.
INFO - 2021-02-15 14:52:25 --> Fetching Roles details
INFO - 2021-02-15 14:52:25 --> Controller "App\Controllers\Roles" loaded.
INFO - 2021-02-15 14:52:25 --> Fetching Permission details
INFO - 2021-02-15 14:52:38 --> Controller "App\Controllers\Dashboards" loaded.
INFO - 2021-02-15 14:52:38 --> Fetching Dashboard details
INFO - 2021-02-15 14:52:38 --> Controller "App\Controllers\SchedulePlanner" loaded.
INFO - 2021-02-15 14:52:38 --> Fetching IIQA Details
INFO - 2021-02-15 14:53:12 --> Controller "App\Controllers\Users" loaded.
INFO - 2021-02-15 14:53:12 --> Controller "App\Controllers\Dashboards" loaded.
INFO - 2021-02-15 14:53:12 --> Controller "App\Controllers\SchedulePlanner" loaded.
INFO - 2021-02-15 14:53:12 --> Fetching IIQA Details
INFO - 2021-02-15 14:53:12 --> Fetching All User details
INFO - 2021-02-15 14:53:12 --> Fetching Dashboard details
INFO - 2021-02-15 14:53:20 --> Controller "App\Controllers\Roles" loaded.
INFO - 2021-02-15 14:53:20 --> Controller "App\Controllers\Roles" loaded.
INFO - 2021-02-15 14:53:20 --> Fetching Assignments Details details
INFO - 2021-02-15 14:53:20 --> Fetching Roles details
INFO - 2021-02-15 14:53:20 --> Controller "App\Controllers\Roles" loaded.
INFO - 2021-02-15 14:53:20 --> Fetching Permission details
INFO - 2021-02-15 14:53:24 --> Controller "App\Controllers\Roles" loaded.
INFO - 2021-02-15 14:53:24 --> Fetching Permission details
INFO - 2021-02-15 15:01:30 --> Controller "App\Controllers\Roles" loaded.
INFO - 2021-02-15 15:01:30 --> Controller "App\Controllers\Roles" loaded.
INFO - 2021-02-15 15:01:30 --> Fetching Roles details
INFO - 2021-02-15 15:01:30 --> Fetching Assignments Details details
INFO - 2021-02-15 15:01:30 --> Controller "App\Controllers\Roles" loaded.
INFO - 2021-02-15 15:01:30 --> Fetching Permission details
INFO - 2021-02-15 15:01:30 --> Controller "App\Controllers\Users" loaded.
INFO - 2021-02-15 15:01:30 --> Fetching All User details
INFO - 2021-02-15 15:03:21 --> Controller "App\Controllers\Roles" loaded.
INFO - 2021-02-15 15:03:21 --> Fetching Permission details
INFO - 2021-02-15 15:04:41 --> Controller "App\Controllers\Roles" loaded.
INFO - 2021-02-15 15:04:41 --> Controller "App\Controllers\Roles" loaded.
INFO - 2021-02-15 15:04:41 --> Fetching Permission details
INFO - 2021-02-15 15:04:41 --> Controller "App\Controllers\Users" loaded.
INFO - 2021-02-15 15:04:41 --> Fetching Assignments Details details
INFO - 2021-02-15 15:04:41 --> Fetching All User details
INFO - 2021-02-15 15:04:41 --> Controller "App\Controllers\Roles" loaded.
INFO - 2021-02-15 15:04:41 --> Fetching Roles details
INFO - 2021-02-15 15:04:51 --> Controller "App\Controllers\Roles" loaded.
INFO - 2021-02-15 15:04:51 --> Fetching Permission details
INFO - 2021-02-15 15:30:44 --> Controller "App\Controllers\Roles" loaded.
INFO - 2021-02-15 15:30:44 --> Fetching Assignments Details details
INFO - 2021-02-15 15:30:44 --> Controller "App\Controllers\Users" loaded.
INFO - 2021-02-15 15:30:44 --> Controller "App\Controllers\Roles" loaded.
INFO - 2021-02-15 15:30:44 --> Controller "App\Controllers\Roles" loaded.
INFO - 2021-02-15 15:30:44 --> Fetching Permission details
INFO - 2021-02-15 15:30:44 --> Fetching All User details
INFO - 2021-02-15 15:30:44 --> Fetching Roles details
INFO - 2021-02-15 16:27:35 --> Controller "App\Controllers\Users" loaded.
INFO - 2021-02-15 16:28:20 --> Controller "App\Controllers\Users" loaded.
INFO - 2021-02-15 16:28:20 --> Fetching All User details
INFO - 2021-02-15 16:28:37 --> Controller "App\Controllers\SchedulePlanner" loaded.
INFO - 2021-02-15 16:28:37 --> Fetching IIQA Details
INFO - 2021-02-15 16:28:37 --> Controller "App\Controllers\Dashboards" loaded.
INFO - 2021-02-15 16:28:37 --> Fetching Dashboard details
INFO - 2021-02-15 16:28:45 --> Controller "App\Controllers\SchedulePlanner" loaded.
INFO - 2021-02-15 16:28:45 --> Fetching IIQA Details
INFO - 2021-02-15 16:28:45 --> Controller "App\Controllers\InstituteDetails" loaded.
INFO - 2021-02-15 16:28:45 --> Fetching IIQA Details
INFO - 2021-02-15 16:29:07 --> Controller "App\Controllers\Dashboards" loaded.
INFO - 2021-02-15 16:29:07 --> Fetching Dashboard details
INFO - 2021-02-15 16:29:07 --> Controller "App\Controllers\SchedulePlanner" loaded.
INFO - 2021-02-15 16:29:07 --> Fetching IIQA Details
INFO - 2021-02-15 16:29:09 --> Controller "App\Controllers\SchedulePlanner" loaded.
INFO - 2021-02-15 16:29:09 --> Fetching IIQA Details
INFO - 2021-02-15 16:29:09 --> Controller "App\Controllers\InstituteDetails" loaded.
INFO - 2021-02-15 16:29:09 --> Fetching IIQA Details
INFO - 2021-02-15 16:30:52 --> Controller "App\Controllers\SchedulePlanner" loaded.
INFO - 2021-02-15 16:30:52 --> Fetching IIQA Details
INFO - 2021-02-15 16:30:52 --> Controller "App\Controllers\InstituteDetails" loaded.
INFO - 2021-02-15 16:30:52 --> Fetching IIQA Details
INFO - 2021-02-15 16:30:57 --> Controller "App\Controllers\SchedulePlanner" loaded.
INFO - 2021-02-15 16:30:57 --> Fetching IIQA Details
INFO - 2021-02-15 16:30:58 --> Controller "App\Controllers\SchedulePlanner" loaded.
INFO - 2021-02-15 16:30:58 --> Controller "App\Controllers\InstituteDetails" loaded.
INFO - 2021-02-15 16:30:58 --> Controller "App\Controllers\Status" loaded.
INFO - 2021-02-15 16:30:58 --> Fetching IIQA Details
INFO - 2021-02-15 16:30:58 --> Controller "App\Controllers\EmployeeDetails" loaded.
INFO - 2021-02-15 16:30:58 --> Fetching IIQA Details
INFO - 2021-02-15 16:30:58 --> Fetching IIQA Details
INFO - 2021-02-15 16:31:29 --> Controller "App\Controllers\InstituteDetails" loaded.
INFO - 2021-02-15 16:31:29 --> Controller "App\Controllers\SchedulePlanner" loaded.
INFO - 2021-02-15 16:31:29 --> Fetching IIQA Details
INFO - 2021-02-15 16:31:29 --> Fetching IIQA Details
INFO - 2021-02-15 16:31:38 --> Controller "App\Controllers\SchedulePlanner" loaded.
INFO - 2021-02-15 16:31:38 --> Controller "App\Controllers\InstituteDetails" loaded.
INFO - 2021-02-15 16:31:38 --> Fetching IIQA Details
INFO - 2021-02-15 16:31:38 --> Fetching IIQA Details
INFO - 2021-02-15 16:31:42 --> Controller "App\Controllers\InstituteDetails" loaded.
INFO - 2021-02-15 16:31:42 --> Controller "App\Controllers\SchedulePlanner" loaded.
INFO - 2021-02-15 16:31:42 --> Fetching IIQA Details
INFO - 2021-02-15 16:31:42 --> Fetching IIQA Details
INFO - 2021-02-15 16:31:42 --> Controller "App\Controllers\EmployeeDetails" loaded.
INFO - 2021-02-15 16:31:42 --> Fetching IIQA Details
INFO - 2021-02-15 16:31:42 --> Controller "App\Controllers\Status" loaded.
INFO - 2021-02-15 16:31:42 --> Fetching IIQA Details
INFO - 2021-02-15 16:32:19 --> Controller "App\Controllers\Dashboards" loaded.
INFO - 2021-02-15 16:32:19 --> Controller "App\Controllers\Users" loaded.
INFO - 2021-02-15 16:32:19 --> Fetching Dashboard details
INFO - 2021-02-15 16:32:19 --> Fetching All User details
INFO - 2021-02-15 16:33:02 --> Controller "App\Controllers\Roles" loaded.
INFO - 2021-02-15 16:33:02 --> Fetching Assignments Details details
INFO - 2021-02-15 16:33:02 --> Controller "App\Controllers\Roles" loaded.
INFO - 2021-02-15 16:33:02 --> Controller "App\Controllers\Roles" loaded.
INFO - 2021-02-15 16:33:02 --> Fetching Permission details
INFO - 2021-02-15 16:33:02 --> Fetching Roles details
INFO - 2021-02-15 16:33:05 --> Controller "App\Controllers\Roles" loaded.
INFO - 2021-02-15 16:33:05 --> Fetching Permission details
INFO - 2021-02-15 16:34:00 --> Controller "App\Controllers\Roles" loaded.
INFO - 2021-02-15 16:34:00 --> Inserting Role details
INFO - 2021-02-15 16:34:06 --> Controller "App\Controllers\Roles" loaded.
INFO - 2021-02-15 16:34:06 --> Fetching Assignments Details details
INFO - 2021-02-15 16:34:06 --> Controller "App\Controllers\Roles" loaded.
INFO - 2021-02-15 16:34:06 --> Fetching Roles details
INFO - 2021-02-15 16:34:06 --> Controller "App\Controllers\Users" loaded.
INFO - 2021-02-15 16:34:06 --> Controller "App\Controllers\Roles" loaded.
INFO - 2021-02-15 16:34:06 --> Fetching Permission details
INFO - 2021-02-15 16:34:06 --> Fetching All User details
INFO - 2021-02-15 16:34:13 --> Controller "App\Controllers\Users" loaded.
INFO - 2021-02-15 16:34:19 --> Controller "App\Controllers\Dashboards" loaded.
INFO - 2021-02-15 16:34:19 --> Fetching Dashboard details
INFO - 2021-02-15 16:34:19 --> Controller "App\Controllers\SchedulePlanner" loaded.
INFO - 2021-02-15 16:34:19 --> Fetching IIQA Details
INFO - 2021-02-15 16:34:25 --> Controller "App\Controllers\PricingHistory" loaded.
INFO - 2021-02-15 16:34:25 --> Fetching IIQA Details
INFO - 2021-02-15 16:34:29 --> Controller "App\Controllers\Dashboards" loaded.
INFO - 2021-02-15 16:34:29 --> Fetching Dashboard details
INFO - 2021-02-15 16:34:29 --> Controller "App\Controllers\SchedulePlanner" loaded.
INFO - 2021-02-15 16:34:29 --> Fetching IIQA Details
INFO - 2021-02-15 16:34:33 --> Controller "App\Controllers\PricingHistory" loaded.
INFO - 2021-02-15 16:34:33 --> Fetching IIQA Details
INFO - 2021-02-15 16:34:37 --> Controller "App\Controllers\Dashboards" loaded.
INFO - 2021-02-15 16:34:37 --> Fetching Dashboard details
INFO - 2021-02-15 16:34:37 --> Controller "App\Controllers\SchedulePlanner" loaded.
INFO - 2021-02-15 16:34:37 --> Fetching IIQA Details
INFO - 2021-02-15 16:34:41 --> Controller "App\Controllers\PricingHistory" loaded.
INFO - 2021-02-15 16:34:41 --> Fetching IIQA Details
INFO - 2021-02-15 16:34:45 --> Controller "App\Controllers\Dashboards" loaded.
INFO - 2021-02-15 16:34:45 --> Fetching Dashboard details
INFO - 2021-02-15 16:34:45 --> Controller "App\Controllers\SchedulePlanner" loaded.
INFO - 2021-02-15 16:34:45 --> Fetching IIQA Details
INFO - 2021-02-15 16:49:40 --> Controller "App\Controllers\PricingHistory" loaded.
INFO - 2021-02-15 16:49:40 --> Fetching IIQA Details
INFO - 2021-02-15 16:49:41 --> Controller "App\Controllers\Dashboards" loaded.
INFO - 2021-02-15 16:49:41 --> Fetching Dashboard details
INFO - 2021-02-15 16:49:41 --> Controller "App\Controllers\SchedulePlanner" loaded.
INFO - 2021-02-15 16:49:41 --> Fetching IIQA Details
INFO - 2021-02-15 16:49:43 --> Controller "App\Controllers\Users" loaded.
INFO - 2021-02-15 16:52:36 --> Controller "App\Controllers\Roles" loaded.
INFO - 2021-02-15 16:52:36 --> Controller "App\Controllers\Roles" loaded.
INFO - 2021-02-15 16:52:36 --> Controller "App\Controllers\Roles" loaded.
INFO - 2021-02-15 16:52:36 --> Fetching Assignments Details details
INFO - 2021-02-15 16:52:36 --> Fetching Permission details
INFO - 2021-02-15 16:52:36 --> Fetching Roles details
INFO - 2021-02-15 16:52:40 --> Controller "App\Controllers\Roles" loaded.
INFO - 2021-02-15 16:52:40 --> Fetching Permission details
INFO - 2021-02-15 16:53:02 --> Controller "App\Controllers\Roles" loaded.
INFO - 2021-02-15 16:53:02 --> Fetching Permission details
INFO - 2021-02-15 16:53:32 --> Controller "App\Controllers\Users" loaded.
INFO - 2021-02-15 16:53:33 --> Controller "App\Controllers\Users" loaded.
INFO - 2021-02-15 16:53:33 --> Fetching All User details
INFO - 2021-02-15 16:54:01 --> Controller "App\Controllers\Users" loaded.
INFO - 2021-02-15 16:54:01 --> Controller "App\Controllers\Users" loaded.
INFO - 2021-02-15 16:54:01 --> Fetching All User details
INFO - 2021-02-15 16:54:34 --> Controller "App\Controllers\Users" loaded.
INFO - 2021-02-15 16:54:35 --> Controller "App\Controllers\Users" loaded.
INFO - 2021-02-15 16:54:35 --> Fetching All User details
INFO - 2021-02-15 16:54:39 --> Controller "App\Controllers\Users" loaded.
INFO - 2021-02-15 16:55:36 --> Controller "App\Controllers\Users" loaded.
INFO - 2021-02-15 16:55:36 --> Controller "App\Controllers\Users" loaded.
INFO - 2021-02-15 16:55:36 --> Fetching All User details
INFO - 2021-02-15 16:55:40 --> Controller "App\Controllers\Users" loaded.
INFO - 2021-02-15 16:56:25 --> Controller "App\Controllers\Users" loaded.
INFO - 2021-02-15 16:56:25 --> Controller "App\Controllers\Users" loaded.
INFO - 2021-02-15 16:56:25 --> Fetching All User details
INFO - 2021-02-15 16:56:32 --> Controller "App\Controllers\Users" loaded.
INFO - 2021-02-15 17:15:38 --> Controller "App\Controllers\Users" loaded.
INFO - 2021-02-15 17:15:38 --> Controller "App\Controllers\Users" loaded.
INFO - 2021-02-15 17:15:38 --> Fetching All User details
INFO - 2021-02-15 17:33:26 --> Controller "App\Controllers\Users" loaded.
INFO - 2021-02-15 17:33:26 --> Fetching All User details
INFO - 2021-02-15 17:33:26 --> Controller "App\Controllers\Users" loaded.
INFO - 2021-02-15 17:35:14 --> Controller "App\Controllers\Users" loaded.
INFO - 2021-02-15 17:35:14 --> Controller "App\Controllers\Users" loaded.
INFO - 2021-02-15 17:35:14 --> Fetching All User details
INFO - 2021-02-15 17:35:56 --> Controller "App\Controllers\Users" loaded.
INFO - 2021-02-15 17:35:56 --> Controller "App\Controllers\Users" loaded.
INFO - 2021-02-15 17:35:56 --> Fetching All User details
INFO - 2021-02-15 17:55:07 --> Controller "App\Controllers\Dashboards" loaded.
INFO - 2021-02-15 17:55:07 --> Fetching Dashboard details
INFO - 2021-02-15 17:55:07 --> Controller "App\Controllers\SchedulePlanner" loaded.
INFO - 2021-02-15 17:55:07 --> Fetching IIQA Details
INFO - 2021-02-15 17:56:31 --> Controller "App\Controllers\Users" loaded.
INFO - 2021-02-15 17:56:38 --> Controller "App\Controllers\Dashboards" loaded.
INFO - 2021-02-15 17:56:38 --> Controller "App\Controllers\SchedulePlanner" loaded.
INFO - 2021-02-15 17:56:38 --> Fetching IIQA Details
INFO - 2021-02-15 17:56:38 --> Fetching Dashboard details
INFO - 2021-02-15 17:56:40 --> Controller "App\Controllers\PricingHistory" loaded.
INFO - 2021-02-15 17:56:40 --> Fetching IIQA Details
INFO - 2021-02-15 17:56:40 --> Controller "App\Controllers\InstituteDetails" loaded.
INFO - 2021-02-15 17:56:40 --> Fetching IIQA Details
INFO - 2021-02-15 17:56:40 --> Controller "App\Controllers\PricingDetails" loaded.
INFO - 2021-02-15 17:56:40 --> Fetching IIQA Details
INFO - 2021-02-15 17:56:40 --> Controller "App\Controllers\PricingDetails" loaded.
INFO - 2021-02-15 17:56:40 --> Fetching IIQA Details
