INFO - 2020-12-03 10:03:02 --> Controller "App\Controllers\UserMenus" loaded.
INFO - 2020-12-03 10:03:02 --> Fetching UserMenu details
INFO - 2020-12-03 10:03:04 --> Controller "App\Controllers\IIQAForm" loaded.
INFO - 2020-12-03 10:03:04 --> Fetching IIQA Details
INFO - 2020-12-03 10:03:04 --> Controller "App\Controllers\State" loaded.
INFO - 2020-12-03 10:03:04 --> Fetching IIQA Details
INFO - 2020-12-03 10:03:04 --> Controller "App\Controllers\CommonFetch" loaded.
INFO - 2020-12-03 10:03:04 --> Fetching IIQA Details
INFO - 2020-12-03 10:03:04 --> Controller "App\Controllers\University" loaded.
INFO - 2020-12-03 10:03:04 --> Fetching IIQA Details
INFO - 2020-12-03 10:03:04 --> Controller "App\Controllers\CommonFetch" loaded.
INFO - 2020-12-03 10:03:04 --> Fetching Title Details
INFO - 2020-12-03 10:03:04 --> Controller "App\Controllers\CommonFetch" loaded.
INFO - 2020-12-03 10:03:04 --> Fetching Title Details
INFO - 2020-12-03 10:03:04 --> Controller "App\Controllers\IIQADocument" loaded.
INFO - 2020-12-03 10:03:04 --> Fetching Document Details
INFO - 2020-12-03 10:03:06 --> Controller "App\Controllers\UserMenus" loaded.
INFO - 2020-12-03 10:03:06 --> Fetching UserMenu details
INFO - 2020-12-03 11:46:50 --> Controller "App\Controllers\UserMenus" loaded.
INFO - 2020-12-03 11:46:50 --> Fetching UserMenu details
INFO - 2020-12-03 11:46:50 --> Controller "App\Controllers\UserMenus" loaded.
INFO - 2020-12-03 11:46:50 --> Fetching UserMenu details
INFO - 2020-12-03 11:46:56 --> Controller "App\Controllers\CommonFetch" loaded.
INFO - 2020-12-03 11:46:56 --> Fetching IIQA Details
INFO - 2020-12-03 11:46:56 --> Controller "App\Controllers\CommonFetch" loaded.
INFO - 2020-12-03 11:46:56 --> Controller "App\Controllers\CommonFetch" loaded.
INFO - 2020-12-03 11:46:56 --> Fetching Title Details
INFO - 2020-12-03 11:46:56 --> Fetching Title Details
INFO - 2020-12-03 11:46:56 --> Controller "App\Controllers\IIQAForm" loaded.
INFO - 2020-12-03 11:46:56 --> Controller "App\Controllers\State" loaded.
INFO - 2020-12-03 11:46:56 --> Fetching IIQA Details
INFO - 2020-12-03 11:46:56 --> Fetching IIQA Details
INFO - 2020-12-03 11:46:56 --> Controller "App\Controllers\University" loaded.
INFO - 2020-12-03 11:46:56 --> Fetching IIQA Details
INFO - 2020-12-03 11:46:56 --> Controller "App\Controllers\IIQADocument" loaded.
INFO - 2020-12-03 11:46:56 --> Fetching Document Details
INFO - 2020-12-03 11:47:50 --> Controller "App\Controllers\UserMenus" loaded.
INFO - 2020-12-03 11:47:50 --> Fetching UserMenu details
INFO - 2020-12-03 11:47:52 --> Controller "App\Controllers\IIQAForm" loaded.
INFO - 2020-12-03 11:47:52 --> Fetching IIQA Details
INFO - 2020-12-03 11:47:52 --> Controller "App\Controllers\CommonFetch" loaded.
INFO - 2020-12-03 11:47:52 --> Fetching IIQA Details
INFO - 2020-12-03 11:47:52 --> Controller "App\Controllers\University" loaded.
INFO - 2020-12-03 11:47:52 --> Controller "App\Controllers\CommonFetch" loaded.
INFO - 2020-12-03 11:47:52 --> Fetching IIQA Details
INFO - 2020-12-03 11:47:52 --> Fetching Title Details
INFO - 2020-12-03 11:47:52 --> Controller "App\Controllers\State" loaded.
INFO - 2020-12-03 11:47:52 --> Fetching IIQA Details
INFO - 2020-12-03 11:47:52 --> Controller "App\Controllers\CommonFetch" loaded.
INFO - 2020-12-03 11:47:52 --> Fetching Title Details
INFO - 2020-12-03 11:47:52 --> Controller "App\Controllers\IIQADocument" loaded.
INFO - 2020-12-03 11:47:52 --> Fetching Document Details
INFO - 2020-12-03 11:57:31 --> Controller "App\Controllers\UserMenus" loaded.
INFO - 2020-12-03 11:57:31 --> Fetching UserMenu details
INFO - 2020-12-03 11:57:33 --> Controller "App\Controllers\IIQAForm" loaded.
INFO - 2020-12-03 11:57:33 --> Fetching IIQA Details
INFO - 2020-12-03 11:57:33 --> Controller "App\Controllers\IIQADocument" loaded.
INFO - 2020-12-03 11:57:33 --> Fetching Document Details
INFO - 2020-12-03 11:57:33 --> Controller "App\Controllers\SSRForm" loaded.
INFO - 2020-12-03 11:57:33 --> Fetching IIQA Details
INFO - 2020-12-03 11:57:37 --> Controller "App\Controllers\SSRForm" loaded.
INFO - 2020-12-03 11:57:37 --> Controller "App\Controllers\CommonFetch" loaded.
INFO - 2020-12-03 11:57:37 --> Fetching Uni-Language Details
INFO - 2020-12-03 11:57:37 --> Fetching IIQA Details
INFO - 2020-12-03 11:58:28 --> Controller "App\Controllers\CommonFetch" loaded.
INFO - 2020-12-03 11:58:28 --> Fetching Uni-Language Details
INFO - 2020-12-03 11:58:28 --> Controller "App\Controllers\SSRForm" loaded.
INFO - 2020-12-03 11:58:28 --> Fetching IIQA Details
INFO - 2020-12-03 12:12:15 --> Controller "App\Controllers\IIQAForm" loaded.
INFO - 2020-12-03 12:12:15 --> Fetching IIQA Details
INFO - 2020-12-03 12:12:15 --> Controller "App\Controllers\CommonFetch" loaded.
INFO - 2020-12-03 12:12:15 --> Fetching Title Details
INFO - 2020-12-03 12:12:15 --> Controller "App\Controllers\CommonFetch" loaded.
INFO - 2020-12-03 12:12:15 --> Fetching IIQA Details
INFO - 2020-12-03 12:12:15 --> Controller "App\Controllers\CommonFetch" loaded.
INFO - 2020-12-03 12:12:15 --> Controller "App\Controllers\University" loaded.
INFO - 2020-12-03 12:12:15 --> Fetching Title Details
INFO - 2020-12-03 12:12:15 --> Fetching IIQA Details
INFO - 2020-12-03 12:12:15 --> Controller "App\Controllers\State" loaded.
INFO - 2020-12-03 12:12:15 --> Fetching IIQA Details
INFO - 2020-12-03 12:12:15 --> Controller "App\Controllers\IIQADocument" loaded.
INFO - 2020-12-03 12:12:15 --> Fetching Document Details
INFO - 2020-12-03 12:17:19 --> Controller "App\Controllers\CommonFetch" loaded.
INFO - 2020-12-03 12:17:19 --> Controller "App\Controllers\State" loaded.
INFO - 2020-12-03 12:17:19 --> Fetching IIQA Details
INFO - 2020-12-03 12:17:19 --> Fetching IIQA Details
INFO - 2020-12-03 12:17:19 --> Controller "App\Controllers\IIQAForm" loaded.
INFO - 2020-12-03 12:17:19 --> Controller "App\Controllers\University" loaded.
INFO - 2020-12-03 12:17:19 --> Fetching IIQA Details
INFO - 2020-12-03 12:17:19 --> Fetching IIQA Details
INFO - 2020-12-03 12:17:19 --> Controller "App\Controllers\CommonFetch" loaded.
INFO - 2020-12-03 12:17:19 --> Fetching Title Details
INFO - 2020-12-03 12:17:19 --> Controller "App\Controllers\CommonFetch" loaded.
INFO - 2020-12-03 12:17:19 --> Fetching Title Details
INFO - 2020-12-03 12:17:19 --> Controller "App\Controllers\IIQADocument" loaded.
INFO - 2020-12-03 12:17:19 --> Fetching Document Details
INFO - 2020-12-03 12:21:26 --> Controller "App\Controllers\State" loaded.
INFO - 2020-12-03 12:21:26 --> Fetching IIQA Details
INFO - 2020-12-03 12:21:26 --> Controller "App\Controllers\IIQAForm" loaded.
INFO - 2020-12-03 12:21:26 --> Fetching IIQA Details
INFO - 2020-12-03 12:21:26 --> Controller "App\Controllers\University" loaded.
INFO - 2020-12-03 12:21:26 --> Fetching IIQA Details
INFO - 2020-12-03 12:21:26 --> Controller "App\Controllers\CommonFetch" loaded.
INFO - 2020-12-03 12:21:26 --> Fetching Title Details
INFO - 2020-12-03 12:21:26 --> Controller "App\Controllers\CommonFetch" loaded.
INFO - 2020-12-03 12:21:26 --> Fetching Title Details
INFO - 2020-12-03 12:21:26 --> Controller "App\Controllers\CommonFetch" loaded.
INFO - 2020-12-03 12:21:26 --> Fetching IIQA Details
INFO - 2020-12-03 12:21:26 --> Controller "App\Controllers\IIQADocument" loaded.
INFO - 2020-12-03 12:21:26 --> Fetching Document Details
INFO - 2020-12-03 12:23:39 --> Controller "App\Controllers\State" loaded.
INFO - 2020-12-03 12:23:39 --> Controller "App\Controllers\CommonFetch" loaded.
INFO - 2020-12-03 12:23:39 --> Fetching IIQA Details
INFO - 2020-12-03 12:23:39 --> Fetching IIQA Details
INFO - 2020-12-03 12:23:39 --> Controller "App\Controllers\University" loaded.
INFO - 2020-12-03 12:23:39 --> Fetching IIQA Details
INFO - 2020-12-03 12:23:39 --> Controller "App\Controllers\IIQAForm" loaded.
INFO - 2020-12-03 12:23:39 --> Fetching IIQA Details
INFO - 2020-12-03 12:23:39 --> Controller "App\Controllers\CommonFetch" loaded.
INFO - 2020-12-03 12:23:39 --> Fetching Title Details
INFO - 2020-12-03 12:23:39 --> Controller "App\Controllers\CommonFetch" loaded.
INFO - 2020-12-03 12:23:39 --> Fetching Title Details
INFO - 2020-12-03 12:23:39 --> Controller "App\Controllers\IIQADocument" loaded.
INFO - 2020-12-03 12:23:39 --> Fetching Document Details
INFO - 2020-12-03 12:27:43 --> Controller "App\Controllers\IIQAForm" loaded.
INFO - 2020-12-03 12:27:43 --> Fetching IIQA Details
INFO - 2020-12-03 12:27:43 --> Controller "App\Controllers\State" loaded.
INFO - 2020-12-03 12:27:43 --> Fetching IIQA Details
INFO - 2020-12-03 12:27:43 --> Controller "App\Controllers\University" loaded.
INFO - 2020-12-03 12:27:43 --> Fetching IIQA Details
INFO - 2020-12-03 12:27:43 --> Controller "App\Controllers\CommonFetch" loaded.
INFO - 2020-12-03 12:27:43 --> Fetching IIQA Details
INFO - 2020-12-03 12:27:43 --> Controller "App\Controllers\CommonFetch" loaded.
INFO - 2020-12-03 12:27:43 --> Controller "App\Controllers\CommonFetch" loaded.
INFO - 2020-12-03 12:27:43 --> Fetching Title Details
INFO - 2020-12-03 12:27:43 --> Fetching Title Details
INFO - 2020-12-03 12:27:43 --> Controller "App\Controllers\IIQADocument" loaded.
INFO - 2020-12-03 12:27:43 --> Fetching Document Details
INFO - 2020-12-03 13:58:44 --> Controller "App\Controllers\UserMenus" loaded.
INFO - 2020-12-03 13:58:44 --> Fetching UserMenu details
INFO - 2020-12-03 13:58:44 --> Controller "App\Controllers\UserMenus" loaded.
INFO - 2020-12-03 13:58:44 --> Fetching UserMenu details
INFO - 2020-12-03 13:58:49 --> Controller "App\Controllers\UserMenus" loaded.
INFO - 2020-12-03 13:58:49 --> Fetching UserMenu details
INFO - 2020-12-03 14:00:01 --> Controller "App\Controllers\State" loaded.
INFO - 2020-12-03 14:00:01 --> Controller "App\Controllers\IIQAForm" loaded.
INFO - 2020-12-03 14:00:01 --> Fetching IIQA Details
INFO - 2020-12-03 14:00:01 --> Fetching IIQA Details
INFO - 2020-12-03 14:00:01 --> Controller "App\Controllers\CommonFetch" loaded.
INFO - 2020-12-03 14:00:01 --> Controller "App\Controllers\University" loaded.
INFO - 2020-12-03 14:00:01 --> Fetching IIQA Details
INFO - 2020-12-03 14:00:01 --> Controller "App\Controllers\CommonFetch" loaded.
INFO - 2020-12-03 14:00:01 --> Controller "App\Controllers\CommonFetch" loaded.
INFO - 2020-12-03 14:00:01 --> Fetching IIQA Details
INFO - 2020-12-03 14:00:01 --> Fetching Title Details
INFO - 2020-12-03 14:00:01 --> Fetching Title Details
INFO - 2020-12-03 14:00:01 --> Controller "App\Controllers\IIQADocument" loaded.
INFO - 2020-12-03 14:00:01 --> Fetching Document Details
INFO - 2020-12-03 14:07:13 --> Controller "App\Controllers\IIQAForm" loaded.
INFO - 2020-12-03 14:07:13 --> Fetching IIQA Details
INFO - 2020-12-03 14:07:13 --> Controller "App\Controllers\University" loaded.
INFO - 2020-12-03 14:07:13 --> Fetching IIQA Details
INFO - 2020-12-03 14:07:13 --> Controller "App\Controllers\State" loaded.
INFO - 2020-12-03 14:07:13 --> Fetching IIQA Details
INFO - 2020-12-03 14:07:13 --> Controller "App\Controllers\CommonFetch" loaded.
INFO - 2020-12-03 14:07:13 --> Fetching IIQA Details
INFO - 2020-12-03 14:07:13 --> Controller "App\Controllers\CommonFetch" loaded.
INFO - 2020-12-03 14:07:13 --> Fetching Title Details
INFO - 2020-12-03 14:07:13 --> Controller "App\Controllers\CommonFetch" loaded.
INFO - 2020-12-03 14:07:13 --> Controller "App\Controllers\IIQADocument" loaded.
INFO - 2020-12-03 14:07:13 --> Fetching Title Details
INFO - 2020-12-03 14:07:13 --> Fetching Document Details
INFO - 2020-12-03 14:09:38 --> Controller "App\Controllers\UserMenus" loaded.
INFO - 2020-12-03 14:09:38 --> Fetching UserMenu details
INFO - 2020-12-03 14:09:46 --> Controller "App\Controllers\IIQAForm" loaded.
INFO - 2020-12-03 14:09:46 --> Fetching IIQA Details
INFO - 2020-12-03 14:09:53 --> Controller "App\Controllers\IIQAForm" loaded.
INFO - 2020-12-03 14:09:53 --> Controller "App\Controllers\IIQAForm" loaded.
INFO - 2020-12-03 14:09:53 --> Fetching IIQA Details
INFO - 2020-12-03 14:09:53 --> Controller "App\Controllers\CommonFetch" loaded.
INFO - 2020-12-03 14:09:53 --> Fetching IIQA Details
INFO - 2020-12-03 14:09:53 --> Controller "App\Controllers\University" loaded.
INFO - 2020-12-03 14:09:53 --> Controller "App\Controllers\IIQADocument" loaded.
INFO - 2020-12-03 14:09:53 --> Controller "App\Controllers\CommonFetch" loaded.
INFO - 2020-12-03 14:09:53 --> Controller "App\Controllers\IIQADocument" loaded.
INFO - 2020-12-03 14:09:53 --> Fetching IIQA Details
INFO - 2020-12-03 14:09:53 --> Fetching Document Details
INFO - 2020-12-03 14:09:53 --> Fetching Document Details
INFO - 2020-12-03 14:09:53 --> Fetching IIQA Details
INFO - 2020-12-03 14:10:00 --> Controller "App\Controllers\IIQADocument" loaded.
INFO - 2020-12-03 14:10:00 --> Controller "App\Controllers\IIQADocument" loaded.
INFO - 2020-12-03 14:10:00 --> Fetching Document Details
INFO - 2020-12-03 14:10:06 --> Controller "App\Controllers\IIQADocument" loaded.
ERROR - 2020-12-03 14:10:06 --> Could not move file {0} to {1} ({2})
INFO - 2020-12-03 14:10:10 --> Controller "App\Controllers\IIQAForm" loaded.
INFO - 2020-12-03 14:10:10 --> Controller "App\Controllers\IIQAForm" loaded.
INFO - 2020-12-03 14:10:10 --> Fetching IIQA Details
INFO - 2020-12-03 14:10:10 --> Controller "App\Controllers\CommonFetch" loaded.
INFO - 2020-12-03 14:10:10 --> Controller "App\Controllers\CommonFetch" loaded.
INFO - 2020-12-03 14:10:10 --> Fetching Title Details
INFO - 2020-12-03 14:10:10 --> Fetching Title Details
INFO - 2020-12-03 14:10:17 --> Controller "App\Controllers\IIQAForm" loaded.
INFO - 2020-12-03 14:10:17 --> Controller "App\Controllers\IIQADocument" loaded.
INFO - 2020-12-03 14:10:17 --> Fetching IIQA Details
INFO - 2020-12-03 14:10:17 --> Fetching Document Details
INFO - 2020-12-03 14:10:17 --> Controller "App\Controllers\IIQADocument" loaded.
INFO - 2020-12-03 14:10:17 --> Fetching Document Details
INFO - 2020-12-03 14:10:17 --> Controller "App\Controllers\Department" loaded.
INFO - 2020-12-03 14:10:17 --> Controller "App\Controllers\IIQADocument" loaded.
INFO - 2020-12-03 14:10:17 --> Fetching Document Details
INFO - 2020-12-03 14:10:17 --> Fetching IIQA Details
INFO - 2020-12-03 14:10:30 --> Controller "App\Controllers\IIQAForm" loaded.
INFO - 2020-12-03 14:10:30 --> Controller "App\Controllers\IIQAForm" loaded.
INFO - 2020-12-03 14:10:30 --> Fetching IIQA Details
INFO - 2020-12-03 14:10:33 --> Controller "App\Controllers\IIQAForm" loaded.
INFO - 2020-12-03 14:10:35 --> Controller "App\Controllers\UserMenus" loaded.
INFO - 2020-12-03 14:10:35 --> Fetching UserMenu details
INFO - 2020-12-03 14:10:47 --> Controller "App\Controllers\UserMenus" loaded.
INFO - 2020-12-03 14:10:47 --> Fetching UserMenu details
INFO - 2020-12-03 14:10:47 --> Controller "App\Controllers\UserMenus" loaded.
INFO - 2020-12-03 14:10:47 --> Fetching UserMenu details
INFO - 2020-12-03 14:11:00 --> Controller "App\Controllers\IIQAForm" loaded.
INFO - 2020-12-03 14:11:00 --> Fetching IIQA Details
INFO - 2020-12-03 14:11:06 --> Controller "App\Controllers\UserMenus" loaded.
INFO - 2020-12-03 14:11:06 --> Fetching UserMenu details
INFO - 2020-12-03 14:11:12 --> Controller "App\Controllers\UserMenus" loaded.
INFO - 2020-12-03 14:11:12 --> Fetching UserMenu details
INFO - 2020-12-03 14:11:14 --> Controller "App\Controllers\IIQAForm" loaded.
INFO - 2020-12-03 14:11:14 --> Fetching IIQA Details
INFO - 2020-12-03 14:11:14 --> Controller "App\Controllers\IIQADocument" loaded.
INFO - 2020-12-03 14:11:14 --> Controller "App\Controllers\SSRForm" loaded.
INFO - 2020-12-03 14:11:14 --> Fetching Document Details
INFO - 2020-12-03 14:11:14 --> Fetching IIQA Details
INFO - 2020-12-03 14:11:28 --> Controller "App\Controllers\CommonFetch" loaded.
INFO - 2020-12-03 14:11:28 --> Fetching Uni-Language Details
INFO - 2020-12-03 14:11:28 --> Controller "App\Controllers\SSRForm" loaded.
INFO - 2020-12-03 14:11:28 --> Fetching IIQA Details
INFO - 2020-12-03 14:11:45 --> Controller "App\Controllers\UserMenus" loaded.
INFO - 2020-12-03 14:11:45 --> Fetching UserMenu details
INFO - 2020-12-03 14:11:47 --> Controller "App\Controllers\IIQAForm" loaded.
INFO - 2020-12-03 14:11:47 --> Fetching IIQA Details
INFO - 2020-12-03 14:11:47 --> Controller "App\Controllers\State" loaded.
INFO - 2020-12-03 14:11:47 --> Controller "App\Controllers\University" loaded.
INFO - 2020-12-03 14:11:47 --> Controller "App\Controllers\CommonFetch" loaded.
INFO - 2020-12-03 14:11:47 --> Fetching IIQA Details
INFO - 2020-12-03 14:11:47 --> Controller "App\Controllers\CommonFetch" loaded.
INFO - 2020-12-03 14:11:47 --> Fetching IIQA Details
INFO - 2020-12-03 14:11:47 --> Fetching IIQA Details
INFO - 2020-12-03 14:11:47 --> Fetching Title Details
INFO - 2020-12-03 14:11:47 --> Controller "App\Controllers\CommonFetch" loaded.
INFO - 2020-12-03 14:11:47 --> Controller "App\Controllers\IIQADocument" loaded.
INFO - 2020-12-03 14:11:47 --> Fetching Title Details
INFO - 2020-12-03 14:11:47 --> Fetching Document Details
INFO - 2020-12-03 14:11:50 --> Controller "App\Controllers\UserMenus" loaded.
INFO - 2020-12-03 14:11:50 --> Fetching UserMenu details
INFO - 2020-12-03 14:14:02 --> Controller "App\Controllers\IIQAForm" loaded.
INFO - 2020-12-03 14:14:02 --> Fetching IIQA Details
INFO - 2020-12-03 14:14:02 --> Controller "App\Controllers\State" loaded.
INFO - 2020-12-03 14:14:02 --> Fetching IIQA Details
INFO - 2020-12-03 14:14:02 --> Controller "App\Controllers\CommonFetch" loaded.
INFO - 2020-12-03 14:14:02 --> Controller "App\Controllers\University" loaded.
INFO - 2020-12-03 14:14:02 --> Fetching IIQA Details
INFO - 2020-12-03 14:14:02 --> Controller "App\Controllers\CommonFetch" loaded.
INFO - 2020-12-03 14:14:02 --> Fetching IIQA Details
INFO - 2020-12-03 14:14:02 --> Controller "App\Controllers\CommonFetch" loaded.
INFO - 2020-12-03 14:14:02 --> Fetching Title Details
INFO - 2020-12-03 14:14:02 --> Fetching Title Details
INFO - 2020-12-03 14:14:02 --> Controller "App\Controllers\IIQADocument" loaded.
INFO - 2020-12-03 14:14:02 --> Fetching Document Details
INFO - 2020-12-03 14:16:49 --> Controller "App\Controllers\UserMenus" loaded.
INFO - 2020-12-03 14:16:49 --> Fetching UserMenu details
INFO - 2020-12-03 14:16:59 --> Controller "App\Controllers\IIQAForm" loaded.
INFO - 2020-12-03 14:16:59 --> Fetching IIQA Details
INFO - 2020-12-03 14:17:39 --> Controller "App\Controllers\University" loaded.
INFO - 2020-12-03 14:17:39 --> Controller "App\Controllers\CommonFetch" loaded.
INFO - 2020-12-03 14:17:39 --> Fetching IIQA Details
INFO - 2020-12-03 14:17:39 --> Fetching IIQA Details
INFO - 2020-12-03 14:17:39 --> Controller "App\Controllers\IIQAForm" loaded.
INFO - 2020-12-03 14:17:39 --> Fetching IIQA Details
INFO - 2020-12-03 14:17:39 --> Controller "App\Controllers\CommonFetch" loaded.
INFO - 2020-12-03 14:17:39 --> Fetching IIQA Details
INFO - 2020-12-03 14:17:39 --> Controller "App\Controllers\IIQADocument" loaded.
INFO - 2020-12-03 14:17:39 --> Fetching Document Details
INFO - 2020-12-03 14:17:39 --> Controller "App\Controllers\IIQADocument" loaded.
INFO - 2020-12-03 14:17:39 --> Fetching Document Details
INFO - 2020-12-03 14:22:00 --> Controller "App\Controllers\UserMenus" loaded.
INFO - 2020-12-03 14:22:00 --> Fetching UserMenu details
INFO - 2020-12-03 14:22:42 --> Controller "App\Controllers\IIQAForm" loaded.
INFO - 2020-12-03 14:22:42 --> Fetching IIQA Details
INFO - 2020-12-03 14:22:42 --> Controller "App\Controllers\State" loaded.
INFO - 2020-12-03 14:22:42 --> Fetching IIQA Details
INFO - 2020-12-03 14:22:43 --> Controller "App\Controllers\CommonFetch" loaded.
INFO - 2020-12-03 14:22:43 --> Controller "App\Controllers\CommonFetch" loaded.
INFO - 2020-12-03 14:22:43 --> Controller "App\Controllers\University" loaded.
INFO - 2020-12-03 14:22:43 --> Fetching IIQA Details
INFO - 2020-12-03 14:22:43 --> Fetching Title Details
INFO - 2020-12-03 14:22:43 --> Fetching IIQA Details
INFO - 2020-12-03 14:22:43 --> Controller "App\Controllers\CommonFetch" loaded.
INFO - 2020-12-03 14:22:43 --> Fetching Title Details
INFO - 2020-12-03 14:22:43 --> Controller "App\Controllers\IIQADocument" loaded.
INFO - 2020-12-03 14:22:43 --> Fetching Document Details
INFO - 2020-12-03 15:32:51 --> Controller "App\Controllers\University" loaded.
INFO - 2020-12-03 15:32:51 --> Controller "App\Controllers\CommonFetch" loaded.
INFO - 2020-12-03 15:32:51 --> Controller "App\Controllers\IIQAForm" loaded.
INFO - 2020-12-03 15:32:51 --> Fetching IIQA Details
INFO - 2020-12-03 15:32:51 --> Controller "App\Controllers\CommonFetch" loaded.
INFO - 2020-12-03 15:32:51 --> Controller "App\Controllers\CommonFetch" loaded.
INFO - 2020-12-03 15:32:51 --> Controller "App\Controllers\State" loaded.
INFO - 2020-12-03 15:32:51 --> Fetching IIQA Details
INFO - 2020-12-03 15:32:51 --> Fetching Title Details
INFO - 2020-12-03 15:32:51 --> Fetching Title Details
INFO - 2020-12-03 15:32:51 --> Fetching IIQA Details
INFO - 2020-12-03 15:32:51 --> Fetching IIQA Details
INFO - 2020-12-03 15:32:51 --> Controller "App\Controllers\IIQADocument" loaded.
INFO - 2020-12-03 15:32:51 --> Fetching Document Details
INFO - 2020-12-03 15:35:35 --> Controller "App\Controllers\University" loaded.
INFO - 2020-12-03 15:35:35 --> Fetching IIQA Details
INFO - 2020-12-03 15:35:35 --> Controller "App\Controllers\CommonFetch" loaded.
INFO - 2020-12-03 15:35:35 --> Controller "App\Controllers\CommonFetch" loaded.
INFO - 2020-12-03 15:35:35 --> Controller "App\Controllers\IIQAForm" loaded.
INFO - 2020-12-03 15:35:35 --> Fetching IIQA Details
INFO - 2020-12-03 15:35:35 --> Fetching Title Details
INFO - 2020-12-03 15:35:35 --> Fetching IIQA Details
INFO - 2020-12-03 15:35:35 --> Controller "App\Controllers\State" loaded.
INFO - 2020-12-03 15:35:35 --> Controller "App\Controllers\CommonFetch" loaded.
INFO - 2020-12-03 15:35:35 --> Fetching Title Details
INFO - 2020-12-03 15:35:35 --> Fetching IIQA Details
INFO - 2020-12-03 15:35:35 --> Controller "App\Controllers\IIQADocument" loaded.
INFO - 2020-12-03 15:35:35 --> Fetching Document Details
INFO - 2020-12-03 15:42:45 --> Controller "App\Controllers\CommonFetch" loaded.
INFO - 2020-12-03 15:42:45 --> Controller "App\Controllers\State" loaded.
INFO - 2020-12-03 15:42:45 --> Controller "App\Controllers\IIQAForm" loaded.
INFO - 2020-12-03 15:42:45 --> Fetching IIQA Details
INFO - 2020-12-03 15:42:45 --> Fetching IIQA Details
INFO - 2020-12-03 15:42:45 --> Controller "App\Controllers\University" loaded.
INFO - 2020-12-03 15:42:45 --> Fetching IIQA Details
INFO - 2020-12-03 15:42:45 --> Controller "App\Controllers\CommonFetch" loaded.
INFO - 2020-12-03 15:42:45 --> Controller "App\Controllers\CommonFetch" loaded.
INFO - 2020-12-03 15:42:45 --> Fetching Title Details
INFO - 2020-12-03 15:42:45 --> Fetching IIQA Details
INFO - 2020-12-03 15:42:45 --> Fetching Title Details
INFO - 2020-12-03 15:42:45 --> Controller "App\Controllers\IIQADocument" loaded.
INFO - 2020-12-03 15:42:45 --> Fetching Document Details
INFO - 2020-12-03 16:07:01 --> Controller "App\Controllers\IIQAForm" loaded.
INFO - 2020-12-03 16:07:01 --> Fetching IIQA Details
INFO - 2020-12-03 16:07:01 --> Controller "App\Controllers\State" loaded.
INFO - 2020-12-03 16:07:01 --> Fetching IIQA Details
INFO - 2020-12-03 16:07:01 --> Controller "App\Controllers\University" loaded.
INFO - 2020-12-03 16:07:01 --> Fetching IIQA Details
INFO - 2020-12-03 16:07:01 --> Controller "App\Controllers\CommonFetch" loaded.
INFO - 2020-12-03 16:07:01 --> Fetching IIQA Details
INFO - 2020-12-03 16:07:01 --> Controller "App\Controllers\CommonFetch" loaded.
INFO - 2020-12-03 16:07:01 --> Fetching Title Details
INFO - 2020-12-03 16:07:01 --> Controller "App\Controllers\CommonFetch" loaded.
INFO - 2020-12-03 16:07:01 --> Fetching Title Details
INFO - 2020-12-03 16:07:01 --> Controller "App\Controllers\IIQADocument" loaded.
INFO - 2020-12-03 16:07:01 --> Fetching Document Details
INFO - 2020-12-03 16:12:19 --> Controller "App\Controllers\University" loaded.
INFO - 2020-12-03 16:12:19 --> Controller "App\Controllers\IIQAForm" loaded.
INFO - 2020-12-03 16:12:19 --> Fetching IIQA Details
INFO - 2020-12-03 16:12:19 --> Controller "App\Controllers\State" loaded.
INFO - 2020-12-03 16:12:19 --> Fetching IIQA Details
INFO - 2020-12-03 16:12:19 --> Controller "App\Controllers\CommonFetch" loaded.
INFO - 2020-12-03 16:12:19 --> Fetching IIQA Details
INFO - 2020-12-03 16:12:19 --> Fetching IIQA Details
INFO - 2020-12-03 16:12:19 --> Controller "App\Controllers\CommonFetch" loaded.
INFO - 2020-12-03 16:12:19 --> Controller "App\Controllers\CommonFetch" loaded.
INFO - 2020-12-03 16:12:19 --> Fetching Title Details
INFO - 2020-12-03 16:12:19 --> Fetching Title Details
INFO - 2020-12-03 16:12:19 --> Controller "App\Controllers\IIQADocument" loaded.
INFO - 2020-12-03 16:12:19 --> Fetching Document Details
INFO - 2020-12-03 16:12:47 --> Controller "App\Controllers\State" loaded.
INFO - 2020-12-03 16:12:47 --> Controller "App\Controllers\IIQAForm" loaded.
INFO - 2020-12-03 16:12:47 --> Fetching IIQA Details
INFO - 2020-12-03 16:12:47 --> Fetching IIQA Details
INFO - 2020-12-03 16:12:47 --> Controller "App\Controllers\University" loaded.
INFO - 2020-12-03 16:12:47 --> Controller "App\Controllers\CommonFetch" loaded.
INFO - 2020-12-03 16:12:47 --> Controller "App\Controllers\CommonFetch" loaded.
INFO - 2020-12-03 16:12:47 --> Controller "App\Controllers\CommonFetch" loaded.
INFO - 2020-12-03 16:12:47 --> Fetching IIQA Details
INFO - 2020-12-03 16:12:47 --> Fetching Title Details
INFO - 2020-12-03 16:12:47 --> Fetching Title Details
INFO - 2020-12-03 16:12:47 --> Fetching IIQA Details
INFO - 2020-12-03 16:12:47 --> Controller "App\Controllers\IIQADocument" loaded.
INFO - 2020-12-03 16:12:47 --> Fetching Document Details
INFO - 2020-12-03 16:15:26 --> Controller "App\Controllers\IIQAForm" loaded.
INFO - 2020-12-03 16:15:26 --> Controller "App\Controllers\University" loaded.
INFO - 2020-12-03 16:15:26 --> Controller "App\Controllers\State" loaded.
INFO - 2020-12-03 16:15:26 --> Fetching IIQA Details
INFO - 2020-12-03 16:15:26 --> Fetching IIQA Details
INFO - 2020-12-03 16:15:26 --> Fetching IIQA Details
INFO - 2020-12-03 16:15:26 --> Controller "App\Controllers\CommonFetch" loaded.
INFO - 2020-12-03 16:15:26 --> Fetching IIQA Details
INFO - 2020-12-03 16:15:26 --> Controller "App\Controllers\CommonFetch" loaded.
INFO - 2020-12-03 16:15:26 --> Controller "App\Controllers\CommonFetch" loaded.
INFO - 2020-12-03 16:15:26 --> Fetching Title Details
INFO - 2020-12-03 16:15:26 --> Fetching Title Details
INFO - 2020-12-03 16:15:26 --> Controller "App\Controllers\IIQADocument" loaded.
INFO - 2020-12-03 16:15:26 --> Fetching Document Details
INFO - 2020-12-03 16:30:01 --> Controller "App\Controllers\IIQAForm" loaded.
INFO - 2020-12-03 16:30:01 --> Controller "App\Controllers\State" loaded.
INFO - 2020-12-03 16:30:01 --> Controller "App\Controllers\CommonFetch" loaded.
INFO - 2020-12-03 16:30:01 --> Fetching IIQA Details
INFO - 2020-12-03 16:30:01 --> Fetching IIQA Details
INFO - 2020-12-03 16:30:01 --> Controller "App\Controllers\CommonFetch" loaded.
INFO - 2020-12-03 16:30:01 --> Fetching IIQA Details
INFO - 2020-12-03 16:30:01 --> Controller "App\Controllers\University" loaded.
INFO - 2020-12-03 16:30:01 --> Fetching Title Details
INFO - 2020-12-03 16:30:01 --> Fetching IIQA Details
INFO - 2020-12-03 16:30:01 --> Controller "App\Controllers\CommonFetch" loaded.
INFO - 2020-12-03 16:30:01 --> Fetching Title Details
INFO - 2020-12-03 16:30:01 --> Controller "App\Controllers\IIQADocument" loaded.
INFO - 2020-12-03 16:30:01 --> Fetching Document Details
INFO - 2020-12-03 16:32:36 --> Controller "App\Controllers\IIQAForm" loaded.
INFO - 2020-12-03 16:32:36 --> Controller "App\Controllers\State" loaded.
INFO - 2020-12-03 16:32:36 --> Fetching IIQA Details
INFO - 2020-12-03 16:32:36 --> Fetching IIQA Details
INFO - 2020-12-03 16:32:36 --> Controller "App\Controllers\CommonFetch" loaded.
INFO - 2020-12-03 16:32:36 --> Controller "App\Controllers\University" loaded.
INFO - 2020-12-03 16:32:36 --> Controller "App\Controllers\CommonFetch" loaded.
INFO - 2020-12-03 16:32:36 --> Fetching Title Details
INFO - 2020-12-03 16:32:36 --> Fetching Title Details
INFO - 2020-12-03 16:32:36 --> Fetching IIQA Details
INFO - 2020-12-03 16:32:36 --> Controller "App\Controllers\CommonFetch" loaded.
INFO - 2020-12-03 16:32:36 --> Fetching IIQA Details
INFO - 2020-12-03 16:32:36 --> Controller "App\Controllers\IIQADocument" loaded.
INFO - 2020-12-03 16:32:36 --> Fetching Document Details
INFO - 2020-12-03 16:41:07 --> Controller "App\Controllers\CommonFetch" loaded.
INFO - 2020-12-03 16:41:07 --> Fetching Title Details
INFO - 2020-12-03 16:41:07 --> Controller "App\Controllers\State" loaded.
INFO - 2020-12-03 16:41:07 --> Controller "App\Controllers\IIQAForm" loaded.
INFO - 2020-12-03 16:41:07 --> Controller "App\Controllers\IIQADocument" loaded.
INFO - 2020-12-03 16:41:07 --> Fetching IIQA Details
INFO - 2020-12-03 16:41:07 --> Fetching IIQA Details
INFO - 2020-12-03 16:41:07 --> Fetching Document Details
INFO - 2020-12-03 16:41:07 --> Controller "App\Controllers\CommonFetch" loaded.
INFO - 2020-12-03 16:41:07 --> Fetching IIQA Details
INFO - 2020-12-03 16:41:07 --> Controller "App\Controllers\University" loaded.
INFO - 2020-12-03 16:41:07 --> Fetching IIQA Details
INFO - 2020-12-03 16:41:07 --> Controller "App\Controllers\CommonFetch" loaded.
INFO - 2020-12-03 16:41:07 --> Fetching Title Details
INFO - 2020-12-03 16:41:42 --> Controller "App\Controllers\State" loaded.
INFO - 2020-12-03 16:41:42 --> Controller "App\Controllers\CommonFetch" loaded.
INFO - 2020-12-03 16:41:42 --> Fetching IIQA Details
INFO - 2020-12-03 16:41:42 --> Controller "App\Controllers\University" loaded.
INFO - 2020-12-03 16:41:42 --> Controller "App\Controllers\CommonFetch" loaded.
INFO - 2020-12-03 16:41:42 --> Controller "App\Controllers\CommonFetch" loaded.
INFO - 2020-12-03 16:41:42 --> Fetching Title Details
INFO - 2020-12-03 16:41:42 --> Fetching IIQA Details
INFO - 2020-12-03 16:41:42 --> Fetching Title Details
INFO - 2020-12-03 16:41:42 --> Fetching IIQA Details
INFO - 2020-12-03 16:41:42 --> Controller "App\Controllers\IIQAForm" loaded.
INFO - 2020-12-03 16:41:42 --> Fetching IIQA Details
INFO - 2020-12-03 16:41:42 --> Controller "App\Controllers\IIQADocument" loaded.
INFO - 2020-12-03 16:41:42 --> Fetching Document Details
INFO - 2020-12-03 16:48:32 --> Controller "App\Controllers\University" loaded.
INFO - 2020-12-03 16:48:32 --> Controller "App\Controllers\CommonFetch" loaded.
INFO - 2020-12-03 16:48:32 --> Controller "App\Controllers\IIQAForm" loaded.
INFO - 2020-12-03 16:48:32 --> Fetching IIQA Details
INFO - 2020-12-03 16:48:32 --> Controller "App\Controllers\CommonFetch" loaded.
INFO - 2020-12-03 16:48:32 --> Controller "App\Controllers\CommonFetch" loaded.
INFO - 2020-12-03 16:48:32 --> Fetching IIQA Details
INFO - 2020-12-03 16:48:32 --> Fetching IIQA Details
INFO - 2020-12-03 16:48:32 --> Fetching Title Details
INFO - 2020-12-03 16:48:32 --> Fetching Title Details
INFO - 2020-12-03 16:48:32 --> Controller "App\Controllers\State" loaded.
INFO - 2020-12-03 16:48:32 --> Fetching IIQA Details
INFO - 2020-12-03 16:48:32 --> Controller "App\Controllers\IIQADocument" loaded.
INFO - 2020-12-03 16:48:32 --> Fetching Document Details
INFO - 2020-12-03 16:54:24 --> Controller "App\Controllers\State" loaded.
INFO - 2020-12-03 16:54:24 --> Controller "App\Controllers\IIQAForm" loaded.
INFO - 2020-12-03 16:54:24 --> Fetching IIQA Details
INFO - 2020-12-03 16:54:24 --> Fetching IIQA Details
INFO - 2020-12-03 16:54:24 --> Controller "App\Controllers\University" loaded.
INFO - 2020-12-03 16:54:24 --> Controller "App\Controllers\CommonFetch" loaded.
INFO - 2020-12-03 16:54:24 --> Controller "App\Controllers\CommonFetch" loaded.
INFO - 2020-12-03 16:54:24 --> Fetching IIQA Details
INFO - 2020-12-03 16:54:24 --> Fetching Title Details
INFO - 2020-12-03 16:54:24 --> Fetching IIQA Details
INFO - 2020-12-03 16:54:24 --> Controller "App\Controllers\CommonFetch" loaded.
INFO - 2020-12-03 16:54:24 --> Fetching Title Details
INFO - 2020-12-03 16:54:24 --> Controller "App\Controllers\IIQADocument" loaded.
INFO - 2020-12-03 16:54:24 --> Fetching Document Details
INFO - 2020-12-03 17:02:57 --> Controller "App\Controllers\State" loaded.
INFO - 2020-12-03 17:02:57 --> Controller "App\Controllers\IIQAForm" loaded.
INFO - 2020-12-03 17:02:57 --> Controller "App\Controllers\CommonFetch" loaded.
INFO - 2020-12-03 17:02:57 --> Controller "App\Controllers\CommonFetch" loaded.
INFO - 2020-12-03 17:02:57 --> Controller "App\Controllers\CommonFetch" loaded.
INFO - 2020-12-03 17:02:57 --> Controller "App\Controllers\University" loaded.
INFO - 2020-12-03 17:02:57 --> Fetching IIQA Details
INFO - 2020-12-03 17:02:57 --> Fetching IIQA Details
INFO - 2020-12-03 17:02:57 --> Fetching IIQA Details
INFO - 2020-12-03 17:02:57 --> Fetching Title Details
INFO - 2020-12-03 17:02:57 --> Fetching Title Details
INFO - 2020-12-03 17:02:57 --> Fetching IIQA Details
INFO - 2020-12-03 17:02:57 --> Controller "App\Controllers\IIQADocument" loaded.
INFO - 2020-12-03 17:02:57 --> Fetching Document Details
INFO - 2020-12-03 17:11:23 --> Controller "App\Controllers\State" loaded.
INFO - 2020-12-03 17:11:23 --> Controller "App\Controllers\CommonFetch" loaded.
INFO - 2020-12-03 17:11:23 --> Controller "App\Controllers\IIQAForm" loaded.
INFO - 2020-12-03 17:11:23 --> Controller "App\Controllers\University" loaded.
INFO - 2020-12-03 17:11:23 --> Controller "App\Controllers\CommonFetch" loaded.
INFO - 2020-12-03 17:11:23 --> Controller "App\Controllers\CommonFetch" loaded.
INFO - 2020-12-03 17:11:23 --> Fetching IIQA Details
INFO - 2020-12-03 17:11:23 --> Fetching IIQA Details
INFO - 2020-12-03 17:11:23 --> Fetching IIQA Details
INFO - 2020-12-03 17:11:23 --> Fetching Title Details
INFO - 2020-12-03 17:11:23 --> Fetching Title Details
INFO - 2020-12-03 17:11:23 --> Fetching IIQA Details
INFO - 2020-12-03 17:11:23 --> Controller "App\Controllers\IIQADocument" loaded.
INFO - 2020-12-03 17:11:23 --> Fetching Document Details
INFO - 2020-12-03 17:17:17 --> Controller "App\Controllers\UserMenus" loaded.
INFO - 2020-12-03 17:17:17 --> Fetching UserMenu details
INFO - 2020-12-03 17:17:20 --> Controller "App\Controllers\UserMenus" loaded.
INFO - 2020-12-03 17:17:20 --> Fetching UserMenu details
INFO - 2020-12-03 17:17:24 --> Controller "App\Controllers\IIQAForm" loaded.
INFO - 2020-12-03 17:17:24 --> Fetching IIQA Details
INFO - 2020-12-03 17:17:24 --> Controller "App\Controllers\University" loaded.
INFO - 2020-12-03 17:17:24 --> Controller "App\Controllers\CommonFetch" loaded.
INFO - 2020-12-03 17:17:24 --> Controller "App\Controllers\State" loaded.
INFO - 2020-12-03 17:17:24 --> Controller "App\Controllers\IIQADocument" loaded.
INFO - 2020-12-03 17:17:24 --> Fetching IIQA Details
INFO - 2020-12-03 17:17:24 --> Controller "App\Controllers\CommonFetch" loaded.
INFO - 2020-12-03 17:17:24 --> Fetching IIQA Details
INFO - 2020-12-03 17:17:24 --> Controller "App\Controllers\CommonFetch" loaded.
INFO - 2020-12-03 17:17:24 --> Fetching Title Details
INFO - 2020-12-03 17:17:24 --> Fetching IIQA Details
INFO - 2020-12-03 17:17:24 --> Fetching Document Details
INFO - 2020-12-03 17:17:24 --> Fetching Title Details
INFO - 2020-12-03 17:17:44 --> Controller "App\Controllers\UserMenus" loaded.
INFO - 2020-12-03 17:17:44 --> Fetching UserMenu details
INFO - 2020-12-03 17:17:47 --> Controller "App\Controllers\IIQAForm" loaded.
INFO - 2020-12-03 17:17:47 --> Fetching IIQA Details
INFO - 2020-12-03 17:17:47 --> Controller "App\Controllers\State" loaded.
INFO - 2020-12-03 17:17:47 --> Fetching IIQA Details
INFO - 2020-12-03 17:17:47 --> Controller "App\Controllers\University" loaded.
INFO - 2020-12-03 17:17:47 --> Fetching IIQA Details
INFO - 2020-12-03 17:17:47 --> Controller "App\Controllers\CommonFetch" loaded.
INFO - 2020-12-03 17:17:47 --> Controller "App\Controllers\CommonFetch" loaded.
INFO - 2020-12-03 17:17:47 --> Fetching Title Details
INFO - 2020-12-03 17:17:47 --> Fetching Title Details
INFO - 2020-12-03 17:17:47 --> Controller "App\Controllers\CommonFetch" loaded.
INFO - 2020-12-03 17:17:47 --> Fetching IIQA Details
INFO - 2020-12-03 17:17:47 --> Controller "App\Controllers\IIQADocument" loaded.
INFO - 2020-12-03 17:17:47 --> Fetching Document Details
INFO - 2020-12-03 17:19:28 --> Controller "App\Controllers\IIQAForm" loaded.
INFO - 2020-12-03 17:19:28 --> Controller "App\Controllers\CommonFetch" loaded.
INFO - 2020-12-03 17:19:28 --> Controller "App\Controllers\University" loaded.
INFO - 2020-12-03 17:19:28 --> Controller "App\Controllers\State" loaded.
INFO - 2020-12-03 17:19:28 --> Fetching IIQA Details
INFO - 2020-12-03 17:19:28 --> Controller "App\Controllers\CommonFetch" loaded.
INFO - 2020-12-03 17:19:28 --> Fetching IIQA Details
INFO - 2020-12-03 17:19:28 --> Fetching Title Details
INFO - 2020-12-03 17:19:28 --> Controller "App\Controllers\CommonFetch" loaded.
INFO - 2020-12-03 17:19:28 --> Fetching IIQA Details
INFO - 2020-12-03 17:19:28 --> Fetching Title Details
INFO - 2020-12-03 17:19:28 --> Fetching IIQA Details
INFO - 2020-12-03 17:19:29 --> Controller "App\Controllers\IIQADocument" loaded.
INFO - 2020-12-03 17:19:29 --> Fetching Document Details
INFO - 2020-12-03 17:34:00 --> Controller "App\Controllers\UserMenus" loaded.
INFO - 2020-12-03 17:34:00 --> Fetching UserMenu details
INFO - 2020-12-03 17:34:16 --> Controller "App\Controllers\IIQAForm" loaded.
INFO - 2020-12-03 17:34:16 --> Fetching IIQA Details
INFO - 2020-12-03 17:34:18 --> Controller "App\Controllers\IIQAForm" loaded.
INFO - 2020-12-03 17:34:18 --> Fetching IIQA Details
INFO - 2020-12-03 17:34:18 --> Controller "App\Controllers\CommonFetch" loaded.
INFO - 2020-12-03 17:34:18 --> Fetching IIQA Details
INFO - 2020-12-03 17:34:18 --> Controller "App\Controllers\University" loaded.
INFO - 2020-12-03 17:34:18 --> Fetching IIQA Details
INFO - 2020-12-03 17:34:18 --> Controller "App\Controllers\IIQADocument" loaded.
INFO - 2020-12-03 17:34:18 --> Controller "App\Controllers\CommonFetch" loaded.
INFO - 2020-12-03 17:34:18 --> Fetching Document Details
INFO - 2020-12-03 17:34:18 --> Controller "App\Controllers\IIQADocument" loaded.
INFO - 2020-12-03 17:34:18 --> Fetching IIQA Details
INFO - 2020-12-03 17:34:18 --> Fetching Document Details
INFO - 2020-12-03 17:39:06 --> Controller "App\Controllers\State" loaded.
INFO - 2020-12-03 17:39:06 --> Controller "App\Controllers\University" loaded.
INFO - 2020-12-03 17:39:06 --> Fetching IIQA Details
INFO - 2020-12-03 17:39:06 --> Controller "App\Controllers\CommonFetch" loaded.
INFO - 2020-12-03 17:39:06 --> Controller "App\Controllers\CommonFetch" loaded.
INFO - 2020-12-03 17:39:06 --> Fetching IIQA Details
INFO - 2020-12-03 17:39:06 --> Controller "App\Controllers\IIQAForm" loaded.
INFO - 2020-12-03 17:39:06 --> Fetching IIQA Details
INFO - 2020-12-03 17:39:06 --> Fetching IIQA Details
INFO - 2020-12-03 17:39:06 --> Fetching Title Details
INFO - 2020-12-03 17:39:06 --> Controller "App\Controllers\CommonFetch" loaded.
INFO - 2020-12-03 17:39:06 --> Fetching Title Details
INFO - 2020-12-03 17:39:06 --> Controller "App\Controllers\IIQADocument" loaded.
INFO - 2020-12-03 17:39:06 --> Fetching Document Details
INFO - 2020-12-03 18:00:19 --> Controller "App\Controllers\CommonFetch" loaded.
INFO - 2020-12-03 18:00:19 --> Controller "App\Controllers\State" loaded.
INFO - 2020-12-03 18:00:19 --> Controller "App\Controllers\IIQAForm" loaded.
INFO - 2020-12-03 18:00:19 --> Fetching IIQA Details
INFO - 2020-12-03 18:00:19 --> Fetching IIQA Details
INFO - 2020-12-03 18:00:19 --> Controller "App\Controllers\CommonFetch" loaded.
INFO - 2020-12-03 18:00:19 --> Controller "App\Controllers\University" loaded.
INFO - 2020-12-03 18:00:19 --> Controller "App\Controllers\CommonFetch" loaded.
INFO - 2020-12-03 18:00:19 --> Fetching IIQA Details
INFO - 2020-12-03 18:00:19 --> Fetching Title Details
INFO - 2020-12-03 18:00:19 --> Fetching Title Details
INFO - 2020-12-03 18:00:19 --> Fetching IIQA Details
INFO - 2020-12-03 18:00:20 --> Controller "App\Controllers\IIQADocument" loaded.
INFO - 2020-12-03 18:00:20 --> Fetching Document Details
INFO - 2020-12-03 18:01:49 --> Controller "App\Controllers\IIQAForm" loaded.
INFO - 2020-12-03 18:01:49 --> Controller "App\Controllers\CommonFetch" loaded.
INFO - 2020-12-03 18:01:49 --> Controller "App\Controllers\University" loaded.
INFO - 2020-12-03 18:01:49 --> Fetching IIQA Details
INFO - 2020-12-03 18:01:49 --> Fetching IIQA Details
INFO - 2020-12-03 18:01:49 --> Controller "App\Controllers\State" loaded.
INFO - 2020-12-03 18:01:49 --> Controller "App\Controllers\CommonFetch" loaded.
INFO - 2020-12-03 18:01:49 --> Fetching IIQA Details
INFO - 2020-12-03 18:01:49 --> Fetching Title Details
INFO - 2020-12-03 18:01:49 --> Fetching IIQA Details
INFO - 2020-12-03 18:01:49 --> Controller "App\Controllers\CommonFetch" loaded.
INFO - 2020-12-03 18:01:49 --> Fetching Title Details
INFO - 2020-12-03 18:01:49 --> Controller "App\Controllers\IIQADocument" loaded.
INFO - 2020-12-03 18:01:49 --> Fetching Document Details
INFO - 2020-12-03 18:01:49 --> Controller "App\Controllers\UserMenus" loaded.
INFO - 2020-12-03 18:01:49 --> Fetching UserMenu details
INFO - 2020-12-03 18:01:52 --> Controller "App\Controllers\State" loaded.
INFO - 2020-12-03 18:01:52 --> Fetching IIQA Details
INFO - 2020-12-03 18:01:52 --> Controller "App\Controllers\IIQAForm" loaded.
INFO - 2020-12-03 18:01:52 --> Fetching IIQA Details
INFO - 2020-12-03 18:01:52 --> Controller "App\Controllers\CommonFetch" loaded.
INFO - 2020-12-03 18:01:52 --> Controller "App\Controllers\University" loaded.
INFO - 2020-12-03 18:01:52 --> Fetching IIQA Details
INFO - 2020-12-03 18:01:52 --> Controller "App\Controllers\CommonFetch" loaded.
INFO - 2020-12-03 18:01:52 --> Fetching Title Details
INFO - 2020-12-03 18:01:52 --> Fetching IIQA Details
INFO - 2020-12-03 18:01:52 --> Controller "App\Controllers\CommonFetch" loaded.
INFO - 2020-12-03 18:01:52 --> Fetching Title Details
INFO - 2020-12-03 18:01:52 --> Controller "App\Controllers\IIQADocument" loaded.
INFO - 2020-12-03 18:01:52 --> Fetching Document Details
INFO - 2020-12-03 18:06:55 --> Controller "App\Controllers\University" loaded.
INFO - 2020-12-03 18:06:55 --> Controller "App\Controllers\State" loaded.
INFO - 2020-12-03 18:06:55 --> Controller "App\Controllers\CommonFetch" loaded.
INFO - 2020-12-03 18:06:55 --> Controller "App\Controllers\IIQAForm" loaded.
INFO - 2020-12-03 18:06:55 --> Fetching Title Details
INFO - 2020-12-03 18:06:55 --> Fetching IIQA Details
INFO - 2020-12-03 18:06:55 --> Fetching IIQA Details
INFO - 2020-12-03 18:06:55 --> Fetching IIQA Details
INFO - 2020-12-03 18:06:55 --> Controller "App\Controllers\CommonFetch" loaded.
INFO - 2020-12-03 18:06:55 --> Controller "App\Controllers\CommonFetch" loaded.
INFO - 2020-12-03 18:06:55 --> Fetching Title Details
INFO - 2020-12-03 18:06:55 --> Fetching IIQA Details
INFO - 2020-12-03 18:06:55 --> Controller "App\Controllers\IIQADocument" loaded.
INFO - 2020-12-03 18:06:55 --> Fetching Document Details
INFO - 2020-12-03 18:10:23 --> Controller "App\Controllers\IIQAForm" loaded.
INFO - 2020-12-03 18:10:23 --> Fetching IIQA Details
INFO - 2020-12-03 18:10:23 --> Controller "App\Controllers\State" loaded.
INFO - 2020-12-03 18:10:23 --> Fetching IIQA Details
INFO - 2020-12-03 18:10:23 --> Controller "App\Controllers\University" loaded.
INFO - 2020-12-03 18:10:23 --> Fetching IIQA Details
INFO - 2020-12-03 18:10:23 --> Controller "App\Controllers\CommonFetch" loaded.
INFO - 2020-12-03 18:10:23 --> Fetching IIQA Details
INFO - 2020-12-03 18:10:23 --> Controller "App\Controllers\CommonFetch" loaded.
INFO - 2020-12-03 18:10:23 --> Fetching Title Details
INFO - 2020-12-03 18:10:23 --> Controller "App\Controllers\CommonFetch" loaded.
INFO - 2020-12-03 18:10:23 --> Fetching Title Details
INFO - 2020-12-03 18:10:23 --> Controller "App\Controllers\IIQADocument" loaded.
INFO - 2020-12-03 18:10:23 --> Fetching Document Details
INFO - 2020-12-03 18:19:58 --> Controller "App\Controllers\State" loaded.
INFO - 2020-12-03 18:19:58 --> Controller "App\Controllers\CommonFetch" loaded.
INFO - 2020-12-03 18:19:58 --> Controller "App\Controllers\University" loaded.
INFO - 2020-12-03 18:19:58 --> Controller "App\Controllers\IIQAForm" loaded.
INFO - 2020-12-03 18:19:58 --> Controller "App\Controllers\CommonFetch" loaded.
INFO - 2020-12-03 18:19:58 --> Controller "App\Controllers\CommonFetch" loaded.
INFO - 2020-12-03 18:19:58 --> Fetching IIQA Details
INFO - 2020-12-03 18:19:58 --> Fetching Title Details
INFO - 2020-12-03 18:19:58 --> Fetching Title Details
INFO - 2020-12-03 18:19:58 --> Fetching IIQA Details
INFO - 2020-12-03 18:19:58 --> Fetching IIQA Details
INFO - 2020-12-03 18:19:58 --> Fetching IIQA Details
INFO - 2020-12-03 18:19:58 --> Controller "App\Controllers\IIQADocument" loaded.
INFO - 2020-12-03 18:19:58 --> Fetching Document Details
INFO - 2020-12-03 18:19:58 --> Controller "App\Controllers\UserMenus" loaded.
INFO - 2020-12-03 18:19:58 --> Fetching UserMenu details
INFO - 2020-12-03 18:20:01 --> Controller "App\Controllers\State" loaded.
INFO - 2020-12-03 18:20:01 --> Controller "App\Controllers\University" loaded.
INFO - 2020-12-03 18:20:01 --> Controller "App\Controllers\IIQAForm" loaded.
INFO - 2020-12-03 18:20:01 --> Fetching IIQA Details
INFO - 2020-12-03 18:20:01 --> Controller "App\Controllers\CommonFetch" loaded.
INFO - 2020-12-03 18:20:01 --> Fetching Title Details
INFO - 2020-12-03 18:20:01 --> Controller "App\Controllers\CommonFetch" loaded.
INFO - 2020-12-03 18:20:01 --> Fetching IIQA Details
INFO - 2020-12-03 18:20:01 --> Fetching IIQA Details
INFO - 2020-12-03 18:20:01 --> Fetching Title Details
INFO - 2020-12-03 18:20:01 --> Controller "App\Controllers\CommonFetch" loaded.
INFO - 2020-12-03 18:20:01 --> Fetching IIQA Details
INFO - 2020-12-03 18:20:01 --> Controller "App\Controllers\IIQADocument" loaded.
INFO - 2020-12-03 18:20:01 --> Fetching Document Details
INFO - 2020-12-03 18:22:19 --> Controller "App\Controllers\IIQAForm" loaded.
INFO - 2020-12-03 18:22:19 --> Controller "App\Controllers\CommonFetch" loaded.
INFO - 2020-12-03 18:22:19 --> Fetching Title Details
INFO - 2020-12-03 18:22:19 --> Controller "App\Controllers\CommonFetch" loaded.
INFO - 2020-12-03 18:22:19 --> Controller "App\Controllers\State" loaded.
INFO - 2020-12-03 18:22:19 --> Controller "App\Controllers\CommonFetch" loaded.
INFO - 2020-12-03 18:22:19 --> Fetching IIQA Details
INFO - 2020-12-03 18:22:19 --> Fetching IIQA Details
INFO - 2020-12-03 18:22:19 --> Controller "App\Controllers\University" loaded.
INFO - 2020-12-03 18:22:19 --> Fetching Title Details
INFO - 2020-12-03 18:22:19 --> Fetching IIQA Details
INFO - 2020-12-03 18:22:19 --> Fetching IIQA Details
INFO - 2020-12-03 18:22:19 --> Controller "App\Controllers\IIQADocument" loaded.
INFO - 2020-12-03 18:22:19 --> Fetching Document Details
INFO - 2020-12-03 18:26:05 --> Controller "App\Controllers\State" loaded.
INFO - 2020-12-03 18:26:05 --> Controller "App\Controllers\IIQAForm" loaded.
INFO - 2020-12-03 18:26:05 --> Fetching IIQA Details
INFO - 2020-12-03 18:26:05 --> Fetching IIQA Details
INFO - 2020-12-03 18:26:05 --> Controller "App\Controllers\CommonFetch" loaded.
INFO - 2020-12-03 18:26:05 --> Controller "App\Controllers\CommonFetch" loaded.
INFO - 2020-12-03 18:26:05 --> Fetching Title Details
INFO - 2020-12-03 18:26:05 --> Controller "App\Controllers\CommonFetch" loaded.
INFO - 2020-12-03 18:26:05 --> Fetching Title Details
INFO - 2020-12-03 18:26:05 --> Fetching IIQA Details
INFO - 2020-12-03 18:26:05 --> Controller "App\Controllers\University" loaded.
INFO - 2020-12-03 18:26:05 --> Fetching IIQA Details
INFO - 2020-12-03 18:26:05 --> Controller "App\Controllers\IIQADocument" loaded.
INFO - 2020-12-03 18:26:05 --> Fetching Document Details
INFO - 2020-12-03 18:26:18 --> Controller "App\Controllers\IIQAForm" loaded.
INFO - 2020-12-03 18:26:18 --> Fetching IIQA Details
INFO - 2020-12-03 18:26:18 --> Controller "App\Controllers\State" loaded.
INFO - 2020-12-03 18:26:18 --> Fetching IIQA Details
INFO - 2020-12-03 18:26:18 --> Controller "App\Controllers\CommonFetch" loaded.
INFO - 2020-12-03 18:26:18 --> Fetching IIQA Details
INFO - 2020-12-03 18:26:18 --> Controller "App\Controllers\CommonFetch" loaded.
INFO - 2020-12-03 18:26:18 --> Controller "App\Controllers\University" loaded.
INFO - 2020-12-03 18:26:18 --> Fetching Title Details
INFO - 2020-12-03 18:26:18 --> Fetching IIQA Details
INFO - 2020-12-03 18:26:18 --> Controller "App\Controllers\CommonFetch" loaded.
INFO - 2020-12-03 18:26:18 --> Fetching Title Details
INFO - 2020-12-03 18:26:18 --> Controller "App\Controllers\IIQADocument" loaded.
INFO - 2020-12-03 18:26:18 --> Fetching Document Details
INFO - 2020-12-03 18:26:28 --> Controller "App\Controllers\IIQAForm" loaded.
INFO - 2020-12-03 18:26:28 --> Controller "App\Controllers\State" loaded.
INFO - 2020-12-03 18:26:28 --> Fetching IIQA Details
INFO - 2020-12-03 18:26:28 --> Fetching IIQA Details
INFO - 2020-12-03 18:26:28 --> Controller "App\Controllers\University" loaded.
INFO - 2020-12-03 18:26:28 --> Fetching IIQA Details
INFO - 2020-12-03 18:26:28 --> Controller "App\Controllers\CommonFetch" loaded.
INFO - 2020-12-03 18:26:28 --> Controller "App\Controllers\CommonFetch" loaded.
INFO - 2020-12-03 18:26:28 --> Controller "App\Controllers\CommonFetch" loaded.
INFO - 2020-12-03 18:26:28 --> Fetching Title Details
INFO - 2020-12-03 18:26:28 --> Fetching IIQA Details
INFO - 2020-12-03 18:26:28 --> Fetching Title Details
INFO - 2020-12-03 18:26:28 --> Controller "App\Controllers\IIQADocument" loaded.
INFO - 2020-12-03 18:26:28 --> Fetching Document Details
INFO - 2020-12-03 18:30:07 --> Controller "App\Controllers\CommonFetch" loaded.
INFO - 2020-12-03 18:30:07 --> Controller "App\Controllers\University" loaded.
INFO - 2020-12-03 18:30:07 --> Controller "App\Controllers\State" loaded.
INFO - 2020-12-03 18:30:07 --> Fetching Title Details
INFO - 2020-12-03 18:30:07 --> Fetching IIQA Details
INFO - 2020-12-03 18:30:07 --> Controller "App\Controllers\CommonFetch" loaded.
INFO - 2020-12-03 18:30:07 --> Fetching IIQA Details
INFO - 2020-12-03 18:30:07 --> Controller "App\Controllers\CommonFetch" loaded.
INFO - 2020-12-03 18:30:07 --> Fetching IIQA Details
INFO - 2020-12-03 18:30:07 --> Fetching Title Details
INFO - 2020-12-03 18:30:07 --> Controller "App\Controllers\IIQAForm" loaded.
INFO - 2020-12-03 18:30:07 --> Fetching IIQA Details
INFO - 2020-12-03 18:30:07 --> Controller "App\Controllers\IIQADocument" loaded.
INFO - 2020-12-03 18:30:07 --> Fetching Document Details
INFO - 2020-12-03 18:34:35 --> Controller "App\Controllers\IIQAForm" loaded.
INFO - 2020-12-03 18:34:35 --> Fetching IIQA Details
INFO - 2020-12-03 18:34:35 --> Controller "App\Controllers\CommonFetch" loaded.
INFO - 2020-12-03 18:34:35 --> Controller "App\Controllers\State" loaded.
INFO - 2020-12-03 18:34:35 --> Controller "App\Controllers\University" loaded.
INFO - 2020-12-03 18:34:35 --> Fetching IIQA Details
INFO - 2020-12-03 18:34:35 --> Fetching IIQA Details
INFO - 2020-12-03 18:34:35 --> Fetching IIQA Details
INFO - 2020-12-03 18:34:35 --> Controller "App\Controllers\CommonFetch" loaded.
INFO - 2020-12-03 18:34:35 --> Fetching Title Details
INFO - 2020-12-03 18:34:35 --> Controller "App\Controllers\CommonFetch" loaded.
INFO - 2020-12-03 18:34:35 --> Fetching Title Details
INFO - 2020-12-03 18:34:35 --> Controller "App\Controllers\IIQADocument" loaded.
INFO - 2020-12-03 18:34:35 --> Fetching Document Details
INFO - 2020-12-03 18:36:31 --> Controller "App\Controllers\IIQAForm" loaded.
INFO - 2020-12-03 18:36:31 --> Fetching IIQA Details
INFO - 2020-12-03 18:36:31 --> Controller "App\Controllers\State" loaded.
INFO - 2020-12-03 18:36:31 --> Fetching IIQA Details
INFO - 2020-12-03 18:36:31 --> Controller "App\Controllers\University" loaded.
INFO - 2020-12-03 18:36:31 --> Fetching IIQA Details
INFO - 2020-12-03 18:36:31 --> Controller "App\Controllers\CommonFetch" loaded.
INFO - 2020-12-03 18:36:31 --> Controller "App\Controllers\CommonFetch" loaded.
INFO - 2020-12-03 18:36:31 --> Fetching Title Details
INFO - 2020-12-03 18:36:31 --> Fetching IIQA Details
INFO - 2020-12-03 18:36:31 --> Controller "App\Controllers\CommonFetch" loaded.
INFO - 2020-12-03 18:36:31 --> Fetching Title Details
INFO - 2020-12-03 18:36:31 --> Controller "App\Controllers\IIQADocument" loaded.
INFO - 2020-12-03 18:36:31 --> Fetching Document Details
INFO - 2020-12-03 18:36:43 --> Controller "App\Controllers\State" loaded.
INFO - 2020-12-03 18:36:43 --> Controller "App\Controllers\University" loaded.
INFO - 2020-12-03 18:36:43 --> Controller "App\Controllers\IIQAForm" loaded.
INFO - 2020-12-03 18:36:43 --> Fetching IIQA Details
INFO - 2020-12-03 18:36:43 --> Fetching IIQA Details
INFO - 2020-12-03 18:36:43 --> Fetching IIQA Details
INFO - 2020-12-03 18:36:43 --> Controller "App\Controllers\CommonFetch" loaded.
INFO - 2020-12-03 18:36:43 --> Controller "App\Controllers\CommonFetch" loaded.
INFO - 2020-12-03 18:36:43 --> Fetching Title Details
INFO - 2020-12-03 18:36:43 --> Fetching IIQA Details
INFO - 2020-12-03 18:36:43 --> Controller "App\Controllers\CommonFetch" loaded.
INFO - 2020-12-03 18:36:43 --> Controller "App\Controllers\IIQADocument" loaded.
INFO - 2020-12-03 18:36:43 --> Fetching Title Details
INFO - 2020-12-03 18:36:43 --> Fetching Document Details
INFO - 2020-12-03 18:40:00 --> Controller "App\Controllers\IIQAForm" loaded.
INFO - 2020-12-03 18:40:00 --> Fetching IIQA Details
INFO - 2020-12-03 18:40:00 --> Controller "App\Controllers\State" loaded.
INFO - 2020-12-03 18:40:00 --> Controller "App\Controllers\University" loaded.
INFO - 2020-12-03 18:40:00 --> Controller "App\Controllers\CommonFetch" loaded.
INFO - 2020-12-03 18:40:00 --> Controller "App\Controllers\CommonFetch" loaded.
INFO - 2020-12-03 18:40:00 --> Fetching IIQA Details
INFO - 2020-12-03 18:40:00 --> Fetching IIQA Details
INFO - 2020-12-03 18:40:00 --> Fetching IIQA Details
INFO - 2020-12-03 18:40:00 --> Fetching Title Details
INFO - 2020-12-03 18:40:00 --> Controller "App\Controllers\CommonFetch" loaded.
INFO - 2020-12-03 18:40:00 --> Fetching Title Details
INFO - 2020-12-03 18:40:00 --> Controller "App\Controllers\IIQADocument" loaded.
INFO - 2020-12-03 18:40:00 --> Fetching Document Details
INFO - 2020-12-03 18:40:35 --> Controller "App\Controllers\CommonFetch" loaded.
INFO - 2020-12-03 18:40:35 --> Controller "App\Controllers\State" loaded.
INFO - 2020-12-03 18:40:35 --> Controller "App\Controllers\University" loaded.
INFO - 2020-12-03 18:40:35 --> Controller "App\Controllers\CommonFetch" loaded.
INFO - 2020-12-03 18:40:35 --> Fetching Title Details
INFO - 2020-12-03 18:40:35 --> Fetching IIQA Details
INFO - 2020-12-03 18:40:35 --> Fetching IIQA Details
INFO - 2020-12-03 18:40:35 --> Controller "App\Controllers\IIQAForm" loaded.
INFO - 2020-12-03 18:40:35 --> Fetching Title Details
INFO - 2020-12-03 18:40:35 --> Fetching IIQA Details
INFO - 2020-12-03 18:40:35 --> Controller "App\Controllers\CommonFetch" loaded.
INFO - 2020-12-03 18:40:35 --> Fetching IIQA Details
INFO - 2020-12-03 18:40:35 --> Controller "App\Controllers\IIQADocument" loaded.
INFO - 2020-12-03 18:40:35 --> Fetching Document Details
INFO - 2020-12-03 18:42:23 --> Controller "App\Controllers\IIQAForm" loaded.
INFO - 2020-12-03 18:42:23 --> Fetching IIQA Details
INFO - 2020-12-03 18:42:23 --> Controller "App\Controllers\State" loaded.
INFO - 2020-12-03 18:42:23 --> Fetching IIQA Details
INFO - 2020-12-03 18:42:23 --> Controller "App\Controllers\University" loaded.
INFO - 2020-12-03 18:42:23 --> Fetching IIQA Details
INFO - 2020-12-03 18:42:23 --> Controller "App\Controllers\CommonFetch" loaded.
INFO - 2020-12-03 18:42:23 --> Fetching IIQA Details
INFO - 2020-12-03 18:42:23 --> Controller "App\Controllers\CommonFetch" loaded.
INFO - 2020-12-03 18:42:23 --> Fetching Title Details
INFO - 2020-12-03 18:42:23 --> Controller "App\Controllers\CommonFetch" loaded.
INFO - 2020-12-03 18:42:23 --> Fetching Title Details
INFO - 2020-12-03 18:42:23 --> Controller "App\Controllers\IIQADocument" loaded.
INFO - 2020-12-03 18:42:23 --> Fetching Document Details
INFO - 2020-12-03 18:46:00 --> Controller "App\Controllers\IIQAForm" loaded.
INFO - 2020-12-03 18:46:00 --> Controller "App\Controllers\CommonFetch" loaded.
INFO - 2020-12-03 18:46:00 --> Controller "App\Controllers\State" loaded.
INFO - 2020-12-03 18:46:00 --> Fetching IIQA Details
INFO - 2020-12-03 18:46:00 --> Fetching IIQA Details
INFO - 2020-12-03 18:46:00 --> Fetching IIQA Details
INFO - 2020-12-03 18:46:00 --> Controller "App\Controllers\CommonFetch" loaded.
INFO - 2020-12-03 18:46:00 --> Controller "App\Controllers\CommonFetch" loaded.
INFO - 2020-12-03 18:46:00 --> Controller "App\Controllers\University" loaded.
INFO - 2020-12-03 18:46:00 --> Fetching Title Details
INFO - 2020-12-03 18:46:00 --> Fetching Title Details
INFO - 2020-12-03 18:46:00 --> Fetching IIQA Details
INFO - 2020-12-03 18:46:00 --> Controller "App\Controllers\IIQADocument" loaded.
INFO - 2020-12-03 18:46:00 --> Fetching Document Details
INFO - 2020-12-03 18:51:00 --> Controller "App\Controllers\IIQAForm" loaded.
INFO - 2020-12-03 18:51:00 --> Controller "App\Controllers\State" loaded.
INFO - 2020-12-03 18:51:00 --> Controller "App\Controllers\CommonFetch" loaded.
INFO - 2020-12-03 18:51:00 --> Fetching IIQA Details
INFO - 2020-12-03 18:51:00 --> Fetching IIQA Details
INFO - 2020-12-03 18:51:00 --> Controller "App\Controllers\University" loaded.
INFO - 2020-12-03 18:51:00 --> Fetching IIQA Details
INFO - 2020-12-03 18:51:00 --> Controller "App\Controllers\CommonFetch" loaded.
INFO - 2020-12-03 18:51:00 --> Fetching Title Details
INFO - 2020-12-03 18:51:00 --> Fetching IIQA Details
INFO - 2020-12-03 18:51:00 --> Controller "App\Controllers\CommonFetch" loaded.
INFO - 2020-12-03 18:51:00 --> Fetching Title Details
INFO - 2020-12-03 18:51:00 --> Controller "App\Controllers\IIQADocument" loaded.
INFO - 2020-12-03 18:51:00 --> Fetching Document Details
INFO - 2020-12-03 18:55:02 --> Controller "App\Controllers\State" loaded.
INFO - 2020-12-03 18:55:02 --> Controller "App\Controllers\University" loaded.
INFO - 2020-12-03 18:55:02 --> Controller "App\Controllers\IIQAForm" loaded.
INFO - 2020-12-03 18:55:02 --> Controller "App\Controllers\CommonFetch" loaded.
INFO - 2020-12-03 18:55:02 --> Fetching IIQA Details
INFO - 2020-12-03 18:55:02 --> Fetching IIQA Details
INFO - 2020-12-03 18:55:02 --> Fetching IIQA Details
INFO - 2020-12-03 18:55:02 --> Fetching IIQA Details
INFO - 2020-12-03 18:55:02 --> Controller "App\Controllers\CommonFetch" loaded.
INFO - 2020-12-03 18:55:02 --> Fetching Title Details
INFO - 2020-12-03 18:55:02 --> Controller "App\Controllers\CommonFetch" loaded.
INFO - 2020-12-03 18:55:02 --> Fetching Title Details
INFO - 2020-12-03 18:55:02 --> Controller "App\Controllers\IIQADocument" loaded.
INFO - 2020-12-03 18:55:02 --> Fetching Document Details
INFO - 2020-12-03 18:56:10 --> Controller "App\Controllers\IIQAForm" loaded.
INFO - 2020-12-03 18:56:10 --> Fetching IIQA Details
INFO - 2020-12-03 18:56:10 --> Controller "App\Controllers\CommonFetch" loaded.
INFO - 2020-12-03 18:56:10 --> Controller "App\Controllers\State" loaded.
INFO - 2020-12-03 18:56:10 --> Fetching IIQA Details
INFO - 2020-12-03 18:56:10 --> Fetching IIQA Details
INFO - 2020-12-03 18:56:10 --> Controller "App\Controllers\University" loaded.
INFO - 2020-12-03 18:56:10 --> Controller "App\Controllers\CommonFetch" loaded.
INFO - 2020-12-03 18:56:10 --> Fetching IIQA Details
INFO - 2020-12-03 18:56:10 --> Fetching Title Details
INFO - 2020-12-03 18:56:10 --> Controller "App\Controllers\CommonFetch" loaded.
INFO - 2020-12-03 18:56:10 --> Fetching Title Details
INFO - 2020-12-03 18:56:10 --> Controller "App\Controllers\IIQADocument" loaded.
INFO - 2020-12-03 18:56:10 --> Fetching Document Details
INFO - 2020-12-03 18:56:11 --> Controller "App\Controllers\UserMenus" loaded.
INFO - 2020-12-03 18:56:11 --> Fetching UserMenu details
INFO - 2020-12-03 18:56:15 --> Controller "App\Controllers\CommonFetch" loaded.
INFO - 2020-12-03 18:56:15 --> Controller "App\Controllers\CommonFetch" loaded.
INFO - 2020-12-03 18:56:15 --> Fetching Title Details
INFO - 2020-12-03 18:56:15 --> Fetching Title Details
INFO - 2020-12-03 18:56:15 --> Controller "App\Controllers\University" loaded.
INFO - 2020-12-03 18:56:15 --> Controller "App\Controllers\CommonFetch" loaded.
INFO - 2020-12-03 18:56:15 --> Controller "App\Controllers\State" loaded.
INFO - 2020-12-03 18:56:15 --> Fetching IIQA Details
INFO - 2020-12-03 18:56:15 --> Fetching IIQA Details
INFO - 2020-12-03 18:56:15 --> Fetching IIQA Details
INFO - 2020-12-03 18:56:15 --> Controller "App\Controllers\IIQAForm" loaded.
INFO - 2020-12-03 18:56:15 --> Fetching IIQA Details
INFO - 2020-12-03 18:56:15 --> Controller "App\Controllers\IIQADocument" loaded.
INFO - 2020-12-03 18:56:15 --> Fetching Document Details
INFO - 2020-12-03 18:56:15 --> Controller "App\Controllers\UserMenus" loaded.
INFO - 2020-12-03 18:56:15 --> Fetching UserMenu details
INFO - 2020-12-03 18:56:18 --> Controller "App\Controllers\State" loaded.
INFO - 2020-12-03 18:56:18 --> Controller "App\Controllers\IIQAForm" loaded.
INFO - 2020-12-03 18:56:18 --> Fetching IIQA Details
INFO - 2020-12-03 18:56:18 --> Fetching IIQA Details
INFO - 2020-12-03 18:56:18 --> Controller "App\Controllers\University" loaded.
INFO - 2020-12-03 18:56:18 --> Controller "App\Controllers\CommonFetch" loaded.
INFO - 2020-12-03 18:56:18 --> Fetching IIQA Details
INFO - 2020-12-03 18:56:18 --> Fetching IIQA Details
INFO - 2020-12-03 18:56:18 --> Controller "App\Controllers\CommonFetch" loaded.
INFO - 2020-12-03 18:56:18 --> Fetching Title Details
INFO - 2020-12-03 18:56:18 --> Controller "App\Controllers\CommonFetch" loaded.
INFO - 2020-12-03 18:56:18 --> Fetching Title Details
INFO - 2020-12-03 18:56:18 --> Controller "App\Controllers\IIQADocument" loaded.
INFO - 2020-12-03 18:56:18 --> Fetching Document Details
INFO - 2020-12-03 18:57:51 --> Controller "App\Controllers\IIQAForm" loaded.
INFO - 2020-12-03 18:57:51 --> Fetching IIQA Details
INFO - 2020-12-03 18:57:51 --> Controller "App\Controllers\State" loaded.
INFO - 2020-12-03 18:57:51 --> Controller "App\Controllers\CommonFetch" loaded.
INFO - 2020-12-03 18:57:51 --> Controller "App\Controllers\University" loaded.
INFO - 2020-12-03 18:57:51 --> Fetching IIQA Details
INFO - 2020-12-03 18:57:51 --> Fetching IIQA Details
INFO - 2020-12-03 18:57:51 --> Fetching IIQA Details
INFO - 2020-12-03 18:57:51 --> Controller "App\Controllers\CommonFetch" loaded.
INFO - 2020-12-03 18:57:51 --> Fetching Title Details
INFO - 2020-12-03 18:57:51 --> Controller "App\Controllers\CommonFetch" loaded.
INFO - 2020-12-03 18:57:51 --> Fetching Title Details
INFO - 2020-12-03 18:57:51 --> Controller "App\Controllers\IIQADocument" loaded.
INFO - 2020-12-03 18:57:51 --> Fetching Document Details
INFO - 2020-12-03 19:03:08 --> Controller "App\Controllers\IIQAForm" loaded.
INFO - 2020-12-03 19:03:08 --> Controller "App\Controllers\CommonFetch" loaded.
INFO - 2020-12-03 19:03:08 --> Controller "App\Controllers\State" loaded.
INFO - 2020-12-03 19:03:08 --> Controller "App\Controllers\University" loaded.
INFO - 2020-12-03 19:03:08 --> Fetching IIQA Details
INFO - 2020-12-03 19:03:08 --> Fetching Title Details
INFO - 2020-12-03 19:03:08 --> Fetching IIQA Details
INFO - 2020-12-03 19:03:08 --> Fetching IIQA Details
INFO - 2020-12-03 19:03:08 --> Controller "App\Controllers\CommonFetch" loaded.
INFO - 2020-12-03 19:03:08 --> Fetching IIQA Details
INFO - 2020-12-03 19:03:08 --> Controller "App\Controllers\CommonFetch" loaded.
INFO - 2020-12-03 19:03:08 --> Fetching Title Details
INFO - 2020-12-03 19:03:08 --> Controller "App\Controllers\IIQADocument" loaded.
INFO - 2020-12-03 19:03:08 --> Fetching Document Details
INFO - 2020-12-03 19:03:41 --> Controller "App\Controllers\IIQAForm" loaded.
INFO - 2020-12-03 19:03:41 --> Fetching IIQA Details
INFO - 2020-12-03 19:03:41 --> Controller "App\Controllers\State" loaded.
INFO - 2020-12-03 19:03:41 --> Fetching IIQA Details
INFO - 2020-12-03 19:03:41 --> Controller "App\Controllers\University" loaded.
INFO - 2020-12-03 19:03:41 --> Controller "App\Controllers\CommonFetch" loaded.
INFO - 2020-12-03 19:03:41 --> Fetching IIQA Details
INFO - 2020-12-03 19:03:41 --> Fetching Title Details
INFO - 2020-12-03 19:03:41 --> Controller "App\Controllers\CommonFetch" loaded.
INFO - 2020-12-03 19:03:41 --> Controller "App\Controllers\CommonFetch" loaded.
INFO - 2020-12-03 19:03:41 --> Fetching Title Details
INFO - 2020-12-03 19:03:41 --> Fetching IIQA Details
INFO - 2020-12-03 19:03:41 --> Controller "App\Controllers\IIQADocument" loaded.
INFO - 2020-12-03 19:03:41 --> Fetching Document Details
INFO - 2020-12-03 19:04:52 --> Controller "App\Controllers\State" loaded.
INFO - 2020-12-03 19:04:52 --> Controller "App\Controllers\University" loaded.
INFO - 2020-12-03 19:04:52 --> Fetching IIQA Details
INFO - 2020-12-03 19:04:52 --> Fetching IIQA Details
INFO - 2020-12-03 19:04:52 --> Controller "App\Controllers\IIQAForm" loaded.
INFO - 2020-12-03 19:04:52 --> Fetching IIQA Details
INFO - 2020-12-03 19:04:52 --> Controller "App\Controllers\CommonFetch" loaded.
INFO - 2020-12-03 19:04:52 --> Controller "App\Controllers\IIQADocument" loaded.
INFO - 2020-12-03 19:04:52 --> Fetching IIQA Details
INFO - 2020-12-03 19:04:52 --> Fetching Document Details
INFO - 2020-12-03 19:04:52 --> Controller "App\Controllers\CommonFetch" loaded.
INFO - 2020-12-03 19:04:52 --> Fetching Title Details
INFO - 2020-12-03 19:04:52 --> Controller "App\Controllers\CommonFetch" loaded.
INFO - 2020-12-03 19:04:52 --> Controller "App\Controllers\UserMenus" loaded.
INFO - 2020-12-03 19:04:52 --> Fetching Title Details
INFO - 2020-12-03 19:04:52 --> Fetching UserMenu details
INFO - 2020-12-03 19:04:57 --> Controller "App\Controllers\UserMenus" loaded.
INFO - 2020-12-03 19:04:57 --> Fetching UserMenu details
INFO - 2020-12-03 19:05:03 --> Controller "App\Controllers\IIQAForm" loaded.
INFO - 2020-12-03 19:05:03 --> Fetching IIQA Details
INFO - 2020-12-03 19:05:03 --> Controller "App\Controllers\University" loaded.
INFO - 2020-12-03 19:05:03 --> Controller "App\Controllers\State" loaded.
INFO - 2020-12-03 19:05:03 --> Fetching IIQA Details
INFO - 2020-12-03 19:05:03 --> Fetching IIQA Details
INFO - 2020-12-03 19:05:03 --> Controller "App\Controllers\CommonFetch" loaded.
INFO - 2020-12-03 19:05:03 --> Fetching Title Details
INFO - 2020-12-03 19:05:03 --> Controller "App\Controllers\CommonFetch" loaded.
INFO - 2020-12-03 19:05:03 --> Controller "App\Controllers\CommonFetch" loaded.
INFO - 2020-12-03 19:05:03 --> Fetching IIQA Details
INFO - 2020-12-03 19:05:03 --> Fetching Title Details
INFO - 2020-12-03 19:05:03 --> Controller "App\Controllers\IIQADocument" loaded.
INFO - 2020-12-03 19:05:03 --> Fetching Document Details
INFO - 2020-12-03 19:07:31 --> Controller "App\Controllers\State" loaded.
INFO - 2020-12-03 19:07:31 --> Controller "App\Controllers\IIQAForm" loaded.
INFO - 2020-12-03 19:07:31 --> Controller "App\Controllers\University" loaded.
INFO - 2020-12-03 19:07:31 --> Fetching IIQA Details
INFO - 2020-12-03 19:07:31 --> Controller "App\Controllers\CommonFetch" loaded.
INFO - 2020-12-03 19:07:31 --> Controller "App\Controllers\CommonFetch" loaded.
INFO - 2020-12-03 19:07:31 --> Fetching IIQA Details
INFO - 2020-12-03 19:07:31 --> Fetching IIQA Details
INFO - 2020-12-03 19:07:31 --> Fetching Title Details
INFO - 2020-12-03 19:07:31 --> Fetching Title Details
INFO - 2020-12-03 19:07:31 --> Controller "App\Controllers\CommonFetch" loaded.
INFO - 2020-12-03 19:07:31 --> Fetching IIQA Details
INFO - 2020-12-03 19:07:31 --> Controller "App\Controllers\IIQADocument" loaded.
INFO - 2020-12-03 19:07:31 --> Fetching Document Details
INFO - 2020-12-03 19:12:19 --> Controller "App\Controllers\CommonFetch" loaded.
INFO - 2020-12-03 19:12:19 --> Fetching IIQA Details
INFO - 2020-12-03 19:12:19 --> Controller "App\Controllers\University" loaded.
INFO - 2020-12-03 19:12:19 --> Controller "App\Controllers\CommonFetch" loaded.
INFO - 2020-12-03 19:12:19 --> Controller "App\Controllers\IIQAForm" loaded.
INFO - 2020-12-03 19:12:19 --> Controller "App\Controllers\CommonFetch" loaded.
INFO - 2020-12-03 19:12:19 --> Fetching IIQA Details
INFO - 2020-12-03 19:12:19 --> Fetching IIQA Details
INFO - 2020-12-03 19:12:19 --> Fetching Title Details
INFO - 2020-12-03 19:12:19 --> Controller "App\Controllers\State" loaded.
INFO - 2020-12-03 19:12:19 --> Fetching Title Details
INFO - 2020-12-03 19:12:19 --> Fetching IIQA Details
INFO - 2020-12-03 19:12:19 --> Controller "App\Controllers\IIQADocument" loaded.
INFO - 2020-12-03 19:12:19 --> Fetching Document Details
