INFO - 2020-09-20 03:36:41 --> Controller "App\Controllers\Users" loaded.
INFO - 2020-09-20 03:36:41 --> Fetching Users details
INFO - 2020-09-20 03:36:47 --> Controller "App\Controllers\Users" loaded.
INFO - 2020-09-20 03:36:47 --> Fetching Users details
INFO - 2020-09-20 03:36:52 --> Controller "App\Controllers\ClassDetails" loaded.
INFO - 2020-09-20 03:36:52 --> Controller "App\Controllers\Boards" loaded.
INFO - 2020-09-20 03:36:52 --> Controller "App\Controllers\Dashboards" loaded.
INFO - 2020-09-20 03:36:52 --> Controller "App\Controllers\MessageGroups" loaded.
INFO - 2020-09-20 03:36:52 --> Controller "App\Controllers\Students" loaded.
INFO - 2020-09-20 03:36:52 --> Fetching Boards details
INFO - 2020-09-20 03:36:52 --> Fetching All Leave details
INFO - 2020-09-20 03:36:52 --> Fetching MessageGroups details
INFO - 2020-09-20 03:36:52 --> Fetching Dashboard details
INFO - 2020-09-20 03:36:52 --> Fetching Sections details
INFO - 2020-09-20 03:36:52 --> Controller "App\Controllers\MessageCenter" loaded.
INFO - 2020-09-20 03:36:52 --> Fetching MessageCenter details
INFO - 2020-09-20 03:36:53 --> Controller "App\Controllers\Users" loaded.
INFO - 2020-09-20 03:36:53 --> Fetching All User details
INFO - 2020-09-20 03:36:55 --> Controller "App\Controllers\Dashboards" loaded.
INFO - 2020-09-20 03:36:55 --> Controller "App\Controllers\ClassDetails" loaded.
INFO - 2020-09-20 03:36:55 --> Fetching Dashboard details
INFO - 2020-09-20 03:36:55 --> Controller "App\Controllers\MessageGroups" loaded.
INFO - 2020-09-20 03:36:55 --> Fetching MessageGroups details
INFO - 2020-09-20 03:36:55 --> Fetching Sections details
INFO - 2020-09-20 06:53:20 --> Controller "App\Controllers\MessageGroups" loaded.
INFO - 2020-09-20 06:53:20 --> Fetching MessageGroups details
INFO - 2020-09-20 06:53:23 --> Controller "App\Controllers\MessageGroups" loaded.
INFO - 2020-09-20 06:53:23 --> Fetching MessageGroups details
INFO - 2020-09-20 06:53:24 --> Controller "App\Controllers\MessageGroups" loaded.
INFO - 2020-09-20 06:53:24 --> Fetching MessageGroups details
INFO - 2020-09-20 06:53:25 --> Controller "App\Controllers\MessageGroups" loaded.
INFO - 2020-09-20 06:53:25 --> Fetching MessageGroups details
INFO - 2020-09-20 06:53:26 --> Controller "App\Controllers\MessageGroups" loaded.
INFO - 2020-09-20 06:53:26 --> Fetching MessageGroups details
INFO - 2020-09-20 06:53:27 --> Controller "App\Controllers\MessageGroups" loaded.
INFO - 2020-09-20 06:53:27 --> Fetching MessageGroups details
INFO - 2020-09-20 06:53:28 --> Controller "App\Controllers\MessageGroups" loaded.
INFO - 2020-09-20 06:53:28 --> Fetching MessageGroups details
INFO - 2020-09-20 06:53:29 --> Controller "App\Controllers\MessageGroups" loaded.
INFO - 2020-09-20 06:53:29 --> Fetching MessageGroups details
INFO - 2020-09-20 06:53:30 --> Controller "App\Controllers\MessageGroups" loaded.
INFO - 2020-09-20 06:53:30 --> Fetching MessageGroups details
INFO - 2020-09-20 06:53:32 --> Controller "App\Controllers\MessageGroups" loaded.
INFO - 2020-09-20 06:53:32 --> Fetching MessageGroups details
INFO - 2020-09-20 06:53:32 --> Controller "App\Controllers\MessageGroups" loaded.
INFO - 2020-09-20 06:53:32 --> Fetching MessageGroups details
INFO - 2020-09-20 06:53:33 --> Controller "App\Controllers\MessageGroups" loaded.
INFO - 2020-09-20 06:53:33 --> Fetching MessageGroups details
INFO - 2020-09-20 06:53:34 --> Controller "App\Controllers\MessageGroups" loaded.
INFO - 2020-09-20 06:53:34 --> Fetching MessageGroups details
INFO - 2020-09-20 06:53:36 --> Controller "App\Controllers\MessageGroups" loaded.
INFO - 2020-09-20 06:53:36 --> Fetching MessageGroups details
INFO - 2020-09-20 06:53:37 --> Controller "App\Controllers\MessageGroups" loaded.
INFO - 2020-09-20 06:53:37 --> Fetching MessageGroups details
INFO - 2020-09-20 06:53:38 --> Controller "App\Controllers\MessageGroups" loaded.
INFO - 2020-09-20 06:53:38 --> Fetching MessageGroups details
INFO - 2020-09-20 06:53:39 --> Controller "App\Controllers\MessageGroups" loaded.
INFO - 2020-09-20 06:53:39 --> Fetching MessageGroups details
INFO - 2020-09-20 06:53:40 --> Controller "App\Controllers\MessageGroups" loaded.
INFO - 2020-09-20 06:53:40 --> Fetching MessageGroups details
INFO - 2020-09-20 06:53:42 --> Controller "App\Controllers\MessageGroups" loaded.
INFO - 2020-09-20 06:53:42 --> Fetching MessageGroups details
INFO - 2020-09-20 22:26:51 --> Controller "App\Controllers\ClassDetails" loaded.
INFO - 2020-09-20 22:26:51 --> Fetching Sections details
INFO - 2020-09-20 22:26:51 --> Controller "App\Controllers\MessageGroups" loaded.
INFO - 2020-09-20 22:26:51 --> Fetching MessageGroups details
INFO - 2020-09-20 22:26:51 --> Controller "App\Controllers\Users" loaded.
INFO - 2020-09-20 22:26:51 --> Controller "App\Controllers\Dashboards" loaded.
INFO - 2020-09-20 22:26:51 --> Fetching Dashboard details
INFO - 2020-09-20 22:26:51 --> Controller "App\Controllers\Boards" loaded.
INFO - 2020-09-20 22:26:51 --> Controller "App\Controllers\Students" loaded.
INFO - 2020-09-20 22:26:51 --> Fetching Boards details
INFO - 2020-09-20 22:26:51 --> Fetching All User details
INFO - 2020-09-20 22:26:51 --> Fetching All Leave details
INFO - 2020-09-20 22:26:52 --> Controller "App\Controllers\MessageCenter" loaded.
INFO - 2020-09-20 22:26:52 --> Fetching MessageCenter details
INFO - 2020-09-20 22:27:01 --> Controller "App\Controllers\MessageCenter" loaded.
INFO - 2020-09-20 22:27:01 --> Fetching MessageCenter details
INFO - 2020-09-20 22:27:07 --> Controller "App\Controllers\MessageCenter" loaded.
INFO - 2020-09-20 22:27:07 --> Fetching message group details
INFO - 2020-09-20 22:27:11 --> Controller "App\Controllers\MessageCenter" loaded.
INFO - 2020-09-20 22:27:11 --> Fetching message group details
INFO - 2020-09-20 22:27:26 --> Controller "App\Controllers\ClassDetails" loaded.
INFO - 2020-09-20 22:27:26 --> Fetching Sections details
INFO - 2020-09-20 22:27:27 --> Controller "App\Controllers\Dashboards" loaded.
INFO - 2020-09-20 22:27:27 --> Controller "App\Controllers\MessageGroups" loaded.
INFO - 2020-09-20 22:27:27 --> Fetching MessageGroups details
INFO - 2020-09-20 22:27:27 --> Fetching Dashboard details
INFO - 2020-09-20 22:27:34 --> Controller "App\Controllers\MessageGroups" loaded.
INFO - 2020-09-20 22:27:34 --> Fetching MessageGroups details
INFO - 2020-09-20 22:27:39 --> Controller "App\Controllers\MessageGroups" loaded.
INFO - 2020-09-20 22:27:39 --> Fetching MessageGroups details
INFO - 2020-09-20 22:27:48 --> Controller "App\Controllers\Students" loaded.
INFO - 2020-09-20 22:27:48 --> Fetching All Leave details
INFO - 2020-09-20 22:29:01 --> Controller "App\Controllers\Feedbacks" loaded.
INFO - 2020-09-20 22:29:01 --> Fetching Feedback details
INFO - 2020-09-20 22:29:01 --> Controller "App\Controllers\Feedbacks" loaded.
INFO - 2020-09-20 22:29:01 --> Fetching Feedbacks Details details
INFO - 2020-09-20 22:30:05 --> Controller "App\Controllers\Sections" loaded.
INFO - 2020-09-20 22:30:05 --> Fetching Sections details
INFO - 2020-09-20 22:30:05 --> Controller "App\Controllers\Students" loaded.
INFO - 2020-09-20 22:30:05 --> Fetching All Leave details
INFO - 2020-09-20 22:30:05 --> Controller "App\Controllers\Academicyears" loaded.
INFO - 2020-09-20 22:30:05 --> Fetching Academic year details
INFO - 2020-09-20 22:30:05 --> Controller "App\Controllers\Boards" loaded.
INFO - 2020-09-20 22:30:05 --> Fetching Boards details
INFO - 2020-09-20 22:30:05 --> Controller "App\Controllers\Preadmissions" loaded.
INFO - 2020-09-20 22:30:05 --> Controller "App\Controllers\Preadmissions" loaded.
INFO - 2020-09-20 22:30:05 --> Fetching preadmission details
INFO - 2020-09-20 22:30:05 --> Fetching All Leave details
INFO - 2020-09-20 22:30:05 --> Controller "App\Controllers\Preadmissions" loaded.
INFO - 2020-09-20 22:30:05 --> Fetching All Leave details
INFO - 2020-09-20 22:30:05 --> Controller "App\Controllers\Preadmissions" loaded.
INFO - 2020-09-20 22:30:05 --> Fetching All Leave details
INFO - 2020-09-20 22:30:17 --> Controller "App\Controllers\Preadmissions" loaded.
INFO - 2020-09-20 22:30:17 --> Fetching preadmission details
INFO - 2020-09-20 22:30:21 --> Controller "App\Controllers\Preadmissions" loaded.
INFO - 2020-09-20 22:30:21 --> Fetching Leave details with Id
INFO - 2020-09-20 22:41:05 --> Controller "App\Controllers\TicketSystems" loaded.
INFO - 2020-09-20 22:41:05 --> Fetching Feedbacks Details details
INFO - 2020-09-20 22:41:05 --> Controller "App\Controllers\TicketSystems" loaded.
INFO - 2020-09-20 22:41:05 --> Fetching Feedback details
INFO - 2020-09-20 22:41:09 --> Controller "App\Controllers\TicketSystems" loaded.
INFO - 2020-09-20 22:41:09 --> Fetching Feedback details
INFO - 2020-09-20 22:41:55 --> Controller "App\Controllers\TicketSystems" loaded.
INFO - 2020-09-20 22:41:55 --> Fetching Feedbacks Details details
INFO - 2020-09-20 22:41:55 --> Controller "App\Controllers\TicketSystems" loaded.
INFO - 2020-09-20 22:41:55 --> Fetching Feedback details
