INFO - 2020-08-29 09:15:41 --> Fetching Assignments Mapped Id details
INFO - 2020-08-29 09:20:44 --> Fetching Assignments Mapped Id details
INFO - 2020-08-29 01:26:11 --> Controller "App\Controllers\Users" loaded.
INFO - 2020-08-29 01:26:11 --> Fetching Users details
INFO - 2020-08-29 01:26:27 --> Controller "App\Controllers\Users" loaded.
INFO - 2020-08-29 01:26:27 --> Fetching Users details
INFO - 2020-08-29 01:27:46 --> Controller "App\Controllers\Users" loaded.
INFO - 2020-08-29 01:27:46 --> Fetching Users details
INFO - 2020-08-29 01:32:12 --> Controller "App\Controllers\Users" loaded.
INFO - 2020-08-29 01:32:12 --> Fetching Users details
INFO - 2020-08-29 01:32:19 --> Controller "App\Controllers\Users" loaded.
INFO - 2020-08-29 01:32:19 --> Fetching Users details
INFO - 2020-08-29 01:37:51 --> Controller "App\Controllers\Users" loaded.
INFO - 2020-08-29 01:37:51 --> Fetching Users details
INFO - 2020-08-29 01:37:58 --> Controller "App\Controllers\Users" loaded.
INFO - 2020-08-29 01:37:58 --> Fetching Users details
INFO - 2020-08-29 01:39:02 --> Controller "App\Controllers\ClassDetails" loaded.
INFO - 2020-08-29 01:39:02 --> Fetching Sections details
INFO - 2020-08-29 01:39:02 --> Controller "App\Controllers\Students" loaded.
INFO - 2020-08-29 01:39:02 --> Fetching All Leave details
INFO - 2020-08-29 01:39:02 --> Controller "App\Controllers\Academicyears" loaded.
INFO - 2020-08-29 01:39:02 --> Fetching Academic year details
INFO - 2020-08-29 01:39:02 --> Controller "App\Controllers\Boards" loaded.
INFO - 2020-08-29 01:39:02 --> Fetching Boards details
INFO - 2020-08-29 01:39:02 --> Controller "App\Controllers\StudentDetails" loaded.
INFO - 2020-08-29 01:39:02 --> Fetching All Leave details
INFO - 2020-08-29 01:39:02 --> Controller "App\Controllers\Categories" loaded.
INFO - 2020-08-29 01:39:02 --> Fetching Category details
INFO - 2020-08-29 01:39:02 --> Controller "App\Controllers\ClassDetails" loaded.
INFO - 2020-08-29 01:39:02 --> Fetching Sections details
INFO - 2020-08-29 01:39:02 --> Controller "App\Controllers\StudentDetails" loaded.
INFO - 2020-08-29 01:39:02 --> Fetching All Leave details
INFO - 2020-08-29 01:39:02 --> Controller "App\Controllers\ClassDetails" loaded.
INFO - 2020-08-29 01:39:02 --> Controller "App\Controllers\StudentDetails" loaded.
INFO - 2020-08-29 01:39:02 --> Fetching Sections details
INFO - 2020-08-29 01:39:02 --> Fetching All Leave details
INFO - 2020-08-29 01:39:02 --> Controller "App\Controllers\ClassDetails" loaded.
INFO - 2020-08-29 01:39:02 --> Fetching Sections details
INFO - 2020-08-29 01:39:14 --> Controller "App\Controllers\Academicyears" loaded.
INFO - 2020-08-29 01:39:14 --> Fetching Academic year details
INFO - 2020-08-29 01:39:14 --> Controller "App\Controllers\ClassDetails" loaded.
INFO - 2020-08-29 01:39:14 --> Fetching Sections details
INFO - 2020-08-29 01:39:14 --> Controller "App\Controllers\SubjectStandards" loaded.
INFO - 2020-08-29 01:39:14 --> Controller "App\Controllers\Students" loaded.
INFO - 2020-08-29 01:39:14 --> Fetching All Leave details
INFO - 2020-08-29 01:39:14 --> Fetching Subjects details
INFO - 2020-08-29 01:39:14 --> Controller "App\Controllers\Boards" loaded.
INFO - 2020-08-29 01:39:14 --> Fetching Boards details
INFO - 2020-08-29 01:39:14 --> Controller "App\Controllers\Projects" loaded.
INFO - 2020-08-29 01:39:14 --> Fetching Projects Details details
INFO - 2020-08-29 01:39:14 --> Controller "App\Controllers\Projects" loaded.
INFO - 2020-08-29 01:39:14 --> Fetching Projects details
INFO - 2020-08-29 01:39:14 --> Controller "App\Controllers\Projects" loaded.
INFO - 2020-08-29 01:39:14 --> Fetching Projects Id details
INFO - 2020-08-29 01:39:14 --> Controller "App\Controllers\Projects" loaded.
INFO - 2020-08-29 01:39:14 --> Fetching Projects Id details
INFO - 2020-08-29 01:39:14 --> Controller "App\Controllers\Projects" loaded.
INFO - 2020-08-29 01:39:14 --> Fetching Assignments Mapped Id details
INFO - 2020-08-29 01:39:14 --> Controller "App\Controllers\Projects" loaded.
INFO - 2020-08-29 12:09:14 --> Fetching Projects Mapped Id details
INFO - 2020-08-29 01:39:14 --> Controller "App\Controllers\Projects" loaded.
INFO - 2020-08-29 01:39:14 --> Fetching Project Grade details
INFO - 2020-08-29 01:39:14 --> Controller "App\Controllers\ClassDetails" loaded.
INFO - 2020-08-29 01:39:14 --> Fetching Sections details
INFO - 2020-08-29 01:39:14 --> Controller "App\Controllers\Projects" loaded.
INFO - 2020-08-29 01:39:14 --> Fetching Projects Details details
INFO - 2020-08-29 01:41:01 --> Controller "App\Controllers\Students" loaded.
INFO - 2020-08-29 01:41:01 --> Fetching All Leave details
INFO - 2020-08-29 01:41:27 --> Controller "App\Controllers\Roles" loaded.
INFO - 2020-08-29 01:41:27 --> Fetching Assignments Details details
INFO - 2020-08-29 01:41:27 --> Controller "App\Controllers\Roles" loaded.
INFO - 2020-08-29 01:41:27 --> Fetching Roles details
INFO - 2020-08-29 01:41:27 --> Controller "App\Controllers\Roles" loaded.
INFO - 2020-08-29 01:41:27 --> Fetching Permission details
INFO - 2020-08-29 01:44:48 --> Controller "App\Controllers\Academicyears" loaded.
INFO - 2020-08-29 01:44:48 --> Fetching Academic year details
INFO - 2020-08-29 01:44:48 --> Controller "App\Controllers\ClassDetails" loaded.
INFO - 2020-08-29 01:44:48 --> Fetching Sections details
INFO - 2020-08-29 01:44:48 --> Controller "App\Controllers\Assignments" loaded.
INFO - 2020-08-29 01:44:48 --> Controller "App\Controllers\Boards" loaded.
INFO - 2020-08-29 01:44:48 --> Fetching Assignments Details details
INFO - 2020-08-29 01:44:48 --> Fetching Boards details
INFO - 2020-08-29 01:44:48 --> Controller "App\Controllers\Assignments" loaded.
INFO - 2020-08-29 01:44:48 --> Fetching Assignments details
INFO - 2020-08-29 01:44:48 --> Controller "App\Controllers\Assignments" loaded.
INFO - 2020-08-29 01:44:48 --> Fetching Assignments Id details
INFO - 2020-08-29 01:44:48 --> Controller "App\Controllers\Assignments" loaded.
INFO - 2020-08-29 12:14:48 --> Fetching Assignments Mapped Id details
INFO - 2020-08-29 01:44:48 --> Controller "App\Controllers\Assignments" loaded.
INFO - 2020-08-29 01:44:48 --> Fetching Assignments Grade details
INFO - 2020-08-29 01:44:48 --> Controller "App\Controllers\ClassDetails" loaded.
INFO - 2020-08-29 01:44:48 --> Fetching Sections details
INFO - 2020-08-29 01:44:48 --> Controller "App\Controllers\Assignments" loaded.
INFO - 2020-08-29 01:44:48 --> Fetching Assignments Details details
INFO - 2020-08-29 01:44:53 --> Controller "App\Controllers\Roles" loaded.
INFO - 2020-08-29 01:44:53 --> Fetching Permission details
INFO - 2020-08-29 01:44:53 --> Controller "App\Controllers\Roles" loaded.
INFO - 2020-08-29 01:44:53 --> Controller "App\Controllers\Roles" loaded.
INFO - 2020-08-29 01:44:53 --> Fetching Assignments Details details
INFO - 2020-08-29 01:44:53 --> Fetching Roles details
INFO - 2020-08-29 01:46:12 --> Controller "App\Controllers\ClassDetails" loaded.
INFO - 2020-08-29 01:46:12 --> Fetching Sections details
INFO - 2020-08-29 01:46:12 --> Controller "App\Controllers\ClassDetails" loaded.
INFO - 2020-08-29 01:46:12 --> Fetching Sections details
INFO - 2020-08-29 01:46:12 --> Controller "App\Controllers\Boards" loaded.
INFO - 2020-08-29 01:46:12 --> Fetching Boards details
INFO - 2020-08-29 01:46:12 --> Controller "App\Controllers\Academicyears" loaded.
INFO - 2020-08-29 01:46:12 --> Fetching Academic year details
INFO - 2020-08-29 01:46:12 --> Controller "App\Controllers\StaffDetails" loaded.
INFO - 2020-08-29 01:46:12 --> Fetching Role details
INFO - 2020-08-29 01:46:12 --> Controller "App\Controllers\DailyDairy" loaded.
INFO - 2020-08-29 12:16:12 --> Fetching Circulars Mapped Id details
INFO - 2020-08-29 01:46:12 --> Controller "App\Controllers\ClassDetails" loaded.
INFO - 2020-08-29 01:46:12 --> Fetching Sections details
INFO - 2020-08-29 01:46:12 --> Controller "App\Controllers\DailyDairy" loaded.
INFO - 2020-08-29 01:46:12 --> Fetching Dairies Details details
INFO - 2020-08-29 01:48:28 --> Controller "App\Controllers\Boards" loaded.
INFO - 2020-08-29 01:48:28 --> Fetching Boards details
INFO - 2020-08-29 01:48:28 --> Controller "App\Controllers\RoomMasters" loaded.
INFO - 2020-08-29 01:48:28 --> Controller "App\Controllers\ClassMasters" loaded.
INFO - 2020-08-29 01:48:28 --> Controller "App\Controllers\ClassDetails" loaded.
INFO - 2020-08-29 01:48:28 --> Controller "App\Controllers\ClassDetails" loaded.
INFO - 2020-08-29 01:48:28 --> Fetching Sections details
INFO - 2020-08-29 01:48:28 --> Controller "App\Controllers\SubjectMasters" loaded.
INFO - 2020-08-29 01:48:28 --> Fetching SubjectMasters details
INFO - 2020-08-29 01:48:28 --> Fetching Sections details
INFO - 2020-08-29 01:48:28 --> Controller "App\Controllers\Staffs" loaded.
INFO - 2020-08-29 01:48:28 --> Fetching All staff details
INFO - 2020-08-29 01:48:28 --> Controller "App\Controllers\Academicyears" loaded.
INFO - 2020-08-29 01:48:28 --> Fetching Academic year details
INFO - 2020-08-29 01:48:28 --> Controller "App\Controllers\ClassMasters" loaded.
INFO - 2020-08-29 01:48:28 --> Controller "App\Controllers\AcademicSettings" loaded.
INFO - 2020-08-29 01:48:28 --> Fetching Academic year details
INFO - 2020-08-29 01:48:28 --> Controller "App\Controllers\SubjectStandardRooms" loaded.
INFO - 2020-08-29 01:48:28 --> Fetching Subjects details
INFO - 2020-08-29 01:48:29 --> Controller "App\Controllers\ClassMasters" loaded.
INFO - 2020-08-29 01:48:29 --> Fetching class details
INFO - 2020-08-29 01:48:29 --> Controller "App\Controllers\ClassMasters" loaded.
INFO - 2020-08-29 01:48:29 --> Controller "App\Controllers\RoomMasters" loaded.
INFO - 2020-08-29 01:48:29 --> Controller "App\Controllers\ClassDetails" loaded.
INFO - 2020-08-29 01:48:29 --> Controller "App\Controllers\ClassDetails" loaded.
INFO - 2020-08-29 01:48:29 --> Fetching Sections details
INFO - 2020-08-29 01:48:29 --> Fetching Sections details
INFO - 2020-08-29 01:48:29 --> Controller "App\Controllers\SubjectMasters" loaded.
INFO - 2020-08-29 01:48:29 --> Fetching SubjectMasters details
INFO - 2020-08-29 01:48:29 --> Controller "App\Controllers\ClassMasters" loaded.
INFO - 2020-08-29 01:48:29 --> Controller "App\Controllers\SubjectStandards" loaded.
INFO - 2020-08-29 01:48:29 --> Fetching Subjects details
INFO - 2020-08-29 01:49:25 --> Controller "App\Controllers\Students" loaded.
INFO - 2020-08-29 01:49:25 --> Controller "App\Controllers\HostelBlocks" loaded.
INFO - 2020-08-29 01:49:25 --> Fetching All Leave details
INFO - 2020-08-29 01:49:25 --> Fetching Boards details
INFO - 2020-08-29 01:54:11 --> Controller "App\Controllers\TicketSystems" loaded.
INFO - 2020-08-29 01:54:11 --> Controller "App\Controllers\TicketSystems" loaded.
INFO - 2020-08-29 01:54:11 --> Fetching Feedback details
INFO - 2020-08-29 01:54:11 --> Fetching Feedbacks Details details
INFO - 2020-08-29 01:58:27 --> Controller "App\Controllers\Boards" loaded.
INFO - 2020-08-29 01:58:27 --> Fetching Boards details
INFO - 2020-08-29 01:58:27 --> Controller "App\Controllers\ClassMasters" loaded.
INFO - 2020-08-29 01:58:27 --> Controller "App\Controllers\RoomMasters" loaded.
INFO - 2020-08-29 01:58:27 --> Controller "App\Controllers\ClassDetails" loaded.
INFO - 2020-08-29 01:58:27 --> Fetching Sections details
INFO - 2020-08-29 01:58:27 --> Controller "App\Controllers\ClassDetails" loaded.
INFO - 2020-08-29 01:58:27 --> Fetching Sections details
INFO - 2020-08-29 01:58:27 --> Controller "App\Controllers\SubjectMasters" loaded.
INFO - 2020-08-29 01:58:27 --> Fetching SubjectMasters details
INFO - 2020-08-29 01:58:27 --> Controller "App\Controllers\Staffs" loaded.
INFO - 2020-08-29 01:58:27 --> Fetching All staff details
INFO - 2020-08-29 01:58:27 --> Controller "App\Controllers\Academicyears" loaded.
INFO - 2020-08-29 01:58:27 --> Fetching Academic year details
INFO - 2020-08-29 01:58:27 --> Controller "App\Controllers\AcademicSettings" loaded.
INFO - 2020-08-29 01:58:27 --> Fetching Academic year details
INFO - 2020-08-29 01:58:27 --> Controller "App\Controllers\ClassMasters" loaded.
INFO - 2020-08-29 01:58:27 --> Controller "App\Controllers\SubjectStandardRooms" loaded.
INFO - 2020-08-29 01:58:27 --> Fetching Subjects details
INFO - 2020-08-29 01:58:27 --> Controller "App\Controllers\ClassMasters" loaded.
INFO - 2020-08-29 01:58:27 --> Fetching class details
INFO - 2020-08-29 01:58:27 --> Controller "App\Controllers\ClassMasters" loaded.
INFO - 2020-08-29 01:58:27 --> Controller "App\Controllers\RoomMasters" loaded.
INFO - 2020-08-29 01:58:27 --> Controller "App\Controllers\ClassDetails" loaded.
INFO - 2020-08-29 01:58:27 --> Controller "App\Controllers\SubjectMasters" loaded.
INFO - 2020-08-29 01:58:27 --> Controller "App\Controllers\ClassDetails" loaded.
INFO - 2020-08-29 01:58:27 --> Fetching SubjectMasters details
INFO - 2020-08-29 01:58:27 --> Fetching Sections details
INFO - 2020-08-29 01:58:27 --> Fetching Sections details
INFO - 2020-08-29 01:58:27 --> Controller "App\Controllers\ClassMasters" loaded.
INFO - 2020-08-29 01:58:27 --> Controller "App\Controllers\SubjectStandards" loaded.
INFO - 2020-08-29 01:58:27 --> Fetching Subjects details
INFO - 2020-08-29 02:01:33 --> Controller "App\Controllers\Roles" loaded.
INFO - 2020-08-29 02:01:33 --> Fetching Assignments Details details
INFO - 2020-08-29 02:01:33 --> Controller "App\Controllers\Roles" loaded.
INFO - 2020-08-29 02:01:33 --> Fetching Roles details
INFO - 2020-08-29 02:01:33 --> Controller "App\Controllers\Roles" loaded.
INFO - 2020-08-29 02:01:33 --> Fetching Permission details
INFO - 2020-08-29 23:18:42 --> Controller "App\Controllers\Organizations" loaded.
INFO - 2020-08-29 23:18:42 --> Fetching Organizations details
INFO - 2020-08-29 23:20:00 --> Controller "App\Controllers\ClassDetails" loaded.
INFO - 2020-08-29 23:20:00 --> Controller "App\Controllers\Academicyears" loaded.
INFO - 2020-08-29 23:20:00 --> Controller "App\Controllers\Students" loaded.
INFO - 2020-08-29 23:20:00 --> Fetching Academic year details
INFO - 2020-08-29 23:20:00 --> Fetching Sections details
INFO - 2020-08-29 23:20:00 --> Controller "App\Controllers\StudentDetails" loaded.
INFO - 2020-08-29 23:20:00 --> Fetching All Leave details
INFO - 2020-08-29 23:20:00 --> Controller "App\Controllers\Categories" loaded.
INFO - 2020-08-29 23:20:00 --> Fetching All Leave details
INFO - 2020-08-29 23:20:00 --> Fetching Category details
INFO - 2020-08-29 23:20:00 --> Controller "App\Controllers\Boards" loaded.
INFO - 2020-08-29 23:20:00 --> Fetching Boards details
INFO - 2020-08-29 23:20:00 --> Controller "App\Controllers\ClassDetails" loaded.
INFO - 2020-08-29 23:20:00 --> Controller "App\Controllers\StudentDetails" loaded.
INFO - 2020-08-29 23:20:00 --> Fetching All Leave details
INFO - 2020-08-29 23:20:00 --> Fetching Sections details
INFO - 2020-08-29 23:20:00 --> Controller "App\Controllers\ClassDetails" loaded.
INFO - 2020-08-29 23:20:00 --> Controller "App\Controllers\StudentDetails" loaded.
INFO - 2020-08-29 23:20:00 --> Controller "App\Controllers\ClassDetails" loaded.
INFO - 2020-08-29 23:20:00 --> Fetching Sections details
INFO - 2020-08-29 23:20:00 --> Fetching All Leave details
INFO - 2020-08-29 23:20:00 --> Fetching Sections details
INFO - 2020-08-29 23:20:02 --> Controller "App\Controllers\ClassDetails" loaded.
INFO - 2020-08-29 23:20:02 --> Controller "App\Controllers\StudentDetails" loaded.
INFO - 2020-08-29 23:20:02 --> Fetching All Leave details
INFO - 2020-08-29 23:20:02 --> Fetching Sections details
INFO - 2020-08-29 23:20:04 --> Controller "App\Controllers\ClassDetails" loaded.
INFO - 2020-08-29 23:20:04 --> Controller "App\Controllers\StudentDetails" loaded.
INFO - 2020-08-29 23:20:04 --> Fetching All Leave details
INFO - 2020-08-29 23:20:04 --> Fetching Sections details
INFO - 2020-08-29 23:20:16 --> Controller "App\Controllers\Boards" loaded.
INFO - 2020-08-29 23:20:16 --> Controller "App\Controllers\Management" loaded.
INFO - 2020-08-29 23:20:16 --> Fetching Boards details
INFO - 2020-08-29 23:20:16 --> Fetching All Management details
INFO - 2020-08-29 23:20:18 --> Controller "App\Controllers\Management" loaded.
INFO - 2020-08-29 23:20:18 --> Fetching Management details
INFO - 2020-08-29 23:20:21 --> Controller "App\Controllers\Management" loaded.
INFO - 2020-08-29 23:20:21 --> Fetching Management details
INFO - 2020-08-29 23:20:22 --> Controller "App\Controllers\Management" loaded.
INFO - 2020-08-29 23:20:22 --> Fetching Management details
INFO - 2020-08-29 23:21:06 --> Controller "App\Controllers\Alumnus" loaded.
INFO - 2020-08-29 23:21:06 --> Fetching Alumni details
INFO - 2020-08-29 23:21:06 --> Controller "App\Controllers\Alumnus" loaded.
INFO - 2020-08-29 23:21:06 --> Fetching All Leave details
INFO - 2020-08-29 23:21:17 --> Controller "App\Controllers\Alumnus" loaded.
INFO - 2020-08-29 23:21:17 --> Fetching Leave details with Id
INFO - 2020-08-29 23:21:36 --> Controller "App\Controllers\Feedbacks" loaded.
INFO - 2020-08-29 23:21:36 --> Controller "App\Controllers\Feedbacks" loaded.
INFO - 2020-08-29 23:21:36 --> Fetching Feedback details
INFO - 2020-08-29 23:21:36 --> Fetching Feedbacks Details details
INFO - 2020-08-29 23:21:44 --> Controller "App\Controllers\TicketSystems" loaded.
INFO - 2020-08-29 23:21:44 --> Controller "App\Controllers\TicketSystems" loaded.
INFO - 2020-08-29 23:21:44 --> Fetching Feedback details
INFO - 2020-08-29 23:21:44 --> Fetching Feedbacks Details details
INFO - 2020-08-29 23:21:53 --> Controller "App\Controllers\Boards" loaded.
INFO - 2020-08-29 23:21:53 --> Fetching Boards details
INFO - 2020-08-29 23:21:53 --> Controller "App\Controllers\Sections" loaded.
INFO - 2020-08-29 23:21:53 --> Controller "App\Controllers\SubjectStandards" loaded.
INFO - 2020-08-29 23:21:53 --> Controller "App\Controllers\Academicyears" loaded.
INFO - 2020-08-29 23:21:53 --> Controller "App\Controllers\Assignments" loaded.
INFO - 2020-08-29 23:21:53 --> Fetching Academic year details
INFO - 2020-08-29 23:21:53 --> Controller "App\Controllers\Assignments" loaded.
INFO - 2020-08-29 23:21:53 --> Fetching Sections details
INFO - 2020-08-29 23:21:53 --> Fetching Assignments details
INFO - 2020-08-29 23:21:53 --> Fetching Assignments Details details
INFO - 2020-08-29 23:21:53 --> Fetching Subjects details
INFO - 2020-08-29 23:21:53 --> Controller "App\Controllers\Assignments" loaded.
INFO - 2020-08-29 23:21:53 --> Fetching Assignments Id details
INFO - 2020-08-29 23:21:53 --> Controller "App\Controllers\Assignments" loaded.
INFO - 2020-08-29 23:21:53 --> Controller "App\Controllers\Assignments" loaded.
INFO - 2020-08-29 23:21:53 --> Controller "App\Controllers\Assignments" loaded.
INFO - 2020-08-29 23:21:53 --> Controller "App\Controllers\Sections" loaded.
INFO - 2020-08-29 23:21:53 --> Fetching Assignments Grade details
INFO - 2020-08-29 23:21:53 --> Fetching Assignments Details details
INFO - 2020-08-29 23:21:53 --> Fetching Sections details
INFO - 2020-08-29 23:21:55 --> Controller "App\Controllers\Sections" loaded.
INFO - 2020-08-29 23:21:55 --> Controller "App\Controllers\Assignments" loaded.
INFO - 2020-08-29 23:21:55 --> Fetching Sections details
INFO - 2020-08-29 23:21:55 --> Fetching Assignments Details details
INFO - 2020-08-29 23:21:58 --> Controller "App\Controllers\Boards" loaded.
INFO - 2020-08-29 23:21:58 --> Fetching Boards details
INFO - 2020-08-29 23:21:58 --> Controller "App\Controllers\ClassMasters" loaded.
INFO - 2020-08-29 23:21:59 --> Controller "App\Controllers\ClassDetails" loaded.
INFO - 2020-08-29 23:21:59 --> Controller "App\Controllers\ClassDetails" loaded.
INFO - 2020-08-29 23:21:59 --> Controller "App\Controllers\Staffs" loaded.
INFO - 2020-08-29 23:21:59 --> Controller "App\Controllers\SubjectMasters" loaded.
INFO - 2020-08-29 23:21:59 --> Controller "App\Controllers\RoomMasters" loaded.
INFO - 2020-08-29 23:21:59 --> Fetching SubjectMasters details
INFO - 2020-08-29 23:21:59 --> Fetching Sections details
INFO - 2020-08-29 23:21:59 --> Controller "App\Controllers\Academicyears" loaded.
INFO - 2020-08-29 23:21:59 --> Fetching Academic year details
INFO - 2020-08-29 23:21:59 --> Fetching Sections details
INFO - 2020-08-29 23:21:59 --> Fetching All staff details
INFO - 2020-08-29 23:21:59 --> Controller "App\Controllers\AcademicSettings" loaded.
INFO - 2020-08-29 23:21:59 --> Fetching Academic year details
INFO - 2020-08-29 23:21:59 --> Controller "App\Controllers\ClassMasters" loaded.
INFO - 2020-08-29 23:21:59 --> Controller "App\Controllers\ClassMasters" loaded.
INFO - 2020-08-29 23:21:59 --> Controller "App\Controllers\SubjectStandardRooms" loaded.
INFO - 2020-08-29 23:21:59 --> Controller "App\Controllers\ClassMasters" loaded.
INFO - 2020-08-29 23:21:59 --> Fetching Subjects details
INFO - 2020-08-29 23:21:59 --> Fetching class details
INFO - 2020-08-29 23:21:59 --> Controller "App\Controllers\RoomMasters" loaded.
INFO - 2020-08-29 23:21:59 --> Controller "App\Controllers\ClassDetails" loaded.
INFO - 2020-08-29 23:21:59 --> Fetching Sections details
INFO - 2020-08-29 23:21:59 --> Controller "App\Controllers\ClassDetails" loaded.
INFO - 2020-08-29 23:21:59 --> Controller "App\Controllers\SubjectMasters" loaded.
INFO - 2020-08-29 23:21:59 --> Controller "App\Controllers\ClassMasters" loaded.
INFO - 2020-08-29 23:21:59 --> Fetching Sections details
INFO - 2020-08-29 23:21:59 --> Fetching SubjectMasters details
INFO - 2020-08-29 23:21:59 --> Controller "App\Controllers\SubjectStandards" loaded.
INFO - 2020-08-29 23:21:59 --> Fetching Subjects details
INFO - 2020-08-29 23:23:26 --> Controller "App\Controllers\Attendance" loaded.
INFO - 2020-08-29 23:23:26 --> Controller "App\Controllers\AttendanceDetails" loaded.
INFO - 2020-08-29 23:23:26 --> Fetching Dashboard details
INFO - 2020-08-29 23:23:26 --> Fetching Attendance details
INFO - 2020-08-29 23:23:28 --> Controller "App\Controllers\Staffs" loaded.
INFO - 2020-08-29 23:23:28 --> Controller "App\Controllers\Students" loaded.
INFO - 2020-08-29 23:23:28 --> Fetching All Leave details
INFO - 2020-08-29 23:23:28 --> Fetching All staff details
INFO - 2020-08-29 23:23:29 --> Controller "App\Controllers\Attendance" loaded.
INFO - 2020-08-29 23:23:51 --> Controller "App\Controllers\Attendance" loaded.
INFO - 2020-08-29 23:23:51 --> Fetching Dashboard details
INFO - 2020-08-29 23:23:51 --> Controller "App\Controllers\AttendanceDetails" loaded.
INFO - 2020-08-29 23:23:51 --> Fetching Attendance details
INFO - 2020-08-29 23:23:53 --> Controller "App\Controllers\Students" loaded.
INFO - 2020-08-29 23:23:53 --> Fetching All Leave details
INFO - 2020-08-29 23:24:08 --> Controller "App\Controllers\AttendanceDetails" loaded.
INFO - 2020-08-29 23:24:08 --> Controller "App\Controllers\Attendance" loaded.
INFO - 2020-08-29 23:24:08 --> Fetching Attendance details
INFO - 2020-08-29 23:24:08 --> Fetching Dashboard details
INFO - 2020-08-29 23:24:10 --> Controller "App\Controllers\Students" loaded.
INFO - 2020-08-29 23:24:10 --> Controller "App\Controllers\Attendance" loaded.
INFO - 2020-08-29 23:24:10 --> Fetching All Leave details
INFO - 2020-08-29 23:24:10 --> Controller "App\Controllers\Attendance" loaded.
INFO - 2020-08-29 23:24:10 --> Fetching Message details
INFO - 2020-08-29 23:24:31 --> Controller "App\Controllers\Attendance" loaded.
INFO - 2020-08-29 23:24:31 --> Fetching Dashboard details
INFO - 2020-08-29 23:24:31 --> Controller "App\Controllers\AttendanceDetails" loaded.
INFO - 2020-08-29 23:24:31 --> Fetching Attendance details
INFO - 2020-08-29 23:24:36 --> Controller "App\Controllers\ClassDetails" loaded.
INFO - 2020-08-29 23:24:36 --> Controller "App\Controllers\MessageGroups" loaded.
INFO - 2020-08-29 23:24:36 --> Fetching MessageGroups details
INFO - 2020-08-29 23:24:36 --> Fetching Sections details
INFO - 2020-08-29 23:24:36 --> Controller "App\Controllers\Boards" loaded.
INFO - 2020-08-29 23:24:36 --> Controller "App\Controllers\Dashboards" loaded.
INFO - 2020-08-29 23:24:36 --> Controller "App\Controllers\Students" loaded.
INFO - 2020-08-29 23:24:36 --> Fetching Boards details
INFO - 2020-08-29 23:24:36 --> Fetching Dashboard details
INFO - 2020-08-29 23:24:36 --> Fetching All Leave details
INFO - 2020-08-29 23:24:36 --> Controller "App\Controllers\Users" loaded.
INFO - 2020-08-29 23:24:36 --> Fetching All User details
INFO - 2020-08-29 23:24:37 --> Controller "App\Controllers\MessageCenter" loaded.
INFO - 2020-08-29 23:24:37 --> Fetching MessageCenter details
INFO - 2020-08-29 23:24:49 --> Controller "App\Controllers\MessageGroups" loaded.
INFO - 2020-08-29 23:24:49 --> Controller "App\Controllers\Dashboards" loaded.
INFO - 2020-08-29 23:24:49 --> Controller "App\Controllers\ClassDetails" loaded.
INFO - 2020-08-29 23:24:49 --> Fetching MessageGroups details
INFO - 2020-08-29 23:24:49 --> Fetching Sections details
INFO - 2020-08-29 23:24:49 --> Fetching Dashboard details
INFO - 2020-08-29 23:24:52 --> Controller "App\Controllers\MessageGroups" loaded.
INFO - 2020-08-29 23:24:52 --> Fetching MessageGroups details
INFO - 2020-08-29 23:25:14 --> Controller "App\Controllers\MessageCenter" loaded.
INFO - 2020-08-29 23:25:14 --> Fetching MessageCenter details
INFO - 2020-08-29 23:25:30 --> Controller "App\Controllers\MessageCenter" loaded.
INFO - 2020-08-29 23:25:30 --> Fetching MessageCenter details
INFO - 2020-08-29 23:25:34 --> Controller "App\Controllers\MessageGroups" loaded.
INFO - 2020-08-29 23:25:34 --> Fetching MessageGroups details
INFO - 2020-08-29 23:25:53 --> Controller "App\Controllers\MessageCenter" loaded.
INFO - 2020-08-29 23:25:53 --> Fetching MessageCenter details
INFO - 2020-08-29 23:25:55 --> Controller "App\Controllers\ClassDetails" loaded.
INFO - 2020-08-29 23:25:55 --> Fetching Sections details
INFO - 2020-08-29 23:25:55 --> Controller "App\Controllers\MessageGroups" loaded.
INFO - 2020-08-29 23:25:55 --> Controller "App\Controllers\Dashboards" loaded.
INFO - 2020-08-29 23:25:55 --> Fetching MessageGroups details
INFO - 2020-08-29 23:25:55 --> Fetching Dashboard details
INFO - 2020-08-29 23:26:33 --> Controller "App\Controllers\ClassDetails" loaded.
INFO - 2020-08-29 23:26:33 --> Controller "App\Controllers\Dashboards" loaded.
INFO - 2020-08-29 23:26:33 --> Controller "App\Controllers\MessageGroups" loaded.
INFO - 2020-08-29 23:26:33 --> Fetching MessageGroups details
INFO - 2020-08-29 23:26:33 --> Fetching Dashboard details
INFO - 2020-08-29 23:26:33 --> Controller "App\Controllers\Boards" loaded.
INFO - 2020-08-29 23:26:33 --> Controller "App\Controllers\Students" loaded.
INFO - 2020-08-29 23:26:33 --> Controller "App\Controllers\Users" loaded.
INFO - 2020-08-29 23:26:33 --> Fetching Boards details
INFO - 2020-08-29 23:26:33 --> Fetching All User details
INFO - 2020-08-29 23:26:33 --> Fetching All Leave details
INFO - 2020-08-29 23:26:33 --> Fetching Sections details
INFO - 2020-08-29 23:26:33 --> Controller "App\Controllers\MessageCenter" loaded.
INFO - 2020-08-29 23:26:33 --> Fetching MessageCenter details
INFO - 2020-08-29 23:26:38 --> Controller "App\Controllers\MessageCenter" loaded.
INFO - 2020-08-29 23:26:38 --> Fetching MessageCenter details
INFO - 2020-08-29 23:26:39 --> Controller "App\Controllers\ClassDetails" loaded.
INFO - 2020-08-29 23:26:39 --> Fetching Sections details
INFO - 2020-08-29 23:26:39 --> Controller "App\Controllers\MessageGroups" loaded.
INFO - 2020-08-29 23:26:39 --> Fetching MessageGroups details
INFO - 2020-08-29 23:26:39 --> Controller "App\Controllers\Dashboards" loaded.
INFO - 2020-08-29 23:26:39 --> Fetching Dashboard details
INFO - 2020-08-29 23:27:12 --> Controller "App\Controllers\MessageGroups" loaded.
INFO - 2020-08-29 23:27:12 --> Fetching MessageGroups details
INFO - 2020-08-29 23:27:12 --> Controller "App\Controllers\Dashboards" loaded.
INFO - 2020-08-29 23:27:12 --> Fetching Dashboard details
INFO - 2020-08-29 23:27:12 --> Controller "App\Controllers\ClassDetails" loaded.
INFO - 2020-08-29 23:27:12 --> Fetching Sections details
INFO - 2020-08-29 23:27:12 --> Controller "App\Controllers\Students" loaded.
INFO - 2020-08-29 23:27:12 --> Controller "App\Controllers\Boards" loaded.
INFO - 2020-08-29 23:27:12 --> Controller "App\Controllers\Users" loaded.
INFO - 2020-08-29 23:27:12 --> Fetching Boards details
INFO - 2020-08-29 23:27:12 --> Fetching All User details
INFO - 2020-08-29 23:27:12 --> Fetching All Leave details
INFO - 2020-08-29 23:27:12 --> Controller "App\Controllers\MessageCenter" loaded.
INFO - 2020-08-29 23:27:12 --> Fetching MessageCenter details
INFO - 2020-08-29 23:27:14 --> Controller "App\Controllers\MessageCenter" loaded.
INFO - 2020-08-29 23:27:14 --> Fetching MessageCenter details
INFO - 2020-08-29 23:27:15 --> Controller "App\Controllers\ClassDetails" loaded.
INFO - 2020-08-29 23:27:15 --> Controller "App\Controllers\MessageGroups" loaded.
INFO - 2020-08-29 23:27:15 --> Fetching Sections details
INFO - 2020-08-29 23:27:15 --> Fetching MessageGroups details
INFO - 2020-08-29 23:27:15 --> Controller "App\Controllers\Dashboards" loaded.
INFO - 2020-08-29 23:27:15 --> Fetching Dashboard details
INFO - 2020-08-29 23:27:38 --> Controller "App\Controllers\ClassDetails" loaded.
INFO - 2020-08-29 23:27:38 --> Controller "App\Controllers\Boards" loaded.
INFO - 2020-08-29 23:27:38 --> Controller "App\Controllers\Students" loaded.
INFO - 2020-08-29 23:27:38 --> Controller "App\Controllers\Users" loaded.
INFO - 2020-08-29 23:27:38 --> Fetching Sections details
INFO - 2020-08-29 23:27:38 --> Controller "App\Controllers\Dashboards" loaded.
INFO - 2020-08-29 23:27:38 --> Fetching All Leave details
INFO - 2020-08-29 23:27:38 --> Fetching Boards details
INFO - 2020-08-29 23:27:38 --> Fetching All User details
INFO - 2020-08-29 23:27:38 --> Controller "App\Controllers\MessageGroups" loaded.
INFO - 2020-08-29 23:27:38 --> Fetching Dashboard details
INFO - 2020-08-29 23:27:38 --> Fetching MessageGroups details
INFO - 2020-08-29 23:27:38 --> Controller "App\Controllers\MessageCenter" loaded.
INFO - 2020-08-29 23:27:38 --> Fetching MessageCenter details
INFO - 2020-08-29 23:28:41 --> Controller "App\Controllers\MessageCenter" loaded.
INFO - 2020-08-29 23:28:41 --> Fetching MessageCenter details
INFO - 2020-08-29 23:28:45 --> Controller "App\Controllers\ClassDetails" loaded.
INFO - 2020-08-29 23:28:45 --> Fetching Sections details
INFO - 2020-08-29 23:28:45 --> Controller "App\Controllers\MessageGroups" loaded.
INFO - 2020-08-29 23:28:45 --> Fetching MessageGroups details
INFO - 2020-08-29 23:28:45 --> Controller "App\Controllers\Dashboards" loaded.
INFO - 2020-08-29 23:28:45 --> Fetching Dashboard details
INFO - 2020-08-29 23:33:51 --> Controller "App\Controllers\Dashboards" loaded.
INFO - 2020-08-29 23:33:51 --> Controller "App\Controllers\Users" loaded.
INFO - 2020-08-29 23:33:51 --> Controller "App\Controllers\Students" loaded.
INFO - 2020-08-29 23:33:51 --> Controller "App\Controllers\ClassDetails" loaded.
INFO - 2020-08-29 23:33:51 --> Controller "App\Controllers\Boards" loaded.
INFO - 2020-08-29 23:33:51 --> Controller "App\Controllers\MessageGroups" loaded.
INFO - 2020-08-29 23:33:51 --> Fetching Dashboard details
INFO - 2020-08-29 23:33:51 --> Fetching All User details
INFO - 2020-08-29 23:33:51 --> Fetching All Leave details
INFO - 2020-08-29 23:33:51 --> Fetching Sections details
INFO - 2020-08-29 23:33:51 --> Fetching Boards details
INFO - 2020-08-29 23:33:51 --> Fetching MessageGroups details
INFO - 2020-08-29 23:33:51 --> Controller "App\Controllers\MessageCenter" loaded.
INFO - 2020-08-29 23:33:51 --> Fetching MessageCenter details
INFO - 2020-08-29 23:33:55 --> Controller "App\Controllers\MessageCenter" loaded.
INFO - 2020-08-29 23:33:55 --> Fetching MessageCenter details
INFO - 2020-08-29 23:34:00 --> Controller "App\Controllers\ClassDetails" loaded.
INFO - 2020-08-29 23:34:00 --> Fetching Sections details
INFO - 2020-08-29 23:34:00 --> Controller "App\Controllers\MessageGroups" loaded.
INFO - 2020-08-29 23:34:00 --> Fetching MessageGroups details
INFO - 2020-08-29 23:34:00 --> Controller "App\Controllers\Dashboards" loaded.
INFO - 2020-08-29 23:34:00 --> Fetching Dashboard details
INFO - 2020-08-29 23:39:36 --> Controller "App\Controllers\ClassDetails" loaded.
INFO - 2020-08-29 23:39:36 --> Fetching Sections details
INFO - 2020-08-29 23:39:36 --> Controller "App\Controllers\MessageGroups" loaded.
INFO - 2020-08-29 23:39:36 --> Controller "App\Controllers\Boards" loaded.
INFO - 2020-08-29 23:39:36 --> Fetching MessageGroups details
INFO - 2020-08-29 23:39:36 --> Controller "App\Controllers\Dashboards" loaded.
INFO - 2020-08-29 23:39:36 --> Fetching Boards details
INFO - 2020-08-29 23:39:36 --> Fetching Dashboard details
INFO - 2020-08-29 23:39:36 --> Controller "App\Controllers\Users" loaded.
INFO - 2020-08-29 23:39:36 --> Fetching All User details
INFO - 2020-08-29 23:39:36 --> Controller "App\Controllers\Students" loaded.
INFO - 2020-08-29 23:39:36 --> Fetching All Leave details
INFO - 2020-08-29 23:39:36 --> Controller "App\Controllers\MessageCenter" loaded.
INFO - 2020-08-29 23:39:36 --> Fetching MessageCenter details
INFO - 2020-08-29 23:42:11 --> Controller "App\Controllers\MessageCenter" loaded.
INFO - 2020-08-29 23:42:11 --> Fetching MessageCenter details
INFO - 2020-08-29 23:42:14 --> Controller "App\Controllers\ClassDetails" loaded.
INFO - 2020-08-29 23:42:14 --> Fetching Sections details
INFO - 2020-08-29 23:42:14 --> Controller "App\Controllers\Dashboards" loaded.
INFO - 2020-08-29 23:42:14 --> Controller "App\Controllers\MessageGroups" loaded.
INFO - 2020-08-29 23:42:14 --> Fetching MessageGroups details
INFO - 2020-08-29 23:42:14 --> Fetching Dashboard details
