INFO - 2021-02-10 09:55:42 --> Controller "App\Controllers\Dashboards" loaded.
INFO - 2021-02-10 09:55:42 --> Fetching Dashboard details
INFO - 2021-02-10 09:55:46 --> Controller "App\Controllers\InstituteDetails" loaded.
INFO - 2021-02-10 09:55:46 --> Fetching IIQA Details
INFO - 2021-02-10 09:55:51 --> Controller "App\Controllers\Leads" loaded.
INFO - 2021-02-10 09:55:51 --> Fetching IIQA Details
INFO - 2021-02-10 09:55:51 --> Controller "App\Controllers\InstituteDetails" loaded.
INFO - 2021-02-10 09:55:51 --> Fetching IIQA Details
INFO - 2021-02-10 09:59:45 --> Controller "App\Controllers\InstituteDetails" loaded.
INFO - 2021-02-10 09:59:45 --> Fetching IIQA Details
INFO - 2021-02-10 10:00:36 --> Controller "App\Controllers\PricingHistory" loaded.
INFO - 2021-02-10 10:00:36 --> Fetching IIQA Details
INFO - 2021-02-10 10:00:39 --> Controller "App\Controllers\UserMenu" loaded.
INFO - 2021-02-10 10:00:39 --> Fetching IIQA Details
INFO - 2021-02-10 10:00:39 --> Controller "App\Controllers\UserMenu" loaded.
INFO - 2021-02-10 10:00:39 --> Fetching IIQA Details
INFO - 2021-02-10 10:00:43 --> Controller "App\Controllers\Dashboards" loaded.
INFO - 2021-02-10 10:00:43 --> Fetching Dashboard details
INFO - 2021-02-10 10:00:43 --> Controller "App\Controllers\SchedulePlanner" loaded.
INFO - 2021-02-10 10:00:43 --> Fetching IIQA Details
INFO - 2021-02-10 10:00:45 --> Controller "App\Controllers\PricingHistory" loaded.
INFO - 2021-02-10 10:00:45 --> Fetching IIQA Details
INFO - 2021-02-10 10:00:45 --> Controller "App\Controllers\InstituteDetails" loaded.
INFO - 2021-02-10 10:00:45 --> Fetching IIQA Details
INFO - 2021-02-10 10:00:46 --> Controller "App\Controllers\PricingDetails" loaded.
INFO - 2021-02-10 10:00:46 --> Fetching IIQA Details
INFO - 2021-02-10 10:00:46 --> Controller "App\Controllers\PricingDetails" loaded.
INFO - 2021-02-10 10:00:46 --> Fetching IIQA Details
INFO - 2021-02-10 10:01:06 --> Controller "App\Controllers\PricingHistory" loaded.
INFO - 2021-02-10 10:01:06 --> Fetching IIQA Details
INFO - 2021-02-10 10:01:31 --> Controller "App\Controllers\Users" loaded.
INFO - 2021-02-10 10:01:55 --> Controller "App\Controllers\PricingHistory" loaded.
INFO - 2021-02-10 10:01:55 --> Fetching IIQA Details
INFO - 2021-02-10 10:02:06 --> Controller "App\Controllers\Dashboards" loaded.
INFO - 2021-02-10 10:02:06 --> Fetching Dashboard details
INFO - 2021-02-10 10:02:06 --> Controller "App\Controllers\SchedulePlanner" loaded.
INFO - 2021-02-10 10:02:06 --> Fetching IIQA Details
INFO - 2021-02-10 10:02:07 --> Controller "App\Controllers\PricingHistory" loaded.
INFO - 2021-02-10 10:02:07 --> Fetching IIQA Details
INFO - 2021-02-10 10:02:18 --> Controller "App\Controllers\PricingHistory" loaded.
INFO - 2021-02-10 10:02:18 --> Fetching IIQA Details
INFO - 2021-02-10 10:02:21 --> Controller "App\Controllers\UserMenu" loaded.
INFO - 2021-02-10 10:02:21 --> Controller "App\Controllers\UserMenu" loaded.
INFO - 2021-02-10 10:02:21 --> Fetching IIQA Details
INFO - 2021-02-10 10:02:21 --> Fetching IIQA Details
INFO - 2021-02-10 14:58:36 --> Controller "App\Controllers\Dashboards" loaded.
INFO - 2021-02-10 14:58:36 --> Fetching Dashboard details
INFO - 2021-02-10 14:58:36 --> Controller "App\Controllers\SchedulePlanner" loaded.
INFO - 2021-02-10 14:58:36 --> Fetching IIQA Details
INFO - 2021-02-10 14:58:39 --> Controller "App\Controllers\SchedulePlanner" loaded.
INFO - 2021-02-10 14:58:39 --> Fetching IIQA Details
INFO - 2021-02-10 14:58:39 --> Controller "App\Controllers\InstituteDetails" loaded.
INFO - 2021-02-10 14:58:39 --> Fetching IIQA Details
INFO - 2021-02-10 14:58:49 --> Controller "App\Controllers\SchedulePlanner" loaded.
INFO - 2021-02-10 14:58:49 --> Fetching IIQA Details
INFO - 2021-02-10 14:58:50 --> Controller "App\Controllers\InstituteDetails" loaded.
INFO - 2021-02-10 14:58:50 --> Fetching IIQA Details
INFO - 2021-02-10 14:58:50 --> Controller "App\Controllers\EmployeeDetails" loaded.
INFO - 2021-02-10 14:58:50 --> Fetching IIQA Details
INFO - 2021-02-10 15:02:16 --> Controller "App\Controllers\Dashboards" loaded.
INFO - 2021-02-10 15:02:16 --> Fetching Dashboard details
INFO - 2021-02-10 15:02:17 --> Controller "App\Controllers\SchedulePlanner" loaded.
INFO - 2021-02-10 15:02:17 --> Fetching IIQA Details
