INFO - 2020-08-19 10:07:27 --> Fetching Assignments Mapped Id details
INFO - 2020-08-19 10:09:32 --> Fetching Assignments Mapped Id details
INFO - 2020-08-19 00:12:23 --> Controller "App\Controllers\ExamsAttendance" loaded.
INFO - 2020-08-19 00:12:23 --> Fetching Exam Details details
INFO - 2020-08-19 00:15:56 --> Controller "App\Controllers\ExamsAttendance" loaded.
INFO - 2020-08-19 00:15:56 --> Fetching Exam Details details
INFO - 2020-08-19 00:16:43 --> Controller "App\Controllers\ExamsTimetable" loaded.
INFO - 2020-08-19 00:16:43 --> Fetching Exam Details details
INFO - 2020-08-19 00:18:10 --> Controller "App\Controllers\Users" loaded.
INFO - 2020-08-19 00:18:19 --> Controller "App\Controllers\Users" loaded.
INFO - 2020-08-19 00:18:19 --> Fetching Users details
INFO - 2020-08-19 00:18:24 --> Controller "App\Controllers\Users" loaded.
INFO - 2020-08-19 00:18:24 --> Fetching Users details
INFO - 2020-08-19 00:18:32 --> Controller "App\Controllers\Sections" loaded.
INFO - 2020-08-19 00:18:32 --> Fetching Sections details
INFO - 2020-08-19 00:18:32 --> Controller "App\Controllers\Students" loaded.
INFO - 2020-08-19 00:18:32 --> Fetching All Leave details
INFO - 2020-08-19 00:18:55 --> Controller "App\Controllers\ClassDetails" loaded.
INFO - 2020-08-19 00:18:55 --> Controller "App\Controllers\Students" loaded.
INFO - 2020-08-19 00:18:55 --> Fetching Sections details
INFO - 2020-08-19 00:18:55 --> Fetching All Leave details
INFO - 2020-08-19 00:18:55 --> Controller "App\Controllers\ExamDetails" loaded.
INFO - 2020-08-19 00:18:55 --> Fetching Circular Details details
INFO - 2020-08-19 00:18:55 --> Controller "App\Controllers\ExamDetails" loaded.
INFO - 2020-08-19 00:18:55 --> Fetching Exam Details details
INFO - 2020-08-19 00:18:55 --> Controller "App\Controllers\ExamsTimetable" loaded.
INFO - 2020-08-19 00:18:55 --> Fetching Exam Details details
INFO - 2020-08-19 00:19:31 --> Controller "App\Controllers\ClassDetails" loaded.
INFO - 2020-08-19 00:19:31 --> Controller "App\Controllers\ExamDetails" loaded.
INFO - 2020-08-19 00:19:31 --> Fetching Sections details
INFO - 2020-08-19 00:19:31 --> Fetching Circular Details details
INFO - 2020-08-19 00:19:31 --> Controller "App\Controllers\Students" loaded.
INFO - 2020-08-19 00:19:31 --> Fetching All Leave details
INFO - 2020-08-19 00:19:31 --> Controller "App\Controllers\ExamDetails" loaded.
INFO - 2020-08-19 00:19:31 --> Fetching Exam Details details
INFO - 2020-08-19 00:19:31 --> Controller "App\Controllers\ExamsTimetable" loaded.
INFO - 2020-08-19 00:19:31 --> Fetching Exam Details details
INFO - 2020-08-19 00:22:40 --> Controller "App\Controllers\ClassDetails" loaded.
INFO - 2020-08-19 00:22:40 --> Controller "App\Controllers\ExamDetails" loaded.
INFO - 2020-08-19 00:22:40 --> Controller "App\Controllers\Students" loaded.
INFO - 2020-08-19 00:22:40 --> Controller "App\Controllers\ExamDetails" loaded.
INFO - 2020-08-19 00:22:40 --> Fetching Circular Details details
INFO - 2020-08-19 00:22:40 --> Controller "App\Controllers\ExamsTimetable" loaded.
INFO - 2020-08-19 00:22:40 --> Fetching Sections details
INFO - 2020-08-19 00:22:40 --> Fetching Exam Details details
INFO - 2020-08-19 00:22:40 --> Fetching Exam Details details
INFO - 2020-08-19 00:22:40 --> Fetching All Leave details
INFO - 2020-08-19 00:24:45 --> Controller "App\Controllers\ClassDetails" loaded.
INFO - 2020-08-19 00:24:45 --> Controller "App\Controllers\Students" loaded.
INFO - 2020-08-19 00:24:45 --> Fetching Sections details
INFO - 2020-08-19 00:24:45 --> Fetching All Leave details
INFO - 2020-08-19 00:24:45 --> Controller "App\Controllers\ExamDetails" loaded.
INFO - 2020-08-19 00:24:45 --> Controller "App\Controllers\ExamDetails" loaded.
INFO - 2020-08-19 00:24:45 --> Fetching Circular Details details
INFO - 2020-08-19 00:24:45 --> Controller "App\Controllers\ExamsTimetable" loaded.
INFO - 2020-08-19 00:24:45 --> Fetching Exam Details details
INFO - 2020-08-19 00:24:45 --> Fetching Exam Details details
INFO - 2020-08-19 01:28:54 --> Controller "App\Controllers\ExamsTimetable" loaded.
INFO - 2020-08-19 01:28:54 --> Fetching Exam Details details
INFO - 2020-08-19 01:30:53 --> Controller "App\Controllers\ExamsTimetable" loaded.
INFO - 2020-08-19 01:30:53 --> Fetching Exam Details details
INFO - 2020-08-19 01:31:38 --> Controller "App\Controllers\ExamsTimetable" loaded.
INFO - 2020-08-19 01:31:46 --> Controller "App\Controllers\ExamsTimetable" loaded.
INFO - 2020-08-19 01:31:46 --> Fetching Exam Details details
INFO - 2020-08-19 01:35:13 --> Controller "App\Controllers\ExamsTimetable" loaded.
INFO - 2020-08-19 01:35:13 --> Fetching Exam Details details
INFO - 2020-08-19 01:40:54 --> Controller "App\Controllers\ExamsTimetable" loaded.
ERROR - 2020-08-19 01:40:54 --> Illegal offset type
INFO - 2020-08-19 01:41:04 --> Controller "App\Controllers\ExamsTimetable" loaded.
INFO - 2020-08-19 01:41:04 --> Fetching Exam Details details
INFO - 2020-08-19 01:41:08 --> Controller "App\Controllers\ExamsTimetable" loaded.
INFO - 2020-08-19 01:41:08 --> Fetching Exam Details details
INFO - 2020-08-19 01:43:03 --> Controller "App\Controllers\ExamsTimetable" loaded.
INFO - 2020-08-19 01:43:03 --> Fetching Exam Details details
INFO - 2020-08-19 01:45:13 --> Controller "App\Controllers\ExamsTimetable" loaded.
INFO - 2020-08-19 01:45:13 --> Fetching Exam Details details
INFO - 2020-08-19 01:46:43 --> Controller "App\Controllers\ExamsTimetable" loaded.
INFO - 2020-08-19 01:46:43 --> Fetching Exam Details details
INFO - 2020-08-19 01:46:54 --> Controller "App\Controllers\ExamsTimetable" loaded.
INFO - 2020-08-19 01:46:54 --> Fetching Exam Details details
INFO - 2020-08-19 01:49:26 --> Controller "App\Controllers\ExamsTimetable" loaded.
INFO - 2020-08-19 01:49:26 --> Fetching Exam Details details
INFO - 2020-08-19 01:54:08 --> Controller "App\Controllers\ClassDetails" loaded.
INFO - 2020-08-19 01:54:08 --> Controller "App\Controllers\Students" loaded.
INFO - 2020-08-19 01:54:08 --> Controller "App\Controllers\ExamsTimetable" loaded.
INFO - 2020-08-19 01:54:08 --> Controller "App\Controllers\ExamDetails" loaded.
INFO - 2020-08-19 01:54:08 --> Controller "App\Controllers\ExamDetails" loaded.
INFO - 2020-08-19 01:54:08 --> Fetching All Leave details
INFO - 2020-08-19 01:54:08 --> Fetching Circular Details details
INFO - 2020-08-19 01:54:08 --> Fetching Exam Details details
INFO - 2020-08-19 01:54:08 --> Fetching Exam Details details
INFO - 2020-08-19 01:54:08 --> Fetching Sections details
INFO - 2020-08-19 01:55:32 --> Controller "App\Controllers\ExamsTimetable" loaded.
INFO - 2020-08-19 01:55:32 --> Fetching Exam Details details
INFO - 2020-08-19 02:02:12 --> Controller "App\Controllers\ExamsTimetable" loaded.
INFO - 2020-08-19 02:02:12 --> Fetching Exam Details details
INFO - 2020-08-19 02:02:24 --> Controller "App\Controllers\ExamsTimetable" loaded.
INFO - 2020-08-19 02:02:24 --> Fetching Exam Details details
INFO - 2020-08-19 02:04:41 --> Controller "App\Controllers\ExamsTimetable" loaded.
INFO - 2020-08-19 02:04:41 --> Fetching Exam Details details
INFO - 2020-08-19 02:05:34 --> Controller "App\Controllers\Boards" loaded.
INFO - 2020-08-19 02:05:34 --> Controller "App\Controllers\ClassMasters" loaded.
INFO - 2020-08-19 02:05:34 --> Fetching Boards details
INFO - 2020-08-19 02:05:34 --> Controller "App\Controllers\ClassDetails" loaded.
INFO - 2020-08-19 02:05:34 --> Controller "App\Controllers\ClassDetails" loaded.
INFO - 2020-08-19 02:05:34 --> Controller "App\Controllers\SubjectMasters" loaded.
INFO - 2020-08-19 02:05:34 --> Controller "App\Controllers\RoomMasters" loaded.
INFO - 2020-08-19 02:05:34 --> Fetching Sections details
INFO - 2020-08-19 02:05:34 --> Fetching Sections details
INFO - 2020-08-19 02:05:34 --> Fetching SubjectMasters details
INFO - 2020-08-19 02:05:34 --> Controller "App\Controllers\Staffs" loaded.
INFO - 2020-08-19 02:05:34 --> Fetching All staff details
INFO - 2020-08-19 02:05:34 --> Controller "App\Controllers\Academicyears" loaded.
INFO - 2020-08-19 02:05:34 --> Fetching Academic year details
INFO - 2020-08-19 02:05:34 --> Controller "App\Controllers\ClassMasters" loaded.
INFO - 2020-08-19 02:05:34 --> Controller "App\Controllers\AcademicSettings" loaded.
INFO - 2020-08-19 02:05:34 --> Fetching Academic year details
INFO - 2020-08-19 02:05:34 --> Controller "App\Controllers\SubjectStandardRooms" loaded.
INFO - 2020-08-19 02:05:34 --> Fetching Subjects details
INFO - 2020-08-19 02:05:35 --> Controller "App\Controllers\ClassMasters" loaded.
INFO - 2020-08-19 02:05:35 --> Controller "App\Controllers\ClassMasters" loaded.
INFO - 2020-08-19 02:05:35 --> Fetching class details
INFO - 2020-08-19 02:05:35 --> Controller "App\Controllers\RoomMasters" loaded.
INFO - 2020-08-19 02:05:35 --> Controller "App\Controllers\SubjectMasters" loaded.
INFO - 2020-08-19 02:05:35 --> Controller "App\Controllers\ClassDetails" loaded.
INFO - 2020-08-19 02:05:35 --> Controller "App\Controllers\ClassDetails" loaded.
INFO - 2020-08-19 02:05:35 --> Fetching SubjectMasters details
INFO - 2020-08-19 02:05:35 --> Fetching Sections details
INFO - 2020-08-19 02:05:35 --> Fetching Sections details
INFO - 2020-08-19 02:05:36 --> Controller "App\Controllers\ClassMasters" loaded.
INFO - 2020-08-19 02:05:36 --> Controller "App\Controllers\SubjectStandards" loaded.
INFO - 2020-08-19 02:05:36 --> Fetching Subjects details
INFO - 2020-08-19 02:05:45 --> Controller "App\Controllers\Sections" loaded.
INFO - 2020-08-19 02:05:45 --> Controller "App\Controllers\Students" loaded.
INFO - 2020-08-19 02:05:45 --> Fetching Sections details
INFO - 2020-08-19 02:05:45 --> Fetching All Leave details
INFO - 2020-08-19 02:08:00 --> Controller "App\Controllers\ExamsTimetable" loaded.
INFO - 2020-08-19 02:08:00 --> Fetching Exam Details details
INFO - 2020-08-19 02:09:37 --> Controller "App\Controllers\ExamsTimetable" loaded.
CRITICAL - 2020-08-19 02:09:37 --> Call to a member function getResultArray() on string
#0 /var/www/html/server_4/app/Controllers/ExamsTimetable.php(117): App\Models\Common_model->getExamTimetableDetailsNew(Array)
#1 /var/www/html/server_4/system/CodeIgniter.php(910): App\Controllers\ExamsTimetable->getExamTimetableDetails()
#2 /var/www/html/server_4/system/CodeIgniter.php(398): CodeIgniter\CodeIgniter->runController(Object(App\Controllers\ExamsTimetable))
#3 /var/www/html/server_4/system/CodeIgniter.php(306): CodeIgniter\CodeIgniter->handleRequest(NULL, Object(Config\Cache), false)
#4 /var/www/html/server_4/public/index.php(45): CodeIgniter\CodeIgniter->run()
#5 {main}
INFO - 2020-08-19 02:24:01 --> Controller "App\Controllers\ExamsTimetable" loaded.
INFO - 2020-08-19 02:24:01 --> Fetching Exam Details details
INFO - 2020-08-19 02:25:15 --> Controller "App\Controllers\ExamsTimetable" loaded.
INFO - 2020-08-19 02:25:15 --> Fetching Exam Details details
INFO - 2020-08-19 02:26:33 --> Controller "App\Controllers\ExamsTimetable" loaded.
INFO - 2020-08-19 02:26:33 --> Fetching Exam Details details
INFO - 2020-08-19 02:28:30 --> Controller "App\Controllers\ExamsTimetable" loaded.
INFO - 2020-08-19 02:28:30 --> Fetching Exam Details details
INFO - 2020-08-19 02:33:46 --> Controller "App\Controllers\ExamsTimetable" loaded.
INFO - 2020-08-19 02:33:46 --> Fetching Exam Details details
INFO - 2020-08-19 02:34:29 --> Controller "App\Controllers\ExamsTimetable" loaded.
INFO - 2020-08-19 02:34:29 --> Fetching Exam Details details
INFO - 2020-08-19 02:37:37 --> Controller "App\Controllers\ExamsTimetable" loaded.
INFO - 2020-08-19 02:37:37 --> Fetching Exam Details details
INFO - 2020-08-19 02:37:55 --> Controller "App\Controllers\ExamsTimetable" loaded.
ERROR - 2020-08-19 02:37:55 --> min(): When only one parameter is given, it must be an array
INFO - 2020-08-19 02:43:21 --> Controller "App\Controllers\ExamsTimetable" loaded.
INFO - 2020-08-19 02:43:21 --> Fetching Exam Details details
INFO - 2020-08-19 02:45:55 --> Controller "App\Controllers\ExamsTimetable" loaded.
INFO - 2020-08-19 02:45:55 --> Fetching Exam Details details
INFO - 2020-08-19 02:49:00 --> Controller "App\Controllers\ExamsTimetable" loaded.
INFO - 2020-08-19 02:49:00 --> Fetching Exam Details details
INFO - 2020-08-19 02:51:50 --> Controller "App\Controllers\ExamsTimetable" loaded.
INFO - 2020-08-19 02:51:50 --> Fetching Exam Details details
INFO - 2020-08-19 02:56:41 --> Controller "App\Controllers\ExamsTimetable" loaded.
INFO - 2020-08-19 02:56:41 --> Fetching Exam Details details
INFO - 2020-08-19 02:57:47 --> Controller "App\Controllers\ExamsTimetable" loaded.
INFO - 2020-08-19 02:57:47 --> Fetching Exam Details details
INFO - 2020-08-19 03:03:11 --> Controller "App\Controllers\ExamsTimetable" loaded.
INFO - 2020-08-19 03:03:11 --> Fetching Exam Details details
INFO - 2020-08-19 03:04:48 --> Controller "App\Controllers\ExamsTimetable" loaded.
INFO - 2020-08-19 03:04:48 --> Fetching Exam Details details
INFO - 2020-08-19 03:07:10 --> Controller "App\Controllers\ExamsTimetable" loaded.
INFO - 2020-08-19 03:07:10 --> Fetching Exam Details details
INFO - 2020-08-19 03:08:36 --> Controller "App\Controllers\ExamsTimetable" loaded.
INFO - 2020-08-19 03:08:36 --> Fetching Exam Details details
INFO - 2020-08-19 03:10:53 --> Controller "App\Controllers\ExamsTimetable" loaded.
INFO - 2020-08-19 03:10:53 --> Fetching Exam Details details
INFO - 2020-08-19 03:12:05 --> Controller "App\Controllers\ExamsTimetable" loaded.
INFO - 2020-08-19 03:12:05 --> Fetching Exam Details details
INFO - 2020-08-19 03:13:18 --> Controller "App\Controllers\ExamsTimetable" loaded.
INFO - 2020-08-19 03:13:18 --> Fetching Exam Details details
INFO - 2020-08-19 03:14:15 --> Controller "App\Controllers\ExamsTimetable" loaded.
INFO - 2020-08-19 03:14:15 --> Fetching Exam Details details
INFO - 2020-08-19 03:15:26 --> Controller "App\Controllers\ExamsTimetable" loaded.
INFO - 2020-08-19 03:15:26 --> Fetching Exam Details details
INFO - 2020-08-19 03:17:19 --> Controller "App\Controllers\ExamsTimetable" loaded.
INFO - 2020-08-19 03:17:19 --> Fetching Exam Details details
INFO - 2020-08-19 03:20:58 --> Controller "App\Controllers\ExamsTimetable" loaded.
INFO - 2020-08-19 03:20:58 --> Fetching Exam Details details
INFO - 2020-08-19 03:21:28 --> Controller "App\Controllers\ExamsTimetable" loaded.
INFO - 2020-08-19 03:21:28 --> Fetching Exam Details details
INFO - 2020-08-19 03:21:35 --> Controller "App\Controllers\ExamsTimetable" loaded.
INFO - 2020-08-19 03:21:35 --> Fetching Exam Details details
INFO - 2020-08-19 04:26:23 --> Controller "App\Controllers\Boards" loaded.
INFO - 2020-08-19 04:26:23 --> Fetching Boards details
INFO - 2020-08-19 04:26:23 --> Controller "App\Controllers\Sections" loaded.
INFO - 2020-08-19 04:26:23 --> Controller "App\Controllers\SubjectStandards" loaded.
INFO - 2020-08-19 04:26:23 --> Controller "App\Controllers\Assignments" loaded.
INFO - 2020-08-19 04:26:23 --> Controller "App\Controllers\Assignments" loaded.
INFO - 2020-08-19 04:26:23 --> Fetching Assignments Details details
INFO - 2020-08-19 04:26:23 --> Controller "App\Controllers\Assignments" loaded.
INFO - 2020-08-19 04:26:23 --> Fetching Sections details
INFO - 2020-08-19 04:26:23 --> Fetching Assignments details
INFO - 2020-08-19 04:26:23 --> Fetching Subjects details
INFO - 2020-08-19 04:26:23 --> Fetching Assignments Id details
INFO - 2020-08-19 04:26:23 --> Controller "App\Controllers\Assignments" loaded.
INFO - 2020-08-19 14:56:23 --> Fetching Assignments Mapped Id details
INFO - 2020-08-19 04:26:23 --> Controller "App\Controllers\Sections" loaded.
INFO - 2020-08-19 04:26:23 --> Controller "App\Controllers\Assignments" loaded.
INFO - 2020-08-19 04:26:23 --> Fetching Assignments Grade details
INFO - 2020-08-19 04:26:23 --> Controller "App\Controllers\Assignments" loaded.
INFO - 2020-08-19 04:26:23 --> Fetching Sections details
INFO - 2020-08-19 04:26:23 --> Fetching Assignments Details details
INFO - 2020-08-19 04:28:32 --> Controller "App\Controllers\DailyDairy" loaded.
INFO - 2020-08-19 04:28:32 --> Fetching Circulars details
INFO - 2020-08-19 04:36:42 --> Controller "App\Controllers\ExamsAssessmentOffline" loaded.
INFO - 2020-08-19 04:42:56 --> Controller "App\Controllers\ExamsAssessmentOffline" loaded.
INFO - 2020-08-19 04:44:30 --> Controller "App\Controllers\ExamsAssessmentOffline" loaded.
ERROR - 2020-08-19 04:44:30 --> Object of class stdClass could not be converted to string
INFO - 2020-08-19 04:45:51 --> Controller "App\Controllers\ExamsAssessmentOffline" loaded.
INFO - 2020-08-19 04:46:40 --> Controller "App\Controllers\ExamsAssessmentOffline" loaded.
INFO - 2020-08-19 04:47:43 --> Controller "App\Controllers\ExamsAssessmentOffline" loaded.
INFO - 2020-08-19 04:49:42 --> Controller "App\Controllers\ExamsAssessmentOffline" loaded.
INFO - 2020-08-19 04:56:07 --> Controller "App\Controllers\ExamsAssessmentOffline" loaded.
INFO - 2020-08-19 04:59:41 --> Controller "App\Controllers\ExamsAssessmentOffline" loaded.
ERROR - 2020-08-19 04:59:41 --> Illegal string offset 'total_attendance'
INFO - 2020-08-19 05:00:48 --> Controller "App\Controllers\ExamsAssessmentOffline" loaded.
INFO - 2020-08-19 05:02:36 --> Controller "App\Controllers\ExamsAssessmentOffline" loaded.
INFO - 2020-08-19 05:03:36 --> Controller "App\Controllers\ExamsAssessmentOffline" loaded.
INFO - 2020-08-19 05:27:35 --> Controller "App\Controllers\ExamsAssessmentOffline" loaded.
ERROR - 2020-08-19 05:27:35 --> Invalid argument supplied for foreach()
INFO - 2020-08-19 05:29:16 --> Controller "App\Controllers\ExamsAssessmentOffline" loaded.
INFO - 2020-08-19 05:30:30 --> Controller "App\Controllers\ExamsAssessmentOffline" loaded.
INFO - 2020-08-19 05:31:43 --> Controller "App\Controllers\ExamsAssessmentOffline" loaded.
INFO - 2020-08-19 05:33:46 --> Controller "App\Controllers\ExamsAssessmentOffline" loaded.
INFO - 2020-08-19 05:34:19 --> Controller "App\Controllers\ExamsAssessmentOffline" loaded.
INFO - 2020-08-19 05:35:01 --> Controller "App\Controllers\ExamsAssessmentOffline" loaded.
INFO - 2020-08-19 05:35:21 --> Controller "App\Controllers\ExamsAssessmentOffline" loaded.
INFO - 2020-08-19 05:36:47 --> Controller "App\Controllers\ExamsAssessmentOffline" loaded.
INFO - 2020-08-19 05:36:56 --> Controller "App\Controllers\ExamsAssessmentOffline" loaded.
INFO - 2020-08-19 05:37:03 --> Controller "App\Controllers\ExamsAssessmentOffline" loaded.
INFO - 2020-08-19 05:37:27 --> Controller "App\Controllers\ExamsAssessmentOffline" loaded.
INFO - 2020-08-19 05:38:06 --> Controller "App\Controllers\ExamsAssessmentOffline" loaded.
INFO - 2020-08-19 05:38:18 --> Controller "App\Controllers\ExamsAssessmentOffline" loaded.
INFO - 2020-08-19 05:38:45 --> Controller "App\Controllers\ExamsAssessmentOffline" loaded.
INFO - 2020-08-19 05:39:11 --> Controller "App\Controllers\ExamsAssessmentOffline" loaded.
INFO - 2020-08-19 05:40:09 --> Controller "App\Controllers\ExamsAssessmentOffline" loaded.
INFO - 2020-08-19 05:40:48 --> Controller "App\Controllers\ExamsAssessmentOffline" loaded.
INFO - 2020-08-19 05:42:10 --> Controller "App\Controllers\ExamsAssessmentOffline" loaded.
INFO - 2020-08-19 05:42:18 --> Controller "App\Controllers\ExamsAssessmentOffline" loaded.
INFO - 2020-08-19 05:42:51 --> Controller "App\Controllers\ExamsAssessmentOffline" loaded.
INFO - 2020-08-19 05:42:59 --> Controller "App\Controllers\ExamsAssessmentOffline" loaded.
INFO - 2020-08-19 05:43:49 --> Controller "App\Controllers\ExamsAssessmentOffline" loaded.
INFO - 2020-08-19 05:44:29 --> Controller "App\Controllers\ExamsAssessmentOffline" loaded.
INFO - 2020-08-19 05:44:59 --> Controller "App\Controllers\ExamsAssessmentOffline" loaded.
INFO - 2020-08-19 05:45:12 --> Controller "App\Controllers\ExamsAssessmentOffline" loaded.
INFO - 2020-08-19 05:45:18 --> Controller "App\Controllers\ExamsAssessmentOffline" loaded.
INFO - 2020-08-19 05:46:42 --> Controller "App\Controllers\ExamsAssessmentOffline" loaded.
INFO - 2020-08-19 05:47:29 --> Controller "App\Controllers\ExamsAssessmentOffline" loaded.
INFO - 2020-08-19 05:49:00 --> Controller "App\Controllers\ExamsAssessmentOffline" loaded.
INFO - 2020-08-19 05:49:47 --> Controller "App\Controllers\ExamsAssessmentOffline" loaded.
INFO - 2020-08-19 05:51:48 --> Controller "App\Controllers\ExamsAssessmentOffline" loaded.
INFO - 2020-08-19 05:54:32 --> Controller "App\Controllers\ExamsAssessmentOffline" loaded.
INFO - 2020-08-19 05:56:23 --> Controller "App\Controllers\ExamsAssessmentOffline" loaded.
INFO - 2020-08-19 06:05:09 --> Controller "App\Controllers\ExamsAssessmentOffline" loaded.
INFO - 2020-08-19 06:05:09 --> Fetching Offline Exam Details details
INFO - 2020-08-19 06:05:52 --> Controller "App\Controllers\Boards" loaded.
INFO - 2020-08-19 06:05:52 --> Controller "App\Controllers\Sections" loaded.
INFO - 2020-08-19 06:05:52 --> Fetching Boards details
INFO - 2020-08-19 06:05:52 --> Controller "App\Controllers\SubjectStandards" loaded.
INFO - 2020-08-19 06:05:52 --> Controller "App\Controllers\Assignments" loaded.
INFO - 2020-08-19 06:05:52 --> Controller "App\Controllers\Assignments" loaded.
INFO - 2020-08-19 06:05:52 --> Controller "App\Controllers\Assignments" loaded.
INFO - 2020-08-19 06:05:52 --> Fetching Assignments details
INFO - 2020-08-19 06:05:52 --> Fetching Subjects details
INFO - 2020-08-19 06:05:52 --> Fetching Assignments Details details
INFO - 2020-08-19 06:05:52 --> Fetching Assignments Id details
INFO - 2020-08-19 06:05:52 --> Fetching Sections details
INFO - 2020-08-19 06:05:52 --> Controller "App\Controllers\Assignments" loaded.
INFO - 2020-08-19 16:35:52 --> Fetching Assignments Mapped Id details
INFO - 2020-08-19 06:05:52 --> Controller "App\Controllers\Assignments" loaded.
INFO - 2020-08-19 06:05:52 --> Fetching Assignments Grade details
INFO - 2020-08-19 06:05:52 --> Controller "App\Controllers\Assignments" loaded.
INFO - 2020-08-19 06:05:52 --> Fetching Assignments Details details
INFO - 2020-08-19 06:05:52 --> Controller "App\Controllers\Sections" loaded.
INFO - 2020-08-19 06:05:52 --> Fetching Sections details
INFO - 2020-08-19 06:18:46 --> Controller "App\Controllers\Assignments" loaded.
INFO - 2020-08-19 06:18:46 --> Fetching Assignments details
INFO - 2020-08-19 06:18:46 --> Controller "App\Controllers\SubjectStandards" loaded.
INFO - 2020-08-19 06:18:46 --> Fetching Subjects details
INFO - 2020-08-19 06:19:55 --> Controller "App\Controllers\ExamsTimetable" loaded.
INFO - 2020-08-19 06:19:55 --> Fetching Exam Details details
INFO - 2020-08-19 06:29:09 --> Controller "App\Controllers\ExamsTimetable" loaded.
INFO - 2020-08-19 06:31:31 --> Controller "App\Controllers\ExamsTimetable" loaded.
INFO - 2020-08-19 06:31:31 --> Fetching Exam Details details
INFO - 2020-08-19 06:37:21 --> Controller "App\Controllers\ExamsAssessmentOffline" loaded.
INFO - 2020-08-19 06:37:21 --> Fetching Offline Exam Details details
INFO - 2020-08-19 06:41:15 --> Controller "App\Controllers\ExamsAssessmentOffline" loaded.
CRITICAL - 2020-08-19 06:41:15 --> Cannot use isset() on the result of an expression (you can use "null !== expression" instead)
#0 [internal function]: CodeIgniter\Debug\Exceptions->shutdownHandler()
#1 {main}
INFO - 2020-08-19 06:43:20 --> Controller "App\Controllers\ExamsAssessmentOffline" loaded.
INFO - 2020-08-19 06:43:20 --> Fetching Offline Exam Details details
INFO - 2020-08-19 06:46:32 --> Controller "App\Controllers\ExamsAssessmentOffline" loaded.
CRITICAL - 2020-08-19 06:46:32 --> Call to a member function getResultArray() on string
#0 /var/www/html/server_4/app/Controllers/ExamsAssessmentOffline.php(22): App\Models\ModuleDashboard_model->getOfflineExamDashboardDetails(Array)
#1 /var/www/html/server_4/system/CodeIgniter.php(910): App\Controllers\ExamsAssessmentOffline->getOfflineExamDashboardDetails()
#2 /var/www/html/server_4/system/CodeIgniter.php(398): CodeIgniter\CodeIgniter->runController(Object(App\Controllers\ExamsAssessmentOffline))
#3 /var/www/html/server_4/system/CodeIgniter.php(306): CodeIgniter\CodeIgniter->handleRequest(NULL, Object(Config\Cache), false)
#4 /var/www/html/server_4/public/index.php(45): CodeIgniter\CodeIgniter->run()
#5 {main}
INFO - 2020-08-19 06:50:59 --> Controller "App\Controllers\ExamsAssessmentOffline" loaded.
ERROR - 2020-08-19 06:50:59 --> You must provide a valid column name not separated by comma.
INFO - 2020-08-19 06:51:56 --> Controller "App\Controllers\ExamsAssessmentOffline" loaded.
CRITICAL - 2020-08-19 06:51:56 --> Call to a member function getResultArray() on string
#0 /var/www/html/server_4/app/Controllers/ExamsAssessmentOffline.php(22): App\Models\ModuleDashboard_model->getOfflineExamDashboardDetails(Array)
#1 /var/www/html/server_4/system/CodeIgniter.php(910): App\Controllers\ExamsAssessmentOffline->getOfflineExamDashboardDetails()
#2 /var/www/html/server_4/system/CodeIgniter.php(398): CodeIgniter\CodeIgniter->runController(Object(App\Controllers\ExamsAssessmentOffline))
#3 /var/www/html/server_4/system/CodeIgniter.php(306): CodeIgniter\CodeIgniter->handleRequest(NULL, Object(Config\Cache), false)
#4 /var/www/html/server_4/public/index.php(45): CodeIgniter\CodeIgniter->run()
#5 {main}
INFO - 2020-08-19 06:54:03 --> Controller "App\Controllers\ExamsAssessmentOffline" loaded.
INFO - 2020-08-19 06:54:03 --> Fetching Offline Exam Details details
INFO - 2020-08-19 06:54:21 --> Controller "App\Controllers\Boards" loaded.
INFO - 2020-08-19 06:54:21 --> Fetching Boards details
INFO - 2020-08-19 06:54:21 --> Controller "App\Controllers\ClassDetails" loaded.
INFO - 2020-08-19 06:54:21 --> Controller "App\Controllers\ClassMasters" loaded.
INFO - 2020-08-19 06:54:21 --> Controller "App\Controllers\SubjectMasters" loaded.
INFO - 2020-08-19 06:54:21 --> Controller "App\Controllers\RoomMasters" loaded.
INFO - 2020-08-19 06:54:21 --> Fetching SubjectMasters details
INFO - 2020-08-19 06:54:21 --> Fetching Sections details
INFO - 2020-08-19 06:54:21 --> Controller "App\Controllers\ClassDetails" loaded.
INFO - 2020-08-19 06:54:22 --> Fetching Sections details
INFO - 2020-08-19 06:54:22 --> Controller "App\Controllers\Staffs" loaded.
INFO - 2020-08-19 06:54:22 --> Fetching All staff details
INFO - 2020-08-19 06:54:22 --> Controller "App\Controllers\Academicyears" loaded.
INFO - 2020-08-19 06:54:22 --> Fetching Academic year details
INFO - 2020-08-19 06:54:22 --> Controller "App\Controllers\ClassMasters" loaded.
INFO - 2020-08-19 06:54:22 --> Controller "App\Controllers\AcademicSettings" loaded.
INFO - 2020-08-19 06:54:22 --> Fetching Academic year details
INFO - 2020-08-19 06:54:22 --> Controller "App\Controllers\SubjectStandardRooms" loaded.
INFO - 2020-08-19 06:54:22 --> Fetching Subjects details
INFO - 2020-08-19 06:54:23 --> Controller "App\Controllers\RoomMasters" loaded.
INFO - 2020-08-19 06:54:23 --> Controller "App\Controllers\ClassMasters" loaded.
INFO - 2020-08-19 06:54:23 --> Controller "App\Controllers\ClassDetails" loaded.
INFO - 2020-08-19 06:54:23 --> Controller "App\Controllers\ClassDetails" loaded.
INFO - 2020-08-19 06:54:23 --> Controller "App\Controllers\ClassMasters" loaded.
INFO - 2020-08-19 06:54:23 --> Controller "App\Controllers\SubjectMasters" loaded.
INFO - 2020-08-19 06:54:23 --> Fetching SubjectMasters details
INFO - 2020-08-19 06:54:23 --> Fetching Sections details
INFO - 2020-08-19 06:54:23 --> Fetching class details
INFO - 2020-08-19 06:54:23 --> Fetching Sections details
INFO - 2020-08-19 06:54:23 --> Controller "App\Controllers\SubjectStandards" loaded.
INFO - 2020-08-19 06:54:23 --> Controller "App\Controllers\ClassMasters" loaded.
INFO - 2020-08-19 06:54:23 --> Fetching Subjects details
INFO - 2020-08-19 06:54:33 --> Controller "App\Controllers\Boards" loaded.
INFO - 2020-08-19 06:54:33 --> Fetching Boards details
INFO - 2020-08-19 06:54:34 --> Controller "App\Controllers\Sections" loaded.
INFO - 2020-08-19 06:54:34 --> Fetching Sections details
INFO - 2020-08-19 06:54:34 --> Controller "App\Controllers\Assignments" loaded.
INFO - 2020-08-19 06:54:34 --> Fetching Assignments Details details
INFO - 2020-08-19 06:54:34 --> Controller "App\Controllers\Academicyears" loaded.
INFO - 2020-08-19 06:54:34 --> Controller "App\Controllers\SubjectStandards" loaded.
INFO - 2020-08-19 06:54:34 --> Fetching Academic year details
INFO - 2020-08-19 06:54:34 --> Fetching Subjects details
INFO - 2020-08-19 06:54:34 --> Controller "App\Controllers\Assignments" loaded.
INFO - 2020-08-19 06:54:34 --> Fetching Assignments details
INFO - 2020-08-19 06:54:34 --> Controller "App\Controllers\Assignments" loaded.
INFO - 2020-08-19 06:54:34 --> Controller "App\Controllers\Assignments" loaded.
INFO - 2020-08-19 06:54:34 --> Fetching Assignments Id details
INFO - 2020-08-19 17:24:34 --> Fetching Assignments Mapped Id details
INFO - 2020-08-19 06:54:34 --> Controller "App\Controllers\Assignments" loaded.
INFO - 2020-08-19 06:54:34 --> Fetching Assignments Grade details
INFO - 2020-08-19 06:54:34 --> Controller "App\Controllers\Sections" loaded.
INFO - 2020-08-19 06:54:34 --> Fetching Sections details
INFO - 2020-08-19 06:54:34 --> Controller "App\Controllers\Assignments" loaded.
INFO - 2020-08-19 06:54:34 --> Fetching Assignments Details details
INFO - 2020-08-19 06:55:24 --> Controller "App\Controllers\Boards" loaded.
INFO - 2020-08-19 06:55:24 --> Fetching Boards details
INFO - 2020-08-19 06:55:24 --> Controller "App\Controllers\Sections" loaded.
INFO - 2020-08-19 06:55:24 --> Fetching Sections details
INFO - 2020-08-19 06:55:24 --> Controller "App\Controllers\SubjectStandards" loaded.
INFO - 2020-08-19 06:55:24 --> Fetching Subjects details
INFO - 2020-08-19 06:55:24 --> Controller "App\Controllers\Assignments" loaded.
INFO - 2020-08-19 06:55:24 --> Fetching Assignments Details details
INFO - 2020-08-19 06:55:24 --> Controller "App\Controllers\Assignments" loaded.
INFO - 2020-08-19 06:55:24 --> Controller "App\Controllers\Academicyears" loaded.
INFO - 2020-08-19 06:55:24 --> Fetching Academic year details
INFO - 2020-08-19 06:55:24 --> Fetching Assignments details
INFO - 2020-08-19 06:55:24 --> Controller "App\Controllers\Assignments" loaded.
INFO - 2020-08-19 06:55:24 --> Fetching Assignments Id details
INFO - 2020-08-19 06:55:24 --> Controller "App\Controllers\Assignments" loaded.
INFO - 2020-08-19 17:25:24 --> Fetching Assignments Mapped Id details
INFO - 2020-08-19 06:55:24 --> Controller "App\Controllers\Assignments" loaded.
INFO - 2020-08-19 06:55:24 --> Fetching Assignments Grade details
INFO - 2020-08-19 06:55:24 --> Controller "App\Controllers\Sections" loaded.
INFO - 2020-08-19 06:55:24 --> Fetching Sections details
INFO - 2020-08-19 06:55:24 --> Controller "App\Controllers\Assignments" loaded.
INFO - 2020-08-19 06:55:24 --> Fetching Assignments Details details
INFO - 2020-08-19 06:58:52 --> Controller "App\Controllers\Students" loaded.
INFO - 2020-08-19 06:58:52 --> Controller "App\Controllers\ExamDetails" loaded.
INFO - 2020-08-19 06:58:52 --> Fetching All Leave details
INFO - 2020-08-19 06:58:52 --> Controller "App\Controllers\ClassDetails" loaded.
INFO - 2020-08-19 06:58:52 --> Controller "App\Controllers\ExamDetails" loaded.
INFO - 2020-08-19 06:58:52 --> Fetching Sections details
INFO - 2020-08-19 06:58:52 --> Fetching Exam Details details
INFO - 2020-08-19 06:58:52 --> Fetching Circular Details details
INFO - 2020-08-19 06:58:52 --> Controller "App\Controllers\ExamsTimetable" loaded.
INFO - 2020-08-19 06:58:52 --> Fetching Exam Details details
INFO - 2020-08-19 06:58:58 --> Controller "App\Controllers\Sections" loaded.
INFO - 2020-08-19 06:58:58 --> Controller "App\Controllers\Assignments" loaded.
INFO - 2020-08-19 06:58:58 --> Controller "App\Controllers\SubjectStandards" loaded.
INFO - 2020-08-19 06:58:58 --> Fetching Subjects details
INFO - 2020-08-19 06:58:58 --> Controller "App\Controllers\Assignments" loaded.
INFO - 2020-08-19 06:58:58 --> Controller "App\Controllers\Academicyears" loaded.
INFO - 2020-08-19 06:58:58 --> Fetching Sections details
INFO - 2020-08-19 06:58:58 --> Controller "App\Controllers\Boards" loaded.
INFO - 2020-08-19 06:58:58 --> Fetching Academic year details
INFO - 2020-08-19 06:58:58 --> Fetching Boards details
INFO - 2020-08-19 06:58:58 --> Fetching Assignments details
INFO - 2020-08-19 06:58:58 --> Fetching Assignments Details details
INFO - 2020-08-19 06:58:58 --> Controller "App\Controllers\Assignments" loaded.
INFO - 2020-08-19 06:58:58 --> Fetching Assignments Id details
INFO - 2020-08-19 06:58:58 --> Controller "App\Controllers\Assignments" loaded.
INFO - 2020-08-19 06:58:58 --> Controller "App\Controllers\Assignments" loaded.
INFO - 2020-08-19 17:28:58 --> Fetching Assignments Mapped Id details
INFO - 2020-08-19 06:58:58 --> Fetching Assignments Grade details
INFO - 2020-08-19 06:58:59 --> Controller "App\Controllers\Sections" loaded.
INFO - 2020-08-19 06:58:59 --> Controller "App\Controllers\Assignments" loaded.
INFO - 2020-08-19 06:58:59 --> Fetching Assignments Details details
INFO - 2020-08-19 06:58:59 --> Fetching Sections details
INFO - 2020-08-19 07:01:33 --> Controller "App\Controllers\Staffs" loaded.
INFO - 2020-08-19 07:01:33 --> Fetching All Leave details
INFO - 2020-08-19 07:01:33 --> Controller "App\Controllers\SubjectStandards" loaded.
INFO - 2020-08-19 07:01:33 --> Fetching Subjects details
INFO - 2020-08-19 07:01:33 --> Controller "App\Controllers\Assignments" loaded.
INFO - 2020-08-19 07:01:33 --> Fetching Assignments details
INFO - 2020-08-19 07:01:33 --> Controller "App\Controllers\Staffs" loaded.
INFO - 2020-08-19 07:01:33 --> Fetching All Leave details
INFO - 2020-08-19 07:01:33 --> Controller "App\Controllers\SubjectStandards" loaded.
INFO - 2020-08-19 07:01:33 --> Fetching Subjects details
INFO - 2020-08-19 07:01:33 --> Controller "App\Controllers\Assignments" loaded.
INFO - 2020-08-19 07:01:33 --> Fetching Assignments details
INFO - 2020-08-19 07:02:39 --> Controller "App\Controllers\Boards" loaded.
INFO - 2020-08-19 07:02:40 --> Fetching Boards details
INFO - 2020-08-19 07:02:40 --> Controller "App\Controllers\Sections" loaded.
INFO - 2020-08-19 07:02:40 --> Fetching Sections details
INFO - 2020-08-19 07:02:40 --> Controller "App\Controllers\Assignments" loaded.
INFO - 2020-08-19 07:02:40 --> Fetching Assignments Details details
INFO - 2020-08-19 07:02:40 --> Controller "App\Controllers\SubjectStandards" loaded.
INFO - 2020-08-19 07:02:40 --> Fetching Subjects details
INFO - 2020-08-19 07:02:40 --> Controller "App\Controllers\Academicyears" loaded.
INFO - 2020-08-19 07:02:40 --> Fetching Academic year details
INFO - 2020-08-19 07:02:40 --> Controller "App\Controllers\Assignments" loaded.
INFO - 2020-08-19 07:02:40 --> Fetching Assignments details
INFO - 2020-08-19 07:02:40 --> Controller "App\Controllers\Assignments" loaded.
INFO - 2020-08-19 07:02:40 --> Fetching Assignments Id details
INFO - 2020-08-19 07:02:40 --> Controller "App\Controllers\Assignments" loaded.
INFO - 2020-08-19 17:32:40 --> Fetching Assignments Mapped Id details
INFO - 2020-08-19 07:02:40 --> Controller "App\Controllers\Assignments" loaded.
INFO - 2020-08-19 07:02:40 --> Fetching Assignments Grade details
INFO - 2020-08-19 07:02:40 --> Controller "App\Controllers\Sections" loaded.
INFO - 2020-08-19 07:02:40 --> Fetching Sections details
INFO - 2020-08-19 07:02:40 --> Controller "App\Controllers\Assignments" loaded.
INFO - 2020-08-19 07:02:40 --> Fetching Assignments Details details
INFO - 2020-08-19 07:03:05 --> Controller "App\Controllers\Assignments" loaded.
INFO - 2020-08-19 07:03:05 --> Fetching Assignments details
INFO - 2020-08-19 07:03:57 --> Controller "App\Controllers\Boards" loaded.
INFO - 2020-08-19 07:03:57 --> Controller "App\Controllers\Sections" loaded.
INFO - 2020-08-19 07:03:57 --> Controller "App\Controllers\Assignments" loaded.
INFO - 2020-08-19 07:03:57 --> Controller "App\Controllers\Academicyears" loaded.
INFO - 2020-08-19 07:03:57 --> Fetching Boards details
INFO - 2020-08-19 07:03:57 --> Controller "App\Controllers\SubjectStandards" loaded.
INFO - 2020-08-19 07:03:57 --> Fetching Assignments details
INFO - 2020-08-19 07:03:57 --> Fetching Academic year details
INFO - 2020-08-19 07:03:57 --> Fetching Subjects details
INFO - 2020-08-19 07:03:57 --> Fetching Sections details
INFO - 2020-08-19 07:03:57 --> Controller "App\Controllers\Assignments" loaded.
INFO - 2020-08-19 07:03:57 --> Fetching Assignments Details details
INFO - 2020-08-19 07:03:57 --> Controller "App\Controllers\Assignments" loaded.
INFO - 2020-08-19 07:03:57 --> Controller "App\Controllers\Assignments" loaded.
INFO - 2020-08-19 07:03:57 --> Fetching Assignments Id details
INFO - 2020-08-19 07:03:57 --> Controller "App\Controllers\Assignments" loaded.
INFO - 2020-08-19 17:33:57 --> Fetching Assignments Mapped Id details
INFO - 2020-08-19 07:03:57 --> Fetching Assignments Grade details
INFO - 2020-08-19 07:03:57 --> Controller "App\Controllers\Sections" loaded.
INFO - 2020-08-19 07:03:57 --> Controller "App\Controllers\Assignments" loaded.
INFO - 2020-08-19 07:03:57 --> Fetching Assignments Details details
INFO - 2020-08-19 07:03:57 --> Fetching Sections details
INFO - 2020-08-19 07:05:08 --> Controller "App\Controllers\Sections" loaded.
INFO - 2020-08-19 07:05:08 --> Controller "App\Controllers\Assignments" loaded.
INFO - 2020-08-19 07:05:08 --> Controller "App\Controllers\Academicyears" loaded.
INFO - 2020-08-19 07:05:08 --> Controller "App\Controllers\Boards" loaded.
INFO - 2020-08-19 07:05:08 --> Controller "App\Controllers\Assignments" loaded.
INFO - 2020-08-19 07:05:08 --> Fetching Academic year details
INFO - 2020-08-19 07:05:08 --> Fetching Assignments Details details
INFO - 2020-08-19 07:05:08 --> Fetching Boards details
INFO - 2020-08-19 07:05:08 --> Fetching Assignments details
INFO - 2020-08-19 07:05:08 --> Fetching Sections details
INFO - 2020-08-19 07:05:08 --> Controller "App\Controllers\SubjectStandards" loaded.
INFO - 2020-08-19 07:05:08 --> Fetching Subjects details
INFO - 2020-08-19 07:05:08 --> Controller "App\Controllers\Assignments" loaded.
INFO - 2020-08-19 07:05:08 --> Controller "App\Controllers\Assignments" loaded.
INFO - 2020-08-19 07:05:08 --> Fetching Assignments Id details
INFO - 2020-08-19 17:35:08 --> Fetching Assignments Mapped Id details
INFO - 2020-08-19 07:05:08 --> Controller "App\Controllers\Assignments" loaded.
INFO - 2020-08-19 07:05:08 --> Fetching Assignments Grade details
INFO - 2020-08-19 07:05:08 --> Controller "App\Controllers\Sections" loaded.
INFO - 2020-08-19 07:05:08 --> Controller "App\Controllers\Assignments" loaded.
INFO - 2020-08-19 07:05:08 --> Fetching Assignments Details details
INFO - 2020-08-19 07:05:08 --> Fetching Sections details
INFO - 2020-08-19 07:08:59 --> Controller "App\Controllers\Boards" loaded.
INFO - 2020-08-19 07:08:59 --> Controller "App\Controllers\Assignments" loaded.
INFO - 2020-08-19 07:08:59 --> Fetching Boards details
INFO - 2020-08-19 07:08:59 --> Controller "App\Controllers\Sections" loaded.
INFO - 2020-08-19 07:08:59 --> Controller "App\Controllers\Assignments" loaded.
INFO - 2020-08-19 07:08:59 --> Controller "App\Controllers\Academicyears" loaded.
INFO - 2020-08-19 07:08:59 --> Fetching Assignments details
INFO - 2020-08-19 07:08:59 --> Fetching Academic year details
INFO - 2020-08-19 07:08:59 --> Fetching Assignments Details details
INFO - 2020-08-19 07:08:59 --> Fetching Sections details
INFO - 2020-08-19 07:08:59 --> Controller "App\Controllers\SubjectStandards" loaded.
INFO - 2020-08-19 07:08:59 --> Fetching Subjects details
INFO - 2020-08-19 07:08:59 --> Controller "App\Controllers\Assignments" loaded.
INFO - 2020-08-19 07:08:59 --> Fetching Assignments Id details
INFO - 2020-08-19 07:08:59 --> Controller "App\Controllers\Assignments" loaded.
INFO - 2020-08-19 17:38:59 --> Fetching Assignments Mapped Id details
INFO - 2020-08-19 07:08:59 --> Controller "App\Controllers\Assignments" loaded.
INFO - 2020-08-19 07:08:59 --> Fetching Assignments Grade details
INFO - 2020-08-19 07:08:59 --> Controller "App\Controllers\Sections" loaded.
INFO - 2020-08-19 07:08:59 --> Controller "App\Controllers\Assignments" loaded.
INFO - 2020-08-19 07:08:59 --> Fetching Assignments Details details
INFO - 2020-08-19 07:08:59 --> Fetching Sections details
INFO - 2020-08-19 07:24:51 --> Controller "App\Controllers\SubjectStandards" loaded.
INFO - 2020-08-19 07:24:51 --> Controller "App\Controllers\Assignments" loaded.
INFO - 2020-08-19 07:24:51 --> Fetching Subjects details
INFO - 2020-08-19 07:24:51 --> Controller "App\Controllers\Sections" loaded.
INFO - 2020-08-19 07:24:51 --> Controller "App\Controllers\Boards" loaded.
INFO - 2020-08-19 07:24:51 --> Fetching Assignments Details details
INFO - 2020-08-19 07:24:51 --> Fetching Boards details
INFO - 2020-08-19 07:24:51 --> Controller "App\Controllers\Academicyears" loaded.
INFO - 2020-08-19 07:24:51 --> Controller "App\Controllers\Assignments" loaded.
INFO - 2020-08-19 07:24:51 --> Fetching Academic year details
INFO - 2020-08-19 07:24:51 --> Fetching Assignments details
INFO - 2020-08-19 07:24:51 --> Fetching Sections details
INFO - 2020-08-19 07:24:51 --> Controller "App\Controllers\Assignments" loaded.
INFO - 2020-08-19 07:24:51 --> Fetching Assignments Id details
INFO - 2020-08-19 07:24:51 --> Controller "App\Controllers\Assignments" loaded.
INFO - 2020-08-19 07:24:51 --> Fetching Assignments Grade details
INFO - 2020-08-19 07:24:51 --> Controller "App\Controllers\Assignments" loaded.
INFO - 2020-08-19 17:54:51 --> Fetching Assignments Mapped Id details
INFO - 2020-08-19 07:24:52 --> Controller "App\Controllers\Assignments" loaded.
INFO - 2020-08-19 07:24:52 --> Fetching Assignments Details details
INFO - 2020-08-19 07:24:52 --> Controller "App\Controllers\Sections" loaded.
INFO - 2020-08-19 07:24:52 --> Fetching Sections details
INFO - 2020-08-19 07:26:08 --> Controller "App\Controllers\Attendance" loaded.
INFO - 2020-08-19 07:26:08 --> Fetching Dashboard details
INFO - 2020-08-19 07:26:10 --> Controller "App\Controllers\Students" loaded.
INFO - 2020-08-19 07:26:10 --> Fetching All Leave details
INFO - 2020-08-19 07:26:10 --> Controller "App\Controllers\Staffs" loaded.
INFO - 2020-08-19 07:26:10 --> Fetching All staff details
INFO - 2020-08-19 07:26:10 --> Controller "App\Controllers\Attendance" loaded.
INFO - 2020-08-19 07:26:44 --> Controller "App\Controllers\Attendance" loaded.
INFO - 2020-08-19 07:26:44 --> Fetching Dashboard details
INFO - 2020-08-19 07:27:21 --> Controller "App\Controllers\Gallery" loaded.
INFO - 2020-08-19 07:27:21 --> Controller "App\Controllers\Gallery" loaded.
INFO - 2020-08-19 07:27:21 --> Fetching gallery details
INFO - 2020-08-19 07:27:21 --> Fetching Gallery Details details
INFO - 2020-08-19 07:32:53 --> Controller "App\Controllers\Gallery" loaded.
INFO - 2020-08-19 07:32:53 --> Fetching galleryIamge details
INFO - 2020-08-19 07:32:57 --> Controller "App\Controllers\Gallery" loaded.
INFO - 2020-08-19 07:32:57 --> Fetching galleryIamge details
INFO - 2020-08-19 07:42:37 --> Controller "App\Controllers\Boards" loaded.
INFO - 2020-08-19 07:42:37 --> Fetching Boards details
INFO - 2020-08-19 07:42:37 --> Controller "App\Controllers\Sections" loaded.
INFO - 2020-08-19 07:42:37 --> Fetching Sections details
INFO - 2020-08-19 07:42:37 --> Controller "App\Controllers\Assignments" loaded.
INFO - 2020-08-19 07:42:37 --> Fetching Assignments Details details
INFO - 2020-08-19 07:42:37 --> Controller "App\Controllers\Assignments" loaded.
INFO - 2020-08-19 07:42:37 --> Controller "App\Controllers\SubjectStandards" loaded.
INFO - 2020-08-19 07:42:37 --> Fetching Subjects details
INFO - 2020-08-19 07:42:37 --> Controller "App\Controllers\Academicyears" loaded.
INFO - 2020-08-19 07:42:37 --> Fetching Assignments details
INFO - 2020-08-19 07:42:37 --> Fetching Academic year details
INFO - 2020-08-19 07:42:37 --> Controller "App\Controllers\Assignments" loaded.
INFO - 2020-08-19 07:42:37 --> Fetching Assignments Id details
INFO - 2020-08-19 07:42:37 --> Controller "App\Controllers\Assignments" loaded.
INFO - 2020-08-19 18:12:37 --> Fetching Assignments Mapped Id details
INFO - 2020-08-19 07:42:37 --> Controller "App\Controllers\Assignments" loaded.
INFO - 2020-08-19 07:42:37 --> Controller "App\Controllers\Sections" loaded.
INFO - 2020-08-19 07:42:37 --> Controller "App\Controllers\Assignments" loaded.
INFO - 2020-08-19 07:42:37 --> Fetching Sections details
INFO - 2020-08-19 07:42:37 --> Fetching Assignments Grade details
INFO - 2020-08-19 07:42:37 --> Fetching Assignments Details details
INFO - 2020-08-19 08:13:35 --> Controller "App\Controllers\Boards" loaded.
INFO - 2020-08-19 08:13:35 --> Controller "App\Controllers\Assignments" loaded.
INFO - 2020-08-19 08:13:35 --> Fetching Boards details
INFO - 2020-08-19 08:13:35 --> Fetching Assignments Details details
INFO - 2020-08-19 08:13:35 --> Controller "App\Controllers\Sections" loaded.
INFO - 2020-08-19 08:13:35 --> Fetching Sections details
INFO - 2020-08-19 08:13:35 --> Controller "App\Controllers\SubjectStandards" loaded.
INFO - 2020-08-19 08:13:35 --> Controller "App\Controllers\Academicyears" loaded.
INFO - 2020-08-19 08:13:35 --> Fetching Subjects details
INFO - 2020-08-19 08:13:35 --> Fetching Academic year details
INFO - 2020-08-19 08:13:35 --> Controller "App\Controllers\Assignments" loaded.
INFO - 2020-08-19 08:13:35 --> Fetching Assignments details
INFO - 2020-08-19 08:13:35 --> Controller "App\Controllers\Assignments" loaded.
INFO - 2020-08-19 08:13:35 --> Controller "App\Controllers\Assignments" loaded.
INFO - 2020-08-19 18:43:35 --> Fetching Assignments Mapped Id details
INFO - 2020-08-19 08:13:35 --> Fetching Assignments Id details
INFO - 2020-08-19 08:13:35 --> Controller "App\Controllers\Assignments" loaded.
INFO - 2020-08-19 08:13:35 --> Controller "App\Controllers\Assignments" loaded.
INFO - 2020-08-19 08:13:35 --> Controller "App\Controllers\Sections" loaded.
INFO - 2020-08-19 08:13:35 --> Fetching Assignments Details details
INFO - 2020-08-19 08:13:35 --> Fetching Assignments Grade details
INFO - 2020-08-19 08:13:35 --> Fetching Sections details
INFO - 2020-08-19 08:58:37 --> Controller "App\Controllers\ExamsOnline" loaded.
INFO - 2020-08-19 08:58:37 --> Fetching Online Exam Details details
INFO - 2020-08-19 08:58:50 --> Controller "App\Controllers\ExamsOnline" loaded.
INFO - 2020-08-19 08:58:50 --> Fetching Online Exam Details details
INFO - 2020-08-19 08:59:40 --> Controller "App\Controllers\ExamsOnline" loaded.
INFO - 2020-08-19 08:59:40 --> Fetching Online Exam Details details
INFO - 2020-08-19 09:01:02 --> Controller "App\Controllers\SubjectStandards" loaded.
INFO - 2020-08-19 09:01:02 --> Controller "App\Controllers\Sections" loaded.
INFO - 2020-08-19 09:01:02 --> Controller "App\Controllers\Boards" loaded.
INFO - 2020-08-19 09:01:02 --> Controller "App\Controllers\Assignments" loaded.
INFO - 2020-08-19 09:01:02 --> Fetching Boards details
INFO - 2020-08-19 09:01:02 --> Controller "App\Controllers\Assignments" loaded.
INFO - 2020-08-19 09:01:02 --> Fetching Sections details
INFO - 2020-08-19 09:01:02 --> Fetching Subjects details
INFO - 2020-08-19 09:01:02 --> Fetching Assignments details
INFO - 2020-08-19 09:01:02 --> Fetching Assignments Details details
INFO - 2020-08-19 09:01:02 --> Controller "App\Controllers\Academicyears" loaded.
INFO - 2020-08-19 09:01:02 --> Fetching Academic year details
INFO - 2020-08-19 09:01:02 --> Controller "App\Controllers\Assignments" loaded.
INFO - 2020-08-19 09:01:02 --> Controller "App\Controllers\Assignments" loaded.
INFO - 2020-08-19 09:01:02 --> Fetching Assignments Id details
INFO - 2020-08-19 09:01:02 --> Controller "App\Controllers\Assignments" loaded.
INFO - 2020-08-19 19:31:02 --> Fetching Assignments Mapped Id details
INFO - 2020-08-19 09:01:02 --> Fetching Assignments Grade details
INFO - 2020-08-19 09:01:02 --> Controller "App\Controllers\Assignments" loaded.
INFO - 2020-08-19 09:01:02 --> Fetching Assignments Details details
INFO - 2020-08-19 09:01:02 --> Controller "App\Controllers\Sections" loaded.
INFO - 2020-08-19 09:01:02 --> Fetching Sections details
INFO - 2020-08-19 09:03:28 --> Controller "App\Controllers\Boards" loaded.
INFO - 2020-08-19 09:03:28 --> Controller "App\Controllers\Assignments" loaded.
INFO - 2020-08-19 09:03:28 --> Fetching Boards details
INFO - 2020-08-19 09:03:28 --> Fetching Assignments Details details
INFO - 2020-08-19 09:03:28 --> Controller "App\Controllers\Sections" loaded.
INFO - 2020-08-19 09:03:28 --> Controller "App\Controllers\Academicyears" loaded.
INFO - 2020-08-19 09:03:28 --> Fetching Sections details
INFO - 2020-08-19 09:03:28 --> Controller "App\Controllers\SubjectStandards" loaded.
INFO - 2020-08-19 09:03:28 --> Fetching Academic year details
INFO - 2020-08-19 09:03:28 --> Fetching Subjects details
INFO - 2020-08-19 09:03:28 --> Controller "App\Controllers\Assignments" loaded.
INFO - 2020-08-19 09:03:28 --> Fetching Assignments details
INFO - 2020-08-19 09:03:28 --> Controller "App\Controllers\Assignments" loaded.
INFO - 2020-08-19 09:03:28 --> Fetching Assignments Id details
INFO - 2020-08-19 09:03:28 --> Controller "App\Controllers\Assignments" loaded.
INFO - 2020-08-19 09:03:28 --> Controller "App\Controllers\Assignments" loaded.
INFO - 2020-08-19 09:03:28 --> Fetching Assignments Grade details
INFO - 2020-08-19 19:33:28 --> Fetching Assignments Mapped Id details
INFO - 2020-08-19 09:03:28 --> Controller "App\Controllers\Sections" loaded.
INFO - 2020-08-19 09:03:28 --> Controller "App\Controllers\Assignments" loaded.
INFO - 2020-08-19 09:03:28 --> Fetching Assignments Details details
INFO - 2020-08-19 09:03:28 --> Fetching Sections details
INFO - 2020-08-19 09:03:59 --> Controller "App\Controllers\Assignments" loaded.
INFO - 2020-08-19 09:03:59 --> Controller "App\Controllers\Sections" loaded.
INFO - 2020-08-19 09:03:59 --> Fetching Assignments details
INFO - 2020-08-19 09:03:59 --> Fetching Sections details
INFO - 2020-08-19 09:03:59 --> Controller "App\Controllers\Students" loaded.
INFO - 2020-08-19 09:03:59 --> Fetching All Leave details
INFO - 2020-08-19 09:04:40 --> Controller "App\Controllers\Sections" loaded.
INFO - 2020-08-19 09:04:40 --> Controller "App\Controllers\Students" loaded.
INFO - 2020-08-19 09:04:40 --> Fetching Sections details
INFO - 2020-08-19 09:04:40 --> Fetching All Leave details
INFO - 2020-08-19 09:04:40 --> Controller "App\Controllers\Assignments" loaded.
INFO - 2020-08-19 09:04:40 --> Fetching Assignments details
INFO - 2020-08-19 09:04:47 --> Controller "App\Controllers\Boards" loaded.
INFO - 2020-08-19 09:04:47 --> Controller "App\Controllers\Sections" loaded.
INFO - 2020-08-19 09:04:47 --> Fetching Boards details
INFO - 2020-08-19 09:04:47 --> Fetching Sections details
INFO - 2020-08-19 09:04:47 --> Controller "App\Controllers\Assignments" loaded.
INFO - 2020-08-19 09:04:47 --> Controller "App\Controllers\SubjectStandards" loaded.
INFO - 2020-08-19 09:04:47 --> Fetching Assignments Details details
INFO - 2020-08-19 09:04:47 --> Fetching Subjects details
INFO - 2020-08-19 09:04:47 --> Controller "App\Controllers\Assignments" loaded.
INFO - 2020-08-19 09:04:47 --> Controller "App\Controllers\Academicyears" loaded.
INFO - 2020-08-19 09:04:47 --> Fetching Academic year details
INFO - 2020-08-19 09:04:47 --> Fetching Assignments details
INFO - 2020-08-19 09:04:47 --> Controller "App\Controllers\Assignments" loaded.
INFO - 2020-08-19 09:04:47 --> Controller "App\Controllers\Assignments" loaded.
INFO - 2020-08-19 19:34:47 --> Fetching Assignments Mapped Id details
INFO - 2020-08-19 09:04:47 --> Fetching Assignments Id details
INFO - 2020-08-19 09:04:47 --> Controller "App\Controllers\Assignments" loaded.
INFO - 2020-08-19 09:04:47 --> Fetching Assignments Grade details
INFO - 2020-08-19 09:04:47 --> Controller "App\Controllers\Sections" loaded.
INFO - 2020-08-19 09:04:47 --> Fetching Sections details
INFO - 2020-08-19 09:04:47 --> Controller "App\Controllers\Assignments" loaded.
INFO - 2020-08-19 09:04:47 --> Fetching Assignments Details details
INFO - 2020-08-19 09:13:53 --> Controller "App\Controllers\Boards" loaded.
INFO - 2020-08-19 09:13:53 --> Fetching Boards details
INFO - 2020-08-19 09:13:53 --> Controller "App\Controllers\Assignments" loaded.
INFO - 2020-08-19 09:13:53 --> Controller "App\Controllers\Academicyears" loaded.
INFO - 2020-08-19 09:13:53 --> Controller "App\Controllers\Sections" loaded.
INFO - 2020-08-19 09:13:53 --> Controller "App\Controllers\SubjectStandards" loaded.
INFO - 2020-08-19 09:13:53 --> Fetching Academic year details
INFO - 2020-08-19 09:13:53 --> Fetching Subjects details
INFO - 2020-08-19 09:13:53 --> Fetching Assignments Details details
INFO - 2020-08-19 09:13:53 --> Fetching Sections details
INFO - 2020-08-19 09:13:53 --> Controller "App\Controllers\Assignments" loaded.
INFO - 2020-08-19 09:13:53 --> Fetching Assignments details
INFO - 2020-08-19 09:13:53 --> Controller "App\Controllers\Assignments" loaded.
INFO - 2020-08-19 09:13:53 --> Fetching Assignments Id details
INFO - 2020-08-19 09:13:53 --> Controller "App\Controllers\Assignments" loaded.
INFO - 2020-08-19 09:13:53 --> Controller "App\Controllers\Assignments" loaded.
INFO - 2020-08-19 09:13:53 --> Fetching Assignments Grade details
INFO - 2020-08-19 19:43:53 --> Fetching Assignments Mapped Id details
INFO - 2020-08-19 09:13:53 --> Controller "App\Controllers\Sections" loaded.
INFO - 2020-08-19 09:13:53 --> Controller "App\Controllers\Assignments" loaded.
INFO - 2020-08-19 09:13:53 --> Fetching Assignments Details details
INFO - 2020-08-19 09:13:53 --> Fetching Sections details
INFO - 2020-08-19 09:53:05 --> Controller "App\Controllers\ClassDetails" loaded.
INFO - 2020-08-19 09:53:05 --> Fetching Sections details
INFO - 2020-08-19 09:58:34 --> Controller "App\Controllers\ClassDetails" loaded.
CRITICAL - 2020-08-19 09:58:34 --> Cannot redeclare App\Models\ClassDetails_model::getOfflineExamsAssessmentDetails()
#0 [internal function]: CodeIgniter\Debug\Exceptions->shutdownHandler()
#1 {main}
INFO - 2020-08-19 09:59:57 --> Controller "App\Controllers\ClassDetails" loaded.
INFO - 2020-08-19 09:59:57 --> Fetching Sections details
INFO - 2020-08-19 23:38:08 --> Controller "App\Controllers\Users" loaded.
INFO - 2020-08-19 23:38:08 --> Fetching Users details
INFO - 2020-08-19 23:38:13 --> Controller "App\Controllers\Users" loaded.
INFO - 2020-08-19 23:38:13 --> Fetching Users details
INFO - 2020-08-19 23:38:19 --> Controller "App\Controllers\Attendance" loaded.
INFO - 2020-08-19 23:38:19 --> Fetching Dashboard details
INFO - 2020-08-19 23:38:21 --> Controller "App\Controllers\Students" loaded.
INFO - 2020-08-19 23:38:21 --> Fetching All Leave details
INFO - 2020-08-19 23:38:22 --> Controller "App\Controllers\Staffs" loaded.
INFO - 2020-08-19 23:38:22 --> Controller "App\Controllers\Attendance" loaded.
INFO - 2020-08-19 23:38:22 --> Fetching All staff details
INFO - 2020-08-19 23:38:36 --> Controller "App\Controllers\AttendanceDetails" loaded.
INFO - 2020-08-19 23:38:36 --> Fetching Attendance details
INFO - 2020-08-19 23:44:10 --> Controller "App\Controllers\AttendanceDetails" loaded.
INFO - 2020-08-19 23:44:10 --> Fetching Attendance details
INFO - 2020-08-19 23:44:26 --> Controller "App\Controllers\AttendanceDetails" loaded.
INFO - 2020-08-19 23:44:26 --> Fetching Attendance details
INFO - 2020-08-19 23:47:14 --> Controller "App\Controllers\AttendanceDetails" loaded.
INFO - 2020-08-19 23:47:14 --> Fetching Attendance details
INFO - 2020-08-19 23:47:33 --> Controller "App\Controllers\AttendanceDetails" loaded.
INFO - 2020-08-19 23:47:33 --> Fetching Attendance details
INFO - 2020-08-19 23:48:24 --> Controller "App\Controllers\AttendanceDetails" loaded.
INFO - 2020-08-19 23:48:24 --> Fetching Attendance details
INFO - 2020-08-19 23:48:30 --> Controller "App\Controllers\Attendance" loaded.
INFO - 2020-08-19 23:48:30 --> Controller "App\Controllers\Staffs" loaded.
INFO - 2020-08-19 23:48:30 --> Controller "App\Controllers\Students" loaded.
INFO - 2020-08-19 23:48:30 --> Fetching All staff details
INFO - 2020-08-19 23:48:30 --> Fetching All Leave details
INFO - 2020-08-19 23:48:33 --> Controller "App\Controllers\AttendanceDetails" loaded.
INFO - 2020-08-19 23:48:33 --> Fetching Attendance details
INFO - 2020-08-19 23:52:37 --> Controller "App\Controllers\Students" loaded.
INFO - 2020-08-19 23:52:37 --> Controller "App\Controllers\Attendance" loaded.
INFO - 2020-08-19 23:52:37 --> Controller "App\Controllers\Staffs" loaded.
INFO - 2020-08-19 23:52:37 --> Fetching All Leave details
INFO - 2020-08-19 23:52:37 --> Fetching All staff details
INFO - 2020-08-19 23:52:49 --> Controller "App\Controllers\AttendanceDetails" loaded.
INFO - 2020-08-19 23:52:49 --> Fetching Attendance details
INFO - 2020-08-19 23:53:01 --> Controller "App\Controllers\AttendanceDetails" loaded.
INFO - 2020-08-19 23:53:01 --> Fetching Attendance details
INFO - 2020-08-19 23:53:06 --> Controller "App\Controllers\Students" loaded.
INFO - 2020-08-19 23:53:06 --> Fetching All Leave details
INFO - 2020-08-19 23:53:06 --> Controller "App\Controllers\Staffs" loaded.
INFO - 2020-08-19 23:53:06 --> Controller "App\Controllers\Attendance" loaded.
INFO - 2020-08-19 23:53:06 --> Fetching All staff details
INFO - 2020-08-19 23:53:42 --> Controller "App\Controllers\Staffs" loaded.
INFO - 2020-08-19 23:53:42 --> Controller "App\Controllers\Attendance" loaded.
INFO - 2020-08-19 23:53:42 --> Controller "App\Controllers\Students" loaded.
INFO - 2020-08-19 23:53:42 --> Fetching All staff details
INFO - 2020-08-19 23:53:42 --> Fetching All Leave details
INFO - 2020-08-19 23:53:52 --> Controller "App\Controllers\AttendanceDetails" loaded.
INFO - 2020-08-19 23:53:52 --> Fetching Attendance details
INFO - 2020-08-19 23:54:15 --> Controller "App\Controllers\AttendanceDetails" loaded.
INFO - 2020-08-19 23:54:15 --> Fetching Attendance details
INFO - 2020-08-19 23:59:46 --> Controller "App\Controllers\Students" loaded.
INFO - 2020-08-19 23:59:46 --> Fetching All Leave details
INFO - 2020-08-19 23:59:46 --> Controller "App\Controllers\Staffs" loaded.
INFO - 2020-08-19 23:59:46 --> Fetching All staff details
INFO - 2020-08-19 23:59:46 --> Controller "App\Controllers\Attendance" loaded.
INFO - 2020-08-19 23:59:57 --> Controller "App\Controllers\AttendanceDetails" loaded.
INFO - 2020-08-19 23:59:57 --> Fetching Attendance details
