INFO - 2021-02-02 09:33:12 --> Controller "App\Controllers\Dashboards" loaded.
INFO - 2021-02-02 09:33:12 --> Fetching Dashboard details
INFO - 2021-02-02 10:01:06 --> Controller "App\Controllers\Users" loaded.
INFO - 2021-02-02 10:01:08 --> Controller "App\Controllers\Users" loaded.
INFO - 2021-02-02 10:01:34 --> Controller "App\Controllers\Users" loaded.
INFO - 2021-02-02 10:16:33 --> Controller "App\Controllers\Dashboards" loaded.
INFO - 2021-02-02 10:16:33 --> Fetching Dashboard details
INFO - 2021-02-02 10:18:49 --> Controller "App\Controllers\Dashboards" loaded.
INFO - 2021-02-02 10:18:49 --> Fetching Dashboard details
INFO - 2021-02-02 10:20:10 --> Controller "App\Controllers\Dashboards" loaded.
INFO - 2021-02-02 10:20:10 --> Fetching Dashboard details
INFO - 2021-02-02 10:22:10 --> Controller "App\Controllers\Dashboards" loaded.
INFO - 2021-02-02 10:22:10 --> Fetching Dashboard details
INFO - 2021-02-02 10:28:59 --> Controller "App\Controllers\Dashboards" loaded.
INFO - 2021-02-02 10:28:59 --> Fetching Dashboard details
INFO - 2021-02-02 10:31:36 --> Controller "App\Controllers\Dashboards" loaded.
INFO - 2021-02-02 10:31:36 --> Fetching Dashboard details
INFO - 2021-02-02 10:36:49 --> Controller "App\Controllers\Dashboards" loaded.
INFO - 2021-02-02 10:36:49 --> Fetching Dashboard details
INFO - 2021-02-02 10:38:32 --> Controller "App\Controllers\Dashboards" loaded.
INFO - 2021-02-02 10:38:32 --> Fetching Dashboard details
INFO - 2021-02-02 10:55:22 --> Controller "App\Controllers\Dashboards" loaded.
INFO - 2021-02-02 10:55:22 --> Fetching Dashboard details
INFO - 2021-02-02 10:57:07 --> Controller "App\Controllers\Dashboards" loaded.
INFO - 2021-02-02 10:57:07 --> Fetching Dashboard details
INFO - 2021-02-02 10:58:16 --> Controller "App\Controllers\Dashboards" loaded.
INFO - 2021-02-02 10:58:16 --> Fetching Dashboard details
INFO - 2021-02-02 11:11:44 --> Controller "App\Controllers\Dashboards" loaded.
INFO - 2021-02-02 11:11:44 --> Fetching Dashboard details
INFO - 2021-02-02 11:13:08 --> Controller "App\Controllers\Dashboards" loaded.
INFO - 2021-02-02 11:13:08 --> Fetching Dashboard details
INFO - 2021-02-02 11:15:26 --> Controller "App\Controllers\Dashboards" loaded.
INFO - 2021-02-02 11:15:26 --> Fetching Dashboard details
INFO - 2021-02-02 11:22:38 --> Controller "App\Controllers\Dashboards" loaded.
INFO - 2021-02-02 11:22:38 --> Fetching Dashboard details
INFO - 2021-02-02 11:23:12 --> Controller "App\Controllers\Dashboards" loaded.
INFO - 2021-02-02 11:23:12 --> Fetching Dashboard details
INFO - 2021-02-02 11:23:48 --> Controller "App\Controllers\Dashboards" loaded.
INFO - 2021-02-02 11:23:48 --> Fetching Dashboard details
INFO - 2021-02-02 11:25:25 --> Controller "App\Controllers\Dashboards" loaded.
INFO - 2021-02-02 11:25:25 --> Fetching Dashboard details
INFO - 2021-02-02 11:41:41 --> Controller "App\Controllers\Dashboards" loaded.
INFO - 2021-02-02 11:41:41 --> Fetching Dashboard details
INFO - 2021-02-02 11:42:16 --> Controller "App\Controllers\Dashboards" loaded.
INFO - 2021-02-02 11:42:16 --> Fetching Dashboard details
INFO - 2021-02-02 11:52:44 --> Controller "App\Controllers\Dashboards" loaded.
INFO - 2021-02-02 11:52:44 --> Fetching Dashboard details
INFO - 2021-02-02 11:55:42 --> Controller "App\Controllers\Dashboards" loaded.
INFO - 2021-02-02 11:55:42 --> Fetching Dashboard details
INFO - 2021-02-02 11:56:15 --> Controller "App\Controllers\Dashboards" loaded.
INFO - 2021-02-02 11:56:15 --> Fetching Dashboard details
INFO - 2021-02-02 11:57:47 --> Controller "App\Controllers\Dashboards" loaded.
INFO - 2021-02-02 11:57:47 --> Fetching Dashboard details
INFO - 2021-02-02 11:59:36 --> Controller "App\Controllers\Dashboards" loaded.
INFO - 2021-02-02 11:59:36 --> Fetching Dashboard details
INFO - 2021-02-02 12:02:48 --> Controller "App\Controllers\Dashboards" loaded.
INFO - 2021-02-02 12:02:48 --> Fetching Dashboard details
INFO - 2021-02-02 12:06:27 --> Controller "App\Controllers\Dashboards" loaded.
INFO - 2021-02-02 12:06:27 --> Fetching Dashboard details
INFO - 2021-02-02 12:07:28 --> Controller "App\Controllers\Dashboards" loaded.
INFO - 2021-02-02 12:07:28 --> Fetching Dashboard details
INFO - 2021-02-02 12:07:54 --> Controller "App\Controllers\Dashboards" loaded.
INFO - 2021-02-02 12:07:54 --> Fetching Dashboard details
INFO - 2021-02-02 12:08:39 --> Controller "App\Controllers\Dashboards" loaded.
INFO - 2021-02-02 12:08:39 --> Fetching Dashboard details
INFO - 2021-02-02 12:16:36 --> Controller "App\Controllers\Dashboards" loaded.
INFO - 2021-02-02 12:16:36 --> Fetching Dashboard details
INFO - 2021-02-02 12:17:06 --> Controller "App\Controllers\Dashboards" loaded.
INFO - 2021-02-02 12:17:06 --> Fetching Dashboard details
INFO - 2021-02-02 12:23:30 --> Controller "App\Controllers\Dashboards" loaded.
INFO - 2021-02-02 12:23:30 --> Fetching Dashboard details
INFO - 2021-02-02 12:25:18 --> Controller "App\Controllers\Dashboards" loaded.
INFO - 2021-02-02 12:25:18 --> Fetching Dashboard details
INFO - 2021-02-02 12:34:20 --> Controller "App\Controllers\Dashboards" loaded.
INFO - 2021-02-02 12:34:20 --> Fetching Dashboard details
INFO - 2021-02-02 12:40:19 --> Controller "App\Controllers\Dashboards" loaded.
INFO - 2021-02-02 12:40:19 --> Fetching Dashboard details
INFO - 2021-02-02 12:45:47 --> Controller "App\Controllers\Dashboards" loaded.
INFO - 2021-02-02 12:45:47 --> Fetching Dashboard details
INFO - 2021-02-02 12:48:07 --> Controller "App\Controllers\Dashboards" loaded.
INFO - 2021-02-02 12:48:07 --> Fetching Dashboard details
INFO - 2021-02-02 12:56:11 --> Controller "App\Controllers\Dashboards" loaded.
INFO - 2021-02-02 12:56:11 --> Fetching Dashboard details
INFO - 2021-02-02 12:57:36 --> Controller "App\Controllers\Dashboards" loaded.
INFO - 2021-02-02 12:57:36 --> Fetching Dashboard details
INFO - 2021-02-02 12:59:04 --> Controller "App\Controllers\Dashboards" loaded.
INFO - 2021-02-02 12:59:04 --> Fetching Dashboard details
INFO - 2021-02-02 13:00:19 --> Controller "App\Controllers\Dashboards" loaded.
INFO - 2021-02-02 13:00:19 --> Fetching Dashboard details
INFO - 2021-02-02 13:05:51 --> Controller "App\Controllers\Dashboards" loaded.
INFO - 2021-02-02 13:05:51 --> Fetching Dashboard details
INFO - 2021-02-02 13:08:26 --> Controller "App\Controllers\Dashboards" loaded.
INFO - 2021-02-02 13:08:26 --> Fetching Dashboard details
INFO - 2021-02-02 13:09:44 --> Controller "App\Controllers\Dashboards" loaded.
INFO - 2021-02-02 13:09:44 --> Fetching Dashboard details
INFO - 2021-02-02 14:49:23 --> Controller "App\Controllers\Dashboards" loaded.
INFO - 2021-02-02 14:49:23 --> Fetching Dashboard details
INFO - 2021-02-02 14:54:59 --> Controller "App\Controllers\Dashboards" loaded.
INFO - 2021-02-02 14:54:59 --> Fetching Dashboard details
INFO - 2021-02-02 14:57:26 --> Controller "App\Controllers\Dashboards" loaded.
INFO - 2021-02-02 14:57:26 --> Fetching Dashboard details
INFO - 2021-02-02 15:00:14 --> Controller "App\Controllers\Dashboards" loaded.
INFO - 2021-02-02 15:00:14 --> Fetching Dashboard details
INFO - 2021-02-02 15:02:08 --> Controller "App\Controllers\Dashboards" loaded.
INFO - 2021-02-02 15:02:08 --> Fetching Dashboard details
INFO - 2021-02-02 15:02:26 --> Controller "App\Controllers\Dashboards" loaded.
INFO - 2021-02-02 15:02:26 --> Fetching Dashboard details
INFO - 2021-02-02 15:02:28 --> Controller "App\Controllers\InstituteDetails" loaded.
INFO - 2021-02-02 15:02:28 --> Fetching IIQA Details
INFO - 2021-02-02 15:02:30 --> Controller "App\Controllers\Leads" loaded.
INFO - 2021-02-02 15:02:30 --> Fetching IIQA Details
INFO - 2021-02-02 15:02:30 --> Controller "App\Controllers\InstituteDetails" loaded.
INFO - 2021-02-02 15:02:30 --> Fetching IIQA Details
INFO - 2021-02-02 15:02:36 --> Controller "App\Controllers\InstituteDetails" loaded.
INFO - 2021-02-02 15:02:36 --> Fetching IIQA Details
INFO - 2021-02-02 15:03:16 --> Controller "App\Controllers\Dashboards" loaded.
INFO - 2021-02-02 15:03:16 --> Fetching Dashboard details
INFO - 2021-02-02 15:09:00 --> Controller "App\Controllers\Dashboards" loaded.
INFO - 2021-02-02 15:09:00 --> Fetching Dashboard details
INFO - 2021-02-02 15:15:25 --> Controller "App\Controllers\Dashboards" loaded.
INFO - 2021-02-02 15:15:25 --> Fetching Dashboard details
INFO - 2021-02-02 15:20:16 --> Controller "App\Controllers\Dashboards" loaded.
INFO - 2021-02-02 15:20:16 --> Fetching Dashboard details
INFO - 2021-02-02 15:23:48 --> Controller "App\Controllers\Dashboards" loaded.
INFO - 2021-02-02 15:23:48 --> Fetching Dashboard details
INFO - 2021-02-02 15:27:59 --> Controller "App\Controllers\Dashboards" loaded.
INFO - 2021-02-02 15:27:59 --> Fetching Dashboard details
INFO - 2021-02-02 15:29:20 --> Controller "App\Controllers\Dashboards" loaded.
INFO - 2021-02-02 15:29:20 --> Fetching Dashboard details
INFO - 2021-02-02 15:33:28 --> Controller "App\Controllers\Dashboards" loaded.
INFO - 2021-02-02 15:33:28 --> Fetching Dashboard details
INFO - 2021-02-02 15:36:04 --> Controller "App\Controllers\Dashboards" loaded.
INFO - 2021-02-02 15:36:04 --> Fetching Dashboard details
INFO - 2021-02-02 15:37:55 --> Controller "App\Controllers\Dashboards" loaded.
INFO - 2021-02-02 15:37:55 --> Fetching Dashboard details
INFO - 2021-02-02 15:38:19 --> Controller "App\Controllers\Dashboards" loaded.
INFO - 2021-02-02 15:38:19 --> Fetching Dashboard details
INFO - 2021-02-02 15:38:23 --> Controller "App\Controllers\InstituteDetails" loaded.
INFO - 2021-02-02 15:38:23 --> Fetching IIQA Details
INFO - 2021-02-02 15:38:25 --> Controller "App\Controllers\Leads" loaded.
INFO - 2021-02-02 15:38:25 --> Fetching IIQA Details
INFO - 2021-02-02 15:38:25 --> Controller "App\Controllers\InstituteDetails" loaded.
INFO - 2021-02-02 15:38:25 --> Fetching IIQA Details
INFO - 2021-02-02 15:39:05 --> Controller "App\Controllers\InstitutePricingHistory" loaded.
INFO - 2021-02-02 15:39:05 --> Fetching IIQA Details
INFO - 2021-02-02 15:39:17 --> Controller "App\Controllers\Dashboards" loaded.
INFO - 2021-02-02 15:39:17 --> Fetching Dashboard details
INFO - 2021-02-02 15:39:17 --> Controller "App\Controllers\SchedulePlanner" loaded.
INFO - 2021-02-02 15:39:17 --> Fetching IIQA Details
INFO - 2021-02-02 15:39:19 --> Controller "App\Controllers\SchedulePlanner" loaded.
INFO - 2021-02-02 15:39:19 --> Fetching IIQA Details
INFO - 2021-02-02 15:39:19 --> Controller "App\Controllers\InstituteDetails" loaded.
INFO - 2021-02-02 15:39:19 --> Fetching IIQA Details
INFO - 2021-02-02 15:39:21 --> Controller "App\Controllers\SchedulePlanner" loaded.
INFO - 2021-02-02 15:39:21 --> Fetching IIQA Details
INFO - 2021-02-02 15:39:25 --> Controller "App\Controllers\SchedulePlanner" loaded.
INFO - 2021-02-02 15:39:25 --> Fetching IIQA Details
INFO - 2021-02-02 15:39:25 --> Controller "App\Controllers\SchedulePlanner" loaded.
INFO - 2021-02-02 15:39:25 --> Fetching IIQA Details
INFO - 2021-02-02 15:39:30 --> Controller "App\Controllers\SchedulePlanner" loaded.
INFO - 2021-02-02 15:39:30 --> Fetching IIQA Details
INFO - 2021-02-02 15:39:30 --> Controller "App\Controllers\SchedulePlanner" loaded.
INFO - 2021-02-02 15:39:30 --> Controller "App\Controllers\InstituteDetails" loaded.
INFO - 2021-02-02 15:39:30 --> Controller "App\Controllers\EmployeeDetails" loaded.
INFO - 2021-02-02 15:39:30 --> Fetching IIQA Details
INFO - 2021-02-02 15:39:30 --> Fetching IIQA Details
INFO - 2021-02-02 15:39:30 --> Controller "App\Controllers\Status" loaded.
INFO - 2021-02-02 15:39:30 --> Fetching IIQA Details
INFO - 2021-02-02 15:39:38 --> Controller "App\Controllers\PricingHistory" loaded.
INFO - 2021-02-02 15:39:38 --> Fetching IIQA Details
INFO - 2021-02-02 15:39:41 --> Controller "App\Controllers\Dashboards" loaded.
INFO - 2021-02-02 15:39:41 --> Fetching Dashboard details
INFO - 2021-02-02 15:39:41 --> Controller "App\Controllers\SchedulePlanner" loaded.
INFO - 2021-02-02 15:39:41 --> Fetching IIQA Details
INFO - 2021-02-02 15:40:45 --> Controller "App\Controllers\Dashboards" loaded.
INFO - 2021-02-02 15:40:45 --> Fetching Dashboard details
INFO - 2021-02-02 15:40:48 --> Controller "App\Controllers\Dashboards" loaded.
INFO - 2021-02-02 15:40:48 --> Fetching Dashboard details
INFO - 2021-02-02 15:42:49 --> Controller "App\Controllers\Dashboards" loaded.
INFO - 2021-02-02 15:42:49 --> Fetching Dashboard details
INFO - 2021-02-02 15:45:33 --> Controller "App\Controllers\Dashboards" loaded.
INFO - 2021-02-02 15:45:33 --> Fetching Dashboard details
INFO - 2021-02-02 15:49:07 --> Controller "App\Controllers\Dashboards" loaded.
INFO - 2021-02-02 15:49:07 --> Fetching Dashboard details
INFO - 2021-02-02 15:49:45 --> Controller "App\Controllers\Dashboards" loaded.
INFO - 2021-02-02 15:49:45 --> Fetching Dashboard details
INFO - 2021-02-02 15:50:33 --> Controller "App\Controllers\Dashboards" loaded.
INFO - 2021-02-02 15:50:33 --> Fetching Dashboard details
INFO - 2021-02-02 15:55:54 --> Controller "App\Controllers\Dashboards" loaded.
INFO - 2021-02-02 15:55:54 --> Fetching Dashboard details
INFO - 2021-02-02 15:59:10 --> Controller "App\Controllers\Dashboards" loaded.
INFO - 2021-02-02 15:59:10 --> Fetching Dashboard details
INFO - 2021-02-02 15:59:54 --> Controller "App\Controllers\Dashboards" loaded.
INFO - 2021-02-02 15:59:54 --> Fetching Dashboard details
INFO - 2021-02-02 16:01:02 --> Controller "App\Controllers\Dashboards" loaded.
INFO - 2021-02-02 16:01:02 --> Fetching Dashboard details
INFO - 2021-02-02 16:02:42 --> Controller "App\Controllers\Dashboards" loaded.
INFO - 2021-02-02 16:02:42 --> Fetching Dashboard details
INFO - 2021-02-02 16:04:12 --> Controller "App\Controllers\Dashboards" loaded.
INFO - 2021-02-02 16:04:12 --> Fetching Dashboard details
INFO - 2021-02-02 16:05:51 --> Controller "App\Controllers\Dashboards" loaded.
INFO - 2021-02-02 16:05:51 --> Fetching Dashboard details
INFO - 2021-02-02 16:07:00 --> Controller "App\Controllers\Dashboards" loaded.
INFO - 2021-02-02 16:07:00 --> Fetching Dashboard details
INFO - 2021-02-02 16:08:28 --> Controller "App\Controllers\Dashboards" loaded.
INFO - 2021-02-02 16:08:28 --> Fetching Dashboard details
INFO - 2021-02-02 16:09:35 --> Controller "App\Controllers\Dashboards" loaded.
INFO - 2021-02-02 16:09:35 --> Fetching Dashboard details
INFO - 2021-02-02 16:11:52 --> Controller "App\Controllers\Dashboards" loaded.
INFO - 2021-02-02 16:11:52 --> Fetching Dashboard details
INFO - 2021-02-02 16:17:37 --> Controller "App\Controllers\Dashboards" loaded.
INFO - 2021-02-02 16:17:37 --> Fetching Dashboard details
INFO - 2021-02-02 16:20:05 --> Controller "App\Controllers\Dashboards" loaded.
INFO - 2021-02-02 16:20:05 --> Fetching Dashboard details
INFO - 2021-02-02 16:20:48 --> Controller "App\Controllers\Dashboards" loaded.
INFO - 2021-02-02 16:20:48 --> Fetching Dashboard details
INFO - 2021-02-02 16:29:00 --> Controller "App\Controllers\Dashboards" loaded.
INFO - 2021-02-02 16:29:00 --> Fetching Dashboard details
INFO - 2021-02-02 16:44:50 --> Controller "App\Controllers\Dashboards" loaded.
INFO - 2021-02-02 16:44:50 --> Fetching Dashboard details
INFO - 2021-02-02 16:49:03 --> Controller "App\Controllers\Dashboards" loaded.
INFO - 2021-02-02 16:49:03 --> Fetching Dashboard details
INFO - 2021-02-02 16:49:27 --> Controller "App\Controllers\Users" loaded.
INFO - 2021-02-02 16:49:30 --> Controller "App\Controllers\Dashboards" loaded.
INFO - 2021-02-02 16:49:30 --> Fetching Dashboard details
INFO - 2021-02-02 16:49:37 --> Controller "App\Controllers\InstituteDetails" loaded.
INFO - 2021-02-02 16:49:37 --> Fetching IIQA Details
INFO - 2021-02-02 16:49:41 --> Controller "App\Controllers\Leads" loaded.
INFO - 2021-02-02 16:49:41 --> Fetching IIQA Details
INFO - 2021-02-02 16:49:41 --> Controller "App\Controllers\InstituteDetails" loaded.
INFO - 2021-02-02 16:49:41 --> Fetching IIQA Details
INFO - 2021-02-02 16:49:46 --> Controller "App\Controllers\InstituteDetails" loaded.
INFO - 2021-02-02 16:49:46 --> Fetching IIQA Details
INFO - 2021-02-02 16:49:51 --> Controller "App\Controllers\SchedulePlanner" loaded.
INFO - 2021-02-02 16:49:51 --> Fetching IIQA Details
INFO - 2021-02-02 16:49:53 --> Controller "App\Controllers\SchedulePlanner" loaded.
INFO - 2021-02-02 16:49:53 --> Fetching IIQA Details
INFO - 2021-02-02 16:49:53 --> Controller "App\Controllers\InstituteDetails" loaded.
INFO - 2021-02-02 16:49:53 --> Controller "App\Controllers\EmployeeDetails" loaded.
INFO - 2021-02-02 16:49:53 --> Fetching IIQA Details
INFO - 2021-02-02 16:49:53 --> Fetching IIQA Details
INFO - 2021-02-02 16:49:53 --> Controller "App\Controllers\Status" loaded.
INFO - 2021-02-02 16:49:53 --> Fetching IIQA Details
INFO - 2021-02-02 16:50:01 --> Controller "App\Controllers\InstitutePricingHistory" loaded.
INFO - 2021-02-02 16:50:01 --> Fetching IIQA Details
INFO - 2021-02-02 16:50:13 --> Controller "App\Controllers\InstitutePricingHistory" loaded.
INFO - 2021-02-02 16:50:13 --> Fetching IIQA Details
INFO - 2021-02-02 16:52:56 --> Controller "App\Controllers\PricingHistory" loaded.
INFO - 2021-02-02 16:52:56 --> Fetching IIQA Details
INFO - 2021-02-02 16:53:00 --> Controller "App\Controllers\UserMenu" loaded.
INFO - 2021-02-02 16:53:00 --> Fetching IIQA Details
INFO - 2021-02-02 16:53:00 --> Controller "App\Controllers\UserMenu" loaded.
INFO - 2021-02-02 16:53:00 --> Fetching IIQA Details
INFO - 2021-02-02 16:53:30 --> Controller "App\Controllers\PricingDetails" loaded.
INFO - 2021-02-02 16:53:30 --> Controller "App\Controllers\PricingDetails" loaded.
INFO - 2021-02-02 16:53:30 --> Fetching IIQA Details
INFO - 2021-02-02 16:53:30 --> Fetching IIQA Details
INFO - 2021-02-02 16:54:01 --> Controller "App\Controllers\Dashboards" loaded.
INFO - 2021-02-02 16:54:01 --> Fetching Dashboard details
INFO - 2021-02-02 16:56:48 --> Controller "App\Controllers\Dashboards" loaded.
INFO - 2021-02-02 16:56:48 --> Fetching Dashboard details
INFO - 2021-02-02 16:57:16 --> Controller "App\Controllers\Dashboards" loaded.
INFO - 2021-02-02 16:57:16 --> Fetching Dashboard details
INFO - 2021-02-02 16:57:21 --> Controller "App\Controllers\InstituteDetails" loaded.
INFO - 2021-02-02 16:57:21 --> Fetching IIQA Details
INFO - 2021-02-02 16:57:23 --> Controller "App\Controllers\Leads" loaded.
INFO - 2021-02-02 16:57:23 --> Fetching IIQA Details
INFO - 2021-02-02 16:57:23 --> Controller "App\Controllers\InstituteDetails" loaded.
INFO - 2021-02-02 16:57:23 --> Fetching IIQA Details
INFO - 2021-02-02 16:57:30 --> Controller "App\Controllers\SchedulePlanner" loaded.
INFO - 2021-02-02 16:57:30 --> Fetching IIQA Details
INFO - 2021-02-02 16:57:32 --> Controller "App\Controllers\SchedulePlanner" loaded.
INFO - 2021-02-02 16:57:32 --> Fetching IIQA Details
INFO - 2021-02-02 16:57:32 --> Controller "App\Controllers\EmployeeDetails" loaded.
INFO - 2021-02-02 16:57:32 --> Controller "App\Controllers\InstituteDetails" loaded.
INFO - 2021-02-02 16:57:32 --> Fetching IIQA Details
INFO - 2021-02-02 16:57:32 --> Fetching IIQA Details
INFO - 2021-02-02 16:57:32 --> Controller "App\Controllers\Status" loaded.
INFO - 2021-02-02 16:57:32 --> Fetching IIQA Details
INFO - 2021-02-02 17:04:31 --> Controller "App\Controllers\Dashboards" loaded.
INFO - 2021-02-02 17:04:31 --> Fetching Dashboard details
INFO - 2021-02-02 17:07:15 --> Controller "App\Controllers\Dashboards" loaded.
INFO - 2021-02-02 17:07:15 --> Fetching Dashboard details
INFO - 2021-02-02 17:07:41 --> Controller "App\Controllers\Dashboards" loaded.
INFO - 2021-02-02 17:07:41 --> Fetching Dashboard details
INFO - 2021-02-02 17:18:56 --> Controller "App\Controllers\Dashboards" loaded.
INFO - 2021-02-02 17:18:56 --> Fetching Dashboard details
INFO - 2021-02-02 17:20:57 --> Controller "App\Controllers\Dashboards" loaded.
INFO - 2021-02-02 17:20:57 --> Fetching Dashboard details
INFO - 2021-02-02 17:30:39 --> Controller "App\Controllers\Dashboards" loaded.
INFO - 2021-02-02 17:30:39 --> Fetching Dashboard details
INFO - 2021-02-02 17:48:13 --> Controller "App\Controllers\Dashboards" loaded.
INFO - 2021-02-02 17:48:13 --> Fetching Dashboard details
INFO - 2021-02-02 17:54:15 --> Controller "App\Controllers\Dashboards" loaded.
INFO - 2021-02-02 17:54:15 --> Fetching Dashboard details
INFO - 2021-02-02 18:01:07 --> Controller "App\Controllers\Dashboards" loaded.
INFO - 2021-02-02 18:01:07 --> Fetching Dashboard details
INFO - 2021-02-02 18:18:17 --> Controller "App\Controllers\Dashboards" loaded.
INFO - 2021-02-02 18:18:17 --> Fetching Dashboard details
INFO - 2021-02-02 18:23:23 --> Controller "App\Controllers\Dashboards" loaded.
INFO - 2021-02-02 18:23:23 --> Fetching Dashboard details
INFO - 2021-02-02 18:43:22 --> Controller "App\Controllers\Dashboards" loaded.
INFO - 2021-02-02 18:43:22 --> Fetching Dashboard details
INFO - 2021-02-02 19:12:15 --> Controller "App\Controllers\Users" loaded.
INFO - 2021-02-02 19:12:16 --> Controller "App\Controllers\Users" loaded.
INFO - 2021-02-02 19:12:30 --> Controller "App\Controllers\Users" loaded.
INFO - 2021-02-02 19:12:38 --> Controller "App\Controllers\Dashboards" loaded.
INFO - 2021-02-02 19:12:38 --> Fetching Dashboard details
INFO - 2021-02-02 19:12:39 --> Controller "App\Controllers\PricingHistory" loaded.
INFO - 2021-02-02 19:12:39 --> Fetching IIQA Details
INFO - 2021-02-02 19:12:41 --> Controller "App\Controllers\UserMenu" loaded.
INFO - 2021-02-02 19:12:41 --> Fetching IIQA Details
INFO - 2021-02-02 19:12:41 --> Controller "App\Controllers\UserMenu" loaded.
INFO - 2021-02-02 19:12:41 --> Fetching IIQA Details
INFO - 2021-02-02 19:13:01 --> Controller "App\Controllers\UserMenu" loaded.
INFO - 2021-02-02 19:13:03 --> Controller "App\Controllers\UserMenu" loaded.
INFO - 2021-02-02 19:13:03 --> Fetching IIQA Details
INFO - 2021-02-02 19:13:03 --> Controller "App\Controllers\UserMenu" loaded.
INFO - 2021-02-02 19:13:03 --> Fetching IIQA Details
INFO - 2021-02-02 19:13:09 --> Controller "App\Controllers\UserMenu" loaded.
INFO - 2021-02-02 19:13:11 --> Controller "App\Controllers\UserMenu" loaded.
INFO - 2021-02-02 19:13:11 --> Fetching IIQA Details
INFO - 2021-02-02 19:13:12 --> Controller "App\Controllers\UserMenu" loaded.
INFO - 2021-02-02 19:13:12 --> Fetching IIQA Details
INFO - 2021-02-02 21:19:30 --> Controller "App\Controllers\PricingHistory" loaded.
INFO - 2021-02-02 21:19:30 --> Fetching IIQA Details
INFO - 2021-02-02 21:19:31 --> Controller "App\Controllers\UserMenu" loaded.
INFO - 2021-02-02 21:19:31 --> Fetching IIQA Details
INFO - 2021-02-02 21:19:31 --> Controller "App\Controllers\UserMenu" loaded.
INFO - 2021-02-02 21:19:31 --> Fetching IIQA Details
INFO - 2021-02-02 21:19:45 --> Controller "App\Controllers\UserMenu" loaded.
INFO - 2021-02-02 21:19:48 --> Controller "App\Controllers\UserMenu" loaded.
INFO - 2021-02-02 21:19:48 --> Fetching IIQA Details
INFO - 2021-02-02 21:19:48 --> Controller "App\Controllers\UserMenu" loaded.
INFO - 2021-02-02 21:19:48 --> Fetching IIQA Details
INFO - 2021-02-02 21:20:31 --> Controller "App\Controllers\PricingHistory" loaded.
INFO - 2021-02-02 21:20:31 --> Fetching IIQA Details
INFO - 2021-02-02 21:20:34 --> Controller "App\Controllers\UserMenu" loaded.
INFO - 2021-02-02 21:20:34 --> Fetching IIQA Details
INFO - 2021-02-02 21:20:34 --> Controller "App\Controllers\UserMenu" loaded.
INFO - 2021-02-02 21:20:34 --> Fetching IIQA Details
INFO - 2021-02-02 21:23:26 --> Controller "App\Controllers\PricingHistory" loaded.
INFO - 2021-02-02 21:23:26 --> Fetching IIQA Details
INFO - 2021-02-02 21:23:35 --> Controller "App\Controllers\UserMenu" loaded.
INFO - 2021-02-02 21:23:35 --> Fetching IIQA Details
INFO - 2021-02-02 21:23:35 --> Controller "App\Controllers\UserMenu" loaded.
INFO - 2021-02-02 21:23:35 --> Fetching IIQA Details
INFO - 2021-02-02 21:23:51 --> Controller "App\Controllers\UserMenu" loaded.
INFO - 2021-02-02 21:23:54 --> Controller "App\Controllers\UserMenu" loaded.
INFO - 2021-02-02 21:23:54 --> Fetching IIQA Details
INFO - 2021-02-02 21:23:54 --> Controller "App\Controllers\UserMenu" loaded.
INFO - 2021-02-02 21:23:54 --> Fetching IIQA Details
INFO - 2021-02-02 21:23:59 --> Controller "App\Controllers\UserMenu" loaded.
INFO - 2021-02-02 21:24:01 --> Controller "App\Controllers\UserMenu" loaded.
INFO - 2021-02-02 21:24:01 --> Fetching IIQA Details
INFO - 2021-02-02 21:24:01 --> Controller "App\Controllers\UserMenu" loaded.
INFO - 2021-02-02 21:24:01 --> Fetching IIQA Details
