INFO - 2020-12-18 16:24:28 --> Controller "App\Controllers\Leads" loaded.
CRITICAL - 2020-12-18 16:24:28 --> Class 'App\Models\Leads_Model' not found
#0 /var/www/html/salesdiary.egenius.in/server/system/CodeIgniter.php(910): App\Controllers\Leads->InsertUpdateData()
#1 /var/www/html/salesdiary.egenius.in/server/system/CodeIgniter.php(398): CodeIgniter\CodeIgniter->runController(Object(App\Controllers\Leads))
#2 /var/www/html/salesdiary.egenius.in/server/system/CodeIgniter.php(306): CodeIgniter\CodeIgniter->handleRequest(NULL, Object(Config\Cache), false)
#3 /var/www/html/salesdiary.egenius.in/server/index.php(45): CodeIgniter\CodeIgniter->run()
#4 {main}
INFO - 2020-12-18 16:26:46 --> Controller "App\Controllers\Leads" loaded.
CRITICAL - 2020-12-18 16:26:46 --> Class 'App\Models\Leads_Model' not found
#0 /var/www/html/salesdiary.egenius.in/server/system/CodeIgniter.php(910): App\Controllers\Leads->InsertUpdateData()
#1 /var/www/html/salesdiary.egenius.in/server/system/CodeIgniter.php(398): CodeIgniter\CodeIgniter->runController(Object(App\Controllers\Leads))
#2 /var/www/html/salesdiary.egenius.in/server/system/CodeIgniter.php(306): CodeIgniter\CodeIgniter->handleRequest(NULL, Object(Config\Cache), false)
#3 /var/www/html/salesdiary.egenius.in/server/index.php(45): CodeIgniter\CodeIgniter->run()
#4 {main}
INFO - 2020-12-18 16:26:57 --> Controller "App\Controllers\Leads" loaded.
CRITICAL - 2020-12-18 16:26:57 --> Class 'App\Models\Leads_Model' not found
#0 /var/www/html/salesdiary.egenius.in/server/system/CodeIgniter.php(910): App\Controllers\Leads->InsertUpdateData()
#1 /var/www/html/salesdiary.egenius.in/server/system/CodeIgniter.php(398): CodeIgniter\CodeIgniter->runController(Object(App\Controllers\Leads))
#2 /var/www/html/salesdiary.egenius.in/server/system/CodeIgniter.php(306): CodeIgniter\CodeIgniter->handleRequest(NULL, Object(Config\Cache), false)
#3 /var/www/html/salesdiary.egenius.in/server/index.php(45): CodeIgniter\CodeIgniter->run()
#4 {main}
INFO - 2020-12-18 16:27:48 --> Controller "App\Controllers\Leads" loaded.
INFO - 2020-12-18 16:27:48 --> Fetching IIQA Details
INFO - 2020-12-18 17:23:20 --> Controller "App\Controllers\Leads" loaded.
INFO - 2020-12-18 17:23:20 --> Fetching IIQA Details
INFO - 2020-12-18 17:24:09 --> Controller "App\Controllers\Leads" loaded.
INFO - 2020-12-18 17:24:09 --> Fetching IIQA Details
INFO - 2020-12-18 17:24:14 --> Controller "App\Controllers\Leads" loaded.
INFO - 2020-12-18 17:24:14 --> Fetching IIQA Details
INFO - 2020-12-18 17:24:55 --> Controller "App\Controllers\Leads" loaded.
INFO - 2020-12-18 17:24:55 --> Fetching IIQA Details
INFO - 2020-12-18 17:25:20 --> Controller "App\Controllers\Leads" loaded.
INFO - 2020-12-18 17:25:20 --> Fetching IIQA Details
INFO - 2020-12-18 17:31:06 --> Controller "App\Controllers\Leads" loaded.
ERROR - 2020-12-18 17:31:06 --> Table 'egenius_salesdiary.date_data' doesn't exist
INFO - 2020-12-18 17:33:30 --> Controller "App\Controllers\Leads" loaded.
ERROR - 2020-12-18 17:33:30 --> Table 'egenius_salesdiary.Leads_Model' doesn't exist
INFO - 2020-12-18 17:36:39 --> Controller "App\Controllers\Leads" loaded.
CRITICAL - 2020-12-18 17:36:39 --> Call to a member function get() on null
#0 /var/www/html/salesdiary.egenius.in/server/system/CodeIgniter.php(910): App\Controllers\Leads->GetUserIDData()
#1 /var/www/html/salesdiary.egenius.in/server/system/CodeIgniter.php(398): CodeIgniter\CodeIgniter->runController(Object(App\Controllers\Leads))
#2 /var/www/html/salesdiary.egenius.in/server/system/CodeIgniter.php(306): CodeIgniter\CodeIgniter->handleRequest(NULL, Object(Config\Cache), false)
#3 /var/www/html/salesdiary.egenius.in/server/index.php(45): CodeIgniter\CodeIgniter->run()
#4 {main}
INFO - 2020-12-18 17:36:51 --> Controller "App\Controllers\Leads" loaded.
CRITICAL - 2020-12-18 17:36:51 --> Call to a member function get() on null
#0 /var/www/html/salesdiary.egenius.in/server/system/CodeIgniter.php(910): App\Controllers\Leads->GetUserIDData()
#1 /var/www/html/salesdiary.egenius.in/server/system/CodeIgniter.php(398): CodeIgniter\CodeIgniter->runController(Object(App\Controllers\Leads))
#2 /var/www/html/salesdiary.egenius.in/server/system/CodeIgniter.php(306): CodeIgniter\CodeIgniter->handleRequest(NULL, Object(Config\Cache), false)
#3 /var/www/html/salesdiary.egenius.in/server/index.php(45): CodeIgniter\CodeIgniter->run()
#4 {main}
INFO - 2020-12-18 17:39:55 --> Controller "App\Controllers\Leads" loaded.
CRITICAL - 2020-12-18 17:39:55 --> Call to a member function get() on null
#0 /var/www/html/salesdiary.egenius.in/server/system/CodeIgniter.php(910): App\Controllers\Leads->GetUserIDData()
#1 /var/www/html/salesdiary.egenius.in/server/system/CodeIgniter.php(398): CodeIgniter\CodeIgniter->runController(Object(App\Controllers\Leads))
#2 /var/www/html/salesdiary.egenius.in/server/system/CodeIgniter.php(306): CodeIgniter\CodeIgniter->handleRequest(NULL, Object(Config\Cache), false)
#3 /var/www/html/salesdiary.egenius.in/server/index.php(45): CodeIgniter\CodeIgniter->run()
#4 {main}
INFO - 2020-12-18 17:39:59 --> Controller "App\Controllers\Leads" loaded.
CRITICAL - 2020-12-18 17:39:59 --> Call to a member function get() on null
#0 /var/www/html/salesdiary.egenius.in/server/system/CodeIgniter.php(910): App\Controllers\Leads->GetUserIDData()
#1 /var/www/html/salesdiary.egenius.in/server/system/CodeIgniter.php(398): CodeIgniter\CodeIgniter->runController(Object(App\Controllers\Leads))
#2 /var/www/html/salesdiary.egenius.in/server/system/CodeIgniter.php(306): CodeIgniter\CodeIgniter->handleRequest(NULL, Object(Config\Cache), false)
#3 /var/www/html/salesdiary.egenius.in/server/index.php(45): CodeIgniter\CodeIgniter->run()
#4 {main}
INFO - 2020-12-18 17:40:33 --> Controller "App\Controllers\Leads" loaded.
CRITICAL - 2020-12-18 17:40:33 --> Call to a member function findAll() on null
#0 /var/www/html/salesdiary.egenius.in/server/system/CodeIgniter.php(910): App\Controllers\Leads->GetUserIDData()
#1 /var/www/html/salesdiary.egenius.in/server/system/CodeIgniter.php(398): CodeIgniter\CodeIgniter->runController(Object(App\Controllers\Leads))
#2 /var/www/html/salesdiary.egenius.in/server/system/CodeIgniter.php(306): CodeIgniter\CodeIgniter->handleRequest(NULL, Object(Config\Cache), false)
#3 /var/www/html/salesdiary.egenius.in/server/index.php(45): CodeIgniter\CodeIgniter->run()
#4 {main}
INFO - 2020-12-18 17:40:36 --> Controller "App\Controllers\Leads" loaded.
CRITICAL - 2020-12-18 17:40:36 --> Call to a member function findAll() on null
#0 /var/www/html/salesdiary.egenius.in/server/system/CodeIgniter.php(910): App\Controllers\Leads->GetUserIDData()
#1 /var/www/html/salesdiary.egenius.in/server/system/CodeIgniter.php(398): CodeIgniter\CodeIgniter->runController(Object(App\Controllers\Leads))
#2 /var/www/html/salesdiary.egenius.in/server/system/CodeIgniter.php(306): CodeIgniter\CodeIgniter->handleRequest(NULL, Object(Config\Cache), false)
#3 /var/www/html/salesdiary.egenius.in/server/index.php(45): CodeIgniter\CodeIgniter->run()
#4 {main}
INFO - 2020-12-18 17:41:29 --> Controller "App\Controllers\Leads" loaded.
CRITICAL - 2020-12-18 17:41:29 --> Call to a member function get() on null
#0 /var/www/html/salesdiary.egenius.in/server/system/CodeIgniter.php(910): App\Controllers\Leads->GetUserIDData()
#1 /var/www/html/salesdiary.egenius.in/server/system/CodeIgniter.php(398): CodeIgniter\CodeIgniter->runController(Object(App\Controllers\Leads))
#2 /var/www/html/salesdiary.egenius.in/server/system/CodeIgniter.php(306): CodeIgniter\CodeIgniter->handleRequest(NULL, Object(Config\Cache), false)
#3 /var/www/html/salesdiary.egenius.in/server/index.php(45): CodeIgniter\CodeIgniter->run()
#4 {main}
INFO - 2020-12-18 17:44:08 --> Controller "App\Controllers\Leads" loaded.
CRITICAL - 2020-12-18 17:44:08 --> Call to a member function get() on null
#0 /var/www/html/salesdiary.egenius.in/server/system/CodeIgniter.php(910): App\Controllers\Leads->GetUserIDData()
#1 /var/www/html/salesdiary.egenius.in/server/system/CodeIgniter.php(398): CodeIgniter\CodeIgniter->runController(Object(App\Controllers\Leads))
#2 /var/www/html/salesdiary.egenius.in/server/system/CodeIgniter.php(306): CodeIgniter\CodeIgniter->handleRequest(NULL, Object(Config\Cache), false)
#3 /var/www/html/salesdiary.egenius.in/server/index.php(45): CodeIgniter\CodeIgniter->run()
#4 {main}
INFO - 2020-12-18 17:48:06 --> Controller "App\Controllers\Leads" loaded.
ERROR - 2020-12-18 17:48:06 --> Table 'egenius_salesdiary.Leads_Model' doesn't exist
INFO - 2020-12-18 17:48:26 --> Controller "App\Controllers\Leads" loaded.
CRITICAL - 2020-12-18 17:48:26 --> Call to a member function query() on null
#0 /var/www/html/salesdiary.egenius.in/server/system/CodeIgniter.php(910): App\Controllers\Leads->GetUserIDData()
#1 /var/www/html/salesdiary.egenius.in/server/system/CodeIgniter.php(398): CodeIgniter\CodeIgniter->runController(Object(App\Controllers\Leads))
#2 /var/www/html/salesdiary.egenius.in/server/system/CodeIgniter.php(306): CodeIgniter\CodeIgniter->handleRequest(NULL, Object(Config\Cache), false)
#3 /var/www/html/salesdiary.egenius.in/server/index.php(45): CodeIgniter\CodeIgniter->run()
#4 {main}
INFO - 2020-12-18 17:48:44 --> Controller "App\Controllers\Leads" loaded.
ERROR - 2020-12-18 17:48:44 --> Table 'egenius_salesdiary.Leads_client' doesn't exist
INFO - 2020-12-18 17:48:55 --> Controller "App\Controllers\Leads" loaded.
INFO - 2020-12-18 17:49:14 --> Controller "App\Controllers\Leads" loaded.
INFO - 2020-12-18 17:49:48 --> Controller "App\Controllers\Leads" loaded.
INFO - 2020-12-18 17:50:51 --> Controller "App\Controllers\Leads" loaded.
INFO - 2020-12-18 17:51:24 --> Controller "App\Controllers\Leads" loaded.
INFO - 2020-12-18 17:54:02 --> Controller "App\Controllers\Leads" loaded.
INFO - 2020-12-18 17:55:04 --> Controller "App\Controllers\Leads" loaded.
CRITICAL - 2020-12-18 17:55:04 --> Call to undefined method CodeIgniter\Database\MySQLi\Result::result_array()
#0 /var/www/html/salesdiary.egenius.in/server/system/CodeIgniter.php(910): App\Controllers\Leads->GetUserIDData()
#1 /var/www/html/salesdiary.egenius.in/server/system/CodeIgniter.php(398): CodeIgniter\CodeIgniter->runController(Object(App\Controllers\Leads))
#2 /var/www/html/salesdiary.egenius.in/server/system/CodeIgniter.php(306): CodeIgniter\CodeIgniter->handleRequest(NULL, Object(Config\Cache), false)
#3 /var/www/html/salesdiary.egenius.in/server/index.php(45): CodeIgniter\CodeIgniter->run()
#4 {main}
INFO - 2020-12-18 17:55:08 --> Controller "App\Controllers\Leads" loaded.
CRITICAL - 2020-12-18 17:55:08 --> Call to undefined method CodeIgniter\Database\MySQLi\Result::result_array()
#0 /var/www/html/salesdiary.egenius.in/server/system/CodeIgniter.php(910): App\Controllers\Leads->GetUserIDData()
#1 /var/www/html/salesdiary.egenius.in/server/system/CodeIgniter.php(398): CodeIgniter\CodeIgniter->runController(Object(App\Controllers\Leads))
#2 /var/www/html/salesdiary.egenius.in/server/system/CodeIgniter.php(306): CodeIgniter\CodeIgniter->handleRequest(NULL, Object(Config\Cache), false)
#3 /var/www/html/salesdiary.egenius.in/server/index.php(45): CodeIgniter\CodeIgniter->run()
#4 {main}
INFO - 2020-12-18 17:56:30 --> Controller "App\Controllers\Leads" loaded.
CRITICAL - 2020-12-18 17:56:30 --> Call to a member function query() on null
#0 /var/www/html/salesdiary.egenius.in/server/system/CodeIgniter.php(910): App\Controllers\Leads->GetUserIDData()
#1 /var/www/html/salesdiary.egenius.in/server/system/CodeIgniter.php(398): CodeIgniter\CodeIgniter->runController(Object(App\Controllers\Leads))
#2 /var/www/html/salesdiary.egenius.in/server/system/CodeIgniter.php(306): CodeIgniter\CodeIgniter->handleRequest(NULL, Object(Config\Cache), false)
#3 /var/www/html/salesdiary.egenius.in/server/index.php(45): CodeIgniter\CodeIgniter->run()
#4 {main}
INFO - 2020-12-18 17:57:23 --> Controller "App\Controllers\Leads" loaded.
CRITICAL - 2020-12-18 17:57:23 --> Call to a member function query() on null
#0 /var/www/html/salesdiary.egenius.in/server/system/CodeIgniter.php(910): App\Controllers\Leads->GetUserIDData()
#1 /var/www/html/salesdiary.egenius.in/server/system/CodeIgniter.php(398): CodeIgniter\CodeIgniter->runController(Object(App\Controllers\Leads))
#2 /var/www/html/salesdiary.egenius.in/server/system/CodeIgniter.php(306): CodeIgniter\CodeIgniter->handleRequest(NULL, Object(Config\Cache), false)
#3 /var/www/html/salesdiary.egenius.in/server/index.php(45): CodeIgniter\CodeIgniter->run()
#4 {main}
INFO - 2020-12-18 18:01:52 --> Controller "App\Controllers\Leads" loaded.
INFO - 2020-12-18 18:02:04 --> Controller "App\Controllers\Leads" loaded.
INFO - 2020-12-18 18:04:19 --> Controller "App\Controllers\Leads" loaded.
INFO - 2020-12-18 18:04:27 --> Controller "App\Controllers\Leads" loaded.
INFO - 2020-12-18 18:04:37 --> Controller "App\Controllers\Leads" loaded.
INFO - 2020-12-18 18:04:44 --> Controller "App\Controllers\Leads" loaded.
INFO - 2020-12-18 18:07:48 --> Controller "App\Controllers\Leads" loaded.
INFO - 2020-12-18 18:07:56 --> Controller "App\Controllers\Leads" loaded.
INFO - 2020-12-18 18:09:00 --> Controller "App\Controllers\Leads" loaded.
INFO - 2020-12-18 18:09:16 --> Controller "App\Controllers\Leads" loaded.
INFO - 2020-12-18 18:09:24 --> Controller "App\Controllers\Leads" loaded.
INFO - 2020-12-18 18:09:34 --> Controller "App\Controllers\Leads" loaded.
INFO - 2020-12-18 18:09:53 --> Controller "App\Controllers\Leads" loaded.
INFO - 2020-12-18 18:10:00 --> Controller "App\Controllers\Leads" loaded.
INFO - 2020-12-18 18:10:41 --> Controller "App\Controllers\Leads" loaded.
INFO - 2020-12-18 18:10:48 --> Controller "App\Controllers\Leads" loaded.
INFO - 2020-12-18 18:11:53 --> Controller "App\Controllers\Leads" loaded.
INFO - 2020-12-18 19:08:48 --> Controller "App\Controllers\Leads" loaded.
INFO - 2020-12-18 19:53:09 --> Controller "App\Controllers\Leads" loaded.
INFO - 2020-12-18 19:57:35 --> Controller "App\Controllers\Leads" loaded.
