INFO - 2020-03-29 07:35:51 --> Controller "App\Controllers\Home" loaded.
INFO - 2020-03-29 07:39:26 --> Controller "App\Controllers\Photos" loaded.
CRITICAL - 2020-03-29 07:39:26 --> Creating default object from empty value
#0 /var/www/html/server_4/app/Controllers/Photos.php(12): CodeIgniter\Debug\Exceptions->errorHandler(2, 'Creating defaul...', '/var/www/html/s...', 12, Array)
#1 /var/www/html/server_4/system/CodeIgniter.php(910): App\Controllers\Photos->index()
#2 /var/www/html/server_4/system/CodeIgniter.php(398): CodeIgniter\CodeIgniter->runController(Object(App\Controllers\Photos))
#3 /var/www/html/server_4/system/CodeIgniter.php(306): CodeIgniter\CodeIgniter->handleRequest(NULL, Object(Config\Cache), false)
#4 /var/www/html/server_4/public/index.php(45): CodeIgniter\CodeIgniter->run()
#5 {main}
INFO - 2020-03-29 07:41:59 --> Controller "App\Controllers\Photos" loaded.
CRITICAL - 2020-03-29 07:41:59 --> Class 'App\Controllers\stdClass' not found
#0 /var/www/html/server_4/system/CodeIgniter.php(910): App\Controllers\Photos->index()
#1 /var/www/html/server_4/system/CodeIgniter.php(398): CodeIgniter\CodeIgniter->runController(Object(App\Controllers\Photos))
#2 /var/www/html/server_4/system/CodeIgniter.php(306): CodeIgniter\CodeIgniter->handleRequest(NULL, Object(Config\Cache), false)
#3 /var/www/html/server_4/public/index.php(45): CodeIgniter\CodeIgniter->run()
#4 {main}
INFO - 2020-03-29 07:45:07 --> Controller "App\Controllers\Photos" loaded.
INFO - 2020-03-29 07:45:09 --> Controller "App\Controllers\Photos" loaded.
INFO - 2020-03-29 07:45:35 --> Controller "App\Controllers\Photos" loaded.
INFO - 2020-03-29 07:46:04 --> Controller "App\Controllers\Photos" loaded.
INFO - 2020-03-29 07:59:55 --> Controller "App\Controllers\Photos" loaded.
CRITICAL - 2020-03-29 08:06:33 --> Class 'RESTful\Filters\CorsFilter' not found
#0 /var/www/html/server_4/system/CodeIgniter.php(376): CodeIgniter\Filters\Filters->run('photos', 'before')
#1 /var/www/html/server_4/system/CodeIgniter.php(306): CodeIgniter\CodeIgniter->handleRequest(NULL, Object(Config\Cache), false)
#2 /var/www/html/server_4/public/index.php(45): CodeIgniter\CodeIgniter->run()
#3 {main}
CRITICAL - 2020-03-29 08:06:52 --> Class 'RESTful\Filters\CorsFilter' not found
#0 /var/www/html/server_4/system/CodeIgniter.php(376): CodeIgniter\Filters\Filters->run('photos', 'before')
#1 /var/www/html/server_4/system/CodeIgniter.php(306): CodeIgniter\CodeIgniter->handleRequest(NULL, Object(Config\Cache), false)
#2 /var/www/html/server_4/public/index.php(45): CodeIgniter\CodeIgniter->run()
#3 {main}
CRITICAL - 2020-03-29 08:07:06 --> Class 'RESTful\Filters\CorsFilter' not found
#0 /var/www/html/server_4/system/CodeIgniter.php(376): CodeIgniter\Filters\Filters->run('/', 'before')
#1 /var/www/html/server_4/system/CodeIgniter.php(306): CodeIgniter\CodeIgniter->handleRequest(NULL, Object(Config\Cache), false)
#2 /var/www/html/server_4/public/index.php(45): CodeIgniter\CodeIgniter->run()
#3 {main}
CRITICAL - 2020-03-29 08:07:25 --> Class 'app\Filters\CorsFilter' not found
#0 /var/www/html/server_4/system/CodeIgniter.php(376): CodeIgniter\Filters\Filters->run('/', 'before')
#1 /var/www/html/server_4/system/CodeIgniter.php(306): CodeIgniter\CodeIgniter->handleRequest(NULL, Object(Config\Cache), false)
#2 /var/www/html/server_4/public/index.php(45): CodeIgniter\CodeIgniter->run()
#3 {main}
CRITICAL - 2020-03-29 08:07:58 --> Class 'CodeIgniter\Filters\CorsFilter' not found
#0 /var/www/html/server_4/system/CodeIgniter.php(376): CodeIgniter\Filters\Filters->run('/', 'before')
#1 /var/www/html/server_4/system/CodeIgniter.php(306): CodeIgniter\CodeIgniter->handleRequest(NULL, Object(Config\Cache), false)
#2 /var/www/html/server_4/public/index.php(45): CodeIgniter\CodeIgniter->run()
#3 {main}
CRITICAL - 2020-03-29 08:08:08 --> Class 'CodeIgniter\Filters\CorsFilter' not found
#0 /var/www/html/server_4/system/CodeIgniter.php(376): CodeIgniter\Filters\Filters->run('/', 'before')
#1 /var/www/html/server_4/system/CodeIgniter.php(306): CodeIgniter\CodeIgniter->handleRequest(NULL, Object(Config\Cache), false)
#2 /var/www/html/server_4/public/index.php(45): CodeIgniter\CodeIgniter->run()
#3 {main}
CRITICAL - 2020-03-29 08:09:50 --> syntax error, unexpected 'bool' (T_STRING), expecting function (T_FUNCTION) or const (T_CONST)
#0 /var/www/html/server_4/system/Autoloader/Autoloader.php(296): CodeIgniter\Autoloader\Autoloader->requireFile('/var/www/html/s...')
#1 /var/www/html/server_4/system/Autoloader/Autoloader.php(258): CodeIgniter\Autoloader\Autoloader->loadInNamespace('Config\\RESTful')
#2 [internal function]: CodeIgniter\Autoloader\Autoloader->loadClass('Config\\RESTful')
#3 [internal function]: spl_autoload_call('Config\\RESTful')
#4 /var/www/html/server_4/app/Filters/BaseFilter.php(35): class_exists('Config\\RESTful')
#5 /var/www/html/server_4/system/Filters/Filters.php(153): App\Filters\BaseFilter->__construct()
#6 /var/www/html/server_4/system/CodeIgniter.php(376): CodeIgniter\Filters\Filters->run('/', 'before')
#7 /var/www/html/server_4/system/CodeIgniter.php(306): CodeIgniter\CodeIgniter->handleRequest(NULL, Object(Config\Cache), false)
#8 /var/www/html/server_4/public/index.php(45): CodeIgniter\CodeIgniter->run()
#9 {main}
CRITICAL - 2020-03-29 08:10:36 --> syntax error, unexpected 'bool' (T_STRING), expecting function (T_FUNCTION) or const (T_CONST)
#0 /var/www/html/server_4/system/Autoloader/Autoloader.php(296): CodeIgniter\Autoloader\Autoloader->requireFile('/var/www/html/s...')
#1 /var/www/html/server_4/system/Autoloader/Autoloader.php(258): CodeIgniter\Autoloader\Autoloader->loadInNamespace('Config\\RESTful')
#2 [internal function]: CodeIgniter\Autoloader\Autoloader->loadClass('Config\\RESTful')
#3 [internal function]: spl_autoload_call('Config\\RESTful')
#4 /var/www/html/server_4/app/Filters/BaseFilter.php(35): class_exists('Config\\RESTful')
#5 /var/www/html/server_4/system/Filters/Filters.php(153): App\Filters\BaseFilter->__construct()
#6 /var/www/html/server_4/system/CodeIgniter.php(376): CodeIgniter\Filters\Filters->run('/', 'before')
#7 /var/www/html/server_4/system/CodeIgniter.php(306): CodeIgniter\CodeIgniter->handleRequest(NULL, Object(Config\Cache), false)
#8 /var/www/html/server_4/public/index.php(45): CodeIgniter\CodeIgniter->run()
#9 {main}
CRITICAL - 2020-03-29 08:12:11 --> syntax error, unexpected 'array' (T_ARRAY), expecting function (T_FUNCTION) or const (T_CONST)
#0 /var/www/html/server_4/system/Autoloader/Autoloader.php(296): CodeIgniter\Autoloader\Autoloader->requireFile('/var/www/html/s...')
#1 /var/www/html/server_4/system/Autoloader/Autoloader.php(258): CodeIgniter\Autoloader\Autoloader->loadInNamespace('Config\\RESTful')
#2 [internal function]: CodeIgniter\Autoloader\Autoloader->loadClass('Config\\RESTful')
#3 [internal function]: spl_autoload_call('Config\\RESTful')
#4 /var/www/html/server_4/app/Filters/BaseFilter.php(35): class_exists('Config\\RESTful')
#5 /var/www/html/server_4/system/Filters/Filters.php(153): App\Filters\BaseFilter->__construct()
#6 /var/www/html/server_4/system/CodeIgniter.php(376): CodeIgniter\Filters\Filters->run('/', 'before')
#7 /var/www/html/server_4/system/CodeIgniter.php(306): CodeIgniter\CodeIgniter->handleRequest(NULL, Object(Config\Cache), false)
#8 /var/www/html/server_4/public/index.php(45): CodeIgniter\CodeIgniter->run()
#9 {main}
CRITICAL - 2020-03-29 08:14:07 --> Cannot use App\Filters\CorsFilter as CorsFilter because the name is already in use
#0 [internal function]: CodeIgniter\Debug\Exceptions->shutdownHandler()
#1 {main}
CRITICAL - 2020-03-29 08:16:18 --> syntax error, unexpected ':', expecting ']'
#0 /var/www/html/server_4/system/Autoloader/Autoloader.php(296): CodeIgniter\Autoloader\Autoloader->requireFile('/var/www/html/s...')
#1 /var/www/html/server_4/system/Autoloader/Autoloader.php(258): CodeIgniter\Autoloader\Autoloader->loadInNamespace('Config\\RESTful')
#2 [internal function]: CodeIgniter\Autoloader\Autoloader->loadClass('Config\\RESTful')
#3 [internal function]: spl_autoload_call('Config\\RESTful')
#4 /var/www/html/server_4/app/Filters/BaseFilter.php(35): class_exists('Config\\RESTful')
#5 /var/www/html/server_4/system/Filters/Filters.php(153): App\Filters\BaseFilter->__construct()
#6 /var/www/html/server_4/system/CodeIgniter.php(376): CodeIgniter\Filters\Filters->run('/', 'before')
#7 /var/www/html/server_4/system/CodeIgniter.php(306): CodeIgniter\CodeIgniter->handleRequest(NULL, Object(Config\Cache), false)
#8 /var/www/html/server_4/public/index.php(45): CodeIgniter\CodeIgniter->run()
#9 {main}
INFO - 2020-03-29 08:16:35 --> Controller "App\Controllers\Home" loaded.
INFO - 2020-03-29 08:16:40 --> Controller "App\Controllers\Photos" loaded.
INFO - 2020-03-29 08:16:49 --> Controller "App\Controllers\Photos" loaded.
INFO - 2020-03-29 08:20:34 --> Controller "App\Controllers\Photos" loaded.
INFO - 2020-03-29 08:20:52 --> Controller "App\Controllers\Photos" loaded.
INFO - 2020-03-29 08:21:09 --> Controller "App\Controllers\Photos" loaded.
INFO - 2020-03-29 08:24:29 --> Controller "App\Controllers\Photos" loaded.
INFO - 2020-03-29 08:25:29 --> Controller "App\Controllers\Photos" loaded.
INFO - 2020-03-29 08:36:06 --> Controller "App\Controllers\Photos" loaded.
INFO - 2020-03-29 10:05:20 --> Controller "App\Controllers\Photos" loaded.
INFO - 2020-03-29 10:07:51 --> Controller "App\Controllers\Photos" loaded.
INFO - 2020-03-29 10:13:47 --> Controller "App\Controllers\Photos" loaded.
INFO - 2020-03-29 10:23:45 --> Controller "App\Controllers\Photos" loaded.
INFO - 2020-03-29 10:24:20 --> Controller "App\Controllers\Photos" loaded.
INFO - 2020-03-29 10:28:31 --> Controller "App\Controllers\Photos" loaded.
INFO - 2020-03-29 10:31:04 --> Controller "App\Controllers\Photos" loaded.
INFO - 2020-03-29 10:31:34 --> Controller "App\Controllers\Photos" loaded.
INFO - 2020-03-29 11:41:01 --> Controller "App\Controllers\Photos" loaded.
INFO - 2020-03-29 11:47:08 --> Controller "App\Controllers\Users" loaded.
INFO - 2020-03-29 11:54:20 --> Controller "App\Controllers\Users" loaded.
INFO - 2020-03-29 11:56:36 --> Controller "App\Controllers\Users" loaded.
INFO - 2020-03-29 12:00:09 --> Controller "App\Controllers\Users" loaded.
INFO - 2020-03-29 12:04:47 --> Controller "App\Controllers\Users" loaded.
