INFO - 2020-11-13 08:03:23 --> Controller "App\Controllers\IIQAForm" loaded.
INFO - 2020-11-13 08:03:23 --> Controller "App\Controllers\State" loaded.
INFO - 2020-11-13 08:03:23 --> Fetching IIQA Details
INFO - 2020-11-13 08:03:23 --> Fetching IIQA Details
INFO - 2020-11-13 08:03:26 --> Controller "App\Controllers\IIQAForm" loaded.
INFO - 2020-11-13 08:40:33 --> Controller "App\Controllers\IIQAForm" loaded.
INFO - 2020-11-13 08:40:33 --> Fetching IIQA Details
INFO - 2020-11-13 08:40:33 --> Controller "App\Controllers\State" loaded.
INFO - 2020-11-13 08:40:33 --> Fetching IIQA Details
INFO - 2020-11-13 08:41:45 --> Controller "App\Controllers\IIQAForm" loaded.
INFO - 2020-11-13 08:41:45 --> Fetching IIQA Details
INFO - 2020-11-13 08:41:45 --> Controller "App\Controllers\State" loaded.
INFO - 2020-11-13 08:41:45 --> Fetching IIQA Details
INFO - 2020-11-13 08:48:55 --> Controller "App\Controllers\IIQAForm" loaded.
INFO - 2020-11-13 08:48:55 --> Fetching IIQA Details
INFO - 2020-11-13 08:48:55 --> Controller "App\Controllers\State" loaded.
INFO - 2020-11-13 08:48:55 --> Fetching IIQA Details
INFO - 2020-11-13 08:49:35 --> Controller "App\Controllers\State" loaded.
INFO - 2020-11-13 08:49:35 --> Fetching IIQA Details
INFO - 2020-11-13 08:49:35 --> Controller "App\Controllers\IIQAForm" loaded.
INFO - 2020-11-13 08:49:35 --> Fetching IIQA Details
INFO - 2020-11-13 08:51:23 --> Controller "App\Controllers\IIQAForm" loaded.
INFO - 2020-11-13 08:51:23 --> Fetching IIQA Details
INFO - 2020-11-13 08:51:23 --> Controller "App\Controllers\State" loaded.
INFO - 2020-11-13 08:51:23 --> Fetching IIQA Details
INFO - 2020-11-13 08:54:03 --> Controller "App\Controllers\State" loaded.
INFO - 2020-11-13 08:54:03 --> Controller "App\Controllers\IIQAForm" loaded.
INFO - 2020-11-13 08:54:03 --> Fetching IIQA Details
INFO - 2020-11-13 08:54:03 --> Fetching IIQA Details
INFO - 2020-11-13 08:55:10 --> Controller "App\Controllers\State" loaded.
INFO - 2020-11-13 08:55:10 --> Controller "App\Controllers\IIQAForm" loaded.
INFO - 2020-11-13 08:55:10 --> Fetching IIQA Details
INFO - 2020-11-13 08:55:10 --> Fetching IIQA Details
INFO - 2020-11-13 09:42:50 --> Controller "App\Controllers\IIQAForm" loaded.
INFO - 2020-11-13 09:43:49 --> Controller "App\Controllers\IIQAForm" loaded.
INFO - 2020-11-13 09:43:49 --> Fetching IIQA Details
INFO - 2020-11-13 09:43:49 --> Controller "App\Controllers\State" loaded.
INFO - 2020-11-13 09:43:49 --> Fetching IIQA Details
INFO - 2020-11-13 09:43:52 --> Controller "App\Controllers\IIQAForm" loaded.
INFO - 2020-11-13 09:43:52 --> Controller "App\Controllers\State" loaded.
INFO - 2020-11-13 09:43:52 --> Fetching IIQA Details
INFO - 2020-11-13 09:43:52 --> Fetching IIQA Details
INFO - 2020-11-13 09:44:19 --> Controller "App\Controllers\IIQAForm" loaded.
INFO - 2020-11-13 10:07:40 --> Controller "App\Controllers\IIQAForm" loaded.
INFO - 2020-11-13 10:07:40 --> Fetching IIQA Details
INFO - 2020-11-13 10:07:40 --> Controller "App\Controllers\State" loaded.
INFO - 2020-11-13 10:07:40 --> Fetching IIQA Details
INFO - 2020-11-13 10:08:11 --> Controller "App\Controllers\IIQAForm" loaded.
INFO - 2020-11-13 10:09:51 --> Controller "App\Controllers\IIQAForm" loaded.
INFO - 2020-11-13 10:09:51 --> Fetching IIQA Details
INFO - 2020-11-13 10:09:51 --> Controller "App\Controllers\State" loaded.
INFO - 2020-11-13 10:09:51 --> Fetching IIQA Details
INFO - 2020-11-13 10:10:27 --> Controller "App\Controllers\State" loaded.
INFO - 2020-11-13 10:10:27 --> Controller "App\Controllers\IIQAForm" loaded.
INFO - 2020-11-13 10:10:27 --> Fetching IIQA Details
INFO - 2020-11-13 10:10:27 --> Fetching IIQA Details
INFO - 2020-11-13 10:11:29 --> Controller "App\Controllers\State" loaded.
INFO - 2020-11-13 10:11:29 --> Controller "App\Controllers\IIQAForm" loaded.
INFO - 2020-11-13 10:11:29 --> Fetching IIQA Details
INFO - 2020-11-13 10:11:29 --> Fetching IIQA Details
INFO - 2020-11-13 10:11:39 --> Controller "App\Controllers\IIQAForm" loaded.
INFO - 2020-11-13 10:11:39 --> Controller "App\Controllers\State" loaded.
INFO - 2020-11-13 10:11:39 --> Fetching IIQA Details
INFO - 2020-11-13 10:11:39 --> Fetching IIQA Details
INFO - 2020-11-13 10:23:06 --> Controller "App\Controllers\IIQAForm" loaded.
INFO - 2020-11-13 10:25:38 --> Controller "App\Controllers\IIQAForm" loaded.
INFO - 2020-11-13 10:25:38 --> Controller "App\Controllers\State" loaded.
INFO - 2020-11-13 10:25:38 --> Fetching IIQA Details
INFO - 2020-11-13 10:25:38 --> Fetching IIQA Details
INFO - 2020-11-13 10:26:02 --> Controller "App\Controllers\State" loaded.
INFO - 2020-11-13 10:26:02 --> Controller "App\Controllers\IIQAForm" loaded.
INFO - 2020-11-13 10:26:02 --> Fetching IIQA Details
INFO - 2020-11-13 10:26:02 --> Fetching IIQA Details
INFO - 2020-11-13 10:37:02 --> Controller "App\Controllers\IIQAForm" loaded.
INFO - 2020-11-13 10:37:02 --> Fetching IIQA Details
INFO - 2020-11-13 10:37:02 --> Controller "App\Controllers\State" loaded.
INFO - 2020-11-13 10:37:02 --> Fetching IIQA Details
INFO - 2020-11-13 10:37:06 --> Controller "App\Controllers\State" loaded.
INFO - 2020-11-13 10:37:06 --> Fetching IIQA Details
INFO - 2020-11-13 10:37:06 --> Controller "App\Controllers\IIQAForm" loaded.
INFO - 2020-11-13 10:37:06 --> Fetching IIQA Details
INFO - 2020-11-13 11:05:53 --> Controller "App\Controllers\IIQAForm" loaded.
INFO - 2020-11-13 11:05:53 --> Fetching IIQA Details
INFO - 2020-11-13 12:30:50 --> Controller "App\Controllers\State" loaded.
INFO - 2020-11-13 12:30:50 --> Controller "App\Controllers\IIQAForm" loaded.
INFO - 2020-11-13 12:30:50 --> Fetching IIQA Details
INFO - 2020-11-13 12:30:50 --> Fetching IIQA Details
INFO - 2020-11-13 12:32:11 --> Controller "App\Controllers\IIQAForm" loaded.
INFO - 2020-11-13 12:32:11 --> Fetching IIQA Details
INFO - 2020-11-13 12:32:11 --> Controller "App\Controllers\State" loaded.
INFO - 2020-11-13 12:32:11 --> Fetching IIQA Details
INFO - 2020-11-13 13:29:49 --> Controller "App\Controllers\IIQAForm" loaded.
INFO - 2020-11-13 13:29:49 --> Fetching IIQA Details
INFO - 2020-11-13 13:29:49 --> Controller "App\Controllers\State" loaded.
INFO - 2020-11-13 13:29:49 --> Fetching IIQA Details
INFO - 2020-11-13 13:30:03 --> Controller "App\Controllers\IIQAForm" loaded.
INFO - 2020-11-13 13:30:03 --> Fetching IIQA Details
INFO - 2020-11-13 13:30:03 --> Controller "App\Controllers\State" loaded.
INFO - 2020-11-13 13:30:03 --> Fetching IIQA Details
INFO - 2020-11-13 13:30:29 --> Controller "App\Controllers\IIQAForm" loaded.
INFO - 2020-11-13 13:30:29 --> Fetching IIQA Details
INFO - 2020-11-13 13:30:29 --> Controller "App\Controllers\State" loaded.
INFO - 2020-11-13 13:30:29 --> Fetching IIQA Details
INFO - 2020-11-13 13:41:59 --> Controller "App\Controllers\IIQAForm" loaded.
INFO - 2020-11-13 13:41:59 --> Fetching IIQA Details
INFO - 2020-11-13 13:41:59 --> Controller "App\Controllers\State" loaded.
INFO - 2020-11-13 13:41:59 --> Fetching IIQA Details
INFO - 2020-11-13 15:35:20 --> Controller "App\Controllers\IIQAForm" loaded.
INFO - 2020-11-13 15:35:20 --> Fetching IIQA Details
INFO - 2020-11-13 15:35:20 --> Controller "App\Controllers\State" loaded.
INFO - 2020-11-13 15:35:20 --> Fetching IIQA Details
INFO - 2020-11-13 15:37:14 --> Controller "App\Controllers\IIQAForm" loaded.
INFO - 2020-11-13 15:37:14 --> Fetching IIQA Details
INFO - 2020-11-13 15:37:14 --> Controller "App\Controllers\State" loaded.
INFO - 2020-11-13 15:37:14 --> Fetching IIQA Details
INFO - 2020-11-13 15:37:21 --> Controller "App\Controllers\IIQAForm" loaded.
INFO - 2020-11-13 15:37:21 --> Controller "App\Controllers\State" loaded.
INFO - 2020-11-13 15:37:21 --> Fetching IIQA Details
INFO - 2020-11-13 15:37:21 --> Fetching IIQA Details
INFO - 2020-11-13 15:38:03 --> Controller "App\Controllers\IIQAForm" loaded.
INFO - 2020-11-13 15:38:03 --> Controller "App\Controllers\State" loaded.
INFO - 2020-11-13 15:38:03 --> Fetching IIQA Details
INFO - 2020-11-13 15:38:03 --> Fetching IIQA Details
INFO - 2020-11-13 15:57:13 --> Controller "App\Controllers\IIQAForm" loaded.
INFO - 2020-11-13 15:57:13 --> Fetching IIQA Details
INFO - 2020-11-13 15:57:13 --> Controller "App\Controllers\State" loaded.
INFO - 2020-11-13 15:57:13 --> Fetching IIQA Details
INFO - 2020-11-13 15:57:19 --> Controller "App\Controllers\IIQAForm" loaded.
INFO - 2020-11-13 15:57:19 --> Fetching IIQA Details
INFO - 2020-11-13 15:57:19 --> Controller "App\Controllers\State" loaded.
INFO - 2020-11-13 15:57:19 --> Fetching IIQA Details
INFO - 2020-11-13 15:57:26 --> Controller "App\Controllers\IIQAForm" loaded.
INFO - 2020-11-13 15:57:26 --> Controller "App\Controllers\State" loaded.
INFO - 2020-11-13 15:57:26 --> Fetching IIQA Details
INFO - 2020-11-13 15:57:26 --> Fetching IIQA Details
INFO - 2020-11-13 16:00:18 --> Controller "App\Controllers\UserMenus" loaded.
CRITICAL - 2020-11-13 16:00:18 --> Class 'App\Controllers\CommonModel' not found
#0 /var/www/html/server_naac/system/CodeIgniter.php(910): App\Controllers\UserMenus->getData()
#1 /var/www/html/server_naac/system/CodeIgniter.php(398): CodeIgniter\CodeIgniter->runController(Object(App\Controllers\UserMenus))
#2 /var/www/html/server_naac/system/CodeIgniter.php(306): CodeIgniter\CodeIgniter->handleRequest(NULL, Object(Config\Cache), false)
#3 /var/www/html/server_naac/public/index.php(45): CodeIgniter\CodeIgniter->run()
#4 {main}
INFO - 2020-11-13 16:08:38 --> Controller "App\Controllers\UserMenus" loaded.
CRITICAL - 2020-11-13 16:08:38 --> Class 'App\Controllers\CommonModel' not found
#0 /var/www/html/server_naac/system/CodeIgniter.php(910): App\Controllers\UserMenus->getData()
#1 /var/www/html/server_naac/system/CodeIgniter.php(398): CodeIgniter\CodeIgniter->runController(Object(App\Controllers\UserMenus))
#2 /var/www/html/server_naac/system/CodeIgniter.php(306): CodeIgniter\CodeIgniter->handleRequest(NULL, Object(Config\Cache), false)
#3 /var/www/html/server_naac/public/index.php(45): CodeIgniter\CodeIgniter->run()
#4 {main}
INFO - 2020-11-13 16:09:03 --> Controller "App\Controllers\UserMenus" loaded.
CRITICAL - 2020-11-13 16:09:03 --> Class 'App\Controllers\CommonModel' not found
#0 /var/www/html/server_naac/system/CodeIgniter.php(910): App\Controllers\UserMenus->getData()
#1 /var/www/html/server_naac/system/CodeIgniter.php(398): CodeIgniter\CodeIgniter->runController(Object(App\Controllers\UserMenus))
#2 /var/www/html/server_naac/system/CodeIgniter.php(306): CodeIgniter\CodeIgniter->handleRequest(NULL, Object(Config\Cache), false)
#3 /var/www/html/server_naac/public/index.php(45): CodeIgniter\CodeIgniter->run()
#4 {main}
INFO - 2020-11-13 16:09:22 --> Controller "App\Controllers\UserMenus" loaded.
ERROR - 2020-11-13 16:09:22 --> Table 'NAAC.user_menu' doesn't exist
INFO - 2020-11-13 16:09:35 --> Controller "App\Controllers\UserMenus" loaded.
ERROR - 2020-11-13 16:09:35 --> Table 'NAAC.user_menu' doesn't exist
INFO - 2020-11-13 16:10:18 --> Controller "App\Controllers\UserMenus" loaded.
INFO - 2020-11-13 16:10:18 --> Fetching UserMenu details
INFO - 2020-11-13 16:11:13 --> Controller "App\Controllers\UserMenus" loaded.
INFO - 2020-11-13 16:11:13 --> Fetching UserMenu details
INFO - 2020-11-13 16:11:57 --> Controller "App\Controllers\UserMenus" loaded.
INFO - 2020-11-13 16:11:57 --> Fetching UserMenu details
INFO - 2020-11-13 16:12:08 --> Controller "App\Controllers\UserMenus" loaded.
INFO - 2020-11-13 16:12:08 --> Fetching UserMenu details
INFO - 2020-11-13 16:17:15 --> Controller "App\Controllers\UserMenus" loaded.
INFO - 2020-11-13 16:17:15 --> Fetching UserMenu details
INFO - 2020-11-13 16:17:30 --> Controller "App\Controllers\UserMenus" loaded.
INFO - 2020-11-13 16:17:30 --> Fetching UserMenu details
INFO - 2020-11-13 16:18:36 --> Controller "App\Controllers\UserMenus" loaded.
INFO - 2020-11-13 16:18:36 --> Fetching UserMenu details
INFO - 2020-11-13 16:19:15 --> Controller "App\Controllers\UserMenus" loaded.
INFO - 2020-11-13 16:19:15 --> Fetching UserMenu details
INFO - 2020-11-13 16:19:20 --> Controller "App\Controllers\UserMenus" loaded.
INFO - 2020-11-13 16:19:20 --> Fetching UserMenu details
INFO - 2020-11-13 16:28:38 --> Controller "App\Controllers\UserMenus" loaded.
INFO - 2020-11-13 16:28:38 --> Fetching UserMenu details
INFO - 2020-11-13 16:34:22 --> Controller "App\Controllers\UserMenus" loaded.
INFO - 2020-11-13 16:34:22 --> Fetching UserMenu details
INFO - 2020-11-13 16:34:43 --> Controller "App\Controllers\UserMenus" loaded.
INFO - 2020-11-13 16:34:43 --> Fetching UserMenu details
INFO - 2020-11-13 16:35:59 --> Controller "App\Controllers\UserMenus" loaded.
INFO - 2020-11-13 16:35:59 --> Fetching UserMenu details
INFO - 2020-11-13 16:36:47 --> Controller "App\Controllers\UserMenus" loaded.
INFO - 2020-11-13 16:36:47 --> Fetching UserMenu details
INFO - 2020-11-13 16:36:54 --> Controller "App\Controllers\UserMenus" loaded.
INFO - 2020-11-13 16:36:54 --> Fetching UserMenu details
INFO - 2020-11-13 16:37:47 --> Controller "App\Controllers\UserMenus" loaded.
INFO - 2020-11-13 16:37:47 --> Fetching UserMenu details
INFO - 2020-11-13 16:38:24 --> Controller "App\Controllers\UserMenus" loaded.
INFO - 2020-11-13 16:38:24 --> Fetching UserMenu details
INFO - 2020-11-13 16:38:55 --> Controller "App\Controllers\UserMenus" loaded.
INFO - 2020-11-13 16:38:55 --> Fetching UserMenu details
INFO - 2020-11-13 16:40:07 --> Controller "App\Controllers\UserMenus" loaded.
INFO - 2020-11-13 16:40:07 --> Fetching UserMenu details
INFO - 2020-11-13 16:40:29 --> Controller "App\Controllers\UserMenus" loaded.
INFO - 2020-11-13 16:40:29 --> Fetching UserMenu details
INFO - 2020-11-13 16:41:12 --> Controller "App\Controllers\UserMenus" loaded.
INFO - 2020-11-13 16:41:12 --> Fetching UserMenu details
INFO - 2020-11-13 16:41:42 --> Controller "App\Controllers\UserMenus" loaded.
INFO - 2020-11-13 16:41:42 --> Fetching UserMenu details
INFO - 2020-11-13 16:42:26 --> Controller "App\Controllers\UserMenus" loaded.
INFO - 2020-11-13 16:42:26 --> Fetching UserMenu details
INFO - 2020-11-13 16:42:35 --> Controller "App\Controllers\UserMenus" loaded.
INFO - 2020-11-13 16:42:35 --> Fetching UserMenu details
INFO - 2020-11-13 16:43:07 --> Controller "App\Controllers\UserMenus" loaded.
INFO - 2020-11-13 16:43:07 --> Fetching UserMenu details
INFO - 2020-11-13 16:44:55 --> Controller "App\Controllers\UserMenus" loaded.
INFO - 2020-11-13 16:44:55 --> Fetching UserMenu details
INFO - 2020-11-13 16:45:13 --> Controller "App\Controllers\UserMenus" loaded.
INFO - 2020-11-13 16:45:13 --> Fetching UserMenu details
INFO - 2020-11-13 16:49:47 --> Controller "App\Controllers\UserMenus" loaded.
INFO - 2020-11-13 16:49:47 --> Fetching UserMenu details
INFO - 2020-11-13 16:50:48 --> Controller "App\Controllers\UserMenus" loaded.
INFO - 2020-11-13 16:50:48 --> Fetching UserMenu details
INFO - 2020-11-13 16:52:44 --> Controller "App\Controllers\UserMenus" loaded.
INFO - 2020-11-13 16:52:44 --> Fetching UserMenu details
INFO - 2020-11-13 16:55:07 --> Controller "App\Controllers\UserMenus" loaded.
INFO - 2020-11-13 16:55:07 --> Fetching UserMenu details
INFO - 2020-11-13 16:55:23 --> Controller "App\Controllers\UserMenus" loaded.
INFO - 2020-11-13 16:55:23 --> Fetching UserMenu details
INFO - 2020-11-13 16:56:47 --> Controller "App\Controllers\UserMenus" loaded.
INFO - 2020-11-13 16:56:47 --> Fetching UserMenu details
INFO - 2020-11-13 16:57:10 --> Controller "App\Controllers\UserMenus" loaded.
INFO - 2020-11-13 16:57:10 --> Fetching UserMenu details
INFO - 2020-11-13 16:57:20 --> Controller "App\Controllers\UserMenus" loaded.
INFO - 2020-11-13 16:57:20 --> Fetching UserMenu details
INFO - 2020-11-13 16:58:00 --> Controller "App\Controllers\UserMenus" loaded.
INFO - 2020-11-13 16:58:00 --> Fetching UserMenu details
INFO - 2020-11-13 16:58:16 --> Controller "App\Controllers\UserMenus" loaded.
INFO - 2020-11-13 16:58:16 --> Fetching UserMenu details
INFO - 2020-11-13 16:58:55 --> Controller "App\Controllers\UserMenus" loaded.
INFO - 2020-11-13 16:58:55 --> Fetching UserMenu details
INFO - 2020-11-13 16:59:45 --> Controller "App\Controllers\IIQAForm" loaded.
INFO - 2020-11-13 16:59:45 --> Controller "App\Controllers\State" loaded.
INFO - 2020-11-13 16:59:45 --> Fetching IIQA Details
INFO - 2020-11-13 16:59:45 --> Fetching IIQA Details
INFO - 2020-11-13 16:59:47 --> Controller "App\Controllers\UserMenus" loaded.
INFO - 2020-11-13 16:59:47 --> Fetching UserMenu details
INFO - 2020-11-13 16:59:50 --> Controller "App\Controllers\IIQAForm" loaded.
INFO - 2020-11-13 16:59:50 --> Fetching IIQA Details
INFO - 2020-11-13 16:59:50 --> Controller "App\Controllers\State" loaded.
INFO - 2020-11-13 16:59:50 --> Fetching IIQA Details
INFO - 2020-11-13 16:59:51 --> Controller "App\Controllers\UserMenus" loaded.
INFO - 2020-11-13 16:59:51 --> Fetching UserMenu details
INFO - 2020-11-13 16:59:56 --> Controller "App\Controllers\IIQAForm" loaded.
INFO - 2020-11-13 16:59:56 --> Fetching IIQA Details
INFO - 2020-11-13 16:59:56 --> Controller "App\Controllers\State" loaded.
INFO - 2020-11-13 16:59:56 --> Fetching IIQA Details
INFO - 2020-11-13 16:59:57 --> Controller "App\Controllers\UserMenus" loaded.
INFO - 2020-11-13 16:59:57 --> Fetching UserMenu details
INFO - 2020-11-13 16:59:59 --> Controller "App\Controllers\IIQAForm" loaded.
INFO - 2020-11-13 16:59:59 --> Controller "App\Controllers\State" loaded.
INFO - 2020-11-13 16:59:59 --> Fetching IIQA Details
INFO - 2020-11-13 16:59:59 --> Fetching IIQA Details
INFO - 2020-11-13 17:00:00 --> Controller "App\Controllers\UserMenus" loaded.
INFO - 2020-11-13 17:00:00 --> Fetching UserMenu details
INFO - 2020-11-13 17:02:29 --> Controller "App\Controllers\UserMenus" loaded.
INFO - 2020-11-13 17:02:29 --> Fetching UserMenu details
INFO - 2020-11-13 17:03:21 --> Controller "App\Controllers\UserMenus" loaded.
INFO - 2020-11-13 17:03:21 --> Fetching UserMenu details
INFO - 2020-11-13 17:05:17 --> Controller "App\Controllers\UserMenus" loaded.
INFO - 2020-11-13 17:05:17 --> Fetching UserMenu details
INFO - 2020-11-13 17:05:18 --> Controller "App\Controllers\UserMenus" loaded.
INFO - 2020-11-13 17:05:18 --> Fetching UserMenu details
INFO - 2020-11-13 17:05:20 --> Controller "App\Controllers\UserMenus" loaded.
INFO - 2020-11-13 17:05:20 --> Fetching UserMenu details
INFO - 2020-11-13 17:05:21 --> Controller "App\Controllers\UserMenus" loaded.
INFO - 2020-11-13 17:05:21 --> Fetching UserMenu details
INFO - 2020-11-13 17:05:24 --> Controller "App\Controllers\UserMenus" loaded.
INFO - 2020-11-13 17:05:24 --> Fetching UserMenu details
INFO - 2020-11-13 17:05:58 --> Controller "App\Controllers\UserMenus" loaded.
INFO - 2020-11-13 17:05:58 --> Fetching UserMenu details
INFO - 2020-11-13 17:06:01 --> Controller "App\Controllers\UserMenus" loaded.
INFO - 2020-11-13 17:06:01 --> Fetching UserMenu details
INFO - 2020-11-13 17:06:02 --> Controller "App\Controllers\UserMenus" loaded.
INFO - 2020-11-13 17:06:02 --> Fetching UserMenu details
INFO - 2020-11-13 17:06:05 --> Controller "App\Controllers\UserMenus" loaded.
INFO - 2020-11-13 17:06:05 --> Fetching UserMenu details
INFO - 2020-11-13 17:06:06 --> Controller "App\Controllers\UserMenus" loaded.
INFO - 2020-11-13 17:06:06 --> Fetching UserMenu details
INFO - 2020-11-13 17:06:08 --> Controller "App\Controllers\UserMenus" loaded.
INFO - 2020-11-13 17:06:08 --> Fetching UserMenu details
INFO - 2020-11-13 17:06:11 --> Controller "App\Controllers\UserMenus" loaded.
INFO - 2020-11-13 17:06:11 --> Fetching UserMenu details
INFO - 2020-11-13 17:07:03 --> Controller "App\Controllers\UserMenus" loaded.
INFO - 2020-11-13 17:07:03 --> Fetching UserMenu details
INFO - 2020-11-13 17:07:07 --> Controller "App\Controllers\UserMenus" loaded.
INFO - 2020-11-13 17:07:07 --> Fetching UserMenu details
INFO - 2020-11-13 17:07:09 --> Controller "App\Controllers\UserMenus" loaded.
INFO - 2020-11-13 17:07:09 --> Fetching UserMenu details
INFO - 2020-11-13 17:07:12 --> Controller "App\Controllers\UserMenus" loaded.
INFO - 2020-11-13 17:07:12 --> Fetching UserMenu details
INFO - 2020-11-13 17:07:16 --> Controller "App\Controllers\UserMenus" loaded.
INFO - 2020-11-13 17:07:16 --> Fetching UserMenu details
INFO - 2020-11-13 17:07:19 --> Controller "App\Controllers\UserMenus" loaded.
INFO - 2020-11-13 17:07:19 --> Fetching UserMenu details
INFO - 2020-11-13 17:07:21 --> Controller "App\Controllers\UserMenus" loaded.
INFO - 2020-11-13 17:07:21 --> Fetching UserMenu details
INFO - 2020-11-13 17:07:23 --> Controller "App\Controllers\UserMenus" loaded.
INFO - 2020-11-13 17:07:23 --> Fetching UserMenu details
INFO - 2020-11-13 17:07:26 --> Controller "App\Controllers\UserMenus" loaded.
INFO - 2020-11-13 17:07:26 --> Fetching UserMenu details
INFO - 2020-11-13 17:08:58 --> Controller "App\Controllers\UserMenus" loaded.
INFO - 2020-11-13 17:08:58 --> Fetching UserMenu details
INFO - 2020-11-13 17:09:25 --> Controller "App\Controllers\UserMenus" loaded.
INFO - 2020-11-13 17:09:25 --> Fetching UserMenu details
INFO - 2020-11-13 17:09:46 --> Controller "App\Controllers\UserMenus" loaded.
INFO - 2020-11-13 17:09:46 --> Fetching UserMenu details
INFO - 2020-11-13 17:09:55 --> Controller "App\Controllers\UserMenus" loaded.
INFO - 2020-11-13 17:09:55 --> Fetching UserMenu details
INFO - 2020-11-13 17:10:16 --> Controller "App\Controllers\UserMenus" loaded.
INFO - 2020-11-13 17:10:16 --> Fetching UserMenu details
INFO - 2020-11-13 17:10:47 --> Controller "App\Controllers\UserMenus" loaded.
INFO - 2020-11-13 17:10:47 --> Fetching UserMenu details
INFO - 2020-11-13 17:11:06 --> Controller "App\Controllers\UserMenus" loaded.
INFO - 2020-11-13 17:11:06 --> Fetching UserMenu details
INFO - 2020-11-13 17:11:08 --> Controller "App\Controllers\UserMenus" loaded.
INFO - 2020-11-13 17:11:08 --> Fetching UserMenu details
INFO - 2020-11-13 17:11:09 --> Controller "App\Controllers\UserMenus" loaded.
INFO - 2020-11-13 17:11:09 --> Fetching UserMenu details
INFO - 2020-11-13 17:11:10 --> Controller "App\Controllers\IIQAForm" loaded.
INFO - 2020-11-13 17:11:10 --> Fetching IIQA Details
INFO - 2020-11-13 17:11:10 --> Controller "App\Controllers\State" loaded.
INFO - 2020-11-13 17:11:10 --> Fetching IIQA Details
INFO - 2020-11-13 17:11:14 --> Controller "App\Controllers\UserMenus" loaded.
INFO - 2020-11-13 17:11:14 --> Fetching UserMenu details
INFO - 2020-11-13 17:11:17 --> Controller "App\Controllers\IIQAForm" loaded.
INFO - 2020-11-13 17:11:17 --> Controller "App\Controllers\State" loaded.
INFO - 2020-11-13 17:11:17 --> Fetching IIQA Details
INFO - 2020-11-13 17:11:17 --> Fetching IIQA Details
INFO - 2020-11-13 17:11:19 --> Controller "App\Controllers\UserMenus" loaded.
INFO - 2020-11-13 17:11:19 --> Fetching UserMenu details
INFO - 2020-11-13 17:11:36 --> Controller "App\Controllers\UserMenus" loaded.
INFO - 2020-11-13 17:11:36 --> Fetching UserMenu details
INFO - 2020-11-13 17:12:52 --> Controller "App\Controllers\UserMenus" loaded.
INFO - 2020-11-13 17:12:52 --> Fetching UserMenu details
INFO - 2020-11-13 17:12:56 --> Controller "App\Controllers\UserMenus" loaded.
INFO - 2020-11-13 17:12:56 --> Fetching UserMenu details
INFO - 2020-11-13 17:13:00 --> Controller "App\Controllers\IIQAForm" loaded.
INFO - 2020-11-13 17:13:00 --> Fetching IIQA Details
INFO - 2020-11-13 17:13:00 --> Controller "App\Controllers\State" loaded.
INFO - 2020-11-13 17:13:00 --> Fetching IIQA Details
INFO - 2020-11-13 17:13:01 --> Controller "App\Controllers\UserMenus" loaded.
INFO - 2020-11-13 17:13:01 --> Fetching UserMenu details
INFO - 2020-11-13 17:13:05 --> Controller "App\Controllers\UserMenus" loaded.
INFO - 2020-11-13 17:13:05 --> Fetching UserMenu details
INFO - 2020-11-13 17:13:06 --> Controller "App\Controllers\UserMenus" loaded.
INFO - 2020-11-13 17:13:06 --> Fetching UserMenu details
INFO - 2020-11-13 17:15:58 --> Controller "App\Controllers\UserMenus" loaded.
ERROR - 2020-11-13 17:15:58 --> Unknown column 'iiqa' in 'where clause'
INFO - 2020-11-13 17:16:01 --> Controller "App\Controllers\UserMenus" loaded.
ERROR - 2020-11-13 17:16:01 --> Unknown column 'ssr' in 'where clause'
INFO - 2020-11-13 17:16:02 --> Controller "App\Controllers\UserMenus" loaded.
ERROR - 2020-11-13 17:16:02 --> Unknown column 'iiqa' in 'where clause'
INFO - 2020-11-13 17:18:19 --> Controller "App\Controllers\UserMenus" loaded.
ERROR - 2020-11-13 17:18:19 --> Unknown column 'iiqa' in 'where clause'
INFO - 2020-11-13 17:18:34 --> Controller "App\Controllers\UserMenus" loaded.
INFO - 2020-11-13 17:18:34 --> Fetching UserMenu details
INFO - 2020-11-13 17:19:14 --> Controller "App\Controllers\UserMenus" loaded.
INFO - 2020-11-13 17:19:14 --> Fetching UserMenu details
INFO - 2020-11-13 17:19:17 --> Controller "App\Controllers\UserMenus" loaded.
INFO - 2020-11-13 17:19:17 --> Fetching UserMenu details
INFO - 2020-11-13 17:19:18 --> Controller "App\Controllers\IIQAForm" loaded.
INFO - 2020-11-13 17:19:18 --> Fetching IIQA Details
INFO - 2020-11-13 17:19:19 --> Controller "App\Controllers\State" loaded.
INFO - 2020-11-13 17:19:19 --> Fetching IIQA Details
INFO - 2020-11-13 17:19:20 --> Controller "App\Controllers\UserMenus" loaded.
INFO - 2020-11-13 17:19:20 --> Fetching UserMenu details
INFO - 2020-11-13 17:35:42 --> Controller "App\Controllers\IIQAForm" loaded.
INFO - 2020-11-13 17:35:42 --> Fetching IIQA Details
INFO - 2020-11-13 17:35:42 --> Controller "App\Controllers\State" loaded.
INFO - 2020-11-13 17:35:42 --> Fetching IIQA Details
INFO - 2020-11-13 17:55:42 --> Controller "App\Controllers\IIQAForm" loaded.
INFO - 2020-11-13 17:55:42 --> Fetching IIQA Details
INFO - 2020-11-13 17:55:42 --> Controller "App\Controllers\State" loaded.
INFO - 2020-11-13 17:55:42 --> Fetching IIQA Details
INFO - 2020-11-13 17:56:32 --> Controller "App\Controllers\IIQAForm" loaded.
INFO - 2020-11-13 17:56:32 --> Fetching IIQA Details
INFO - 2020-11-13 17:56:32 --> Controller "App\Controllers\State" loaded.
INFO - 2020-11-13 17:56:32 --> Fetching IIQA Details
INFO - 2020-11-13 17:56:56 --> Controller "App\Controllers\IIQAForm" loaded.
INFO - 2020-11-13 17:56:56 --> Fetching IIQA Details
INFO - 2020-11-13 17:56:56 --> Controller "App\Controllers\State" loaded.
INFO - 2020-11-13 17:56:56 --> Fetching IIQA Details
INFO - 2020-11-13 17:57:11 --> Controller "App\Controllers\UserMenus" loaded.
INFO - 2020-11-13 17:57:11 --> Fetching UserMenu details
INFO - 2020-11-13 17:59:02 --> Controller "App\Controllers\State" loaded.
INFO - 2020-11-13 17:59:02 --> Controller "App\Controllers\IIQAForm" loaded.
INFO - 2020-11-13 17:59:02 --> Fetching IIQA Details
INFO - 2020-11-13 17:59:02 --> Fetching IIQA Details
INFO - 2020-11-13 17:59:03 --> Controller "App\Controllers\IIQAForm" loaded.
INFO - 2020-11-13 17:59:03 --> Controller "App\Controllers\State" loaded.
INFO - 2020-11-13 17:59:03 --> Fetching IIQA Details
INFO - 2020-11-13 17:59:03 --> Fetching IIQA Details
INFO - 2020-11-13 17:59:05 --> Controller "App\Controllers\UserMenus" loaded.
INFO - 2020-11-13 17:59:05 --> Fetching UserMenu details
INFO - 2020-11-13 17:59:07 --> Controller "App\Controllers\IIQAForm" loaded.
INFO - 2020-11-13 17:59:07 --> Controller "App\Controllers\State" loaded.
INFO - 2020-11-13 17:59:07 --> Fetching IIQA Details
INFO - 2020-11-13 17:59:07 --> Fetching IIQA Details
INFO - 2020-11-13 17:59:08 --> Controller "App\Controllers\State" loaded.
INFO - 2020-11-13 17:59:08 --> Controller "App\Controllers\IIQAForm" loaded.
INFO - 2020-11-13 17:59:08 --> Fetching IIQA Details
INFO - 2020-11-13 17:59:08 --> Fetching IIQA Details
INFO - 2020-11-13 18:00:03 --> Controller "App\Controllers\IIQAForm" loaded.
INFO - 2020-11-13 18:00:03 --> Fetching IIQA Details
INFO - 2020-11-13 18:00:03 --> Controller "App\Controllers\State" loaded.
INFO - 2020-11-13 18:00:03 --> Fetching IIQA Details
INFO - 2020-11-13 18:02:01 --> Controller "App\Controllers\IIQAForm" loaded.
INFO - 2020-11-13 18:02:01 --> Fetching IIQA Details
INFO - 2020-11-13 18:02:02 --> Controller "App\Controllers\State" loaded.
INFO - 2020-11-13 18:02:02 --> Fetching IIQA Details
INFO - 2020-11-13 18:02:05 --> Controller "App\Controllers\State" loaded.
INFO - 2020-11-13 18:02:05 --> Controller "App\Controllers\IIQAForm" loaded.
INFO - 2020-11-13 18:02:05 --> Fetching IIQA Details
INFO - 2020-11-13 18:02:05 --> Fetching IIQA Details
INFO - 2020-11-13 18:02:06 --> Controller "App\Controllers\IIQAForm" loaded.
INFO - 2020-11-13 18:02:06 --> Fetching IIQA Details
INFO - 2020-11-13 18:02:06 --> Controller "App\Controllers\State" loaded.
INFO - 2020-11-13 18:02:06 --> Fetching IIQA Details
INFO - 2020-11-13 18:03:47 --> Controller "App\Controllers\State" loaded.
INFO - 2020-11-13 18:03:47 --> Fetching IIQA Details
INFO - 2020-11-13 18:03:47 --> Controller "App\Controllers\IIQAForm" loaded.
INFO - 2020-11-13 18:03:47 --> Fetching IIQA Details
INFO - 2020-11-13 18:04:56 --> Controller "App\Controllers\IIQAForm" loaded.
INFO - 2020-11-13 18:04:56 --> Controller "App\Controllers\State" loaded.
INFO - 2020-11-13 18:04:56 --> Fetching IIQA Details
INFO - 2020-11-13 18:04:56 --> Fetching IIQA Details
INFO - 2020-11-13 18:04:58 --> Controller "App\Controllers\IIQAForm" loaded.
INFO - 2020-11-13 18:04:58 --> Fetching IIQA Details
INFO - 2020-11-13 18:04:58 --> Controller "App\Controllers\State" loaded.
INFO - 2020-11-13 18:04:58 --> Fetching IIQA Details
INFO - 2020-11-13 18:04:59 --> Controller "App\Controllers\UserMenus" loaded.
INFO - 2020-11-13 18:04:59 --> Fetching UserMenu details
INFO - 2020-11-13 18:05:01 --> Controller "App\Controllers\IIQAForm" loaded.
INFO - 2020-11-13 18:05:01 --> Fetching IIQA Details
INFO - 2020-11-13 18:05:01 --> Controller "App\Controllers\State" loaded.
INFO - 2020-11-13 18:05:01 --> Fetching IIQA Details
INFO - 2020-11-13 18:05:03 --> Controller "App\Controllers\IIQAForm" loaded.
INFO - 2020-11-13 18:05:03 --> Fetching IIQA Details
INFO - 2020-11-13 18:05:03 --> Controller "App\Controllers\State" loaded.
INFO - 2020-11-13 18:05:03 --> Fetching IIQA Details
INFO - 2020-11-13 18:05:10 --> Controller "App\Controllers\UserMenus" loaded.
INFO - 2020-11-13 18:05:10 --> Fetching UserMenu details
INFO - 2020-11-13 18:05:13 --> Controller "App\Controllers\UserMenus" loaded.
INFO - 2020-11-13 18:05:13 --> Fetching UserMenu details
INFO - 2020-11-13 18:05:19 --> Controller "App\Controllers\IIQAForm" loaded.
INFO - 2020-11-13 18:05:19 --> Fetching IIQA Details
INFO - 2020-11-13 18:05:19 --> Controller "App\Controllers\State" loaded.
INFO - 2020-11-13 18:05:19 --> Fetching IIQA Details
INFO - 2020-11-13 18:05:21 --> Controller "App\Controllers\IIQAForm" loaded.
INFO - 2020-11-13 18:05:21 --> Fetching IIQA Details
INFO - 2020-11-13 18:05:21 --> Controller "App\Controllers\State" loaded.
INFO - 2020-11-13 18:05:21 --> Fetching IIQA Details
INFO - 2020-11-13 18:06:06 --> Controller "App\Controllers\State" loaded.
INFO - 2020-11-13 18:06:06 --> Controller "App\Controllers\IIQAForm" loaded.
INFO - 2020-11-13 18:06:06 --> Fetching IIQA Details
INFO - 2020-11-13 18:06:06 --> Fetching IIQA Details
INFO - 2020-11-13 18:06:28 --> Controller "App\Controllers\IIQAForm" loaded.
INFO - 2020-11-13 18:06:28 --> Controller "App\Controllers\State" loaded.
INFO - 2020-11-13 18:06:28 --> Fetching IIQA Details
INFO - 2020-11-13 18:06:28 --> Fetching IIQA Details
INFO - 2020-11-13 18:06:29 --> Controller "App\Controllers\State" loaded.
INFO - 2020-11-13 18:06:29 --> Controller "App\Controllers\IIQAForm" loaded.
INFO - 2020-11-13 18:06:29 --> Fetching IIQA Details
INFO - 2020-11-13 18:06:29 --> Fetching IIQA Details
INFO - 2020-11-13 18:06:44 --> Controller "App\Controllers\IIQAForm" loaded.
INFO - 2020-11-13 18:06:44 --> Fetching IIQA Details
INFO - 2020-11-13 18:06:44 --> Controller "App\Controllers\State" loaded.
INFO - 2020-11-13 18:06:44 --> Fetching IIQA Details
INFO - 2020-11-13 18:06:46 --> Controller "App\Controllers\IIQAForm" loaded.
INFO - 2020-11-13 18:06:46 --> Fetching IIQA Details
INFO - 2020-11-13 18:06:46 --> Controller "App\Controllers\State" loaded.
INFO - 2020-11-13 18:06:46 --> Fetching IIQA Details
INFO - 2020-11-13 18:07:18 --> Controller "App\Controllers\IIQAForm" loaded.
INFO - 2020-11-13 18:07:18 --> Fetching IIQA Details
INFO - 2020-11-13 18:07:18 --> Controller "App\Controllers\State" loaded.
INFO - 2020-11-13 18:07:18 --> Fetching IIQA Details
INFO - 2020-11-13 18:12:44 --> Controller "App\Controllers\IIQAForm" loaded.
INFO - 2020-11-13 18:12:44 --> Controller "App\Controllers\State" loaded.
INFO - 2020-11-13 18:12:44 --> Fetching IIQA Details
INFO - 2020-11-13 18:12:44 --> Fetching IIQA Details
INFO - 2020-11-13 18:13:27 --> Controller "App\Controllers\IIQAForm" loaded.
INFO - 2020-11-13 18:13:27 --> Fetching IIQA Details
INFO - 2020-11-13 18:13:27 --> Controller "App\Controllers\State" loaded.
INFO - 2020-11-13 18:13:27 --> Fetching IIQA Details
INFO - 2020-11-13 18:13:50 --> Controller "App\Controllers\UserMenus" loaded.
INFO - 2020-11-13 18:13:50 --> Fetching UserMenu details
INFO - 2020-11-13 18:13:54 --> Controller "App\Controllers\UserMenus" loaded.
INFO - 2020-11-13 18:13:54 --> Fetching UserMenu details
INFO - 2020-11-13 18:13:58 --> Controller "App\Controllers\IIQAForm" loaded.
INFO - 2020-11-13 18:13:58 --> Fetching IIQA Details
INFO - 2020-11-13 18:13:59 --> Controller "App\Controllers\State" loaded.
INFO - 2020-11-13 18:13:59 --> Fetching IIQA Details
INFO - 2020-11-13 18:14:00 --> Controller "App\Controllers\State" loaded.
INFO - 2020-11-13 18:14:00 --> Controller "App\Controllers\IIQAForm" loaded.
INFO - 2020-11-13 18:14:00 --> Fetching IIQA Details
INFO - 2020-11-13 18:14:00 --> Fetching IIQA Details
INFO - 2020-11-13 18:14:32 --> Controller "App\Controllers\IIQAForm" loaded.
INFO - 2020-11-13 18:14:32 --> Fetching IIQA Details
INFO - 2020-11-13 18:14:32 --> Controller "App\Controllers\State" loaded.
INFO - 2020-11-13 18:14:32 --> Fetching IIQA Details
INFO - 2020-11-13 18:15:08 --> Controller "App\Controllers\IIQAForm" loaded.
INFO - 2020-11-13 18:15:08 --> Fetching IIQA Details
INFO - 2020-11-13 18:15:08 --> Controller "App\Controllers\State" loaded.
INFO - 2020-11-13 18:15:08 --> Fetching IIQA Details
INFO - 2020-11-13 18:16:01 --> Controller "App\Controllers\IIQAForm" loaded.
INFO - 2020-11-13 18:16:01 --> Fetching IIQA Details
INFO - 2020-11-13 18:16:01 --> Controller "App\Controllers\State" loaded.
INFO - 2020-11-13 18:16:01 --> Fetching IIQA Details
INFO - 2020-11-13 18:16:39 --> Controller "App\Controllers\IIQAForm" loaded.
INFO - 2020-11-13 18:16:39 --> Controller "App\Controllers\State" loaded.
INFO - 2020-11-13 18:16:39 --> Fetching IIQA Details
INFO - 2020-11-13 18:16:39 --> Fetching IIQA Details
INFO - 2020-11-13 18:16:40 --> Controller "App\Controllers\State" loaded.
INFO - 2020-11-13 18:16:40 --> Controller "App\Controllers\IIQAForm" loaded.
INFO - 2020-11-13 18:16:40 --> Fetching IIQA Details
INFO - 2020-11-13 18:16:40 --> Fetching IIQA Details
INFO - 2020-11-13 18:16:43 --> Controller "App\Controllers\IIQAForm" loaded.
INFO - 2020-11-13 18:16:43 --> Controller "App\Controllers\State" loaded.
INFO - 2020-11-13 18:16:43 --> Fetching IIQA Details
INFO - 2020-11-13 18:16:43 --> Fetching IIQA Details
INFO - 2020-11-13 18:16:46 --> Controller "App\Controllers\IIQAForm" loaded.
INFO - 2020-11-13 18:16:46 --> Controller "App\Controllers\State" loaded.
INFO - 2020-11-13 18:16:46 --> Fetching IIQA Details
INFO - 2020-11-13 18:16:46 --> Fetching IIQA Details
INFO - 2020-11-13 18:16:49 --> Controller "App\Controllers\IIQAForm" loaded.
INFO - 2020-11-13 18:16:49 --> Controller "App\Controllers\State" loaded.
INFO - 2020-11-13 18:16:49 --> Fetching IIQA Details
INFO - 2020-11-13 18:16:49 --> Fetching IIQA Details
INFO - 2020-11-13 18:16:52 --> Controller "App\Controllers\IIQAForm" loaded.
INFO - 2020-11-13 18:16:52 --> Fetching IIQA Details
INFO - 2020-11-13 18:16:52 --> Controller "App\Controllers\State" loaded.
INFO - 2020-11-13 18:16:52 --> Fetching IIQA Details
INFO - 2020-11-13 18:16:55 --> Controller "App\Controllers\IIQAForm" loaded.
INFO - 2020-11-13 18:16:55 --> Fetching IIQA Details
INFO - 2020-11-13 18:16:55 --> Controller "App\Controllers\State" loaded.
INFO - 2020-11-13 18:16:55 --> Fetching IIQA Details
INFO - 2020-11-13 18:16:58 --> Controller "App\Controllers\State" loaded.
INFO - 2020-11-13 18:16:58 --> Controller "App\Controllers\IIQAForm" loaded.
INFO - 2020-11-13 18:16:58 --> Fetching IIQA Details
INFO - 2020-11-13 18:16:58 --> Fetching IIQA Details
INFO - 2020-11-13 18:19:03 --> Controller "App\Controllers\IIQAForm" loaded.
INFO - 2020-11-13 18:19:03 --> Controller "App\Controllers\State" loaded.
INFO - 2020-11-13 18:19:03 --> Fetching IIQA Details
INFO - 2020-11-13 18:19:03 --> Fetching IIQA Details
INFO - 2020-11-13 18:19:11 --> Controller "App\Controllers\IIQAForm" loaded.
INFO - 2020-11-13 18:19:11 --> Fetching IIQA Details
INFO - 2020-11-13 18:19:11 --> Controller "App\Controllers\State" loaded.
INFO - 2020-11-13 18:19:11 --> Fetching IIQA Details
INFO - 2020-11-13 18:19:21 --> Controller "App\Controllers\IIQAForm" loaded.
INFO - 2020-11-13 18:19:21 --> Fetching IIQA Details
INFO - 2020-11-13 18:19:21 --> Controller "App\Controllers\State" loaded.
INFO - 2020-11-13 18:19:21 --> Fetching IIQA Details
INFO - 2020-11-13 18:19:38 --> Controller "App\Controllers\IIQAForm" loaded.
INFO - 2020-11-13 18:19:38 --> Fetching IIQA Details
INFO - 2020-11-13 18:19:38 --> Controller "App\Controllers\State" loaded.
INFO - 2020-11-13 18:19:38 --> Fetching IIQA Details
INFO - 2020-11-13 18:19:38 --> Controller "App\Controllers\IIQAForm" loaded.
INFO - 2020-11-13 18:19:50 --> Controller "App\Controllers\IIQAForm" loaded.
INFO - 2020-11-13 18:21:02 --> Controller "App\Controllers\IIQAForm" loaded.
INFO - 2020-11-13 18:21:02 --> Controller "App\Controllers\State" loaded.
INFO - 2020-11-13 18:21:02 --> Fetching IIQA Details
INFO - 2020-11-13 18:21:02 --> Fetching IIQA Details
INFO - 2020-11-13 18:21:31 --> Controller "App\Controllers\State" loaded.
INFO - 2020-11-13 18:21:31 --> Controller "App\Controllers\IIQAForm" loaded.
INFO - 2020-11-13 18:21:31 --> Fetching IIQA Details
INFO - 2020-11-13 18:21:31 --> Fetching IIQA Details
INFO - 2020-11-13 18:21:44 --> Controller "App\Controllers\IIQAForm" loaded.
INFO - 2020-11-13 18:21:44 --> Fetching IIQA Details
INFO - 2020-11-13 18:21:44 --> Controller "App\Controllers\State" loaded.
INFO - 2020-11-13 18:21:44 --> Fetching IIQA Details
INFO - 2020-11-13 18:21:49 --> Controller "App\Controllers\IIQAForm" loaded.
INFO - 2020-11-13 18:21:49 --> Controller "App\Controllers\State" loaded.
INFO - 2020-11-13 18:21:49 --> Fetching IIQA Details
INFO - 2020-11-13 18:21:49 --> Fetching IIQA Details
INFO - 2020-11-13 18:21:50 --> Controller "App\Controllers\State" loaded.
INFO - 2020-11-13 18:21:50 --> Controller "App\Controllers\IIQAForm" loaded.
INFO - 2020-11-13 18:21:50 --> Fetching IIQA Details
INFO - 2020-11-13 18:21:50 --> Fetching IIQA Details
INFO - 2020-11-13 18:22:48 --> Controller "App\Controllers\IIQAForm" loaded.
INFO - 2020-11-13 18:22:48 --> Controller "App\Controllers\State" loaded.
INFO - 2020-11-13 18:22:48 --> Fetching IIQA Details
INFO - 2020-11-13 18:22:48 --> Fetching IIQA Details
INFO - 2020-11-13 18:22:51 --> Controller "App\Controllers\IIQAForm" loaded.
INFO - 2020-11-13 18:22:51 --> Controller "App\Controllers\State" loaded.
INFO - 2020-11-13 18:22:51 --> Fetching IIQA Details
INFO - 2020-11-13 18:22:51 --> Fetching IIQA Details
INFO - 2020-11-13 18:23:04 --> Controller "App\Controllers\IIQAForm" loaded.
INFO - 2020-11-13 18:23:04 --> Controller "App\Controllers\State" loaded.
INFO - 2020-11-13 18:23:04 --> Fetching IIQA Details
INFO - 2020-11-13 18:23:04 --> Fetching IIQA Details
INFO - 2020-11-13 18:23:05 --> Controller "App\Controllers\State" loaded.
INFO - 2020-11-13 18:23:05 --> Controller "App\Controllers\IIQAForm" loaded.
INFO - 2020-11-13 18:23:05 --> Fetching IIQA Details
INFO - 2020-11-13 18:23:05 --> Fetching IIQA Details
INFO - 2020-11-13 18:23:38 --> Controller "App\Controllers\IIQAForm" loaded.
INFO - 2020-11-13 18:23:38 --> Fetching IIQA Details
INFO - 2020-11-13 18:23:38 --> Controller "App\Controllers\State" loaded.
INFO - 2020-11-13 18:23:38 --> Fetching IIQA Details
INFO - 2020-11-13 18:23:44 --> Controller "App\Controllers\IIQAForm" loaded.
INFO - 2020-11-13 18:23:44 --> Controller "App\Controllers\State" loaded.
INFO - 2020-11-13 18:23:44 --> Fetching IIQA Details
INFO - 2020-11-13 18:23:44 --> Fetching IIQA Details
INFO - 2020-11-13 18:23:55 --> Controller "App\Controllers\State" loaded.
INFO - 2020-11-13 18:23:55 --> Controller "App\Controllers\IIQAForm" loaded.
INFO - 2020-11-13 18:23:55 --> Fetching IIQA Details
INFO - 2020-11-13 18:23:55 --> Fetching IIQA Details
INFO - 2020-11-13 18:24:30 --> Controller "App\Controllers\IIQAForm" loaded.
INFO - 2020-11-13 18:24:30 --> Controller "App\Controllers\State" loaded.
INFO - 2020-11-13 18:24:30 --> Fetching IIQA Details
INFO - 2020-11-13 18:24:30 --> Fetching IIQA Details
INFO - 2020-11-13 18:25:31 --> Controller "App\Controllers\IIQAForm" loaded.
INFO - 2020-11-13 18:25:31 --> Fetching IIQA Details
INFO - 2020-11-13 18:25:31 --> Controller "App\Controllers\State" loaded.
INFO - 2020-11-13 18:25:31 --> Fetching IIQA Details
INFO - 2020-11-13 18:25:33 --> Controller "App\Controllers\IIQAForm" loaded.
INFO - 2020-11-13 18:25:33 --> Fetching IIQA Details
INFO - 2020-11-13 18:25:33 --> Controller "App\Controllers\State" loaded.
INFO - 2020-11-13 18:25:33 --> Fetching IIQA Details
INFO - 2020-11-13 18:26:18 --> Controller "App\Controllers\IIQAForm" loaded.
INFO - 2020-11-13 18:26:18 --> Controller "App\Controllers\State" loaded.
INFO - 2020-11-13 18:26:18 --> Fetching IIQA Details
INFO - 2020-11-13 18:26:18 --> Fetching IIQA Details
INFO - 2020-11-13 18:27:23 --> Controller "App\Controllers\IIQAForm" loaded.
INFO - 2020-11-13 18:27:23 --> Controller "App\Controllers\State" loaded.
INFO - 2020-11-13 18:27:23 --> Fetching IIQA Details
INFO - 2020-11-13 18:27:23 --> Fetching IIQA Details
INFO - 2020-11-13 18:27:24 --> Controller "App\Controllers\State" loaded.
INFO - 2020-11-13 18:27:24 --> Controller "App\Controllers\IIQAForm" loaded.
INFO - 2020-11-13 18:27:24 --> Fetching IIQA Details
INFO - 2020-11-13 18:27:24 --> Fetching IIQA Details
INFO - 2020-11-13 18:28:38 --> Controller "App\Controllers\IIQAForm" loaded.
INFO - 2020-11-13 18:28:38 --> Controller "App\Controllers\State" loaded.
INFO - 2020-11-13 18:28:38 --> Fetching IIQA Details
INFO - 2020-11-13 18:28:38 --> Fetching IIQA Details
INFO - 2020-11-13 18:29:05 --> Controller "App\Controllers\State" loaded.
INFO - 2020-11-13 18:29:05 --> Controller "App\Controllers\IIQAForm" loaded.
INFO - 2020-11-13 18:29:05 --> Fetching IIQA Details
INFO - 2020-11-13 18:29:05 --> Fetching IIQA Details
INFO - 2020-11-13 18:29:06 --> Controller "App\Controllers\IIQAForm" loaded.
INFO - 2020-11-13 18:29:06 --> Fetching IIQA Details
INFO - 2020-11-13 18:29:06 --> Controller "App\Controllers\State" loaded.
INFO - 2020-11-13 18:29:06 --> Fetching IIQA Details
INFO - 2020-11-13 18:33:23 --> Controller "App\Controllers\IIQAForm" loaded.
INFO - 2020-11-13 18:33:23 --> Fetching IIQA Details
INFO - 2020-11-13 18:33:23 --> Controller "App\Controllers\State" loaded.
INFO - 2020-11-13 18:33:23 --> Fetching IIQA Details
INFO - 2020-11-13 18:33:38 --> Controller "App\Controllers\IIQAForm" loaded.
INFO - 2020-11-13 18:33:38 --> Controller "App\Controllers\State" loaded.
INFO - 2020-11-13 18:33:38 --> Fetching IIQA Details
INFO - 2020-11-13 18:33:38 --> Fetching IIQA Details
INFO - 2020-11-13 18:33:48 --> Controller "App\Controllers\IIQAForm" loaded.
INFO - 2020-11-13 18:33:48 --> Fetching IIQA Details
INFO - 2020-11-13 18:33:48 --> Controller "App\Controllers\State" loaded.
INFO - 2020-11-13 18:33:48 --> Fetching IIQA Details
INFO - 2020-11-13 18:34:25 --> Controller "App\Controllers\IIQAForm" loaded.
INFO - 2020-11-13 18:34:25 --> Controller "App\Controllers\State" loaded.
INFO - 2020-11-13 18:34:25 --> Fetching IIQA Details
INFO - 2020-11-13 18:34:25 --> Fetching IIQA Details
INFO - 2020-11-13 18:35:14 --> Controller "App\Controllers\IIQAForm" loaded.
INFO - 2020-11-13 18:35:14 --> Fetching IIQA Details
INFO - 2020-11-13 18:35:14 --> Controller "App\Controllers\State" loaded.
INFO - 2020-11-13 18:35:14 --> Fetching IIQA Details
INFO - 2020-11-13 18:35:16 --> Controller "App\Controllers\State" loaded.
INFO - 2020-11-13 18:35:16 --> Fetching IIQA Details
INFO - 2020-11-13 18:35:16 --> Controller "App\Controllers\IIQAForm" loaded.
INFO - 2020-11-13 18:35:16 --> Fetching IIQA Details
INFO - 2020-11-13 18:36:37 --> Controller "App\Controllers\IIQAForm" loaded.
INFO - 2020-11-13 18:36:37 --> Controller "App\Controllers\State" loaded.
INFO - 2020-11-13 18:36:37 --> Fetching IIQA Details
INFO - 2020-11-13 18:36:37 --> Fetching IIQA Details
INFO - 2020-11-13 18:36:39 --> Controller "App\Controllers\IIQAForm" loaded.
INFO - 2020-11-13 18:36:39 --> Fetching IIQA Details
INFO - 2020-11-13 18:36:39 --> Controller "App\Controllers\State" loaded.
INFO - 2020-11-13 18:36:39 --> Fetching IIQA Details
INFO - 2020-11-13 18:37:05 --> Controller "App\Controllers\State" loaded.
INFO - 2020-11-13 18:37:05 --> Controller "App\Controllers\IIQAForm" loaded.
INFO - 2020-11-13 18:37:05 --> Fetching IIQA Details
INFO - 2020-11-13 18:37:05 --> Fetching IIQA Details
INFO - 2020-11-13 18:37:07 --> Controller "App\Controllers\State" loaded.
INFO - 2020-11-13 18:37:07 --> Controller "App\Controllers\IIQAForm" loaded.
INFO - 2020-11-13 18:37:07 --> Fetching IIQA Details
INFO - 2020-11-13 18:37:07 --> Fetching IIQA Details
INFO - 2020-11-13 18:38:58 --> Controller "App\Controllers\IIQAForm" loaded.
INFO - 2020-11-13 18:38:58 --> Controller "App\Controllers\State" loaded.
INFO - 2020-11-13 18:38:58 --> Fetching IIQA Details
INFO - 2020-11-13 18:38:58 --> Fetching IIQA Details
INFO - 2020-11-13 18:39:00 --> Controller "App\Controllers\State" loaded.
INFO - 2020-11-13 18:39:00 --> Controller "App\Controllers\IIQAForm" loaded.
INFO - 2020-11-13 18:39:00 --> Fetching IIQA Details
INFO - 2020-11-13 18:39:00 --> Fetching IIQA Details
INFO - 2020-11-13 18:40:10 --> Controller "App\Controllers\IIQAForm" loaded.
INFO - 2020-11-13 18:40:10 --> Fetching IIQA Details
INFO - 2020-11-13 18:40:10 --> Controller "App\Controllers\State" loaded.
INFO - 2020-11-13 18:40:10 --> Fetching IIQA Details
INFO - 2020-11-13 18:41:00 --> Controller "App\Controllers\State" loaded.
INFO - 2020-11-13 18:41:00 --> Fetching IIQA Details
INFO - 2020-11-13 18:41:00 --> Controller "App\Controllers\IIQAForm" loaded.
INFO - 2020-11-13 18:41:00 --> Fetching IIQA Details
INFO - 2020-11-13 18:41:41 --> Controller "App\Controllers\IIQAForm" loaded.
INFO - 2020-11-13 18:41:41 --> Fetching IIQA Details
INFO - 2020-11-13 18:41:41 --> Controller "App\Controllers\State" loaded.
INFO - 2020-11-13 18:41:41 --> Fetching IIQA Details
INFO - 2020-11-13 18:42:05 --> Controller "App\Controllers\IIQAForm" loaded.
INFO - 2020-11-13 18:42:05 --> Fetching IIQA Details
INFO - 2020-11-13 18:42:31 --> Controller "App\Controllers\IIQAForm" loaded.
INFO - 2020-11-13 18:42:31 --> Fetching IIQA Details
INFO - 2020-11-13 18:42:31 --> Controller "App\Controllers\State" loaded.
INFO - 2020-11-13 18:42:31 --> Fetching IIQA Details
INFO - 2020-11-13 18:42:40 --> Controller "App\Controllers\IIQAForm" loaded.
INFO - 2020-11-13 18:42:40 --> Fetching IIQA Details
INFO - 2020-11-13 18:44:02 --> Controller "App\Controllers\IIQAForm" loaded.
INFO - 2020-11-13 18:44:02 --> Fetching IIQA Details
INFO - 2020-11-13 18:44:02 --> Controller "App\Controllers\State" loaded.
INFO - 2020-11-13 18:44:02 --> Fetching IIQA Details
INFO - 2020-11-13 18:44:09 --> Controller "App\Controllers\IIQAForm" loaded.
INFO - 2020-11-13 18:44:09 --> Fetching IIQA Details
INFO - 2020-11-13 18:44:09 --> Controller "App\Controllers\State" loaded.
INFO - 2020-11-13 18:44:09 --> Fetching IIQA Details
INFO - 2020-11-13 18:44:11 --> Controller "App\Controllers\IIQAForm" loaded.
INFO - 2020-11-13 18:44:11 --> Fetching IIQA Details
INFO - 2020-11-13 18:45:43 --> Controller "App\Controllers\IIQAForm" loaded.
INFO - 2020-11-13 18:45:43 --> Controller "App\Controllers\State" loaded.
INFO - 2020-11-13 18:45:43 --> Fetching IIQA Details
INFO - 2020-11-13 18:45:43 --> Fetching IIQA Details
INFO - 2020-11-13 18:45:45 --> Controller "App\Controllers\IIQAForm" loaded.
INFO - 2020-11-13 18:45:45 --> Fetching IIQA Details
INFO - 2020-11-13 18:46:53 --> Controller "App\Controllers\IIQAForm" loaded.
INFO - 2020-11-13 18:46:53 --> Fetching IIQA Details
INFO - 2020-11-13 18:46:53 --> Controller "App\Controllers\State" loaded.
INFO - 2020-11-13 18:46:53 --> Fetching IIQA Details
INFO - 2020-11-13 18:47:46 --> Controller "App\Controllers\IIQAForm" loaded.
INFO - 2020-11-13 18:47:46 --> Fetching IIQA Details
INFO - 2020-11-13 18:47:46 --> Controller "App\Controllers\State" loaded.
INFO - 2020-11-13 18:47:46 --> Fetching IIQA Details
INFO - 2020-11-13 18:48:13 --> Controller "App\Controllers\IIQAForm" loaded.
INFO - 2020-11-13 18:48:13 --> Fetching IIQA Details
INFO - 2020-11-13 18:48:15 --> Controller "App\Controllers\State" loaded.
INFO - 2020-11-13 18:48:15 --> Fetching IIQA Details
INFO - 2020-11-13 18:48:19 --> Controller "App\Controllers\IIQAForm" loaded.
INFO - 2020-11-13 18:48:19 --> Fetching IIQA Details
