INFO - 2021-02-18 10:33:57 --> Controller "App\Controllers\Users" loaded.
INFO - 2021-02-18 10:33:58 --> Controller "App\Controllers\Users" loaded.
INFO - 2021-02-18 10:33:58 --> Fetching All User details
INFO - 2021-02-18 10:35:44 --> Controller "App\Controllers\Users" loaded.
INFO - 2021-02-18 10:35:44 --> Controller "App\Controllers\Users" loaded.
INFO - 2021-02-18 10:35:44 --> Fetching All User details
INFO - 2021-02-18 10:36:33 --> Controller "App\Controllers\Users" loaded.
INFO - 2021-02-18 10:36:34 --> Controller "App\Controllers\Users" loaded.
INFO - 2021-02-18 10:36:34 --> Fetching All User details
INFO - 2021-02-18 10:41:03 --> Controller "App\Controllers\Users" loaded.
INFO - 2021-02-18 10:41:04 --> Controller "App\Controllers\Users" loaded.
INFO - 2021-02-18 10:41:04 --> Fetching All User details
INFO - 2021-02-18 11:10:56 --> Controller "App\Controllers\Users" loaded.
INFO - 2021-02-18 11:10:57 --> Controller "App\Controllers\Users" loaded.
INFO - 2021-02-18 11:10:57 --> Fetching All User details
INFO - 2021-02-18 11:11:31 --> Controller "App\Controllers\Users" loaded.
INFO - 2021-02-18 11:11:31 --> Fetching All User details
INFO - 2021-02-18 11:11:37 --> Controller "App\Controllers\Users" loaded.
INFO - 2021-02-18 11:11:37 --> Controller "App\Controllers\Users" loaded.
INFO - 2021-02-18 11:11:37 --> Fetching All User details
INFO - 2021-02-18 11:11:46 --> Controller "App\Controllers\Users" loaded.
INFO - 2021-02-18 11:11:46 --> Fetching All User details
INFO - 2021-02-18 11:11:46 --> Controller "App\Controllers\Dashboards" loaded.
INFO - 2021-02-18 11:11:46 --> Fetching Dashboard details
INFO - 2021-02-18 11:11:47 --> Controller "App\Controllers\Dashboards" loaded.
INFO - 2021-02-18 11:11:47 --> Controller "App\Controllers\SchedulePlanner" loaded.
INFO - 2021-02-18 11:11:47 --> Fetching IIQA Details
INFO - 2021-02-18 11:11:47 --> Fetching Dashboard details
INFO - 2021-02-18 11:11:49 --> Controller "App\Controllers\PricingHistory" loaded.
INFO - 2021-02-18 11:11:49 --> Fetching IIQA Details
INFO - 2021-02-18 11:11:58 --> Controller "App\Controllers\UserMenu" loaded.
INFO - 2021-02-18 11:11:58 --> Controller "App\Controllers\UserMenu" loaded.
INFO - 2021-02-18 11:11:58 --> Fetching IIQA Details
INFO - 2021-02-18 11:11:58 --> Fetching IIQA Details
INFO - 2021-02-18 11:12:00 --> Controller "App\Controllers\UserMenu" loaded.
INFO - 2021-02-18 11:12:00 --> Controller "App\Controllers\UserMenu" loaded.
INFO - 2021-02-18 11:12:00 --> Fetching IIQA Details
INFO - 2021-02-18 11:12:00 --> Fetching IIQA Details
INFO - 2021-02-18 11:12:11 --> Controller "App\Controllers\SchedulePlanner" loaded.
INFO - 2021-02-18 11:12:11 --> Controller "App\Controllers\Dashboards" loaded.
INFO - 2021-02-18 11:12:11 --> Fetching IIQA Details
INFO - 2021-02-18 11:12:11 --> Fetching Dashboard details
INFO - 2021-02-18 11:12:16 --> Controller "App\Controllers\SchedulePlanner" loaded.
INFO - 2021-02-18 11:12:16 --> Fetching IIQA Details
INFO - 2021-02-18 11:12:16 --> Controller "App\Controllers\InstituteDetails" loaded.
INFO - 2021-02-18 11:12:16 --> Fetching IIQA Details
INFO - 2021-02-18 11:12:20 --> Controller "App\Controllers\SchedulePlanner" loaded.
INFO - 2021-02-18 11:12:20 --> Fetching IIQA Details
INFO - 2021-02-18 11:12:23 --> Controller "App\Controllers\SchedulePlanner" loaded.
INFO - 2021-02-18 11:12:23 --> Fetching IIQA Details
INFO - 2021-02-18 11:12:25 --> Controller "App\Controllers\SchedulePlanner" loaded.
INFO - 2021-02-18 11:12:25 --> Fetching IIQA Details
INFO - 2021-02-18 11:12:27 --> Controller "App\Controllers\SchedulePlanner" loaded.
INFO - 2021-02-18 11:12:27 --> Fetching IIQA Details
INFO - 2021-02-18 11:12:29 --> Controller "App\Controllers\SchedulePlanner" loaded.
INFO - 2021-02-18 11:12:29 --> Fetching IIQA Details
INFO - 2021-02-18 11:12:33 --> Controller "App\Controllers\Dashboards" loaded.
INFO - 2021-02-18 11:12:33 --> Fetching Dashboard details
INFO - 2021-02-18 11:12:33 --> Controller "App\Controllers\SchedulePlanner" loaded.
INFO - 2021-02-18 11:12:33 --> Fetching IIQA Details
INFO - 2021-02-18 11:12:35 --> Controller "App\Controllers\Users" loaded.
INFO - 2021-02-18 11:12:35 --> Controller "App\Controllers\PricingHistory" loaded.
INFO - 2021-02-18 11:12:35 --> Fetching IIQA Details
INFO - 2021-02-18 11:12:35 --> Controller "App\Controllers\InstituteDetails" loaded.
INFO - 2021-02-18 11:12:35 --> Fetching IIQA Details
INFO - 2021-02-18 11:12:35 --> Controller "App\Controllers\Users" loaded.
INFO - 2021-02-18 11:12:35 --> Fetching All User details
INFO - 2021-02-18 11:12:35 --> Controller "App\Controllers\PricingDetails" loaded.
INFO - 2021-02-18 11:12:35 --> Controller "App\Controllers\PricingDetails" loaded.
INFO - 2021-02-18 11:12:35 --> Fetching IIQA Details
INFO - 2021-02-18 11:12:35 --> Fetching IIQA Details
INFO - 2021-02-18 11:12:43 --> Controller "App\Controllers\SchedulePlanner" loaded.
INFO - 2021-02-18 11:12:43 --> Controller "App\Controllers\Dashboards" loaded.
INFO - 2021-02-18 11:12:43 --> Fetching IIQA Details
INFO - 2021-02-18 11:12:43 --> Fetching Dashboard details
INFO - 2021-02-18 11:12:44 --> Controller "App\Controllers\SchedulePlanner" loaded.
INFO - 2021-02-18 11:12:44 --> Fetching IIQA Details
INFO - 2021-02-18 11:12:44 --> Controller "App\Controllers\InstituteDetails" loaded.
INFO - 2021-02-18 11:12:44 --> Fetching IIQA Details
INFO - 2021-02-18 11:12:47 --> Controller "App\Controllers\SchedulePlanner" loaded.
INFO - 2021-02-18 11:12:47 --> Fetching IIQA Details
INFO - 2021-02-18 11:12:49 --> Controller "App\Controllers\SchedulePlanner" loaded.
INFO - 2021-02-18 11:12:49 --> Fetching IIQA Details
INFO - 2021-02-18 11:12:50 --> Controller "App\Controllers\SchedulePlanner" loaded.
INFO - 2021-02-18 11:12:50 --> Fetching IIQA Details
INFO - 2021-02-18 11:12:51 --> Controller "App\Controllers\SchedulePlanner" loaded.
INFO - 2021-02-18 11:12:51 --> Fetching IIQA Details
INFO - 2021-02-18 11:12:53 --> Controller "App\Controllers\SchedulePlanner" loaded.
INFO - 2021-02-18 11:12:54 --> Fetching IIQA Details
INFO - 2021-02-18 11:12:54 --> Controller "App\Controllers\SchedulePlanner" loaded.
INFO - 2021-02-18 11:12:54 --> Controller "App\Controllers\Status" loaded.
INFO - 2021-02-18 11:12:54 --> Controller "App\Controllers\InstituteDetails" loaded.
INFO - 2021-02-18 11:12:54 --> Fetching IIQA Details
INFO - 2021-02-18 11:12:54 --> Controller "App\Controllers\EmployeeDetails" loaded.
INFO - 2021-02-18 11:12:54 --> Fetching IIQA Details
INFO - 2021-02-18 11:12:54 --> Fetching IIQA Details
INFO - 2021-02-18 11:13:01 --> Controller "App\Controllers\Users" loaded.
INFO - 2021-02-18 11:13:01 --> Controller "App\Controllers\Users" loaded.
INFO - 2021-02-18 11:13:01 --> Fetching All User details
INFO - 2021-02-18 11:13:27 --> Controller "App\Controllers\Users" loaded.
INFO - 2021-02-18 11:13:27 --> Controller "App\Controllers\Dashboards" loaded.
INFO - 2021-02-18 11:13:27 --> Fetching All User details
INFO - 2021-02-18 11:13:27 --> Fetching Dashboard details
INFO - 2021-02-18 11:13:31 --> Controller "App\Controllers\Users" loaded.
INFO - 2021-02-18 11:13:32 --> Controller "App\Controllers\Users" loaded.
INFO - 2021-02-18 11:13:32 --> Fetching All User details
INFO - 2021-02-18 11:13:32 --> Controller "App\Controllers\Users" loaded.
INFO - 2021-02-18 11:13:32 --> Fetching All User details
INFO - 2021-02-18 11:13:32 --> Controller "App\Controllers\Dashboards" loaded.
INFO - 2021-02-18 11:13:32 --> Fetching Dashboard details
INFO - 2021-02-18 11:13:33 --> Controller "App\Controllers\Dashboards" loaded.
INFO - 2021-02-18 11:13:33 --> Controller "App\Controllers\SchedulePlanner" loaded.
INFO - 2021-02-18 11:13:33 --> Fetching IIQA Details
INFO - 2021-02-18 11:13:33 --> Fetching Dashboard details
INFO - 2021-02-18 11:13:34 --> Controller "App\Controllers\Users" loaded.
INFO - 2021-02-18 11:13:34 --> Fetching All User details
INFO - 2021-02-18 11:13:37 --> Controller "App\Controllers\Roles" loaded.
INFO - 2021-02-18 11:13:37 --> Fetching Assignments Details details
INFO - 2021-02-18 11:13:37 --> Controller "App\Controllers\Roles" loaded.
INFO - 2021-02-18 11:13:37 --> Fetching Roles details
INFO - 2021-02-18 11:13:37 --> Controller "App\Controllers\Roles" loaded.
INFO - 2021-02-18 11:13:37 --> Fetching Permission details
INFO - 2021-02-18 11:13:46 --> Controller "App\Controllers\PricingHistory" loaded.
INFO - 2021-02-18 11:13:46 --> Fetching IIQA Details
INFO - 2021-02-18 11:13:47 --> Controller "App\Controllers\Dashboards" loaded.
INFO - 2021-02-18 11:13:47 --> Fetching Dashboard details
INFO - 2021-02-18 11:13:47 --> Controller "App\Controllers\SchedulePlanner" loaded.
INFO - 2021-02-18 11:13:47 --> Fetching IIQA Details
INFO - 2021-02-18 11:13:49 --> Controller "App\Controllers\PricingHistory" loaded.
INFO - 2021-02-18 11:13:49 --> Controller "App\Controllers\InstituteDetails" loaded.
INFO - 2021-02-18 11:13:49 --> Fetching IIQA Details
INFO - 2021-02-18 11:13:49 --> Fetching IIQA Details
INFO - 2021-02-18 11:13:49 --> Controller "App\Controllers\PricingDetails" loaded.
INFO - 2021-02-18 11:13:49 --> Controller "App\Controllers\PricingDetails" loaded.
INFO - 2021-02-18 11:13:49 --> Fetching IIQA Details
INFO - 2021-02-18 11:13:49 --> Fetching IIQA Details
INFO - 2021-02-18 11:14:01 --> Controller "App\Controllers\Dashboards" loaded.
INFO - 2021-02-18 11:14:01 --> Controller "App\Controllers\SchedulePlanner" loaded.
INFO - 2021-02-18 11:14:01 --> Fetching IIQA Details
INFO - 2021-02-18 11:14:01 --> Fetching Dashboard details
INFO - 2021-02-18 11:14:06 --> Controller "App\Controllers\Dashboards" loaded.
INFO - 2021-02-18 11:14:06 --> Controller "App\Controllers\Users" loaded.
INFO - 2021-02-18 11:14:06 --> Fetching Dashboard details
INFO - 2021-02-18 11:14:06 --> Fetching All User details
INFO - 2021-02-18 11:14:18 --> Controller "App\Controllers\SchedulePlanner" loaded.
INFO - 2021-02-18 11:14:18 --> Controller "App\Controllers\Dashboards" loaded.
INFO - 2021-02-18 11:14:18 --> Fetching IIQA Details
INFO - 2021-02-18 11:14:18 --> Fetching Dashboard details
INFO - 2021-02-18 11:14:21 --> Controller "App\Controllers\SchedulePlanner" loaded.
INFO - 2021-02-18 11:14:21 --> Controller "App\Controllers\InstituteDetails" loaded.
INFO - 2021-02-18 11:14:21 --> Fetching IIQA Details
INFO - 2021-02-18 11:14:21 --> Fetching IIQA Details
INFO - 2021-02-18 11:14:22 --> Controller "App\Controllers\SchedulePlanner" loaded.
INFO - 2021-02-18 11:14:22 --> Fetching IIQA Details
INFO - 2021-02-18 11:14:24 --> Controller "App\Controllers\SchedulePlanner" loaded.
INFO - 2021-02-18 11:14:24 --> Fetching IIQA Details
INFO - 2021-02-18 11:14:25 --> Controller "App\Controllers\SchedulePlanner" loaded.
INFO - 2021-02-18 11:14:25 --> Fetching IIQA Details
INFO - 2021-02-18 11:14:28 --> Controller "App\Controllers\SchedulePlanner" loaded.
INFO - 2021-02-18 11:14:28 --> Fetching IIQA Details
INFO - 2021-02-18 11:14:29 --> Controller "App\Controllers\SchedulePlanner" loaded.
INFO - 2021-02-18 11:14:29 --> Fetching IIQA Details
INFO - 2021-02-18 11:14:32 --> Controller "App\Controllers\SchedulePlanner" loaded.
INFO - 2021-02-18 11:14:32 --> Fetching IIQA Details
INFO - 2021-02-18 11:14:39 --> Controller "App\Controllers\Users" loaded.
INFO - 2021-02-18 11:14:39 --> Controller "App\Controllers\Users" loaded.
INFO - 2021-02-18 11:14:39 --> Fetching All User details
INFO - 2021-02-18 11:14:40 --> Controller "App\Controllers\SchedulePlanner" loaded.
INFO - 2021-02-18 11:14:40 --> Fetching IIQA Details
INFO - 2021-02-18 11:14:42 --> Controller "App\Controllers\SchedulePlanner" loaded.
INFO - 2021-02-18 11:14:42 --> Fetching IIQA Details
INFO - 2021-02-18 11:14:43 --> Controller "App\Controllers\SchedulePlanner" loaded.
INFO - 2021-02-18 11:14:43 --> Fetching IIQA Details
INFO - 2021-02-18 11:14:48 --> Controller "App\Controllers\Dashboards" loaded.
INFO - 2021-02-18 11:14:48 --> Controller "App\Controllers\Users" loaded.
INFO - 2021-02-18 11:14:48 --> Fetching All User details
INFO - 2021-02-18 11:14:48 --> Fetching Dashboard details
INFO - 2021-02-18 11:14:50 --> Controller "App\Controllers\Users" loaded.
INFO - 2021-02-18 11:14:51 --> Controller "App\Controllers\Users" loaded.
INFO - 2021-02-18 11:14:51 --> Fetching All User details
INFO - 2021-02-18 11:14:56 --> Controller "App\Controllers\Roles" loaded.
INFO - 2021-02-18 11:14:56 --> Controller "App\Controllers\Roles" loaded.
INFO - 2021-02-18 11:14:56 --> Controller "App\Controllers\Roles" loaded.
INFO - 2021-02-18 11:14:56 --> Fetching Permission details
INFO - 2021-02-18 11:14:56 --> Fetching Assignments Details details
INFO - 2021-02-18 11:14:56 --> Fetching Roles details
INFO - 2021-02-18 11:14:59 --> Controller "App\Controllers\Users" loaded.
INFO - 2021-02-18 11:15:10 --> Controller "App\Controllers\Users" loaded.
INFO - 2021-02-18 11:15:10 --> Controller "App\Controllers\Users" loaded.
INFO - 2021-02-18 11:15:10 --> Fetching All User details
INFO - 2021-02-18 11:15:12 --> Controller "App\Controllers\Roles" loaded.
INFO - 2021-02-18 11:15:12 --> Controller "App\Controllers\Roles" loaded.
INFO - 2021-02-18 11:15:12 --> Fetching Roles details
INFO - 2021-02-18 11:15:12 --> Controller "App\Controllers\Roles" loaded.
INFO - 2021-02-18 11:15:12 --> Fetching Permission details
INFO - 2021-02-18 11:15:12 --> Fetching Assignments Details details
INFO - 2021-02-18 11:15:19 --> Controller "App\Controllers\Users" loaded.
INFO - 2021-02-18 11:15:19 --> Fetching All User details
INFO - 2021-02-18 11:15:42 --> Controller "App\Controllers\Users" loaded.
INFO - 2021-02-18 11:15:42 --> Controller "App\Controllers\Users" loaded.
INFO - 2021-02-18 11:15:42 --> Fetching All User details
INFO - 2021-02-18 11:15:59 --> Controller "App\Controllers\Users" loaded.
INFO - 2021-02-18 11:15:59 --> Controller "App\Controllers\Users" loaded.
INFO - 2021-02-18 11:15:59 --> Fetching All User details
INFO - 2021-02-18 11:16:11 --> Controller "App\Controllers\Dashboards" loaded.
INFO - 2021-02-18 11:16:11 --> Controller "App\Controllers\SchedulePlanner" loaded.
INFO - 2021-02-18 11:16:11 --> Fetching IIQA Details
INFO - 2021-02-18 11:16:11 --> Fetching Dashboard details
INFO - 2021-02-18 11:16:15 --> Controller "App\Controllers\Users" loaded.
INFO - 2021-02-18 11:16:16 --> Controller "App\Controllers\Users" loaded.
INFO - 2021-02-18 11:16:16 --> Fetching All User details
INFO - 2021-02-18 11:16:16 --> Controller "App\Controllers\Dashboards" loaded.
INFO - 2021-02-18 11:16:16 --> Fetching Dashboard details
INFO - 2021-02-18 11:16:34 --> Controller "App\Controllers\Users" loaded.
INFO - 2021-02-18 11:16:34 --> Controller "App\Controllers\Users" loaded.
INFO - 2021-02-18 11:16:34 --> Fetching All User details
INFO - 2021-02-18 11:17:12 --> Controller "App\Controllers\Users" loaded.
INFO - 2021-02-18 11:17:13 --> Controller "App\Controllers\Users" loaded.
INFO - 2021-02-18 11:17:13 --> Fetching All User details
INFO - 2021-02-18 11:17:41 --> Controller "App\Controllers\Users" loaded.
INFO - 2021-02-18 11:17:42 --> Controller "App\Controllers\Users" loaded.
INFO - 2021-02-18 11:17:42 --> Fetching All User details
INFO - 2021-02-18 11:17:59 --> Controller "App\Controllers\Users" loaded.
INFO - 2021-02-18 11:17:59 --> Controller "App\Controllers\Users" loaded.
INFO - 2021-02-18 11:17:59 --> Fetching All User details
INFO - 2021-02-18 11:18:11 --> Controller "App\Controllers\PricingHistory" loaded.
INFO - 2021-02-18 11:18:11 --> Fetching IIQA Details
INFO - 2021-02-18 11:18:13 --> Controller "App\Controllers\UserMenu" loaded.
INFO - 2021-02-18 11:18:13 --> Fetching IIQA Details
INFO - 2021-02-18 11:18:13 --> Controller "App\Controllers\UserMenu" loaded.
INFO - 2021-02-18 11:18:13 --> Fetching IIQA Details
INFO - 2021-02-18 11:24:00 --> Controller "App\Controllers\Dashboards" loaded.
INFO - 2021-02-18 11:24:00 --> Fetching Dashboard details
INFO - 2021-02-18 11:24:00 --> Controller "App\Controllers\SchedulePlanner" loaded.
INFO - 2021-02-18 11:24:00 --> Fetching IIQA Details
INFO - 2021-02-18 11:24:02 --> Controller "App\Controllers\PricingHistory" loaded.
INFO - 2021-02-18 11:24:02 --> Fetching IIQA Details
INFO - 2021-02-18 11:24:07 --> Controller "App\Controllers\Dashboards" loaded.
INFO - 2021-02-18 11:24:07 --> Fetching Dashboard details
INFO - 2021-02-18 11:24:07 --> Controller "App\Controllers\SchedulePlanner" loaded.
INFO - 2021-02-18 11:24:07 --> Fetching IIQA Details
INFO - 2021-02-18 11:24:09 --> Controller "App\Controllers\PricingHistory" loaded.
INFO - 2021-02-18 11:24:09 --> Fetching IIQA Details
INFO - 2021-02-18 11:24:11 --> Controller "App\Controllers\Dashboards" loaded.
INFO - 2021-02-18 11:24:11 --> Fetching Dashboard details
INFO - 2021-02-18 11:24:11 --> Controller "App\Controllers\SchedulePlanner" loaded.
INFO - 2021-02-18 11:24:11 --> Fetching IIQA Details
INFO - 2021-02-18 11:24:12 --> Controller "App\Controllers\PricingHistory" loaded.
INFO - 2021-02-18 11:24:12 --> Fetching IIQA Details
INFO - 2021-02-18 11:24:12 --> Controller "App\Controllers\InstituteDetails" loaded.
INFO - 2021-02-18 11:24:12 --> Fetching IIQA Details
INFO - 2021-02-18 11:24:13 --> Controller "App\Controllers\PricingDetails" loaded.
INFO - 2021-02-18 11:24:13 --> Fetching IIQA Details
INFO - 2021-02-18 11:24:13 --> Controller "App\Controllers\PricingDetails" loaded.
INFO - 2021-02-18 11:24:13 --> Fetching IIQA Details
INFO - 2021-02-18 11:24:17 --> Controller "App\Controllers\InstitutePricingHistory" loaded.
INFO - 2021-02-18 11:24:17 --> Fetching IIQA Details
INFO - 2021-02-18 11:24:19 --> Controller "App\Controllers\InstitutePricingDetails" loaded.
INFO - 2021-02-18 11:24:19 --> Fetching IIQA Details
INFO - 2021-02-18 11:24:36 --> Controller "App\Controllers\PricingHistory" loaded.
INFO - 2021-02-18 11:24:36 --> Fetching IIQA Details
INFO - 2021-02-18 11:24:39 --> Controller "App\Controllers\Users" loaded.
INFO - 2021-02-18 11:24:39 --> Fetching All User details
INFO - 2021-02-18 11:24:39 --> Controller "App\Controllers\Dashboards" loaded.
INFO - 2021-02-18 11:24:39 --> Fetching Dashboard details
INFO - 2021-02-18 11:28:18 --> Controller "App\Controllers\PricingHistory" loaded.
INFO - 2021-02-18 11:28:18 --> Fetching IIQA Details
INFO - 2021-02-18 11:28:22 --> Controller "App\Controllers\UserMenu" loaded.
INFO - 2021-02-18 11:28:22 --> Fetching IIQA Details
INFO - 2021-02-18 11:28:22 --> Controller "App\Controllers\UserMenu" loaded.
INFO - 2021-02-18 11:28:22 --> Fetching IIQA Details
INFO - 2021-02-18 11:28:28 --> Controller "App\Controllers\UserMenu" loaded.
INFO - 2021-02-18 11:28:28 --> Fetching IIQA Details
INFO - 2021-02-18 11:28:28 --> Controller "App\Controllers\UserMenu" loaded.
INFO - 2021-02-18 11:28:28 --> Fetching IIQA Details
INFO - 2021-02-18 11:28:58 --> Controller "App\Controllers\UserMenu" loaded.
INFO - 2021-02-18 11:29:01 --> Controller "App\Controllers\UserMenu" loaded.
INFO - 2021-02-18 11:29:01 --> Fetching IIQA Details
INFO - 2021-02-18 11:29:01 --> Controller "App\Controllers\UserMenu" loaded.
INFO - 2021-02-18 11:29:01 --> Fetching IIQA Details
INFO - 2021-02-18 11:29:06 --> Controller "App\Controllers\UserMenu" loaded.
INFO - 2021-02-18 11:29:08 --> Controller "App\Controllers\UserMenu" loaded.
INFO - 2021-02-18 11:29:08 --> Controller "App\Controllers\UserMenu" loaded.
INFO - 2021-02-18 11:29:08 --> Fetching IIQA Details
INFO - 2021-02-18 11:29:08 --> Fetching IIQA Details
INFO - 2021-02-18 11:29:13 --> Controller "App\Controllers\UserMenu" loaded.
INFO - 2021-02-18 11:29:15 --> Controller "App\Controllers\UserMenu" loaded.
INFO - 2021-02-18 11:29:15 --> Fetching IIQA Details
INFO - 2021-02-18 11:29:15 --> Controller "App\Controllers\UserMenu" loaded.
INFO - 2021-02-18 11:29:15 --> Fetching IIQA Details
INFO - 2021-02-18 11:29:54 --> Controller "App\Controllers\UserMenu" loaded.
INFO - 2021-02-18 11:29:56 --> Controller "App\Controllers\UserMenu" loaded.
INFO - 2021-02-18 11:29:56 --> Fetching IIQA Details
INFO - 2021-02-18 11:29:56 --> Controller "App\Controllers\UserMenu" loaded.
INFO - 2021-02-18 11:29:56 --> Fetching IIQA Details
INFO - 2021-02-18 11:30:17 --> Controller "App\Controllers\PricingHistory" loaded.
INFO - 2021-02-18 11:30:17 --> Controller "App\Controllers\Users" loaded.
INFO - 2021-02-18 11:30:17 --> Fetching IIQA Details
INFO - 2021-02-18 11:30:17 --> Fetching All User details
INFO - 2021-02-18 11:30:20 --> Controller "App\Controllers\UserMenu" loaded.
INFO - 2021-02-18 11:30:20 --> Controller "App\Controllers\UserMenu" loaded.
INFO - 2021-02-18 11:30:20 --> Fetching IIQA Details
INFO - 2021-02-18 11:30:20 --> Fetching IIQA Details
INFO - 2021-02-18 11:30:33 --> Controller "App\Controllers\UserMenu" loaded.
INFO - 2021-02-18 11:30:35 --> Controller "App\Controllers\UserMenu" loaded.
INFO - 2021-02-18 11:30:35 --> Fetching IIQA Details
INFO - 2021-02-18 11:30:35 --> Controller "App\Controllers\UserMenu" loaded.
INFO - 2021-02-18 11:30:35 --> Fetching IIQA Details
INFO - 2021-02-18 11:30:45 --> Controller "App\Controllers\UserMenu" loaded.
INFO - 2021-02-18 11:30:47 --> Controller "App\Controllers\UserMenu" loaded.
INFO - 2021-02-18 11:30:47 --> Fetching IIQA Details
INFO - 2021-02-18 11:30:47 --> Controller "App\Controllers\UserMenu" loaded.
INFO - 2021-02-18 11:30:47 --> Fetching IIQA Details
INFO - 2021-02-18 11:30:57 --> Controller "App\Controllers\UserMenu" loaded.
INFO - 2021-02-18 11:30:59 --> Controller "App\Controllers\UserMenu" loaded.
INFO - 2021-02-18 11:30:59 --> Fetching IIQA Details
INFO - 2021-02-18 11:30:59 --> Controller "App\Controllers\UserMenu" loaded.
INFO - 2021-02-18 11:30:59 --> Fetching IIQA Details
INFO - 2021-02-18 11:31:11 --> Controller "App\Controllers\PricingHistory" loaded.
INFO - 2021-02-18 11:31:11 --> Controller "App\Controllers\Users" loaded.
INFO - 2021-02-18 11:31:11 --> Fetching IIQA Details
INFO - 2021-02-18 11:31:11 --> Fetching All User details
INFO - 2021-02-18 11:31:17 --> Controller "App\Controllers\UserMenu" loaded.
INFO - 2021-02-18 11:31:17 --> Fetching IIQA Details
INFO - 2021-02-18 11:31:17 --> Controller "App\Controllers\UserMenu" loaded.
INFO - 2021-02-18 11:31:17 --> Fetching IIQA Details
INFO - 2021-02-18 11:32:09 --> Controller "App\Controllers\UserMenu" loaded.
INFO - 2021-02-18 11:32:12 --> Controller "App\Controllers\UserMenu" loaded.
INFO - 2021-02-18 11:32:12 --> Fetching IIQA Details
INFO - 2021-02-18 11:32:12 --> Controller "App\Controllers\UserMenu" loaded.
INFO - 2021-02-18 11:32:12 --> Fetching IIQA Details
INFO - 2021-02-18 11:32:37 --> Controller "App\Controllers\UserMenu" loaded.
INFO - 2021-02-18 11:32:39 --> Controller "App\Controllers\UserMenu" loaded.
INFO - 2021-02-18 11:32:39 --> Fetching IIQA Details
INFO - 2021-02-18 11:32:39 --> Controller "App\Controllers\UserMenu" loaded.
INFO - 2021-02-18 11:32:39 --> Fetching IIQA Details
INFO - 2021-02-18 11:32:52 --> Controller "App\Controllers\UserMenu" loaded.
INFO - 2021-02-18 11:32:54 --> Controller "App\Controllers\UserMenu" loaded.
INFO - 2021-02-18 11:32:54 --> Fetching IIQA Details
INFO - 2021-02-18 11:32:54 --> Controller "App\Controllers\UserMenu" loaded.
INFO - 2021-02-18 11:32:54 --> Fetching IIQA Details
INFO - 2021-02-18 11:33:01 --> Controller "App\Controllers\Users" loaded.
INFO - 2021-02-18 11:33:01 --> Fetching All User details
INFO - 2021-02-18 11:33:01 --> Controller "App\Controllers\PricingHistory" loaded.
INFO - 2021-02-18 11:33:01 --> Fetching IIQA Details
INFO - 2021-02-18 11:33:03 --> Controller "App\Controllers\UserMenu" loaded.
INFO - 2021-02-18 11:33:03 --> Fetching IIQA Details
INFO - 2021-02-18 11:33:03 --> Controller "App\Controllers\UserMenu" loaded.
INFO - 2021-02-18 11:33:03 --> Fetching IIQA Details
INFO - 2021-02-18 11:33:10 --> Controller "App\Controllers\UserMenu" loaded.
INFO - 2021-02-18 11:33:10 --> Fetching IIQA Details
INFO - 2021-02-18 11:33:10 --> Controller "App\Controllers\UserMenu" loaded.
INFO - 2021-02-18 11:33:10 --> Fetching IIQA Details
INFO - 2021-02-18 11:34:20 --> Controller "App\Controllers\PricingDetails" loaded.
INFO - 2021-02-18 11:34:20 --> Fetching IIQA Details
INFO - 2021-02-18 11:34:20 --> Controller "App\Controllers\PricingDetails" loaded.
INFO - 2021-02-18 11:34:20 --> Fetching IIQA Details
INFO - 2021-02-18 11:34:48 --> Controller "App\Controllers\UserMenu" loaded.
INFO - 2021-02-18 11:34:48 --> Controller "App\Controllers\UserMenu" loaded.
INFO - 2021-02-18 11:34:48 --> Fetching IIQA Details
INFO - 2021-02-18 11:34:48 --> Fetching IIQA Details
INFO - 2021-02-18 11:36:10 --> Controller "App\Controllers\PricingHistory" loaded.
INFO - 2021-02-18 11:36:14 --> Controller "App\Controllers\PricingHistory" loaded.
INFO - 2021-02-18 11:36:14 --> Fetching IIQA Details
INFO - 2021-02-18 11:36:20 --> Controller "App\Controllers\UserMenu" loaded.
INFO - 2021-02-18 11:36:20 --> Controller "App\Controllers\UserMenu" loaded.
INFO - 2021-02-18 11:36:20 --> Fetching IIQA Details
INFO - 2021-02-18 11:36:20 --> Fetching IIQA Details
INFO - 2021-02-18 11:36:28 --> Controller "App\Controllers\UserMenu" loaded.
INFO - 2021-02-18 11:36:28 --> Fetching IIQA Details
INFO - 2021-02-18 11:36:28 --> Controller "App\Controllers\UserMenu" loaded.
INFO - 2021-02-18 11:36:28 --> Fetching IIQA Details
INFO - 2021-02-18 11:41:22 --> Controller "App\Controllers\UserMenu" loaded.
INFO - 2021-02-18 11:41:22 --> Fetching IIQA Details
INFO - 2021-02-18 11:41:22 --> Controller "App\Controllers\UserMenu" loaded.
INFO - 2021-02-18 11:41:22 --> Fetching IIQA Details
INFO - 2021-02-18 11:41:39 --> Controller "App\Controllers\UserMenu" loaded.
INFO - 2021-02-18 11:41:41 --> Controller "App\Controllers\UserMenu" loaded.
INFO - 2021-02-18 11:41:41 --> Fetching IIQA Details
INFO - 2021-02-18 11:41:41 --> Controller "App\Controllers\UserMenu" loaded.
INFO - 2021-02-18 11:41:41 --> Fetching IIQA Details
INFO - 2021-02-18 11:41:48 --> Controller "App\Controllers\UserMenu" loaded.
INFO - 2021-02-18 11:41:50 --> Controller "App\Controllers\UserMenu" loaded.
INFO - 2021-02-18 11:41:50 --> Fetching IIQA Details
INFO - 2021-02-18 11:41:50 --> Controller "App\Controllers\UserMenu" loaded.
INFO - 2021-02-18 11:41:50 --> Fetching IIQA Details
INFO - 2021-02-18 11:42:45 --> Controller "App\Controllers\PricingDetails" loaded.
INFO - 2021-02-18 11:42:45 --> Controller "App\Controllers\PricingDetails" loaded.
INFO - 2021-02-18 11:42:45 --> Fetching IIQA Details
INFO - 2021-02-18 11:42:45 --> Fetching IIQA Details
INFO - 2021-02-18 11:43:05 --> Controller "App\Controllers\PricingDetails" loaded.
INFO - 2021-02-18 11:43:05 --> Fetching IIQA Details
INFO - 2021-02-18 11:43:05 --> Controller "App\Controllers\PricingDetails" loaded.
INFO - 2021-02-18 11:43:05 --> Fetching IIQA Details
INFO - 2021-02-18 11:43:18 --> Controller "App\Controllers\PricingDetails" loaded.
INFO - 2021-02-18 11:43:18 --> Fetching IIQA Details
INFO - 2021-02-18 11:43:18 --> Controller "App\Controllers\PricingDetails" loaded.
INFO - 2021-02-18 11:43:18 --> Fetching IIQA Details
INFO - 2021-02-18 11:46:08 --> Controller "App\Controllers\UserMenu" loaded.
INFO - 2021-02-18 11:46:08 --> Controller "App\Controllers\UserMenu" loaded.
INFO - 2021-02-18 11:46:08 --> Fetching IIQA Details
INFO - 2021-02-18 11:46:08 --> Fetching IIQA Details
INFO - 2021-02-18 11:48:21 --> Controller "App\Controllers\PricingHistory" loaded.
INFO - 2021-02-18 11:48:24 --> Controller "App\Controllers\PricingHistory" loaded.
INFO - 2021-02-18 11:48:24 --> Fetching IIQA Details
INFO - 2021-02-18 11:48:39 --> Controller "App\Controllers\PricingDetails" loaded.
INFO - 2021-02-18 11:48:39 --> Fetching IIQA Details
INFO - 2021-02-18 11:48:39 --> Controller "App\Controllers\PricingDetails" loaded.
INFO - 2021-02-18 11:48:39 --> Fetching IIQA Details
INFO - 2021-02-18 11:50:03 --> Controller "App\Controllers\PricingDetails" loaded.
INFO - 2021-02-18 11:50:03 --> Fetching IIQA Details
INFO - 2021-02-18 11:50:03 --> Controller "App\Controllers\PricingDetails" loaded.
INFO - 2021-02-18 11:50:03 --> Fetching IIQA Details
INFO - 2021-02-18 11:50:14 --> Controller "App\Controllers\PricingDetails" loaded.
INFO - 2021-02-18 11:50:14 --> Controller "App\Controllers\PricingDetails" loaded.
INFO - 2021-02-18 11:50:14 --> Fetching IIQA Details
INFO - 2021-02-18 11:50:14 --> Fetching IIQA Details
INFO - 2021-02-18 12:06:19 --> Controller "App\Controllers\Users" loaded.
INFO - 2021-02-18 12:06:19 --> Controller "App\Controllers\PricingHistory" loaded.
INFO - 2021-02-18 12:06:19 --> Fetching IIQA Details
INFO - 2021-02-18 12:06:19 --> Fetching All User details
INFO - 2021-02-18 12:06:21 --> Controller "App\Controllers\UserMenu" loaded.
INFO - 2021-02-18 12:06:21 --> Fetching IIQA Details
INFO - 2021-02-18 12:06:21 --> Controller "App\Controllers\UserMenu" loaded.
INFO - 2021-02-18 12:06:21 --> Fetching IIQA Details
INFO - 2021-02-18 12:06:26 --> Controller "App\Controllers\UserMenu" loaded.
INFO - 2021-02-18 12:06:26 --> Controller "App\Controllers\UserMenu" loaded.
INFO - 2021-02-18 12:06:26 --> Fetching IIQA Details
INFO - 2021-02-18 12:06:26 --> Fetching IIQA Details
INFO - 2021-02-18 12:06:34 --> Controller "App\Controllers\UserMenu" loaded.
INFO - 2021-02-18 12:06:34 --> Fetching IIQA Details
INFO - 2021-02-18 12:06:34 --> Controller "App\Controllers\UserMenu" loaded.
INFO - 2021-02-18 12:06:34 --> Fetching IIQA Details
INFO - 2021-02-18 12:06:37 --> Controller "App\Controllers\UserMenu" loaded.
INFO - 2021-02-18 12:06:37 --> Fetching IIQA Details
INFO - 2021-02-18 12:06:37 --> Controller "App\Controllers\UserMenu" loaded.
INFO - 2021-02-18 12:06:37 --> Fetching IIQA Details
INFO - 2021-02-18 12:07:29 --> Controller "App\Controllers\UserMenu" loaded.
INFO - 2021-02-18 12:07:29 --> Fetching IIQA Details
INFO - 2021-02-18 12:07:29 --> Controller "App\Controllers\UserMenu" loaded.
INFO - 2021-02-18 12:07:29 --> Fetching IIQA Details
INFO - 2021-02-18 12:07:46 --> Controller "App\Controllers\UserMenu" loaded.
INFO - 2021-02-18 12:07:49 --> Controller "App\Controllers\UserMenu" loaded.
INFO - 2021-02-18 12:07:49 --> Fetching IIQA Details
INFO - 2021-02-18 12:07:49 --> Controller "App\Controllers\UserMenu" loaded.
INFO - 2021-02-18 12:07:49 --> Fetching IIQA Details
INFO - 2021-02-18 12:07:53 --> Controller "App\Controllers\UserMenu" loaded.
INFO - 2021-02-18 12:07:55 --> Controller "App\Controllers\UserMenu" loaded.
INFO - 2021-02-18 12:07:55 --> Fetching IIQA Details
INFO - 2021-02-18 12:07:55 --> Controller "App\Controllers\UserMenu" loaded.
INFO - 2021-02-18 12:07:55 --> Fetching IIQA Details
INFO - 2021-02-18 12:08:17 --> Controller "App\Controllers\UserMenu" loaded.
INFO - 2021-02-18 12:08:19 --> Controller "App\Controllers\UserMenu" loaded.
INFO - 2021-02-18 12:08:19 --> Fetching IIQA Details
INFO - 2021-02-18 12:08:20 --> Controller "App\Controllers\UserMenu" loaded.
INFO - 2021-02-18 12:08:20 --> Fetching IIQA Details
INFO - 2021-02-18 12:08:51 --> Controller "App\Controllers\UserMenu" loaded.
INFO - 2021-02-18 12:08:53 --> Controller "App\Controllers\UserMenu" loaded.
INFO - 2021-02-18 12:08:53 --> Fetching IIQA Details
INFO - 2021-02-18 12:08:53 --> Controller "App\Controllers\UserMenu" loaded.
INFO - 2021-02-18 12:08:53 --> Fetching IIQA Details
INFO - 2021-02-18 12:08:57 --> Controller "App\Controllers\UserMenu" loaded.
INFO - 2021-02-18 12:08:59 --> Controller "App\Controllers\UserMenu" loaded.
INFO - 2021-02-18 12:08:59 --> Fetching IIQA Details
INFO - 2021-02-18 12:08:59 --> Controller "App\Controllers\UserMenu" loaded.
INFO - 2021-02-18 12:08:59 --> Fetching IIQA Details
INFO - 2021-02-18 12:10:02 --> Controller "App\Controllers\Dashboards" loaded.
INFO - 2021-02-18 12:10:02 --> Controller "App\Controllers\SchedulePlanner" loaded.
INFO - 2021-02-18 12:10:02 --> Fetching IIQA Details
INFO - 2021-02-18 12:10:02 --> Fetching Dashboard details
INFO - 2021-02-18 12:10:04 --> Controller "App\Controllers\PricingHistory" loaded.
INFO - 2021-02-18 12:10:04 --> Fetching IIQA Details
INFO - 2021-02-18 12:10:04 --> Controller "App\Controllers\InstituteDetails" loaded.
INFO - 2021-02-18 12:10:04 --> Fetching IIQA Details
INFO - 2021-02-18 12:10:05 --> Controller "App\Controllers\PricingDetails" loaded.
INFO - 2021-02-18 12:10:05 --> Controller "App\Controllers\PricingDetails" loaded.
INFO - 2021-02-18 12:10:05 --> Fetching IIQA Details
INFO - 2021-02-18 12:10:05 --> Fetching IIQA Details
INFO - 2021-02-18 12:11:35 --> Controller "App\Controllers\PricingHistory" loaded.
INFO - 2021-02-18 12:11:35 --> Fetching IIQA Details
INFO - 2021-02-18 12:11:35 --> Controller "App\Controllers\InstituteDetails" loaded.
INFO - 2021-02-18 12:11:35 --> Fetching IIQA Details
INFO - 2021-02-18 12:11:35 --> Controller "App\Controllers\PricingDetails" loaded.
INFO - 2021-02-18 12:11:35 --> Fetching IIQA Details
INFO - 2021-02-18 12:11:35 --> Controller "App\Controllers\PricingDetails" loaded.
INFO - 2021-02-18 12:11:35 --> Fetching IIQA Details
INFO - 2021-02-18 12:13:49 --> Controller "App\Controllers\InstitutePricingHistory" loaded.
INFO - 2021-02-18 12:13:49 --> Fetching IIQA Details
INFO - 2021-02-18 12:13:55 --> Controller "App\Controllers\InstitutePricingDetails" loaded.
INFO - 2021-02-18 12:13:55 --> Fetching IIQA Details
INFO - 2021-02-18 12:14:36 --> Controller "App\Controllers\InstitutePricingHistory" loaded.
INFO - 2021-02-18 12:14:37 --> Fetching IIQA Details
INFO - 2021-02-18 12:14:42 --> Controller "App\Controllers\InstitutePricingDetails" loaded.
INFO - 2021-02-18 12:14:42 --> Fetching IIQA Details
INFO - 2021-02-18 12:15:17 --> Controller "App\Controllers\Dashboards" loaded.
INFO - 2021-02-18 12:15:17 --> Fetching Dashboard details
INFO - 2021-02-18 12:15:18 --> Controller "App\Controllers\SchedulePlanner" loaded.
INFO - 2021-02-18 12:15:18 --> Fetching IIQA Details
INFO - 2021-02-18 12:15:18 --> Controller "App\Controllers\Users" loaded.
INFO - 2021-02-18 12:15:18 --> Fetching All User details
INFO - 2021-02-18 12:15:20 --> Controller "App\Controllers\PricingHistory" loaded.
INFO - 2021-02-18 12:15:20 --> Controller "App\Controllers\InstituteDetails" loaded.
INFO - 2021-02-18 12:15:20 --> Fetching IIQA Details
INFO - 2021-02-18 12:15:20 --> Fetching IIQA Details
INFO - 2021-02-18 12:15:21 --> Controller "App\Controllers\PricingDetails" loaded.
INFO - 2021-02-18 12:15:21 --> Fetching IIQA Details
INFO - 2021-02-18 12:15:21 --> Controller "App\Controllers\PricingDetails" loaded.
INFO - 2021-02-18 12:15:21 --> Fetching IIQA Details
INFO - 2021-02-18 12:19:23 --> Controller "App\Controllers\InstitutePricingHistory" loaded.
INFO - 2021-02-18 12:19:32 --> Controller "App\Controllers\PricingHistory" loaded.
INFO - 2021-02-18 12:19:32 --> Fetching IIQA Details
INFO - 2021-02-18 12:19:37 --> Controller "App\Controllers\UserMenu" loaded.
INFO - 2021-02-18 12:19:37 --> Controller "App\Controllers\UserMenu" loaded.
INFO - 2021-02-18 12:19:37 --> Fetching IIQA Details
INFO - 2021-02-18 12:19:37 --> Fetching IIQA Details
INFO - 2021-02-18 12:19:55 --> Controller "App\Controllers\UserMenu" loaded.
INFO - 2021-02-18 12:19:55 --> Fetching IIQA Details
INFO - 2021-02-18 12:19:55 --> Controller "App\Controllers\UserMenu" loaded.
INFO - 2021-02-18 12:19:55 --> Fetching IIQA Details
INFO - 2021-02-18 12:20:01 --> Controller "App\Controllers\UserMenu" loaded.
INFO - 2021-02-18 12:20:01 --> Fetching IIQA Details
INFO - 2021-02-18 12:20:01 --> Controller "App\Controllers\UserMenu" loaded.
INFO - 2021-02-18 12:20:01 --> Fetching IIQA Details
INFO - 2021-02-18 12:20:05 --> Controller "App\Controllers\Dashboards" loaded.
INFO - 2021-02-18 12:20:05 --> Fetching Dashboard details
INFO - 2021-02-18 12:20:05 --> Controller "App\Controllers\SchedulePlanner" loaded.
INFO - 2021-02-18 12:20:05 --> Fetching IIQA Details
INFO - 2021-02-18 12:20:07 --> Controller "App\Controllers\PricingHistory" loaded.
INFO - 2021-02-18 12:20:07 --> Fetching IIQA Details
INFO - 2021-02-18 12:20:07 --> Controller "App\Controllers\InstituteDetails" loaded.
INFO - 2021-02-18 12:20:07 --> Fetching IIQA Details
INFO - 2021-02-18 12:20:08 --> Controller "App\Controllers\PricingDetails" loaded.
INFO - 2021-02-18 12:20:08 --> Controller "App\Controllers\PricingDetails" loaded.
INFO - 2021-02-18 12:20:08 --> Fetching IIQA Details
INFO - 2021-02-18 12:20:08 --> Fetching IIQA Details
INFO - 2021-02-18 12:23:11 --> Controller "App\Controllers\PricingHistory" loaded.
INFO - 2021-02-18 12:23:11 --> Fetching IIQA Details
INFO - 2021-02-18 12:23:11 --> Controller "App\Controllers\InstituteDetails" loaded.
INFO - 2021-02-18 12:23:11 --> Fetching IIQA Details
INFO - 2021-02-18 12:23:12 --> Controller "App\Controllers\PricingDetails" loaded.
INFO - 2021-02-18 12:23:12 --> Controller "App\Controllers\PricingDetails" loaded.
INFO - 2021-02-18 12:23:12 --> Fetching IIQA Details
INFO - 2021-02-18 12:23:12 --> Fetching IIQA Details
INFO - 2021-02-18 12:23:18 --> Controller "App\Controllers\PricingHistory" loaded.
INFO - 2021-02-18 12:23:18 --> Fetching IIQA Details
INFO - 2021-02-18 12:23:18 --> Controller "App\Controllers\InstituteDetails" loaded.
INFO - 2021-02-18 12:23:18 --> Fetching IIQA Details
INFO - 2021-02-18 12:23:18 --> Controller "App\Controllers\PricingDetails" loaded.
INFO - 2021-02-18 12:23:18 --> Controller "App\Controllers\PricingDetails" loaded.
INFO - 2021-02-18 12:23:18 --> Fetching IIQA Details
INFO - 2021-02-18 12:23:18 --> Fetching IIQA Details
INFO - 2021-02-18 12:23:40 --> Controller "App\Controllers\InstitutePricingHistory" loaded.
INFO - 2021-02-18 12:23:40 --> Fetching IIQA Details
INFO - 2021-02-18 12:23:45 --> Controller "App\Controllers\InstitutePricingDetails" loaded.
INFO - 2021-02-18 12:23:45 --> Fetching IIQA Details
INFO - 2021-02-18 12:24:09 --> Controller "App\Controllers\Dashboards" loaded.
INFO - 2021-02-18 12:24:09 --> Fetching Dashboard details
INFO - 2021-02-18 12:24:09 --> Controller "App\Controllers\SchedulePlanner" loaded.
INFO - 2021-02-18 12:24:09 --> Fetching IIQA Details
INFO - 2021-02-18 12:24:09 --> Controller "App\Controllers\Users" loaded.
INFO - 2021-02-18 12:24:09 --> Fetching All User details
INFO - 2021-02-18 12:24:13 --> Controller "App\Controllers\PricingHistory" loaded.
INFO - 2021-02-18 12:24:13 --> Fetching IIQA Details
INFO - 2021-02-18 12:24:13 --> Controller "App\Controllers\InstituteDetails" loaded.
INFO - 2021-02-18 12:24:13 --> Fetching IIQA Details
INFO - 2021-02-18 12:24:14 --> Controller "App\Controllers\PricingDetails" loaded.
INFO - 2021-02-18 12:24:14 --> Controller "App\Controllers\PricingDetails" loaded.
INFO - 2021-02-18 12:24:14 --> Fetching IIQA Details
INFO - 2021-02-18 12:24:14 --> Fetching IIQA Details
INFO - 2021-02-18 12:25:09 --> Controller "App\Controllers\InstitutePricingHistory" loaded.
INFO - 2021-02-18 12:25:09 --> Fetching IIQA Details
INFO - 2021-02-18 12:25:16 --> Controller "App\Controllers\InstitutePricingDetails" loaded.
INFO - 2021-02-18 12:25:16 --> Fetching IIQA Details
INFO - 2021-02-18 12:26:00 --> Controller "App\Controllers\Dashboards" loaded.
INFO - 2021-02-18 12:26:00 --> Controller "App\Controllers\SchedulePlanner" loaded.
INFO - 2021-02-18 12:26:00 --> Fetching IIQA Details
INFO - 2021-02-18 12:26:00 --> Fetching Dashboard details
INFO - 2021-02-18 12:26:00 --> Controller "App\Controllers\Users" loaded.
INFO - 2021-02-18 12:26:00 --> Fetching All User details
INFO - 2021-02-18 12:26:07 --> Controller "App\Controllers\PricingHistory" loaded.
INFO - 2021-02-18 12:26:07 --> Fetching IIQA Details
INFO - 2021-02-18 12:26:07 --> Controller "App\Controllers\InstituteDetails" loaded.
INFO - 2021-02-18 12:26:07 --> Fetching IIQA Details
INFO - 2021-02-18 12:26:08 --> Controller "App\Controllers\PricingDetails" loaded.
INFO - 2021-02-18 12:26:09 --> Fetching IIQA Details
INFO - 2021-02-18 12:26:09 --> Controller "App\Controllers\PricingDetails" loaded.
INFO - 2021-02-18 12:26:09 --> Fetching IIQA Details
INFO - 2021-02-18 12:34:04 --> Controller "App\Controllers\InstitutePricingHistory" loaded.
INFO - 2021-02-18 12:34:11 --> Controller "App\Controllers\Users" loaded.
INFO - 2021-02-18 12:34:11 --> Fetching All User details
INFO - 2021-02-18 12:34:11 --> Controller "App\Controllers\Dashboards" loaded.
INFO - 2021-02-18 12:34:11 --> Fetching Dashboard details
INFO - 2021-02-18 12:35:22 --> Controller "App\Controllers\Dashboards" loaded.
INFO - 2021-02-18 12:35:22 --> Fetching Dashboard details
INFO - 2021-02-18 12:35:22 --> Controller "App\Controllers\SchedulePlanner" loaded.
INFO - 2021-02-18 12:35:22 --> Fetching IIQA Details
INFO - 2021-02-18 12:35:25 --> Controller "App\Controllers\PricingHistory" loaded.
INFO - 2021-02-18 12:35:25 --> Fetching IIQA Details
INFO - 2021-02-18 12:35:25 --> Controller "App\Controllers\InstituteDetails" loaded.
INFO - 2021-02-18 12:35:25 --> Fetching IIQA Details
INFO - 2021-02-18 12:35:25 --> Controller "App\Controllers\PricingDetails" loaded.
INFO - 2021-02-18 12:35:25 --> Fetching IIQA Details
INFO - 2021-02-18 12:35:25 --> Controller "App\Controllers\PricingDetails" loaded.
INFO - 2021-02-18 12:35:25 --> Fetching IIQA Details
INFO - 2021-02-18 12:35:31 --> Controller "App\Controllers\Dashboards" loaded.
INFO - 2021-02-18 12:35:31 --> Controller "App\Controllers\SchedulePlanner" loaded.
INFO - 2021-02-18 12:35:31 --> Fetching IIQA Details
INFO - 2021-02-18 12:35:31 --> Fetching Dashboard details
INFO - 2021-02-18 12:36:05 --> Controller "App\Controllers\Dashboards" loaded.
INFO - 2021-02-18 12:36:05 --> Fetching Dashboard details
INFO - 2021-02-18 12:36:05 --> Controller "App\Controllers\SchedulePlanner" loaded.
INFO - 2021-02-18 12:36:05 --> Fetching IIQA Details
INFO - 2021-02-18 12:39:01 --> Controller "App\Controllers\PricingHistory" loaded.
INFO - 2021-02-18 12:39:01 --> Controller "App\Controllers\InstituteDetails" loaded.
INFO - 2021-02-18 12:39:01 --> Fetching IIQA Details
INFO - 2021-02-18 12:39:01 --> Fetching IIQA Details
INFO - 2021-02-18 12:39:02 --> Controller "App\Controllers\PricingDetails" loaded.
INFO - 2021-02-18 12:39:02 --> Fetching IIQA Details
INFO - 2021-02-18 12:39:02 --> Controller "App\Controllers\PricingDetails" loaded.
INFO - 2021-02-18 12:39:02 --> Fetching IIQA Details
INFO - 2021-02-18 12:40:52 --> Controller "App\Controllers\InstitutePricingHistory" loaded.
INFO - 2021-02-18 12:41:04 --> Controller "App\Controllers\PricingHistory" loaded.
INFO - 2021-02-18 12:41:04 --> Fetching IIQA Details
INFO - 2021-02-18 12:41:04 --> Controller "App\Controllers\InstituteDetails" loaded.
INFO - 2021-02-18 12:41:04 --> Fetching IIQA Details
INFO - 2021-02-18 12:41:04 --> Controller "App\Controllers\PricingDetails" loaded.
INFO - 2021-02-18 12:41:04 --> Fetching IIQA Details
INFO - 2021-02-18 12:41:04 --> Controller "App\Controllers\PricingDetails" loaded.
INFO - 2021-02-18 12:41:04 --> Fetching IIQA Details
INFO - 2021-02-18 12:44:08 --> Controller "App\Controllers\Users" loaded.
INFO - 2021-02-18 12:44:08 --> Controller "App\Controllers\Users" loaded.
INFO - 2021-02-18 12:44:08 --> Fetching All User details
INFO - 2021-02-18 12:44:17 --> Controller "App\Controllers\PricingHistory" loaded.
INFO - 2021-02-18 12:44:17 --> Fetching IIQA Details
INFO - 2021-02-18 12:44:19 --> Controller "App\Controllers\Dashboards" loaded.
INFO - 2021-02-18 12:44:19 --> Fetching Dashboard details
INFO - 2021-02-18 12:44:19 --> Controller "App\Controllers\SchedulePlanner" loaded.
INFO - 2021-02-18 12:44:19 --> Fetching IIQA Details
INFO - 2021-02-18 12:44:23 --> Controller "App\Controllers\PricingHistory" loaded.
INFO - 2021-02-18 12:44:23 --> Fetching IIQA Details
INFO - 2021-02-18 12:44:23 --> Controller "App\Controllers\Dashboards" loaded.
INFO - 2021-02-18 12:44:23 --> Fetching Dashboard details
INFO - 2021-02-18 12:44:23 --> Controller "App\Controllers\SchedulePlanner" loaded.
INFO - 2021-02-18 12:44:23 --> Fetching IIQA Details
INFO - 2021-02-18 12:44:25 --> Controller "App\Controllers\PricingHistory" loaded.
INFO - 2021-02-18 12:44:25 --> Fetching IIQA Details
INFO - 2021-02-18 12:44:27 --> Controller "App\Controllers\Users" loaded.
INFO - 2021-02-18 12:44:27 --> Fetching All User details
INFO - 2021-02-18 12:44:27 --> Controller "App\Controllers\PricingHistory" loaded.
INFO - 2021-02-18 12:44:27 --> Fetching IIQA Details
INFO - 2021-02-18 12:44:29 --> Controller "App\Controllers\PricingHistory" loaded.
INFO - 2021-02-18 12:44:29 --> Fetching IIQA Details
INFO - 2021-02-18 12:44:35 --> Controller "App\Controllers\Dashboards" loaded.
INFO - 2021-02-18 12:44:35 --> Controller "App\Controllers\SchedulePlanner" loaded.
INFO - 2021-02-18 12:44:35 --> Fetching IIQA Details
INFO - 2021-02-18 12:44:35 --> Fetching Dashboard details
INFO - 2021-02-18 12:44:55 --> Controller "App\Controllers\UserMenu" loaded.
INFO - 2021-02-18 12:44:55 --> Fetching IIQA Details
INFO - 2021-02-18 12:44:55 --> Controller "App\Controllers\UserMenu" loaded.
INFO - 2021-02-18 12:44:55 --> Fetching IIQA Details
INFO - 2021-02-18 12:44:58 --> Controller "App\Controllers\Dashboards" loaded.
INFO - 2021-02-18 12:44:58 --> Fetching Dashboard details
INFO - 2021-02-18 12:44:58 --> Controller "App\Controllers\SchedulePlanner" loaded.
INFO - 2021-02-18 12:44:58 --> Fetching IIQA Details
INFO - 2021-02-18 12:45:00 --> Controller "App\Controllers\PricingHistory" loaded.
INFO - 2021-02-18 12:45:00 --> Fetching IIQA Details
INFO - 2021-02-18 12:45:00 --> Controller "App\Controllers\InstituteDetails" loaded.
INFO - 2021-02-18 12:45:00 --> Fetching IIQA Details
INFO - 2021-02-18 12:45:00 --> Controller "App\Controllers\PricingDetails" loaded.
INFO - 2021-02-18 12:45:00 --> Fetching IIQA Details
INFO - 2021-02-18 12:45:00 --> Controller "App\Controllers\PricingDetails" loaded.
INFO - 2021-02-18 12:45:00 --> Fetching IIQA Details
INFO - 2021-02-18 12:45:08 --> Controller "App\Controllers\InstitutePricingHistory" loaded.
INFO - 2021-02-18 12:45:08 --> Fetching IIQA Details
INFO - 2021-02-18 12:45:09 --> Controller "App\Controllers\InstitutePricingDetails" loaded.
INFO - 2021-02-18 12:45:09 --> Fetching IIQA Details
INFO - 2021-02-18 12:45:17 --> Controller "App\Controllers\InstituteDetails" loaded.
INFO - 2021-02-18 12:45:17 --> Fetching IIQA Details
INFO - 2021-02-18 12:45:17 --> Controller "App\Controllers\PricingHistory" loaded.
INFO - 2021-02-18 12:45:17 --> Fetching IIQA Details
INFO - 2021-02-18 12:45:17 --> Controller "App\Controllers\PricingDetails" loaded.
INFO - 2021-02-18 12:45:17 --> Fetching IIQA Details
INFO - 2021-02-18 12:45:17 --> Controller "App\Controllers\PricingDetails" loaded.
INFO - 2021-02-18 12:45:17 --> Fetching IIQA Details
INFO - 2021-02-18 12:45:19 --> Controller "App\Controllers\PricingHistory" loaded.
INFO - 2021-02-18 12:45:19 --> Fetching IIQA Details
INFO - 2021-02-18 12:45:19 --> Controller "App\Controllers\InstituteDetails" loaded.
INFO - 2021-02-18 12:45:19 --> Fetching IIQA Details
INFO - 2021-02-18 12:45:20 --> Controller "App\Controllers\PricingDetails" loaded.
INFO - 2021-02-18 12:45:20 --> Fetching IIQA Details
INFO - 2021-02-18 12:45:20 --> Controller "App\Controllers\PricingDetails" loaded.
INFO - 2021-02-18 12:45:20 --> Fetching IIQA Details
INFO - 2021-02-18 12:45:44 --> Controller "App\Controllers\InstitutePricingHistory" loaded.
INFO - 2021-02-18 12:45:44 --> Fetching IIQA Details
INFO - 2021-02-18 12:45:45 --> Controller "App\Controllers\InstitutePricingDetails" loaded.
INFO - 2021-02-18 12:45:45 --> Fetching IIQA Details
INFO - 2021-02-18 12:46:22 --> Controller "App\Controllers\Dashboards" loaded.
INFO - 2021-02-18 12:46:22 --> Controller "App\Controllers\Users" loaded.
INFO - 2021-02-18 12:46:22 --> Fetching All User details
INFO - 2021-02-18 12:46:22 --> Fetching Dashboard details
INFO - 2021-02-18 12:46:25 --> Controller "App\Controllers\InstituteDetails" loaded.
INFO - 2021-02-18 12:46:25 --> Fetching IIQA Details
INFO - 2021-02-18 12:46:27 --> Controller "App\Controllers\InstituteDetails" loaded.
INFO - 2021-02-18 12:46:27 --> Fetching IIQA Details
INFO - 2021-02-18 12:46:27 --> Controller "App\Controllers\Leads" loaded.
INFO - 2021-02-18 12:46:27 --> Fetching IIQA Details
INFO - 2021-02-18 12:46:34 --> Controller "App\Controllers\PricingHistory" loaded.
INFO - 2021-02-18 12:46:34 --> Fetching IIQA Details
INFO - 2021-02-18 12:46:34 --> Controller "App\Controllers\InstituteDetails" loaded.
INFO - 2021-02-18 12:46:34 --> Fetching IIQA Details
INFO - 2021-02-18 12:46:34 --> Controller "App\Controllers\PricingDetails" loaded.
INFO - 2021-02-18 12:46:34 --> Fetching IIQA Details
INFO - 2021-02-18 12:46:34 --> Controller "App\Controllers\PricingDetails" loaded.
INFO - 2021-02-18 12:46:34 --> Fetching IIQA Details
INFO - 2021-02-18 12:46:36 --> Controller "App\Controllers\InstitutePricingHistory" loaded.
INFO - 2021-02-18 12:46:36 --> Fetching IIQA Details
INFO - 2021-02-18 12:46:52 --> Controller "App\Controllers\PricingHistory" loaded.
INFO - 2021-02-18 12:46:52 --> Fetching IIQA Details
INFO - 2021-02-18 12:46:55 --> Controller "App\Controllers\UserMenu" loaded.
INFO - 2021-02-18 12:46:55 --> Fetching IIQA Details
INFO - 2021-02-18 12:46:55 --> Controller "App\Controllers\UserMenu" loaded.
INFO - 2021-02-18 12:46:55 --> Fetching IIQA Details
INFO - 2021-02-18 12:47:13 --> Controller "App\Controllers\SchedulePlanner" loaded.
INFO - 2021-02-18 12:47:13 --> Fetching IIQA Details
INFO - 2021-02-18 12:47:13 --> Controller "App\Controllers\Dashboards" loaded.
INFO - 2021-02-18 12:47:13 --> Fetching Dashboard details
INFO - 2021-02-18 12:47:14 --> Controller "App\Controllers\PricingHistory" loaded.
INFO - 2021-02-18 12:47:14 --> Fetching IIQA Details
INFO - 2021-02-18 12:47:14 --> Controller "App\Controllers\InstituteDetails" loaded.
INFO - 2021-02-18 12:47:14 --> Fetching IIQA Details
INFO - 2021-02-18 12:47:14 --> Controller "App\Controllers\PricingDetails" loaded.
INFO - 2021-02-18 12:47:14 --> Controller "App\Controllers\PricingDetails" loaded.
INFO - 2021-02-18 12:47:14 --> Fetching IIQA Details
INFO - 2021-02-18 12:47:14 --> Fetching IIQA Details
INFO - 2021-02-18 12:48:08 --> Controller "App\Controllers\Dashboards" loaded.
INFO - 2021-02-18 12:48:08 --> Controller "App\Controllers\Users" loaded.
INFO - 2021-02-18 12:48:08 --> Fetching Dashboard details
INFO - 2021-02-18 12:48:08 --> Fetching All User details
INFO - 2021-02-18 12:48:11 --> Controller "App\Controllers\InstituteDetails" loaded.
INFO - 2021-02-18 12:48:11 --> Fetching IIQA Details
INFO - 2021-02-18 12:48:23 --> Controller "App\Controllers\PricingHistory" loaded.
INFO - 2021-02-18 12:48:23 --> Fetching IIQA Details
INFO - 2021-02-18 12:48:27 --> Controller "App\Controllers\UserMenu" loaded.
INFO - 2021-02-18 12:48:27 --> Fetching IIQA Details
INFO - 2021-02-18 12:48:27 --> Controller "App\Controllers\UserMenu" loaded.
INFO - 2021-02-18 12:48:27 --> Fetching IIQA Details
INFO - 2021-02-18 12:48:27 --> Controller "App\Controllers\PricingHistory" loaded.
INFO - 2021-02-18 12:48:27 --> Fetching IIQA Details
INFO - 2021-02-18 12:48:28 --> Controller "App\Controllers\UserMenu" loaded.
INFO - 2021-02-18 12:48:28 --> Fetching IIQA Details
INFO - 2021-02-18 12:48:28 --> Controller "App\Controllers\UserMenu" loaded.
INFO - 2021-02-18 12:48:28 --> Fetching IIQA Details
INFO - 2021-02-18 12:48:40 --> Controller "App\Controllers\UserMenu" loaded.
INFO - 2021-02-18 12:48:40 --> Fetching IIQA Details
INFO - 2021-02-18 12:48:40 --> Controller "App\Controllers\UserMenu" loaded.
INFO - 2021-02-18 12:48:40 --> Fetching IIQA Details
INFO - 2021-02-18 12:48:47 --> Controller "App\Controllers\UserMenu" loaded.
INFO - 2021-02-18 12:48:50 --> Controller "App\Controllers\UserMenu" loaded.
INFO - 2021-02-18 12:48:50 --> Fetching IIQA Details
INFO - 2021-02-18 12:48:50 --> Controller "App\Controllers\UserMenu" loaded.
INFO - 2021-02-18 12:48:50 --> Fetching IIQA Details
INFO - 2021-02-18 12:48:51 --> Controller "App\Controllers\UserMenu" loaded.
INFO - 2021-02-18 12:48:53 --> Controller "App\Controllers\UserMenu" loaded.
INFO - 2021-02-18 12:48:53 --> Fetching IIQA Details
INFO - 2021-02-18 12:48:53 --> Controller "App\Controllers\UserMenu" loaded.
INFO - 2021-02-18 12:48:53 --> Fetching IIQA Details
INFO - 2021-02-18 12:48:55 --> Controller "App\Controllers\PricingHistory" loaded.
INFO - 2021-02-18 12:48:55 --> Fetching IIQA Details
INFO - 2021-02-18 12:48:55 --> Controller "App\Controllers\Users" loaded.
INFO - 2021-02-18 12:48:55 --> Fetching All User details
INFO - 2021-02-18 12:48:58 --> Controller "App\Controllers\UserMenu" loaded.
INFO - 2021-02-18 12:48:58 --> Controller "App\Controllers\UserMenu" loaded.
INFO - 2021-02-18 12:48:58 --> Fetching IIQA Details
INFO - 2021-02-18 12:48:58 --> Fetching IIQA Details
INFO - 2021-02-18 12:49:00 --> Controller "App\Controllers\UserMenu" loaded.
INFO - 2021-02-18 12:49:03 --> Controller "App\Controllers\UserMenu" loaded.
INFO - 2021-02-18 12:49:03 --> Fetching IIQA Details
INFO - 2021-02-18 12:49:03 --> Controller "App\Controllers\UserMenu" loaded.
INFO - 2021-02-18 12:49:03 --> Fetching IIQA Details
INFO - 2021-02-18 12:50:22 --> Controller "App\Controllers\Dashboards" loaded.
INFO - 2021-02-18 12:50:22 --> Controller "App\Controllers\Users" loaded.
INFO - 2021-02-18 12:50:22 --> Fetching All User details
INFO - 2021-02-18 12:50:22 --> Fetching Dashboard details
INFO - 2021-02-18 12:50:22 --> Controller "App\Controllers\SchedulePlanner" loaded.
INFO - 2021-02-18 12:50:22 --> Fetching IIQA Details
INFO - 2021-02-18 12:50:22 --> Controller "App\Controllers\Dashboards" loaded.
INFO - 2021-02-18 12:50:22 --> Fetching Dashboard details
INFO - 2021-02-18 12:50:23 --> Controller "App\Controllers\PricingHistory" loaded.
INFO - 2021-02-18 12:50:23 --> Fetching IIQA Details
INFO - 2021-02-18 12:50:23 --> Controller "App\Controllers\Dashboards" loaded.
INFO - 2021-02-18 12:50:23 --> Fetching Dashboard details
INFO - 2021-02-18 12:50:24 --> Controller "App\Controllers\SchedulePlanner" loaded.
INFO - 2021-02-18 12:50:24 --> Fetching IIQA Details
INFO - 2021-02-18 12:50:25 --> Controller "App\Controllers\Roles" loaded.
INFO - 2021-02-18 12:50:25 --> Fetching Assignments Details details
INFO - 2021-02-18 12:50:25 --> Controller "App\Controllers\Roles" loaded.
INFO - 2021-02-18 12:50:25 --> Fetching Roles details
INFO - 2021-02-18 12:50:25 --> Controller "App\Controllers\Roles" loaded.
INFO - 2021-02-18 12:50:25 --> Fetching Permission details
INFO - 2021-02-18 12:50:26 --> Controller "App\Controllers\Users" loaded.
INFO - 2021-02-18 12:50:28 --> Controller "App\Controllers\Users" loaded.
INFO - 2021-02-18 12:51:07 --> Controller "App\Controllers\Users" loaded.
INFO - 2021-02-18 12:51:07 --> Fetching All User details
INFO - 2021-02-18 12:51:07 --> Controller "App\Controllers\Dashboards" loaded.
INFO - 2021-02-18 12:51:07 --> Fetching Dashboard details
INFO - 2021-02-18 12:51:12 --> Controller "App\Controllers\InstituteDetails" loaded.
INFO - 2021-02-18 12:51:12 --> Fetching IIQA Details
INFO - 2021-02-18 12:52:23 --> Controller "App\Controllers\Dashboards" loaded.
INFO - 2021-02-18 12:52:23 --> Fetching Dashboard details
INFO - 2021-02-18 12:52:23 --> Controller "App\Controllers\SchedulePlanner" loaded.
INFO - 2021-02-18 12:52:23 --> Fetching IIQA Details
INFO - 2021-02-18 12:52:25 --> Controller "App\Controllers\PricingHistory" loaded.
INFO - 2021-02-18 12:52:25 --> Fetching IIQA Details
INFO - 2021-02-18 12:52:25 --> Controller "App\Controllers\InstituteDetails" loaded.
INFO - 2021-02-18 12:52:25 --> Fetching IIQA Details
INFO - 2021-02-18 12:52:26 --> Controller "App\Controllers\PricingDetails" loaded.
INFO - 2021-02-18 12:52:26 --> Controller "App\Controllers\PricingDetails" loaded.
INFO - 2021-02-18 12:52:26 --> Fetching IIQA Details
INFO - 2021-02-18 12:52:26 --> Fetching IIQA Details
INFO - 2021-02-18 12:52:32 --> Controller "App\Controllers\PricingHistory" loaded.
INFO - 2021-02-18 12:52:32 --> Fetching IIQA Details
INFO - 2021-02-18 12:52:34 --> Controller "App\Controllers\UserMenu" loaded.
INFO - 2021-02-18 12:52:34 --> Fetching IIQA Details
INFO - 2021-02-18 12:52:34 --> Controller "App\Controllers\UserMenu" loaded.
INFO - 2021-02-18 12:52:34 --> Fetching IIQA Details
INFO - 2021-02-18 12:52:43 --> Controller "App\Controllers\UserMenu" loaded.
INFO - 2021-02-18 12:52:45 --> Controller "App\Controllers\UserMenu" loaded.
INFO - 2021-02-18 12:52:45 --> Fetching IIQA Details
INFO - 2021-02-18 12:52:45 --> Controller "App\Controllers\UserMenu" loaded.
INFO - 2021-02-18 12:52:45 --> Fetching IIQA Details
INFO - 2021-02-18 12:52:49 --> Controller "App\Controllers\UserMenu" loaded.
INFO - 2021-02-18 12:52:51 --> Controller "App\Controllers\UserMenu" loaded.
INFO - 2021-02-18 12:52:51 --> Fetching IIQA Details
INFO - 2021-02-18 12:52:51 --> Controller "App\Controllers\UserMenu" loaded.
INFO - 2021-02-18 12:52:51 --> Fetching IIQA Details
INFO - 2021-02-18 12:54:54 --> Controller "App\Controllers\Dashboards" loaded.
INFO - 2021-02-18 12:54:54 --> Fetching Dashboard details
INFO - 2021-02-18 12:54:54 --> Controller "App\Controllers\SchedulePlanner" loaded.
INFO - 2021-02-18 12:54:54 --> Fetching IIQA Details
INFO - 2021-02-18 12:54:56 --> Controller "App\Controllers\PricingHistory" loaded.
INFO - 2021-02-18 12:54:56 --> Fetching IIQA Details
INFO - 2021-02-18 12:54:56 --> Controller "App\Controllers\InstituteDetails" loaded.
INFO - 2021-02-18 12:54:56 --> Fetching IIQA Details
INFO - 2021-02-18 12:54:56 --> Controller "App\Controllers\PricingDetails" loaded.
INFO - 2021-02-18 12:54:56 --> Fetching IIQA Details
INFO - 2021-02-18 12:54:56 --> Controller "App\Controllers\PricingDetails" loaded.
INFO - 2021-02-18 12:54:56 --> Fetching IIQA Details
INFO - 2021-02-18 12:55:02 --> Controller "App\Controllers\Users" loaded.
INFO - 2021-02-18 12:55:02 --> Fetching All User details
INFO - 2021-02-18 12:55:02 --> Controller "App\Controllers\Dashboards" loaded.
INFO - 2021-02-18 12:55:02 --> Fetching Dashboard details
INFO - 2021-02-18 12:55:04 --> Controller "App\Controllers\InstituteDetails" loaded.
INFO - 2021-02-18 12:55:04 --> Fetching IIQA Details
INFO - 2021-02-18 12:55:08 --> Controller "App\Controllers\Dashboards" loaded.
INFO - 2021-02-18 12:55:08 --> Fetching Dashboard details
INFO - 2021-02-18 12:55:08 --> Controller "App\Controllers\SchedulePlanner" loaded.
INFO - 2021-02-18 12:55:08 --> Fetching IIQA Details
INFO - 2021-02-18 12:55:39 --> Controller "App\Controllers\Users" loaded.
INFO - 2021-02-18 12:55:39 --> Fetching All User details
INFO - 2021-02-18 12:55:39 --> Controller "App\Controllers\Dashboards" loaded.
INFO - 2021-02-18 12:55:39 --> Fetching Dashboard details
INFO - 2021-02-18 12:55:41 --> Controller "App\Controllers\InstituteDetails" loaded.
INFO - 2021-02-18 12:55:41 --> Fetching IIQA Details
INFO - 2021-02-18 12:55:45 --> Controller "App\Controllers\Leads" loaded.
INFO - 2021-02-18 12:55:45 --> Fetching IIQA Details
INFO - 2021-02-18 12:55:45 --> Controller "App\Controllers\InstituteDetails" loaded.
INFO - 2021-02-18 12:55:45 --> Fetching IIQA Details
INFO - 2021-02-18 12:59:33 --> Controller "App\Controllers\InstituteDetails" loaded.
INFO - 2021-02-18 12:59:33 --> Fetching IIQA Details
INFO - 2021-02-18 12:59:37 --> Controller "App\Controllers\InstituteDetails" loaded.
INFO - 2021-02-18 12:59:37 --> Fetching IIQA Details
INFO - 2021-02-18 12:59:39 --> Controller "App\Controllers\InstituteDetails" loaded.
INFO - 2021-02-18 12:59:39 --> Fetching IIQA Details
INFO - 2021-02-18 12:59:41 --> Controller "App\Controllers\InstituteDetails" loaded.
INFO - 2021-02-18 12:59:41 --> Fetching IIQA Details
INFO - 2021-02-18 12:59:43 --> Controller "App\Controllers\InstituteDetails" loaded.
INFO - 2021-02-18 12:59:43 --> Fetching IIQA Details
INFO - 2021-02-18 12:59:46 --> Controller "App\Controllers\InstituteDetails" loaded.
INFO - 2021-02-18 12:59:46 --> Fetching IIQA Details
INFO - 2021-02-18 12:59:49 --> Controller "App\Controllers\InstituteDetails" loaded.
INFO - 2021-02-18 12:59:49 --> Fetching IIQA Details
INFO - 2021-02-18 12:59:51 --> Controller "App\Controllers\InstituteDetails" loaded.
INFO - 2021-02-18 12:59:51 --> Fetching IIQA Details
INFO - 2021-02-18 12:59:53 --> Controller "App\Controllers\InstituteDetails" loaded.
INFO - 2021-02-18 12:59:53 --> Fetching IIQA Details
INFO - 2021-02-18 12:59:56 --> Controller "App\Controllers\InstituteDetails" loaded.
INFO - 2021-02-18 12:59:56 --> Fetching IIQA Details
INFO - 2021-02-18 12:59:58 --> Controller "App\Controllers\InstituteDetails" loaded.
INFO - 2021-02-18 12:59:58 --> Fetching IIQA Details
INFO - 2021-02-18 13:00:00 --> Controller "App\Controllers\InstituteDetails" loaded.
INFO - 2021-02-18 13:00:00 --> Fetching IIQA Details
INFO - 2021-02-18 13:00:03 --> Controller "App\Controllers\InstituteDetails" loaded.
INFO - 2021-02-18 13:00:03 --> Fetching IIQA Details
INFO - 2021-02-18 13:00:07 --> Controller "App\Controllers\Leads" loaded.
INFO - 2021-02-18 13:00:07 --> Fetching IIQA Details
INFO - 2021-02-18 13:00:07 --> Controller "App\Controllers\InstituteDetails" loaded.
INFO - 2021-02-18 13:00:07 --> Fetching IIQA Details
INFO - 2021-02-18 13:00:15 --> Controller "App\Controllers\SchedulePlanner" loaded.
INFO - 2021-02-18 13:00:15 --> Fetching IIQA Details
INFO - 2021-02-18 13:00:22 --> Controller "App\Controllers\InstitutePricingHistory" loaded.
INFO - 2021-02-18 13:00:22 --> Fetching IIQA Details
INFO - 2021-02-18 13:01:20 --> Controller "App\Controllers\Roles" loaded.
INFO - 2021-02-18 13:01:20 --> Controller "App\Controllers\Roles" loaded.
INFO - 2021-02-18 13:01:20 --> Controller "App\Controllers\Roles" loaded.
INFO - 2021-02-18 13:01:20 --> Fetching Permission details
INFO - 2021-02-18 13:01:20 --> Fetching Assignments Details details
INFO - 2021-02-18 13:01:20 --> Fetching Roles details
INFO - 2021-02-18 13:01:46 --> Controller "App\Controllers\Roles" loaded.
INFO - 2021-02-18 13:01:46 --> Fetching Permission details
INFO - 2021-02-18 13:02:04 --> Controller "App\Controllers\Users" loaded.
INFO - 2021-02-18 14:37:05 --> Controller "App\Controllers\Users" loaded.
INFO - 2021-02-18 14:37:05 --> Fetching All User details
INFO - 2021-02-18 14:38:29 --> Controller "App\Controllers\PricingHistory" loaded.
INFO - 2021-02-18 14:38:29 --> Fetching IIQA Details
INFO - 2021-02-18 14:38:48 --> Controller "App\Controllers\UserMenu" loaded.
INFO - 2021-02-18 14:38:48 --> Fetching IIQA Details
INFO - 2021-02-18 14:38:48 --> Controller "App\Controllers\UserMenu" loaded.
INFO - 2021-02-18 14:38:48 --> Fetching IIQA Details
INFO - 2021-02-18 14:40:17 --> Controller "App\Controllers\PricingDetails" loaded.
INFO - 2021-02-18 14:40:17 --> Fetching IIQA Details
INFO - 2021-02-18 14:40:17 --> Controller "App\Controllers\PricingDetails" loaded.
INFO - 2021-02-18 14:40:17 --> Fetching IIQA Details
INFO - 2021-02-18 14:41:19 --> Controller "App\Controllers\UserMenu" loaded.
INFO - 2021-02-18 14:41:19 --> Controller "App\Controllers\UserMenu" loaded.
INFO - 2021-02-18 14:41:19 --> Fetching IIQA Details
INFO - 2021-02-18 14:41:19 --> Fetching IIQA Details
INFO - 2021-02-18 14:50:30 --> Controller "App\Controllers\UserMenu" loaded.
INFO - 2021-02-18 14:50:30 --> Controller "App\Controllers\UserMenu" loaded.
INFO - 2021-02-18 14:50:30 --> Fetching IIQA Details
INFO - 2021-02-18 14:50:30 --> Fetching IIQA Details
INFO - 2021-02-18 14:52:48 --> Controller "App\Controllers\Roles" loaded.
INFO - 2021-02-18 14:52:48 --> Controller "App\Controllers\Roles" loaded.
INFO - 2021-02-18 14:52:48 --> Controller "App\Controllers\Roles" loaded.
INFO - 2021-02-18 14:52:48 --> Fetching Permission details
INFO - 2021-02-18 14:52:48 --> Fetching Roles details
INFO - 2021-02-18 14:52:48 --> Fetching Assignments Details details
INFO - 2021-02-18 14:52:50 --> Controller "App\Controllers\Dashboards" loaded.
INFO - 2021-02-18 14:52:50 --> Fetching Dashboard details
INFO - 2021-02-18 14:52:50 --> Controller "App\Controllers\SchedulePlanner" loaded.
INFO - 2021-02-18 14:52:50 --> Fetching IIQA Details
INFO - 2021-02-18 14:52:52 --> Controller "App\Controllers\PricingHistory" loaded.
INFO - 2021-02-18 14:52:52 --> Controller "App\Controllers\InstituteDetails" loaded.
INFO - 2021-02-18 14:52:52 --> Fetching IIQA Details
INFO - 2021-02-18 14:52:52 --> Fetching IIQA Details
INFO - 2021-02-18 14:52:52 --> Controller "App\Controllers\PricingDetails" loaded.
INFO - 2021-02-18 14:52:52 --> Fetching IIQA Details
INFO - 2021-02-18 14:52:52 --> Controller "App\Controllers\PricingDetails" loaded.
INFO - 2021-02-18 14:52:52 --> Fetching IIQA Details
INFO - 2021-02-18 14:53:03 --> Controller "App\Controllers\PricingHistory" loaded.
INFO - 2021-02-18 14:53:03 --> Fetching IIQA Details
INFO - 2021-02-18 14:53:03 --> Controller "App\Controllers\InstituteDetails" loaded.
INFO - 2021-02-18 14:53:03 --> Fetching IIQA Details
INFO - 2021-02-18 14:53:03 --> Controller "App\Controllers\PricingDetails" loaded.
INFO - 2021-02-18 14:53:03 --> Controller "App\Controllers\PricingDetails" loaded.
INFO - 2021-02-18 14:53:03 --> Fetching IIQA Details
INFO - 2021-02-18 14:53:03 --> Fetching IIQA Details
INFO - 2021-02-18 14:53:45 --> Controller "App\Controllers\PricingHistory" loaded.
INFO - 2021-02-18 14:53:45 --> Controller "App\Controllers\InstituteDetails" loaded.
INFO - 2021-02-18 14:53:45 --> Fetching IIQA Details
INFO - 2021-02-18 14:53:45 --> Fetching IIQA Details
INFO - 2021-02-18 14:53:45 --> Controller "App\Controllers\PricingDetails" loaded.
INFO - 2021-02-18 14:53:45 --> Controller "App\Controllers\PricingDetails" loaded.
INFO - 2021-02-18 14:53:45 --> Fetching IIQA Details
INFO - 2021-02-18 14:53:45 --> Fetching IIQA Details
INFO - 2021-02-18 15:02:03 --> Controller "App\Controllers\Users" loaded.
INFO - 2021-02-18 15:02:03 --> Controller "App\Controllers\Dashboards" loaded.
INFO - 2021-02-18 15:02:03 --> Fetching All User details
INFO - 2021-02-18 15:02:03 --> Fetching Dashboard details
INFO - 2021-02-18 15:02:30 --> Controller "App\Controllers\Pincode" loaded.
INFO - 2021-02-18 15:08:55 --> Controller "App\Controllers\Leads" loaded.
INFO - 2021-02-18 15:08:55 --> Fetching IIQA Details
ERROR - 2021-02-18 15:08:55 --> Table 'egenius_salesdiary.lead_institute_contact_person' doesn't exist
INFO - 2021-02-18 15:09:43 --> Controller "App\Controllers\Leads" loaded.
INFO - 2021-02-18 15:09:43 --> Fetching IIQA Details
ERROR - 2021-02-18 15:09:43 --> Table 'egenius_salesdiary.lead_institute_contact_person' doesn't exist
INFO - 2021-02-18 15:10:02 --> Controller "App\Controllers\Leads" loaded.
INFO - 2021-02-18 15:10:02 --> Fetching IIQA Details
ERROR - 2021-02-18 15:10:02 --> Table 'egenius_salesdiary.lead_institute_contact_person' doesn't exist
INFO - 2021-02-18 15:10:29 --> Controller "App\Controllers\Leads" loaded.
INFO - 2021-02-18 15:10:29 --> Fetching IIQA Details
INFO - 2021-02-18 15:10:31 --> Controller "App\Controllers\Dashboards" loaded.
INFO - 2021-02-18 15:10:31 --> Fetching Dashboard details
INFO - 2021-02-18 15:11:50 --> Controller "App\Controllers\InstituteDetails" loaded.
INFO - 2021-02-18 15:11:50 --> Fetching IIQA Details
INFO - 2021-02-18 15:11:53 --> Controller "App\Controllers\Leads" loaded.
INFO - 2021-02-18 15:11:53 --> Fetching IIQA Details
INFO - 2021-02-18 15:11:53 --> Controller "App\Controllers\InstituteDetails" loaded.
INFO - 2021-02-18 15:11:53 --> Fetching IIQA Details
INFO - 2021-02-18 15:11:58 --> Controller "App\Controllers\InstituteDetails" loaded.
INFO - 2021-02-18 15:11:58 --> Fetching IIQA Details
INFO - 2021-02-18 15:12:17 --> Controller "App\Controllers\SchedulePlanner" loaded.
INFO - 2021-02-18 15:12:17 --> Fetching IIQA Details
INFO - 2021-02-18 15:12:38 --> Controller "App\Controllers\InstituteDetails" loaded.
INFO - 2021-02-18 15:12:38 --> Fetching IIQA Details
INFO - 2021-02-18 15:13:12 --> Controller "App\Controllers\InstituteDetails" loaded.
INFO - 2021-02-18 15:13:12 --> Fetching IIQA Details
INFO - 2021-02-18 15:13:13 --> Controller "App\Controllers\Leads" loaded.
INFO - 2021-02-18 15:13:13 --> Fetching IIQA Details
INFO - 2021-02-18 15:13:14 --> Controller "App\Controllers\InstituteDetails" loaded.
INFO - 2021-02-18 15:13:14 --> Fetching IIQA Details
INFO - 2021-02-18 15:13:17 --> Controller "App\Controllers\InstituteDetails" loaded.
INFO - 2021-02-18 15:13:17 --> Fetching IIQA Details
INFO - 2021-02-18 15:14:15 --> Controller "App\Controllers\Leads" loaded.
INFO - 2021-02-18 15:14:15 --> Controller "App\Controllers\InstituteDetails" loaded.
INFO - 2021-02-18 15:14:15 --> Fetching IIQA Details
INFO - 2021-02-18 15:14:15 --> Fetching IIQA Details
INFO - 2021-02-18 15:14:19 --> Controller "App\Controllers\Leads" loaded.
INFO - 2021-02-18 15:14:19 --> Fetching IIQA Details
INFO - 2021-02-18 15:14:19 --> Controller "App\Controllers\InstituteDetails" loaded.
INFO - 2021-02-18 15:14:19 --> Fetching IIQA Details
INFO - 2021-02-18 15:14:23 --> Controller "App\Controllers\InstituteDetails" loaded.
INFO - 2021-02-18 15:14:23 --> Fetching IIQA Details
INFO - 2021-02-18 15:14:50 --> Controller "App\Controllers\Leads" loaded.
INFO - 2021-02-18 15:14:50 --> Fetching IIQA Details
ERROR - 2021-02-18 15:14:50 --> Table 'egenius_salesdiary.lead_institute_contact_person' doesn't exist
INFO - 2021-02-18 15:15:05 --> Controller "App\Controllers\Leads" loaded.
INFO - 2021-02-18 15:15:05 --> Fetching IIQA Details
ERROR - 2021-02-18 15:15:05 --> Table 'egenius_salesdiary.lead_institute_contact_person' doesn't exist
INFO - 2021-02-18 15:15:19 --> Controller "App\Controllers\Leads" loaded.
INFO - 2021-02-18 15:15:19 --> Fetching IIQA Details
ERROR - 2021-02-18 15:15:19 --> Table 'egenius_salesdiary.lead_institute_contact_person' doesn't exist
INFO - 2021-02-18 15:15:36 --> Controller "App\Controllers\InstituteDetails" loaded.
INFO - 2021-02-18 15:15:36 --> Fetching IIQA Details
INFO - 2021-02-18 15:15:52 --> Controller "App\Controllers\Leads" loaded.
INFO - 2021-02-18 15:15:52 --> Controller "App\Controllers\InstituteDetails" loaded.
INFO - 2021-02-18 15:15:52 --> Fetching IIQA Details
INFO - 2021-02-18 15:15:52 --> Fetching IIQA Details
INFO - 2021-02-18 15:15:55 --> Controller "App\Controllers\InstituteDetails" loaded.
INFO - 2021-02-18 15:15:55 --> Fetching IIQA Details
INFO - 2021-02-18 15:16:18 --> Controller "App\Controllers\InstituteDetails" loaded.
INFO - 2021-02-18 15:16:18 --> Fetching IIQA Details
INFO - 2021-02-18 15:16:20 --> Controller "App\Controllers\InstituteDetails" loaded.
INFO - 2021-02-18 15:16:20 --> Fetching IIQA Details
INFO - 2021-02-18 15:16:21 --> Controller "App\Controllers\InstituteDetails" loaded.
INFO - 2021-02-18 15:16:21 --> Fetching IIQA Details
INFO - 2021-02-18 15:16:26 --> Controller "App\Controllers\Dashboards" loaded.
INFO - 2021-02-18 15:16:26 --> Fetching Dashboard details
INFO - 2021-02-18 15:16:26 --> Controller "App\Controllers\SchedulePlanner" loaded.
INFO - 2021-02-18 15:16:26 --> Fetching IIQA Details
INFO - 2021-02-18 15:16:29 --> Controller "App\Controllers\Users" loaded.
INFO - 2021-02-18 15:16:29 --> Fetching All User details
INFO - 2021-02-18 15:16:29 --> Controller "App\Controllers\Dashboards" loaded.
INFO - 2021-02-18 15:16:29 --> Fetching Dashboard details
INFO - 2021-02-18 15:16:30 --> Controller "App\Controllers\InstituteDetails" loaded.
INFO - 2021-02-18 15:16:30 --> Fetching IIQA Details
INFO - 2021-02-18 15:16:32 --> Controller "App\Controllers\InstituteDetails" loaded.
INFO - 2021-02-18 15:16:32 --> Controller "App\Controllers\Leads" loaded.
INFO - 2021-02-18 15:16:32 --> Fetching IIQA Details
INFO - 2021-02-18 15:16:32 --> Fetching IIQA Details
INFO - 2021-02-18 15:16:36 --> Controller "App\Controllers\SchedulePlanner" loaded.
INFO - 2021-02-18 15:16:36 --> Fetching IIQA Details
INFO - 2021-02-18 15:16:38 --> Controller "App\Controllers\SchedulePlanner" loaded.
INFO - 2021-02-18 15:16:38 --> Fetching IIQA Details
INFO - 2021-02-18 15:16:38 --> Controller "App\Controllers\EmployeeDetails" loaded.
INFO - 2021-02-18 15:16:38 --> Fetching IIQA Details
INFO - 2021-02-18 15:16:38 --> Controller "App\Controllers\InstituteDetails" loaded.
INFO - 2021-02-18 15:16:38 --> Fetching IIQA Details
INFO - 2021-02-18 15:16:38 --> Controller "App\Controllers\Status" loaded.
INFO - 2021-02-18 15:16:38 --> Fetching IIQA Details
INFO - 2021-02-18 15:17:02 --> Controller "App\Controllers\SchedulePlanner" loaded.
INFO - 2021-02-18 15:17:25 --> Controller "App\Controllers\InstituteDetails" loaded.
INFO - 2021-02-18 15:17:25 --> Fetching IIQA Details
INFO - 2021-02-18 15:17:36 --> Controller "App\Controllers\Leads" loaded.
INFO - 2021-02-18 15:17:36 --> Fetching IIQA Details
INFO - 2021-02-18 15:17:36 --> Controller "App\Controllers\InstituteDetails" loaded.
INFO - 2021-02-18 15:17:36 --> Fetching IIQA Details
INFO - 2021-02-18 15:18:37 --> Controller "App\Controllers\InstituteDetails" loaded.
INFO - 2021-02-18 15:18:37 --> Fetching IIQA Details
INFO - 2021-02-18 15:18:38 --> Controller "App\Controllers\Leads" loaded.
INFO - 2021-02-18 15:18:38 --> Fetching IIQA Details
INFO - 2021-02-18 15:18:38 --> Controller "App\Controllers\InstituteDetails" loaded.
INFO - 2021-02-18 15:18:38 --> Fetching IIQA Details
INFO - 2021-02-18 15:18:41 --> Controller "App\Controllers\InstitutePricingHistory" loaded.
INFO - 2021-02-18 15:18:41 --> Fetching IIQA Details
INFO - 2021-02-18 15:18:43 --> Controller "App\Controllers\InstitutePricingHistory" loaded.
INFO - 2021-02-18 15:18:43 --> Fetching IIQA Details
INFO - 2021-02-18 15:20:04 --> Controller "App\Controllers\InstitutePricingHistory" loaded.
INFO - 2021-02-18 15:20:04 --> Fetching IIQA Details
INFO - 2021-02-18 15:21:11 --> Controller "App\Controllers\InstitutePricingHistory" loaded.
INFO - 2021-02-18 15:21:11 --> Fetching IIQA Details
INFO - 2021-02-18 15:23:35 --> Controller "App\Controllers\Users" loaded.
INFO - 2021-02-18 15:23:35 --> Fetching All User details
INFO - 2021-02-18 15:23:40 --> Controller "App\Controllers\Roles" loaded.
INFO - 2021-02-18 15:23:40 --> Fetching Assignments Details details
INFO - 2021-02-18 15:23:40 --> Controller "App\Controllers\Roles" loaded.
INFO - 2021-02-18 15:23:40 --> Fetching Roles details
INFO - 2021-02-18 15:23:40 --> Controller "App\Controllers\Roles" loaded.
INFO - 2021-02-18 15:23:40 --> Fetching Permission details
INFO - 2021-02-18 15:24:39 --> Controller "App\Controllers\Roles" loaded.
INFO - 2021-02-18 15:24:39 --> Fetching Permission details
INFO - 2021-02-18 15:24:53 --> Controller "App\Controllers\Users" loaded.
INFO - 2021-02-18 15:25:00 --> Controller "App\Controllers\Roles" loaded.
INFO - 2021-02-18 15:25:00 --> Fetching Assignments Details details
INFO - 2021-02-18 15:25:00 --> Controller "App\Controllers\Roles" loaded.
INFO - 2021-02-18 15:25:00 --> Controller "App\Controllers\Roles" loaded.
INFO - 2021-02-18 15:25:00 --> Fetching Permission details
INFO - 2021-02-18 15:25:00 --> Fetching Roles details
INFO - 2021-02-18 15:25:01 --> Controller "App\Controllers\Users" loaded.
INFO - 2021-02-18 15:25:11 --> Controller "App\Controllers\Dashboards" loaded.
INFO - 2021-02-18 15:25:11 --> Fetching Dashboard details
INFO - 2021-02-18 15:25:11 --> Controller "App\Controllers\SchedulePlanner" loaded.
INFO - 2021-02-18 15:25:11 --> Fetching IIQA Details
INFO - 2021-02-18 15:25:15 --> Controller "App\Controllers\InstituteDetails" loaded.
INFO - 2021-02-18 15:25:15 --> Fetching IIQA Details
INFO - 2021-02-18 15:25:15 --> Controller "App\Controllers\SchedulePlanner" loaded.
INFO - 2021-02-18 15:25:15 --> Fetching IIQA Details
INFO - 2021-02-18 15:25:42 --> Controller "App\Controllers\SchedulePlanner" loaded.
INFO - 2021-02-18 15:25:42 --> Fetching IIQA Details
INFO - 2021-02-18 15:25:42 --> Controller "App\Controllers\InstituteDetails" loaded.
INFO - 2021-02-18 15:25:42 --> Fetching IIQA Details
INFO - 2021-02-18 15:25:47 --> Controller "App\Controllers\InstituteDetails" loaded.
INFO - 2021-02-18 15:25:47 --> Controller "App\Controllers\SchedulePlanner" loaded.
INFO - 2021-02-18 15:25:47 --> Fetching IIQA Details
INFO - 2021-02-18 15:25:47 --> Fetching IIQA Details
INFO - 2021-02-18 15:25:50 --> Controller "App\Controllers\SchedulePlanner" loaded.
INFO - 2021-02-18 15:25:50 --> Fetching IIQA Details
INFO - 2021-02-18 15:25:50 --> Controller "App\Controllers\InstituteDetails" loaded.
INFO - 2021-02-18 15:25:50 --> Fetching IIQA Details
INFO - 2021-02-18 15:25:50 --> Controller "App\Controllers\SchedulePlanner" loaded.
INFO - 2021-02-18 15:25:50 --> Controller "App\Controllers\EmployeeDetails" loaded.
INFO - 2021-02-18 15:25:50 --> Fetching IIQA Details
INFO - 2021-02-18 15:25:50 --> Controller "App\Controllers\Status" loaded.
INFO - 2021-02-18 15:25:50 --> Fetching IIQA Details
INFO - 2021-02-18 15:26:07 --> Controller "App\Controllers\SchedulePlanner" loaded.
INFO - 2021-02-18 15:26:07 --> Fetching IIQA Details
INFO - 2021-02-18 15:26:07 --> Controller "App\Controllers\InstituteDetails" loaded.
INFO - 2021-02-18 15:26:07 --> Controller "App\Controllers\Status" loaded.
INFO - 2021-02-18 15:26:07 --> Fetching IIQA Details
INFO - 2021-02-18 15:26:07 --> Fetching IIQA Details
INFO - 2021-02-18 15:26:07 --> Controller "App\Controllers\EmployeeDetails" loaded.
INFO - 2021-02-18 15:26:07 --> Fetching IIQA Details
INFO - 2021-02-18 15:26:20 --> Controller "App\Controllers\SchedulePlanner" loaded.
INFO - 2021-02-18 15:26:20 --> Fetching IIQA Details
INFO - 2021-02-18 15:26:20 --> Controller "App\Controllers\InstituteDetails" loaded.
INFO - 2021-02-18 15:26:20 --> Fetching IIQA Details
INFO - 2021-02-18 15:26:22 --> Controller "App\Controllers\SchedulePlanner" loaded.
INFO - 2021-02-18 15:26:22 --> Fetching IIQA Details
INFO - 2021-02-18 15:26:25 --> Controller "App\Controllers\SchedulePlanner" loaded.
INFO - 2021-02-18 15:26:25 --> Fetching IIQA Details
INFO - 2021-02-18 15:26:27 --> Controller "App\Controllers\SchedulePlanner" loaded.
INFO - 2021-02-18 15:26:27 --> Fetching IIQA Details
INFO - 2021-02-18 15:26:30 --> Controller "App\Controllers\SchedulePlanner" loaded.
INFO - 2021-02-18 15:26:30 --> Fetching IIQA Details
INFO - 2021-02-18 15:26:33 --> Controller "App\Controllers\SchedulePlanner" loaded.
INFO - 2021-02-18 15:26:33 --> Fetching IIQA Details
INFO - 2021-02-18 15:26:46 --> Controller "App\Controllers\SchedulePlanner" loaded.
INFO - 2021-02-18 15:26:46 --> Fetching IIQA Details
INFO - 2021-02-18 15:26:47 --> Controller "App\Controllers\InstituteDetails" loaded.
INFO - 2021-02-18 15:26:47 --> Fetching IIQA Details
INFO - 2021-02-18 15:26:47 --> Controller "App\Controllers\EmployeeDetails" loaded.
INFO - 2021-02-18 15:26:47 --> Fetching IIQA Details
INFO - 2021-02-18 15:27:38 --> Controller "App\Controllers\InstituteDetails" loaded.
INFO - 2021-02-18 15:27:50 --> Controller "App\Controllers\SchedulePlanner" loaded.
INFO - 2021-02-18 15:27:50 --> Fetching IIQA Details
INFO - 2021-02-18 15:27:52 --> Controller "App\Controllers\SchedulePlanner" loaded.
INFO - 2021-02-18 15:27:52 --> Fetching IIQA Details
INFO - 2021-02-18 15:27:55 --> Controller "App\Controllers\SchedulePlanner" loaded.
INFO - 2021-02-18 15:27:55 --> Fetching IIQA Details
INFO - 2021-02-18 15:27:55 --> Controller "App\Controllers\EmployeeDetails" loaded.
INFO - 2021-02-18 15:27:55 --> Controller "App\Controllers\InstituteDetails" loaded.
INFO - 2021-02-18 15:27:55 --> Fetching IIQA Details
INFO - 2021-02-18 15:27:55 --> Controller "App\Controllers\Status" loaded.
INFO - 2021-02-18 15:27:55 --> Fetching IIQA Details
INFO - 2021-02-18 15:27:55 --> Fetching IIQA Details
INFO - 2021-02-18 15:28:28 --> Controller "App\Controllers\SchedulePlanner" loaded.
INFO - 2021-02-18 15:28:30 --> Controller "App\Controllers\SchedulePlanner" loaded.
INFO - 2021-02-18 15:28:30 --> Fetching IIQA Details
INFO - 2021-02-18 15:28:34 --> Controller "App\Controllers\SchedulePlanner" loaded.
INFO - 2021-02-18 15:28:34 --> Fetching IIQA Details
INFO - 2021-02-18 15:28:35 --> Controller "App\Controllers\SchedulePlanner" loaded.
INFO - 2021-02-18 15:28:35 --> Fetching IIQA Details
INFO - 2021-02-18 15:28:36 --> Controller "App\Controllers\SchedulePlanner" loaded.
INFO - 2021-02-18 15:28:36 --> Fetching IIQA Details
INFO - 2021-02-18 15:29:09 --> Controller "App\Controllers\SchedulePlanner" loaded.
INFO - 2021-02-18 15:29:10 --> Fetching IIQA Details
INFO - 2021-02-18 15:29:10 --> Controller "App\Controllers\InstituteDetails" loaded.
INFO - 2021-02-18 15:29:10 --> Fetching IIQA Details
INFO - 2021-02-18 15:29:11 --> Controller "App\Controllers\InstituteDetails" loaded.
INFO - 2021-02-18 15:29:11 --> Fetching IIQA Details
INFO - 2021-02-18 15:29:11 --> Controller "App\Controllers\SchedulePlanner" loaded.
INFO - 2021-02-18 15:29:11 --> Fetching IIQA Details
INFO - 2021-02-18 15:29:11 --> Controller "App\Controllers\EmployeeDetails" loaded.
INFO - 2021-02-18 15:29:11 --> Fetching IIQA Details
INFO - 2021-02-18 15:29:11 --> Controller "App\Controllers\Status" loaded.
INFO - 2021-02-18 15:29:11 --> Fetching IIQA Details
INFO - 2021-02-18 15:29:14 --> Controller "App\Controllers\SchedulePlanner" loaded.
INFO - 2021-02-18 15:29:14 --> Fetching IIQA Details
INFO - 2021-02-18 15:29:16 --> Controller "App\Controllers\InstituteDetails" loaded.
INFO - 2021-02-18 15:29:16 --> Fetching IIQA Details
INFO - 2021-02-18 15:29:16 --> Controller "App\Controllers\EmployeeDetails" loaded.
INFO - 2021-02-18 15:29:16 --> Controller "App\Controllers\SchedulePlanner" loaded.
INFO - 2021-02-18 15:29:16 --> Fetching IIQA Details
INFO - 2021-02-18 15:29:16 --> Fetching IIQA Details
INFO - 2021-02-18 15:29:16 --> Controller "App\Controllers\Status" loaded.
INFO - 2021-02-18 15:29:16 --> Fetching IIQA Details
INFO - 2021-02-18 15:29:27 --> Controller "App\Controllers\SchedulePlanner" loaded.
INFO - 2021-02-18 15:29:27 --> Controller "App\Controllers\InstituteDetails" loaded.
INFO - 2021-02-18 15:29:27 --> Fetching IIQA Details
INFO - 2021-02-18 15:29:27 --> Fetching IIQA Details
INFO - 2021-02-18 15:29:29 --> Controller "App\Controllers\SchedulePlanner" loaded.
INFO - 2021-02-18 15:29:29 --> Controller "App\Controllers\InstituteDetails" loaded.
INFO - 2021-02-18 15:29:29 --> Fetching IIQA Details
INFO - 2021-02-18 15:29:29 --> Fetching IIQA Details
INFO - 2021-02-18 15:29:29 --> Controller "App\Controllers\EmployeeDetails" loaded.
INFO - 2021-02-18 15:29:29 --> Fetching IIQA Details
INFO - 2021-02-18 15:29:29 --> Controller "App\Controllers\Status" loaded.
INFO - 2021-02-18 15:29:29 --> Fetching IIQA Details
INFO - 2021-02-18 15:29:45 --> Controller "App\Controllers\SchedulePlanner" loaded.
INFO - 2021-02-18 15:29:47 --> Controller "App\Controllers\SchedulePlanner" loaded.
INFO - 2021-02-18 15:29:47 --> Fetching IIQA Details
INFO - 2021-02-18 15:29:54 --> Controller "App\Controllers\Dashboards" loaded.
INFO - 2021-02-18 15:29:54 --> Fetching Dashboard details
INFO - 2021-02-18 15:29:54 --> Controller "App\Controllers\SchedulePlanner" loaded.
INFO - 2021-02-18 15:29:54 --> Fetching IIQA Details
INFO - 2021-02-18 15:29:54 --> Controller "App\Controllers\Users" loaded.
INFO - 2021-02-18 15:29:54 --> Fetching All User details
INFO - 2021-02-18 15:30:08 --> Controller "App\Controllers\SchedulePlanner" loaded.
INFO - 2021-02-18 15:30:08 --> Fetching IIQA Details
INFO - 2021-02-18 15:30:08 --> Controller "App\Controllers\InstituteDetails" loaded.
INFO - 2021-02-18 15:30:08 --> Fetching IIQA Details
INFO - 2021-02-18 15:30:39 --> Controller "App\Controllers\SchedulePlanner" loaded.
INFO - 2021-02-18 15:30:39 --> Fetching IIQA Details
INFO - 2021-02-18 15:30:39 --> Controller "App\Controllers\InstituteDetails" loaded.
INFO - 2021-02-18 15:30:39 --> Fetching IIQA Details
INFO - 2021-02-18 15:30:41 --> Controller "App\Controllers\InstituteDetails" loaded.
INFO - 2021-02-18 15:30:41 --> Fetching IIQA Details
INFO - 2021-02-18 15:30:41 --> Controller "App\Controllers\SchedulePlanner" loaded.
INFO - 2021-02-18 15:30:41 --> Fetching IIQA Details
INFO - 2021-02-18 15:30:41 --> Controller "App\Controllers\EmployeeDetails" loaded.
INFO - 2021-02-18 15:30:41 --> Fetching IIQA Details
INFO - 2021-02-18 15:30:41 --> Controller "App\Controllers\Status" loaded.
INFO - 2021-02-18 15:30:41 --> Fetching IIQA Details
INFO - 2021-02-18 15:30:56 --> Controller "App\Controllers\SchedulePlanner" loaded.
INFO - 2021-02-18 15:30:56 --> Controller "App\Controllers\InstituteDetails" loaded.
INFO - 2021-02-18 15:30:56 --> Fetching IIQA Details
INFO - 2021-02-18 15:30:56 --> Fetching IIQA Details
INFO - 2021-02-18 15:30:56 --> Controller "App\Controllers\EmployeeDetails" loaded.
INFO - 2021-02-18 15:30:56 --> Fetching IIQA Details
INFO - 2021-02-18 15:30:56 --> Controller "App\Controllers\Status" loaded.
INFO - 2021-02-18 15:30:56 --> Fetching IIQA Details
INFO - 2021-02-18 15:31:25 --> Controller "App\Controllers\SchedulePlanner" loaded.
INFO - 2021-02-18 15:31:25 --> Fetching IIQA Details
INFO - 2021-02-18 15:31:25 --> Controller "App\Controllers\InstituteDetails" loaded.
INFO - 2021-02-18 15:31:25 --> Fetching IIQA Details
INFO - 2021-02-18 15:31:29 --> Controller "App\Controllers\SchedulePlanner" loaded.
INFO - 2021-02-18 15:31:29 --> Fetching IIQA Details
INFO - 2021-02-18 15:31:29 --> Controller "App\Controllers\InstituteDetails" loaded.
INFO - 2021-02-18 15:31:29 --> Fetching IIQA Details
INFO - 2021-02-18 15:31:30 --> Controller "App\Controllers\EmployeeDetails" loaded.
INFO - 2021-02-18 15:31:30 --> Fetching IIQA Details
INFO - 2021-02-18 15:31:54 --> Controller "App\Controllers\InstituteDetails" loaded.
INFO - 2021-02-18 15:32:03 --> Controller "App\Controllers\InstituteDetails" loaded.
INFO - 2021-02-18 15:32:14 --> Controller "App\Controllers\SchedulePlanner" loaded.
INFO - 2021-02-18 15:32:14 --> Fetching IIQA Details
INFO - 2021-02-18 15:32:16 --> Controller "App\Controllers\SchedulePlanner" loaded.
INFO - 2021-02-18 15:32:16 --> Fetching IIQA Details
INFO - 2021-02-18 15:32:22 --> Controller "App\Controllers\SchedulePlanner" loaded.
INFO - 2021-02-18 15:32:22 --> Fetching IIQA Details
INFO - 2021-02-18 15:32:22 --> Controller "App\Controllers\InstituteDetails" loaded.
INFO - 2021-02-18 15:32:22 --> Fetching IIQA Details
INFO - 2021-02-18 15:32:22 --> Controller "App\Controllers\Status" loaded.
INFO - 2021-02-18 15:32:22 --> Controller "App\Controllers\EmployeeDetails" loaded.
INFO - 2021-02-18 15:32:22 --> Fetching IIQA Details
INFO - 2021-02-18 15:32:22 --> Fetching IIQA Details
INFO - 2021-02-18 15:32:51 --> Controller "App\Controllers\SchedulePlanner" loaded.
INFO - 2021-02-18 15:32:53 --> Controller "App\Controllers\SchedulePlanner" loaded.
INFO - 2021-02-18 15:32:53 --> Fetching IIQA Details
INFO - 2021-02-18 15:32:56 --> Controller "App\Controllers\SchedulePlanner" loaded.
INFO - 2021-02-18 15:32:56 --> Fetching IIQA Details
INFO - 2021-02-18 15:32:56 --> Controller "App\Controllers\Status" loaded.
INFO - 2021-02-18 15:32:56 --> Fetching IIQA Details
INFO - 2021-02-18 15:32:56 --> Controller "App\Controllers\EmployeeDetails" loaded.
INFO - 2021-02-18 15:32:56 --> Controller "App\Controllers\InstituteDetails" loaded.
INFO - 2021-02-18 15:32:56 --> Fetching IIQA Details
INFO - 2021-02-18 15:32:56 --> Fetching IIQA Details
INFO - 2021-02-18 15:33:09 --> Controller "App\Controllers\Dashboards" loaded.
INFO - 2021-02-18 15:33:09 --> Controller "App\Controllers\SchedulePlanner" loaded.
INFO - 2021-02-18 15:33:09 --> Fetching IIQA Details
INFO - 2021-02-18 15:33:09 --> Fetching Dashboard details
INFO - 2021-02-18 15:33:09 --> Controller "App\Controllers\Users" loaded.
INFO - 2021-02-18 15:33:09 --> Fetching All User details
INFO - 2021-02-18 15:33:27 --> Controller "App\Controllers\SchedulePlanner" loaded.
INFO - 2021-02-18 15:33:27 --> Controller "App\Controllers\InstituteDetails" loaded.
INFO - 2021-02-18 15:33:27 --> Fetching IIQA Details
INFO - 2021-02-18 15:33:27 --> Fetching IIQA Details
INFO - 2021-02-18 15:33:29 --> Controller "App\Controllers\InstituteDetails" loaded.
INFO - 2021-02-18 15:33:29 --> Controller "App\Controllers\SchedulePlanner" loaded.
INFO - 2021-02-18 15:33:29 --> Fetching IIQA Details
INFO - 2021-02-18 15:33:29 --> Fetching IIQA Details
INFO - 2021-02-18 15:33:29 --> Controller "App\Controllers\EmployeeDetails" loaded.
INFO - 2021-02-18 15:33:29 --> Fetching IIQA Details
INFO - 2021-02-18 15:33:29 --> Controller "App\Controllers\Status" loaded.
INFO - 2021-02-18 15:33:29 --> Fetching IIQA Details
INFO - 2021-02-18 15:34:13 --> Controller "App\Controllers\SchedulePlanner" loaded.
INFO - 2021-02-18 15:34:13 --> Fetching IIQA Details
INFO - 2021-02-18 15:34:13 --> Controller "App\Controllers\InstituteDetails" loaded.
INFO - 2021-02-18 15:34:13 --> Fetching IIQA Details
INFO - 2021-02-18 15:34:13 --> Controller "App\Controllers\EmployeeDetails" loaded.
INFO - 2021-02-18 15:34:13 --> Fetching IIQA Details
INFO - 2021-02-18 15:34:14 --> Controller "App\Controllers\Status" loaded.
INFO - 2021-02-18 15:34:14 --> Fetching IIQA Details
INFO - 2021-02-18 15:36:29 --> Controller "App\Controllers\SchedulePlanner" loaded.
INFO - 2021-02-18 15:36:29 --> Fetching IIQA Details
INFO - 2021-02-18 15:36:29 --> Controller "App\Controllers\InstituteDetails" loaded.
INFO - 2021-02-18 15:36:29 --> Fetching IIQA Details
INFO - 2021-02-18 15:37:14 --> Controller "App\Controllers\SchedulePlanner" loaded.
INFO - 2021-02-18 15:37:14 --> Fetching IIQA Details
INFO - 2021-02-18 15:37:14 --> Controller "App\Controllers\InstituteDetails" loaded.
INFO - 2021-02-18 15:37:14 --> Fetching IIQA Details
INFO - 2021-02-18 15:47:14 --> Controller "App\Controllers\Users" loaded.
INFO - 2021-02-18 15:47:14 --> Fetching All User details
INFO - 2021-02-18 15:48:14 --> Controller "App\Controllers\Users" loaded.
INFO - 2021-02-18 15:48:14 --> Fetching All User details
INFO - 2021-02-18 15:48:28 --> Controller "App\Controllers\Users" loaded.
INFO - 2021-02-18 15:48:28 --> Fetching All User details
INFO - 2021-02-18 15:48:42 --> Controller "App\Controllers\Users" loaded.
INFO - 2021-02-18 15:48:42 --> Fetching All User details
INFO - 2021-02-18 15:55:04 --> Controller "App\Controllers\Users" loaded.
INFO - 2021-02-18 15:55:04 --> Fetching All User details
INFO - 2021-02-18 16:11:41 --> Controller "App\Controllers\Users" loaded.
INFO - 2021-02-18 16:11:41 --> Fetching All User details
INFO - 2021-02-18 16:26:29 --> Controller "App\Controllers\Dashboards" loaded.
INFO - 2021-02-18 16:26:29 --> Controller "App\Controllers\Users" loaded.
INFO - 2021-02-18 16:26:29 --> Fetching Dashboard details
INFO - 2021-02-18 16:26:29 --> Fetching All User details
INFO - 2021-02-18 16:26:29 --> Controller "App\Controllers\SchedulePlanner" loaded.
INFO - 2021-02-18 16:26:29 --> Fetching IIQA Details
INFO - 2021-02-18 16:26:29 --> Controller "App\Controllers\Dashboards" loaded.
INFO - 2021-02-18 16:26:29 --> Fetching Dashboard details
INFO - 2021-02-18 16:29:50 --> Controller "App\Controllers\SchedulePlanner" loaded.
INFO - 2021-02-18 16:29:50 --> Controller "App\Controllers\Dashboards" loaded.
INFO - 2021-02-18 16:29:50 --> Fetching IIQA Details
INFO - 2021-02-18 16:29:50 --> Fetching Dashboard details
INFO - 2021-02-18 16:29:50 --> Controller "App\Controllers\Users" loaded.
INFO - 2021-02-18 16:29:50 --> Fetching All User details
INFO - 2021-02-18 16:53:50 --> Controller "App\Controllers\Dashboards" loaded.
INFO - 2021-02-18 16:53:51 --> Fetching Dashboard details
INFO - 2021-02-18 16:53:51 --> Controller "App\Controllers\Users" loaded.
INFO - 2021-02-18 16:53:51 --> Fetching All User details
INFO - 2021-02-18 16:53:51 --> Controller "App\Controllers\SchedulePlanner" loaded.
INFO - 2021-02-18 16:53:51 --> Fetching IIQA Details
INFO - 2021-02-18 16:59:39 --> Controller "App\Controllers\Users" loaded.
INFO - 2021-02-18 16:59:39 --> Fetching All User details
INFO - 2021-02-18 17:02:44 --> Controller "App\Controllers\Users" loaded.
INFO - 2021-02-18 17:02:44 --> Fetching All User details
INFO - 2021-02-18 17:03:11 --> Controller "App\Controllers\Roles" loaded.
INFO - 2021-02-18 17:03:11 --> Fetching Assignments Details details
INFO - 2021-02-18 17:03:11 --> Controller "App\Controllers\Roles" loaded.
INFO - 2021-02-18 17:03:11 --> Fetching Roles details
INFO - 2021-02-18 17:03:11 --> Controller "App\Controllers\Roles" loaded.
INFO - 2021-02-18 17:03:11 --> Fetching Permission details
INFO - 2021-02-18 17:03:16 --> Controller "App\Controllers\Roles" loaded.
INFO - 2021-02-18 17:03:16 --> Fetching Permission details
INFO - 2021-02-18 17:03:20 --> Controller "App\Controllers\Roles" loaded.
INFO - 2021-02-18 17:03:20 --> Updating Role details
INFO - 2021-02-18 17:03:26 --> Controller "App\Controllers\Roles" loaded.
INFO - 2021-02-18 17:03:26 --> Fetching Assignments Details details
INFO - 2021-02-18 17:03:27 --> Controller "App\Controllers\Users" loaded.
INFO - 2021-02-18 17:03:27 --> Controller "App\Controllers\Roles" loaded.
INFO - 2021-02-18 17:03:27 --> Fetching Permission details
INFO - 2021-02-18 17:03:27 --> Fetching All User details
INFO - 2021-02-18 17:03:27 --> Controller "App\Controllers\Roles" loaded.
INFO - 2021-02-18 17:03:27 --> Fetching Roles details
INFO - 2021-02-18 17:03:39 --> Controller "App\Controllers\Roles" loaded.
INFO - 2021-02-18 17:03:39 --> Fetching Permission details
INFO - 2021-02-18 17:05:04 --> Controller "App\Controllers\Roles" loaded.
INFO - 2021-02-18 17:05:04 --> Fetching Permission details
INFO - 2021-02-18 17:05:04 --> Controller "App\Controllers\Roles" loaded.
INFO - 2021-02-18 17:05:04 --> Fetching Assignments Details details
INFO - 2021-02-18 17:05:04 --> Controller "App\Controllers\Roles" loaded.
INFO - 2021-02-18 17:05:04 --> Fetching Roles details
INFO - 2021-02-18 17:05:04 --> Controller "App\Controllers\Users" loaded.
INFO - 2021-02-18 17:05:04 --> Fetching All User details
INFO - 2021-02-18 17:05:13 --> Controller "App\Controllers\Users" loaded.
INFO - 2021-02-18 17:05:43 --> Controller "App\Controllers\Users" loaded.
INFO - 2021-02-18 17:05:43 --> Controller "App\Controllers\Users" loaded.
INFO - 2021-02-18 17:05:43 --> Fetching All User details
INFO - 2021-02-18 17:05:47 --> Controller "App\Controllers\Dashboards" loaded.
INFO - 2021-02-18 17:05:47 --> Fetching Dashboard details
INFO - 2021-02-18 17:24:23 --> Controller "App\Controllers\Dashboards" loaded.
INFO - 2021-02-18 17:24:23 --> Fetching Dashboard details
INFO - 2021-02-18 17:24:23 --> Controller "App\Controllers\Users" loaded.
INFO - 2021-02-18 17:24:23 --> Fetching All User details
INFO - 2021-02-18 17:25:17 --> Controller "App\Controllers\Dashboards" loaded.
INFO - 2021-02-18 17:25:17 --> Controller "App\Controllers\Users" loaded.
INFO - 2021-02-18 17:25:17 --> Fetching All User details
INFO - 2021-02-18 17:25:17 --> Fetching Dashboard details
INFO - 2021-02-18 17:37:58 --> Controller "App\Controllers\Users" loaded.
INFO - 2021-02-18 17:37:58 --> Fetching All User details
INFO - 2021-02-18 17:38:03 --> Controller "App\Controllers\Dashboards" loaded.
INFO - 2021-02-18 17:38:03 --> Fetching Dashboard details
