INFO - 2020-07-11 05:48:45 --> Controller "App\Controllers\Sections" loaded.
INFO - 2020-07-11 05:48:45 --> Controller "App\Controllers\Staffs" loaded.
INFO - 2020-07-11 05:48:45 --> Fetching All Leave details
INFO - 2020-07-11 05:48:45 --> Fetching Sections details
INFO - 2020-07-11 06:51:51 --> Controller "App\Controllers\Sections" loaded.
INFO - 2020-07-11 06:51:51 --> Fetching Sections details
INFO - 2020-07-11 06:51:51 --> Controller "App\Controllers\Staffs" loaded.
INFO - 2020-07-11 06:51:51 --> Fetching All Leave details
INFO - 2020-07-11 06:53:44 --> Controller "App\Controllers\Sections" loaded.
INFO - 2020-07-11 06:53:44 --> Fetching Sections details
INFO - 2020-07-11 06:53:44 --> Controller "App\Controllers\Staffs" loaded.
INFO - 2020-07-11 06:53:44 --> Fetching All Leave details
INFO - 2020-07-11 06:53:44 --> Controller "App\Controllers\StaffDetails" loaded.
CRITICAL - 2020-07-11 06:53:44 --> Too few arguments to function App\Models\Staffs_Dashboard_model::getDashboardDetails(), 0 passed in /var/www/html/server_4/app/Controllers/StaffDetails.php on line 117 and exactly 1 expected
#0 /var/www/html/server_4/app/Controllers/StaffDetails.php(117): App\Models\Staffs_Dashboard_model->getDashboardDetails()
#1 /var/www/html/server_4/system/CodeIgniter.php(910): App\Controllers\StaffDetails->getDashboardDetails()
#2 /var/www/html/server_4/system/CodeIgniter.php(398): CodeIgniter\CodeIgniter->runController(Object(App\Controllers\StaffDetails))
#3 /var/www/html/server_4/system/CodeIgniter.php(306): CodeIgniter\CodeIgniter->handleRequest(NULL, Object(Config\Cache), false)
#4 /var/www/html/server_4/public/index.php(45): CodeIgniter\CodeIgniter->run()
#5 {main}
INFO - 2020-07-11 06:53:56 --> Controller "App\Controllers\StaffDetails" loaded.
CRITICAL - 2020-07-11 06:53:56 --> Too few arguments to function App\Models\Staffs_Dashboard_model::getDashboardDetails(), 0 passed in /var/www/html/server_4/app/Controllers/StaffDetails.php on line 117 and exactly 1 expected
#0 /var/www/html/server_4/app/Controllers/StaffDetails.php(117): App\Models\Staffs_Dashboard_model->getDashboardDetails()
#1 /var/www/html/server_4/system/CodeIgniter.php(910): App\Controllers\StaffDetails->getDashboardDetails()
#2 /var/www/html/server_4/system/CodeIgniter.php(398): CodeIgniter\CodeIgniter->runController(Object(App\Controllers\StaffDetails))
#3 /var/www/html/server_4/system/CodeIgniter.php(306): CodeIgniter\CodeIgniter->handleRequest(NULL, Object(Config\Cache), false)
#4 /var/www/html/server_4/public/index.php(45): CodeIgniter\CodeIgniter->run()
#5 {main}
INFO - 2020-07-11 06:55:38 --> Controller "App\Controllers\Sections" loaded.
INFO - 2020-07-11 06:55:38 --> Fetching Sections details
INFO - 2020-07-11 06:55:38 --> Controller "App\Controllers\Staffs" loaded.
INFO - 2020-07-11 06:55:38 --> Fetching All Leave details
INFO - 2020-07-11 06:55:38 --> Controller "App\Controllers\StaffDetails" loaded.
INFO - 2020-07-11 06:55:38 --> Fetching All Leave details
INFO - 2020-07-11 07:08:37 --> Controller "App\Controllers\Sections" loaded.
INFO - 2020-07-11 07:08:37 --> Controller "App\Controllers\Staffs" loaded.
INFO - 2020-07-11 07:08:37 --> Fetching Sections details
INFO - 2020-07-11 07:08:37 --> Fetching All Leave details
INFO - 2020-07-11 07:08:37 --> Controller "App\Controllers\StaffDetails" loaded.
INFO - 2020-07-11 07:08:37 --> Fetching All Leave details
INFO - 2020-07-11 07:27:49 --> Controller "App\Controllers\Boards" loaded.
INFO - 2020-07-11 07:27:49 --> Controller "App\Controllers\Management" loaded.
INFO - 2020-07-11 07:27:49 --> Fetching Boards details
INFO - 2020-07-11 07:27:49 --> Fetching All Management details
INFO - 2020-07-11 07:32:22 --> Controller "App\Controllers\StaffDetails" loaded.
INFO - 2020-07-11 07:32:22 --> Fetching Role details
INFO - 2020-07-11 07:32:22 --> Controller "App\Controllers\StaffDetails" loaded.
INFO - 2020-07-11 07:32:22 --> Fetching Department details
INFO - 2020-07-11 08:00:46 --> Controller "App\Controllers\Sections" loaded.
INFO - 2020-07-11 08:00:46 --> Fetching Sections details
INFO - 2020-07-11 08:00:46 --> Controller "App\Controllers\Staffs" loaded.
INFO - 2020-07-11 08:00:46 --> Fetching All Leave details
INFO - 2020-07-11 08:00:46 --> Controller "App\Controllers\StaffDetails" loaded.
INFO - 2020-07-11 08:00:46 --> Fetching All Leave details
INFO - 2020-07-11 08:07:44 --> Controller "App\Controllers\Sections" loaded.
INFO - 2020-07-11 08:07:44 --> Fetching Sections details
INFO - 2020-07-11 08:07:44 --> Controller "App\Controllers\StaffDetails" loaded.
INFO - 2020-07-11 08:07:44 --> Controller "App\Controllers\Staffs" loaded.
INFO - 2020-07-11 08:07:44 --> Fetching All Leave details
INFO - 2020-07-11 08:07:44 --> Fetching All Leave details
INFO - 2020-07-11 08:09:11 --> Controller "App\Controllers\Sections" loaded.
INFO - 2020-07-11 08:09:11 --> Fetching Sections details
INFO - 2020-07-11 08:09:11 --> Controller "App\Controllers\Staffs" loaded.
INFO - 2020-07-11 08:09:11 --> Fetching All Leave details
INFO - 2020-07-11 08:09:11 --> Controller "App\Controllers\StaffDetails" loaded.
INFO - 2020-07-11 08:09:11 --> Fetching All Leave details
INFO - 2020-07-11 08:14:39 --> Controller "App\Controllers\StaffDetails" loaded.
INFO - 2020-07-11 08:14:39 --> Fetching Role details
INFO - 2020-07-11 08:14:39 --> Controller "App\Controllers\StaffDetails" loaded.
INFO - 2020-07-11 08:14:39 --> Fetching Department details
INFO - 2020-07-11 08:15:03 --> Controller "App\Controllers\Sections" loaded.
INFO - 2020-07-11 08:15:03 --> Fetching Sections details
INFO - 2020-07-11 08:15:03 --> Controller "App\Controllers\Staffs" loaded.
INFO - 2020-07-11 08:15:03 --> Fetching All Leave details
INFO - 2020-07-11 08:15:03 --> Controller "App\Controllers\StaffDetails" loaded.
INFO - 2020-07-11 08:15:03 --> Fetching All Leave details
INFO - 2020-07-11 08:15:20 --> Controller "App\Controllers\StaffDetails" loaded.
INFO - 2020-07-11 08:15:20 --> Fetching Role details
INFO - 2020-07-11 08:15:20 --> Controller "App\Controllers\StaffDetails" loaded.
INFO - 2020-07-11 08:15:20 --> Fetching Department details
INFO - 2020-07-11 08:20:11 --> Controller "App\Controllers\Sections" loaded.
INFO - 2020-07-11 08:20:11 --> Fetching Sections details
INFO - 2020-07-11 08:20:11 --> Controller "App\Controllers\Staffs" loaded.
INFO - 2020-07-11 08:20:11 --> Fetching All Leave details
INFO - 2020-07-11 08:20:11 --> Controller "App\Controllers\StaffDetails" loaded.
INFO - 2020-07-11 08:20:11 --> Fetching All Leave details
INFO - 2020-07-11 08:36:46 --> Controller "App\Controllers\Sections" loaded.
INFO - 2020-07-11 08:36:46 --> Fetching Sections details
INFO - 2020-07-11 08:36:46 --> Controller "App\Controllers\StaffDetails" loaded.
INFO - 2020-07-11 08:36:46 --> Fetching All Leave details
INFO - 2020-07-11 08:36:46 --> Controller "App\Controllers\Staffs" loaded.
INFO - 2020-07-11 08:36:46 --> Fetching All Leave details
INFO - 2020-07-11 08:54:21 --> Controller "App\Controllers\Sections" loaded.
INFO - 2020-07-11 08:54:21 --> Fetching Sections details
INFO - 2020-07-11 08:54:21 --> Controller "App\Controllers\Staffs" loaded.
INFO - 2020-07-11 08:54:21 --> Fetching All Leave details
INFO - 2020-07-11 08:54:21 --> Controller "App\Controllers\StaffDetails" loaded.
INFO - 2020-07-11 08:54:21 --> Fetching All Leave details
INFO - 2020-07-11 09:06:21 --> Controller "App\Controllers\Sections" loaded.
INFO - 2020-07-11 09:06:21 --> Fetching Sections details
INFO - 2020-07-11 09:06:21 --> Controller "App\Controllers\Staffs" loaded.
INFO - 2020-07-11 09:06:21 --> Fetching All Leave details
INFO - 2020-07-11 09:06:21 --> Controller "App\Controllers\StaffDetails" loaded.
INFO - 2020-07-11 09:06:21 --> Fetching All Leave details
INFO - 2020-07-11 09:09:10 --> Controller "App\Controllers\Sections" loaded.
INFO - 2020-07-11 09:09:10 --> Fetching Sections details
INFO - 2020-07-11 09:09:10 --> Controller "App\Controllers\Staffs" loaded.
INFO - 2020-07-11 09:09:10 --> Fetching All Leave details
INFO - 2020-07-11 09:09:10 --> Controller "App\Controllers\StaffDetails" loaded.
INFO - 2020-07-11 09:09:10 --> Fetching All Leave details
INFO - 2020-07-11 09:10:35 --> Controller "App\Controllers\Staffs" loaded.
INFO - 2020-07-11 09:10:35 --> Controller "App\Controllers\Sections" loaded.
INFO - 2020-07-11 09:10:35 --> Fetching All Leave details
INFO - 2020-07-11 09:10:35 --> Fetching Sections details
INFO - 2020-07-11 09:10:35 --> Controller "App\Controllers\StaffDetails" loaded.
INFO - 2020-07-11 09:10:35 --> Fetching All Leave details
INFO - 2020-07-11 09:13:10 --> Controller "App\Controllers\Sections" loaded.
INFO - 2020-07-11 09:13:10 --> Fetching Sections details
INFO - 2020-07-11 09:13:10 --> Controller "App\Controllers\Staffs" loaded.
INFO - 2020-07-11 09:13:10 --> Fetching All Leave details
INFO - 2020-07-11 09:13:10 --> Controller "App\Controllers\StaffDetails" loaded.
INFO - 2020-07-11 09:13:10 --> Fetching All Leave details
INFO - 2020-07-11 09:17:47 --> Controller "App\Controllers\Sections" loaded.
INFO - 2020-07-11 09:17:47 --> Controller "App\Controllers\Staffs" loaded.
INFO - 2020-07-11 09:17:47 --> Fetching All Leave details
INFO - 2020-07-11 09:17:47 --> Fetching Sections details
INFO - 2020-07-11 09:17:47 --> Controller "App\Controllers\StaffDetails" loaded.
INFO - 2020-07-11 09:17:47 --> Fetching All Leave details
INFO - 2020-07-11 09:24:08 --> Controller "App\Controllers\StaffDetails" loaded.
INFO - 2020-07-11 09:24:08 --> Fetching Role details
INFO - 2020-07-11 09:24:08 --> Controller "App\Controllers\StaffDetails" loaded.
INFO - 2020-07-11 09:24:08 --> Fetching Department details
INFO - 2020-07-11 10:32:28 --> Controller "App\Controllers\Sections" loaded.
INFO - 2020-07-11 10:32:28 --> Fetching Sections details
INFO - 2020-07-11 10:32:28 --> Controller "App\Controllers\Staffs" loaded.
INFO - 2020-07-11 10:32:28 --> Fetching All Leave details
INFO - 2020-07-11 10:32:28 --> Controller "App\Controllers\StaffDetails" loaded.
INFO - 2020-07-11 10:32:28 --> Fetching All Leave details
INFO - 2020-07-11 10:37:13 --> Controller "App\Controllers\StaffDetails" loaded.
INFO - 2020-07-11 10:37:13 --> Fetching Role details
INFO - 2020-07-11 10:37:13 --> Controller "App\Controllers\StaffDetails" loaded.
INFO - 2020-07-11 10:37:13 --> Fetching Department details
INFO - 2020-07-11 10:38:23 --> Controller "App\Controllers\StaffDetails" loaded.
CRITICAL - 2020-07-11 10:38:23 --> Class 'App\Controllers\UserModel' not found
#0 /var/www/html/server_4/system/CodeIgniter.php(910): App\Controllers\StaffDetails->insertStaff()
#1 /var/www/html/server_4/system/CodeIgniter.php(398): CodeIgniter\CodeIgniter->runController(Object(App\Controllers\StaffDetails))
#2 /var/www/html/server_4/system/CodeIgniter.php(306): CodeIgniter\CodeIgniter->handleRequest(NULL, Object(Config\Cache), false)
#3 /var/www/html/server_4/public/index.php(45): CodeIgniter\CodeIgniter->run()
#4 {main}
INFO - 2020-07-11 10:40:53 --> Controller "App\Controllers\StaffDetails" loaded.
CRITICAL - 2020-07-11 10:40:53 --> Class 'App\Controllers\UserModel' not found
#0 /var/www/html/server_4/system/CodeIgniter.php(910): App\Controllers\StaffDetails->insertStaff()
#1 /var/www/html/server_4/system/CodeIgniter.php(398): CodeIgniter\CodeIgniter->runController(Object(App\Controllers\StaffDetails))
#2 /var/www/html/server_4/system/CodeIgniter.php(306): CodeIgniter\CodeIgniter->handleRequest(NULL, Object(Config\Cache), false)
#3 /var/www/html/server_4/public/index.php(45): CodeIgniter\CodeIgniter->run()
#4 {main}
INFO - 2020-07-11 10:41:07 --> Controller "App\Controllers\StaffDetails" loaded.
CRITICAL - 2020-07-11 10:41:07 --> Class 'App\Controllers\UserModel' not found
#0 /var/www/html/server_4/system/CodeIgniter.php(910): App\Controllers\StaffDetails->insertStaff()
#1 /var/www/html/server_4/system/CodeIgniter.php(398): CodeIgniter\CodeIgniter->runController(Object(App\Controllers\StaffDetails))
#2 /var/www/html/server_4/system/CodeIgniter.php(306): CodeIgniter\CodeIgniter->handleRequest(NULL, Object(Config\Cache), false)
#3 /var/www/html/server_4/public/index.php(45): CodeIgniter\CodeIgniter->run()
#4 {main}
INFO - 2020-07-11 10:55:59 --> Controller "App\Controllers\StaffDetails" loaded.
INFO - 2020-07-11 10:55:59 --> Inserting Student details
INFO - 2020-07-11 11:01:40 --> Controller "App\Controllers\Sections" loaded.
INFO - 2020-07-11 11:01:40 --> Fetching Sections details
INFO - 2020-07-11 11:01:40 --> Controller "App\Controllers\StaffDetails" loaded.
INFO - 2020-07-11 11:01:40 --> Controller "App\Controllers\Staffs" loaded.
INFO - 2020-07-11 11:01:40 --> Fetching All Leave details
INFO - 2020-07-11 11:01:40 --> Fetching All Leave details
INFO - 2020-07-11 11:01:49 --> Controller "App\Controllers\Sections" loaded.
INFO - 2020-07-11 11:01:49 --> Fetching Sections details
INFO - 2020-07-11 11:01:49 --> Controller "App\Controllers\StaffDetails" loaded.
INFO - 2020-07-11 11:01:49 --> Fetching All Leave details
INFO - 2020-07-11 11:01:49 --> Controller "App\Controllers\Staffs" loaded.
INFO - 2020-07-11 11:01:49 --> Fetching All Leave details
INFO - 2020-07-11 11:03:48 --> Controller "App\Controllers\Sections" loaded.
INFO - 2020-07-11 11:03:48 --> Fetching Sections details
INFO - 2020-07-11 11:03:48 --> Controller "App\Controllers\Staffs" loaded.
INFO - 2020-07-11 11:03:48 --> Fetching All Leave details
INFO - 2020-07-11 11:03:48 --> Controller "App\Controllers\StaffDetails" loaded.
INFO - 2020-07-11 11:03:48 --> Fetching All Leave details
INFO - 2020-07-11 11:04:22 --> Controller "App\Controllers\Sections" loaded.
INFO - 2020-07-11 11:04:22 --> Fetching Sections details
INFO - 2020-07-11 11:04:22 --> Controller "App\Controllers\Staffs" loaded.
INFO - 2020-07-11 11:04:22 --> Fetching All Leave details
INFO - 2020-07-11 11:04:22 --> Controller "App\Controllers\StaffDetails" loaded.
INFO - 2020-07-11 11:04:22 --> Fetching All Leave details
INFO - 2020-07-11 11:04:53 --> Controller "App\Controllers\Sections" loaded.
INFO - 2020-07-11 11:04:53 --> Fetching Sections details
INFO - 2020-07-11 11:04:53 --> Controller "App\Controllers\Staffs" loaded.
INFO - 2020-07-11 11:04:53 --> Fetching All Leave details
INFO - 2020-07-11 11:04:53 --> Controller "App\Controllers\StaffDetails" loaded.
INFO - 2020-07-11 11:04:53 --> Fetching All Leave details
INFO - 2020-07-11 11:10:08 --> Controller "App\Controllers\Sections" loaded.
INFO - 2020-07-11 11:10:08 --> Controller "App\Controllers\Staffs" loaded.
INFO - 2020-07-11 11:10:08 --> Fetching Sections details
INFO - 2020-07-11 11:10:08 --> Fetching All Leave details
INFO - 2020-07-11 11:10:08 --> Controller "App\Controllers\StaffDetails" loaded.
INFO - 2020-07-11 11:10:08 --> Fetching All Leave details
INFO - 2020-07-11 11:10:31 --> Controller "App\Controllers\Sections" loaded.
INFO - 2020-07-11 11:10:31 --> Fetching Sections details
INFO - 2020-07-11 11:10:31 --> Controller "App\Controllers\Staffs" loaded.
INFO - 2020-07-11 11:10:31 --> Fetching All Leave details
INFO - 2020-07-11 11:10:31 --> Controller "App\Controllers\StaffDetails" loaded.
INFO - 2020-07-11 11:10:31 --> Fetching All Leave details
INFO - 2020-07-11 11:10:47 --> Controller "App\Controllers\Sections" loaded.
INFO - 2020-07-11 11:10:47 --> Fetching Sections details
INFO - 2020-07-11 11:10:47 --> Controller "App\Controllers\Staffs" loaded.
INFO - 2020-07-11 11:10:47 --> Controller "App\Controllers\StaffDetails" loaded.
ERROR - 2020-07-11 11:10:47 --> Unknown column 'sp.rfid' in 'field list'
INFO - 2020-07-11 11:10:47 --> Fetching All Leave details
INFO - 2020-07-11 11:10:59 --> Controller "App\Controllers\Staffs" loaded.
ERROR - 2020-07-11 11:10:59 --> Unknown column 'sp.rfid' in 'field list'
INFO - 2020-07-11 11:12:13 --> Controller "App\Controllers\Sections" loaded.
INFO - 2020-07-11 11:12:13 --> Controller "App\Controllers\Staffs" loaded.
INFO - 2020-07-11 11:12:13 --> Fetching All staff details
INFO - 2020-07-11 11:12:13 --> Fetching Sections details
INFO - 2020-07-11 11:12:13 --> Controller "App\Controllers\StaffDetails" loaded.
INFO - 2020-07-11 11:12:13 --> Fetching All Leave details
INFO - 2020-07-11 11:12:25 --> Controller "App\Controllers\Staffs" loaded.
INFO - 2020-07-11 11:12:25 --> Fetching All staff details
INFO - 2020-07-11 11:12:25 --> Controller "App\Controllers\Sections" loaded.
INFO - 2020-07-11 11:12:25 --> Fetching Sections details
INFO - 2020-07-11 11:12:26 --> Controller "App\Controllers\StaffDetails" loaded.
INFO - 2020-07-11 11:12:26 --> Fetching All Leave details
INFO - 2020-07-11 11:12:31 --> Controller "App\Controllers\Sections" loaded.
INFO - 2020-07-11 11:12:31 --> Fetching Sections details
INFO - 2020-07-11 11:12:48 --> Controller "App\Controllers\Staffs" loaded.
INFO - 2020-07-11 11:12:48 --> Fetching All staff details
INFO - 2020-07-11 11:12:48 --> Controller "App\Controllers\StaffDetails" loaded.
INFO - 2020-07-11 11:12:48 --> Fetching All Leave details
INFO - 2020-07-11 11:14:07 --> Controller "App\Controllers\Sections" loaded.
INFO - 2020-07-11 11:14:07 --> Fetching Sections details
INFO - 2020-07-11 11:14:07 --> Controller "App\Controllers\Staffs" loaded.
INFO - 2020-07-11 11:14:07 --> Fetching All staff details
INFO - 2020-07-11 11:14:07 --> Controller "App\Controllers\StaffDetails" loaded.
INFO - 2020-07-11 11:14:07 --> Fetching All Leave details
INFO - 2020-07-11 11:20:29 --> Controller "App\Controllers\Sections" loaded.
INFO - 2020-07-11 11:20:29 --> Fetching Sections details
INFO - 2020-07-11 11:20:29 --> Controller "App\Controllers\Staffs" loaded.
INFO - 2020-07-11 11:20:29 --> Fetching All staff details
INFO - 2020-07-11 11:20:29 --> Controller "App\Controllers\StaffDetails" loaded.
INFO - 2020-07-11 11:20:29 --> Fetching All Leave details
INFO - 2020-07-11 11:20:40 --> Controller "App\Controllers\Sections" loaded.
INFO - 2020-07-11 11:20:40 --> Fetching Sections details
INFO - 2020-07-11 11:20:40 --> Controller "App\Controllers\Staffs" loaded.
INFO - 2020-07-11 11:20:40 --> Fetching All staff details
INFO - 2020-07-11 11:20:40 --> Controller "App\Controllers\StaffDetails" loaded.
INFO - 2020-07-11 11:20:40 --> Fetching All Leave details
INFO - 2020-07-11 11:21:28 --> Controller "App\Controllers\Sections" loaded.
INFO - 2020-07-11 11:21:28 --> Fetching Sections details
INFO - 2020-07-11 11:21:28 --> Controller "App\Controllers\Staffs" loaded.
INFO - 2020-07-11 11:21:28 --> Fetching All staff details
INFO - 2020-07-11 11:21:28 --> Controller "App\Controllers\StaffDetails" loaded.
INFO - 2020-07-11 11:21:28 --> Fetching All Leave details
INFO - 2020-07-11 11:32:48 --> Controller "App\Controllers\Sections" loaded.
INFO - 2020-07-11 11:32:48 --> Fetching Sections details
INFO - 2020-07-11 11:32:48 --> Controller "App\Controllers\StaffDetails" loaded.
INFO - 2020-07-11 11:32:48 --> Controller "App\Controllers\Staffs" loaded.
INFO - 2020-07-11 11:32:48 --> Fetching All Leave details
INFO - 2020-07-11 11:32:48 --> Fetching All staff details
INFO - 2020-07-11 11:33:40 --> Controller "App\Controllers\Sections" loaded.
INFO - 2020-07-11 11:33:40 --> Fetching Sections details
INFO - 2020-07-11 11:33:40 --> Controller "App\Controllers\StaffDetails" loaded.
INFO - 2020-07-11 11:33:40 --> Fetching All Leave details
INFO - 2020-07-11 11:33:40 --> Controller "App\Controllers\Staffs" loaded.
INFO - 2020-07-11 11:33:40 --> Fetching All staff details
INFO - 2020-07-11 11:38:02 --> Controller "App\Controllers\StaffDetails" loaded.
INFO - 2020-07-11 11:38:02 --> Controller "App\Controllers\Sections" loaded.
INFO - 2020-07-11 11:38:02 --> Controller "App\Controllers\Staffs" loaded.
INFO - 2020-07-11 11:38:02 --> Fetching All Leave details
INFO - 2020-07-11 11:38:02 --> Fetching All staff details
INFO - 2020-07-11 11:38:02 --> Fetching Sections details
INFO - 2020-07-11 11:38:09 --> Controller "App\Controllers\Staffs" loaded.
ERROR - 2020-07-11 11:38:09 --> Unknown column 'sp.sibling_status' in 'where clause'
INFO - 2020-07-11 11:38:18 --> Controller "App\Controllers\Staffs" loaded.
ERROR - 2020-07-11 11:38:18 --> Unknown column 'sp.sibling_status' in 'where clause'
INFO - 2020-07-11 11:40:22 --> Controller "App\Controllers\Sections" loaded.
INFO - 2020-07-11 11:40:22 --> Fetching Sections details
INFO - 2020-07-11 11:40:22 --> Controller "App\Controllers\Staffs" loaded.
INFO - 2020-07-11 11:40:22 --> Fetching All staff details
INFO - 2020-07-11 11:40:22 --> Controller "App\Controllers\StaffDetails" loaded.
INFO - 2020-07-11 11:40:22 --> Fetching All Leave details
INFO - 2020-07-11 11:40:26 --> Controller "App\Controllers\Staffs" loaded.
INFO - 2020-07-11 11:40:26 --> Fetching staff details with Id
INFO - 2020-07-11 11:43:45 --> Controller "App\Controllers\Staffs" loaded.
INFO - 2020-07-11 11:43:45 --> Controller "App\Controllers\Sections" loaded.
INFO - 2020-07-11 11:43:45 --> Fetching All staff details
INFO - 2020-07-11 11:43:45 --> Fetching Sections details
INFO - 2020-07-11 11:43:45 --> Controller "App\Controllers\StaffDetails" loaded.
INFO - 2020-07-11 11:43:45 --> Fetching All Leave details
INFO - 2020-07-11 11:45:11 --> Controller "App\Controllers\Staffs" loaded.
INFO - 2020-07-11 11:45:11 --> Controller "App\Controllers\Sections" loaded.
INFO - 2020-07-11 11:45:11 --> Fetching All staff details
INFO - 2020-07-11 11:45:11 --> Fetching Sections details
INFO - 2020-07-11 11:45:11 --> Controller "App\Controllers\StaffDetails" loaded.
INFO - 2020-07-11 11:45:11 --> Fetching All Leave details
INFO - 2020-07-11 11:45:16 --> Controller "App\Controllers\Staffs" loaded.
INFO - 2020-07-11 11:45:16 --> Fetching staff details with Id
INFO - 2020-07-11 11:46:18 --> Controller "App\Controllers\Sections" loaded.
INFO - 2020-07-11 11:46:18 --> Fetching Sections details
INFO - 2020-07-11 11:46:18 --> Controller "App\Controllers\Staffs" loaded.
INFO - 2020-07-11 11:46:18 --> Fetching All staff details
INFO - 2020-07-11 11:46:18 --> Controller "App\Controllers\StaffDetails" loaded.
INFO - 2020-07-11 11:46:18 --> Fetching All Leave details
INFO - 2020-07-11 11:46:23 --> Controller "App\Controllers\Staffs" loaded.
INFO - 2020-07-11 11:46:23 --> Fetching staff details with Id
INFO - 2020-07-11 11:49:39 --> Controller "App\Controllers\Sections" loaded.
INFO - 2020-07-11 11:49:39 --> Fetching Sections details
INFO - 2020-07-11 11:49:39 --> Controller "App\Controllers\Staffs" loaded.
INFO - 2020-07-11 11:49:39 --> Fetching All staff details
INFO - 2020-07-11 11:49:39 --> Controller "App\Controllers\StaffDetails" loaded.
INFO - 2020-07-11 11:49:39 --> Fetching All Leave details
INFO - 2020-07-11 11:53:46 --> Controller "App\Controllers\Staffs" loaded.
INFO - 2020-07-11 11:53:46 --> Fetching All staff details
INFO - 2020-07-11 11:53:46 --> Controller "App\Controllers\Sections" loaded.
INFO - 2020-07-11 11:53:46 --> Fetching Sections details
INFO - 2020-07-11 11:53:46 --> Controller "App\Controllers\StaffDetails" loaded.
INFO - 2020-07-11 11:53:46 --> Fetching All Leave details
INFO - 2020-07-11 11:54:05 --> Controller "App\Controllers\Sections" loaded.
INFO - 2020-07-11 11:54:05 --> Fetching Sections details
INFO - 2020-07-11 11:54:05 --> Controller "App\Controllers\Staffs" loaded.
INFO - 2020-07-11 11:54:05 --> Fetching All staff details
INFO - 2020-07-11 11:54:05 --> Controller "App\Controllers\StaffDetails" loaded.
INFO - 2020-07-11 11:54:05 --> Fetching All Leave details
INFO - 2020-07-11 11:54:09 --> Controller "App\Controllers\Staffs" loaded.
INFO - 2020-07-11 11:54:09 --> Fetching staff details with Id
INFO - 2020-07-11 11:55:01 --> Controller "App\Controllers\Sections" loaded.
INFO - 2020-07-11 11:55:01 --> Controller "App\Controllers\Staffs" loaded.
INFO - 2020-07-11 11:55:01 --> Fetching Sections details
INFO - 2020-07-11 11:55:01 --> Fetching All staff details
INFO - 2020-07-11 11:55:01 --> Controller "App\Controllers\StaffDetails" loaded.
INFO - 2020-07-11 11:55:01 --> Fetching All Leave details
INFO - 2020-07-11 11:55:13 --> Controller "App\Controllers\Sections" loaded.
INFO - 2020-07-11 11:55:13 --> Fetching Sections details
INFO - 2020-07-11 11:55:13 --> Controller "App\Controllers\Staffs" loaded.
INFO - 2020-07-11 11:55:13 --> Fetching All staff details
INFO - 2020-07-11 11:55:13 --> Controller "App\Controllers\StaffDetails" loaded.
INFO - 2020-07-11 11:55:13 --> Fetching All Leave details
INFO - 2020-07-11 11:55:26 --> Controller "App\Controllers\StaffDetails" loaded.
INFO - 2020-07-11 11:55:26 --> Fetching Role details
INFO - 2020-07-11 11:55:26 --> Controller "App\Controllers\StaffDetails" loaded.
INFO - 2020-07-11 11:55:26 --> Fetching Department details
INFO - 2020-07-11 11:55:54 --> Controller "App\Controllers\Staffs" loaded.
INFO - 2020-07-11 11:55:54 --> Fetching staff details with Id
INFO - 2020-07-11 11:59:13 --> Controller "App\Controllers\Sections" loaded.
INFO - 2020-07-11 11:59:13 --> Fetching Sections details
INFO - 2020-07-11 11:59:13 --> Controller "App\Controllers\Staffs" loaded.
INFO - 2020-07-11 11:59:13 --> Fetching All staff details
INFO - 2020-07-11 11:59:13 --> Controller "App\Controllers\StaffDetails" loaded.
INFO - 2020-07-11 11:59:13 --> Fetching All Leave details
INFO - 2020-07-11 12:00:19 --> Controller "App\Controllers\Sections" loaded.
INFO - 2020-07-11 12:00:19 --> Fetching Sections details
INFO - 2020-07-11 12:00:19 --> Controller "App\Controllers\Staffs" loaded.
INFO - 2020-07-11 12:00:19 --> Fetching All staff details
INFO - 2020-07-11 12:00:19 --> Controller "App\Controllers\StaffDetails" loaded.
INFO - 2020-07-11 12:00:19 --> Fetching All Leave details
INFO - 2020-07-11 12:00:26 --> Controller "App\Controllers\Staffs" loaded.
INFO - 2020-07-11 12:00:26 --> Fetching staff details with Id
INFO - 2020-07-11 12:01:52 --> Controller "App\Controllers\Sections" loaded.
INFO - 2020-07-11 12:01:52 --> Fetching Sections details
INFO - 2020-07-11 12:01:53 --> Controller "App\Controllers\Staffs" loaded.
INFO - 2020-07-11 12:01:53 --> Fetching All staff details
INFO - 2020-07-11 12:01:53 --> Controller "App\Controllers\StaffDetails" loaded.
INFO - 2020-07-11 12:01:53 --> Fetching All Leave details
INFO - 2020-07-11 12:01:53 --> Controller "App\Controllers\Sections" loaded.
INFO - 2020-07-11 12:01:53 --> Fetching Sections details
INFO - 2020-07-11 12:01:53 --> Controller "App\Controllers\Staffs" loaded.
INFO - 2020-07-11 12:01:53 --> Fetching All staff details
INFO - 2020-07-11 12:01:53 --> Controller "App\Controllers\StaffDetails" loaded.
INFO - 2020-07-11 12:01:53 --> Fetching All Leave details
INFO - 2020-07-11 12:02:25 --> Controller "App\Controllers\Sections" loaded.
INFO - 2020-07-11 12:02:25 --> Fetching Sections details
INFO - 2020-07-11 12:02:25 --> Controller "App\Controllers\Staffs" loaded.
INFO - 2020-07-11 12:02:25 --> Fetching All staff details
INFO - 2020-07-11 12:02:25 --> Controller "App\Controllers\StaffDetails" loaded.
INFO - 2020-07-11 12:02:25 --> Fetching All Leave details
INFO - 2020-07-11 12:02:25 --> Controller "App\Controllers\Sections" loaded.
INFO - 2020-07-11 12:02:25 --> Fetching Sections details
INFO - 2020-07-11 12:02:25 --> Controller "App\Controllers\StaffDetails" loaded.
INFO - 2020-07-11 12:02:25 --> Controller "App\Controllers\Staffs" loaded.
INFO - 2020-07-11 12:02:25 --> Fetching All Leave details
INFO - 2020-07-11 12:02:25 --> Fetching All staff details
INFO - 2020-07-11 12:02:41 --> Controller "App\Controllers\Staffs" loaded.
INFO - 2020-07-11 12:02:41 --> Fetching staff details with Id
INFO - 2020-07-11 12:08:46 --> Controller "App\Controllers\Sections" loaded.
INFO - 2020-07-11 12:08:46 --> Fetching Sections details
INFO - 2020-07-11 12:08:46 --> Controller "App\Controllers\Staffs" loaded.
INFO - 2020-07-11 12:08:46 --> Fetching All staff details
INFO - 2020-07-11 12:08:46 --> Controller "App\Controllers\StaffDetails" loaded.
INFO - 2020-07-11 12:08:46 --> Fetching All Leave details
INFO - 2020-07-11 12:08:46 --> Controller "App\Controllers\Sections" loaded.
INFO - 2020-07-11 12:08:46 --> Controller "App\Controllers\Staffs" loaded.
INFO - 2020-07-11 12:08:46 --> Fetching Sections details
INFO - 2020-07-11 12:08:46 --> Fetching All staff details
INFO - 2020-07-11 12:08:46 --> Controller "App\Controllers\StaffDetails" loaded.
INFO - 2020-07-11 12:08:46 --> Fetching All Leave details
INFO - 2020-07-11 12:09:02 --> Controller "App\Controllers\Staffs" loaded.
INFO - 2020-07-11 12:09:02 --> Fetching staff details with Id
INFO - 2020-07-11 12:09:25 --> Controller "App\Controllers\Sections" loaded.
INFO - 2020-07-11 12:09:25 --> Fetching Sections details
INFO - 2020-07-11 12:09:25 --> Controller "App\Controllers\Staffs" loaded.
INFO - 2020-07-11 12:09:25 --> Fetching All staff details
INFO - 2020-07-11 12:09:25 --> Controller "App\Controllers\StaffDetails" loaded.
INFO - 2020-07-11 12:09:25 --> Fetching All Leave details
INFO - 2020-07-11 12:09:25 --> Controller "App\Controllers\Sections" loaded.
INFO - 2020-07-11 12:09:25 --> Fetching Sections details
INFO - 2020-07-11 12:09:25 --> Controller "App\Controllers\Staffs" loaded.
INFO - 2020-07-11 12:09:25 --> Fetching All staff details
INFO - 2020-07-11 12:09:25 --> Controller "App\Controllers\StaffDetails" loaded.
INFO - 2020-07-11 12:09:25 --> Fetching All Leave details
INFO - 2020-07-11 12:09:30 --> Controller "App\Controllers\Staffs" loaded.
INFO - 2020-07-11 12:09:30 --> Fetching staff details with Id
INFO - 2020-07-11 12:48:18 --> Controller "App\Controllers\Sections" loaded.
INFO - 2020-07-11 12:48:18 --> Fetching Sections details
INFO - 2020-07-11 12:48:18 --> Controller "App\Controllers\Staffs" loaded.
INFO - 2020-07-11 12:48:18 --> Fetching All staff details
INFO - 2020-07-11 12:48:18 --> Controller "App\Controllers\StaffDetails" loaded.
INFO - 2020-07-11 12:48:18 --> Fetching All Leave details
INFO - 2020-07-11 12:48:18 --> Controller "App\Controllers\Sections" loaded.
INFO - 2020-07-11 12:48:18 --> Fetching Sections details
INFO - 2020-07-11 12:48:18 --> Controller "App\Controllers\StaffDetails" loaded.
INFO - 2020-07-11 12:48:18 --> Fetching All Leave details
INFO - 2020-07-11 12:48:18 --> Controller "App\Controllers\Staffs" loaded.
INFO - 2020-07-11 12:48:18 --> Fetching All staff details
INFO - 2020-07-11 12:48:35 --> Controller "App\Controllers\Sections" loaded.
INFO - 2020-07-11 12:48:35 --> Controller "App\Controllers\Staffs" loaded.
INFO - 2020-07-11 12:48:35 --> Fetching Sections details
INFO - 2020-07-11 12:48:35 --> Fetching All staff details
INFO - 2020-07-11 12:48:35 --> Controller "App\Controllers\StaffDetails" loaded.
INFO - 2020-07-11 12:48:35 --> Fetching All Leave details
INFO - 2020-07-11 12:48:41 --> Controller "App\Controllers\Staffs" loaded.
INFO - 2020-07-11 12:48:41 --> Fetching staff details with Id
INFO - 2020-07-11 13:05:23 --> Controller "App\Controllers\Sections" loaded.
INFO - 2020-07-11 13:05:23 --> Fetching Sections details
INFO - 2020-07-11 13:05:23 --> Controller "App\Controllers\Staffs" loaded.
INFO - 2020-07-11 13:05:23 --> Controller "App\Controllers\StaffDetails" loaded.
INFO - 2020-07-11 13:05:23 --> Fetching All staff details
INFO - 2020-07-11 13:05:23 --> Fetching All Leave details
INFO - 2020-07-11 13:05:27 --> Controller "App\Controllers\Staffs" loaded.
INFO - 2020-07-11 13:05:27 --> Fetching staff details with Id
INFO - 2020-07-11 13:08:30 --> Controller "App\Controllers\Sections" loaded.
INFO - 2020-07-11 13:08:30 --> Controller "App\Controllers\Staffs" loaded.
INFO - 2020-07-11 13:08:30 --> Fetching All staff details
INFO - 2020-07-11 13:08:30 --> Fetching Sections details
INFO - 2020-07-11 13:08:30 --> Controller "App\Controllers\StaffDetails" loaded.
INFO - 2020-07-11 13:08:30 --> Controller "App\Controllers\Sections" loaded.
INFO - 2020-07-11 13:08:30 --> Fetching All Leave details
INFO - 2020-07-11 13:08:30 --> Fetching Sections details
INFO - 2020-07-11 13:08:30 --> Controller "App\Controllers\Staffs" loaded.
INFO - 2020-07-11 13:08:30 --> Fetching All staff details
INFO - 2020-07-11 13:08:30 --> Controller "App\Controllers\StaffDetails" loaded.
INFO - 2020-07-11 13:08:30 --> Fetching All Leave details
INFO - 2020-07-11 13:08:53 --> Controller "App\Controllers\Staffs" loaded.
INFO - 2020-07-11 13:08:53 --> Fetching staff details with Id
INFO - 2020-07-11 13:09:02 --> Controller "App\Controllers\StaffDetails" loaded.
INFO - 2020-07-11 13:09:02 --> Update staff details
INFO - 2020-07-11 13:09:05 --> Controller "App\Controllers\Sections" loaded.
INFO - 2020-07-11 13:09:05 --> Fetching Sections details
INFO - 2020-07-11 13:09:05 --> Controller "App\Controllers\Boards" loaded.
INFO - 2020-07-11 13:09:05 --> Fetching Boards details
INFO - 2020-07-11 13:09:05 --> Controller "App\Controllers\Academicyears" loaded.
INFO - 2020-07-11 13:09:05 --> Controller "App\Controllers\Students" loaded.
INFO - 2020-07-11 13:09:05 --> Fetching All Leave details
INFO - 2020-07-11 13:09:05 --> Controller "App\Controllers\StudentDetails" loaded.
INFO - 2020-07-11 13:09:05 --> Controller "App\Controllers\Sections" loaded.
INFO - 2020-07-11 13:09:05 --> Fetching Academic year details
INFO - 2020-07-11 13:09:05 --> Fetching Sections details
INFO - 2020-07-11 13:09:05 --> Fetching All Leave details
INFO - 2020-07-11 13:09:05 --> Controller "App\Controllers\Sections" loaded.
INFO - 2020-07-11 13:09:05 --> Fetching Sections details
INFO - 2020-07-11 13:09:05 --> Controller "App\Controllers\Categories" loaded.
INFO - 2020-07-11 13:09:05 --> Fetching Category details
INFO - 2020-07-11 13:09:33 --> Controller "App\Controllers\Students" loaded.
INFO - 2020-07-11 13:09:33 --> Fetching All Leave details
INFO - 2020-07-11 13:09:33 --> Controller "App\Controllers\Sections" loaded.
INFO - 2020-07-11 13:09:33 --> Fetching Sections details
INFO - 2020-07-11 13:09:33 --> Controller "App\Controllers\Academicyears" loaded.
INFO - 2020-07-11 13:09:33 --> Fetching Academic year details
INFO - 2020-07-11 13:09:33 --> Controller "App\Controllers\StudentDetails" loaded.
INFO - 2020-07-11 13:09:33 --> Controller "App\Controllers\Boards" loaded.
INFO - 2020-07-11 13:09:33 --> Fetching All Leave details
INFO - 2020-07-11 13:09:33 --> Fetching Boards details
INFO - 2020-07-11 13:09:33 --> Controller "App\Controllers\Sections" loaded.
INFO - 2020-07-11 13:09:33 --> Fetching Sections details
INFO - 2020-07-11 13:09:33 --> Controller "App\Controllers\Categories" loaded.
INFO - 2020-07-11 13:09:33 --> Fetching Category details
INFO - 2020-07-11 13:09:33 --> Controller "App\Controllers\Sections" loaded.
INFO - 2020-07-11 13:09:33 --> Fetching Sections details
INFO - 2020-07-11 13:09:33 --> Controller "App\Controllers\Staffs" loaded.
INFO - 2020-07-11 13:09:33 --> Controller "App\Controllers\StaffDetails" loaded.
INFO - 2020-07-11 13:09:33 --> Fetching All Leave details
INFO - 2020-07-11 13:09:33 --> Controller "App\Controllers\Sections" loaded.
INFO - 2020-07-11 13:09:33 --> Fetching All staff details
INFO - 2020-07-11 13:09:33 --> Fetching Sections details
INFO - 2020-07-11 13:09:58 --> Controller "App\Controllers\Staffs" loaded.
INFO - 2020-07-11 13:09:58 --> Fetching All staff details
INFO - 2020-07-11 13:09:58 --> Controller "App\Controllers\Sections" loaded.
INFO - 2020-07-11 13:09:58 --> Fetching Sections details
INFO - 2020-07-11 13:09:58 --> Controller "App\Controllers\StaffDetails" loaded.
INFO - 2020-07-11 13:09:58 --> Fetching All Leave details
INFO - 2020-07-11 13:10:02 --> Controller "App\Controllers\Staffs" loaded.
INFO - 2020-07-11 13:10:02 --> Fetching staff details with Id
INFO - 2020-07-11 13:10:09 --> Controller "App\Controllers\StaffDetails" loaded.
INFO - 2020-07-11 13:10:09 --> Update staff details
INFO - 2020-07-11 13:10:22 --> Controller "App\Controllers\Sections" loaded.
INFO - 2020-07-11 13:10:22 --> Fetching Sections details
INFO - 2020-07-11 13:10:22 --> Controller "App\Controllers\Staffs" loaded.
INFO - 2020-07-11 13:10:22 --> Fetching All staff details
INFO - 2020-07-11 13:10:22 --> Controller "App\Controllers\StaffDetails" loaded.
INFO - 2020-07-11 13:10:22 --> Fetching All Leave details
INFO - 2020-07-11 13:10:26 --> Controller "App\Controllers\Staffs" loaded.
INFO - 2020-07-11 13:10:26 --> Fetching staff details with Id
INFO - 2020-07-11 13:11:19 --> Controller "App\Controllers\StaffDetails" loaded.
INFO - 2020-07-11 13:11:19 --> Update staff details
INFO - 2020-07-11 13:12:03 --> Controller "App\Controllers\Sections" loaded.
INFO - 2020-07-11 13:12:03 --> Controller "App\Controllers\Staffs" loaded.
INFO - 2020-07-11 13:12:03 --> Fetching Sections details
INFO - 2020-07-11 13:12:03 --> Fetching All staff details
INFO - 2020-07-11 13:12:03 --> Controller "App\Controllers\StaffDetails" loaded.
INFO - 2020-07-11 13:12:03 --> Fetching All Leave details
INFO - 2020-07-11 13:12:09 --> Controller "App\Controllers\Sections" loaded.
INFO - 2020-07-11 13:12:09 --> Fetching Sections details
INFO - 2020-07-11 13:12:09 --> Controller "App\Controllers\Staffs" loaded.
INFO - 2020-07-11 13:12:09 --> Fetching All staff details
INFO - 2020-07-11 13:12:09 --> Controller "App\Controllers\StaffDetails" loaded.
INFO - 2020-07-11 13:12:09 --> Fetching All Leave details
INFO - 2020-07-11 13:12:14 --> Controller "App\Controllers\Staffs" loaded.
INFO - 2020-07-11 13:12:14 --> Fetching staff details with Id
INFO - 2020-07-11 13:13:48 --> Controller "App\Controllers\Sections" loaded.
INFO - 2020-07-11 13:13:48 --> Fetching Sections details
INFO - 2020-07-11 13:13:48 --> Controller "App\Controllers\Staffs" loaded.
INFO - 2020-07-11 13:13:48 --> Fetching All staff details
INFO - 2020-07-11 13:13:48 --> Controller "App\Controllers\StaffDetails" loaded.
INFO - 2020-07-11 13:13:48 --> Fetching All Leave details
INFO - 2020-07-11 13:14:10 --> Controller "App\Controllers\StaffDetails" loaded.
INFO - 2020-07-11 13:14:10 --> Fetching Role details
INFO - 2020-07-11 13:14:10 --> Controller "App\Controllers\StaffDetails" loaded.
INFO - 2020-07-11 13:14:10 --> Fetching Department details
INFO - 2020-07-11 13:15:13 --> Controller "App\Controllers\Sections" loaded.
INFO - 2020-07-11 13:15:13 --> Controller "App\Controllers\Staffs" loaded.
INFO - 2020-07-11 13:15:13 --> Fetching Sections details
INFO - 2020-07-11 13:15:13 --> Fetching All staff details
INFO - 2020-07-11 13:15:13 --> Controller "App\Controllers\StaffDetails" loaded.
INFO - 2020-07-11 13:15:13 --> Fetching All Leave details
INFO - 2020-07-11 13:15:13 --> Controller "App\Controllers\Sections" loaded.
INFO - 2020-07-11 13:15:13 --> Fetching Sections details
INFO - 2020-07-11 13:15:13 --> Controller "App\Controllers\Staffs" loaded.
INFO - 2020-07-11 13:15:13 --> Fetching All staff details
INFO - 2020-07-11 13:15:13 --> Controller "App\Controllers\StaffDetails" loaded.
INFO - 2020-07-11 13:15:13 --> Fetching All Leave details
INFO - 2020-07-11 13:15:50 --> Controller "App\Controllers\StaffDetails" loaded.
INFO - 2020-07-11 13:15:50 --> Fetching Role details
INFO - 2020-07-11 13:15:50 --> Controller "App\Controllers\StaffDetails" loaded.
INFO - 2020-07-11 13:15:50 --> Fetching Department details
INFO - 2020-07-11 13:23:01 --> Controller "App\Controllers\Sections" loaded.
INFO - 2020-07-11 13:23:01 --> Fetching Sections details
INFO - 2020-07-11 13:23:01 --> Controller "App\Controllers\Staffs" loaded.
INFO - 2020-07-11 13:23:01 --> Fetching All staff details
INFO - 2020-07-11 13:23:01 --> Controller "App\Controllers\StaffDetails" loaded.
INFO - 2020-07-11 13:23:01 --> Fetching All Leave details
INFO - 2020-07-11 13:27:26 --> Controller "App\Controllers\StaffDetails" loaded.
INFO - 2020-07-11 13:27:26 --> Fetching Role details
INFO - 2020-07-11 13:27:26 --> Controller "App\Controllers\StaffDetails" loaded.
INFO - 2020-07-11 13:27:26 --> Fetching Department details
INFO - 2020-07-11 13:27:51 --> Controller "App\Controllers\Sections" loaded.
INFO - 2020-07-11 13:27:51 --> Fetching Sections details
INFO - 2020-07-11 13:27:51 --> Controller "App\Controllers\Staffs" loaded.
INFO - 2020-07-11 13:27:51 --> Fetching All staff details
INFO - 2020-07-11 13:27:51 --> Controller "App\Controllers\StaffDetails" loaded.
INFO - 2020-07-11 13:27:51 --> Fetching All Leave details
INFO - 2020-07-11 13:27:51 --> Controller "App\Controllers\Sections" loaded.
INFO - 2020-07-11 13:27:51 --> Fetching Sections details
INFO - 2020-07-11 13:27:51 --> Controller "App\Controllers\Staffs" loaded.
INFO - 2020-07-11 13:27:51 --> Fetching All staff details
INFO - 2020-07-11 13:27:51 --> Controller "App\Controllers\StaffDetails" loaded.
INFO - 2020-07-11 13:27:51 --> Fetching All Leave details
INFO - 2020-07-11 13:31:31 --> Controller "App\Controllers\StaffDetails" loaded.
INFO - 2020-07-11 13:31:31 --> Fetching Role details
INFO - 2020-07-11 13:31:31 --> Controller "App\Controllers\StaffDetails" loaded.
INFO - 2020-07-11 13:31:31 --> Fetching Department details
INFO - 2020-07-11 13:32:16 --> Controller "App\Controllers\StaffDetails" loaded.
INFO - 2020-07-11 13:32:16 --> Inserting Student details
INFO - 2020-07-11 13:32:24 --> Controller "App\Controllers\Sections" loaded.
INFO - 2020-07-11 13:32:24 --> Controller "App\Controllers\Staffs" loaded.
INFO - 2020-07-11 13:32:24 --> Controller "App\Controllers\StaffDetails" loaded.
INFO - 2020-07-11 13:32:24 --> Fetching Sections details
INFO - 2020-07-11 13:32:24 --> Fetching All Leave details
INFO - 2020-07-11 13:32:24 --> Fetching All staff details
INFO - 2020-07-11 13:34:38 --> Controller "App\Controllers\Sections" loaded.
INFO - 2020-07-11 13:34:38 --> Fetching Sections details
INFO - 2020-07-11 13:34:38 --> Controller "App\Controllers\Staffs" loaded.
INFO - 2020-07-11 13:34:38 --> Fetching All staff details
INFO - 2020-07-11 13:34:38 --> Controller "App\Controllers\StaffDetails" loaded.
INFO - 2020-07-11 13:34:38 --> Fetching All Leave details
INFO - 2020-07-11 13:34:38 --> Controller "App\Controllers\Staffs" loaded.
INFO - 2020-07-11 13:34:38 --> Controller "App\Controllers\Sections" loaded.
INFO - 2020-07-11 13:34:38 --> Fetching All staff details
INFO - 2020-07-11 13:34:38 --> Fetching Sections details
INFO - 2020-07-11 13:34:38 --> Controller "App\Controllers\StaffDetails" loaded.
INFO - 2020-07-11 13:34:38 --> Fetching All Leave details
INFO - 2020-07-11 13:34:43 --> Controller "App\Controllers\Staffs" loaded.
INFO - 2020-07-11 13:34:43 --> Fetching staff details with Id
INFO - 2020-07-11 13:34:43 --> Controller "App\Controllers\Staffs" loaded.
INFO - 2020-07-11 13:34:43 --> Fetching All staff details
INFO - 2020-07-11 13:40:03 --> Controller "App\Controllers\Sections" loaded.
INFO - 2020-07-11 13:40:03 --> Controller "App\Controllers\Staffs" loaded.
INFO - 2020-07-11 13:40:03 --> Fetching Sections details
INFO - 2020-07-11 13:40:03 --> Controller "App\Controllers\StaffDetails" loaded.
INFO - 2020-07-11 13:40:03 --> Fetching All staff details
INFO - 2020-07-11 13:40:03 --> Fetching All Leave details
INFO - 2020-07-11 13:40:03 --> Controller "App\Controllers\Sections" loaded.
INFO - 2020-07-11 13:40:03 --> Fetching Sections details
INFO - 2020-07-11 13:40:03 --> Controller "App\Controllers\Staffs" loaded.
INFO - 2020-07-11 13:40:03 --> Fetching All staff details
INFO - 2020-07-11 13:40:03 --> Controller "App\Controllers\StaffDetails" loaded.
INFO - 2020-07-11 13:40:03 --> Fetching All Leave details
INFO - 2020-07-11 13:41:58 --> Controller "App\Controllers\Sections" loaded.
INFO - 2020-07-11 13:41:58 --> Controller "App\Controllers\Staffs" loaded.
INFO - 2020-07-11 13:41:58 --> Fetching All staff details
INFO - 2020-07-11 13:41:58 --> Fetching Sections details
INFO - 2020-07-11 13:41:58 --> Controller "App\Controllers\StaffDetails" loaded.
INFO - 2020-07-11 13:41:58 --> Fetching All Leave details
INFO - 2020-07-11 13:41:58 --> Controller "App\Controllers\Sections" loaded.
INFO - 2020-07-11 13:41:58 --> Fetching Sections details
INFO - 2020-07-11 13:41:58 --> Controller "App\Controllers\Staffs" loaded.
INFO - 2020-07-11 13:41:58 --> Fetching All staff details
INFO - 2020-07-11 13:41:58 --> Controller "App\Controllers\StaffDetails" loaded.
INFO - 2020-07-11 13:41:58 --> Fetching All Leave details
INFO - 2020-07-11 13:47:34 --> Controller "App\Controllers\Sections" loaded.
INFO - 2020-07-11 13:47:34 --> Fetching Sections details
INFO - 2020-07-11 13:47:34 --> Controller "App\Controllers\StaffDetails" loaded.
INFO - 2020-07-11 13:47:34 --> Fetching All Leave details
INFO - 2020-07-11 13:47:34 --> Controller "App\Controllers\Staffs" loaded.
INFO - 2020-07-11 13:47:34 --> Fetching All staff details
INFO - 2020-07-11 13:48:24 --> Controller "App\Controllers\Sections" loaded.
INFO - 2020-07-11 13:48:24 --> Controller "App\Controllers\Staffs" loaded.
INFO - 2020-07-11 13:48:24 --> Fetching All staff details
INFO - 2020-07-11 13:48:24 --> Fetching Sections details
INFO - 2020-07-11 13:48:24 --> Controller "App\Controllers\StaffDetails" loaded.
INFO - 2020-07-11 13:48:24 --> Fetching All Leave details
INFO - 2020-07-11 13:48:24 --> Controller "App\Controllers\Sections" loaded.
INFO - 2020-07-11 13:48:24 --> Fetching Sections details
INFO - 2020-07-11 13:48:24 --> Controller "App\Controllers\Staffs" loaded.
INFO - 2020-07-11 13:48:24 --> Fetching All staff details
INFO - 2020-07-11 13:48:24 --> Controller "App\Controllers\StaffDetails" loaded.
INFO - 2020-07-11 13:48:24 --> Fetching All Leave details
INFO - 2020-07-11 13:48:30 --> Controller "App\Controllers\Staffs" loaded.
INFO - 2020-07-11 13:48:30 --> Fetching staff details with Id
INFO - 2020-07-11 13:48:31 --> Controller "App\Controllers\Staffs" loaded.
INFO - 2020-07-11 13:48:31 --> Fetching All staff details
INFO - 2020-07-11 13:48:39 --> Controller "App\Controllers\StaffDetails" loaded.
INFO - 2020-07-11 13:48:39 --> Fetching room details
INFO - 2020-07-11 13:57:08 --> Controller "App\Controllers\Sections" loaded.
INFO - 2020-07-11 13:57:08 --> Fetching Sections details
INFO - 2020-07-11 13:57:08 --> Controller "App\Controllers\Staffs" loaded.
INFO - 2020-07-11 13:57:08 --> Controller "App\Controllers\StaffDetails" loaded.
INFO - 2020-07-11 13:57:08 --> Fetching All staff details
INFO - 2020-07-11 13:57:08 --> Fetching All Leave details
