INFO - 2021-01-24 10:56:24 --> Controller "App\Controllers\Dashboards" loaded.
INFO - 2021-01-24 10:56:24 --> Controller "App\Controllers\SchedulePlanner" loaded.
INFO - 2021-01-24 10:56:24 --> Fetching IIQA Details
INFO - 2021-01-24 10:56:24 --> Fetching Dashboard details
INFO - 2021-01-24 10:56:26 --> Controller "App\Controllers\PricingHistory" loaded.
INFO - 2021-01-24 10:56:26 --> Fetching IIQA Details
INFO - 2021-01-24 10:56:31 --> Controller "App\Controllers\UserMenu" loaded.
INFO - 2021-01-24 10:56:31 --> Fetching IIQA Details
INFO - 2021-01-24 10:56:31 --> Controller "App\Controllers\UserMenu" loaded.
INFO - 2021-01-24 10:56:31 --> Fetching IIQA Details
INFO - 2021-01-24 10:56:37 --> Controller "App\Controllers\Dashboards" loaded.
INFO - 2021-01-24 10:56:37 --> Fetching Dashboard details
INFO - 2021-01-24 10:56:37 --> Controller "App\Controllers\SchedulePlanner" loaded.
INFO - 2021-01-24 10:56:37 --> Fetching IIQA Details
INFO - 2021-01-24 12:19:07 --> Controller "App\Controllers\Dashboards" loaded.
INFO - 2021-01-24 12:19:07 --> Fetching Dashboard details
INFO - 2021-01-24 12:19:27 --> Controller "App\Controllers\InstituteDetails" loaded.
INFO - 2021-01-24 12:19:27 --> Fetching IIQA Details
INFO - 2021-01-24 12:20:07 --> Controller "App\Controllers\Dashboards" loaded.
INFO - 2021-01-24 12:20:07 --> Fetching Dashboard details
INFO - 2021-01-24 12:20:07 --> Controller "App\Controllers\SchedulePlanner" loaded.
INFO - 2021-01-24 12:20:07 --> Fetching IIQA Details
INFO - 2021-01-24 12:20:14 --> Controller "App\Controllers\PricingHistory" loaded.
INFO - 2021-01-24 12:20:14 --> Controller "App\Controllers\InstituteDetails" loaded.
INFO - 2021-01-24 12:20:14 --> Fetching IIQA Details
INFO - 2021-01-24 12:20:14 --> Fetching IIQA Details
INFO - 2021-01-24 12:20:15 --> Controller "App\Controllers\PricingDetails" loaded.
INFO - 2021-01-24 12:20:15 --> Fetching IIQA Details
INFO - 2021-01-24 12:20:15 --> Controller "App\Controllers\PricingDetails" loaded.
INFO - 2021-01-24 12:20:15 --> Fetching IIQA Details
INFO - 2021-01-24 12:20:45 --> Controller "App\Controllers\InstitutePricingHistory" loaded.
INFO - 2021-01-24 12:20:45 --> Fetching IIQA Details
INFO - 2021-01-24 12:21:55 --> Controller "App\Controllers\Dashboards" loaded.
INFO - 2021-01-24 12:21:55 --> Fetching Dashboard details
INFO - 2021-01-24 12:22:35 --> Controller "App\Controllers\Pincode" loaded.
INFO - 2021-01-24 12:25:00 --> Controller "App\Controllers\InstituteDetails" loaded.
INFO - 2021-01-24 12:25:00 --> Fetching IIQA Details
INFO - 2021-01-24 12:25:12 --> Controller "App\Controllers\InstituteDetails" loaded.
INFO - 2021-01-24 12:25:12 --> Fetching IIQA Details
INFO - 2021-01-24 12:26:03 --> Controller "App\Controllers\InstituteDetails" loaded.
INFO - 2021-01-24 12:26:03 --> Fetching IIQA Details
INFO - 2021-01-24 12:26:07 --> Controller "App\Controllers\InstituteDetails" loaded.
INFO - 2021-01-24 12:26:07 --> Fetching IIQA Details
INFO - 2021-01-24 12:26:47 --> Controller "App\Controllers\Pincode" loaded.
INFO - 2021-01-24 12:26:49 --> Controller "App\Controllers\Pincode" loaded.
INFO - 2021-01-24 12:33:34 --> Controller "App\Controllers\SchedulePlanner" loaded.
INFO - 2021-01-24 12:33:34 --> Controller "App\Controllers\Dashboards" loaded.
INFO - 2021-01-24 12:33:34 --> Fetching IIQA Details
INFO - 2021-01-24 12:33:34 --> Fetching Dashboard details
INFO - 2021-01-24 12:33:39 --> Controller "App\Controllers\PricingHistory" loaded.
INFO - 2021-01-24 12:33:39 --> Fetching IIQA Details
INFO - 2021-01-24 12:33:39 --> Controller "App\Controllers\InstituteDetails" loaded.
INFO - 2021-01-24 12:33:39 --> Fetching IIQA Details
INFO - 2021-01-24 12:33:39 --> Controller "App\Controllers\PricingDetails" loaded.
INFO - 2021-01-24 12:33:39 --> Fetching IIQA Details
INFO - 2021-01-24 12:33:39 --> Controller "App\Controllers\PricingDetails" loaded.
INFO - 2021-01-24 12:33:39 --> Fetching IIQA Details
INFO - 2021-01-24 12:35:00 --> Controller "App\Controllers\Dashboards" loaded.
INFO - 2021-01-24 12:35:00 --> Fetching Dashboard details
INFO - 2021-01-24 12:35:26 --> Controller "App\Controllers\Pincode" loaded.
INFO - 2021-01-24 12:39:20 --> Controller "App\Controllers\Leads" loaded.
INFO - 2021-01-24 12:39:20 --> Fetching IIQA Details
ERROR - 2021-01-24 12:39:20 --> Table 'egenius_salesdiary.lead_institute_contact_person' doesn't exist
INFO - 2021-01-24 12:39:33 --> Controller "App\Controllers\Leads" loaded.
INFO - 2021-01-24 12:39:33 --> Fetching IIQA Details
ERROR - 2021-01-24 12:39:33 --> Table 'egenius_salesdiary.lead_institute_contact_person' doesn't exist
INFO - 2021-01-24 12:39:51 --> Controller "App\Controllers\Leads" loaded.
INFO - 2021-01-24 12:39:51 --> Fetching IIQA Details
ERROR - 2021-01-24 12:39:51 --> Table 'egenius_salesdiary.lead_institute_contact_person' doesn't exist
INFO - 2021-01-24 12:40:20 --> Controller "App\Controllers\Leads" loaded.
INFO - 2021-01-24 12:40:20 --> Fetching IIQA Details
ERROR - 2021-01-24 12:40:20 --> Table 'egenius_salesdiary.lead_institute_contact_person' doesn't exist
INFO - 2021-01-24 12:41:28 --> Controller "App\Controllers\Leads" loaded.
INFO - 2021-01-24 12:41:28 --> Fetching IIQA Details
ERROR - 2021-01-24 12:41:28 --> Table 'egenius_salesdiary.lead_institute_contact_person' doesn't exist
INFO - 2021-01-24 12:44:34 --> Controller "App\Controllers\InstituteDetails" loaded.
INFO - 2021-01-24 12:44:34 --> Fetching IIQA Details
INFO - 2021-01-24 12:44:43 --> Controller "App\Controllers\InstituteDetails" loaded.
INFO - 2021-01-24 12:44:43 --> Fetching IIQA Details
INFO - 2021-01-24 12:44:48 --> Controller "App\Controllers\InstituteDetails" loaded.
INFO - 2021-01-24 12:44:48 --> Fetching IIQA Details
INFO - 2021-01-24 12:44:55 --> Controller "App\Controllers\InstituteDetails" loaded.
INFO - 2021-01-24 12:44:55 --> Fetching IIQA Details
INFO - 2021-01-24 12:45:21 --> Controller "App\Controllers\Dashboards" loaded.
INFO - 2021-01-24 12:45:21 --> Fetching Dashboard details
INFO - 2021-01-24 12:45:21 --> Controller "App\Controllers\SchedulePlanner" loaded.
INFO - 2021-01-24 12:45:21 --> Fetching IIQA Details
INFO - 2021-01-24 12:45:29 --> Controller "App\Controllers\SchedulePlanner" loaded.
INFO - 2021-01-24 12:45:29 --> Fetching IIQA Details
INFO - 2021-01-24 12:45:29 --> Controller "App\Controllers\InstituteDetails" loaded.
INFO - 2021-01-24 12:45:29 --> Fetching IIQA Details
INFO - 2021-01-24 12:46:10 --> Controller "App\Controllers\Dashboards" loaded.
INFO - 2021-01-24 12:46:10 --> Fetching Dashboard details
INFO - 2021-01-24 12:46:12 --> Controller "App\Controllers\InstituteDetails" loaded.
INFO - 2021-01-24 12:46:12 --> Fetching IIQA Details
INFO - 2021-01-24 12:46:56 --> Controller "App\Controllers\PricingHistory" loaded.
INFO - 2021-01-24 12:46:56 --> Fetching IIQA Details
INFO - 2021-01-24 12:47:26 --> Controller "App\Controllers\PricingDetails" loaded.
INFO - 2021-01-24 12:47:26 --> Fetching IIQA Details
INFO - 2021-01-24 12:47:26 --> Controller "App\Controllers\PricingDetails" loaded.
INFO - 2021-01-24 12:47:26 --> Fetching IIQA Details
