INFO - 2020-12-26 08:32:03 --> Controller "App\Controllers\Dashboards" loaded.
INFO - 2020-12-26 08:32:03 --> Fetching Dashboard details
INFO - 2020-12-26 08:32:30 --> Controller "App\Controllers\Leads" loaded.
INFO - 2020-12-26 08:32:30 --> Fetching IIQA Details
INFO - 2020-12-26 08:37:48 --> Controller "App\Controllers\Dashboards" loaded.
INFO - 2020-12-26 08:37:48 --> Fetching Dashboard details
INFO - 2020-12-26 08:41:37 --> Controller "App\Controllers\Dashboards" loaded.
INFO - 2020-12-26 08:41:37 --> Fetching Dashboard details
INFO - 2020-12-26 08:41:58 --> Controller "App\Controllers\Leads" loaded.
INFO - 2020-12-26 08:41:58 --> Fetching IIQA Details
INFO - 2020-12-26 08:42:02 --> Controller "App\Controllers\Leads" loaded.
INFO - 2020-12-26 08:42:02 --> Fetching IIQA Details
INFO - 2020-12-26 08:42:02 --> Controller "App\Controllers\ContactDetails" loaded.
INFO - 2020-12-26 08:42:02 --> Fetching IIQA Details
INFO - 2020-12-26 08:49:09 --> Controller "App\Controllers\Dashboards" loaded.
INFO - 2020-12-26 08:49:09 --> Fetching Dashboard details
INFO - 2020-12-26 08:49:10 --> Controller "App\Controllers\Leads" loaded.
INFO - 2020-12-26 08:49:10 --> Fetching IIQA Details
INFO - 2020-12-26 08:52:27 --> Controller "App\Controllers\Dashboards" loaded.
INFO - 2020-12-26 08:52:27 --> Fetching Dashboard details
INFO - 2020-12-26 08:53:51 --> Controller "App\Controllers\Leads" loaded.
INFO - 2020-12-26 08:53:51 --> Fetching IIQA Details
INFO - 2020-12-26 08:53:54 --> Controller "App\Controllers\Leads" loaded.
INFO - 2020-12-26 08:53:54 --> Fetching IIQA Details
INFO - 2020-12-26 08:53:54 --> Controller "App\Controllers\ContactDetails" loaded.
INFO - 2020-12-26 08:53:54 --> Fetching IIQA Details
INFO - 2020-12-26 08:54:45 --> Controller "App\Controllers\Dashboards" loaded.
INFO - 2020-12-26 08:54:45 --> Fetching Dashboard details
INFO - 2020-12-26 08:54:51 --> Controller "App\Controllers\Leads" loaded.
INFO - 2020-12-26 08:54:51 --> Fetching IIQA Details
INFO - 2020-12-26 08:54:54 --> Controller "App\Controllers\Leads" loaded.
INFO - 2020-12-26 08:54:54 --> Fetching IIQA Details
INFO - 2020-12-26 08:54:54 --> Controller "App\Controllers\ContactDetails" loaded.
INFO - 2020-12-26 08:54:54 --> Fetching IIQA Details
INFO - 2020-12-26 08:58:07 --> Controller "App\Controllers\Dashboards" loaded.
INFO - 2020-12-26 08:58:07 --> Fetching Dashboard details
INFO - 2020-12-26 08:58:12 --> Controller "App\Controllers\Dashboards" loaded.
INFO - 2020-12-26 08:58:12 --> Fetching Dashboard details
INFO - 2020-12-26 08:58:14 --> Controller "App\Controllers\Leads" loaded.
INFO - 2020-12-26 08:58:14 --> Fetching IIQA Details
INFO - 2020-12-26 08:58:22 --> Controller "App\Controllers\Leads" loaded.
INFO - 2020-12-26 08:58:22 --> Fetching IIQA Details
INFO - 2020-12-26 08:58:24 --> Controller "App\Controllers\Leads" loaded.
INFO - 2020-12-26 08:58:24 --> Fetching IIQA Details
INFO - 2020-12-26 08:58:26 --> Controller "App\Controllers\Leads" loaded.
INFO - 2020-12-26 08:58:26 --> Fetching IIQA Details
INFO - 2020-12-26 08:58:30 --> Controller "App\Controllers\Leads" loaded.
INFO - 2020-12-26 08:58:30 --> Fetching IIQA Details
INFO - 2020-12-26 08:58:39 --> Controller "App\Controllers\Leads" loaded.
INFO - 2020-12-26 08:58:39 --> Fetching IIQA Details
INFO - 2020-12-26 08:58:39 --> Controller "App\Controllers\ContactDetails" loaded.
INFO - 2020-12-26 08:58:39 --> Fetching IIQA Details
INFO - 2020-12-26 09:02:10 --> Controller "App\Controllers\Dashboards" loaded.
INFO - 2020-12-26 09:02:10 --> Fetching Dashboard details
INFO - 2020-12-26 09:02:17 --> Controller "App\Controllers\Leads" loaded.
INFO - 2020-12-26 09:02:17 --> Fetching IIQA Details
INFO - 2020-12-26 09:02:21 --> Controller "App\Controllers\Leads" loaded.
INFO - 2020-12-26 09:02:21 --> Fetching IIQA Details
INFO - 2020-12-26 09:02:21 --> Controller "App\Controllers\ContactDetails" loaded.
INFO - 2020-12-26 09:02:21 --> Fetching IIQA Details
INFO - 2020-12-26 09:08:12 --> Controller "App\Controllers\Dashboards" loaded.
INFO - 2020-12-26 09:08:12 --> Fetching Dashboard details
INFO - 2020-12-26 09:08:14 --> Controller "App\Controllers\Leads" loaded.
INFO - 2020-12-26 09:08:14 --> Fetching IIQA Details
INFO - 2020-12-26 09:08:17 --> Controller "App\Controllers\Leads" loaded.
INFO - 2020-12-26 09:08:17 --> Fetching IIQA Details
INFO - 2020-12-26 09:08:17 --> Controller "App\Controllers\ContactDetails" loaded.
INFO - 2020-12-26 09:08:17 --> Fetching IIQA Details
INFO - 2020-12-26 09:09:10 --> Controller "App\Controllers\Dashboards" loaded.
INFO - 2020-12-26 09:09:10 --> Fetching Dashboard details
INFO - 2020-12-26 09:09:12 --> Controller "App\Controllers\Leads" loaded.
INFO - 2020-12-26 09:09:12 --> Fetching IIQA Details
INFO - 2020-12-26 09:09:14 --> Controller "App\Controllers\Leads" loaded.
INFO - 2020-12-26 09:09:14 --> Fetching IIQA Details
INFO - 2020-12-26 09:09:15 --> Controller "App\Controllers\ContactDetails" loaded.
INFO - 2020-12-26 09:09:15 --> Fetching IIQA Details
INFO - 2020-12-26 09:11:51 --> Controller "App\Controllers\Dashboards" loaded.
INFO - 2020-12-26 09:11:51 --> Fetching Dashboard details
INFO - 2020-12-26 09:13:01 --> Controller "App\Controllers\Dashboards" loaded.
INFO - 2020-12-26 09:13:01 --> Fetching Dashboard details
INFO - 2020-12-26 09:15:45 --> Controller "App\Controllers\Dashboards" loaded.
INFO - 2020-12-26 09:15:45 --> Fetching Dashboard details
INFO - 2020-12-26 09:15:47 --> Controller "App\Controllers\Leads" loaded.
INFO - 2020-12-26 09:15:47 --> Fetching IIQA Details
INFO - 2020-12-26 09:15:50 --> Controller "App\Controllers\Leads" loaded.
INFO - 2020-12-26 09:15:50 --> Fetching IIQA Details
INFO - 2020-12-26 09:15:50 --> Controller "App\Controllers\ContactDetails" loaded.
INFO - 2020-12-26 09:15:50 --> Fetching IIQA Details
INFO - 2020-12-26 09:16:46 --> Controller "App\Controllers\Leads" loaded.
INFO - 2020-12-26 09:16:46 --> Fetching IIQA Details
INFO - 2020-12-26 09:16:47 --> Controller "App\Controllers\Leads" loaded.
INFO - 2020-12-26 09:16:47 --> Fetching IIQA Details
INFO - 2020-12-26 09:16:48 --> Controller "App\Controllers\ContactDetails" loaded.
INFO - 2020-12-26 09:16:48 --> Fetching IIQA Details
INFO - 2020-12-26 09:21:42 --> Controller "App\Controllers\Dashboards" loaded.
INFO - 2020-12-26 09:21:42 --> Fetching Dashboard details
INFO - 2020-12-26 09:37:38 --> Controller "App\Controllers\Dashboards" loaded.
INFO - 2020-12-26 09:37:38 --> Fetching Dashboard details
INFO - 2020-12-26 09:37:40 --> Controller "App\Controllers\Leads" loaded.
INFO - 2020-12-26 09:37:40 --> Fetching IIQA Details
INFO - 2020-12-26 09:37:43 --> Controller "App\Controllers\Leads" loaded.
INFO - 2020-12-26 09:37:43 --> Fetching IIQA Details
INFO - 2020-12-26 09:37:43 --> Controller "App\Controllers\ContactDetails" loaded.
INFO - 2020-12-26 09:37:43 --> Fetching IIQA Details
INFO - 2020-12-26 09:54:27 --> Controller "App\Controllers\Dashboards" loaded.
INFO - 2020-12-26 09:54:27 --> Fetching Dashboard details
INFO - 2020-12-26 09:54:32 --> Controller "App\Controllers\Leads" loaded.
INFO - 2020-12-26 09:54:32 --> Fetching IIQA Details
INFO - 2020-12-26 09:54:35 --> Controller "App\Controllers\Leads" loaded.
INFO - 2020-12-26 09:54:35 --> Controller "App\Controllers\ContactDetails" loaded.
INFO - 2020-12-26 09:54:35 --> Fetching IIQA Details
INFO - 2020-12-26 09:54:35 --> Fetching IIQA Details
INFO - 2020-12-26 09:57:15 --> Controller "App\Controllers\Dashboards" loaded.
INFO - 2020-12-26 09:57:15 --> Fetching Dashboard details
INFO - 2020-12-26 10:02:51 --> Controller "App\Controllers\Dashboards" loaded.
INFO - 2020-12-26 10:02:51 --> Fetching Dashboard details
INFO - 2020-12-26 10:05:20 --> Controller "App\Controllers\Dashboards" loaded.
INFO - 2020-12-26 10:05:20 --> Fetching Dashboard details
INFO - 2020-12-26 10:05:25 --> Controller "App\Controllers\Leads" loaded.
INFO - 2020-12-26 10:05:25 --> Fetching IIQA Details
INFO - 2020-12-26 10:05:28 --> Controller "App\Controllers\Leads" loaded.
INFO - 2020-12-26 10:05:28 --> Fetching IIQA Details
INFO - 2020-12-26 10:05:28 --> Controller "App\Controllers\ContactDetails" loaded.
INFO - 2020-12-26 10:05:28 --> Fetching IIQA Details
INFO - 2020-12-26 10:06:29 --> Controller "App\Controllers\Dashboards" loaded.
INFO - 2020-12-26 10:06:29 --> Fetching Dashboard details
INFO - 2020-12-26 10:06:32 --> Controller "App\Controllers\Leads" loaded.
INFO - 2020-12-26 10:06:32 --> Fetching IIQA Details
INFO - 2020-12-26 10:07:55 --> Controller "App\Controllers\Leads" loaded.
INFO - 2020-12-26 10:07:55 --> Fetching IIQA Details
INFO - 2020-12-26 10:08:30 --> Controller "App\Controllers\Leads" loaded.
INFO - 2020-12-26 10:08:30 --> Fetching IIQA Details
INFO - 2020-12-26 10:08:35 --> Controller "App\Controllers\Leads" loaded.
INFO - 2020-12-26 10:08:35 --> Fetching IIQA Details
INFO - 2020-12-26 10:09:38 --> Controller "App\Controllers\Leads" loaded.
INFO - 2020-12-26 10:09:38 --> Controller "App\Controllers\ContactDetails" loaded.
INFO - 2020-12-26 10:09:38 --> Fetching IIQA Details
INFO - 2020-12-26 10:09:38 --> Fetching IIQA Details
INFO - 2020-12-26 10:23:30 --> Controller "App\Controllers\Dashboards" loaded.
INFO - 2020-12-26 10:23:30 --> Fetching Dashboard details
INFO - 2020-12-26 10:25:40 --> Controller "App\Controllers\Dashboards" loaded.
INFO - 2020-12-26 10:25:40 --> Fetching Dashboard details
INFO - 2020-12-26 10:45:26 --> Controller "App\Controllers\Dashboards" loaded.
INFO - 2020-12-26 10:45:26 --> Fetching Dashboard details
INFO - 2020-12-26 10:46:45 --> Controller "App\Controllers\Dashboards" loaded.
INFO - 2020-12-26 10:46:45 --> Fetching Dashboard details
INFO - 2020-12-26 10:48:29 --> Controller "App\Controllers\Dashboards" loaded.
INFO - 2020-12-26 10:48:29 --> Fetching Dashboard details
INFO - 2020-12-26 10:48:34 --> Controller "App\Controllers\Leads" loaded.
INFO - 2020-12-26 10:48:34 --> Fetching IIQA Details
INFO - 2020-12-26 10:48:37 --> Controller "App\Controllers\Leads" loaded.
INFO - 2020-12-26 10:48:37 --> Fetching IIQA Details
INFO - 2020-12-26 10:48:37 --> Controller "App\Controllers\ContactDetails" loaded.
INFO - 2020-12-26 10:48:37 --> Fetching IIQA Details
INFO - 2020-12-26 10:48:47 --> Controller "App\Controllers\Leads" loaded.
INFO - 2020-12-26 10:48:47 --> Fetching IIQA Details
INFO - 2020-12-26 10:48:49 --> Controller "App\Controllers\Leads" loaded.
INFO - 2020-12-26 10:48:49 --> Fetching IIQA Details
INFO - 2020-12-26 10:49:14 --> Controller "App\Controllers\Leads" loaded.
INFO - 2020-12-26 10:49:14 --> Fetching IIQA Details
INFO - 2020-12-26 10:49:17 --> Controller "App\Controllers\Leads" loaded.
INFO - 2020-12-26 10:49:17 --> Fetching IIQA Details
INFO - 2020-12-26 10:49:29 --> Controller "App\Controllers\Dashboards" loaded.
INFO - 2020-12-26 10:49:29 --> Fetching Dashboard details
INFO - 2020-12-26 10:49:31 --> Controller "App\Controllers\Leads" loaded.
INFO - 2020-12-26 10:49:31 --> Fetching IIQA Details
INFO - 2020-12-26 10:49:34 --> Controller "App\Controllers\Leads" loaded.
INFO - 2020-12-26 10:49:34 --> Fetching IIQA Details
INFO - 2020-12-26 10:49:34 --> Controller "App\Controllers\ContactDetails" loaded.
INFO - 2020-12-26 10:49:34 --> Fetching IIQA Details
INFO - 2020-12-26 11:01:33 --> Controller "App\Controllers\Dashboards" loaded.
INFO - 2020-12-26 11:01:33 --> Fetching Dashboard details
INFO - 2020-12-26 11:01:36 --> Controller "App\Controllers\Leads" loaded.
INFO - 2020-12-26 11:01:36 --> Fetching IIQA Details
INFO - 2020-12-26 11:01:39 --> Controller "App\Controllers\ContactDetails" loaded.
INFO - 2020-12-26 11:01:39 --> Controller "App\Controllers\Leads" loaded.
INFO - 2020-12-26 11:01:39 --> Fetching IIQA Details
INFO - 2020-12-26 11:01:39 --> Fetching IIQA Details
INFO - 2020-12-26 11:03:42 --> Controller "App\Controllers\Leads" loaded.
INFO - 2020-12-26 11:03:42 --> Fetching IIQA Details
INFO - 2020-12-26 11:03:45 --> Controller "App\Controllers\Leads" loaded.
INFO - 2020-12-26 11:03:45 --> Fetching IIQA Details
INFO - 2020-12-26 11:03:54 --> Controller "App\Controllers\Dashboards" loaded.
INFO - 2020-12-26 11:03:54 --> Fetching Dashboard details
INFO - 2020-12-26 11:04:01 --> Controller "App\Controllers\Leads" loaded.
INFO - 2020-12-26 11:04:01 --> Fetching IIQA Details
INFO - 2020-12-26 11:04:03 --> Controller "App\Controllers\Leads" loaded.
INFO - 2020-12-26 11:04:03 --> Fetching IIQA Details
INFO - 2020-12-26 11:04:04 --> Controller "App\Controllers\ContactDetails" loaded.
INFO - 2020-12-26 11:04:04 --> Fetching IIQA Details
INFO - 2020-12-26 11:05:46 --> Controller "App\Controllers\Dashboards" loaded.
INFO - 2020-12-26 11:05:46 --> Fetching Dashboard details
INFO - 2020-12-26 11:05:50 --> Controller "App\Controllers\Leads" loaded.
INFO - 2020-12-26 11:05:50 --> Fetching IIQA Details
INFO - 2020-12-26 11:05:52 --> Controller "App\Controllers\Leads" loaded.
INFO - 2020-12-26 11:05:52 --> Fetching IIQA Details
INFO - 2020-12-26 11:05:52 --> Controller "App\Controllers\ContactDetails" loaded.
INFO - 2020-12-26 11:05:52 --> Fetching IIQA Details
INFO - 2020-12-26 11:06:10 --> Controller "App\Controllers\Leads" loaded.
INFO - 2020-12-26 11:06:10 --> Fetching IIQA Details
INFO - 2020-12-26 11:06:13 --> Controller "App\Controllers\Leads" loaded.
INFO - 2020-12-26 11:06:13 --> Fetching IIQA Details
INFO - 2020-12-26 13:35:04 --> Controller "App\Controllers\Dashboards" loaded.
INFO - 2020-12-26 13:35:04 --> Fetching Dashboard details
INFO - 2020-12-26 13:35:05 --> Controller "App\Controllers\Leads" loaded.
INFO - 2020-12-26 13:35:05 --> Fetching IIQA Details
INFO - 2020-12-26 13:35:08 --> Controller "App\Controllers\Leads" loaded.
INFO - 2020-12-26 13:35:08 --> Fetching IIQA Details
INFO - 2020-12-26 13:35:08 --> Controller "App\Controllers\ContactDetails" loaded.
INFO - 2020-12-26 13:35:08 --> Fetching IIQA Details
INFO - 2020-12-26 13:40:30 --> Controller "App\Controllers\Dashboards" loaded.
INFO - 2020-12-26 13:40:30 --> Fetching Dashboard details
INFO - 2020-12-26 13:40:44 --> Controller "App\Controllers\Leads" loaded.
INFO - 2020-12-26 13:40:44 --> Fetching IIQA Details
INFO - 2020-12-26 13:50:38 --> Controller "App\Controllers\Leads" loaded.
INFO - 2020-12-26 13:50:38 --> Controller "App\Controllers\ContactDetails" loaded.
INFO - 2020-12-26 13:50:38 --> Fetching IIQA Details
INFO - 2020-12-26 13:50:38 --> Fetching IIQA Details
INFO - 2020-12-26 13:53:35 --> Controller "App\Controllers\Dashboards" loaded.
INFO - 2020-12-26 13:53:35 --> Fetching Dashboard details
INFO - 2020-12-26 13:55:23 --> Controller "App\Controllers\Dashboards" loaded.
INFO - 2020-12-26 13:55:23 --> Fetching Dashboard details
INFO - 2020-12-26 13:58:25 --> Controller "App\Controllers\Dashboards" loaded.
INFO - 2020-12-26 13:58:25 --> Fetching Dashboard details
INFO - 2020-12-26 13:59:08 --> Controller "App\Controllers\Dashboards" loaded.
INFO - 2020-12-26 13:59:08 --> Fetching Dashboard details
INFO - 2020-12-26 13:59:10 --> Controller "App\Controllers\Leads" loaded.
INFO - 2020-12-26 13:59:10 --> Fetching IIQA Details
INFO - 2020-12-26 13:59:12 --> Controller "App\Controllers\Leads" loaded.
INFO - 2020-12-26 13:59:12 --> Fetching IIQA Details
INFO - 2020-12-26 13:59:12 --> Controller "App\Controllers\ContactDetails" loaded.
INFO - 2020-12-26 13:59:12 --> Fetching IIQA Details
INFO - 2020-12-26 14:01:03 --> Controller "App\Controllers\Dashboards" loaded.
INFO - 2020-12-26 14:01:03 --> Fetching Dashboard details
INFO - 2020-12-26 14:01:24 --> Controller "App\Controllers\Dashboards" loaded.
INFO - 2020-12-26 14:01:24 --> Fetching Dashboard details
INFO - 2020-12-26 14:03:19 --> Controller "App\Controllers\Leads" loaded.
INFO - 2020-12-26 14:03:19 --> Fetching IIQA Details
INFO - 2020-12-26 14:03:23 --> Controller "App\Controllers\Leads" loaded.
INFO - 2020-12-26 14:03:23 --> Fetching IIQA Details
INFO - 2020-12-26 14:03:23 --> Controller "App\Controllers\ContactDetails" loaded.
INFO - 2020-12-26 14:03:23 --> Fetching IIQA Details
INFO - 2020-12-26 14:03:36 --> Controller "App\Controllers\Dashboards" loaded.
INFO - 2020-12-26 14:03:36 --> Fetching Dashboard details
INFO - 2020-12-26 14:03:38 --> Controller "App\Controllers\Leads" loaded.
INFO - 2020-12-26 14:03:38 --> Fetching IIQA Details
INFO - 2020-12-26 14:03:40 --> Controller "App\Controllers\Leads" loaded.
INFO - 2020-12-26 14:03:40 --> Fetching IIQA Details
INFO - 2020-12-26 14:03:40 --> Controller "App\Controllers\ContactDetails" loaded.
INFO - 2020-12-26 14:03:40 --> Fetching IIQA Details
INFO - 2020-12-26 14:07:40 --> Controller "App\Controllers\Dashboards" loaded.
INFO - 2020-12-26 14:07:40 --> Fetching Dashboard details
INFO - 2020-12-26 14:07:55 --> Controller "App\Controllers\Leads" loaded.
INFO - 2020-12-26 14:07:55 --> Fetching IIQA Details
INFO - 2020-12-26 14:12:00 --> Controller "App\Controllers\Dashboards" loaded.
INFO - 2020-12-26 14:12:00 --> Fetching Dashboard details
INFO - 2020-12-26 14:12:42 --> Controller "App\Controllers\Dashboards" loaded.
INFO - 2020-12-26 14:12:42 --> Fetching Dashboard details
INFO - 2020-12-26 14:14:08 --> Controller "App\Controllers\Dashboards" loaded.
INFO - 2020-12-26 14:14:08 --> Fetching Dashboard details
INFO - 2020-12-26 14:14:39 --> Controller "App\Controllers\Leads" loaded.
INFO - 2020-12-26 14:14:39 --> Fetching IIQA Details
INFO - 2020-12-26 14:22:00 --> Controller "App\Controllers\Dashboards" loaded.
INFO - 2020-12-26 14:22:00 --> Fetching Dashboard details
INFO - 2020-12-26 14:22:02 --> Controller "App\Controllers\Leads" loaded.
INFO - 2020-12-26 14:22:02 --> Fetching IIQA Details
INFO - 2020-12-26 14:22:06 --> Controller "App\Controllers\Leads" loaded.
INFO - 2020-12-26 14:22:06 --> Fetching IIQA Details
INFO - 2020-12-26 14:22:06 --> Controller "App\Controllers\ContactDetails" loaded.
INFO - 2020-12-26 14:22:06 --> Fetching IIQA Details
INFO - 2020-12-26 14:30:10 --> Controller "App\Controllers\Dashboards" loaded.
INFO - 2020-12-26 14:30:10 --> Fetching Dashboard details
INFO - 2020-12-26 14:30:12 --> Controller "App\Controllers\Leads" loaded.
INFO - 2020-12-26 14:30:12 --> Fetching IIQA Details
INFO - 2020-12-26 14:30:15 --> Controller "App\Controllers\Leads" loaded.
INFO - 2020-12-26 14:30:15 --> Fetching IIQA Details
INFO - 2020-12-26 14:30:15 --> Controller "App\Controllers\ContactDetails" loaded.
INFO - 2020-12-26 14:30:15 --> Fetching IIQA Details
INFO - 2020-12-26 14:31:43 --> Controller "App\Controllers\Dashboards" loaded.
INFO - 2020-12-26 14:31:43 --> Fetching Dashboard details
INFO - 2020-12-26 14:31:45 --> Controller "App\Controllers\Leads" loaded.
INFO - 2020-12-26 14:31:45 --> Fetching IIQA Details
INFO - 2020-12-26 14:31:48 --> Controller "App\Controllers\Leads" loaded.
INFO - 2020-12-26 14:31:48 --> Fetching IIQA Details
INFO - 2020-12-26 14:31:48 --> Controller "App\Controllers\ContactDetails" loaded.
INFO - 2020-12-26 14:31:48 --> Fetching IIQA Details
INFO - 2020-12-26 14:34:01 --> Controller "App\Controllers\Dashboards" loaded.
INFO - 2020-12-26 14:34:01 --> Fetching Dashboard details
INFO - 2020-12-26 14:35:19 --> Controller "App\Controllers\Dashboards" loaded.
INFO - 2020-12-26 14:35:19 --> Fetching Dashboard details
INFO - 2020-12-26 14:35:25 --> Controller "App\Controllers\Leads" loaded.
INFO - 2020-12-26 14:35:25 --> Fetching IIQA Details
INFO - 2020-12-26 14:35:27 --> Controller "App\Controllers\Leads" loaded.
INFO - 2020-12-26 14:35:27 --> Fetching IIQA Details
INFO - 2020-12-26 14:35:28 --> Controller "App\Controllers\ContactDetails" loaded.
INFO - 2020-12-26 14:35:28 --> Fetching IIQA Details
INFO - 2020-12-26 14:39:46 --> Controller "App\Controllers\Dashboards" loaded.
INFO - 2020-12-26 14:39:46 --> Fetching Dashboard details
INFO - 2020-12-26 14:39:48 --> Controller "App\Controllers\Leads" loaded.
INFO - 2020-12-26 14:39:48 --> Fetching IIQA Details
INFO - 2020-12-26 14:39:51 --> Controller "App\Controllers\Leads" loaded.
INFO - 2020-12-26 14:39:51 --> Fetching IIQA Details
INFO - 2020-12-26 14:39:51 --> Controller "App\Controllers\ContactDetails" loaded.
INFO - 2020-12-26 14:39:51 --> Fetching IIQA Details
INFO - 2020-12-26 14:43:31 --> Controller "App\Controllers\Dashboards" loaded.
INFO - 2020-12-26 14:43:31 --> Fetching Dashboard details
INFO - 2020-12-26 14:43:34 --> Controller "App\Controllers\Leads" loaded.
INFO - 2020-12-26 14:43:34 --> Fetching IIQA Details
INFO - 2020-12-26 14:43:37 --> Controller "App\Controllers\Leads" loaded.
INFO - 2020-12-26 14:43:37 --> Fetching IIQA Details
INFO - 2020-12-26 14:43:37 --> Controller "App\Controllers\ContactDetails" loaded.
INFO - 2020-12-26 14:43:37 --> Fetching IIQA Details
INFO - 2020-12-26 19:16:25 --> Controller "App\Controllers\Dashboards" loaded.
INFO - 2020-12-26 19:16:25 --> Fetching Dashboard details
INFO - 2020-12-26 19:17:51 --> Controller "App\Controllers\Leads" loaded.
INFO - 2020-12-26 19:17:51 --> Fetching IIQA Details
INFO - 2020-12-26 19:17:54 --> Controller "App\Controllers\Leads" loaded.
INFO - 2020-12-26 19:17:54 --> Fetching IIQA Details
INFO - 2020-12-26 19:17:54 --> Controller "App\Controllers\ContactDetails" loaded.
INFO - 2020-12-26 19:17:54 --> Fetching IIQA Details
INFO - 2020-12-26 19:22:04 --> Controller "App\Controllers\Dashboards" loaded.
INFO - 2020-12-26 19:22:04 --> Fetching Dashboard details
INFO - 2020-12-26 19:22:59 --> Controller "App\Controllers\Dashboards" loaded.
INFO - 2020-12-26 19:22:59 --> Fetching Dashboard details
INFO - 2020-12-26 19:29:02 --> Controller "App\Controllers\Dashboards" loaded.
INFO - 2020-12-26 19:29:02 --> Fetching Dashboard details
INFO - 2020-12-26 19:33:32 --> Controller "App\Controllers\Leads" loaded.
INFO - 2020-12-26 19:33:32 --> Fetching IIQA Details
INFO - 2020-12-26 19:33:40 --> Controller "App\Controllers\Leads" loaded.
INFO - 2020-12-26 19:33:40 --> Controller "App\Controllers\ContactDetails" loaded.
INFO - 2020-12-26 19:33:40 --> Fetching IIQA Details
INFO - 2020-12-26 19:33:40 --> Fetching IIQA Details
INFO - 2020-12-26 19:46:24 --> Controller "App\Controllers\Dashboards" loaded.
INFO - 2020-12-26 19:46:24 --> Fetching Dashboard details
INFO - 2020-12-26 19:48:08 --> Controller "App\Controllers\Dashboards" loaded.
INFO - 2020-12-26 19:48:08 --> Fetching Dashboard details
INFO - 2020-12-26 19:51:56 --> Controller "App\Controllers\Dashboards" loaded.
INFO - 2020-12-26 19:51:56 --> Fetching Dashboard details
INFO - 2020-12-26 19:52:41 --> Controller "App\Controllers\Dashboards" loaded.
INFO - 2020-12-26 19:52:41 --> Fetching Dashboard details
INFO - 2020-12-26 19:57:27 --> Controller "App\Controllers\Dashboards" loaded.
INFO - 2020-12-26 19:57:27 --> Fetching Dashboard details
INFO - 2020-12-26 20:00:21 --> Controller "App\Controllers\Dashboards" loaded.
INFO - 2020-12-26 20:00:21 --> Fetching Dashboard details
INFO - 2020-12-26 20:01:37 --> Controller "App\Controllers\Dashboards" loaded.
INFO - 2020-12-26 20:01:37 --> Fetching Dashboard details
INFO - 2020-12-26 20:02:23 --> Controller "App\Controllers\Dashboards" loaded.
INFO - 2020-12-26 20:02:23 --> Fetching Dashboard details
INFO - 2020-12-26 20:03:50 --> Controller "App\Controllers\Dashboards" loaded.
INFO - 2020-12-26 20:03:50 --> Fetching Dashboard details
INFO - 2020-12-26 20:10:55 --> Controller "App\Controllers\Dashboards" loaded.
INFO - 2020-12-26 20:10:55 --> Fetching Dashboard details
INFO - 2020-12-26 20:14:50 --> Controller "App\Controllers\Dashboards" loaded.
INFO - 2020-12-26 20:14:50 --> Fetching Dashboard details
INFO - 2020-12-26 20:15:39 --> Controller "App\Controllers\Dashboards" loaded.
INFO - 2020-12-26 20:15:39 --> Fetching Dashboard details
INFO - 2020-12-26 20:31:16 --> Controller "App\Controllers\Dashboards" loaded.
INFO - 2020-12-26 20:31:16 --> Fetching Dashboard details
INFO - 2020-12-26 20:55:16 --> Controller "App\Controllers\Dashboards" loaded.
INFO - 2020-12-26 20:55:16 --> Fetching Dashboard details
INFO - 2020-12-26 20:55:52 --> Controller "App\Controllers\Dashboards" loaded.
INFO - 2020-12-26 20:55:52 --> Fetching Dashboard details
INFO - 2020-12-26 20:58:54 --> Controller "App\Controllers\Dashboards" loaded.
INFO - 2020-12-26 20:58:54 --> Fetching Dashboard details
INFO - 2020-12-26 20:59:07 --> Controller "App\Controllers\Dashboards" loaded.
INFO - 2020-12-26 20:59:07 --> Fetching Dashboard details
INFO - 2020-12-26 21:05:23 --> Controller "App\Controllers\Dashboards" loaded.
INFO - 2020-12-26 21:05:23 --> Fetching Dashboard details
INFO - 2020-12-26 21:06:29 --> Controller "App\Controllers\Dashboards" loaded.
INFO - 2020-12-26 21:06:29 --> Fetching Dashboard details
INFO - 2020-12-26 21:08:40 --> Controller "App\Controllers\Dashboards" loaded.
INFO - 2020-12-26 21:08:40 --> Fetching Dashboard details
INFO - 2020-12-26 21:12:43 --> Controller "App\Controllers\Dashboards" loaded.
INFO - 2020-12-26 21:12:43 --> Fetching Dashboard details
INFO - 2020-12-26 21:13:11 --> Controller "App\Controllers\Dashboards" loaded.
INFO - 2020-12-26 21:13:11 --> Fetching Dashboard details
INFO - 2020-12-26 21:32:55 --> Controller "App\Controllers\Dashboards" loaded.
INFO - 2020-12-26 21:32:55 --> Fetching Dashboard details
INFO - 2020-12-26 21:34:49 --> Controller "App\Controllers\Dashboards" loaded.
INFO - 2020-12-26 21:34:49 --> Fetching Dashboard details
INFO - 2020-12-26 21:35:24 --> Controller "App\Controllers\Dashboards" loaded.
INFO - 2020-12-26 21:35:24 --> Fetching Dashboard details
INFO - 2020-12-26 21:35:27 --> Controller "App\Controllers\Leads" loaded.
INFO - 2020-12-26 21:35:27 --> Fetching IIQA Details
INFO - 2020-12-26 21:35:29 --> Controller "App\Controllers\Leads" loaded.
INFO - 2020-12-26 21:35:29 --> Fetching IIQA Details
INFO - 2020-12-26 21:35:29 --> Controller "App\Controllers\ContactDetails" loaded.
INFO - 2020-12-26 21:35:29 --> Fetching IIQA Details
INFO - 2020-12-26 21:37:24 --> Controller "App\Controllers\Dashboards" loaded.
INFO - 2020-12-26 21:37:24 --> Fetching Dashboard details
INFO - 2020-12-26 21:37:26 --> Controller "App\Controllers\Dashboards" loaded.
INFO - 2020-12-26 21:37:26 --> Fetching Dashboard details
INFO - 2020-12-26 21:38:40 --> Controller "App\Controllers\Dashboards" loaded.
INFO - 2020-12-26 21:38:40 --> Fetching Dashboard details
INFO - 2020-12-26 21:38:42 --> Controller "App\Controllers\Dashboards" loaded.
INFO - 2020-12-26 21:38:42 --> Fetching Dashboard details
INFO - 2020-12-26 21:41:06 --> Controller "App\Controllers\Dashboards" loaded.
INFO - 2020-12-26 21:41:06 --> Fetching Dashboard details
INFO - 2020-12-26 21:41:10 --> Controller "App\Controllers\Dashboards" loaded.
INFO - 2020-12-26 21:41:10 --> Fetching Dashboard details
INFO - 2020-12-26 21:41:48 --> Controller "App\Controllers\Dashboards" loaded.
INFO - 2020-12-26 21:41:48 --> Fetching Dashboard details
INFO - 2020-12-26 21:43:23 --> Controller "App\Controllers\Dashboards" loaded.
INFO - 2020-12-26 21:43:23 --> Fetching Dashboard details
INFO - 2020-12-26 21:47:23 --> Controller "App\Controllers\Dashboards" loaded.
INFO - 2020-12-26 21:47:23 --> Fetching Dashboard details
INFO - 2020-12-26 21:47:26 --> Controller "App\Controllers\Dashboards" loaded.
INFO - 2020-12-26 21:47:26 --> Fetching Dashboard details
INFO - 2020-12-26 21:48:57 --> Controller "App\Controllers\Dashboards" loaded.
INFO - 2020-12-26 21:48:57 --> Fetching Dashboard details
INFO - 2020-12-26 21:57:37 --> Controller "App\Controllers\Dashboards" loaded.
INFO - 2020-12-26 21:57:37 --> Fetching Dashboard details
INFO - 2020-12-26 21:59:53 --> Controller "App\Controllers\Dashboards" loaded.
INFO - 2020-12-26 21:59:53 --> Fetching Dashboard details
INFO - 2020-12-26 22:00:14 --> Controller "App\Controllers\Dashboards" loaded.
INFO - 2020-12-26 22:00:14 --> Fetching Dashboard details
