INFO - 2020-11-27 09:58:29 --> Controller "App\Controllers\UserMenus" loaded.
INFO - 2020-11-27 09:58:29 --> Fetching UserMenu details
INFO - 2020-11-27 09:58:32 --> Controller "App\Controllers\IIQAForm" loaded.
INFO - 2020-11-27 09:58:32 --> Fetching IIQA Details
INFO - 2020-11-27 09:58:54 --> Controller "App\Controllers\UserMenus" loaded.
INFO - 2020-11-27 09:58:54 --> Fetching UserMenu details
INFO - 2020-11-27 09:58:59 --> Controller "App\Controllers\UserMenus" loaded.
INFO - 2020-11-27 09:58:59 --> Fetching UserMenu details
INFO - 2020-11-27 09:59:02 --> Controller "App\Controllers\IIQAForm" loaded.
INFO - 2020-11-27 09:59:02 --> Fetching IIQA Details
INFO - 2020-11-27 09:59:02 --> Controller "App\Controllers\University" loaded.
INFO - 2020-11-27 09:59:02 --> Controller "App\Controllers\State" loaded.
INFO - 2020-11-27 09:59:02 --> Fetching IIQA Details
INFO - 2020-11-27 09:59:02 --> Fetching IIQA Details
INFO - 2020-11-27 09:59:02 --> Controller "App\Controllers\CommonFetch" loaded.
INFO - 2020-11-27 09:59:02 --> Controller "App\Controllers\CommonFetch" loaded.
INFO - 2020-11-27 09:59:02 --> Controller "App\Controllers\CommonFetch" loaded.
INFO - 2020-11-27 09:59:02 --> Fetching IIQA Details
INFO - 2020-11-27 09:59:02 --> Controller "App\Controllers\IIQADocument" loaded.
INFO - 2020-11-27 09:59:02 --> Fetching Title Details
INFO - 2020-11-27 09:59:02 --> Fetching Title Details
INFO - 2020-11-27 09:59:02 --> Fetching Document Details
INFO - 2020-11-27 09:59:07 --> Controller "App\Controllers\UserMenus" loaded.
INFO - 2020-11-27 09:59:07 --> Fetching UserMenu details
INFO - 2020-11-27 10:23:13 --> Controller "App\Controllers\UserMenus" loaded.
INFO - 2020-11-27 10:23:13 --> Fetching UserMenu details
INFO - 2020-11-27 22:20:42 --> Controller "App\Controllers\UserMenus" loaded.
INFO - 2020-11-27 22:20:43 --> Fetching UserMenu details
INFO - 2020-11-27 22:20:44 --> Controller "App\Controllers\UserMenus" loaded.
INFO - 2020-11-27 22:20:44 --> Fetching UserMenu details
