INFO - 2020-12-23 09:06:40 --> Controller "App\Controllers\Dashboards" loaded.
INFO - 2020-12-23 09:06:40 --> Fetching Dashboard details
INFO - 2020-12-23 09:07:00 --> Controller "App\Controllers\Pincode" loaded.
INFO - 2020-12-23 09:15:14 --> Controller "App\Controllers\Dashboards" loaded.
INFO - 2020-12-23 09:15:14 --> Fetching Dashboard details
INFO - 2020-12-23 09:17:53 --> Controller "App\Controllers\Dashboards" loaded.
INFO - 2020-12-23 09:17:53 --> Fetching Dashboard details
INFO - 2020-12-23 09:19:59 --> Controller "App\Controllers\Dashboards" loaded.
INFO - 2020-12-23 09:19:59 --> Fetching Dashboard details
INFO - 2020-12-23 09:20:10 --> Controller "App\Controllers\Dashboards" loaded.
INFO - 2020-12-23 09:20:10 --> Fetching Dashboard details
INFO - 2020-12-23 09:22:09 --> Controller "App\Controllers\Dashboards" loaded.
INFO - 2020-12-23 09:22:09 --> Fetching Dashboard details
INFO - 2020-12-23 09:24:04 --> Controller "App\Controllers\Dashboards" loaded.
INFO - 2020-12-23 09:24:04 --> Fetching Dashboard details
INFO - 2020-12-23 09:26:56 --> Controller "App\Controllers\Dashboards" loaded.
INFO - 2020-12-23 09:26:56 --> Fetching Dashboard details
INFO - 2020-12-23 09:28:55 --> Controller "App\Controllers\Dashboards" loaded.
INFO - 2020-12-23 09:28:55 --> Fetching Dashboard details
INFO - 2020-12-23 09:30:06 --> Controller "App\Controllers\Dashboards" loaded.
INFO - 2020-12-23 09:30:06 --> Fetching Dashboard details
INFO - 2020-12-23 09:37:08 --> Controller "App\Controllers\Dashboards" loaded.
INFO - 2020-12-23 09:37:08 --> Fetching Dashboard details
INFO - 2020-12-23 09:37:52 --> Controller "App\Controllers\Dashboards" loaded.
INFO - 2020-12-23 09:37:52 --> Fetching Dashboard details
INFO - 2020-12-23 09:40:11 --> Controller "App\Controllers\Dashboards" loaded.
INFO - 2020-12-23 09:40:11 --> Fetching Dashboard details
INFO - 2020-12-23 09:43:27 --> Controller "App\Controllers\Dashboards" loaded.
INFO - 2020-12-23 09:43:27 --> Fetching Dashboard details
INFO - 2020-12-23 09:44:14 --> Controller "App\Controllers\Dashboards" loaded.
INFO - 2020-12-23 09:44:14 --> Fetching Dashboard details
INFO - 2020-12-23 09:44:28 --> Controller "App\Controllers\Dashboards" loaded.
INFO - 2020-12-23 09:44:28 --> Fetching Dashboard details
INFO - 2020-12-23 09:45:44 --> Controller "App\Controllers\Dashboards" loaded.
INFO - 2020-12-23 09:45:44 --> Fetching Dashboard details
INFO - 2020-12-23 09:52:40 --> Controller "App\Controllers\Dashboards" loaded.
INFO - 2020-12-23 09:52:40 --> Fetching Dashboard details
INFO - 2020-12-23 09:52:44 --> Controller "App\Controllers\Dashboards" loaded.
INFO - 2020-12-23 09:52:44 --> Fetching Dashboard details
INFO - 2020-12-23 09:53:25 --> Controller "App\Controllers\Dashboards" loaded.
INFO - 2020-12-23 09:53:25 --> Fetching Dashboard details
INFO - 2020-12-23 09:53:32 --> Controller "App\Controllers\Dashboards" loaded.
INFO - 2020-12-23 09:53:32 --> Fetching Dashboard details
INFO - 2020-12-23 09:53:55 --> Controller "App\Controllers\Dashboards" loaded.
INFO - 2020-12-23 09:53:55 --> Fetching Dashboard details
INFO - 2020-12-23 09:54:19 --> Controller "App\Controllers\Dashboards" loaded.
INFO - 2020-12-23 09:54:19 --> Fetching Dashboard details
INFO - 2020-12-23 09:56:07 --> Controller "App\Controllers\Dashboards" loaded.
INFO - 2020-12-23 09:56:07 --> Fetching Dashboard details
INFO - 2020-12-23 10:00:41 --> Controller "App\Controllers\Dashboards" loaded.
INFO - 2020-12-23 10:00:41 --> Fetching Dashboard details
INFO - 2020-12-23 10:01:46 --> Controller "App\Controllers\Dashboards" loaded.
INFO - 2020-12-23 10:01:46 --> Fetching Dashboard details
INFO - 2020-12-23 10:02:09 --> Controller "App\Controllers\Dashboards" loaded.
INFO - 2020-12-23 10:02:09 --> Fetching Dashboard details
INFO - 2020-12-23 10:03:20 --> Controller "App\Controllers\Dashboards" loaded.
INFO - 2020-12-23 10:03:20 --> Fetching Dashboard details
INFO - 2020-12-23 10:07:34 --> Controller "App\Controllers\Dashboards" loaded.
INFO - 2020-12-23 10:07:34 --> Fetching Dashboard details
INFO - 2020-12-23 10:08:30 --> Controller "App\Controllers\Dashboards" loaded.
INFO - 2020-12-23 10:08:30 --> Fetching Dashboard details
INFO - 2020-12-23 10:19:51 --> Controller "App\Controllers\Dashboards" loaded.
INFO - 2020-12-23 10:19:51 --> Fetching Dashboard details
INFO - 2020-12-23 10:41:24 --> Controller "App\Controllers\Dashboards" loaded.
INFO - 2020-12-23 10:41:24 --> Fetching Dashboard details
INFO - 2020-12-23 10:41:40 --> Controller "App\Controllers\Pincode" loaded.
INFO - 2020-12-23 10:46:58 --> Controller "App\Controllers\Leads" loaded.
INFO - 2020-12-23 10:46:58 --> Fetching IIQA Details
INFO - 2020-12-23 10:47:01 --> Controller "App\Controllers\Dashboards" loaded.
INFO - 2020-12-23 10:47:01 --> Fetching Dashboard details
INFO - 2020-12-23 10:49:19 --> Controller "App\Controllers\Dashboards" loaded.
INFO - 2020-12-23 10:49:19 --> Fetching Dashboard details
INFO - 2020-12-23 10:51:22 --> Controller "App\Controllers\Dashboards" loaded.
INFO - 2020-12-23 10:51:22 --> Fetching Dashboard details
INFO - 2020-12-23 10:56:24 --> Controller "App\Controllers\Leads" loaded.
INFO - 2020-12-23 10:56:24 --> Fetching IIQA Details
INFO - 2020-12-23 11:03:05 --> Controller "App\Controllers\Dashboards" loaded.
INFO - 2020-12-23 11:03:05 --> Fetching Dashboard details
INFO - 2020-12-23 11:04:45 --> Controller "App\Controllers\Dashboards" loaded.
INFO - 2020-12-23 11:04:45 --> Fetching Dashboard details
INFO - 2020-12-23 11:05:13 --> Controller "App\Controllers\Dashboards" loaded.
INFO - 2020-12-23 11:05:13 --> Fetching Dashboard details
INFO - 2020-12-23 11:12:35 --> Controller "App\Controllers\Dashboards" loaded.
INFO - 2020-12-23 11:12:35 --> Fetching Dashboard details
INFO - 2020-12-23 11:12:36 --> Controller "App\Controllers\Leads" loaded.
INFO - 2020-12-23 11:12:36 --> Fetching IIQA Details
INFO - 2020-12-23 11:13:31 --> Controller "App\Controllers\Dashboards" loaded.
INFO - 2020-12-23 11:13:31 --> Fetching Dashboard details
INFO - 2020-12-23 11:13:35 --> Controller "App\Controllers\Leads" loaded.
INFO - 2020-12-23 11:13:35 --> Fetching IIQA Details
INFO - 2020-12-23 11:16:56 --> Controller "App\Controllers\Dashboards" loaded.
INFO - 2020-12-23 11:16:56 --> Fetching Dashboard details
INFO - 2020-12-23 11:16:58 --> Controller "App\Controllers\Leads" loaded.
INFO - 2020-12-23 11:16:58 --> Fetching IIQA Details
INFO - 2020-12-23 11:20:32 --> Controller "App\Controllers\Dashboards" loaded.
INFO - 2020-12-23 11:20:32 --> Fetching Dashboard details
INFO - 2020-12-23 11:20:33 --> Controller "App\Controllers\Leads" loaded.
INFO - 2020-12-23 11:20:33 --> Fetching IIQA Details
INFO - 2020-12-23 11:21:12 --> Controller "App\Controllers\Dashboards" loaded.
INFO - 2020-12-23 11:21:12 --> Fetching Dashboard details
INFO - 2020-12-23 11:23:43 --> Controller "App\Controllers\Leads" loaded.
INFO - 2020-12-23 11:23:43 --> Fetching IIQA Details
INFO - 2020-12-23 11:23:58 --> Controller "App\Controllers\Dashboards" loaded.
INFO - 2020-12-23 11:23:58 --> Fetching Dashboard details
INFO - 2020-12-23 11:24:06 --> Controller "App\Controllers\Dashboards" loaded.
INFO - 2020-12-23 11:24:06 --> Fetching Dashboard details
INFO - 2020-12-23 11:24:07 --> Controller "App\Controllers\Leads" loaded.
INFO - 2020-12-23 11:24:07 --> Fetching IIQA Details
INFO - 2020-12-23 11:26:32 --> Controller "App\Controllers\Dashboards" loaded.
INFO - 2020-12-23 11:26:32 --> Fetching Dashboard details
INFO - 2020-12-23 11:27:54 --> Controller "App\Controllers\Dashboards" loaded.
INFO - 2020-12-23 11:27:54 --> Fetching Dashboard details
INFO - 2020-12-23 11:29:51 --> Controller "App\Controllers\Dashboards" loaded.
INFO - 2020-12-23 11:29:51 --> Fetching Dashboard details
INFO - 2020-12-23 11:31:53 --> Controller "App\Controllers\Dashboards" loaded.
INFO - 2020-12-23 11:31:53 --> Fetching Dashboard details
INFO - 2020-12-23 11:32:36 --> Controller "App\Controllers\Dashboards" loaded.
INFO - 2020-12-23 11:32:36 --> Fetching Dashboard details
INFO - 2020-12-23 11:33:00 --> Controller "App\Controllers\Leads" loaded.
INFO - 2020-12-23 11:33:00 --> Fetching IIQA Details
INFO - 2020-12-23 11:33:04 --> Controller "App\Controllers\Leads" loaded.
INFO - 2020-12-23 11:33:04 --> Fetching IIQA Details
INFO - 2020-12-23 11:36:17 --> Controller "App\Controllers\Dashboards" loaded.
INFO - 2020-12-23 11:36:17 --> Fetching Dashboard details
INFO - 2020-12-23 11:36:19 --> Controller "App\Controllers\Leads" loaded.
INFO - 2020-12-23 11:36:19 --> Fetching IIQA Details
INFO - 2020-12-23 11:36:22 --> Controller "App\Controllers\Leads" loaded.
INFO - 2020-12-23 11:36:22 --> Fetching IIQA Details
INFO - 2020-12-23 11:36:31 --> Controller "App\Controllers\Dashboards" loaded.
INFO - 2020-12-23 11:36:31 --> Fetching Dashboard details
INFO - 2020-12-23 11:36:33 --> Controller "App\Controllers\Leads" loaded.
INFO - 2020-12-23 11:36:33 --> Fetching IIQA Details
INFO - 2020-12-23 11:36:36 --> Controller "App\Controllers\Leads" loaded.
INFO - 2020-12-23 11:36:36 --> Fetching IIQA Details
INFO - 2020-12-23 11:38:14 --> Controller "App\Controllers\Dashboards" loaded.
INFO - 2020-12-23 11:38:14 --> Fetching Dashboard details
INFO - 2020-12-23 11:38:21 --> Controller "App\Controllers\Dashboards" loaded.
INFO - 2020-12-23 11:38:21 --> Fetching Dashboard details
INFO - 2020-12-23 11:38:23 --> Controller "App\Controllers\Leads" loaded.
INFO - 2020-12-23 11:38:23 --> Fetching IIQA Details
INFO - 2020-12-23 11:38:26 --> Controller "App\Controllers\Leads" loaded.
INFO - 2020-12-23 11:38:26 --> Fetching IIQA Details
INFO - 2020-12-23 11:38:34 --> Controller "App\Controllers\Leads" loaded.
INFO - 2020-12-23 11:38:34 --> Fetching IIQA Details
INFO - 2020-12-23 11:38:49 --> Controller "App\Controllers\Leads" loaded.
INFO - 2020-12-23 11:38:49 --> Fetching IIQA Details
INFO - 2020-12-23 11:38:51 --> Controller "App\Controllers\Leads" loaded.
INFO - 2020-12-23 11:38:51 --> Fetching IIQA Details
INFO - 2020-12-23 11:38:54 --> Controller "App\Controllers\Leads" loaded.
INFO - 2020-12-23 11:38:54 --> Fetching IIQA Details
INFO - 2020-12-23 11:38:57 --> Controller "App\Controllers\Leads" loaded.
INFO - 2020-12-23 11:38:57 --> Fetching IIQA Details
INFO - 2020-12-23 11:40:12 --> Controller "App\Controllers\Dashboards" loaded.
INFO - 2020-12-23 11:40:12 --> Fetching Dashboard details
INFO - 2020-12-23 11:40:55 --> Controller "App\Controllers\Dashboards" loaded.
INFO - 2020-12-23 11:40:55 --> Fetching Dashboard details
INFO - 2020-12-23 11:40:58 --> Controller "App\Controllers\Leads" loaded.
INFO - 2020-12-23 11:40:58 --> Fetching IIQA Details
INFO - 2020-12-23 11:41:01 --> Controller "App\Controllers\Leads" loaded.
INFO - 2020-12-23 11:41:01 --> Fetching IIQA Details
INFO - 2020-12-23 11:41:19 --> Controller "App\Controllers\Leads" loaded.
INFO - 2020-12-23 11:41:19 --> Fetching IIQA Details
INFO - 2020-12-23 11:45:37 --> Controller "App\Controllers\Dashboards" loaded.
INFO - 2020-12-23 11:45:37 --> Fetching Dashboard details
INFO - 2020-12-23 11:48:33 --> Controller "App\Controllers\Dashboards" loaded.
INFO - 2020-12-23 11:48:33 --> Fetching Dashboard details
INFO - 2020-12-23 11:48:35 --> Controller "App\Controllers\Leads" loaded.
INFO - 2020-12-23 11:48:35 --> Fetching IIQA Details
INFO - 2020-12-23 11:48:38 --> Controller "App\Controllers\Leads" loaded.
INFO - 2020-12-23 11:48:38 --> Fetching IIQA Details
INFO - 2020-12-23 11:49:34 --> Controller "App\Controllers\Dashboards" loaded.
INFO - 2020-12-23 11:49:34 --> Fetching Dashboard details
INFO - 2020-12-23 12:23:00 --> Controller "App\Controllers\Leads" loaded.
INFO - 2020-12-23 12:23:00 --> Fetching IIQA Details
INFO - 2020-12-23 12:23:03 --> Controller "App\Controllers\Leads" loaded.
INFO - 2020-12-23 12:23:03 --> Fetching IIQA Details
INFO - 2020-12-23 12:27:21 --> Controller "App\Controllers\Dashboards" loaded.
INFO - 2020-12-23 12:27:21 --> Fetching Dashboard details
INFO - 2020-12-23 12:27:26 --> Controller "App\Controllers\Leads" loaded.
INFO - 2020-12-23 12:27:26 --> Fetching IIQA Details
INFO - 2020-12-23 12:27:28 --> Controller "App\Controllers\Leads" loaded.
INFO - 2020-12-23 12:27:28 --> Fetching IIQA Details
INFO - 2020-12-23 12:30:23 --> Controller "App\Controllers\Dashboards" loaded.
INFO - 2020-12-23 12:30:23 --> Fetching Dashboard details
INFO - 2020-12-23 12:30:39 --> Controller "App\Controllers\Leads" loaded.
INFO - 2020-12-23 12:30:39 --> Fetching IIQA Details
INFO - 2020-12-23 12:30:42 --> Controller "App\Controllers\Leads" loaded.
INFO - 2020-12-23 12:30:42 --> Fetching IIQA Details
INFO - 2020-12-23 12:32:03 --> Controller "App\Controllers\Dashboards" loaded.
INFO - 2020-12-23 12:32:03 --> Fetching Dashboard details
INFO - 2020-12-23 12:32:05 --> Controller "App\Controllers\Leads" loaded.
INFO - 2020-12-23 12:32:05 --> Fetching IIQA Details
INFO - 2020-12-23 12:32:08 --> Controller "App\Controllers\Leads" loaded.
INFO - 2020-12-23 12:32:08 --> Fetching IIQA Details
INFO - 2020-12-23 12:32:25 --> Controller "App\Controllers\Dashboards" loaded.
INFO - 2020-12-23 12:32:25 --> Fetching Dashboard details
INFO - 2020-12-23 12:37:21 --> Controller "App\Controllers\Dashboards" loaded.
INFO - 2020-12-23 12:37:21 --> Fetching Dashboard details
INFO - 2020-12-23 12:37:26 --> Controller "App\Controllers\Dashboards" loaded.
INFO - 2020-12-23 12:37:26 --> Fetching Dashboard details
INFO - 2020-12-23 12:38:28 --> Controller "App\Controllers\Dashboards" loaded.
INFO - 2020-12-23 12:38:28 --> Fetching Dashboard details
INFO - 2020-12-23 12:38:30 --> Controller "App\Controllers\Dashboards" loaded.
INFO - 2020-12-23 12:38:30 --> Fetching Dashboard details
INFO - 2020-12-23 12:38:46 --> Controller "App\Controllers\Leads" loaded.
INFO - 2020-12-23 12:38:46 --> Fetching IIQA Details
INFO - 2020-12-23 12:38:49 --> Controller "App\Controllers\Leads" loaded.
INFO - 2020-12-23 12:38:49 --> Fetching IIQA Details
INFO - 2020-12-23 12:39:57 --> Controller "App\Controllers\Dashboards" loaded.
INFO - 2020-12-23 12:39:57 --> Fetching Dashboard details
INFO - 2020-12-23 12:39:58 --> Controller "App\Controllers\Dashboards" loaded.
INFO - 2020-12-23 12:39:58 --> Fetching Dashboard details
INFO - 2020-12-23 12:40:13 --> Controller "App\Controllers\Leads" loaded.
INFO - 2020-12-23 12:40:13 --> Fetching IIQA Details
INFO - 2020-12-23 12:40:17 --> Controller "App\Controllers\Leads" loaded.
INFO - 2020-12-23 12:40:17 --> Fetching IIQA Details
INFO - 2020-12-23 12:40:55 --> Controller "App\Controllers\Leads" loaded.
INFO - 2020-12-23 12:40:55 --> Fetching IIQA Details
INFO - 2020-12-23 12:40:58 --> Controller "App\Controllers\Leads" loaded.
INFO - 2020-12-23 12:40:58 --> Fetching IIQA Details
INFO - 2020-12-23 12:45:27 --> Controller "App\Controllers\Dashboards" loaded.
INFO - 2020-12-23 12:45:27 --> Fetching Dashboard details
INFO - 2020-12-23 12:45:32 --> Controller "App\Controllers\Dashboards" loaded.
INFO - 2020-12-23 12:45:32 --> Fetching Dashboard details
INFO - 2020-12-23 12:46:37 --> Controller "App\Controllers\Dashboards" loaded.
INFO - 2020-12-23 12:46:37 --> Fetching Dashboard details
INFO - 2020-12-23 12:46:41 --> Controller "App\Controllers\Dashboards" loaded.
INFO - 2020-12-23 12:46:42 --> Fetching Dashboard details
INFO - 2020-12-23 12:49:12 --> Controller "App\Controllers\Dashboards" loaded.
INFO - 2020-12-23 12:49:12 --> Fetching Dashboard details
INFO - 2020-12-23 12:49:16 --> Controller "App\Controllers\Dashboards" loaded.
INFO - 2020-12-23 12:49:16 --> Fetching Dashboard details
INFO - 2020-12-23 12:55:40 --> Controller "App\Controllers\Dashboards" loaded.
INFO - 2020-12-23 12:55:40 --> Fetching Dashboard details
INFO - 2020-12-23 12:55:48 --> Controller "App\Controllers\Dashboards" loaded.
INFO - 2020-12-23 12:55:48 --> Fetching Dashboard details
INFO - 2020-12-23 13:00:19 --> Controller "App\Controllers\Dashboards" loaded.
INFO - 2020-12-23 13:00:19 --> Fetching Dashboard details
INFO - 2020-12-23 13:01:49 --> Controller "App\Controllers\Dashboards" loaded.
INFO - 2020-12-23 13:01:49 --> Fetching Dashboard details
INFO - 2020-12-23 13:05:51 --> Controller "App\Controllers\Dashboards" loaded.
INFO - 2020-12-23 13:05:51 --> Fetching Dashboard details
INFO - 2020-12-23 13:05:56 --> Controller "App\Controllers\Dashboards" loaded.
INFO - 2020-12-23 13:05:56 --> Fetching Dashboard details
INFO - 2020-12-23 13:06:01 --> Controller "App\Controllers\Leads" loaded.
INFO - 2020-12-23 13:06:01 --> Fetching IIQA Details
INFO - 2020-12-23 13:06:04 --> Controller "App\Controllers\Leads" loaded.
INFO - 2020-12-23 13:06:04 --> Fetching IIQA Details
INFO - 2020-12-23 13:06:59 --> Controller "App\Controllers\Dashboards" loaded.
INFO - 2020-12-23 13:06:59 --> Fetching Dashboard details
INFO - 2020-12-23 13:07:00 --> Controller "App\Controllers\Leads" loaded.
INFO - 2020-12-23 13:07:00 --> Fetching IIQA Details
INFO - 2020-12-23 13:07:07 --> Controller "App\Controllers\Leads" loaded.
INFO - 2020-12-23 13:07:07 --> Fetching IIQA Details
INFO - 2020-12-23 14:46:20 --> Controller "App\Controllers\Dashboards" loaded.
INFO - 2020-12-23 14:46:20 --> Fetching Dashboard details
INFO - 2020-12-23 14:49:09 --> Controller "App\Controllers\Dashboards" loaded.
INFO - 2020-12-23 14:49:09 --> Fetching Dashboard details
INFO - 2020-12-23 14:51:23 --> Controller "App\Controllers\Dashboards" loaded.
INFO - 2020-12-23 14:51:23 --> Fetching Dashboard details
INFO - 2020-12-23 15:07:12 --> Controller "App\Controllers\Dashboards" loaded.
INFO - 2020-12-23 15:07:12 --> Fetching Dashboard details
INFO - 2020-12-23 15:07:15 --> Controller "App\Controllers\Leads" loaded.
INFO - 2020-12-23 15:07:15 --> Fetching IIQA Details
INFO - 2020-12-23 15:07:59 --> Controller "App\Controllers\Dashboards" loaded.
INFO - 2020-12-23 15:07:59 --> Fetching Dashboard details
INFO - 2020-12-23 15:08:53 --> Controller "App\Controllers\Dashboards" loaded.
INFO - 2020-12-23 15:08:53 --> Fetching Dashboard details
INFO - 2020-12-23 15:08:55 --> Controller "App\Controllers\Leads" loaded.
INFO - 2020-12-23 15:08:55 --> Fetching IIQA Details
INFO - 2020-12-23 15:08:57 --> Controller "App\Controllers\Leads" loaded.
INFO - 2020-12-23 15:08:57 --> Fetching IIQA Details
INFO - 2020-12-23 15:12:56 --> Controller "App\Controllers\ContactDetails" loaded.
INFO - 2020-12-23 15:12:56 --> Fetching IIQA Details
INFO - 2020-12-23 15:13:20 --> Controller "App\Controllers\Dashboards" loaded.
INFO - 2020-12-23 15:13:20 --> Fetching Dashboard details
INFO - 2020-12-23 15:14:16 --> Controller "App\Controllers\Leads" loaded.
INFO - 2020-12-23 15:14:16 --> Fetching IIQA Details
INFO - 2020-12-23 15:14:19 --> Controller "App\Controllers\Leads" loaded.
INFO - 2020-12-23 15:14:19 --> Fetching IIQA Details
INFO - 2020-12-23 15:14:19 --> Controller "App\Controllers\ContactDetails" loaded.
INFO - 2020-12-23 15:14:19 --> Fetching IIQA Details
INFO - 2020-12-23 15:14:46 --> Controller "App\Controllers\Dashboards" loaded.
INFO - 2020-12-23 15:14:46 --> Fetching Dashboard details
INFO - 2020-12-23 15:16:21 --> Controller "App\Controllers\Dashboards" loaded.
INFO - 2020-12-23 15:16:21 --> Fetching Dashboard details
INFO - 2020-12-23 15:16:36 --> Controller "App\Controllers\Leads" loaded.
INFO - 2020-12-23 15:16:36 --> Fetching IIQA Details
INFO - 2020-12-23 15:16:39 --> Controller "App\Controllers\Leads" loaded.
INFO - 2020-12-23 15:16:39 --> Fetching IIQA Details
INFO - 2020-12-23 15:16:39 --> Controller "App\Controllers\ContactDetails" loaded.
INFO - 2020-12-23 15:16:39 --> Fetching IIQA Details
INFO - 2020-12-23 15:18:55 --> Controller "App\Controllers\Dashboards" loaded.
INFO - 2020-12-23 15:18:55 --> Fetching Dashboard details
INFO - 2020-12-23 15:21:56 --> Controller "App\Controllers\Dashboards" loaded.
INFO - 2020-12-23 15:21:56 --> Fetching Dashboard details
INFO - 2020-12-23 15:22:00 --> Controller "App\Controllers\Leads" loaded.
INFO - 2020-12-23 15:22:00 --> Fetching IIQA Details
INFO - 2020-12-23 15:22:03 --> Controller "App\Controllers\Leads" loaded.
INFO - 2020-12-23 15:22:03 --> Fetching IIQA Details
INFO - 2020-12-23 15:22:03 --> Controller "App\Controllers\ContactDetails" loaded.
INFO - 2020-12-23 15:22:03 --> Fetching IIQA Details
INFO - 2020-12-23 15:23:37 --> Controller "App\Controllers\Dashboards" loaded.
INFO - 2020-12-23 15:23:37 --> Fetching Dashboard details
INFO - 2020-12-23 15:23:39 --> Controller "App\Controllers\Leads" loaded.
INFO - 2020-12-23 15:23:39 --> Fetching IIQA Details
INFO - 2020-12-23 15:23:42 --> Controller "App\Controllers\Leads" loaded.
INFO - 2020-12-23 15:23:42 --> Fetching IIQA Details
INFO - 2020-12-23 15:23:42 --> Controller "App\Controllers\ContactDetails" loaded.
INFO - 2020-12-23 15:23:42 --> Fetching IIQA Details
INFO - 2020-12-23 15:24:02 --> Controller "App\Controllers\Dashboards" loaded.
INFO - 2020-12-23 15:24:02 --> Fetching Dashboard details
INFO - 2020-12-23 15:24:03 --> Controller "App\Controllers\Leads" loaded.
INFO - 2020-12-23 15:24:03 --> Fetching IIQA Details
INFO - 2020-12-23 15:24:05 --> Controller "App\Controllers\Leads" loaded.
INFO - 2020-12-23 15:24:05 --> Fetching IIQA Details
INFO - 2020-12-23 15:24:05 --> Controller "App\Controllers\ContactDetails" loaded.
INFO - 2020-12-23 15:24:05 --> Fetching IIQA Details
INFO - 2020-12-23 15:27:42 --> Controller "App\Controllers\Dashboards" loaded.
INFO - 2020-12-23 15:27:42 --> Fetching Dashboard details
INFO - 2020-12-23 15:29:53 --> Controller "App\Controllers\Leads" loaded.
INFO - 2020-12-23 15:29:53 --> Fetching IIQA Details
INFO - 2020-12-23 15:29:55 --> Controller "App\Controllers\Leads" loaded.
INFO - 2020-12-23 15:29:55 --> Fetching IIQA Details
INFO - 2020-12-23 15:29:55 --> Controller "App\Controllers\ContactDetails" loaded.
INFO - 2020-12-23 15:29:55 --> Fetching IIQA Details
INFO - 2020-12-23 15:31:49 --> Controller "App\Controllers\Dashboards" loaded.
INFO - 2020-12-23 15:31:49 --> Fetching Dashboard details
INFO - 2020-12-23 15:32:34 --> Controller "App\Controllers\Leads" loaded.
INFO - 2020-12-23 15:32:34 --> Fetching IIQA Details
INFO - 2020-12-23 15:32:36 --> Controller "App\Controllers\Leads" loaded.
INFO - 2020-12-23 15:32:36 --> Fetching IIQA Details
INFO - 2020-12-23 15:32:36 --> Controller "App\Controllers\ContactDetails" loaded.
INFO - 2020-12-23 15:32:36 --> Fetching IIQA Details
INFO - 2020-12-23 15:34:33 --> Controller "App\Controllers\Dashboards" loaded.
INFO - 2020-12-23 15:34:33 --> Fetching Dashboard details
INFO - 2020-12-23 15:38:53 --> Controller "App\Controllers\Dashboards" loaded.
INFO - 2020-12-23 15:38:53 --> Fetching Dashboard details
INFO - 2020-12-23 15:40:38 --> Controller "App\Controllers\Leads" loaded.
INFO - 2020-12-23 15:40:38 --> Fetching IIQA Details
INFO - 2020-12-23 15:40:50 --> Controller "App\Controllers\Dashboards" loaded.
INFO - 2020-12-23 15:40:50 --> Fetching Dashboard details
INFO - 2020-12-23 15:44:19 --> Controller "App\Controllers\Dashboards" loaded.
INFO - 2020-12-23 15:44:19 --> Fetching Dashboard details
INFO - 2020-12-23 15:44:20 --> Controller "App\Controllers\Leads" loaded.
INFO - 2020-12-23 15:44:20 --> Fetching IIQA Details
INFO - 2020-12-23 15:44:22 --> Controller "App\Controllers\Leads" loaded.
INFO - 2020-12-23 15:44:22 --> Fetching IIQA Details
INFO - 2020-12-23 15:44:22 --> Controller "App\Controllers\ContactDetails" loaded.
INFO - 2020-12-23 15:44:22 --> Fetching IIQA Details
