INFO - 2021-01-14 09:17:44 --> Controller "App\Controllers\Dashboards" loaded.
INFO - 2021-01-14 09:17:44 --> Fetching Dashboard details
INFO - 2021-01-14 09:17:44 --> Controller "App\Controllers\SchedulePlanner" loaded.
INFO - 2021-01-14 09:17:44 --> Fetching IIQA Details
INFO - 2021-01-14 09:17:45 --> Controller "App\Controllers\SchedulePlanner" loaded.
INFO - 2021-01-14 09:17:45 --> Fetching IIQA Details
INFO - 2021-01-14 09:17:45 --> Controller "App\Controllers\InstituteDetails" loaded.
INFO - 2021-01-14 09:17:45 --> Fetching IIQA Details
INFO - 2021-01-14 09:17:47 --> Controller "App\Controllers\SchedulePlanner" loaded.
INFO - 2021-01-14 09:17:47 --> Fetching IIQA Details
INFO - 2021-01-14 09:17:47 --> Controller "App\Controllers\InstituteDetails" loaded.
INFO - 2021-01-14 09:17:47 --> Fetching IIQA Details
INFO - 2021-01-14 09:17:47 --> Controller "App\Controllers\Status" loaded.
INFO - 2021-01-14 09:17:47 --> Controller "App\Controllers\EmployeeDetails" loaded.
INFO - 2021-01-14 09:17:47 --> Fetching IIQA Details
INFO - 2021-01-14 09:17:47 --> Fetching IIQA Details
INFO - 2021-01-14 09:49:54 --> Controller "App\Controllers\Dashboards" loaded.
INFO - 2021-01-14 09:49:54 --> Fetching Dashboard details
INFO - 2021-01-14 09:49:54 --> Controller "App\Controllers\SchedulePlanner" loaded.
INFO - 2021-01-14 09:49:54 --> Fetching IIQA Details
INFO - 2021-01-14 09:49:56 --> Controller "App\Controllers\SchedulePlanner" loaded.
INFO - 2021-01-14 09:49:56 --> Fetching IIQA Details
INFO - 2021-01-14 09:49:56 --> Controller "App\Controllers\InstituteDetails" loaded.
INFO - 2021-01-14 09:49:56 --> Fetching IIQA Details
INFO - 2021-01-14 09:50:01 --> Controller "App\Controllers\SchedulePlanner" loaded.
INFO - 2021-01-14 09:50:01 --> Fetching IIQA Details
INFO - 2021-01-14 09:50:02 --> Controller "App\Controllers\SchedulePlanner" loaded.
INFO - 2021-01-14 09:50:02 --> Fetching IIQA Details
INFO - 2021-01-14 09:50:02 --> Controller "App\Controllers\EmployeeDetails" loaded.
INFO - 2021-01-14 09:50:02 --> Controller "App\Controllers\InstituteDetails" loaded.
INFO - 2021-01-14 09:50:02 --> Fetching IIQA Details
INFO - 2021-01-14 09:50:02 --> Fetching IIQA Details
INFO - 2021-01-14 09:50:02 --> Controller "App\Controllers\Status" loaded.
INFO - 2021-01-14 09:50:02 --> Fetching IIQA Details
INFO - 2021-01-14 09:50:36 --> Controller "App\Controllers\SchedulePlanner" loaded.
INFO - 2021-01-14 09:50:36 --> Fetching IIQA Details
INFO - 2021-01-14 09:50:37 --> Controller "App\Controllers\InstituteDetails" loaded.
INFO - 2021-01-14 09:50:37 --> Controller "App\Controllers\EmployeeDetails" loaded.
INFO - 2021-01-14 09:50:37 --> Fetching IIQA Details
INFO - 2021-01-14 09:50:37 --> Fetching IIQA Details
INFO - 2021-01-14 09:50:49 --> Controller "App\Controllers\SchedulePlanner" loaded.
INFO - 2021-01-14 09:50:49 --> Fetching IIQA Details
INFO - 2021-01-14 09:50:50 --> Controller "App\Controllers\InstituteDetails" loaded.
INFO - 2021-01-14 09:50:50 --> Fetching IIQA Details
INFO - 2021-01-14 09:50:50 --> Controller "App\Controllers\EmployeeDetails" loaded.
INFO - 2021-01-14 09:50:50 --> Fetching IIQA Details
INFO - 2021-01-14 09:51:10 --> Controller "App\Controllers\SchedulePlanner" loaded.
INFO - 2021-01-14 09:51:10 --> Fetching IIQA Details
INFO - 2021-01-14 09:51:10 --> Controller "App\Controllers\InstituteDetails" loaded.
INFO - 2021-01-14 09:51:10 --> Fetching IIQA Details
INFO - 2021-01-14 09:51:10 --> Controller "App\Controllers\EmployeeDetails" loaded.
INFO - 2021-01-14 09:51:10 --> Fetching IIQA Details
INFO - 2021-01-14 09:51:10 --> Controller "App\Controllers\Status" loaded.
INFO - 2021-01-14 09:51:10 --> Fetching IIQA Details
INFO - 2021-01-14 10:08:20 --> Controller "App\Controllers\SchedulePlanner" loaded.
INFO - 2021-01-14 10:08:20 --> Fetching IIQA Details
INFO - 2021-01-14 10:08:20 --> Controller "App\Controllers\InstituteDetails" loaded.
INFO - 2021-01-14 10:08:20 --> Fetching IIQA Details
INFO - 2021-01-14 10:08:20 --> Controller "App\Controllers\EmployeeDetails" loaded.
INFO - 2021-01-14 10:08:20 --> Fetching IIQA Details
INFO - 2021-01-14 10:09:57 --> Controller "App\Controllers\SchedulePlanner" loaded.
INFO - 2021-01-14 10:09:57 --> Fetching IIQA Details
INFO - 2021-01-14 10:09:59 --> Controller "App\Controllers\SchedulePlanner" loaded.
INFO - 2021-01-14 10:09:59 --> Fetching IIQA Details
INFO - 2021-01-14 10:10:01 --> Controller "App\Controllers\SchedulePlanner" loaded.
INFO - 2021-01-14 10:10:01 --> Fetching IIQA Details
INFO - 2021-01-14 10:10:01 --> Controller "App\Controllers\InstituteDetails" loaded.
INFO - 2021-01-14 10:10:01 --> Fetching IIQA Details
INFO - 2021-01-14 10:10:01 --> Controller "App\Controllers\Status" loaded.
INFO - 2021-01-14 10:10:01 --> Controller "App\Controllers\EmployeeDetails" loaded.
INFO - 2021-01-14 10:10:01 --> Fetching IIQA Details
INFO - 2021-01-14 10:10:01 --> Fetching IIQA Details
INFO - 2021-01-14 10:22:21 --> Controller "App\Controllers\SchedulePlanner" loaded.
INFO - 2021-01-14 10:22:21 --> Controller "App\Controllers\Dashboards" loaded.
INFO - 2021-01-14 10:22:21 --> Fetching IIQA Details
INFO - 2021-01-14 10:22:21 --> Fetching Dashboard details
INFO - 2021-01-14 10:22:24 --> Controller "App\Controllers\SchedulePlanner" loaded.
INFO - 2021-01-14 10:22:24 --> Fetching IIQA Details
INFO - 2021-01-14 10:22:24 --> Controller "App\Controllers\InstituteDetails" loaded.
INFO - 2021-01-14 10:22:24 --> Fetching IIQA Details
INFO - 2021-01-14 10:22:27 --> Controller "App\Controllers\SchedulePlanner" loaded.
INFO - 2021-01-14 10:22:27 --> Fetching IIQA Details
INFO - 2021-01-14 10:22:27 --> Controller "App\Controllers\InstituteDetails" loaded.
INFO - 2021-01-14 10:22:27 --> Fetching IIQA Details
INFO - 2021-01-14 10:22:27 --> Controller "App\Controllers\EmployeeDetails" loaded.
INFO - 2021-01-14 10:22:27 --> Fetching IIQA Details
INFO - 2021-01-14 10:22:27 --> Controller "App\Controllers\Status" loaded.
INFO - 2021-01-14 10:22:27 --> Fetching IIQA Details
INFO - 2021-01-14 10:27:32 --> Controller "App\Controllers\Dashboards" loaded.
INFO - 2021-01-14 10:27:32 --> Controller "App\Controllers\SchedulePlanner" loaded.
INFO - 2021-01-14 10:27:32 --> Fetching Dashboard details
INFO - 2021-01-14 10:27:32 --> Fetching IIQA Details
INFO - 2021-01-14 10:29:40 --> Controller "App\Controllers\Dashboards" loaded.
INFO - 2021-01-14 10:29:40 --> Fetching Dashboard details
INFO - 2021-01-14 10:29:40 --> Controller "App\Controllers\SchedulePlanner" loaded.
INFO - 2021-01-14 10:29:40 --> Fetching IIQA Details
INFO - 2021-01-14 10:40:16 --> Controller "App\Controllers\SchedulePlanner" loaded.
INFO - 2021-01-14 10:40:16 --> Fetching IIQA Details
INFO - 2021-01-14 10:40:16 --> Controller "App\Controllers\InstituteDetails" loaded.
INFO - 2021-01-14 10:40:16 --> Fetching IIQA Details
INFO - 2021-01-14 10:40:37 --> Controller "App\Controllers\Status" loaded.
INFO - 2021-01-14 10:40:37 --> Controller "App\Controllers\InstituteDetails" loaded.
INFO - 2021-01-14 10:40:37 --> Controller "App\Controllers\SchedulePlanner" loaded.
INFO - 2021-01-14 10:40:37 --> Fetching IIQA Details
INFO - 2021-01-14 10:40:37 --> Fetching IIQA Details
INFO - 2021-01-14 10:40:37 --> Controller "App\Controllers\EmployeeDetails" loaded.
INFO - 2021-01-14 10:40:37 --> Fetching IIQA Details
INFO - 2021-01-14 10:40:37 --> Fetching IIQA Details
INFO - 2021-01-14 10:42:22 --> Controller "App\Controllers\Dashboards" loaded.
INFO - 2021-01-14 10:42:22 --> Controller "App\Controllers\SchedulePlanner" loaded.
INFO - 2021-01-14 10:42:22 --> Fetching IIQA Details
INFO - 2021-01-14 10:42:22 --> Fetching Dashboard details
INFO - 2021-01-14 10:43:05 --> Controller "App\Controllers\Dashboards" loaded.
INFO - 2021-01-14 10:43:05 --> Controller "App\Controllers\SchedulePlanner" loaded.
INFO - 2021-01-14 10:43:05 --> Fetching IIQA Details
INFO - 2021-01-14 10:43:05 --> Fetching Dashboard details
INFO - 2021-01-14 10:46:26 --> Controller "App\Controllers\Dashboards" loaded.
INFO - 2021-01-14 10:46:26 --> Fetching Dashboard details
INFO - 2021-01-14 10:46:26 --> Controller "App\Controllers\SchedulePlanner" loaded.
INFO - 2021-01-14 10:46:26 --> Fetching IIQA Details
INFO - 2021-01-14 10:48:23 --> Controller "App\Controllers\Dashboards" loaded.
INFO - 2021-01-14 10:48:23 --> Fetching Dashboard details
INFO - 2021-01-14 10:48:23 --> Controller "App\Controllers\SchedulePlanner" loaded.
INFO - 2021-01-14 10:48:23 --> Fetching IIQA Details
INFO - 2021-01-14 10:50:05 --> Controller "App\Controllers\Dashboards" loaded.
INFO - 2021-01-14 10:50:05 --> Fetching Dashboard details
INFO - 2021-01-14 10:50:06 --> Controller "App\Controllers\Dashboards" loaded.
INFO - 2021-01-14 10:50:06 --> Fetching Dashboard details
INFO - 2021-01-14 10:50:06 --> Controller "App\Controllers\SchedulePlanner" loaded.
INFO - 2021-01-14 10:50:06 --> Fetching IIQA Details
INFO - 2021-01-14 10:50:12 --> Controller "App\Controllers\Dashboards" loaded.
INFO - 2021-01-14 10:50:12 --> Controller "App\Controllers\SchedulePlanner" loaded.
INFO - 2021-01-14 10:50:12 --> Fetching IIQA Details
INFO - 2021-01-14 10:50:12 --> Fetching Dashboard details
INFO - 2021-01-14 10:50:16 --> Controller "App\Controllers\SchedulePlanner" loaded.
INFO - 2021-01-14 10:50:16 --> Fetching IIQA Details
INFO - 2021-01-14 10:50:16 --> Controller "App\Controllers\InstituteDetails" loaded.
INFO - 2021-01-14 10:50:16 --> Fetching IIQA Details
INFO - 2021-01-14 10:56:44 --> Controller "App\Controllers\Dashboards" loaded.
INFO - 2021-01-14 10:56:44 --> Controller "App\Controllers\SchedulePlanner" loaded.
INFO - 2021-01-14 10:56:44 --> Fetching IIQA Details
INFO - 2021-01-14 10:56:44 --> Fetching Dashboard details
INFO - 2021-01-14 11:04:32 --> Controller "App\Controllers\Dashboards" loaded.
INFO - 2021-01-14 11:04:32 --> Controller "App\Controllers\SchedulePlanner" loaded.
INFO - 2021-01-14 11:04:32 --> Fetching Dashboard details
INFO - 2021-01-14 11:04:32 --> Fetching IIQA Details
INFO - 2021-01-14 11:12:06 --> Controller "App\Controllers\Dashboards" loaded.
INFO - 2021-01-14 11:12:06 --> Fetching Dashboard details
INFO - 2021-01-14 11:12:06 --> Controller "App\Controllers\SchedulePlanner" loaded.
INFO - 2021-01-14 11:12:06 --> Fetching IIQA Details
INFO - 2021-01-14 11:19:44 --> Controller "App\Controllers\Dashboards" loaded.
INFO - 2021-01-14 11:19:44 --> Fetching Dashboard details
INFO - 2021-01-14 11:19:44 --> Controller "App\Controllers\SchedulePlanner" loaded.
INFO - 2021-01-14 11:19:44 --> Fetching IIQA Details
INFO - 2021-01-14 11:27:53 --> Controller "App\Controllers\Dashboards" loaded.
INFO - 2021-01-14 11:27:53 --> Controller "App\Controllers\SchedulePlanner" loaded.
INFO - 2021-01-14 11:27:53 --> Fetching IIQA Details
INFO - 2021-01-14 11:27:53 --> Fetching Dashboard details
INFO - 2021-01-14 11:28:36 --> Controller "App\Controllers\Dashboards" loaded.
INFO - 2021-01-14 11:28:36 --> Controller "App\Controllers\SchedulePlanner" loaded.
INFO - 2021-01-14 11:28:36 --> Fetching IIQA Details
INFO - 2021-01-14 11:28:36 --> Fetching Dashboard details
INFO - 2021-01-14 11:29:42 --> Controller "App\Controllers\SchedulePlanner" loaded.
INFO - 2021-01-14 11:29:42 --> Controller "App\Controllers\Dashboards" loaded.
INFO - 2021-01-14 11:29:42 --> Fetching IIQA Details
INFO - 2021-01-14 11:29:42 --> Fetching Dashboard details
INFO - 2021-01-14 11:30:05 --> Controller "App\Controllers\Dashboards" loaded.
INFO - 2021-01-14 11:30:05 --> Controller "App\Controllers\SchedulePlanner" loaded.
INFO - 2021-01-14 11:30:05 --> Fetching Dashboard details
INFO - 2021-01-14 11:30:05 --> Fetching IIQA Details
INFO - 2021-01-14 11:31:29 --> Controller "App\Controllers\Dashboards" loaded.
INFO - 2021-01-14 11:31:29 --> Fetching Dashboard details
INFO - 2021-01-14 11:31:29 --> Controller "App\Controllers\SchedulePlanner" loaded.
INFO - 2021-01-14 11:31:29 --> Fetching IIQA Details
INFO - 2021-01-14 11:32:00 --> Controller "App\Controllers\SchedulePlanner" loaded.
INFO - 2021-01-14 11:32:00 --> Controller "App\Controllers\Dashboards" loaded.
INFO - 2021-01-14 11:32:00 --> Fetching IIQA Details
INFO - 2021-01-14 11:32:00 --> Fetching Dashboard details
INFO - 2021-01-14 11:38:47 --> Controller "App\Controllers\Dashboards" loaded.
INFO - 2021-01-14 11:38:47 --> Fetching Dashboard details
INFO - 2021-01-14 11:38:47 --> Controller "App\Controllers\SchedulePlanner" loaded.
INFO - 2021-01-14 11:38:47 --> Fetching IIQA Details
INFO - 2021-01-14 11:51:17 --> Controller "App\Controllers\Dashboards" loaded.
INFO - 2021-01-14 11:51:17 --> Fetching Dashboard details
INFO - 2021-01-14 11:51:17 --> Controller "App\Controllers\SchedulePlanner" loaded.
INFO - 2021-01-14 11:51:17 --> Fetching IIQA Details
INFO - 2021-01-14 11:51:25 --> Controller "App\Controllers\InstituteDetails" loaded.
INFO - 2021-01-14 11:51:25 --> Fetching IIQA Details
INFO - 2021-01-14 11:51:25 --> Controller "App\Controllers\SchedulePlanner" loaded.
INFO - 2021-01-14 11:51:25 --> Fetching IIQA Details
INFO - 2021-01-14 11:51:29 --> Controller "App\Controllers\SchedulePlanner" loaded.
ERROR - 2021-01-14 11:51:29 --> You have an error in your SQL syntax; check the manual that corresponds to your MySQL server version for the right syntax to use near '`=` = 'Open'
ORDER BY `id` DESC' at line 4
INFO - 2021-01-14 11:51:29 --> Controller "App\Controllers\InstituteDetails" loaded.
INFO - 2021-01-14 11:51:29 --> Fetching IIQA Details
INFO - 2021-01-14 11:51:29 --> Controller "App\Controllers\EmployeeDetails" loaded.
INFO - 2021-01-14 11:51:29 --> Fetching IIQA Details
INFO - 2021-01-14 11:53:23 --> Controller "App\Controllers\Dashboards" loaded.
INFO - 2021-01-14 11:53:23 --> Fetching Dashboard details
INFO - 2021-01-14 11:53:23 --> Controller "App\Controllers\SchedulePlanner" loaded.
INFO - 2021-01-14 11:53:23 --> Fetching IIQA Details
INFO - 2021-01-14 11:53:25 --> Controller "App\Controllers\SchedulePlanner" loaded.
INFO - 2021-01-14 11:53:25 --> Fetching IIQA Details
INFO - 2021-01-14 11:53:25 --> Controller "App\Controllers\InstituteDetails" loaded.
INFO - 2021-01-14 11:53:25 --> Fetching IIQA Details
INFO - 2021-01-14 11:53:29 --> Controller "App\Controllers\SchedulePlanner" loaded.
ERROR - 2021-01-14 11:53:29 --> You have an error in your SQL syntax; check the manual that corresponds to your MySQL server version for the right syntax to use near '`=` = 'Open'
ORDER BY `id` DESC' at line 4
INFO - 2021-01-14 11:53:29 --> Controller "App\Controllers\InstituteDetails" loaded.
INFO - 2021-01-14 11:53:29 --> Fetching IIQA Details
INFO - 2021-01-14 11:53:29 --> Controller "App\Controllers\EmployeeDetails" loaded.
INFO - 2021-01-14 11:53:29 --> Fetching IIQA Details
INFO - 2021-01-14 11:53:41 --> Controller "App\Controllers\InstituteDetails" loaded.
INFO - 2021-01-14 11:54:53 --> Controller "App\Controllers\Dashboards" loaded.
INFO - 2021-01-14 11:54:53 --> Fetching Dashboard details
INFO - 2021-01-14 11:54:53 --> Controller "App\Controllers\SchedulePlanner" loaded.
INFO - 2021-01-14 11:54:53 --> Fetching IIQA Details
INFO - 2021-01-14 11:55:09 --> Controller "App\Controllers\SchedulePlanner" loaded.
INFO - 2021-01-14 11:55:09 --> Controller "App\Controllers\InstituteDetails" loaded.
INFO - 2021-01-14 11:55:09 --> Fetching IIQA Details
INFO - 2021-01-14 11:55:09 --> Fetching IIQA Details
INFO - 2021-01-14 11:55:16 --> Controller "App\Controllers\Dashboards" loaded.
INFO - 2021-01-14 11:55:16 --> Fetching Dashboard details
INFO - 2021-01-14 11:55:16 --> Controller "App\Controllers\SchedulePlanner" loaded.
INFO - 2021-01-14 11:55:16 --> Fetching IIQA Details
INFO - 2021-01-14 11:55:36 --> Controller "App\Controllers\InstituteDetails" loaded.
INFO - 2021-01-14 11:55:36 --> Controller "App\Controllers\SchedulePlanner" loaded.
INFO - 2021-01-14 11:55:36 --> Fetching IIQA Details
INFO - 2021-01-14 11:55:36 --> Fetching IIQA Details
INFO - 2021-01-14 11:55:40 --> Controller "App\Controllers\SchedulePlanner" loaded.
ERROR - 2021-01-14 11:55:40 --> You have an error in your SQL syntax; check the manual that corresponds to your MySQL server version for the right syntax to use near '`=` = 'Open'
ORDER BY `id` DESC' at line 4
INFO - 2021-01-14 11:55:40 --> Controller "App\Controllers\InstituteDetails" loaded.
INFO - 2021-01-14 11:55:40 --> Fetching IIQA Details
INFO - 2021-01-14 11:55:40 --> Controller "App\Controllers\EmployeeDetails" loaded.
INFO - 2021-01-14 11:55:40 --> Fetching IIQA Details
INFO - 2021-01-14 11:57:10 --> Controller "App\Controllers\Dashboards" loaded.
INFO - 2021-01-14 11:57:10 --> Fetching Dashboard details
INFO - 2021-01-14 11:57:10 --> Controller "App\Controllers\SchedulePlanner" loaded.
INFO - 2021-01-14 11:57:10 --> Fetching IIQA Details
INFO - 2021-01-14 11:58:36 --> Controller "App\Controllers\Dashboards" loaded.
INFO - 2021-01-14 11:58:36 --> Fetching Dashboard details
INFO - 2021-01-14 11:58:36 --> Controller "App\Controllers\SchedulePlanner" loaded.
INFO - 2021-01-14 11:58:36 --> Fetching IIQA Details
INFO - 2021-01-14 11:58:42 --> Controller "App\Controllers\InstituteDetails" loaded.
INFO - 2021-01-14 11:58:42 --> Controller "App\Controllers\SchedulePlanner" loaded.
INFO - 2021-01-14 11:58:42 --> Fetching IIQA Details
INFO - 2021-01-14 11:58:42 --> Fetching IIQA Details
INFO - 2021-01-14 11:58:46 --> Controller "App\Controllers\SchedulePlanner" loaded.
ERROR - 2021-01-14 11:58:46 --> You have an error in your SQL syntax; check the manual that corresponds to your MySQL server version for the right syntax to use near '`=` = 'Open'
ORDER BY `id` DESC' at line 4
INFO - 2021-01-14 11:58:46 --> Controller "App\Controllers\InstituteDetails" loaded.
INFO - 2021-01-14 11:58:46 --> Fetching IIQA Details
INFO - 2021-01-14 11:58:46 --> Controller "App\Controllers\EmployeeDetails" loaded.
INFO - 2021-01-14 11:58:46 --> Fetching IIQA Details
INFO - 2021-01-14 12:13:50 --> Controller "App\Controllers\SchedulePlanner" loaded.
INFO - 2021-01-14 12:13:50 --> Fetching IIQA Details
INFO - 2021-01-14 12:13:52 --> Controller "App\Controllers\SchedulePlanner" loaded.
INFO - 2021-01-14 12:13:52 --> Fetching IIQA Details
INFO - 2021-01-14 12:13:58 --> Controller "App\Controllers\SchedulePlanner" loaded.
ERROR - 2021-01-14 12:13:58 --> You have an error in your SQL syntax; check the manual that corresponds to your MySQL server version for the right syntax to use near '`=` = 'Open'
ORDER BY `id` DESC' at line 4
INFO - 2021-01-14 12:13:58 --> Controller "App\Controllers\InstituteDetails" loaded.
INFO - 2021-01-14 12:13:58 --> Controller "App\Controllers\EmployeeDetails" loaded.
INFO - 2021-01-14 12:13:58 --> Fetching IIQA Details
INFO - 2021-01-14 12:13:58 --> Fetching IIQA Details
INFO - 2021-01-14 12:13:58 --> Controller "App\Controllers\Status" loaded.
INFO - 2021-01-14 12:13:58 --> Fetching IIQA Details
INFO - 2021-01-14 12:14:09 --> Controller "App\Controllers\SchedulePlanner" loaded.
ERROR - 2021-01-14 12:14:09 --> You have an error in your SQL syntax; check the manual that corresponds to your MySQL server version for the right syntax to use near '`=` = 'Open'
ORDER BY `id` DESC' at line 4
INFO - 2021-01-14 12:14:09 --> Controller "App\Controllers\EmployeeDetails" loaded.
INFO - 2021-01-14 12:14:09 --> Controller "App\Controllers\InstituteDetails" loaded.
INFO - 2021-01-14 12:14:09 --> Fetching IIQA Details
INFO - 2021-01-14 12:14:09 --> Fetching IIQA Details
INFO - 2021-01-14 12:16:01 --> Controller "App\Controllers\Dashboards" loaded.
INFO - 2021-01-14 12:16:01 --> Fetching Dashboard details
INFO - 2021-01-14 12:16:01 --> Controller "App\Controllers\SchedulePlanner" loaded.
INFO - 2021-01-14 12:16:01 --> Fetching IIQA Details
INFO - 2021-01-14 12:16:03 --> Controller "App\Controllers\InstituteDetails" loaded.
INFO - 2021-01-14 12:16:03 --> Controller "App\Controllers\SchedulePlanner" loaded.
INFO - 2021-01-14 12:16:03 --> Fetching IIQA Details
INFO - 2021-01-14 12:16:03 --> Fetching IIQA Details
INFO - 2021-01-14 12:16:05 --> Controller "App\Controllers\SchedulePlanner" loaded.
INFO - 2021-01-14 12:16:05 --> Fetching IIQA Details
INFO - 2021-01-14 12:16:05 --> Controller "App\Controllers\SchedulePlanner" loaded.
INFO - 2021-01-14 12:16:05 --> Fetching IIQA Details
INFO - 2021-01-14 12:16:05 --> Controller "App\Controllers\InstituteDetails" loaded.
INFO - 2021-01-14 12:16:05 --> Fetching IIQA Details
INFO - 2021-01-14 12:16:05 --> Controller "App\Controllers\EmployeeDetails" loaded.
INFO - 2021-01-14 12:16:05 --> Fetching IIQA Details
INFO - 2021-01-14 12:16:05 --> Controller "App\Controllers\Status" loaded.
INFO - 2021-01-14 12:16:05 --> Fetching IIQA Details
INFO - 2021-01-14 12:22:21 --> Controller "App\Controllers\Dashboards" loaded.
INFO - 2021-01-14 12:22:21 --> Controller "App\Controllers\SchedulePlanner" loaded.
INFO - 2021-01-14 12:22:21 --> Fetching IIQA Details
INFO - 2021-01-14 12:22:21 --> Fetching Dashboard details
INFO - 2021-01-14 12:40:54 --> Controller "App\Controllers\InstituteDetails" loaded.
INFO - 2021-01-14 12:40:54 --> Fetching IIQA Details
INFO - 2021-01-14 12:40:54 --> Controller "App\Controllers\SchedulePlanner" loaded.
INFO - 2021-01-14 12:40:54 --> Fetching IIQA Details
INFO - 2021-01-14 13:16:31 --> Controller "App\Controllers\Dashboards" loaded.
INFO - 2021-01-14 13:16:31 --> Fetching Dashboard details
INFO - 2021-01-14 13:16:31 --> Controller "App\Controllers\SchedulePlanner" loaded.
INFO - 2021-01-14 13:16:31 --> Fetching IIQA Details
INFO - 2021-01-14 13:17:14 --> Controller "App\Controllers\SchedulePlanner" loaded.
INFO - 2021-01-14 13:17:14 --> Controller "App\Controllers\InstituteDetails" loaded.
INFO - 2021-01-14 13:17:14 --> Fetching IIQA Details
INFO - 2021-01-14 13:17:14 --> Fetching IIQA Details
INFO - 2021-01-14 13:17:16 --> Controller "App\Controllers\InstituteDetails" loaded.
INFO - 2021-01-14 13:17:16 --> Controller "App\Controllers\SchedulePlanner" loaded.
INFO - 2021-01-14 13:17:16 --> Fetching IIQA Details
INFO - 2021-01-14 13:17:16 --> Fetching IIQA Details
INFO - 2021-01-14 13:17:16 --> Controller "App\Controllers\EmployeeDetails" loaded.
INFO - 2021-01-14 13:17:16 --> Fetching IIQA Details
INFO - 2021-01-14 13:17:16 --> Controller "App\Controllers\Status" loaded.
INFO - 2021-01-14 13:17:16 --> Fetching IIQA Details
INFO - 2021-01-14 13:17:28 --> Controller "App\Controllers\Dashboards" loaded.
INFO - 2021-01-14 13:17:28 --> Fetching Dashboard details
INFO - 2021-01-14 13:17:28 --> Controller "App\Controllers\SchedulePlanner" loaded.
INFO - 2021-01-14 13:17:28 --> Fetching IIQA Details
INFO - 2021-01-14 13:17:30 --> Controller "App\Controllers\InstituteDetails" loaded.
INFO - 2021-01-14 13:17:30 --> Controller "App\Controllers\SchedulePlanner" loaded.
INFO - 2021-01-14 13:17:30 --> Fetching IIQA Details
INFO - 2021-01-14 13:17:30 --> Fetching IIQA Details
INFO - 2021-01-14 13:17:31 --> Controller "App\Controllers\InstituteDetails" loaded.
INFO - 2021-01-14 13:17:31 --> Controller "App\Controllers\SchedulePlanner" loaded.
INFO - 2021-01-14 13:17:31 --> Fetching IIQA Details
INFO - 2021-01-14 13:17:31 --> Fetching IIQA Details
INFO - 2021-01-14 13:17:31 --> Controller "App\Controllers\EmployeeDetails" loaded.
INFO - 2021-01-14 13:17:31 --> Fetching IIQA Details
INFO - 2021-01-14 13:17:31 --> Controller "App\Controllers\Status" loaded.
INFO - 2021-01-14 13:17:31 --> Fetching IIQA Details
INFO - 2021-01-14 13:21:12 --> Controller "App\Controllers\Dashboards" loaded.
INFO - 2021-01-14 13:21:12 --> Fetching Dashboard details
INFO - 2021-01-14 13:21:12 --> Controller "App\Controllers\SchedulePlanner" loaded.
INFO - 2021-01-14 13:21:12 --> Fetching IIQA Details
INFO - 2021-01-14 13:22:29 --> Controller "App\Controllers\Dashboards" loaded.
INFO - 2021-01-14 13:22:29 --> Fetching Dashboard details
INFO - 2021-01-14 13:22:29 --> Controller "App\Controllers\SchedulePlanner" loaded.
INFO - 2021-01-14 13:22:29 --> Fetching IIQA Details
INFO - 2021-01-14 13:22:46 --> Controller "App\Controllers\SchedulePlanner" loaded.
INFO - 2021-01-14 13:22:46 --> Fetching IIQA Details
INFO - 2021-01-14 13:22:46 --> Controller "App\Controllers\Dashboards" loaded.
INFO - 2021-01-14 13:22:46 --> Fetching Dashboard details
INFO - 2021-01-14 13:24:20 --> Controller "App\Controllers\Dashboards" loaded.
INFO - 2021-01-14 13:24:20 --> Fetching Dashboard details
INFO - 2021-01-14 13:24:20 --> Controller "App\Controllers\SchedulePlanner" loaded.
INFO - 2021-01-14 13:24:20 --> Fetching IIQA Details
INFO - 2021-01-14 13:25:04 --> Controller "App\Controllers\Dashboards" loaded.
INFO - 2021-01-14 13:25:04 --> Fetching Dashboard details
INFO - 2021-01-14 13:25:04 --> Controller "App\Controllers\SchedulePlanner" loaded.
INFO - 2021-01-14 13:25:04 --> Fetching IIQA Details
INFO - 2021-01-14 13:25:51 --> Controller "App\Controllers\Dashboards" loaded.
INFO - 2021-01-14 13:25:51 --> Fetching Dashboard details
INFO - 2021-01-14 13:25:51 --> Controller "App\Controllers\SchedulePlanner" loaded.
INFO - 2021-01-14 13:25:51 --> Fetching IIQA Details
INFO - 2021-01-14 13:27:55 --> Controller "App\Controllers\Dashboards" loaded.
INFO - 2021-01-14 13:27:55 --> Fetching Dashboard details
INFO - 2021-01-14 13:27:55 --> Controller "App\Controllers\SchedulePlanner" loaded.
INFO - 2021-01-14 13:27:55 --> Fetching IIQA Details
INFO - 2021-01-14 13:38:00 --> Controller "App\Controllers\Dashboards" loaded.
INFO - 2021-01-14 13:38:00 --> Controller "App\Controllers\SchedulePlanner" loaded.
INFO - 2021-01-14 13:38:00 --> Fetching IIQA Details
INFO - 2021-01-14 13:38:00 --> Fetching Dashboard details
INFO - 2021-01-14 13:41:27 --> Controller "App\Controllers\Dashboards" loaded.
INFO - 2021-01-14 13:41:27 --> Fetching Dashboard details
INFO - 2021-01-14 13:41:27 --> Controller "App\Controllers\SchedulePlanner" loaded.
INFO - 2021-01-14 13:41:27 --> Fetching IIQA Details
INFO - 2021-01-14 13:41:54 --> Controller "App\Controllers\Dashboards" loaded.
INFO - 2021-01-14 13:41:54 --> Fetching Dashboard details
INFO - 2021-01-14 13:41:54 --> Controller "App\Controllers\SchedulePlanner" loaded.
INFO - 2021-01-14 13:41:54 --> Fetching IIQA Details
INFO - 2021-01-14 13:43:08 --> Controller "App\Controllers\Dashboards" loaded.
INFO - 2021-01-14 13:43:08 --> Fetching Dashboard details
INFO - 2021-01-14 13:43:08 --> Controller "App\Controllers\SchedulePlanner" loaded.
INFO - 2021-01-14 13:43:08 --> Fetching IIQA Details
INFO - 2021-01-14 13:43:54 --> Controller "App\Controllers\Dashboards" loaded.
INFO - 2021-01-14 13:43:54 --> Controller "App\Controllers\SchedulePlanner" loaded.
INFO - 2021-01-14 13:43:54 --> Fetching IIQA Details
INFO - 2021-01-14 13:43:54 --> Fetching Dashboard details
INFO - 2021-01-14 13:45:34 --> Controller "App\Controllers\InstituteDetails" loaded.
INFO - 2021-01-14 13:45:34 --> Controller "App\Controllers\SchedulePlanner" loaded.
INFO - 2021-01-14 13:45:34 --> Fetching IIQA Details
INFO - 2021-01-14 13:45:34 --> Fetching IIQA Details
INFO - 2021-01-14 13:45:35 --> Controller "App\Controllers\SchedulePlanner" loaded.
INFO - 2021-01-14 13:45:35 --> Fetching IIQA Details
INFO - 2021-01-14 13:45:35 --> Controller "App\Controllers\InstituteDetails" loaded.
INFO - 2021-01-14 13:45:35 --> Fetching IIQA Details
INFO - 2021-01-14 13:45:35 --> Controller "App\Controllers\EmployeeDetails" loaded.
INFO - 2021-01-14 13:45:35 --> Fetching IIQA Details
INFO - 2021-01-14 13:45:35 --> Controller "App\Controllers\Status" loaded.
INFO - 2021-01-14 13:45:35 --> Fetching IIQA Details
INFO - 2021-01-14 13:47:48 --> Controller "App\Controllers\Dashboards" loaded.
INFO - 2021-01-14 13:47:48 --> Fetching Dashboard details
INFO - 2021-01-14 13:47:48 --> Controller "App\Controllers\SchedulePlanner" loaded.
INFO - 2021-01-14 13:47:48 --> Fetching IIQA Details
INFO - 2021-01-14 13:47:51 --> Controller "App\Controllers\SchedulePlanner" loaded.
INFO - 2021-01-14 13:47:51 --> Controller "App\Controllers\InstituteDetails" loaded.
INFO - 2021-01-14 13:47:51 --> Fetching IIQA Details
INFO - 2021-01-14 13:47:51 --> Fetching IIQA Details
INFO - 2021-01-14 13:47:52 --> Controller "App\Controllers\SchedulePlanner" loaded.
INFO - 2021-01-14 13:47:52 --> Fetching IIQA Details
INFO - 2021-01-14 13:47:52 --> Controller "App\Controllers\InstituteDetails" loaded.
INFO - 2021-01-14 13:47:52 --> Fetching IIQA Details
INFO - 2021-01-14 13:47:52 --> Controller "App\Controllers\Status" loaded.
INFO - 2021-01-14 13:47:52 --> Controller "App\Controllers\EmployeeDetails" loaded.
INFO - 2021-01-14 13:47:52 --> Fetching IIQA Details
INFO - 2021-01-14 13:47:52 --> Fetching IIQA Details
INFO - 2021-01-14 13:48:05 --> Controller "App\Controllers\SchedulePlanner" loaded.
INFO - 2021-01-14 13:49:18 --> Controller "App\Controllers\Dashboards" loaded.
INFO - 2021-01-14 13:49:18 --> Controller "App\Controllers\SchedulePlanner" loaded.
INFO - 2021-01-14 13:49:18 --> Fetching IIQA Details
INFO - 2021-01-14 13:49:18 --> Fetching Dashboard details
INFO - 2021-01-14 13:49:47 --> Controller "App\Controllers\Dashboards" loaded.
INFO - 2021-01-14 13:49:47 --> Controller "App\Controllers\SchedulePlanner" loaded.
INFO - 2021-01-14 13:49:47 --> Fetching IIQA Details
INFO - 2021-01-14 13:49:47 --> Fetching Dashboard details
INFO - 2021-01-14 13:50:09 --> Controller "App\Controllers\Dashboards" loaded.
INFO - 2021-01-14 13:50:09 --> Controller "App\Controllers\SchedulePlanner" loaded.
INFO - 2021-01-14 13:50:09 --> Fetching Dashboard details
INFO - 2021-01-14 13:50:09 --> Fetching IIQA Details
INFO - 2021-01-14 13:50:11 --> Controller "App\Controllers\SchedulePlanner" loaded.
INFO - 2021-01-14 13:50:11 --> Fetching IIQA Details
INFO - 2021-01-14 13:50:11 --> Controller "App\Controllers\InstituteDetails" loaded.
INFO - 2021-01-14 13:50:11 --> Fetching IIQA Details
INFO - 2021-01-14 13:51:49 --> Controller "App\Controllers\SchedulePlanner" loaded.
INFO - 2021-01-14 13:51:49 --> Controller "App\Controllers\Dashboards" loaded.
INFO - 2021-01-14 13:51:49 --> Fetching IIQA Details
INFO - 2021-01-14 13:51:49 --> Fetching Dashboard details
INFO - 2021-01-14 13:51:51 --> Controller "App\Controllers\SchedulePlanner" loaded.
INFO - 2021-01-14 13:51:51 --> Fetching IIQA Details
INFO - 2021-01-14 13:51:51 --> Controller "App\Controllers\InstituteDetails" loaded.
INFO - 2021-01-14 13:51:51 --> Fetching IIQA Details
INFO - 2021-01-14 13:51:53 --> Controller "App\Controllers\InstituteDetails" loaded.
INFO - 2021-01-14 13:51:53 --> Controller "App\Controllers\SchedulePlanner" loaded.
INFO - 2021-01-14 13:51:53 --> Fetching IIQA Details
INFO - 2021-01-14 13:51:53 --> Fetching IIQA Details
INFO - 2021-01-14 13:51:53 --> Controller "App\Controllers\Status" loaded.
INFO - 2021-01-14 13:51:53 --> Controller "App\Controllers\EmployeeDetails" loaded.
INFO - 2021-01-14 13:51:53 --> Fetching IIQA Details
INFO - 2021-01-14 13:51:53 --> Fetching IIQA Details
INFO - 2021-01-14 13:52:28 --> Controller "App\Controllers\SchedulePlanner" loaded.
INFO - 2021-01-14 13:52:31 --> Controller "App\Controllers\SchedulePlanner" loaded.
INFO - 2021-01-14 13:52:31 --> Fetching IIQA Details
INFO - 2021-01-14 13:54:19 --> Controller "App\Controllers\Dashboards" loaded.
INFO - 2021-01-14 13:54:19 --> Controller "App\Controllers\SchedulePlanner" loaded.
INFO - 2021-01-14 13:54:19 --> Fetching IIQA Details
INFO - 2021-01-14 13:54:19 --> Fetching Dashboard details
INFO - 2021-01-14 13:55:14 --> Controller "App\Controllers\SchedulePlanner" loaded.
INFO - 2021-01-14 13:55:14 --> Fetching IIQA Details
INFO - 2021-01-14 13:55:14 --> Controller "App\Controllers\InstituteDetails" loaded.
INFO - 2021-01-14 13:55:14 --> Fetching IIQA Details
INFO - 2021-01-14 13:55:17 --> Controller "App\Controllers\SchedulePlanner" loaded.
INFO - 2021-01-14 13:55:17 --> Fetching IIQA Details
INFO - 2021-01-14 13:55:17 --> Controller "App\Controllers\InstituteDetails" loaded.
INFO - 2021-01-14 13:55:17 --> Fetching IIQA Details
INFO - 2021-01-14 13:55:17 --> Controller "App\Controllers\EmployeeDetails" loaded.
INFO - 2021-01-14 13:55:17 --> Fetching IIQA Details
INFO - 2021-01-14 13:56:07 --> Controller "App\Controllers\SchedulePlanner" loaded.
INFO - 2021-01-14 13:56:07 --> Fetching IIQA Details
INFO - 2021-01-14 13:56:09 --> Controller "App\Controllers\SchedulePlanner" loaded.
INFO - 2021-01-14 13:56:09 --> Fetching IIQA Details
INFO - 2021-01-14 13:56:11 --> Controller "App\Controllers\SchedulePlanner" loaded.
INFO - 2021-01-14 13:56:11 --> Fetching IIQA Details
INFO - 2021-01-14 13:56:11 --> Controller "App\Controllers\InstituteDetails" loaded.
INFO - 2021-01-14 13:56:11 --> Fetching IIQA Details
INFO - 2021-01-14 13:56:11 --> Controller "App\Controllers\Status" loaded.
INFO - 2021-01-14 13:56:11 --> Controller "App\Controllers\EmployeeDetails" loaded.
INFO - 2021-01-14 13:56:11 --> Fetching IIQA Details
INFO - 2021-01-14 13:56:11 --> Fetching IIQA Details
INFO - 2021-01-14 13:57:02 --> Controller "App\Controllers\SchedulePlanner" loaded.
INFO - 2021-01-14 13:57:02 --> Fetching IIQA Details
INFO - 2021-01-14 13:57:03 --> Controller "App\Controllers\InstituteDetails" loaded.
INFO - 2021-01-14 13:57:03 --> Controller "App\Controllers\EmployeeDetails" loaded.
INFO - 2021-01-14 13:57:03 --> Fetching IIQA Details
INFO - 2021-01-14 13:57:03 --> Fetching IIQA Details
INFO - 2021-01-14 13:57:41 --> Controller "App\Controllers\Dashboards" loaded.
INFO - 2021-01-14 13:57:41 --> Controller "App\Controllers\SchedulePlanner" loaded.
INFO - 2021-01-14 13:57:41 --> Fetching IIQA Details
INFO - 2021-01-14 13:57:41 --> Fetching Dashboard details
INFO - 2021-01-14 13:58:16 --> Controller "App\Controllers\Dashboards" loaded.
INFO - 2021-01-14 13:58:16 --> Controller "App\Controllers\SchedulePlanner" loaded.
INFO - 2021-01-14 13:58:16 --> Fetching IIQA Details
INFO - 2021-01-14 13:58:16 --> Fetching Dashboard details
INFO - 2021-01-14 13:58:47 --> Controller "App\Controllers\Dashboards" loaded.
INFO - 2021-01-14 13:58:47 --> Controller "App\Controllers\SchedulePlanner" loaded.
INFO - 2021-01-14 13:58:47 --> Fetching IIQA Details
INFO - 2021-01-14 13:58:47 --> Fetching Dashboard details
INFO - 2021-01-14 13:58:49 --> Controller "App\Controllers\SchedulePlanner" loaded.
INFO - 2021-01-14 13:58:49 --> Controller "App\Controllers\InstituteDetails" loaded.
INFO - 2021-01-14 13:58:49 --> Fetching IIQA Details
INFO - 2021-01-14 13:58:49 --> Fetching IIQA Details
INFO - 2021-01-14 13:58:50 --> Controller "App\Controllers\SchedulePlanner" loaded.
INFO - 2021-01-14 13:58:50 --> Controller "App\Controllers\InstituteDetails" loaded.
INFO - 2021-01-14 13:58:50 --> Fetching IIQA Details
INFO - 2021-01-14 13:58:50 --> Fetching IIQA Details
INFO - 2021-01-14 13:58:50 --> Controller "App\Controllers\EmployeeDetails" loaded.
INFO - 2021-01-14 13:58:50 --> Fetching IIQA Details
INFO - 2021-01-14 13:58:50 --> Controller "App\Controllers\Status" loaded.
INFO - 2021-01-14 13:58:50 --> Fetching IIQA Details
INFO - 2021-01-14 13:59:06 --> Controller "App\Controllers\SchedulePlanner" loaded.
INFO - 2021-01-14 13:59:06 --> Fetching IIQA Details
INFO - 2021-01-14 13:59:06 --> Controller "App\Controllers\InstituteDetails" loaded.
INFO - 2021-01-14 13:59:06 --> Fetching IIQA Details
INFO - 2021-01-14 13:59:06 --> Controller "App\Controllers\EmployeeDetails" loaded.
INFO - 2021-01-14 13:59:06 --> Fetching IIQA Details
INFO - 2021-01-14 14:00:41 --> Controller "App\Controllers\Dashboards" loaded.
INFO - 2021-01-14 14:00:41 --> Fetching Dashboard details
INFO - 2021-01-14 14:00:41 --> Controller "App\Controllers\SchedulePlanner" loaded.
INFO - 2021-01-14 14:00:41 --> Fetching IIQA Details
INFO - 2021-01-14 14:00:42 --> Controller "App\Controllers\SchedulePlanner" loaded.
INFO - 2021-01-14 14:00:42 --> Controller "App\Controllers\InstituteDetails" loaded.
INFO - 2021-01-14 14:00:42 --> Fetching IIQA Details
INFO - 2021-01-14 14:00:42 --> Fetching IIQA Details
INFO - 2021-01-14 14:00:44 --> Controller "App\Controllers\SchedulePlanner" loaded.
INFO - 2021-01-14 14:00:44 --> Fetching IIQA Details
INFO - 2021-01-14 14:00:44 --> Controller "App\Controllers\InstituteDetails" loaded.
INFO - 2021-01-14 14:00:44 --> Fetching IIQA Details
INFO - 2021-01-14 14:00:44 --> Controller "App\Controllers\EmployeeDetails" loaded.
INFO - 2021-01-14 14:00:44 --> Fetching IIQA Details
INFO - 2021-01-14 14:01:10 --> Controller "App\Controllers\SchedulePlanner" loaded.
INFO - 2021-01-14 14:01:10 --> Fetching IIQA Details
INFO - 2021-01-14 14:01:10 --> Controller "App\Controllers\Dashboards" loaded.
INFO - 2021-01-14 14:01:10 --> Fetching Dashboard details
INFO - 2021-01-14 14:01:22 --> Controller "App\Controllers\SchedulePlanner" loaded.
INFO - 2021-01-14 14:01:22 --> Controller "App\Controllers\InstituteDetails" loaded.
INFO - 2021-01-14 14:01:22 --> Fetching IIQA Details
INFO - 2021-01-14 14:01:22 --> Fetching IIQA Details
INFO - 2021-01-14 14:01:23 --> Controller "App\Controllers\SchedulePlanner" loaded.
INFO - 2021-01-14 14:01:23 --> Fetching IIQA Details
INFO - 2021-01-14 14:01:23 --> Controller "App\Controllers\InstituteDetails" loaded.
INFO - 2021-01-14 14:01:23 --> Fetching IIQA Details
INFO - 2021-01-14 14:01:23 --> Controller "App\Controllers\EmployeeDetails" loaded.
INFO - 2021-01-14 14:01:23 --> Fetching IIQA Details
INFO - 2021-01-14 14:01:23 --> Controller "App\Controllers\Status" loaded.
INFO - 2021-01-14 14:01:23 --> Fetching IIQA Details
INFO - 2021-01-14 14:01:28 --> Controller "App\Controllers\SchedulePlanner" loaded.
INFO - 2021-01-14 14:01:28 --> Fetching IIQA Details
INFO - 2021-01-14 14:01:28 --> Controller "App\Controllers\InstituteDetails" loaded.
INFO - 2021-01-14 14:01:28 --> Fetching IIQA Details
INFO - 2021-01-14 14:01:28 --> Controller "App\Controllers\EmployeeDetails" loaded.
INFO - 2021-01-14 14:01:28 --> Fetching IIQA Details
INFO - 2021-01-14 14:02:23 --> Controller "App\Controllers\Dashboards" loaded.
INFO - 2021-01-14 14:02:23 --> Controller "App\Controllers\SchedulePlanner" loaded.
INFO - 2021-01-14 14:02:23 --> Fetching IIQA Details
INFO - 2021-01-14 14:02:23 --> Fetching Dashboard details
INFO - 2021-01-14 14:02:29 --> Controller "App\Controllers\SchedulePlanner" loaded.
INFO - 2021-01-14 14:02:29 --> Fetching IIQA Details
INFO - 2021-01-14 14:02:29 --> Controller "App\Controllers\InstituteDetails" loaded.
INFO - 2021-01-14 14:02:29 --> Fetching IIQA Details
INFO - 2021-01-14 14:02:31 --> Controller "App\Controllers\SchedulePlanner" loaded.
INFO - 2021-01-14 14:02:31 --> Fetching IIQA Details
INFO - 2021-01-14 14:02:32 --> Controller "App\Controllers\InstituteDetails" loaded.
INFO - 2021-01-14 14:02:32 --> Fetching IIQA Details
INFO - 2021-01-14 14:02:32 --> Controller "App\Controllers\EmployeeDetails" loaded.
INFO - 2021-01-14 14:02:32 --> Fetching IIQA Details
INFO - 2021-01-14 14:03:06 --> Controller "App\Controllers\SchedulePlanner" loaded.
INFO - 2021-01-14 14:03:06 --> Controller "App\Controllers\Dashboards" loaded.
INFO - 2021-01-14 14:03:06 --> Fetching IIQA Details
INFO - 2021-01-14 14:03:06 --> Fetching Dashboard details
INFO - 2021-01-14 14:03:17 --> Controller "App\Controllers\SchedulePlanner" loaded.
INFO - 2021-01-14 14:03:17 --> Controller "App\Controllers\InstituteDetails" loaded.
INFO - 2021-01-14 14:03:17 --> Fetching IIQA Details
INFO - 2021-01-14 14:03:17 --> Fetching IIQA Details
INFO - 2021-01-14 14:03:19 --> Controller "App\Controllers\SchedulePlanner" loaded.
INFO - 2021-01-14 14:03:19 --> Fetching IIQA Details
INFO - 2021-01-14 14:03:19 --> Controller "App\Controllers\InstituteDetails" loaded.
INFO - 2021-01-14 14:03:19 --> Fetching IIQA Details
INFO - 2021-01-14 14:03:19 --> Controller "App\Controllers\EmployeeDetails" loaded.
INFO - 2021-01-14 14:03:19 --> Fetching IIQA Details
INFO - 2021-01-14 14:04:55 --> Controller "App\Controllers\Dashboards" loaded.
INFO - 2021-01-14 14:04:55 --> Controller "App\Controllers\SchedulePlanner" loaded.
INFO - 2021-01-14 14:04:55 --> Fetching IIQA Details
INFO - 2021-01-14 14:04:55 --> Fetching Dashboard details
INFO - 2021-01-14 14:05:24 --> Controller "App\Controllers\Dashboards" loaded.
INFO - 2021-01-14 14:05:24 --> Controller "App\Controllers\SchedulePlanner" loaded.
INFO - 2021-01-14 14:05:24 --> Fetching IIQA Details
INFO - 2021-01-14 14:05:24 --> Fetching Dashboard details
INFO - 2021-01-14 14:06:23 --> Controller "App\Controllers\SchedulePlanner" loaded.
INFO - 2021-01-14 14:06:23 --> Controller "App\Controllers\Dashboards" loaded.
INFO - 2021-01-14 14:06:23 --> Fetching IIQA Details
INFO - 2021-01-14 14:06:23 --> Fetching Dashboard details
INFO - 2021-01-14 14:09:33 --> Controller "App\Controllers\SchedulePlanner" loaded.
INFO - 2021-01-14 14:09:33 --> Fetching IIQA Details
INFO - 2021-01-14 14:09:33 --> Controller "App\Controllers\InstituteDetails" loaded.
INFO - 2021-01-14 14:09:33 --> Fetching IIQA Details
INFO - 2021-01-14 14:09:37 --> Controller "App\Controllers\InstituteDetails" loaded.
INFO - 2021-01-14 14:09:37 --> Controller "App\Controllers\SchedulePlanner" loaded.
INFO - 2021-01-14 14:09:37 --> Fetching IIQA Details
INFO - 2021-01-14 14:09:37 --> Fetching IIQA Details
INFO - 2021-01-14 14:09:38 --> Controller "App\Controllers\Status" loaded.
INFO - 2021-01-14 14:09:38 --> Fetching IIQA Details
INFO - 2021-01-14 14:09:38 --> Controller "App\Controllers\EmployeeDetails" loaded.
INFO - 2021-01-14 14:09:38 --> Fetching IIQA Details
INFO - 2021-01-14 14:11:00 --> Controller "App\Controllers\Dashboards" loaded.
INFO - 2021-01-14 14:11:00 --> Controller "App\Controllers\SchedulePlanner" loaded.
INFO - 2021-01-14 14:11:00 --> Fetching IIQA Details
INFO - 2021-01-14 14:11:00 --> Fetching Dashboard details
INFO - 2021-01-14 14:11:02 --> Controller "App\Controllers\SchedulePlanner" loaded.
INFO - 2021-01-14 14:11:02 --> Controller "App\Controllers\InstituteDetails" loaded.
INFO - 2021-01-14 14:11:02 --> Fetching IIQA Details
INFO - 2021-01-14 14:11:02 --> Fetching IIQA Details
INFO - 2021-01-14 14:11:03 --> Controller "App\Controllers\InstituteDetails" loaded.
INFO - 2021-01-14 14:11:03 --> Controller "App\Controllers\SchedulePlanner" loaded.
INFO - 2021-01-14 14:11:03 --> Fetching IIQA Details
INFO - 2021-01-14 14:11:03 --> Fetching IIQA Details
INFO - 2021-01-14 14:11:03 --> Controller "App\Controllers\EmployeeDetails" loaded.
INFO - 2021-01-14 14:11:03 --> Fetching IIQA Details
INFO - 2021-01-14 14:11:03 --> Controller "App\Controllers\Status" loaded.
INFO - 2021-01-14 14:11:04 --> Fetching IIQA Details
INFO - 2021-01-14 14:12:03 --> Controller "App\Controllers\SchedulePlanner" loaded.
INFO - 2021-01-14 14:12:06 --> Controller "App\Controllers\SchedulePlanner" loaded.
INFO - 2021-01-14 14:12:06 --> Fetching IIQA Details
INFO - 2021-01-14 14:14:06 --> Controller "App\Controllers\Dashboards" loaded.
INFO - 2021-01-14 14:14:06 --> Controller "App\Controllers\SchedulePlanner" loaded.
INFO - 2021-01-14 14:14:06 --> Fetching Dashboard details
INFO - 2021-01-14 14:14:06 --> Fetching IIQA Details
INFO - 2021-01-14 14:14:35 --> Controller "App\Controllers\SchedulePlanner" loaded.
INFO - 2021-01-14 14:14:35 --> Controller "App\Controllers\Dashboards" loaded.
INFO - 2021-01-14 14:14:35 --> Fetching IIQA Details
INFO - 2021-01-14 14:14:35 --> Fetching Dashboard details
INFO - 2021-01-14 14:14:45 --> Controller "App\Controllers\Dashboards" loaded.
INFO - 2021-01-14 14:14:45 --> Controller "App\Controllers\SchedulePlanner" loaded.
INFO - 2021-01-14 14:14:45 --> Fetching IIQA Details
INFO - 2021-01-14 14:14:45 --> Fetching Dashboard details
INFO - 2021-01-14 14:14:46 --> Controller "App\Controllers\SchedulePlanner" loaded.
INFO - 2021-01-14 14:14:46 --> Controller "App\Controllers\InstituteDetails" loaded.
INFO - 2021-01-14 14:14:46 --> Fetching IIQA Details
INFO - 2021-01-14 14:14:46 --> Fetching IIQA Details
INFO - 2021-01-14 14:14:48 --> Controller "App\Controllers\SchedulePlanner" loaded.
INFO - 2021-01-14 14:14:48 --> Fetching IIQA Details
INFO - 2021-01-14 14:14:48 --> Controller "App\Controllers\InstituteDetails" loaded.
INFO - 2021-01-14 14:14:48 --> Fetching IIQA Details
INFO - 2021-01-14 14:14:48 --> Controller "App\Controllers\EmployeeDetails" loaded.
INFO - 2021-01-14 14:14:48 --> Controller "App\Controllers\Status" loaded.
INFO - 2021-01-14 14:14:48 --> Fetching IIQA Details
INFO - 2021-01-14 14:14:48 --> Fetching IIQA Details
INFO - 2021-01-14 14:15:22 --> Controller "App\Controllers\SchedulePlanner" loaded.
INFO - 2021-01-14 14:15:25 --> Controller "App\Controllers\SchedulePlanner" loaded.
INFO - 2021-01-14 14:15:25 --> Fetching IIQA Details
INFO - 2021-01-14 14:18:38 --> Controller "App\Controllers\Dashboards" loaded.
INFO - 2021-01-14 14:18:38 --> Controller "App\Controllers\SchedulePlanner" loaded.
INFO - 2021-01-14 14:18:38 --> Fetching IIQA Details
INFO - 2021-01-14 14:18:38 --> Fetching Dashboard details
INFO - 2021-01-14 14:19:47 --> Controller "App\Controllers\SchedulePlanner" loaded.
INFO - 2021-01-14 14:19:47 --> Controller "App\Controllers\Dashboards" loaded.
INFO - 2021-01-14 14:19:47 --> Fetching IIQA Details
INFO - 2021-01-14 14:19:47 --> Fetching Dashboard details
INFO - 2021-01-14 14:21:44 --> Controller "App\Controllers\Dashboards" loaded.
INFO - 2021-01-14 14:21:44 --> Controller "App\Controllers\SchedulePlanner" loaded.
INFO - 2021-01-14 14:21:44 --> Fetching IIQA Details
INFO - 2021-01-14 14:21:44 --> Fetching Dashboard details
INFO - 2021-01-14 14:24:27 --> Controller "App\Controllers\Dashboards" loaded.
INFO - 2021-01-14 14:24:27 --> Controller "App\Controllers\SchedulePlanner" loaded.
INFO - 2021-01-14 14:24:27 --> Fetching Dashboard details
INFO - 2021-01-14 14:24:27 --> Fetching IIQA Details
INFO - 2021-01-14 14:25:18 --> Controller "App\Controllers\Dashboards" loaded.
INFO - 2021-01-14 14:25:18 --> Controller "App\Controllers\SchedulePlanner" loaded.
INFO - 2021-01-14 14:25:18 --> Fetching IIQA Details
INFO - 2021-01-14 14:25:18 --> Fetching Dashboard details
INFO - 2021-01-14 14:30:12 --> Controller "App\Controllers\Dashboards" loaded.
INFO - 2021-01-14 14:30:12 --> Fetching Dashboard details
INFO - 2021-01-14 14:30:12 --> Controller "App\Controllers\SchedulePlanner" loaded.
INFO - 2021-01-14 14:30:12 --> Fetching IIQA Details
INFO - 2021-01-14 14:31:25 --> Controller "App\Controllers\Dashboards" loaded.
INFO - 2021-01-14 14:31:25 --> Controller "App\Controllers\SchedulePlanner" loaded.
INFO - 2021-01-14 14:31:25 --> Fetching IIQA Details
INFO - 2021-01-14 14:31:25 --> Fetching Dashboard details
INFO - 2021-01-14 14:35:02 --> Controller "App\Controllers\SchedulePlanner" loaded.
INFO - 2021-01-14 14:35:02 --> Fetching IIQA Details
INFO - 2021-01-14 14:35:02 --> Controller "App\Controllers\InstituteDetails" loaded.
INFO - 2021-01-14 14:35:02 --> Fetching IIQA Details
INFO - 2021-01-14 14:35:17 --> Controller "App\Controllers\Dashboards" loaded.
INFO - 2021-01-14 14:35:17 --> Fetching Dashboard details
INFO - 2021-01-14 14:35:17 --> Controller "App\Controllers\SchedulePlanner" loaded.
INFO - 2021-01-14 14:35:17 --> Fetching IIQA Details
INFO - 2021-01-14 14:37:23 --> Controller "App\Controllers\InstituteDetails" loaded.
INFO - 2021-01-14 14:37:23 --> Controller "App\Controllers\SchedulePlanner" loaded.
INFO - 2021-01-14 14:37:23 --> Fetching IIQA Details
INFO - 2021-01-14 14:37:23 --> Fetching IIQA Details
INFO - 2021-01-14 14:37:25 --> Controller "App\Controllers\SchedulePlanner" loaded.
INFO - 2021-01-14 14:37:25 --> Fetching IIQA Details
INFO - 2021-01-14 14:37:25 --> Controller "App\Controllers\InstituteDetails" loaded.
INFO - 2021-01-14 14:37:25 --> Fetching IIQA Details
INFO - 2021-01-14 14:37:25 --> Controller "App\Controllers\EmployeeDetails" loaded.
INFO - 2021-01-14 14:37:25 --> Fetching IIQA Details
INFO - 2021-01-14 14:37:25 --> Controller "App\Controllers\Status" loaded.
INFO - 2021-01-14 14:37:25 --> Fetching IIQA Details
INFO - 2021-01-14 14:39:23 --> Controller "App\Controllers\Dashboards" loaded.
INFO - 2021-01-14 14:39:23 --> Controller "App\Controllers\SchedulePlanner" loaded.
INFO - 2021-01-14 14:39:23 --> Fetching IIQA Details
INFO - 2021-01-14 14:39:23 --> Fetching Dashboard details
INFO - 2021-01-14 14:39:30 --> Controller "App\Controllers\SchedulePlanner" loaded.
INFO - 2021-01-14 14:39:30 --> Fetching IIQA Details
INFO - 2021-01-14 14:39:30 --> Controller "App\Controllers\InstituteDetails" loaded.
INFO - 2021-01-14 14:39:30 --> Fetching IIQA Details
INFO - 2021-01-14 14:39:31 --> Controller "App\Controllers\InstituteDetails" loaded.
INFO - 2021-01-14 14:39:31 --> Fetching IIQA Details
INFO - 2021-01-14 14:39:31 --> Controller "App\Controllers\SchedulePlanner" loaded.
INFO - 2021-01-14 14:39:31 --> Fetching IIQA Details
INFO - 2021-01-14 14:39:31 --> Controller "App\Controllers\Status" loaded.
INFO - 2021-01-14 14:39:31 --> Controller "App\Controllers\EmployeeDetails" loaded.
INFO - 2021-01-14 14:39:31 --> Fetching IIQA Details
INFO - 2021-01-14 14:39:31 --> Fetching IIQA Details
INFO - 2021-01-14 14:41:11 --> Controller "App\Controllers\SchedulePlanner" loaded.
INFO - 2021-01-14 14:41:11 --> Fetching IIQA Details
INFO - 2021-01-14 14:41:14 --> Controller "App\Controllers\SchedulePlanner" loaded.
INFO - 2021-01-14 14:41:14 --> Fetching IIQA Details
INFO - 2021-01-14 14:41:39 --> Controller "App\Controllers\SchedulePlanner" loaded.
INFO - 2021-01-14 14:41:39 --> Fetching IIQA Details
INFO - 2021-01-14 14:47:52 --> Controller "App\Controllers\Dashboards" loaded.
INFO - 2021-01-14 14:47:52 --> Fetching Dashboard details
INFO - 2021-01-14 14:47:52 --> Controller "App\Controllers\SchedulePlanner" loaded.
INFO - 2021-01-14 14:47:52 --> Fetching IIQA Details
INFO - 2021-01-14 14:47:53 --> Controller "App\Controllers\InstituteDetails" loaded.
INFO - 2021-01-14 14:47:53 --> Controller "App\Controllers\SchedulePlanner" loaded.
INFO - 2021-01-14 14:47:53 --> Fetching IIQA Details
INFO - 2021-01-14 14:47:53 --> Fetching IIQA Details
INFO - 2021-01-14 14:47:55 --> Controller "App\Controllers\SchedulePlanner" loaded.
INFO - 2021-01-14 14:47:55 --> Controller "App\Controllers\InstituteDetails" loaded.
INFO - 2021-01-14 14:47:55 --> Fetching IIQA Details
INFO - 2021-01-14 14:47:55 --> Fetching IIQA Details
INFO - 2021-01-14 14:47:55 --> Controller "App\Controllers\EmployeeDetails" loaded.
INFO - 2021-01-14 14:47:55 --> Controller "App\Controllers\Status" loaded.
INFO - 2021-01-14 14:47:55 --> Fetching IIQA Details
INFO - 2021-01-14 14:47:55 --> Fetching IIQA Details
INFO - 2021-01-14 14:48:21 --> Controller "App\Controllers\SchedulePlanner" loaded.
INFO - 2021-01-14 14:48:24 --> Controller "App\Controllers\SchedulePlanner" loaded.
INFO - 2021-01-14 14:48:24 --> Fetching IIQA Details
INFO - 2021-01-14 14:49:17 --> Controller "App\Controllers\Dashboards" loaded.
INFO - 2021-01-14 14:49:17 --> Fetching Dashboard details
INFO - 2021-01-14 14:49:17 --> Controller "App\Controllers\SchedulePlanner" loaded.
INFO - 2021-01-14 14:49:17 --> Fetching IIQA Details
INFO - 2021-01-14 14:49:20 --> Controller "App\Controllers\InstituteDetails" loaded.
INFO - 2021-01-14 14:49:20 --> Controller "App\Controllers\SchedulePlanner" loaded.
INFO - 2021-01-14 14:49:20 --> Fetching IIQA Details
INFO - 2021-01-14 14:49:20 --> Fetching IIQA Details
INFO - 2021-01-14 14:49:23 --> Controller "App\Controllers\SchedulePlanner" loaded.
INFO - 2021-01-14 14:49:23 --> Controller "App\Controllers\InstituteDetails" loaded.
INFO - 2021-01-14 14:49:23 --> Fetching IIQA Details
INFO - 2021-01-14 14:49:23 --> Fetching IIQA Details
INFO - 2021-01-14 14:49:23 --> Controller "App\Controllers\EmployeeDetails" loaded.
INFO - 2021-01-14 14:49:23 --> Fetching IIQA Details
INFO - 2021-01-14 14:49:23 --> Controller "App\Controllers\Status" loaded.
INFO - 2021-01-14 14:49:23 --> Fetching IIQA Details
INFO - 2021-01-14 14:50:29 --> Controller "App\Controllers\Dashboards" loaded.
INFO - 2021-01-14 14:50:29 --> Controller "App\Controllers\SchedulePlanner" loaded.
INFO - 2021-01-14 14:50:29 --> Fetching IIQA Details
INFO - 2021-01-14 14:50:29 --> Fetching Dashboard details
INFO - 2021-01-14 14:52:29 --> Controller "App\Controllers\SchedulePlanner" loaded.
INFO - 2021-01-14 14:52:29 --> Fetching IIQA Details
INFO - 2021-01-14 14:52:29 --> Controller "App\Controllers\InstituteDetails" loaded.
INFO - 2021-01-14 14:52:29 --> Fetching IIQA Details
INFO - 2021-01-14 14:52:31 --> Controller "App\Controllers\InstituteDetails" loaded.
INFO - 2021-01-14 14:52:31 --> Controller "App\Controllers\SchedulePlanner" loaded.
INFO - 2021-01-14 14:52:31 --> Fetching IIQA Details
INFO - 2021-01-14 14:52:31 --> Fetching IIQA Details
INFO - 2021-01-14 14:52:31 --> Controller "App\Controllers\EmployeeDetails" loaded.
INFO - 2021-01-14 14:52:31 --> Fetching IIQA Details
INFO - 2021-01-14 14:52:31 --> Controller "App\Controllers\Status" loaded.
INFO - 2021-01-14 14:52:31 --> Fetching IIQA Details
INFO - 2021-01-14 14:53:28 --> Controller "App\Controllers\SchedulePlanner" loaded.
INFO - 2021-01-14 14:53:30 --> Controller "App\Controllers\SchedulePlanner" loaded.
INFO - 2021-01-14 14:53:30 --> Fetching IIQA Details
INFO - 2021-01-14 14:53:33 --> Controller "App\Controllers\SchedulePlanner" loaded.
INFO - 2021-01-14 14:53:33 --> Fetching IIQA Details
INFO - 2021-01-14 14:53:33 --> Controller "App\Controllers\InstituteDetails" loaded.
INFO - 2021-01-14 14:53:33 --> Fetching IIQA Details
INFO - 2021-01-14 14:53:33 --> Controller "App\Controllers\Status" loaded.
INFO - 2021-01-14 14:53:33 --> Controller "App\Controllers\EmployeeDetails" loaded.
INFO - 2021-01-14 14:53:33 --> Fetching IIQA Details
INFO - 2021-01-14 14:53:33 --> Fetching IIQA Details
INFO - 2021-01-14 14:59:08 --> Controller "App\Controllers\Dashboards" loaded.
INFO - 2021-01-14 14:59:08 --> Fetching Dashboard details
INFO - 2021-01-14 14:59:08 --> Controller "App\Controllers\SchedulePlanner" loaded.
INFO - 2021-01-14 14:59:08 --> Fetching IIQA Details
INFO - 2021-01-14 15:05:11 --> Controller "App\Controllers\SchedulePlanner" loaded.
INFO - 2021-01-14 15:05:11 --> Controller "App\Controllers\InstituteDetails" loaded.
INFO - 2021-01-14 15:05:11 --> Fetching IIQA Details
INFO - 2021-01-14 15:05:11 --> Fetching IIQA Details
INFO - 2021-01-14 15:05:13 --> Controller "App\Controllers\SchedulePlanner" loaded.
INFO - 2021-01-14 15:05:13 --> Controller "App\Controllers\InstituteDetails" loaded.
INFO - 2021-01-14 15:05:13 --> Fetching IIQA Details
INFO - 2021-01-14 15:05:13 --> Fetching IIQA Details
INFO - 2021-01-14 15:05:13 --> Controller "App\Controllers\EmployeeDetails" loaded.
INFO - 2021-01-14 15:05:13 --> Fetching IIQA Details
INFO - 2021-01-14 15:05:13 --> Controller "App\Controllers\Status" loaded.
INFO - 2021-01-14 15:05:13 --> Fetching IIQA Details
INFO - 2021-01-14 15:05:34 --> Controller "App\Controllers\SchedulePlanner" loaded.
INFO - 2021-01-14 15:05:37 --> Controller "App\Controllers\SchedulePlanner" loaded.
INFO - 2021-01-14 15:05:37 --> Fetching IIQA Details
INFO - 2021-01-14 15:05:39 --> Controller "App\Controllers\SchedulePlanner" loaded.
INFO - 2021-01-14 15:05:39 --> Fetching IIQA Details
INFO - 2021-01-14 15:05:39 --> Controller "App\Controllers\EmployeeDetails" loaded.
INFO - 2021-01-14 15:05:39 --> Controller "App\Controllers\Status" loaded.
INFO - 2021-01-14 15:05:39 --> Controller "App\Controllers\InstituteDetails" loaded.
INFO - 2021-01-14 15:05:39 --> Fetching IIQA Details
INFO - 2021-01-14 15:05:39 --> Fetching IIQA Details
INFO - 2021-01-14 15:05:39 --> Fetching IIQA Details
INFO - 2021-01-14 17:29:42 --> Controller "App\Controllers\Dashboards" loaded.
INFO - 2021-01-14 17:29:42 --> Fetching Dashboard details
INFO - 2021-01-14 17:29:42 --> Controller "App\Controllers\SchedulePlanner" loaded.
INFO - 2021-01-14 17:29:42 --> Fetching IIQA Details
INFO - 2021-01-14 17:32:09 --> Controller "App\Controllers\Dashboards" loaded.
INFO - 2021-01-14 17:32:09 --> Fetching Dashboard details
INFO - 2021-01-14 17:32:09 --> Controller "App\Controllers\SchedulePlanner" loaded.
INFO - 2021-01-14 17:32:09 --> Fetching IIQA Details
INFO - 2021-01-14 17:33:08 --> Controller "App\Controllers\Dashboards" loaded.
INFO - 2021-01-14 17:33:08 --> Fetching Dashboard details
INFO - 2021-01-14 17:33:08 --> Controller "App\Controllers\SchedulePlanner" loaded.
INFO - 2021-01-14 17:33:08 --> Fetching IIQA Details
INFO - 2021-01-14 17:36:16 --> Controller "App\Controllers\SchedulePlanner" loaded.
INFO - 2021-01-14 17:36:16 --> Controller "App\Controllers\Dashboards" loaded.
INFO - 2021-01-14 17:36:16 --> Fetching IIQA Details
INFO - 2021-01-14 17:36:16 --> Fetching Dashboard details
INFO - 2021-01-14 17:38:15 --> Controller "App\Controllers\SchedulePlanner" loaded.
INFO - 2021-01-14 17:38:15 --> Controller "App\Controllers\Dashboards" loaded.
INFO - 2021-01-14 17:38:15 --> Fetching IIQA Details
INFO - 2021-01-14 17:38:15 --> Fetching Dashboard details
INFO - 2021-01-14 17:39:57 --> Controller "App\Controllers\SchedulePlanner" loaded.
INFO - 2021-01-14 17:39:57 --> Controller "App\Controllers\Dashboards" loaded.
INFO - 2021-01-14 17:39:57 --> Fetching IIQA Details
INFO - 2021-01-14 17:39:57 --> Fetching Dashboard details
INFO - 2021-01-14 17:40:22 --> Controller "App\Controllers\SchedulePlanner" loaded.
INFO - 2021-01-14 17:40:22 --> Fetching IIQA Details
INFO - 2021-01-14 17:40:22 --> Controller "App\Controllers\Dashboards" loaded.
INFO - 2021-01-14 17:40:22 --> Fetching Dashboard details
INFO - 2021-01-14 17:40:23 --> Controller "App\Controllers\InstituteDetails" loaded.
INFO - 2021-01-14 17:40:23 --> Fetching IIQA Details
INFO - 2021-01-14 17:40:23 --> Controller "App\Controllers\SchedulePlanner" loaded.
INFO - 2021-01-14 17:40:23 --> Fetching IIQA Details
INFO - 2021-01-14 17:40:25 --> Controller "App\Controllers\SchedulePlanner" loaded.
INFO - 2021-01-14 17:40:25 --> Fetching IIQA Details
INFO - 2021-01-14 17:40:25 --> Controller "App\Controllers\InstituteDetails" loaded.
INFO - 2021-01-14 17:40:25 --> Fetching IIQA Details
INFO - 2021-01-14 17:40:25 --> Controller "App\Controllers\Status" loaded.
INFO - 2021-01-14 17:40:25 --> Fetching IIQA Details
INFO - 2021-01-14 17:40:25 --> Controller "App\Controllers\EmployeeDetails" loaded.
INFO - 2021-01-14 17:40:25 --> Fetching IIQA Details
INFO - 2021-01-14 17:42:59 --> Controller "App\Controllers\Dashboards" loaded.
INFO - 2021-01-14 17:42:59 --> Controller "App\Controllers\SchedulePlanner" loaded.
INFO - 2021-01-14 17:42:59 --> Fetching Dashboard details
INFO - 2021-01-14 17:42:59 --> Fetching IIQA Details
INFO - 2021-01-14 17:43:12 --> Controller "App\Controllers\Dashboards" loaded.
INFO - 2021-01-14 17:43:12 --> Fetching Dashboard details
INFO - 2021-01-14 17:43:12 --> Controller "App\Controllers\SchedulePlanner" loaded.
INFO - 2021-01-14 17:43:12 --> Fetching IIQA Details
INFO - 2021-01-14 17:43:14 --> Controller "App\Controllers\InstituteDetails" loaded.
INFO - 2021-01-14 17:43:14 --> Fetching IIQA Details
INFO - 2021-01-14 17:43:14 --> Controller "App\Controllers\SchedulePlanner" loaded.
INFO - 2021-01-14 17:43:14 --> Fetching IIQA Details
INFO - 2021-01-14 17:43:16 --> Controller "App\Controllers\InstituteDetails" loaded.
INFO - 2021-01-14 17:43:16 --> Controller "App\Controllers\SchedulePlanner" loaded.
INFO - 2021-01-14 17:43:16 --> Fetching IIQA Details
INFO - 2021-01-14 17:43:16 --> Fetching IIQA Details
INFO - 2021-01-14 17:43:16 --> Controller "App\Controllers\EmployeeDetails" loaded.
INFO - 2021-01-14 17:43:16 --> Fetching IIQA Details
INFO - 2021-01-14 17:43:16 --> Controller "App\Controllers\Status" loaded.
INFO - 2021-01-14 17:43:16 --> Fetching IIQA Details
