INFO - 2021-02-04 09:49:44 --> Controller "App\Controllers\Dashboards" loaded.
INFO - 2021-02-04 09:49:44 --> Fetching Dashboard details
INFO - 2021-02-04 09:56:35 --> Controller "App\Controllers\Dashboards" loaded.
INFO - 2021-02-04 09:56:35 --> Fetching Dashboard details
INFO - 2021-02-04 10:02:04 --> Controller "App\Controllers\Dashboards" loaded.
INFO - 2021-02-04 10:02:04 --> Fetching Dashboard details
INFO - 2021-02-04 10:03:22 --> Controller "App\Controllers\Dashboards" loaded.
INFO - 2021-02-04 10:03:22 --> Fetching Dashboard details
INFO - 2021-02-04 11:19:08 --> Controller "App\Controllers\Dashboards" loaded.
INFO - 2021-02-04 11:19:08 --> Fetching Dashboard details
INFO - 2021-02-04 11:19:09 --> Controller "App\Controllers\InstituteDetails" loaded.
INFO - 2021-02-04 11:19:09 --> Fetching IIQA Details
INFO - 2021-02-04 11:19:12 --> Controller "App\Controllers\Leads" loaded.
INFO - 2021-02-04 11:19:12 --> Fetching IIQA Details
INFO - 2021-02-04 11:19:12 --> Controller "App\Controllers\InstituteDetails" loaded.
INFO - 2021-02-04 11:19:12 --> Fetching IIQA Details
INFO - 2021-02-04 11:33:02 --> Controller "App\Controllers\SchedulePlanner" loaded.
INFO - 2021-02-04 11:33:02 --> Fetching IIQA Details
INFO - 2021-02-04 11:35:01 --> Controller "App\Controllers\SchedulePlanner" loaded.
INFO - 2021-02-04 11:35:01 --> Fetching IIQA Details
INFO - 2021-02-04 11:47:03 --> Controller "App\Controllers\Dashboards" loaded.
INFO - 2021-02-04 11:47:03 --> Fetching Dashboard details
INFO - 2021-02-04 11:47:08 --> Controller "App\Controllers\InstituteDetails" loaded.
INFO - 2021-02-04 11:47:08 --> Fetching IIQA Details
INFO - 2021-02-04 11:47:44 --> Controller "App\Controllers\Leads" loaded.
INFO - 2021-02-04 11:47:44 --> Fetching IIQA Details
INFO - 2021-02-04 11:47:44 --> Controller "App\Controllers\InstituteDetails" loaded.
INFO - 2021-02-04 11:47:44 --> Fetching IIQA Details
INFO - 2021-02-04 12:01:04 --> Controller "App\Controllers\Dashboards" loaded.
INFO - 2021-02-04 12:01:04 --> Fetching Dashboard details
INFO - 2021-02-04 12:01:08 --> Controller "App\Controllers\InstituteDetails" loaded.
INFO - 2021-02-04 12:01:08 --> Fetching IIQA Details
INFO - 2021-02-04 12:01:10 --> Controller "App\Controllers\Leads" loaded.
INFO - 2021-02-04 12:01:10 --> Fetching IIQA Details
INFO - 2021-02-04 12:01:10 --> Controller "App\Controllers\InstituteDetails" loaded.
INFO - 2021-02-04 12:01:10 --> Fetching IIQA Details
INFO - 2021-02-04 12:04:53 --> Controller "App\Controllers\Dashboards" loaded.
INFO - 2021-02-04 12:04:53 --> Fetching Dashboard details
INFO - 2021-02-04 12:06:55 --> Controller "App\Controllers\InstituteDetails" loaded.
INFO - 2021-02-04 12:06:55 --> Fetching IIQA Details
INFO - 2021-02-04 12:06:58 --> Controller "App\Controllers\Leads" loaded.
INFO - 2021-02-04 12:06:58 --> Fetching IIQA Details
INFO - 2021-02-04 12:06:58 --> Controller "App\Controllers\InstituteDetails" loaded.
INFO - 2021-02-04 12:06:58 --> Fetching IIQA Details
INFO - 2021-02-04 12:12:44 --> Controller "App\Controllers\Dashboards" loaded.
INFO - 2021-02-04 12:12:44 --> Fetching Dashboard details
INFO - 2021-02-04 12:28:37 --> Controller "App\Controllers\InstituteDetails" loaded.
INFO - 2021-02-04 12:28:37 --> Fetching IIQA Details
INFO - 2021-02-04 12:29:45 --> Controller "App\Controllers\InstituteDetails" loaded.
INFO - 2021-02-04 12:29:45 --> Fetching IIQA Details
INFO - 2021-02-04 12:29:47 --> Controller "App\Controllers\Leads" loaded.
INFO - 2021-02-04 12:29:47 --> Fetching IIQA Details
INFO - 2021-02-04 12:29:47 --> Controller "App\Controllers\InstituteDetails" loaded.
INFO - 2021-02-04 12:29:47 --> Fetching IIQA Details
INFO - 2021-02-04 12:29:51 --> Controller "App\Controllers\InstitutePricingHistory" loaded.
INFO - 2021-02-04 12:29:51 --> Fetching IIQA Details
INFO - 2021-02-04 12:30:17 --> Controller "App\Controllers\SchedulePlanner" loaded.
INFO - 2021-02-04 12:30:17 --> Fetching IIQA Details
INFO - 2021-02-04 12:30:21 --> Controller "App\Controllers\SchedulePlanner" loaded.
INFO - 2021-02-04 12:30:21 --> Fetching IIQA Details
INFO - 2021-02-04 12:30:21 --> Controller "App\Controllers\InstituteDetails" loaded.
INFO - 2021-02-04 12:30:21 --> Fetching IIQA Details
INFO - 2021-02-04 12:30:21 --> Controller "App\Controllers\EmployeeDetails" loaded.
INFO - 2021-02-04 12:30:21 --> Fetching IIQA Details
INFO - 2021-02-04 12:30:21 --> Controller "App\Controllers\Status" loaded.
INFO - 2021-02-04 12:30:21 --> Fetching IIQA Details
INFO - 2021-02-04 12:31:06 --> Controller "App\Controllers\SchedulePlanner" loaded.
INFO - 2021-02-04 12:31:06 --> Fetching IIQA Details
INFO - 2021-02-04 12:36:04 --> Controller "App\Controllers\Dashboards" loaded.
INFO - 2021-02-04 12:36:04 --> Fetching Dashboard details
INFO - 2021-02-04 12:36:11 --> Controller "App\Controllers\InstituteDetails" loaded.
INFO - 2021-02-04 12:36:11 --> Fetching IIQA Details
INFO - 2021-02-04 12:36:14 --> Controller "App\Controllers\Leads" loaded.
INFO - 2021-02-04 12:36:14 --> Fetching IIQA Details
INFO - 2021-02-04 12:36:14 --> Controller "App\Controllers\InstituteDetails" loaded.
INFO - 2021-02-04 12:36:14 --> Fetching IIQA Details
INFO - 2021-02-04 12:38:58 --> Controller "App\Controllers\Dashboards" loaded.
INFO - 2021-02-04 12:38:58 --> Fetching Dashboard details
INFO - 2021-02-04 12:39:00 --> Controller "App\Controllers\InstituteDetails" loaded.
INFO - 2021-02-04 12:39:00 --> Fetching IIQA Details
INFO - 2021-02-04 12:39:02 --> Controller "App\Controllers\Leads" loaded.
INFO - 2021-02-04 12:39:02 --> Fetching IIQA Details
INFO - 2021-02-04 12:39:02 --> Controller "App\Controllers\InstituteDetails" loaded.
INFO - 2021-02-04 12:39:02 --> Fetching IIQA Details
INFO - 2021-02-04 12:39:19 --> Controller "App\Controllers\SchedulePlanner" loaded.
INFO - 2021-02-04 12:39:19 --> Fetching IIQA Details
INFO - 2021-02-04 12:39:26 --> Controller "App\Controllers\InstituteDetails" loaded.
INFO - 2021-02-04 12:39:26 --> Fetching IIQA Details
INFO - 2021-02-04 12:39:43 --> Controller "App\Controllers\Dashboards" loaded.
INFO - 2021-02-04 12:39:43 --> Controller "App\Controllers\SchedulePlanner" loaded.
INFO - 2021-02-04 12:39:43 --> Fetching IIQA Details
INFO - 2021-02-04 12:39:43 --> Fetching Dashboard details
INFO - 2021-02-04 12:52:47 --> Controller "App\Controllers\Dashboards" loaded.
INFO - 2021-02-04 12:52:47 --> Fetching Dashboard details
INFO - 2021-02-04 12:52:55 --> Controller "App\Controllers\InstituteDetails" loaded.
INFO - 2021-02-04 12:52:55 --> Fetching IIQA Details
INFO - 2021-02-04 12:53:01 --> Controller "App\Controllers\Leads" loaded.
INFO - 2021-02-04 12:53:01 --> Fetching IIQA Details
INFO - 2021-02-04 12:53:01 --> Controller "App\Controllers\InstituteDetails" loaded.
INFO - 2021-02-04 12:53:01 --> Fetching IIQA Details
INFO - 2021-02-04 12:54:58 --> Controller "App\Controllers\Dashboards" loaded.
INFO - 2021-02-04 12:54:58 --> Fetching Dashboard details
INFO - 2021-02-04 12:55:01 --> Controller "App\Controllers\InstituteDetails" loaded.
INFO - 2021-02-04 12:55:01 --> Fetching IIQA Details
INFO - 2021-02-04 12:55:03 --> Controller "App\Controllers\Leads" loaded.
INFO - 2021-02-04 12:55:03 --> Fetching IIQA Details
INFO - 2021-02-04 12:55:03 --> Controller "App\Controllers\InstituteDetails" loaded.
INFO - 2021-02-04 12:55:03 --> Fetching IIQA Details
INFO - 2021-02-04 12:56:13 --> Controller "App\Controllers\Dashboards" loaded.
INFO - 2021-02-04 12:56:13 --> Fetching Dashboard details
INFO - 2021-02-04 12:56:19 --> Controller "App\Controllers\InstituteDetails" loaded.
INFO - 2021-02-04 12:56:19 --> Fetching IIQA Details
INFO - 2021-02-04 12:56:21 --> Controller "App\Controllers\Leads" loaded.
INFO - 2021-02-04 12:56:22 --> Fetching IIQA Details
INFO - 2021-02-04 12:56:22 --> Controller "App\Controllers\InstituteDetails" loaded.
INFO - 2021-02-04 12:56:22 --> Fetching IIQA Details
INFO - 2021-02-04 12:57:39 --> Controller "App\Controllers\Dashboards" loaded.
INFO - 2021-02-04 12:57:39 --> Fetching Dashboard details
INFO - 2021-02-04 12:57:48 --> Controller "App\Controllers\InstituteDetails" loaded.
INFO - 2021-02-04 12:57:48 --> Fetching IIQA Details
INFO - 2021-02-04 12:57:52 --> Controller "App\Controllers\Leads" loaded.
INFO - 2021-02-04 12:57:52 --> Fetching IIQA Details
INFO - 2021-02-04 12:57:52 --> Controller "App\Controllers\InstituteDetails" loaded.
INFO - 2021-02-04 12:57:52 --> Fetching IIQA Details
INFO - 2021-02-04 12:58:07 --> Controller "App\Controllers\Dashboards" loaded.
INFO - 2021-02-04 12:58:07 --> Fetching Dashboard details
INFO - 2021-02-04 12:58:10 --> Controller "App\Controllers\InstituteDetails" loaded.
INFO - 2021-02-04 12:58:10 --> Fetching IIQA Details
INFO - 2021-02-04 12:58:12 --> Controller "App\Controllers\Leads" loaded.
INFO - 2021-02-04 12:58:12 --> Fetching IIQA Details
INFO - 2021-02-04 12:58:12 --> Controller "App\Controllers\InstituteDetails" loaded.
INFO - 2021-02-04 12:58:12 --> Fetching IIQA Details
INFO - 2021-02-04 12:58:18 --> Controller "App\Controllers\Leads" loaded.
INFO - 2021-02-04 12:58:18 --> Fetching IIQA Details
INFO - 2021-02-04 12:58:18 --> Controller "App\Controllers\InstituteDetails" loaded.
INFO - 2021-02-04 12:58:18 --> Fetching IIQA Details
INFO - 2021-02-04 12:59:35 --> Controller "App\Controllers\Dashboards" loaded.
INFO - 2021-02-04 12:59:35 --> Fetching Dashboard details
INFO - 2021-02-04 13:00:17 --> Controller "App\Controllers\Dashboards" loaded.
INFO - 2021-02-04 13:00:17 --> Fetching Dashboard details
INFO - 2021-02-04 13:00:46 --> Controller "App\Controllers\Dashboards" loaded.
INFO - 2021-02-04 13:00:46 --> Fetching Dashboard details
INFO - 2021-02-04 13:00:49 --> Controller "App\Controllers\InstituteDetails" loaded.
INFO - 2021-02-04 13:00:49 --> Fetching IIQA Details
INFO - 2021-02-04 13:00:51 --> Controller "App\Controllers\Leads" loaded.
INFO - 2021-02-04 13:00:51 --> Fetching IIQA Details
INFO - 2021-02-04 13:00:51 --> Controller "App\Controllers\InstituteDetails" loaded.
INFO - 2021-02-04 13:00:51 --> Fetching IIQA Details
INFO - 2021-02-04 13:01:30 --> Controller "App\Controllers\Dashboards" loaded.
INFO - 2021-02-04 13:01:30 --> Fetching Dashboard details
INFO - 2021-02-04 13:02:28 --> Controller "App\Controllers\Dashboards" loaded.
INFO - 2021-02-04 13:02:28 --> Fetching Dashboard details
INFO - 2021-02-04 14:51:18 --> Controller "App\Controllers\Dashboards" loaded.
INFO - 2021-02-04 14:51:18 --> Fetching Dashboard details
INFO - 2021-02-04 14:51:20 --> Controller "App\Controllers\InstituteDetails" loaded.
INFO - 2021-02-04 14:51:20 --> Fetching IIQA Details
INFO - 2021-02-04 14:51:22 --> Controller "App\Controllers\Leads" loaded.
INFO - 2021-02-04 14:51:22 --> Fetching IIQA Details
INFO - 2021-02-04 14:51:22 --> Controller "App\Controllers\InstituteDetails" loaded.
INFO - 2021-02-04 14:51:22 --> Fetching IIQA Details
INFO - 2021-02-04 14:52:58 --> Controller "App\Controllers\Dashboards" loaded.
INFO - 2021-02-04 14:52:58 --> Fetching Dashboard details
INFO - 2021-02-04 15:02:12 --> Controller "App\Controllers\InstituteDetails" loaded.
INFO - 2021-02-04 15:02:12 --> Fetching IIQA Details
INFO - 2021-02-04 15:02:15 --> Controller "App\Controllers\Leads" loaded.
INFO - 2021-02-04 15:02:15 --> Fetching IIQA Details
INFO - 2021-02-04 15:02:16 --> Controller "App\Controllers\InstituteDetails" loaded.
INFO - 2021-02-04 15:02:16 --> Fetching IIQA Details
INFO - 2021-02-04 15:04:12 --> Controller "App\Controllers\Dashboards" loaded.
INFO - 2021-02-04 15:04:12 --> Fetching Dashboard details
INFO - 2021-02-04 15:04:56 --> Controller "App\Controllers\InstituteDetails" loaded.
INFO - 2021-02-04 15:04:56 --> Fetching IIQA Details
INFO - 2021-02-04 15:04:58 --> Controller "App\Controllers\Leads" loaded.
INFO - 2021-02-04 15:04:58 --> Fetching IIQA Details
INFO - 2021-02-04 15:04:58 --> Controller "App\Controllers\InstituteDetails" loaded.
INFO - 2021-02-04 15:04:58 --> Fetching IIQA Details
INFO - 2021-02-04 15:05:30 --> Controller "App\Controllers\Dashboards" loaded.
INFO - 2021-02-04 15:05:30 --> Fetching Dashboard details
INFO - 2021-02-04 15:06:01 --> Controller "App\Controllers\InstituteDetails" loaded.
INFO - 2021-02-04 15:06:01 --> Fetching IIQA Details
INFO - 2021-02-04 15:06:06 --> Controller "App\Controllers\Leads" loaded.
INFO - 2021-02-04 15:06:06 --> Fetching IIQA Details
INFO - 2021-02-04 15:06:06 --> Controller "App\Controllers\InstituteDetails" loaded.
INFO - 2021-02-04 15:06:06 --> Fetching IIQA Details
INFO - 2021-02-04 15:07:18 --> Controller "App\Controllers\Dashboards" loaded.
INFO - 2021-02-04 15:07:18 --> Fetching Dashboard details
INFO - 2021-02-04 15:08:36 --> Controller "App\Controllers\Dashboards" loaded.
INFO - 2021-02-04 15:08:36 --> Fetching Dashboard details
INFO - 2021-02-04 15:08:38 --> Controller "App\Controllers\InstituteDetails" loaded.
INFO - 2021-02-04 15:08:38 --> Fetching IIQA Details
INFO - 2021-02-04 15:08:40 --> Controller "App\Controllers\InstituteDetails" loaded.
INFO - 2021-02-04 15:08:40 --> Controller "App\Controllers\Leads" loaded.
INFO - 2021-02-04 15:08:40 --> Fetching IIQA Details
INFO - 2021-02-04 15:08:40 --> Fetching IIQA Details
INFO - 2021-02-04 15:11:07 --> Controller "App\Controllers\Dashboards" loaded.
INFO - 2021-02-04 15:11:07 --> Fetching Dashboard details
INFO - 2021-02-04 15:11:46 --> Controller "App\Controllers\InstituteDetails" loaded.
INFO - 2021-02-04 15:11:46 --> Fetching IIQA Details
INFO - 2021-02-04 15:11:49 --> Controller "App\Controllers\Leads" loaded.
INFO - 2021-02-04 15:11:49 --> Fetching IIQA Details
INFO - 2021-02-04 15:11:49 --> Controller "App\Controllers\InstituteDetails" loaded.
INFO - 2021-02-04 15:11:49 --> Fetching IIQA Details
INFO - 2021-02-04 15:12:15 --> Controller "App\Controllers\Dashboards" loaded.
INFO - 2021-02-04 15:12:15 --> Fetching Dashboard details
INFO - 2021-02-04 15:12:16 --> Controller "App\Controllers\InstituteDetails" loaded.
INFO - 2021-02-04 15:12:16 --> Fetching IIQA Details
INFO - 2021-02-04 15:12:18 --> Controller "App\Controllers\Leads" loaded.
INFO - 2021-02-04 15:12:18 --> Fetching IIQA Details
INFO - 2021-02-04 15:12:18 --> Controller "App\Controllers\InstituteDetails" loaded.
INFO - 2021-02-04 15:12:18 --> Fetching IIQA Details
INFO - 2021-02-04 15:14:03 --> Controller "App\Controllers\Dashboards" loaded.
INFO - 2021-02-04 15:14:03 --> Fetching Dashboard details
INFO - 2021-02-04 15:15:17 --> Controller "App\Controllers\InstituteDetails" loaded.
INFO - 2021-02-04 15:15:17 --> Fetching IIQA Details
INFO - 2021-02-04 15:15:21 --> Controller "App\Controllers\Leads" loaded.
INFO - 2021-02-04 15:15:21 --> Fetching IIQA Details
INFO - 2021-02-04 15:15:21 --> Controller "App\Controllers\InstituteDetails" loaded.
INFO - 2021-02-04 15:15:21 --> Fetching IIQA Details
INFO - 2021-02-04 15:17:22 --> Controller "App\Controllers\Dashboards" loaded.
INFO - 2021-02-04 15:17:22 --> Fetching Dashboard details
INFO - 2021-02-04 15:18:58 --> Controller "App\Controllers\InstituteDetails" loaded.
INFO - 2021-02-04 15:18:58 --> Fetching IIQA Details
INFO - 2021-02-04 15:19:01 --> Controller "App\Controllers\Leads" loaded.
INFO - 2021-02-04 15:19:01 --> Fetching IIQA Details
INFO - 2021-02-04 15:19:01 --> Controller "App\Controllers\InstituteDetails" loaded.
INFO - 2021-02-04 15:19:01 --> Fetching IIQA Details
INFO - 2021-02-04 15:19:10 --> Controller "App\Controllers\Dashboards" loaded.
INFO - 2021-02-04 15:19:10 --> Fetching Dashboard details
INFO - 2021-02-04 15:19:15 --> Controller "App\Controllers\InstituteDetails" loaded.
INFO - 2021-02-04 15:19:15 --> Fetching IIQA Details
INFO - 2021-02-04 15:19:18 --> Controller "App\Controllers\Leads" loaded.
INFO - 2021-02-04 15:19:18 --> Fetching IIQA Details
INFO - 2021-02-04 15:19:18 --> Controller "App\Controllers\InstituteDetails" loaded.
INFO - 2021-02-04 15:19:18 --> Fetching IIQA Details
INFO - 2021-02-04 15:20:35 --> Controller "App\Controllers\Dashboards" loaded.
INFO - 2021-02-04 15:20:35 --> Fetching Dashboard details
INFO - 2021-02-04 15:20:38 --> Controller "App\Controllers\InstituteDetails" loaded.
INFO - 2021-02-04 15:20:38 --> Fetching IIQA Details
INFO - 2021-02-04 15:20:43 --> Controller "App\Controllers\Leads" loaded.
INFO - 2021-02-04 15:20:43 --> Fetching IIQA Details
INFO - 2021-02-04 15:20:43 --> Controller "App\Controllers\InstituteDetails" loaded.
INFO - 2021-02-04 15:20:43 --> Fetching IIQA Details
INFO - 2021-02-04 15:22:35 --> Controller "App\Controllers\Dashboards" loaded.
INFO - 2021-02-04 15:22:35 --> Fetching Dashboard details
INFO - 2021-02-04 15:23:03 --> Controller "App\Controllers\Dashboards" loaded.
INFO - 2021-02-04 15:23:03 --> Fetching Dashboard details
INFO - 2021-02-04 15:23:20 --> Controller "App\Controllers\InstituteDetails" loaded.
INFO - 2021-02-04 15:23:20 --> Fetching IIQA Details
INFO - 2021-02-04 15:23:22 --> Controller "App\Controllers\Leads" loaded.
INFO - 2021-02-04 15:23:22 --> Fetching IIQA Details
INFO - 2021-02-04 15:23:22 --> Controller "App\Controllers\InstituteDetails" loaded.
INFO - 2021-02-04 15:23:22 --> Fetching IIQA Details
INFO - 2021-02-04 15:24:17 --> Controller "App\Controllers\Dashboards" loaded.
INFO - 2021-02-04 15:24:17 --> Fetching Dashboard details
INFO - 2021-02-04 15:24:45 --> Controller "App\Controllers\InstituteDetails" loaded.
INFO - 2021-02-04 15:24:45 --> Fetching IIQA Details
INFO - 2021-02-04 15:24:47 --> Controller "App\Controllers\Leads" loaded.
INFO - 2021-02-04 15:24:47 --> Fetching IIQA Details
INFO - 2021-02-04 15:24:47 --> Controller "App\Controllers\InstituteDetails" loaded.
INFO - 2021-02-04 15:24:47 --> Fetching IIQA Details
INFO - 2021-02-04 15:33:01 --> Controller "App\Controllers\PricingHistory" loaded.
INFO - 2021-02-04 15:33:01 --> Fetching IIQA Details
INFO - 2021-02-04 15:33:03 --> Controller "App\Controllers\UserMenu" loaded.
INFO - 2021-02-04 15:33:03 --> Controller "App\Controllers\UserMenu" loaded.
INFO - 2021-02-04 15:33:03 --> Fetching IIQA Details
INFO - 2021-02-04 15:33:03 --> Fetching IIQA Details
INFO - 2021-02-04 15:33:07 --> Controller "App\Controllers\Dashboards" loaded.
INFO - 2021-02-04 15:33:07 --> Fetching Dashboard details
INFO - 2021-02-04 15:33:07 --> Controller "App\Controllers\SchedulePlanner" loaded.
INFO - 2021-02-04 15:33:07 --> Fetching IIQA Details
INFO - 2021-02-04 15:33:40 --> Controller "App\Controllers\Dashboards" loaded.
INFO - 2021-02-04 15:33:40 --> Fetching Dashboard details
INFO - 2021-02-04 15:33:42 --> Controller "App\Controllers\InstituteDetails" loaded.
INFO - 2021-02-04 15:33:42 --> Fetching IIQA Details
INFO - 2021-02-04 15:33:44 --> Controller "App\Controllers\Leads" loaded.
INFO - 2021-02-04 15:33:44 --> Fetching IIQA Details
INFO - 2021-02-04 15:33:44 --> Controller "App\Controllers\InstituteDetails" loaded.
INFO - 2021-02-04 15:33:44 --> Fetching IIQA Details
INFO - 2021-02-04 15:52:48 --> Controller "App\Controllers\Dashboards" loaded.
INFO - 2021-02-04 15:52:48 --> Fetching Dashboard details
INFO - 2021-02-04 15:52:52 --> Controller "App\Controllers\InstituteDetails" loaded.
INFO - 2021-02-04 15:52:52 --> Fetching IIQA Details
INFO - 2021-02-04 15:52:54 --> Controller "App\Controllers\Leads" loaded.
INFO - 2021-02-04 15:52:54 --> Fetching IIQA Details
INFO - 2021-02-04 15:52:54 --> Controller "App\Controllers\InstituteDetails" loaded.
INFO - 2021-02-04 15:52:54 --> Fetching IIQA Details
INFO - 2021-02-04 15:55:00 --> Controller "App\Controllers\Dashboards" loaded.
INFO - 2021-02-04 15:55:00 --> Fetching Dashboard details
INFO - 2021-02-04 15:57:10 --> Controller "App\Controllers\InstituteDetails" loaded.
INFO - 2021-02-04 15:57:10 --> Fetching IIQA Details
INFO - 2021-02-04 15:57:12 --> Controller "App\Controllers\Leads" loaded.
INFO - 2021-02-04 15:57:12 --> Fetching IIQA Details
INFO - 2021-02-04 15:57:12 --> Controller "App\Controllers\InstituteDetails" loaded.
INFO - 2021-02-04 15:57:12 --> Fetching IIQA Details
INFO - 2021-02-04 15:57:17 --> Controller "App\Controllers\Dashboards" loaded.
INFO - 2021-02-04 15:57:17 --> Fetching Dashboard details
INFO - 2021-02-04 15:57:19 --> Controller "App\Controllers\InstituteDetails" loaded.
INFO - 2021-02-04 15:57:19 --> Fetching IIQA Details
INFO - 2021-02-04 15:57:21 --> Controller "App\Controllers\Leads" loaded.
INFO - 2021-02-04 15:57:21 --> Fetching IIQA Details
INFO - 2021-02-04 15:57:21 --> Controller "App\Controllers\InstituteDetails" loaded.
INFO - 2021-02-04 15:57:21 --> Fetching IIQA Details
INFO - 2021-02-04 16:17:57 --> Controller "App\Controllers\Dashboards" loaded.
INFO - 2021-02-04 16:17:57 --> Fetching Dashboard details
INFO - 2021-02-04 16:19:45 --> Controller "App\Controllers\InstituteDetails" loaded.
INFO - 2021-02-04 16:19:45 --> Fetching IIQA Details
INFO - 2021-02-04 16:19:52 --> Controller "App\Controllers\Leads" loaded.
INFO - 2021-02-04 16:19:52 --> Fetching IIQA Details
INFO - 2021-02-04 16:19:52 --> Controller "App\Controllers\InstituteDetails" loaded.
INFO - 2021-02-04 16:19:52 --> Fetching IIQA Details
INFO - 2021-02-04 16:21:41 --> Controller "App\Controllers\Dashboards" loaded.
INFO - 2021-02-04 16:21:41 --> Fetching Dashboard details
INFO - 2021-02-04 16:21:52 --> Controller "App\Controllers\InstituteDetails" loaded.
INFO - 2021-02-04 16:21:52 --> Fetching IIQA Details
INFO - 2021-02-04 16:21:56 --> Controller "App\Controllers\Leads" loaded.
INFO - 2021-02-04 16:21:56 --> Fetching IIQA Details
INFO - 2021-02-04 16:21:56 --> Controller "App\Controllers\InstituteDetails" loaded.
INFO - 2021-02-04 16:21:56 --> Fetching IIQA Details
INFO - 2021-02-04 16:23:53 --> Controller "App\Controllers\Dashboards" loaded.
INFO - 2021-02-04 16:23:53 --> Fetching Dashboard details
INFO - 2021-02-04 16:26:11 --> Controller "App\Controllers\InstituteDetails" loaded.
INFO - 2021-02-04 16:26:11 --> Fetching IIQA Details
INFO - 2021-02-04 16:26:13 --> Controller "App\Controllers\Leads" loaded.
INFO - 2021-02-04 16:26:13 --> Fetching IIQA Details
INFO - 2021-02-04 16:26:13 --> Controller "App\Controllers\InstituteDetails" loaded.
INFO - 2021-02-04 16:26:13 --> Fetching IIQA Details
INFO - 2021-02-04 16:31:48 --> Controller "App\Controllers\Users" loaded.
INFO - 2021-02-04 16:32:21 --> Controller "App\Controllers\Dashboards" loaded.
INFO - 2021-02-04 16:32:21 --> Fetching Dashboard details
INFO - 2021-02-04 16:32:21 --> Controller "App\Controllers\SchedulePlanner" loaded.
INFO - 2021-02-04 16:32:21 --> Fetching IIQA Details
INFO - 2021-02-04 16:32:24 --> Controller "App\Controllers\PricingHistory" loaded.
INFO - 2021-02-04 16:32:24 --> Fetching IIQA Details
INFO - 2021-02-04 16:32:24 --> Controller "App\Controllers\InstituteDetails" loaded.
INFO - 2021-02-04 16:32:24 --> Fetching IIQA Details
INFO - 2021-02-04 16:32:26 --> Controller "App\Controllers\PricingDetails" loaded.
INFO - 2021-02-04 16:32:26 --> Fetching IIQA Details
INFO - 2021-02-04 16:32:26 --> Controller "App\Controllers\PricingDetails" loaded.
INFO - 2021-02-04 16:32:26 --> Fetching IIQA Details
INFO - 2021-02-04 16:32:40 --> Controller "App\Controllers\PricingHistory" loaded.
INFO - 2021-02-04 16:32:40 --> Fetching IIQA Details
INFO - 2021-02-04 16:32:49 --> Controller "App\Controllers\Dashboards" loaded.
INFO - 2021-02-04 16:32:49 --> Controller "App\Controllers\SchedulePlanner" loaded.
INFO - 2021-02-04 16:32:49 --> Fetching Dashboard details
INFO - 2021-02-04 16:32:49 --> Fetching IIQA Details
INFO - 2021-02-04 16:32:51 --> Controller "App\Controllers\PricingHistory" loaded.
INFO - 2021-02-04 16:32:51 --> Fetching IIQA Details
INFO - 2021-02-04 16:32:51 --> Controller "App\Controllers\InstituteDetails" loaded.
INFO - 2021-02-04 16:32:51 --> Fetching IIQA Details
INFO - 2021-02-04 16:32:51 --> Controller "App\Controllers\PricingDetails" loaded.
INFO - 2021-02-04 16:32:51 --> Fetching IIQA Details
INFO - 2021-02-04 16:32:51 --> Controller "App\Controllers\PricingDetails" loaded.
INFO - 2021-02-04 16:32:51 --> Fetching IIQA Details
INFO - 2021-02-04 16:33:07 --> Controller "App\Controllers\InstitutePricingHistory" loaded.
INFO - 2021-02-04 16:33:07 --> Fetching IIQA Details
INFO - 2021-02-04 16:33:10 --> Controller "App\Controllers\InstitutePricingDetails" loaded.
INFO - 2021-02-04 16:33:10 --> Fetching IIQA Details
INFO - 2021-02-04 16:36:08 --> Controller "App\Controllers\InstituteDetails" loaded.
INFO - 2021-02-04 16:36:08 --> Fetching IIQA Details
INFO - 2021-02-04 16:36:10 --> Controller "App\Controllers\Leads" loaded.
INFO - 2021-02-04 16:36:10 --> Fetching IIQA Details
INFO - 2021-02-04 16:36:10 --> Controller "App\Controllers\InstituteDetails" loaded.
INFO - 2021-02-04 16:36:10 --> Fetching IIQA Details
INFO - 2021-02-04 16:36:36 --> Controller "App\Controllers\PricingHistory" loaded.
INFO - 2021-02-04 16:36:36 --> Fetching IIQA Details
INFO - 2021-02-04 16:36:36 --> Controller "App\Controllers\InstituteDetails" loaded.
INFO - 2021-02-04 16:36:36 --> Fetching IIQA Details
INFO - 2021-02-04 16:36:36 --> Controller "App\Controllers\PricingDetails" loaded.
INFO - 2021-02-04 16:36:36 --> Fetching IIQA Details
INFO - 2021-02-04 16:36:36 --> Controller "App\Controllers\PricingDetails" loaded.
INFO - 2021-02-04 16:36:36 --> Fetching IIQA Details
INFO - 2021-02-04 16:41:56 --> Controller "App\Controllers\Dashboards" loaded.
INFO - 2021-02-04 16:41:56 --> Fetching Dashboard details
INFO - 2021-02-04 16:42:40 --> Controller "App\Controllers\PricingHistory" loaded.
INFO - 2021-02-04 16:42:40 --> Fetching IIQA Details
INFO - 2021-02-04 16:42:55 --> Controller "App\Controllers\PricingDetails" loaded.
INFO - 2021-02-04 16:42:55 --> Fetching IIQA Details
INFO - 2021-02-04 16:42:55 --> Controller "App\Controllers\PricingDetails" loaded.
INFO - 2021-02-04 16:42:55 --> Fetching IIQA Details
INFO - 2021-02-04 16:44:02 --> Controller "App\Controllers\InstituteDetails" loaded.
INFO - 2021-02-04 16:44:02 --> Fetching IIQA Details
INFO - 2021-02-04 16:44:04 --> Controller "App\Controllers\Leads" loaded.
INFO - 2021-02-04 16:44:04 --> Fetching IIQA Details
INFO - 2021-02-04 16:44:04 --> Controller "App\Controllers\InstituteDetails" loaded.
INFO - 2021-02-04 16:44:04 --> Fetching IIQA Details
INFO - 2021-02-04 16:46:21 --> Controller "App\Controllers\Dashboards" loaded.
INFO - 2021-02-04 16:46:21 --> Fetching Dashboard details
INFO - 2021-02-04 16:46:32 --> Controller "App\Controllers\InstituteDetails" loaded.
INFO - 2021-02-04 16:46:32 --> Fetching IIQA Details
INFO - 2021-02-04 16:46:34 --> Controller "App\Controllers\Leads" loaded.
INFO - 2021-02-04 16:46:34 --> Fetching IIQA Details
INFO - 2021-02-04 16:46:35 --> Controller "App\Controllers\InstituteDetails" loaded.
INFO - 2021-02-04 16:46:35 --> Fetching IIQA Details
INFO - 2021-02-04 16:47:25 --> Controller "App\Controllers\Dashboards" loaded.
INFO - 2021-02-04 16:47:25 --> Fetching Dashboard details
INFO - 2021-02-04 16:47:48 --> Controller "App\Controllers\InstituteDetails" loaded.
INFO - 2021-02-04 16:47:48 --> Fetching IIQA Details
INFO - 2021-02-04 16:48:53 --> Controller "App\Controllers\Dashboards" loaded.
INFO - 2021-02-04 16:48:53 --> Fetching Dashboard details
INFO - 2021-02-04 16:51:40 --> Controller "App\Controllers\PricingHistory" loaded.
INFO - 2021-02-04 16:51:40 --> Controller "App\Controllers\InstituteDetails" loaded.
INFO - 2021-02-04 16:51:40 --> Fetching IIQA Details
INFO - 2021-02-04 16:51:40 --> Fetching IIQA Details
INFO - 2021-02-04 16:51:40 --> Controller "App\Controllers\PricingDetails" loaded.
INFO - 2021-02-04 16:51:40 --> Fetching IIQA Details
INFO - 2021-02-04 16:51:40 --> Controller "App\Controllers\PricingDetails" loaded.
INFO - 2021-02-04 16:51:40 --> Fetching IIQA Details
INFO - 2021-02-04 16:52:59 --> Controller "App\Controllers\InstitutePricingHistory" loaded.
INFO - 2021-02-04 16:52:59 --> Fetching IIQA Details
INFO - 2021-02-04 16:53:01 --> Controller "App\Controllers\InstitutePricingDetails" loaded.
INFO - 2021-02-04 16:53:01 --> Fetching IIQA Details
INFO - 2021-02-04 16:53:15 --> Controller "App\Controllers\Dashboards" loaded.
INFO - 2021-02-04 16:53:15 --> Fetching Dashboard details
INFO - 2021-02-04 16:53:16 --> Controller "App\Controllers\InstituteDetails" loaded.
INFO - 2021-02-04 16:53:16 --> Fetching IIQA Details
INFO - 2021-02-04 16:53:18 --> Controller "App\Controllers\Leads" loaded.
INFO - 2021-02-04 16:53:18 --> Fetching IIQA Details
INFO - 2021-02-04 16:53:18 --> Controller "App\Controllers\InstituteDetails" loaded.
INFO - 2021-02-04 16:53:18 --> Fetching IIQA Details
INFO - 2021-02-04 16:53:23 --> Controller "App\Controllers\PricingHistory" loaded.
INFO - 2021-02-04 16:53:23 --> Fetching IIQA Details
INFO - 2021-02-04 16:53:29 --> Controller "App\Controllers\PricingDetails" loaded.
INFO - 2021-02-04 16:53:29 --> Controller "App\Controllers\PricingDetails" loaded.
INFO - 2021-02-04 16:53:29 --> Fetching IIQA Details
INFO - 2021-02-04 16:53:29 --> Fetching IIQA Details
INFO - 2021-02-04 16:57:26 --> Controller "App\Controllers\Dashboards" loaded.
INFO - 2021-02-04 16:57:26 --> Fetching Dashboard details
INFO - 2021-02-04 16:57:30 --> Controller "App\Controllers\InstituteDetails" loaded.
INFO - 2021-02-04 16:57:30 --> Fetching IIQA Details
INFO - 2021-02-04 16:57:33 --> Controller "App\Controllers\Leads" loaded.
INFO - 2021-02-04 16:57:33 --> Fetching IIQA Details
INFO - 2021-02-04 16:57:33 --> Controller "App\Controllers\InstituteDetails" loaded.
INFO - 2021-02-04 16:57:33 --> Fetching IIQA Details
INFO - 2021-02-04 16:58:00 --> Controller "App\Controllers\Dashboards" loaded.
INFO - 2021-02-04 16:58:00 --> Fetching Dashboard details
INFO - 2021-02-04 16:58:02 --> Controller "App\Controllers\InstituteDetails" loaded.
INFO - 2021-02-04 16:58:02 --> Fetching IIQA Details
INFO - 2021-02-04 16:58:40 --> Controller "App\Controllers\Leads" loaded.
INFO - 2021-02-04 16:58:40 --> Fetching IIQA Details
INFO - 2021-02-04 16:58:40 --> Controller "App\Controllers\InstituteDetails" loaded.
INFO - 2021-02-04 16:58:40 --> Fetching IIQA Details
INFO - 2021-02-04 16:59:14 --> Controller "App\Controllers\InstituteDetails" loaded.
INFO - 2021-02-04 16:59:14 --> Fetching IIQA Details
INFO - 2021-02-04 16:59:14 --> Controller "App\Controllers\Leads" loaded.
INFO - 2021-02-04 16:59:14 --> Fetching IIQA Details
INFO - 2021-02-04 16:59:36 --> Controller "App\Controllers\InstituteDetails" loaded.
INFO - 2021-02-04 16:59:36 --> Fetching IIQA Details
INFO - 2021-02-04 17:00:12 --> Controller "App\Controllers\InstituteDetails" loaded.
INFO - 2021-02-04 17:00:12 --> Fetching IIQA Details
INFO - 2021-02-04 17:00:14 --> Controller "App\Controllers\Leads" loaded.
INFO - 2021-02-04 17:00:14 --> Fetching IIQA Details
INFO - 2021-02-04 17:00:14 --> Controller "App\Controllers\InstituteDetails" loaded.
INFO - 2021-02-04 17:00:14 --> Fetching IIQA Details
INFO - 2021-02-04 17:02:37 --> Controller "App\Controllers\Dashboards" loaded.
INFO - 2021-02-04 17:02:37 --> Fetching Dashboard details
INFO - 2021-02-04 17:03:02 --> Controller "App\Controllers\InstituteDetails" loaded.
INFO - 2021-02-04 17:03:02 --> Fetching IIQA Details
INFO - 2021-02-04 17:03:04 --> Controller "App\Controllers\Leads" loaded.
INFO - 2021-02-04 17:03:04 --> Fetching IIQA Details
INFO - 2021-02-04 17:03:04 --> Controller "App\Controllers\InstituteDetails" loaded.
INFO - 2021-02-04 17:03:04 --> Fetching IIQA Details
INFO - 2021-02-04 17:04:41 --> Controller "App\Controllers\Dashboards" loaded.
INFO - 2021-02-04 17:04:41 --> Fetching Dashboard details
INFO - 2021-02-04 17:04:44 --> Controller "App\Controllers\InstituteDetails" loaded.
INFO - 2021-02-04 17:04:44 --> Fetching IIQA Details
INFO - 2021-02-04 17:04:46 --> Controller "App\Controllers\Leads" loaded.
INFO - 2021-02-04 17:04:46 --> Fetching IIQA Details
INFO - 2021-02-04 17:04:46 --> Controller "App\Controllers\InstituteDetails" loaded.
INFO - 2021-02-04 17:04:46 --> Fetching IIQA Details
INFO - 2021-02-04 17:18:21 --> Controller "App\Controllers\Dashboards" loaded.
INFO - 2021-02-04 17:18:21 --> Controller "App\Controllers\SchedulePlanner" loaded.
INFO - 2021-02-04 17:18:21 --> Fetching IIQA Details
INFO - 2021-02-04 17:18:21 --> Fetching Dashboard details
INFO - 2021-02-04 17:18:26 --> Controller "App\Controllers\PricingHistory" loaded.
INFO - 2021-02-04 17:18:26 --> Controller "App\Controllers\InstituteDetails" loaded.
INFO - 2021-02-04 17:18:26 --> Fetching IIQA Details
INFO - 2021-02-04 17:18:26 --> Fetching IIQA Details
INFO - 2021-02-04 17:18:27 --> Controller "App\Controllers\PricingDetails" loaded.
INFO - 2021-02-04 17:18:27 --> Fetching IIQA Details
INFO - 2021-02-04 17:18:27 --> Controller "App\Controllers\PricingDetails" loaded.
INFO - 2021-02-04 17:18:27 --> Fetching IIQA Details
INFO - 2021-02-04 17:18:33 --> Controller "App\Controllers\InstitutePricingHistory" loaded.
INFO - 2021-02-04 17:18:33 --> Fetching IIQA Details
INFO - 2021-02-04 17:18:34 --> Controller "App\Controllers\InstitutePricingDetails" loaded.
INFO - 2021-02-04 17:18:34 --> Fetching IIQA Details
INFO - 2021-02-04 17:18:36 --> Controller "App\Controllers\InstitutePricingHistory" loaded.
INFO - 2021-02-04 17:18:36 --> Fetching IIQA Details
INFO - 2021-02-04 17:18:48 --> Controller "App\Controllers\Dashboards" loaded.
INFO - 2021-02-04 17:18:48 --> Fetching Dashboard details
INFO - 2021-02-04 17:19:34 --> Controller "App\Controllers\Leads" loaded.
INFO - 2021-02-04 17:19:34 --> Fetching IIQA Details
ERROR - 2021-02-04 17:19:34 --> Table 'egenius_salesdiary.lead_institute_contact_person' doesn't exist
INFO - 2021-02-04 17:19:49 --> Controller "App\Controllers\InstituteDetails" loaded.
INFO - 2021-02-04 17:19:49 --> Fetching IIQA Details
INFO - 2021-02-04 17:20:16 --> Controller "App\Controllers\InstituteDetails" loaded.
INFO - 2021-02-04 17:20:16 --> Fetching IIQA Details
INFO - 2021-02-04 17:20:20 --> Controller "App\Controllers\InstituteDetails" loaded.
INFO - 2021-02-04 17:20:20 --> Fetching IIQA Details
INFO - 2021-02-04 17:20:21 --> Controller "App\Controllers\InstituteDetails" loaded.
INFO - 2021-02-04 17:20:21 --> Fetching IIQA Details
INFO - 2021-02-04 17:20:28 --> Controller "App\Controllers\SchedulePlanner" loaded.
INFO - 2021-02-04 17:20:28 --> Fetching IIQA Details
INFO - 2021-02-04 17:20:28 --> Controller "App\Controllers\Dashboards" loaded.
INFO - 2021-02-04 17:20:28 --> Fetching Dashboard details
INFO - 2021-02-04 17:20:30 --> Controller "App\Controllers\PricingHistory" loaded.
INFO - 2021-02-04 17:20:30 --> Fetching IIQA Details
INFO - 2021-02-04 17:20:30 --> Controller "App\Controllers\InstituteDetails" loaded.
INFO - 2021-02-04 17:20:30 --> Fetching IIQA Details
INFO - 2021-02-04 17:20:30 --> Controller "App\Controllers\PricingDetails" loaded.
INFO - 2021-02-04 17:20:30 --> Fetching IIQA Details
INFO - 2021-02-04 17:20:30 --> Controller "App\Controllers\PricingDetails" loaded.
INFO - 2021-02-04 17:20:30 --> Fetching IIQA Details
INFO - 2021-02-04 17:20:38 --> Controller "App\Controllers\InstitutePricingHistory" loaded.
INFO - 2021-02-04 17:20:38 --> Fetching IIQA Details
INFO - 2021-02-04 17:35:36 --> Controller "App\Controllers\Dashboards" loaded.
INFO - 2021-02-04 17:35:36 --> Fetching Dashboard details
INFO - 2021-02-04 17:36:22 --> Controller "App\Controllers\InstituteDetails" loaded.
INFO - 2021-02-04 17:36:22 --> Fetching IIQA Details
INFO - 2021-02-04 17:36:25 --> Controller "App\Controllers\Leads" loaded.
INFO - 2021-02-04 17:36:25 --> Fetching IIQA Details
INFO - 2021-02-04 17:36:25 --> Controller "App\Controllers\InstituteDetails" loaded.
INFO - 2021-02-04 17:36:25 --> Fetching IIQA Details
INFO - 2021-02-04 17:38:38 --> Controller "App\Controllers\Dashboards" loaded.
INFO - 2021-02-04 17:38:38 --> Fetching Dashboard details
INFO - 2021-02-04 17:39:43 --> Controller "App\Controllers\InstituteDetails" loaded.
INFO - 2021-02-04 17:39:43 --> Fetching IIQA Details
INFO - 2021-02-04 17:39:45 --> Controller "App\Controllers\Leads" loaded.
INFO - 2021-02-04 17:39:45 --> Fetching IIQA Details
INFO - 2021-02-04 17:39:45 --> Controller "App\Controllers\InstituteDetails" loaded.
INFO - 2021-02-04 17:39:45 --> Fetching IIQA Details
INFO - 2021-02-04 17:41:11 --> Controller "App\Controllers\Dashboards" loaded.
INFO - 2021-02-04 17:41:11 --> Fetching Dashboard details
INFO - 2021-02-04 17:41:32 --> Controller "App\Controllers\InstituteDetails" loaded.
INFO - 2021-02-04 17:41:32 --> Fetching IIQA Details
INFO - 2021-02-04 17:41:33 --> Controller "App\Controllers\Leads" loaded.
INFO - 2021-02-04 17:41:33 --> Fetching IIQA Details
INFO - 2021-02-04 17:41:33 --> Controller "App\Controllers\InstituteDetails" loaded.
INFO - 2021-02-04 17:41:33 --> Fetching IIQA Details
INFO - 2021-02-04 17:42:31 --> Controller "App\Controllers\Dashboards" loaded.
INFO - 2021-02-04 17:42:31 --> Fetching Dashboard details
INFO - 2021-02-04 17:42:34 --> Controller "App\Controllers\InstituteDetails" loaded.
INFO - 2021-02-04 17:42:34 --> Fetching IIQA Details
INFO - 2021-02-04 17:42:37 --> Controller "App\Controllers\Leads" loaded.
INFO - 2021-02-04 17:42:37 --> Fetching IIQA Details
INFO - 2021-02-04 17:42:37 --> Controller "App\Controllers\InstituteDetails" loaded.
INFO - 2021-02-04 17:42:37 --> Fetching IIQA Details
INFO - 2021-02-04 17:48:54 --> Controller "App\Controllers\Dashboards" loaded.
INFO - 2021-02-04 17:48:54 --> Fetching Dashboard details
INFO - 2021-02-04 17:48:58 --> Controller "App\Controllers\InstituteDetails" loaded.
INFO - 2021-02-04 17:48:58 --> Fetching IIQA Details
INFO - 2021-02-04 17:49:01 --> Controller "App\Controllers\Leads" loaded.
INFO - 2021-02-04 17:49:01 --> Fetching IIQA Details
INFO - 2021-02-04 17:49:01 --> Controller "App\Controllers\InstituteDetails" loaded.
INFO - 2021-02-04 17:49:01 --> Fetching IIQA Details
INFO - 2021-02-04 17:49:46 --> Controller "App\Controllers\Dashboards" loaded.
INFO - 2021-02-04 17:49:46 --> Fetching Dashboard details
INFO - 2021-02-04 17:53:23 --> Controller "App\Controllers\Dashboards" loaded.
INFO - 2021-02-04 17:53:23 --> Fetching Dashboard details
INFO - 2021-02-04 17:53:27 --> Controller "App\Controllers\Dashboards" loaded.
INFO - 2021-02-04 17:53:27 --> Fetching Dashboard details
INFO - 2021-02-04 17:53:27 --> Controller "App\Controllers\SchedulePlanner" loaded.
INFO - 2021-02-04 17:53:27 --> Fetching IIQA Details
INFO - 2021-02-04 17:53:29 --> Controller "App\Controllers\SchedulePlanner" loaded.
INFO - 2021-02-04 17:53:29 --> Fetching IIQA Details
INFO - 2021-02-04 17:53:29 --> Controller "App\Controllers\InstituteDetails" loaded.
INFO - 2021-02-04 17:53:29 --> Fetching IIQA Details
INFO - 2021-02-04 17:53:37 --> Controller "App\Controllers\SchedulePlanner" loaded.
INFO - 2021-02-04 17:53:37 --> Fetching IIQA Details
INFO - 2021-02-04 17:53:37 --> Controller "App\Controllers\InstituteDetails" loaded.
INFO - 2021-02-04 17:53:37 --> Fetching IIQA Details
INFO - 2021-02-04 17:53:40 --> Controller "App\Controllers\InstituteDetails" loaded.
INFO - 2021-02-04 17:53:40 --> Controller "App\Controllers\SchedulePlanner" loaded.
INFO - 2021-02-04 17:53:40 --> Fetching IIQA Details
INFO - 2021-02-04 17:53:40 --> Fetching IIQA Details
INFO - 2021-02-04 17:53:40 --> Controller "App\Controllers\EmployeeDetails" loaded.
INFO - 2021-02-04 17:53:40 --> Fetching IIQA Details
INFO - 2021-02-04 17:53:40 --> Controller "App\Controllers\Status" loaded.
INFO - 2021-02-04 17:53:40 --> Fetching IIQA Details
INFO - 2021-02-04 17:56:46 --> Controller "App\Controllers\Dashboards" loaded.
INFO - 2021-02-04 17:56:46 --> Fetching Dashboard details
INFO - 2021-02-04 17:56:46 --> Controller "App\Controllers\SchedulePlanner" loaded.
INFO - 2021-02-04 17:56:46 --> Fetching IIQA Details
INFO - 2021-02-04 17:57:40 --> Controller "App\Controllers\Dashboards" loaded.
INFO - 2021-02-04 17:57:40 --> Fetching Dashboard details
INFO - 2021-02-04 17:57:45 --> Controller "App\Controllers\InstituteDetails" loaded.
INFO - 2021-02-04 17:57:45 --> Fetching IIQA Details
INFO - 2021-02-04 17:57:48 --> Controller "App\Controllers\Leads" loaded.
INFO - 2021-02-04 17:57:48 --> Fetching IIQA Details
INFO - 2021-02-04 17:57:48 --> Controller "App\Controllers\InstituteDetails" loaded.
INFO - 2021-02-04 17:57:49 --> Fetching IIQA Details
INFO - 2021-02-04 18:00:36 --> Controller "App\Controllers\Dashboards" loaded.
INFO - 2021-02-04 18:00:36 --> Fetching Dashboard details
INFO - 2021-02-04 18:00:46 --> Controller "App\Controllers\InstituteDetails" loaded.
INFO - 2021-02-04 18:00:46 --> Fetching IIQA Details
INFO - 2021-02-04 18:00:52 --> Controller "App\Controllers\InstituteDetails" loaded.
INFO - 2021-02-04 18:00:52 --> Controller "App\Controllers\Leads" loaded.
INFO - 2021-02-04 18:00:52 --> Fetching IIQA Details
INFO - 2021-02-04 18:00:52 --> Fetching IIQA Details
INFO - 2021-02-04 18:01:47 --> Controller "App\Controllers\Dashboards" loaded.
INFO - 2021-02-04 18:01:47 --> Fetching Dashboard details
INFO - 2021-02-04 18:02:02 --> Controller "App\Controllers\Dashboards" loaded.
INFO - 2021-02-04 18:02:02 --> Fetching Dashboard details
INFO - 2021-02-04 18:02:05 --> Controller "App\Controllers\InstituteDetails" loaded.
INFO - 2021-02-04 18:02:05 --> Fetching IIQA Details
INFO - 2021-02-04 18:02:07 --> Controller "App\Controllers\Leads" loaded.
INFO - 2021-02-04 18:02:07 --> Fetching IIQA Details
INFO - 2021-02-04 18:02:07 --> Controller "App\Controllers\InstituteDetails" loaded.
INFO - 2021-02-04 18:02:07 --> Fetching IIQA Details
INFO - 2021-02-04 18:02:48 --> Controller "App\Controllers\Dashboards" loaded.
INFO - 2021-02-04 18:02:48 --> Fetching Dashboard details
INFO - 2021-02-04 18:03:13 --> Controller "App\Controllers\Dashboards" loaded.
INFO - 2021-02-04 18:03:13 --> Fetching Dashboard details
INFO - 2021-02-04 18:03:27 --> Controller "App\Controllers\InstituteDetails" loaded.
INFO - 2021-02-04 18:03:27 --> Fetching IIQA Details
INFO - 2021-02-04 18:03:31 --> Controller "App\Controllers\Leads" loaded.
INFO - 2021-02-04 18:03:31 --> Fetching IIQA Details
INFO - 2021-02-04 18:03:31 --> Controller "App\Controllers\InstituteDetails" loaded.
INFO - 2021-02-04 18:03:31 --> Fetching IIQA Details
INFO - 2021-02-04 18:06:11 --> Controller "App\Controllers\Dashboards" loaded.
INFO - 2021-02-04 18:06:11 --> Fetching Dashboard details
INFO - 2021-02-04 18:06:41 --> Controller "App\Controllers\InstituteDetails" loaded.
INFO - 2021-02-04 18:06:41 --> Fetching IIQA Details
INFO - 2021-02-04 18:06:45 --> Controller "App\Controllers\Leads" loaded.
INFO - 2021-02-04 18:06:45 --> Fetching IIQA Details
INFO - 2021-02-04 18:06:45 --> Controller "App\Controllers\InstituteDetails" loaded.
INFO - 2021-02-04 18:06:45 --> Fetching IIQA Details
INFO - 2021-02-04 18:07:36 --> Controller "App\Controllers\Dashboards" loaded.
INFO - 2021-02-04 18:07:36 --> Fetching Dashboard details
INFO - 2021-02-04 18:07:39 --> Controller "App\Controllers\InstituteDetails" loaded.
INFO - 2021-02-04 18:07:39 --> Fetching IIQA Details
INFO - 2021-02-04 18:07:41 --> Controller "App\Controllers\Leads" loaded.
INFO - 2021-02-04 18:07:41 --> Fetching IIQA Details
INFO - 2021-02-04 18:07:41 --> Controller "App\Controllers\InstituteDetails" loaded.
INFO - 2021-02-04 18:07:41 --> Fetching IIQA Details
INFO - 2021-02-04 18:09:04 --> Controller "App\Controllers\Dashboards" loaded.
INFO - 2021-02-04 18:09:04 --> Fetching Dashboard details
INFO - 2021-02-04 18:09:39 --> Controller "App\Controllers\Dashboards" loaded.
INFO - 2021-02-04 18:09:39 --> Fetching Dashboard details
INFO - 2021-02-04 18:09:42 --> Controller "App\Controllers\InstituteDetails" loaded.
INFO - 2021-02-04 18:09:42 --> Fetching IIQA Details
INFO - 2021-02-04 18:09:44 --> Controller "App\Controllers\Leads" loaded.
INFO - 2021-02-04 18:09:44 --> Fetching IIQA Details
INFO - 2021-02-04 18:09:44 --> Controller "App\Controllers\InstituteDetails" loaded.
INFO - 2021-02-04 18:09:44 --> Fetching IIQA Details
INFO - 2021-02-04 18:10:12 --> Controller "App\Controllers\Dashboards" loaded.
INFO - 2021-02-04 18:10:12 --> Fetching Dashboard details
INFO - 2021-02-04 18:10:14 --> Controller "App\Controllers\InstituteDetails" loaded.
INFO - 2021-02-04 18:10:14 --> Fetching IIQA Details
INFO - 2021-02-04 18:10:16 --> Controller "App\Controllers\Leads" loaded.
INFO - 2021-02-04 18:10:16 --> Fetching IIQA Details
INFO - 2021-02-04 18:10:16 --> Controller "App\Controllers\InstituteDetails" loaded.
INFO - 2021-02-04 18:10:16 --> Fetching IIQA Details
INFO - 2021-02-04 18:12:35 --> Controller "App\Controllers\Dashboards" loaded.
INFO - 2021-02-04 18:12:35 --> Fetching Dashboard details
INFO - 2021-02-04 18:12:40 --> Controller "App\Controllers\InstituteDetails" loaded.
INFO - 2021-02-04 18:12:40 --> Fetching IIQA Details
INFO - 2021-02-04 18:12:45 --> Controller "App\Controllers\Leads" loaded.
INFO - 2021-02-04 18:12:45 --> Fetching IIQA Details
INFO - 2021-02-04 18:12:45 --> Controller "App\Controllers\InstituteDetails" loaded.
INFO - 2021-02-04 18:12:45 --> Fetching IIQA Details
INFO - 2021-02-04 18:14:16 --> Controller "App\Controllers\Dashboards" loaded.
INFO - 2021-02-04 18:14:16 --> Fetching Dashboard details
INFO - 2021-02-04 18:14:19 --> Controller "App\Controllers\InstituteDetails" loaded.
INFO - 2021-02-04 18:14:19 --> Fetching IIQA Details
INFO - 2021-02-04 18:14:21 --> Controller "App\Controllers\Leads" loaded.
INFO - 2021-02-04 18:14:21 --> Fetching IIQA Details
INFO - 2021-02-04 18:14:21 --> Controller "App\Controllers\InstituteDetails" loaded.
INFO - 2021-02-04 18:14:21 --> Fetching IIQA Details
INFO - 2021-02-04 18:18:34 --> Controller "App\Controllers\Dashboards" loaded.
INFO - 2021-02-04 18:18:34 --> Fetching Dashboard details
INFO - 2021-02-04 18:18:38 --> Controller "App\Controllers\InstituteDetails" loaded.
INFO - 2021-02-04 18:18:38 --> Fetching IIQA Details
INFO - 2021-02-04 18:18:40 --> Controller "App\Controllers\Leads" loaded.
INFO - 2021-02-04 18:18:40 --> Fetching IIQA Details
INFO - 2021-02-04 18:18:40 --> Controller "App\Controllers\InstituteDetails" loaded.
INFO - 2021-02-04 18:18:40 --> Fetching IIQA Details
INFO - 2021-02-04 18:19:56 --> Controller "App\Controllers\Dashboards" loaded.
INFO - 2021-02-04 18:19:56 --> Fetching Dashboard details
INFO - 2021-02-04 18:21:57 --> Controller "App\Controllers\Dashboards" loaded.
INFO - 2021-02-04 18:21:57 --> Fetching Dashboard details
INFO - 2021-02-04 18:57:13 --> Controller "App\Controllers\Dashboards" loaded.
INFO - 2021-02-04 18:57:13 --> Fetching Dashboard details
INFO - 2021-02-04 19:01:04 --> Controller "App\Controllers\InstituteDetails" loaded.
INFO - 2021-02-04 19:01:04 --> Fetching IIQA Details
INFO - 2021-02-04 19:01:08 --> Controller "App\Controllers\Leads" loaded.
INFO - 2021-02-04 19:01:08 --> Fetching IIQA Details
INFO - 2021-02-04 19:01:08 --> Controller "App\Controllers\InstituteDetails" loaded.
INFO - 2021-02-04 19:01:08 --> Fetching IIQA Details
INFO - 2021-02-04 19:01:53 --> Controller "App\Controllers\SchedulePlanner" loaded.
INFO - 2021-02-04 19:01:53 --> Fetching IIQA Details
INFO - 2021-02-04 19:02:03 --> Controller "App\Controllers\InstitutePricingHistory" loaded.
INFO - 2021-02-04 19:02:03 --> Fetching IIQA Details
INFO - 2021-02-04 19:02:13 --> Controller "App\Controllers\Dashboards" loaded.
INFO - 2021-02-04 19:02:13 --> Fetching Dashboard details
INFO - 2021-02-04 19:02:13 --> Controller "App\Controllers\SchedulePlanner" loaded.
INFO - 2021-02-04 19:02:13 --> Fetching IIQA Details
INFO - 2021-02-04 19:02:15 --> Controller "App\Controllers\SchedulePlanner" loaded.
INFO - 2021-02-04 19:02:15 --> Fetching IIQA Details
INFO - 2021-02-04 19:02:15 --> Controller "App\Controllers\InstituteDetails" loaded.
INFO - 2021-02-04 19:02:15 --> Fetching IIQA Details
INFO - 2021-02-04 19:02:21 --> Controller "App\Controllers\PricingHistory" loaded.
INFO - 2021-02-04 19:02:21 --> Fetching IIQA Details
INFO - 2021-02-04 19:02:23 --> Controller "App\Controllers\UserMenu" loaded.
INFO - 2021-02-04 19:02:23 --> Fetching IIQA Details
INFO - 2021-02-04 19:02:23 --> Controller "App\Controllers\UserMenu" loaded.
INFO - 2021-02-04 19:02:23 --> Fetching IIQA Details
INFO - 2021-02-04 19:02:25 --> Controller "App\Controllers\UserMenu" loaded.
INFO - 2021-02-04 19:02:25 --> Controller "App\Controllers\UserMenu" loaded.
INFO - 2021-02-04 19:02:25 --> Fetching IIQA Details
INFO - 2021-02-04 19:02:25 --> Fetching IIQA Details
INFO - 2021-02-04 19:02:31 --> Controller "App\Controllers\UserMenu" loaded.
INFO - 2021-02-04 19:02:31 --> Fetching IIQA Details
INFO - 2021-02-04 19:02:31 --> Controller "App\Controllers\UserMenu" loaded.
INFO - 2021-02-04 19:02:31 --> Fetching IIQA Details
INFO - 2021-02-04 19:02:59 --> Controller "App\Controllers\Dashboards" loaded.
INFO - 2021-02-04 19:02:59 --> Fetching Dashboard details
INFO - 2021-02-04 19:03:01 --> Controller "App\Controllers\InstituteDetails" loaded.
INFO - 2021-02-04 19:03:01 --> Fetching IIQA Details
INFO - 2021-02-04 19:03:03 --> Controller "App\Controllers\Leads" loaded.
INFO - 2021-02-04 19:03:03 --> Fetching IIQA Details
INFO - 2021-02-04 19:03:03 --> Controller "App\Controllers\InstituteDetails" loaded.
INFO - 2021-02-04 19:03:03 --> Fetching IIQA Details
INFO - 2021-02-04 19:04:55 --> Controller "App\Controllers\Dashboards" loaded.
INFO - 2021-02-04 19:04:55 --> Fetching Dashboard details
INFO - 2021-02-04 19:04:57 --> Controller "App\Controllers\InstituteDetails" loaded.
INFO - 2021-02-04 19:04:57 --> Fetching IIQA Details
INFO - 2021-02-04 19:04:59 --> Controller "App\Controllers\Leads" loaded.
INFO - 2021-02-04 19:04:59 --> Fetching IIQA Details
INFO - 2021-02-04 19:04:59 --> Controller "App\Controllers\InstituteDetails" loaded.
INFO - 2021-02-04 19:04:59 --> Fetching IIQA Details
