INFO - 2020-08-27 09:26:50 --> Fetching Assignments Mapped Id details
INFO - 2020-08-27 09:37:30 --> Fetching Assignments Mapped Id details
INFO - 2020-08-27 09:38:08 --> Fetching Assignments Mapped Id details
INFO - 2020-08-27 09:44:22 --> Fetching Assignments Mapped Id details
INFO - 2020-08-27 00:15:26 --> Controller "App\Controllers\ClassDetails" loaded.
INFO - 2020-08-27 00:15:26 --> Fetching Sections details
INFO - 2020-08-27 00:15:29 --> Controller "App\Controllers\ClassDetails" loaded.
INFO - 2020-08-27 00:15:29 --> Fetching Sections details
INFO - 2020-08-27 00:17:47 --> Controller "App\Controllers\ClassDetails" loaded.
INFO - 2020-08-27 00:17:47 --> Fetching Sections details
INFO - 2020-08-27 00:17:49 --> Controller "App\Controllers\SubjectStandards" loaded.
INFO - 2020-08-27 00:17:49 --> Fetching Subjects details
INFO - 2020-08-27 00:17:50 --> Controller "App\Controllers\QuestionbankChapters" loaded.
INFO - 2020-08-27 00:17:50 --> Fetching chapterData details
INFO - 2020-08-27 00:33:51 --> Controller "App\Controllers\QuestionbankChapters" loaded.
INFO - 2020-08-27 00:33:51 --> Fetching chapterData details
INFO - 2020-08-27 00:36:25 --> Controller "App\Controllers\Boards" loaded.
INFO - 2020-08-27 00:36:25 --> Fetching Boards details
INFO - 2020-08-27 00:36:25 --> Controller "App\Controllers\Management" loaded.
INFO - 2020-08-27 00:36:25 --> Fetching All Management details
INFO - 2020-08-27 00:36:27 --> Controller "App\Controllers\Management" loaded.
INFO - 2020-08-27 00:36:27 --> Fetching Management details
INFO - 2020-08-27 00:36:30 --> Controller "App\Controllers\Management" loaded.
INFO - 2020-08-27 00:36:30 --> Fetching Management details with Id
INFO - 2020-08-27 00:37:46 --> Controller "App\Controllers\ClassDetails" loaded.
INFO - 2020-08-27 00:37:46 --> Fetching Sections details
INFO - 2020-08-27 00:38:10 --> Controller "App\Controllers\ClassDetails" loaded.
INFO - 2020-08-27 00:38:10 --> Fetching Sections details
INFO - 2020-08-27 00:39:41 --> Controller "App\Controllers\ClassDetails" loaded.
INFO - 2020-08-27 00:39:41 --> Fetching Sections details
INFO - 2020-08-27 00:39:43 --> Controller "App\Controllers\SubjectStandards" loaded.
INFO - 2020-08-27 00:39:43 --> Fetching Subjects details
INFO - 2020-08-27 00:39:54 --> Controller "App\Controllers\QuestionbankChapters" loaded.
INFO - 2020-08-27 00:39:54 --> Fetching chapterData details
INFO - 2020-08-27 00:40:35 --> Controller "App\Controllers\QuestionbankChapters" loaded.
INFO - 2020-08-27 00:40:35 --> Fetching chapterData details
INFO - 2020-08-27 00:40:42 --> Controller "App\Controllers\QuestionbankChapters" loaded.
INFO - 2020-08-27 00:40:42 --> Fetching chapterData details
INFO - 2020-08-27 00:40:44 --> Controller "App\Controllers\QuestionbankChapters" loaded.
INFO - 2020-08-27 00:40:44 --> Fetching chapterData details
INFO - 2020-08-27 00:43:22 --> Controller "App\Controllers\ClassDetails" loaded.
INFO - 2020-08-27 00:43:22 --> Fetching Sections details
INFO - 2020-08-27 00:43:26 --> Controller "App\Controllers\SubjectStandards" loaded.
INFO - 2020-08-27 00:43:26 --> Fetching Subjects details
INFO - 2020-08-27 00:43:39 --> Controller "App\Controllers\QuestionbankChapters" loaded.
INFO - 2020-08-27 00:43:39 --> Fetching chapterData details
INFO - 2020-08-27 00:51:37 --> Controller "App\Controllers\ClassDetails" loaded.
INFO - 2020-08-27 00:51:37 --> Fetching Sections details
INFO - 2020-08-27 00:51:39 --> Controller "App\Controllers\QuestionbankChapters" loaded.
INFO - 2020-08-27 00:51:39 --> Fetching chapterData details
INFO - 2020-08-27 00:53:47 --> Controller "App\Controllers\Users" loaded.
INFO - 2020-08-27 00:53:47 --> Fetching Users details
INFO - 2020-08-27 00:53:59 --> Controller "App\Controllers\Users" loaded.
INFO - 2020-08-27 00:53:59 --> Fetching Users details
INFO - 2020-08-27 00:55:08 --> Controller "App\Controllers\Sections" loaded.
INFO - 2020-08-27 00:55:08 --> Controller "App\Controllers\Assignments" loaded.
INFO - 2020-08-27 00:55:08 --> Controller "App\Controllers\Academicyears" loaded.
INFO - 2020-08-27 00:55:08 --> Controller "App\Controllers\Assignments" loaded.
INFO - 2020-08-27 00:55:08 --> Controller "App\Controllers\Boards" loaded.
INFO - 2020-08-27 00:55:08 --> Controller "App\Controllers\SubjectStandards" loaded.
INFO - 2020-08-27 00:55:08 --> Fetching Academic year details
INFO - 2020-08-27 00:55:08 --> Fetching Boards details
INFO - 2020-08-27 00:55:08 --> Fetching Assignments details
INFO - 2020-08-27 00:55:08 --> Fetching Sections details
INFO - 2020-08-27 00:55:08 --> Fetching Subjects details
INFO - 2020-08-27 00:55:08 --> Fetching Assignments Details details
INFO - 2020-08-27 00:55:08 --> Controller "App\Controllers\Assignments" loaded.
INFO - 2020-08-27 00:55:08 --> Fetching Assignments Id details
INFO - 2020-08-27 00:55:08 --> Controller "App\Controllers\Assignments" loaded.
INFO - 2020-08-27 11:25:08 --> Fetching Assignments Mapped Id details
INFO - 2020-08-27 00:55:08 --> Controller "App\Controllers\Assignments" loaded.
INFO - 2020-08-27 00:55:08 --> Fetching Assignments Grade details
INFO - 2020-08-27 00:55:08 --> Controller "App\Controllers\Sections" loaded.
INFO - 2020-08-27 00:55:08 --> Controller "App\Controllers\Assignments" loaded.
INFO - 2020-08-27 00:55:08 --> Fetching Sections details
INFO - 2020-08-27 00:55:08 --> Fetching Assignments Details details
INFO - 2020-08-27 00:55:15 --> Controller "App\Controllers\SubjectStandards" loaded.
INFO - 2020-08-27 00:55:15 --> Controller "App\Controllers\Staffs" loaded.
INFO - 2020-08-27 00:55:15 --> Controller "App\Controllers\Assignments" loaded.
INFO - 2020-08-27 00:55:15 --> Fetching Assignments details
INFO - 2020-08-27 00:55:15 --> Fetching Subjects details
INFO - 2020-08-27 00:55:15 --> Fetching All Leave details
INFO - 2020-08-27 00:58:22 --> Controller "App\Controllers\AttendanceDetails" loaded.
INFO - 2020-08-27 00:58:22 --> Controller "App\Controllers\Attendance" loaded.
INFO - 2020-08-27 00:58:22 --> Fetching Attendance details
INFO - 2020-08-27 00:58:22 --> Fetching Dashboard details
INFO - 2020-08-27 00:58:27 --> Controller "App\Controllers\Students" loaded.
INFO - 2020-08-27 00:58:27 --> Fetching All Leave details
INFO - 2020-08-27 00:58:49 --> Controller "App\Controllers\Attendance" loaded.
INFO - 2020-08-27 00:58:49 --> Controller "App\Controllers\AttendanceDetails" loaded.
INFO - 2020-08-27 00:58:49 --> Fetching Dashboard details
INFO - 2020-08-27 00:58:49 --> Fetching Attendance details
INFO - 2020-08-27 00:59:12 --> Controller "App\Controllers\ClassDetails" loaded.
INFO - 2020-08-27 00:59:12 --> Controller "App\Controllers\Academicyears" loaded.
INFO - 2020-08-27 00:59:12 --> Controller "App\Controllers\Boards" loaded.
INFO - 2020-08-27 00:59:12 --> Controller "App\Controllers\ClassDetails" loaded.
INFO - 2020-08-27 00:59:12 --> Fetching Boards details
INFO - 2020-08-27 00:59:12 --> Fetching Academic year details
INFO - 2020-08-27 00:59:12 --> Controller "App\Controllers\StaffDetails" loaded.
INFO - 2020-08-27 00:59:12 --> Fetching Sections details
INFO - 2020-08-27 00:59:12 --> Controller "App\Controllers\EventDetails" loaded.
INFO - 2020-08-27 00:59:12 --> Fetching Role details
INFO - 2020-08-27 00:59:12 --> Fetching events Details details
INFO - 2020-08-27 00:59:12 --> Fetching Sections details
INFO - 2020-08-27 00:59:12 --> Controller "App\Controllers\StaffDetails" loaded.
INFO - 2020-08-27 00:59:12 --> Fetching Role details
INFO - 2020-08-27 00:59:12 --> Controller "App\Controllers\ClassDetails" loaded.
INFO - 2020-08-27 00:59:12 --> Controller "App\Controllers\EventDetails" loaded.
INFO - 2020-08-27 00:59:12 --> Controller "App\Controllers\EventDetails" loaded.
INFO - 2020-08-27 00:59:12 --> Fetching event details
INFO - 2020-08-27 00:59:12 --> Fetching events Details details
INFO - 2020-08-27 00:59:12 --> Controller "App\Controllers\ClassDetails" loaded.
INFO - 2020-08-27 00:59:12 --> Fetching Sections details
INFO - 2020-08-27 00:59:12 --> Fetching Sections details
INFO - 2020-08-27 00:59:20 --> Controller "App\Controllers\ClassDetails" loaded.
INFO - 2020-08-27 00:59:20 --> Controller "App\Controllers\EventDetails" loaded.
INFO - 2020-08-27 00:59:20 --> Fetching Sections details
INFO - 2020-08-27 00:59:20 --> Controller "App\Controllers\EventDetails" loaded.
INFO - 2020-08-27 00:59:20 --> Fetching event details
INFO - 2020-08-27 00:59:20 --> Fetching events Details details
INFO - 2020-08-27 00:59:25 --> Controller "App\Controllers\EventDetails" loaded.
INFO - 2020-08-27 00:59:25 --> Fetching event details
INFO - 2020-08-27 00:59:35 --> Controller "App\Controllers\EventDetails" loaded.
INFO - 2020-08-27 00:59:35 --> Fetching event details
INFO - 2020-08-27 00:59:37 --> Controller "App\Controllers\EventDetails" loaded.
INFO - 2020-08-27 00:59:37 --> Fetching event details
INFO - 2020-08-27 00:59:38 --> Controller "App\Controllers\EventDetails" loaded.
INFO - 2020-08-27 00:59:38 --> Fetching event details
INFO - 2020-08-27 00:59:41 --> Controller "App\Controllers\EventDetails" loaded.
INFO - 2020-08-27 00:59:41 --> Fetching event details
INFO - 2020-08-27 01:00:25 --> Controller "App\Controllers\Roles" loaded.
INFO - 2020-08-27 01:00:25 --> Controller "App\Controllers\Roles" loaded.
INFO - 2020-08-27 01:00:25 --> Fetching Permission details
INFO - 2020-08-27 01:00:25 --> Controller "App\Controllers\Roles" loaded.
INFO - 2020-08-27 01:00:25 --> Fetching Assignments Details details
INFO - 2020-08-27 01:00:25 --> Fetching Roles details
INFO - 2020-08-27 01:02:00 --> Controller "App\Controllers\Roles" loaded.
INFO - 2020-08-27 01:02:00 --> Controller "App\Controllers\Roles" loaded.
INFO - 2020-08-27 01:02:00 --> Controller "App\Controllers\Roles" loaded.
INFO - 2020-08-27 01:02:00 --> Fetching Permission details
INFO - 2020-08-27 01:02:00 --> Fetching Roles details
INFO - 2020-08-27 01:02:00 --> Fetching Assignments Details details
INFO - 2020-08-27 01:02:02 --> Controller "App\Controllers\ClassDetails" loaded.
INFO - 2020-08-27 01:02:02 --> Fetching Sections details
INFO - 2020-08-27 01:13:29 --> Controller "App\Controllers\ClassDetails" loaded.
INFO - 2020-08-27 01:13:29 --> Fetching Sections details
INFO - 2020-08-27 01:14:25 --> Controller "App\Controllers\ClassDetails" loaded.
INFO - 2020-08-27 01:14:25 --> Fetching Sections details
INFO - 2020-08-27 01:14:27 --> Controller "App\Controllers\SubjectStandards" loaded.
INFO - 2020-08-27 01:14:27 --> Fetching Subjects details
INFO - 2020-08-27 01:14:29 --> Controller "App\Controllers\QuestionbankChapters" loaded.
INFO - 2020-08-27 01:14:29 --> Fetching chapterData details
INFO - 2020-08-27 01:19:43 --> Controller "App\Controllers\ClassDetails" loaded.
INFO - 2020-08-27 01:19:43 --> Fetching Sections details
INFO - 2020-08-27 01:19:45 --> Controller "App\Controllers\ClassDetails" loaded.
INFO - 2020-08-27 01:19:45 --> Fetching Sections details
INFO - 2020-08-27 01:19:47 --> Controller "App\Controllers\SubjectStandards" loaded.
INFO - 2020-08-27 01:19:47 --> Fetching Subjects details
INFO - 2020-08-27 01:19:48 --> Controller "App\Controllers\QuestionbankChapters" loaded.
INFO - 2020-08-27 01:19:48 --> Fetching chapterData details
INFO - 2020-08-27 01:39:01 --> Controller "App\Controllers\Roles" loaded.
INFO - 2020-08-27 01:39:01 --> Controller "App\Controllers\Roles" loaded.
INFO - 2020-08-27 01:39:01 --> Controller "App\Controllers\Roles" loaded.
INFO - 2020-08-27 01:39:01 --> Fetching Permission details
INFO - 2020-08-27 01:39:01 --> Fetching Assignments Details details
INFO - 2020-08-27 01:39:01 --> Fetching Roles details
INFO - 2020-08-27 01:42:56 --> Controller "App\Controllers\QuestionbankChapters" loaded.
INFO - 2020-08-27 01:42:56 --> Fetching chapterData details
INFO - 2020-08-27 01:46:31 --> Controller "App\Controllers\QuestionbankQuestions" loaded.
INFO - 2020-08-27 01:46:31 --> Fetching chapterData details
INFO - 2020-08-27 01:55:21 --> Controller "App\Controllers\ClassDetails" loaded.
INFO - 2020-08-27 01:55:21 --> Fetching Sections details
INFO - 2020-08-27 01:55:23 --> Controller "App\Controllers\ClassDetails" loaded.
INFO - 2020-08-27 01:55:23 --> Fetching Sections details
INFO - 2020-08-27 01:55:25 --> Controller "App\Controllers\SubjectStandards" loaded.
INFO - 2020-08-27 01:55:25 --> Fetching Subjects details
INFO - 2020-08-27 01:55:28 --> Controller "App\Controllers\QuestionbankChapters" loaded.
INFO - 2020-08-27 01:55:28 --> Fetching chapterData details
INFO - 2020-08-27 01:55:52 --> Controller "App\Controllers\Roles" loaded.
INFO - 2020-08-27 01:55:52 --> Controller "App\Controllers\Roles" loaded.
INFO - 2020-08-27 01:55:52 --> Fetching Roles details
INFO - 2020-08-27 01:55:52 --> Fetching Permission details
INFO - 2020-08-27 01:55:52 --> Controller "App\Controllers\Roles" loaded.
INFO - 2020-08-27 01:55:52 --> Fetching Assignments Details details
INFO - 2020-08-27 01:55:53 --> Controller "App\Controllers\ClassDetails" loaded.
INFO - 2020-08-27 01:55:53 --> Fetching Sections details
INFO - 2020-08-27 01:56:34 --> Controller "App\Controllers\Roles" loaded.
INFO - 2020-08-27 01:56:34 --> Fetching Assignments Details details
INFO - 2020-08-27 01:56:34 --> Controller "App\Controllers\Roles" loaded.
INFO - 2020-08-27 01:56:34 --> Fetching Roles details
INFO - 2020-08-27 01:56:34 --> Controller "App\Controllers\Roles" loaded.
INFO - 2020-08-27 01:56:34 --> Fetching Permission details
INFO - 2020-08-27 01:56:34 --> Controller "App\Controllers\ClassDetails" loaded.
INFO - 2020-08-27 01:56:34 --> Fetching Sections details
INFO - 2020-08-27 01:56:36 --> Controller "App\Controllers\ClassDetails" loaded.
INFO - 2020-08-27 01:56:36 --> Fetching Sections details
INFO - 2020-08-27 01:56:37 --> Controller "App\Controllers\SubjectStandards" loaded.
INFO - 2020-08-27 01:56:37 --> Fetching Subjects details
INFO - 2020-08-27 01:56:39 --> Controller "App\Controllers\QuestionbankChapters" loaded.
INFO - 2020-08-27 01:56:39 --> Fetching chapterData details
INFO - 2020-08-27 01:58:21 --> Controller "App\Controllers\ClassDetails" loaded.
INFO - 2020-08-27 01:58:21 --> Fetching Sections details
INFO - 2020-08-27 01:58:21 --> Controller "App\Controllers\Roles" loaded.
INFO - 2020-08-27 01:58:21 --> Fetching Assignments Details details
INFO - 2020-08-27 01:58:21 --> Controller "App\Controllers\Roles" loaded.
INFO - 2020-08-27 01:58:21 --> Controller "App\Controllers\Roles" loaded.
INFO - 2020-08-27 01:58:21 --> Fetching Permission details
INFO - 2020-08-27 01:58:21 --> Fetching Roles details
INFO - 2020-08-27 01:58:30 --> Controller "App\Controllers\ClassDetails" loaded.
INFO - 2020-08-27 01:58:30 --> Fetching Sections details
INFO - 2020-08-27 01:58:31 --> Controller "App\Controllers\SubjectStandards" loaded.
INFO - 2020-08-27 01:58:31 --> Fetching Subjects details
INFO - 2020-08-27 01:58:33 --> Controller "App\Controllers\QuestionbankChapters" loaded.
INFO - 2020-08-27 01:58:33 --> Fetching chapterData details
INFO - 2020-08-27 02:02:02 --> Controller "App\Controllers\Roles" loaded.
INFO - 2020-08-27 02:02:02 --> Fetching Assignments Details details
INFO - 2020-08-27 02:02:02 --> Controller "App\Controllers\Roles" loaded.
INFO - 2020-08-27 02:02:02 --> Fetching Roles details
INFO - 2020-08-27 02:02:02 --> Controller "App\Controllers\Roles" loaded.
INFO - 2020-08-27 02:02:02 --> Fetching Permission details
INFO - 2020-08-27 02:02:03 --> Controller "App\Controllers\ClassDetails" loaded.
INFO - 2020-08-27 02:02:03 --> Fetching Sections details
INFO - 2020-08-27 02:02:05 --> Controller "App\Controllers\ClassDetails" loaded.
INFO - 2020-08-27 02:02:05 --> Fetching Sections details
INFO - 2020-08-27 02:02:07 --> Controller "App\Controllers\SubjectStandards" loaded.
INFO - 2020-08-27 02:02:07 --> Fetching Subjects details
INFO - 2020-08-27 02:02:09 --> Controller "App\Controllers\QuestionbankChapters" loaded.
INFO - 2020-08-27 02:02:09 --> Fetching chapterData details
INFO - 2020-08-27 02:03:12 --> Controller "App\Controllers\QuestionbankQuestions" loaded.
INFO - 2020-08-27 02:03:12 --> Controller "App\Controllers\QuestionbankChapters" loaded.
INFO - 2020-08-27 02:03:12 --> Fetching chapterData details
INFO - 2020-08-27 02:07:22 --> Controller "App\Controllers\Roles" loaded.
INFO - 2020-08-27 02:07:22 --> Fetching Assignments Details details
INFO - 2020-08-27 02:07:22 --> Controller "App\Controllers\Roles" loaded.
INFO - 2020-08-27 02:07:22 --> Controller "App\Controllers\Roles" loaded.
INFO - 2020-08-27 02:07:22 --> Fetching Roles details
INFO - 2020-08-27 02:07:22 --> Fetching Permission details
INFO - 2020-08-27 02:07:24 --> Controller "App\Controllers\ClassDetails" loaded.
INFO - 2020-08-27 02:07:24 --> Fetching Sections details
INFO - 2020-08-27 02:07:37 --> Controller "App\Controllers\ClassDetails" loaded.
INFO - 2020-08-27 02:07:37 --> Fetching Sections details
INFO - 2020-08-27 02:07:39 --> Controller "App\Controllers\SubjectStandards" loaded.
INFO - 2020-08-27 02:07:39 --> Fetching Subjects details
INFO - 2020-08-27 02:07:40 --> Controller "App\Controllers\QuestionbankChapters" loaded.
INFO - 2020-08-27 02:07:40 --> Fetching chapterData details
INFO - 2020-08-27 02:08:29 --> Controller "App\Controllers\QuestionbankQuestions" loaded.
INFO - 2020-08-27 02:08:30 --> Controller "App\Controllers\QuestionbankChapters" loaded.
INFO - 2020-08-27 02:08:30 --> Fetching chapterData details
INFO - 2020-08-27 02:10:55 --> Controller "App\Controllers\Roles" loaded.
INFO - 2020-08-27 02:10:55 --> Controller "App\Controllers\Roles" loaded.
INFO - 2020-08-27 02:10:55 --> Controller "App\Controllers\Roles" loaded.
INFO - 2020-08-27 02:10:55 --> Fetching Permission details
INFO - 2020-08-27 02:10:55 --> Fetching Assignments Details details
INFO - 2020-08-27 02:10:55 --> Fetching Roles details
INFO - 2020-08-27 02:10:59 --> Controller "App\Controllers\ClassDetails" loaded.
INFO - 2020-08-27 02:10:59 --> Fetching Sections details
INFO - 2020-08-27 02:11:10 --> Controller "App\Controllers\ClassDetails" loaded.
INFO - 2020-08-27 02:11:10 --> Fetching Sections details
INFO - 2020-08-27 02:11:13 --> Controller "App\Controllers\SubjectStandards" loaded.
INFO - 2020-08-27 02:11:13 --> Fetching Subjects details
INFO - 2020-08-27 02:11:15 --> Controller "App\Controllers\QuestionbankChapters" loaded.
INFO - 2020-08-27 02:11:15 --> Fetching chapterData details
INFO - 2020-08-27 02:12:16 --> Controller "App\Controllers\QuestionbankQuestions" loaded.
INFO - 2020-08-27 02:12:16 --> Controller "App\Controllers\QuestionbankChapters" loaded.
INFO - 2020-08-27 02:12:16 --> Fetching chapterData details
INFO - 2020-08-27 02:15:06 --> Controller "App\Controllers\ClassDetails" loaded.
INFO - 2020-08-27 02:15:06 --> Fetching Sections details
INFO - 2020-08-27 02:15:17 --> Controller "App\Controllers\ClassDetails" loaded.
INFO - 2020-08-27 02:15:17 --> Fetching Sections details
INFO - 2020-08-27 02:15:18 --> Controller "App\Controllers\SubjectStandards" loaded.
INFO - 2020-08-27 02:15:18 --> Fetching Subjects details
INFO - 2020-08-27 02:15:20 --> Controller "App\Controllers\QuestionbankChapters" loaded.
INFO - 2020-08-27 02:15:20 --> Fetching chapterData details
INFO - 2020-08-27 02:16:07 --> Controller "App\Controllers\QuestionbankQuestions" loaded.
INFO - 2020-08-27 02:16:08 --> Controller "App\Controllers\QuestionbankChapters" loaded.
INFO - 2020-08-27 02:16:08 --> Fetching chapterData details
INFO - 2020-08-27 02:17:43 --> Controller "App\Controllers\ClassDetails" loaded.
INFO - 2020-08-27 02:17:43 --> Fetching Sections details
INFO - 2020-08-27 02:17:44 --> Controller "App\Controllers\ClassDetails" loaded.
INFO - 2020-08-27 02:17:45 --> Fetching Sections details
INFO - 2020-08-27 02:17:47 --> Controller "App\Controllers\SubjectStandards" loaded.
INFO - 2020-08-27 02:17:47 --> Fetching Subjects details
INFO - 2020-08-27 02:17:49 --> Controller "App\Controllers\QuestionbankChapters" loaded.
INFO - 2020-08-27 02:17:49 --> Fetching chapterData details
INFO - 2020-08-27 02:19:48 --> Controller "App\Controllers\ClassDetails" loaded.
INFO - 2020-08-27 02:19:48 --> Fetching Sections details
INFO - 2020-08-27 02:20:33 --> Controller "App\Controllers\ClassDetails" loaded.
INFO - 2020-08-27 02:20:33 --> Fetching Sections details
INFO - 2020-08-27 02:20:34 --> Controller "App\Controllers\ClassDetails" loaded.
INFO - 2020-08-27 02:20:34 --> Fetching Sections details
INFO - 2020-08-27 02:20:37 --> Controller "App\Controllers\SubjectStandards" loaded.
INFO - 2020-08-27 02:20:37 --> Fetching Subjects details
INFO - 2020-08-27 02:20:39 --> Controller "App\Controllers\QuestionbankChapters" loaded.
INFO - 2020-08-27 02:20:39 --> Fetching chapterData details
INFO - 2020-08-27 02:21:27 --> Controller "App\Controllers\QuestionbankQuestions" loaded.
INFO - 2020-08-27 02:21:27 --> Controller "App\Controllers\QuestionbankChapters" loaded.
INFO - 2020-08-27 02:21:27 --> Fetching chapterData details
INFO - 2020-08-27 02:35:00 --> Controller "App\Controllers\ClassDetails" loaded.
INFO - 2020-08-27 02:35:00 --> Fetching Sections details
INFO - 2020-08-27 02:35:53 --> Controller "App\Controllers\ClassDetails" loaded.
INFO - 2020-08-27 02:35:53 --> Fetching Sections details
INFO - 2020-08-27 02:36:07 --> Controller "App\Controllers\ClassDetails" loaded.
INFO - 2020-08-27 02:36:07 --> Fetching Sections details
INFO - 2020-08-27 02:36:09 --> Controller "App\Controllers\SubjectStandards" loaded.
INFO - 2020-08-27 02:36:09 --> Fetching Subjects details
INFO - 2020-08-27 02:36:11 --> Controller "App\Controllers\QuestionbankChapters" loaded.
INFO - 2020-08-27 02:36:11 --> Fetching chapterData details
INFO - 2020-08-27 02:37:04 --> Controller "App\Controllers\QuestionbankQuestions" loaded.
INFO - 2020-08-27 02:37:04 --> Controller "App\Controllers\QuestionbankChapters" loaded.
INFO - 2020-08-27 02:37:04 --> Fetching chapterData details
INFO - 2020-08-27 02:38:33 --> Controller "App\Controllers\ClassDetails" loaded.
INFO - 2020-08-27 02:38:33 --> Fetching Sections details
INFO - 2020-08-27 02:38:36 --> Controller "App\Controllers\ClassDetails" loaded.
INFO - 2020-08-27 02:38:36 --> Fetching Sections details
INFO - 2020-08-27 02:38:38 --> Controller "App\Controllers\SubjectStandards" loaded.
INFO - 2020-08-27 02:38:38 --> Fetching Subjects details
INFO - 2020-08-27 02:38:40 --> Controller "App\Controllers\QuestionbankChapters" loaded.
INFO - 2020-08-27 02:38:40 --> Fetching chapterData details
INFO - 2020-08-27 02:39:47 --> Controller "App\Controllers\ClassDetails" loaded.
INFO - 2020-08-27 02:39:47 --> Fetching Sections details
INFO - 2020-08-27 02:39:49 --> Controller "App\Controllers\ClassDetails" loaded.
INFO - 2020-08-27 02:39:49 --> Fetching Sections details
INFO - 2020-08-27 02:39:50 --> Controller "App\Controllers\SubjectStandards" loaded.
INFO - 2020-08-27 02:39:50 --> Fetching Subjects details
INFO - 2020-08-27 02:39:53 --> Controller "App\Controllers\QuestionbankChapters" loaded.
INFO - 2020-08-27 02:39:53 --> Fetching chapterData details
INFO - 2020-08-27 02:40:42 --> Controller "App\Controllers\QuestionbankQuestions" loaded.
INFO - 2020-08-27 02:40:43 --> Controller "App\Controllers\QuestionbankChapters" loaded.
INFO - 2020-08-27 02:40:43 --> Fetching chapterData details
INFO - 2020-08-27 02:42:56 --> Controller "App\Controllers\QuestionbankQuestions" loaded.
INFO - 2020-08-27 02:42:56 --> Fetching chapterData details
INFO - 2020-08-27 02:45:39 --> Controller "App\Controllers\QuestionbankQuestions" loaded.
INFO - 2020-08-27 02:46:01 --> Controller "App\Controllers\QuestionbankQuestions" loaded.
INFO - 2020-08-27 02:46:01 --> Fetching chapterData details
INFO - 2020-08-27 03:09:03 --> Controller "App\Controllers\QuestionbankQuestions" loaded.
INFO - 2020-08-27 03:09:03 --> Fetching chapterData details
INFO - 2020-08-27 03:10:07 --> Controller "App\Controllers\QuestionbankQuestions" loaded.
INFO - 2020-08-27 03:10:07 --> Fetching chapterData details
INFO - 2020-08-27 03:10:45 --> Controller "App\Controllers\QuestionbankQuestions" loaded.
INFO - 2020-08-27 03:10:45 --> Fetching chapterData details
INFO - 2020-08-27 03:11:32 --> Controller "App\Controllers\QuestionbankQuestions" loaded.
INFO - 2020-08-27 03:11:32 --> Fetching chapterData details
INFO - 2020-08-27 03:12:22 --> Controller "App\Controllers\QuestionbankQuestions" loaded.
INFO - 2020-08-27 03:12:22 --> Fetching chapterData details
INFO - 2020-08-27 03:12:48 --> Controller "App\Controllers\QuestionbankQuestions" loaded.
INFO - 2020-08-27 03:12:48 --> Fetching chapterData details
INFO - 2020-08-27 03:15:13 --> Controller "App\Controllers\QuestionbankQuestions" loaded.
INFO - 2020-08-27 03:15:13 --> Fetching chapterData details
INFO - 2020-08-27 03:16:42 --> Controller "App\Controllers\QuestionbankQuestions" loaded.
INFO - 2020-08-27 03:16:42 --> Fetching chapterData details
INFO - 2020-08-27 03:25:22 --> Controller "App\Controllers\ClassDetails" loaded.
INFO - 2020-08-27 03:25:22 --> Fetching Sections details
INFO - 2020-08-27 03:25:24 --> Controller "App\Controllers\ClassDetails" loaded.
INFO - 2020-08-27 03:25:24 --> Fetching Sections details
INFO - 2020-08-27 03:25:27 --> Controller "App\Controllers\SubjectStandards" loaded.
INFO - 2020-08-27 03:25:27 --> Fetching Subjects details
INFO - 2020-08-27 03:25:29 --> Controller "App\Controllers\QuestionbankChapters" loaded.
INFO - 2020-08-27 03:25:29 --> Fetching chapterData details
INFO - 2020-08-27 03:25:51 --> Controller "App\Controllers\QuestionbankChapters" loaded.
INFO - 2020-08-27 03:25:51 --> Fetching chapterData details
INFO - 2020-08-27 03:30:31 --> Controller "App\Controllers\ClassDetails" loaded.
INFO - 2020-08-27 03:30:31 --> Fetching Sections details
INFO - 2020-08-27 03:30:35 --> Controller "App\Controllers\ClassDetails" loaded.
INFO - 2020-08-27 03:30:35 --> Fetching Sections details
INFO - 2020-08-27 03:30:36 --> Controller "App\Controllers\SubjectStandards" loaded.
INFO - 2020-08-27 03:30:36 --> Fetching Subjects details
INFO - 2020-08-27 03:30:38 --> Controller "App\Controllers\QuestionbankChapters" loaded.
INFO - 2020-08-27 03:30:38 --> Fetching chapterData details
INFO - 2020-08-27 03:30:41 --> Controller "App\Controllers\QuestionbankChapters" loaded.
INFO - 2020-08-27 03:30:41 --> Fetching chapterData details
INFO - 2020-08-27 03:31:32 --> Controller "App\Controllers\ClassDetails" loaded.
INFO - 2020-08-27 03:31:32 --> Fetching Sections details
INFO - 2020-08-27 03:34:18 --> Controller "App\Controllers\ClassDetails" loaded.
INFO - 2020-08-27 03:34:18 --> Fetching Sections details
INFO - 2020-08-27 03:34:19 --> Controller "App\Controllers\ClassDetails" loaded.
INFO - 2020-08-27 03:34:19 --> Fetching Sections details
INFO - 2020-08-27 03:34:20 --> Controller "App\Controllers\SubjectStandards" loaded.
INFO - 2020-08-27 03:34:20 --> Fetching Subjects details
INFO - 2020-08-27 04:12:11 --> Controller "App\Controllers\Users" loaded.
INFO - 2020-08-27 04:12:11 --> Fetching Users details
INFO - 2020-08-27 04:12:18 --> Controller "App\Controllers\Users" loaded.
INFO - 2020-08-27 04:12:18 --> Fetching Users details
INFO - 2020-08-27 04:13:09 --> Controller "App\Controllers\ClassDetails" loaded.
INFO - 2020-08-27 04:13:09 --> Fetching Sections details
INFO - 2020-08-27 04:13:36 --> Controller "App\Controllers\ClassDetails" loaded.
INFO - 2020-08-27 04:13:36 --> Fetching Sections details
INFO - 2020-08-27 04:13:48 --> Controller "App\Controllers\ClassDetails" loaded.
INFO - 2020-08-27 04:13:48 --> Fetching Sections details
INFO - 2020-08-27 04:13:50 --> Controller "App\Controllers\SubjectStandards" loaded.
INFO - 2020-08-27 04:13:50 --> Fetching Subjects details
INFO - 2020-08-27 04:13:53 --> Controller "App\Controllers\ClassDetails" loaded.
INFO - 2020-08-27 04:13:53 --> Fetching Sections details
INFO - 2020-08-27 04:13:54 --> Controller "App\Controllers\QuestionbankChapters" loaded.
INFO - 2020-08-27 04:13:54 --> Fetching chapterData details
INFO - 2020-08-27 04:13:56 --> Controller "App\Controllers\QuestionbankChapters" loaded.
INFO - 2020-08-27 04:13:56 --> Fetching chapterData details
INFO - 2020-08-27 04:25:15 --> Controller "App\Controllers\QuestionbankQuestions" loaded.
INFO - 2020-08-27 04:25:15 --> Fetching chapterData details
INFO - 2020-08-27 04:25:25 --> Controller "App\Controllers\QuestionbankQuestions" loaded.
INFO - 2020-08-27 04:25:25 --> Fetching chapterData details
INFO - 2020-08-27 04:27:04 --> Controller "App\Controllers\ClassDetails" loaded.
INFO - 2020-08-27 04:27:04 --> Fetching Sections details
INFO - 2020-08-27 04:27:12 --> Controller "App\Controllers\ClassDetails" loaded.
INFO - 2020-08-27 04:27:12 --> Fetching Sections details
INFO - 2020-08-27 04:27:14 --> Controller "App\Controllers\SubjectStandards" loaded.
INFO - 2020-08-27 04:27:14 --> Fetching Subjects details
INFO - 2020-08-27 04:27:16 --> Controller "App\Controllers\QuestionbankChapters" loaded.
INFO - 2020-08-27 04:27:16 --> Fetching chapterData details
INFO - 2020-08-27 04:27:19 --> Controller "App\Controllers\QuestionbankQuestions" loaded.
INFO - 2020-08-27 04:27:19 --> Fetching chapterData details
INFO - 2020-08-27 04:28:41 --> Controller "App\Controllers\QuestionbankQuestions" loaded.
INFO - 2020-08-27 04:28:41 --> Fetching chapterData details
INFO - 2020-08-27 04:28:51 --> Controller "App\Controllers\QuestionbankQuestions" loaded.
INFO - 2020-08-27 04:28:51 --> Fetching chapterData details
INFO - 2020-08-27 05:05:24 --> Controller "App\Controllers\Users" loaded.
INFO - 2020-08-27 05:05:24 --> Fetching Users details
INFO - 2020-08-27 05:05:28 --> Controller "App\Controllers\Users" loaded.
INFO - 2020-08-27 05:05:28 --> Fetching Users details
INFO - 2020-08-27 05:06:26 --> Controller "App\Controllers\Boards" loaded.
INFO - 2020-08-27 05:06:26 --> Controller "App\Controllers\Sections" loaded.
INFO - 2020-08-27 05:06:26 --> Fetching Boards details
INFO - 2020-08-27 05:06:26 --> Fetching Sections details
INFO - 2020-08-27 05:06:26 --> Controller "App\Controllers\Assignments" loaded.
INFO - 2020-08-27 05:06:26 --> Fetching Assignments Details details
INFO - 2020-08-27 05:06:26 --> Controller "App\Controllers\Assignments" loaded.
INFO - 2020-08-27 05:06:26 --> Controller "App\Controllers\Academicyears" loaded.
INFO - 2020-08-27 05:06:26 --> Fetching Academic year details
INFO - 2020-08-27 05:06:26 --> Fetching Assignments details
INFO - 2020-08-27 05:06:26 --> Controller "App\Controllers\SubjectStandards" loaded.
INFO - 2020-08-27 05:06:26 --> Fetching Subjects details
INFO - 2020-08-27 05:06:27 --> Controller "App\Controllers\Assignments" loaded.
INFO - 2020-08-27 05:06:27 --> Fetching Assignments Id details
INFO - 2020-08-27 05:06:27 --> Controller "App\Controllers\Assignments" loaded.
INFO - 2020-08-27 15:36:27 --> Fetching Assignments Mapped Id details
INFO - 2020-08-27 05:06:27 --> Controller "App\Controllers\Assignments" loaded.
INFO - 2020-08-27 05:06:27 --> Fetching Assignments Grade details
INFO - 2020-08-27 05:06:27 --> Controller "App\Controllers\Sections" loaded.
INFO - 2020-08-27 05:06:27 --> Fetching Sections details
INFO - 2020-08-27 05:06:27 --> Controller "App\Controllers\Assignments" loaded.
INFO - 2020-08-27 05:06:27 --> Fetching Assignments Details details
INFO - 2020-08-27 05:07:05 --> Controller "App\Controllers\Boards" loaded.
INFO - 2020-08-27 05:07:05 --> Controller "App\Controllers\ClassDetails" loaded.
INFO - 2020-08-27 05:07:05 --> Fetching Boards details
INFO - 2020-08-27 05:07:05 --> Controller "App\Controllers\RoomMasters" loaded.
INFO - 2020-08-27 05:07:05 --> Controller "App\Controllers\ClassDetails" loaded.
INFO - 2020-08-27 05:07:05 --> Fetching Sections details
INFO - 2020-08-27 05:07:05 --> Fetching Sections details
INFO - 2020-08-27 05:07:05 --> Controller "App\Controllers\Academicyears" loaded.
INFO - 2020-08-27 05:07:05 --> Controller "App\Controllers\SubjectMasters" loaded.
INFO - 2020-08-27 05:07:05 --> Fetching Academic year details
INFO - 2020-08-27 05:07:05 --> Fetching SubjectMasters details
INFO - 2020-08-27 05:07:05 --> Controller "App\Controllers\ClassMasters" loaded.
INFO - 2020-08-27 05:07:05 --> Controller "App\Controllers\SubjectStandardRooms" loaded.
INFO - 2020-08-27 05:07:05 --> Fetching Subjects details
INFO - 2020-08-27 05:07:05 --> Controller "App\Controllers\ClassMasters" loaded.
INFO - 2020-08-27 05:07:05 --> Controller "App\Controllers\Staffs" loaded.
INFO - 2020-08-27 05:07:05 --> Fetching All staff details
INFO - 2020-08-27 05:07:05 --> Controller "App\Controllers\AcademicSettings" loaded.
INFO - 2020-08-27 05:07:05 --> Fetching Academic year details
INFO - 2020-08-27 05:07:05 --> Controller "App\Controllers\ClassMasters" loaded.
INFO - 2020-08-27 05:07:05 --> Fetching class details
INFO - 2020-08-27 05:07:05 --> Controller "App\Controllers\RoomMasters" loaded.
INFO - 2020-08-27 05:07:05 --> Controller "App\Controllers\ClassMasters" loaded.
INFO - 2020-08-27 05:07:05 --> Controller "App\Controllers\ClassDetails" loaded.
INFO - 2020-08-27 05:07:05 --> Controller "App\Controllers\ClassDetails" loaded.
INFO - 2020-08-27 05:07:05 --> Controller "App\Controllers\SubjectMasters" loaded.
INFO - 2020-08-27 05:07:05 --> Fetching SubjectMasters details
INFO - 2020-08-27 05:07:05 --> Fetching Sections details
INFO - 2020-08-27 05:07:05 --> Fetching Sections details
INFO - 2020-08-27 05:07:05 --> Controller "App\Controllers\ClassMasters" loaded.
INFO - 2020-08-27 05:07:06 --> Controller "App\Controllers\SubjectStandards" loaded.
INFO - 2020-08-27 05:07:06 --> Fetching Subjects details
INFO - 2020-08-27 05:07:11 --> Controller "App\Controllers\Roles" loaded.
INFO - 2020-08-27 05:07:11 --> Fetching Assignments Details details
INFO - 2020-08-27 05:07:11 --> Controller "App\Controllers\Roles" loaded.
INFO - 2020-08-27 05:07:11 --> Fetching Roles details
INFO - 2020-08-27 05:07:11 --> Controller "App\Controllers\Roles" loaded.
INFO - 2020-08-27 05:07:11 --> Fetching Permission details
INFO - 2020-08-27 05:15:33 --> Controller "App\Controllers\ExamsAttendance" loaded.
INFO - 2020-08-27 05:15:33 --> Controller "App\Controllers\Students" loaded.
INFO - 2020-08-27 05:15:33 --> Controller "App\Controllers\ExamDetails" loaded.
INFO - 2020-08-27 05:15:33 --> Fetching Exam Details details
INFO - 2020-08-27 05:15:33 --> Fetching All Leave details
INFO - 2020-08-27 05:15:33 --> Fetching Exam Details details
INFO - 2020-08-27 05:15:41 --> Controller "App\Controllers\ClassDetails" loaded.
INFO - 2020-08-27 05:15:41 --> Controller "App\Controllers\Academicyears" loaded.
INFO - 2020-08-27 05:15:41 --> Controller "App\Controllers\Boards" loaded.
INFO - 2020-08-27 05:15:41 --> Controller "App\Controllers\StudentDetails" loaded.
INFO - 2020-08-27 05:15:41 --> Controller "App\Controllers\Students" loaded.
INFO - 2020-08-27 05:15:41 --> Fetching Boards details
INFO - 2020-08-27 05:15:41 --> Fetching Academic year details
INFO - 2020-08-27 05:15:41 --> Fetching All Leave details
INFO - 2020-08-27 05:15:41 --> Fetching All Leave details
INFO - 2020-08-27 05:15:41 --> Fetching Sections details
INFO - 2020-08-27 05:15:41 --> Controller "App\Controllers\Categories" loaded.
INFO - 2020-08-27 05:15:41 --> Fetching Category details
INFO - 2020-08-27 05:15:41 --> Controller "App\Controllers\ClassDetails" loaded.
INFO - 2020-08-27 05:15:41 --> Fetching Sections details
INFO - 2020-08-27 05:15:42 --> Controller "App\Controllers\StudentDetails" loaded.
INFO - 2020-08-27 05:15:42 --> Controller "App\Controllers\StudentDetails" loaded.
INFO - 2020-08-27 05:15:42 --> Fetching All Leave details
INFO - 2020-08-27 05:15:42 --> Controller "App\Controllers\ClassDetails" loaded.
INFO - 2020-08-27 05:15:42 --> Controller "App\Controllers\ClassDetails" loaded.
INFO - 2020-08-27 05:15:42 --> Fetching All Leave details
INFO - 2020-08-27 05:15:42 --> Fetching Sections details
INFO - 2020-08-27 05:15:42 --> Fetching Sections details
INFO - 2020-08-27 05:15:48 --> Controller "App\Controllers\Attendance" loaded.
INFO - 2020-08-27 05:15:48 --> Fetching Dashboard details
INFO - 2020-08-27 05:15:48 --> Controller "App\Controllers\AttendanceDetails" loaded.
INFO - 2020-08-27 05:15:48 --> Fetching Attendance details
INFO - 2020-08-27 05:15:52 --> Controller "App\Controllers\Students" loaded.
INFO - 2020-08-27 05:15:52 --> Fetching All Leave details
INFO - 2020-08-27 05:15:52 --> Controller "App\Controllers\Staffs" loaded.
INFO - 2020-08-27 05:15:52 --> Controller "App\Controllers\Attendance" loaded.
INFO - 2020-08-27 05:15:52 --> Fetching All staff details
INFO - 2020-08-27 05:16:23 --> Controller "App\Controllers\AttendanceDetails" loaded.
INFO - 2020-08-27 05:16:23 --> Controller "App\Controllers\Attendance" loaded.
INFO - 2020-08-27 05:16:23 --> Fetching Attendance details
INFO - 2020-08-27 05:16:23 --> Fetching Dashboard details
INFO - 2020-08-27 05:16:28 --> Controller "App\Controllers\Boards" loaded.
INFO - 2020-08-27 05:16:28 --> Fetching Boards details
INFO - 2020-08-27 05:16:28 --> Controller "App\Controllers\AcademicSettings" loaded.
INFO - 2020-08-27 05:16:28 --> Fetching Academic year details
INFO - 2020-08-27 05:16:28 --> Controller "App\Controllers\ClassMasters" loaded.
INFO - 2020-08-27 05:16:28 --> Controller "App\Controllers\SubjectStandardRooms" loaded.
INFO - 2020-08-27 05:16:28 --> Fetching Subjects details
INFO - 2020-08-27 05:16:28 --> Controller "App\Controllers\ClassMasters" loaded.
INFO - 2020-08-27 05:16:28 --> Controller "App\Controllers\RoomMasters" loaded.
INFO - 2020-08-27 05:16:28 --> Controller "App\Controllers\ClassDetails" loaded.
INFO - 2020-08-27 05:16:28 --> Fetching Sections details
INFO - 2020-08-27 05:16:28 --> Controller "App\Controllers\ClassDetails" loaded.
INFO - 2020-08-27 05:16:28 --> Fetching Sections details
INFO - 2020-08-27 05:16:28 --> Controller "App\Controllers\SubjectMasters" loaded.
INFO - 2020-08-27 05:16:28 --> Fetching SubjectMasters details
INFO - 2020-08-27 05:16:28 --> Controller "App\Controllers\Staffs" loaded.
INFO - 2020-08-27 05:16:28 --> Fetching All staff details
INFO - 2020-08-27 05:16:28 --> Controller "App\Controllers\Academicyears" loaded.
INFO - 2020-08-27 05:16:28 --> Fetching Academic year details
INFO - 2020-08-27 05:16:28 --> Controller "App\Controllers\ClassMasters" loaded.
INFO - 2020-08-27 05:16:28 --> Fetching class details
INFO - 2020-08-27 05:16:28 --> Controller "App\Controllers\RoomMasters" loaded.
INFO - 2020-08-27 05:16:28 --> Controller "App\Controllers\ClassDetails" loaded.
INFO - 2020-08-27 05:16:28 --> Controller "App\Controllers\ClassMasters" loaded.
INFO - 2020-08-27 05:16:28 --> Controller "App\Controllers\ClassDetails" loaded.
INFO - 2020-08-27 05:16:28 --> Controller "App\Controllers\SubjectMasters" loaded.
INFO - 2020-08-27 05:16:28 --> Fetching SubjectMasters details
INFO - 2020-08-27 05:16:28 --> Fetching Sections details
INFO - 2020-08-27 05:16:28 --> Fetching Sections details
INFO - 2020-08-27 05:16:28 --> Controller "App\Controllers\SubjectStandards" loaded.
INFO - 2020-08-27 05:16:28 --> Controller "App\Controllers\ClassMasters" loaded.
INFO - 2020-08-27 05:16:28 --> Fetching Subjects details
INFO - 2020-08-27 05:16:42 --> Controller "App\Controllers\Boards" loaded.
INFO - 2020-08-27 05:16:42 --> Controller "App\Controllers\Sections" loaded.
INFO - 2020-08-27 05:16:42 --> Controller "App\Controllers\Assignments" loaded.
INFO - 2020-08-27 05:16:42 --> Fetching Sections details
INFO - 2020-08-27 05:16:42 --> Fetching Boards details
INFO - 2020-08-27 05:16:42 --> Controller "App\Controllers\Assignments" loaded.
INFO - 2020-08-27 05:16:42 --> Controller "App\Controllers\SubjectStandards" loaded.
INFO - 2020-08-27 05:16:42 --> Fetching Assignments details
INFO - 2020-08-27 05:16:42 --> Fetching Assignments Details details
INFO - 2020-08-27 05:16:42 --> Controller "App\Controllers\Academicyears" loaded.
INFO - 2020-08-27 05:16:42 --> Fetching Academic year details
INFO - 2020-08-27 05:16:42 --> Fetching Subjects details
INFO - 2020-08-27 05:16:42 --> Controller "App\Controllers\Assignments" loaded.
INFO - 2020-08-27 15:46:42 --> Fetching Assignments Mapped Id details
INFO - 2020-08-27 05:16:42 --> Controller "App\Controllers\Assignments" loaded.
INFO - 2020-08-27 05:16:42 --> Fetching Assignments Id details
INFO - 2020-08-27 05:16:42 --> Controller "App\Controllers\Assignments" loaded.
INFO - 2020-08-27 05:16:42 --> Fetching Assignments Grade details
INFO - 2020-08-27 05:16:42 --> Controller "App\Controllers\Sections" loaded.
INFO - 2020-08-27 05:16:42 --> Fetching Sections details
INFO - 2020-08-27 05:16:42 --> Controller "App\Controllers\Assignments" loaded.
INFO - 2020-08-27 05:16:42 --> Fetching Assignments Details details
INFO - 2020-08-27 05:19:44 --> Controller "App\Controllers\Roles" loaded.
INFO - 2020-08-27 05:19:44 --> Fetching Assignments Details details
INFO - 2020-08-27 05:19:44 --> Controller "App\Controllers\Roles" loaded.
INFO - 2020-08-27 05:19:44 --> Fetching Roles details
INFO - 2020-08-27 05:19:44 --> Controller "App\Controllers\Roles" loaded.
INFO - 2020-08-27 05:19:44 --> Fetching Permission details
INFO - 2020-08-27 05:19:45 --> Controller "App\Controllers\Boards" loaded.
INFO - 2020-08-27 05:19:45 --> Controller "App\Controllers\RoomMasters" loaded.
INFO - 2020-08-27 05:19:45 --> Fetching Boards details
INFO - 2020-08-27 05:19:45 --> Controller "App\Controllers\ClassDetails" loaded.
INFO - 2020-08-27 05:19:45 --> Fetching Sections details
INFO - 2020-08-27 05:19:45 --> Controller "App\Controllers\SubjectMasters" loaded.
INFO - 2020-08-27 05:19:45 --> Fetching SubjectMasters details
INFO - 2020-08-27 05:19:45 --> Controller "App\Controllers\ClassDetails" loaded.
INFO - 2020-08-27 05:19:45 --> Controller "App\Controllers\Staffs" loaded.
INFO - 2020-08-27 05:19:45 --> Fetching All staff details
INFO - 2020-08-27 05:19:45 --> Fetching Sections details
INFO - 2020-08-27 05:19:45 --> Controller "App\Controllers\Academicyears" loaded.
INFO - 2020-08-27 05:19:45 --> Fetching Academic year details
INFO - 2020-08-27 05:19:45 --> Controller "App\Controllers\AcademicSettings" loaded.
INFO - 2020-08-27 05:19:45 --> Fetching Academic year details
INFO - 2020-08-27 05:19:45 --> Controller "App\Controllers\ClassMasters" loaded.
INFO - 2020-08-27 05:19:45 --> Controller "App\Controllers\SubjectStandardRooms" loaded.
INFO - 2020-08-27 05:19:45 --> Fetching Subjects details
INFO - 2020-08-27 05:19:45 --> Controller "App\Controllers\ClassMasters" loaded.
INFO - 2020-08-27 05:19:45 --> Controller "App\Controllers\ClassMasters" loaded.
INFO - 2020-08-27 05:19:45 --> Fetching class details
INFO - 2020-08-27 05:19:45 --> Controller "App\Controllers\ClassMasters" loaded.
INFO - 2020-08-27 05:19:45 --> Controller "App\Controllers\ClassMasters" loaded.
INFO - 2020-08-27 05:19:45 --> Controller "App\Controllers\RoomMasters" loaded.
INFO - 2020-08-27 05:19:45 --> Controller "App\Controllers\ClassDetails" loaded.
INFO - 2020-08-27 05:19:45 --> Controller "App\Controllers\ClassDetails" loaded.
INFO - 2020-08-27 05:19:45 --> Fetching Sections details
INFO - 2020-08-27 05:19:45 --> Fetching Sections details
INFO - 2020-08-27 05:19:45 --> Controller "App\Controllers\SubjectMasters" loaded.
INFO - 2020-08-27 05:19:45 --> Fetching SubjectMasters details
INFO - 2020-08-27 05:19:45 --> Controller "App\Controllers\SubjectStandards" loaded.
INFO - 2020-08-27 05:19:45 --> Fetching Subjects details
INFO - 2020-08-27 08:43:42 --> Controller "App\Controllers\Boards" loaded.
INFO - 2020-08-27 08:43:42 --> Fetching Boards details
INFO - 2020-08-27 08:43:42 --> Controller "App\Controllers\Management" loaded.
INFO - 2020-08-27 08:43:42 --> Fetching All Management details
INFO - 2020-08-27 08:44:08 --> Controller "App\Controllers\ClassDetails" loaded.
INFO - 2020-08-27 08:44:08 --> Fetching Sections details
INFO - 2020-08-27 09:53:58 --> Controller "App\Controllers\FeesMasters" loaded.
INFO - 2020-08-27 09:53:58 --> Controller "App\Controllers\FeesMasters" loaded.
INFO - 2020-08-27 09:53:58 --> Fetching FeeMaster details
INFO - 2020-08-27 09:53:58 --> Controller "App\Controllers\Students" loaded.
INFO - 2020-08-27 09:53:58 --> Fetching FeeMaster details
INFO - 2020-08-27 09:53:58 --> Controller "App\Controllers\Sections" loaded.
INFO - 2020-08-27 09:53:58 --> Fetching All Leave details
INFO - 2020-08-27 09:53:58 --> Controller "App\Controllers\FeesMasters" loaded.
INFO - 2020-08-27 09:53:58 --> Controller "App\Controllers\Categories" loaded.
INFO - 2020-08-27 09:53:58 --> Fetching Sections details
INFO - 2020-08-27 09:53:58 --> Fetching Category details
INFO - 2020-08-27 09:53:58 --> Fetching FeeMaster details
INFO - 2020-08-27 09:53:58 --> Controller "App\Controllers\Sections" loaded.
INFO - 2020-08-27 09:53:58 --> Fetching Sections details
INFO - 2020-08-27 09:53:58 --> Controller "App\Controllers\FeeDashboard" loaded.
INFO - 2020-08-27 09:53:58 --> Fetching FeeDashboardDetails details
INFO - 2020-08-27 09:53:58 --> Controller "App\Controllers\Boards" loaded.
INFO - 2020-08-27 09:53:58 --> Controller "App\Controllers\FeeCollectionNonStudents" loaded.
INFO - 2020-08-27 09:53:58 --> Controller "App\Controllers\Vendors" loaded.
INFO - 2020-08-27 09:53:58 --> Fetching Boards details
INFO - 2020-08-27 09:53:58 --> Fetching vendor details
INFO - 2020-08-27 09:55:09 --> Controller "App\Controllers\ClassDetails" loaded.
INFO - 2020-08-27 09:55:09 --> Controller "App\Controllers\Students" loaded.
INFO - 2020-08-27 09:55:09 --> Controller "App\Controllers\Academicyears" loaded.
INFO - 2020-08-27 09:55:09 --> Fetching All Leave details
INFO - 2020-08-27 09:55:09 --> Fetching Academic year details
INFO - 2020-08-27 09:55:09 --> Fetching Sections details
INFO - 2020-08-27 09:55:09 --> Controller "App\Controllers\Boards" loaded.
INFO - 2020-08-27 09:55:09 --> Controller "App\Controllers\StudentDetails" loaded.
INFO - 2020-08-27 09:55:09 --> Controller "App\Controllers\Categories" loaded.
INFO - 2020-08-27 09:55:09 --> Fetching Boards details
INFO - 2020-08-27 09:55:09 --> Fetching Category details
INFO - 2020-08-27 09:55:09 --> Fetching All Leave details
INFO - 2020-08-27 09:55:10 --> Controller "App\Controllers\StudentDetails" loaded.
INFO - 2020-08-27 09:55:10 --> Controller "App\Controllers\ClassDetails" loaded.
INFO - 2020-08-27 09:55:10 --> Fetching All Leave details
INFO - 2020-08-27 09:55:10 --> Fetching Sections details
INFO - 2020-08-27 09:55:10 --> Controller "App\Controllers\StudentDetails" loaded.
INFO - 2020-08-27 09:55:10 --> Controller "App\Controllers\ClassDetails" loaded.
INFO - 2020-08-27 09:55:10 --> Controller "App\Controllers\ClassDetails" loaded.
INFO - 2020-08-27 09:55:10 --> Fetching All Leave details
INFO - 2020-08-27 09:55:10 --> Fetching Sections details
INFO - 2020-08-27 09:55:10 --> Fetching Sections details
INFO - 2020-08-27 09:55:17 --> Controller "App\Controllers\Students" loaded.
INFO - 2020-08-27 09:55:17 --> Fetching All Leave details
INFO - 2020-08-27 09:55:19 --> Controller "App\Controllers\Students" loaded.
INFO - 2020-08-27 09:55:19 --> Fetching All Leave details
INFO - 2020-08-27 09:55:19 --> Controller "App\Controllers\ClassDetails" loaded.
INFO - 2020-08-27 09:55:19 --> Fetching Sections details
INFO - 2020-08-27 09:55:42 --> Controller "App\Controllers\FeeNonAcademicCustoms" loaded.
INFO - 2020-08-27 09:55:56 --> Controller "App\Controllers\FeeNonAcademicCustoms" loaded.
INFO - 2020-08-27 10:12:32 --> Controller "App\Controllers\FeeNonAcademicCustoms" loaded.
INFO - 2020-08-27 10:13:18 --> Controller "App\Controllers\FeesMasters" loaded.
INFO - 2020-08-27 10:13:18 --> Controller "App\Controllers\FeesMasters" loaded.
INFO - 2020-08-27 10:13:18 --> Fetching FeeMaster details
INFO - 2020-08-27 10:13:18 --> Fetching FeeMaster details
INFO - 2020-08-27 10:13:18 --> Controller "App\Controllers\Sections" loaded.
INFO - 2020-08-27 10:13:18 --> Controller "App\Controllers\FeesMasters" loaded.
INFO - 2020-08-27 10:13:18 --> Controller "App\Controllers\Categories" loaded.
INFO - 2020-08-27 10:13:18 --> Controller "App\Controllers\Students" loaded.
INFO - 2020-08-27 10:13:18 --> Fetching Category details
INFO - 2020-08-27 10:13:18 --> Fetching FeeMaster details
INFO - 2020-08-27 10:13:18 --> Fetching Sections details
INFO - 2020-08-27 10:13:18 --> Fetching All Leave details
INFO - 2020-08-27 10:13:18 --> Controller "App\Controllers\FeeDashboard" loaded.
INFO - 2020-08-27 10:13:18 --> Controller "App\Controllers\Sections" loaded.
INFO - 2020-08-27 10:13:18 --> Fetching FeeDashboardDetails details
INFO - 2020-08-27 10:13:18 --> Fetching Sections details
INFO - 2020-08-27 10:13:18 --> Controller "App\Controllers\Boards" loaded.
INFO - 2020-08-27 10:13:18 --> Fetching Boards details
INFO - 2020-08-27 10:13:18 --> Controller "App\Controllers\FeeCollectionNonStudents" loaded.
INFO - 2020-08-27 10:13:18 --> Controller "App\Controllers\Vendors" loaded.
INFO - 2020-08-27 10:13:18 --> Fetching vendor details
INFO - 2020-08-27 10:13:58 --> Controller "App\Controllers\FeesMasters" loaded.
INFO - 2020-08-27 10:13:58 --> Controller "App\Controllers\Students" loaded.
INFO - 2020-08-27 10:13:58 --> Controller "App\Controllers\FeesMasters" loaded.
INFO - 2020-08-27 10:13:58 --> Fetching All Leave details
INFO - 2020-08-27 10:13:58 --> Controller "App\Controllers\FeesMasters" loaded.
INFO - 2020-08-27 10:13:58 --> Fetching FeeMaster details
INFO - 2020-08-27 10:13:58 --> Controller "App\Controllers\Sections" loaded.
INFO - 2020-08-27 10:13:58 --> Fetching FeeMaster details
INFO - 2020-08-27 10:13:58 --> Fetching FeeMaster details
INFO - 2020-08-27 10:13:58 --> Fetching Sections details
INFO - 2020-08-27 10:13:58 --> Controller "App\Controllers\Categories" loaded.
INFO - 2020-08-27 10:13:58 --> Fetching Category details
INFO - 2020-08-27 10:13:58 --> Controller "App\Controllers\FeeDashboard" loaded.
INFO - 2020-08-27 10:13:58 --> Controller "App\Controllers\Boards" loaded.
INFO - 2020-08-27 10:13:58 --> Controller "App\Controllers\FeeCollectionNonStudents" loaded.
INFO - 2020-08-27 10:13:58 --> Controller "App\Controllers\Sections" loaded.
INFO - 2020-08-27 10:13:58 --> Fetching Boards details
INFO - 2020-08-27 10:13:58 --> Fetching Sections details
INFO - 2020-08-27 10:13:58 --> Fetching FeeDashboardDetails details
INFO - 2020-08-27 10:13:58 --> Controller "App\Controllers\Vendors" loaded.
INFO - 2020-08-27 10:13:58 --> Fetching vendor details
INFO - 2020-08-27 10:14:54 --> Controller "App\Controllers\FeesMasters" loaded.
INFO - 2020-08-27 10:14:54 --> Fetching FeeMaster details
INFO - 2020-08-27 10:15:12 --> Controller "App\Controllers\FeesMasters" loaded.
INFO - 2020-08-27 10:15:12 --> Fetching FeeMaster details
INFO - 2020-08-27 10:21:00 --> Controller "App\Controllers\FeesMasters" loaded.
INFO - 2020-08-27 10:21:00 --> Fetching FeeMaster details
INFO - 2020-08-27 10:40:05 --> Controller "App\Controllers\FeeNonAcademicCustoms" loaded.
INFO - 2020-08-27 10:40:05 --> Fetching chapterData details
INFO - 2020-08-27 10:47:08 --> Controller "App\Controllers\FeeNonAcademicCustoms" loaded.
INFO - 2020-08-27 10:47:08 --> Updating customs details
INFO - 2020-08-27 10:47:12 --> Controller "App\Controllers\FeeNonAcademicCustoms" loaded.
INFO - 2020-08-27 10:47:12 --> Fetching chapterData details
INFO - 2020-08-27 10:47:37 --> Controller "App\Controllers\ClassDetails" loaded.
INFO - 2020-08-27 10:47:37 --> Fetching Sections details
INFO - 2020-08-27 11:47:51 --> Controller "App\Controllers\QuestionbankSetQuestionPapers" loaded.
INFO - 2020-08-27 11:51:33 --> Controller "App\Controllers\QuestionbankSetQuestionPapers" loaded.
INFO - 2020-08-27 11:51:47 --> Controller "App\Controllers\ClassDetails" loaded.
INFO - 2020-08-27 11:51:47 --> Fetching Sections details
INFO - 2020-08-27 11:51:48 --> Controller "App\Controllers\ClassDetails" loaded.
INFO - 2020-08-27 11:51:48 --> Fetching Sections details
INFO - 2020-08-27 11:51:50 --> Controller "App\Controllers\SubjectStandards" loaded.
INFO - 2020-08-27 11:51:50 --> Fetching Subjects details
INFO - 2020-08-27 11:51:54 --> Controller "App\Controllers\QuestionbankChapters" loaded.
INFO - 2020-08-27 11:51:54 --> Fetching chapterData details
INFO - 2020-08-27 11:51:59 --> Controller "App\Controllers\QuestionbankQuestions" loaded.
INFO - 2020-08-27 11:51:59 --> Fetching chapterData details
INFO - 2020-08-27 11:52:05 --> Controller "App\Controllers\QuestionbankQuestions" loaded.
INFO - 2020-08-27 11:52:05 --> Fetching chapterData details
INFO - 2020-08-27 12:01:32 --> Controller "App\Controllers\QuestionbankSetQuestionPapers" loaded.
INFO - 2020-08-27 12:11:57 --> Controller "App\Controllers\QuestionbankSetQuestionPapers" loaded.
INFO - 2020-08-27 12:22:09 --> Controller "App\Controllers\QuestionbankSetQuestionPapers" loaded.
INFO - 2020-08-27 12:22:46 --> Controller "App\Controllers\QuestionbankSetQuestionPapers" loaded.
INFO - 2020-08-27 12:23:54 --> Controller "App\Controllers\QuestionbankSetQuestionPapers" loaded.
INFO - 2020-08-27 12:30:55 --> Controller "App\Controllers\QuestionbankSetQuestionPapers" loaded.
ERROR - 2020-08-27 12:30:55 --> Unknown column 's.maeks' in 'field list'
INFO - 2020-08-27 12:33:32 --> Controller "App\Controllers\QuestionbankSetQuestionPapers" loaded.
ERROR - 2020-08-27 12:33:32 --> Unknown column 's.maeks' in 'field list'
INFO - 2020-08-27 12:35:01 --> Controller "App\Controllers\QuestionbankSetQuestionPapers" loaded.
ERROR - 2020-08-27 12:35:01 --> Unknown column 's.maeks' in 'field list'
INFO - 2020-08-27 12:36:33 --> Controller "App\Controllers\QuestionbankSetQuestionPapers" loaded.
ERROR - 2020-08-27 12:36:33 --> Unknown column 's.maeks' in 'field list'
INFO - 2020-08-27 12:37:54 --> Controller "App\Controllers\QuestionbankSetQuestionPapers" loaded.
CRITICAL - 2020-08-27 12:37:54 --> Call to a member function getResultArray() on string
#0 /var/www/html/server_4/app/Controllers/QuestionbankSetQuestionPapers.php(43): App\Models\Questionbank_Queries_model->getQuestionPaperData(Array)
#1 /var/www/html/server_4/app/Controllers/QuestionbankSetQuestionPapers.php(26): App\Controllers\QuestionbankSetQuestionPapers->getData(Array)
#2 /var/www/html/server_4/system/CodeIgniter.php(910): App\Controllers\QuestionbankSetQuestionPapers->insertData()
#3 /var/www/html/server_4/system/CodeIgniter.php(398): CodeIgniter\CodeIgniter->runController(Object(App\Controllers\QuestionbankSetQuestionPapers))
#4 /var/www/html/server_4/system/CodeIgniter.php(306): CodeIgniter\CodeIgniter->handleRequest(NULL, Object(Config\Cache), false)
#5 /var/www/html/server_4/public/index.php(45): CodeIgniter\CodeIgniter->run()
#6 {main}
INFO - 2020-08-27 12:39:53 --> Controller "App\Controllers\QuestionbankSetQuestionPapers" loaded.
CRITICAL - 2020-08-27 12:39:53 --> Call to a member function getResultArray() on string
#0 /var/www/html/server_4/app/Controllers/QuestionbankSetQuestionPapers.php(43): App\Models\Questionbank_Queries_model->getQuestionPaperData(Array)
#1 /var/www/html/server_4/app/Controllers/QuestionbankSetQuestionPapers.php(26): App\Controllers\QuestionbankSetQuestionPapers->getData(Array)
#2 /var/www/html/server_4/system/CodeIgniter.php(910): App\Controllers\QuestionbankSetQuestionPapers->insertData()
#3 /var/www/html/server_4/system/CodeIgniter.php(398): CodeIgniter\CodeIgniter->runController(Object(App\Controllers\QuestionbankSetQuestionPapers))
#4 /var/www/html/server_4/system/CodeIgniter.php(306): CodeIgniter\CodeIgniter->handleRequest(NULL, Object(Config\Cache), false)
#5 /var/www/html/server_4/public/index.php(45): CodeIgniter\CodeIgniter->run()
#6 {main}
INFO - 2020-08-27 12:41:40 --> Controller "App\Controllers\QuestionbankSetQuestionPapers" loaded.
INFO - 2020-08-27 12:41:40 --> Fetching questionpaper details
INFO - 2020-08-27 12:42:44 --> Controller "App\Controllers\QuestionbankSetQuestionPapers" loaded.
INFO - 2020-08-27 12:45:00 --> Controller "App\Controllers\QuestionbankSetQuestionPapers" loaded.
INFO - 2020-08-27 12:45:00 --> Fetching questionpaper details
INFO - 2020-08-27 12:57:26 --> Controller "App\Controllers\QuestionbankSetQuestionPapers" loaded.
INFO - 2020-08-27 12:57:26 --> Fetching questionpaper details
INFO - 2020-08-27 13:05:50 --> Controller "App\Controllers\QuestionbankSetQuestionPapers" loaded.
INFO - 2020-08-27 13:14:25 --> Controller "App\Controllers\QuestionbankSetQuestionPapers" loaded.
INFO - 2020-08-27 13:27:38 --> Controller "App\Controllers\QuestionbankSetQuestionPapers" loaded.
INFO - 2020-08-27 13:50:46 --> Controller "App\Controllers\QuestionbankSetQuestionPapers" loaded.
INFO - 2020-08-27 13:52:58 --> Controller "App\Controllers\QuestionbankSetQuestionPapers" loaded.
INFO - 2020-08-27 13:54:39 --> Controller "App\Controllers\QuestionbankSetQuestionPapers" loaded.
INFO - 2020-08-27 13:56:37 --> Controller "App\Controllers\QuestionbankSetQuestionPapers" loaded.
INFO - 2020-08-27 13:58:25 --> Controller "App\Controllers\QuestionbankSetQuestionPapers" loaded.
INFO - 2020-08-27 14:12:40 --> Controller "App\Controllers\QuestionbankSetQuestionPapers" loaded.
INFO - 2020-08-27 14:13:03 --> Controller "App\Controllers\QuestionbankQuestions" loaded.
INFO - 2020-08-27 14:13:03 --> Fetching chapterData details
INFO - 2020-08-27 14:23:20 --> Controller "App\Controllers\QuestionbankQuestions" loaded.
INFO - 2020-08-27 14:23:20 --> Fetching chapterData details
INFO - 2020-08-27 14:24:43 --> Controller "App\Controllers\ClassDetails" loaded.
INFO - 2020-08-27 14:24:43 --> Fetching Sections details
INFO - 2020-08-27 14:24:47 --> Controller "App\Controllers\QuestionbankChapters" loaded.
INFO - 2020-08-27 14:24:47 --> Fetching chapterData details
INFO - 2020-08-27 14:24:49 --> Controller "App\Controllers\QuestionbankQuestions" loaded.
INFO - 2020-08-27 14:24:49 --> Fetching chapterData details
INFO - 2020-08-27 14:25:24 --> Controller "App\Controllers\QuestionbankQuestions" loaded.
INFO - 2020-08-27 14:25:24 --> Controller "App\Controllers\QuestionbankQuestions" loaded.
INFO - 2020-08-27 14:25:24 --> Fetching chapterData details
INFO - 2020-08-27 14:25:31 --> Controller "App\Controllers\ClassDetails" loaded.
INFO - 2020-08-27 14:25:31 --> Fetching Sections details
INFO - 2020-08-27 14:25:32 --> Controller "App\Controllers\ClassDetails" loaded.
INFO - 2020-08-27 14:25:32 --> Fetching Sections details
INFO - 2020-08-27 14:25:33 --> Controller "App\Controllers\SubjectStandards" loaded.
INFO - 2020-08-27 14:25:33 --> Fetching Subjects details
INFO - 2020-08-27 14:25:35 --> Controller "App\Controllers\QuestionbankChapters" loaded.
INFO - 2020-08-27 14:25:35 --> Fetching chapterData details
INFO - 2020-08-27 14:25:37 --> Controller "App\Controllers\QuestionbankQuestions" loaded.
INFO - 2020-08-27 14:25:37 --> Fetching chapterData details
INFO - 2020-08-27 14:25:47 --> Controller "App\Controllers\QuestionbankQuestions" loaded.
INFO - 2020-08-27 14:25:47 --> Fetching chapterData details
INFO - 2020-08-27 14:27:37 --> Controller "App\Controllers\QuestionbankQuestions" loaded.
INFO - 2020-08-27 14:27:37 --> Fetching chapterData details
INFO - 2020-08-27 14:30:03 --> Controller "App\Controllers\QuestionbankSetQuestionPapers" loaded.
INFO - 2020-08-27 14:30:54 --> Controller "App\Controllers\QuestionbankSetQuestionPapers" loaded.
INFO - 2020-08-27 14:33:02 --> Controller "App\Controllers\QuestionbankSetQuestionPapers" loaded.
INFO - 2020-08-27 14:33:57 --> Controller "App\Controllers\QuestionbankSetQuestionPapers" loaded.
CRITICAL - 2020-08-27 14:33:57 --> Call to a member function getResultArray() on string
#0 /var/www/html/server_4/app/Models/Questionbank_Queries_model.php(207): App\Models\Questionbank_Queries_model->getQuestionData(Array)
#1 /var/www/html/server_4/app/Controllers/QuestionbankSetQuestionPapers.php(126): App\Models\Questionbank_Queries_model->getQuestionPaper(Array)
#2 /var/www/html/server_4/system/CodeIgniter.php(910): App\Controllers\QuestionbankSetQuestionPapers->getQuestionpapers()
#3 /var/www/html/server_4/system/CodeIgniter.php(398): CodeIgniter\CodeIgniter->runController(Object(App\Controllers\QuestionbankSetQuestionPapers))
#4 /var/www/html/server_4/system/CodeIgniter.php(306): CodeIgniter\CodeIgniter->handleRequest(NULL, Object(Config\Cache), false)
#5 /var/www/html/server_4/public/index.php(45): CodeIgniter\CodeIgniter->run()
#6 {main}
INFO - 2020-08-27 14:36:17 --> Controller "App\Controllers\QuestionbankSetQuestionPapers" loaded.
INFO - 2020-08-27 14:38:01 --> Controller "App\Controllers\QuestionbankSetQuestionPapers" loaded.
INFO - 2020-08-27 14:38:01 --> Fetching questionpaper details
INFO - 2020-08-27 14:38:41 --> Controller "App\Controllers\QuestionbankSetQuestionPapers" loaded.
INFO - 2020-08-27 14:38:46 --> Controller "App\Controllers\QuestionbankSetQuestionPapers" loaded.
INFO - 2020-08-27 14:38:52 --> Controller "App\Controllers\QuestionbankSetQuestionPapers" loaded.
INFO - 2020-08-27 14:41:26 --> Controller "App\Controllers\QuestionbankSetQuestionPapers" loaded.
INFO - 2020-08-27 14:42:43 --> Controller "App\Controllers\QuestionbankSetQuestionPapers" loaded.
INFO - 2020-08-27 14:44:58 --> Controller "App\Controllers\QuestionbankSetQuestionPapers" loaded.
INFO - 2020-08-27 14:46:27 --> Controller "App\Controllers\QuestionbankSetQuestionPapers" loaded.
INFO - 2020-08-27 14:51:33 --> Controller "App\Controllers\QuestionbankSetQuestionPapers" loaded.
INFO - 2020-08-27 14:53:11 --> Controller "App\Controllers\QuestionbankSetQuestionPapers" loaded.
INFO - 2020-08-27 14:56:50 --> Controller "App\Controllers\QuestionbankSetQuestionPapers" loaded.
INFO - 2020-08-27 15:00:51 --> Controller "App\Controllers\QuestionbankSetQuestionPapers" loaded.
INFO - 2020-08-27 15:02:13 --> Controller "App\Controllers\QuestionbankSetQuestionPapers" loaded.
INFO - 2020-08-27 15:08:56 --> Controller "App\Controllers\QuestionbankSetQuestionPapers" loaded.
INFO - 2020-08-27 15:09:18 --> Controller "App\Controllers\QuestionbankQuestions" loaded.
INFO - 2020-08-27 15:09:18 --> Fetching chapterData details
INFO - 2020-08-27 22:25:56 --> Controller "App\Controllers\Sections" loaded.
INFO - 2020-08-27 22:25:56 --> Controller "App\Controllers\Academicyears" loaded.
INFO - 2020-08-27 22:25:56 --> Controller "App\Controllers\Assignments" loaded.
INFO - 2020-08-27 22:25:56 --> Controller "App\Controllers\Assignments" loaded.
INFO - 2020-08-27 22:25:56 --> Controller "App\Controllers\SubjectStandards" loaded.
INFO - 2020-08-27 22:25:56 --> Controller "App\Controllers\Boards" loaded.
INFO - 2020-08-27 22:25:56 --> Fetching Assignments details
INFO - 2020-08-27 22:25:56 --> Fetching Subjects details
INFO - 2020-08-27 22:25:56 --> Fetching Academic year details
INFO - 2020-08-27 22:25:56 --> Fetching Boards details
INFO - 2020-08-27 22:25:56 --> Fetching Sections details
INFO - 2020-08-27 22:25:56 --> Fetching Assignments Details details
INFO - 2020-08-27 22:25:56 --> Controller "App\Controllers\Assignments" loaded.
INFO - 2020-08-27 22:25:56 --> Controller "App\Controllers\Assignments" loaded.
INFO - 2020-08-27 22:25:56 --> Fetching Assignments Id details
INFO - 2020-08-27 22:25:56 --> Controller "App\Controllers\Assignments" loaded.
INFO - 2020-08-27 22:25:56 --> Fetching Assignments Grade details
INFO - 2020-08-27 22:25:56 --> Controller "App\Controllers\Sections" loaded.
INFO - 2020-08-27 22:25:56 --> Controller "App\Controllers\Assignments" loaded.
INFO - 2020-08-27 22:25:56 --> Fetching Assignments Details details
INFO - 2020-08-27 22:25:56 --> Fetching Sections details
INFO - 2020-08-27 22:26:01 --> Controller "App\Controllers\Roles" loaded.
INFO - 2020-08-27 22:26:01 --> Controller "App\Controllers\Roles" loaded.
INFO - 2020-08-27 22:26:01 --> Fetching Permission details
INFO - 2020-08-27 22:26:01 --> Controller "App\Controllers\Roles" loaded.
INFO - 2020-08-27 22:26:01 --> Fetching Roles details
INFO - 2020-08-27 22:26:01 --> Fetching Assignments Details details
INFO - 2020-08-27 22:26:07 --> Controller "App\Controllers\Organizations" loaded.
INFO - 2020-08-27 22:26:07 --> Fetching Organizations details
INFO - 2020-08-27 22:26:55 --> Controller "App\Controllers\Organizations" loaded.
INFO - 2020-08-27 22:26:55 --> Fetching Organizations details
INFO - 2020-08-27 22:27:17 --> Controller "App\Controllers\Organizations" loaded.
INFO - 2020-08-27 22:27:17 --> Fetching Organizations details
INFO - 2020-08-27 22:27:40 --> Controller "App\Controllers\Organizations" loaded.
INFO - 2020-08-27 22:27:40 --> Fetching Organizations details
INFO - 2020-08-27 22:29:31 --> Controller "App\Controllers\Organizations" loaded.
INFO - 2020-08-27 22:29:31 --> Fetching Organizations details
INFO - 2020-08-27 23:49:16 --> Controller "App\Controllers\Users" loaded.
INFO - 2020-08-27 23:49:16 --> Fetching Users details
INFO - 2020-08-27 23:49:20 --> Controller "App\Controllers\Users" loaded.
INFO - 2020-08-27 23:49:20 --> Fetching Users details
