INFO - 2020-05-09 03:05:58 --> Controller "App\Controllers\Sections" loaded.
INFO - 2020-05-09 03:05:58 --> Controller "App\Controllers\SubjectMasters" loaded.
INFO - 2020-05-09 03:05:58 --> Fetching SubjectMasters details
INFO - 2020-05-09 03:05:58 --> Fetching Sections details
INFO - 2020-05-09 03:59:23 --> Controller "App\Controllers\SubjectMasters" loaded.
INFO - 2020-05-09 03:59:23 --> Controller "App\Controllers\Sections" loaded.
INFO - 2020-05-09 03:59:23 --> Fetching SubjectMasters details
INFO - 2020-05-09 03:59:23 --> Fetching Sections details
INFO - 2020-05-09 04:18:02 --> Controller "App\Controllers\Students" loaded.
INFO - 2020-05-09 04:18:02 --> Fetching All Leave details
INFO - 2020-05-09 04:18:09 --> Controller "App\Controllers\Students" loaded.
INFO - 2020-05-09 04:18:09 --> Fetching All Leave details
INFO - 2020-05-09 04:18:23 --> Controller "App\Controllers\Students" loaded.
INFO - 2020-05-09 04:18:23 --> Fetching All Leave details
INFO - 2020-05-09 04:24:15 --> Controller "App\Controllers\Sections" loaded.
INFO - 2020-05-09 04:24:15 --> Fetching Sections details
INFO - 2020-05-09 04:24:15 --> Controller "App\Controllers\MessageGroups" loaded.
INFO - 2020-05-09 04:24:15 --> Fetching MessageGroups details
INFO - 2020-05-09 04:24:15 --> Controller "App\Controllers\Dashboards" loaded.
INFO - 2020-05-09 04:24:15 --> Fetching Dashboard details
INFO - 2020-05-09 04:25:19 --> Controller "App\Controllers\Sections" loaded.
INFO - 2020-05-09 04:25:19 --> Fetching Sections details
INFO - 2020-05-09 04:25:19 --> Controller "App\Controllers\MessageGroups" loaded.
INFO - 2020-05-09 04:25:19 --> Controller "App\Controllers\Dashboards" loaded.
INFO - 2020-05-09 04:25:19 --> Fetching MessageGroups details
INFO - 2020-05-09 04:25:19 --> Fetching Dashboard details
INFO - 2020-05-09 04:33:17 --> Controller "App\Controllers\Sections" loaded.
INFO - 2020-05-09 04:33:17 --> Fetching Sections details
INFO - 2020-05-09 04:33:17 --> Controller "App\Controllers\Dashboards" loaded.
INFO - 2020-05-09 04:33:17 --> Controller "App\Controllers\MessageGroups" loaded.
INFO - 2020-05-09 04:33:17 --> Fetching MessageGroups details
INFO - 2020-05-09 04:33:17 --> Fetching Dashboard details
INFO - 2020-05-09 04:34:40 --> Controller "App\Controllers\Sections" loaded.
INFO - 2020-05-09 04:34:40 --> Fetching Sections details
INFO - 2020-05-09 04:34:40 --> Controller "App\Controllers\MessageGroups" loaded.
INFO - 2020-05-09 04:34:40 --> Fetching MessageGroups details
INFO - 2020-05-09 04:34:40 --> Controller "App\Controllers\Dashboards" loaded.
INFO - 2020-05-09 04:34:40 --> Fetching Dashboard details
INFO - 2020-05-09 04:56:12 --> Controller "App\Controllers\Sections" loaded.
INFO - 2020-05-09 04:56:12 --> Controller "App\Controllers\MessageGroups" loaded.
INFO - 2020-05-09 04:56:12 --> Fetching MessageGroups details
INFO - 2020-05-09 04:56:12 --> Fetching Sections details
INFO - 2020-05-09 04:56:12 --> Controller "App\Controllers\Dashboards" loaded.
INFO - 2020-05-09 04:56:12 --> Fetching Dashboard details
INFO - 2020-05-09 04:58:15 --> Controller "App\Controllers\Sections" loaded.
INFO - 2020-05-09 04:58:15 --> Fetching Sections details
INFO - 2020-05-09 04:58:15 --> Controller "App\Controllers\MessageGroups" loaded.
INFO - 2020-05-09 04:58:15 --> Controller "App\Controllers\Dashboards" loaded.
INFO - 2020-05-09 04:58:15 --> Fetching MessageGroups details
INFO - 2020-05-09 04:58:15 --> Fetching Dashboard details
INFO - 2020-05-09 05:00:39 --> Controller "App\Controllers\Sections" loaded.
INFO - 2020-05-09 05:00:39 --> Controller "App\Controllers\MessageGroups" loaded.
INFO - 2020-05-09 05:00:39 --> Fetching MessageGroups details
INFO - 2020-05-09 05:00:39 --> Fetching Sections details
INFO - 2020-05-09 05:00:39 --> Controller "App\Controllers\Dashboards" loaded.
INFO - 2020-05-09 05:00:39 --> Fetching Dashboard details
INFO - 2020-05-09 05:01:37 --> Controller "App\Controllers\Sections" loaded.
INFO - 2020-05-09 05:01:37 --> Fetching Sections details
INFO - 2020-05-09 05:01:37 --> Controller "App\Controllers\MessageGroups" loaded.
INFO - 2020-05-09 05:01:37 --> Fetching MessageGroups details
INFO - 2020-05-09 05:01:37 --> Controller "App\Controllers\Dashboards" loaded.
INFO - 2020-05-09 05:01:37 --> Fetching Dashboard details
INFO - 2020-05-09 05:15:42 --> Controller "App\Controllers\Sections" loaded.
INFO - 2020-05-09 05:15:42 --> Fetching Sections details
INFO - 2020-05-09 05:15:42 --> Controller "App\Controllers\MessageGroups" loaded.
INFO - 2020-05-09 05:15:42 --> Fetching MessageGroups details
INFO - 2020-05-09 05:15:42 --> Controller "App\Controllers\Dashboards" loaded.
INFO - 2020-05-09 05:15:42 --> Fetching Dashboard details
INFO - 2020-05-09 05:18:54 --> Controller "App\Controllers\Sections" loaded.
INFO - 2020-05-09 05:18:54 --> Controller "App\Controllers\MessageGroups" loaded.
INFO - 2020-05-09 05:18:54 --> Controller "App\Controllers\Dashboards" loaded.
INFO - 2020-05-09 05:18:54 --> Fetching MessageGroups details
INFO - 2020-05-09 05:18:54 --> Fetching Sections details
INFO - 2020-05-09 05:18:54 --> Fetching Dashboard details
INFO - 2020-05-09 05:23:04 --> Controller "App\Controllers\Sections" loaded.
INFO - 2020-05-09 05:23:04 --> Fetching Sections details
INFO - 2020-05-09 05:23:04 --> Controller "App\Controllers\MessageGroups" loaded.
INFO - 2020-05-09 05:23:04 --> Controller "App\Controllers\Dashboards" loaded.
INFO - 2020-05-09 05:23:04 --> Fetching MessageGroups details
INFO - 2020-05-09 05:23:04 --> Fetching Dashboard details
INFO - 2020-05-09 05:25:09 --> Controller "App\Controllers\Sections" loaded.
INFO - 2020-05-09 05:25:09 --> Controller "App\Controllers\MessageGroups" loaded.
INFO - 2020-05-09 05:25:09 --> Fetching MessageGroups details
INFO - 2020-05-09 05:25:09 --> Fetching Sections details
INFO - 2020-05-09 05:25:09 --> Controller "App\Controllers\Dashboards" loaded.
INFO - 2020-05-09 05:25:09 --> Fetching Dashboard details
INFO - 2020-05-09 05:27:29 --> Controller "App\Controllers\Sections" loaded.
INFO - 2020-05-09 05:27:29 --> Controller "App\Controllers\Dashboards" loaded.
INFO - 2020-05-09 05:27:29 --> Fetching Sections details
INFO - 2020-05-09 05:27:29 --> Controller "App\Controllers\MessageGroups" loaded.
INFO - 2020-05-09 05:27:29 --> Fetching MessageGroups details
INFO - 2020-05-09 05:27:29 --> Fetching Dashboard details
INFO - 2020-05-09 05:30:04 --> Controller "App\Controllers\Sections" loaded.
INFO - 2020-05-09 05:30:04 --> Fetching Sections details
INFO - 2020-05-09 05:30:04 --> Controller "App\Controllers\MessageGroups" loaded.
INFO - 2020-05-09 05:30:04 --> Fetching MessageGroups details
INFO - 2020-05-09 05:30:04 --> Controller "App\Controllers\Dashboards" loaded.
INFO - 2020-05-09 05:30:04 --> Fetching Dashboard details
INFO - 2020-05-09 05:30:35 --> Controller "App\Controllers\Sections" loaded.
INFO - 2020-05-09 05:30:35 --> Fetching Sections details
INFO - 2020-05-09 05:40:32 --> Controller "App\Controllers\Sections" loaded.
INFO - 2020-05-09 05:40:32 --> Controller "App\Controllers\MessageGroups" loaded.
INFO - 2020-05-09 05:40:32 --> Fetching MessageGroups details
INFO - 2020-05-09 05:40:32 --> Fetching Sections details
INFO - 2020-05-09 05:40:32 --> Controller "App\Controllers\Dashboards" loaded.
INFO - 2020-05-09 05:40:32 --> Fetching Dashboard details
INFO - 2020-05-09 05:44:27 --> Controller "App\Controllers\Sections" loaded.
INFO - 2020-05-09 05:44:27 --> Fetching Sections details
INFO - 2020-05-09 05:44:27 --> Controller "App\Controllers\MessageGroups" loaded.
INFO - 2020-05-09 05:44:27 --> Fetching MessageGroups details
INFO - 2020-05-09 05:44:27 --> Controller "App\Controllers\Dashboards" loaded.
INFO - 2020-05-09 05:44:27 --> Fetching Dashboard details
INFO - 2020-05-09 05:47:57 --> Controller "App\Controllers\Sections" loaded.
INFO - 2020-05-09 05:47:57 --> Controller "App\Controllers\MessageGroups" loaded.
INFO - 2020-05-09 05:47:57 --> Fetching MessageGroups details
INFO - 2020-05-09 05:47:57 --> Fetching Sections details
INFO - 2020-05-09 05:47:57 --> Controller "App\Controllers\Dashboards" loaded.
INFO - 2020-05-09 05:47:57 --> Fetching Dashboard details
INFO - 2020-05-09 05:48:06 --> Controller "App\Controllers\Sections" loaded.
INFO - 2020-05-09 05:48:06 --> Controller "App\Controllers\MessageGroups" loaded.
INFO - 2020-05-09 05:48:06 --> Fetching MessageGroups details
INFO - 2020-05-09 05:48:06 --> Controller "App\Controllers\Dashboards" loaded.
INFO - 2020-05-09 05:48:06 --> Fetching Sections details
INFO - 2020-05-09 05:48:06 --> Fetching Dashboard details
INFO - 2020-05-09 05:49:32 --> Controller "App\Controllers\Dashboards" loaded.
INFO - 2020-05-09 05:49:32 --> Fetching Dashboard details
INFO - 2020-05-09 05:50:59 --> Controller "App\Controllers\Sections" loaded.
INFO - 2020-05-09 05:50:59 --> Controller "App\Controllers\MessageGroups" loaded.
INFO - 2020-05-09 05:50:59 --> Fetching MessageGroups details
INFO - 2020-05-09 05:50:59 --> Fetching Sections details
INFO - 2020-05-09 05:50:59 --> Controller "App\Controllers\Dashboards" loaded.
INFO - 2020-05-09 05:50:59 --> Fetching Dashboard details
INFO - 2020-05-09 05:51:08 --> Controller "App\Controllers\Students" loaded.
INFO - 2020-05-09 05:51:08 --> Fetching All Leave details
INFO - 2020-05-09 05:51:16 --> Controller "App\Controllers\Students" loaded.
INFO - 2020-05-09 05:51:16 --> Fetching All Leave details
INFO - 2020-05-09 05:51:18 --> Controller "App\Controllers\Students" loaded.
INFO - 2020-05-09 05:51:18 --> Fetching All Leave details
INFO - 2020-05-09 05:51:20 --> Controller "App\Controllers\Students" loaded.
INFO - 2020-05-09 05:51:20 --> Fetching All Leave details
INFO - 2020-05-09 05:51:21 --> Controller "App\Controllers\Students" loaded.
INFO - 2020-05-09 05:51:21 --> Fetching All Leave details
INFO - 2020-05-09 05:51:23 --> Controller "App\Controllers\Students" loaded.
INFO - 2020-05-09 05:51:23 --> Fetching All Leave details
INFO - 2020-05-09 05:54:40 --> Controller "App\Controllers\Sections" loaded.
INFO - 2020-05-09 05:54:40 --> Controller "App\Controllers\MessageGroups" loaded.
INFO - 2020-05-09 05:54:40 --> Fetching MessageGroups details
INFO - 2020-05-09 05:54:40 --> Fetching Sections details
INFO - 2020-05-09 05:54:40 --> Controller "App\Controllers\Dashboards" loaded.
INFO - 2020-05-09 05:54:40 --> Fetching Dashboard details
INFO - 2020-05-09 05:54:48 --> Controller "App\Controllers\Students" loaded.
INFO - 2020-05-09 05:54:48 --> Fetching All Leave details
INFO - 2020-05-09 05:54:50 --> Controller "App\Controllers\Students" loaded.
INFO - 2020-05-09 05:54:50 --> Fetching All Leave details
INFO - 2020-05-09 05:54:51 --> Controller "App\Controllers\Students" loaded.
INFO - 2020-05-09 05:54:51 --> Fetching All Leave details
INFO - 2020-05-09 05:54:53 --> Controller "App\Controllers\Students" loaded.
INFO - 2020-05-09 05:54:53 --> Fetching All Leave details
INFO - 2020-05-09 05:54:54 --> Controller "App\Controllers\Students" loaded.
INFO - 2020-05-09 05:54:54 --> Fetching All Leave details
INFO - 2020-05-09 05:54:55 --> Controller "App\Controllers\Students" loaded.
INFO - 2020-05-09 05:54:55 --> Fetching All Leave details
INFO - 2020-05-09 05:56:47 --> Controller "App\Controllers\SubjectMasters" loaded.
INFO - 2020-05-09 05:56:47 --> Controller "App\Controllers\Sections" loaded.
INFO - 2020-05-09 05:56:47 --> Fetching SubjectMasters details
INFO - 2020-05-09 05:56:47 --> Fetching Sections details
INFO - 2020-05-09 05:56:50 --> Controller "App\Controllers\Sections" loaded.
INFO - 2020-05-09 05:56:50 --> Fetching Sections details
INFO - 2020-05-09 05:56:50 --> Controller "App\Controllers\MessageGroups" loaded.
INFO - 2020-05-09 05:56:50 --> Fetching MessageGroups details
INFO - 2020-05-09 05:57:15 --> Controller "App\Controllers\Sections" loaded.
INFO - 2020-05-09 05:57:15 --> Controller "App\Controllers\MessageGroups" loaded.
INFO - 2020-05-09 05:57:15 --> Fetching MessageGroups details
INFO - 2020-05-09 05:57:15 --> Fetching Sections details
INFO - 2020-05-09 05:57:15 --> Controller "App\Controllers\Dashboards" loaded.
INFO - 2020-05-09 05:57:15 --> Fetching Dashboard details
INFO - 2020-05-09 05:58:15 --> Controller "App\Controllers\Sections" loaded.
INFO - 2020-05-09 05:58:15 --> Fetching Sections details
INFO - 2020-05-09 05:58:15 --> Controller "App\Controllers\MessageGroups" loaded.
INFO - 2020-05-09 05:58:15 --> Controller "App\Controllers\Dashboards" loaded.
INFO - 2020-05-09 05:58:15 --> Fetching MessageGroups details
INFO - 2020-05-09 05:58:15 --> Fetching Dashboard details
INFO - 2020-05-09 05:59:20 --> Controller "App\Controllers\Sections" loaded.
INFO - 2020-05-09 05:59:20 --> Controller "App\Controllers\MessageGroups" loaded.
INFO - 2020-05-09 05:59:20 --> Fetching MessageGroups details
INFO - 2020-05-09 05:59:20 --> Fetching Sections details
INFO - 2020-05-09 05:59:20 --> Controller "App\Controllers\Dashboards" loaded.
INFO - 2020-05-09 05:59:20 --> Fetching Dashboard details
INFO - 2020-05-09 05:59:40 --> Controller "App\Controllers\Sections" loaded.
INFO - 2020-05-09 05:59:40 --> Fetching Sections details
INFO - 2020-05-09 05:59:40 --> Controller "App\Controllers\MessageGroups" loaded.
INFO - 2020-05-09 05:59:40 --> Fetching MessageGroups details
INFO - 2020-05-09 05:59:40 --> Controller "App\Controllers\Dashboards" loaded.
INFO - 2020-05-09 05:59:40 --> Fetching Dashboard details
INFO - 2020-05-09 06:00:43 --> Controller "App\Controllers\Sections" loaded.
INFO - 2020-05-09 06:00:43 --> Fetching Sections details
INFO - 2020-05-09 06:00:44 --> Controller "App\Controllers\MessageGroups" loaded.
INFO - 2020-05-09 06:00:44 --> Fetching MessageGroups details
INFO - 2020-05-09 06:00:44 --> Controller "App\Controllers\Dashboards" loaded.
INFO - 2020-05-09 06:00:44 --> Fetching Dashboard details
INFO - 2020-05-09 06:01:00 --> Controller "App\Controllers\Students" loaded.
INFO - 2020-05-09 06:01:00 --> Fetching All Leave details
INFO - 2020-05-09 06:02:24 --> Controller "App\Controllers\Sections" loaded.
INFO - 2020-05-09 06:02:24 --> Fetching Sections details
INFO - 2020-05-09 06:04:05 --> Controller "App\Controllers\Sections" loaded.
INFO - 2020-05-09 06:04:05 --> Controller "App\Controllers\MessageGroups" loaded.
INFO - 2020-05-09 06:04:05 --> Fetching MessageGroups details
INFO - 2020-05-09 06:04:05 --> Fetching Sections details
INFO - 2020-05-09 06:04:05 --> Controller "App\Controllers\Dashboards" loaded.
INFO - 2020-05-09 06:04:05 --> Fetching Dashboard details
INFO - 2020-05-09 06:04:20 --> Controller "App\Controllers\Students" loaded.
INFO - 2020-05-09 06:04:20 --> Fetching All Leave details
INFO - 2020-05-09 06:04:22 --> Controller "App\Controllers\Students" loaded.
INFO - 2020-05-09 06:04:22 --> Fetching All Leave details
INFO - 2020-05-09 06:04:25 --> Controller "App\Controllers\Students" loaded.
INFO - 2020-05-09 06:04:25 --> Fetching All Leave details
INFO - 2020-05-09 06:05:57 --> Controller "App\Controllers\Sections" loaded.
INFO - 2020-05-09 06:05:57 --> Fetching Sections details
INFO - 2020-05-09 06:05:57 --> Controller "App\Controllers\MessageGroups" loaded.
INFO - 2020-05-09 06:05:57 --> Fetching MessageGroups details
INFO - 2020-05-09 06:05:57 --> Controller "App\Controllers\Dashboards" loaded.
INFO - 2020-05-09 06:05:57 --> Fetching Dashboard details
INFO - 2020-05-09 06:06:18 --> Controller "App\Controllers\Students" loaded.
INFO - 2020-05-09 06:06:18 --> Fetching All Leave details
INFO - 2020-05-09 06:07:25 --> Controller "App\Controllers\Students" loaded.
INFO - 2020-05-09 06:07:25 --> Fetching All Leave details
INFO - 2020-05-09 06:07:27 --> Controller "App\Controllers\Students" loaded.
INFO - 2020-05-09 06:07:27 --> Fetching All Leave details
INFO - 2020-05-09 06:07:50 --> Controller "App\Controllers\MessageGroups" loaded.
INFO - 2020-05-09 06:07:50 --> Controller "App\Controllers\Sections" loaded.
INFO - 2020-05-09 06:07:50 --> Controller "App\Controllers\Dashboards" loaded.
INFO - 2020-05-09 06:07:50 --> Fetching MessageGroups details
INFO - 2020-05-09 06:07:50 --> Fetching Sections details
INFO - 2020-05-09 06:07:50 --> Fetching Dashboard details
INFO - 2020-05-09 06:08:04 --> Controller "App\Controllers\Students" loaded.
INFO - 2020-05-09 06:08:04 --> Fetching All Leave details
INFO - 2020-05-09 06:08:08 --> Controller "App\Controllers\Students" loaded.
INFO - 2020-05-09 06:08:08 --> Fetching All Leave details
INFO - 2020-05-09 06:08:11 --> Controller "App\Controllers\Students" loaded.
INFO - 2020-05-09 06:08:11 --> Fetching All Leave details
INFO - 2020-05-09 06:08:16 --> Controller "App\Controllers\Students" loaded.
INFO - 2020-05-09 06:08:16 --> Fetching All Leave details
INFO - 2020-05-09 06:08:18 --> Controller "App\Controllers\Students" loaded.
INFO - 2020-05-09 06:08:18 --> Fetching All Leave details
INFO - 2020-05-09 06:08:20 --> Controller "App\Controllers\Students" loaded.
INFO - 2020-05-09 06:08:20 --> Fetching All Leave details
INFO - 2020-05-09 06:08:22 --> Controller "App\Controllers\Students" loaded.
INFO - 2020-05-09 06:08:22 --> Fetching All Leave details
INFO - 2020-05-09 06:14:29 --> Controller "App\Controllers\Sections" loaded.
INFO - 2020-05-09 06:14:29 --> Fetching Sections details
INFO - 2020-05-09 06:14:30 --> Controller "App\Controllers\MessageGroups" loaded.
INFO - 2020-05-09 06:14:30 --> Fetching MessageGroups details
INFO - 2020-05-09 06:14:30 --> Controller "App\Controllers\Dashboards" loaded.
INFO - 2020-05-09 06:14:30 --> Fetching Dashboard details
INFO - 2020-05-09 06:17:30 --> Controller "App\Controllers\Sections" loaded.
INFO - 2020-05-09 06:17:30 --> Fetching Sections details
INFO - 2020-05-09 06:17:30 --> Controller "App\Controllers\MessageGroups" loaded.
INFO - 2020-05-09 06:17:30 --> Controller "App\Controllers\Dashboards" loaded.
INFO - 2020-05-09 06:17:30 --> Fetching MessageGroups details
INFO - 2020-05-09 06:17:30 --> Fetching Dashboard details
INFO - 2020-05-09 06:19:32 --> Controller "App\Controllers\Sections" loaded.
INFO - 2020-05-09 06:19:32 --> Controller "App\Controllers\MessageGroups" loaded.
INFO - 2020-05-09 06:19:32 --> Fetching MessageGroups details
INFO - 2020-05-09 06:19:32 --> Fetching Sections details
INFO - 2020-05-09 06:19:32 --> Controller "App\Controllers\Dashboards" loaded.
INFO - 2020-05-09 06:19:32 --> Fetching Dashboard details
INFO - 2020-05-09 06:24:28 --> Controller "App\Controllers\Sections" loaded.
INFO - 2020-05-09 06:24:28 --> Fetching Sections details
INFO - 2020-05-09 06:24:28 --> Controller "App\Controllers\MessageGroups" loaded.
INFO - 2020-05-09 06:24:28 --> Controller "App\Controllers\Dashboards" loaded.
INFO - 2020-05-09 06:24:28 --> Fetching MessageGroups details
INFO - 2020-05-09 06:24:28 --> Fetching Dashboard details
INFO - 2020-05-09 06:24:49 --> Controller "App\Controllers\MessageGroups" loaded.
INFO - 2020-05-09 06:24:49 --> Controller "App\Controllers\Sections" loaded.
INFO - 2020-05-09 06:24:49 --> Controller "App\Controllers\Dashboards" loaded.
INFO - 2020-05-09 06:24:49 --> Fetching MessageGroups details
INFO - 2020-05-09 06:24:49 --> Fetching Sections details
INFO - 2020-05-09 06:24:49 --> Fetching Dashboard details
INFO - 2020-05-09 06:24:55 --> Controller "App\Controllers\Students" loaded.
INFO - 2020-05-09 06:24:55 --> Fetching All Leave details
INFO - 2020-05-09 06:26:27 --> Controller "App\Controllers\Students" loaded.
INFO - 2020-05-09 06:26:27 --> Fetching All Leave details
INFO - 2020-05-09 07:13:43 --> Controller "App\Controllers\Users" loaded.
INFO - 2020-05-09 07:13:43 --> Fetching Users details
INFO - 2020-05-09 07:13:49 --> Controller "App\Controllers\Users" loaded.
INFO - 2020-05-09 07:13:49 --> Fetching Users details
INFO - 2020-05-09 07:15:36 --> Controller "App\Controllers\SubjectMasters" loaded.
INFO - 2020-05-09 07:15:36 --> Controller "App\Controllers\Sections" loaded.
INFO - 2020-05-09 07:15:36 --> Fetching SubjectMasters details
INFO - 2020-05-09 07:15:36 --> Fetching Sections details
INFO - 2020-05-09 07:15:48 --> Controller "App\Controllers\SubjectStandards" loaded.
INFO - 2020-05-09 07:15:48 --> Fetching Subjects details
INFO - 2020-05-09 07:17:22 --> Controller "App\Controllers\SubjectStandards" loaded.
INFO - 2020-05-09 07:17:22 --> Fetching Subjects details
INFO - 2020-05-09 07:17:23 --> Controller "App\Controllers\SubjectStandards" loaded.
INFO - 2020-05-09 07:17:23 --> Fetching Subjects details
INFO - 2020-05-09 07:17:30 --> Controller "App\Controllers\SubjectStandards" loaded.
INFO - 2020-05-09 07:17:30 --> Fetching Subjects details
INFO - 2020-05-09 07:17:44 --> Controller "App\Controllers\SubjectStandards" loaded.
INFO - 2020-05-09 07:17:44 --> Fetching Subjects details
INFO - 2020-05-09 07:17:45 --> Controller "App\Controllers\SubjectStandards" loaded.
INFO - 2020-05-09 07:17:45 --> Fetching Subjects details
INFO - 2020-05-09 07:17:46 --> Controller "App\Controllers\SubjectStandards" loaded.
INFO - 2020-05-09 07:17:46 --> Fetching Subjects details
INFO - 2020-05-09 07:20:14 --> Controller "App\Controllers\SubjectMasters" loaded.
INFO - 2020-05-09 07:20:14 --> Fetching SubjectMasters details
INFO - 2020-05-09 07:20:14 --> Controller "App\Controllers\Sections" loaded.
INFO - 2020-05-09 07:20:14 --> Fetching Sections details
INFO - 2020-05-09 07:20:20 --> Controller "App\Controllers\SubjectStandards" loaded.
INFO - 2020-05-09 07:20:20 --> Fetching Subjects details
INFO - 2020-05-09 07:20:51 --> Controller "App\Controllers\SubjectMasters" loaded.
INFO - 2020-05-09 07:20:51 --> Controller "App\Controllers\Sections" loaded.
INFO - 2020-05-09 07:20:51 --> Fetching SubjectMasters details
INFO - 2020-05-09 07:20:51 --> Fetching Sections details
INFO - 2020-05-09 07:20:57 --> Controller "App\Controllers\SubjectStandards" loaded.
INFO - 2020-05-09 07:20:57 --> Fetching Subjects details
INFO - 2020-05-09 07:35:25 --> Controller "App\Controllers\Sections" loaded.
INFO - 2020-05-09 07:35:25 --> Controller "App\Controllers\MessageGroups" loaded.
INFO - 2020-05-09 07:35:25 --> Fetching MessageGroups details
INFO - 2020-05-09 07:35:25 --> Fetching Sections details
INFO - 2020-05-09 07:35:30 --> Controller "App\Controllers\SubjectMasters" loaded.
INFO - 2020-05-09 07:35:30 --> Fetching SubjectMasters details
INFO - 2020-05-09 07:35:30 --> Controller "App\Controllers\Sections" loaded.
INFO - 2020-05-09 07:35:30 --> Fetching Sections details
INFO - 2020-05-09 07:35:36 --> Controller "App\Controllers\SubjectMasters" loaded.
INFO - 2020-05-09 07:35:36 --> Fetching SubjectMasters details
INFO - 2020-05-09 07:35:36 --> Controller "App\Controllers\Sections" loaded.
INFO - 2020-05-09 07:35:36 --> Fetching Sections details
INFO - 2020-05-09 07:36:16 --> Controller "App\Controllers\Sections" loaded.
INFO - 2020-05-09 07:36:16 --> Controller "App\Controllers\MessageGroups" loaded.
INFO - 2020-05-09 07:36:16 --> Fetching Sections details
INFO - 2020-05-09 07:36:16 --> Fetching MessageGroups details
INFO - 2020-05-09 07:36:16 --> Controller "App\Controllers\Dashboards" loaded.
INFO - 2020-05-09 07:36:16 --> Fetching Dashboard details
INFO - 2020-05-09 07:36:23 --> Controller "App\Controllers\Students" loaded.
INFO - 2020-05-09 07:36:23 --> Fetching All Leave details
INFO - 2020-05-09 07:36:25 --> Controller "App\Controllers\Students" loaded.
INFO - 2020-05-09 07:36:25 --> Fetching All Leave details
INFO - 2020-05-09 07:36:26 --> Controller "App\Controllers\Students" loaded.
INFO - 2020-05-09 07:36:26 --> Fetching All Leave details
INFO - 2020-05-09 07:36:27 --> Controller "App\Controllers\Students" loaded.
INFO - 2020-05-09 07:36:27 --> Fetching All Leave details
INFO - 2020-05-09 07:36:29 --> Controller "App\Controllers\Students" loaded.
INFO - 2020-05-09 07:36:29 --> Fetching All Leave details
INFO - 2020-05-09 07:36:30 --> Controller "App\Controllers\Students" loaded.
INFO - 2020-05-09 07:36:30 --> Fetching All Leave details
INFO - 2020-05-09 07:36:31 --> Controller "App\Controllers\Students" loaded.
INFO - 2020-05-09 07:36:31 --> Fetching All Leave details
INFO - 2020-05-09 07:36:33 --> Controller "App\Controllers\Students" loaded.
INFO - 2020-05-09 07:36:33 --> Fetching All Leave details
INFO - 2020-05-09 07:36:34 --> Controller "App\Controllers\Students" loaded.
INFO - 2020-05-09 07:36:34 --> Fetching All Leave details
INFO - 2020-05-09 07:36:45 --> Controller "App\Controllers\Students" loaded.
INFO - 2020-05-09 07:36:45 --> Fetching All Leave details
INFO - 2020-05-09 07:40:16 --> Controller "App\Controllers\Sections" loaded.
INFO - 2020-05-09 07:40:16 --> Controller "App\Controllers\MessageGroups" loaded.
INFO - 2020-05-09 07:40:16 --> Fetching MessageGroups details
INFO - 2020-05-09 07:40:16 --> Controller "App\Controllers\Dashboards" loaded.
INFO - 2020-05-09 07:40:16 --> Fetching Sections details
INFO - 2020-05-09 07:40:16 --> Fetching Dashboard details
INFO - 2020-05-09 07:42:39 --> Controller "App\Controllers\Sections" loaded.
INFO - 2020-05-09 07:42:39 --> Fetching Sections details
INFO - 2020-05-09 07:42:39 --> Controller "App\Controllers\MessageGroups" loaded.
INFO - 2020-05-09 07:42:39 --> Fetching MessageGroups details
INFO - 2020-05-09 07:42:39 --> Controller "App\Controllers\Dashboards" loaded.
INFO - 2020-05-09 07:42:39 --> Fetching Dashboard details
INFO - 2020-05-09 07:44:58 --> Controller "App\Controllers\MessageGroups" loaded.
INFO - 2020-05-09 07:44:58 --> Fetching MessageGroups details
INFO - 2020-05-09 07:44:58 --> Controller "App\Controllers\Sections" loaded.
INFO - 2020-05-09 07:44:58 --> Fetching Sections details
INFO - 2020-05-09 07:44:58 --> Controller "App\Controllers\Dashboards" loaded.
INFO - 2020-05-09 07:44:58 --> Fetching Dashboard details
INFO - 2020-05-09 07:45:30 --> Controller "App\Controllers\MessageGroups" loaded.
INFO - 2020-05-09 07:45:30 --> Controller "App\Controllers\Sections" loaded.
INFO - 2020-05-09 07:45:30 --> Fetching MessageGroups details
INFO - 2020-05-09 07:45:30 --> Controller "App\Controllers\Dashboards" loaded.
INFO - 2020-05-09 07:45:30 --> Fetching Sections details
INFO - 2020-05-09 07:45:30 --> Fetching Dashboard details
INFO - 2020-05-09 07:45:45 --> Controller "App\Controllers\Students" loaded.
INFO - 2020-05-09 07:45:45 --> Fetching All Leave details
INFO - 2020-05-09 07:45:46 --> Controller "App\Controllers\Students" loaded.
INFO - 2020-05-09 07:45:46 --> Fetching All Leave details
INFO - 2020-05-09 07:45:47 --> Controller "App\Controllers\Students" loaded.
INFO - 2020-05-09 07:45:47 --> Fetching All Leave details
INFO - 2020-05-09 07:59:32 --> Controller "App\Controllers\Sections" loaded.
INFO - 2020-05-09 07:59:32 --> Fetching Sections details
INFO - 2020-05-09 07:59:32 --> Controller "App\Controllers\MessageGroups" loaded.
INFO - 2020-05-09 07:59:32 --> Fetching MessageGroups details
INFO - 2020-05-09 07:59:32 --> Controller "App\Controllers\Dashboards" loaded.
INFO - 2020-05-09 07:59:32 --> Fetching Dashboard details
INFO - 2020-05-09 08:01:06 --> Controller "App\Controllers\Sections" loaded.
INFO - 2020-05-09 08:01:06 --> Controller "App\Controllers\MessageGroups" loaded.
INFO - 2020-05-09 08:01:06 --> Controller "App\Controllers\Dashboards" loaded.
INFO - 2020-05-09 08:01:06 --> Fetching MessageGroups details
INFO - 2020-05-09 08:01:06 --> Fetching Dashboard details
INFO - 2020-05-09 08:01:06 --> Fetching Sections details
INFO - 2020-05-09 08:01:16 --> Controller "App\Controllers\Students" loaded.
INFO - 2020-05-09 08:01:16 --> Fetching All Leave details
INFO - 2020-05-09 08:01:26 --> Controller "App\Controllers\Students" loaded.
INFO - 2020-05-09 08:01:26 --> Fetching All Leave details
INFO - 2020-05-09 08:01:28 --> Controller "App\Controllers\Students" loaded.
INFO - 2020-05-09 08:01:28 --> Fetching All Leave details
INFO - 2020-05-09 08:01:31 --> Controller "App\Controllers\Students" loaded.
INFO - 2020-05-09 08:01:31 --> Fetching All Leave details
INFO - 2020-05-09 08:01:32 --> Controller "App\Controllers\Students" loaded.
INFO - 2020-05-09 08:01:32 --> Fetching All Leave details
INFO - 2020-05-09 08:02:27 --> Controller "App\Controllers\Students" loaded.
INFO - 2020-05-09 08:02:27 --> Fetching All Leave details
INFO - 2020-05-09 08:06:47 --> Controller "App\Controllers\Sections" loaded.
INFO - 2020-05-09 08:06:47 --> Controller "App\Controllers\MessageGroups" loaded.
INFO - 2020-05-09 08:06:47 --> Fetching MessageGroups details
INFO - 2020-05-09 08:06:47 --> Controller "App\Controllers\Dashboards" loaded.
INFO - 2020-05-09 08:06:47 --> Fetching Sections details
INFO - 2020-05-09 08:06:47 --> Fetching Dashboard details
INFO - 2020-05-09 09:24:52 --> Controller "App\Controllers\SubjectMasters" loaded.
INFO - 2020-05-09 09:24:52 --> Fetching SubjectMasters details
INFO - 2020-05-09 09:24:53 --> Controller "App\Controllers\Sections" loaded.
INFO - 2020-05-09 09:24:53 --> Fetching Sections details
INFO - 2020-05-09 09:24:56 --> Controller "App\Controllers\MessageGroups" loaded.
INFO - 2020-05-09 09:24:56 --> Fetching MessageGroups details
INFO - 2020-05-09 09:24:56 --> Controller "App\Controllers\Sections" loaded.
INFO - 2020-05-09 09:24:56 --> Fetching Sections details
INFO - 2020-05-09 09:33:37 --> Controller "App\Controllers\SubjectMasters" loaded.
INFO - 2020-05-09 09:33:37 --> Fetching SubjectMasters details
INFO - 2020-05-09 09:33:37 --> Controller "App\Controllers\Sections" loaded.
INFO - 2020-05-09 09:33:37 --> Fetching Sections details
INFO - 2020-05-09 09:37:15 --> Controller "App\Controllers\Sections" loaded.
INFO - 2020-05-09 09:37:15 --> Fetching Sections details
INFO - 2020-05-09 09:37:15 --> Controller "App\Controllers\MessageGroups" loaded.
INFO - 2020-05-09 09:37:15 --> Fetching MessageGroups details
INFO - 2020-05-09 09:37:15 --> Controller "App\Controllers\Dashboards" loaded.
INFO - 2020-05-09 09:37:15 --> Fetching Dashboard details
INFO - 2020-05-09 09:37:23 --> Controller "App\Controllers\Sections" loaded.
INFO - 2020-05-09 09:37:23 --> Fetching Sections details
INFO - 2020-05-09 09:37:23 --> Controller "App\Controllers\MessageGroups" loaded.
INFO - 2020-05-09 09:37:23 --> Fetching MessageGroups details
INFO - 2020-05-09 09:37:23 --> Controller "App\Controllers\Dashboards" loaded.
INFO - 2020-05-09 09:37:23 --> Fetching Dashboard details
INFO - 2020-05-09 09:38:05 --> Controller "App\Controllers\Sections" loaded.
INFO - 2020-05-09 09:38:05 --> Fetching Sections details
INFO - 2020-05-09 09:38:05 --> Controller "App\Controllers\MessageGroups" loaded.
INFO - 2020-05-09 09:38:05 --> Fetching MessageGroups details
INFO - 2020-05-09 09:38:05 --> Controller "App\Controllers\Dashboards" loaded.
INFO - 2020-05-09 09:38:05 --> Fetching Dashboard details
INFO - 2020-05-09 09:38:16 --> Controller "App\Controllers\Sections" loaded.
INFO - 2020-05-09 09:38:16 --> Fetching Sections details
INFO - 2020-05-09 09:38:16 --> Controller "App\Controllers\MessageGroups" loaded.
INFO - 2020-05-09 09:38:16 --> Fetching MessageGroups details
INFO - 2020-05-09 09:38:16 --> Controller "App\Controllers\Dashboards" loaded.
INFO - 2020-05-09 09:38:16 --> Fetching Dashboard details
INFO - 2020-05-09 09:39:22 --> Controller "App\Controllers\Sections" loaded.
INFO - 2020-05-09 09:39:22 --> Fetching Sections details
INFO - 2020-05-09 09:39:22 --> Controller "App\Controllers\MessageGroups" loaded.
INFO - 2020-05-09 09:39:22 --> Fetching MessageGroups details
INFO - 2020-05-09 09:39:22 --> Controller "App\Controllers\Dashboards" loaded.
INFO - 2020-05-09 09:39:22 --> Fetching Dashboard details
INFO - 2020-05-09 09:46:13 --> Controller "App\Controllers\Sections" loaded.
INFO - 2020-05-09 09:46:13 --> Fetching Sections details
INFO - 2020-05-09 09:46:13 --> Controller "App\Controllers\MessageGroups" loaded.
INFO - 2020-05-09 09:46:13 --> Controller "App\Controllers\Dashboards" loaded.
INFO - 2020-05-09 09:46:13 --> Fetching MessageGroups details
INFO - 2020-05-09 09:46:13 --> Fetching Dashboard details
INFO - 2020-05-09 21:55:50 --> Controller "App\Controllers\Sections" loaded.
INFO - 2020-05-09 21:55:50 --> Fetching Sections details
INFO - 2020-05-09 21:55:50 --> Controller "App\Controllers\MessageGroups" loaded.
INFO - 2020-05-09 21:55:50 --> Fetching MessageGroups details
INFO - 2020-05-09 21:55:53 --> Controller "App\Controllers\SubjectMasters" loaded.
INFO - 2020-05-09 21:55:53 --> Controller "App\Controllers\Sections" loaded.
INFO - 2020-05-09 21:55:53 --> Fetching SubjectMasters details
INFO - 2020-05-09 21:55:53 --> Fetching Sections details
INFO - 2020-05-09 21:55:56 --> Controller "App\Controllers\Sections" loaded.
INFO - 2020-05-09 21:55:56 --> Fetching Sections details
INFO - 2020-05-09 21:55:56 --> Controller "App\Controllers\MessageGroups" loaded.
INFO - 2020-05-09 21:55:56 --> Fetching MessageGroups details
INFO - 2020-05-09 22:11:23 --> Controller "App\Controllers\Boards" loaded.
INFO - 2020-05-09 22:11:23 --> Fetching Boards details
INFO - 2020-05-09 22:11:23 --> Controller "App\Controllers\Institutions" loaded.
INFO - 2020-05-09 22:11:23 --> Fetching Institution details
INFO - 2020-05-09 22:11:31 --> Controller "App\Controllers\Rooms" loaded.
INFO - 2020-05-09 22:11:31 --> Fetching room details
INFO - 2020-05-09 22:11:45 --> Controller "App\Controllers\MessageGroups" loaded.
INFO - 2020-05-09 22:11:45 --> Fetching MessageGroups details
INFO - 2020-05-09 22:12:20 --> Controller "App\Controllers\Standards" loaded.
INFO - 2020-05-09 22:12:20 --> Fetching Standards details
INFO - 2020-05-09 22:12:20 --> Controller "App\Controllers\Boards" loaded.
INFO - 2020-05-09 22:12:20 --> Fetching Boards details
INFO - 2020-05-09 22:12:20 --> Controller "App\Controllers\Institutions" loaded.
INFO - 2020-05-09 22:12:20 --> Fetching Institution details
INFO - 2020-05-09 22:12:20 --> Controller "App\Controllers\Standards" loaded.
INFO - 2020-05-09 22:12:20 --> Fetching Standards details
INFO - 2020-05-09 22:12:20 --> Controller "App\Controllers\Standards" loaded.
INFO - 2020-05-09 22:12:20 --> Fetching Standards details
INFO - 2020-05-09 22:23:49 --> Controller "App\Controllers\Feedbacks" loaded.
INFO - 2020-05-09 22:23:49 --> Fetching Feedback details
INFO - 2020-05-09 22:26:40 --> Controller "App\Controllers\Feedbacks" loaded.
INFO - 2020-05-09 22:26:40 --> Fetching Feedback details
INFO - 2020-05-09 22:41:13 --> Controller "App\Controllers\Feedbacks" loaded.
INFO - 2020-05-09 22:41:13 --> Inserting Feedback details
INFO - 2020-05-09 22:52:29 --> Controller "App\Controllers\Feedbacks" loaded.
INFO - 2020-05-09 22:52:29 --> Inserting Feedback details
INFO - 2020-05-09 22:52:32 --> Controller "App\Controllers\Feedbacks" loaded.
INFO - 2020-05-09 22:52:32 --> Fetching Feedback details
INFO - 2020-05-09 22:52:45 --> Controller "App\Controllers\Feedbacks" loaded.
INFO - 2020-05-09 22:52:45 --> Fetching Feedback details
INFO - 2020-05-09 22:58:20 --> Controller "App\Controllers\Feedbacks" loaded.
INFO - 2020-05-09 22:58:20 --> Inserting Feedback details
INFO - 2020-05-09 22:59:28 --> Controller "App\Controllers\Feedbacks" loaded.
INFO - 2020-05-09 22:59:28 --> Inserting Feedback details
INFO - 2020-05-09 22:59:48 --> Controller "App\Controllers\Feedbacks" loaded.
INFO - 2020-05-09 22:59:48 --> Fetching Feedback details
INFO - 2020-05-09 23:00:01 --> Controller "App\Controllers\Feedbacks" loaded.
INFO - 2020-05-09 23:00:01 --> Fetching Feedback details
INFO - 2020-05-09 23:25:18 --> Controller "App\Controllers\FeesConfigs" loaded.
ERROR - 2020-05-09 23:25:18 --> Unknown column 'fc.no_of_installments' in 'field list'
INFO - 2020-05-09 23:26:55 --> Controller "App\Controllers\FeesConfigs" loaded.
ERROR - 2020-05-09 23:26:55 --> Unknown column 'i.id_institute' in 'where clause'
INFO - 2020-05-09 23:28:12 --> Controller "App\Controllers\FeesConfigs" loaded.
INFO - 2020-05-09 23:28:12 --> Fetching FeesConfigs details
INFO - 2020-05-09 23:30:52 --> Controller "App\Controllers\FeesConfigs" loaded.
INFO - 2020-05-09 23:30:52 --> Fetching FeesConfigs details
INFO - 2020-05-09 23:31:04 --> Controller "App\Controllers\FeesConfigs" loaded.
INFO - 2020-05-09 23:31:04 --> Fetching FeesConfigs details
INFO - 2020-05-09 23:31:15 --> Controller "App\Controllers\Standards" loaded.
INFO - 2020-05-09 23:31:15 --> Controller "App\Controllers\Boards" loaded.
INFO - 2020-05-09 23:31:15 --> Fetching Boards details
INFO - 2020-05-09 23:31:15 --> Fetching Standards details
INFO - 2020-05-09 23:31:15 --> Controller "App\Controllers\Standards" loaded.
INFO - 2020-05-09 23:31:16 --> Controller "App\Controllers\Institutions" loaded.
INFO - 2020-05-09 23:31:16 --> Fetching Institution details
INFO - 2020-05-09 23:31:16 --> Controller "App\Controllers\Standards" loaded.
INFO - 2020-05-09 23:31:16 --> Fetching Standards details
INFO - 2020-05-09 23:31:16 --> Fetching Standards details
INFO - 2020-05-09 23:37:13 --> Controller "App\Controllers\FeesMasters" loaded.
INFO - 2020-05-09 23:37:13 --> Fetching FeeMaster details
INFO - 2020-05-09 23:37:53 --> Controller "App\Controllers\FeesMasters" loaded.
INFO - 2020-05-09 23:37:53 --> Fetching FeeMaster details
INFO - 2020-05-09 23:40:54 --> Controller "App\Controllers\FeesMasters" loaded.
INFO - 2020-05-09 23:40:54 --> Fetching FeeMaster details
INFO - 2020-05-09 23:41:05 --> Controller "App\Controllers\FeesMasters" loaded.
INFO - 2020-05-09 23:41:05 --> Inserting FeeMaster details
INFO - 2020-05-09 23:54:15 --> Controller "App\Controllers\MessageGroups" loaded.
INFO - 2020-05-09 23:54:15 --> Fetching MessageGroups details
INFO - 2020-05-09 23:54:53 --> Controller "App\Controllers\MessageGroups" loaded.
INFO - 2020-05-09 23:54:53 --> Fetching MessageGroups details
INFO - 2020-05-09 23:55:12 --> Controller "App\Controllers\MessageGroups" loaded.
INFO - 2020-05-09 23:55:12 --> Inserting MessageGroups details
