INFO - 2020-04-23 00:26:57 --> Controller "App\Controllers\Vehicles" loaded.
INFO - 2020-04-23 00:26:57 --> Fetching Vehicles details
INFO - 2020-04-23 01:00:10 --> Controller "App\Controllers\Sections" loaded.
INFO - 2020-04-23 01:00:10 --> Fetching Sections details
INFO - 2020-04-23 01:00:11 --> Controller "App\Controllers\Circulars" loaded.
INFO - 2020-04-23 01:00:11 --> Fetching Circular details
INFO - 2020-04-23 01:12:13 --> Controller "App\Controllers\Sections" loaded.
INFO - 2020-04-23 01:12:13 --> Fetching Sections details
INFO - 2020-04-23 01:25:02 --> Controller "App\Controllers\Sections" loaded.
INFO - 2020-04-23 01:25:02 --> Fetching Sections details
INFO - 2020-04-23 01:26:05 --> Controller "App\Controllers\Sections" loaded.
INFO - 2020-04-23 01:26:05 --> Fetching Sections details
INFO - 2020-04-23 01:39:09 --> Controller "App\Controllers\SubjectStandards" loaded.
INFO - 2020-04-23 01:39:09 --> Fetching Subjects details
INFO - 2020-04-23 01:39:27 --> Controller "App\Controllers\Sections" loaded.
INFO - 2020-04-23 01:39:27 --> Fetching Sections details
INFO - 2020-04-23 02:15:21 --> Controller "App\Controllers\Sections" loaded.
INFO - 2020-04-23 02:15:21 --> Fetching Sections details
INFO - 2020-04-23 02:15:28 --> Controller "App\Controllers\Sections" loaded.
INFO - 2020-04-23 02:15:28 --> Fetching Sections details
INFO - 2020-04-23 02:18:33 --> Controller "App\Controllers\Sections" loaded.
INFO - 2020-04-23 02:18:33 --> Fetching Sections details
INFO - 2020-04-23 02:20:05 --> Controller "App\Controllers\Sections" loaded.
INFO - 2020-04-23 02:20:05 --> Fetching Sections details
INFO - 2020-04-23 02:22:51 --> Controller "App\Controllers\Sections" loaded.
INFO - 2020-04-23 02:22:51 --> Fetching Sections details
INFO - 2020-04-23 02:26:46 --> Controller "App\Controllers\Sections" loaded.
INFO - 2020-04-23 02:26:46 --> Fetching Sections details
INFO - 2020-04-23 02:28:03 --> Controller "App\Controllers\Sections" loaded.
INFO - 2020-04-23 02:28:03 --> Fetching Sections details
INFO - 2020-04-23 02:31:07 --> Controller "App\Controllers\Sections" loaded.
INFO - 2020-04-23 02:31:07 --> Fetching Sections details
INFO - 2020-04-23 02:32:56 --> Controller "App\Controllers\Sections" loaded.
INFO - 2020-04-23 02:32:56 --> Fetching Sections details
INFO - 2020-04-23 02:35:47 --> Controller "App\Controllers\Sections" loaded.
INFO - 2020-04-23 02:35:47 --> Fetching Sections details
INFO - 2020-04-23 02:44:28 --> Controller "App\Controllers\Sections" loaded.
INFO - 2020-04-23 02:44:28 --> Fetching Sections details
INFO - 2020-04-23 02:53:57 --> Controller "App\Controllers\Sections" loaded.
INFO - 2020-04-23 02:53:57 --> Fetching Sections details
INFO - 2020-04-23 02:55:50 --> Controller "App\Controllers\Sections" loaded.
INFO - 2020-04-23 02:55:50 --> Fetching Sections details
INFO - 2020-04-23 03:01:55 --> Controller "App\Controllers\Sections" loaded.
INFO - 2020-04-23 03:01:55 --> Fetching Sections details
INFO - 2020-04-23 03:03:33 --> Controller "App\Controllers\Sections" loaded.
INFO - 2020-04-23 03:03:33 --> Fetching Sections details
INFO - 2020-04-23 03:06:45 --> Controller "App\Controllers\Sections" loaded.
INFO - 2020-04-23 03:06:45 --> Fetching Sections details
INFO - 2020-04-23 03:07:46 --> Controller "App\Controllers\Sections" loaded.
INFO - 2020-04-23 03:07:46 --> Fetching Sections details
INFO - 2020-04-23 03:11:09 --> Controller "App\Controllers\Sections" loaded.
INFO - 2020-04-23 03:11:09 --> Fetching Sections details
INFO - 2020-04-23 03:25:55 --> Controller "App\Controllers\SubjectMasters" loaded.
INFO - 2020-04-23 03:25:55 --> Fetching SubjectMasters details
INFO - 2020-04-23 03:25:55 --> Controller "App\Controllers\Standards" loaded.
INFO - 2020-04-23 03:25:55 --> Fetching Standards Section details
INFO - 2020-04-23 03:26:30 --> Controller "App\Controllers\Sections" loaded.
INFO - 2020-04-23 03:26:30 --> Fetching Sections details
INFO - 2020-04-23 03:33:03 --> Controller "App\Controllers\Sections" loaded.
INFO - 2020-04-23 03:33:03 --> Fetching Sections details
INFO - 2020-04-23 03:34:18 --> Controller "App\Controllers\Sections" loaded.
INFO - 2020-04-23 03:34:18 --> Fetching Sections details
INFO - 2020-04-23 03:35:47 --> Controller "App\Controllers\Sections" loaded.
INFO - 2020-04-23 03:35:47 --> Fetching Sections details
INFO - 2020-04-23 03:36:25 --> Controller "App\Controllers\Sections" loaded.
INFO - 2020-04-23 03:36:25 --> Fetching Sections details
INFO - 2020-04-23 03:40:23 --> Controller "App\Controllers\Standards" loaded.
INFO - 2020-04-23 03:40:23 --> Fetching Standards Section details
INFO - 2020-04-23 03:40:23 --> Controller "App\Controllers\SubjectMasters" loaded.
INFO - 2020-04-23 03:40:23 --> Fetching SubjectMasters details
INFO - 2020-04-23 03:40:29 --> Controller "App\Controllers\SubjectMasters" loaded.
INFO - 2020-04-23 03:40:29 --> Fetching SubjectMasters details
INFO - 2020-04-23 03:49:57 --> Controller "App\Controllers\SubjectMasters" loaded.
INFO - 2020-04-23 03:49:57 --> Fetching SubjectMasters details
INFO - 2020-04-23 03:50:03 --> Controller "App\Controllers\Sections" loaded.
INFO - 2020-04-23 03:50:03 --> Fetching Sections details
INFO - 2020-04-23 03:50:03 --> Controller "App\Controllers\SubjectMasters" loaded.
INFO - 2020-04-23 03:50:03 --> Fetching SubjectMasters details
INFO - 2020-04-23 03:50:32 --> Controller "App\Controllers\Sections" loaded.
INFO - 2020-04-23 03:50:32 --> Fetching Sections details
INFO - 2020-04-23 03:50:32 --> Controller "App\Controllers\SubjectMasters" loaded.
INFO - 2020-04-23 03:50:32 --> Fetching SubjectMasters details
INFO - 2020-04-23 04:02:38 --> Controller "App\Controllers\Sections" loaded.
INFO - 2020-04-23 04:02:38 --> Fetching Sections details
INFO - 2020-04-23 04:10:03 --> Controller "App\Controllers\FeesMasters" loaded.
INFO - 2020-04-23 04:10:03 --> Fetching FeeMaster details
INFO - 2020-04-23 04:10:27 --> Controller "App\Controllers\Vehicles" loaded.
INFO - 2020-04-23 04:17:54 --> Controller "App\Controllers\Students" loaded.
INFO - 2020-04-23 04:17:54 --> Inserting Student details
INFO - 2020-04-23 04:42:56 --> Controller "App\Controllers\Sections" loaded.
INFO - 2020-04-23 04:42:56 --> Fetching Sections details
INFO - 2020-04-23 04:42:56 --> Controller "App\Controllers\SubjectMasters" loaded.
INFO - 2020-04-23 04:42:56 --> Fetching SubjectMasters details
INFO - 2020-04-23 04:43:38 --> Controller "App\Controllers\SubjectStandards" loaded.
INFO - 2020-04-23 04:43:38 --> Fetching Subjects details
INFO - 2020-04-23 04:43:38 --> Controller "App\Controllers\Sections" loaded.
INFO - 2020-04-23 04:43:38 --> Fetching Sections details
INFO - 2020-04-23 04:43:40 --> Controller "App\Controllers\SubjectMasters" loaded.
INFO - 2020-04-23 04:43:40 --> Fetching SubjectMasters details
INFO - 2020-04-23 04:47:16 --> Controller "App\Controllers\SubjectStandards" loaded.
INFO - 2020-04-23 04:47:16 --> Fetching Subjects details
INFO - 2020-04-23 04:47:16 --> Controller "App\Controllers\Sections" loaded.
INFO - 2020-04-23 04:47:16 --> Fetching Sections details
INFO - 2020-04-23 04:47:16 --> Controller "App\Controllers\SubjectMasters" loaded.
INFO - 2020-04-23 04:47:16 --> Fetching SubjectMasters details
INFO - 2020-04-23 04:54:50 --> Controller "App\Controllers\Sections" loaded.
INFO - 2020-04-23 04:54:50 --> Fetching Sections details
INFO - 2020-04-23 04:54:50 --> Controller "App\Controllers\SubjectMasters" loaded.
INFO - 2020-04-23 04:54:50 --> Fetching SubjectMasters details
INFO - 2020-04-23 04:54:50 --> Controller "App\Controllers\SubjectStandards" loaded.
INFO - 2020-04-23 04:54:50 --> Fetching Subjects details
INFO - 2020-04-23 04:56:00 --> Controller "App\Controllers\SubjectStandards" loaded.
INFO - 2020-04-23 04:56:00 --> Fetching Subjects details
INFO - 2020-04-23 04:56:00 --> Controller "App\Controllers\SubjectMasters" loaded.
INFO - 2020-04-23 04:56:00 --> Fetching SubjectMasters details
INFO - 2020-04-23 04:56:00 --> Controller "App\Controllers\Sections" loaded.
INFO - 2020-04-23 04:56:00 --> Fetching Sections details
INFO - 2020-04-23 05:00:00 --> Controller "App\Controllers\Sections" loaded.
INFO - 2020-04-23 05:00:00 --> Fetching Sections details
INFO - 2020-04-23 05:00:00 --> Controller "App\Controllers\SubjectStandards" loaded.
INFO - 2020-04-23 05:00:00 --> Fetching Subjects details
INFO - 2020-04-23 05:00:00 --> Controller "App\Controllers\SubjectMasters" loaded.
INFO - 2020-04-23 05:00:00 --> Fetching SubjectMasters details
INFO - 2020-04-23 05:01:24 --> Controller "App\Controllers\Users" loaded.
INFO - 2020-04-23 05:01:24 --> Fetching Users details
INFO - 2020-04-23 05:01:33 --> Controller "App\Controllers\Users" loaded.
INFO - 2020-04-23 05:01:33 --> Fetching Users details
INFO - 2020-04-23 05:01:48 --> Controller "App\Controllers\Users" loaded.
INFO - 2020-04-23 05:01:48 --> Fetching Users details
INFO - 2020-04-23 05:02:20 --> Controller "App\Controllers\Users" loaded.
INFO - 2020-04-23 05:02:20 --> Fetching Users details
INFO - 2020-04-23 05:02:21 --> Controller "App\Controllers\Users" loaded.
INFO - 2020-04-23 05:02:21 --> Fetching Users details
INFO - 2020-04-23 05:02:46 --> Controller "App\Controllers\SubjectMasters" loaded.
INFO - 2020-04-23 05:02:46 --> Controller "App\Controllers\Sections" loaded.
INFO - 2020-04-23 05:02:46 --> Fetching SubjectMasters details
INFO - 2020-04-23 05:02:46 --> Fetching Sections details
INFO - 2020-04-23 05:02:46 --> Controller "App\Controllers\SubjectStandards" loaded.
INFO - 2020-04-23 05:02:46 --> Fetching Subjects details
INFO - 2020-04-23 05:04:51 --> Controller "App\Controllers\Sections" loaded.
INFO - 2020-04-23 05:04:51 --> Fetching Sections details
INFO - 2020-04-23 05:04:53 --> Controller "App\Controllers\SubjectStandards" loaded.
INFO - 2020-04-23 05:04:53 --> Fetching Subjects details
INFO - 2020-04-23 05:05:16 --> Controller "App\Controllers\SubjectMasters" loaded.
INFO - 2020-04-23 05:05:16 --> Fetching SubjectMasters details
INFO - 2020-04-23 05:09:10 --> Controller "App\Controllers\Users" loaded.
INFO - 2020-04-23 05:09:10 --> Fetching Users details
INFO - 2020-04-23 05:09:16 --> Controller "App\Controllers\Users" loaded.
INFO - 2020-04-23 05:09:16 --> Fetching Users details
INFO - 2020-04-23 05:09:17 --> Controller "App\Controllers\Users" loaded.
INFO - 2020-04-23 05:09:17 --> Fetching Users details
INFO - 2020-04-23 05:12:01 --> Controller "App\Controllers\Users" loaded.
INFO - 2020-04-23 05:12:01 --> Fetching Users details
INFO - 2020-04-23 05:12:02 --> Controller "App\Controllers\Users" loaded.
INFO - 2020-04-23 05:12:02 --> Fetching Users details
INFO - 2020-04-23 05:12:03 --> Controller "App\Controllers\Users" loaded.
INFO - 2020-04-23 05:12:03 --> Fetching Users details
INFO - 2020-04-23 05:12:17 --> Controller "App\Controllers\Users" loaded.
INFO - 2020-04-23 05:12:17 --> Fetching Users details
INFO - 2020-04-23 05:12:18 --> Controller "App\Controllers\Users" loaded.
INFO - 2020-04-23 05:12:18 --> Fetching Users details
INFO - 2020-04-23 05:12:18 --> Controller "App\Controllers\Users" loaded.
INFO - 2020-04-23 05:12:18 --> Fetching Users details
INFO - 2020-04-23 05:15:01 --> Controller "App\Controllers\Users" loaded.
INFO - 2020-04-23 05:15:01 --> Fetching Users details
INFO - 2020-04-23 05:15:04 --> Controller "App\Controllers\Users" loaded.
INFO - 2020-04-23 05:15:04 --> Fetching Users details
INFO - 2020-04-23 05:15:04 --> Controller "App\Controllers\Users" loaded.
INFO - 2020-04-23 05:15:04 --> Fetching Users details
INFO - 2020-04-23 05:15:05 --> Controller "App\Controllers\Users" loaded.
INFO - 2020-04-23 05:15:05 --> Fetching Users details
INFO - 2020-04-23 05:15:06 --> Controller "App\Controllers\Users" loaded.
INFO - 2020-04-23 05:15:06 --> Fetching Users details
INFO - 2020-04-23 05:15:07 --> Controller "App\Controllers\Users" loaded.
INFO - 2020-04-23 05:15:07 --> Fetching Users details
INFO - 2020-04-23 05:15:41 --> Controller "App\Controllers\Users" loaded.
INFO - 2020-04-23 05:15:41 --> Fetching Users details
INFO - 2020-04-23 05:15:42 --> Controller "App\Controllers\Users" loaded.
INFO - 2020-04-23 05:15:42 --> Fetching Users details
INFO - 2020-04-23 05:15:56 --> Controller "App\Controllers\Users" loaded.
INFO - 2020-04-23 05:15:56 --> Fetching Users details
INFO - 2020-04-23 05:15:57 --> Controller "App\Controllers\Users" loaded.
INFO - 2020-04-23 05:15:57 --> Fetching Users details
INFO - 2020-04-23 05:15:58 --> Controller "App\Controllers\Users" loaded.
INFO - 2020-04-23 05:15:58 --> Fetching Users details
INFO - 2020-04-23 05:15:59 --> Controller "App\Controllers\Users" loaded.
INFO - 2020-04-23 05:15:59 --> Fetching Users details
INFO - 2020-04-23 05:16:00 --> Controller "App\Controllers\Users" loaded.
INFO - 2020-04-23 05:16:00 --> Fetching Users details
INFO - 2020-04-23 05:16:00 --> Controller "App\Controllers\Users" loaded.
INFO - 2020-04-23 05:16:00 --> Fetching Users details
INFO - 2020-04-23 05:52:59 --> Controller "App\Controllers\SubjectMasters" loaded.
CRITICAL - 2020-04-23 05:52:59 --> Argument 3 passed to log_message() must be of the type array, null given, called in /var/www/html/server_4/app/Controllers/SubjectMasters.php on line 53
#0 /var/www/html/server_4/app/Controllers/SubjectMasters.php(53): log_message('info', 'Inserting Subje...', NULL)
#1 /var/www/html/server_4/system/CodeIgniter.php(910): App\Controllers\SubjectMasters->insert_subjectmaster()
#2 /var/www/html/server_4/system/CodeIgniter.php(398): CodeIgniter\CodeIgniter->runController(Object(App\Controllers\SubjectMasters))
#3 /var/www/html/server_4/system/CodeIgniter.php(306): CodeIgniter\CodeIgniter->handleRequest(NULL, Object(Config\Cache), false)
#4 /var/www/html/server_4/public/index.php(45): CodeIgniter\CodeIgniter->run()
#5 {main}
INFO - 2020-04-23 05:55:27 --> Controller "App\Controllers\SubjectMasters" loaded.
CRITICAL - 2020-04-23 05:55:27 --> Argument 3 passed to log_message() must be of the type array, null given, called in /var/www/html/server_4/app/Controllers/SubjectMasters.php on line 53
#0 /var/www/html/server_4/app/Controllers/SubjectMasters.php(53): log_message('info', 'Inserting Subje...', NULL)
#1 /var/www/html/server_4/system/CodeIgniter.php(910): App\Controllers\SubjectMasters->insert_subjectmaster()
#2 /var/www/html/server_4/system/CodeIgniter.php(398): CodeIgniter\CodeIgniter->runController(Object(App\Controllers\SubjectMasters))
#3 /var/www/html/server_4/system/CodeIgniter.php(306): CodeIgniter\CodeIgniter->handleRequest(NULL, Object(Config\Cache), false)
#4 /var/www/html/server_4/public/index.php(45): CodeIgniter\CodeIgniter->run()
#5 {main}
INFO - 2020-04-23 05:56:31 --> Controller "App\Controllers\SubjectStandards" loaded.
INFO - 2020-04-23 05:56:31 --> Inserting Subjects details
INFO - 2020-04-23 05:56:32 --> Controller "App\Controllers\SubjectStandards" loaded.
INFO - 2020-04-23 05:56:32 --> Fetching Subjects details
INFO - 2020-04-23 05:56:43 --> Controller "App\Controllers\SubjectMasters" loaded.
INFO - 2020-04-23 05:56:43 --> Deleting SubjectMasters details
INFO - 2020-04-23 05:56:43 --> Controller "App\Controllers\SubjectMasters" loaded.
INFO - 2020-04-23 05:56:43 --> Deleting SubjectMasters details
INFO - 2020-04-23 05:56:44 --> Controller "App\Controllers\SubjectStandards" loaded.
INFO - 2020-04-23 05:56:44 --> Fetching Subjects details
INFO - 2020-04-23 05:56:44 --> Controller "App\Controllers\SubjectStandards" loaded.
INFO - 2020-04-23 05:56:44 --> Fetching Subjects details
INFO - 2020-04-23 05:56:46 --> Controller "App\Controllers\SubjectMasters" loaded.
INFO - 2020-04-23 05:56:46 --> Deleting SubjectMasters details
INFO - 2020-04-23 05:56:47 --> Controller "App\Controllers\SubjectStandards" loaded.
INFO - 2020-04-23 05:56:47 --> Fetching Subjects details
INFO - 2020-04-23 05:56:48 --> Controller "App\Controllers\SubjectMasters" loaded.
INFO - 2020-04-23 05:56:48 --> Deleting SubjectMasters details
INFO - 2020-04-23 05:56:49 --> Controller "App\Controllers\SubjectMasters" loaded.
INFO - 2020-04-23 05:56:49 --> Deleting SubjectMasters details
INFO - 2020-04-23 05:56:49 --> Controller "App\Controllers\SubjectStandards" loaded.
INFO - 2020-04-23 05:56:49 --> Fetching Subjects details
INFO - 2020-04-23 05:56:49 --> Controller "App\Controllers\SubjectStandards" loaded.
INFO - 2020-04-23 05:56:49 --> Fetching Subjects details
INFO - 2020-04-23 05:56:49 --> Controller "App\Controllers\SubjectMasters" loaded.
INFO - 2020-04-23 05:56:49 --> Deleting SubjectMasters details
INFO - 2020-04-23 05:56:50 --> Controller "App\Controllers\SubjectMasters" loaded.
INFO - 2020-04-23 05:56:50 --> Deleting SubjectMasters details
INFO - 2020-04-23 05:56:50 --> Controller "App\Controllers\SubjectStandards" loaded.
INFO - 2020-04-23 05:56:50 --> Fetching Subjects details
INFO - 2020-04-23 05:56:51 --> Controller "App\Controllers\SubjectStandards" loaded.
INFO - 2020-04-23 05:56:51 --> Fetching Subjects details
INFO - 2020-04-23 05:56:51 --> Controller "App\Controllers\SubjectMasters" loaded.
INFO - 2020-04-23 05:56:51 --> Deleting SubjectMasters details
INFO - 2020-04-23 05:56:52 --> Controller "App\Controllers\SubjectMasters" loaded.
INFO - 2020-04-23 05:56:52 --> Deleting SubjectMasters details
INFO - 2020-04-23 05:56:52 --> Controller "App\Controllers\SubjectMasters" loaded.
INFO - 2020-04-23 05:56:52 --> Deleting SubjectMasters details
INFO - 2020-04-23 05:56:53 --> Controller "App\Controllers\SubjectMasters" loaded.
INFO - 2020-04-23 05:56:53 --> Deleting SubjectMasters details
INFO - 2020-04-23 05:56:53 --> Controller "App\Controllers\SubjectStandards" loaded.
INFO - 2020-04-23 05:56:53 --> Fetching Subjects details
INFO - 2020-04-23 05:56:53 --> Controller "App\Controllers\SubjectMasters" loaded.
INFO - 2020-04-23 05:56:53 --> Deleting SubjectMasters details
INFO - 2020-04-23 05:56:54 --> Controller "App\Controllers\SubjectStandards" loaded.
INFO - 2020-04-23 05:56:54 --> Fetching Subjects details
INFO - 2020-04-23 05:56:54 --> Controller "App\Controllers\SubjectStandards" loaded.
INFO - 2020-04-23 05:56:54 --> Fetching Subjects details
INFO - 2020-04-23 05:56:54 --> Controller "App\Controllers\SubjectStandards" loaded.
INFO - 2020-04-23 05:56:54 --> Fetching Subjects details
INFO - 2020-04-23 05:56:54 --> Controller "App\Controllers\SubjectStandards" loaded.
INFO - 2020-04-23 05:56:54 --> Fetching Subjects details
INFO - 2020-04-23 06:12:59 --> Controller "App\Controllers\Users" loaded.
INFO - 2020-04-23 06:12:59 --> Fetching Users details
INFO - 2020-04-23 06:13:10 --> Controller "App\Controllers\Users" loaded.
INFO - 2020-04-23 06:13:10 --> Fetching Users details
INFO - 2020-04-23 06:13:14 --> Controller "App\Controllers\Users" loaded.
INFO - 2020-04-23 06:13:14 --> Fetching Users details
INFO - 2020-04-23 06:13:15 --> Controller "App\Controllers\Users" loaded.
INFO - 2020-04-23 06:13:15 --> Fetching Users details
INFO - 2020-04-23 06:13:16 --> Controller "App\Controllers\Users" loaded.
INFO - 2020-04-23 06:13:16 --> Fetching Users details
INFO - 2020-04-23 06:13:17 --> Controller "App\Controllers\Users" loaded.
INFO - 2020-04-23 06:13:17 --> Fetching Users details
INFO - 2020-04-23 06:13:18 --> Controller "App\Controllers\Users" loaded.
INFO - 2020-04-23 06:13:18 --> Fetching Users details
INFO - 2020-04-23 06:13:19 --> Controller "App\Controllers\Users" loaded.
INFO - 2020-04-23 06:13:19 --> Fetching Users details
INFO - 2020-04-23 06:13:31 --> Controller "App\Controllers\Users" loaded.
INFO - 2020-04-23 06:13:31 --> Fetching Users details
INFO - 2020-04-23 06:13:46 --> Controller "App\Controllers\Users" loaded.
INFO - 2020-04-23 06:13:46 --> Fetching Users details
INFO - 2020-04-23 06:14:05 --> Controller "App\Controllers\Users" loaded.
INFO - 2020-04-23 06:14:05 --> Fetching Users details
INFO - 2020-04-23 06:15:00 --> Controller "App\Controllers\Users" loaded.
INFO - 2020-04-23 06:15:00 --> Fetching Users details
INFO - 2020-04-23 06:15:18 --> Controller "App\Controllers\Users" loaded.
INFO - 2020-04-23 06:15:18 --> Fetching Users details
INFO - 2020-04-23 06:16:12 --> Controller "App\Controllers\Users" loaded.
INFO - 2020-04-23 06:16:12 --> Fetching Users details
INFO - 2020-04-23 06:16:14 --> Controller "App\Controllers\Users" loaded.
INFO - 2020-04-23 06:16:14 --> Fetching Users details
INFO - 2020-04-23 06:16:31 --> Controller "App\Controllers\Users" loaded.
INFO - 2020-04-23 06:16:31 --> Fetching Users details
INFO - 2020-04-23 06:18:21 --> Controller "App\Controllers\Users" loaded.
INFO - 2020-04-23 06:18:21 --> Fetching Users details
INFO - 2020-04-23 06:20:57 --> Controller "App\Controllers\Users" loaded.
INFO - 2020-04-23 06:20:57 --> Fetching Users details
INFO - 2020-04-23 06:21:06 --> Controller "App\Controllers\Users" loaded.
INFO - 2020-04-23 06:21:06 --> Fetching Users details
INFO - 2020-04-23 06:21:09 --> Controller "App\Controllers\Users" loaded.
INFO - 2020-04-23 06:21:09 --> Fetching Users details
INFO - 2020-04-23 06:21:23 --> Controller "App\Controllers\Users" loaded.
INFO - 2020-04-23 06:21:23 --> Fetching Users details
INFO - 2020-04-23 06:38:12 --> Controller "App\Controllers\Users" loaded.
INFO - 2020-04-23 06:38:12 --> Fetching Users details
INFO - 2020-04-23 06:43:08 --> Controller "App\Controllers\SubjectStandards" loaded.
INFO - 2020-04-23 06:43:08 --> Fetching Subjects details
INFO - 2020-04-23 06:43:17 --> Controller "App\Controllers\Sections" loaded.
INFO - 2020-04-23 06:43:17 --> Fetching Sections details
INFO - 2020-04-23 06:43:18 --> Controller "App\Controllers\SubjectMasters" loaded.
INFO - 2020-04-23 06:43:18 --> Fetching SubjectMasters details
INFO - 2020-04-23 06:48:18 --> Controller "App\Controllers\SubjectStandards" loaded.
INFO - 2020-04-23 06:48:18 --> Fetching Subjects details
INFO - 2020-04-23 06:48:18 --> Controller "App\Controllers\Sections" loaded.
INFO - 2020-04-23 06:48:18 --> Fetching Sections details
INFO - 2020-04-23 06:48:18 --> Controller "App\Controllers\SubjectMasters" loaded.
INFO - 2020-04-23 06:48:18 --> Fetching SubjectMasters details
INFO - 2020-04-23 06:48:27 --> Controller "App\Controllers\Users" loaded.
INFO - 2020-04-23 06:48:27 --> Fetching Users details
INFO - 2020-04-23 06:49:58 --> Controller "App\Controllers\SubjectStandards" loaded.
INFO - 2020-04-23 06:49:58 --> Fetching Subjects details
INFO - 2020-04-23 06:50:04 --> Controller "App\Controllers\SubjectMasters" loaded.
INFO - 2020-04-23 06:50:04 --> Fetching SubjectMasters details
INFO - 2020-04-23 06:50:07 --> Controller "App\Controllers\Users" loaded.
INFO - 2020-04-23 06:50:07 --> Fetching Users details
INFO - 2020-04-23 06:50:16 --> Controller "App\Controllers\Sections" loaded.
INFO - 2020-04-23 06:50:16 --> Fetching Sections details
INFO - 2020-04-23 06:53:25 --> Controller "App\Controllers\SubjectStandards" loaded.
INFO - 2020-04-23 06:53:25 --> Fetching Subjects details
INFO - 2020-04-23 06:53:26 --> Controller "App\Controllers\Sections" loaded.
INFO - 2020-04-23 06:53:26 --> Fetching Sections details
INFO - 2020-04-23 06:53:26 --> Controller "App\Controllers\SubjectMasters" loaded.
INFO - 2020-04-23 06:53:26 --> Fetching SubjectMasters details
INFO - 2020-04-23 06:53:32 --> Controller "App\Controllers\Users" loaded.
INFO - 2020-04-23 06:53:32 --> Fetching Users details
INFO - 2020-04-23 06:53:41 --> Controller "App\Controllers\Sections" loaded.
INFO - 2020-04-23 06:53:41 --> Fetching Sections details
INFO - 2020-04-23 06:53:42 --> Controller "App\Controllers\SubjectMasters" loaded.
INFO - 2020-04-23 06:53:42 --> Fetching SubjectMasters details
INFO - 2020-04-23 06:53:42 --> Controller "App\Controllers\SubjectStandards" loaded.
INFO - 2020-04-23 06:53:42 --> Fetching Subjects details
INFO - 2020-04-23 06:54:51 --> Controller "App\Controllers\Users" loaded.
INFO - 2020-04-23 06:54:51 --> Fetching Users details
INFO - 2020-04-23 06:54:52 --> Controller "App\Controllers\Users" loaded.
INFO - 2020-04-23 06:54:52 --> Fetching Users details
INFO - 2020-04-23 06:56:28 --> Controller "App\Controllers\Sections" loaded.
INFO - 2020-04-23 06:56:28 --> Fetching Sections details
INFO - 2020-04-23 07:00:43 --> Controller "App\Controllers\SubjectMasters" loaded.
ERROR - 2020-04-23 07:00:43 --> [ERROR] Object of class stdClass could not be converted to string SYSTEMPATH/Database/Query.php:443
INFO - 2020-04-23 07:03:46 --> Controller "App\Controllers\SubjectMasters" loaded.
ERROR - 2020-04-23 07:03:46 --> [ERROR] Object of class stdClass could not be converted to string SYSTEMPATH/Database/Query.php:443
INFO - 2020-04-23 07:06:40 --> Controller "App\Controllers\SubjectStandards" loaded.
INFO - 2020-04-23 07:06:40 --> Fetching Subjects details
INFO - 2020-04-23 07:06:45 --> Controller "App\Controllers\Sections" loaded.
INFO - 2020-04-23 07:06:45 --> Fetching Sections details
INFO - 2020-04-23 07:06:51 --> Controller "App\Controllers\SubjectMasters" loaded.
INFO - 2020-04-23 07:06:51 --> Fetching SubjectMasters details
INFO - 2020-04-23 07:06:53 --> Controller "App\Controllers\Sections" loaded.
INFO - 2020-04-23 07:06:53 --> Fetching Sections details
INFO - 2020-04-23 07:06:53 --> Controller "App\Controllers\SubjectStandards" loaded.
INFO - 2020-04-23 07:06:53 --> Fetching Subjects details
INFO - 2020-04-23 07:06:53 --> Controller "App\Controllers\SubjectMasters" loaded.
INFO - 2020-04-23 07:06:53 --> Fetching SubjectMasters details
INFO - 2020-04-23 07:07:07 --> Controller "App\Controllers\SubjectMasters" loaded.
ERROR - 2020-04-23 07:07:07 --> [ERROR] Object of class stdClass could not be converted to string SYSTEMPATH/Database/Query.php:443
INFO - 2020-04-23 07:07:30 --> Controller "App\Controllers\SubjectMasters" loaded.
CRITICAL - 2020-04-23 07:07:30 --> Argument 3 passed to log_message() must be of the type array, null given, called in /var/www/html/server_4/app/Controllers/SubjectMasters.php on line 53
#0 /var/www/html/server_4/app/Controllers/SubjectMasters.php(53): log_message('info', 'Inserting Subje...', NULL)
#1 /var/www/html/server_4/system/CodeIgniter.php(910): App\Controllers\SubjectMasters->insert_subjectmaster()
#2 /var/www/html/server_4/system/CodeIgniter.php(398): CodeIgniter\CodeIgniter->runController(Object(App\Controllers\SubjectMasters))
#3 /var/www/html/server_4/system/CodeIgniter.php(306): CodeIgniter\CodeIgniter->handleRequest(NULL, Object(Config\Cache), false)
#4 /var/www/html/server_4/public/index.php(45): CodeIgniter\CodeIgniter->run()
#5 {main}
INFO - 2020-04-23 07:12:54 --> Controller "App\Controllers\SubjectStandards" loaded.
INFO - 2020-04-23 07:12:54 --> Fetching Subjects details
INFO - 2020-04-23 07:12:54 --> Controller "App\Controllers\Sections" loaded.
INFO - 2020-04-23 07:12:54 --> Fetching Sections details
INFO - 2020-04-23 07:12:54 --> Controller "App\Controllers\SubjectMasters" loaded.
INFO - 2020-04-23 07:12:54 --> Fetching SubjectMasters details
INFO - 2020-04-23 07:13:04 --> Controller "App\Controllers\Sections" loaded.
INFO - 2020-04-23 07:13:04 --> Fetching Sections details
INFO - 2020-04-23 07:13:04 --> Controller "App\Controllers\SubjectStandards" loaded.
INFO - 2020-04-23 07:13:04 --> Fetching Subjects details
INFO - 2020-04-23 07:13:04 --> Controller "App\Controllers\SubjectMasters" loaded.
INFO - 2020-04-23 07:13:04 --> Fetching SubjectMasters details
INFO - 2020-04-23 07:13:23 --> Controller "App\Controllers\SubjectStandards" loaded.
INFO - 2020-04-23 07:13:23 --> Inserting Subjects details
INFO - 2020-04-23 07:13:24 --> Controller "App\Controllers\SubjectStandards" loaded.
INFO - 2020-04-23 07:13:24 --> Fetching Subjects details
INFO - 2020-04-23 07:13:33 --> Controller "App\Controllers\SubjectStandards" loaded.
INFO - 2020-04-23 07:13:33 --> Inserting Subjects details
INFO - 2020-04-23 07:13:34 --> Controller "App\Controllers\SubjectStandards" loaded.
INFO - 2020-04-23 07:13:34 --> Fetching Subjects details
INFO - 2020-04-23 07:22:17 --> Controller "App\Controllers\Users" loaded.
INFO - 2020-04-23 07:22:17 --> Fetching Users details
INFO - 2020-04-23 07:22:23 --> Controller "App\Controllers\Users" loaded.
INFO - 2020-04-23 07:22:23 --> Fetching Users details
INFO - 2020-04-23 07:22:28 --> Controller "App\Controllers\SubjectStandards" loaded.
INFO - 2020-04-23 07:22:28 --> Controller "App\Controllers\Sections" loaded.
INFO - 2020-04-23 07:22:28 --> Fetching Subjects details
INFO - 2020-04-23 07:22:28 --> Fetching Sections details
INFO - 2020-04-23 07:22:28 --> Controller "App\Controllers\SubjectMasters" loaded.
INFO - 2020-04-23 07:22:28 --> Fetching SubjectMasters details
INFO - 2020-04-23 07:24:23 --> Controller "App\Controllers\SubjectStandards" loaded.
INFO - 2020-04-23 07:24:23 --> Fetching Subjects details
INFO - 2020-04-23 07:24:23 --> Controller "App\Controllers\Sections" loaded.
INFO - 2020-04-23 07:24:23 --> Fetching Sections details
INFO - 2020-04-23 07:24:23 --> Controller "App\Controllers\SubjectMasters" loaded.
INFO - 2020-04-23 07:24:23 --> Fetching SubjectMasters details
INFO - 2020-04-23 07:26:01 --> Controller "App\Controllers\SubjectStandards" loaded.
INFO - 2020-04-23 07:26:01 --> Fetching Subjects details
INFO - 2020-04-23 07:26:01 --> Controller "App\Controllers\Sections" loaded.
INFO - 2020-04-23 07:26:01 --> Controller "App\Controllers\SubjectMasters" loaded.
INFO - 2020-04-23 07:26:01 --> Fetching SubjectMasters details
INFO - 2020-04-23 07:26:01 --> Fetching Sections details
INFO - 2020-04-23 08:10:08 --> Controller "App\Controllers\Sections" loaded.
INFO - 2020-04-23 08:10:08 --> Controller "App\Controllers\SubjectMasters" loaded.
INFO - 2020-04-23 08:10:08 --> Fetching Sections details
INFO - 2020-04-23 08:10:08 --> Controller "App\Controllers\SubjectStandards" loaded.
INFO - 2020-04-23 08:10:08 --> Fetching SubjectMasters details
INFO - 2020-04-23 08:10:08 --> Fetching Subjects details
INFO - 2020-04-23 10:55:17 --> Controller "App\Controllers\Users" loaded.
INFO - 2020-04-23 10:55:17 --> Fetching Users details
INFO - 2020-04-23 10:55:20 --> Controller "App\Controllers\Users" loaded.
INFO - 2020-04-23 10:55:20 --> Fetching Users details
