INFO - 2020-05-23 00:04:18 --> Controller "App\Controllers\SubjectMasters" loaded.
INFO - 2020-05-23 00:04:18 --> Fetching SubjectMasters details
INFO - 2020-05-23 00:04:18 --> Controller "App\Controllers\Sections" loaded.
INFO - 2020-05-23 00:04:18 --> Fetching Sections details
INFO - 2020-05-23 00:05:26 --> Controller "App\Controllers\SubjectMasters" loaded.
INFO - 2020-05-23 00:05:26 --> Controller "App\Controllers\Sections" loaded.
INFO - 2020-05-23 00:05:26 --> Fetching SubjectMasters details
INFO - 2020-05-23 00:05:26 --> Fetching Sections details
INFO - 2020-05-23 00:06:31 --> Controller "App\Controllers\SubjectMasters" loaded.
INFO - 2020-05-23 00:06:31 --> Controller "App\Controllers\Sections" loaded.
INFO - 2020-05-23 00:06:31 --> Fetching SubjectMasters details
INFO - 2020-05-23 00:06:31 --> Fetching Sections details
INFO - 2020-05-23 00:06:43 --> Controller "App\Controllers\SubjectMasters" loaded.
INFO - 2020-05-23 00:06:43 --> Controller "App\Controllers\Sections" loaded.
INFO - 2020-05-23 00:06:43 --> Fetching SubjectMasters details
INFO - 2020-05-23 00:06:43 --> Fetching Sections details
INFO - 2020-05-23 00:08:12 --> Controller "App\Controllers\Sections" loaded.
INFO - 2020-05-23 00:08:12 --> Controller "App\Controllers\SubjectMasters" loaded.
INFO - 2020-05-23 00:08:12 --> Fetching SubjectMasters details
INFO - 2020-05-23 00:08:12 --> Fetching Sections details
INFO - 2020-05-23 00:09:08 --> Controller "App\Controllers\Sections" loaded.
INFO - 2020-05-23 00:09:08 --> Controller "App\Controllers\SubjectMasters" loaded.
INFO - 2020-05-23 00:09:08 --> Fetching SubjectMasters details
INFO - 2020-05-23 00:09:08 --> Fetching Sections details
INFO - 2020-05-23 00:11:25 --> Controller "App\Controllers\Sections" loaded.
INFO - 2020-05-23 00:11:25 --> Controller "App\Controllers\SubjectMasters" loaded.
INFO - 2020-05-23 00:11:25 --> Fetching SubjectMasters details
INFO - 2020-05-23 00:11:25 --> Fetching Sections details
INFO - 2020-05-23 00:14:53 --> Controller "App\Controllers\SubjectMasters" loaded.
INFO - 2020-05-23 00:14:53 --> Controller "App\Controllers\Sections" loaded.
INFO - 2020-05-23 00:14:53 --> Fetching SubjectMasters details
INFO - 2020-05-23 00:14:53 --> Fetching Sections details
INFO - 2020-05-23 00:19:15 --> Controller "App\Controllers\SubjectMasters" loaded.
INFO - 2020-05-23 00:19:15 --> Controller "App\Controllers\Sections" loaded.
INFO - 2020-05-23 00:19:15 --> Fetching SubjectMasters details
INFO - 2020-05-23 00:19:15 --> Fetching Sections details
INFO - 2020-05-23 00:23:54 --> Controller "App\Controllers\SubjectMasters" loaded.
INFO - 2020-05-23 00:23:54 --> Controller "App\Controllers\Sections" loaded.
INFO - 2020-05-23 00:23:54 --> Fetching SubjectMasters details
INFO - 2020-05-23 00:23:54 --> Fetching Sections details
INFO - 2020-05-23 00:24:52 --> Controller "App\Controllers\SubjectMasters" loaded.
INFO - 2020-05-23 00:24:52 --> Controller "App\Controllers\Sections" loaded.
INFO - 2020-05-23 00:24:52 --> Fetching SubjectMasters details
INFO - 2020-05-23 00:24:52 --> Fetching Sections details
INFO - 2020-05-23 00:25:29 --> Controller "App\Controllers\Sections" loaded.
INFO - 2020-05-23 00:25:29 --> Controller "App\Controllers\SubjectMasters" loaded.
INFO - 2020-05-23 00:25:29 --> Fetching SubjectMasters details
INFO - 2020-05-23 00:25:29 --> Fetching Sections details
INFO - 2020-05-23 00:27:20 --> Controller "App\Controllers\SubjectStandards" loaded.
INFO - 2020-05-23 00:27:20 --> Fetching Subjects details
INFO - 2020-05-23 00:27:49 --> Controller "App\Controllers\SubjectStandards" loaded.
INFO - 2020-05-23 00:27:49 --> Fetching Subjects details
INFO - 2020-05-23 00:28:12 --> Controller "App\Controllers\SubjectStandards" loaded.
INFO - 2020-05-23 00:28:12 --> Fetching Subjects details
INFO - 2020-05-23 00:28:51 --> Controller "App\Controllers\SubjectStandards" loaded.
INFO - 2020-05-23 00:28:51 --> Fetching SubjectStandards details
INFO - 2020-05-23 00:29:00 --> Controller "App\Controllers\SubjectStandards" loaded.
INFO - 2020-05-23 00:29:00 --> Fetching Subjects details
INFO - 2020-05-23 00:29:11 --> Controller "App\Controllers\SubjectMasters" loaded.
INFO - 2020-05-23 00:29:11 --> Controller "App\Controllers\Sections" loaded.
INFO - 2020-05-23 00:29:11 --> Fetching SubjectMasters details
INFO - 2020-05-23 00:29:11 --> Fetching Sections details
INFO - 2020-05-23 00:29:13 --> Controller "App\Controllers\SubjectStandards" loaded.
INFO - 2020-05-23 00:29:13 --> Fetching Subjects details
INFO - 2020-05-23 00:29:32 --> Controller "App\Controllers\SubjectMasters" loaded.
INFO - 2020-05-23 00:29:32 --> Controller "App\Controllers\Sections" loaded.
INFO - 2020-05-23 00:29:32 --> Fetching SubjectMasters details
INFO - 2020-05-23 00:29:32 --> Fetching Sections details
INFO - 2020-05-23 00:29:34 --> Controller "App\Controllers\SubjectStandards" loaded.
INFO - 2020-05-23 00:29:34 --> Fetching Subjects details
INFO - 2020-05-23 00:30:31 --> Controller "App\Controllers\SubjectMasters" loaded.
INFO - 2020-05-23 00:30:31 --> Fetching SubjectMasters details
INFO - 2020-05-23 00:39:33 --> Controller "App\Controllers\Sections" loaded.
INFO - 2020-05-23 00:39:33 --> Controller "App\Controllers\SubjectMasters" loaded.
INFO - 2020-05-23 00:39:33 --> Fetching SubjectMasters details
INFO - 2020-05-23 00:39:33 --> Fetching Sections details
INFO - 2020-05-23 00:40:10 --> Controller "App\Controllers\SubjectMasters" loaded.
INFO - 2020-05-23 00:40:10 --> Controller "App\Controllers\Sections" loaded.
INFO - 2020-05-23 00:40:10 --> Fetching SubjectMasters details
INFO - 2020-05-23 00:40:10 --> Fetching Sections details
INFO - 2020-05-23 00:40:19 --> Controller "App\Controllers\SubjectStandards" loaded.
INFO - 2020-05-23 00:40:19 --> Fetching Subjects details
INFO - 2020-05-23 00:42:46 --> Controller "App\Controllers\Sections" loaded.
INFO - 2020-05-23 00:42:46 --> Controller "App\Controllers\SubjectMasters" loaded.
INFO - 2020-05-23 00:42:46 --> Fetching SubjectMasters details
INFO - 2020-05-23 00:42:46 --> Fetching Sections details
INFO - 2020-05-23 00:44:54 --> Controller "App\Controllers\SubjectMasters" loaded.
INFO - 2020-05-23 00:44:54 --> Controller "App\Controllers\Sections" loaded.
INFO - 2020-05-23 00:44:54 --> Fetching SubjectMasters details
INFO - 2020-05-23 00:44:54 --> Fetching Sections details
INFO - 2020-05-23 00:45:17 --> Controller "App\Controllers\Sections" loaded.
INFO - 2020-05-23 00:45:17 --> Controller "App\Controllers\SubjectMasters" loaded.
INFO - 2020-05-23 00:45:17 --> Fetching SubjectMasters details
INFO - 2020-05-23 00:45:17 --> Fetching Sections details
INFO - 2020-05-23 00:45:47 --> Controller "App\Controllers\SubjectMasters" loaded.
INFO - 2020-05-23 00:45:47 --> Fetching SubjectMasters details
INFO - 2020-05-23 00:46:15 --> Controller "App\Controllers\SubjectMasters" loaded.
INFO - 2020-05-23 00:46:15 --> Fetching SubjectMasters details
INFO - 2020-05-23 00:47:02 --> Controller "App\Controllers\MessageGroups" loaded.
INFO - 2020-05-23 00:47:02 --> Controller "App\Controllers\Sections" loaded.
INFO - 2020-05-23 00:47:02 --> Controller "App\Controllers\Dashboards" loaded.
INFO - 2020-05-23 00:47:02 --> Fetching Sections details
INFO - 2020-05-23 00:47:02 --> Fetching MessageGroups details
INFO - 2020-05-23 00:47:02 --> Fetching Dashboard details
INFO - 2020-05-23 00:47:45 --> Controller "App\Controllers\SubjectMasters" loaded.
INFO - 2020-05-23 00:47:45 --> Controller "App\Controllers\Sections" loaded.
INFO - 2020-05-23 00:47:45 --> Fetching SubjectMasters details
INFO - 2020-05-23 00:47:45 --> Fetching Sections details
INFO - 2020-05-23 00:47:52 --> Controller "App\Controllers\SubjectMasters" loaded.
INFO - 2020-05-23 00:47:52 --> Fetching SubjectMasters details
INFO - 2020-05-23 00:56:20 --> Controller "App\Controllers\SubjectMasters" loaded.
INFO - 2020-05-23 00:56:20 --> Controller "App\Controllers\Sections" loaded.
INFO - 2020-05-23 00:56:20 --> Fetching SubjectMasters details
INFO - 2020-05-23 00:56:20 --> Fetching Sections details
INFO - 2020-05-23 00:56:26 --> Controller "App\Controllers\SubjectMasters" loaded.
INFO - 2020-05-23 00:56:26 --> Fetching SubjectMasters details
INFO - 2020-05-23 00:57:08 --> Controller "App\Controllers\Sections" loaded.
INFO - 2020-05-23 00:57:08 --> Controller "App\Controllers\SubjectMasters" loaded.
INFO - 2020-05-23 00:57:08 --> Fetching SubjectMasters details
INFO - 2020-05-23 00:57:08 --> Fetching Sections details
INFO - 2020-05-23 00:57:15 --> Controller "App\Controllers\SubjectMasters" loaded.
INFO - 2020-05-23 00:57:15 --> Fetching SubjectMasters details
INFO - 2020-05-23 00:59:33 --> Controller "App\Controllers\SubjectMasters" loaded.
INFO - 2020-05-23 00:59:33 --> Controller "App\Controllers\Sections" loaded.
INFO - 2020-05-23 00:59:33 --> Fetching SubjectMasters details
INFO - 2020-05-23 00:59:33 --> Fetching Sections details
INFO - 2020-05-23 00:59:39 --> Controller "App\Controllers\SubjectMasters" loaded.
INFO - 2020-05-23 00:59:39 --> Fetching SubjectMasters details
INFO - 2020-05-23 01:01:44 --> Controller "App\Controllers\Sections" loaded.
INFO - 2020-05-23 01:01:44 --> Controller "App\Controllers\SubjectMasters" loaded.
INFO - 2020-05-23 01:01:44 --> Fetching SubjectMasters details
INFO - 2020-05-23 01:01:44 --> Fetching Sections details
INFO - 2020-05-23 01:02:52 --> Controller "App\Controllers\SubjectMasters" loaded.
INFO - 2020-05-23 01:02:52 --> Controller "App\Controllers\Sections" loaded.
INFO - 2020-05-23 01:02:52 --> Fetching SubjectMasters details
INFO - 2020-05-23 01:02:52 --> Fetching Sections details
INFO - 2020-05-23 01:06:19 --> Controller "App\Controllers\Sections" loaded.
INFO - 2020-05-23 01:06:19 --> Controller "App\Controllers\SubjectMasters" loaded.
INFO - 2020-05-23 01:06:19 --> Fetching SubjectMasters details
INFO - 2020-05-23 01:06:19 --> Fetching Sections details
INFO - 2020-05-23 01:06:58 --> Controller "App\Controllers\SubjectMasters" loaded.
INFO - 2020-05-23 01:06:58 --> Fetching SubjectMasters details
INFO - 2020-05-23 01:07:18 --> Controller "App\Controllers\SubjectMasters" loaded.
INFO - 2020-05-23 01:07:18 --> Fetching SubjectMasters details
INFO - 2020-05-23 01:12:29 --> Controller "App\Controllers\Sections" loaded.
INFO - 2020-05-23 01:12:29 --> Controller "App\Controllers\SubjectMasters" loaded.
INFO - 2020-05-23 01:12:29 --> Fetching SubjectMasters details
INFO - 2020-05-23 01:12:30 --> Fetching Sections details
INFO - 2020-05-23 01:12:36 --> Controller "App\Controllers\SubjectMasters" loaded.
INFO - 2020-05-23 01:12:36 --> Fetching SubjectMasters details
INFO - 2020-05-23 01:13:19 --> Controller "App\Controllers\Sections" loaded.
INFO - 2020-05-23 01:13:19 --> Controller "App\Controllers\SubjectMasters" loaded.
INFO - 2020-05-23 01:13:19 --> Fetching SubjectMasters details
INFO - 2020-05-23 01:13:19 --> Fetching Sections details
INFO - 2020-05-23 01:13:24 --> Controller "App\Controllers\SubjectMasters" loaded.
INFO - 2020-05-23 01:13:24 --> Fetching SubjectMasters details
INFO - 2020-05-23 01:15:18 --> Controller "App\Controllers\SubjectMasters" loaded.
INFO - 2020-05-23 01:15:18 --> Controller "App\Controllers\Sections" loaded.
INFO - 2020-05-23 01:15:18 --> Fetching SubjectMasters details
INFO - 2020-05-23 01:15:18 --> Fetching Sections details
INFO - 2020-05-23 01:15:30 --> Controller "App\Controllers\SubjectMasters" loaded.
INFO - 2020-05-23 01:15:30 --> Fetching SubjectMasters details
INFO - 2020-05-23 01:23:14 --> Controller "App\Controllers\Sections" loaded.
INFO - 2020-05-23 01:23:14 --> Controller "App\Controllers\SubjectMasters" loaded.
INFO - 2020-05-23 01:23:14 --> Fetching SubjectMasters details
INFO - 2020-05-23 01:23:14 --> Fetching Sections details
INFO - 2020-05-23 01:23:38 --> Controller "App\Controllers\SubjectMasters" loaded.
INFO - 2020-05-23 01:23:38 --> Controller "App\Controllers\Sections" loaded.
INFO - 2020-05-23 01:23:38 --> Fetching SubjectMasters details
INFO - 2020-05-23 01:23:38 --> Fetching Sections details
INFO - 2020-05-23 02:24:50 --> Controller "App\Controllers\Users" loaded.
INFO - 2020-05-23 02:24:50 --> Fetching Users details
INFO - 2020-05-23 02:24:56 --> Controller "App\Controllers\Users" loaded.
INFO - 2020-05-23 02:24:56 --> Fetching Users details
INFO - 2020-05-23 02:25:11 --> Controller "App\Controllers\SubjectMasters" loaded.
INFO - 2020-05-23 02:25:11 --> Controller "App\Controllers\Sections" loaded.
INFO - 2020-05-23 02:25:11 --> Fetching SubjectMasters details
INFO - 2020-05-23 02:25:11 --> Fetching Sections details
INFO - 2020-05-23 02:25:14 --> Controller "App\Controllers\SubjectMasters" loaded.
INFO - 2020-05-23 02:25:14 --> Controller "App\Controllers\Sections" loaded.
INFO - 2020-05-23 02:25:14 --> Fetching SubjectMasters details
INFO - 2020-05-23 02:25:14 --> Fetching Sections details
INFO - 2020-05-23 02:26:48 --> Controller "App\Controllers\Sections" loaded.
INFO - 2020-05-23 02:26:48 --> Controller "App\Controllers\SubjectMasters" loaded.
INFO - 2020-05-23 02:26:48 --> Fetching SubjectMasters details
INFO - 2020-05-23 02:26:48 --> Fetching Sections details
INFO - 2020-05-23 02:29:26 --> Controller "App\Controllers\SubjectMasters" loaded.
INFO - 2020-05-23 02:29:26 --> Controller "App\Controllers\Sections" loaded.
INFO - 2020-05-23 02:29:26 --> Fetching SubjectMasters details
INFO - 2020-05-23 02:29:26 --> Fetching Sections details
INFO - 2020-05-23 02:36:04 --> Controller "App\Controllers\Sections" loaded.
INFO - 2020-05-23 02:36:04 --> Fetching Sections details
INFO - 2020-05-23 02:36:04 --> Controller "App\Controllers\SubjectMasters" loaded.
INFO - 2020-05-23 02:36:04 --> Fetching SubjectMasters details
INFO - 2020-05-23 02:37:27 --> Controller "App\Controllers\SubjectMasters" loaded.
INFO - 2020-05-23 02:37:27 --> Fetching SubjectMasters details
INFO - 2020-05-23 02:37:27 --> Controller "App\Controllers\Sections" loaded.
INFO - 2020-05-23 02:37:27 --> Fetching Sections details
INFO - 2020-05-23 02:37:40 --> Controller "App\Controllers\SubjectMasters" loaded.
INFO - 2020-05-23 02:37:40 --> Fetching SubjectMasters details
INFO - 2020-05-23 02:37:40 --> Controller "App\Controllers\Sections" loaded.
INFO - 2020-05-23 02:37:40 --> Fetching Sections details
INFO - 2020-05-23 02:39:06 --> Controller "App\Controllers\SubjectMasters" loaded.
INFO - 2020-05-23 02:39:06 --> Fetching SubjectMasters details
INFO - 2020-05-23 02:39:06 --> Controller "App\Controllers\Sections" loaded.
INFO - 2020-05-23 02:39:06 --> Fetching Sections details
INFO - 2020-05-23 02:57:20 --> Controller "App\Controllers\SubjectStandards" loaded.
INFO - 2020-05-23 02:57:20 --> Fetching Subjects details
INFO - 2020-05-23 02:58:06 --> Controller "App\Controllers\SubjectStandards" loaded.
INFO - 2020-05-23 02:58:06 --> Fetching SubjectStandards details
INFO - 2020-05-23 02:58:22 --> Controller "App\Controllers\SubjectMasters" loaded.
INFO - 2020-05-23 02:58:22 --> Fetching SubjectMasters details
INFO - 2020-05-23 02:58:33 --> Controller "App\Controllers\SubjectStandards" loaded.
INFO - 2020-05-23 02:58:33 --> Fetching Subjects details
INFO - 2020-05-23 02:58:52 --> Controller "App\Controllers\SubjectMasters" loaded.
INFO - 2020-05-23 02:58:52 --> Fetching SubjectMasters details
INFO - 2020-05-23 02:58:57 --> Controller "App\Controllers\SubjectMasters" loaded.
INFO - 2020-05-23 02:58:57 --> Fetching SubjectMasters details
INFO - 2020-05-23 03:01:16 --> Controller "App\Controllers\SubjectMasters" loaded.
INFO - 2020-05-23 03:01:16 --> Fetching SubjectMasters details
INFO - 2020-05-23 03:01:28 --> Controller "App\Controllers\SubjectMasters" loaded.
INFO - 2020-05-23 03:01:28 --> Fetching SubjectMasters details
INFO - 2020-05-23 03:01:28 --> Controller "App\Controllers\Sections" loaded.
INFO - 2020-05-23 03:01:28 --> Fetching Sections details
INFO - 2020-05-23 03:02:05 --> Controller "App\Controllers\SubjectStandards" loaded.
INFO - 2020-05-23 03:02:05 --> Fetching Subjects details
INFO - 2020-05-23 03:02:17 --> Controller "App\Controllers\SubjectStandards" loaded.
INFO - 2020-05-23 03:02:17 --> Fetching Subjects details
INFO - 2020-05-23 03:02:56 --> Controller "App\Controllers\SubjectMasters" loaded.
INFO - 2020-05-23 03:02:56 --> Fetching SubjectMasters details
INFO - 2020-05-23 03:02:58 --> Controller "App\Controllers\SubjectMasters" loaded.
INFO - 2020-05-23 03:02:58 --> Fetching SubjectMasters details
INFO - 2020-05-23 03:03:10 --> Controller "App\Controllers\SubjectStandards" loaded.
INFO - 2020-05-23 03:03:10 --> Fetching Subjects details
INFO - 2020-05-23 03:03:13 --> Controller "App\Controllers\SubjectStandards" loaded.
INFO - 2020-05-23 03:03:13 --> Fetching SubjectStandards details
INFO - 2020-05-23 03:03:23 --> Controller "App\Controllers\SubjectMasters" loaded.
INFO - 2020-05-23 03:03:23 --> Fetching SubjectMasters details
INFO - 2020-05-23 03:06:17 --> Controller "App\Controllers\SubjectStandards" loaded.
INFO - 2020-05-23 03:06:17 --> Fetching Subjects details
INFO - 2020-05-23 03:13:42 --> Controller "App\Controllers\SubjectStandards" loaded.
INFO - 2020-05-23 03:13:42 --> Fetching Subjects details
INFO - 2020-05-23 03:14:17 --> Controller "App\Controllers\SubjectMasters" loaded.
INFO - 2020-05-23 03:14:17 --> Fetching SubjectMasters details
INFO - 2020-05-23 03:14:17 --> Controller "App\Controllers\Sections" loaded.
INFO - 2020-05-23 03:14:17 --> Fetching Sections details
INFO - 2020-05-23 03:14:21 --> Controller "App\Controllers\SubjectStandards" loaded.
INFO - 2020-05-23 03:14:21 --> Fetching Subjects details
INFO - 2020-05-23 03:14:49 --> Controller "App\Controllers\SubjectMasters" loaded.
INFO - 2020-05-23 03:14:49 --> Controller "App\Controllers\Sections" loaded.
INFO - 2020-05-23 03:14:49 --> Fetching SubjectMasters details
INFO - 2020-05-23 03:14:49 --> Fetching Sections details
INFO - 2020-05-23 03:14:56 --> Controller "App\Controllers\SubjectStandards" loaded.
INFO - 2020-05-23 03:14:56 --> Fetching Subjects details
INFO - 2020-05-23 03:15:51 --> Controller "App\Controllers\SubjectStandards" loaded.
INFO - 2020-05-23 03:15:51 --> Fetching Subjects details
INFO - 2020-05-23 03:21:55 --> Controller "App\Controllers\SubjectMasters" loaded.
INFO - 2020-05-23 03:21:55 --> Fetching SubjectMasters details
INFO - 2020-05-23 03:21:55 --> Controller "App\Controllers\Sections" loaded.
INFO - 2020-05-23 03:21:55 --> Fetching Sections details
INFO - 2020-05-23 03:22:01 --> Controller "App\Controllers\SubjectStandards" loaded.
INFO - 2020-05-23 03:22:01 --> Fetching Subjects details
INFO - 2020-05-23 03:23:29 --> Controller "App\Controllers\SubjectMasters" loaded.
INFO - 2020-05-23 03:23:29 --> Fetching SubjectMasters details
INFO - 2020-05-23 03:23:29 --> Controller "App\Controllers\Sections" loaded.
INFO - 2020-05-23 03:23:29 --> Fetching Sections details
INFO - 2020-05-23 03:23:45 --> Controller "App\Controllers\SubjectStandards" loaded.
INFO - 2020-05-23 03:23:45 --> Fetching Subjects details
INFO - 2020-05-23 03:30:15 --> Controller "App\Controllers\SubjectMasters" loaded.
INFO - 2020-05-23 03:30:15 --> Controller "App\Controllers\Sections" loaded.
INFO - 2020-05-23 03:30:15 --> Fetching SubjectMasters details
INFO - 2020-05-23 03:30:15 --> Fetching Sections details
INFO - 2020-05-23 03:31:57 --> Controller "App\Controllers\SubjectMasters" loaded.
INFO - 2020-05-23 03:31:57 --> Controller "App\Controllers\Sections" loaded.
INFO - 2020-05-23 03:31:57 --> Fetching SubjectMasters details
INFO - 2020-05-23 03:31:57 --> Fetching Sections details
INFO - 2020-05-23 03:32:01 --> Controller "App\Controllers\SubjectMasters" loaded.
INFO - 2020-05-23 03:32:01 --> Fetching SubjectMasters details
INFO - 2020-05-23 03:32:01 --> Controller "App\Controllers\Sections" loaded.
INFO - 2020-05-23 03:32:01 --> Fetching Sections details
INFO - 2020-05-23 03:32:57 --> Controller "App\Controllers\SubjectMasters" loaded.
INFO - 2020-05-23 03:32:57 --> Fetching SubjectMasters details
INFO - 2020-05-23 03:32:57 --> Controller "App\Controllers\Sections" loaded.
INFO - 2020-05-23 03:32:57 --> Fetching Sections details
INFO - 2020-05-23 03:34:51 --> Controller "App\Controllers\SubjectMasters" loaded.
INFO - 2020-05-23 03:34:51 --> Fetching SubjectMasters details
INFO - 2020-05-23 03:34:51 --> Controller "App\Controllers\Sections" loaded.
INFO - 2020-05-23 03:34:51 --> Fetching Sections details
INFO - 2020-05-23 03:35:30 --> Controller "App\Controllers\SubjectMasters" loaded.
INFO - 2020-05-23 03:35:30 --> Fetching SubjectMasters details
INFO - 2020-05-23 03:35:30 --> Controller "App\Controllers\Sections" loaded.
INFO - 2020-05-23 03:35:30 --> Fetching Sections details
INFO - 2020-05-23 03:39:29 --> Controller "App\Controllers\SubjectMasters" loaded.
INFO - 2020-05-23 03:39:29 --> Fetching SubjectMasters details
INFO - 2020-05-23 03:39:29 --> Controller "App\Controllers\Sections" loaded.
INFO - 2020-05-23 03:39:29 --> Fetching Sections details
INFO - 2020-05-23 03:39:46 --> Controller "App\Controllers\SubjectMasters" loaded.
INFO - 2020-05-23 03:39:46 --> Fetching SubjectMasters details
INFO - 2020-05-23 03:39:46 --> Controller "App\Controllers\Sections" loaded.
INFO - 2020-05-23 03:39:46 --> Fetching Sections details
INFO - 2020-05-23 03:40:59 --> Controller "App\Controllers\SubjectMasters" loaded.
INFO - 2020-05-23 03:40:59 --> Fetching SubjectMasters details
INFO - 2020-05-23 03:40:59 --> Controller "App\Controllers\Sections" loaded.
INFO - 2020-05-23 03:40:59 --> Fetching Sections details
INFO - 2020-05-23 03:42:48 --> Controller "App\Controllers\SubjectMasters" loaded.
INFO - 2020-05-23 03:42:48 --> Fetching SubjectMasters details
INFO - 2020-05-23 03:42:48 --> Controller "App\Controllers\Sections" loaded.
INFO - 2020-05-23 03:42:48 --> Fetching Sections details
INFO - 2020-05-23 03:43:10 --> Controller "App\Controllers\SubjectStandards" loaded.
INFO - 2020-05-23 03:43:10 --> Fetching Subjects details
INFO - 2020-05-23 03:44:05 --> Controller "App\Controllers\SubjectMasters" loaded.
INFO - 2020-05-23 03:44:05 --> Fetching SubjectMasters details
INFO - 2020-05-23 03:44:05 --> Controller "App\Controllers\Sections" loaded.
INFO - 2020-05-23 03:44:05 --> Fetching Sections details
INFO - 2020-05-23 03:44:08 --> Controller "App\Controllers\SubjectStandards" loaded.
INFO - 2020-05-23 03:44:08 --> Fetching Subjects details
INFO - 2020-05-23 03:45:21 --> Controller "App\Controllers\Sections" loaded.
INFO - 2020-05-23 03:45:21 --> Controller "App\Controllers\SubjectMasters" loaded.
INFO - 2020-05-23 03:45:21 --> Fetching SubjectMasters details
INFO - 2020-05-23 03:45:21 --> Fetching Sections details
INFO - 2020-05-23 03:47:31 --> Controller "App\Controllers\Sections" loaded.
INFO - 2020-05-23 03:47:31 --> Fetching Sections details
INFO - 2020-05-23 03:47:31 --> Controller "App\Controllers\Dashboards" loaded.
INFO - 2020-05-23 03:47:31 --> Controller "App\Controllers\MessageGroups" loaded.
INFO - 2020-05-23 03:47:31 --> Fetching MessageGroups details
INFO - 2020-05-23 03:47:31 --> Fetching Dashboard details
INFO - 2020-05-23 03:48:48 --> Controller "App\Controllers\SubjectMasters" loaded.
INFO - 2020-05-23 03:48:48 --> Controller "App\Controllers\Sections" loaded.
INFO - 2020-05-23 03:48:48 --> Fetching SubjectMasters details
INFO - 2020-05-23 03:48:48 --> Fetching Sections details
INFO - 2020-05-23 03:50:19 --> Controller "App\Controllers\Sections" loaded.
INFO - 2020-05-23 03:50:19 --> Controller "App\Controllers\Dashboards" loaded.
INFO - 2020-05-23 03:50:19 --> Controller "App\Controllers\MessageGroups" loaded.
INFO - 2020-05-23 03:50:19 --> Fetching Sections details
INFO - 2020-05-23 03:50:19 --> Fetching MessageGroups details
INFO - 2020-05-23 03:50:19 --> Fetching Dashboard details
INFO - 2020-05-23 03:51:05 --> Controller "App\Controllers\SubjectStandards" loaded.
INFO - 2020-05-23 03:51:05 --> Fetching Subjects details
INFO - 2020-05-23 03:56:05 --> Controller "App\Controllers\SubjectMasters" loaded.
INFO - 2020-05-23 03:56:05 --> Fetching SubjectMasters details
INFO - 2020-05-23 03:56:05 --> Controller "App\Controllers\Sections" loaded.
INFO - 2020-05-23 03:56:05 --> Fetching Sections details
INFO - 2020-05-23 04:03:49 --> Controller "App\Controllers\SubjectMasters" loaded.
INFO - 2020-05-23 04:03:49 --> Fetching SubjectMasters details
INFO - 2020-05-23 04:03:49 --> Controller "App\Controllers\Sections" loaded.
INFO - 2020-05-23 04:03:49 --> Fetching Sections details
INFO - 2020-05-23 04:08:12 --> Controller "App\Controllers\SubjectMasters" loaded.
INFO - 2020-05-23 04:08:12 --> Fetching SubjectMasters details
INFO - 2020-05-23 04:08:12 --> Controller "App\Controllers\Sections" loaded.
INFO - 2020-05-23 04:08:12 --> Fetching Sections details
INFO - 2020-05-23 04:11:37 --> Controller "App\Controllers\SubjectMasters" loaded.
INFO - 2020-05-23 04:11:37 --> Fetching SubjectMasters details
INFO - 2020-05-23 04:11:37 --> Controller "App\Controllers\Sections" loaded.
INFO - 2020-05-23 04:11:37 --> Fetching Sections details
INFO - 2020-05-23 04:22:11 --> Controller "App\Controllers\SubjectMasters" loaded.
INFO - 2020-05-23 04:22:12 --> Fetching SubjectMasters details
INFO - 2020-05-23 04:22:12 --> Controller "App\Controllers\Sections" loaded.
INFO - 2020-05-23 04:22:12 --> Fetching Sections details
INFO - 2020-05-23 04:22:46 --> Controller "App\Controllers\SubjectMasters" loaded.
INFO - 2020-05-23 04:22:46 --> Fetching SubjectMasters details
INFO - 2020-05-23 04:22:46 --> Controller "App\Controllers\Sections" loaded.
INFO - 2020-05-23 04:22:46 --> Fetching Sections details
INFO - 2020-05-23 04:25:02 --> Controller "App\Controllers\SubjectMasters" loaded.
INFO - 2020-05-23 04:25:02 --> Fetching SubjectMasters details
INFO - 2020-05-23 04:25:02 --> Controller "App\Controllers\Sections" loaded.
INFO - 2020-05-23 04:25:02 --> Fetching Sections details
INFO - 2020-05-23 04:28:05 --> Controller "App\Controllers\SubjectMasters" loaded.
INFO - 2020-05-23 04:28:05 --> Controller "App\Controllers\Sections" loaded.
INFO - 2020-05-23 04:28:05 --> Fetching SubjectMasters details
INFO - 2020-05-23 04:28:05 --> Fetching Sections details
INFO - 2020-05-23 04:37:17 --> Controller "App\Controllers\SubjectMasters" loaded.
INFO - 2020-05-23 04:37:17 --> Fetching SubjectMasters details
INFO - 2020-05-23 04:37:17 --> Controller "App\Controllers\Sections" loaded.
INFO - 2020-05-23 04:37:17 --> Fetching Sections details
INFO - 2020-05-23 04:41:39 --> Controller "App\Controllers\Rooms" loaded.
INFO - 2020-05-23 04:41:39 --> Fetching room details
INFO - 2020-05-23 04:41:48 --> Controller "App\Controllers\HostelBlocks" loaded.
INFO - 2020-05-23 04:41:48 --> Controller "App\Controllers\HostelRooms" loaded.
INFO - 2020-05-23 04:41:48 --> Fetching HostelRooms details
INFO - 2020-05-23 04:41:48 --> Fetching HostelBlocks details
INFO - 2020-05-23 04:42:04 --> Controller "App\Controllers\Rooms" loaded.
INFO - 2020-05-23 04:42:04 --> Fetching room details
INFO - 2020-05-23 04:42:21 --> Controller "App\Controllers\SubjectMasters" loaded.
INFO - 2020-05-23 04:42:21 --> Controller "App\Controllers\Sections" loaded.
INFO - 2020-05-23 04:42:21 --> Fetching SubjectMasters details
INFO - 2020-05-23 04:42:21 --> Fetching Sections details
INFO - 2020-05-23 04:42:23 --> Controller "App\Controllers\SubjectMasters" loaded.
INFO - 2020-05-23 04:42:23 --> Controller "App\Controllers\Sections" loaded.
INFO - 2020-05-23 04:42:23 --> Fetching SubjectMasters details
INFO - 2020-05-23 04:42:23 --> Fetching Sections details
INFO - 2020-05-23 04:46:59 --> Controller "App\Controllers\SubjectMasters" loaded.
INFO - 2020-05-23 04:46:59 --> Fetching SubjectMasters details
INFO - 2020-05-23 04:46:59 --> Controller "App\Controllers\Sections" loaded.
INFO - 2020-05-23 04:46:59 --> Fetching Sections details
INFO - 2020-05-23 04:50:32 --> Controller "App\Controllers\SubjectMasters" loaded.
INFO - 2020-05-23 04:50:32 --> Fetching SubjectMasters details
INFO - 2020-05-23 04:50:32 --> Controller "App\Controllers\Sections" loaded.
INFO - 2020-05-23 04:50:32 --> Fetching Sections details
INFO - 2020-05-23 04:54:56 --> Controller "App\Controllers\SubjectMasters" loaded.
INFO - 2020-05-23 04:54:56 --> Controller "App\Controllers\Sections" loaded.
INFO - 2020-05-23 04:54:56 --> Fetching SubjectMasters details
INFO - 2020-05-23 04:54:56 --> Fetching Sections details
INFO - 2020-05-23 04:55:48 --> Controller "App\Controllers\SubjectMasters" loaded.
INFO - 2020-05-23 04:55:48 --> Controller "App\Controllers\Sections" loaded.
INFO - 2020-05-23 04:55:48 --> Fetching SubjectMasters details
INFO - 2020-05-23 04:55:48 --> Fetching Sections details
INFO - 2020-05-23 04:57:44 --> Controller "App\Controllers\Sections" loaded.
INFO - 2020-05-23 04:57:44 --> Controller "App\Controllers\SubjectMasters" loaded.
INFO - 2020-05-23 04:57:44 --> Fetching SubjectMasters details
INFO - 2020-05-23 04:57:44 --> Fetching Sections details
INFO - 2020-05-23 04:58:28 --> Controller "App\Controllers\Sections" loaded.
INFO - 2020-05-23 04:58:28 --> Controller "App\Controllers\SubjectMasters" loaded.
INFO - 2020-05-23 04:58:28 --> Fetching SubjectMasters details
INFO - 2020-05-23 04:58:28 --> Fetching Sections details
INFO - 2020-05-23 04:58:56 --> Controller "App\Controllers\Sections" loaded.
INFO - 2020-05-23 04:58:56 --> Controller "App\Controllers\SubjectMasters" loaded.
INFO - 2020-05-23 04:58:56 --> Fetching SubjectMasters details
INFO - 2020-05-23 04:58:56 --> Fetching Sections details
INFO - 2020-05-23 04:59:45 --> Controller "App\Controllers\SubjectStandards" loaded.
INFO - 2020-05-23 04:59:45 --> Fetching Subjects details
INFO - 2020-05-23 05:00:03 --> Controller "App\Controllers\SubjectStandards" loaded.
INFO - 2020-05-23 05:00:03 --> Fetching Subjects details
INFO - 2020-05-23 05:00:12 --> Controller "App\Controllers\SubjectStandards" loaded.
INFO - 2020-05-23 05:00:12 --> Fetching SubjectStandards details
INFO - 2020-05-23 05:01:57 --> Controller "App\Controllers\SubjectMasters" loaded.
INFO - 2020-05-23 05:01:57 --> Fetching SubjectMasters details
INFO - 2020-05-23 05:01:57 --> Controller "App\Controllers\Sections" loaded.
INFO - 2020-05-23 05:01:57 --> Fetching Sections details
INFO - 2020-05-23 05:03:07 --> Controller "App\Controllers\SubjectMasters" loaded.
INFO - 2020-05-23 05:03:07 --> Fetching SubjectMasters details
INFO - 2020-05-23 05:03:07 --> Controller "App\Controllers\Sections" loaded.
INFO - 2020-05-23 05:03:07 --> Fetching Sections details
INFO - 2020-05-23 05:03:10 --> Controller "App\Controllers\SubjectStandards" loaded.
INFO - 2020-05-23 05:03:10 --> Fetching Subjects details
INFO - 2020-05-23 05:03:12 --> Controller "App\Controllers\SubjectStandards" loaded.
INFO - 2020-05-23 05:03:12 --> Fetching SubjectStandards details
INFO - 2020-05-23 05:03:42 --> Controller "App\Controllers\SubjectMasters" loaded.
INFO - 2020-05-23 05:03:42 --> Fetching SubjectMasters details
INFO - 2020-05-23 05:03:42 --> Controller "App\Controllers\Sections" loaded.
INFO - 2020-05-23 05:03:42 --> Fetching Sections details
INFO - 2020-05-23 05:03:45 --> Controller "App\Controllers\SubjectStandards" loaded.
INFO - 2020-05-23 05:03:45 --> Fetching Subjects details
INFO - 2020-05-23 05:03:48 --> Controller "App\Controllers\SubjectStandards" loaded.
INFO - 2020-05-23 05:03:48 --> Fetching SubjectStandards details
INFO - 2020-05-23 05:05:59 --> Controller "App\Controllers\SubjectStandards" loaded.
INFO - 2020-05-23 05:05:59 --> Fetching Subjects details
INFO - 2020-05-23 05:06:06 --> Controller "App\Controllers\SubjectMasters" loaded.
INFO - 2020-05-23 05:06:06 --> Fetching SubjectMasters details
INFO - 2020-05-23 05:06:38 --> Controller "App\Controllers\SubjectStandards" loaded.
INFO - 2020-05-23 05:06:38 --> Fetching Subjects details
INFO - 2020-05-23 05:11:26 --> Controller "App\Controllers\SubjectMasters" loaded.
INFO - 2020-05-23 05:11:26 --> Controller "App\Controllers\Sections" loaded.
INFO - 2020-05-23 05:11:26 --> Fetching SubjectMasters details
INFO - 2020-05-23 05:11:26 --> Fetching Sections details
INFO - 2020-05-23 05:11:45 --> Controller "App\Controllers\Sections" loaded.
INFO - 2020-05-23 05:11:45 --> Controller "App\Controllers\SubjectMasters" loaded.
INFO - 2020-05-23 05:11:45 --> Fetching SubjectMasters details
INFO - 2020-05-23 05:11:45 --> Fetching Sections details
INFO - 2020-05-23 05:11:53 --> Controller "App\Controllers\SubjectStandards" loaded.
INFO - 2020-05-23 05:11:53 --> Fetching Subjects details
INFO - 2020-05-23 05:11:54 --> Controller "App\Controllers\SubjectStandards" loaded.
INFO - 2020-05-23 05:11:54 --> Fetching Subjects details
INFO - 2020-05-23 05:11:55 --> Controller "App\Controllers\SubjectStandards" loaded.
INFO - 2020-05-23 05:11:55 --> Fetching Subjects details
INFO - 2020-05-23 05:11:55 --> Controller "App\Controllers\SubjectStandards" loaded.
INFO - 2020-05-23 05:11:55 --> Fetching Subjects details
INFO - 2020-05-23 05:11:56 --> Controller "App\Controllers\SubjectStandards" loaded.
INFO - 2020-05-23 05:11:56 --> Fetching Subjects details
INFO - 2020-05-23 05:11:58 --> Controller "App\Controllers\SubjectStandards" loaded.
INFO - 2020-05-23 05:11:58 --> Fetching Subjects details
INFO - 2020-05-23 05:11:58 --> Controller "App\Controllers\SubjectStandards" loaded.
INFO - 2020-05-23 05:11:58 --> Fetching Subjects details
INFO - 2020-05-23 05:12:34 --> Controller "App\Controllers\SubjectMasters" loaded.
INFO - 2020-05-23 05:12:34 --> Fetching SubjectMasters details
INFO - 2020-05-23 05:12:34 --> Controller "App\Controllers\Sections" loaded.
INFO - 2020-05-23 05:12:34 --> Fetching Sections details
INFO - 2020-05-23 05:12:36 --> Controller "App\Controllers\SubjectStandards" loaded.
INFO - 2020-05-23 05:12:36 --> Fetching Subjects details
INFO - 2020-05-23 05:12:37 --> Controller "App\Controllers\SubjectStandards" loaded.
INFO - 2020-05-23 05:12:37 --> Fetching Subjects details
INFO - 2020-05-23 05:12:37 --> Controller "App\Controllers\SubjectStandards" loaded.
INFO - 2020-05-23 05:12:37 --> Fetching Subjects details
INFO - 2020-05-23 05:12:38 --> Controller "App\Controllers\SubjectStandards" loaded.
INFO - 2020-05-23 05:12:38 --> Fetching Subjects details
INFO - 2020-05-23 05:12:38 --> Controller "App\Controllers\SubjectStandards" loaded.
INFO - 2020-05-23 05:12:38 --> Fetching Subjects details
INFO - 2020-05-23 05:12:39 --> Controller "App\Controllers\SubjectStandards" loaded.
INFO - 2020-05-23 05:12:39 --> Fetching Subjects details
INFO - 2020-05-23 05:14:10 --> Controller "App\Controllers\SubjectMasters" loaded.
INFO - 2020-05-23 05:14:10 --> Fetching SubjectMasters details
INFO - 2020-05-23 05:14:10 --> Controller "App\Controllers\Sections" loaded.
INFO - 2020-05-23 05:14:10 --> Fetching Sections details
INFO - 2020-05-23 05:14:11 --> Controller "App\Controllers\SubjectStandards" loaded.
INFO - 2020-05-23 05:14:11 --> Fetching Subjects details
INFO - 2020-05-23 05:18:37 --> Controller "App\Controllers\SubjectStandards" loaded.
INFO - 2020-05-23 05:18:37 --> Fetching Subjects details
INFO - 2020-05-23 05:27:28 --> Controller "App\Controllers\SubjectMasters" loaded.
INFO - 2020-05-23 05:27:28 --> Fetching SubjectMasters details
INFO - 2020-05-23 05:27:28 --> Controller "App\Controllers\Sections" loaded.
INFO - 2020-05-23 05:27:28 --> Fetching Sections details
INFO - 2020-05-23 05:27:32 --> Controller "App\Controllers\SubjectStandards" loaded.
INFO - 2020-05-23 05:27:32 --> Fetching Subjects details
INFO - 2020-05-23 05:29:07 --> Controller "App\Controllers\SubjectMasters" loaded.
INFO - 2020-05-23 05:29:07 --> Controller "App\Controllers\Sections" loaded.
INFO - 2020-05-23 05:29:07 --> Fetching SubjectMasters details
INFO - 2020-05-23 05:29:07 --> Fetching Sections details
INFO - 2020-05-23 05:32:23 --> Controller "App\Controllers\SubjectMasters" loaded.
INFO - 2020-05-23 05:32:23 --> Fetching SubjectMasters details
INFO - 2020-05-23 05:32:23 --> Controller "App\Controllers\Sections" loaded.
INFO - 2020-05-23 05:32:23 --> Fetching Sections details
INFO - 2020-05-23 05:32:27 --> Controller "App\Controllers\SubjectStandards" loaded.
INFO - 2020-05-23 05:32:27 --> Fetching Subjects details
INFO - 2020-05-23 05:36:47 --> Controller "App\Controllers\SubjectMasters" loaded.
INFO - 2020-05-23 05:36:47 --> Fetching SubjectMasters details
INFO - 2020-05-23 05:36:47 --> Controller "App\Controllers\Sections" loaded.
INFO - 2020-05-23 05:36:47 --> Fetching Sections details
INFO - 2020-05-23 05:36:50 --> Controller "App\Controllers\SubjectStandards" loaded.
INFO - 2020-05-23 05:36:50 --> Fetching Subjects details
INFO - 2020-05-23 05:38:14 --> Controller "App\Controllers\SubjectMasters" loaded.
INFO - 2020-05-23 05:38:14 --> Fetching SubjectMasters details
INFO - 2020-05-23 05:38:14 --> Controller "App\Controllers\Sections" loaded.
INFO - 2020-05-23 05:38:14 --> Fetching Sections details
INFO - 2020-05-23 05:38:18 --> Controller "App\Controllers\SubjectStandards" loaded.
INFO - 2020-05-23 05:38:18 --> Fetching Subjects details
INFO - 2020-05-23 05:42:11 --> Controller "App\Controllers\SubjectMasters" loaded.
INFO - 2020-05-23 05:42:11 --> Controller "App\Controllers\Sections" loaded.
INFO - 2020-05-23 05:42:11 --> Fetching SubjectMasters details
INFO - 2020-05-23 05:42:11 --> Fetching Sections details
INFO - 2020-05-23 05:42:21 --> Controller "App\Controllers\SubjectStandards" loaded.
INFO - 2020-05-23 05:42:21 --> Fetching Subjects details
INFO - 2020-05-23 05:43:03 --> Controller "App\Controllers\SubjectMasters" loaded.
INFO - 2020-05-23 05:43:03 --> Fetching SubjectMasters details
INFO - 2020-05-23 05:43:42 --> Controller "App\Controllers\SubjectMasters" loaded.
INFO - 2020-05-23 05:43:42 --> Fetching SubjectMasters details
INFO - 2020-05-23 05:43:52 --> Controller "App\Controllers\SubjectStandards" loaded.
INFO - 2020-05-23 05:43:52 --> Fetching Subjects details
INFO - 2020-05-23 05:44:01 --> Controller "App\Controllers\SubjectStandards" loaded.
INFO - 2020-05-23 05:44:01 --> Fetching SubjectStandards details
INFO - 2020-05-23 05:44:15 --> Controller "App\Controllers\SubjectMasters" loaded.
INFO - 2020-05-23 05:44:15 --> Fetching SubjectMasters details
INFO - 2020-05-23 05:48:13 --> Controller "App\Controllers\Sections" loaded.
INFO - 2020-05-23 05:48:13 --> Controller "App\Controllers\SubjectMasters" loaded.
INFO - 2020-05-23 05:48:13 --> Fetching SubjectMasters details
INFO - 2020-05-23 05:48:13 --> Fetching Sections details
INFO - 2020-05-23 05:48:20 --> Controller "App\Controllers\SubjectStandards" loaded.
INFO - 2020-05-23 05:48:20 --> Fetching Subjects details
INFO - 2020-05-23 05:49:18 --> Controller "App\Controllers\SubjectMasters" loaded.
INFO - 2020-05-23 05:49:18 --> Fetching SubjectMasters details
INFO - 2020-05-23 05:49:18 --> Controller "App\Controllers\Sections" loaded.
INFO - 2020-05-23 05:49:18 --> Fetching Sections details
INFO - 2020-05-23 05:49:21 --> Controller "App\Controllers\Sections" loaded.
INFO - 2020-05-23 05:49:21 --> Controller "App\Controllers\SubjectMasters" loaded.
INFO - 2020-05-23 05:49:21 --> Fetching SubjectMasters details
INFO - 2020-05-23 05:49:21 --> Fetching Sections details
INFO - 2020-05-23 05:49:24 --> Controller "App\Controllers\SubjectMasters" loaded.
INFO - 2020-05-23 05:49:24 --> Fetching SubjectMasters details
INFO - 2020-05-23 05:49:24 --> Controller "App\Controllers\Sections" loaded.
INFO - 2020-05-23 05:49:24 --> Fetching Sections details
INFO - 2020-05-23 05:49:26 --> Controller "App\Controllers\SubjectStandards" loaded.
INFO - 2020-05-23 05:49:26 --> Fetching Subjects details
INFO - 2020-05-23 05:49:28 --> Controller "App\Controllers\SubjectStandards" loaded.
INFO - 2020-05-23 05:49:28 --> Fetching Subjects details
INFO - 2020-05-23 05:49:30 --> Controller "App\Controllers\SubjectStandards" loaded.
INFO - 2020-05-23 05:49:30 --> Fetching Subjects details
INFO - 2020-05-23 05:49:57 --> Controller "App\Controllers\SubjectStandards" loaded.
INFO - 2020-05-23 05:49:57 --> Fetching Subjects details
INFO - 2020-05-23 05:49:58 --> Controller "App\Controllers\SubjectStandards" loaded.
INFO - 2020-05-23 05:49:58 --> Fetching Subjects details
INFO - 2020-05-23 05:51:23 --> Controller "App\Controllers\SubjectMasters" loaded.
INFO - 2020-05-23 05:51:23 --> Fetching SubjectMasters details
INFO - 2020-05-23 05:51:23 --> Controller "App\Controllers\Sections" loaded.
INFO - 2020-05-23 05:51:23 --> Fetching Sections details
INFO - 2020-05-23 05:51:25 --> Controller "App\Controllers\SubjectStandards" loaded.
INFO - 2020-05-23 05:51:25 --> Fetching Subjects details
INFO - 2020-05-23 05:51:28 --> Controller "App\Controllers\SubjectStandards" loaded.
INFO - 2020-05-23 05:51:28 --> Fetching Subjects details
INFO - 2020-05-23 05:51:29 --> Controller "App\Controllers\SubjectStandards" loaded.
INFO - 2020-05-23 05:51:29 --> Fetching Subjects details
INFO - 2020-05-23 05:51:30 --> Controller "App\Controllers\SubjectStandards" loaded.
INFO - 2020-05-23 05:51:30 --> Fetching Subjects details
INFO - 2020-05-23 05:51:31 --> Controller "App\Controllers\SubjectStandards" loaded.
INFO - 2020-05-23 05:51:31 --> Fetching Subjects details
INFO - 2020-05-23 05:51:31 --> Controller "App\Controllers\SubjectStandards" loaded.
INFO - 2020-05-23 05:51:31 --> Fetching Subjects details
INFO - 2020-05-23 05:51:34 --> Controller "App\Controllers\SubjectStandards" loaded.
INFO - 2020-05-23 05:51:34 --> Fetching Subjects details
INFO - 2020-05-23 05:51:36 --> Controller "App\Controllers\SubjectStandards" loaded.
INFO - 2020-05-23 05:51:36 --> Fetching Subjects details
INFO - 2020-05-23 05:53:41 --> Controller "App\Controllers\SubjectMasters" loaded.
INFO - 2020-05-23 05:53:41 --> Fetching SubjectMasters details
INFO - 2020-05-23 05:53:41 --> Controller "App\Controllers\Sections" loaded.
INFO - 2020-05-23 05:53:41 --> Fetching Sections details
INFO - 2020-05-23 05:53:43 --> Controller "App\Controllers\SubjectStandards" loaded.
INFO - 2020-05-23 05:53:43 --> Fetching Subjects details
INFO - 2020-05-23 05:57:50 --> Controller "App\Controllers\SubjectMasters" loaded.
INFO - 2020-05-23 05:57:50 --> Controller "App\Controllers\Sections" loaded.
INFO - 2020-05-23 05:57:50 --> Fetching SubjectMasters details
INFO - 2020-05-23 05:57:50 --> Fetching Sections details
INFO - 2020-05-23 05:58:42 --> Controller "App\Controllers\SubjectMasters" loaded.
INFO - 2020-05-23 05:58:42 --> Fetching SubjectMasters details
INFO - 2020-05-23 05:58:42 --> Controller "App\Controllers\Sections" loaded.
INFO - 2020-05-23 05:58:42 --> Fetching Sections details
INFO - 2020-05-23 05:58:46 --> Controller "App\Controllers\SubjectStandards" loaded.
INFO - 2020-05-23 05:58:46 --> Fetching Subjects details
INFO - 2020-05-23 06:01:47 --> Controller "App\Controllers\SubjectMasters" loaded.
INFO - 2020-05-23 06:01:47 --> Fetching SubjectMasters details
INFO - 2020-05-23 06:01:47 --> Controller "App\Controllers\Sections" loaded.
INFO - 2020-05-23 06:01:47 --> Fetching Sections details
INFO - 2020-05-23 06:01:50 --> Controller "App\Controllers\SubjectStandards" loaded.
INFO - 2020-05-23 06:01:50 --> Fetching Subjects details
INFO - 2020-05-23 06:03:28 --> Controller "App\Controllers\SubjectStandards" loaded.
INFO - 2020-05-23 06:03:28 --> Fetching Subjects details
INFO - 2020-05-23 06:08:45 --> Controller "App\Controllers\SubjectStandards" loaded.
INFO - 2020-05-23 06:08:45 --> Fetching Subjects details
INFO - 2020-05-23 06:08:46 --> Controller "App\Controllers\SubjectStandards" loaded.
INFO - 2020-05-23 06:08:46 --> Fetching Subjects details
INFO - 2020-05-23 06:08:49 --> Controller "App\Controllers\SubjectStandards" loaded.
INFO - 2020-05-23 06:08:49 --> Fetching SubjectStandards details
INFO - 2020-05-23 06:09:09 --> Controller "App\Controllers\SubjectStandards" loaded.
INFO - 2020-05-23 06:09:09 --> Fetching Subjects details
INFO - 2020-05-23 06:10:37 --> Controller "App\Controllers\Sections" loaded.
INFO - 2020-05-23 06:10:37 --> Controller "App\Controllers\MessageGroups" loaded.
INFO - 2020-05-23 06:10:37 --> Controller "App\Controllers\Dashboards" loaded.
INFO - 2020-05-23 06:10:37 --> Fetching Sections details
INFO - 2020-05-23 06:10:37 --> Fetching MessageGroups details
INFO - 2020-05-23 06:10:37 --> Fetching Dashboard details
INFO - 2020-05-23 06:10:53 --> Controller "App\Controllers\SubjectMasters" loaded.
INFO - 2020-05-23 06:10:53 --> Controller "App\Controllers\Sections" loaded.
INFO - 2020-05-23 06:10:53 --> Fetching SubjectMasters details
INFO - 2020-05-23 06:10:53 --> Fetching Sections details
INFO - 2020-05-23 06:10:55 --> Controller "App\Controllers\SubjectMasters" loaded.
INFO - 2020-05-23 06:10:55 --> Controller "App\Controllers\Sections" loaded.
INFO - 2020-05-23 06:10:55 --> Fetching SubjectMasters details
INFO - 2020-05-23 06:10:55 --> Fetching Sections details
INFO - 2020-05-23 06:13:02 --> Controller "App\Controllers\Sections" loaded.
INFO - 2020-05-23 06:13:02 --> Fetching Sections details
INFO - 2020-05-23 06:13:02 --> Controller "App\Controllers\MessageGroups" loaded.
INFO - 2020-05-23 06:13:02 --> Controller "App\Controllers\Dashboards" loaded.
INFO - 2020-05-23 06:13:02 --> Fetching MessageGroups details
INFO - 2020-05-23 06:13:02 --> Fetching Dashboard details
INFO - 2020-05-23 06:13:53 --> Controller "App\Controllers\Sections" loaded.
INFO - 2020-05-23 06:13:53 --> Controller "App\Controllers\MessageGroups" loaded.
INFO - 2020-05-23 06:13:53 --> Fetching MessageGroups details
INFO - 2020-05-23 06:13:53 --> Fetching Sections details
INFO - 2020-05-23 06:13:53 --> Controller "App\Controllers\Dashboards" loaded.
INFO - 2020-05-23 06:13:53 --> Fetching Dashboard details
INFO - 2020-05-23 06:15:08 --> Controller "App\Controllers\Sections" loaded.
INFO - 2020-05-23 06:15:08 --> Fetching Sections details
INFO - 2020-05-23 06:15:08 --> Controller "App\Controllers\MessageGroups" loaded.
INFO - 2020-05-23 06:15:08 --> Fetching MessageGroups details
INFO - 2020-05-23 06:15:08 --> Controller "App\Controllers\Dashboards" loaded.
INFO - 2020-05-23 06:15:08 --> Fetching Dashboard details
INFO - 2020-05-23 06:32:00 --> Controller "App\Controllers\SubjectMasters" loaded.
INFO - 2020-05-23 06:32:00 --> Controller "App\Controllers\Sections" loaded.
INFO - 2020-05-23 06:32:00 --> Fetching SubjectMasters details
INFO - 2020-05-23 06:32:00 --> Fetching Sections details
INFO - 2020-05-23 06:33:04 --> Controller "App\Controllers\LeaveApplications" loaded.
INFO - 2020-05-23 06:33:04 --> Controller "App\Controllers\LeaveApplications" loaded.
INFO - 2020-05-23 06:33:04 --> Fetching All Leave details
INFO - 2020-05-23 06:33:04 --> Fetching All Leave details
INFO - 2020-05-23 06:33:06 --> Controller "App\Controllers\LeaveTypes" loaded.
INFO - 2020-05-23 06:33:06 --> Fetching LeaveTypes details
INFO - 2020-05-23 06:33:07 --> Controller "App\Controllers\SubjectMasters" loaded.
INFO - 2020-05-23 06:33:07 --> Fetching SubjectMasters details
INFO - 2020-05-23 06:33:07 --> Controller "App\Controllers\Sections" loaded.
INFO - 2020-05-23 06:33:07 --> Fetching Sections details
INFO - 2020-05-23 06:33:08 --> Controller "App\Controllers\SubjectMasters" loaded.
INFO - 2020-05-23 06:33:08 --> Controller "App\Controllers\Sections" loaded.
INFO - 2020-05-23 06:33:08 --> Fetching SubjectMasters details
INFO - 2020-05-23 06:33:08 --> Fetching Sections details
INFO - 2020-05-23 06:33:10 --> Controller "App\Controllers\HostelBlocks" loaded.
INFO - 2020-05-23 06:33:10 --> Fetching HostelBlocks details
INFO - 2020-05-23 06:33:10 --> Controller "App\Controllers\Staffs" loaded.
INFO - 2020-05-23 06:33:10 --> Fetching All Leave details
INFO - 2020-05-23 06:33:12 --> Controller "App\Controllers\HostelRooms" loaded.
INFO - 2020-05-23 06:33:12 --> Controller "App\Controllers\HostelBlocks" loaded.
INFO - 2020-05-23 06:33:12 --> Fetching HostelRooms details
INFO - 2020-05-23 06:33:12 --> Fetching HostelBlocks details
INFO - 2020-05-23 06:44:12 --> Controller "App\Controllers\Rooms" loaded.
INFO - 2020-05-23 06:44:12 --> Fetching room details
INFO - 2020-05-23 06:47:57 --> Controller "App\Controllers\Sections" loaded.
INFO - 2020-05-23 06:47:57 --> Controller "App\Controllers\SubjectMasters" loaded.
INFO - 2020-05-23 06:47:57 --> Fetching SubjectMasters details
INFO - 2020-05-23 06:47:57 --> Fetching Sections details
INFO - 2020-05-23 06:49:30 --> Controller "App\Controllers\Sections" loaded.
INFO - 2020-05-23 06:49:30 --> Controller "App\Controllers\SubjectMasters" loaded.
INFO - 2020-05-23 06:49:30 --> Fetching SubjectMasters details
INFO - 2020-05-23 06:49:30 --> Fetching Sections details
INFO - 2020-05-23 06:50:12 --> Controller "App\Controllers\SubjectMasters" loaded.
INFO - 2020-05-23 06:50:12 --> Fetching SubjectMasters details
INFO - 2020-05-23 06:50:12 --> Controller "App\Controllers\Sections" loaded.
INFO - 2020-05-23 06:50:12 --> Fetching Sections details
INFO - 2020-05-23 06:51:07 --> Controller "App\Controllers\SubjectMasters" loaded.
INFO - 2020-05-23 06:51:07 --> Controller "App\Controllers\Sections" loaded.
INFO - 2020-05-23 06:51:07 --> Fetching SubjectMasters details
INFO - 2020-05-23 06:51:07 --> Fetching Sections details
INFO - 2020-05-23 06:51:09 --> Controller "App\Controllers\SubjectStandards" loaded.
INFO - 2020-05-23 06:51:09 --> Fetching Subjects details
INFO - 2020-05-23 06:51:39 --> Controller "App\Controllers\Boards" loaded.
INFO - 2020-05-23 06:51:39 --> Fetching Boards details
INFO - 2020-05-23 06:51:45 --> Controller "App\Controllers\Rooms" loaded.
INFO - 2020-05-23 06:51:45 --> Fetching room details
INFO - 2020-05-23 06:51:49 --> Controller "App\Controllers\MessageGroups" loaded.
INFO - 2020-05-23 06:51:49 --> Fetching MessageGroups details
INFO - 2020-05-23 06:51:52 --> Controller "App\Controllers\Standards" loaded.
INFO - 2020-05-23 06:51:52 --> Fetching Standards details
INFO - 2020-05-23 06:51:52 --> Controller "App\Controllers\Boards" loaded.
INFO - 2020-05-23 06:51:53 --> Controller "App\Controllers\Standards" loaded.
INFO - 2020-05-23 06:51:53 --> Fetching Boards details
INFO - 2020-05-23 06:51:53 --> Fetching Standards details
INFO - 2020-05-23 06:51:53 --> Controller "App\Controllers\Standards" loaded.
INFO - 2020-05-23 06:51:53 --> Fetching Standards details
INFO - 2020-05-23 06:51:55 --> Controller "App\Controllers\Standards" loaded.
INFO - 2020-05-23 06:51:55 --> Fetching Standards details
INFO - 2020-05-23 06:51:55 --> Controller "App\Controllers\Sections" loaded.
INFO - 2020-05-23 06:51:55 --> Controller "App\Controllers\Boards" loaded.
INFO - 2020-05-23 06:51:55 --> Fetching Boards details
INFO - 2020-05-23 06:51:55 --> Fetching Sections details
INFO - 2020-05-23 06:51:56 --> Controller "App\Controllers\Holidays" loaded.
INFO - 2020-05-23 06:51:56 --> Fetching Holiday details
INFO - 2020-05-23 06:52:45 --> Controller "App\Controllers\Sections" loaded.
INFO - 2020-05-23 06:52:45 --> Fetching Sections details
INFO - 2020-05-23 06:52:47 --> Controller "App\Controllers\Sections" loaded.
INFO - 2020-05-23 06:52:47 --> Fetching Sections details
INFO - 2020-05-23 06:52:47 --> Controller "App\Controllers\Dashboards" loaded.
INFO - 2020-05-23 06:52:47 --> Fetching Dashboard details
INFO - 2020-05-23 06:52:50 --> Controller "App\Controllers\Sections" loaded.
INFO - 2020-05-23 06:52:50 --> Fetching Sections details
INFO - 2020-05-23 06:52:51 --> Controller "App\Controllers\Sections" loaded.
INFO - 2020-05-23 06:52:51 --> Fetching Sections details
INFO - 2020-05-23 06:52:52 --> Controller "App\Controllers\Feedbacks" loaded.
INFO - 2020-05-23 06:52:52 --> Fetching Feedback details
INFO - 2020-05-23 06:54:10 --> Controller "App\Controllers\SubjectMasters" loaded.
INFO - 2020-05-23 06:54:10 --> Fetching SubjectMasters details
INFO - 2020-05-23 06:54:10 --> Controller "App\Controllers\Sections" loaded.
INFO - 2020-05-23 06:54:10 --> Fetching Sections details
INFO - 2020-05-23 08:14:50 --> Controller "App\Controllers\Users" loaded.
INFO - 2020-05-23 08:14:50 --> Fetching Users details
INFO - 2020-05-23 08:15:12 --> Controller "App\Controllers\Users" loaded.
INFO - 2020-05-23 08:15:12 --> Fetching Users details
INFO - 2020-05-23 08:15:25 --> Controller "App\Controllers\Users" loaded.
INFO - 2020-05-23 08:15:25 --> Fetching Users details
INFO - 2020-05-23 08:15:31 --> Controller "App\Controllers\Users" loaded.
INFO - 2020-05-23 08:15:31 --> Fetching Users details
INFO - 2020-05-23 08:15:36 --> Controller "App\Controllers\Users" loaded.
INFO - 2020-05-23 08:15:36 --> Fetching Users details
INFO - 2020-05-23 08:15:48 --> Controller "App\Controllers\SubjectMasters" loaded.
INFO - 2020-05-23 08:15:48 --> Controller "App\Controllers\Sections" loaded.
INFO - 2020-05-23 08:15:48 --> Fetching SubjectMasters details
INFO - 2020-05-23 08:15:48 --> Fetching Sections details
INFO - 2020-05-23 08:16:05 --> Controller "App\Controllers\SubjectStandards" loaded.
INFO - 2020-05-23 08:16:05 --> Fetching Subjects details
INFO - 2020-05-23 08:16:15 --> Controller "App\Controllers\SubjectStandards" loaded.
INFO - 2020-05-23 08:16:15 --> Fetching Subjects details
INFO - 2020-05-23 08:16:26 --> Controller "App\Controllers\Sections" loaded.
INFO - 2020-05-23 08:16:26 --> Controller "App\Controllers\MessageGroups" loaded.
INFO - 2020-05-23 08:16:26 --> Fetching MessageGroups details
INFO - 2020-05-23 08:16:26 --> Fetching Sections details
INFO - 2020-05-23 08:16:26 --> Controller "App\Controllers\Dashboards" loaded.
INFO - 2020-05-23 08:16:26 --> Fetching Dashboard details
INFO - 2020-05-23 08:16:34 --> Controller "App\Controllers\Sections" loaded.
INFO - 2020-05-23 08:16:34 --> Controller "App\Controllers\MessageGroups" loaded.
INFO - 2020-05-23 08:16:34 --> Fetching MessageGroups details
INFO - 2020-05-23 08:16:34 --> Fetching Sections details
INFO - 2020-05-23 08:16:34 --> Controller "App\Controllers\Dashboards" loaded.
INFO - 2020-05-23 08:16:34 --> Fetching Dashboard details
INFO - 2020-05-23 08:17:27 --> Controller "App\Controllers\Students" loaded.
INFO - 2020-05-23 08:17:27 --> Fetching All Leave details
INFO - 2020-05-23 08:17:45 --> Controller "App\Controllers\Students" loaded.
INFO - 2020-05-23 08:17:45 --> Fetching All Leave details
INFO - 2020-05-23 08:17:49 --> Controller "App\Controllers\Students" loaded.
INFO - 2020-05-23 08:17:49 --> Fetching All Leave details
INFO - 2020-05-23 08:17:50 --> Controller "App\Controllers\Students" loaded.
INFO - 2020-05-23 08:17:50 --> Fetching All Leave details
INFO - 2020-05-23 08:17:55 --> Controller "App\Controllers\Students" loaded.
INFO - 2020-05-23 08:17:55 --> Fetching All Leave details
INFO - 2020-05-23 08:17:56 --> Controller "App\Controllers\Students" loaded.
INFO - 2020-05-23 08:17:56 --> Fetching All Leave details
INFO - 2020-05-23 08:17:57 --> Controller "App\Controllers\Students" loaded.
INFO - 2020-05-23 08:17:57 --> Fetching All Leave details
INFO - 2020-05-23 08:18:25 --> Controller "App\Controllers\FeesMasters" loaded.
INFO - 2020-05-23 08:18:25 --> Fetching FeeMaster details
INFO - 2020-05-23 08:18:25 --> Controller "App\Controllers\Sections" loaded.
INFO - 2020-05-23 08:18:25 --> Controller "App\Controllers\Students" loaded.
INFO - 2020-05-23 08:18:25 --> Controller "App\Controllers\Categories" loaded.
INFO - 2020-05-23 08:18:25 --> Fetching Category details
INFO - 2020-05-23 08:18:25 --> Controller "App\Controllers\Sections" loaded.
INFO - 2020-05-23 08:18:25 --> Fetching All Leave details
INFO - 2020-05-23 08:18:25 --> Fetching Sections details
INFO - 2020-05-23 08:18:25 --> Fetching Sections details
INFO - 2020-05-23 08:18:36 --> Controller "App\Controllers\Categories" loaded.
INFO - 2020-05-23 08:18:36 --> Controller "App\Controllers\Sections" loaded.
INFO - 2020-05-23 08:18:36 --> Controller "App\Controllers\FeesMasters" loaded.
INFO - 2020-05-23 08:18:36 --> Controller "App\Controllers\Students" loaded.
INFO - 2020-05-23 08:18:36 --> Fetching Category details
INFO - 2020-05-23 08:18:36 --> Fetching All Leave details
INFO - 2020-05-23 08:18:36 --> Fetching FeeMaster details
INFO - 2020-05-23 08:18:36 --> Fetching Sections details
INFO - 2020-05-23 08:18:36 --> Controller "App\Controllers\Sections" loaded.
INFO - 2020-05-23 08:18:36 --> Fetching Sections details
INFO - 2020-05-23 08:21:09 --> Controller "App\Controllers\FeesMasters" loaded.
INFO - 2020-05-23 08:21:09 --> Fetching FeeMaster details
INFO - 2020-05-23 08:21:10 --> Controller "App\Controllers\FeesMasters" loaded.
INFO - 2020-05-23 08:21:10 --> Fetching FeeMaster details
INFO - 2020-05-23 08:21:11 --> Controller "App\Controllers\FeesMasters" loaded.
INFO - 2020-05-23 08:21:11 --> Fetching FeeMaster details
INFO - 2020-05-23 08:21:15 --> Controller "App\Controllers\FeesMasters" loaded.
INFO - 2020-05-23 08:21:15 --> Fetching FeeMaster details
INFO - 2020-05-23 08:21:16 --> Controller "App\Controllers\FeesMasters" loaded.
INFO - 2020-05-23 08:21:16 --> Fetching FeeMaster details
INFO - 2020-05-23 08:21:16 --> Controller "App\Controllers\FeesMasters" loaded.
INFO - 2020-05-23 08:21:16 --> Fetching FeeMaster details
INFO - 2020-05-23 08:21:18 --> Controller "App\Controllers\FeesMasters" loaded.
INFO - 2020-05-23 08:21:18 --> Fetching FeeMaster details
INFO - 2020-05-23 08:21:25 --> Controller "App\Controllers\FeesMasters" loaded.
INFO - 2020-05-23 08:21:25 --> Fetching FeeMaster details
INFO - 2020-05-23 08:21:28 --> Controller "App\Controllers\FeesMasters" loaded.
INFO - 2020-05-23 08:21:28 --> Fetching FeeMaster details
INFO - 2020-05-23 08:21:29 --> Controller "App\Controllers\FeesMasters" loaded.
INFO - 2020-05-23 08:21:29 --> Fetching FeeMaster details
INFO - 2020-05-23 08:22:13 --> Controller "App\Controllers\FeesMasters" loaded.
INFO - 2020-05-23 08:22:13 --> Fetching FeeMaster details
INFO - 2020-05-23 08:22:14 --> Controller "App\Controllers\FeesMasters" loaded.
INFO - 2020-05-23 08:22:14 --> Fetching FeeMaster details
INFO - 2020-05-23 08:22:15 --> Controller "App\Controllers\FeesMasters" loaded.
INFO - 2020-05-23 08:22:15 --> Fetching FeeMaster details
INFO - 2020-05-23 08:22:15 --> Controller "App\Controllers\FeesMasters" loaded.
INFO - 2020-05-23 08:22:15 --> Fetching FeeMaster details
INFO - 2020-05-23 08:22:15 --> Controller "App\Controllers\FeesMasters" loaded.
INFO - 2020-05-23 08:22:15 --> Fetching FeeMaster details
INFO - 2020-05-23 08:22:17 --> Controller "App\Controllers\SubjectMasters" loaded.
INFO - 2020-05-23 08:22:17 --> Fetching SubjectMasters details
INFO - 2020-05-23 08:22:17 --> Controller "App\Controllers\Sections" loaded.
INFO - 2020-05-23 08:22:17 --> Fetching Sections details
INFO - 2020-05-23 08:24:00 --> Controller "App\Controllers\SubjectStandards" loaded.
INFO - 2020-05-23 08:24:00 --> Fetching Subjects details
INFO - 2020-05-23 08:24:52 --> Controller "App\Controllers\FeesMasters" loaded.
INFO - 2020-05-23 08:24:52 --> Controller "App\Controllers\Sections" loaded.
INFO - 2020-05-23 08:24:52 --> Controller "App\Controllers\Students" loaded.
INFO - 2020-05-23 08:24:52 --> Controller "App\Controllers\Sections" loaded.
INFO - 2020-05-23 08:24:52 --> Controller "App\Controllers\Categories" loaded.
INFO - 2020-05-23 08:24:52 --> Fetching FeeMaster details
INFO - 2020-05-23 08:24:52 --> Fetching All Leave details
INFO - 2020-05-23 08:24:52 --> Fetching Category details
INFO - 2020-05-23 08:24:52 --> Fetching Sections details
INFO - 2020-05-23 08:24:52 --> Fetching Sections details
INFO - 2020-05-23 08:25:01 --> Controller "App\Controllers\Sections" loaded.
INFO - 2020-05-23 08:25:01 --> Controller "App\Controllers\Students" loaded.
INFO - 2020-05-23 08:25:01 --> Controller "App\Controllers\FeesMasters" loaded.
INFO - 2020-05-23 08:25:01 --> Controller "App\Controllers\Categories" loaded.
INFO - 2020-05-23 08:25:01 --> Fetching FeeMaster details
INFO - 2020-05-23 08:25:01 --> Controller "App\Controllers\Sections" loaded.
INFO - 2020-05-23 08:25:01 --> Fetching All Leave details
INFO - 2020-05-23 08:25:01 --> Fetching Sections details
INFO - 2020-05-23 08:25:01 --> Fetching Sections details
INFO - 2020-05-23 08:25:01 --> Fetching Category details
INFO - 2020-05-23 08:25:33 --> Controller "App\Controllers\FeesMasters" loaded.
INFO - 2020-05-23 08:25:33 --> Fetching FeeMaster details
INFO - 2020-05-23 08:25:48 --> Controller "App\Controllers\FeesMasters" loaded.
INFO - 2020-05-23 08:25:48 --> Fetching FeeMaster details
INFO - 2020-05-23 08:28:26 --> Controller "App\Controllers\FeesMasters" loaded.
INFO - 2020-05-23 08:28:26 --> Fetching FeeMaster details
INFO - 2020-05-23 08:28:35 --> Controller "App\Controllers\Students" loaded.
INFO - 2020-05-23 08:28:35 --> Fetching All Leave details
INFO - 2020-05-23 08:30:43 --> Controller "App\Controllers\Vehicles" loaded.
INFO - 2020-05-23 08:30:43 --> Fetching Vehicles details
INFO - 2020-05-23 08:30:47 --> Controller "App\Controllers\RouteMasters" loaded.
INFO - 2020-05-23 08:30:47 --> Fetching Route Master details
INFO - 2020-05-23 08:30:48 --> Controller "App\Controllers\RouteMasters" loaded.
INFO - 2020-05-23 08:30:48 --> Fetching Route Master details
INFO - 2020-05-23 08:30:49 --> Controller "App\Controllers\RouteMasters" loaded.
INFO - 2020-05-23 08:30:49 --> Fetching Route Master details
INFO - 2020-05-23 08:30:49 --> Controller "App\Controllers\Vehicles" loaded.
INFO - 2020-05-23 08:30:49 --> Fetching Vehicles details
INFO - 2020-05-23 08:30:49 --> Controller "App\Controllers\Staffs" loaded.
INFO - 2020-05-23 08:30:49 --> Fetching All Leave details
INFO - 2020-05-23 08:30:51 --> Controller "App\Controllers\Vehicles" loaded.
INFO - 2020-05-23 08:30:51 --> Fetching Vehicles details
INFO - 2020-05-23 08:30:52 --> Controller "App\Controllers\RouteMasters" loaded.
INFO - 2020-05-23 08:30:52 --> Fetching Route Master details
INFO - 2020-05-23 08:30:53 --> Controller "App\Controllers\RouteMasters" loaded.
INFO - 2020-05-23 08:30:53 --> Fetching Route Master details
INFO - 2020-05-23 08:30:54 --> Controller "App\Controllers\Staffs" loaded.
INFO - 2020-05-23 08:30:54 --> Controller "App\Controllers\Vehicles" loaded.
INFO - 2020-05-23 08:30:54 --> Fetching Vehicles details
INFO - 2020-05-23 08:30:54 --> Fetching All Leave details
INFO - 2020-05-23 08:30:54 --> Controller "App\Controllers\RouteMasters" loaded.
INFO - 2020-05-23 08:30:54 --> Fetching Route Master details
