INFO - 2021-01-26 13:57:41 --> Controller "App\Controllers\Dashboards" loaded.
INFO - 2021-01-26 13:57:41 --> Fetching Dashboard details
INFO - 2021-01-26 13:57:47 --> Controller "App\Controllers\Dashboards" loaded.
INFO - 2021-01-26 13:57:47 --> Fetching Dashboard details
INFO - 2021-01-26 13:57:47 --> Controller "App\Controllers\SchedulePlanner" loaded.
INFO - 2021-01-26 13:57:47 --> Fetching IIQA Details
INFO - 2021-01-26 13:57:50 --> Controller "App\Controllers\Dashboards" loaded.
INFO - 2021-01-26 13:57:50 --> Fetching Dashboard details
INFO - 2021-01-26 14:08:05 --> Controller "App\Controllers\InstituteDetails" loaded.
INFO - 2021-01-26 14:08:05 --> Fetching IIQA Details
INFO - 2021-01-26 14:08:07 --> Controller "App\Controllers\Leads" loaded.
INFO - 2021-01-26 14:08:07 --> Controller "App\Controllers\InstituteDetails" loaded.
INFO - 2021-01-26 14:08:07 --> Fetching IIQA Details
INFO - 2021-01-26 14:08:07 --> Fetching IIQA Details
INFO - 2021-01-26 14:08:11 --> Controller "App\Controllers\SchedulePlanner" loaded.
INFO - 2021-01-26 14:08:11 --> Fetching IIQA Details
INFO - 2021-01-26 14:08:13 --> Controller "App\Controllers\SchedulePlanner" loaded.
INFO - 2021-01-26 14:08:13 --> Fetching IIQA Details
INFO - 2021-01-26 14:08:13 --> Controller "App\Controllers\InstituteDetails" loaded.
INFO - 2021-01-26 14:08:13 --> Controller "App\Controllers\EmployeeDetails" loaded.
INFO - 2021-01-26 14:08:13 --> Fetching IIQA Details
INFO - 2021-01-26 14:08:13 --> Fetching IIQA Details
INFO - 2021-01-26 14:08:13 --> Controller "App\Controllers\Status" loaded.
INFO - 2021-01-26 14:08:13 --> Fetching IIQA Details
INFO - 2021-01-26 14:08:33 --> Controller "App\Controllers\InstituteDetails" loaded.
INFO - 2021-01-26 14:08:33 --> Fetching IIQA Details
INFO - 2021-01-26 14:08:53 --> Controller "App\Controllers\InstitutePricingHistory" loaded.
INFO - 2021-01-26 14:08:53 --> Fetching IIQA Details
INFO - 2021-01-26 14:09:06 --> Controller "App\Controllers\InstitutePricingHistory" loaded.
INFO - 2021-01-26 14:09:06 --> Fetching IIQA Details
INFO - 2021-01-26 14:38:51 --> Controller "App\Controllers\InstitutePricingHistory" loaded.
INFO - 2021-01-26 14:38:51 --> Fetching IIQA Details
