INFO - 2021-03-02 09:40:01 --> Controller "App\Controllers\Users" loaded.
INFO - 2021-03-02 09:40:01 --> Fetching All User details
INFO - 2021-03-02 11:11:49 --> Controller "App\Controllers\Dashboards" loaded.
INFO - 2021-03-02 11:11:49 --> Fetching Dashboard details
INFO - 2021-03-02 11:11:49 --> Controller "App\Controllers\SchedulePlanner" loaded.
INFO - 2021-03-02 11:11:49 --> Fetching IIQA Details
INFO - 2021-03-02 11:18:51 --> Controller "App\Controllers\SchedulePlanner" loaded.
INFO - 2021-03-02 11:18:51 --> Controller "App\Controllers\Dashboards" loaded.
INFO - 2021-03-02 11:18:51 --> Fetching IIQA Details
INFO - 2021-03-02 11:18:52 --> Fetching Dashboard details
INFO - 2021-03-02 11:18:52 --> Controller "App\Controllers\Users" loaded.
INFO - 2021-03-02 11:18:52 --> Fetching All User details
INFO - 2021-03-02 11:28:49 --> Controller "App\Controllers\InstituteDetails" loaded.
INFO - 2021-03-02 11:28:49 --> Controller "App\Controllers\PricingHistory" loaded.
INFO - 2021-03-02 11:28:49 --> Fetching IIQA Details
INFO - 2021-03-02 11:28:49 --> Fetching IIQA Details
INFO - 2021-03-02 11:28:50 --> Controller "App\Controllers\PricingDetails" loaded.
INFO - 2021-03-02 11:28:50 --> Fetching IIQA Details
INFO - 2021-03-02 11:28:50 --> Controller "App\Controllers\PricingDetails" loaded.
INFO - 2021-03-02 11:28:50 --> Fetching IIQA Details
INFO - 2021-03-02 11:28:57 --> Controller "App\Controllers\InstituteDetails" loaded.
INFO - 2021-03-02 11:28:57 --> Controller "App\Controllers\PricingHistory" loaded.
INFO - 2021-03-02 11:28:57 --> Fetching IIQA Details
INFO - 2021-03-02 11:28:57 --> Fetching IIQA Details
INFO - 2021-03-02 11:28:57 --> Controller "App\Controllers\PricingDetails" loaded.
INFO - 2021-03-02 11:28:57 --> Controller "App\Controllers\PricingDetails" loaded.
INFO - 2021-03-02 11:28:57 --> Fetching IIQA Details
INFO - 2021-03-02 11:28:57 --> Fetching IIQA Details
INFO - 2021-03-02 11:31:24 --> Controller "App\Controllers\Users" loaded.
INFO - 2021-03-02 11:31:24 --> Controller "App\Controllers\SchedulePlanner" loaded.
INFO - 2021-03-02 11:31:24 --> Fetching IIQA Details
INFO - 2021-03-02 11:31:24 --> Fetching All User details
INFO - 2021-03-02 11:31:24 --> Controller "App\Controllers\Dashboards" loaded.
INFO - 2021-03-02 11:31:24 --> Fetching Dashboard details
INFO - 2021-03-02 11:31:27 --> Controller "App\Controllers\PricingHistory" loaded.
INFO - 2021-03-02 11:31:27 --> Controller "App\Controllers\InstituteDetails" loaded.
INFO - 2021-03-02 11:31:27 --> Fetching IIQA Details
INFO - 2021-03-02 11:31:27 --> Fetching IIQA Details
INFO - 2021-03-02 11:31:28 --> Controller "App\Controllers\PricingDetails" loaded.
INFO - 2021-03-02 11:31:28 --> Fetching IIQA Details
INFO - 2021-03-02 11:31:28 --> Controller "App\Controllers\PricingDetails" loaded.
INFO - 2021-03-02 11:31:28 --> Fetching IIQA Details
INFO - 2021-03-02 11:32:05 --> Controller "App\Controllers\Dashboards" loaded.
INFO - 2021-03-02 11:32:05 --> Fetching Dashboard details
INFO - 2021-03-02 11:32:05 --> Controller "App\Controllers\SchedulePlanner" loaded.
INFO - 2021-03-02 11:32:05 --> Fetching IIQA Details
INFO - 2021-03-02 11:32:05 --> Controller "App\Controllers\Users" loaded.
INFO - 2021-03-02 11:32:05 --> Fetching All User details
INFO - 2021-03-02 11:32:06 --> Controller "App\Controllers\PricingHistory" loaded.
INFO - 2021-03-02 11:32:06 --> Fetching IIQA Details
INFO - 2021-03-02 11:32:06 --> Controller "App\Controllers\InstituteDetails" loaded.
INFO - 2021-03-02 11:32:06 --> Fetching IIQA Details
INFO - 2021-03-02 11:32:07 --> Controller "App\Controllers\PricingDetails" loaded.
INFO - 2021-03-02 11:32:07 --> Controller "App\Controllers\PricingDetails" loaded.
INFO - 2021-03-02 11:32:07 --> Fetching IIQA Details
INFO - 2021-03-02 11:32:07 --> Fetching IIQA Details
INFO - 2021-03-02 11:32:11 --> Controller "App\Controllers\InstitutePricingHistory" loaded.
INFO - 2021-03-02 11:32:11 --> Fetching IIQA Details
INFO - 2021-03-02 11:33:39 --> Controller "App\Controllers\Dashboards" loaded.
INFO - 2021-03-02 11:33:39 --> Controller "App\Controllers\SchedulePlanner" loaded.
INFO - 2021-03-02 11:33:39 --> Fetching IIQA Details
INFO - 2021-03-02 11:33:39 --> Fetching Dashboard details
INFO - 2021-03-02 11:33:39 --> Controller "App\Controllers\Users" loaded.
INFO - 2021-03-02 11:33:39 --> Fetching All User details
INFO - 2021-03-02 11:33:40 --> Controller "App\Controllers\PricingHistory" loaded.
INFO - 2021-03-02 11:33:40 --> Fetching IIQA Details
INFO - 2021-03-02 11:33:40 --> Controller "App\Controllers\InstituteDetails" loaded.
INFO - 2021-03-02 11:33:40 --> Fetching IIQA Details
INFO - 2021-03-02 11:33:41 --> Controller "App\Controllers\PricingDetails" loaded.
INFO - 2021-03-02 11:33:41 --> Fetching IIQA Details
INFO - 2021-03-02 11:33:41 --> Controller "App\Controllers\PricingDetails" loaded.
INFO - 2021-03-02 11:33:41 --> Fetching IIQA Details
INFO - 2021-03-02 11:33:44 --> Controller "App\Controllers\InstitutePricingHistory" loaded.
INFO - 2021-03-02 11:33:44 --> Fetching IIQA Details
INFO - 2021-03-02 11:33:49 --> Controller "App\Controllers\InstitutePricingDetails" loaded.
INFO - 2021-03-02 11:33:49 --> Fetching IIQA Details
INFO - 2021-03-02 11:35:25 --> Controller "App\Controllers\Dashboards" loaded.
INFO - 2021-03-02 11:35:25 --> Controller "App\Controllers\SchedulePlanner" loaded.
INFO - 2021-03-02 11:35:25 --> Fetching Dashboard details
INFO - 2021-03-02 11:35:25 --> Controller "App\Controllers\Users" loaded.
INFO - 2021-03-02 11:35:25 --> Fetching All User details
INFO - 2021-03-02 11:35:25 --> Fetching IIQA Details
INFO - 2021-03-02 11:35:30 --> Controller "App\Controllers\InstituteDetails" loaded.
INFO - 2021-03-02 11:35:30 --> Controller "App\Controllers\PricingHistory" loaded.
INFO - 2021-03-02 11:35:30 --> Fetching IIQA Details
INFO - 2021-03-02 11:35:30 --> Fetching IIQA Details
INFO - 2021-03-02 11:35:30 --> Controller "App\Controllers\PricingDetails" loaded.
INFO - 2021-03-02 11:35:30 --> Controller "App\Controllers\PricingDetails" loaded.
INFO - 2021-03-02 11:35:30 --> Fetching IIQA Details
INFO - 2021-03-02 11:35:30 --> Fetching IIQA Details
INFO - 2021-03-02 11:38:25 --> Controller "App\Controllers\SchedulePlanner" loaded.
INFO - 2021-03-02 11:38:25 --> Fetching IIQA Details
INFO - 2021-03-02 11:38:25 --> Controller "App\Controllers\Dashboards" loaded.
INFO - 2021-03-02 11:38:25 --> Fetching Dashboard details
INFO - 2021-03-02 11:38:26 --> Controller "App\Controllers\PricingHistory" loaded.
INFO - 2021-03-02 11:38:26 --> Fetching IIQA Details
INFO - 2021-03-02 11:38:26 --> Controller "App\Controllers\InstituteDetails" loaded.
INFO - 2021-03-02 11:38:26 --> Fetching IIQA Details
INFO - 2021-03-02 11:38:27 --> Controller "App\Controllers\PricingDetails" loaded.
INFO - 2021-03-02 11:38:27 --> Fetching IIQA Details
INFO - 2021-03-02 11:38:27 --> Controller "App\Controllers\PricingDetails" loaded.
INFO - 2021-03-02 11:38:27 --> Fetching IIQA Details
INFO - 2021-03-02 11:42:54 --> Controller "App\Controllers\PricingHistory" loaded.
INFO - 2021-03-02 11:42:54 --> Fetching IIQA Details
INFO - 2021-03-02 11:42:57 --> Controller "App\Controllers\Dashboards" loaded.
INFO - 2021-03-02 11:42:57 --> Fetching Dashboard details
INFO - 2021-03-02 11:42:57 --> Controller "App\Controllers\SchedulePlanner" loaded.
INFO - 2021-03-02 11:42:57 --> Fetching IIQA Details
INFO - 2021-03-02 11:43:15 --> Controller "App\Controllers\InstituteDetails" loaded.
INFO - 2021-03-02 11:43:15 --> Fetching IIQA Details
INFO - 2021-03-02 11:43:15 --> Controller "App\Controllers\PricingHistory" loaded.
INFO - 2021-03-02 11:43:15 --> Fetching IIQA Details
INFO - 2021-03-02 11:43:15 --> Controller "App\Controllers\PricingDetails" loaded.
INFO - 2021-03-02 11:43:15 --> Fetching IIQA Details
INFO - 2021-03-02 11:43:15 --> Controller "App\Controllers\PricingDetails" loaded.
INFO - 2021-03-02 11:43:15 --> Fetching IIQA Details
INFO - 2021-03-02 11:43:18 --> Controller "App\Controllers\InstituteDetails" loaded.
INFO - 2021-03-02 11:43:18 --> Controller "App\Controllers\PricingHistory" loaded.
INFO - 2021-03-02 11:43:18 --> Fetching IIQA Details
INFO - 2021-03-02 11:43:18 --> Fetching IIQA Details
INFO - 2021-03-02 11:43:18 --> Controller "App\Controllers\PricingDetails" loaded.
INFO - 2021-03-02 11:43:18 --> Controller "App\Controllers\PricingDetails" loaded.
INFO - 2021-03-02 11:43:18 --> Fetching IIQA Details
INFO - 2021-03-02 11:43:18 --> Fetching IIQA Details
INFO - 2021-03-02 11:55:34 --> Controller "App\Controllers\InstitutePricingHistory" loaded.
INFO - 2021-03-02 11:55:34 --> Fetching IIQA Details
INFO - 2021-03-02 11:55:39 --> Controller "App\Controllers\InstitutePricingDetails" loaded.
INFO - 2021-03-02 11:55:39 --> Fetching IIQA Details
INFO - 2021-03-02 11:57:05 --> Controller "App\Controllers\Dashboards" loaded.
INFO - 2021-03-02 11:57:05 --> Fetching Dashboard details
INFO - 2021-03-02 11:57:05 --> Controller "App\Controllers\SchedulePlanner" loaded.
INFO - 2021-03-02 11:57:05 --> Fetching IIQA Details
INFO - 2021-03-02 11:57:05 --> Controller "App\Controllers\Users" loaded.
INFO - 2021-03-02 11:57:05 --> Fetching All User details
INFO - 2021-03-02 11:57:06 --> Controller "App\Controllers\PricingHistory" loaded.
INFO - 2021-03-02 11:57:06 --> Fetching IIQA Details
INFO - 2021-03-02 11:57:06 --> Controller "App\Controllers\InstituteDetails" loaded.
INFO - 2021-03-02 11:57:06 --> Fetching IIQA Details
INFO - 2021-03-02 11:57:07 --> Controller "App\Controllers\PricingDetails" loaded.
INFO - 2021-03-02 11:57:07 --> Fetching IIQA Details
INFO - 2021-03-02 11:57:07 --> Controller "App\Controllers\PricingDetails" loaded.
INFO - 2021-03-02 11:57:07 --> Fetching IIQA Details
INFO - 2021-03-02 11:57:16 --> Controller "App\Controllers\InstitutePricingHistory" loaded.
INFO - 2021-03-02 11:57:16 --> Fetching IIQA Details
INFO - 2021-03-02 11:59:05 --> Controller "App\Controllers\SchedulePlanner" loaded.
INFO - 2021-03-02 11:59:05 --> Fetching IIQA Details
INFO - 2021-03-02 11:59:05 --> Controller "App\Controllers\Dashboards" loaded.
INFO - 2021-03-02 11:59:05 --> Fetching Dashboard details
INFO - 2021-03-02 11:59:05 --> Controller "App\Controllers\Users" loaded.
INFO - 2021-03-02 11:59:05 --> Fetching All User details
INFO - 2021-03-02 11:59:22 --> Controller "App\Controllers\InstituteDetails" loaded.
INFO - 2021-03-02 11:59:22 --> Controller "App\Controllers\PricingHistory" loaded.
INFO - 2021-03-02 11:59:22 --> Fetching IIQA Details
INFO - 2021-03-02 11:59:22 --> Fetching IIQA Details
INFO - 2021-03-02 11:59:23 --> Controller "App\Controllers\PricingDetails" loaded.
INFO - 2021-03-02 11:59:23 --> Fetching IIQA Details
INFO - 2021-03-02 11:59:23 --> Controller "App\Controllers\PricingDetails" loaded.
INFO - 2021-03-02 11:59:23 --> Fetching IIQA Details
INFO - 2021-03-02 12:06:12 --> Controller "App\Controllers\SchedulePlanner" loaded.
INFO - 2021-03-02 12:06:12 --> Controller "App\Controllers\Dashboards" loaded.
INFO - 2021-03-02 12:06:12 --> Fetching IIQA Details
INFO - 2021-03-02 12:06:12 --> Fetching Dashboard details
INFO - 2021-03-02 12:06:12 --> Controller "App\Controllers\Users" loaded.
INFO - 2021-03-02 12:06:12 --> Fetching All User details
INFO - 2021-03-02 12:06:14 --> Controller "App\Controllers\InstituteDetails" loaded.
INFO - 2021-03-02 12:06:14 --> Fetching IIQA Details
INFO - 2021-03-02 12:06:14 --> Controller "App\Controllers\PricingHistory" loaded.
INFO - 2021-03-02 12:06:14 --> Fetching IIQA Details
INFO - 2021-03-02 12:06:14 --> Controller "App\Controllers\PricingDetails" loaded.
INFO - 2021-03-02 12:06:14 --> Fetching IIQA Details
INFO - 2021-03-02 12:06:14 --> Controller "App\Controllers\PricingDetails" loaded.
INFO - 2021-03-02 12:06:14 --> Fetching IIQA Details
INFO - 2021-03-02 12:06:55 --> Controller "App\Controllers\Users" loaded.
INFO - 2021-03-02 12:06:55 --> Fetching All User details
INFO - 2021-03-02 12:06:55 --> Controller "App\Controllers\SchedulePlanner" loaded.
INFO - 2021-03-02 12:06:55 --> Controller "App\Controllers\Dashboards" loaded.
INFO - 2021-03-02 12:06:55 --> Fetching IIQA Details
INFO - 2021-03-02 12:06:55 --> Fetching Dashboard details
INFO - 2021-03-02 12:06:57 --> Controller "App\Controllers\PricingHistory" loaded.
INFO - 2021-03-02 12:06:57 --> Fetching IIQA Details
INFO - 2021-03-02 12:06:57 --> Controller "App\Controllers\InstituteDetails" loaded.
INFO - 2021-03-02 12:06:57 --> Fetching IIQA Details
INFO - 2021-03-02 12:06:58 --> Controller "App\Controllers\PricingDetails" loaded.
INFO - 2021-03-02 12:06:58 --> Fetching IIQA Details
INFO - 2021-03-02 12:06:58 --> Controller "App\Controllers\PricingDetails" loaded.
INFO - 2021-03-02 12:06:58 --> Fetching IIQA Details
INFO - 2021-03-02 12:07:47 --> Controller "App\Controllers\SchedulePlanner" loaded.
INFO - 2021-03-02 12:07:47 --> Fetching IIQA Details
INFO - 2021-03-02 12:07:47 --> Controller "App\Controllers\Dashboards" loaded.
INFO - 2021-03-02 12:07:47 --> Fetching Dashboard details
INFO - 2021-03-02 12:07:48 --> Controller "App\Controllers\Users" loaded.
INFO - 2021-03-02 12:07:48 --> Fetching All User details
INFO - 2021-03-02 12:07:50 --> Controller "App\Controllers\PricingHistory" loaded.
INFO - 2021-03-02 12:07:50 --> Fetching IIQA Details
INFO - 2021-03-02 12:07:50 --> Controller "App\Controllers\InstituteDetails" loaded.
INFO - 2021-03-02 12:07:50 --> Fetching IIQA Details
INFO - 2021-03-02 12:07:50 --> Controller "App\Controllers\PricingDetails" loaded.
INFO - 2021-03-02 12:07:50 --> Fetching IIQA Details
INFO - 2021-03-02 12:07:50 --> Controller "App\Controllers\PricingDetails" loaded.
INFO - 2021-03-02 12:07:50 --> Fetching IIQA Details
INFO - 2021-03-02 12:09:29 --> Controller "App\Controllers\Dashboards" loaded.
INFO - 2021-03-02 12:09:29 --> Fetching Dashboard details
INFO - 2021-03-02 12:09:29 --> Controller "App\Controllers\SchedulePlanner" loaded.
INFO - 2021-03-02 12:09:29 --> Fetching IIQA Details
INFO - 2021-03-02 12:09:29 --> Controller "App\Controllers\Users" loaded.
INFO - 2021-03-02 12:09:29 --> Fetching All User details
INFO - 2021-03-02 12:09:30 --> Controller "App\Controllers\InstituteDetails" loaded.
INFO - 2021-03-02 12:09:30 --> Fetching IIQA Details
INFO - 2021-03-02 12:09:30 --> Controller "App\Controllers\PricingHistory" loaded.
INFO - 2021-03-02 12:09:30 --> Fetching IIQA Details
INFO - 2021-03-02 12:09:31 --> Controller "App\Controllers\PricingDetails" loaded.
INFO - 2021-03-02 12:09:31 --> Fetching IIQA Details
INFO - 2021-03-02 12:09:31 --> Controller "App\Controllers\PricingDetails" loaded.
INFO - 2021-03-02 12:09:31 --> Fetching IIQA Details
INFO - 2021-03-02 12:09:56 --> Controller "App\Controllers\Dashboards" loaded.
INFO - 2021-03-02 12:09:56 --> Fetching Dashboard details
INFO - 2021-03-02 12:09:56 --> Controller "App\Controllers\SchedulePlanner" loaded.
INFO - 2021-03-02 12:09:56 --> Fetching IIQA Details
INFO - 2021-03-02 12:09:56 --> Controller "App\Controllers\Users" loaded.
INFO - 2021-03-02 12:09:56 --> Fetching All User details
INFO - 2021-03-02 12:09:59 --> Controller "App\Controllers\InstituteDetails" loaded.
INFO - 2021-03-02 12:09:59 --> Fetching IIQA Details
INFO - 2021-03-02 12:09:59 --> Controller "App\Controllers\PricingHistory" loaded.
INFO - 2021-03-02 12:09:59 --> Fetching IIQA Details
INFO - 2021-03-02 12:09:59 --> Controller "App\Controllers\PricingDetails" loaded.
INFO - 2021-03-02 12:09:59 --> Fetching IIQA Details
INFO - 2021-03-02 12:09:59 --> Controller "App\Controllers\PricingDetails" loaded.
INFO - 2021-03-02 12:09:59 --> Fetching IIQA Details
INFO - 2021-03-02 12:10:22 --> Controller "App\Controllers\Dashboards" loaded.
INFO - 2021-03-02 12:10:22 --> Fetching Dashboard details
INFO - 2021-03-02 12:10:22 --> Controller "App\Controllers\SchedulePlanner" loaded.
INFO - 2021-03-02 12:10:22 --> Fetching IIQA Details
INFO - 2021-03-02 12:10:22 --> Controller "App\Controllers\Users" loaded.
INFO - 2021-03-02 12:10:22 --> Fetching All User details
INFO - 2021-03-02 12:10:33 --> Controller "App\Controllers\PricingHistory" loaded.
INFO - 2021-03-02 12:10:33 --> Fetching IIQA Details
INFO - 2021-03-02 12:10:33 --> Controller "App\Controllers\InstituteDetails" loaded.
INFO - 2021-03-02 12:10:33 --> Fetching IIQA Details
INFO - 2021-03-02 12:10:33 --> Controller "App\Controllers\PricingDetails" loaded.
INFO - 2021-03-02 12:10:33 --> Controller "App\Controllers\PricingDetails" loaded.
INFO - 2021-03-02 12:10:33 --> Fetching IIQA Details
INFO - 2021-03-02 12:10:33 --> Fetching IIQA Details
INFO - 2021-03-02 12:11:07 --> Controller "App\Controllers\Dashboards" loaded.
INFO - 2021-03-02 12:11:07 --> Fetching Dashboard details
INFO - 2021-03-02 12:11:07 --> Controller "App\Controllers\SchedulePlanner" loaded.
INFO - 2021-03-02 12:11:07 --> Fetching IIQA Details
INFO - 2021-03-02 12:11:07 --> Controller "App\Controllers\Users" loaded.
INFO - 2021-03-02 12:11:07 --> Fetching All User details
INFO - 2021-03-02 12:11:09 --> Controller "App\Controllers\SchedulePlanner" loaded.
INFO - 2021-03-02 12:11:09 --> Fetching IIQA Details
INFO - 2021-03-02 12:11:09 --> Controller "App\Controllers\Dashboards" loaded.
INFO - 2021-03-02 12:11:09 --> Fetching Dashboard details
INFO - 2021-03-02 12:11:09 --> Controller "App\Controllers\Users" loaded.
INFO - 2021-03-02 12:11:09 --> Fetching All User details
INFO - 2021-03-02 12:11:14 --> Controller "App\Controllers\PricingHistory" loaded.
INFO - 2021-03-02 12:11:14 --> Fetching IIQA Details
INFO - 2021-03-02 12:11:14 --> Controller "App\Controllers\InstituteDetails" loaded.
INFO - 2021-03-02 12:11:14 --> Fetching IIQA Details
INFO - 2021-03-02 12:11:15 --> Controller "App\Controllers\PricingDetails" loaded.
INFO - 2021-03-02 12:11:15 --> Fetching IIQA Details
INFO - 2021-03-02 12:11:15 --> Controller "App\Controllers\PricingDetails" loaded.
INFO - 2021-03-02 12:11:15 --> Fetching IIQA Details
INFO - 2021-03-02 12:22:31 --> Controller "App\Controllers\PricingHistory" loaded.
INFO - 2021-03-02 12:22:31 --> Fetching IIQA Details
INFO - 2021-03-02 12:23:51 --> Controller "App\Controllers\InstituteDetails" loaded.
INFO - 2021-03-02 12:23:51 --> Controller "App\Controllers\PricingHistory" loaded.
INFO - 2021-03-02 12:23:51 --> Fetching IIQA Details
INFO - 2021-03-02 12:23:51 --> Fetching IIQA Details
INFO - 2021-03-02 12:23:51 --> Controller "App\Controllers\PricingDetails" loaded.
INFO - 2021-03-02 12:23:51 --> Controller "App\Controllers\PricingDetails" loaded.
INFO - 2021-03-02 12:23:51 --> Fetching IIQA Details
INFO - 2021-03-02 12:23:51 --> Fetching IIQA Details
INFO - 2021-03-02 12:24:21 --> Controller "App\Controllers\PricingHistory" loaded.
INFO - 2021-03-02 12:24:21 --> Fetching IIQA Details
INFO - 2021-03-02 12:25:37 --> Controller "App\Controllers\PricingHistory" loaded.
INFO - 2021-03-02 12:25:37 --> Fetching IIQA Details
INFO - 2021-03-02 12:26:36 --> Controller "App\Controllers\PricingHistory" loaded.
INFO - 2021-03-02 12:26:36 --> Fetching IIQA Details
INFO - 2021-03-02 12:27:06 --> Controller "App\Controllers\PricingHistory" loaded.
INFO - 2021-03-02 12:27:06 --> Fetching IIQA Details
INFO - 2021-03-02 12:29:03 --> Controller "App\Controllers\PricingHistory" loaded.
INFO - 2021-03-02 12:29:03 --> Fetching IIQA Details
INFO - 2021-03-02 12:30:07 --> Controller "App\Controllers\PricingHistory" loaded.
INFO - 2021-03-02 12:30:07 --> Fetching IIQA Details
INFO - 2021-03-02 12:30:27 --> Controller "App\Controllers\PricingHistory" loaded.
INFO - 2021-03-02 12:30:27 --> Fetching IIQA Details
INFO - 2021-03-02 12:43:32 --> Controller "App\Controllers\SchedulePlanner" loaded.
INFO - 2021-03-02 12:43:32 --> Controller "App\Controllers\Dashboards" loaded.
INFO - 2021-03-02 12:43:32 --> Controller "App\Controllers\Users" loaded.
INFO - 2021-03-02 12:43:32 --> Fetching IIQA Details
INFO - 2021-03-02 12:43:32 --> Fetching All User details
INFO - 2021-03-02 12:43:32 --> Fetching Dashboard details
INFO - 2021-03-02 12:43:36 --> Controller "App\Controllers\Dashboards" loaded.
INFO - 2021-03-02 12:43:36 --> Fetching Dashboard details
INFO - 2021-03-02 12:43:36 --> Controller "App\Controllers\SchedulePlanner" loaded.
INFO - 2021-03-02 12:43:36 --> Fetching IIQA Details
INFO - 2021-03-02 12:43:36 --> Controller "App\Controllers\Users" loaded.
INFO - 2021-03-02 12:43:36 --> Fetching All User details
INFO - 2021-03-02 12:43:43 --> Controller "App\Controllers\PricingHistory" loaded.
INFO - 2021-03-02 12:43:43 --> Fetching IIQA Details
INFO - 2021-03-02 12:43:43 --> Controller "App\Controllers\InstituteDetails" loaded.
INFO - 2021-03-02 12:43:43 --> Fetching IIQA Details
INFO - 2021-03-02 12:43:44 --> Controller "App\Controllers\PricingDetails" loaded.
INFO - 2021-03-02 12:43:44 --> Fetching IIQA Details
INFO - 2021-03-02 12:43:44 --> Controller "App\Controllers\PricingDetails" loaded.
INFO - 2021-03-02 12:43:44 --> Fetching IIQA Details
INFO - 2021-03-02 12:49:04 --> Controller "App\Controllers\Dashboards" loaded.
INFO - 2021-03-02 12:49:04 --> Fetching Dashboard details
INFO - 2021-03-02 12:49:04 --> Controller "App\Controllers\SchedulePlanner" loaded.
INFO - 2021-03-02 12:49:04 --> Controller "App\Controllers\Users" loaded.
INFO - 2021-03-02 12:49:04 --> Fetching IIQA Details
INFO - 2021-03-02 12:49:04 --> Fetching All User details
INFO - 2021-03-02 12:49:07 --> Controller "App\Controllers\Dashboards" loaded.
INFO - 2021-03-02 12:49:07 --> Fetching Dashboard details
INFO - 2021-03-02 12:49:07 --> Controller "App\Controllers\Users" loaded.
INFO - 2021-03-02 12:49:07 --> Fetching All User details
INFO - 2021-03-02 12:49:07 --> Controller "App\Controllers\SchedulePlanner" loaded.
INFO - 2021-03-02 12:49:07 --> Fetching IIQA Details
INFO - 2021-03-02 12:49:09 --> Controller "App\Controllers\PricingHistory" loaded.
INFO - 2021-03-02 12:49:09 --> Fetching IIQA Details
INFO - 2021-03-02 12:49:09 --> Controller "App\Controllers\InstituteDetails" loaded.
INFO - 2021-03-02 12:49:09 --> Fetching IIQA Details
INFO - 2021-03-02 12:49:10 --> Controller "App\Controllers\PricingDetails" loaded.
INFO - 2021-03-02 12:49:10 --> Fetching IIQA Details
INFO - 2021-03-02 12:49:10 --> Controller "App\Controllers\PricingDetails" loaded.
INFO - 2021-03-02 12:49:10 --> Fetching IIQA Details
INFO - 2021-03-02 12:51:33 --> Controller "App\Controllers\Dashboards" loaded.
INFO - 2021-03-02 12:51:33 --> Fetching Dashboard details
INFO - 2021-03-02 12:51:33 --> Controller "App\Controllers\SchedulePlanner" loaded.
INFO - 2021-03-02 12:51:33 --> Fetching IIQA Details
INFO - 2021-03-02 12:51:33 --> Controller "App\Controllers\Users" loaded.
INFO - 2021-03-02 12:51:33 --> Fetching All User details
INFO - 2021-03-02 12:51:35 --> Controller "App\Controllers\Dashboards" loaded.
INFO - 2021-03-02 12:51:35 --> Fetching Dashboard details
INFO - 2021-03-02 12:51:35 --> Controller "App\Controllers\SchedulePlanner" loaded.
INFO - 2021-03-02 12:51:35 --> Fetching IIQA Details
INFO - 2021-03-02 12:51:35 --> Controller "App\Controllers\Users" loaded.
INFO - 2021-03-02 12:51:35 --> Fetching All User details
INFO - 2021-03-02 12:51:37 --> Controller "App\Controllers\PricingHistory" loaded.
INFO - 2021-03-02 12:51:37 --> Fetching IIQA Details
INFO - 2021-03-02 12:51:37 --> Controller "App\Controllers\InstituteDetails" loaded.
INFO - 2021-03-02 12:51:37 --> Fetching IIQA Details
INFO - 2021-03-02 12:51:38 --> Controller "App\Controllers\PricingDetails" loaded.
INFO - 2021-03-02 12:51:38 --> Controller "App\Controllers\PricingDetails" loaded.
INFO - 2021-03-02 12:51:38 --> Fetching IIQA Details
INFO - 2021-03-02 12:51:38 --> Fetching IIQA Details
INFO - 2021-03-02 12:53:00 --> Controller "App\Controllers\Dashboards" loaded.
INFO - 2021-03-02 12:53:00 --> Controller "App\Controllers\Users" loaded.
INFO - 2021-03-02 12:53:00 --> Fetching All User details
INFO - 2021-03-02 12:53:00 --> Controller "App\Controllers\SchedulePlanner" loaded.
INFO - 2021-03-02 12:53:00 --> Fetching Dashboard details
INFO - 2021-03-02 12:53:00 --> Fetching IIQA Details
INFO - 2021-03-02 12:53:36 --> Controller "App\Controllers\SchedulePlanner" loaded.
INFO - 2021-03-02 12:53:36 --> Fetching IIQA Details
INFO - 2021-03-02 12:53:36 --> Controller "App\Controllers\Dashboards" loaded.
INFO - 2021-03-02 12:53:36 --> Fetching Dashboard details
INFO - 2021-03-02 12:53:36 --> Controller "App\Controllers\Users" loaded.
INFO - 2021-03-02 12:53:36 --> Fetching All User details
INFO - 2021-03-02 12:54:14 --> Controller "App\Controllers\Dashboards" loaded.
INFO - 2021-03-02 12:54:14 --> Controller "App\Controllers\SchedulePlanner" loaded.
INFO - 2021-03-02 12:54:14 --> Fetching Dashboard details
INFO - 2021-03-02 12:54:14 --> Controller "App\Controllers\Users" loaded.
INFO - 2021-03-02 12:54:14 --> Fetching IIQA Details
INFO - 2021-03-02 12:54:14 --> Fetching All User details
INFO - 2021-03-02 12:54:18 --> Controller "App\Controllers\PricingHistory" loaded.
INFO - 2021-03-02 12:54:18 --> Controller "App\Controllers\InstituteDetails" loaded.
INFO - 2021-03-02 12:54:18 --> Fetching IIQA Details
INFO - 2021-03-02 12:54:18 --> Fetching IIQA Details
INFO - 2021-03-02 12:54:18 --> Controller "App\Controllers\PricingDetails" loaded.
INFO - 2021-03-02 12:54:18 --> Fetching IIQA Details
INFO - 2021-03-02 12:54:18 --> Controller "App\Controllers\PricingDetails" loaded.
INFO - 2021-03-02 12:54:18 --> Fetching IIQA Details
INFO - 2021-03-02 12:54:28 --> Controller "App\Controllers\Users" loaded.
INFO - 2021-03-02 12:54:28 --> Controller "App\Controllers\SchedulePlanner" loaded.
INFO - 2021-03-02 12:54:28 --> Fetching All User details
INFO - 2021-03-02 12:54:28 --> Fetching IIQA Details
INFO - 2021-03-02 12:54:28 --> Controller "App\Controllers\Dashboards" loaded.
INFO - 2021-03-02 12:54:28 --> Fetching Dashboard details
INFO - 2021-03-02 12:54:30 --> Controller "App\Controllers\PricingHistory" loaded.
INFO - 2021-03-02 12:54:30 --> Fetching IIQA Details
INFO - 2021-03-02 12:54:34 --> Controller "App\Controllers\UserMenu" loaded.
INFO - 2021-03-02 12:54:34 --> Fetching IIQA Details
INFO - 2021-03-02 12:54:34 --> Controller "App\Controllers\UserMenu" loaded.
INFO - 2021-03-02 12:54:34 --> Fetching IIQA Details
INFO - 2021-03-02 12:54:45 --> Controller "App\Controllers\UserMenu" loaded.
INFO - 2021-03-02 12:54:45 --> Controller "App\Controllers\UserMenu" loaded.
INFO - 2021-03-02 12:54:45 --> Fetching IIQA Details
INFO - 2021-03-02 12:54:45 --> Fetching IIQA Details
INFO - 2021-03-02 12:55:11 --> Controller "App\Controllers\UserMenu" loaded.
INFO - 2021-03-02 12:55:11 --> Fetching IIQA Details
INFO - 2021-03-02 12:55:11 --> Controller "App\Controllers\UserMenu" loaded.
INFO - 2021-03-02 12:55:11 --> Fetching IIQA Details
INFO - 2021-03-02 12:58:49 --> Controller "App\Controllers\SchedulePlanner" loaded.
INFO - 2021-03-02 12:58:49 --> Controller "App\Controllers\Dashboards" loaded.
INFO - 2021-03-02 12:58:49 --> Fetching IIQA Details
INFO - 2021-03-02 12:58:49 --> Fetching Dashboard details
INFO - 2021-03-02 12:58:49 --> Controller "App\Controllers\Users" loaded.
INFO - 2021-03-02 12:58:49 --> Fetching All User details
INFO - 2021-03-02 12:58:54 --> Controller "App\Controllers\PricingHistory" loaded.
INFO - 2021-03-02 12:58:54 --> Fetching IIQA Details
INFO - 2021-03-02 12:58:54 --> Controller "App\Controllers\Users" loaded.
INFO - 2021-03-02 12:58:54 --> Fetching All User details
INFO - 2021-03-02 14:09:10 --> Controller "App\Controllers\Users" loaded.
INFO - 2021-03-02 14:09:10 --> Fetching All User details
INFO - 2021-03-02 14:09:10 --> Controller "App\Controllers\PricingHistory" loaded.
INFO - 2021-03-02 14:09:10 --> Fetching IIQA Details
INFO - 2021-03-02 14:09:43 --> Controller "App\Controllers\Dashboards" loaded.
INFO - 2021-03-02 14:09:43 --> Fetching Dashboard details
INFO - 2021-03-02 14:09:43 --> Controller "App\Controllers\SchedulePlanner" loaded.
INFO - 2021-03-02 14:09:43 --> Fetching IIQA Details
INFO - 2021-03-02 14:09:44 --> Controller "App\Controllers\PricingHistory" loaded.
INFO - 2021-03-02 14:09:44 --> Fetching IIQA Details
INFO - 2021-03-02 14:09:44 --> Controller "App\Controllers\InstituteDetails" loaded.
INFO - 2021-03-02 14:09:44 --> Fetching IIQA Details
INFO - 2021-03-02 14:09:45 --> Controller "App\Controllers\PricingDetails" loaded.
INFO - 2021-03-02 14:09:45 --> Fetching IIQA Details
INFO - 2021-03-02 14:09:45 --> Controller "App\Controllers\PricingDetails" loaded.
INFO - 2021-03-02 14:09:45 --> Fetching IIQA Details
INFO - 2021-03-02 14:10:09 --> Controller "App\Controllers\InstitutePricingHistory" loaded.
INFO - 2021-03-02 14:10:09 --> Fetching IIQA Details
INFO - 2021-03-02 14:10:16 --> Controller "App\Controllers\InstitutePricingDetails" loaded.
INFO - 2021-03-02 14:10:16 --> Fetching IIQA Details
INFO - 2021-03-02 14:12:58 --> Controller "App\Controllers\SchedulePlanner" loaded.
INFO - 2021-03-02 14:12:58 --> Controller "App\Controllers\Dashboards" loaded.
INFO - 2021-03-02 14:12:58 --> Fetching IIQA Details
INFO - 2021-03-02 14:12:58 --> Fetching Dashboard details
INFO - 2021-03-02 14:12:58 --> Controller "App\Controllers\Users" loaded.
INFO - 2021-03-02 14:12:58 --> Fetching All User details
INFO - 2021-03-02 14:13:01 --> Controller "App\Controllers\PricingHistory" loaded.
INFO - 2021-03-02 14:13:01 --> Fetching IIQA Details
INFO - 2021-03-02 14:13:01 --> Controller "App\Controllers\InstituteDetails" loaded.
INFO - 2021-03-02 14:13:01 --> Fetching IIQA Details
INFO - 2021-03-02 14:13:01 --> Controller "App\Controllers\PricingDetails" loaded.
INFO - 2021-03-02 14:13:01 --> Fetching IIQA Details
INFO - 2021-03-02 14:13:02 --> Controller "App\Controllers\PricingDetails" loaded.
INFO - 2021-03-02 14:13:02 --> Fetching IIQA Details
INFO - 2021-03-02 14:17:11 --> Controller "App\Controllers\Dashboards" loaded.
INFO - 2021-03-02 14:17:11 --> Controller "App\Controllers\Users" loaded.
INFO - 2021-03-02 14:17:11 --> Fetching All User details
INFO - 2021-03-02 14:17:11 --> Fetching Dashboard details
INFO - 2021-03-02 14:17:11 --> Controller "App\Controllers\SchedulePlanner" loaded.
INFO - 2021-03-02 14:17:11 --> Fetching IIQA Details
INFO - 2021-03-02 14:17:58 --> Controller "App\Controllers\PricingHistory" loaded.
INFO - 2021-03-02 14:17:58 --> Fetching IIQA Details
INFO - 2021-03-02 14:17:58 --> Controller "App\Controllers\InstituteDetails" loaded.
INFO - 2021-03-02 14:17:58 --> Fetching IIQA Details
INFO - 2021-03-02 14:17:59 --> Controller "App\Controllers\PricingDetails" loaded.
INFO - 2021-03-02 14:17:59 --> Controller "App\Controllers\PricingDetails" loaded.
INFO - 2021-03-02 14:17:59 --> Fetching IIQA Details
INFO - 2021-03-02 14:17:59 --> Fetching IIQA Details
INFO - 2021-03-02 14:18:51 --> Controller "App\Controllers\Users" loaded.
INFO - 2021-03-02 14:18:51 --> Fetching All User details
INFO - 2021-03-02 14:18:51 --> Controller "App\Controllers\Dashboards" loaded.
INFO - 2021-03-02 14:18:51 --> Controller "App\Controllers\SchedulePlanner" loaded.
INFO - 2021-03-02 14:18:51 --> Fetching IIQA Details
INFO - 2021-03-02 14:18:51 --> Fetching Dashboard details
INFO - 2021-03-02 14:19:12 --> Controller "App\Controllers\PricingHistory" loaded.
INFO - 2021-03-02 14:19:12 --> Fetching IIQA Details
INFO - 2021-03-02 14:19:12 --> Controller "App\Controllers\InstituteDetails" loaded.
INFO - 2021-03-02 14:19:12 --> Fetching IIQA Details
INFO - 2021-03-02 14:19:12 --> Controller "App\Controllers\PricingDetails" loaded.
INFO - 2021-03-02 14:19:12 --> Fetching IIQA Details
INFO - 2021-03-02 14:19:12 --> Controller "App\Controllers\PricingDetails" loaded.
INFO - 2021-03-02 14:19:12 --> Fetching IIQA Details
INFO - 2021-03-02 14:28:17 --> Controller "App\Controllers\Dashboards" loaded.
INFO - 2021-03-02 14:28:17 --> Fetching Dashboard details
INFO - 2021-03-02 14:28:17 --> Controller "App\Controllers\SchedulePlanner" loaded.
INFO - 2021-03-02 14:28:17 --> Fetching IIQA Details
INFO - 2021-03-02 14:28:17 --> Controller "App\Controllers\Users" loaded.
INFO - 2021-03-02 14:28:17 --> Fetching All User details
INFO - 2021-03-02 14:28:42 --> Controller "App\Controllers\PricingHistory" loaded.
INFO - 2021-03-02 14:28:42 --> Fetching IIQA Details
INFO - 2021-03-02 14:28:42 --> Controller "App\Controllers\InstituteDetails" loaded.
INFO - 2021-03-02 14:28:42 --> Fetching IIQA Details
INFO - 2021-03-02 14:28:43 --> Controller "App\Controllers\PricingDetails" loaded.
INFO - 2021-03-02 14:28:43 --> Fetching IIQA Details
INFO - 2021-03-02 14:28:43 --> Controller "App\Controllers\PricingDetails" loaded.
INFO - 2021-03-02 14:28:43 --> Fetching IIQA Details
INFO - 2021-03-02 14:43:30 --> Controller "App\Controllers\PricingHistory" loaded.
INFO - 2021-03-02 14:43:30 --> Fetching IIQA Details
INFO - 2021-03-02 14:43:34 --> Controller "App\Controllers\UserMenu" loaded.
INFO - 2021-03-02 14:43:34 --> Fetching IIQA Details
INFO - 2021-03-02 14:43:34 --> Controller "App\Controllers\UserMenu" loaded.
INFO - 2021-03-02 14:43:34 --> Fetching IIQA Details
INFO - 2021-03-02 14:49:38 --> Controller "App\Controllers\PricingHistory" loaded.
INFO - 2021-03-02 14:49:41 --> Controller "App\Controllers\PricingHistory" loaded.
INFO - 2021-03-02 14:49:41 --> Fetching IIQA Details
INFO - 2021-03-02 14:49:52 --> Controller "App\Controllers\Dashboards" loaded.
INFO - 2021-03-02 14:49:52 --> Fetching Dashboard details
INFO - 2021-03-02 14:49:52 --> Controller "App\Controllers\SchedulePlanner" loaded.
INFO - 2021-03-02 14:49:52 --> Fetching IIQA Details
INFO - 2021-03-02 14:50:00 --> Controller "App\Controllers\PricingHistory" loaded.
INFO - 2021-03-02 14:50:00 --> Fetching IIQA Details
INFO - 2021-03-02 14:50:00 --> Controller "App\Controllers\InstituteDetails" loaded.
INFO - 2021-03-02 14:50:00 --> Fetching IIQA Details
INFO - 2021-03-02 14:50:00 --> Controller "App\Controllers\PricingDetails" loaded.
INFO - 2021-03-02 14:50:00 --> Fetching IIQA Details
INFO - 2021-03-02 14:50:00 --> Controller "App\Controllers\PricingDetails" loaded.
INFO - 2021-03-02 14:50:00 --> Fetching IIQA Details
INFO - 2021-03-02 15:01:08 --> Controller "App\Controllers\Dashboards" loaded.
INFO - 2021-03-02 15:01:08 --> Controller "App\Controllers\SchedulePlanner" loaded.
INFO - 2021-03-02 15:01:08 --> Fetching Dashboard details
INFO - 2021-03-02 15:01:08 --> Controller "App\Controllers\Users" loaded.
INFO - 2021-03-02 15:01:08 --> Fetching IIQA Details
INFO - 2021-03-02 15:01:08 --> Fetching All User details
INFO - 2021-03-02 15:01:32 --> Controller "App\Controllers\PricingHistory" loaded.
INFO - 2021-03-02 15:01:32 --> Fetching IIQA Details
INFO - 2021-03-02 15:01:32 --> Controller "App\Controllers\InstituteDetails" loaded.
INFO - 2021-03-02 15:01:32 --> Fetching IIQA Details
INFO - 2021-03-02 15:01:33 --> Controller "App\Controllers\PricingDetails" loaded.
INFO - 2021-03-02 15:01:33 --> Fetching IIQA Details
INFO - 2021-03-02 15:01:33 --> Controller "App\Controllers\PricingDetails" loaded.
INFO - 2021-03-02 15:01:33 --> Fetching IIQA Details
INFO - 2021-03-02 15:01:59 --> Controller "App\Controllers\Dashboards" loaded.
INFO - 2021-03-02 15:01:59 --> Fetching Dashboard details
INFO - 2021-03-02 15:01:59 --> Controller "App\Controllers\Users" loaded.
INFO - 2021-03-02 15:01:59 --> Controller "App\Controllers\SchedulePlanner" loaded.
INFO - 2021-03-02 15:01:59 --> Fetching IIQA Details
INFO - 2021-03-02 15:01:59 --> Fetching All User details
INFO - 2021-03-02 15:02:01 --> Controller "App\Controllers\InstituteDetails" loaded.
INFO - 2021-03-02 15:02:01 --> Fetching IIQA Details
INFO - 2021-03-02 15:02:01 --> Controller "App\Controllers\PricingHistory" loaded.
INFO - 2021-03-02 15:02:01 --> Fetching IIQA Details
INFO - 2021-03-02 15:02:01 --> Controller "App\Controllers\PricingDetails" loaded.
INFO - 2021-03-02 15:02:01 --> Fetching IIQA Details
INFO - 2021-03-02 15:02:01 --> Controller "App\Controllers\PricingDetails" loaded.
INFO - 2021-03-02 15:02:01 --> Fetching IIQA Details
INFO - 2021-03-02 15:05:40 --> Controller "App\Controllers\Users" loaded.
INFO - 2021-03-02 15:05:40 --> Fetching All User details
INFO - 2021-03-02 15:05:40 --> Controller "App\Controllers\Dashboards" loaded.
INFO - 2021-03-02 15:05:40 --> Fetching Dashboard details
INFO - 2021-03-02 15:05:40 --> Controller "App\Controllers\SchedulePlanner" loaded.
INFO - 2021-03-02 15:05:40 --> Fetching IIQA Details
INFO - 2021-03-02 15:05:43 --> Controller "App\Controllers\PricingHistory" loaded.
INFO - 2021-03-02 15:05:43 --> Fetching IIQA Details
INFO - 2021-03-02 15:05:43 --> Controller "App\Controllers\InstituteDetails" loaded.
INFO - 2021-03-02 15:05:43 --> Fetching IIQA Details
INFO - 2021-03-02 15:05:43 --> Controller "App\Controllers\PricingDetails" loaded.
INFO - 2021-03-02 15:05:43 --> Fetching IIQA Details
INFO - 2021-03-02 15:05:43 --> Controller "App\Controllers\PricingDetails" loaded.
INFO - 2021-03-02 15:05:43 --> Fetching IIQA Details
INFO - 2021-03-02 15:13:31 --> Controller "App\Controllers\Dashboards" loaded.
INFO - 2021-03-02 15:13:31 --> Fetching Dashboard details
INFO - 2021-03-02 15:13:31 --> Controller "App\Controllers\SchedulePlanner" loaded.
INFO - 2021-03-02 15:13:31 --> Controller "App\Controllers\Users" loaded.
INFO - 2021-03-02 15:13:31 --> Fetching IIQA Details
INFO - 2021-03-02 15:13:31 --> Fetching All User details
INFO - 2021-03-02 15:13:34 --> Controller "App\Controllers\InstituteDetails" loaded.
INFO - 2021-03-02 15:13:34 --> Fetching IIQA Details
INFO - 2021-03-02 15:13:34 --> Controller "App\Controllers\PricingHistory" loaded.
INFO - 2021-03-02 15:13:34 --> Fetching IIQA Details
INFO - 2021-03-02 15:13:35 --> Controller "App\Controllers\PricingDetails" loaded.
INFO - 2021-03-02 15:13:35 --> Fetching IIQA Details
INFO - 2021-03-02 15:13:35 --> Controller "App\Controllers\PricingDetails" loaded.
INFO - 2021-03-02 15:13:35 --> Fetching IIQA Details
INFO - 2021-03-02 15:15:42 --> Controller "App\Controllers\PricingHistory" loaded.
INFO - 2021-03-02 15:15:42 --> Fetching IIQA Details
INFO - 2021-03-02 15:15:48 --> Controller "App\Controllers\Dashboards" loaded.
INFO - 2021-03-02 15:15:48 --> Fetching Dashboard details
INFO - 2021-03-02 15:15:48 --> Controller "App\Controllers\SchedulePlanner" loaded.
INFO - 2021-03-02 15:15:48 --> Fetching IIQA Details
INFO - 2021-03-02 15:17:38 --> Controller "App\Controllers\Dashboards" loaded.
INFO - 2021-03-02 15:17:38 --> Fetching Dashboard details
INFO - 2021-03-02 15:17:38 --> Controller "App\Controllers\Users" loaded.
INFO - 2021-03-02 15:17:38 --> Fetching All User details
INFO - 2021-03-02 15:17:38 --> Controller "App\Controllers\SchedulePlanner" loaded.
INFO - 2021-03-02 15:17:38 --> Fetching IIQA Details
INFO - 2021-03-02 15:17:52 --> Controller "App\Controllers\PricingHistory" loaded.
INFO - 2021-03-02 15:17:52 --> Fetching IIQA Details
INFO - 2021-03-02 15:17:52 --> Controller "App\Controllers\InstituteDetails" loaded.
INFO - 2021-03-02 15:17:52 --> Fetching IIQA Details
INFO - 2021-03-02 15:17:53 --> Controller "App\Controllers\PricingDetails" loaded.
INFO - 2021-03-02 15:17:53 --> Fetching IIQA Details
INFO - 2021-03-02 15:17:53 --> Controller "App\Controllers\PricingDetails" loaded.
INFO - 2021-03-02 15:17:53 --> Fetching IIQA Details
INFO - 2021-03-02 15:18:11 --> Controller "App\Controllers\Users" loaded.
INFO - 2021-03-02 15:18:11 --> Fetching All User details
INFO - 2021-03-02 15:18:11 --> Controller "App\Controllers\Dashboards" loaded.
INFO - 2021-03-02 15:18:11 --> Fetching Dashboard details
INFO - 2021-03-02 15:18:20 --> Controller "App\Controllers\PricingHistory" loaded.
INFO - 2021-03-02 15:18:20 --> Fetching IIQA Details
INFO - 2021-03-02 15:18:22 --> Controller "App\Controllers\UserMenu" loaded.
INFO - 2021-03-02 15:18:22 --> Fetching IIQA Details
INFO - 2021-03-02 15:18:22 --> Controller "App\Controllers\UserMenu" loaded.
INFO - 2021-03-02 15:18:22 --> Fetching IIQA Details
INFO - 2021-03-02 15:19:21 --> Controller "App\Controllers\PricingDetails" loaded.
INFO - 2021-03-02 15:19:21 --> Fetching IIQA Details
INFO - 2021-03-02 15:19:21 --> Controller "App\Controllers\PricingDetails" loaded.
INFO - 2021-03-02 15:19:21 --> Fetching IIQA Details
INFO - 2021-03-02 15:29:16 --> Controller "App\Controllers\Dashboards" loaded.
INFO - 2021-03-02 15:29:16 --> Controller "App\Controllers\Users" loaded.
INFO - 2021-03-02 15:29:16 --> Fetching All User details
INFO - 2021-03-02 15:29:16 --> Fetching Dashboard details
INFO - 2021-03-02 15:29:29 --> Controller "App\Controllers\InstituteDetails" loaded.
INFO - 2021-03-02 15:29:29 --> Fetching IIQA Details
INFO - 2021-03-02 15:29:40 --> Controller "App\Controllers\Users" loaded.
INFO - 2021-03-02 15:29:40 --> Fetching All User details
INFO - 2021-03-02 15:29:40 --> Controller "App\Controllers\Dashboards" loaded.
INFO - 2021-03-02 15:29:40 --> Fetching Dashboard details
INFO - 2021-03-02 15:29:41 --> Controller "App\Controllers\SchedulePlanner" loaded.
INFO - 2021-03-02 15:29:41 --> Fetching IIQA Details
INFO - 2021-03-02 15:29:41 --> Controller "App\Controllers\Dashboards" loaded.
INFO - 2021-03-02 15:29:41 --> Fetching Dashboard details
INFO - 2021-03-02 15:29:49 --> Controller "App\Controllers\PricingHistory" loaded.
INFO - 2021-03-02 15:29:49 --> Fetching IIQA Details
INFO - 2021-03-02 15:29:50 --> Controller "App\Controllers\Dashboards" loaded.
INFO - 2021-03-02 15:29:50 --> Fetching Dashboard details
INFO - 2021-03-02 15:29:50 --> Controller "App\Controllers\SchedulePlanner" loaded.
INFO - 2021-03-02 15:29:50 --> Fetching IIQA Details
INFO - 2021-03-02 15:29:52 --> Controller "App\Controllers\SchedulePlanner" loaded.
INFO - 2021-03-02 15:29:52 --> Fetching IIQA Details
INFO - 2021-03-02 15:29:52 --> Controller "App\Controllers\InstituteDetails" loaded.
INFO - 2021-03-02 15:29:52 --> Fetching IIQA Details
INFO - 2021-03-02 15:29:54 --> Controller "App\Controllers\SchedulePlanner" loaded.
INFO - 2021-03-02 15:29:54 --> Fetching IIQA Details
INFO - 2021-03-02 15:29:56 --> Controller "App\Controllers\SchedulePlanner" loaded.
INFO - 2021-03-02 15:29:56 --> Fetching IIQA Details
INFO - 2021-03-02 15:29:58 --> Controller "App\Controllers\SchedulePlanner" loaded.
INFO - 2021-03-02 15:29:58 --> Fetching IIQA Details
INFO - 2021-03-02 15:30:00 --> Controller "App\Controllers\SchedulePlanner" loaded.
INFO - 2021-03-02 15:30:00 --> Fetching IIQA Details
INFO - 2021-03-02 15:30:03 --> Controller "App\Controllers\SchedulePlanner" loaded.
INFO - 2021-03-02 15:30:03 --> Fetching IIQA Details
INFO - 2021-03-02 15:30:18 --> Controller "App\Controllers\Dashboards" loaded.
INFO - 2021-03-02 15:30:18 --> Fetching Dashboard details
INFO - 2021-03-02 15:30:19 --> Controller "App\Controllers\SchedulePlanner" loaded.
INFO - 2021-03-02 15:30:19 --> Fetching IIQA Details
INFO - 2021-03-02 15:30:20 --> Controller "App\Controllers\InstituteDetails" loaded.
INFO - 2021-03-02 15:30:20 --> Fetching IIQA Details
INFO - 2021-03-02 15:30:20 --> Controller "App\Controllers\PricingHistory" loaded.
INFO - 2021-03-02 15:30:20 --> Fetching IIQA Details
INFO - 2021-03-02 15:30:21 --> Controller "App\Controllers\PricingDetails" loaded.
INFO - 2021-03-02 15:30:21 --> Fetching IIQA Details
INFO - 2021-03-02 15:30:21 --> Controller "App\Controllers\PricingDetails" loaded.
INFO - 2021-03-02 15:30:21 --> Fetching IIQA Details
INFO - 2021-03-02 15:30:39 --> Controller "App\Controllers\Users" loaded.
INFO - 2021-03-02 15:30:39 --> Fetching All User details
INFO - 2021-03-02 15:30:39 --> Controller "App\Controllers\Dashboards" loaded.
INFO - 2021-03-02 15:30:39 --> Fetching Dashboard details
INFO - 2021-03-02 15:30:41 --> Controller "App\Controllers\InstituteDetails" loaded.
INFO - 2021-03-02 15:30:41 --> Fetching IIQA Details
INFO - 2021-03-02 15:30:44 --> Controller "App\Controllers\PricingHistory" loaded.
INFO - 2021-03-02 15:30:44 --> Fetching IIQA Details
INFO - 2021-03-02 15:30:45 --> Controller "App\Controllers\UserMenu" loaded.
INFO - 2021-03-02 15:30:45 --> Fetching IIQA Details
INFO - 2021-03-02 15:30:45 --> Controller "App\Controllers\UserMenu" loaded.
INFO - 2021-03-02 15:30:45 --> Fetching IIQA Details
INFO - 2021-03-02 15:30:52 --> Controller "App\Controllers\UserMenu" loaded.
INFO - 2021-03-02 15:30:52 --> Fetching IIQA Details
INFO - 2021-03-02 15:30:52 --> Controller "App\Controllers\UserMenu" loaded.
INFO - 2021-03-02 15:30:52 --> Fetching IIQA Details
INFO - 2021-03-02 15:31:05 --> Controller "App\Controllers\UserMenu" loaded.
INFO - 2021-03-02 15:31:05 --> Controller "App\Controllers\UserMenu" loaded.
INFO - 2021-03-02 15:31:05 --> Fetching IIQA Details
INFO - 2021-03-02 15:31:05 --> Fetching IIQA Details
INFO - 2021-03-02 15:32:01 --> Controller "App\Controllers\UserMenu" loaded.
INFO - 2021-03-02 15:32:01 --> Fetching IIQA Details
INFO - 2021-03-02 15:32:01 --> Controller "App\Controllers\UserMenu" loaded.
INFO - 2021-03-02 15:32:01 --> Fetching IIQA Details
INFO - 2021-03-02 15:39:58 --> Controller "App\Controllers\UserMenu" loaded.
INFO - 2021-03-02 15:39:58 --> Fetching IIQA Details
INFO - 2021-03-02 15:41:42 --> Controller "App\Controllers\PricingHistory" loaded.
INFO - 2021-03-02 15:41:42 --> Fetching IIQA Details
INFO - 2021-03-02 15:41:42 --> Controller "App\Controllers\Users" loaded.
INFO - 2021-03-02 15:41:42 --> Fetching All User details
INFO - 2021-03-02 15:41:45 --> Controller "App\Controllers\UserMenu" loaded.
INFO - 2021-03-02 15:41:45 --> Controller "App\Controllers\UserMenu" loaded.
INFO - 2021-03-02 15:41:45 --> Fetching IIQA Details
INFO - 2021-03-02 15:41:45 --> Fetching IIQA Details
INFO - 2021-03-02 15:41:58 --> Controller "App\Controllers\UserMenu" loaded.
INFO - 2021-03-02 15:42:00 --> Controller "App\Controllers\UserMenu" loaded.
INFO - 2021-03-02 15:42:00 --> Fetching IIQA Details
INFO - 2021-03-02 15:42:00 --> Controller "App\Controllers\UserMenu" loaded.
INFO - 2021-03-02 15:42:00 --> Fetching IIQA Details
INFO - 2021-03-02 15:43:52 --> Controller "App\Controllers\PricingHistory" loaded.
INFO - 2021-03-02 15:43:52 --> Fetching IIQA Details
INFO - 2021-03-02 15:43:52 --> Controller "App\Controllers\Users" loaded.
INFO - 2021-03-02 15:43:52 --> Fetching All User details
INFO - 2021-03-02 15:43:54 --> Controller "App\Controllers\UserMenu" loaded.
INFO - 2021-03-02 15:43:54 --> Fetching IIQA Details
INFO - 2021-03-02 15:43:54 --> Controller "App\Controllers\UserMenu" loaded.
INFO - 2021-03-02 15:43:54 --> Fetching IIQA Details
INFO - 2021-03-02 15:44:05 --> Controller "App\Controllers\UserMenu" loaded.
INFO - 2021-03-02 15:44:07 --> Controller "App\Controllers\UserMenu" loaded.
INFO - 2021-03-02 15:44:07 --> Fetching IIQA Details
INFO - 2021-03-02 15:44:07 --> Controller "App\Controllers\UserMenu" loaded.
INFO - 2021-03-02 15:44:07 --> Fetching IIQA Details
INFO - 2021-03-02 15:44:12 --> Controller "App\Controllers\SchedulePlanner" loaded.
INFO - 2021-03-02 15:44:12 --> Controller "App\Controllers\Dashboards" loaded.
INFO - 2021-03-02 15:44:12 --> Fetching IIQA Details
INFO - 2021-03-02 15:44:12 --> Fetching Dashboard details
INFO - 2021-03-02 15:44:13 --> Controller "App\Controllers\PricingHistory" loaded.
INFO - 2021-03-02 15:44:13 --> Fetching IIQA Details
INFO - 2021-03-02 15:44:13 --> Controller "App\Controllers\InstituteDetails" loaded.
INFO - 2021-03-02 15:44:13 --> Fetching IIQA Details
INFO - 2021-03-02 15:44:14 --> Controller "App\Controllers\PricingDetails" loaded.
INFO - 2021-03-02 15:44:14 --> Controller "App\Controllers\PricingDetails" loaded.
INFO - 2021-03-02 15:44:14 --> Fetching IIQA Details
INFO - 2021-03-02 15:44:14 --> Fetching IIQA Details
INFO - 2021-03-02 15:44:35 --> Controller "App\Controllers\SchedulePlanner" loaded.
INFO - 2021-03-02 15:44:35 --> Controller "App\Controllers\Dashboards" loaded.
INFO - 2021-03-02 15:44:35 --> Fetching IIQA Details
INFO - 2021-03-02 15:44:35 --> Controller "App\Controllers\Users" loaded.
INFO - 2021-03-02 15:44:35 --> Fetching Dashboard details
INFO - 2021-03-02 15:44:35 --> Fetching All User details
INFO - 2021-03-02 15:44:47 --> Controller "App\Controllers\PricingHistory" loaded.
INFO - 2021-03-02 15:44:47 --> Fetching IIQA Details
INFO - 2021-03-02 15:44:47 --> Controller "App\Controllers\InstituteDetails" loaded.
INFO - 2021-03-02 15:44:47 --> Fetching IIQA Details
INFO - 2021-03-02 15:44:47 --> Controller "App\Controllers\PricingDetails" loaded.
INFO - 2021-03-02 15:44:47 --> Fetching IIQA Details
INFO - 2021-03-02 15:44:47 --> Controller "App\Controllers\PricingDetails" loaded.
INFO - 2021-03-02 15:44:47 --> Fetching IIQA Details
INFO - 2021-03-02 15:44:59 --> Controller "App\Controllers\PricingHistory" loaded.
INFO - 2021-03-02 15:44:59 --> Fetching IIQA Details
INFO - 2021-03-02 15:45:01 --> Controller "App\Controllers\UserMenu" loaded.
INFO - 2021-03-02 15:45:01 --> Controller "App\Controllers\UserMenu" loaded.
INFO - 2021-03-02 15:45:01 --> Fetching IIQA Details
INFO - 2021-03-02 15:45:01 --> Fetching IIQA Details
INFO - 2021-03-02 15:45:07 --> Controller "App\Controllers\UserMenu" loaded.
INFO - 2021-03-02 15:45:07 --> Controller "App\Controllers\UserMenu" loaded.
INFO - 2021-03-02 15:45:07 --> Fetching IIQA Details
INFO - 2021-03-02 15:45:07 --> Fetching IIQA Details
INFO - 2021-03-02 15:46:12 --> Controller "App\Controllers\Dashboards" loaded.
INFO - 2021-03-02 15:46:12 --> Controller "App\Controllers\SchedulePlanner" loaded.
INFO - 2021-03-02 15:46:12 --> Fetching Dashboard details
INFO - 2021-03-02 15:46:12 --> Fetching IIQA Details
INFO - 2021-03-02 15:46:16 --> Controller "App\Controllers\PricingHistory" loaded.
INFO - 2021-03-02 15:46:16 --> Fetching IIQA Details
INFO - 2021-03-02 15:46:24 --> Controller "App\Controllers\PricingDetails" loaded.
INFO - 2021-03-02 15:46:24 --> Fetching IIQA Details
INFO - 2021-03-02 15:46:24 --> Controller "App\Controllers\PricingDetails" loaded.
INFO - 2021-03-02 15:46:24 --> Fetching IIQA Details
INFO - 2021-03-02 15:46:30 --> Controller "App\Controllers\PricingDetails" loaded.
INFO - 2021-03-02 15:46:30 --> Fetching IIQA Details
INFO - 2021-03-02 15:46:30 --> Controller "App\Controllers\PricingDetails" loaded.
INFO - 2021-03-02 15:46:30 --> Fetching IIQA Details
INFO - 2021-03-02 15:46:52 --> Controller "App\Controllers\PricingDetails" loaded.
INFO - 2021-03-02 15:46:52 --> Controller "App\Controllers\PricingDetails" loaded.
INFO - 2021-03-02 15:46:52 --> Fetching IIQA Details
INFO - 2021-03-02 15:46:52 --> Fetching IIQA Details
INFO - 2021-03-02 15:47:00 --> Controller "App\Controllers\UserMenu" loaded.
INFO - 2021-03-02 15:47:00 --> Fetching IIQA Details
INFO - 2021-03-02 15:47:00 --> Controller "App\Controllers\UserMenu" loaded.
INFO - 2021-03-02 15:47:00 --> Fetching IIQA Details
INFO - 2021-03-02 15:47:44 --> Controller "App\Controllers\Users" loaded.
INFO - 2021-03-02 15:47:44 --> Fetching All User details
INFO - 2021-03-02 15:47:44 --> Controller "App\Controllers\Dashboards" loaded.
INFO - 2021-03-02 15:47:44 --> Fetching Dashboard details
INFO - 2021-03-02 15:47:45 --> Controller "App\Controllers\InstituteDetails" loaded.
INFO - 2021-03-02 15:47:45 --> Fetching IIQA Details
INFO - 2021-03-02 15:48:12 --> Controller "App\Controllers\InstituteDetails" loaded.
INFO - 2021-03-02 15:48:12 --> Fetching IIQA Details
INFO - 2021-03-02 15:48:13 --> Controller "App\Controllers\InstituteDetails" loaded.
INFO - 2021-03-02 15:48:13 --> Fetching IIQA Details
INFO - 2021-03-02 15:48:14 --> Controller "App\Controllers\InstituteDetails" loaded.
INFO - 2021-03-02 15:48:14 --> Fetching IIQA Details
INFO - 2021-03-02 15:48:15 --> Controller "App\Controllers\InstituteDetails" loaded.
INFO - 2021-03-02 15:48:15 --> Fetching IIQA Details
INFO - 2021-03-02 15:48:16 --> Controller "App\Controllers\InstituteDetails" loaded.
INFO - 2021-03-02 15:48:16 --> Fetching IIQA Details
INFO - 2021-03-02 15:48:17 --> Controller "App\Controllers\InstituteDetails" loaded.
INFO - 2021-03-02 15:48:17 --> Fetching IIQA Details
INFO - 2021-03-02 15:48:19 --> Controller "App\Controllers\InstituteDetails" loaded.
INFO - 2021-03-02 15:48:19 --> Fetching IIQA Details
INFO - 2021-03-02 15:48:22 --> Controller "App\Controllers\InstituteDetails" loaded.
INFO - 2021-03-02 15:48:22 --> Fetching IIQA Details
INFO - 2021-03-02 15:48:23 --> Controller "App\Controllers\InstituteDetails" loaded.
INFO - 2021-03-02 15:48:23 --> Fetching IIQA Details
INFO - 2021-03-02 15:49:39 --> Controller "App\Controllers\Users" loaded.
INFO - 2021-03-02 15:49:39 --> Fetching All User details
INFO - 2021-03-02 15:49:39 --> Controller "App\Controllers\Users" loaded.
INFO - 2021-03-02 15:49:39 --> Controller "App\Controllers\Dashboards" loaded.
INFO - 2021-03-02 15:49:39 --> Fetching All User details
INFO - 2021-03-02 15:49:39 --> Fetching Dashboard details
INFO - 2021-03-02 15:49:47 --> Controller "App\Controllers\PricingHistory" loaded.
INFO - 2021-03-02 15:49:47 --> Fetching IIQA Details
INFO - 2021-03-02 15:49:49 --> Controller "App\Controllers\Dashboards" loaded.
INFO - 2021-03-02 15:49:49 --> Fetching Dashboard details
INFO - 2021-03-02 15:49:49 --> Controller "App\Controllers\SchedulePlanner" loaded.
INFO - 2021-03-02 15:49:49 --> Fetching IIQA Details
INFO - 2021-03-02 15:50:10 --> Controller "App\Controllers\PricingHistory" loaded.
INFO - 2021-03-02 15:50:10 --> Fetching IIQA Details
INFO - 2021-03-02 15:50:10 --> Controller "App\Controllers\InstituteDetails" loaded.
INFO - 2021-03-02 15:50:10 --> Fetching IIQA Details
INFO - 2021-03-02 15:50:10 --> Controller "App\Controllers\PricingDetails" loaded.
INFO - 2021-03-02 15:50:10 --> Fetching IIQA Details
INFO - 2021-03-02 15:50:10 --> Controller "App\Controllers\PricingDetails" loaded.
INFO - 2021-03-02 15:50:10 --> Fetching IIQA Details
INFO - 2021-03-02 15:50:23 --> Controller "App\Controllers\PricingHistory" loaded.
INFO - 2021-03-02 15:50:23 --> Fetching IIQA Details
INFO - 2021-03-02 15:50:24 --> Controller "App\Controllers\UserMenu" loaded.
INFO - 2021-03-02 15:50:24 --> Fetching IIQA Details
INFO - 2021-03-02 15:50:24 --> Controller "App\Controllers\UserMenu" loaded.
INFO - 2021-03-02 15:50:24 --> Fetching IIQA Details
INFO - 2021-03-02 15:54:14 --> Controller "App\Controllers\UserMenu" loaded.
INFO - 2021-03-02 15:54:14 --> Fetching IIQA Details
INFO - 2021-03-02 15:54:14 --> Controller "App\Controllers\UserMenu" loaded.
INFO - 2021-03-02 15:54:14 --> Fetching IIQA Details
INFO - 2021-03-02 16:02:06 --> Controller "App\Controllers\Users" loaded.
INFO - 2021-03-02 16:02:06 --> Fetching All User details
INFO - 2021-03-02 16:02:06 --> Controller "App\Controllers\Dashboards" loaded.
INFO - 2021-03-02 16:02:06 --> Fetching Dashboard details
INFO - 2021-03-02 16:02:08 --> Controller "App\Controllers\PricingHistory" loaded.
INFO - 2021-03-02 16:02:08 --> Fetching IIQA Details
INFO - 2021-03-02 16:02:09 --> Controller "App\Controllers\UserMenu" loaded.
INFO - 2021-03-02 16:02:10 --> Fetching IIQA Details
INFO - 2021-03-02 16:02:10 --> Controller "App\Controllers\UserMenu" loaded.
INFO - 2021-03-02 16:02:10 --> Fetching IIQA Details
INFO - 2021-03-02 16:02:17 --> Controller "App\Controllers\SchedulePlanner" loaded.
INFO - 2021-03-02 16:02:17 --> Controller "App\Controllers\Dashboards" loaded.
INFO - 2021-03-02 16:02:17 --> Fetching IIQA Details
INFO - 2021-03-02 16:02:17 --> Fetching Dashboard details
INFO - 2021-03-02 16:02:18 --> Controller "App\Controllers\PricingHistory" loaded.
INFO - 2021-03-02 16:02:18 --> Fetching IIQA Details
INFO - 2021-03-02 16:02:18 --> Controller "App\Controllers\InstituteDetails" loaded.
INFO - 2021-03-02 16:02:18 --> Fetching IIQA Details
INFO - 2021-03-02 16:02:18 --> Controller "App\Controllers\PricingDetails" loaded.
INFO - 2021-03-02 16:02:18 --> Controller "App\Controllers\PricingDetails" loaded.
INFO - 2021-03-02 16:02:18 --> Fetching IIQA Details
INFO - 2021-03-02 16:02:18 --> Fetching IIQA Details
INFO - 2021-03-02 16:02:38 --> Controller "App\Controllers\PricingHistory" loaded.
INFO - 2021-03-02 16:02:38 --> Fetching IIQA Details
INFO - 2021-03-02 16:02:39 --> Controller "App\Controllers\UserMenu" loaded.
INFO - 2021-03-02 16:02:39 --> Fetching IIQA Details
INFO - 2021-03-02 16:02:39 --> Controller "App\Controllers\UserMenu" loaded.
INFO - 2021-03-02 16:02:39 --> Fetching IIQA Details
INFO - 2021-03-02 16:03:32 --> Controller "App\Controllers\PricingDetails" loaded.
INFO - 2021-03-02 16:03:32 --> Fetching IIQA Details
INFO - 2021-03-02 16:03:32 --> Controller "App\Controllers\PricingDetails" loaded.
INFO - 2021-03-02 16:03:32 --> Fetching IIQA Details
INFO - 2021-03-02 16:03:36 --> Controller "App\Controllers\UserMenu" loaded.
INFO - 2021-03-02 16:03:36 --> Fetching IIQA Details
INFO - 2021-03-02 16:03:36 --> Controller "App\Controllers\UserMenu" loaded.
INFO - 2021-03-02 16:03:36 --> Fetching IIQA Details
INFO - 2021-03-02 16:03:38 --> Controller "App\Controllers\UserMenu" loaded.
INFO - 2021-03-02 16:03:38 --> Fetching IIQA Details
INFO - 2021-03-02 16:03:38 --> Controller "App\Controllers\UserMenu" loaded.
INFO - 2021-03-02 16:03:38 --> Fetching IIQA Details
INFO - 2021-03-02 16:03:46 --> Controller "App\Controllers\Dashboards" loaded.
INFO - 2021-03-02 16:03:46 --> Controller "App\Controllers\SchedulePlanner" loaded.
INFO - 2021-03-02 16:03:46 --> Fetching IIQA Details
INFO - 2021-03-02 16:03:46 --> Fetching Dashboard details
INFO - 2021-03-02 16:03:59 --> Controller "App\Controllers\PricingHistory" loaded.
INFO - 2021-03-02 16:03:59 --> Fetching IIQA Details
INFO - 2021-03-02 16:03:59 --> Controller "App\Controllers\InstituteDetails" loaded.
INFO - 2021-03-02 16:03:59 --> Fetching IIQA Details
INFO - 2021-03-02 16:04:00 --> Controller "App\Controllers\PricingDetails" loaded.
INFO - 2021-03-02 16:04:00 --> Fetching IIQA Details
INFO - 2021-03-02 16:04:00 --> Controller "App\Controllers\PricingDetails" loaded.
INFO - 2021-03-02 16:04:00 --> Fetching IIQA Details
INFO - 2021-03-02 16:05:12 --> Controller "App\Controllers\PricingHistory" loaded.
INFO - 2021-03-02 16:05:12 --> Fetching IIQA Details
INFO - 2021-03-02 16:05:12 --> Controller "App\Controllers\InstituteDetails" loaded.
INFO - 2021-03-02 16:05:12 --> Fetching IIQA Details
INFO - 2021-03-02 16:05:13 --> Controller "App\Controllers\PricingDetails" loaded.
INFO - 2021-03-02 16:05:13 --> Fetching IIQA Details
INFO - 2021-03-02 16:05:13 --> Controller "App\Controllers\PricingDetails" loaded.
INFO - 2021-03-02 16:05:13 --> Fetching IIQA Details
INFO - 2021-03-02 16:10:02 --> Controller "App\Controllers\PricingHistory" loaded.
INFO - 2021-03-02 16:10:02 --> Fetching IIQA Details
INFO - 2021-03-02 16:10:04 --> Controller "App\Controllers\UserMenu" loaded.
INFO - 2021-03-02 16:10:04 --> Fetching IIQA Details
INFO - 2021-03-02 16:10:04 --> Controller "App\Controllers\UserMenu" loaded.
INFO - 2021-03-02 16:10:04 --> Fetching IIQA Details
INFO - 2021-03-02 16:10:20 --> Controller "App\Controllers\PricingHistory" loaded.
INFO - 2021-03-02 16:10:23 --> Controller "App\Controllers\PricingHistory" loaded.
INFO - 2021-03-02 16:10:23 --> Fetching IIQA Details
INFO - 2021-03-02 16:10:28 --> Controller "App\Controllers\Dashboards" loaded.
INFO - 2021-03-02 16:10:28 --> Fetching Dashboard details
INFO - 2021-03-02 16:10:28 --> Controller "App\Controllers\SchedulePlanner" loaded.
INFO - 2021-03-02 16:10:28 --> Fetching IIQA Details
INFO - 2021-03-02 16:10:30 --> Controller "App\Controllers\PricingHistory" loaded.
INFO - 2021-03-02 16:10:30 --> Fetching IIQA Details
INFO - 2021-03-02 16:10:30 --> Controller "App\Controllers\InstituteDetails" loaded.
INFO - 2021-03-02 16:10:30 --> Fetching IIQA Details
INFO - 2021-03-02 16:10:30 --> Controller "App\Controllers\PricingDetails" loaded.
INFO - 2021-03-02 16:10:30 --> Controller "App\Controllers\PricingDetails" loaded.
INFO - 2021-03-02 16:10:30 --> Fetching IIQA Details
INFO - 2021-03-02 16:10:30 --> Fetching IIQA Details
INFO - 2021-03-02 16:11:19 --> Controller "App\Controllers\PricingHistory" loaded.
INFO - 2021-03-02 16:11:19 --> Fetching IIQA Details
INFO - 2021-03-02 16:11:20 --> Controller "App\Controllers\UserMenu" loaded.
INFO - 2021-03-02 16:11:20 --> Fetching IIQA Details
INFO - 2021-03-02 16:11:20 --> Controller "App\Controllers\UserMenu" loaded.
INFO - 2021-03-02 16:11:20 --> Fetching IIQA Details
INFO - 2021-03-02 16:11:27 --> Controller "App\Controllers\UserMenu" loaded.
INFO - 2021-03-02 16:11:27 --> Fetching IIQA Details
INFO - 2021-03-02 16:11:27 --> Controller "App\Controllers\UserMenu" loaded.
INFO - 2021-03-02 16:11:27 --> Fetching IIQA Details
INFO - 2021-03-02 16:11:35 --> Controller "App\Controllers\Dashboards" loaded.
INFO - 2021-03-02 16:11:35 --> Fetching Dashboard details
INFO - 2021-03-02 16:11:35 --> Controller "App\Controllers\SchedulePlanner" loaded.
INFO - 2021-03-02 16:11:35 --> Fetching IIQA Details
INFO - 2021-03-02 16:11:36 --> Controller "App\Controllers\PricingHistory" loaded.
INFO - 2021-03-02 16:11:36 --> Fetching IIQA Details
INFO - 2021-03-02 16:11:36 --> Controller "App\Controllers\InstituteDetails" loaded.
INFO - 2021-03-02 16:11:36 --> Fetching IIQA Details
INFO - 2021-03-02 16:11:37 --> Controller "App\Controllers\PricingDetails" loaded.
INFO - 2021-03-02 16:11:37 --> Fetching IIQA Details
INFO - 2021-03-02 16:11:37 --> Controller "App\Controllers\PricingDetails" loaded.
INFO - 2021-03-02 16:11:37 --> Fetching IIQA Details
INFO - 2021-03-02 16:12:09 --> Controller "App\Controllers\Users" loaded.
INFO - 2021-03-02 16:12:09 --> Fetching All User details
INFO - 2021-03-02 16:12:09 --> Controller "App\Controllers\Dashboards" loaded.
INFO - 2021-03-02 16:12:09 --> Fetching Dashboard details
INFO - 2021-03-02 16:12:15 --> Controller "App\Controllers\Users" loaded.
INFO - 2021-03-02 16:12:48 --> Controller "App\Controllers\Dashboards" loaded.
INFO - 2021-03-02 16:12:48 --> Fetching Dashboard details
INFO - 2021-03-02 16:12:52 --> Controller "App\Controllers\Users" loaded.
INFO - 2021-03-02 16:12:53 --> Controller "App\Controllers\Roles" loaded.
INFO - 2021-03-02 16:12:53 --> Fetching Assignments Details details
INFO - 2021-03-02 16:12:53 --> Controller "App\Controllers\Roles" loaded.
INFO - 2021-03-02 16:12:53 --> Fetching Permission details
INFO - 2021-03-02 16:12:53 --> Controller "App\Controllers\Roles" loaded.
INFO - 2021-03-02 16:12:53 --> Fetching Roles details
INFO - 2021-03-02 16:13:04 --> Controller "App\Controllers\Roles" loaded.
INFO - 2021-03-02 16:13:04 --> Fetching Permission details
INFO - 2021-03-02 16:13:21 --> Controller "App\Controllers\Roles" loaded.
INFO - 2021-03-02 16:13:21 --> Fetching Permission details
INFO - 2021-03-02 16:13:26 --> Controller "App\Controllers\Dashboards" loaded.
INFO - 2021-03-02 16:13:26 --> Fetching Dashboard details
INFO - 2021-03-02 16:13:26 --> Controller "App\Controllers\SchedulePlanner" loaded.
INFO - 2021-03-02 16:13:26 --> Fetching IIQA Details
INFO - 2021-03-02 16:13:41 --> Controller "App\Controllers\Users" loaded.
INFO - 2021-03-02 16:13:42 --> Controller "App\Controllers\Roles" loaded.
INFO - 2021-03-02 16:13:42 --> Fetching Assignments Details details
INFO - 2021-03-02 16:13:42 --> Controller "App\Controllers\Roles" loaded.
INFO - 2021-03-02 16:13:42 --> Fetching Roles details
INFO - 2021-03-02 16:13:42 --> Controller "App\Controllers\Roles" loaded.
INFO - 2021-03-02 16:13:42 --> Fetching Permission details
INFO - 2021-03-02 16:13:46 --> Controller "App\Controllers\Roles" loaded.
INFO - 2021-03-02 16:13:46 --> Fetching Permission details
INFO - 2021-03-02 16:13:56 --> Controller "App\Controllers\Roles" loaded.
INFO - 2021-03-02 16:13:56 --> Fetching Permission details
INFO - 2021-03-02 16:14:01 --> Controller "App\Controllers\Roles" loaded.
INFO - 2021-03-02 16:14:01 --> Fetching Permission details
INFO - 2021-03-02 16:14:33 --> Controller "App\Controllers\PricingHistory" loaded.
INFO - 2021-03-02 16:14:33 --> Fetching IIQA Details
INFO - 2021-03-02 16:14:35 --> Controller "App\Controllers\Dashboards" loaded.
INFO - 2021-03-02 16:14:35 --> Fetching Dashboard details
INFO - 2021-03-02 16:14:35 --> Controller "App\Controllers\SchedulePlanner" loaded.
INFO - 2021-03-02 16:14:35 --> Fetching IIQA Details
INFO - 2021-03-02 16:14:37 --> Controller "App\Controllers\PricingHistory" loaded.
INFO - 2021-03-02 16:14:37 --> Fetching IIQA Details
INFO - 2021-03-02 16:14:37 --> Controller "App\Controllers\InstituteDetails" loaded.
INFO - 2021-03-02 16:14:37 --> Fetching IIQA Details
INFO - 2021-03-02 16:14:37 --> Controller "App\Controllers\PricingDetails" loaded.
INFO - 2021-03-02 16:14:37 --> Fetching IIQA Details
INFO - 2021-03-02 16:14:37 --> Controller "App\Controllers\PricingDetails" loaded.
INFO - 2021-03-02 16:14:37 --> Fetching IIQA Details
INFO - 2021-03-02 16:14:40 --> Controller "App\Controllers\PricingHistory" loaded.
INFO - 2021-03-02 16:14:40 --> Fetching IIQA Details
INFO - 2021-03-02 16:14:42 --> Controller "App\Controllers\UserMenu" loaded.
INFO - 2021-03-02 16:14:42 --> Fetching IIQA Details
INFO - 2021-03-02 16:14:42 --> Controller "App\Controllers\UserMenu" loaded.
INFO - 2021-03-02 16:14:42 --> Fetching IIQA Details
INFO - 2021-03-02 16:15:12 --> Controller "App\Controllers\Dashboards" loaded.
INFO - 2021-03-02 16:15:12 --> Fetching Dashboard details
INFO - 2021-03-02 16:15:12 --> Controller "App\Controllers\SchedulePlanner" loaded.
INFO - 2021-03-02 16:15:12 --> Fetching IIQA Details
INFO - 2021-03-02 16:16:20 --> Controller "App\Controllers\PricingHistory" loaded.
INFO - 2021-03-02 16:16:20 --> Fetching IIQA Details
INFO - 2021-03-02 16:16:22 --> Controller "App\Controllers\UserMenu" loaded.
INFO - 2021-03-02 16:16:22 --> Fetching IIQA Details
INFO - 2021-03-02 16:16:22 --> Controller "App\Controllers\UserMenu" loaded.
INFO - 2021-03-02 16:16:22 --> Fetching IIQA Details
INFO - 2021-03-02 16:16:43 --> Controller "App\Controllers\UserMenu" loaded.
INFO - 2021-03-02 16:16:43 --> Controller "App\Controllers\UserMenu" loaded.
INFO - 2021-03-02 16:16:43 --> Fetching IIQA Details
INFO - 2021-03-02 16:16:43 --> Fetching IIQA Details
INFO - 2021-03-02 16:16:53 --> Controller "App\Controllers\UserMenu" loaded.
INFO - 2021-03-02 16:16:53 --> Fetching IIQA Details
INFO - 2021-03-02 16:16:53 --> Controller "App\Controllers\UserMenu" loaded.
INFO - 2021-03-02 16:16:53 --> Fetching IIQA Details
INFO - 2021-03-02 16:23:03 --> Controller "App\Controllers\PricingHistory" loaded.
INFO - 2021-03-02 16:23:03 --> Fetching IIQA Details
INFO - 2021-03-02 16:23:03 --> Controller "App\Controllers\Users" loaded.
INFO - 2021-03-02 16:23:03 --> Fetching All User details
INFO - 2021-03-02 16:23:05 --> Controller "App\Controllers\UserMenu" loaded.
INFO - 2021-03-02 16:23:05 --> Controller "App\Controllers\UserMenu" loaded.
INFO - 2021-03-02 16:23:05 --> Fetching IIQA Details
INFO - 2021-03-02 16:23:05 --> Fetching IIQA Details
INFO - 2021-03-02 16:24:02 --> Controller "App\Controllers\PricingHistory" loaded.
INFO - 2021-03-02 16:24:02 --> Fetching IIQA Details
INFO - 2021-03-02 16:24:02 --> Controller "App\Controllers\Users" loaded.
INFO - 2021-03-02 16:24:02 --> Fetching All User details
INFO - 2021-03-02 16:24:33 --> Controller "App\Controllers\PricingHistory" loaded.
INFO - 2021-03-02 16:24:33 --> Fetching IIQA Details
INFO - 2021-03-02 16:24:33 --> Controller "App\Controllers\Users" loaded.
INFO - 2021-03-02 16:24:33 --> Fetching All User details
INFO - 2021-03-02 16:25:22 --> Controller "App\Controllers\PricingHistory" loaded.
INFO - 2021-03-02 16:25:22 --> Fetching IIQA Details
INFO - 2021-03-02 16:25:22 --> Controller "App\Controllers\Users" loaded.
INFO - 2021-03-02 16:25:22 --> Fetching All User details
INFO - 2021-03-02 16:25:33 --> Controller "App\Controllers\UserMenu" loaded.
INFO - 2021-03-02 16:25:33 --> Fetching IIQA Details
INFO - 2021-03-02 16:25:33 --> Controller "App\Controllers\UserMenu" loaded.
INFO - 2021-03-02 16:25:33 --> Fetching IIQA Details
INFO - 2021-03-02 16:39:04 --> Controller "App\Controllers\PricingHistory" loaded.
INFO - 2021-03-02 16:39:04 --> Fetching IIQA Details
INFO - 2021-03-02 16:39:04 --> Controller "App\Controllers\Users" loaded.
INFO - 2021-03-02 16:39:04 --> Fetching All User details
INFO - 2021-03-02 16:40:53 --> Controller "App\Controllers\PricingHistory" loaded.
INFO - 2021-03-02 16:40:53 --> Fetching IIQA Details
INFO - 2021-03-02 16:40:53 --> Controller "App\Controllers\Users" loaded.
INFO - 2021-03-02 16:40:53 --> Fetching All User details
INFO - 2021-03-02 17:13:52 --> Controller "App\Controllers\UserMenu" loaded.
INFO - 2021-03-02 17:13:52 --> Fetching IIQA Details
INFO - 2021-03-02 17:13:52 --> Controller "App\Controllers\UserMenu" loaded.
INFO - 2021-03-02 17:13:52 --> Fetching IIQA Details
INFO - 2021-03-02 17:14:55 --> Controller "App\Controllers\PricingDetails" loaded.
INFO - 2021-03-02 17:14:55 --> Controller "App\Controllers\PricingDetails" loaded.
INFO - 2021-03-02 17:14:55 --> Fetching IIQA Details
INFO - 2021-03-02 17:14:55 --> Fetching IIQA Details
INFO - 2021-03-02 17:15:38 --> Controller "App\Controllers\Dashboards" loaded.
INFO - 2021-03-02 17:15:38 --> Fetching Dashboard details
INFO - 2021-03-02 17:15:38 --> Controller "App\Controllers\SchedulePlanner" loaded.
INFO - 2021-03-02 17:15:38 --> Fetching IIQA Details
INFO - 2021-03-02 17:15:39 --> Controller "App\Controllers\PricingHistory" loaded.
INFO - 2021-03-02 17:15:39 --> Fetching IIQA Details
INFO - 2021-03-02 17:15:40 --> Controller "App\Controllers\InstituteDetails" loaded.
INFO - 2021-03-02 17:15:40 --> Fetching IIQA Details
INFO - 2021-03-02 17:15:40 --> Controller "App\Controllers\PricingDetails" loaded.
INFO - 2021-03-02 17:15:40 --> Fetching IIQA Details
INFO - 2021-03-02 17:15:40 --> Controller "App\Controllers\PricingDetails" loaded.
INFO - 2021-03-02 17:15:40 --> Fetching IIQA Details
INFO - 2021-03-02 17:15:49 --> Controller "App\Controllers\InstitutePricingHistory" loaded.
INFO - 2021-03-02 17:15:49 --> Fetching IIQA Details
INFO - 2021-03-02 17:15:55 --> Controller "App\Controllers\InstitutePricingDetails" loaded.
INFO - 2021-03-02 17:15:55 --> Fetching IIQA Details
INFO - 2021-03-02 17:16:33 --> Controller "App\Controllers\Users" loaded.
INFO - 2021-03-02 17:16:33 --> Controller "App\Controllers\Dashboards" loaded.
INFO - 2021-03-02 17:16:33 --> Fetching All User details
INFO - 2021-03-02 17:16:33 --> Fetching Dashboard details
INFO - 2021-03-02 17:16:39 --> Controller "App\Controllers\InstituteDetails" loaded.
INFO - 2021-03-02 17:16:39 --> Fetching IIQA Details
INFO - 2021-03-02 17:16:44 --> Controller "App\Controllers\Leads" loaded.
INFO - 2021-03-02 17:16:44 --> Fetching IIQA Details
INFO - 2021-03-02 17:16:44 --> Controller "App\Controllers\InstituteDetails" loaded.
INFO - 2021-03-02 17:16:44 --> Fetching IIQA Details
INFO - 2021-03-02 17:16:55 --> Controller "App\Controllers\InstituteDetails" loaded.
INFO - 2021-03-02 17:16:55 --> Fetching IIQA Details
INFO - 2021-03-02 17:29:08 --> Controller "App\Controllers\Dashboards" loaded.
INFO - 2021-03-02 17:29:08 --> Fetching Dashboard details
INFO - 2021-03-02 17:29:08 --> Controller "App\Controllers\SchedulePlanner" loaded.
INFO - 2021-03-02 17:29:08 --> Fetching IIQA Details
INFO - 2021-03-02 17:29:09 --> Controller "App\Controllers\PricingHistory" loaded.
INFO - 2021-03-02 17:29:09 --> Fetching IIQA Details
INFO - 2021-03-02 17:29:09 --> Controller "App\Controllers\InstituteDetails" loaded.
INFO - 2021-03-02 17:29:09 --> Fetching IIQA Details
INFO - 2021-03-02 17:29:10 --> Controller "App\Controllers\PricingDetails" loaded.
INFO - 2021-03-02 17:29:10 --> Controller "App\Controllers\PricingDetails" loaded.
INFO - 2021-03-02 17:29:10 --> Fetching IIQA Details
INFO - 2021-03-02 17:29:10 --> Fetching IIQA Details
INFO - 2021-03-02 17:29:12 --> Controller "App\Controllers\PricingHistory" loaded.
INFO - 2021-03-02 17:29:12 --> Fetching IIQA Details
INFO - 2021-03-02 17:29:14 --> Controller "App\Controllers\UserMenu" loaded.
INFO - 2021-03-02 17:29:14 --> Controller "App\Controllers\UserMenu" loaded.
INFO - 2021-03-02 17:29:14 --> Fetching IIQA Details
INFO - 2021-03-02 17:29:14 --> Fetching IIQA Details
INFO - 2021-03-02 17:29:33 --> Controller "App\Controllers\Users" loaded.
INFO - 2021-03-02 17:29:33 --> Fetching All User details
INFO - 2021-03-02 17:29:33 --> Controller "App\Controllers\Dashboards" loaded.
INFO - 2021-03-02 17:29:33 --> Fetching Dashboard details
INFO - 2021-03-02 17:29:57 --> Controller "App\Controllers\Roles" loaded.
INFO - 2021-03-02 17:29:57 --> Fetching Assignments Details details
INFO - 2021-03-02 17:29:57 --> Controller "App\Controllers\Roles" loaded.
INFO - 2021-03-02 17:29:57 --> Fetching Roles details
INFO - 2021-03-02 17:29:57 --> Controller "App\Controllers\Roles" loaded.
INFO - 2021-03-02 17:29:57 --> Fetching Permission details
INFO - 2021-03-02 17:30:12 --> Controller "App\Controllers\Roles" loaded.
INFO - 2021-03-02 17:30:12 --> Fetching Permission details
INFO - 2021-03-02 17:30:51 --> Controller "App\Controllers\Dashboards" loaded.
INFO - 2021-03-02 17:30:51 --> Fetching Dashboard details
INFO - 2021-03-02 17:31:19 --> Controller "App\Controllers\Dashboards" loaded.
INFO - 2021-03-02 17:31:19 --> Fetching Dashboard details
INFO - 2021-03-02 17:31:19 --> Controller "App\Controllers\SchedulePlanner" loaded.
INFO - 2021-03-02 17:31:19 --> Fetching IIQA Details
INFO - 2021-03-02 17:40:04 --> Controller "App\Controllers\Dashboards" loaded.
INFO - 2021-03-02 17:40:04 --> Fetching Dashboard details
INFO - 2021-03-02 17:40:04 --> Controller "App\Controllers\SchedulePlanner" loaded.
INFO - 2021-03-02 17:40:04 --> Fetching IIQA Details
INFO - 2021-03-02 17:40:04 --> Controller "App\Controllers\Users" loaded.
INFO - 2021-03-02 17:40:04 --> Fetching All User details
INFO - 2021-03-02 17:40:59 --> Controller "App\Controllers\SchedulePlanner" loaded.
INFO - 2021-03-02 17:40:59 --> Controller "App\Controllers\Users" loaded.
INFO - 2021-03-02 17:40:59 --> Fetching IIQA Details
INFO - 2021-03-02 17:40:59 --> Fetching All User details
INFO - 2021-03-02 17:40:59 --> Controller "App\Controllers\Dashboards" loaded.
INFO - 2021-03-02 17:40:59 --> Fetching Dashboard details
INFO - 2021-03-02 17:41:43 --> Controller "App\Controllers\Dashboards" loaded.
INFO - 2021-03-02 17:41:43 --> Controller "App\Controllers\SchedulePlanner" loaded.
INFO - 2021-03-02 17:41:43 --> Fetching Dashboard details
INFO - 2021-03-02 17:41:43 --> Fetching IIQA Details
INFO - 2021-03-02 17:41:43 --> Controller "App\Controllers\Users" loaded.
INFO - 2021-03-02 17:41:43 --> Fetching All User details
INFO - 2021-03-02 17:42:03 --> Controller "App\Controllers\PricingHistory" loaded.
INFO - 2021-03-02 17:42:03 --> Fetching IIQA Details
INFO - 2021-03-02 17:42:05 --> Controller "App\Controllers\UserMenu" loaded.
INFO - 2021-03-02 17:42:05 --> Fetching IIQA Details
INFO - 2021-03-02 17:42:05 --> Controller "App\Controllers\UserMenu" loaded.
INFO - 2021-03-02 17:42:05 --> Fetching IIQA Details
INFO - 2021-03-02 17:42:22 --> Controller "App\Controllers\UserMenu" loaded.
ERROR - 2021-03-02 17:42:22 --> Operand should contain 1 column(s)
INFO - 2021-03-02 17:44:18 --> Controller "App\Controllers\Users" loaded.
INFO - 2021-03-02 17:44:18 --> Fetching All User details
INFO - 2021-03-02 17:44:18 --> Controller "App\Controllers\SchedulePlanner" loaded.
INFO - 2021-03-02 17:44:18 --> Controller "App\Controllers\Dashboards" loaded.
INFO - 2021-03-02 17:44:18 --> Fetching IIQA Details
INFO - 2021-03-02 17:44:18 --> Fetching Dashboard details
INFO - 2021-03-02 17:44:21 --> Controller "App\Controllers\PricingHistory" loaded.
INFO - 2021-03-02 17:44:21 --> Fetching IIQA Details
INFO - 2021-03-02 17:44:21 --> Controller "App\Controllers\Users" loaded.
INFO - 2021-03-02 17:44:21 --> Fetching All User details
INFO - 2021-03-02 17:44:23 --> Controller "App\Controllers\UserMenu" loaded.
INFO - 2021-03-02 17:44:23 --> Fetching IIQA Details
INFO - 2021-03-02 17:44:23 --> Controller "App\Controllers\UserMenu" loaded.
INFO - 2021-03-02 17:44:23 --> Fetching IIQA Details
INFO - 2021-03-02 17:45:12 --> Controller "App\Controllers\UserMenu" loaded.
ERROR - 2021-03-02 17:45:12 --> Operand should contain 1 column(s)
INFO - 2021-03-02 17:46:40 --> Controller "App\Controllers\Dashboards" loaded.
INFO - 2021-03-02 17:46:40 --> Fetching Dashboard details
INFO - 2021-03-02 17:46:40 --> Controller "App\Controllers\SchedulePlanner" loaded.
INFO - 2021-03-02 17:46:40 --> Fetching IIQA Details
INFO - 2021-03-02 17:46:41 --> Controller "App\Controllers\PricingHistory" loaded.
INFO - 2021-03-02 17:46:41 --> Fetching IIQA Details
INFO - 2021-03-02 17:46:41 --> Controller "App\Controllers\InstituteDetails" loaded.
INFO - 2021-03-02 17:46:41 --> Fetching IIQA Details
INFO - 2021-03-02 17:46:42 --> Controller "App\Controllers\PricingDetails" loaded.
INFO - 2021-03-02 17:46:42 --> Fetching IIQA Details
INFO - 2021-03-02 17:46:42 --> Controller "App\Controllers\PricingDetails" loaded.
INFO - 2021-03-02 17:46:42 --> Fetching IIQA Details
INFO - 2021-03-02 17:46:46 --> Controller "App\Controllers\PricingHistory" loaded.
INFO - 2021-03-02 17:46:46 --> Fetching IIQA Details
INFO - 2021-03-02 17:46:47 --> Controller "App\Controllers\UserMenu" loaded.
INFO - 2021-03-02 17:46:47 --> Fetching IIQA Details
INFO - 2021-03-02 17:46:47 --> Controller "App\Controllers\UserMenu" loaded.
INFO - 2021-03-02 17:46:47 --> Fetching IIQA Details
INFO - 2021-03-02 17:48:16 --> Controller "App\Controllers\Dashboards" loaded.
INFO - 2021-03-02 17:48:16 --> Fetching Dashboard details
INFO - 2021-03-02 17:48:16 --> Controller "App\Controllers\SchedulePlanner" loaded.
INFO - 2021-03-02 17:48:16 --> Fetching IIQA Details
INFO - 2021-03-02 17:48:17 --> Controller "App\Controllers\Users" loaded.
INFO - 2021-03-02 17:48:17 --> Fetching All User details
INFO - 2021-03-02 17:48:19 --> Controller "App\Controllers\Users" loaded.
INFO - 2021-03-02 17:48:19 --> Fetching All User details
INFO - 2021-03-02 17:48:19 --> Controller "App\Controllers\PricingHistory" loaded.
INFO - 2021-03-02 17:48:19 --> Fetching IIQA Details
INFO - 2021-03-02 17:48:24 --> Controller "App\Controllers\UserMenu" loaded.
INFO - 2021-03-02 17:48:24 --> Fetching IIQA Details
INFO - 2021-03-02 17:48:24 --> Controller "App\Controllers\UserMenu" loaded.
INFO - 2021-03-02 17:48:24 --> Fetching IIQA Details
INFO - 2021-03-02 17:48:35 --> Controller "App\Controllers\UserMenu" loaded.
ERROR - 2021-03-02 17:48:35 --> Operand should contain 1 column(s)
INFO - 2021-03-02 17:49:53 --> Controller "App\Controllers\PricingHistory" loaded.
INFO - 2021-03-02 17:49:53 --> Fetching IIQA Details
INFO - 2021-03-02 17:49:53 --> Controller "App\Controllers\Users" loaded.
INFO - 2021-03-02 17:49:53 --> Fetching All User details
INFO - 2021-03-02 17:49:55 --> Controller "App\Controllers\UserMenu" loaded.
INFO - 2021-03-02 17:49:55 --> Fetching IIQA Details
INFO - 2021-03-02 17:49:55 --> Controller "App\Controllers\UserMenu" loaded.
INFO - 2021-03-02 17:49:55 --> Fetching IIQA Details
INFO - 2021-03-02 18:02:10 --> Controller "App\Controllers\UserMenu" loaded.
INFO - 2021-03-02 18:02:20 --> Controller "App\Controllers\UserMenu" loaded.
INFO - 2021-03-02 18:02:47 --> Controller "App\Controllers\UserMenu" loaded.
INFO - 2021-03-02 18:03:39 --> Controller "App\Controllers\UserMenu" loaded.
INFO - 2021-03-02 18:03:58 --> Controller "App\Controllers\UserMenu" loaded.
ERROR - 2021-03-02 18:03:58 --> Operand should contain 1 column(s)
INFO - 2021-03-02 18:05:49 --> Controller "App\Controllers\UserMenu" loaded.
INFO - 2021-03-02 18:06:24 --> Controller "App\Controllers\UserMenu" loaded.
INFO - 2021-03-02 18:08:18 --> Controller "App\Controllers\UserMenu" loaded.
INFO - 2021-03-02 18:18:06 --> Controller "App\Controllers\Users" loaded.
INFO - 2021-03-02 18:18:06 --> Controller "App\Controllers\PricingHistory" loaded.
INFO - 2021-03-02 18:18:06 --> Fetching IIQA Details
INFO - 2021-03-02 18:18:06 --> Fetching All User details
INFO - 2021-03-02 18:18:09 --> Controller "App\Controllers\UserMenu" loaded.
INFO - 2021-03-02 18:18:09 --> Controller "App\Controllers\UserMenu" loaded.
INFO - 2021-03-02 18:18:09 --> Fetching IIQA Details
INFO - 2021-03-02 18:18:09 --> Fetching IIQA Details
INFO - 2021-03-02 18:18:24 --> Controller "App\Controllers\UserMenu" loaded.
INFO - 2021-03-02 18:18:26 --> Controller "App\Controllers\UserMenu" loaded.
INFO - 2021-03-02 18:18:26 --> Fetching IIQA Details
INFO - 2021-03-02 18:19:52 --> Controller "App\Controllers\Users" loaded.
INFO - 2021-03-02 18:19:52 --> Controller "App\Controllers\PricingHistory" loaded.
INFO - 2021-03-02 18:19:52 --> Fetching IIQA Details
INFO - 2021-03-02 18:19:52 --> Fetching All User details
INFO - 2021-03-02 18:22:36 --> Controller "App\Controllers\UserMenu" loaded.
INFO - 2021-03-02 18:22:36 --> Fetching IIQA Details
INFO - 2021-03-02 18:22:36 --> Controller "App\Controllers\UserMenu" loaded.
INFO - 2021-03-02 18:22:36 --> Fetching IIQA Details
INFO - 2021-03-02 18:23:39 --> Controller "App\Controllers\UserMenu" loaded.
INFO - 2021-03-02 18:23:39 --> Fetching IIQA Details
INFO - 2021-03-02 18:23:39 --> Controller "App\Controllers\UserMenu" loaded.
INFO - 2021-03-02 18:23:39 --> Fetching IIQA Details
INFO - 2021-03-02 18:23:46 --> Controller "App\Controllers\Dashboards" loaded.
INFO - 2021-03-02 18:23:46 --> Fetching Dashboard details
INFO - 2021-03-02 18:28:07 --> Controller "App\Controllers\Dashboards" loaded.
INFO - 2021-03-02 18:28:07 --> Fetching Dashboard details
INFO - 2021-03-02 18:28:07 --> Controller "App\Controllers\Users" loaded.
INFO - 2021-03-02 18:28:07 --> Fetching All User details
INFO - 2021-03-02 18:41:22 --> Controller "App\Controllers\PricingHistory" loaded.
INFO - 2021-03-02 18:41:22 --> Fetching IIQA Details
INFO - 2021-03-02 18:41:24 --> Controller "App\Controllers\UserMenu" loaded.
INFO - 2021-03-02 18:41:24 --> Fetching IIQA Details
INFO - 2021-03-02 18:41:24 --> Controller "App\Controllers\UserMenu" loaded.
INFO - 2021-03-02 18:41:24 --> Fetching IIQA Details
INFO - 2021-03-02 18:41:45 --> Controller "App\Controllers\Dashboards" loaded.
INFO - 2021-03-02 18:41:45 --> Fetching Dashboard details
INFO - 2021-03-02 18:41:45 --> Controller "App\Controllers\SchedulePlanner" loaded.
INFO - 2021-03-02 18:41:45 --> Fetching IIQA Details
INFO - 2021-03-02 18:41:47 --> Controller "App\Controllers\PricingHistory" loaded.
INFO - 2021-03-02 18:41:47 --> Fetching IIQA Details
INFO - 2021-03-02 18:43:14 --> Controller "App\Controllers\Dashboards" loaded.
INFO - 2021-03-02 18:43:14 --> Fetching Dashboard details
INFO - 2021-03-02 18:55:12 --> Controller "App\Controllers\Dashboards" loaded.
INFO - 2021-03-02 18:55:12 --> Controller "App\Controllers\Users" loaded.
INFO - 2021-03-02 18:55:12 --> Fetching Dashboard details
INFO - 2021-03-02 18:55:12 --> Controller "App\Controllers\SchedulePlanner" loaded.
INFO - 2021-03-02 18:55:12 --> Fetching All User details
INFO - 2021-03-02 18:55:12 --> Fetching IIQA Details
INFO - 2021-03-02 18:55:15 --> Controller "App\Controllers\PricingHistory" loaded.
INFO - 2021-03-02 18:55:15 --> Fetching IIQA Details
INFO - 2021-03-02 18:55:18 --> Controller "App\Controllers\UserMenu" loaded.
INFO - 2021-03-02 18:55:18 --> Fetching IIQA Details
INFO - 2021-03-02 18:55:18 --> Controller "App\Controllers\UserMenu" loaded.
INFO - 2021-03-02 18:55:18 --> Fetching IIQA Details
INFO - 2021-03-02 19:00:18 --> Controller "App\Controllers\Users" loaded.
INFO - 2021-03-02 19:00:18 --> Controller "App\Controllers\PricingHistory" loaded.
INFO - 2021-03-02 19:00:18 --> Fetching IIQA Details
INFO - 2021-03-02 19:00:18 --> Fetching All User details
INFO - 2021-03-02 19:11:00 --> Controller "App\Controllers\Users" loaded.
INFO - 2021-03-02 19:11:00 --> Controller "App\Controllers\PricingHistory" loaded.
INFO - 2021-03-02 19:11:00 --> Fetching IIQA Details
INFO - 2021-03-02 19:11:00 --> Fetching All User details
INFO - 2021-03-02 19:11:01 --> Controller "App\Controllers\Dashboards" loaded.
INFO - 2021-03-02 19:11:01 --> Fetching Dashboard details
INFO - 2021-03-02 19:11:01 --> Controller "App\Controllers\Users" loaded.
INFO - 2021-03-02 19:11:01 --> Fetching All User details
INFO - 2021-03-02 19:11:05 --> Controller "App\Controllers\UserMenu" loaded.
INFO - 2021-03-02 19:11:05 --> Controller "App\Controllers\UserMenu" loaded.
INFO - 2021-03-02 19:11:05 --> Fetching IIQA Details
INFO - 2021-03-02 19:11:05 --> Fetching IIQA Details
INFO - 2021-03-02 19:11:41 --> Controller "App\Controllers\PricingHistory" loaded.
INFO - 2021-03-02 19:11:41 --> Fetching IIQA Details
INFO - 2021-03-02 19:11:42 --> Controller "App\Controllers\Users" loaded.
INFO - 2021-03-02 19:11:42 --> Fetching All User details
INFO - 2021-03-02 19:11:44 --> Controller "App\Controllers\Dashboards" loaded.
INFO - 2021-03-02 19:11:44 --> Fetching Dashboard details
INFO - 2021-03-02 19:11:44 --> Controller "App\Controllers\Users" loaded.
INFO - 2021-03-02 19:11:44 --> Fetching All User details
INFO - 2021-03-02 19:11:50 --> Controller "App\Controllers\UserMenu" loaded.
INFO - 2021-03-02 19:11:50 --> Fetching IIQA Details
INFO - 2021-03-02 19:11:50 --> Controller "App\Controllers\UserMenu" loaded.
INFO - 2021-03-02 19:11:50 --> Fetching IIQA Details
INFO - 2021-03-02 19:14:47 --> Controller "App\Controllers\PricingHistory" loaded.
INFO - 2021-03-02 19:14:47 --> Fetching IIQA Details
INFO - 2021-03-02 19:14:47 --> Controller "App\Controllers\Users" loaded.
INFO - 2021-03-02 19:14:47 --> Fetching All User details
INFO - 2021-03-02 19:14:50 --> Controller "App\Controllers\Users" loaded.
INFO - 2021-03-02 19:14:50 --> Fetching All User details
INFO - 2021-03-02 19:14:50 --> Controller "App\Controllers\Dashboards" loaded.
INFO - 2021-03-02 19:14:50 --> Fetching Dashboard details
INFO - 2021-03-02 19:14:52 --> Controller "App\Controllers\UserMenu" loaded.
INFO - 2021-03-02 19:14:52 --> Fetching IIQA Details
INFO - 2021-03-02 19:14:52 --> Controller "App\Controllers\UserMenu" loaded.
INFO - 2021-03-02 19:14:52 --> Fetching IIQA Details
INFO - 2021-03-02 19:16:24 --> Controller "App\Controllers\PricingHistory" loaded.
INFO - 2021-03-02 19:16:24 --> Fetching IIQA Details
INFO - 2021-03-02 19:16:24 --> Controller "App\Controllers\Users" loaded.
INFO - 2021-03-02 19:16:24 --> Fetching All User details
INFO - 2021-03-02 19:16:25 --> Controller "App\Controllers\UserMenu" loaded.
INFO - 2021-03-02 19:16:25 --> Fetching IIQA Details
INFO - 2021-03-02 19:16:25 --> Controller "App\Controllers\UserMenu" loaded.
INFO - 2021-03-02 19:16:25 --> Fetching IIQA Details
INFO - 2021-03-02 19:18:49 --> Controller "App\Controllers\Users" loaded.
INFO - 2021-03-02 19:18:49 --> Fetching All User details
INFO - 2021-03-02 19:18:49 --> Controller "App\Controllers\PricingHistory" loaded.
INFO - 2021-03-02 19:18:49 --> Fetching IIQA Details
INFO - 2021-03-02 19:18:51 --> Controller "App\Controllers\UserMenu" loaded.
INFO - 2021-03-02 19:18:51 --> Fetching IIQA Details
INFO - 2021-03-02 19:18:51 --> Controller "App\Controllers\UserMenu" loaded.
INFO - 2021-03-02 19:18:51 --> Fetching IIQA Details
INFO - 2021-03-02 19:19:04 --> Controller "App\Controllers\PricingHistory" loaded.
INFO - 2021-03-02 19:19:04 --> Controller "App\Controllers\Users" loaded.
INFO - 2021-03-02 19:19:04 --> Fetching IIQA Details
INFO - 2021-03-02 19:19:04 --> Fetching All User details
INFO - 2021-03-02 19:19:05 --> Controller "App\Controllers\UserMenu" loaded.
INFO - 2021-03-02 19:19:05 --> Controller "App\Controllers\UserMenu" loaded.
INFO - 2021-03-02 19:19:05 --> Fetching IIQA Details
INFO - 2021-03-02 19:19:05 --> Fetching IIQA Details
INFO - 2021-03-02 19:19:42 --> Controller "App\Controllers\PricingHistory" loaded.
INFO - 2021-03-02 19:19:42 --> Fetching IIQA Details
INFO - 2021-03-02 19:19:42 --> Controller "App\Controllers\Users" loaded.
INFO - 2021-03-02 19:19:42 --> Fetching All User details
INFO - 2021-03-02 19:19:45 --> Controller "App\Controllers\UserMenu" loaded.
INFO - 2021-03-02 19:19:45 --> Fetching IIQA Details
INFO - 2021-03-02 19:19:45 --> Controller "App\Controllers\UserMenu" loaded.
INFO - 2021-03-02 19:19:45 --> Fetching IIQA Details
INFO - 2021-03-02 19:23:02 --> Controller "App\Controllers\PricingHistory" loaded.
INFO - 2021-03-02 19:23:02 --> Controller "App\Controllers\Users" loaded.
INFO - 2021-03-02 19:23:02 --> Fetching IIQA Details
INFO - 2021-03-02 19:23:02 --> Fetching All User details
INFO - 2021-03-02 19:23:04 --> Controller "App\Controllers\UserMenu" loaded.
INFO - 2021-03-02 19:23:04 --> Fetching IIQA Details
INFO - 2021-03-02 19:23:04 --> Controller "App\Controllers\UserMenu" loaded.
INFO - 2021-03-02 19:23:04 --> Fetching IIQA Details
INFO - 2021-03-02 19:24:41 --> Controller "App\Controllers\PricingHistory" loaded.
INFO - 2021-03-02 19:24:41 --> Fetching IIQA Details
INFO - 2021-03-02 19:24:41 --> Controller "App\Controllers\Users" loaded.
INFO - 2021-03-02 19:24:41 --> Fetching All User details
INFO - 2021-03-02 19:24:46 --> Controller "App\Controllers\UserMenu" loaded.
INFO - 2021-03-02 19:24:46 --> Controller "App\Controllers\UserMenu" loaded.
INFO - 2021-03-02 19:24:46 --> Fetching IIQA Details
INFO - 2021-03-02 19:24:46 --> Fetching IIQA Details
