INFO - 2020-11-19 09:10:31 --> Controller "App\Controllers\State" loaded.
INFO - 2020-11-19 09:10:31 --> Controller "App\Controllers\University" loaded.
INFO - 2020-11-19 09:10:31 --> Controller "App\Controllers\IIQAForm" loaded.
INFO - 2020-11-19 09:10:31 --> Fetching IIQA Details
INFO - 2020-11-19 09:10:31 --> Fetching IIQA Details
INFO - 2020-11-19 09:10:31 --> Fetching IIQA Details
INFO - 2020-11-19 09:10:31 --> Controller "App\Controllers\CommonFetch" loaded.
INFO - 2020-11-19 09:10:31 --> Fetching IIQA Details
INFO - 2020-11-19 09:10:31 --> Controller "App\Controllers\CommonFetch" loaded.
INFO - 2020-11-19 09:10:31 --> Fetching Title Details
INFO - 2020-11-19 09:10:31 --> Controller "App\Controllers\CommonFetch" loaded.
INFO - 2020-11-19 09:10:31 --> Fetching Title Details
INFO - 2020-11-19 09:10:31 --> Controller "App\Controllers\IIQAForm" loaded.
INFO - 2020-11-19 09:10:31 --> Fetching Document Details
INFO - 2020-11-19 09:10:31 --> Controller "App\Controllers\IIQAForm" loaded.
INFO - 2020-11-19 09:10:31 --> Fetching Document Details
INFO - 2020-11-19 09:12:03 --> Controller "App\Controllers\IIQAForm" loaded.
INFO - 2020-11-19 09:12:03 --> Fetching IIQA Details
INFO - 2020-11-19 09:12:03 --> Controller "App\Controllers\State" loaded.
INFO - 2020-11-19 09:12:03 --> Fetching IIQA Details
INFO - 2020-11-19 09:12:03 --> Controller "App\Controllers\University" loaded.
INFO - 2020-11-19 09:12:03 --> Fetching IIQA Details
INFO - 2020-11-19 09:12:03 --> Controller "App\Controllers\CommonFetch" loaded.
INFO - 2020-11-19 09:12:03 --> Fetching IIQA Details
INFO - 2020-11-19 09:12:03 --> Controller "App\Controllers\CommonFetch" loaded.
INFO - 2020-11-19 09:12:03 --> Fetching Title Details
INFO - 2020-11-19 09:12:03 --> Controller "App\Controllers\CommonFetch" loaded.
INFO - 2020-11-19 09:12:03 --> Fetching Title Details
INFO - 2020-11-19 09:12:03 --> Controller "App\Controllers\IIQAForm" loaded.
INFO - 2020-11-19 09:12:03 --> Fetching Document Details
INFO - 2020-11-19 09:12:03 --> Controller "App\Controllers\IIQAForm" loaded.
INFO - 2020-11-19 09:12:03 --> Fetching Document Details
INFO - 2020-11-19 09:13:00 --> Controller "App\Controllers\State" loaded.
INFO - 2020-11-19 09:13:00 --> Controller "App\Controllers\IIQAForm" loaded.
INFO - 2020-11-19 09:13:00 --> Controller "App\Controllers\University" loaded.
INFO - 2020-11-19 09:13:00 --> Fetching IIQA Details
INFO - 2020-11-19 09:13:00 --> Fetching IIQA Details
INFO - 2020-11-19 09:13:00 --> Fetching IIQA Details
INFO - 2020-11-19 09:13:00 --> Controller "App\Controllers\CommonFetch" loaded.
INFO - 2020-11-19 09:13:00 --> Controller "App\Controllers\CommonFetch" loaded.
INFO - 2020-11-19 09:13:00 --> Fetching IIQA Details
INFO - 2020-11-19 09:13:00 --> Controller "App\Controllers\CommonFetch" loaded.
INFO - 2020-11-19 09:13:00 --> Fetching Title Details
INFO - 2020-11-19 09:13:00 --> Fetching Title Details
INFO - 2020-11-19 09:13:00 --> Controller "App\Controllers\IIQAForm" loaded.
INFO - 2020-11-19 09:13:00 --> Fetching Document Details
INFO - 2020-11-19 09:13:00 --> Controller "App\Controllers\IIQAForm" loaded.
INFO - 2020-11-19 09:13:00 --> Fetching Document Details
INFO - 2020-11-19 09:13:54 --> Controller "App\Controllers\State" loaded.
INFO - 2020-11-19 09:13:54 --> Fetching IIQA Details
INFO - 2020-11-19 09:13:54 --> Controller "App\Controllers\University" loaded.
INFO - 2020-11-19 09:13:54 --> Controller "App\Controllers\IIQAForm" loaded.
INFO - 2020-11-19 09:13:54 --> Fetching IIQA Details
INFO - 2020-11-19 09:13:54 --> Fetching IIQA Details
INFO - 2020-11-19 09:13:54 --> Controller "App\Controllers\CommonFetch" loaded.
INFO - 2020-11-19 09:13:54 --> Controller "App\Controllers\CommonFetch" loaded.
INFO - 2020-11-19 09:13:54 --> Fetching IIQA Details
INFO - 2020-11-19 09:13:54 --> Fetching Title Details
INFO - 2020-11-19 09:13:54 --> Controller "App\Controllers\CommonFetch" loaded.
INFO - 2020-11-19 09:13:54 --> Controller "App\Controllers\IIQAForm" loaded.
INFO - 2020-11-19 09:13:54 --> Fetching Title Details
INFO - 2020-11-19 09:13:54 --> Controller "App\Controllers\IIQAForm" loaded.
INFO - 2020-11-19 09:13:54 --> Fetching Document Details
INFO - 2020-11-19 09:13:54 --> Fetching Document Details
INFO - 2020-11-19 09:15:19 --> Controller "App\Controllers\IIQAForm" loaded.
INFO - 2020-11-19 09:15:19 --> Controller "App\Controllers\State" loaded.
INFO - 2020-11-19 09:15:19 --> Controller "App\Controllers\CommonFetch" loaded.
INFO - 2020-11-19 09:15:19 --> Controller "App\Controllers\University" loaded.
INFO - 2020-11-19 09:15:19 --> Fetching IIQA Details
INFO - 2020-11-19 09:15:19 --> Fetching IIQA Details
INFO - 2020-11-19 09:15:19 --> Fetching IIQA Details
INFO - 2020-11-19 09:15:19 --> Controller "App\Controllers\CommonFetch" loaded.
INFO - 2020-11-19 09:15:19 --> Fetching Title Details
INFO - 2020-11-19 09:15:19 --> Fetching IIQA Details
INFO - 2020-11-19 09:15:19 --> Controller "App\Controllers\CommonFetch" loaded.
INFO - 2020-11-19 09:15:19 --> Fetching Title Details
INFO - 2020-11-19 09:15:19 --> Controller "App\Controllers\IIQAForm" loaded.
INFO - 2020-11-19 09:15:19 --> Fetching Document Details
INFO - 2020-11-19 09:15:19 --> Controller "App\Controllers\IIQAForm" loaded.
INFO - 2020-11-19 09:15:19 --> Fetching Document Details
INFO - 2020-11-19 09:15:55 --> Controller "App\Controllers\State" loaded.
INFO - 2020-11-19 09:15:55 --> Controller "App\Controllers\IIQAForm" loaded.
INFO - 2020-11-19 09:15:55 --> Fetching IIQA Details
INFO - 2020-11-19 09:15:55 --> Fetching IIQA Details
INFO - 2020-11-19 09:15:55 --> Controller "App\Controllers\University" loaded.
INFO - 2020-11-19 09:15:55 --> Fetching IIQA Details
INFO - 2020-11-19 09:15:55 --> Controller "App\Controllers\CommonFetch" loaded.
INFO - 2020-11-19 09:15:55 --> Fetching IIQA Details
INFO - 2020-11-19 09:15:55 --> Controller "App\Controllers\CommonFetch" loaded.
INFO - 2020-11-19 09:15:55 --> Controller "App\Controllers\CommonFetch" loaded.
INFO - 2020-11-19 09:15:55 --> Fetching Title Details
INFO - 2020-11-19 09:15:55 --> Fetching Title Details
INFO - 2020-11-19 09:15:55 --> Controller "App\Controllers\IIQAForm" loaded.
INFO - 2020-11-19 09:15:55 --> Controller "App\Controllers\IIQAForm" loaded.
INFO - 2020-11-19 09:15:55 --> Fetching Document Details
INFO - 2020-11-19 09:15:55 --> Fetching Document Details
INFO - 2020-11-19 09:17:05 --> Controller "App\Controllers\IIQAForm" loaded.
INFO - 2020-11-19 09:17:05 --> Controller "App\Controllers\State" loaded.
INFO - 2020-11-19 09:17:05 --> Fetching IIQA Details
INFO - 2020-11-19 09:17:05 --> Fetching IIQA Details
INFO - 2020-11-19 09:17:05 --> Controller "App\Controllers\University" loaded.
INFO - 2020-11-19 09:17:05 --> Fetching IIQA Details
INFO - 2020-11-19 09:17:05 --> Controller "App\Controllers\CommonFetch" loaded.
INFO - 2020-11-19 09:17:05 --> Controller "App\Controllers\CommonFetch" loaded.
INFO - 2020-11-19 09:17:05 --> Fetching Title Details
INFO - 2020-11-19 09:17:05 --> Fetching IIQA Details
INFO - 2020-11-19 09:17:05 --> Controller "App\Controllers\CommonFetch" loaded.
INFO - 2020-11-19 09:17:05 --> Fetching Title Details
INFO - 2020-11-19 09:17:05 --> Controller "App\Controllers\IIQAForm" loaded.
INFO - 2020-11-19 09:17:05 --> Fetching Document Details
INFO - 2020-11-19 09:17:05 --> Controller "App\Controllers\IIQAForm" loaded.
INFO - 2020-11-19 09:17:05 --> Fetching Document Details
INFO - 2020-11-19 09:18:26 --> Controller "App\Controllers\IIQAForm" loaded.
INFO - 2020-11-19 09:18:26 --> Controller "App\Controllers\CommonFetch" loaded.
INFO - 2020-11-19 09:18:26 --> Fetching IIQA Details
INFO - 2020-11-19 09:18:26 --> Controller "App\Controllers\State" loaded.
INFO - 2020-11-19 09:18:26 --> Controller "App\Controllers\University" loaded.
INFO - 2020-11-19 09:18:26 --> Fetching IIQA Details
INFO - 2020-11-19 09:18:26 --> Fetching IIQA Details
INFO - 2020-11-19 09:18:26 --> Controller "App\Controllers\CommonFetch" loaded.
INFO - 2020-11-19 09:18:26 --> Fetching IIQA Details
INFO - 2020-11-19 09:18:26 --> Controller "App\Controllers\CommonFetch" loaded.
INFO - 2020-11-19 09:18:26 --> Fetching Title Details
INFO - 2020-11-19 09:18:26 --> Fetching Title Details
INFO - 2020-11-19 09:18:26 --> Controller "App\Controllers\IIQAForm" loaded.
INFO - 2020-11-19 09:18:26 --> Fetching Document Details
INFO - 2020-11-19 09:18:26 --> Controller "App\Controllers\IIQAForm" loaded.
INFO - 2020-11-19 09:18:26 --> Fetching Document Details
INFO - 2020-11-19 09:18:53 --> Controller "App\Controllers\UserMenus" loaded.
INFO - 2020-11-19 09:18:53 --> Fetching UserMenu details
INFO - 2020-11-19 09:18:54 --> Controller "App\Controllers\UserMenus" loaded.
INFO - 2020-11-19 09:18:54 --> Fetching UserMenu details
INFO - 2020-11-19 09:18:55 --> Controller "App\Controllers\IIQAForm" loaded.
INFO - 2020-11-19 09:18:55 --> Fetching IIQA Details
INFO - 2020-11-19 09:18:55 --> Controller "App\Controllers\State" loaded.
INFO - 2020-11-19 09:18:55 --> Fetching IIQA Details
INFO - 2020-11-19 09:18:55 --> Controller "App\Controllers\CommonFetch" loaded.
INFO - 2020-11-19 09:18:55 --> Controller "App\Controllers\CommonFetch" loaded.
INFO - 2020-11-19 09:18:55 --> Controller "App\Controllers\CommonFetch" loaded.
INFO - 2020-11-19 09:18:55 --> Fetching IIQA Details
INFO - 2020-11-19 09:18:55 --> Fetching Title Details
INFO - 2020-11-19 09:18:55 --> Fetching Title Details
INFO - 2020-11-19 09:18:55 --> Controller "App\Controllers\University" loaded.
INFO - 2020-11-19 09:18:55 --> Fetching IIQA Details
INFO - 2020-11-19 09:18:55 --> Controller "App\Controllers\IIQAForm" loaded.
INFO - 2020-11-19 09:18:55 --> Fetching Document Details
INFO - 2020-11-19 09:18:55 --> Controller "App\Controllers\IIQAForm" loaded.
INFO - 2020-11-19 09:18:55 --> Fetching Document Details
INFO - 2020-11-19 10:33:51 --> Controller "App\Controllers\UserMenus" loaded.
INFO - 2020-11-19 10:33:51 --> Fetching UserMenu details
INFO - 2020-11-19 10:33:52 --> Controller "App\Controllers\UserMenus" loaded.
INFO - 2020-11-19 10:33:52 --> Fetching UserMenu details
INFO - 2020-11-19 10:33:53 --> Controller "App\Controllers\IIQAForm" loaded.
INFO - 2020-11-19 10:33:53 --> Fetching IIQA Details
INFO - 2020-11-19 10:33:53 --> Controller "App\Controllers\State" loaded.
INFO - 2020-11-19 10:33:53 --> Fetching IIQA Details
INFO - 2020-11-19 10:33:53 --> Controller "App\Controllers\CommonFetch" loaded.
INFO - 2020-11-19 10:33:53 --> Controller "App\Controllers\CommonFetch" loaded.
INFO - 2020-11-19 10:33:53 --> Controller "App\Controllers\University" loaded.
INFO - 2020-11-19 10:33:53 --> Fetching Title Details
INFO - 2020-11-19 10:33:53 --> Controller "App\Controllers\CommonFetch" loaded.
INFO - 2020-11-19 10:33:53 --> Fetching IIQA Details
INFO - 2020-11-19 10:33:53 --> Controller "App\Controllers\IIQAForm" loaded.
INFO - 2020-11-19 10:33:53 --> Fetching Title Details
INFO - 2020-11-19 10:33:53 --> Fetching Document Details
INFO - 2020-11-19 10:33:53 --> Fetching IIQA Details
INFO - 2020-11-19 10:33:53 --> Controller "App\Controllers\IIQAForm" loaded.
INFO - 2020-11-19 10:33:53 --> Fetching Document Details
INFO - 2020-11-19 10:34:17 --> Controller "App\Controllers\IIQAForm" loaded.
INFO - 2020-11-19 10:34:17 --> Fetching IIQA Details
INFO - 2020-11-19 10:34:17 --> Controller "App\Controllers\State" loaded.
INFO - 2020-11-19 10:34:17 --> Fetching IIQA Details
INFO - 2020-11-19 10:34:17 --> Controller "App\Controllers\University" loaded.
INFO - 2020-11-19 10:34:17 --> Fetching IIQA Details
INFO - 2020-11-19 10:34:17 --> Controller "App\Controllers\CommonFetch" loaded.
INFO - 2020-11-19 10:34:17 --> Fetching IIQA Details
INFO - 2020-11-19 10:34:17 --> Controller "App\Controllers\CommonFetch" loaded.
INFO - 2020-11-19 10:34:17 --> Fetching Title Details
INFO - 2020-11-19 10:34:17 --> Controller "App\Controllers\CommonFetch" loaded.
INFO - 2020-11-19 10:34:17 --> Fetching Title Details
INFO - 2020-11-19 10:34:17 --> Controller "App\Controllers\IIQAForm" loaded.
INFO - 2020-11-19 10:34:17 --> Fetching Document Details
INFO - 2020-11-19 10:34:17 --> Controller "App\Controllers\IIQAForm" loaded.
INFO - 2020-11-19 10:34:17 --> Fetching Document Details
INFO - 2020-11-19 10:36:26 --> Controller "App\Controllers\State" loaded.
INFO - 2020-11-19 10:36:26 --> Controller "App\Controllers\IIQAForm" loaded.
INFO - 2020-11-19 10:36:26 --> Fetching IIQA Details
INFO - 2020-11-19 10:36:26 --> Fetching IIQA Details
INFO - 2020-11-19 10:36:26 --> Controller "App\Controllers\CommonFetch" loaded.
INFO - 2020-11-19 10:36:26 --> Fetching IIQA Details
INFO - 2020-11-19 10:36:26 --> Controller "App\Controllers\University" loaded.
INFO - 2020-11-19 10:36:26 --> Fetching IIQA Details
INFO - 2020-11-19 10:36:26 --> Controller "App\Controllers\CommonFetch" loaded.
INFO - 2020-11-19 10:36:26 --> Fetching Title Details
INFO - 2020-11-19 10:36:26 --> Controller "App\Controllers\CommonFetch" loaded.
INFO - 2020-11-19 10:36:26 --> Fetching Title Details
INFO - 2020-11-19 10:36:26 --> Controller "App\Controllers\IIQAForm" loaded.
INFO - 2020-11-19 10:36:26 --> Fetching Document Details
INFO - 2020-11-19 10:36:26 --> Controller "App\Controllers\IIQAForm" loaded.
INFO - 2020-11-19 10:36:26 --> Fetching Document Details
INFO - 2020-11-19 10:38:29 --> Controller "App\Controllers\CommonFetch" loaded.
INFO - 2020-11-19 10:38:29 --> Controller "App\Controllers\CommonFetch" loaded.
INFO - 2020-11-19 10:38:29 --> Controller "App\Controllers\University" loaded.
INFO - 2020-11-19 10:38:29 --> Controller "App\Controllers\State" loaded.
INFO - 2020-11-19 10:38:29 --> Fetching IIQA Details
INFO - 2020-11-19 10:38:29 --> Fetching IIQA Details
INFO - 2020-11-19 10:38:29 --> Fetching IIQA Details
INFO - 2020-11-19 10:38:29 --> Fetching Title Details
INFO - 2020-11-19 10:38:29 --> Controller "App\Controllers\IIQAForm" loaded.
INFO - 2020-11-19 10:38:29 --> Fetching IIQA Details
INFO - 2020-11-19 10:38:29 --> Controller "App\Controllers\CommonFetch" loaded.
INFO - 2020-11-19 10:38:29 --> Fetching Title Details
INFO - 2020-11-19 10:38:29 --> Controller "App\Controllers\IIQAForm" loaded.
INFO - 2020-11-19 10:38:29 --> Controller "App\Controllers\IIQAForm" loaded.
INFO - 2020-11-19 10:38:29 --> Fetching Document Details
INFO - 2020-11-19 10:38:29 --> Fetching Document Details
INFO - 2020-11-19 10:41:23 --> Controller "App\Controllers\IIQAForm" loaded.
INFO - 2020-11-19 10:41:23 --> Fetching IIQA Details
INFO - 2020-11-19 10:41:23 --> Controller "App\Controllers\State" loaded.
INFO - 2020-11-19 10:41:23 --> Controller "App\Controllers\CommonFetch" loaded.
INFO - 2020-11-19 10:41:23 --> Fetching IIQA Details
INFO - 2020-11-19 10:41:23 --> Fetching IIQA Details
INFO - 2020-11-19 10:41:23 --> Controller "App\Controllers\CommonFetch" loaded.
INFO - 2020-11-19 10:41:23 --> Fetching Title Details
INFO - 2020-11-19 10:41:23 --> Controller "App\Controllers\University" loaded.
INFO - 2020-11-19 10:41:23 --> Fetching IIQA Details
INFO - 2020-11-19 10:41:23 --> Controller "App\Controllers\CommonFetch" loaded.
INFO - 2020-11-19 10:41:23 --> Fetching Title Details
INFO - 2020-11-19 10:41:23 --> Controller "App\Controllers\IIQAForm" loaded.
INFO - 2020-11-19 10:41:23 --> Fetching Document Details
INFO - 2020-11-19 10:41:23 --> Controller "App\Controllers\IIQAForm" loaded.
INFO - 2020-11-19 10:41:23 --> Fetching Document Details
INFO - 2020-11-19 10:44:42 --> Controller "App\Controllers\University" loaded.
INFO - 2020-11-19 10:44:42 --> Controller "App\Controllers\State" loaded.
INFO - 2020-11-19 10:44:42 --> Fetching IIQA Details
INFO - 2020-11-19 10:44:42 --> Controller "App\Controllers\CommonFetch" loaded.
INFO - 2020-11-19 10:44:42 --> Controller "App\Controllers\IIQAForm" loaded.
INFO - 2020-11-19 10:44:42 --> Fetching IIQA Details
INFO - 2020-11-19 10:44:42 --> Fetching IIQA Details
INFO - 2020-11-19 10:44:42 --> Fetching IIQA Details
INFO - 2020-11-19 10:44:42 --> Controller "App\Controllers\CommonFetch" loaded.
INFO - 2020-11-19 10:44:42 --> Fetching Title Details
INFO - 2020-11-19 10:44:42 --> Controller "App\Controllers\CommonFetch" loaded.
INFO - 2020-11-19 10:44:42 --> Fetching Title Details
INFO - 2020-11-19 10:44:42 --> Controller "App\Controllers\IIQAForm" loaded.
INFO - 2020-11-19 10:44:42 --> Controller "App\Controllers\IIQAForm" loaded.
INFO - 2020-11-19 10:44:42 --> Fetching Document Details
INFO - 2020-11-19 10:44:42 --> Fetching Document Details
INFO - 2020-11-19 10:47:13 --> Controller "App\Controllers\IIQAForm" loaded.
INFO - 2020-11-19 10:47:13 --> Fetching IIQA Details
INFO - 2020-11-19 10:47:13 --> Controller "App\Controllers\University" loaded.
INFO - 2020-11-19 10:47:13 --> Fetching IIQA Details
INFO - 2020-11-19 10:47:13 --> Controller "App\Controllers\State" loaded.
INFO - 2020-11-19 10:47:13 --> Controller "App\Controllers\CommonFetch" loaded.
INFO - 2020-11-19 10:47:13 --> Controller "App\Controllers\CommonFetch" loaded.
INFO - 2020-11-19 10:47:13 --> Fetching IIQA Details
INFO - 2020-11-19 10:47:13 --> Fetching IIQA Details
INFO - 2020-11-19 10:47:13 --> Fetching Title Details
INFO - 2020-11-19 10:47:13 --> Controller "App\Controllers\CommonFetch" loaded.
INFO - 2020-11-19 10:47:13 --> Fetching Title Details
INFO - 2020-11-19 10:47:13 --> Controller "App\Controllers\IIQAForm" loaded.
INFO - 2020-11-19 10:47:13 --> Controller "App\Controllers\IIQAForm" loaded.
INFO - 2020-11-19 10:47:13 --> Fetching Document Details
INFO - 2020-11-19 10:47:13 --> Fetching Document Details
INFO - 2020-11-19 10:57:33 --> Controller "App\Controllers\IIQAForm" loaded.
INFO - 2020-11-19 10:57:33 --> Controller "App\Controllers\State" loaded.
INFO - 2020-11-19 10:57:33 --> Controller "App\Controllers\University" loaded.
INFO - 2020-11-19 10:57:33 --> Fetching IIQA Details
INFO - 2020-11-19 10:57:33 --> Fetching IIQA Details
INFO - 2020-11-19 10:57:33 --> Fetching IIQA Details
INFO - 2020-11-19 10:57:33 --> Controller "App\Controllers\CommonFetch" loaded.
INFO - 2020-11-19 10:57:33 --> Controller "App\Controllers\CommonFetch" loaded.
INFO - 2020-11-19 10:57:33 --> Fetching Title Details
INFO - 2020-11-19 10:57:33 --> Fetching IIQA Details
INFO - 2020-11-19 10:57:33 --> Controller "App\Controllers\CommonFetch" loaded.
INFO - 2020-11-19 10:57:33 --> Fetching Title Details
INFO - 2020-11-19 10:57:33 --> Controller "App\Controllers\IIQAForm" loaded.
INFO - 2020-11-19 10:57:33 --> Controller "App\Controllers\IIQAForm" loaded.
INFO - 2020-11-19 10:57:33 --> Fetching Document Details
INFO - 2020-11-19 10:57:33 --> Fetching Document Details
INFO - 2020-11-19 11:07:18 --> Controller "App\Controllers\CommonFetch" loaded.
INFO - 2020-11-19 11:07:18 --> Controller "App\Controllers\CommonFetch" loaded.
INFO - 2020-11-19 11:07:18 --> Controller "App\Controllers\University" loaded.
INFO - 2020-11-19 11:07:18 --> Fetching IIQA Details
INFO - 2020-11-19 11:07:18 --> Controller "App\Controllers\State" loaded.
INFO - 2020-11-19 11:07:18 --> Controller "App\Controllers\IIQAForm" loaded.
INFO - 2020-11-19 11:07:18 --> Fetching IIQA Details
INFO - 2020-11-19 11:07:18 --> Fetching Title Details
INFO - 2020-11-19 11:07:18 --> Fetching IIQA Details
INFO - 2020-11-19 11:07:18 --> Fetching IIQA Details
INFO - 2020-11-19 11:07:18 --> Controller "App\Controllers\CommonFetch" loaded.
INFO - 2020-11-19 11:07:18 --> Fetching Title Details
INFO - 2020-11-19 11:07:18 --> Controller "App\Controllers\IIQAForm" loaded.
INFO - 2020-11-19 11:07:18 --> Controller "App\Controllers\IIQAForm" loaded.
INFO - 2020-11-19 11:07:18 --> Fetching Document Details
INFO - 2020-11-19 11:07:18 --> Fetching Document Details
INFO - 2020-11-19 11:08:52 --> Controller "App\Controllers\University" loaded.
INFO - 2020-11-19 11:08:52 --> Controller "App\Controllers\IIQAForm" loaded.
INFO - 2020-11-19 11:08:52 --> Fetching IIQA Details
INFO - 2020-11-19 11:08:52 --> Controller "App\Controllers\State" loaded.
INFO - 2020-11-19 11:08:52 --> Controller "App\Controllers\CommonFetch" loaded.
INFO - 2020-11-19 11:08:52 --> Fetching IIQA Details
INFO - 2020-11-19 11:08:52 --> Controller "App\Controllers\CommonFetch" loaded.
INFO - 2020-11-19 11:08:52 --> Controller "App\Controllers\CommonFetch" loaded.
INFO - 2020-11-19 11:08:52 --> Fetching Title Details
INFO - 2020-11-19 11:08:52 --> Fetching IIQA Details
INFO - 2020-11-19 11:08:52 --> Fetching Title Details
INFO - 2020-11-19 11:08:52 --> Fetching IIQA Details
INFO - 2020-11-19 11:08:52 --> Controller "App\Controllers\IIQAForm" loaded.
INFO - 2020-11-19 11:08:52 --> Controller "App\Controllers\IIQAForm" loaded.
INFO - 2020-11-19 11:08:52 --> Fetching Document Details
INFO - 2020-11-19 11:08:52 --> Fetching Document Details
INFO - 2020-11-19 11:10:05 --> Controller "App\Controllers\IIQAForm" loaded.
INFO - 2020-11-19 11:10:05 --> Controller "App\Controllers\CommonFetch" loaded.
INFO - 2020-11-19 11:10:05 --> Fetching IIQA Details
INFO - 2020-11-19 11:10:05 --> Controller "App\Controllers\CommonFetch" loaded.
INFO - 2020-11-19 11:10:05 --> Fetching IIQA Details
INFO - 2020-11-19 11:10:05 --> Controller "App\Controllers\State" loaded.
INFO - 2020-11-19 11:10:05 --> Fetching Title Details
INFO - 2020-11-19 11:10:05 --> Controller "App\Controllers\University" loaded.
INFO - 2020-11-19 11:10:05 --> Fetching IIQA Details
INFO - 2020-11-19 11:10:05 --> Controller "App\Controllers\CommonFetch" loaded.
INFO - 2020-11-19 11:10:05 --> Fetching IIQA Details
INFO - 2020-11-19 11:10:05 --> Fetching Title Details
INFO - 2020-11-19 11:10:05 --> Controller "App\Controllers\IIQAForm" loaded.
INFO - 2020-11-19 11:10:05 --> Controller "App\Controllers\IIQAForm" loaded.
INFO - 2020-11-19 11:10:05 --> Fetching Document Details
INFO - 2020-11-19 11:10:05 --> Fetching Document Details
INFO - 2020-11-19 11:10:18 --> Controller "App\Controllers\State" loaded.
INFO - 2020-11-19 11:10:18 --> Controller "App\Controllers\CommonFetch" loaded.
INFO - 2020-11-19 11:10:18 --> Controller "App\Controllers\IIQAForm" loaded.
INFO - 2020-11-19 11:10:18 --> Controller "App\Controllers\CommonFetch" loaded.
INFO - 2020-11-19 11:10:18 --> Controller "App\Controllers\CommonFetch" loaded.
INFO - 2020-11-19 11:10:18 --> Controller "App\Controllers\University" loaded.
INFO - 2020-11-19 11:10:18 --> Fetching IIQA Details
INFO - 2020-11-19 11:10:18 --> Fetching IIQA Details
INFO - 2020-11-19 11:10:18 --> Fetching IIQA Details
INFO - 2020-11-19 11:10:18 --> Fetching IIQA Details
INFO - 2020-11-19 11:10:18 --> Fetching Title Details
INFO - 2020-11-19 11:10:18 --> Fetching Title Details
INFO - 2020-11-19 11:10:18 --> Controller "App\Controllers\IIQAForm" loaded.
INFO - 2020-11-19 11:10:18 --> Fetching Document Details
INFO - 2020-11-19 11:10:18 --> Controller "App\Controllers\IIQAForm" loaded.
INFO - 2020-11-19 11:10:18 --> Fetching Document Details
INFO - 2020-11-19 11:16:13 --> Controller "App\Controllers\IIQAForm" loaded.
INFO - 2020-11-19 11:16:13 --> Fetching IIQA Details
INFO - 2020-11-19 11:16:13 --> Controller "App\Controllers\University" loaded.
INFO - 2020-11-19 11:16:13 --> Controller "App\Controllers\CommonFetch" loaded.
INFO - 2020-11-19 11:16:13 --> Controller "App\Controllers\State" loaded.
INFO - 2020-11-19 11:16:13 --> Fetching IIQA Details
INFO - 2020-11-19 11:16:13 --> Fetching IIQA Details
INFO - 2020-11-19 11:16:13 --> Fetching IIQA Details
INFO - 2020-11-19 11:16:13 --> Controller "App\Controllers\CommonFetch" loaded.
INFO - 2020-11-19 11:16:13 --> Fetching Title Details
INFO - 2020-11-19 11:16:13 --> Controller "App\Controllers\CommonFetch" loaded.
INFO - 2020-11-19 11:16:13 --> Fetching Title Details
INFO - 2020-11-19 11:16:13 --> Controller "App\Controllers\IIQAForm" loaded.
INFO - 2020-11-19 11:16:13 --> Fetching Document Details
INFO - 2020-11-19 11:16:13 --> Controller "App\Controllers\IIQAForm" loaded.
INFO - 2020-11-19 11:16:13 --> Fetching Document Details
INFO - 2020-11-19 11:51:50 --> Controller "App\Controllers\State" loaded.
INFO - 2020-11-19 11:51:50 --> Fetching IIQA Details
INFO - 2020-11-19 11:51:50 --> Controller "App\Controllers\IIQAForm" loaded.
INFO - 2020-11-19 11:51:50 --> Fetching IIQA Details
INFO - 2020-11-19 11:51:50 --> Controller "App\Controllers\University" loaded.
INFO - 2020-11-19 11:51:50 --> Fetching IIQA Details
INFO - 2020-11-19 11:51:50 --> Controller "App\Controllers\CommonFetch" loaded.
INFO - 2020-11-19 11:51:50 --> Controller "App\Controllers\CommonFetch" loaded.
INFO - 2020-11-19 11:51:50 --> Controller "App\Controllers\CommonFetch" loaded.
INFO - 2020-11-19 11:51:50 --> Fetching IIQA Details
INFO - 2020-11-19 11:51:50 --> Fetching Title Details
INFO - 2020-11-19 11:51:50 --> Fetching Title Details
INFO - 2020-11-19 11:51:50 --> Controller "App\Controllers\IIQAForm" loaded.
INFO - 2020-11-19 11:51:50 --> Fetching Document Details
INFO - 2020-11-19 11:51:50 --> Controller "App\Controllers\IIQAForm" loaded.
INFO - 2020-11-19 11:51:50 --> Fetching Document Details
INFO - 2020-11-19 11:53:23 --> Controller "App\Controllers\CommonFetch" loaded.
INFO - 2020-11-19 11:53:23 --> Controller "App\Controllers\State" loaded.
INFO - 2020-11-19 11:53:23 --> Controller "App\Controllers\CommonFetch" loaded.
INFO - 2020-11-19 11:53:23 --> Controller "App\Controllers\IIQAForm" loaded.
INFO - 2020-11-19 11:53:23 --> Controller "App\Controllers\University" loaded.
INFO - 2020-11-19 11:53:23 --> Controller "App\Controllers\CommonFetch" loaded.
INFO - 2020-11-19 11:53:23 --> Controller "App\Controllers\CommonFetch" loaded.
INFO - 2020-11-19 11:53:23 --> Controller "App\Controllers\IIQAForm" loaded.
INFO - 2020-11-19 11:53:23 --> Fetching IIQA Details
INFO - 2020-11-19 11:53:23 --> Fetching Title Details
INFO - 2020-11-19 11:53:23 --> Fetching IIQA Details
INFO - 2020-11-19 11:53:23 --> Fetching IIQA Details
INFO - 2020-11-19 11:53:23 --> Fetching IIQA Details
INFO - 2020-11-19 11:53:23 --> Controller "App\Controllers\CommonFetch" loaded.
INFO - 2020-11-19 11:53:23 --> Controller "App\Controllers\State" loaded.
INFO - 2020-11-19 11:53:23 --> Fetching Title Details
INFO - 2020-11-19 11:53:23 --> Controller "App\Controllers\University" loaded.
INFO - 2020-11-19 11:53:23 --> Fetching IIQA Details
INFO - 2020-11-19 11:53:23 --> Controller "App\Controllers\CommonFetch" loaded.
INFO - 2020-11-19 11:53:23 --> Fetching IIQA Details
INFO - 2020-11-19 11:53:23 --> Fetching IIQA Details
INFO - 2020-11-19 11:53:23 --> Fetching Title Details
INFO - 2020-11-19 11:53:23 --> Fetching IIQA Details
INFO - 2020-11-19 11:53:23 --> Fetching Title Details
INFO - 2020-11-19 11:53:23 --> Controller "App\Controllers\IIQAForm" loaded.
INFO - 2020-11-19 11:53:23 --> Fetching Document Details
INFO - 2020-11-19 11:53:23 --> Controller "App\Controllers\IIQAForm" loaded.
INFO - 2020-11-19 11:53:23 --> Fetching Document Details
INFO - 2020-11-19 11:56:11 --> Controller "App\Controllers\IIQAForm" loaded.
INFO - 2020-11-19 11:56:11 --> Controller "App\Controllers\CommonFetch" loaded.
INFO - 2020-11-19 11:56:11 --> Controller "App\Controllers\CommonFetch" loaded.
INFO - 2020-11-19 11:56:11 --> Controller "App\Controllers\CommonFetch" loaded.
INFO - 2020-11-19 11:56:11 --> Controller "App\Controllers\University" loaded.
INFO - 2020-11-19 11:56:11 --> Controller "App\Controllers\State" loaded.
INFO - 2020-11-19 11:56:11 --> Fetching Title Details
INFO - 2020-11-19 11:56:11 --> Fetching Title Details
INFO - 2020-11-19 11:56:11 --> Fetching IIQA Details
INFO - 2020-11-19 11:56:11 --> Fetching IIQA Details
INFO - 2020-11-19 11:56:11 --> Fetching IIQA Details
INFO - 2020-11-19 11:56:11 --> Fetching IIQA Details
INFO - 2020-11-19 11:56:11 --> Controller "App\Controllers\IIQAForm" loaded.
INFO - 2020-11-19 11:56:11 --> Controller "App\Controllers\IIQAForm" loaded.
INFO - 2020-11-19 11:56:11 --> Fetching Document Details
INFO - 2020-11-19 11:56:11 --> Fetching Document Details
INFO - 2020-11-19 12:07:31 --> Controller "App\Controllers\State" loaded.
INFO - 2020-11-19 12:07:31 --> Controller "App\Controllers\IIQAForm" loaded.
INFO - 2020-11-19 12:07:31 --> Fetching IIQA Details
INFO - 2020-11-19 12:07:31 --> Fetching IIQA Details
INFO - 2020-11-19 12:07:31 --> Controller "App\Controllers\University" loaded.
INFO - 2020-11-19 12:07:31 --> Fetching IIQA Details
INFO - 2020-11-19 12:07:31 --> Controller "App\Controllers\CommonFetch" loaded.
INFO - 2020-11-19 12:07:31 --> Fetching IIQA Details
INFO - 2020-11-19 12:07:31 --> Controller "App\Controllers\CommonFetch" loaded.
INFO - 2020-11-19 12:07:31 --> Fetching Title Details
INFO - 2020-11-19 12:07:31 --> Controller "App\Controllers\CommonFetch" loaded.
INFO - 2020-11-19 12:07:31 --> Fetching Title Details
INFO - 2020-11-19 12:07:31 --> Controller "App\Controllers\IIQAForm" loaded.
INFO - 2020-11-19 12:07:31 --> Controller "App\Controllers\IIQAForm" loaded.
INFO - 2020-11-19 12:07:31 --> Fetching Document Details
INFO - 2020-11-19 12:07:31 --> Fetching Document Details
INFO - 2020-11-19 12:13:11 --> Controller "App\Controllers\University" loaded.
INFO - 2020-11-19 12:13:11 --> Controller "App\Controllers\IIQAForm" loaded.
INFO - 2020-11-19 12:13:11 --> Fetching IIQA Details
INFO - 2020-11-19 12:13:11 --> Fetching IIQA Details
INFO - 2020-11-19 12:13:11 --> Controller "App\Controllers\CommonFetch" loaded.
INFO - 2020-11-19 12:13:11 --> Controller "App\Controllers\CommonFetch" loaded.
INFO - 2020-11-19 12:13:11 --> Controller "App\Controllers\State" loaded.
INFO - 2020-11-19 12:13:11 --> Controller "App\Controllers\CommonFetch" loaded.
INFO - 2020-11-19 12:13:11 --> Fetching Title Details
INFO - 2020-11-19 12:13:11 --> Fetching IIQA Details
INFO - 2020-11-19 12:13:11 --> Fetching Title Details
INFO - 2020-11-19 12:13:11 --> Fetching IIQA Details
INFO - 2020-11-19 12:13:12 --> Controller "App\Controllers\IIQAForm" loaded.
INFO - 2020-11-19 12:13:12 --> Fetching Document Details
INFO - 2020-11-19 12:13:12 --> Controller "App\Controllers\IIQAForm" loaded.
INFO - 2020-11-19 12:13:12 --> Fetching Document Details
INFO - 2020-11-19 12:15:54 --> Controller "App\Controllers\IIQAForm" loaded.
INFO - 2020-11-19 12:15:54 --> Controller "App\Controllers\State" loaded.
INFO - 2020-11-19 12:15:54 --> Fetching IIQA Details
INFO - 2020-11-19 12:15:54 --> Fetching IIQA Details
INFO - 2020-11-19 12:15:54 --> Controller "App\Controllers\CommonFetch" loaded.
INFO - 2020-11-19 12:15:54 --> Controller "App\Controllers\CommonFetch" loaded.
INFO - 2020-11-19 12:15:54 --> Fetching IIQA Details
INFO - 2020-11-19 12:15:54 --> Fetching Title Details
INFO - 2020-11-19 12:15:54 --> Controller "App\Controllers\University" loaded.
INFO - 2020-11-19 12:15:54 --> Fetching IIQA Details
INFO - 2020-11-19 12:15:54 --> Controller "App\Controllers\CommonFetch" loaded.
INFO - 2020-11-19 12:15:54 --> Fetching Title Details
INFO - 2020-11-19 12:15:54 --> Controller "App\Controllers\IIQAForm" loaded.
INFO - 2020-11-19 12:15:54 --> Fetching Document Details
INFO - 2020-11-19 12:15:54 --> Controller "App\Controllers\IIQAForm" loaded.
INFO - 2020-11-19 12:15:54 --> Fetching Document Details
INFO - 2020-11-19 12:18:09 --> Controller "App\Controllers\University" loaded.
INFO - 2020-11-19 12:18:09 --> Controller "App\Controllers\IIQAForm" loaded.
INFO - 2020-11-19 12:18:09 --> Fetching IIQA Details
INFO - 2020-11-19 12:18:09 --> Controller "App\Controllers\State" loaded.
INFO - 2020-11-19 12:18:09 --> Fetching IIQA Details
INFO - 2020-11-19 12:18:09 --> Fetching IIQA Details
INFO - 2020-11-19 12:18:09 --> Controller "App\Controllers\CommonFetch" loaded.
INFO - 2020-11-19 12:18:09 --> Controller "App\Controllers\CommonFetch" loaded.
INFO - 2020-11-19 12:18:09 --> Fetching Title Details
INFO - 2020-11-19 12:18:09 --> Fetching IIQA Details
INFO - 2020-11-19 12:18:09 --> Controller "App\Controllers\CommonFetch" loaded.
INFO - 2020-11-19 12:18:09 --> Fetching Title Details
INFO - 2020-11-19 12:18:09 --> Controller "App\Controllers\IIQAForm" loaded.
INFO - 2020-11-19 12:18:09 --> Fetching Document Details
INFO - 2020-11-19 12:18:09 --> Controller "App\Controllers\IIQAForm" loaded.
INFO - 2020-11-19 12:18:09 --> Fetching Document Details
INFO - 2020-11-19 12:19:39 --> Controller "App\Controllers\CommonFetch" loaded.
INFO - 2020-11-19 12:19:39 --> Controller "App\Controllers\CommonFetch" loaded.
INFO - 2020-11-19 12:19:39 --> Controller "App\Controllers\IIQAForm" loaded.
INFO - 2020-11-19 12:19:39 --> Controller "App\Controllers\State" loaded.
INFO - 2020-11-19 12:19:39 --> Controller "App\Controllers\University" loaded.
INFO - 2020-11-19 12:19:39 --> Fetching Title Details
INFO - 2020-11-19 12:19:39 --> Fetching IIQA Details
INFO - 2020-11-19 12:19:39 --> Fetching IIQA Details
INFO - 2020-11-19 12:19:39 --> Fetching IIQA Details
INFO - 2020-11-19 12:19:39 --> Fetching IIQA Details
INFO - 2020-11-19 12:19:39 --> Controller "App\Controllers\CommonFetch" loaded.
INFO - 2020-11-19 12:19:39 --> Fetching Title Details
INFO - 2020-11-19 12:19:39 --> Controller "App\Controllers\IIQAForm" loaded.
INFO - 2020-11-19 12:19:39 --> Fetching Document Details
INFO - 2020-11-19 12:19:39 --> Controller "App\Controllers\IIQAForm" loaded.
INFO - 2020-11-19 12:19:39 --> Fetching Document Details
INFO - 2020-11-19 12:28:56 --> Controller "App\Controllers\IIQAForm" loaded.
INFO - 2020-11-19 12:28:56 --> Controller "App\Controllers\CommonFetch" loaded.
INFO - 2020-11-19 12:28:56 --> Controller "App\Controllers\State" loaded.
INFO - 2020-11-19 12:28:56 --> Controller "App\Controllers\CommonFetch" loaded.
INFO - 2020-11-19 12:28:56 --> Controller "App\Controllers\CommonFetch" loaded.
INFO - 2020-11-19 12:28:56 --> Controller "App\Controllers\University" loaded.
INFO - 2020-11-19 12:28:56 --> Fetching Title Details
INFO - 2020-11-19 12:28:56 --> Fetching IIQA Details
INFO - 2020-11-19 12:28:56 --> Fetching IIQA Details
INFO - 2020-11-19 12:28:56 --> Fetching Title Details
INFO - 2020-11-19 12:28:56 --> Fetching IIQA Details
INFO - 2020-11-19 12:28:56 --> Fetching IIQA Details
INFO - 2020-11-19 12:28:56 --> Controller "App\Controllers\IIQAForm" loaded.
INFO - 2020-11-19 12:28:56 --> Fetching Document Details
INFO - 2020-11-19 12:28:56 --> Controller "App\Controllers\IIQAForm" loaded.
INFO - 2020-11-19 12:28:56 --> Fetching Document Details
INFO - 2020-11-19 12:32:08 --> Controller "App\Controllers\IIQAForm" loaded.
INFO - 2020-11-19 12:32:08 --> Controller "App\Controllers\State" loaded.
INFO - 2020-11-19 12:32:08 --> Fetching IIQA Details
INFO - 2020-11-19 12:32:08 --> Fetching IIQA Details
INFO - 2020-11-19 12:32:08 --> Controller "App\Controllers\University" loaded.
INFO - 2020-11-19 12:32:08 --> Controller "App\Controllers\CommonFetch" loaded.
INFO - 2020-11-19 12:32:08 --> Fetching IIQA Details
INFO - 2020-11-19 12:32:08 --> Fetching IIQA Details
INFO - 2020-11-19 12:32:08 --> Controller "App\Controllers\CommonFetch" loaded.
INFO - 2020-11-19 12:32:08 --> Fetching Title Details
INFO - 2020-11-19 12:32:08 --> Controller "App\Controllers\CommonFetch" loaded.
INFO - 2020-11-19 12:32:08 --> Fetching Title Details
INFO - 2020-11-19 12:32:08 --> Controller "App\Controllers\IIQAForm" loaded.
INFO - 2020-11-19 12:32:08 --> Controller "App\Controllers\IIQAForm" loaded.
INFO - 2020-11-19 12:32:08 --> Fetching Document Details
INFO - 2020-11-19 12:32:08 --> Fetching Document Details
INFO - 2020-11-19 12:37:31 --> Controller "App\Controllers\IIQAForm" loaded.
INFO - 2020-11-19 12:37:31 --> Controller "App\Controllers\State" loaded.
INFO - 2020-11-19 12:37:31 --> Controller "App\Controllers\CommonFetch" loaded.
INFO - 2020-11-19 12:37:31 --> Controller "App\Controllers\University" loaded.
INFO - 2020-11-19 12:37:31 --> Controller "App\Controllers\CommonFetch" loaded.
INFO - 2020-11-19 12:37:31 --> Fetching IIQA Details
INFO - 2020-11-19 12:37:31 --> Fetching Title Details
INFO - 2020-11-19 12:37:31 --> Fetching IIQA Details
INFO - 2020-11-19 12:37:31 --> Fetching IIQA Details
INFO - 2020-11-19 12:37:31 --> Fetching IIQA Details
INFO - 2020-11-19 12:37:31 --> Controller "App\Controllers\CommonFetch" loaded.
INFO - 2020-11-19 12:37:31 --> Fetching Title Details
INFO - 2020-11-19 12:37:31 --> Controller "App\Controllers\IIQAForm" loaded.
INFO - 2020-11-19 12:37:31 --> Fetching Document Details
INFO - 2020-11-19 12:37:31 --> Controller "App\Controllers\IIQAForm" loaded.
INFO - 2020-11-19 12:37:31 --> Fetching Document Details
INFO - 2020-11-19 15:26:46 --> Controller "App\Controllers\State" loaded.
INFO - 2020-11-19 15:26:46 --> Controller "App\Controllers\IIQAForm" loaded.
INFO - 2020-11-19 15:26:46 --> Fetching IIQA Details
INFO - 2020-11-19 15:26:46 --> Fetching IIQA Details
INFO - 2020-11-19 15:26:46 --> Controller "App\Controllers\CommonFetch" loaded.
INFO - 2020-11-19 15:26:46 --> Fetching IIQA Details
INFO - 2020-11-19 15:26:46 --> Controller "App\Controllers\University" loaded.
INFO - 2020-11-19 15:26:46 --> Controller "App\Controllers\CommonFetch" loaded.
INFO - 2020-11-19 15:26:46 --> Controller "App\Controllers\CommonFetch" loaded.
INFO - 2020-11-19 15:26:46 --> Fetching Title Details
INFO - 2020-11-19 15:26:46 --> Fetching Title Details
INFO - 2020-11-19 15:26:46 --> Fetching IIQA Details
INFO - 2020-11-19 15:26:46 --> Controller "App\Controllers\IIQAForm" loaded.
INFO - 2020-11-19 15:26:46 --> Fetching Document Details
INFO - 2020-11-19 15:26:46 --> Controller "App\Controllers\IIQAForm" loaded.
INFO - 2020-11-19 15:26:46 --> Fetching Document Details
INFO - 2020-11-19 15:27:21 --> Controller "App\Controllers\IIQAForm" loaded.
INFO - 2020-11-19 15:27:21 --> Controller "App\Controllers\State" loaded.
INFO - 2020-11-19 15:27:21 --> Fetching IIQA Details
INFO - 2020-11-19 15:27:21 --> Fetching IIQA Details
INFO - 2020-11-19 15:27:22 --> Controller "App\Controllers\University" loaded.
INFO - 2020-11-19 15:27:22 --> Fetching IIQA Details
INFO - 2020-11-19 15:27:22 --> Controller "App\Controllers\CommonFetch" loaded.
INFO - 2020-11-19 15:27:22 --> Controller "App\Controllers\CommonFetch" loaded.
INFO - 2020-11-19 15:27:22 --> Controller "App\Controllers\CommonFetch" loaded.
INFO - 2020-11-19 15:27:22 --> Fetching Title Details
INFO - 2020-11-19 15:27:22 --> Fetching Title Details
INFO - 2020-11-19 15:27:22 --> Fetching IIQA Details
INFO - 2020-11-19 15:27:22 --> Controller "App\Controllers\IIQAForm" loaded.
INFO - 2020-11-19 15:27:22 --> Fetching Document Details
INFO - 2020-11-19 15:27:22 --> Controller "App\Controllers\IIQAForm" loaded.
INFO - 2020-11-19 15:27:22 --> Fetching Document Details
INFO - 2020-11-19 15:32:10 --> Controller "App\Controllers\IIQAForm" loaded.
INFO - 2020-11-19 15:32:10 --> Controller "App\Controllers\State" loaded.
INFO - 2020-11-19 15:32:10 --> Controller "App\Controllers\University" loaded.
INFO - 2020-11-19 15:32:10 --> Fetching IIQA Details
INFO - 2020-11-19 15:32:10 --> Fetching IIQA Details
INFO - 2020-11-19 15:32:10 --> Fetching IIQA Details
INFO - 2020-11-19 15:32:10 --> Controller "App\Controllers\CommonFetch" loaded.
INFO - 2020-11-19 15:32:10 --> Controller "App\Controllers\CommonFetch" loaded.
INFO - 2020-11-19 15:32:10 --> Controller "App\Controllers\CommonFetch" loaded.
INFO - 2020-11-19 15:32:10 --> Fetching Title Details
INFO - 2020-11-19 15:32:10 --> Fetching Title Details
INFO - 2020-11-19 15:32:10 --> Fetching IIQA Details
INFO - 2020-11-19 15:32:10 --> Controller "App\Controllers\IIQAForm" loaded.
INFO - 2020-11-19 15:32:10 --> Controller "App\Controllers\IIQAForm" loaded.
INFO - 2020-11-19 15:32:10 --> Fetching Document Details
INFO - 2020-11-19 15:32:10 --> Fetching Document Details
INFO - 2020-11-19 15:47:37 --> Controller "App\Controllers\IIQAForm" loaded.
INFO - 2020-11-19 15:47:37 --> Fetching IIQA Details
INFO - 2020-11-19 15:47:37 --> Controller "App\Controllers\State" loaded.
INFO - 2020-11-19 15:47:37 --> Fetching IIQA Details
INFO - 2020-11-19 15:47:37 --> Controller "App\Controllers\University" loaded.
INFO - 2020-11-19 15:47:37 --> Fetching IIQA Details
INFO - 2020-11-19 15:47:37 --> Controller "App\Controllers\CommonFetch" loaded.
INFO - 2020-11-19 15:47:37 --> Fetching IIQA Details
INFO - 2020-11-19 15:47:37 --> Controller "App\Controllers\CommonFetch" loaded.
INFO - 2020-11-19 15:47:37 --> Fetching Title Details
INFO - 2020-11-19 15:47:37 --> Controller "App\Controllers\CommonFetch" loaded.
INFO - 2020-11-19 15:47:37 --> Fetching Title Details
INFO - 2020-11-19 15:47:37 --> Controller "App\Controllers\IIQAForm" loaded.
INFO - 2020-11-19 15:47:37 --> Fetching Document Details
INFO - 2020-11-19 15:47:37 --> Controller "App\Controllers\IIQAForm" loaded.
INFO - 2020-11-19 15:47:37 --> Fetching Document Details
INFO - 2020-11-19 15:48:13 --> Controller "App\Controllers\IIQAForm" loaded.
INFO - 2020-11-19 15:48:13 --> Controller "App\Controllers\CommonFetch" loaded.
INFO - 2020-11-19 15:48:13 --> Controller "App\Controllers\University" loaded.
INFO - 2020-11-19 15:48:13 --> Fetching IIQA Details
INFO - 2020-11-19 15:48:13 --> Controller "App\Controllers\State" loaded.
INFO - 2020-11-19 15:48:13 --> Fetching IIQA Details
INFO - 2020-11-19 15:48:13 --> Fetching IIQA Details
INFO - 2020-11-19 15:48:13 --> Fetching IIQA Details
INFO - 2020-11-19 15:48:13 --> Controller "App\Controllers\CommonFetch" loaded.
INFO - 2020-11-19 15:48:13 --> Fetching Title Details
INFO - 2020-11-19 15:48:13 --> Controller "App\Controllers\CommonFetch" loaded.
INFO - 2020-11-19 15:48:13 --> Fetching Title Details
INFO - 2020-11-19 15:48:13 --> Controller "App\Controllers\IIQAForm" loaded.
INFO - 2020-11-19 15:48:13 --> Controller "App\Controllers\IIQAForm" loaded.
INFO - 2020-11-19 15:48:13 --> Fetching Document Details
INFO - 2020-11-19 15:48:13 --> Fetching Document Details
INFO - 2020-11-19 15:49:04 --> Controller "App\Controllers\IIQAForm" loaded.
INFO - 2020-11-19 15:49:04 --> Controller "App\Controllers\University" loaded.
INFO - 2020-11-19 15:49:04 --> Controller "App\Controllers\State" loaded.
INFO - 2020-11-19 15:49:04 --> Fetching IIQA Details
INFO - 2020-11-19 15:49:04 --> Fetching IIQA Details
INFO - 2020-11-19 15:49:04 --> Fetching IIQA Details
INFO - 2020-11-19 15:49:04 --> Controller "App\Controllers\CommonFetch" loaded.
INFO - 2020-11-19 15:49:04 --> Controller "App\Controllers\CommonFetch" loaded.
INFO - 2020-11-19 15:49:04 --> Fetching Title Details
INFO - 2020-11-19 15:49:04 --> Fetching IIQA Details
INFO - 2020-11-19 15:49:04 --> Controller "App\Controllers\CommonFetch" loaded.
INFO - 2020-11-19 15:49:04 --> Fetching Title Details
INFO - 2020-11-19 15:49:04 --> Controller "App\Controllers\IIQAForm" loaded.
INFO - 2020-11-19 15:49:04 --> Fetching Document Details
INFO - 2020-11-19 15:49:04 --> Controller "App\Controllers\IIQAForm" loaded.
INFO - 2020-11-19 15:49:04 --> Fetching Document Details
INFO - 2020-11-19 15:50:19 --> Controller "App\Controllers\IIQAForm" loaded.
INFO - 2020-11-19 15:50:19 --> Fetching IIQA Details
INFO - 2020-11-19 15:50:20 --> Controller "App\Controllers\State" loaded.
INFO - 2020-11-19 15:50:20 --> Fetching IIQA Details
INFO - 2020-11-19 15:50:20 --> Controller "App\Controllers\University" loaded.
INFO - 2020-11-19 15:50:20 --> Controller "App\Controllers\CommonFetch" loaded.
INFO - 2020-11-19 15:50:20 --> Controller "App\Controllers\CommonFetch" loaded.
INFO - 2020-11-19 15:50:20 --> Fetching Title Details
INFO - 2020-11-19 15:50:20 --> Fetching IIQA Details
INFO - 2020-11-19 15:50:20 --> Controller "App\Controllers\CommonFetch" loaded.
INFO - 2020-11-19 15:50:20 --> Fetching Title Details
INFO - 2020-11-19 15:50:20 --> Fetching IIQA Details
INFO - 2020-11-19 15:50:20 --> Controller "App\Controllers\IIQAForm" loaded.
INFO - 2020-11-19 15:50:20 --> Fetching Document Details
INFO - 2020-11-19 15:50:20 --> Controller "App\Controllers\IIQAForm" loaded.
INFO - 2020-11-19 15:50:20 --> Fetching Document Details
INFO - 2020-11-19 15:51:38 --> Controller "App\Controllers\IIQAForm" loaded.
INFO - 2020-11-19 15:51:38 --> Controller "App\Controllers\University" loaded.
INFO - 2020-11-19 15:51:38 --> Controller "App\Controllers\CommonFetch" loaded.
INFO - 2020-11-19 15:51:38 --> Controller "App\Controllers\CommonFetch" loaded.
INFO - 2020-11-19 15:51:38 --> Fetching Title Details
INFO - 2020-11-19 15:51:38 --> Controller "App\Controllers\CommonFetch" loaded.
INFO - 2020-11-19 15:51:38 --> Fetching IIQA Details
INFO - 2020-11-19 15:51:38 --> Controller "App\Controllers\State" loaded.
INFO - 2020-11-19 15:51:38 --> Fetching IIQA Details
INFO - 2020-11-19 15:51:38 --> Fetching IIQA Details
INFO - 2020-11-19 15:51:38 --> Fetching IIQA Details
INFO - 2020-11-19 15:51:38 --> Fetching Title Details
INFO - 2020-11-19 15:51:38 --> Controller "App\Controllers\IIQAForm" loaded.
INFO - 2020-11-19 15:51:38 --> Fetching Document Details
INFO - 2020-11-19 15:51:38 --> Controller "App\Controllers\IIQAForm" loaded.
INFO - 2020-11-19 15:51:38 --> Fetching Document Details
INFO - 2020-11-19 17:11:54 --> Controller "App\Controllers\IIQAForm" loaded.
INFO - 2020-11-19 17:11:54 --> Fetching IIQA Details
INFO - 2020-11-19 17:11:54 --> Controller "App\Controllers\State" loaded.
INFO - 2020-11-19 17:11:54 --> Controller "App\Controllers\CommonFetch" loaded.
INFO - 2020-11-19 17:11:54 --> Fetching Title Details
INFO - 2020-11-19 17:11:54 --> Controller "App\Controllers\CommonFetch" loaded.
INFO - 2020-11-19 17:11:54 --> Controller "App\Controllers\University" loaded.
INFO - 2020-11-19 17:11:54 --> Fetching IIQA Details
INFO - 2020-11-19 17:11:54 --> Fetching IIQA Details
INFO - 2020-11-19 17:11:54 --> Fetching IIQA Details
INFO - 2020-11-19 17:11:54 --> Controller "App\Controllers\CommonFetch" loaded.
INFO - 2020-11-19 17:11:54 --> Fetching Title Details
INFO - 2020-11-19 17:11:54 --> Controller "App\Controllers\IIQAForm" loaded.
INFO - 2020-11-19 17:11:54 --> Fetching Document Details
INFO - 2020-11-19 17:11:54 --> Controller "App\Controllers\IIQAForm" loaded.
INFO - 2020-11-19 17:11:54 --> Fetching Document Details
INFO - 2020-11-19 17:13:43 --> Controller "App\Controllers\IIQAForm" loaded.
INFO - 2020-11-19 17:13:43 --> Controller "App\Controllers\State" loaded.
INFO - 2020-11-19 17:13:43 --> Controller "App\Controllers\University" loaded.
INFO - 2020-11-19 17:13:43 --> Fetching IIQA Details
INFO - 2020-11-19 17:13:43 --> Fetching IIQA Details
INFO - 2020-11-19 17:13:43 --> Fetching IIQA Details
INFO - 2020-11-19 17:13:43 --> Controller "App\Controllers\CommonFetch" loaded.
INFO - 2020-11-19 17:13:43 --> Fetching IIQA Details
INFO - 2020-11-19 17:13:43 --> Controller "App\Controllers\CommonFetch" loaded.
INFO - 2020-11-19 17:13:43 --> Controller "App\Controllers\CommonFetch" loaded.
INFO - 2020-11-19 17:13:43 --> Fetching Title Details
INFO - 2020-11-19 17:13:43 --> Fetching Title Details
INFO - 2020-11-19 17:13:43 --> Controller "App\Controllers\IIQAForm" loaded.
INFO - 2020-11-19 17:13:43 --> Controller "App\Controllers\IIQAForm" loaded.
INFO - 2020-11-19 17:13:43 --> Fetching Document Details
INFO - 2020-11-19 17:13:43 --> Fetching Document Details
INFO - 2020-11-19 17:16:23 --> Controller "App\Controllers\IIQAForm" loaded.
INFO - 2020-11-19 17:16:23 --> Fetching IIQA Details
INFO - 2020-11-19 17:16:23 --> Controller "App\Controllers\State" loaded.
INFO - 2020-11-19 17:16:23 --> Fetching IIQA Details
INFO - 2020-11-19 17:16:23 --> Controller "App\Controllers\University" loaded.
INFO - 2020-11-19 17:16:23 --> Controller "App\Controllers\CommonFetch" loaded.
INFO - 2020-11-19 17:16:23 --> Fetching Title Details
INFO - 2020-11-19 17:16:23 --> Controller "App\Controllers\CommonFetch" loaded.
INFO - 2020-11-19 17:16:23 --> Controller "App\Controllers\CommonFetch" loaded.
INFO - 2020-11-19 17:16:23 --> Fetching Title Details
INFO - 2020-11-19 17:16:23 --> Fetching IIQA Details
INFO - 2020-11-19 17:16:23 --> Fetching IIQA Details
INFO - 2020-11-19 17:16:23 --> Controller "App\Controllers\IIQAForm" loaded.
INFO - 2020-11-19 17:16:23 --> Fetching Document Details
INFO - 2020-11-19 17:16:23 --> Controller "App\Controllers\IIQAForm" loaded.
INFO - 2020-11-19 17:16:23 --> Fetching Document Details
INFO - 2020-11-19 17:17:53 --> Controller "App\Controllers\IIQAForm" loaded.
INFO - 2020-11-19 17:17:53 --> Controller "App\Controllers\State" loaded.
INFO - 2020-11-19 17:17:53 --> Controller "App\Controllers\CommonFetch" loaded.
INFO - 2020-11-19 17:17:53 --> Controller "App\Controllers\CommonFetch" loaded.
INFO - 2020-11-19 17:17:53 --> Fetching Title Details
INFO - 2020-11-19 17:17:53 --> Fetching IIQA Details
INFO - 2020-11-19 17:17:53 --> Controller "App\Controllers\CommonFetch" loaded.
INFO - 2020-11-19 17:17:53 --> Fetching IIQA Details
INFO - 2020-11-19 17:17:53 --> Fetching Title Details
INFO - 2020-11-19 17:17:53 --> Fetching IIQA Details
INFO - 2020-11-19 17:17:53 --> Controller "App\Controllers\University" loaded.
INFO - 2020-11-19 17:17:53 --> Fetching IIQA Details
INFO - 2020-11-19 17:17:53 --> Controller "App\Controllers\IIQAForm" loaded.
INFO - 2020-11-19 17:17:53 --> Fetching Document Details
INFO - 2020-11-19 17:17:53 --> Controller "App\Controllers\IIQAForm" loaded.
INFO - 2020-11-19 17:17:53 --> Fetching Document Details
INFO - 2020-11-19 17:21:13 --> Controller "App\Controllers\IIQAForm" loaded.
INFO - 2020-11-19 17:21:13 --> Fetching IIQA Details
INFO - 2020-11-19 17:21:13 --> Controller "App\Controllers\State" loaded.
INFO - 2020-11-19 17:21:13 --> Controller "App\Controllers\University" loaded.
INFO - 2020-11-19 17:21:13 --> Fetching IIQA Details
INFO - 2020-11-19 17:21:13 --> Fetching IIQA Details
INFO - 2020-11-19 17:21:13 --> Controller "App\Controllers\CommonFetch" loaded.
INFO - 2020-11-19 17:21:13 --> Fetching IIQA Details
INFO - 2020-11-19 17:21:13 --> Controller "App\Controllers\CommonFetch" loaded.
INFO - 2020-11-19 17:21:13 --> Fetching Title Details
INFO - 2020-11-19 17:21:13 --> Controller "App\Controllers\CommonFetch" loaded.
INFO - 2020-11-19 17:21:13 --> Fetching Title Details
INFO - 2020-11-19 17:21:13 --> Controller "App\Controllers\IIQAForm" loaded.
INFO - 2020-11-19 17:21:13 --> Fetching Document Details
INFO - 2020-11-19 17:21:13 --> Controller "App\Controllers\IIQAForm" loaded.
INFO - 2020-11-19 17:21:13 --> Fetching Document Details
INFO - 2020-11-19 17:23:50 --> Controller "App\Controllers\State" loaded.
INFO - 2020-11-19 17:23:50 --> Controller "App\Controllers\IIQAForm" loaded.
INFO - 2020-11-19 17:23:50 --> Fetching IIQA Details
INFO - 2020-11-19 17:23:50 --> Fetching IIQA Details
INFO - 2020-11-19 17:23:50 --> Controller "App\Controllers\CommonFetch" loaded.
INFO - 2020-11-19 17:23:50 --> Controller "App\Controllers\University" loaded.
INFO - 2020-11-19 17:23:50 --> Controller "App\Controllers\CommonFetch" loaded.
INFO - 2020-11-19 17:23:50 --> Fetching Title Details
INFO - 2020-11-19 17:23:50 --> Fetching IIQA Details
INFO - 2020-11-19 17:23:50 --> Controller "App\Controllers\CommonFetch" loaded.
INFO - 2020-11-19 17:23:50 --> Fetching IIQA Details
INFO - 2020-11-19 17:23:50 --> Fetching Title Details
INFO - 2020-11-19 17:23:50 --> Controller "App\Controllers\IIQAForm" loaded.
INFO - 2020-11-19 17:23:50 --> Controller "App\Controllers\IIQAForm" loaded.
INFO - 2020-11-19 17:23:50 --> Fetching Document Details
INFO - 2020-11-19 17:23:50 --> Fetching Document Details
INFO - 2020-11-19 17:25:35 --> Controller "App\Controllers\IIQAForm" loaded.
INFO - 2020-11-19 17:25:35 --> Controller "App\Controllers\University" loaded.
INFO - 2020-11-19 17:25:35 --> Fetching IIQA Details
INFO - 2020-11-19 17:25:35 --> Fetching IIQA Details
INFO - 2020-11-19 17:25:35 --> Controller "App\Controllers\State" loaded.
INFO - 2020-11-19 17:25:35 --> Fetching IIQA Details
INFO - 2020-11-19 17:25:35 --> Controller "App\Controllers\CommonFetch" loaded.
INFO - 2020-11-19 17:25:35 --> Controller "App\Controllers\CommonFetch" loaded.
INFO - 2020-11-19 17:25:35 --> Fetching Title Details
INFO - 2020-11-19 17:25:35 --> Fetching IIQA Details
INFO - 2020-11-19 17:25:35 --> Controller "App\Controllers\CommonFetch" loaded.
INFO - 2020-11-19 17:25:35 --> Fetching Title Details
INFO - 2020-11-19 17:25:35 --> Controller "App\Controllers\IIQAForm" loaded.
INFO - 2020-11-19 17:25:35 --> Fetching Document Details
INFO - 2020-11-19 17:25:35 --> Controller "App\Controllers\IIQAForm" loaded.
INFO - 2020-11-19 17:25:35 --> Fetching Document Details
INFO - 2020-11-19 17:27:21 --> Controller "App\Controllers\IIQAForm" loaded.
INFO - 2020-11-19 17:27:21 --> Fetching IIQA Details
INFO - 2020-11-19 17:27:21 --> Controller "App\Controllers\State" loaded.
INFO - 2020-11-19 17:27:21 --> Fetching IIQA Details
INFO - 2020-11-19 17:27:21 --> Controller "App\Controllers\University" loaded.
INFO - 2020-11-19 17:27:21 --> Controller "App\Controllers\CommonFetch" loaded.
INFO - 2020-11-19 17:27:21 --> Fetching IIQA Details
INFO - 2020-11-19 17:27:21 --> Fetching IIQA Details
INFO - 2020-11-19 17:27:21 --> Controller "App\Controllers\CommonFetch" loaded.
INFO - 2020-11-19 17:27:21 --> Fetching Title Details
INFO - 2020-11-19 17:27:21 --> Controller "App\Controllers\CommonFetch" loaded.
INFO - 2020-11-19 17:27:21 --> Fetching Title Details
INFO - 2020-11-19 17:27:21 --> Controller "App\Controllers\IIQAForm" loaded.
INFO - 2020-11-19 17:27:21 --> Controller "App\Controllers\IIQAForm" loaded.
INFO - 2020-11-19 17:27:21 --> Fetching Document Details
INFO - 2020-11-19 17:27:21 --> Fetching Document Details
INFO - 2020-11-19 18:13:51 --> Controller "App\Controllers\CommonFetch" loaded.
INFO - 2020-11-19 18:13:51 --> Controller "App\Controllers\State" loaded.
INFO - 2020-11-19 18:13:51 --> Controller "App\Controllers\University" loaded.
INFO - 2020-11-19 18:13:51 --> Controller "App\Controllers\CommonFetch" loaded.
INFO - 2020-11-19 18:13:51 --> Fetching IIQA Details
INFO - 2020-11-19 18:13:51 --> Fetching IIQA Details
INFO - 2020-11-19 18:13:51 --> Controller "App\Controllers\IIQAForm" loaded.
INFO - 2020-11-19 18:13:51 --> Fetching IIQA Details
INFO - 2020-11-19 18:13:51 --> Fetching Title Details
INFO - 2020-11-19 18:13:51 --> Fetching IIQA Details
INFO - 2020-11-19 18:13:51 --> Controller "App\Controllers\CommonFetch" loaded.
INFO - 2020-11-19 18:13:51 --> Fetching Title Details
INFO - 2020-11-19 18:13:51 --> Controller "App\Controllers\IIQAForm" loaded.
INFO - 2020-11-19 18:13:51 --> Controller "App\Controllers\IIQAForm" loaded.
INFO - 2020-11-19 18:13:51 --> Fetching Document Details
INFO - 2020-11-19 18:13:51 --> Fetching Document Details
INFO - 2020-11-19 18:16:01 --> Controller "App\Controllers\UserMenus" loaded.
INFO - 2020-11-19 18:16:01 --> Fetching UserMenu details
INFO - 2020-11-19 18:16:01 --> Controller "App\Controllers\UserMenus" loaded.
INFO - 2020-11-19 18:16:01 --> Fetching UserMenu details
INFO - 2020-11-19 18:16:03 --> Controller "App\Controllers\IIQAForm" loaded.
INFO - 2020-11-19 18:16:03 --> Fetching IIQA Details
INFO - 2020-11-19 18:16:03 --> Controller "App\Controllers\State" loaded.
INFO - 2020-11-19 18:16:03 --> Fetching IIQA Details
INFO - 2020-11-19 18:16:03 --> Controller "App\Controllers\University" loaded.
INFO - 2020-11-19 18:16:03 --> Controller "App\Controllers\CommonFetch" loaded.
INFO - 2020-11-19 18:16:03 --> Fetching Title Details
INFO - 2020-11-19 18:16:03 --> Fetching IIQA Details
INFO - 2020-11-19 18:16:03 --> Controller "App\Controllers\CommonFetch" loaded.
INFO - 2020-11-19 18:16:03 --> Fetching IIQA Details
INFO - 2020-11-19 18:16:03 --> Controller "App\Controllers\IIQAForm" loaded.
INFO - 2020-11-19 18:16:03 --> Fetching Document Details
INFO - 2020-11-19 18:16:03 --> Controller "App\Controllers\CommonFetch" loaded.
INFO - 2020-11-19 18:16:03 --> Fetching Title Details
INFO - 2020-11-19 18:16:03 --> Controller "App\Controllers\IIQAForm" loaded.
INFO - 2020-11-19 18:16:03 --> Fetching Document Details
INFO - 2020-11-19 18:16:05 --> Controller "App\Controllers\UserMenus" loaded.
INFO - 2020-11-19 18:16:05 --> Fetching UserMenu details
INFO - 2020-11-19 18:16:08 --> Controller "App\Controllers\UserMenus" loaded.
INFO - 2020-11-19 18:16:08 --> Fetching UserMenu details
INFO - 2020-11-19 18:16:10 --> Controller "App\Controllers\UserMenus" loaded.
INFO - 2020-11-19 18:16:10 --> Fetching UserMenu details
INFO - 2020-11-19 18:16:11 --> Controller "App\Controllers\UserMenus" loaded.
INFO - 2020-11-19 18:16:11 --> Fetching UserMenu details
INFO - 2020-11-19 18:16:12 --> Controller "App\Controllers\UserMenus" loaded.
INFO - 2020-11-19 18:16:12 --> Fetching UserMenu details
INFO - 2020-11-19 18:16:13 --> Controller "App\Controllers\IIQAForm" loaded.
INFO - 2020-11-19 18:16:13 --> Fetching IIQA Details
INFO - 2020-11-19 18:16:13 --> Controller "App\Controllers\CommonFetch" loaded.
INFO - 2020-11-19 18:16:13 --> Controller "App\Controllers\State" loaded.
INFO - 2020-11-19 18:16:13 --> Fetching IIQA Details
INFO - 2020-11-19 18:16:13 --> Controller "App\Controllers\CommonFetch" loaded.
INFO - 2020-11-19 18:16:13 --> Fetching IIQA Details
INFO - 2020-11-19 18:16:13 --> Fetching Title Details
INFO - 2020-11-19 18:16:13 --> Controller "App\Controllers\University" loaded.
INFO - 2020-11-19 18:16:13 --> Fetching IIQA Details
INFO - 2020-11-19 18:16:13 --> Controller "App\Controllers\IIQAForm" loaded.
INFO - 2020-11-19 18:16:13 --> Fetching Document Details
INFO - 2020-11-19 18:16:13 --> Controller "App\Controllers\CommonFetch" loaded.
INFO - 2020-11-19 18:16:13 --> Fetching Title Details
INFO - 2020-11-19 18:16:13 --> Controller "App\Controllers\IIQAForm" loaded.
INFO - 2020-11-19 18:16:13 --> Fetching Document Details
INFO - 2020-11-19 18:16:22 --> Controller "App\Controllers\IIQAForm" loaded.
INFO - 2020-11-19 18:16:22 --> Controller "App\Controllers\University" loaded.
INFO - 2020-11-19 18:16:22 --> Fetching IIQA Details
INFO - 2020-11-19 18:16:22 --> Controller "App\Controllers\State" loaded.
INFO - 2020-11-19 18:16:22 --> Controller "App\Controllers\CommonFetch" loaded.
INFO - 2020-11-19 18:16:22 --> Controller "App\Controllers\CommonFetch" loaded.
INFO - 2020-11-19 18:16:22 --> Fetching Title Details
INFO - 2020-11-19 18:16:22 --> Fetching IIQA Details
INFO - 2020-11-19 18:16:22 --> Controller "App\Controllers\CommonFetch" loaded.
INFO - 2020-11-19 18:16:22 --> Fetching IIQA Details
INFO - 2020-11-19 18:16:22 --> Fetching IIQA Details
INFO - 2020-11-19 18:16:22 --> Fetching Title Details
INFO - 2020-11-19 18:16:22 --> Controller "App\Controllers\IIQAForm" loaded.
INFO - 2020-11-19 18:16:22 --> Controller "App\Controllers\IIQAForm" loaded.
INFO - 2020-11-19 18:16:22 --> Fetching Document Details
INFO - 2020-11-19 18:16:22 --> Fetching Document Details
INFO - 2020-11-19 18:20:04 --> Controller "App\Controllers\IIQAForm" loaded.
INFO - 2020-11-19 18:20:04 --> Fetching IIQA Details
INFO - 2020-11-19 18:20:04 --> Controller "App\Controllers\State" loaded.
INFO - 2020-11-19 18:20:04 --> Controller "App\Controllers\University" loaded.
INFO - 2020-11-19 18:20:04 --> Fetching IIQA Details
INFO - 2020-11-19 18:20:04 --> Controller "App\Controllers\CommonFetch" loaded.
INFO - 2020-11-19 18:20:04 --> Controller "App\Controllers\CommonFetch" loaded.
INFO - 2020-11-19 18:20:04 --> Fetching IIQA Details
INFO - 2020-11-19 18:20:04 --> Fetching Title Details
INFO - 2020-11-19 18:20:04 --> Fetching IIQA Details
INFO - 2020-11-19 18:20:04 --> Controller "App\Controllers\CommonFetch" loaded.
INFO - 2020-11-19 18:20:04 --> Fetching Title Details
INFO - 2020-11-19 18:20:04 --> Controller "App\Controllers\IIQAForm" loaded.
INFO - 2020-11-19 18:20:04 --> Fetching Document Details
INFO - 2020-11-19 18:20:04 --> Controller "App\Controllers\IIQAForm" loaded.
INFO - 2020-11-19 18:20:04 --> Fetching Document Details
INFO - 2020-11-19 18:21:10 --> Controller "App\Controllers\State" loaded.
INFO - 2020-11-19 18:21:10 --> Fetching IIQA Details
INFO - 2020-11-19 18:21:10 --> Controller "App\Controllers\IIQAForm" loaded.
INFO - 2020-11-19 18:21:10 --> Controller "App\Controllers\University" loaded.
INFO - 2020-11-19 18:21:10 --> Fetching IIQA Details
INFO - 2020-11-19 18:21:10 --> Fetching IIQA Details
INFO - 2020-11-19 18:21:10 --> Controller "App\Controllers\CommonFetch" loaded.
INFO - 2020-11-19 18:21:10 --> Controller "App\Controllers\CommonFetch" loaded.
INFO - 2020-11-19 18:21:10 --> Fetching IIQA Details
INFO - 2020-11-19 18:21:10 --> Fetching Title Details
INFO - 2020-11-19 18:21:10 --> Controller "App\Controllers\CommonFetch" loaded.
INFO - 2020-11-19 18:21:10 --> Fetching Title Details
INFO - 2020-11-19 18:21:11 --> Controller "App\Controllers\IIQAForm" loaded.
INFO - 2020-11-19 18:21:11 --> Controller "App\Controllers\IIQAForm" loaded.
INFO - 2020-11-19 18:21:11 --> Fetching Document Details
INFO - 2020-11-19 18:21:11 --> Fetching Document Details
INFO - 2020-11-19 18:22:47 --> Controller "App\Controllers\State" loaded.
INFO - 2020-11-19 18:22:47 --> Fetching IIQA Details
INFO - 2020-11-19 18:22:47 --> Controller "App\Controllers\University" loaded.
INFO - 2020-11-19 18:22:47 --> Controller "App\Controllers\IIQAForm" loaded.
INFO - 2020-11-19 18:22:47 --> Fetching IIQA Details
INFO - 2020-11-19 18:22:47 --> Fetching IIQA Details
INFO - 2020-11-19 18:22:47 --> Controller "App\Controllers\CommonFetch" loaded.
INFO - 2020-11-19 18:22:47 --> Controller "App\Controllers\CommonFetch" loaded.
INFO - 2020-11-19 18:22:47 --> Fetching Title Details
INFO - 2020-11-19 18:22:47 --> Fetching Title Details
INFO - 2020-11-19 18:22:47 --> Controller "App\Controllers\CommonFetch" loaded.
INFO - 2020-11-19 18:22:47 --> Fetching IIQA Details
INFO - 2020-11-19 18:22:47 --> Controller "App\Controllers\IIQAForm" loaded.
INFO - 2020-11-19 18:22:47 --> Fetching Document Details
INFO - 2020-11-19 18:22:47 --> Controller "App\Controllers\IIQAForm" loaded.
INFO - 2020-11-19 18:22:47 --> Fetching Document Details
INFO - 2020-11-19 18:26:02 --> Controller "App\Controllers\IIQAForm" loaded.
INFO - 2020-11-19 18:26:02 --> Fetching IIQA Details
INFO - 2020-11-19 18:26:02 --> Controller "App\Controllers\CommonFetch" loaded.
INFO - 2020-11-19 18:26:02 --> Controller "App\Controllers\University" loaded.
INFO - 2020-11-19 18:26:02 --> Fetching Title Details
INFO - 2020-11-19 18:26:02 --> Controller "App\Controllers\State" loaded.
INFO - 2020-11-19 18:26:02 --> Controller "App\Controllers\CommonFetch" loaded.
INFO - 2020-11-19 18:26:02 --> Fetching IIQA Details
INFO - 2020-11-19 18:26:02 --> Fetching Title Details
INFO - 2020-11-19 18:26:02 --> Fetching IIQA Details
INFO - 2020-11-19 18:26:02 --> Controller "App\Controllers\CommonFetch" loaded.
INFO - 2020-11-19 18:26:02 --> Fetching IIQA Details
INFO - 2020-11-19 18:26:02 --> Controller "App\Controllers\IIQAForm" loaded.
INFO - 2020-11-19 18:26:02 --> Fetching Document Details
INFO - 2020-11-19 18:26:02 --> Controller "App\Controllers\IIQAForm" loaded.
INFO - 2020-11-19 18:26:02 --> Fetching Document Details
INFO - 2020-11-19 18:27:03 --> Controller "App\Controllers\IIQAForm" loaded.
INFO - 2020-11-19 18:27:03 --> Fetching IIQA Details
INFO - 2020-11-19 18:27:03 --> Controller "App\Controllers\State" loaded.
INFO - 2020-11-19 18:27:03 --> Fetching IIQA Details
INFO - 2020-11-19 18:27:03 --> Controller "App\Controllers\University" loaded.
INFO - 2020-11-19 18:27:03 --> Controller "App\Controllers\CommonFetch" loaded.
INFO - 2020-11-19 18:27:03 --> Fetching IIQA Details
INFO - 2020-11-19 18:27:03 --> Controller "App\Controllers\CommonFetch" loaded.
INFO - 2020-11-19 18:27:03 --> Fetching Title Details
INFO - 2020-11-19 18:27:03 --> Fetching Title Details
INFO - 2020-11-19 18:27:03 --> Controller "App\Controllers\CommonFetch" loaded.
INFO - 2020-11-19 18:27:03 --> Fetching IIQA Details
INFO - 2020-11-19 18:27:03 --> Controller "App\Controllers\IIQAForm" loaded.
INFO - 2020-11-19 18:27:03 --> Fetching Document Details
INFO - 2020-11-19 18:27:03 --> Controller "App\Controllers\IIQAForm" loaded.
INFO - 2020-11-19 18:27:03 --> Fetching Document Details
INFO - 2020-11-19 18:28:36 --> Controller "App\Controllers\State" loaded.
INFO - 2020-11-19 18:28:36 --> Controller "App\Controllers\IIQAForm" loaded.
INFO - 2020-11-19 18:28:36 --> Fetching IIQA Details
INFO - 2020-11-19 18:28:36 --> Fetching IIQA Details
INFO - 2020-11-19 18:28:36 --> Controller "App\Controllers\University" loaded.
INFO - 2020-11-19 18:28:36 --> Controller "App\Controllers\CommonFetch" loaded.
INFO - 2020-11-19 18:28:36 --> Fetching Title Details
INFO - 2020-11-19 18:28:36 --> Controller "App\Controllers\CommonFetch" loaded.
INFO - 2020-11-19 18:28:36 --> Controller "App\Controllers\CommonFetch" loaded.
INFO - 2020-11-19 18:28:36 --> Fetching IIQA Details
INFO - 2020-11-19 18:28:36 --> Fetching Title Details
INFO - 2020-11-19 18:28:36 --> Fetching IIQA Details
INFO - 2020-11-19 18:28:36 --> Controller "App\Controllers\IIQAForm" loaded.
INFO - 2020-11-19 18:28:36 --> Controller "App\Controllers\IIQAForm" loaded.
INFO - 2020-11-19 18:28:36 --> Fetching Document Details
INFO - 2020-11-19 18:28:36 --> Fetching Document Details
INFO - 2020-11-19 18:29:42 --> Controller "App\Controllers\University" loaded.
INFO - 2020-11-19 18:29:42 --> Controller "App\Controllers\State" loaded.
INFO - 2020-11-19 18:29:42 --> Fetching IIQA Details
INFO - 2020-11-19 18:29:42 --> Fetching IIQA Details
INFO - 2020-11-19 18:29:42 --> Controller "App\Controllers\IIQAForm" loaded.
INFO - 2020-11-19 18:29:42 --> Fetching IIQA Details
INFO - 2020-11-19 18:29:42 --> Controller "App\Controllers\CommonFetch" loaded.
INFO - 2020-11-19 18:29:42 --> Controller "App\Controllers\CommonFetch" loaded.
INFO - 2020-11-19 18:29:42 --> Fetching Title Details
INFO - 2020-11-19 18:29:42 --> Fetching IIQA Details
INFO - 2020-11-19 18:29:42 --> Controller "App\Controllers\CommonFetch" loaded.
INFO - 2020-11-19 18:29:42 --> Fetching Title Details
INFO - 2020-11-19 18:29:42 --> Controller "App\Controllers\IIQAForm" loaded.
INFO - 2020-11-19 18:29:42 --> Controller "App\Controllers\IIQAForm" loaded.
INFO - 2020-11-19 18:29:42 --> Fetching Document Details
INFO - 2020-11-19 18:29:42 --> Fetching Document Details
INFO - 2020-11-19 18:34:23 --> Controller "App\Controllers\State" loaded.
INFO - 2020-11-19 18:34:23 --> Controller "App\Controllers\IIQAForm" loaded.
INFO - 2020-11-19 18:34:23 --> Fetching IIQA Details
INFO - 2020-11-19 18:34:23 --> Fetching IIQA Details
INFO - 2020-11-19 18:34:23 --> Controller "App\Controllers\CommonFetch" loaded.
INFO - 2020-11-19 18:34:23 --> Controller "App\Controllers\CommonFetch" loaded.
INFO - 2020-11-19 18:34:23 --> Controller "App\Controllers\CommonFetch" loaded.
INFO - 2020-11-19 18:34:23 --> Fetching IIQA Details
INFO - 2020-11-19 18:34:23 --> Fetching Title Details
INFO - 2020-11-19 18:34:23 --> Fetching Title Details
INFO - 2020-11-19 18:34:23 --> Controller "App\Controllers\University" loaded.
INFO - 2020-11-19 18:34:23 --> Fetching IIQA Details
INFO - 2020-11-19 18:34:23 --> Controller "App\Controllers\IIQAForm" loaded.
INFO - 2020-11-19 18:34:23 --> Fetching Document Details
INFO - 2020-11-19 18:34:23 --> Controller "App\Controllers\IIQAForm" loaded.
INFO - 2020-11-19 18:34:23 --> Fetching Document Details
INFO - 2020-11-19 18:36:13 --> Controller "App\Controllers\IIQAForm" loaded.
INFO - 2020-11-19 18:36:13 --> Fetching IIQA Details
INFO - 2020-11-19 18:36:13 --> Controller "App\Controllers\University" loaded.
INFO - 2020-11-19 18:36:13 --> Fetching IIQA Details
INFO - 2020-11-19 18:36:13 --> Controller "App\Controllers\CommonFetch" loaded.
INFO - 2020-11-19 18:36:13 --> Fetching IIQA Details
INFO - 2020-11-19 18:36:13 --> Controller "App\Controllers\State" loaded.
INFO - 2020-11-19 18:36:13 --> Controller "App\Controllers\CommonFetch" loaded.
INFO - 2020-11-19 18:36:13 --> Fetching Title Details
INFO - 2020-11-19 18:36:13 --> Fetching IIQA Details
INFO - 2020-11-19 18:36:13 --> Controller "App\Controllers\CommonFetch" loaded.
INFO - 2020-11-19 18:36:13 --> Fetching Title Details
INFO - 2020-11-19 18:36:13 --> Controller "App\Controllers\IIQAForm" loaded.
INFO - 2020-11-19 18:36:13 --> Fetching Document Details
INFO - 2020-11-19 18:36:13 --> Controller "App\Controllers\IIQAForm" loaded.
INFO - 2020-11-19 18:36:13 --> Fetching Document Details
INFO - 2020-11-19 18:39:26 --> Controller "App\Controllers\IIQAForm" loaded.
INFO - 2020-11-19 18:39:26 --> Controller "App\Controllers\State" loaded.
INFO - 2020-11-19 18:39:26 --> Fetching IIQA Details
INFO - 2020-11-19 18:39:26 --> Controller "App\Controllers\CommonFetch" loaded.
INFO - 2020-11-19 18:39:26 --> Controller "App\Controllers\CommonFetch" loaded.
INFO - 2020-11-19 18:39:26 --> Fetching IIQA Details
INFO - 2020-11-19 18:39:26 --> Fetching IIQA Details
INFO - 2020-11-19 18:39:26 --> Fetching Title Details
INFO - 2020-11-19 18:39:26 --> Controller "App\Controllers\University" loaded.
INFO - 2020-11-19 18:39:26 --> Controller "App\Controllers\CommonFetch" loaded.
INFO - 2020-11-19 18:39:26 --> Fetching Title Details
INFO - 2020-11-19 18:39:26 --> Fetching IIQA Details
INFO - 2020-11-19 18:39:26 --> Controller "App\Controllers\IIQAForm" loaded.
INFO - 2020-11-19 18:39:26 --> Controller "App\Controllers\IIQAForm" loaded.
INFO - 2020-11-19 18:39:26 --> Fetching Document Details
INFO - 2020-11-19 18:39:26 --> Fetching Document Details
INFO - 2020-11-19 18:41:10 --> Controller "App\Controllers\State" loaded.
INFO - 2020-11-19 18:41:10 --> Controller "App\Controllers\IIQAForm" loaded.
INFO - 2020-11-19 18:41:10 --> Fetching IIQA Details
INFO - 2020-11-19 18:41:10 --> Controller "App\Controllers\University" loaded.
INFO - 2020-11-19 18:41:10 --> Fetching IIQA Details
INFO - 2020-11-19 18:41:10 --> Fetching IIQA Details
INFO - 2020-11-19 18:41:10 --> Controller "App\Controllers\CommonFetch" loaded.
INFO - 2020-11-19 18:41:10 --> Controller "App\Controllers\CommonFetch" loaded.
INFO - 2020-11-19 18:41:10 --> Fetching IIQA Details
INFO - 2020-11-19 18:41:10 --> Fetching Title Details
INFO - 2020-11-19 18:41:10 --> Controller "App\Controllers\CommonFetch" loaded.
INFO - 2020-11-19 18:41:10 --> Fetching Title Details
INFO - 2020-11-19 18:41:10 --> Controller "App\Controllers\IIQAForm" loaded.
INFO - 2020-11-19 18:41:10 --> Controller "App\Controllers\IIQAForm" loaded.
INFO - 2020-11-19 18:41:10 --> Fetching Document Details
INFO - 2020-11-19 18:41:10 --> Fetching Document Details
INFO - 2020-11-19 18:43:43 --> Controller "App\Controllers\IIQAForm" loaded.
INFO - 2020-11-19 18:43:43 --> Controller "App\Controllers\State" loaded.
INFO - 2020-11-19 18:43:43 --> Controller "App\Controllers\CommonFetch" loaded.
INFO - 2020-11-19 18:43:43 --> Fetching IIQA Details
INFO - 2020-11-19 18:43:43 --> Controller "App\Controllers\CommonFetch" loaded.
INFO - 2020-11-19 18:43:43 --> Controller "App\Controllers\University" loaded.
INFO - 2020-11-19 18:43:43 --> Controller "App\Controllers\CommonFetch" loaded.
INFO - 2020-11-19 18:43:43 --> Fetching IIQA Details
INFO - 2020-11-19 18:43:43 --> Fetching Title Details
INFO - 2020-11-19 18:43:43 --> Fetching IIQA Details
INFO - 2020-11-19 18:43:43 --> Fetching Title Details
INFO - 2020-11-19 18:43:43 --> Fetching IIQA Details
INFO - 2020-11-19 18:43:43 --> Controller "App\Controllers\IIQAForm" loaded.
INFO - 2020-11-19 18:43:43 --> Fetching Document Details
INFO - 2020-11-19 18:43:43 --> Controller "App\Controllers\IIQAForm" loaded.
INFO - 2020-11-19 18:43:43 --> Fetching Document Details
INFO - 2020-11-19 18:45:13 --> Controller "App\Controllers\State" loaded.
INFO - 2020-11-19 18:45:13 --> Controller "App\Controllers\IIQAForm" loaded.
INFO - 2020-11-19 18:45:13 --> Fetching IIQA Details
INFO - 2020-11-19 18:45:13 --> Fetching IIQA Details
INFO - 2020-11-19 18:45:13 --> Controller "App\Controllers\University" loaded.
INFO - 2020-11-19 18:45:13 --> Controller "App\Controllers\CommonFetch" loaded.
INFO - 2020-11-19 18:45:13 --> Controller "App\Controllers\CommonFetch" loaded.
INFO - 2020-11-19 18:45:13 --> Fetching IIQA Details
INFO - 2020-11-19 18:45:13 --> Fetching Title Details
INFO - 2020-11-19 18:45:13 --> Fetching IIQA Details
INFO - 2020-11-19 18:45:13 --> Controller "App\Controllers\CommonFetch" loaded.
INFO - 2020-11-19 18:45:13 --> Fetching Title Details
INFO - 2020-11-19 18:45:14 --> Controller "App\Controllers\IIQAForm" loaded.
INFO - 2020-11-19 18:45:14 --> Controller "App\Controllers\IIQAForm" loaded.
INFO - 2020-11-19 18:45:14 --> Fetching Document Details
INFO - 2020-11-19 18:45:14 --> Fetching Document Details
INFO - 2020-11-19 18:46:54 --> Controller "App\Controllers\IIQAForm" loaded.
INFO - 2020-11-19 18:46:54 --> Fetching IIQA Details
INFO - 2020-11-19 18:46:54 --> Controller "App\Controllers\State" loaded.
INFO - 2020-11-19 18:46:54 --> Controller "App\Controllers\University" loaded.
INFO - 2020-11-19 18:46:54 --> Fetching IIQA Details
INFO - 2020-11-19 18:46:54 --> Fetching IIQA Details
INFO - 2020-11-19 18:46:54 --> Controller "App\Controllers\CommonFetch" loaded.
INFO - 2020-11-19 18:46:54 --> Controller "App\Controllers\CommonFetch" loaded.
INFO - 2020-11-19 18:46:54 --> Controller "App\Controllers\CommonFetch" loaded.
INFO - 2020-11-19 18:46:54 --> Fetching Title Details
INFO - 2020-11-19 18:46:54 --> Fetching IIQA Details
INFO - 2020-11-19 18:46:54 --> Fetching Title Details
INFO - 2020-11-19 18:46:54 --> Controller "App\Controllers\IIQAForm" loaded.
INFO - 2020-11-19 18:46:54 --> Controller "App\Controllers\IIQAForm" loaded.
INFO - 2020-11-19 18:46:54 --> Fetching Document Details
INFO - 2020-11-19 18:46:54 --> Fetching Document Details
INFO - 2020-11-19 18:47:17 --> Controller "App\Controllers\IIQAForm" loaded.
INFO - 2020-11-19 18:47:17 --> Fetching IIQA Details
INFO - 2020-11-19 18:47:17 --> Controller "App\Controllers\State" loaded.
INFO - 2020-11-19 18:47:17 --> Controller "App\Controllers\University" loaded.
INFO - 2020-11-19 18:47:17 --> Fetching IIQA Details
INFO - 2020-11-19 18:47:17 --> Controller "App\Controllers\CommonFetch" loaded.
INFO - 2020-11-19 18:47:17 --> Fetching Title Details
INFO - 2020-11-19 18:47:17 --> Fetching IIQA Details
INFO - 2020-11-19 18:47:17 --> Controller "App\Controllers\CommonFetch" loaded.
INFO - 2020-11-19 18:47:17 --> Controller "App\Controllers\CommonFetch" loaded.
INFO - 2020-11-19 18:47:17 --> Fetching Title Details
INFO - 2020-11-19 18:47:17 --> Fetching IIQA Details
INFO - 2020-11-19 18:47:17 --> Controller "App\Controllers\IIQAForm" loaded.
INFO - 2020-11-19 18:47:17 --> Controller "App\Controllers\IIQAForm" loaded.
INFO - 2020-11-19 18:47:17 --> Fetching Document Details
INFO - 2020-11-19 18:47:17 --> Fetching Document Details
