INFO - 2020-05-31 09:08:57 --> Controller "App\Controllers\Sections" loaded.
INFO - 2020-05-31 09:08:57 --> Fetching Sections details
INFO - 2020-05-31 09:12:48 --> Controller "App\Controllers\Staffs" loaded.
INFO - 2020-05-31 09:12:48 --> Controller "App\Controllers\Sections" loaded.
INFO - 2020-05-31 09:12:48 --> Fetching All Leave details
INFO - 2020-05-31 09:12:48 --> Controller "App\Controllers\SubjectMasters" loaded.
INFO - 2020-05-31 09:12:48 --> Fetching Sections details
INFO - 2020-05-31 09:12:48 --> Fetching SubjectMasters details
INFO - 2020-05-31 21:09:44 --> Controller "App\Controllers\Sections" loaded.
INFO - 2020-05-31 21:09:44 --> Fetching Sections details
INFO - 2020-05-31 21:09:44 --> Controller "App\Controllers\MessageGroups" loaded.
INFO - 2020-05-31 21:09:44 --> Fetching MessageGroups details
INFO - 2020-05-31 21:09:44 --> Controller "App\Controllers\Boards" loaded.
INFO - 2020-05-31 21:09:44 --> Fetching Boards details
INFO - 2020-05-31 21:09:46 --> Controller "App\Controllers\MessageCenter" loaded.
INFO - 2020-05-31 21:09:46 --> Fetching MessageCenter details
INFO - 2020-05-31 21:10:52 --> Controller "App\Controllers\MessageCenter" loaded.
INFO - 2020-05-31 21:10:52 --> Fetching MessageCenter details
INFO - 2020-05-31 21:11:57 --> Controller "App\Controllers\Sections" loaded.
INFO - 2020-05-31 21:11:57 --> Fetching Sections details
INFO - 2020-05-31 21:12:02 --> Controller "App\Controllers\Staffs" loaded.
INFO - 2020-05-31 21:12:02 --> Fetching All Leave details
INFO - 2020-05-31 21:12:02 --> Controller "App\Controllers\SubjectStandards" loaded.
INFO - 2020-05-31 21:12:02 --> Fetching Subjects details
INFO - 2020-05-31 21:12:02 --> Controller "App\Controllers\Assignments" loaded.
INFO - 2020-05-31 21:12:02 --> Fetching Assignments details
INFO - 2020-05-31 21:12:11 --> Controller "App\Controllers\Staffs" loaded.
INFO - 2020-05-31 21:12:11 --> Fetching All Leave details
INFO - 2020-05-31 21:12:11 --> Controller "App\Controllers\SubjectStandards" loaded.
INFO - 2020-05-31 21:12:11 --> Fetching Subjects details
INFO - 2020-05-31 21:12:11 --> Controller "App\Controllers\Assignments" loaded.
INFO - 2020-05-31 21:12:11 --> Fetching Assignments details
INFO - 2020-05-31 21:12:32 --> Controller "App\Controllers\SubjectMasters" loaded.
INFO - 2020-05-31 21:12:32 --> Fetching SubjectMasters details
INFO - 2020-05-31 21:12:32 --> Controller "App\Controllers\Sections" loaded.
INFO - 2020-05-31 21:12:32 --> Fetching Sections details
INFO - 2020-05-31 21:12:32 --> Controller "App\Controllers\Staffs" loaded.
INFO - 2020-05-31 21:12:32 --> Fetching All Leave details
INFO - 2020-05-31 21:12:34 --> Controller "App\Controllers\SubjectStandards" loaded.
INFO - 2020-05-31 21:12:34 --> Fetching Subjects details
INFO - 2020-05-31 21:12:53 --> Controller "App\Controllers\SubjectMasters" loaded.
INFO - 2020-05-31 21:12:53 --> Fetching SubjectMasters details
INFO - 2020-05-31 21:12:53 --> Controller "App\Controllers\Sections" loaded.
INFO - 2020-05-31 21:12:53 --> Fetching Sections details
INFO - 2020-05-31 21:12:53 --> Controller "App\Controllers\Staffs" loaded.
INFO - 2020-05-31 21:12:53 --> Fetching All Leave details
INFO - 2020-05-31 21:12:59 --> Controller "App\Controllers\SubjectStandards" loaded.
INFO - 2020-05-31 21:12:59 --> Fetching Subjects details
INFO - 2020-05-31 21:14:14 --> Controller "App\Controllers\FeesMasters" loaded.
INFO - 2020-05-31 21:14:14 --> Controller "App\Controllers\Sections" loaded.
INFO - 2020-05-31 21:14:14 --> Fetching FeeMaster details
INFO - 2020-05-31 21:14:14 --> Fetching Sections details
INFO - 2020-05-31 21:14:14 --> Controller "App\Controllers\Students" loaded.
INFO - 2020-05-31 21:14:14 --> Fetching All Leave details
INFO - 2020-05-31 21:14:14 --> Controller "App\Controllers\Categories" loaded.
INFO - 2020-05-31 21:14:14 --> Fetching Category details
INFO - 2020-05-31 21:14:14 --> Controller "App\Controllers\Sections" loaded.
INFO - 2020-05-31 21:14:14 --> Fetching Sections details
INFO - 2020-05-31 21:14:14 --> Controller "App\Controllers\FeeDashboard" loaded.
INFO - 2020-05-31 21:14:14 --> Fetching FeeDashboardDetails details
INFO - 2020-05-31 21:14:14 --> Controller "App\Controllers\Boards" loaded.
INFO - 2020-05-31 21:14:14 --> Fetching Boards details
INFO - 2020-05-31 21:14:43 --> Controller "App\Controllers\SubjectMasters" loaded.
INFO - 2020-05-31 21:14:43 --> Fetching SubjectMasters details
INFO - 2020-05-31 21:14:43 --> Controller "App\Controllers\Sections" loaded.
INFO - 2020-05-31 21:14:43 --> Fetching Sections details
INFO - 2020-05-31 21:14:43 --> Controller "App\Controllers\Staffs" loaded.
INFO - 2020-05-31 21:14:43 --> Fetching All Leave details
INFO - 2020-05-31 21:14:58 --> Controller "App\Controllers\Sections" loaded.
INFO - 2020-05-31 21:14:58 --> Controller "App\Controllers\MessageGroups" loaded.
INFO - 2020-05-31 21:14:58 --> Fetching Sections details
INFO - 2020-05-31 21:14:58 --> Controller "App\Controllers\Boards" loaded.
INFO - 2020-05-31 21:14:58 --> Fetching MessageGroups details
INFO - 2020-05-31 21:14:58 --> Fetching Boards details
INFO - 2020-05-31 21:15:00 --> Controller "App\Controllers\MessageCenter" loaded.
INFO - 2020-05-31 21:15:00 --> Fetching MessageCenter details
INFO - 2020-05-31 21:15:03 --> Controller "App\Controllers\MessageCenter" loaded.
INFO - 2020-05-31 21:15:03 --> Fetching MessageCenter details
INFO - 2020-05-31 21:15:04 --> Controller "App\Controllers\MessageCenter" loaded.
INFO - 2020-05-31 21:15:04 --> Fetching MessageCenter details
INFO - 2020-05-31 21:18:14 --> Controller "App\Controllers\Sections" loaded.
INFO - 2020-05-31 21:18:14 --> Fetching Sections details
INFO - 2020-05-31 21:18:29 --> Controller "App\Controllers\Staffs" loaded.
INFO - 2020-05-31 21:18:29 --> Fetching All Leave details
INFO - 2020-05-31 21:18:29 --> Controller "App\Controllers\SubjectStandards" loaded.
INFO - 2020-05-31 21:18:29 --> Fetching Subjects details
INFO - 2020-05-31 21:18:29 --> Controller "App\Controllers\Assignments" loaded.
INFO - 2020-05-31 21:18:29 --> Fetching Assignments details
INFO - 2020-05-31 21:20:09 --> Controller "App\Controllers\FeesMasters" loaded.
INFO - 2020-05-31 21:20:09 --> Fetching FeeMaster details
INFO - 2020-05-31 21:20:09 --> Controller "App\Controllers\Sections" loaded.
INFO - 2020-05-31 21:20:09 --> Fetching Sections details
INFO - 2020-05-31 21:20:09 --> Controller "App\Controllers\Students" loaded.
INFO - 2020-05-31 21:20:09 --> Fetching All Leave details
INFO - 2020-05-31 21:20:09 --> Controller "App\Controllers\Categories" loaded.
INFO - 2020-05-31 21:20:09 --> Fetching Category details
INFO - 2020-05-31 21:20:09 --> Controller "App\Controllers\Sections" loaded.
INFO - 2020-05-31 21:20:09 --> Fetching Sections details
INFO - 2020-05-31 21:20:09 --> Controller "App\Controllers\FeeDashboard" loaded.
INFO - 2020-05-31 21:20:09 --> Fetching FeeDashboardDetails details
INFO - 2020-05-31 21:20:09 --> Controller "App\Controllers\Boards" loaded.
INFO - 2020-05-31 21:20:09 --> Fetching Boards details
INFO - 2020-05-31 21:21:11 --> Controller "App\Controllers\FeesMasters" loaded.
INFO - 2020-05-31 21:21:11 --> Fetching FeeMaster details
INFO - 2020-05-31 21:21:11 --> Controller "App\Controllers\Sections" loaded.
INFO - 2020-05-31 21:21:11 --> Fetching Sections details
INFO - 2020-05-31 21:21:12 --> Controller "App\Controllers\Students" loaded.
INFO - 2020-05-31 21:21:12 --> Fetching All Leave details
INFO - 2020-05-31 21:21:12 --> Controller "App\Controllers\Categories" loaded.
INFO - 2020-05-31 21:21:12 --> Controller "App\Controllers\Sections" loaded.
INFO - 2020-05-31 21:21:12 --> Fetching Category details
INFO - 2020-05-31 21:21:12 --> Fetching Sections details
INFO - 2020-05-31 21:21:12 --> Controller "App\Controllers\FeeDashboard" loaded.
INFO - 2020-05-31 21:21:12 --> Fetching FeeDashboardDetails details
INFO - 2020-05-31 21:21:12 --> Controller "App\Controllers\Boards" loaded.
INFO - 2020-05-31 21:21:12 --> Fetching Boards details
INFO - 2020-05-31 22:13:31 --> Controller "App\Controllers\SubjectMasters" loaded.
INFO - 2020-05-31 22:13:31 --> Fetching SubjectMasters details
INFO - 2020-05-31 22:13:31 --> Controller "App\Controllers\Sections" loaded.
INFO - 2020-05-31 22:13:31 --> Fetching Sections details
INFO - 2020-05-31 22:13:31 --> Controller "App\Controllers\Staffs" loaded.
INFO - 2020-05-31 22:13:31 --> Fetching All Leave details
INFO - 2020-05-31 22:13:44 --> Controller "App\Controllers\SubjectMasters" loaded.
INFO - 2020-05-31 22:13:44 --> Fetching SubjectMasters details
INFO - 2020-05-31 22:13:44 --> Controller "App\Controllers\Sections" loaded.
INFO - 2020-05-31 22:13:44 --> Fetching Sections details
INFO - 2020-05-31 22:13:44 --> Controller "App\Controllers\Staffs" loaded.
INFO - 2020-05-31 22:13:44 --> Fetching All Leave details
INFO - 2020-05-31 22:13:57 --> Controller "App\Controllers\SubjectMasters" loaded.
INFO - 2020-05-31 22:13:57 --> Fetching SubjectMasters details
INFO - 2020-05-31 22:13:57 --> Controller "App\Controllers\Sections" loaded.
INFO - 2020-05-31 22:13:57 --> Fetching Sections details
INFO - 2020-05-31 22:13:57 --> Controller "App\Controllers\Staffs" loaded.
INFO - 2020-05-31 22:13:57 --> Fetching All Leave details
INFO - 2020-05-31 22:16:42 --> Controller "App\Controllers\SubjectStandards" loaded.
INFO - 2020-05-31 22:16:42 --> Inserting Subjects details
INFO - 2020-05-31 22:16:43 --> Controller "App\Controllers\SubjectStandards" loaded.
INFO - 2020-05-31 22:16:43 --> Fetching Subjects details
INFO - 2020-05-31 22:16:43 --> Controller "App\Controllers\SubjectMasters" loaded.
INFO - 2020-05-31 22:16:43 --> Fetching SubjectMasters details
INFO - 2020-05-31 22:16:46 --> Controller "App\Controllers\Sections" loaded.
INFO - 2020-05-31 22:16:46 --> Fetching Sections details
INFO - 2020-05-31 22:18:25 --> Controller "App\Controllers\SubjectStandards" loaded.
INFO - 2020-05-31 22:18:25 --> Inserting Subjects details
INFO - 2020-05-31 22:18:26 --> Controller "App\Controllers\SubjectStandards" loaded.
INFO - 2020-05-31 22:18:26 --> Fetching Subjects details
INFO - 2020-05-31 22:18:26 --> Controller "App\Controllers\SubjectMasters" loaded.
INFO - 2020-05-31 22:18:26 --> Fetching SubjectMasters details
INFO - 2020-05-31 22:18:28 --> Controller "App\Controllers\Sections" loaded.
INFO - 2020-05-31 22:18:28 --> Fetching Sections details
INFO - 2020-05-31 22:19:31 --> Controller "App\Controllers\SubjectStandards" loaded.
INFO - 2020-05-31 22:19:31 --> Inserting Subjects details
INFO - 2020-05-31 22:19:32 --> Controller "App\Controllers\SubjectStandards" loaded.
INFO - 2020-05-31 22:19:32 --> Fetching Subjects details
INFO - 2020-05-31 22:19:32 --> Controller "App\Controllers\SubjectMasters" loaded.
INFO - 2020-05-31 22:19:32 --> Fetching SubjectMasters details
INFO - 2020-05-31 22:19:35 --> Controller "App\Controllers\Sections" loaded.
INFO - 2020-05-31 22:19:35 --> Fetching Sections details
INFO - 2020-05-31 22:22:23 --> Controller "App\Controllers\SubjectMasters" loaded.
INFO - 2020-05-31 22:22:23 --> Fetching SubjectMasters details
INFO - 2020-05-31 22:22:23 --> Controller "App\Controllers\Sections" loaded.
INFO - 2020-05-31 22:22:23 --> Fetching Sections details
INFO - 2020-05-31 22:22:23 --> Controller "App\Controllers\Staffs" loaded.
INFO - 2020-05-31 22:22:23 --> Fetching All Leave details
INFO - 2020-05-31 22:22:31 --> Controller "App\Controllers\SubjectMasters" loaded.
INFO - 2020-05-31 22:24:34 --> Controller "App\Controllers\SubjectMasters" loaded.
INFO - 2020-05-31 22:24:34 --> Fetching SubjectMasters details
INFO - 2020-05-31 22:26:31 --> Controller "App\Controllers\SubjectMasters" loaded.
INFO - 2020-05-31 22:26:31 --> Fetching SubjectMasters details
INFO - 2020-05-31 22:26:31 --> Controller "App\Controllers\Sections" loaded.
INFO - 2020-05-31 22:26:31 --> Controller "App\Controllers\Staffs" loaded.
INFO - 2020-05-31 22:26:31 --> Fetching Sections details
INFO - 2020-05-31 22:26:31 --> Fetching All Leave details
INFO - 2020-05-31 22:26:39 --> Controller "App\Controllers\SubjectMasters" loaded.
INFO - 2020-05-31 22:26:39 --> Fetching SubjectMasters details
INFO - 2020-05-31 22:28:20 --> Controller "App\Controllers\SubjectMasters" loaded.
INFO - 2020-05-31 22:28:20 --> Fetching SubjectMasters details
INFO - 2020-05-31 22:28:20 --> Controller "App\Controllers\Sections" loaded.
INFO - 2020-05-31 22:28:20 --> Fetching Sections details
INFO - 2020-05-31 22:28:20 --> Controller "App\Controllers\Staffs" loaded.
INFO - 2020-05-31 22:28:20 --> Fetching All Leave details
INFO - 2020-05-31 22:30:56 --> Controller "App\Controllers\Users" loaded.
INFO - 2020-05-31 22:30:56 --> Fetching Users details
INFO - 2020-05-31 22:31:02 --> Controller "App\Controllers\Users" loaded.
INFO - 2020-05-31 22:31:02 --> Fetching Users details
INFO - 2020-05-31 22:31:40 --> Controller "App\Controllers\FeesMasters" loaded.
INFO - 2020-05-31 22:31:40 --> Fetching FeeMaster details
INFO - 2020-05-31 22:31:40 --> Controller "App\Controllers\Categories" loaded.
INFO - 2020-05-31 22:31:40 --> Controller "App\Controllers\Sections" loaded.
INFO - 2020-05-31 22:31:40 --> Fetching Category details
INFO - 2020-05-31 22:31:40 --> Controller "App\Controllers\FeeDashboard" loaded.
INFO - 2020-05-31 22:31:40 --> Controller "App\Controllers\Students" loaded.
INFO - 2020-05-31 22:31:40 --> Fetching Sections details
INFO - 2020-05-31 22:31:40 --> Controller "App\Controllers\Sections" loaded.
INFO - 2020-05-31 22:31:40 --> Fetching All Leave details
INFO - 2020-05-31 22:31:40 --> Fetching FeeDashboardDetails details
INFO - 2020-05-31 22:31:40 --> Fetching Sections details
INFO - 2020-05-31 22:31:40 --> Controller "App\Controllers\Boards" loaded.
INFO - 2020-05-31 22:31:40 --> Fetching Boards details
INFO - 2020-05-31 22:34:23 --> Controller "App\Controllers\SubjectMasters" loaded.
INFO - 2020-05-31 22:34:23 --> Fetching SubjectMasters details
INFO - 2020-05-31 22:34:23 --> Controller "App\Controllers\Sections" loaded.
INFO - 2020-05-31 22:34:23 --> Fetching Sections details
INFO - 2020-05-31 22:34:23 --> Controller "App\Controllers\Staffs" loaded.
INFO - 2020-05-31 22:34:23 --> Fetching All Leave details
INFO - 2020-05-31 23:31:27 --> Controller "App\Controllers\MessageGroups" loaded.
INFO - 2020-05-31 23:31:27 --> Fetching MessageGroups details
INFO - 2020-05-31 23:31:27 --> Controller "App\Controllers\Sections" loaded.
INFO - 2020-05-31 23:31:27 --> Fetching Sections details
INFO - 2020-05-31 23:31:27 --> Controller "App\Controllers\Boards" loaded.
INFO - 2020-05-31 23:31:27 --> Fetching Boards details
INFO - 2020-05-31 23:43:48 --> Controller "App\Controllers\Students" loaded.
INFO - 2020-05-31 23:43:48 --> Controller "App\Controllers\FeeDashboard" loaded.
INFO - 2020-05-31 23:43:48 --> Controller "App\Controllers\Categories" loaded.
INFO - 2020-05-31 23:43:48 --> Controller "App\Controllers\FeesMasters" loaded.
INFO - 2020-05-31 23:43:48 --> Controller "App\Controllers\Sections" loaded.
INFO - 2020-05-31 23:43:48 --> Fetching Category details
INFO - 2020-05-31 23:43:48 --> Fetching FeeMaster details
INFO - 2020-05-31 23:43:48 --> Fetching All Leave details
INFO - 2020-05-31 23:43:48 --> Controller "App\Controllers\Sections" loaded.
INFO - 2020-05-31 23:43:48 --> Fetching FeeDashboardDetails details
INFO - 2020-05-31 23:43:48 --> Fetching Sections details
INFO - 2020-05-31 23:43:48 --> Fetching Sections details
INFO - 2020-05-31 23:43:48 --> Controller "App\Controllers\Boards" loaded.
INFO - 2020-05-31 23:43:48 --> Fetching Boards details
INFO - 2020-05-31 23:44:13 --> Controller "App\Controllers\Sections" loaded.
INFO - 2020-05-31 23:44:13 --> Controller "App\Controllers\MessageGroups" loaded.
INFO - 2020-05-31 23:44:13 --> Controller "App\Controllers\Boards" loaded.
INFO - 2020-05-31 23:44:13 --> Fetching Boards details
INFO - 2020-05-31 23:44:13 --> Fetching MessageGroups details
INFO - 2020-05-31 23:44:13 --> Fetching Sections details
INFO - 2020-05-31 23:44:14 --> Controller "App\Controllers\MessageCenter" loaded.
INFO - 2020-05-31 23:44:14 --> Fetching MessageCenter details
INFO - 2020-05-31 23:44:16 --> Controller "App\Controllers\MessageCenter" loaded.
INFO - 2020-05-31 23:44:16 --> Fetching MessageCenter details
INFO - 2020-05-31 23:44:17 --> Controller "App\Controllers\MessageCenter" loaded.
INFO - 2020-05-31 23:44:17 --> Fetching MessageCenter details
INFO - 2020-05-31 23:44:18 --> Controller "App\Controllers\MessageCenter" loaded.
INFO - 2020-05-31 23:44:18 --> Fetching MessageCenter details
INFO - 2020-05-31 23:44:19 --> Controller "App\Controllers\MessageCenter" loaded.
INFO - 2020-05-31 23:44:19 --> Fetching MessageCenter details
INFO - 2020-05-31 23:44:19 --> Controller "App\Controllers\MessageCenter" loaded.
INFO - 2020-05-31 23:44:19 --> Fetching MessageCenter details
INFO - 2020-05-31 23:44:19 --> Controller "App\Controllers\MessageCenter" loaded.
INFO - 2020-05-31 23:44:19 --> Fetching MessageCenter details
INFO - 2020-05-31 23:44:29 --> Controller "App\Controllers\MessageCenter" loaded.
INFO - 2020-05-31 23:44:29 --> Fetching MessageCenter details
INFO - 2020-05-31 23:44:31 --> Controller "App\Controllers\MessageCenter" loaded.
INFO - 2020-05-31 23:44:31 --> Fetching MessageCenter details
INFO - 2020-05-31 23:44:34 --> Controller "App\Controllers\MessageCenter" loaded.
INFO - 2020-05-31 23:44:34 --> Fetching MessageCenter details
INFO - 2020-05-31 23:44:35 --> Controller "App\Controllers\MessageCenter" loaded.
INFO - 2020-05-31 23:44:35 --> Fetching MessageCenter details
INFO - 2020-05-31 23:44:36 --> Controller "App\Controllers\MessageCenter" loaded.
INFO - 2020-05-31 23:44:36 --> Fetching MessageCenter details
INFO - 2020-05-31 23:44:37 --> Controller "App\Controllers\MessageCenter" loaded.
INFO - 2020-05-31 23:44:37 --> Fetching MessageCenter details
INFO - 2020-05-31 23:44:38 --> Controller "App\Controllers\MessageCenter" loaded.
INFO - 2020-05-31 23:44:38 --> Fetching MessageCenter details
INFO - 2020-05-31 23:45:15 --> Controller "App\Controllers\MessageCenter" loaded.
INFO - 2020-05-31 23:45:15 --> Fetching MessageCenter details
INFO - 2020-05-31 23:45:17 --> Controller "App\Controllers\MessageCenter" loaded.
INFO - 2020-05-31 23:45:17 --> Fetching MessageCenter details
INFO - 2020-05-31 23:45:19 --> Controller "App\Controllers\MessageCenter" loaded.
INFO - 2020-05-31 23:45:19 --> Fetching MessageCenter details
INFO - 2020-05-31 23:45:21 --> Controller "App\Controllers\MessageCenter" loaded.
INFO - 2020-05-31 23:45:21 --> Fetching MessageCenter details
INFO - 2020-05-31 23:45:25 --> Controller "App\Controllers\MessageCenter" loaded.
INFO - 2020-05-31 23:45:25 --> Fetching MessageCenter details
INFO - 2020-05-31 23:45:37 --> Controller "App\Controllers\Sections" loaded.
INFO - 2020-05-31 23:45:37 --> Fetching Sections details
INFO - 2020-05-31 23:45:37 --> Controller "App\Controllers\MessageGroups" loaded.
INFO - 2020-05-31 23:45:37 --> Fetching MessageGroups details
INFO - 2020-05-31 23:45:37 --> Controller "App\Controllers\Boards" loaded.
INFO - 2020-05-31 23:45:37 --> Fetching Boards details
INFO - 2020-05-31 23:45:39 --> Controller "App\Controllers\MessageCenter" loaded.
INFO - 2020-05-31 23:45:39 --> Fetching MessageCenter details
INFO - 2020-05-31 23:47:38 --> Controller "App\Controllers\MessageCenter" loaded.
INFO - 2020-05-31 23:47:38 --> Fetching MessageCenter details
INFO - 2020-05-31 23:49:37 --> Controller "App\Controllers\MessageGroups" loaded.
INFO - 2020-05-31 23:49:37 --> Controller "App\Controllers\Sections" loaded.
INFO - 2020-05-31 23:49:37 --> Fetching MessageGroups details
INFO - 2020-05-31 23:49:37 --> Controller "App\Controllers\Dashboards" loaded.
INFO - 2020-05-31 23:49:37 --> Fetching Sections details
INFO - 2020-05-31 23:49:37 --> Fetching Dashboard details
INFO - 2020-05-31 23:59:19 --> Controller "App\Controllers\Sections" loaded.
INFO - 2020-05-31 23:59:19 --> Fetching Sections details
INFO - 2020-05-31 23:59:19 --> Controller "App\Controllers\MessageGroups" loaded.
INFO - 2020-05-31 23:59:19 --> Fetching MessageGroups details
INFO - 2020-05-31 23:59:19 --> Controller "App\Controllers\Boards" loaded.
INFO - 2020-05-31 23:59:19 --> Fetching Boards details
INFO - 2020-05-31 23:59:21 --> Controller "App\Controllers\MessageCenter" loaded.
INFO - 2020-05-31 23:59:21 --> Fetching MessageCenter details
INFO - 2020-05-31 23:59:24 --> Controller "App\Controllers\MessageCenter" loaded.
INFO - 2020-05-31 23:59:24 --> Fetching MessageCenter details
INFO - 2020-05-31 23:59:24 --> Controller "App\Controllers\MessageCenter" loaded.
INFO - 2020-05-31 23:59:24 --> Fetching MessageCenter details
INFO - 2020-05-31 23:59:26 --> Controller "App\Controllers\MessageCenter" loaded.
INFO - 2020-05-31 23:59:26 --> Fetching MessageCenter details
INFO - 2020-05-31 23:59:26 --> Controller "App\Controllers\MessageCenter" loaded.
INFO - 2020-05-31 23:59:26 --> Fetching MessageCenter details
INFO - 2020-05-31 23:59:27 --> Controller "App\Controllers\MessageCenter" loaded.
INFO - 2020-05-31 23:59:27 --> Fetching MessageCenter details
INFO - 2020-05-31 23:59:41 --> Controller "App\Controllers\Sections" loaded.
INFO - 2020-05-31 23:59:41 --> Fetching Sections details
INFO - 2020-05-31 23:59:48 --> Controller "App\Controllers\SubjectMasters" loaded.
INFO - 2020-05-31 23:59:48 --> Fetching SubjectMasters details
INFO - 2020-05-31 23:59:48 --> Controller "App\Controllers\Sections" loaded.
INFO - 2020-05-31 23:59:48 --> Fetching Sections details
INFO - 2020-05-31 23:59:48 --> Controller "App\Controllers\Staffs" loaded.
INFO - 2020-05-31 23:59:48 --> Fetching All Leave details
