INFO - 2020-09-25 08:30:13 --> Fetching Assignments Mapped Id details
INFO - 2020-09-25 00:32:16 --> Controller "App\Controllers\Users" loaded.
INFO - 2020-09-25 00:32:16 --> Fetching Users details
INFO - 2020-09-25 00:32:21 --> Controller "App\Controllers\Users" loaded.
INFO - 2020-09-25 00:32:21 --> Fetching Users details
INFO - 2020-09-25 00:32:40 --> Controller "App\Controllers\ClassDetails" loaded.
INFO - 2020-09-25 00:32:40 --> Controller "App\Controllers\Students" loaded.
INFO - 2020-09-25 00:32:40 --> Fetching All Leave details
INFO - 2020-09-25 00:32:40 --> Controller "App\Controllers\StudentDetails" loaded.
INFO - 2020-09-25 00:32:40 --> Fetching All Leave details
INFO - 2020-09-25 00:32:40 --> Fetching Sections details
INFO - 2020-09-25 00:32:40 --> Controller "App\Controllers\Categories" loaded.
INFO - 2020-09-25 00:32:40 --> Fetching Category details
INFO - 2020-09-25 00:32:48 --> Controller "App\Controllers\Boards" loaded.
INFO - 2020-09-25 00:32:48 --> Fetching Boards details
INFO - 2020-09-25 00:35:01 --> Controller "App\Controllers\ClassDetails" loaded.
INFO - 2020-09-25 00:35:01 --> Controller "App\Controllers\Students" loaded.
INFO - 2020-09-25 00:35:01 --> Controller "App\Controllers\Boards" loaded.
INFO - 2020-09-25 00:35:01 --> Controller "App\Controllers\StudentDetails" loaded.
INFO - 2020-09-25 00:35:01 --> Fetching Boards details
INFO - 2020-09-25 00:35:01 --> Controller "App\Controllers\Categories" loaded.
INFO - 2020-09-25 00:35:01 --> Fetching Sections details
INFO - 2020-09-25 00:35:01 --> Fetching Category details
INFO - 2020-09-25 00:35:01 --> Fetching All Leave details
INFO - 2020-09-25 00:35:01 --> Fetching All Leave details
INFO - 2020-09-25 00:37:38 --> Controller "App\Controllers\Boards" loaded.
INFO - 2020-09-25 00:37:38 --> Controller "App\Controllers\StudentDetails" loaded.
INFO - 2020-09-25 00:37:38 --> Fetching All Leave details
INFO - 2020-09-25 00:37:38 --> Fetching Boards details
INFO - 2020-09-25 00:37:38 --> Controller "App\Controllers\Students" loaded.
INFO - 2020-09-25 00:37:38 --> Controller "App\Controllers\Categories" loaded.
INFO - 2020-09-25 00:37:38 --> Controller "App\Controllers\ClassDetails" loaded.
INFO - 2020-09-25 00:37:38 --> Fetching Category details
INFO - 2020-09-25 00:37:38 --> Fetching All Leave details
INFO - 2020-09-25 00:37:38 --> Fetching Sections details
INFO - 2020-09-25 02:21:39 --> Controller "App\Controllers\SubjectStandards" loaded.
INFO - 2020-09-25 02:21:39 --> Controller "App\Controllers\Academicyears" loaded.
INFO - 2020-09-25 02:21:39 --> Controller "App\Controllers\Boards" loaded.
INFO - 2020-09-25 02:21:39 --> Controller "App\Controllers\Sections" loaded.
INFO - 2020-09-25 02:21:39 --> Controller "App\Controllers\Assignments" loaded.
INFO - 2020-09-25 02:21:39 --> Controller "App\Controllers\Assignments" loaded.
INFO - 2020-09-25 02:21:39 --> Fetching Boards details
INFO - 2020-09-25 02:21:39 --> Fetching Academic year details
INFO - 2020-09-25 02:21:39 --> Fetching Assignments details
INFO - 2020-09-25 02:21:39 --> Fetching Assignments Details details
INFO - 2020-09-25 02:21:39 --> Fetching Sections details
INFO - 2020-09-25 02:21:39 --> Fetching Subjects details
INFO - 2020-09-25 02:21:40 --> Controller "App\Controllers\Assignments" loaded.
INFO - 2020-09-25 12:51:40 --> Fetching Assignments Mapped Id details
INFO - 2020-09-25 02:21:40 --> Controller "App\Controllers\Assignments" loaded.
INFO - 2020-09-25 02:21:40 --> Controller "App\Controllers\Assignments" loaded.
INFO - 2020-09-25 02:21:40 --> Fetching Assignments Id details
INFO - 2020-09-25 02:21:40 --> Fetching Assignments Grade details
INFO - 2020-09-25 02:21:40 --> Controller "App\Controllers\Sections" loaded.
INFO - 2020-09-25 02:21:40 --> Fetching Sections details
INFO - 2020-09-25 02:21:40 --> Controller "App\Controllers\Assignments" loaded.
INFO - 2020-09-25 02:21:40 --> Fetching Assignments Details details
INFO - 2020-09-25 02:30:46 --> Controller "App\Controllers\Academicyears" loaded.
INFO - 2020-09-25 02:30:46 --> Fetching Academic year details
INFO - 2020-09-25 02:30:46 --> Controller "App\Controllers\Boards" loaded.
INFO - 2020-09-25 02:30:46 --> Fetching Boards details
INFO - 2020-09-25 02:30:46 --> Controller "App\Controllers\ClassDetails" loaded.
INFO - 2020-09-25 02:30:46 --> Fetching Sections details
INFO - 2020-09-25 02:30:46 --> Controller "App\Controllers\Assignments" loaded.
INFO - 2020-09-25 02:30:46 --> Fetching Assignments Details details
INFO - 2020-09-25 02:30:46 --> Controller "App\Controllers\Assignments" loaded.
INFO - 2020-09-25 02:30:46 --> Fetching Assignments details
INFO - 2020-09-25 02:30:46 --> Controller "App\Controllers\Assignments" loaded.
INFO - 2020-09-25 02:30:46 --> Fetching Assignments Id details
INFO - 2020-09-25 02:30:46 --> Controller "App\Controllers\Assignments" loaded.
INFO - 2020-09-25 13:00:46 --> Fetching Assignments Mapped Id details
INFO - 2020-09-25 02:30:46 --> Controller "App\Controllers\Assignments" loaded.
INFO - 2020-09-25 02:30:46 --> Fetching Assignments Grade details
INFO - 2020-09-25 02:30:46 --> Controller "App\Controllers\ClassDetails" loaded.
INFO - 2020-09-25 02:30:46 --> Fetching Sections details
INFO - 2020-09-25 02:30:46 --> Controller "App\Controllers\Assignments" loaded.
INFO - 2020-09-25 02:30:46 --> Fetching Assignments Details details
INFO - 2020-09-25 03:45:44 --> Controller "App\Controllers\ClassDetails" loaded.
INFO - 2020-09-25 03:45:44 --> Controller "App\Controllers\Users" loaded.
INFO - 2020-09-25 03:45:44 --> Fetching Sections details
INFO - 2020-09-25 03:45:44 --> Fetching All User details
INFO - 2020-09-25 06:51:14 --> Controller "App\Controllers\Boards" loaded.
INFO - 2020-09-25 06:51:14 --> Controller "App\Controllers\ClassDetails" loaded.
INFO - 2020-09-25 06:51:14 --> Controller "App\Controllers\StudentDetails" loaded.
INFO - 2020-09-25 06:51:14 --> Fetching Boards details
INFO - 2020-09-25 06:51:14 --> Fetching All Leave details
INFO - 2020-09-25 06:51:14 --> Controller "App\Controllers\Students" loaded.
INFO - 2020-09-25 06:51:14 --> Controller "App\Controllers\Categories" loaded.
INFO - 2020-09-25 06:51:14 --> Fetching All Leave details
INFO - 2020-09-25 06:51:14 --> Fetching Sections details
INFO - 2020-09-25 06:51:14 --> Fetching Category details
INFO - 2020-09-25 23:54:44 --> Controller "App\Controllers\Users" loaded.
INFO - 2020-09-25 23:54:44 --> Fetching Users details
INFO - 2020-09-25 23:54:48 --> Controller "App\Controllers\Users" loaded.
INFO - 2020-09-25 23:54:48 --> Fetching Users details
INFO - 2020-09-25 23:55:05 --> Controller "App\Controllers\Roles" loaded.
INFO - 2020-09-25 23:55:05 --> Controller "App\Controllers\Roles" loaded.
INFO - 2020-09-25 23:55:05 --> Controller "App\Controllers\Roles" loaded.
INFO - 2020-09-25 23:55:05 --> Fetching Roles details
INFO - 2020-09-25 23:55:05 --> Fetching Permission details
INFO - 2020-09-25 23:55:05 --> Fetching Assignments Details details
INFO - 2020-09-25 23:55:06 --> Controller "App\Controllers\Boards" loaded.
INFO - 2020-09-25 23:55:06 --> Fetching Boards details
INFO - 2020-09-25 23:55:06 --> Controller "App\Controllers\RoomMasters" loaded.
INFO - 2020-09-25 23:55:06 --> Controller "App\Controllers\ClassMasters" loaded.
INFO - 2020-09-25 23:55:07 --> Controller "App\Controllers\ClassDetails" loaded.
INFO - 2020-09-25 23:55:07 --> Controller "App\Controllers\ClassDetails" loaded.
INFO - 2020-09-25 23:55:07 --> Controller "App\Controllers\Academicyears" loaded.
INFO - 2020-09-25 23:55:07 --> Fetching Sections details
INFO - 2020-09-25 23:55:07 --> Fetching Academic year details
INFO - 2020-09-25 23:55:07 --> Fetching Sections details
INFO - 2020-09-25 23:55:07 --> Controller "App\Controllers\AcademicSettings" loaded.
INFO - 2020-09-25 23:55:07 --> Controller "App\Controllers\SubjectMasters" loaded.
INFO - 2020-09-25 23:55:07 --> Fetching Academic year details
INFO - 2020-09-25 23:55:07 --> Controller "App\Controllers\Staffs" loaded.
INFO - 2020-09-25 23:55:07 --> Fetching SubjectMasters details
INFO - 2020-09-25 23:55:07 --> Fetching All staff details
INFO - 2020-09-25 23:55:07 --> Controller "App\Controllers\ClassMasters" loaded.
INFO - 2020-09-25 23:55:07 --> Controller "App\Controllers\SubjectStandardRooms" loaded.
INFO - 2020-09-25 23:55:07 --> Fetching Subjects details
INFO - 2020-09-25 23:55:07 --> Controller "App\Controllers\ClassMasters" loaded.
INFO - 2020-09-25 23:55:07 --> Fetching class details
INFO - 2020-09-25 23:55:07 --> Controller "App\Controllers\ClassMasters" loaded.
INFO - 2020-09-25 23:55:07 --> Controller "App\Controllers\RoomMasters" loaded.
INFO - 2020-09-25 23:55:07 --> Controller "App\Controllers\ClassDetails" loaded.
INFO - 2020-09-25 23:55:07 --> Controller "App\Controllers\ClassDetails" loaded.
INFO - 2020-09-25 23:55:07 --> Fetching Sections details
INFO - 2020-09-25 23:55:07 --> Fetching Sections details
INFO - 2020-09-25 23:55:07 --> Controller "App\Controllers\SubjectMasters" loaded.
INFO - 2020-09-25 23:55:07 --> Controller "App\Controllers\ClassMasters" loaded.
INFO - 2020-09-25 23:55:07 --> Fetching SubjectMasters details
INFO - 2020-09-25 23:55:07 --> Controller "App\Controllers\SubjectStandards" loaded.
INFO - 2020-09-25 23:55:07 --> Fetching Subjects details
INFO - 2020-09-25 23:55:09 --> Controller "App\Controllers\Boards" loaded.
INFO - 2020-09-25 23:55:09 --> Controller "App\Controllers\ClassDetails" loaded.
INFO - 2020-09-25 23:55:09 --> Controller "App\Controllers\RoomMasters" loaded.
INFO - 2020-09-25 23:55:09 --> Controller "App\Controllers\ClassDetails" loaded.
INFO - 2020-09-25 23:55:09 --> Controller "App\Controllers\ClassMasters" loaded.
INFO - 2020-09-25 23:55:09 --> Fetching Sections details
INFO - 2020-09-25 23:55:09 --> Fetching Boards details
INFO - 2020-09-25 23:55:09 --> Controller "App\Controllers\SubjectMasters" loaded.
INFO - 2020-09-25 23:55:09 --> Fetching SubjectMasters details
INFO - 2020-09-25 23:55:09 --> Fetching Sections details
INFO - 2020-09-25 23:55:09 --> Controller "App\Controllers\Staffs" loaded.
INFO - 2020-09-25 23:55:09 --> Fetching All staff details
INFO - 2020-09-25 23:55:09 --> Controller "App\Controllers\Academicyears" loaded.
INFO - 2020-09-25 23:55:09 --> Fetching Academic year details
INFO - 2020-09-25 23:55:09 --> Controller "App\Controllers\AcademicSettings" loaded.
INFO - 2020-09-25 23:55:09 --> Fetching Academic year details
INFO - 2020-09-25 23:55:09 --> Controller "App\Controllers\ClassMasters" loaded.
INFO - 2020-09-25 23:55:09 --> Controller "App\Controllers\SubjectStandardRooms" loaded.
INFO - 2020-09-25 23:55:09 --> Fetching Subjects details
INFO - 2020-09-25 23:55:09 --> Controller "App\Controllers\ClassMasters" loaded.
INFO - 2020-09-25 23:55:09 --> Fetching class details
INFO - 2020-09-25 23:55:09 --> Controller "App\Controllers\ClassMasters" loaded.
INFO - 2020-09-25 23:55:09 --> Controller "App\Controllers\RoomMasters" loaded.
INFO - 2020-09-25 23:55:09 --> Controller "App\Controllers\ClassDetails" loaded.
INFO - 2020-09-25 23:55:09 --> Controller "App\Controllers\ClassDetails" loaded.
INFO - 2020-09-25 23:55:09 --> Fetching Sections details
INFO - 2020-09-25 23:55:09 --> Fetching Sections details
INFO - 2020-09-25 23:55:09 --> Controller "App\Controllers\SubjectMasters" loaded.
INFO - 2020-09-25 23:55:09 --> Fetching SubjectMasters details
INFO - 2020-09-25 23:55:09 --> Controller "App\Controllers\ClassMasters" loaded.
INFO - 2020-09-25 23:55:10 --> Controller "App\Controllers\SubjectStandards" loaded.
INFO - 2020-09-25 23:55:10 --> Fetching Subjects details
INFO - 2020-09-25 23:55:15 --> Controller "App\Controllers\ClassDetails" loaded.
INFO - 2020-09-25 23:55:15 --> Controller "App\Controllers\ExamDetails" loaded.
INFO - 2020-09-25 23:55:15 --> Controller "App\Controllers\ExamDetails" loaded.
INFO - 2020-09-25 23:55:15 --> Controller "App\Controllers\ExamsTimetable" loaded.
INFO - 2020-09-25 23:55:15 --> Fetching Exam Details details
INFO - 2020-09-25 23:55:15 --> Fetching Sections details
INFO - 2020-09-25 23:55:15 --> Fetching Circular Details details
INFO - 2020-09-25 23:55:15 --> Fetching Exam Details details
INFO - 2020-09-25 23:55:45 --> Controller "App\Controllers\ClassDetails" loaded.
INFO - 2020-09-25 23:55:45 --> Controller "App\Controllers\ExamDetails" loaded.
INFO - 2020-09-25 23:55:45 --> Fetching Sections details
INFO - 2020-09-25 23:55:45 --> Controller "App\Controllers\ExamsTimetable" loaded.
INFO - 2020-09-25 23:55:45 --> Controller "App\Controllers\ExamDetails" loaded.
INFO - 2020-09-25 23:55:45 --> Fetching Exam Details details
INFO - 2020-09-25 23:55:45 --> Fetching Circular Details details
INFO - 2020-09-25 23:55:45 --> Fetching Exam Details details
