INFO - 2021-01-18 09:02:08 --> Controller "App\Controllers\Pricing" loaded.
INFO - 2021-01-18 09:02:08 --> Fetching IIQA Details
INFO - 2021-01-18 09:02:09 --> Controller "App\Controllers\UserMenu" loaded.
INFO - 2021-01-18 09:02:09 --> Fetching IIQA Details
INFO - 2021-01-18 09:02:09 --> Controller "App\Controllers\UserMenu" loaded.
INFO - 2021-01-18 09:02:09 --> Fetching IIQA Details
INFO - 2021-01-18 09:09:47 --> Controller "App\Controllers\Pricing" loaded.
INFO - 2021-01-18 09:09:47 --> Fetching IIQA Details
INFO - 2021-01-18 09:10:25 --> Controller "App\Controllers\Pricing" loaded.
INFO - 2021-01-18 09:10:25 --> Fetching IIQA Details
INFO - 2021-01-18 09:10:27 --> Controller "App\Controllers\Pricing" loaded.
INFO - 2021-01-18 09:10:27 --> Fetching IIQA Details
INFO - 2021-01-18 09:12:02 --> Controller "App\Controllers\Pricing" loaded.
INFO - 2021-01-18 09:12:02 --> Fetching IIQA Details
INFO - 2021-01-18 09:14:14 --> Controller "App\Controllers\Pricing" loaded.
INFO - 2021-01-18 09:14:14 --> Fetching IIQA Details
INFO - 2021-01-18 09:15:00 --> Controller "App\Controllers\Pricing" loaded.
INFO - 2021-01-18 09:15:00 --> Fetching IIQA Details
INFO - 2021-01-18 09:15:53 --> Controller "App\Controllers\Pricing" loaded.
INFO - 2021-01-18 09:15:53 --> Fetching IIQA Details
INFO - 2021-01-18 09:15:55 --> Controller "App\Controllers\Pricing" loaded.
INFO - 2021-01-18 09:15:55 --> Fetching IIQA Details
INFO - 2021-01-18 09:15:57 --> Controller "App\Controllers\Pricing" loaded.
INFO - 2021-01-18 09:15:57 --> Fetching IIQA Details
INFO - 2021-01-18 09:19:58 --> Controller "App\Controllers\Pricing" loaded.
INFO - 2021-01-18 09:19:58 --> Fetching IIQA Details
INFO - 2021-01-18 09:20:01 --> Controller "App\Controllers\Pricing" loaded.
INFO - 2021-01-18 09:20:01 --> Fetching IIQA Details
INFO - 2021-01-18 09:22:10 --> Controller "App\Controllers\Pricing" loaded.
INFO - 2021-01-18 09:22:10 --> Fetching IIQA Details
INFO - 2021-01-18 10:17:34 --> Controller "App\Controllers\Pricing" loaded.
INFO - 2021-01-18 10:17:34 --> Fetching IIQA Details
INFO - 2021-01-18 10:26:58 --> Controller "App\Controllers\Dashboards" loaded.
INFO - 2021-01-18 10:26:58 --> Controller "App\Controllers\SchedulePlanner" loaded.
INFO - 2021-01-18 10:26:58 --> Fetching IIQA Details
INFO - 2021-01-18 10:26:58 --> Fetching Dashboard details
INFO - 2021-01-18 10:30:45 --> Controller "App\Controllers\Dashboards" loaded.
INFO - 2021-01-18 10:30:45 --> Controller "App\Controllers\SchedulePlanner" loaded.
INFO - 2021-01-18 10:30:45 --> Fetching Dashboard details
INFO - 2021-01-18 10:30:45 --> Fetching IIQA Details
INFO - 2021-01-18 10:31:31 --> Controller "App\Controllers\SchedulePlanner" loaded.
INFO - 2021-01-18 10:31:31 --> Controller "App\Controllers\Dashboards" loaded.
INFO - 2021-01-18 10:31:31 --> Fetching IIQA Details
INFO - 2021-01-18 10:31:31 --> Fetching Dashboard details
INFO - 2021-01-18 10:33:19 --> Controller "App\Controllers\Dashboards" loaded.
INFO - 2021-01-18 10:33:19 --> Fetching Dashboard details
INFO - 2021-01-18 10:33:19 --> Controller "App\Controllers\SchedulePlanner" loaded.
INFO - 2021-01-18 10:33:19 --> Fetching IIQA Details
INFO - 2021-01-18 10:35:45 --> Controller "App\Controllers\SchedulePlanner" loaded.
INFO - 2021-01-18 10:35:45 --> Fetching IIQA Details
INFO - 2021-01-18 10:35:45 --> Controller "App\Controllers\Dashboards" loaded.
INFO - 2021-01-18 10:35:45 --> Fetching Dashboard details
INFO - 2021-01-18 10:35:47 --> Controller "App\Controllers\Dashboards" loaded.
INFO - 2021-01-18 10:35:47 --> Fetching Dashboard details
INFO - 2021-01-18 10:35:47 --> Controller "App\Controllers\SchedulePlanner" loaded.
INFO - 2021-01-18 10:35:47 --> Fetching IIQA Details
INFO - 2021-01-18 10:38:30 --> Controller "App\Controllers\Dashboards" loaded.
INFO - 2021-01-18 10:38:30 --> Fetching Dashboard details
INFO - 2021-01-18 10:38:30 --> Controller "App\Controllers\SchedulePlanner" loaded.
INFO - 2021-01-18 10:38:30 --> Fetching IIQA Details
INFO - 2021-01-18 10:39:25 --> Controller "App\Controllers\SchedulePlanner" loaded.
INFO - 2021-01-18 10:39:25 --> Controller "App\Controllers\Dashboards" loaded.
INFO - 2021-01-18 10:39:25 --> Fetching IIQA Details
INFO - 2021-01-18 10:39:25 --> Fetching Dashboard details
INFO - 2021-01-18 10:39:53 --> Controller "App\Controllers\Dashboards" loaded.
INFO - 2021-01-18 10:39:53 --> Controller "App\Controllers\SchedulePlanner" loaded.
INFO - 2021-01-18 10:39:53 --> Fetching Dashboard details
INFO - 2021-01-18 10:39:53 --> Fetching IIQA Details
INFO - 2021-01-18 10:42:52 --> Controller "App\Controllers\Dashboards" loaded.
INFO - 2021-01-18 10:42:52 --> Fetching Dashboard details
INFO - 2021-01-18 10:42:52 --> Controller "App\Controllers\SchedulePlanner" loaded.
INFO - 2021-01-18 10:42:52 --> Fetching IIQA Details
INFO - 2021-01-18 10:44:59 --> Controller "App\Controllers\Dashboards" loaded.
INFO - 2021-01-18 10:44:59 --> Controller "App\Controllers\SchedulePlanner" loaded.
INFO - 2021-01-18 10:44:59 --> Fetching Dashboard details
INFO - 2021-01-18 10:44:59 --> Fetching IIQA Details
INFO - 2021-01-18 10:46:34 --> Controller "App\Controllers\SchedulePlanner" loaded.
INFO - 2021-01-18 10:46:34 --> Controller "App\Controllers\Dashboards" loaded.
INFO - 2021-01-18 10:46:34 --> Fetching IIQA Details
INFO - 2021-01-18 10:46:34 --> Fetching Dashboard details
INFO - 2021-01-18 10:49:54 --> Controller "App\Controllers\SchedulePlanner" loaded.
INFO - 2021-01-18 10:49:54 --> Fetching IIQA Details
INFO - 2021-01-18 10:49:54 --> Controller "App\Controllers\Dashboards" loaded.
INFO - 2021-01-18 10:49:54 --> Fetching Dashboard details
INFO - 2021-01-18 11:08:48 --> Controller "App\Controllers\Dashboards" loaded.
INFO - 2021-01-18 11:08:48 --> Controller "App\Controllers\SchedulePlanner" loaded.
INFO - 2021-01-18 11:08:48 --> Fetching Dashboard details
INFO - 2021-01-18 11:08:48 --> Fetching IIQA Details
INFO - 2021-01-18 11:10:21 --> Controller "App\Controllers\Dashboards" loaded.
INFO - 2021-01-18 11:10:21 --> Controller "App\Controllers\SchedulePlanner" loaded.
INFO - 2021-01-18 11:10:21 --> Fetching IIQA Details
INFO - 2021-01-18 11:10:21 --> Fetching Dashboard details
INFO - 2021-01-18 11:20:05 --> Controller "App\Controllers\Dashboards" loaded.
INFO - 2021-01-18 11:20:05 --> Controller "App\Controllers\SchedulePlanner" loaded.
INFO - 2021-01-18 11:20:05 --> Fetching IIQA Details
INFO - 2021-01-18 11:20:05 --> Fetching Dashboard details
INFO - 2021-01-18 11:22:50 --> Controller "App\Controllers\SchedulePlanner" loaded.
INFO - 2021-01-18 11:22:50 --> Fetching IIQA Details
INFO - 2021-01-18 11:22:50 --> Controller "App\Controllers\Dashboards" loaded.
INFO - 2021-01-18 11:22:50 --> Fetching Dashboard details
INFO - 2021-01-18 11:23:34 --> Controller "App\Controllers\Dashboards" loaded.
INFO - 2021-01-18 11:23:34 --> Fetching Dashboard details
INFO - 2021-01-18 11:23:34 --> Controller "App\Controllers\SchedulePlanner" loaded.
INFO - 2021-01-18 11:23:34 --> Fetching IIQA Details
INFO - 2021-01-18 11:25:57 --> Controller "App\Controllers\SchedulePlanner" loaded.
INFO - 2021-01-18 11:25:57 --> Controller "App\Controllers\Dashboards" loaded.
INFO - 2021-01-18 11:25:57 --> Fetching IIQA Details
INFO - 2021-01-18 11:25:57 --> Fetching Dashboard details
INFO - 2021-01-18 11:26:01 --> Controller "App\Controllers\Pricing" loaded.
INFO - 2021-01-18 11:26:01 --> Fetching IIQA Details
INFO - 2021-01-18 11:29:22 --> Controller "App\Controllers\Dashboards" loaded.
INFO - 2021-01-18 11:29:22 --> Fetching Dashboard details
INFO - 2021-01-18 11:29:22 --> Controller "App\Controllers\SchedulePlanner" loaded.
INFO - 2021-01-18 11:29:22 --> Fetching IIQA Details
INFO - 2021-01-18 11:29:24 --> Controller "App\Controllers\Pricing" loaded.
INFO - 2021-01-18 11:29:24 --> Fetching IIQA Details
INFO - 2021-01-18 11:30:33 --> Controller "App\Controllers\Dashboards" loaded.
INFO - 2021-01-18 11:30:33 --> Controller "App\Controllers\SchedulePlanner" loaded.
INFO - 2021-01-18 11:30:33 --> Fetching IIQA Details
INFO - 2021-01-18 11:30:33 --> Fetching Dashboard details
INFO - 2021-01-18 11:30:37 --> Controller "App\Controllers\Pricing" loaded.
INFO - 2021-01-18 11:30:37 --> Fetching IIQA Details
INFO - 2021-01-18 11:32:47 --> Controller "App\Controllers\Dashboards" loaded.
INFO - 2021-01-18 11:32:47 --> Fetching Dashboard details
INFO - 2021-01-18 11:32:47 --> Controller "App\Controllers\SchedulePlanner" loaded.
INFO - 2021-01-18 11:32:47 --> Fetching IIQA Details
INFO - 2021-01-18 11:32:50 --> Controller "App\Controllers\Pricing" loaded.
INFO - 2021-01-18 11:32:50 --> Fetching IIQA Details
INFO - 2021-01-18 11:33:22 --> Controller "App\Controllers\Dashboards" loaded.
INFO - 2021-01-18 11:33:22 --> Fetching Dashboard details
INFO - 2021-01-18 11:33:22 --> Controller "App\Controllers\SchedulePlanner" loaded.
INFO - 2021-01-18 11:33:22 --> Fetching IIQA Details
INFO - 2021-01-18 11:33:30 --> Controller "App\Controllers\Pricing" loaded.
INFO - 2021-01-18 11:33:30 --> Fetching IIQA Details
INFO - 2021-01-18 11:38:37 --> Controller "App\Controllers\Dashboards" loaded.
INFO - 2021-01-18 11:38:37 --> Controller "App\Controllers\SchedulePlanner" loaded.
INFO - 2021-01-18 11:38:37 --> Fetching IIQA Details
INFO - 2021-01-18 11:38:37 --> Fetching Dashboard details
INFO - 2021-01-18 11:38:40 --> Controller "App\Controllers\Pricing" loaded.
INFO - 2021-01-18 11:38:40 --> Fetching IIQA Details
INFO - 2021-01-18 11:41:50 --> Controller "App\Controllers\SchedulePlanner" loaded.
INFO - 2021-01-18 11:41:50 --> Controller "App\Controllers\Dashboards" loaded.
INFO - 2021-01-18 11:41:50 --> Fetching IIQA Details
INFO - 2021-01-18 11:41:50 --> Fetching Dashboard details
INFO - 2021-01-18 11:42:05 --> Controller "App\Controllers\Dashboards" loaded.
INFO - 2021-01-18 11:42:05 --> Controller "App\Controllers\SchedulePlanner" loaded.
INFO - 2021-01-18 11:42:05 --> Fetching IIQA Details
INFO - 2021-01-18 11:42:05 --> Fetching Dashboard details
INFO - 2021-01-18 11:42:14 --> Controller "App\Controllers\Pricing" loaded.
INFO - 2021-01-18 11:42:14 --> Fetching IIQA Details
INFO - 2021-01-18 11:49:34 --> Controller "App\Controllers\SchedulePlanner" loaded.
INFO - 2021-01-18 11:49:34 --> Controller "App\Controllers\Dashboards" loaded.
INFO - 2021-01-18 11:49:34 --> Fetching IIQA Details
INFO - 2021-01-18 11:49:34 --> Fetching Dashboard details
INFO - 2021-01-18 11:49:59 --> Controller "App\Controllers\Pricing" loaded.
INFO - 2021-01-18 11:49:59 --> Fetching IIQA Details
INFO - 2021-01-18 11:51:29 --> Controller "App\Controllers\Dashboards" loaded.
INFO - 2021-01-18 11:51:29 --> Fetching Dashboard details
INFO - 2021-01-18 11:51:29 --> Controller "App\Controllers\SchedulePlanner" loaded.
INFO - 2021-01-18 11:51:29 --> Fetching IIQA Details
INFO - 2021-01-18 11:51:36 --> Controller "App\Controllers\Pricing" loaded.
INFO - 2021-01-18 11:51:36 --> Fetching IIQA Details
INFO - 2021-01-18 16:14:26 --> Controller "App\Controllers\Pricing" loaded.
INFO - 2021-01-18 16:14:26 --> Fetching IIQA Details
INFO - 2021-01-18 16:17:38 --> Controller "App\Controllers\Dashboards" loaded.
INFO - 2021-01-18 16:17:38 --> Controller "App\Controllers\SchedulePlanner" loaded.
INFO - 2021-01-18 16:17:38 --> Fetching IIQA Details
INFO - 2021-01-18 16:17:38 --> Fetching Dashboard details
INFO - 2021-01-18 16:17:41 --> Controller "App\Controllers\Pricing" loaded.
INFO - 2021-01-18 16:17:41 --> Fetching IIQA Details
INFO - 2021-01-18 16:27:59 --> Controller "App\Controllers\Dashboards" loaded.
INFO - 2021-01-18 16:27:59 --> Controller "App\Controllers\SchedulePlanner" loaded.
INFO - 2021-01-18 16:27:59 --> Fetching Dashboard details
INFO - 2021-01-18 16:27:59 --> Fetching IIQA Details
INFO - 2021-01-18 16:28:01 --> Controller "App\Controllers\UserMenu" loaded.
INFO - 2021-01-18 16:28:01 --> Fetching IIQA Details
INFO - 2021-01-18 16:28:02 --> Controller "App\Controllers\UserMenu" loaded.
INFO - 2021-01-18 16:28:02 --> Fetching IIQA Details
INFO - 2021-01-18 16:30:10 --> Controller "App\Controllers\Dashboards" loaded.
INFO - 2021-01-18 16:30:10 --> Fetching Dashboard details
INFO - 2021-01-18 16:30:10 --> Controller "App\Controllers\SchedulePlanner" loaded.
INFO - 2021-01-18 16:30:10 --> Fetching IIQA Details
INFO - 2021-01-18 16:30:13 --> Controller "App\Controllers\UserMenu" loaded.
INFO - 2021-01-18 16:30:13 --> Fetching IIQA Details
INFO - 2021-01-18 16:30:13 --> Controller "App\Controllers\UserMenu" loaded.
INFO - 2021-01-18 16:30:13 --> Fetching IIQA Details
INFO - 2021-01-18 16:31:15 --> Controller "App\Controllers\Dashboards" loaded.
INFO - 2021-01-18 16:31:15 --> Fetching Dashboard details
INFO - 2021-01-18 16:31:15 --> Controller "App\Controllers\SchedulePlanner" loaded.
INFO - 2021-01-18 16:31:15 --> Fetching IIQA Details
INFO - 2021-01-18 16:34:35 --> Controller "App\Controllers\Dashboards" loaded.
INFO - 2021-01-18 16:34:35 --> Fetching Dashboard details
INFO - 2021-01-18 16:34:35 --> Controller "App\Controllers\SchedulePlanner" loaded.
INFO - 2021-01-18 16:34:35 --> Fetching IIQA Details
INFO - 2021-01-18 16:35:31 --> Controller "App\Controllers\UserMenu" loaded.
INFO - 2021-01-18 16:35:31 --> Controller "App\Controllers\UserMenu" loaded.
INFO - 2021-01-18 16:35:31 --> Fetching IIQA Details
INFO - 2021-01-18 16:35:31 --> Fetching IIQA Details
INFO - 2021-01-18 16:37:37 --> Controller "App\Controllers\Dashboards" loaded.
INFO - 2021-01-18 16:37:37 --> Fetching Dashboard details
INFO - 2021-01-18 16:37:37 --> Controller "App\Controllers\SchedulePlanner" loaded.
INFO - 2021-01-18 16:37:37 --> Fetching IIQA Details
INFO - 2021-01-18 16:38:16 --> Controller "App\Controllers\UserMenu" loaded.
INFO - 2021-01-18 16:38:16 --> Fetching IIQA Details
INFO - 2021-01-18 16:38:16 --> Controller "App\Controllers\UserMenu" loaded.
INFO - 2021-01-18 16:38:16 --> Fetching IIQA Details
INFO - 2021-01-18 16:44:54 --> Controller "App\Controllers\Dashboards" loaded.
INFO - 2021-01-18 16:44:54 --> Fetching Dashboard details
INFO - 2021-01-18 16:44:54 --> Controller "App\Controllers\SchedulePlanner" loaded.
INFO - 2021-01-18 16:44:54 --> Fetching IIQA Details
INFO - 2021-01-18 16:45:15 --> Controller "App\Controllers\UserMenu" loaded.
INFO - 2021-01-18 16:45:15 --> Fetching IIQA Details
INFO - 2021-01-18 16:45:15 --> Controller "App\Controllers\UserMenu" loaded.
INFO - 2021-01-18 16:45:15 --> Fetching IIQA Details
INFO - 2021-01-18 16:45:39 --> Controller "App\Controllers\Dashboards" loaded.
INFO - 2021-01-18 16:45:39 --> Controller "App\Controllers\SchedulePlanner" loaded.
INFO - 2021-01-18 16:45:39 --> Fetching IIQA Details
INFO - 2021-01-18 16:45:39 --> Fetching Dashboard details
INFO - 2021-01-18 16:45:47 --> Controller "App\Controllers\Dashboards" loaded.
INFO - 2021-01-18 16:45:47 --> Fetching Dashboard details
INFO - 2021-01-18 16:45:47 --> Controller "App\Controllers\SchedulePlanner" loaded.
INFO - 2021-01-18 16:45:47 --> Fetching IIQA Details
INFO - 2021-01-18 16:45:48 --> Controller "App\Controllers\UserMenu" loaded.
INFO - 2021-01-18 16:45:48 --> Fetching IIQA Details
INFO - 2021-01-18 16:45:48 --> Controller "App\Controllers\UserMenu" loaded.
INFO - 2021-01-18 16:45:48 --> Fetching IIQA Details
INFO - 2021-01-18 16:48:33 --> Controller "App\Controllers\Pricing" loaded.
INFO - 2021-01-18 16:48:33 --> Fetching IIQA Details
INFO - 2021-01-18 16:48:34 --> Controller "App\Controllers\UserMenu" loaded.
INFO - 2021-01-18 16:48:34 --> Fetching IIQA Details
INFO - 2021-01-18 16:48:35 --> Controller "App\Controllers\UserMenu" loaded.
INFO - 2021-01-18 16:48:35 --> Fetching IIQA Details
INFO - 2021-01-18 16:49:48 --> Controller "App\Controllers\Pricing" loaded.
INFO - 2021-01-18 16:49:48 --> Fetching IIQA Details
INFO - 2021-01-18 16:50:38 --> Controller "App\Controllers\SchedulePlanner" loaded.
INFO - 2021-01-18 16:50:38 --> Fetching IIQA Details
INFO - 2021-01-18 16:50:38 --> Controller "App\Controllers\Dashboards" loaded.
INFO - 2021-01-18 16:50:38 --> Fetching Dashboard details
INFO - 2021-01-18 16:50:45 --> Controller "App\Controllers\UserMenu" loaded.
INFO - 2021-01-18 16:50:45 --> Fetching IIQA Details
INFO - 2021-01-18 16:50:45 --> Controller "App\Controllers\UserMenu" loaded.
INFO - 2021-01-18 16:50:45 --> Fetching IIQA Details
INFO - 2021-01-18 16:50:49 --> Controller "App\Controllers\UserMenu" loaded.
INFO - 2021-01-18 16:50:49 --> Fetching IIQA Details
INFO - 2021-01-18 16:50:49 --> Controller "App\Controllers\UserMenu" loaded.
INFO - 2021-01-18 16:50:49 --> Fetching IIQA Details
INFO - 2021-01-18 16:50:56 --> Controller "App\Controllers\Pricing" loaded.
INFO - 2021-01-18 16:50:56 --> Fetching IIQA Details
INFO - 2021-01-18 16:51:01 --> Controller "App\Controllers\SchedulePlanner" loaded.
INFO - 2021-01-18 16:51:01 --> Controller "App\Controllers\Dashboards" loaded.
INFO - 2021-01-18 16:51:01 --> Fetching IIQA Details
INFO - 2021-01-18 16:51:01 --> Fetching Dashboard details
INFO - 2021-01-18 16:51:16 --> Controller "App\Controllers\UserMenu" loaded.
INFO - 2021-01-18 16:51:16 --> Fetching IIQA Details
INFO - 2021-01-18 16:51:16 --> Controller "App\Controllers\UserMenu" loaded.
INFO - 2021-01-18 16:51:16 --> Fetching IIQA Details
INFO - 2021-01-18 16:52:37 --> Controller "App\Controllers\Dashboards" loaded.
INFO - 2021-01-18 16:52:37 --> Controller "App\Controllers\SchedulePlanner" loaded.
INFO - 2021-01-18 16:52:37 --> Fetching Dashboard details
INFO - 2021-01-18 16:52:37 --> Fetching IIQA Details
INFO - 2021-01-18 16:53:59 --> Controller "App\Controllers\Dashboards" loaded.
INFO - 2021-01-18 16:53:59 --> Fetching Dashboard details
INFO - 2021-01-18 16:53:59 --> Controller "App\Controllers\SchedulePlanner" loaded.
INFO - 2021-01-18 16:53:59 --> Fetching IIQA Details
INFO - 2021-01-18 16:54:25 --> Controller "App\Controllers\Dashboards" loaded.
INFO - 2021-01-18 16:54:25 --> Fetching Dashboard details
INFO - 2021-01-18 16:54:25 --> Controller "App\Controllers\SchedulePlanner" loaded.
INFO - 2021-01-18 16:54:25 --> Fetching IIQA Details
INFO - 2021-01-18 16:54:53 --> Controller "App\Controllers\Dashboards" loaded.
INFO - 2021-01-18 16:54:53 --> Controller "App\Controllers\SchedulePlanner" loaded.
INFO - 2021-01-18 16:54:53 --> Fetching IIQA Details
INFO - 2021-01-18 16:54:53 --> Fetching Dashboard details
INFO - 2021-01-18 16:55:36 --> Controller "App\Controllers\Dashboards" loaded.
INFO - 2021-01-18 16:55:36 --> Fetching Dashboard details
INFO - 2021-01-18 16:55:36 --> Controller "App\Controllers\SchedulePlanner" loaded.
INFO - 2021-01-18 16:55:36 --> Fetching IIQA Details
INFO - 2021-01-18 16:58:24 --> Controller "App\Controllers\SchedulePlanner" loaded.
INFO - 2021-01-18 16:58:24 --> Controller "App\Controllers\Dashboards" loaded.
INFO - 2021-01-18 16:58:24 --> Fetching Dashboard details
INFO - 2021-01-18 16:58:24 --> Fetching IIQA Details
INFO - 2021-01-18 16:58:34 --> Controller "App\Controllers\UserMenu" loaded.
INFO - 2021-01-18 16:58:34 --> Fetching IIQA Details
INFO - 2021-01-18 16:58:34 --> Controller "App\Controllers\UserMenu" loaded.
INFO - 2021-01-18 16:58:34 --> Controller "App\Controllers\UserMenu" loaded.
INFO - 2021-01-18 16:58:34 --> Controller "App\Controllers\UserMenu" loaded.
INFO - 2021-01-18 16:58:34 --> Fetching IIQA Details
INFO - 2021-01-18 16:58:34 --> Fetching IIQA Details
INFO - 2021-01-18 16:58:34 --> Fetching IIQA Details
INFO - 2021-01-18 17:00:05 --> Controller "App\Controllers\Dashboards" loaded.
INFO - 2021-01-18 17:00:05 --> Fetching Dashboard details
INFO - 2021-01-18 17:00:05 --> Controller "App\Controllers\SchedulePlanner" loaded.
INFO - 2021-01-18 17:00:05 --> Fetching IIQA Details
INFO - 2021-01-18 17:00:08 --> Controller "App\Controllers\UserMenu" loaded.
INFO - 2021-01-18 17:00:08 --> Fetching IIQA Details
INFO - 2021-01-18 17:00:08 --> Controller "App\Controllers\UserMenu" loaded.
INFO - 2021-01-18 17:00:08 --> Fetching IIQA Details
INFO - 2021-01-18 17:00:08 --> Controller "App\Controllers\UserMenu" loaded.
INFO - 2021-01-18 17:00:08 --> Fetching IIQA Details
INFO - 2021-01-18 17:00:08 --> Controller "App\Controllers\UserMenu" loaded.
INFO - 2021-01-18 17:00:08 --> Fetching IIQA Details
INFO - 2021-01-18 17:09:49 --> Controller "App\Controllers\Dashboards" loaded.
INFO - 2021-01-18 17:09:49 --> Controller "App\Controllers\SchedulePlanner" loaded.
INFO - 2021-01-18 17:09:49 --> Fetching IIQA Details
INFO - 2021-01-18 17:09:49 --> Fetching Dashboard details
INFO - 2021-01-18 17:09:51 --> Controller "App\Controllers\UserMenu" loaded.
INFO - 2021-01-18 17:09:51 --> Fetching IIQA Details
INFO - 2021-01-18 17:09:51 --> Controller "App\Controllers\UserMenu" loaded.
INFO - 2021-01-18 17:09:51 --> Fetching IIQA Details
INFO - 2021-01-18 17:09:51 --> Controller "App\Controllers\UserMenu" loaded.
INFO - 2021-01-18 17:09:51 --> Fetching IIQA Details
INFO - 2021-01-18 17:09:51 --> Controller "App\Controllers\UserMenu" loaded.
INFO - 2021-01-18 17:09:51 --> Fetching IIQA Details
INFO - 2021-01-18 17:10:10 --> Controller "App\Controllers\Pricing" loaded.
INFO - 2021-01-18 17:10:10 --> Fetching IIQA Details
INFO - 2021-01-18 17:10:12 --> Controller "App\Controllers\UserMenu" loaded.
INFO - 2021-01-18 17:10:12 --> Fetching IIQA Details
INFO - 2021-01-18 17:10:12 --> Controller "App\Controllers\UserMenu" loaded.
INFO - 2021-01-18 17:10:12 --> Fetching IIQA Details
INFO - 2021-01-18 17:10:52 --> Controller "App\Controllers\Pricing" loaded.
INFO - 2021-01-18 17:10:52 --> Fetching IIQA Details
INFO - 2021-01-18 17:11:56 --> Controller "App\Controllers\Pricing" loaded.
INFO - 2021-01-18 17:11:56 --> Fetching IIQA Details
INFO - 2021-01-18 17:12:00 --> Controller "App\Controllers\Dashboards" loaded.
INFO - 2021-01-18 17:12:00 --> Fetching Dashboard details
INFO - 2021-01-18 17:12:00 --> Controller "App\Controllers\SchedulePlanner" loaded.
INFO - 2021-01-18 17:12:00 --> Fetching IIQA Details
INFO - 2021-01-18 17:12:01 --> Controller "App\Controllers\UserMenu" loaded.
INFO - 2021-01-18 17:12:01 --> Fetching IIQA Details
INFO - 2021-01-18 17:12:02 --> Controller "App\Controllers\UserMenu" loaded.
INFO - 2021-01-18 17:12:02 --> Controller "App\Controllers\UserMenu" loaded.
INFO - 2021-01-18 17:12:02 --> Controller "App\Controllers\UserMenu" loaded.
INFO - 2021-01-18 17:12:02 --> Fetching IIQA Details
INFO - 2021-01-18 17:12:02 --> Fetching IIQA Details
INFO - 2021-01-18 17:12:02 --> Fetching IIQA Details
INFO - 2021-01-18 17:12:45 --> Controller "App\Controllers\Dashboards" loaded.
INFO - 2021-01-18 17:12:45 --> Controller "App\Controllers\SchedulePlanner" loaded.
INFO - 2021-01-18 17:12:45 --> Fetching Dashboard details
INFO - 2021-01-18 17:12:45 --> Fetching IIQA Details
INFO - 2021-01-18 17:18:14 --> Controller "App\Controllers\Dashboards" loaded.
INFO - 2021-01-18 17:18:14 --> Fetching Dashboard details
INFO - 2021-01-18 17:18:14 --> Controller "App\Controllers\SchedulePlanner" loaded.
INFO - 2021-01-18 17:18:14 --> Fetching IIQA Details
INFO - 2021-01-18 17:18:17 --> Controller "App\Controllers\UserMenu" loaded.
INFO - 2021-01-18 17:18:17 --> Fetching IIQA Details
INFO - 2021-01-18 17:18:17 --> Controller "App\Controllers\UserMenu" loaded.
INFO - 2021-01-18 17:18:17 --> Fetching IIQA Details
INFO - 2021-01-18 17:18:17 --> Controller "App\Controllers\UserMenu" loaded.
INFO - 2021-01-18 17:18:17 --> Controller "App\Controllers\UserMenu" loaded.
INFO - 2021-01-18 17:18:17 --> Fetching IIQA Details
INFO - 2021-01-18 17:18:17 --> Fetching IIQA Details
INFO - 2021-01-18 17:20:30 --> Controller "App\Controllers\Dashboards" loaded.
INFO - 2021-01-18 17:20:30 --> Fetching Dashboard details
INFO - 2021-01-18 17:20:30 --> Controller "App\Controllers\SchedulePlanner" loaded.
INFO - 2021-01-18 17:20:30 --> Fetching IIQA Details
INFO - 2021-01-18 17:21:38 --> Controller "App\Controllers\Dashboards" loaded.
INFO - 2021-01-18 17:21:38 --> Fetching Dashboard details
INFO - 2021-01-18 17:21:38 --> Controller "App\Controllers\SchedulePlanner" loaded.
INFO - 2021-01-18 17:21:38 --> Fetching IIQA Details
INFO - 2021-01-18 17:23:28 --> Controller "App\Controllers\Dashboards" loaded.
INFO - 2021-01-18 17:23:28 --> Fetching Dashboard details
INFO - 2021-01-18 17:23:28 --> Controller "App\Controllers\SchedulePlanner" loaded.
INFO - 2021-01-18 17:23:28 --> Fetching IIQA Details
INFO - 2021-01-18 17:24:02 --> Controller "App\Controllers\SchedulePlanner" loaded.
INFO - 2021-01-18 17:24:02 --> Fetching IIQA Details
INFO - 2021-01-18 17:24:02 --> Controller "App\Controllers\Dashboards" loaded.
INFO - 2021-01-18 17:24:02 --> Fetching Dashboard details
INFO - 2021-01-18 17:24:04 --> Controller "App\Controllers\UserMenu" loaded.
INFO - 2021-01-18 17:24:04 --> Fetching IIQA Details
INFO - 2021-01-18 17:24:04 --> Controller "App\Controllers\UserMenu" loaded.
INFO - 2021-01-18 17:24:04 --> Controller "App\Controllers\UserMenu" loaded.
INFO - 2021-01-18 17:24:04 --> Fetching IIQA Details
INFO - 2021-01-18 17:24:04 --> Fetching IIQA Details
INFO - 2021-01-18 17:24:04 --> Controller "App\Controllers\UserMenu" loaded.
INFO - 2021-01-18 17:24:04 --> Fetching IIQA Details
INFO - 2021-01-18 17:26:02 --> Controller "App\Controllers\Dashboards" loaded.
INFO - 2021-01-18 17:26:02 --> Fetching Dashboard details
INFO - 2021-01-18 17:26:02 --> Controller "App\Controllers\SchedulePlanner" loaded.
INFO - 2021-01-18 17:26:02 --> Fetching IIQA Details
INFO - 2021-01-18 17:26:58 --> Controller "App\Controllers\Dashboards" loaded.
INFO - 2021-01-18 17:26:58 --> Fetching Dashboard details
INFO - 2021-01-18 17:26:58 --> Controller "App\Controllers\SchedulePlanner" loaded.
INFO - 2021-01-18 17:26:58 --> Fetching IIQA Details
INFO - 2021-01-18 17:28:46 --> Controller "App\Controllers\Dashboards" loaded.
INFO - 2021-01-18 17:28:46 --> Fetching Dashboard details
INFO - 2021-01-18 17:28:46 --> Controller "App\Controllers\SchedulePlanner" loaded.
INFO - 2021-01-18 17:28:46 --> Fetching IIQA Details
INFO - 2021-01-18 17:30:00 --> Controller "App\Controllers\Dashboards" loaded.
INFO - 2021-01-18 17:30:00 --> Controller "App\Controllers\SchedulePlanner" loaded.
INFO - 2021-01-18 17:30:00 --> Fetching IIQA Details
INFO - 2021-01-18 17:30:00 --> Fetching Dashboard details
INFO - 2021-01-18 17:30:03 --> Controller "App\Controllers\UserMenu" loaded.
INFO - 2021-01-18 17:30:03 --> Fetching IIQA Details
INFO - 2021-01-18 17:30:03 --> Controller "App\Controllers\UserMenu" loaded.
INFO - 2021-01-18 17:30:03 --> Controller "App\Controllers\UserMenu" loaded.
INFO - 2021-01-18 17:30:03 --> Fetching IIQA Details
INFO - 2021-01-18 17:30:03 --> Fetching IIQA Details
INFO - 2021-01-18 17:30:03 --> Controller "App\Controllers\UserMenu" loaded.
INFO - 2021-01-18 17:30:03 --> Fetching IIQA Details
INFO - 2021-01-18 17:30:40 --> Controller "App\Controllers\Dashboards" loaded.
INFO - 2021-01-18 17:30:40 --> Fetching Dashboard details
INFO - 2021-01-18 17:30:40 --> Controller "App\Controllers\SchedulePlanner" loaded.
INFO - 2021-01-18 17:30:40 --> Fetching IIQA Details
INFO - 2021-01-18 17:30:43 --> Controller "App\Controllers\UserMenu" loaded.
INFO - 2021-01-18 17:30:43 --> Controller "App\Controllers\UserMenu" loaded.
INFO - 2021-01-18 17:30:43 --> Fetching IIQA Details
INFO - 2021-01-18 17:30:43 --> Controller "App\Controllers\UserMenu" loaded.
INFO - 2021-01-18 17:30:43 --> Fetching IIQA Details
INFO - 2021-01-18 17:30:43 --> Fetching IIQA Details
INFO - 2021-01-18 17:30:43 --> Controller "App\Controllers\UserMenu" loaded.
INFO - 2021-01-18 17:30:43 --> Fetching IIQA Details
INFO - 2021-01-18 17:31:22 --> Controller "App\Controllers\Dashboards" loaded.
INFO - 2021-01-18 17:31:22 --> Fetching Dashboard details
INFO - 2021-01-18 17:31:22 --> Controller "App\Controllers\SchedulePlanner" loaded.
INFO - 2021-01-18 17:31:22 --> Fetching IIQA Details
INFO - 2021-01-18 17:31:47 --> Controller "App\Controllers\UserMenu" loaded.
INFO - 2021-01-18 17:31:47 --> Fetching IIQA Details
INFO - 2021-01-18 17:31:47 --> Controller "App\Controllers\UserMenu" loaded.
INFO - 2021-01-18 17:31:47 --> Fetching IIQA Details
INFO - 2021-01-18 17:31:47 --> Controller "App\Controllers\UserMenu" loaded.
INFO - 2021-01-18 17:31:47 --> Controller "App\Controllers\UserMenu" loaded.
INFO - 2021-01-18 17:31:47 --> Fetching IIQA Details
INFO - 2021-01-18 17:31:47 --> Fetching IIQA Details
INFO - 2021-01-18 17:33:41 --> Controller "App\Controllers\Dashboards" loaded.
INFO - 2021-01-18 17:33:41 --> Fetching Dashboard details
INFO - 2021-01-18 17:33:41 --> Controller "App\Controllers\SchedulePlanner" loaded.
INFO - 2021-01-18 17:33:41 --> Fetching IIQA Details
INFO - 2021-01-18 17:36:35 --> Controller "App\Controllers\UserMenu" loaded.
INFO - 2021-01-18 17:36:35 --> Controller "App\Controllers\UserMenu" loaded.
INFO - 2021-01-18 17:36:35 --> Fetching IIQA Details
INFO - 2021-01-18 17:36:35 --> Controller "App\Controllers\UserMenu" loaded.
INFO - 2021-01-18 17:36:35 --> Controller "App\Controllers\UserMenu" loaded.
INFO - 2021-01-18 17:36:35 --> Fetching IIQA Details
INFO - 2021-01-18 17:36:35 --> Fetching IIQA Details
INFO - 2021-01-18 17:36:35 --> Fetching IIQA Details
INFO - 2021-01-18 17:40:33 --> Controller "App\Controllers\Dashboards" loaded.
INFO - 2021-01-18 17:40:33 --> Fetching Dashboard details
INFO - 2021-01-18 17:40:33 --> Controller "App\Controllers\SchedulePlanner" loaded.
INFO - 2021-01-18 17:40:33 --> Fetching IIQA Details
INFO - 2021-01-18 17:41:11 --> Controller "App\Controllers\SchedulePlanner" loaded.
INFO - 2021-01-18 17:41:11 --> Controller "App\Controllers\Dashboards" loaded.
INFO - 2021-01-18 17:41:11 --> Fetching IIQA Details
INFO - 2021-01-18 17:41:11 --> Fetching Dashboard details
INFO - 2021-01-18 17:42:43 --> Controller "App\Controllers\Dashboards" loaded.
INFO - 2021-01-18 17:42:43 --> Fetching Dashboard details
INFO - 2021-01-18 17:42:43 --> Controller "App\Controllers\SchedulePlanner" loaded.
INFO - 2021-01-18 17:42:43 --> Fetching IIQA Details
INFO - 2021-01-18 17:45:45 --> Controller "App\Controllers\Dashboards" loaded.
INFO - 2021-01-18 17:45:45 --> Fetching Dashboard details
INFO - 2021-01-18 17:45:45 --> Controller "App\Controllers\SchedulePlanner" loaded.
INFO - 2021-01-18 17:45:45 --> Fetching IIQA Details
INFO - 2021-01-18 17:45:48 --> Controller "App\Controllers\UserMenu" loaded.
INFO - 2021-01-18 17:45:48 --> Fetching IIQA Details
INFO - 2021-01-18 17:45:48 --> Controller "App\Controllers\UserMenu" loaded.
INFO - 2021-01-18 17:45:48 --> Fetching IIQA Details
INFO - 2021-01-18 17:45:48 --> Controller "App\Controllers\UserMenu" loaded.
INFO - 2021-01-18 17:45:48 --> Controller "App\Controllers\UserMenu" loaded.
INFO - 2021-01-18 17:45:48 --> Fetching IIQA Details
INFO - 2021-01-18 17:45:48 --> Fetching IIQA Details
INFO - 2021-01-18 17:48:01 --> Controller "App\Controllers\Dashboards" loaded.
INFO - 2021-01-18 17:48:01 --> Controller "App\Controllers\SchedulePlanner" loaded.
INFO - 2021-01-18 17:48:01 --> Fetching IIQA Details
INFO - 2021-01-18 17:48:01 --> Fetching Dashboard details
INFO - 2021-01-18 17:48:30 --> Controller "App\Controllers\Dashboards" loaded.
INFO - 2021-01-18 17:48:30 --> Fetching Dashboard details
INFO - 2021-01-18 17:48:30 --> Controller "App\Controllers\SchedulePlanner" loaded.
INFO - 2021-01-18 17:48:30 --> Fetching IIQA Details
INFO - 2021-01-18 17:48:56 --> Controller "App\Controllers\SchedulePlanner" loaded.
INFO - 2021-01-18 17:48:56 --> Controller "App\Controllers\Dashboards" loaded.
INFO - 2021-01-18 17:48:56 --> Fetching Dashboard details
INFO - 2021-01-18 17:48:56 --> Fetching IIQA Details
INFO - 2021-01-18 17:48:59 --> Controller "App\Controllers\UserMenu" loaded.
INFO - 2021-01-18 17:48:59 --> Fetching IIQA Details
INFO - 2021-01-18 17:48:59 --> Controller "App\Controllers\UserMenu" loaded.
INFO - 2021-01-18 17:48:59 --> Fetching IIQA Details
INFO - 2021-01-18 17:51:47 --> Controller "App\Controllers\Dashboards" loaded.
INFO - 2021-01-18 17:51:47 --> Fetching Dashboard details
INFO - 2021-01-18 17:51:48 --> Controller "App\Controllers\SchedulePlanner" loaded.
INFO - 2021-01-18 17:51:48 --> Fetching IIQA Details
INFO - 2021-01-18 17:54:07 --> Controller "App\Controllers\Dashboards" loaded.
INFO - 2021-01-18 17:54:07 --> Fetching Dashboard details
INFO - 2021-01-18 17:54:07 --> Controller "App\Controllers\SchedulePlanner" loaded.
INFO - 2021-01-18 17:54:07 --> Fetching IIQA Details
INFO - 2021-01-18 17:54:50 --> Controller "App\Controllers\Dashboards" loaded.
INFO - 2021-01-18 17:54:50 --> Fetching Dashboard details
INFO - 2021-01-18 17:54:50 --> Controller "App\Controllers\SchedulePlanner" loaded.
INFO - 2021-01-18 17:54:50 --> Fetching IIQA Details
INFO - 2021-01-18 17:56:28 --> Controller "App\Controllers\Dashboards" loaded.
INFO - 2021-01-18 17:56:28 --> Controller "App\Controllers\SchedulePlanner" loaded.
INFO - 2021-01-18 17:56:28 --> Fetching Dashboard details
INFO - 2021-01-18 17:56:28 --> Fetching IIQA Details
INFO - 2021-01-18 17:56:33 --> Controller "App\Controllers\UserMenu" loaded.
INFO - 2021-01-18 17:56:33 --> Fetching IIQA Details
INFO - 2021-01-18 17:56:33 --> Controller "App\Controllers\UserMenu" loaded.
INFO - 2021-01-18 17:56:33 --> Fetching IIQA Details
INFO - 2021-01-18 17:57:42 --> Controller "App\Controllers\SchedulePlanner" loaded.
INFO - 2021-01-18 17:57:42 --> Controller "App\Controllers\Dashboards" loaded.
INFO - 2021-01-18 17:57:42 --> Fetching IIQA Details
INFO - 2021-01-18 17:57:42 --> Fetching Dashboard details
INFO - 2021-01-18 17:57:44 --> Controller "App\Controllers\UserMenu" loaded.
INFO - 2021-01-18 17:57:44 --> Fetching IIQA Details
INFO - 2021-01-18 17:57:44 --> Controller "App\Controllers\UserMenu" loaded.
INFO - 2021-01-18 17:57:44 --> Fetching IIQA Details
INFO - 2021-01-18 18:00:16 --> Controller "App\Controllers\Dashboards" loaded.
INFO - 2021-01-18 18:00:16 --> Fetching Dashboard details
INFO - 2021-01-18 18:00:16 --> Controller "App\Controllers\SchedulePlanner" loaded.
INFO - 2021-01-18 18:00:16 --> Fetching IIQA Details
INFO - 2021-01-18 18:01:28 --> Controller "App\Controllers\Dashboards" loaded.
INFO - 2021-01-18 18:01:28 --> Controller "App\Controllers\SchedulePlanner" loaded.
INFO - 2021-01-18 18:01:28 --> Fetching Dashboard details
INFO - 2021-01-18 18:01:28 --> Fetching IIQA Details
INFO - 2021-01-18 18:01:30 --> Controller "App\Controllers\UserMenu" loaded.
INFO - 2021-01-18 18:01:30 --> Fetching IIQA Details
INFO - 2021-01-18 18:01:30 --> Controller "App\Controllers\UserMenu" loaded.
INFO - 2021-01-18 18:01:30 --> Fetching IIQA Details
INFO - 2021-01-18 18:03:14 --> Controller "App\Controllers\Dashboards" loaded.
INFO - 2021-01-18 18:03:14 --> Controller "App\Controllers\SchedulePlanner" loaded.
INFO - 2021-01-18 18:03:14 --> Fetching IIQA Details
INFO - 2021-01-18 18:03:14 --> Fetching Dashboard details
INFO - 2021-01-18 18:03:29 --> Controller "App\Controllers\UserMenu" loaded.
INFO - 2021-01-18 18:03:29 --> Controller "App\Controllers\UserMenu" loaded.
INFO - 2021-01-18 18:03:29 --> Fetching IIQA Details
INFO - 2021-01-18 18:03:29 --> Fetching IIQA Details
INFO - 2021-01-18 18:03:29 --> Controller "App\Controllers\UserMenu" loaded.
INFO - 2021-01-18 18:03:29 --> Fetching IIQA Details
INFO - 2021-01-18 18:03:35 --> Controller "App\Controllers\Dashboards" loaded.
INFO - 2021-01-18 18:03:35 --> Fetching Dashboard details
INFO - 2021-01-18 18:03:35 --> Controller "App\Controllers\SchedulePlanner" loaded.
INFO - 2021-01-18 18:03:35 --> Fetching IIQA Details
INFO - 2021-01-18 18:05:51 --> Controller "App\Controllers\UserMenu" loaded.
INFO - 2021-01-18 18:05:51 --> Fetching IIQA Details
INFO - 2021-01-18 18:05:51 --> Controller "App\Controllers\UserMenu" loaded.
INFO - 2021-01-18 18:05:51 --> Fetching IIQA Details
INFO - 2021-01-18 18:05:51 --> Controller "App\Controllers\UserMenu" loaded.
INFO - 2021-01-18 18:05:51 --> Fetching IIQA Details
INFO - 2021-01-18 18:07:17 --> Controller "App\Controllers\Dashboards" loaded.
INFO - 2021-01-18 18:07:17 --> Fetching Dashboard details
INFO - 2021-01-18 18:07:17 --> Controller "App\Controllers\SchedulePlanner" loaded.
INFO - 2021-01-18 18:07:17 --> Fetching IIQA Details
INFO - 2021-01-18 18:07:25 --> Controller "App\Controllers\UserMenu" loaded.
INFO - 2021-01-18 18:07:25 --> Controller "App\Controllers\UserMenu" loaded.
INFO - 2021-01-18 18:07:25 --> Fetching IIQA Details
INFO - 2021-01-18 18:07:25 --> Fetching IIQA Details
INFO - 2021-01-18 18:07:25 --> Controller "App\Controllers\UserMenu" loaded.
INFO - 2021-01-18 18:07:25 --> Fetching IIQA Details
INFO - 2021-01-18 18:07:32 --> Controller "App\Controllers\Pricing" loaded.
INFO - 2021-01-18 18:07:32 --> Fetching IIQA Details
INFO - 2021-01-18 18:07:34 --> Controller "App\Controllers\UserMenu" loaded.
INFO - 2021-01-18 18:07:34 --> Fetching IIQA Details
INFO - 2021-01-18 18:07:34 --> Controller "App\Controllers\UserMenu" loaded.
INFO - 2021-01-18 18:07:34 --> Fetching IIQA Details
INFO - 2021-01-18 18:10:12 --> Controller "App\Controllers\Pricing" loaded.
INFO - 2021-01-18 18:10:12 --> Fetching IIQA Details
INFO - 2021-01-18 18:10:23 --> Controller "App\Controllers\SchedulePlanner" loaded.
INFO - 2021-01-18 18:10:23 --> Fetching IIQA Details
INFO - 2021-01-18 18:10:23 --> Controller "App\Controllers\Dashboards" loaded.
INFO - 2021-01-18 18:10:23 --> Fetching Dashboard details
INFO - 2021-01-18 18:10:47 --> Controller "App\Controllers\UserMenu" loaded.
INFO - 2021-01-18 18:10:47 --> Fetching IIQA Details
INFO - 2021-01-18 18:10:47 --> Controller "App\Controllers\UserMenu" loaded.
INFO - 2021-01-18 18:10:47 --> Controller "App\Controllers\UserMenu" loaded.
INFO - 2021-01-18 18:10:47 --> Fetching IIQA Details
INFO - 2021-01-18 18:10:47 --> Fetching IIQA Details
INFO - 2021-01-18 18:11:04 --> Controller "App\Controllers\Dashboards" loaded.
INFO - 2021-01-18 18:11:04 --> Fetching Dashboard details
INFO - 2021-01-18 18:11:04 --> Controller "App\Controllers\SchedulePlanner" loaded.
INFO - 2021-01-18 18:11:04 --> Fetching IIQA Details
INFO - 2021-01-18 18:11:08 --> Controller "App\Controllers\UserMenu" loaded.
INFO - 2021-01-18 18:11:08 --> Fetching IIQA Details
INFO - 2021-01-18 18:11:08 --> Controller "App\Controllers\UserMenu" loaded.
INFO - 2021-01-18 18:11:08 --> Fetching IIQA Details
INFO - 2021-01-18 18:11:08 --> Controller "App\Controllers\UserMenu" loaded.
INFO - 2021-01-18 18:11:08 --> Fetching IIQA Details
INFO - 2021-01-18 18:11:51 --> Controller "App\Controllers\Dashboards" loaded.
INFO - 2021-01-18 18:11:51 --> Fetching Dashboard details
INFO - 2021-01-18 18:11:51 --> Controller "App\Controllers\SchedulePlanner" loaded.
INFO - 2021-01-18 18:11:51 --> Fetching IIQA Details
INFO - 2021-01-18 18:11:56 --> Controller "App\Controllers\Pricing" loaded.
INFO - 2021-01-18 18:11:56 --> Fetching IIQA Details
INFO - 2021-01-18 18:12:07 --> Controller "App\Controllers\UserMenu" loaded.
INFO - 2021-01-18 18:12:07 --> Fetching IIQA Details
INFO - 2021-01-18 18:12:07 --> Controller "App\Controllers\UserMenu" loaded.
INFO - 2021-01-18 18:12:07 --> Fetching IIQA Details
INFO - 2021-01-18 18:12:07 --> Controller "App\Controllers\UserMenu" loaded.
INFO - 2021-01-18 18:12:07 --> Fetching IIQA Details
INFO - 2021-01-18 18:12:40 --> Controller "App\Controllers\Dashboards" loaded.
INFO - 2021-01-18 18:12:40 --> Controller "App\Controllers\SchedulePlanner" loaded.
INFO - 2021-01-18 18:12:40 --> Fetching IIQA Details
INFO - 2021-01-18 18:12:40 --> Fetching Dashboard details
INFO - 2021-01-18 18:12:44 --> Controller "App\Controllers\Pricing" loaded.
INFO - 2021-01-18 18:12:44 --> Fetching IIQA Details
INFO - 2021-01-18 18:12:48 --> Controller "App\Controllers\UserMenu" loaded.
INFO - 2021-01-18 18:12:48 --> Fetching IIQA Details
INFO - 2021-01-18 18:12:48 --> Controller "App\Controllers\UserMenu" loaded.
INFO - 2021-01-18 18:12:48 --> Fetching IIQA Details
INFO - 2021-01-18 18:12:48 --> Controller "App\Controllers\UserMenu" loaded.
INFO - 2021-01-18 18:12:48 --> Fetching IIQA Details
INFO - 2021-01-18 18:14:48 --> Controller "App\Controllers\Dashboards" loaded.
INFO - 2021-01-18 18:14:48 --> Fetching Dashboard details
INFO - 2021-01-18 18:14:48 --> Controller "App\Controllers\SchedulePlanner" loaded.
INFO - 2021-01-18 18:14:48 --> Fetching IIQA Details
INFO - 2021-01-18 18:14:56 --> Controller "App\Controllers\Pricing" loaded.
INFO - 2021-01-18 18:14:56 --> Fetching IIQA Details
INFO - 2021-01-18 18:16:10 --> Controller "App\Controllers\Dashboards" loaded.
INFO - 2021-01-18 18:16:10 --> Fetching Dashboard details
INFO - 2021-01-18 18:16:10 --> Controller "App\Controllers\SchedulePlanner" loaded.
INFO - 2021-01-18 18:16:10 --> Fetching IIQA Details
INFO - 2021-01-18 18:16:16 --> Controller "App\Controllers\Pricing" loaded.
INFO - 2021-01-18 18:16:16 --> Fetching IIQA Details
