INFO - 2021-01-28 09:45:51 --> Controller "App\Controllers\Dashboards" loaded.
INFO - 2021-01-28 09:45:51 --> Fetching Dashboard details
INFO - 2021-01-28 10:09:48 --> Controller "App\Controllers\Dashboards" loaded.
INFO - 2021-01-28 10:09:48 --> Fetching Dashboard details
INFO - 2021-01-28 10:10:39 --> Controller "App\Controllers\Dashboards" loaded.
INFO - 2021-01-28 10:10:39 --> Fetching Dashboard details
INFO - 2021-01-28 10:10:47 --> Controller "App\Controllers\Dashboards" loaded.
INFO - 2021-01-28 10:10:47 --> Fetching Dashboard details
INFO - 2021-01-28 10:10:50 --> Controller "App\Controllers\Dashboards" loaded.
INFO - 2021-01-28 10:10:50 --> Fetching Dashboard details
INFO - 2021-01-28 10:10:50 --> Controller "App\Controllers\SchedulePlanner" loaded.
INFO - 2021-01-28 10:10:50 --> Fetching IIQA Details
INFO - 2021-01-28 10:10:52 --> Controller "App\Controllers\PricingHistory" loaded.
INFO - 2021-01-28 10:10:52 --> Fetching IIQA Details
INFO - 2021-01-28 10:10:59 --> Controller "App\Controllers\Dashboards" loaded.
INFO - 2021-01-28 10:10:59 --> Fetching Dashboard details
INFO - 2021-01-28 10:11:02 --> Controller "App\Controllers\Dashboards" loaded.
INFO - 2021-01-28 10:11:02 --> Fetching Dashboard details
INFO - 2021-01-28 10:11:04 --> Controller "App\Controllers\Dashboards" loaded.
INFO - 2021-01-28 10:11:04 --> Fetching Dashboard details
INFO - 2021-01-28 10:11:29 --> Controller "App\Controllers\Dashboards" loaded.
INFO - 2021-01-28 10:11:29 --> Fetching Dashboard details
INFO - 2021-01-28 10:13:31 --> Controller "App\Controllers\Dashboards" loaded.
INFO - 2021-01-28 10:13:31 --> Fetching Dashboard details
INFO - 2021-01-28 10:19:31 --> Controller "App\Controllers\Dashboards" loaded.
INFO - 2021-01-28 10:19:31 --> Fetching Dashboard details
INFO - 2021-01-28 10:30:09 --> Controller "App\Controllers\Dashboards" loaded.
INFO - 2021-01-28 10:30:09 --> Fetching Dashboard details
INFO - 2021-01-28 10:31:51 --> Controller "App\Controllers\Dashboards" loaded.
INFO - 2021-01-28 10:31:51 --> Fetching Dashboard details
INFO - 2021-01-28 10:33:32 --> Controller "App\Controllers\Dashboards" loaded.
INFO - 2021-01-28 10:33:32 --> Fetching Dashboard details
INFO - 2021-01-28 10:33:56 --> Controller "App\Controllers\Dashboards" loaded.
INFO - 2021-01-28 10:33:56 --> Fetching Dashboard details
INFO - 2021-01-28 10:37:48 --> Controller "App\Controllers\Dashboards" loaded.
INFO - 2021-01-28 10:37:48 --> Fetching Dashboard details
INFO - 2021-01-28 10:39:18 --> Controller "App\Controllers\Dashboards" loaded.
INFO - 2021-01-28 10:39:18 --> Fetching Dashboard details
INFO - 2021-01-28 10:45:34 --> Controller "App\Controllers\Dashboards" loaded.
INFO - 2021-01-28 10:45:34 --> Fetching Dashboard details
INFO - 2021-01-28 10:47:48 --> Controller "App\Controllers\Dashboards" loaded.
INFO - 2021-01-28 10:47:48 --> Fetching Dashboard details
INFO - 2021-01-28 10:49:36 --> Controller "App\Controllers\Dashboards" loaded.
INFO - 2021-01-28 10:49:36 --> Fetching Dashboard details
INFO - 2021-01-28 10:50:23 --> Controller "App\Controllers\Dashboards" loaded.
INFO - 2021-01-28 10:50:23 --> Fetching Dashboard details
INFO - 2021-01-28 10:51:16 --> Controller "App\Controllers\Dashboards" loaded.
INFO - 2021-01-28 10:51:16 --> Fetching Dashboard details
INFO - 2021-01-28 10:54:59 --> Controller "App\Controllers\Dashboards" loaded.
INFO - 2021-01-28 10:54:59 --> Fetching Dashboard details
INFO - 2021-01-28 10:55:39 --> Controller "App\Controllers\Dashboards" loaded.
INFO - 2021-01-28 10:55:39 --> Fetching Dashboard details
INFO - 2021-01-28 10:57:25 --> Controller "App\Controllers\Dashboards" loaded.
INFO - 2021-01-28 10:57:25 --> Fetching Dashboard details
INFO - 2021-01-28 10:59:49 --> Controller "App\Controllers\Dashboards" loaded.
INFO - 2021-01-28 10:59:49 --> Fetching Dashboard details
INFO - 2021-01-28 11:02:58 --> Controller "App\Controllers\Dashboards" loaded.
INFO - 2021-01-28 11:02:58 --> Fetching Dashboard details
INFO - 2021-01-28 11:04:07 --> Controller "App\Controllers\Dashboards" loaded.
INFO - 2021-01-28 11:04:07 --> Fetching Dashboard details
INFO - 2021-01-28 11:05:39 --> Controller "App\Controllers\Dashboards" loaded.
INFO - 2021-01-28 11:05:39 --> Fetching Dashboard details
INFO - 2021-01-28 11:05:53 --> Controller "App\Controllers\Dashboards" loaded.
INFO - 2021-01-28 11:05:53 --> Fetching Dashboard details
INFO - 2021-01-28 11:06:49 --> Controller "App\Controllers\Dashboards" loaded.
INFO - 2021-01-28 11:06:49 --> Fetching Dashboard details
INFO - 2021-01-28 11:13:39 --> Controller "App\Controllers\PricingHistory" loaded.
INFO - 2021-01-28 11:13:39 --> Fetching IIQA Details
INFO - 2021-01-28 11:13:45 --> Controller "App\Controllers\PricingDetails" loaded.
INFO - 2021-01-28 11:13:45 --> Controller "App\Controllers\PricingDetails" loaded.
INFO - 2021-01-28 11:13:45 --> Fetching IIQA Details
INFO - 2021-01-28 11:13:45 --> Fetching IIQA Details
INFO - 2021-01-28 11:13:47 --> Controller "App\Controllers\Dashboards" loaded.
INFO - 2021-01-28 11:13:47 --> Fetching Dashboard details
INFO - 2021-01-28 11:13:57 --> Controller "App\Controllers\UserMenu" loaded.
INFO - 2021-01-28 11:13:57 --> Controller "App\Controllers\UserMenu" loaded.
INFO - 2021-01-28 11:13:57 --> Fetching IIQA Details
INFO - 2021-01-28 11:13:57 --> Fetching IIQA Details
INFO - 2021-01-28 11:16:16 --> Controller "App\Controllers\Dashboards" loaded.
INFO - 2021-01-28 11:16:16 --> Fetching Dashboard details
INFO - 2021-01-28 11:18:27 --> Controller "App\Controllers\Dashboards" loaded.
INFO - 2021-01-28 11:18:27 --> Fetching Dashboard details
INFO - 2021-01-28 11:19:46 --> Controller "App\Controllers\Dashboards" loaded.
INFO - 2021-01-28 11:19:46 --> Fetching Dashboard details
INFO - 2021-01-28 11:21:51 --> Controller "App\Controllers\Dashboards" loaded.
INFO - 2021-01-28 11:21:51 --> Fetching Dashboard details
INFO - 2021-01-28 11:22:37 --> Controller "App\Controllers\Dashboards" loaded.
INFO - 2021-01-28 11:22:37 --> Fetching Dashboard details
INFO - 2021-01-28 11:24:26 --> Controller "App\Controllers\PricingHistory" loaded.
INFO - 2021-01-28 11:24:28 --> Controller "App\Controllers\PricingHistory" loaded.
INFO - 2021-01-28 11:24:28 --> Fetching IIQA Details
INFO - 2021-01-28 11:24:32 --> Controller "App\Controllers\PricingDetails" loaded.
INFO - 2021-01-28 11:24:32 --> Fetching IIQA Details
INFO - 2021-01-28 11:24:32 --> Controller "App\Controllers\PricingDetails" loaded.
INFO - 2021-01-28 11:24:32 --> Fetching IIQA Details
INFO - 2021-01-28 11:24:42 --> Controller "App\Controllers\Dashboards" loaded.
INFO - 2021-01-28 11:24:42 --> Fetching Dashboard details
INFO - 2021-01-28 11:24:44 --> Controller "App\Controllers\Dashboards" loaded.
INFO - 2021-01-28 11:24:44 --> Controller "App\Controllers\SchedulePlanner" loaded.
INFO - 2021-01-28 11:24:44 --> Fetching IIQA Details
INFO - 2021-01-28 11:24:44 --> Fetching Dashboard details
INFO - 2021-01-28 11:24:46 --> Controller "App\Controllers\PricingHistory" loaded.
INFO - 2021-01-28 11:24:46 --> Fetching IIQA Details
INFO - 2021-01-28 11:24:46 --> Controller "App\Controllers\InstituteDetails" loaded.
INFO - 2021-01-28 11:24:46 --> Fetching IIQA Details
INFO - 2021-01-28 11:24:46 --> Controller "App\Controllers\PricingDetails" loaded.
INFO - 2021-01-28 11:24:46 --> Controller "App\Controllers\PricingDetails" loaded.
INFO - 2021-01-28 11:24:46 --> Fetching IIQA Details
INFO - 2021-01-28 11:24:46 --> Fetching IIQA Details
INFO - 2021-01-28 11:24:53 --> Controller "App\Controllers\InstitutePricingHistory" loaded.
INFO - 2021-01-28 11:24:53 --> Fetching IIQA Details
INFO - 2021-01-28 11:26:37 --> Controller "App\Controllers\Dashboards" loaded.
INFO - 2021-01-28 11:26:37 --> Fetching Dashboard details
INFO - 2021-01-28 11:27:43 --> Controller "App\Controllers\Dashboards" loaded.
INFO - 2021-01-28 11:27:43 --> Fetching Dashboard details
INFO - 2021-01-28 11:27:46 --> Controller "App\Controllers\InstitutePricingHistory" loaded.
INFO - 2021-01-28 11:27:50 --> Controller "App\Controllers\PricingHistory" loaded.
INFO - 2021-01-28 11:27:50 --> Fetching IIQA Details
INFO - 2021-01-28 11:27:50 --> Controller "App\Controllers\InstituteDetails" loaded.
INFO - 2021-01-28 11:27:50 --> Fetching IIQA Details
INFO - 2021-01-28 11:27:51 --> Controller "App\Controllers\PricingDetails" loaded.
INFO - 2021-01-28 11:27:51 --> Controller "App\Controllers\PricingDetails" loaded.
INFO - 2021-01-28 11:27:51 --> Fetching IIQA Details
INFO - 2021-01-28 11:27:51 --> Fetching IIQA Details
INFO - 2021-01-28 11:27:55 --> Controller "App\Controllers\Dashboards" loaded.
INFO - 2021-01-28 11:27:55 --> Fetching Dashboard details
INFO - 2021-01-28 11:27:57 --> Controller "App\Controllers\InstituteDetails" loaded.
INFO - 2021-01-28 11:27:57 --> Fetching IIQA Details
INFO - 2021-01-28 11:28:05 --> Controller "App\Controllers\Leads" loaded.
INFO - 2021-01-28 11:28:05 --> Controller "App\Controllers\InstituteDetails" loaded.
INFO - 2021-01-28 11:28:05 --> Fetching IIQA Details
INFO - 2021-01-28 11:28:05 --> Fetching IIQA Details
INFO - 2021-01-28 11:28:09 --> Controller "App\Controllers\InstitutePricingHistory" loaded.
INFO - 2021-01-28 11:28:09 --> Fetching IIQA Details
INFO - 2021-01-28 11:34:00 --> Controller "App\Controllers\Dashboards" loaded.
INFO - 2021-01-28 11:34:00 --> Fetching Dashboard details
INFO - 2021-01-28 11:35:29 --> Controller "App\Controllers\Dashboards" loaded.
INFO - 2021-01-28 11:35:29 --> Fetching Dashboard details
INFO - 2021-01-28 11:39:10 --> Controller "App\Controllers\Dashboards" loaded.
INFO - 2021-01-28 11:39:10 --> Fetching Dashboard details
INFO - 2021-01-28 11:42:14 --> Controller "App\Controllers\Dashboards" loaded.
INFO - 2021-01-28 11:42:14 --> Fetching Dashboard details
INFO - 2021-01-28 11:43:34 --> Controller "App\Controllers\Dashboards" loaded.
INFO - 2021-01-28 11:43:34 --> Fetching Dashboard details
INFO - 2021-01-28 11:47:08 --> Controller "App\Controllers\Dashboards" loaded.
INFO - 2021-01-28 11:47:08 --> Fetching Dashboard details
INFO - 2021-01-28 11:56:28 --> Controller "App\Controllers\Dashboards" loaded.
INFO - 2021-01-28 11:56:28 --> Fetching Dashboard details
INFO - 2021-01-28 11:59:22 --> Controller "App\Controllers\Dashboards" loaded.
INFO - 2021-01-28 11:59:22 --> Fetching Dashboard details
INFO - 2021-01-28 12:00:36 --> Controller "App\Controllers\Dashboards" loaded.
INFO - 2021-01-28 12:00:36 --> Fetching Dashboard details
INFO - 2021-01-28 12:01:29 --> Controller "App\Controllers\Dashboards" loaded.
INFO - 2021-01-28 12:01:29 --> Fetching Dashboard details
INFO - 2021-01-28 12:02:00 --> Controller "App\Controllers\Dashboards" loaded.
INFO - 2021-01-28 12:02:00 --> Fetching Dashboard details
INFO - 2021-01-28 12:02:12 --> Controller "App\Controllers\Dashboards" loaded.
INFO - 2021-01-28 12:02:12 --> Fetching Dashboard details
INFO - 2021-01-28 12:02:12 --> Controller "App\Controllers\SchedulePlanner" loaded.
INFO - 2021-01-28 12:02:12 --> Fetching IIQA Details
INFO - 2021-01-28 12:02:15 --> Controller "App\Controllers\SchedulePlanner" loaded.
INFO - 2021-01-28 12:02:15 --> Fetching IIQA Details
INFO - 2021-01-28 12:02:15 --> Controller "App\Controllers\InstituteDetails" loaded.
INFO - 2021-01-28 12:02:15 --> Fetching IIQA Details
INFO - 2021-01-28 12:02:38 --> Controller "App\Controllers\Dashboards" loaded.
INFO - 2021-01-28 12:02:38 --> Fetching Dashboard details
INFO - 2021-01-28 12:02:43 --> Controller "App\Controllers\InstituteDetails" loaded.
INFO - 2021-01-28 12:02:43 --> Fetching IIQA Details
INFO - 2021-01-28 12:02:50 --> Controller "App\Controllers\Dashboards" loaded.
INFO - 2021-01-28 12:02:50 --> Fetching Dashboard details
INFO - 2021-01-28 12:02:50 --> Controller "App\Controllers\SchedulePlanner" loaded.
INFO - 2021-01-28 12:02:50 --> Fetching IIQA Details
INFO - 2021-01-28 12:02:55 --> Controller "App\Controllers\PricingHistory" loaded.
INFO - 2021-01-28 12:02:55 --> Fetching IIQA Details
INFO - 2021-01-28 12:02:57 --> Controller "App\Controllers\UserMenu" loaded.
INFO - 2021-01-28 12:02:57 --> Fetching IIQA Details
INFO - 2021-01-28 12:02:57 --> Controller "App\Controllers\UserMenu" loaded.
INFO - 2021-01-28 12:02:57 --> Fetching IIQA Details
INFO - 2021-01-28 12:03:01 --> Controller "App\Controllers\UserMenu" loaded.
INFO - 2021-01-28 12:03:01 --> Fetching IIQA Details
INFO - 2021-01-28 12:03:01 --> Controller "App\Controllers\UserMenu" loaded.
INFO - 2021-01-28 12:03:01 --> Fetching IIQA Details
INFO - 2021-01-28 12:03:07 --> Controller "App\Controllers\Dashboards" loaded.
INFO - 2021-01-28 12:03:07 --> Controller "App\Controllers\SchedulePlanner" loaded.
INFO - 2021-01-28 12:03:07 --> Fetching IIQA Details
INFO - 2021-01-28 12:03:07 --> Fetching Dashboard details
INFO - 2021-01-28 12:03:09 --> Controller "App\Controllers\PricingHistory" loaded.
INFO - 2021-01-28 12:03:09 --> Fetching IIQA Details
INFO - 2021-01-28 12:03:09 --> Controller "App\Controllers\InstituteDetails" loaded.
INFO - 2021-01-28 12:03:09 --> Fetching IIQA Details
INFO - 2021-01-28 12:03:09 --> Controller "App\Controllers\PricingDetails" loaded.
INFO - 2021-01-28 12:03:09 --> Controller "App\Controllers\PricingDetails" loaded.
INFO - 2021-01-28 12:03:09 --> Fetching IIQA Details
INFO - 2021-01-28 12:03:09 --> Fetching IIQA Details
INFO - 2021-01-28 12:05:25 --> Controller "App\Controllers\Dashboards" loaded.
INFO - 2021-01-28 12:05:25 --> Fetching Dashboard details
INFO - 2021-01-28 12:06:42 --> Controller "App\Controllers\Dashboards" loaded.
INFO - 2021-01-28 12:06:42 --> Fetching Dashboard details
INFO - 2021-01-28 12:07:36 --> Controller "App\Controllers\Dashboards" loaded.
INFO - 2021-01-28 12:07:36 --> Fetching Dashboard details
INFO - 2021-01-28 12:08:19 --> Controller "App\Controllers\Dashboards" loaded.
INFO - 2021-01-28 12:08:19 --> Fetching Dashboard details
INFO - 2021-01-28 12:09:07 --> Controller "App\Controllers\Dashboards" loaded.
INFO - 2021-01-28 12:09:07 --> Fetching Dashboard details
INFO - 2021-01-28 12:09:57 --> Controller "App\Controllers\Dashboards" loaded.
INFO - 2021-01-28 12:09:57 --> Fetching Dashboard details
INFO - 2021-01-28 12:10:22 --> Controller "App\Controllers\Dashboards" loaded.
INFO - 2021-01-28 12:10:22 --> Fetching Dashboard details
INFO - 2021-01-28 12:10:58 --> Controller "App\Controllers\Dashboards" loaded.
INFO - 2021-01-28 12:10:58 --> Fetching Dashboard details
INFO - 2021-01-28 12:12:19 --> Controller "App\Controllers\Dashboards" loaded.
INFO - 2021-01-28 12:12:19 --> Fetching Dashboard details
INFO - 2021-01-28 12:13:16 --> Controller "App\Controllers\Dashboards" loaded.
INFO - 2021-01-28 12:13:16 --> Fetching Dashboard details
INFO - 2021-01-28 12:13:48 --> Controller "App\Controllers\Dashboards" loaded.
INFO - 2021-01-28 12:13:48 --> Fetching Dashboard details
INFO - 2021-01-28 12:14:38 --> Controller "App\Controllers\Dashboards" loaded.
INFO - 2021-01-28 12:14:38 --> Fetching Dashboard details
INFO - 2021-01-28 12:15:14 --> Controller "App\Controllers\Dashboards" loaded.
INFO - 2021-01-28 12:15:14 --> Fetching Dashboard details
INFO - 2021-01-28 12:16:29 --> Controller "App\Controllers\Dashboards" loaded.
INFO - 2021-01-28 12:16:29 --> Fetching Dashboard details
INFO - 2021-01-28 12:17:17 --> Controller "App\Controllers\Dashboards" loaded.
INFO - 2021-01-28 12:17:17 --> Fetching Dashboard details
INFO - 2021-01-28 12:17:42 --> Controller "App\Controllers\Dashboards" loaded.
INFO - 2021-01-28 12:17:42 --> Fetching Dashboard details
INFO - 2021-01-28 12:18:28 --> Controller "App\Controllers\Dashboards" loaded.
INFO - 2021-01-28 12:18:28 --> Fetching Dashboard details
INFO - 2021-01-28 12:19:26 --> Controller "App\Controllers\Dashboards" loaded.
INFO - 2021-01-28 12:19:26 --> Fetching Dashboard details
INFO - 2021-01-28 12:19:43 --> Controller "App\Controllers\Dashboards" loaded.
INFO - 2021-01-28 12:19:43 --> Fetching Dashboard details
INFO - 2021-01-28 12:20:15 --> Controller "App\Controllers\Dashboards" loaded.
INFO - 2021-01-28 12:20:15 --> Fetching Dashboard details
INFO - 2021-01-28 12:21:01 --> Controller "App\Controllers\Dashboards" loaded.
INFO - 2021-01-28 12:21:01 --> Fetching Dashboard details
INFO - 2021-01-28 12:21:33 --> Controller "App\Controllers\Dashboards" loaded.
INFO - 2021-01-28 12:21:33 --> Fetching Dashboard details
INFO - 2021-01-28 12:23:13 --> Controller "App\Controllers\Dashboards" loaded.
INFO - 2021-01-28 12:23:13 --> Fetching Dashboard details
INFO - 2021-01-28 12:23:52 --> Controller "App\Controllers\Dashboards" loaded.
INFO - 2021-01-28 12:23:52 --> Fetching Dashboard details
INFO - 2021-01-28 12:24:41 --> Controller "App\Controllers\Dashboards" loaded.
INFO - 2021-01-28 12:24:41 --> Fetching Dashboard details
INFO - 2021-01-28 12:25:07 --> Controller "App\Controllers\Dashboards" loaded.
INFO - 2021-01-28 12:25:07 --> Fetching Dashboard details
INFO - 2021-01-28 12:25:56 --> Controller "App\Controllers\Dashboards" loaded.
INFO - 2021-01-28 12:25:56 --> Fetching Dashboard details
INFO - 2021-01-28 12:26:21 --> Controller "App\Controllers\Dashboards" loaded.
INFO - 2021-01-28 12:26:21 --> Fetching Dashboard details
INFO - 2021-01-28 12:26:23 --> Controller "App\Controllers\InstituteDetails" loaded.
INFO - 2021-01-28 12:26:23 --> Fetching IIQA Details
INFO - 2021-01-28 12:26:33 --> Controller "App\Controllers\Dashboards" loaded.
INFO - 2021-01-28 12:26:33 --> Fetching Dashboard details
INFO - 2021-01-28 12:26:33 --> Controller "App\Controllers\SchedulePlanner" loaded.
INFO - 2021-01-28 12:26:33 --> Fetching IIQA Details
INFO - 2021-01-28 12:26:36 --> Controller "App\Controllers\InstituteDetails" loaded.
INFO - 2021-01-28 12:26:36 --> Controller "App\Controllers\SchedulePlanner" loaded.
INFO - 2021-01-28 12:26:36 --> Fetching IIQA Details
INFO - 2021-01-28 12:26:36 --> Fetching IIQA Details
INFO - 2021-01-28 12:26:38 --> Controller "App\Controllers\SchedulePlanner" loaded.
INFO - 2021-01-28 12:26:38 --> Fetching IIQA Details
INFO - 2021-01-28 12:26:39 --> Controller "App\Controllers\SchedulePlanner" loaded.
INFO - 2021-01-28 12:26:39 --> Fetching IIQA Details
INFO - 2021-01-28 12:26:45 --> Controller "App\Controllers\SchedulePlanner" loaded.
INFO - 2021-01-28 12:26:45 --> Fetching IIQA Details
INFO - 2021-01-28 12:30:12 --> Controller "App\Controllers\Dashboards" loaded.
INFO - 2021-01-28 12:30:12 --> Fetching Dashboard details
INFO - 2021-01-28 12:31:44 --> Controller "App\Controllers\Dashboards" loaded.
INFO - 2021-01-28 12:31:44 --> Fetching Dashboard details
INFO - 2021-01-28 12:32:26 --> Controller "App\Controllers\Dashboards" loaded.
INFO - 2021-01-28 12:32:26 --> Fetching Dashboard details
INFO - 2021-01-28 12:33:11 --> Controller "App\Controllers\Dashboards" loaded.
INFO - 2021-01-28 12:33:11 --> Fetching Dashboard details
INFO - 2021-01-28 12:34:16 --> Controller "App\Controllers\Dashboards" loaded.
INFO - 2021-01-28 12:34:16 --> Fetching Dashboard details
INFO - 2021-01-28 12:34:52 --> Controller "App\Controllers\Dashboards" loaded.
INFO - 2021-01-28 12:34:52 --> Fetching Dashboard details
INFO - 2021-01-28 12:36:12 --> Controller "App\Controllers\Dashboards" loaded.
INFO - 2021-01-28 12:36:12 --> Fetching Dashboard details
INFO - 2021-01-28 12:37:43 --> Controller "App\Controllers\Dashboards" loaded.
INFO - 2021-01-28 12:37:43 --> Fetching Dashboard details
INFO - 2021-01-28 12:38:50 --> Controller "App\Controllers\Dashboards" loaded.
INFO - 2021-01-28 12:38:50 --> Fetching Dashboard details
INFO - 2021-01-28 12:39:56 --> Controller "App\Controllers\Dashboards" loaded.
INFO - 2021-01-28 12:39:56 --> Fetching Dashboard details
INFO - 2021-01-28 12:41:44 --> Controller "App\Controllers\Dashboards" loaded.
INFO - 2021-01-28 12:41:44 --> Fetching Dashboard details
INFO - 2021-01-28 12:46:54 --> Controller "App\Controllers\Dashboards" loaded.
INFO - 2021-01-28 12:46:54 --> Fetching Dashboard details
INFO - 2021-01-28 12:49:10 --> Controller "App\Controllers\Dashboards" loaded.
INFO - 2021-01-28 12:49:10 --> Fetching Dashboard details
INFO - 2021-01-28 12:49:49 --> Controller "App\Controllers\Dashboards" loaded.
INFO - 2021-01-28 12:49:49 --> Fetching Dashboard details
INFO - 2021-01-28 12:51:27 --> Controller "App\Controllers\Dashboards" loaded.
INFO - 2021-01-28 12:51:27 --> Fetching Dashboard details
INFO - 2021-01-28 12:56:00 --> Controller "App\Controllers\Dashboards" loaded.
INFO - 2021-01-28 12:56:00 --> Fetching Dashboard details
INFO - 2021-01-28 12:57:39 --> Controller "App\Controllers\Dashboards" loaded.
INFO - 2021-01-28 12:57:39 --> Fetching Dashboard details
INFO - 2021-01-28 13:02:33 --> Controller "App\Controllers\Dashboards" loaded.
INFO - 2021-01-28 13:02:33 --> Fetching Dashboard details
INFO - 2021-01-28 14:04:11 --> Controller "App\Controllers\Dashboards" loaded.
INFO - 2021-01-28 14:04:11 --> Fetching Dashboard details
INFO - 2021-01-28 14:06:35 --> Controller "App\Controllers\Dashboards" loaded.
INFO - 2021-01-28 14:06:35 --> Fetching Dashboard details
INFO - 2021-01-28 14:08:53 --> Controller "App\Controllers\Dashboards" loaded.
INFO - 2021-01-28 14:08:53 --> Fetching Dashboard details
INFO - 2021-01-28 14:19:03 --> Controller "App\Controllers\Dashboards" loaded.
INFO - 2021-01-28 14:19:03 --> Fetching Dashboard details
INFO - 2021-01-28 14:31:50 --> Controller "App\Controllers\Dashboards" loaded.
INFO - 2021-01-28 14:31:50 --> Fetching Dashboard details
INFO - 2021-01-28 14:31:56 --> Controller "App\Controllers\Dashboards" loaded.
INFO - 2021-01-28 14:31:56 --> Fetching Dashboard details
INFO - 2021-01-28 14:31:56 --> Controller "App\Controllers\SchedulePlanner" loaded.
INFO - 2021-01-28 14:31:56 --> Fetching IIQA Details
INFO - 2021-01-28 14:31:59 --> Controller "App\Controllers\SchedulePlanner" loaded.
INFO - 2021-01-28 14:31:59 --> Fetching IIQA Details
INFO - 2021-01-28 14:31:59 --> Controller "App\Controllers\InstituteDetails" loaded.
INFO - 2021-01-28 14:31:59 --> Fetching IIQA Details
INFO - 2021-01-28 14:32:02 --> Controller "App\Controllers\SchedulePlanner" loaded.
INFO - 2021-01-28 14:32:02 --> Fetching IIQA Details
INFO - 2021-01-28 14:32:02 --> Controller "App\Controllers\SchedulePlanner" loaded.
INFO - 2021-01-28 14:32:02 --> Controller "App\Controllers\InstituteDetails" loaded.
INFO - 2021-01-28 14:32:02 --> Fetching IIQA Details
INFO - 2021-01-28 14:32:02 --> Controller "App\Controllers\EmployeeDetails" loaded.
INFO - 2021-01-28 14:32:02 --> Fetching IIQA Details
INFO - 2021-01-28 14:32:02 --> Controller "App\Controllers\Status" loaded.
INFO - 2021-01-28 14:32:02 --> Fetching IIQA Details
INFO - 2021-01-28 14:32:23 --> Controller "App\Controllers\SchedulePlanner" loaded.
INFO - 2021-01-28 14:32:23 --> Controller "App\Controllers\InstituteDetails" loaded.
INFO - 2021-01-28 14:32:23 --> Fetching IIQA Details
INFO - 2021-01-28 14:32:23 --> Fetching IIQA Details
INFO - 2021-01-28 14:32:29 --> Controller "App\Controllers\Dashboards" loaded.
INFO - 2021-01-28 14:32:29 --> Fetching Dashboard details
INFO - 2021-01-28 14:33:18 --> Controller "App\Controllers\Dashboards" loaded.
INFO - 2021-01-28 14:33:18 --> Fetching Dashboard details
INFO - 2021-01-28 14:33:18 --> Controller "App\Controllers\SchedulePlanner" loaded.
INFO - 2021-01-28 14:33:18 --> Fetching IIQA Details
INFO - 2021-01-28 14:33:21 --> Controller "App\Controllers\SchedulePlanner" loaded.
INFO - 2021-01-28 14:33:21 --> Fetching IIQA Details
INFO - 2021-01-28 14:33:21 --> Controller "App\Controllers\InstituteDetails" loaded.
INFO - 2021-01-28 14:33:21 --> Fetching IIQA Details
INFO - 2021-01-28 14:33:33 --> Controller "App\Controllers\PricingHistory" loaded.
INFO - 2021-01-28 14:33:33 --> Fetching IIQA Details
INFO - 2021-01-28 14:33:37 --> Controller "App\Controllers\Dashboards" loaded.
INFO - 2021-01-28 14:33:37 --> Fetching Dashboard details
INFO - 2021-01-28 14:33:50 --> Controller "App\Controllers\Dashboards" loaded.
INFO - 2021-01-28 14:33:50 --> Fetching Dashboard details
INFO - 2021-01-28 14:38:21 --> Controller "App\Controllers\Dashboards" loaded.
INFO - 2021-01-28 14:38:21 --> Fetching Dashboard details
INFO - 2021-01-28 14:38:24 --> Controller "App\Controllers\InstituteDetails" loaded.
INFO - 2021-01-28 14:38:24 --> Fetching IIQA Details
INFO - 2021-01-28 14:38:29 --> Controller "App\Controllers\Leads" loaded.
INFO - 2021-01-28 14:38:29 --> Fetching IIQA Details
INFO - 2021-01-28 14:38:29 --> Controller "App\Controllers\InstituteDetails" loaded.
INFO - 2021-01-28 14:38:29 --> Fetching IIQA Details
INFO - 2021-01-28 14:38:41 --> Controller "App\Controllers\InstituteDetails" loaded.
INFO - 2021-01-28 14:38:41 --> Fetching IIQA Details
INFO - 2021-01-28 14:40:00 --> Controller "App\Controllers\SchedulePlanner" loaded.
INFO - 2021-01-28 14:40:00 --> Fetching IIQA Details
INFO - 2021-01-28 14:40:09 --> Controller "App\Controllers\Dashboards" loaded.
INFO - 2021-01-28 14:40:09 --> Fetching Dashboard details
INFO - 2021-01-28 14:41:36 --> Controller "App\Controllers\Dashboards" loaded.
INFO - 2021-01-28 14:41:36 --> Fetching Dashboard details
INFO - 2021-01-28 14:42:38 --> Controller "App\Controllers\Dashboards" loaded.
INFO - 2021-01-28 14:42:38 --> Fetching Dashboard details
INFO - 2021-01-28 14:43:54 --> Controller "App\Controllers\Dashboards" loaded.
INFO - 2021-01-28 14:43:54 --> Fetching Dashboard details
INFO - 2021-01-28 14:44:18 --> Controller "App\Controllers\Dashboards" loaded.
INFO - 2021-01-28 14:44:18 --> Controller "App\Controllers\SchedulePlanner" loaded.
INFO - 2021-01-28 14:44:18 --> Fetching Dashboard details
INFO - 2021-01-28 14:44:18 --> Fetching IIQA Details
INFO - 2021-01-28 14:44:22 --> Controller "App\Controllers\SchedulePlanner" loaded.
INFO - 2021-01-28 14:44:22 --> Fetching IIQA Details
INFO - 2021-01-28 14:44:23 --> Controller "App\Controllers\InstituteDetails" loaded.
INFO - 2021-01-28 14:44:23 --> Fetching IIQA Details
INFO - 2021-01-28 14:44:31 --> Controller "App\Controllers\Dashboards" loaded.
INFO - 2021-01-28 14:44:31 --> Fetching Dashboard details
INFO - 2021-01-28 14:51:38 --> Controller "App\Controllers\Dashboards" loaded.
INFO - 2021-01-28 14:51:38 --> Fetching Dashboard details
INFO - 2021-01-28 14:51:55 --> Controller "App\Controllers\Dashboards" loaded.
INFO - 2021-01-28 14:51:55 --> Fetching Dashboard details
INFO - 2021-01-28 14:52:41 --> Controller "App\Controllers\Dashboards" loaded.
INFO - 2021-01-28 14:52:41 --> Fetching Dashboard details
INFO - 2021-01-28 14:54:26 --> Controller "App\Controllers\Dashboards" loaded.
INFO - 2021-01-28 14:54:26 --> Fetching Dashboard details
INFO - 2021-01-28 14:56:07 --> Controller "App\Controllers\Dashboards" loaded.
INFO - 2021-01-28 14:56:07 --> Fetching Dashboard details
INFO - 2021-01-28 14:58:45 --> Controller "App\Controllers\Dashboards" loaded.
INFO - 2021-01-28 14:58:45 --> Fetching Dashboard details
INFO - 2021-01-28 15:02:28 --> Controller "App\Controllers\Dashboards" loaded.
INFO - 2021-01-28 15:02:28 --> Fetching Dashboard details
INFO - 2021-01-28 15:06:16 --> Controller "App\Controllers\Dashboards" loaded.
INFO - 2021-01-28 15:06:16 --> Fetching Dashboard details
INFO - 2021-01-28 15:06:47 --> Controller "App\Controllers\Dashboards" loaded.
INFO - 2021-01-28 15:06:47 --> Fetching Dashboard details
INFO - 2021-01-28 15:07:08 --> Controller "App\Controllers\Dashboards" loaded.
INFO - 2021-01-28 15:07:08 --> Fetching Dashboard details
INFO - 2021-01-28 15:08:11 --> Controller "App\Controllers\Dashboards" loaded.
INFO - 2021-01-28 15:08:11 --> Fetching Dashboard details
INFO - 2021-01-28 15:09:22 --> Controller "App\Controllers\Dashboards" loaded.
INFO - 2021-01-28 15:09:22 --> Fetching Dashboard details
INFO - 2021-01-28 15:09:54 --> Controller "App\Controllers\Dashboards" loaded.
INFO - 2021-01-28 15:09:54 --> Fetching Dashboard details
INFO - 2021-01-28 15:10:34 --> Controller "App\Controllers\Dashboards" loaded.
INFO - 2021-01-28 15:10:34 --> Fetching Dashboard details
INFO - 2021-01-28 15:12:07 --> Controller "App\Controllers\Dashboards" loaded.
INFO - 2021-01-28 15:12:07 --> Fetching Dashboard details
INFO - 2021-01-28 15:16:11 --> Controller "App\Controllers\Dashboards" loaded.
INFO - 2021-01-28 15:16:11 --> Fetching Dashboard details
INFO - 2021-01-28 15:17:58 --> Controller "App\Controllers\Dashboards" loaded.
INFO - 2021-01-28 15:17:58 --> Fetching Dashboard details
INFO - 2021-01-28 15:21:44 --> Controller "App\Controllers\Dashboards" loaded.
INFO - 2021-01-28 15:21:44 --> Fetching Dashboard details
INFO - 2021-01-28 15:24:15 --> Controller "App\Controllers\Dashboards" loaded.
INFO - 2021-01-28 15:24:15 --> Fetching Dashboard details
INFO - 2021-01-28 15:30:20 --> Controller "App\Controllers\Dashboards" loaded.
INFO - 2021-01-28 15:30:20 --> Fetching Dashboard details
INFO - 2021-01-28 15:40:12 --> Controller "App\Controllers\Dashboards" loaded.
INFO - 2021-01-28 15:40:12 --> Fetching Dashboard details
INFO - 2021-01-28 15:40:25 --> Controller "App\Controllers\Dashboards" loaded.
INFO - 2021-01-28 15:40:25 --> Fetching Dashboard details
INFO - 2021-01-28 15:41:34 --> Controller "App\Controllers\Dashboards" loaded.
INFO - 2021-01-28 15:41:34 --> Fetching Dashboard details
INFO - 2021-01-28 15:41:41 --> Controller "App\Controllers\InstituteDetails" loaded.
INFO - 2021-01-28 15:41:41 --> Fetching IIQA Details
INFO - 2021-01-28 15:53:08 --> Controller "App\Controllers\Dashboards" loaded.
INFO - 2021-01-28 15:53:08 --> Fetching Dashboard details
INFO - 2021-01-28 15:53:32 --> Controller "App\Controllers\Dashboards" loaded.
INFO - 2021-01-28 15:53:32 --> Fetching Dashboard details
INFO - 2021-01-28 15:53:34 --> Controller "App\Controllers\InstituteDetails" loaded.
INFO - 2021-01-28 15:53:34 --> Fetching IIQA Details
INFO - 2021-01-28 15:53:36 --> Controller "App\Controllers\Leads" loaded.
INFO - 2021-01-28 15:53:36 --> Fetching IIQA Details
INFO - 2021-01-28 15:53:36 --> Controller "App\Controllers\InstituteDetails" loaded.
INFO - 2021-01-28 15:53:36 --> Fetching IIQA Details
INFO - 2021-01-28 15:53:52 --> Controller "App\Controllers\Dashboards" loaded.
INFO - 2021-01-28 15:53:52 --> Fetching Dashboard details
INFO - 2021-01-28 15:53:52 --> Controller "App\Controllers\SchedulePlanner" loaded.
INFO - 2021-01-28 15:53:52 --> Fetching IIQA Details
INFO - 2021-01-28 15:53:54 --> Controller "App\Controllers\SchedulePlanner" loaded.
INFO - 2021-01-28 15:53:54 --> Fetching IIQA Details
INFO - 2021-01-28 15:53:54 --> Controller "App\Controllers\InstituteDetails" loaded.
INFO - 2021-01-28 15:53:54 --> Fetching IIQA Details
INFO - 2021-01-28 15:58:13 --> Controller "App\Controllers\SchedulePlanner" loaded.
INFO - 2021-01-28 15:58:13 --> Controller "App\Controllers\Dashboards" loaded.
INFO - 2021-01-28 15:58:13 --> Fetching IIQA Details
INFO - 2021-01-28 15:58:13 --> Fetching Dashboard details
INFO - 2021-01-28 15:58:28 --> Controller "App\Controllers\Dashboards" loaded.
INFO - 2021-01-28 15:58:28 --> Fetching Dashboard details
INFO - 2021-01-28 15:58:37 --> Controller "App\Controllers\SchedulePlanner" loaded.
INFO - 2021-01-28 15:58:37 --> Fetching IIQA Details
INFO - 2021-01-28 15:58:37 --> Controller "App\Controllers\Dashboards" loaded.
INFO - 2021-01-28 15:58:37 --> Fetching Dashboard details
INFO - 2021-01-28 15:58:42 --> Controller "App\Controllers\InstituteDetails" loaded.
INFO - 2021-01-28 15:58:42 --> Controller "App\Controllers\SchedulePlanner" loaded.
INFO - 2021-01-28 15:58:42 --> Fetching IIQA Details
INFO - 2021-01-28 15:58:42 --> Fetching IIQA Details
INFO - 2021-01-28 15:59:56 --> Controller "App\Controllers\Dashboards" loaded.
INFO - 2021-01-28 15:59:56 --> Fetching Dashboard details
INFO - 2021-01-28 16:00:43 --> Controller "App\Controllers\Dashboards" loaded.
INFO - 2021-01-28 16:00:43 --> Fetching Dashboard details
INFO - 2021-01-28 16:02:10 --> Controller "App\Controllers\Dashboards" loaded.
INFO - 2021-01-28 16:02:10 --> Fetching Dashboard details
INFO - 2021-01-28 16:03:58 --> Controller "App\Controllers\Dashboards" loaded.
INFO - 2021-01-28 16:03:58 --> Fetching Dashboard details
INFO - 2021-01-28 16:06:35 --> Controller "App\Controllers\Dashboards" loaded.
INFO - 2021-01-28 16:06:35 --> Fetching Dashboard details
INFO - 2021-01-28 16:07:47 --> Controller "App\Controllers\Dashboards" loaded.
INFO - 2021-01-28 16:07:47 --> Fetching Dashboard details
INFO - 2021-01-28 16:07:47 --> Controller "App\Controllers\SchedulePlanner" loaded.
INFO - 2021-01-28 16:07:47 --> Fetching IIQA Details
INFO - 2021-01-28 16:08:06 --> Controller "App\Controllers\SchedulePlanner" loaded.
INFO - 2021-01-28 16:08:06 --> Fetching IIQA Details
INFO - 2021-01-28 16:08:06 --> Controller "App\Controllers\InstituteDetails" loaded.
INFO - 2021-01-28 16:08:06 --> Fetching IIQA Details
INFO - 2021-01-28 16:08:13 --> Controller "App\Controllers\Dashboards" loaded.
INFO - 2021-01-28 16:08:13 --> Fetching Dashboard details
INFO - 2021-01-28 16:09:21 --> Controller "App\Controllers\Dashboards" loaded.
INFO - 2021-01-28 16:09:21 --> Fetching Dashboard details
INFO - 2021-01-28 16:11:43 --> Controller "App\Controllers\Dashboards" loaded.
INFO - 2021-01-28 16:11:43 --> Fetching Dashboard details
INFO - 2021-01-28 16:40:44 --> Controller "App\Controllers\Dashboards" loaded.
INFO - 2021-01-28 16:40:44 --> Fetching Dashboard details
INFO - 2021-01-28 16:43:00 --> Controller "App\Controllers\Dashboards" loaded.
INFO - 2021-01-28 16:43:00 --> Fetching Dashboard details
INFO - 2021-01-28 16:43:40 --> Controller "App\Controllers\Dashboards" loaded.
INFO - 2021-01-28 16:43:40 --> Fetching Dashboard details
INFO - 2021-01-28 16:55:24 --> Controller "App\Controllers\Dashboards" loaded.
INFO - 2021-01-28 16:55:24 --> Fetching Dashboard details
INFO - 2021-01-28 16:57:31 --> Controller "App\Controllers\Dashboards" loaded.
INFO - 2021-01-28 16:57:31 --> Fetching Dashboard details
INFO - 2021-01-28 17:01:35 --> Controller "App\Controllers\Dashboards" loaded.
INFO - 2021-01-28 17:01:35 --> Fetching Dashboard details
INFO - 2021-01-28 17:01:37 --> Controller "App\Controllers\InstituteDetails" loaded.
INFO - 2021-01-28 17:01:37 --> Fetching IIQA Details
INFO - 2021-01-28 17:01:47 --> Controller "App\Controllers\InstituteDetails" loaded.
INFO - 2021-01-28 17:01:47 --> Fetching IIQA Details
INFO - 2021-01-28 17:01:47 --> Controller "App\Controllers\Leads" loaded.
INFO - 2021-01-28 17:01:47 --> Fetching IIQA Details
INFO - 2021-01-28 17:01:53 --> Controller "App\Controllers\InstitutePricingHistory" loaded.
INFO - 2021-01-28 17:01:53 --> Fetching IIQA Details
INFO - 2021-01-28 17:02:49 --> Controller "App\Controllers\SchedulePlanner" loaded.
INFO - 2021-01-28 17:02:49 --> Fetching IIQA Details
INFO - 2021-01-28 17:02:51 --> Controller "App\Controllers\SchedulePlanner" loaded.
INFO - 2021-01-28 17:02:51 --> Fetching IIQA Details
INFO - 2021-01-28 17:02:51 --> Controller "App\Controllers\InstituteDetails" loaded.
INFO - 2021-01-28 17:02:51 --> Controller "App\Controllers\EmployeeDetails" loaded.
INFO - 2021-01-28 17:02:51 --> Fetching IIQA Details
INFO - 2021-01-28 17:02:51 --> Fetching IIQA Details
INFO - 2021-01-28 17:02:51 --> Controller "App\Controllers\Status" loaded.
INFO - 2021-01-28 17:02:51 --> Fetching IIQA Details
INFO - 2021-01-28 17:02:57 --> Controller "App\Controllers\SchedulePlanner" loaded.
INFO - 2021-01-28 17:02:57 --> Fetching IIQA Details
INFO - 2021-01-28 17:02:58 --> Controller "App\Controllers\EmployeeDetails" loaded.
INFO - 2021-01-28 17:02:58 --> Fetching IIQA Details
INFO - 2021-01-28 17:02:58 --> Controller "App\Controllers\InstituteDetails" loaded.
INFO - 2021-01-28 17:02:58 --> Controller "App\Controllers\Status" loaded.
INFO - 2021-01-28 17:02:58 --> Fetching IIQA Details
INFO - 2021-01-28 17:02:58 --> Fetching IIQA Details
INFO - 2021-01-28 17:06:54 --> Controller "App\Controllers\Dashboards" loaded.
INFO - 2021-01-28 17:06:54 --> Fetching Dashboard details
INFO - 2021-01-28 17:08:14 --> Controller "App\Controllers\Dashboards" loaded.
INFO - 2021-01-28 17:08:14 --> Fetching Dashboard details
INFO - 2021-01-28 17:08:23 --> Controller "App\Controllers\Dashboards" loaded.
INFO - 2021-01-28 17:08:23 --> Fetching Dashboard details
INFO - 2021-01-28 17:10:05 --> Controller "App\Controllers\InstituteDetails" loaded.
INFO - 2021-01-28 17:10:05 --> Fetching IIQA Details
INFO - 2021-01-28 17:10:07 --> Controller "App\Controllers\Leads" loaded.
INFO - 2021-01-28 17:10:07 --> Fetching IIQA Details
INFO - 2021-01-28 17:10:07 --> Controller "App\Controllers\InstituteDetails" loaded.
INFO - 2021-01-28 17:10:07 --> Fetching IIQA Details
INFO - 2021-01-28 17:10:11 --> Controller "App\Controllers\SchedulePlanner" loaded.
INFO - 2021-01-28 17:10:11 --> Fetching IIQA Details
INFO - 2021-01-28 17:10:15 --> Controller "App\Controllers\SchedulePlanner" loaded.
INFO - 2021-01-28 17:10:15 --> Fetching IIQA Details
INFO - 2021-01-28 17:10:16 --> Controller "App\Controllers\InstituteDetails" loaded.
INFO - 2021-01-28 17:10:16 --> Fetching IIQA Details
INFO - 2021-01-28 17:10:16 --> Controller "App\Controllers\EmployeeDetails" loaded.
INFO - 2021-01-28 17:10:16 --> Fetching IIQA Details
INFO - 2021-01-28 17:10:16 --> Controller "App\Controllers\Status" loaded.
INFO - 2021-01-28 17:10:16 --> Fetching IIQA Details
INFO - 2021-01-28 17:10:22 --> Controller "App\Controllers\SchedulePlanner" loaded.
INFO - 2021-01-28 17:10:22 --> Controller "App\Controllers\InstituteDetails" loaded.
INFO - 2021-01-28 17:10:22 --> Fetching IIQA Details
INFO - 2021-01-28 17:10:22 --> Fetching IIQA Details
INFO - 2021-01-28 17:10:22 --> Controller "App\Controllers\EmployeeDetails" loaded.
INFO - 2021-01-28 17:10:22 --> Fetching IIQA Details
INFO - 2021-01-28 17:10:22 --> Controller "App\Controllers\Status" loaded.
INFO - 2021-01-28 17:10:22 --> Fetching IIQA Details
INFO - 2021-01-28 17:10:38 --> Controller "App\Controllers\Dashboards" loaded.
INFO - 2021-01-28 17:10:38 --> Fetching Dashboard details
INFO - 2021-01-28 17:10:40 --> Controller "App\Controllers\InstituteDetails" loaded.
INFO - 2021-01-28 17:10:40 --> Fetching IIQA Details
INFO - 2021-01-28 17:10:42 --> Controller "App\Controllers\Leads" loaded.
INFO - 2021-01-28 17:10:42 --> Fetching IIQA Details
INFO - 2021-01-28 17:10:43 --> Controller "App\Controllers\InstituteDetails" loaded.
INFO - 2021-01-28 17:10:43 --> Fetching IIQA Details
INFO - 2021-01-28 17:10:47 --> Controller "App\Controllers\SchedulePlanner" loaded.
INFO - 2021-01-28 17:10:47 --> Fetching IIQA Details
INFO - 2021-01-28 17:10:48 --> Controller "App\Controllers\SchedulePlanner" loaded.
INFO - 2021-01-28 17:10:48 --> Fetching IIQA Details
INFO - 2021-01-28 17:10:49 --> Controller "App\Controllers\InstituteDetails" loaded.
INFO - 2021-01-28 17:10:49 --> Fetching IIQA Details
INFO - 2021-01-28 17:10:49 --> Controller "App\Controllers\EmployeeDetails" loaded.
INFO - 2021-01-28 17:10:49 --> Fetching IIQA Details
INFO - 2021-01-28 17:10:49 --> Controller "App\Controllers\Status" loaded.
INFO - 2021-01-28 17:10:49 --> Fetching IIQA Details
INFO - 2021-01-28 17:10:56 --> Controller "App\Controllers\SchedulePlanner" loaded.
INFO - 2021-01-28 17:10:56 --> Fetching IIQA Details
INFO - 2021-01-28 17:10:56 --> Controller "App\Controllers\InstituteDetails" loaded.
INFO - 2021-01-28 17:10:56 --> Fetching IIQA Details
INFO - 2021-01-28 17:10:56 --> Controller "App\Controllers\Status" loaded.
INFO - 2021-01-28 17:10:56 --> Controller "App\Controllers\EmployeeDetails" loaded.
INFO - 2021-01-28 17:10:56 --> Fetching IIQA Details
INFO - 2021-01-28 17:10:56 --> Fetching IIQA Details
INFO - 2021-01-28 17:12:12 --> Controller "App\Controllers\Dashboards" loaded.
INFO - 2021-01-28 17:12:12 --> Fetching Dashboard details
INFO - 2021-01-28 17:14:12 --> Controller "App\Controllers\Dashboards" loaded.
INFO - 2021-01-28 17:14:12 --> Fetching Dashboard details
INFO - 2021-01-28 17:14:18 --> Controller "App\Controllers\Dashboards" loaded.
INFO - 2021-01-28 17:14:18 --> Fetching Dashboard details
INFO - 2021-01-28 17:15:05 --> Controller "App\Controllers\Dashboards" loaded.
INFO - 2021-01-28 17:15:05 --> Fetching Dashboard details
INFO - 2021-01-28 17:15:50 --> Controller "App\Controllers\Dashboards" loaded.
INFO - 2021-01-28 17:15:50 --> Fetching Dashboard details
INFO - 2021-01-28 17:16:19 --> Controller "App\Controllers\Dashboards" loaded.
INFO - 2021-01-28 17:16:19 --> Fetching Dashboard details
INFO - 2021-01-28 17:17:25 --> Controller "App\Controllers\Dashboards" loaded.
INFO - 2021-01-28 17:17:25 --> Fetching Dashboard details
INFO - 2021-01-28 17:18:49 --> Controller "App\Controllers\Dashboards" loaded.
INFO - 2021-01-28 17:18:49 --> Fetching Dashboard details
INFO - 2021-01-28 17:21:12 --> Controller "App\Controllers\InstituteDetails" loaded.
INFO - 2021-01-28 17:21:12 --> Fetching IIQA Details
INFO - 2021-01-28 17:21:17 --> Controller "App\Controllers\Leads" loaded.
INFO - 2021-01-28 17:21:17 --> Fetching IIQA Details
INFO - 2021-01-28 17:21:17 --> Controller "App\Controllers\InstituteDetails" loaded.
INFO - 2021-01-28 17:21:17 --> Fetching IIQA Details
INFO - 2021-01-28 17:21:21 --> Controller "App\Controllers\SchedulePlanner" loaded.
INFO - 2021-01-28 17:21:21 --> Fetching IIQA Details
INFO - 2021-01-28 17:21:23 --> Controller "App\Controllers\SchedulePlanner" loaded.
INFO - 2021-01-28 17:21:23 --> Fetching IIQA Details
INFO - 2021-01-28 17:21:24 --> Controller "App\Controllers\InstituteDetails" loaded.
INFO - 2021-01-28 17:21:24 --> Fetching IIQA Details
INFO - 2021-01-28 17:21:24 --> Controller "App\Controllers\EmployeeDetails" loaded.
INFO - 2021-01-28 17:21:24 --> Fetching IIQA Details
INFO - 2021-01-28 17:21:24 --> Controller "App\Controllers\Status" loaded.
INFO - 2021-01-28 17:21:24 --> Fetching IIQA Details
INFO - 2021-01-28 17:21:24 --> Controller "App\Controllers\Dashboards" loaded.
INFO - 2021-01-28 17:21:24 --> Fetching Dashboard details
INFO - 2021-01-28 17:21:37 --> Controller "App\Controllers\SchedulePlanner" loaded.
INFO - 2021-01-28 17:21:37 --> Fetching IIQA Details
INFO - 2021-01-28 17:21:37 --> Controller "App\Controllers\EmployeeDetails" loaded.
INFO - 2021-01-28 17:21:37 --> Controller "App\Controllers\InstituteDetails" loaded.
INFO - 2021-01-28 17:21:37 --> Fetching IIQA Details
INFO - 2021-01-28 17:21:37 --> Fetching IIQA Details
INFO - 2021-01-28 17:21:37 --> Controller "App\Controllers\Status" loaded.
INFO - 2021-01-28 17:21:37 --> Fetching IIQA Details
INFO - 2021-01-28 17:21:57 --> Controller "App\Controllers\Dashboards" loaded.
INFO - 2021-01-28 17:21:57 --> Fetching Dashboard details
INFO - 2021-01-28 17:23:48 --> Controller "App\Controllers\InstitutePricingHistory" loaded.
INFO - 2021-01-28 17:23:48 --> Fetching IIQA Details
INFO - 2021-01-28 17:27:55 --> Controller "App\Controllers\Dashboards" loaded.
INFO - 2021-01-28 17:27:55 --> Fetching Dashboard details
INFO - 2021-01-28 17:28:15 --> Controller "App\Controllers\InstitutePricingHistory" loaded.
INFO - 2021-01-28 17:28:15 --> Fetching IIQA Details
INFO - 2021-01-28 17:28:23 --> Controller "App\Controllers\InstitutePricingHistory" loaded.
INFO - 2021-01-28 17:28:23 --> Fetching IIQA Details
INFO - 2021-01-28 17:29:15 --> Controller "App\Controllers\InstitutePricingHistory" loaded.
INFO - 2021-01-28 17:29:15 --> Fetching IIQA Details
INFO - 2021-01-28 17:29:33 --> Controller "App\Controllers\Dashboards" loaded.
INFO - 2021-01-28 17:29:33 --> Fetching Dashboard details
INFO - 2021-01-28 17:33:20 --> Controller "App\Controllers\Dashboards" loaded.
INFO - 2021-01-28 17:33:20 --> Fetching Dashboard details
INFO - 2021-01-28 17:35:31 --> Controller "App\Controllers\Dashboards" loaded.
INFO - 2021-01-28 17:35:31 --> Fetching Dashboard details
INFO - 2021-01-28 17:35:31 --> Controller "App\Controllers\SchedulePlanner" loaded.
INFO - 2021-01-28 17:35:31 --> Fetching IIQA Details
INFO - 2021-01-28 17:35:33 --> Controller "App\Controllers\SchedulePlanner" loaded.
INFO - 2021-01-28 17:35:33 --> Fetching IIQA Details
INFO - 2021-01-28 17:35:33 --> Controller "App\Controllers\InstituteDetails" loaded.
INFO - 2021-01-28 17:35:33 --> Fetching IIQA Details
INFO - 2021-01-28 17:35:38 --> Controller "App\Controllers\SchedulePlanner" loaded.
INFO - 2021-01-28 17:35:38 --> Fetching IIQA Details
INFO - 2021-01-28 17:35:38 --> Controller "App\Controllers\InstituteDetails" loaded.
INFO - 2021-01-28 17:35:38 --> Fetching IIQA Details
INFO - 2021-01-28 17:35:38 --> Controller "App\Controllers\EmployeeDetails" loaded.
INFO - 2021-01-28 17:35:38 --> Fetching IIQA Details
INFO - 2021-01-28 17:35:38 --> Controller "App\Controllers\Status" loaded.
INFO - 2021-01-28 17:35:38 --> Fetching IIQA Details
INFO - 2021-01-28 17:35:47 --> Controller "App\Controllers\SchedulePlanner" loaded.
INFO - 2021-01-28 17:35:47 --> Fetching IIQA Details
INFO - 2021-01-28 17:35:50 --> Controller "App\Controllers\SchedulePlanner" loaded.
INFO - 2021-01-28 17:35:50 --> Fetching IIQA Details
INFO - 2021-01-28 17:35:51 --> Controller "App\Controllers\SchedulePlanner" loaded.
INFO - 2021-01-28 17:35:51 --> Fetching IIQA Details
INFO - 2021-01-28 17:35:58 --> Controller "App\Controllers\PricingHistory" loaded.
INFO - 2021-01-28 17:35:58 --> Fetching IIQA Details
INFO - 2021-01-28 17:41:34 --> Controller "App\Controllers\Dashboards" loaded.
INFO - 2021-01-28 17:41:34 --> Controller "App\Controllers\SchedulePlanner" loaded.
INFO - 2021-01-28 17:41:34 --> Fetching IIQA Details
INFO - 2021-01-28 17:41:34 --> Fetching Dashboard details
INFO - 2021-01-28 17:41:35 --> Controller "App\Controllers\SchedulePlanner" loaded.
INFO - 2021-01-28 17:41:35 --> Fetching IIQA Details
INFO - 2021-01-28 17:41:35 --> Controller "App\Controllers\InstituteDetails" loaded.
INFO - 2021-01-28 17:41:35 --> Fetching IIQA Details
INFO - 2021-01-28 17:41:37 --> Controller "App\Controllers\SchedulePlanner" loaded.
INFO - 2021-01-28 17:41:37 --> Fetching IIQA Details
INFO - 2021-01-28 17:41:38 --> Controller "App\Controllers\SchedulePlanner" loaded.
INFO - 2021-01-28 17:41:38 --> Fetching IIQA Details
INFO - 2021-01-28 17:45:04 --> Controller "App\Controllers\Dashboards" loaded.
INFO - 2021-01-28 17:45:04 --> Fetching Dashboard details
INFO - 2021-01-28 17:50:28 --> Controller "App\Controllers\Dashboards" loaded.
INFO - 2021-01-28 17:50:28 --> Fetching Dashboard details
