INFO - 2020-07-22 00:30:49 --> Controller "App\Controllers\Users" loaded.
INFO - 2020-07-22 00:30:49 --> Fetching Users details
INFO - 2020-07-22 00:30:55 --> Controller "App\Controllers\Users" loaded.
INFO - 2020-07-22 00:30:55 --> Fetching Users details
INFO - 2020-07-22 00:31:09 --> Controller "App\Controllers\Boards" loaded.
INFO - 2020-07-22 00:31:09 --> Fetching Boards details
INFO - 2020-07-22 00:31:09 --> Controller "App\Controllers\Students" loaded.
INFO - 2020-07-22 00:31:09 --> Fetching All Leave details
INFO - 2020-07-22 00:31:09 --> Controller "App\Controllers\Academicyears" loaded.
INFO - 2020-07-22 00:31:09 --> Controller "App\Controllers\StudentDetails" loaded.
INFO - 2020-07-22 00:31:09 --> Controller "App\Controllers\Sections" loaded.
INFO - 2020-07-22 00:31:09 --> Fetching Academic year details
INFO - 2020-07-22 00:31:09 --> Fetching All Leave details
INFO - 2020-07-22 00:31:09 --> Fetching Sections details
INFO - 2020-07-22 00:31:09 --> Controller "App\Controllers\Sections" loaded.
INFO - 2020-07-22 00:31:09 --> Fetching Sections details
INFO - 2020-07-22 00:31:09 --> Controller "App\Controllers\Categories" loaded.
INFO - 2020-07-22 00:31:09 --> Fetching Category details
INFO - 2020-07-22 00:31:09 --> Controller "App\Controllers\Sections" loaded.
INFO - 2020-07-22 00:31:09 --> Fetching Sections details
INFO - 2020-07-22 00:31:09 --> Controller "App\Controllers\Sections" loaded.
INFO - 2020-07-22 00:31:09 --> Fetching Sections details
INFO - 2020-07-22 00:31:09 --> Controller "App\Controllers\Sections" loaded.
INFO - 2020-07-22 00:31:09 --> Fetching Sections details
INFO - 2020-07-22 00:31:25 --> Controller "App\Controllers\Boards" loaded.
INFO - 2020-07-22 00:31:25 --> Fetching Boards details
INFO - 2020-07-22 00:31:25 --> Controller "App\Controllers\StaffDetails" loaded.
INFO - 2020-07-22 00:31:25 --> Fetching All Leave details
INFO - 2020-07-22 00:31:25 --> Controller "App\Controllers\Sections" loaded.
INFO - 2020-07-22 00:31:25 --> Fetching Sections details
INFO - 2020-07-22 00:31:25 --> Controller "App\Controllers\StaffDetails" loaded.
INFO - 2020-07-22 00:31:25 --> Fetching Department details
INFO - 2020-07-22 00:31:25 --> Controller "App\Controllers\Staffs" loaded.
INFO - 2020-07-22 00:31:25 --> Fetching All staff details
INFO - 2020-07-22 00:31:25 --> Controller "App\Controllers\StaffDetails" loaded.
INFO - 2020-07-22 00:31:25 --> Fetching Department details
INFO - 2020-07-22 00:31:46 --> Controller "App\Controllers\Alumnus" loaded.
INFO - 2020-07-22 00:31:46 --> Fetching All Leave details
INFO - 2020-07-22 00:31:46 --> Controller "App\Controllers\Alumnus" loaded.
INFO - 2020-07-22 00:31:46 --> Fetching Alumni details
INFO - 2020-07-22 00:32:49 --> Controller "App\Controllers\Students" loaded.
INFO - 2020-07-22 00:32:49 --> Fetching All Leave details
INFO - 2020-07-22 00:32:49 --> Controller "App\Controllers\StudentDetails" loaded.
INFO - 2020-07-22 00:32:49 --> Fetching All Leave details
INFO - 2020-07-22 00:32:49 --> Controller "App\Controllers\Sections" loaded.
INFO - 2020-07-22 00:32:49 --> Controller "App\Controllers\Academicyears" loaded.
INFO - 2020-07-22 00:32:49 --> Fetching Academic year details
INFO - 2020-07-22 00:32:49 --> Fetching Sections details
INFO - 2020-07-22 00:32:49 --> Controller "App\Controllers\Boards" loaded.
INFO - 2020-07-22 00:32:49 --> Fetching Boards details
INFO - 2020-07-22 00:50:23 --> Controller "App\Controllers\Assignments" loaded.
INFO - 2020-07-22 00:50:23 --> Controller "App\Controllers\Academicyears" loaded.
INFO - 2020-07-22 00:50:23 --> Controller "App\Controllers\Sections" loaded.
INFO - 2020-07-22 00:50:23 --> Controller "App\Controllers\SubjectStandards" loaded.
INFO - 2020-07-22 00:50:23 --> Controller "App\Controllers\Assignments" loaded.
INFO - 2020-07-22 00:50:23 --> Fetching Academic year details
INFO - 2020-07-22 00:50:23 --> Fetching Subjects details
INFO - 2020-07-22 00:50:23 --> Controller "App\Controllers\Boards" loaded.
INFO - 2020-07-22 00:50:23 --> Fetching Assignments details
INFO - 2020-07-22 00:50:23 --> Fetching Boards details
INFO - 2020-07-22 00:50:23 --> Fetching Assignments Details details
INFO - 2020-07-22 00:50:23 --> Fetching Sections details
INFO - 2020-07-22 00:50:24 --> Controller "App\Controllers\Assignments" loaded.
INFO - 2020-07-22 00:50:24 --> Controller "App\Controllers\Assignments" loaded.
INFO - 2020-07-22 11:20:24 --> Fetching Assignments Mapped Id details
INFO - 2020-07-22 00:50:24 --> Fetching Assignments Grade details
INFO - 2020-07-22 00:50:24 --> Controller "App\Controllers\Assignments" loaded.
INFO - 2020-07-22 00:50:24 --> Fetching Assignments Id details
INFO - 2020-07-22 00:50:24 --> Controller "App\Controllers\Assignments" loaded.
INFO - 2020-07-22 00:50:24 --> Controller "App\Controllers\Sections" loaded.
INFO - 2020-07-22 00:50:24 --> Fetching Assignments Details details
INFO - 2020-07-22 00:50:24 --> Fetching Sections details
INFO - 2020-07-22 00:51:35 --> Controller "App\Controllers\Staffs" loaded.
INFO - 2020-07-22 00:51:35 --> Controller "App\Controllers\SubjectStandards" loaded.
INFO - 2020-07-22 00:51:35 --> Fetching All Leave details
INFO - 2020-07-22 00:51:35 --> Controller "App\Controllers\Assignments" loaded.
INFO - 2020-07-22 00:51:35 --> Fetching Assignments details
INFO - 2020-07-22 00:51:35 --> Fetching Subjects details
INFO - 2020-07-22 00:53:51 --> Controller "App\Controllers\Boards" loaded.
INFO - 2020-07-22 00:53:51 --> Fetching Boards details
INFO - 2020-07-22 00:53:51 --> Controller "App\Controllers\Sections" loaded.
INFO - 2020-07-22 00:53:51 --> Fetching Sections details
INFO - 2020-07-22 00:53:51 --> Controller "App\Controllers\Assignments" loaded.
INFO - 2020-07-22 00:53:51 --> Fetching Assignments Details details
INFO - 2020-07-22 00:53:51 --> Controller "App\Controllers\SubjectStandards" loaded.
INFO - 2020-07-22 00:53:51 --> Fetching Subjects details
INFO - 2020-07-22 00:53:51 --> Controller "App\Controllers\Academicyears" loaded.
INFO - 2020-07-22 00:53:51 --> Fetching Academic year details
INFO - 2020-07-22 00:53:51 --> Controller "App\Controllers\Assignments" loaded.
INFO - 2020-07-22 00:53:51 --> Fetching Assignments details
INFO - 2020-07-22 00:53:51 --> Controller "App\Controllers\Assignments" loaded.
INFO - 2020-07-22 00:53:51 --> Fetching Assignments Id details
INFO - 2020-07-22 00:53:51 --> Controller "App\Controllers\Assignments" loaded.
INFO - 2020-07-22 11:23:51 --> Fetching Assignments Mapped Id details
INFO - 2020-07-22 00:53:51 --> Controller "App\Controllers\Assignments" loaded.
INFO - 2020-07-22 00:53:51 --> Fetching Assignments Grade details
INFO - 2020-07-22 00:53:51 --> Controller "App\Controllers\Sections" loaded.
INFO - 2020-07-22 00:53:51 --> Fetching Sections details
INFO - 2020-07-22 00:53:51 --> Controller "App\Controllers\Assignments" loaded.
INFO - 2020-07-22 00:53:51 --> Fetching Assignments Details details
INFO - 2020-07-22 00:54:16 --> Controller "App\Controllers\Sections" loaded.
INFO - 2020-07-22 00:54:16 --> Fetching Sections details
INFO - 2020-07-22 00:54:16 --> Controller "App\Controllers\Assignments" loaded.
INFO - 2020-07-22 00:54:16 --> Fetching Assignments Details details
INFO - 2020-07-22 00:54:17 --> Controller "App\Controllers\Sections" loaded.
INFO - 2020-07-22 00:54:17 --> Fetching Sections details
INFO - 2020-07-22 00:54:18 --> Controller "App\Controllers\Assignments" loaded.
INFO - 2020-07-22 00:54:18 --> Fetching Assignments Details details
INFO - 2020-07-22 00:54:43 --> Controller "App\Controllers\Boards" loaded.
INFO - 2020-07-22 00:54:43 --> Fetching Boards details
INFO - 2020-07-22 00:54:43 --> Controller "App\Controllers\Sections" loaded.
INFO - 2020-07-22 00:54:43 --> Fetching Sections details
INFO - 2020-07-22 00:54:43 --> Controller "App\Controllers\Assignments" loaded.
INFO - 2020-07-22 00:54:43 --> Fetching Assignments Details details
INFO - 2020-07-22 00:54:43 --> Controller "App\Controllers\SubjectStandards" loaded.
INFO - 2020-07-22 00:54:43 --> Fetching Subjects details
INFO - 2020-07-22 00:54:43 --> Controller "App\Controllers\Academicyears" loaded.
INFO - 2020-07-22 00:54:43 --> Fetching Academic year details
INFO - 2020-07-22 00:54:43 --> Controller "App\Controllers\Assignments" loaded.
INFO - 2020-07-22 00:54:43 --> Fetching Assignments details
INFO - 2020-07-22 00:54:44 --> Controller "App\Controllers\Assignments" loaded.
INFO - 2020-07-22 00:54:44 --> Fetching Assignments Id details
INFO - 2020-07-22 00:54:44 --> Controller "App\Controllers\Assignments" loaded.
INFO - 2020-07-22 11:24:44 --> Fetching Assignments Mapped Id details
INFO - 2020-07-22 00:54:44 --> Controller "App\Controllers\Assignments" loaded.
INFO - 2020-07-22 00:54:44 --> Fetching Assignments Grade details
INFO - 2020-07-22 00:54:45 --> Controller "App\Controllers\Sections" loaded.
INFO - 2020-07-22 00:54:45 --> Fetching Sections details
INFO - 2020-07-22 00:54:45 --> Controller "App\Controllers\Assignments" loaded.
INFO - 2020-07-22 00:54:45 --> Fetching Assignments Details details
INFO - 2020-07-22 01:02:22 --> Controller "App\Controllers\Academicyears" loaded.
INFO - 2020-07-22 01:02:22 --> Controller "App\Controllers\Sections" loaded.
INFO - 2020-07-22 01:02:22 --> Controller "App\Controllers\Assignments" loaded.
INFO - 2020-07-22 01:02:22 --> Fetching Academic year details
INFO - 2020-07-22 01:02:22 --> Fetching Assignments Details details
INFO - 2020-07-22 01:02:22 --> Controller "App\Controllers\Assignments" loaded.
INFO - 2020-07-22 01:02:22 --> Controller "App\Controllers\Boards" loaded.
INFO - 2020-07-22 01:02:22 --> Fetching Assignments details
INFO - 2020-07-22 01:02:22 --> Fetching Sections details
INFO - 2020-07-22 01:02:22 --> Fetching Boards details
INFO - 2020-07-22 01:02:22 --> Controller "App\Controllers\SubjectStandards" loaded.
INFO - 2020-07-22 01:02:22 --> Fetching Subjects details
INFO - 2020-07-22 01:02:23 --> Controller "App\Controllers\Assignments" loaded.
INFO - 2020-07-22 01:02:23 --> Fetching Assignments Id details
INFO - 2020-07-22 01:02:23 --> Controller "App\Controllers\Assignments" loaded.
INFO - 2020-07-22 01:02:23 --> Controller "App\Controllers\Assignments" loaded.
INFO - 2020-07-22 11:32:23 --> Fetching Assignments Mapped Id details
INFO - 2020-07-22 01:02:23 --> Fetching Assignments Grade details
INFO - 2020-07-22 01:02:23 --> Controller "App\Controllers\Sections" loaded.
INFO - 2020-07-22 01:02:23 --> Controller "App\Controllers\Assignments" loaded.
INFO - 2020-07-22 01:02:23 --> Fetching Assignments Details details
INFO - 2020-07-22 01:02:23 --> Fetching Sections details
INFO - 2020-07-22 01:02:34 --> Controller "App\Controllers\Boards" loaded.
INFO - 2020-07-22 01:02:34 --> Controller "App\Controllers\Sections" loaded.
INFO - 2020-07-22 01:02:34 --> Fetching Boards details
INFO - 2020-07-22 01:02:34 --> Fetching Sections details
INFO - 2020-07-22 01:02:34 --> Controller "App\Controllers\Assignments" loaded.
INFO - 2020-07-22 01:02:34 --> Controller "App\Controllers\Academicyears" loaded.
INFO - 2020-07-22 01:02:34 --> Controller "App\Controllers\Assignments" loaded.
INFO - 2020-07-22 01:02:34 --> Fetching Academic year details
INFO - 2020-07-22 01:02:34 --> Fetching Assignments Details details
INFO - 2020-07-22 01:02:34 --> Fetching Assignments details
INFO - 2020-07-22 01:02:34 --> Controller "App\Controllers\SubjectStandards" loaded.
INFO - 2020-07-22 01:02:34 --> Fetching Subjects details
INFO - 2020-07-22 01:02:34 --> Controller "App\Controllers\Assignments" loaded.
INFO - 2020-07-22 01:02:34 --> Controller "App\Controllers\Assignments" loaded.
INFO - 2020-07-22 01:02:34 --> Fetching Assignments Id details
INFO - 2020-07-22 11:32:34 --> Fetching Assignments Mapped Id details
INFO - 2020-07-22 01:02:34 --> Controller "App\Controllers\Assignments" loaded.
INFO - 2020-07-22 01:02:34 --> Fetching Assignments Grade details
INFO - 2020-07-22 01:02:34 --> Controller "App\Controllers\Sections" loaded.
INFO - 2020-07-22 01:02:34 --> Controller "App\Controllers\Assignments" loaded.
INFO - 2020-07-22 01:02:34 --> Fetching Assignments Details details
INFO - 2020-07-22 01:02:34 --> Fetching Sections details
INFO - 2020-07-22 01:02:42 --> Controller "App\Controllers\Assignments" loaded.
INFO - 2020-07-22 01:02:42 --> Controller "App\Controllers\Staffs" loaded.
INFO - 2020-07-22 01:02:42 --> Controller "App\Controllers\SubjectStandards" loaded.
INFO - 2020-07-22 01:02:42 --> Fetching Assignments details
INFO - 2020-07-22 01:02:42 --> Fetching All Leave details
INFO - 2020-07-22 01:02:42 --> Fetching Subjects details
INFO - 2020-07-22 01:03:31 --> Controller "App\Controllers\Boards" loaded.
INFO - 2020-07-22 01:03:31 --> Controller "App\Controllers\Sections" loaded.
INFO - 2020-07-22 01:03:31 --> Fetching Boards details
INFO - 2020-07-22 01:03:31 --> Controller "App\Controllers\Assignments" loaded.
INFO - 2020-07-22 01:03:31 --> Fetching Assignments Details details
INFO - 2020-07-22 01:03:31 --> Fetching Sections details
INFO - 2020-07-22 01:03:31 --> Controller "App\Controllers\SubjectStandards" loaded.
INFO - 2020-07-22 01:03:31 --> Controller "App\Controllers\Academicyears" loaded.
INFO - 2020-07-22 01:03:31 --> Fetching Academic year details
INFO - 2020-07-22 01:03:31 --> Controller "App\Controllers\Assignments" loaded.
INFO - 2020-07-22 01:03:31 --> Fetching Subjects details
INFO - 2020-07-22 01:03:31 --> Fetching Assignments details
INFO - 2020-07-22 01:03:31 --> Controller "App\Controllers\Assignments" loaded.
INFO - 2020-07-22 01:03:31 --> Controller "App\Controllers\Assignments" loaded.
INFO - 2020-07-22 11:33:31 --> Fetching Assignments Mapped Id details
INFO - 2020-07-22 01:03:31 --> Fetching Assignments Id details
INFO - 2020-07-22 01:03:31 --> Controller "App\Controllers\Assignments" loaded.
INFO - 2020-07-22 01:03:31 --> Fetching Assignments Grade details
INFO - 2020-07-22 01:03:34 --> Controller "App\Controllers\Assignments" loaded.
INFO - 2020-07-22 01:03:34 --> Controller "App\Controllers\Sections" loaded.
INFO - 2020-07-22 01:03:34 --> Fetching Assignments Details details
INFO - 2020-07-22 01:03:34 --> Fetching Sections details
INFO - 2020-07-22 03:33:20 --> Controller "App\Controllers\Sections" loaded.
INFO - 2020-07-22 03:33:20 --> Controller "App\Controllers\Academicyears" loaded.
INFO - 2020-07-22 03:33:20 --> Controller "App\Controllers\StudentDetails" loaded.
INFO - 2020-07-22 03:33:20 --> Controller "App\Controllers\Students" loaded.
INFO - 2020-07-22 03:33:20 --> Controller "App\Controllers\Boards" loaded.
INFO - 2020-07-22 03:33:20 --> Fetching Boards details
INFO - 2020-07-22 03:33:20 --> Fetching All Leave details
INFO - 2020-07-22 03:33:20 --> Fetching Academic year details
INFO - 2020-07-22 03:33:20 --> Fetching Sections details
INFO - 2020-07-22 03:33:20 --> Fetching All Leave details
INFO - 2020-07-22 03:33:26 --> Controller "App\Controllers\Students" loaded.
INFO - 2020-07-22 03:33:26 --> Fetching All Leave details
INFO - 2020-07-22 03:33:26 --> Controller "App\Controllers\Academicyears" loaded.
INFO - 2020-07-22 03:33:26 --> Controller "App\Controllers\Boards" loaded.
INFO - 2020-07-22 03:33:26 --> Controller "App\Controllers\Sections" loaded.
INFO - 2020-07-22 03:33:26 --> Fetching Sections details
INFO - 2020-07-22 03:33:26 --> Fetching Academic year details
INFO - 2020-07-22 03:33:26 --> Fetching Boards details
INFO - 2020-07-22 03:33:26 --> Controller "App\Controllers\Sections" loaded.
INFO - 2020-07-22 03:33:26 --> Controller "App\Controllers\StudentDetails" loaded.
INFO - 2020-07-22 03:33:26 --> Fetching Sections details
INFO - 2020-07-22 03:33:26 --> Fetching All Leave details
INFO - 2020-07-22 03:33:26 --> Controller "App\Controllers\Categories" loaded.
INFO - 2020-07-22 03:33:26 --> Fetching Category details
INFO - 2020-07-22 03:33:26 --> Controller "App\Controllers\Sections" loaded.
INFO - 2020-07-22 03:33:26 --> Fetching Sections details
INFO - 2020-07-22 03:33:26 --> Controller "App\Controllers\Sections" loaded.
INFO - 2020-07-22 03:33:26 --> Fetching Sections details
INFO - 2020-07-22 03:33:26 --> Controller "App\Controllers\Sections" loaded.
INFO - 2020-07-22 03:33:26 --> Fetching Sections details
INFO - 2020-07-22 03:36:57 --> Controller "App\Controllers\Sections" loaded.
INFO - 2020-07-22 03:36:57 --> Controller "App\Controllers\Students" loaded.
INFO - 2020-07-22 03:36:57 --> Fetching Sections details
INFO - 2020-07-22 03:36:57 --> Fetching All Leave details
INFO - 2020-07-22 03:36:57 --> Controller "App\Controllers\Academicyears" loaded.
INFO - 2020-07-22 03:36:57 --> Fetching Academic year details
INFO - 2020-07-22 03:36:57 --> Controller "App\Controllers\StudentDetails" loaded.
INFO - 2020-07-22 03:36:57 --> Controller "App\Controllers\Boards" loaded.
INFO - 2020-07-22 03:36:57 --> Fetching All Leave details
INFO - 2020-07-22 03:36:57 --> Fetching Boards details
INFO - 2020-07-22 03:36:57 --> Controller "App\Controllers\Sections" loaded.
INFO - 2020-07-22 03:36:57 --> Fetching Sections details
INFO - 2020-07-22 03:36:57 --> Controller "App\Controllers\Categories" loaded.
INFO - 2020-07-22 03:36:57 --> Fetching Category details
INFO - 2020-07-22 03:36:57 --> Controller "App\Controllers\Sections" loaded.
INFO - 2020-07-22 03:36:57 --> Fetching Sections details
INFO - 2020-07-22 03:36:58 --> Controller "App\Controllers\Sections" loaded.
INFO - 2020-07-22 03:36:58 --> Controller "App\Controllers\Sections" loaded.
INFO - 2020-07-22 03:36:58 --> Fetching Sections details
INFO - 2020-07-22 03:36:58 --> Fetching Sections details
INFO - 2020-07-22 03:37:04 --> Controller "App\Controllers\Sections" loaded.
INFO - 2020-07-22 03:37:04 --> Controller "App\Controllers\Students" loaded.
INFO - 2020-07-22 03:37:04 --> Fetching All Leave details
INFO - 2020-07-22 03:37:04 --> Controller "App\Controllers\Academicyears" loaded.
INFO - 2020-07-22 03:37:04 --> Fetching Academic year details
INFO - 2020-07-22 03:37:04 --> Fetching Sections details
INFO - 2020-07-22 03:37:04 --> Controller "App\Controllers\Boards" loaded.
INFO - 2020-07-22 03:37:04 --> Fetching Boards details
INFO - 2020-07-22 03:37:04 --> Controller "App\Controllers\StudentDetails" loaded.
INFO - 2020-07-22 03:37:04 --> Controller "App\Controllers\Sections" loaded.
INFO - 2020-07-22 03:37:04 --> Fetching All Leave details
INFO - 2020-07-22 03:37:04 --> Fetching Sections details
INFO - 2020-07-22 03:37:04 --> Controller "App\Controllers\Categories" loaded.
INFO - 2020-07-22 03:37:04 --> Fetching Category details
INFO - 2020-07-22 03:37:04 --> Controller "App\Controllers\Sections" loaded.
INFO - 2020-07-22 03:37:04 --> Fetching Sections details
INFO - 2020-07-22 03:37:04 --> Controller "App\Controllers\Sections" loaded.
INFO - 2020-07-22 03:37:04 --> Fetching Sections details
INFO - 2020-07-22 03:37:04 --> Controller "App\Controllers\Sections" loaded.
INFO - 2020-07-22 03:37:04 --> Fetching Sections details
INFO - 2020-07-22 03:37:27 --> Controller "App\Controllers\Sections" loaded.
INFO - 2020-07-22 03:37:27 --> Controller "App\Controllers\Students" loaded.
INFO - 2020-07-22 03:37:27 --> Fetching Sections details
INFO - 2020-07-22 03:37:27 --> Fetching All Leave details
INFO - 2020-07-22 03:37:27 --> Controller "App\Controllers\Academicyears" loaded.
INFO - 2020-07-22 03:37:27 --> Fetching Academic year details
INFO - 2020-07-22 03:37:27 --> Controller "App\Controllers\Boards" loaded.
INFO - 2020-07-22 03:37:27 --> Fetching Boards details
INFO - 2020-07-22 03:37:27 --> Controller "App\Controllers\StudentDetails" loaded.
INFO - 2020-07-22 03:37:27 --> Fetching All Leave details
INFO - 2020-07-22 03:38:53 --> Controller "App\Controllers\MessageGroups" loaded.
INFO - 2020-07-22 03:38:53 --> Controller "App\Controllers\Dashboards" loaded.
INFO - 2020-07-22 03:38:53 --> Controller "App\Controllers\Sections" loaded.
INFO - 2020-07-22 03:38:53 --> Controller "App\Controllers\Boards" loaded.
INFO - 2020-07-22 03:38:53 --> Fetching Boards details
INFO - 2020-07-22 03:38:53 --> Fetching MessageGroups details
INFO - 2020-07-22 03:38:53 --> Fetching Sections details
INFO - 2020-07-22 03:38:53 --> Fetching Dashboard details
INFO - 2020-07-22 03:38:53 --> Controller "App\Controllers\Students" loaded.
INFO - 2020-07-22 03:38:53 --> Fetching All Leave details
INFO - 2020-07-22 03:38:53 --> Controller "App\Controllers\Users" loaded.
INFO - 2020-07-22 03:38:53 --> Fetching All User details
INFO - 2020-07-22 03:38:53 --> Controller "App\Controllers\MessageCenter" loaded.
INFO - 2020-07-22 03:38:53 --> Fetching MessageCenter details
INFO - 2020-07-22 03:39:00 --> Controller "App\Controllers\Sections" loaded.
INFO - 2020-07-22 03:39:00 --> Controller "App\Controllers\Students" loaded.
INFO - 2020-07-22 03:39:00 --> Fetching Sections details
INFO - 2020-07-22 03:39:00 --> Fetching All Leave details
INFO - 2020-07-22 03:39:00 --> Controller "App\Controllers\Academicyears" loaded.
INFO - 2020-07-22 03:39:00 --> Controller "App\Controllers\Boards" loaded.
INFO - 2020-07-22 03:39:00 --> Fetching Academic year details
INFO - 2020-07-22 03:39:00 --> Fetching Boards details
INFO - 2020-07-22 03:39:00 --> Controller "App\Controllers\StudentDetails" loaded.
INFO - 2020-07-22 03:39:00 --> Fetching All Leave details
INFO - 2020-07-22 03:55:56 --> Controller "App\Controllers\Sections" loaded.
INFO - 2020-07-22 03:55:56 --> Fetching Sections details
INFO - 2020-07-22 03:55:56 --> Controller "App\Controllers\Students" loaded.
INFO - 2020-07-22 03:55:56 --> Fetching All Leave details
INFO - 2020-07-22 03:55:56 --> Controller "App\Controllers\Academicyears" loaded.
INFO - 2020-07-22 03:55:56 --> Fetching Academic year details
INFO - 2020-07-22 03:55:56 --> Controller "App\Controllers\Boards" loaded.
INFO - 2020-07-22 03:55:56 --> Fetching Boards details
INFO - 2020-07-22 03:55:56 --> Controller "App\Controllers\StudentDetails" loaded.
INFO - 2020-07-22 03:55:56 --> Fetching All Leave details
INFO - 2020-07-22 03:55:56 --> Controller "App\Controllers\Sections" loaded.
INFO - 2020-07-22 03:55:56 --> Fetching Sections details
INFO - 2020-07-22 03:55:56 --> Controller "App\Controllers\Categories" loaded.
INFO - 2020-07-22 03:55:56 --> Fetching Category details
INFO - 2020-07-22 03:55:56 --> Controller "App\Controllers\Sections" loaded.
INFO - 2020-07-22 03:55:56 --> Fetching Sections details
INFO - 2020-07-22 03:55:56 --> Controller "App\Controllers\Sections" loaded.
INFO - 2020-07-22 03:55:56 --> Fetching Sections details
INFO - 2020-07-22 03:55:56 --> Controller "App\Controllers\Sections" loaded.
INFO - 2020-07-22 03:55:56 --> Fetching Sections details
INFO - 2020-07-22 03:56:00 --> Controller "App\Controllers\Sections" loaded.
INFO - 2020-07-22 03:56:00 --> Fetching Sections details
INFO - 2020-07-22 03:56:00 --> Controller "App\Controllers\StudentDetails" loaded.
INFO - 2020-07-22 03:56:00 --> Fetching All Leave details
INFO - 2020-07-22 03:56:01 --> Controller "App\Controllers\Sections" loaded.
INFO - 2020-07-22 03:56:01 --> Fetching Sections details
INFO - 2020-07-22 03:56:01 --> Controller "App\Controllers\StudentDetails" loaded.
INFO - 2020-07-22 03:56:01 --> Fetching All Leave details
INFO - 2020-07-22 03:59:13 --> Controller "App\Controllers\Sections" loaded.
INFO - 2020-07-22 03:59:13 --> Controller "App\Controllers\Students" loaded.
INFO - 2020-07-22 03:59:13 --> Fetching Sections details
INFO - 2020-07-22 03:59:13 --> Fetching All Leave details
INFO - 2020-07-22 03:59:13 --> Controller "App\Controllers\Academicyears" loaded.
INFO - 2020-07-22 03:59:13 --> Fetching Academic year details
INFO - 2020-07-22 03:59:13 --> Controller "App\Controllers\Boards" loaded.
INFO - 2020-07-22 03:59:13 --> Fetching Boards details
INFO - 2020-07-22 03:59:13 --> Controller "App\Controllers\StudentDetails" loaded.
INFO - 2020-07-22 03:59:13 --> Fetching All Leave details
INFO - 2020-07-22 03:59:13 --> Controller "App\Controllers\Sections" loaded.
INFO - 2020-07-22 03:59:13 --> Fetching Sections details
INFO - 2020-07-22 03:59:13 --> Controller "App\Controllers\Categories" loaded.
INFO - 2020-07-22 03:59:13 --> Fetching Category details
INFO - 2020-07-22 03:59:13 --> Controller "App\Controllers\Sections" loaded.
INFO - 2020-07-22 03:59:13 --> Fetching Sections details
INFO - 2020-07-22 03:59:13 --> Controller "App\Controllers\Sections" loaded.
INFO - 2020-07-22 03:59:13 --> Fetching Sections details
INFO - 2020-07-22 03:59:13 --> Controller "App\Controllers\Sections" loaded.
INFO - 2020-07-22 03:59:13 --> Fetching Sections details
INFO - 2020-07-22 03:59:17 --> Controller "App\Controllers\Sections" loaded.
INFO - 2020-07-22 03:59:17 --> Fetching Sections details
INFO - 2020-07-22 03:59:17 --> Controller "App\Controllers\Students" loaded.
INFO - 2020-07-22 03:59:17 --> Fetching All Leave details
INFO - 2020-07-22 03:59:17 --> Controller "App\Controllers\Academicyears" loaded.
INFO - 2020-07-22 03:59:17 --> Fetching Academic year details
INFO - 2020-07-22 03:59:17 --> Controller "App\Controllers\Boards" loaded.
INFO - 2020-07-22 03:59:17 --> Fetching Boards details
INFO - 2020-07-22 03:59:17 --> Controller "App\Controllers\StudentDetails" loaded.
INFO - 2020-07-22 03:59:17 --> Fetching All Leave details
INFO - 2020-07-22 04:00:19 --> Controller "App\Controllers\Sections" loaded.
INFO - 2020-07-22 04:00:19 --> Fetching Sections details
INFO - 2020-07-22 04:00:19 --> Controller "App\Controllers\Students" loaded.
INFO - 2020-07-22 04:00:19 --> Fetching All Leave details
INFO - 2020-07-22 04:00:19 --> Controller "App\Controllers\Academicyears" loaded.
INFO - 2020-07-22 04:00:19 --> Fetching Academic year details
INFO - 2020-07-22 04:00:19 --> Controller "App\Controllers\Boards" loaded.
INFO - 2020-07-22 04:00:19 --> Fetching Boards details
INFO - 2020-07-22 04:00:19 --> Controller "App\Controllers\StudentDetails" loaded.
INFO - 2020-07-22 04:00:19 --> Fetching All Leave details
INFO - 2020-07-22 04:01:48 --> Controller "App\Controllers\Sections" loaded.
INFO - 2020-07-22 04:01:48 --> Fetching Sections details
INFO - 2020-07-22 04:01:48 --> Controller "App\Controllers\Students" loaded.
INFO - 2020-07-22 04:01:48 --> Fetching All Leave details
INFO - 2020-07-22 04:01:48 --> Controller "App\Controllers\Academicyears" loaded.
INFO - 2020-07-22 04:01:48 --> Fetching Academic year details
INFO - 2020-07-22 04:01:48 --> Controller "App\Controllers\Boards" loaded.
INFO - 2020-07-22 04:01:48 --> Fetching Boards details
INFO - 2020-07-22 04:01:48 --> Controller "App\Controllers\StudentDetails" loaded.
INFO - 2020-07-22 04:01:48 --> Fetching All Leave details
INFO - 2020-07-22 04:04:46 --> Controller "App\Controllers\Sections" loaded.
INFO - 2020-07-22 04:04:46 --> Controller "App\Controllers\Students" loaded.
INFO - 2020-07-22 04:04:46 --> Fetching All Leave details
INFO - 2020-07-22 04:04:46 --> Fetching Sections details
INFO - 2020-07-22 04:04:46 --> Controller "App\Controllers\Academicyears" loaded.
INFO - 2020-07-22 04:04:46 --> Fetching Academic year details
INFO - 2020-07-22 04:04:46 --> Controller "App\Controllers\Boards" loaded.
INFO - 2020-07-22 04:04:46 --> Fetching Boards details
INFO - 2020-07-22 04:04:46 --> Controller "App\Controllers\StudentDetails" loaded.
INFO - 2020-07-22 04:04:46 --> Fetching All Leave details
INFO - 2020-07-22 04:06:17 --> Controller "App\Controllers\Sections" loaded.
INFO - 2020-07-22 04:06:17 --> Fetching Sections details
INFO - 2020-07-22 04:06:17 --> Controller "App\Controllers\Students" loaded.
INFO - 2020-07-22 04:06:17 --> Fetching All Leave details
INFO - 2020-07-22 04:06:17 --> Controller "App\Controllers\Academicyears" loaded.
INFO - 2020-07-22 04:06:17 --> Fetching Academic year details
INFO - 2020-07-22 04:06:17 --> Controller "App\Controllers\Boards" loaded.
INFO - 2020-07-22 04:06:17 --> Fetching Boards details
INFO - 2020-07-22 04:06:17 --> Controller "App\Controllers\StudentDetails" loaded.
INFO - 2020-07-22 04:06:17 --> Fetching All Leave details
INFO - 2020-07-22 04:17:31 --> Controller "App\Controllers\Sections" loaded.
INFO - 2020-07-22 04:17:31 --> Controller "App\Controllers\Sections" loaded.
INFO - 2020-07-22 04:17:31 --> Controller "App\Controllers\StudentDetails" loaded.
INFO - 2020-07-22 04:17:31 --> Controller "App\Controllers\Boards" loaded.
INFO - 2020-07-22 04:17:31 --> Controller "App\Controllers\Students" loaded.
INFO - 2020-07-22 04:17:31 --> Fetching Boards details
INFO - 2020-07-22 04:17:31 --> Fetching All Leave details
INFO - 2020-07-22 04:17:31 --> Fetching All Leave details
INFO - 2020-07-22 04:17:31 --> Fetching Sections details
INFO - 2020-07-22 04:17:31 --> Controller "App\Controllers\Academicyears" loaded.
INFO - 2020-07-22 04:17:31 --> Fetching Sections details
INFO - 2020-07-22 04:17:31 --> Fetching Academic year details
INFO - 2020-07-22 04:17:31 --> Controller "App\Controllers\Categories" loaded.
INFO - 2020-07-22 04:17:31 --> Fetching Category details
INFO - 2020-07-22 04:17:31 --> Controller "App\Controllers\Sections" loaded.
INFO - 2020-07-22 04:17:31 --> Controller "App\Controllers\Sections" loaded.
INFO - 2020-07-22 04:17:31 --> Fetching Sections details
INFO - 2020-07-22 04:17:31 --> Fetching Sections details
INFO - 2020-07-22 04:17:31 --> Controller "App\Controllers\Sections" loaded.
INFO - 2020-07-22 04:17:31 --> Fetching Sections details
INFO - 2020-07-22 04:17:38 --> Controller "App\Controllers\Sections" loaded.
INFO - 2020-07-22 04:17:38 --> Fetching Sections details
INFO - 2020-07-22 04:17:38 --> Controller "App\Controllers\Students" loaded.
INFO - 2020-07-22 04:17:38 --> Controller "App\Controllers\Academicyears" loaded.
INFO - 2020-07-22 04:17:38 --> Fetching Academic year details
INFO - 2020-07-22 04:17:38 --> Controller "App\Controllers\Boards" loaded.
INFO - 2020-07-22 04:17:38 --> Fetching All Leave details
INFO - 2020-07-22 04:17:38 --> Fetching Boards details
INFO - 2020-07-22 04:17:38 --> Controller "App\Controllers\StudentDetails" loaded.
INFO - 2020-07-22 04:17:38 --> Fetching All Leave details
INFO - 2020-07-22 05:32:47 --> Controller "App\Controllers\Boards" loaded.
INFO - 2020-07-22 05:32:47 --> Fetching Boards details
INFO - 2020-07-22 05:32:47 --> Controller "App\Controllers\ClassMasters" loaded.
INFO - 2020-07-22 05:32:47 --> Fetching class details
INFO - 2020-07-22 05:32:47 --> Controller "App\Controllers\ClassMasters" loaded.
INFO - 2020-07-22 05:32:47 --> Controller "App\Controllers\RoomMasters" loaded.
INFO - 2020-07-22 05:32:47 --> Controller "App\Controllers\SubjectMasters" loaded.
INFO - 2020-07-22 05:32:47 --> Fetching SubjectMasters details
INFO - 2020-07-22 05:32:47 --> Controller "App\Controllers\Sections" loaded.
INFO - 2020-07-22 05:32:47 --> Fetching Sections details
INFO - 2020-07-22 05:32:47 --> Controller "App\Controllers\Staffs" loaded.
INFO - 2020-07-22 05:32:47 --> Fetching All Leave details
INFO - 2020-07-22 05:32:47 --> Controller "App\Controllers\Academicyears" loaded.
INFO - 2020-07-22 05:32:47 --> Fetching Academic year details
INFO - 2020-07-22 05:32:47 --> Controller "App\Controllers\AcademicSettings" loaded.
INFO - 2020-07-22 05:32:47 --> Fetching Academic year details
INFO - 2020-07-22 05:32:47 --> Controller "App\Controllers\ClassMasters" loaded.
INFO - 2020-07-22 05:32:47 --> Controller "App\Controllers\ClassMasters" loaded.
INFO - 2020-07-22 05:32:47 --> Fetching class details
INFO - 2020-07-22 05:32:48 --> Controller "App\Controllers\ClassMasters" loaded.
INFO - 2020-07-22 05:32:48 --> Controller "App\Controllers\RoomMasters" loaded.
INFO - 2020-07-22 05:32:48 --> Controller "App\Controllers\Sections" loaded.
INFO - 2020-07-22 05:32:48 --> Fetching Sections details
INFO - 2020-07-22 05:36:53 --> Controller "App\Controllers\Sections" loaded.
INFO - 2020-07-22 05:36:53 --> Fetching Sections details
INFO - 2020-07-22 05:36:53 --> Controller "App\Controllers\Students" loaded.
INFO - 2020-07-22 05:36:53 --> Fetching All Leave details
INFO - 2020-07-22 05:36:53 --> Controller "App\Controllers\Academicyears" loaded.
INFO - 2020-07-22 05:36:53 --> Fetching Academic year details
INFO - 2020-07-22 05:36:53 --> Controller "App\Controllers\Boards" loaded.
INFO - 2020-07-22 05:36:53 --> Fetching Boards details
INFO - 2020-07-22 05:36:53 --> Controller "App\Controllers\StudentDetails" loaded.
INFO - 2020-07-22 05:36:53 --> Fetching All Leave details
INFO - 2020-07-22 05:40:40 --> Controller "App\Controllers\Sections" loaded.
INFO - 2020-07-22 05:40:40 --> Fetching Sections details
INFO - 2020-07-22 05:40:40 --> Controller "App\Controllers\Students" loaded.
INFO - 2020-07-22 05:40:40 --> Fetching All Leave details
INFO - 2020-07-22 05:40:40 --> Controller "App\Controllers\Academicyears" loaded.
INFO - 2020-07-22 05:40:40 --> Fetching Academic year details
INFO - 2020-07-22 05:40:40 --> Controller "App\Controllers\Boards" loaded.
INFO - 2020-07-22 05:40:40 --> Fetching Boards details
INFO - 2020-07-22 05:40:40 --> Controller "App\Controllers\StudentDetails" loaded.
INFO - 2020-07-22 05:40:40 --> Fetching All Leave details
INFO - 2020-07-22 05:45:16 --> Controller "App\Controllers\ClassMasters" loaded.
INFO - 2020-07-22 05:45:18 --> Controller "App\Controllers\ClassMasters" loaded.
INFO - 2020-07-22 05:49:06 --> Controller "App\Controllers\Sections" loaded.
INFO - 2020-07-22 05:49:06 --> Fetching Sections details
INFO - 2020-07-22 05:49:07 --> Controller "App\Controllers\Students" loaded.
INFO - 2020-07-22 05:49:07 --> Fetching All Leave details
INFO - 2020-07-22 05:49:07 --> Controller "App\Controllers\Academicyears" loaded.
INFO - 2020-07-22 05:49:07 --> Fetching Academic year details
INFO - 2020-07-22 05:49:07 --> Controller "App\Controllers\Boards" loaded.
INFO - 2020-07-22 05:49:07 --> Fetching Boards details
INFO - 2020-07-22 05:49:07 --> Controller "App\Controllers\StudentDetails" loaded.
INFO - 2020-07-22 05:49:07 --> Fetching All Leave details
INFO - 2020-07-22 06:24:45 --> Controller "App\Controllers\Sections" loaded.
INFO - 2020-07-22 06:24:45 --> Controller "App\Controllers\Academicyears" loaded.
INFO - 2020-07-22 06:24:45 --> Controller "App\Controllers\Boards" loaded.
INFO - 2020-07-22 06:24:45 --> Controller "App\Controllers\Students" loaded.
INFO - 2020-07-22 06:24:45 --> Fetching Academic year details
INFO - 2020-07-22 06:24:45 --> Controller "App\Controllers\StudentDetails" loaded.
INFO - 2020-07-22 06:24:45 --> Fetching All Leave details
INFO - 2020-07-22 06:24:45 --> Controller "App\Controllers\Sections" loaded.
INFO - 2020-07-22 06:24:45 --> Fetching Boards details
INFO - 2020-07-22 06:24:45 --> Fetching All Leave details
INFO - 2020-07-22 06:24:45 --> Fetching Sections details
INFO - 2020-07-22 06:24:45 --> Fetching Sections details
INFO - 2020-07-22 06:24:45 --> Controller "App\Controllers\Categories" loaded.
INFO - 2020-07-22 06:24:45 --> Fetching Category details
INFO - 2020-07-22 06:24:46 --> Controller "App\Controllers\Sections" loaded.
INFO - 2020-07-22 06:24:46 --> Fetching Sections details
INFO - 2020-07-22 06:24:46 --> Controller "App\Controllers\Sections" loaded.
INFO - 2020-07-22 06:24:46 --> Controller "App\Controllers\Sections" loaded.
INFO - 2020-07-22 06:24:46 --> Fetching Sections details
INFO - 2020-07-22 06:24:46 --> Fetching Sections details
INFO - 2020-07-22 06:26:18 --> Controller "App\Controllers\Sections" loaded.
INFO - 2020-07-22 06:26:18 --> Fetching Sections details
INFO - 2020-07-22 06:26:18 --> Controller "App\Controllers\Students" loaded.
INFO - 2020-07-22 06:26:18 --> Controller "App\Controllers\Academicyears" loaded.
INFO - 2020-07-22 06:26:18 --> Controller "App\Controllers\Boards" loaded.
INFO - 2020-07-22 06:26:18 --> Controller "App\Controllers\StudentDetails" loaded.
INFO - 2020-07-22 06:26:18 --> Fetching Boards details
INFO - 2020-07-22 06:26:18 --> Fetching All Leave details
INFO - 2020-07-22 06:26:18 --> Fetching All Leave details
INFO - 2020-07-22 06:26:18 --> Fetching Academic year details
INFO - 2020-07-22 06:26:18 --> Controller "App\Controllers\Sections" loaded.
INFO - 2020-07-22 06:26:18 --> Fetching Sections details
INFO - 2020-07-22 06:26:18 --> Controller "App\Controllers\Categories" loaded.
INFO - 2020-07-22 06:26:18 --> Fetching Category details
INFO - 2020-07-22 06:26:18 --> Controller "App\Controllers\Sections" loaded.
INFO - 2020-07-22 06:26:18 --> Fetching Sections details
INFO - 2020-07-22 06:26:18 --> Controller "App\Controllers\Sections" loaded.
INFO - 2020-07-22 06:26:18 --> Fetching Sections details
INFO - 2020-07-22 06:26:18 --> Controller "App\Controllers\Sections" loaded.
INFO - 2020-07-22 06:26:18 --> Fetching Sections details
INFO - 2020-07-22 06:54:13 --> Controller "App\Controllers\Dashboards" loaded.
INFO - 2020-07-22 06:54:13 --> Controller "App\Controllers\Students" loaded.
INFO - 2020-07-22 06:54:13 --> Controller "App\Controllers\MessageGroups" loaded.
INFO - 2020-07-22 06:54:13 --> Controller "App\Controllers\Users" loaded.
INFO - 2020-07-22 06:54:13 --> Controller "App\Controllers\Sections" loaded.
INFO - 2020-07-22 06:54:13 --> Controller "App\Controllers\Boards" loaded.
INFO - 2020-07-22 06:54:13 --> Fetching MessageGroups details
INFO - 2020-07-22 06:54:13 --> Fetching Boards details
INFO - 2020-07-22 06:54:13 --> Fetching All User details
INFO - 2020-07-22 06:54:13 --> Fetching All Leave details
INFO - 2020-07-22 06:54:13 --> Fetching Dashboard details
INFO - 2020-07-22 06:54:13 --> Fetching Sections details
INFO - 2020-07-22 06:54:13 --> Controller "App\Controllers\MessageCenter" loaded.
INFO - 2020-07-22 06:54:13 --> Fetching MessageCenter details
INFO - 2020-07-22 07:03:35 --> Controller "App\Controllers\Academicyears" loaded.
INFO - 2020-07-22 07:03:35 --> Controller "App\Controllers\Sections" loaded.
INFO - 2020-07-22 07:03:35 --> Controller "App\Controllers\StudentDetails" loaded.
INFO - 2020-07-22 07:03:35 --> Controller "App\Controllers\Boards" loaded.
INFO - 2020-07-22 07:03:35 --> Controller "App\Controllers\Students" loaded.
INFO - 2020-07-22 07:03:35 --> Fetching Academic year details
INFO - 2020-07-22 07:03:35 --> Fetching All Leave details
INFO - 2020-07-22 07:03:35 --> Fetching Sections details
INFO - 2020-07-22 07:03:35 --> Fetching All Leave details
INFO - 2020-07-22 07:03:35 --> Fetching Boards details
INFO - 2020-07-22 07:05:37 --> Controller "App\Controllers\Sections" loaded.
INFO - 2020-07-22 07:05:37 --> Fetching Sections details
INFO - 2020-07-22 07:05:37 --> Controller "App\Controllers\Students" loaded.
INFO - 2020-07-22 07:05:37 --> Fetching All Leave details
INFO - 2020-07-22 07:05:37 --> Controller "App\Controllers\Academicyears" loaded.
INFO - 2020-07-22 07:05:37 --> Fetching Academic year details
INFO - 2020-07-22 07:05:37 --> Controller "App\Controllers\Boards" loaded.
INFO - 2020-07-22 07:05:37 --> Fetching Boards details
INFO - 2020-07-22 07:05:37 --> Controller "App\Controllers\StudentDetails" loaded.
INFO - 2020-07-22 07:05:37 --> Fetching All Leave details
INFO - 2020-07-22 07:06:05 --> Controller "App\Controllers\Preadmissions" loaded.
INFO - 2020-07-22 07:09:24 --> Controller "App\Controllers\Students" loaded.
INFO - 2020-07-22 07:09:24 --> Controller "App\Controllers\Academicyears" loaded.
INFO - 2020-07-22 07:09:24 --> Controller "App\Controllers\StudentDetails" loaded.
INFO - 2020-07-22 07:09:24 --> Fetching Academic year details
INFO - 2020-07-22 07:09:24 --> Fetching All Leave details
INFO - 2020-07-22 07:09:24 --> Controller "App\Controllers\Sections" loaded.
INFO - 2020-07-22 07:09:24 --> Controller "App\Controllers\Boards" loaded.
INFO - 2020-07-22 07:09:24 --> Fetching Boards details
INFO - 2020-07-22 07:09:24 --> Controller "App\Controllers\Sections" loaded.
INFO - 2020-07-22 07:09:24 --> Fetching All Leave details
INFO - 2020-07-22 07:09:24 --> Fetching Sections details
INFO - 2020-07-22 07:09:24 --> Fetching Sections details
INFO - 2020-07-22 07:09:24 --> Controller "App\Controllers\Categories" loaded.
INFO - 2020-07-22 07:09:24 --> Fetching Category details
INFO - 2020-07-22 07:09:24 --> Controller "App\Controllers\Sections" loaded.
INFO - 2020-07-22 07:09:24 --> Controller "App\Controllers\Sections" loaded.
INFO - 2020-07-22 07:09:24 --> Fetching Sections details
INFO - 2020-07-22 07:09:24 --> Fetching Sections details
INFO - 2020-07-22 07:09:24 --> Controller "App\Controllers\Sections" loaded.
INFO - 2020-07-22 07:09:24 --> Fetching Sections details
INFO - 2020-07-22 07:09:30 --> Controller "App\Controllers\Students" loaded.
INFO - 2020-07-22 07:09:30 --> Fetching Leave details with Id
INFO - 2020-07-22 07:16:50 --> Controller "App\Controllers\Preadmissions" loaded.
INFO - 2020-07-22 07:18:01 --> Controller "App\Controllers\Sections" loaded.
INFO - 2020-07-22 07:18:01 --> Fetching Sections details
INFO - 2020-07-22 07:18:01 --> Controller "App\Controllers\Students" loaded.
INFO - 2020-07-22 07:18:01 --> Fetching All Leave details
INFO - 2020-07-22 07:18:01 --> Controller "App\Controllers\Academicyears" loaded.
INFO - 2020-07-22 07:18:01 --> Fetching Academic year details
INFO - 2020-07-22 07:18:01 --> Controller "App\Controllers\Boards" loaded.
INFO - 2020-07-22 07:18:01 --> Fetching Boards details
INFO - 2020-07-22 07:18:01 --> Controller "App\Controllers\StudentDetails" loaded.
INFO - 2020-07-22 07:18:01 --> Fetching All Leave details
INFO - 2020-07-22 07:29:11 --> Controller "App\Controllers\Sections" loaded.
INFO - 2020-07-22 07:29:11 --> Fetching Sections details
INFO - 2020-07-22 07:29:11 --> Controller "App\Controllers\Students" loaded.
INFO - 2020-07-22 07:29:11 --> Fetching All Leave details
INFO - 2020-07-22 07:29:11 --> Controller "App\Controllers\Academicyears" loaded.
INFO - 2020-07-22 07:29:11 --> Fetching Academic year details
INFO - 2020-07-22 07:29:11 --> Controller "App\Controllers\Boards" loaded.
INFO - 2020-07-22 07:29:11 --> Fetching Boards details
INFO - 2020-07-22 07:29:11 --> Controller "App\Controllers\StudentDetails" loaded.
INFO - 2020-07-22 07:29:11 --> Fetching All Leave details
INFO - 2020-07-22 07:29:11 --> Controller "App\Controllers\Preadmissions" loaded.
INFO - 2020-07-22 07:29:11 --> Fetching preadmission details
INFO - 2020-07-22 07:29:56 --> Controller "App\Controllers\Sections" loaded.
INFO - 2020-07-22 07:29:56 --> Fetching Sections details
INFO - 2020-07-22 07:29:56 --> Controller "App\Controllers\Students" loaded.
INFO - 2020-07-22 07:29:56 --> Fetching All Leave details
INFO - 2020-07-22 07:29:57 --> Controller "App\Controllers\Academicyears" loaded.
INFO - 2020-07-22 07:29:57 --> Fetching Academic year details
INFO - 2020-07-22 07:29:57 --> Controller "App\Controllers\Boards" loaded.
INFO - 2020-07-22 07:29:57 --> Fetching Boards details
INFO - 2020-07-22 07:29:57 --> Controller "App\Controllers\StudentDetails" loaded.
INFO - 2020-07-22 07:29:57 --> Fetching All Leave details
INFO - 2020-07-22 07:29:57 --> Controller "App\Controllers\Preadmissions" loaded.
INFO - 2020-07-22 07:29:57 --> Fetching preadmission details
INFO - 2020-07-22 08:02:10 --> Controller "App\Controllers\Sections" loaded.
INFO - 2020-07-22 08:02:10 --> Fetching Sections details
INFO - 2020-07-22 08:02:10 --> Controller "App\Controllers\Students" loaded.
INFO - 2020-07-22 08:02:10 --> Fetching All Leave details
INFO - 2020-07-22 08:02:10 --> Controller "App\Controllers\Academicyears" loaded.
INFO - 2020-07-22 08:02:10 --> Fetching Academic year details
INFO - 2020-07-22 08:02:10 --> Controller "App\Controllers\Boards" loaded.
INFO - 2020-07-22 08:02:10 --> Fetching Boards details
INFO - 2020-07-22 08:02:10 --> Controller "App\Controllers\StudentDetails" loaded.
INFO - 2020-07-22 08:02:10 --> Fetching All Leave details
INFO - 2020-07-22 08:02:10 --> Controller "App\Controllers\Preadmissions" loaded.
INFO - 2020-07-22 08:02:10 --> Fetching preadmission details
INFO - 2020-07-22 08:03:42 --> Controller "App\Controllers\Sections" loaded.
INFO - 2020-07-22 08:03:42 --> Controller "App\Controllers\Students" loaded.
INFO - 2020-07-22 08:03:42 --> Fetching Sections details
INFO - 2020-07-22 08:03:42 --> Fetching All Leave details
INFO - 2020-07-22 08:03:42 --> Controller "App\Controllers\Academicyears" loaded.
INFO - 2020-07-22 08:03:42 --> Fetching Academic year details
INFO - 2020-07-22 08:03:42 --> Controller "App\Controllers\Boards" loaded.
INFO - 2020-07-22 08:03:42 --> Fetching Boards details
INFO - 2020-07-22 08:03:42 --> Controller "App\Controllers\StudentDetails" loaded.
INFO - 2020-07-22 08:03:42 --> Fetching All Leave details
INFO - 2020-07-22 08:03:42 --> Controller "App\Controllers\Preadmissions" loaded.
INFO - 2020-07-22 08:03:42 --> Fetching preadmission details
INFO - 2020-07-22 08:04:50 --> Controller "App\Controllers\Sections" loaded.
INFO - 2020-07-22 08:04:50 --> Fetching Sections details
INFO - 2020-07-22 08:04:50 --> Controller "App\Controllers\Students" loaded.
INFO - 2020-07-22 08:04:50 --> Fetching All Leave details
INFO - 2020-07-22 08:04:50 --> Controller "App\Controllers\Academicyears" loaded.
INFO - 2020-07-22 08:04:50 --> Fetching Academic year details
INFO - 2020-07-22 08:04:50 --> Controller "App\Controllers\Boards" loaded.
INFO - 2020-07-22 08:04:50 --> Fetching Boards details
INFO - 2020-07-22 08:04:50 --> Controller "App\Controllers\StudentDetails" loaded.
INFO - 2020-07-22 08:04:50 --> Fetching All Leave details
INFO - 2020-07-22 08:04:50 --> Controller "App\Controllers\Preadmissions" loaded.
INFO - 2020-07-22 08:04:50 --> Fetching preadmission details
INFO - 2020-07-22 08:08:10 --> Controller "App\Controllers\Sections" loaded.
INFO - 2020-07-22 08:08:10 --> Fetching Sections details
INFO - 2020-07-22 08:08:10 --> Controller "App\Controllers\Students" loaded.
INFO - 2020-07-22 08:08:10 --> Fetching All Leave details
INFO - 2020-07-22 08:08:10 --> Controller "App\Controllers\Academicyears" loaded.
INFO - 2020-07-22 08:08:10 --> Fetching Academic year details
INFO - 2020-07-22 08:08:10 --> Controller "App\Controllers\Boards" loaded.
INFO - 2020-07-22 08:08:10 --> Fetching Boards details
INFO - 2020-07-22 08:08:10 --> Controller "App\Controllers\StudentDetails" loaded.
INFO - 2020-07-22 08:08:10 --> Fetching All Leave details
INFO - 2020-07-22 08:08:10 --> Controller "App\Controllers\Preadmissions" loaded.
INFO - 2020-07-22 08:08:10 --> Fetching preadmission details
INFO - 2020-07-22 08:08:56 --> Controller "App\Controllers\Preadmissions" loaded.
INFO - 2020-07-22 08:09:02 --> Controller "App\Controllers\Sections" loaded.
INFO - 2020-07-22 08:09:02 --> Fetching Sections details
INFO - 2020-07-22 08:09:02 --> Controller "App\Controllers\Students" loaded.
INFO - 2020-07-22 08:09:02 --> Fetching All Leave details
INFO - 2020-07-22 08:09:02 --> Controller "App\Controllers\Academicyears" loaded.
INFO - 2020-07-22 08:09:02 --> Fetching Academic year details
INFO - 2020-07-22 08:09:02 --> Controller "App\Controllers\Boards" loaded.
INFO - 2020-07-22 08:09:02 --> Fetching Boards details
INFO - 2020-07-22 08:09:02 --> Controller "App\Controllers\StudentDetails" loaded.
INFO - 2020-07-22 08:09:02 --> Fetching All Leave details
INFO - 2020-07-22 08:09:02 --> Controller "App\Controllers\Preadmissions" loaded.
INFO - 2020-07-22 08:09:02 --> Fetching preadmission details
INFO - 2020-07-22 08:11:15 --> Controller "App\Controllers\Sections" loaded.
INFO - 2020-07-22 08:11:15 --> Fetching Sections details
INFO - 2020-07-22 08:11:15 --> Controller "App\Controllers\Students" loaded.
INFO - 2020-07-22 08:11:15 --> Fetching All Leave details
INFO - 2020-07-22 08:11:15 --> Controller "App\Controllers\Academicyears" loaded.
INFO - 2020-07-22 08:11:15 --> Fetching Academic year details
INFO - 2020-07-22 08:11:15 --> Controller "App\Controllers\Boards" loaded.
INFO - 2020-07-22 08:11:15 --> Fetching Boards details
INFO - 2020-07-22 08:11:15 --> Controller "App\Controllers\StudentDetails" loaded.
INFO - 2020-07-22 08:11:15 --> Fetching All Leave details
INFO - 2020-07-22 08:11:15 --> Controller "App\Controllers\Preadmissions" loaded.
INFO - 2020-07-22 08:11:15 --> Fetching preadmission details
INFO - 2020-07-22 08:14:39 --> Controller "App\Controllers\Students" loaded.
INFO - 2020-07-22 08:14:39 --> Controller "App\Controllers\Sections" loaded.
INFO - 2020-07-22 08:14:39 --> Controller "App\Controllers\Boards" loaded.
INFO - 2020-07-22 08:14:39 --> Controller "App\Controllers\Sections" loaded.
INFO - 2020-07-22 08:14:39 --> Controller "App\Controllers\StudentDetails" loaded.
INFO - 2020-07-22 08:14:39 --> Controller "App\Controllers\Academicyears" loaded.
INFO - 2020-07-22 08:14:39 --> Fetching Sections details
INFO - 2020-07-22 08:14:39 --> Fetching Academic year details
INFO - 2020-07-22 08:14:39 --> Fetching Boards details
INFO - 2020-07-22 08:14:39 --> Fetching All Leave details
INFO - 2020-07-22 08:14:39 --> Fetching All Leave details
INFO - 2020-07-22 08:14:39 --> Fetching Sections details
INFO - 2020-07-22 08:14:39 --> Controller "App\Controllers\Categories" loaded.
INFO - 2020-07-22 08:14:39 --> Fetching Category details
INFO - 2020-07-22 08:14:40 --> Controller "App\Controllers\Sections" loaded.
INFO - 2020-07-22 08:14:40 --> Controller "App\Controllers\Sections" loaded.
INFO - 2020-07-22 08:14:40 --> Fetching Sections details
INFO - 2020-07-22 08:14:40 --> Controller "App\Controllers\Sections" loaded.
INFO - 2020-07-22 08:14:40 --> Fetching Sections details
INFO - 2020-07-22 08:14:40 --> Fetching Sections details
INFO - 2020-07-22 08:15:01 --> Controller "App\Controllers\Sections" loaded.
INFO - 2020-07-22 08:15:01 --> Fetching Sections details
INFO - 2020-07-22 08:15:01 --> Controller "App\Controllers\Students" loaded.
INFO - 2020-07-22 08:15:01 --> Fetching All Leave details
INFO - 2020-07-22 08:15:01 --> Controller "App\Controllers\Academicyears" loaded.
INFO - 2020-07-22 08:15:01 --> Fetching Academic year details
INFO - 2020-07-22 08:15:01 --> Controller "App\Controllers\Boards" loaded.
INFO - 2020-07-22 08:15:01 --> Fetching Boards details
INFO - 2020-07-22 08:15:01 --> Controller "App\Controllers\StudentDetails" loaded.
INFO - 2020-07-22 08:15:01 --> Fetching All Leave details
INFO - 2020-07-22 08:15:01 --> Controller "App\Controllers\Preadmissions" loaded.
INFO - 2020-07-22 08:15:01 --> Fetching preadmission details
INFO - 2020-07-22 08:17:22 --> Controller "App\Controllers\Sections" loaded.
INFO - 2020-07-22 08:17:22 --> Fetching Sections details
INFO - 2020-07-22 08:17:22 --> Controller "App\Controllers\Students" loaded.
INFO - 2020-07-22 08:17:22 --> Fetching All Leave details
INFO - 2020-07-22 08:17:22 --> Controller "App\Controllers\Academicyears" loaded.
INFO - 2020-07-22 08:17:22 --> Fetching Academic year details
INFO - 2020-07-22 08:17:22 --> Controller "App\Controllers\Boards" loaded.
INFO - 2020-07-22 08:17:22 --> Fetching Boards details
INFO - 2020-07-22 08:17:22 --> Controller "App\Controllers\StudentDetails" loaded.
INFO - 2020-07-22 08:17:22 --> Fetching All Leave details
CRITICAL - 2020-07-22 08:17:22 --> syntax error, unexpected ';'
#0 /var/www/html/server_4/system/Router/Router.php(192): CodeIgniter\Router\Router->autoRoute('Preadmissions/g...')
#1 /var/www/html/server_4/system/CodeIgniter.php(785): CodeIgniter\Router\Router->handle('Preadmissions/g...')
#2 /var/www/html/server_4/system/CodeIgniter.php(358): CodeIgniter\CodeIgniter->tryToRouteIt(Object(CodeIgniter\Router\RouteCollection))
#3 /var/www/html/server_4/system/CodeIgniter.php(306): CodeIgniter\CodeIgniter->handleRequest(NULL, Object(Config\Cache), false)
#4 /var/www/html/server_4/public/index.php(45): CodeIgniter\CodeIgniter->run()
#5 {main}
CRITICAL - 2020-07-22 08:17:33 --> syntax error, unexpected ';'
#0 /var/www/html/server_4/system/Router/Router.php(192): CodeIgniter\Router\Router->autoRoute('Preadmissions/g...')
#1 /var/www/html/server_4/system/CodeIgniter.php(785): CodeIgniter\Router\Router->handle('Preadmissions/g...')
#2 /var/www/html/server_4/system/CodeIgniter.php(358): CodeIgniter\CodeIgniter->tryToRouteIt(Object(CodeIgniter\Router\RouteCollection))
#3 /var/www/html/server_4/system/CodeIgniter.php(306): CodeIgniter\CodeIgniter->handleRequest(NULL, Object(Config\Cache), false)
#4 /var/www/html/server_4/public/index.php(45): CodeIgniter\CodeIgniter->run()
#5 {main}
INFO - 2020-07-22 08:19:45 --> Controller "App\Controllers\Sections" loaded.
INFO - 2020-07-22 08:19:45 --> Controller "App\Controllers\Students" loaded.
INFO - 2020-07-22 08:19:45 --> Fetching All Leave details
INFO - 2020-07-22 08:19:45 --> Fetching Sections details
INFO - 2020-07-22 08:19:45 --> Controller "App\Controllers\Academicyears" loaded.
INFO - 2020-07-22 08:19:45 --> Fetching Academic year details
INFO - 2020-07-22 08:19:45 --> Controller "App\Controllers\Boards" loaded.
INFO - 2020-07-22 08:19:45 --> Fetching Boards details
INFO - 2020-07-22 08:19:45 --> Controller "App\Controllers\StudentDetails" loaded.
INFO - 2020-07-22 08:19:45 --> Fetching All Leave details
INFO - 2020-07-22 08:19:45 --> Controller "App\Controllers\Preadmissions" loaded.
INFO - 2020-07-22 08:19:45 --> Fetching preadmission details
INFO - 2020-07-22 08:21:51 --> Controller "App\Controllers\Sections" loaded.
INFO - 2020-07-22 08:21:51 --> Controller "App\Controllers\Students" loaded.
INFO - 2020-07-22 08:21:51 --> Fetching All Leave details
INFO - 2020-07-22 08:21:51 --> Fetching Sections details
INFO - 2020-07-22 08:21:51 --> Controller "App\Controllers\StudentDetails" loaded.
INFO - 2020-07-22 08:21:51 --> Controller "App\Controllers\Boards" loaded.
INFO - 2020-07-22 08:21:51 --> Controller "App\Controllers\Academicyears" loaded.
INFO - 2020-07-22 08:21:51 --> Fetching Boards details
INFO - 2020-07-22 08:21:51 --> Fetching All Leave details
INFO - 2020-07-22 08:21:51 --> Controller "App\Controllers\Preadmissions" loaded.
INFO - 2020-07-22 08:21:51 --> Fetching Academic year details
INFO - 2020-07-22 08:21:51 --> Fetching preadmission details
INFO - 2020-07-22 08:22:19 --> Controller "App\Controllers\Preadmissions" loaded.
INFO - 2020-07-22 08:22:19 --> Controller "App\Controllers\Preadmissions" loaded.
INFO - 2020-07-22 08:22:19 --> Fetching preadmission details
INFO - 2020-07-22 08:24:42 --> Controller "App\Controllers\Sections" loaded.
INFO - 2020-07-22 08:24:42 --> Fetching Sections details
INFO - 2020-07-22 08:24:42 --> Controller "App\Controllers\Students" loaded.
INFO - 2020-07-22 08:24:42 --> Fetching All Leave details
INFO - 2020-07-22 08:24:42 --> Controller "App\Controllers\Academicyears" loaded.
INFO - 2020-07-22 08:24:42 --> Fetching Academic year details
INFO - 2020-07-22 08:24:42 --> Controller "App\Controllers\Boards" loaded.
INFO - 2020-07-22 08:24:42 --> Fetching Boards details
INFO - 2020-07-22 08:24:43 --> Controller "App\Controllers\StudentDetails" loaded.
INFO - 2020-07-22 08:24:43 --> Fetching All Leave details
INFO - 2020-07-22 08:24:43 --> Controller "App\Controllers\Preadmissions" loaded.
INFO - 2020-07-22 08:24:43 --> Fetching preadmission details
INFO - 2020-07-22 08:26:03 --> Controller "App\Controllers\Sections" loaded.
INFO - 2020-07-22 08:26:03 --> Fetching Sections details
INFO - 2020-07-22 08:26:03 --> Controller "App\Controllers\Students" loaded.
INFO - 2020-07-22 08:26:03 --> Fetching All Leave details
INFO - 2020-07-22 08:26:03 --> Controller "App\Controllers\Academicyears" loaded.
INFO - 2020-07-22 08:26:03 --> Fetching Academic year details
INFO - 2020-07-22 08:26:03 --> Controller "App\Controllers\Boards" loaded.
INFO - 2020-07-22 08:26:03 --> Fetching Boards details
INFO - 2020-07-22 08:26:03 --> Controller "App\Controllers\StudentDetails" loaded.
INFO - 2020-07-22 08:26:03 --> Controller "App\Controllers\Preadmissions" loaded.
INFO - 2020-07-22 08:26:03 --> Fetching preadmission details
INFO - 2020-07-22 08:26:03 --> Fetching All Leave details
INFO - 2020-07-22 08:26:50 --> Controller "App\Controllers\Sections" loaded.
INFO - 2020-07-22 08:26:50 --> Controller "App\Controllers\Students" loaded.
INFO - 2020-07-22 08:26:50 --> Fetching Sections details
INFO - 2020-07-22 08:26:50 --> Fetching All Leave details
INFO - 2020-07-22 08:26:51 --> Controller "App\Controllers\Academicyears" loaded.
INFO - 2020-07-22 08:26:51 --> Fetching Academic year details
INFO - 2020-07-22 08:26:51 --> Controller "App\Controllers\Boards" loaded.
INFO - 2020-07-22 08:26:51 --> Controller "App\Controllers\StudentDetails" loaded.
INFO - 2020-07-22 08:26:51 --> Fetching Boards details
INFO - 2020-07-22 08:26:51 --> Fetching All Leave details
INFO - 2020-07-22 08:26:51 --> Controller "App\Controllers\Preadmissions" loaded.
INFO - 2020-07-22 08:26:51 --> Fetching preadmission details
INFO - 2020-07-22 08:30:09 --> Controller "App\Controllers\Sections" loaded.
INFO - 2020-07-22 08:30:09 --> Fetching Sections details
INFO - 2020-07-22 08:30:09 --> Controller "App\Controllers\Students" loaded.
INFO - 2020-07-22 08:30:09 --> Fetching All Leave details
INFO - 2020-07-22 08:30:09 --> Controller "App\Controllers\Academicyears" loaded.
INFO - 2020-07-22 08:30:09 --> Fetching Academic year details
INFO - 2020-07-22 08:30:09 --> Controller "App\Controllers\Boards" loaded.
INFO - 2020-07-22 08:30:09 --> Fetching Boards details
INFO - 2020-07-22 08:30:09 --> Controller "App\Controllers\StudentDetails" loaded.
INFO - 2020-07-22 08:30:09 --> Fetching All Leave details
INFO - 2020-07-22 08:30:09 --> Controller "App\Controllers\Preadmissions" loaded.
INFO - 2020-07-22 08:30:09 --> Fetching preadmission details
INFO - 2020-07-22 08:30:22 --> Controller "App\Controllers\Boards" loaded.
INFO - 2020-07-22 08:30:22 --> Fetching Boards details
INFO - 2020-07-22 08:30:22 --> Controller "App\Controllers\ClassMasters" loaded.
INFO - 2020-07-22 08:30:22 --> Fetching class details
INFO - 2020-07-22 08:30:22 --> Controller "App\Controllers\ClassMasters" loaded.
INFO - 2020-07-22 08:30:22 --> Controller "App\Controllers\RoomMasters" loaded.
INFO - 2020-07-22 08:30:22 --> Controller "App\Controllers\SubjectMasters" loaded.
INFO - 2020-07-22 08:30:22 --> Fetching SubjectMasters details
INFO - 2020-07-22 08:30:22 --> Controller "App\Controllers\Sections" loaded.
INFO - 2020-07-22 08:30:22 --> Fetching Sections details
INFO - 2020-07-22 08:30:22 --> Controller "App\Controllers\Staffs" loaded.
INFO - 2020-07-22 08:30:22 --> Fetching All Leave details
INFO - 2020-07-22 08:30:22 --> Controller "App\Controllers\Academicyears" loaded.
INFO - 2020-07-22 08:30:22 --> Fetching Academic year details
INFO - 2020-07-22 08:30:22 --> Controller "App\Controllers\AcademicSettings" loaded.
INFO - 2020-07-22 08:30:22 --> Fetching Academic year details
INFO - 2020-07-22 08:30:22 --> Controller "App\Controllers\ClassMasters" loaded.
INFO - 2020-07-22 08:30:22 --> Controller "App\Controllers\ClassMasters" loaded.
INFO - 2020-07-22 08:30:22 --> Fetching class details
INFO - 2020-07-22 08:30:22 --> Controller "App\Controllers\ClassMasters" loaded.
INFO - 2020-07-22 08:30:22 --> Controller "App\Controllers\RoomMasters" loaded.
INFO - 2020-07-22 08:30:23 --> Controller "App\Controllers\Sections" loaded.
INFO - 2020-07-22 08:30:23 --> Fetching Sections details
INFO - 2020-07-22 08:31:27 --> Controller "App\Controllers\Sections" loaded.
INFO - 2020-07-22 08:31:27 --> Fetching Sections details
INFO - 2020-07-22 08:31:27 --> Controller "App\Controllers\Students" loaded.
INFO - 2020-07-22 08:31:27 --> Fetching All Leave details
INFO - 2020-07-22 08:31:27 --> Controller "App\Controllers\Academicyears" loaded.
INFO - 2020-07-22 08:31:27 --> Controller "App\Controllers\Boards" loaded.
INFO - 2020-07-22 08:31:27 --> Fetching Academic year details
INFO - 2020-07-22 08:31:27 --> Fetching Boards details
INFO - 2020-07-22 08:31:27 --> Controller "App\Controllers\StudentDetails" loaded.
INFO - 2020-07-22 08:31:27 --> Fetching All Leave details
INFO - 2020-07-22 08:31:27 --> Controller "App\Controllers\Preadmissions" loaded.
INFO - 2020-07-22 08:31:27 --> Fetching preadmission details
INFO - 2020-07-22 08:32:03 --> Controller "App\Controllers\Sections" loaded.
INFO - 2020-07-22 08:32:03 --> Fetching Sections details
INFO - 2020-07-22 08:32:03 --> Controller "App\Controllers\Students" loaded.
INFO - 2020-07-22 08:32:03 --> Fetching All Leave details
INFO - 2020-07-22 08:32:03 --> Controller "App\Controllers\Academicyears" loaded.
INFO - 2020-07-22 08:32:03 --> Fetching Academic year details
INFO - 2020-07-22 08:32:03 --> Controller "App\Controllers\Boards" loaded.
INFO - 2020-07-22 08:32:03 --> Fetching Boards details
INFO - 2020-07-22 08:32:03 --> Controller "App\Controllers\StudentDetails" loaded.
INFO - 2020-07-22 08:32:03 --> Fetching All Leave details
INFO - 2020-07-22 08:32:03 --> Controller "App\Controllers\Preadmissions" loaded.
INFO - 2020-07-22 08:32:03 --> Fetching preadmission details
INFO - 2020-07-22 09:15:06 --> Controller "App\Controllers\Sections" loaded.
INFO - 2020-07-22 09:15:06 --> Fetching Sections details
INFO - 2020-07-22 09:15:06 --> Controller "App\Controllers\Students" loaded.
INFO - 2020-07-22 09:15:06 --> Fetching All Leave details
INFO - 2020-07-22 09:15:06 --> Controller "App\Controllers\Academicyears" loaded.
INFO - 2020-07-22 09:15:06 --> Fetching Academic year details
INFO - 2020-07-22 09:15:06 --> Controller "App\Controllers\Boards" loaded.
INFO - 2020-07-22 09:15:06 --> Fetching Boards details
INFO - 2020-07-22 09:15:06 --> Controller "App\Controllers\StudentDetails" loaded.
INFO - 2020-07-22 09:15:06 --> Fetching All Leave details
INFO - 2020-07-22 09:15:06 --> Controller "App\Controllers\Preadmissions" loaded.
INFO - 2020-07-22 09:15:06 --> Fetching preadmission details
INFO - 2020-07-22 09:27:37 --> Controller "App\Controllers\Students" loaded.
INFO - 2020-07-22 09:27:37 --> Fetching All Leave details
INFO - 2020-07-22 09:27:37 --> Controller "App\Controllers\Sections" loaded.
INFO - 2020-07-22 09:27:37 --> Fetching Sections details
INFO - 2020-07-22 09:27:37 --> Controller "App\Controllers\Boards" loaded.
INFO - 2020-07-22 09:27:37 --> Controller "App\Controllers\Academicyears" loaded.
INFO - 2020-07-22 09:27:37 --> Fetching Boards details
INFO - 2020-07-22 09:27:37 --> Fetching Academic year details
INFO - 2020-07-22 09:27:37 --> Controller "App\Controllers\StudentDetails" loaded.
INFO - 2020-07-22 09:27:37 --> Fetching All Leave details
INFO - 2020-07-22 09:27:37 --> Controller "App\Controllers\Preadmissions" loaded.
INFO - 2020-07-22 09:27:37 --> Fetching preadmission details
INFO - 2020-07-22 09:28:55 --> Controller "App\Controllers\Sections" loaded.
INFO - 2020-07-22 09:28:55 --> Fetching Sections details
INFO - 2020-07-22 09:28:55 --> Controller "App\Controllers\Students" loaded.
INFO - 2020-07-22 09:28:55 --> Controller "App\Controllers\Academicyears" loaded.
INFO - 2020-07-22 09:28:55 --> Fetching Academic year details
INFO - 2020-07-22 09:28:55 --> Fetching All Leave details
INFO - 2020-07-22 09:28:55 --> Controller "App\Controllers\Boards" loaded.
INFO - 2020-07-22 09:28:55 --> Fetching Boards details
INFO - 2020-07-22 09:28:55 --> Controller "App\Controllers\StudentDetails" loaded.
INFO - 2020-07-22 09:28:55 --> Fetching All Leave details
INFO - 2020-07-22 09:28:56 --> Controller "App\Controllers\Preadmissions" loaded.
INFO - 2020-07-22 09:28:56 --> Fetching preadmission details
INFO - 2020-07-22 09:29:21 --> Controller "App\Controllers\Preadmissions" loaded.
INFO - 2020-07-22 09:29:21 --> Deleting Preadmissions details
INFO - 2020-07-22 09:29:55 --> Controller "App\Controllers\Preadmissions" loaded.
INFO - 2020-07-22 09:29:55 --> Deleting Preadmissions details
INFO - 2020-07-22 09:30:55 --> Controller "App\Controllers\Sections" loaded.
INFO - 2020-07-22 09:30:55 --> Controller "App\Controllers\Students" loaded.
INFO - 2020-07-22 09:30:55 --> Fetching Sections details
INFO - 2020-07-22 09:30:55 --> Fetching All Leave details
INFO - 2020-07-22 09:30:55 --> Controller "App\Controllers\Academicyears" loaded.
INFO - 2020-07-22 09:30:55 --> Fetching Academic year details
INFO - 2020-07-22 09:30:55 --> Controller "App\Controllers\Boards" loaded.
INFO - 2020-07-22 09:30:55 --> Fetching Boards details
INFO - 2020-07-22 09:30:55 --> Controller "App\Controllers\StudentDetails" loaded.
INFO - 2020-07-22 09:30:55 --> Controller "App\Controllers\Preadmissions" loaded.
INFO - 2020-07-22 09:30:55 --> Fetching All Leave details
INFO - 2020-07-22 09:30:55 --> Fetching preadmission details
INFO - 2020-07-22 09:31:03 --> Controller "App\Controllers\Preadmissions" loaded.
INFO - 2020-07-22 09:31:03 --> Deleting Preadmissions details
INFO - 2020-07-22 09:31:03 --> Controller "App\Controllers\Preadmissions" loaded.
INFO - 2020-07-22 09:31:03 --> Fetching preadmission details
INFO - 2020-07-22 09:31:59 --> Controller "App\Controllers\Sections" loaded.
INFO - 2020-07-22 09:31:59 --> Fetching Sections details
INFO - 2020-07-22 09:31:59 --> Controller "App\Controllers\Students" loaded.
INFO - 2020-07-22 09:31:59 --> Fetching All Leave details
INFO - 2020-07-22 09:31:59 --> Controller "App\Controllers\Boards" loaded.
INFO - 2020-07-22 09:31:59 --> Controller "App\Controllers\Academicyears" loaded.
INFO - 2020-07-22 09:31:59 --> Fetching Boards details
INFO - 2020-07-22 09:31:59 --> Fetching Academic year details
INFO - 2020-07-22 09:31:59 --> Controller "App\Controllers\StudentDetails" loaded.
INFO - 2020-07-22 09:31:59 --> Controller "App\Controllers\Preadmissions" loaded.
INFO - 2020-07-22 09:31:59 --> Fetching All Leave details
INFO - 2020-07-22 09:31:59 --> Fetching preadmission details
INFO - 2020-07-22 09:35:36 --> Controller "App\Controllers\Sections" loaded.
INFO - 2020-07-22 09:35:36 --> Fetching Sections details
INFO - 2020-07-22 09:35:36 --> Controller "App\Controllers\Students" loaded.
INFO - 2020-07-22 09:35:36 --> Fetching All Leave details
INFO - 2020-07-22 09:35:36 --> Controller "App\Controllers\Academicyears" loaded.
INFO - 2020-07-22 09:35:36 --> Fetching Academic year details
INFO - 2020-07-22 09:35:36 --> Controller "App\Controllers\StudentDetails" loaded.
INFO - 2020-07-22 09:35:36 --> Fetching All Leave details
INFO - 2020-07-22 09:35:36 --> Controller "App\Controllers\Preadmissions" loaded.
INFO - 2020-07-22 09:35:36 --> Fetching preadmission details
INFO - 2020-07-22 09:35:36 --> Controller "App\Controllers\Boards" loaded.
INFO - 2020-07-22 09:35:36 --> Fetching Boards details
INFO - 2020-07-22 09:45:05 --> Controller "App\Controllers\Sections" loaded.
INFO - 2020-07-22 09:45:05 --> Fetching Sections details
INFO - 2020-07-22 09:45:05 --> Controller "App\Controllers\Students" loaded.
INFO - 2020-07-22 09:45:05 --> Fetching All Leave details
INFO - 2020-07-22 09:45:05 --> Controller "App\Controllers\Academicyears" loaded.
INFO - 2020-07-22 09:45:05 --> Fetching Academic year details
INFO - 2020-07-22 09:45:05 --> Controller "App\Controllers\Boards" loaded.
INFO - 2020-07-22 09:45:05 --> Controller "App\Controllers\StudentDetails" loaded.
INFO - 2020-07-22 09:45:05 --> Fetching All Leave details
INFO - 2020-07-22 09:45:05 --> Fetching Boards details
INFO - 2020-07-22 09:45:05 --> Controller "App\Controllers\Preadmissions" loaded.
INFO - 2020-07-22 09:45:05 --> Fetching preadmission details
INFO - 2020-07-22 09:45:55 --> Controller "App\Controllers\Sections" loaded.
INFO - 2020-07-22 09:45:55 --> Fetching Sections details
INFO - 2020-07-22 09:45:55 --> Controller "App\Controllers\Students" loaded.
INFO - 2020-07-22 09:45:55 --> Controller "App\Controllers\Academicyears" loaded.
INFO - 2020-07-22 09:45:55 --> Fetching Academic year details
INFO - 2020-07-22 09:45:55 --> Fetching All Leave details
INFO - 2020-07-22 09:45:55 --> Controller "App\Controllers\Boards" loaded.
INFO - 2020-07-22 09:45:55 --> Fetching Boards details
INFO - 2020-07-22 09:45:55 --> Controller "App\Controllers\StudentDetails" loaded.
INFO - 2020-07-22 09:45:55 --> Fetching All Leave details
INFO - 2020-07-22 09:45:55 --> Controller "App\Controllers\Preadmissions" loaded.
INFO - 2020-07-22 09:45:55 --> Fetching preadmission details
INFO - 2020-07-22 09:46:40 --> Controller "App\Controllers\Sections" loaded.
INFO - 2020-07-22 09:46:40 --> Fetching Sections details
INFO - 2020-07-22 09:46:40 --> Controller "App\Controllers\Students" loaded.
INFO - 2020-07-22 09:46:40 --> Fetching All Leave details
INFO - 2020-07-22 09:46:40 --> Controller "App\Controllers\Academicyears" loaded.
INFO - 2020-07-22 09:46:40 --> Fetching Academic year details
INFO - 2020-07-22 09:46:40 --> Controller "App\Controllers\Boards" loaded.
INFO - 2020-07-22 09:46:40 --> Fetching Boards details
INFO - 2020-07-22 09:46:40 --> Controller "App\Controllers\StudentDetails" loaded.
INFO - 2020-07-22 09:46:40 --> Fetching All Leave details
INFO - 2020-07-22 09:46:41 --> Controller "App\Controllers\Preadmissions" loaded.
INFO - 2020-07-22 09:46:41 --> Fetching preadmission details
INFO - 2020-07-22 09:48:14 --> Controller "App\Controllers\Sections" loaded.
INFO - 2020-07-22 09:48:14 --> Controller "App\Controllers\Students" loaded.
INFO - 2020-07-22 09:48:14 --> Fetching All Leave details
INFO - 2020-07-22 09:48:14 --> Controller "App\Controllers\Preadmissions" loaded.
INFO - 2020-07-22 09:48:14 --> Fetching preadmission details
INFO - 2020-07-22 09:48:14 --> Controller "App\Controllers\StudentDetails" loaded.
INFO - 2020-07-22 09:48:14 --> Fetching Sections details
INFO - 2020-07-22 09:48:14 --> Fetching All Leave details
INFO - 2020-07-22 09:48:14 --> Controller "App\Controllers\Boards" loaded.
INFO - 2020-07-22 09:48:14 --> Fetching Boards details
INFO - 2020-07-22 09:48:14 --> Controller "App\Controllers\Academicyears" loaded.
INFO - 2020-07-22 09:48:14 --> Fetching Academic year details
INFO - 2020-07-22 09:50:51 --> Controller "App\Controllers\Sections" loaded.
INFO - 2020-07-22 09:50:51 --> Fetching Sections details
INFO - 2020-07-22 09:50:51 --> Controller "App\Controllers\Students" loaded.
INFO - 2020-07-22 09:50:51 --> Fetching All Leave details
INFO - 2020-07-22 09:50:51 --> Controller "App\Controllers\Academicyears" loaded.
INFO - 2020-07-22 09:50:51 --> Fetching Academic year details
INFO - 2020-07-22 09:50:51 --> Controller "App\Controllers\StudentDetails" loaded.
INFO - 2020-07-22 09:50:51 --> Controller "App\Controllers\Boards" loaded.
INFO - 2020-07-22 09:50:51 --> Fetching All Leave details
INFO - 2020-07-22 09:50:51 --> Fetching Boards details
INFO - 2020-07-22 09:50:51 --> Controller "App\Controllers\Preadmissions" loaded.
INFO - 2020-07-22 09:50:51 --> Fetching preadmission details
INFO - 2020-07-22 10:07:50 --> Controller "App\Controllers\Sections" loaded.
INFO - 2020-07-22 10:07:50 --> Fetching Sections details
INFO - 2020-07-22 10:07:50 --> Controller "App\Controllers\Students" loaded.
INFO - 2020-07-22 10:07:50 --> Fetching All Leave details
INFO - 2020-07-22 10:07:50 --> Controller "App\Controllers\Academicyears" loaded.
INFO - 2020-07-22 10:07:50 --> Fetching Academic year details
INFO - 2020-07-22 10:07:50 --> Controller "App\Controllers\Boards" loaded.
INFO - 2020-07-22 10:07:50 --> Fetching Boards details
INFO - 2020-07-22 10:07:50 --> Controller "App\Controllers\StudentDetails" loaded.
INFO - 2020-07-22 10:07:50 --> Fetching All Leave details
INFO - 2020-07-22 10:07:50 --> Controller "App\Controllers\Preadmissions" loaded.
INFO - 2020-07-22 10:07:50 --> Fetching preadmission details
INFO - 2020-07-22 10:09:19 --> Controller "App\Controllers\Sections" loaded.
INFO - 2020-07-22 10:09:19 --> Fetching Sections details
INFO - 2020-07-22 10:09:19 --> Controller "App\Controllers\Students" loaded.
INFO - 2020-07-22 10:09:19 --> Fetching All Leave details
INFO - 2020-07-22 10:09:19 --> Controller "App\Controllers\Academicyears" loaded.
INFO - 2020-07-22 10:09:19 --> Fetching Academic year details
INFO - 2020-07-22 10:09:19 --> Controller "App\Controllers\Boards" loaded.
INFO - 2020-07-22 10:09:19 --> Fetching Boards details
INFO - 2020-07-22 10:09:19 --> Controller "App\Controllers\StudentDetails" loaded.
INFO - 2020-07-22 10:09:19 --> Fetching All Leave details
INFO - 2020-07-22 10:09:19 --> Controller "App\Controllers\Preadmissions" loaded.
INFO - 2020-07-22 10:09:19 --> Fetching preadmission details
INFO - 2020-07-22 10:09:39 --> Controller "App\Controllers\Preadmissions" loaded.
INFO - 2020-07-22 10:09:39 --> Fetching preadmission details
INFO - 2020-07-22 10:19:35 --> Controller "App\Controllers\Boards" loaded.
INFO - 2020-07-22 10:19:35 --> Fetching Boards details
INFO - 2020-07-22 10:19:35 --> Controller "App\Controllers\ClassMasters" loaded.
INFO - 2020-07-22 10:19:35 --> Controller "App\Controllers\ClassMasters" loaded.
INFO - 2020-07-22 10:19:35 --> Fetching class details
INFO - 2020-07-22 10:19:35 --> Controller "App\Controllers\SubjectMasters" loaded.
INFO - 2020-07-22 10:19:35 --> Controller "App\Controllers\RoomMasters" loaded.
INFO - 2020-07-22 10:19:35 --> Fetching SubjectMasters details
INFO - 2020-07-22 10:19:35 --> Controller "App\Controllers\Sections" loaded.
INFO - 2020-07-22 10:19:35 --> Fetching Sections details
INFO - 2020-07-22 10:19:35 --> Controller "App\Controllers\Staffs" loaded.
INFO - 2020-07-22 10:19:35 --> Controller "App\Controllers\Academicyears" loaded.
INFO - 2020-07-22 10:19:35 --> Fetching Academic year details
INFO - 2020-07-22 10:19:35 --> Fetching All Leave details
INFO - 2020-07-22 10:19:35 --> Controller "App\Controllers\AcademicSettings" loaded.
INFO - 2020-07-22 10:19:35 --> Fetching Academic year details
INFO - 2020-07-22 10:19:35 --> Controller "App\Controllers\ClassMasters" loaded.
INFO - 2020-07-22 10:19:35 --> Controller "App\Controllers\RoomMasters" loaded.
INFO - 2020-07-22 10:19:35 --> Controller "App\Controllers\Sections" loaded.
INFO - 2020-07-22 10:19:35 --> Controller "App\Controllers\ClassMasters" loaded.
INFO - 2020-07-22 10:19:35 --> Fetching class details
INFO - 2020-07-22 10:19:35 --> Controller "App\Controllers\ClassMasters" loaded.
INFO - 2020-07-22 10:19:35 --> Fetching Sections details
INFO - 2020-07-22 10:19:40 --> Controller "App\Controllers\Sections" loaded.
INFO - 2020-07-22 10:19:40 --> Fetching Sections details
INFO - 2020-07-22 10:19:40 --> Controller "App\Controllers\Students" loaded.
INFO - 2020-07-22 10:19:40 --> Fetching All Leave details
INFO - 2020-07-22 10:19:40 --> Controller "App\Controllers\Academicyears" loaded.
INFO - 2020-07-22 10:19:40 --> Fetching Academic year details
INFO - 2020-07-22 10:19:41 --> Controller "App\Controllers\Preadmissions" loaded.
INFO - 2020-07-22 10:19:41 --> Fetching preadmission details
INFO - 2020-07-22 10:19:41 --> Controller "App\Controllers\StudentDetails" loaded.
INFO - 2020-07-22 10:19:41 --> Fetching All Leave details
INFO - 2020-07-22 10:19:42 --> Controller "App\Controllers\Boards" loaded.
INFO - 2020-07-22 10:19:42 --> Fetching Boards details
INFO - 2020-07-22 10:59:03 --> Controller "App\Controllers\Sections" loaded.
INFO - 2020-07-22 10:59:03 --> Fetching Sections details
INFO - 2020-07-22 10:59:03 --> Controller "App\Controllers\Academicyears" loaded.
INFO - 2020-07-22 10:59:03 --> Controller "App\Controllers\Students" loaded.
INFO - 2020-07-22 10:59:03 --> Fetching Academic year details
INFO - 2020-07-22 10:59:03 --> Fetching All Leave details
INFO - 2020-07-22 10:59:03 --> Controller "App\Controllers\Boards" loaded.
INFO - 2020-07-22 10:59:03 --> Fetching Boards details
INFO - 2020-07-22 10:59:03 --> Controller "App\Controllers\StudentDetails" loaded.
INFO - 2020-07-22 10:59:03 --> Fetching All Leave details
INFO - 2020-07-22 10:59:03 --> Controller "App\Controllers\Preadmissions" loaded.
INFO - 2020-07-22 10:59:03 --> Fetching preadmission details
INFO - 2020-07-22 11:03:14 --> Controller "App\Controllers\Sections" loaded.
INFO - 2020-07-22 11:03:14 --> Fetching Sections details
INFO - 2020-07-22 11:03:14 --> Controller "App\Controllers\Students" loaded.
INFO - 2020-07-22 11:03:14 --> Fetching All Leave details
INFO - 2020-07-22 11:03:14 --> Controller "App\Controllers\Academicyears" loaded.
INFO - 2020-07-22 11:03:14 --> Fetching Academic year details
INFO - 2020-07-22 11:03:14 --> Controller "App\Controllers\Boards" loaded.
INFO - 2020-07-22 11:03:14 --> Fetching Boards details
INFO - 2020-07-22 11:03:14 --> Controller "App\Controllers\StudentDetails" loaded.
INFO - 2020-07-22 11:03:14 --> Fetching All Leave details
INFO - 2020-07-22 11:03:14 --> Controller "App\Controllers\Preadmissions" loaded.
INFO - 2020-07-22 11:03:14 --> Fetching preadmission details
INFO - 2020-07-22 11:04:08 --> Controller "App\Controllers\Sections" loaded.
INFO - 2020-07-22 11:04:08 --> Fetching Sections details
INFO - 2020-07-22 11:04:08 --> Controller "App\Controllers\Students" loaded.
INFO - 2020-07-22 11:04:08 --> Fetching All Leave details
INFO - 2020-07-22 11:04:08 --> Controller "App\Controllers\Academicyears" loaded.
INFO - 2020-07-22 11:04:08 --> Fetching Academic year details
INFO - 2020-07-22 11:04:08 --> Controller "App\Controllers\Boards" loaded.
INFO - 2020-07-22 11:04:08 --> Controller "App\Controllers\StudentDetails" loaded.
INFO - 2020-07-22 11:04:08 --> Fetching All Leave details
INFO - 2020-07-22 11:04:08 --> Fetching Boards details
INFO - 2020-07-22 11:04:08 --> Controller "App\Controllers\Preadmissions" loaded.
INFO - 2020-07-22 11:04:08 --> Fetching preadmission details
INFO - 2020-07-22 11:11:38 --> Controller "App\Controllers\Sections" loaded.
INFO - 2020-07-22 11:11:38 --> Fetching Sections details
INFO - 2020-07-22 11:11:38 --> Controller "App\Controllers\Academicyears" loaded.
INFO - 2020-07-22 11:11:38 --> Controller "App\Controllers\Students" loaded.
INFO - 2020-07-22 11:11:38 --> Fetching Academic year details
INFO - 2020-07-22 11:11:38 --> Fetching All Leave details
INFO - 2020-07-22 11:11:38 --> Controller "App\Controllers\Boards" loaded.
INFO - 2020-07-22 11:11:38 --> Fetching Boards details
INFO - 2020-07-22 11:11:38 --> Controller "App\Controllers\Preadmissions" loaded.
ERROR - 2020-07-22 11:11:38 --> Unknown column 'sp.status' in 'where clause'
INFO - 2020-07-22 11:11:38 --> Controller "App\Controllers\Preadmissions" loaded.
INFO - 2020-07-22 11:11:38 --> Fetching preadmission details
INFO - 2020-07-22 11:11:38 --> Controller "App\Controllers\Preadmissions" loaded.
ERROR - 2020-07-22 11:11:38 --> Unknown column 'sp.status' in 'where clause'
INFO - 2020-07-22 11:11:38 --> Controller "App\Controllers\Preadmissions" loaded.
ERROR - 2020-07-22 11:11:38 --> Unknown column 'sp.status' in 'where clause'
INFO - 2020-07-22 11:12:04 --> Controller "App\Controllers\Preadmissions" loaded.
ERROR - 2020-07-22 11:12:04 --> Unknown column 'sp.status' in 'where clause'
INFO - 2020-07-22 11:12:48 --> Controller "App\Controllers\Sections" loaded.
INFO - 2020-07-22 11:12:48 --> Fetching Sections details
INFO - 2020-07-22 11:12:48 --> Controller "App\Controllers\Students" loaded.
INFO - 2020-07-22 11:12:48 --> Controller "App\Controllers\Academicyears" loaded.
INFO - 2020-07-22 11:12:48 --> Fetching All Leave details
INFO - 2020-07-22 11:12:48 --> Fetching Academic year details
INFO - 2020-07-22 11:12:48 --> Controller "App\Controllers\Boards" loaded.
INFO - 2020-07-22 11:12:48 --> Fetching Boards details
INFO - 2020-07-22 11:12:48 --> Controller "App\Controllers\Preadmissions" loaded.
ERROR - 2020-07-22 11:12:48 --> Unknown column 'sp.UID' in 'on clause'
INFO - 2020-07-22 11:12:48 --> Controller "App\Controllers\Preadmissions" loaded.
INFO - 2020-07-22 11:12:48 --> Fetching preadmission details
INFO - 2020-07-22 11:12:48 --> Controller "App\Controllers\Preadmissions" loaded.
ERROR - 2020-07-22 11:12:48 --> Unknown column 'sp.UID' in 'on clause'
INFO - 2020-07-22 11:12:48 --> Controller "App\Controllers\Preadmissions" loaded.
ERROR - 2020-07-22 11:12:48 --> Unknown column 'sp.UID' in 'on clause'
INFO - 2020-07-22 11:13:04 --> Controller "App\Controllers\Preadmissions" loaded.
ERROR - 2020-07-22 11:13:04 --> Unknown column 'sp.UID' in 'on clause'
INFO - 2020-07-22 11:13:36 --> Controller "App\Controllers\Sections" loaded.
INFO - 2020-07-22 11:13:36 --> Fetching Sections details
INFO - 2020-07-22 11:13:36 --> Controller "App\Controllers\Students" loaded.
INFO - 2020-07-22 11:13:36 --> Fetching All Leave details
INFO - 2020-07-22 11:13:36 --> Controller "App\Controllers\Academicyears" loaded.
INFO - 2020-07-22 11:13:36 --> Fetching Academic year details
INFO - 2020-07-22 11:13:36 --> Controller "App\Controllers\Boards" loaded.
INFO - 2020-07-22 11:13:36 --> Fetching Boards details
INFO - 2020-07-22 11:13:36 --> Controller "App\Controllers\Preadmissions" loaded.
INFO - 2020-07-22 11:13:36 --> Fetching All Leave details
INFO - 2020-07-22 11:13:36 --> Controller "App\Controllers\Preadmissions" loaded.
INFO - 2020-07-22 11:13:36 --> Fetching preadmission details
INFO - 2020-07-22 11:13:36 --> Controller "App\Controllers\Preadmissions" loaded.
INFO - 2020-07-22 11:13:36 --> Fetching All Leave details
INFO - 2020-07-22 11:13:36 --> Controller "App\Controllers\Preadmissions" loaded.
INFO - 2020-07-22 11:13:36 --> Fetching All Leave details
INFO - 2020-07-22 11:13:56 --> Controller "App\Controllers\Preadmissions" loaded.
INFO - 2020-07-22 11:13:56 --> Fetching All Leave details
INFO - 2020-07-22 11:13:59 --> Controller "App\Controllers\Preadmissions" loaded.
INFO - 2020-07-22 11:13:59 --> Fetching All Leave details
INFO - 2020-07-22 11:14:01 --> Controller "App\Controllers\Preadmissions" loaded.
INFO - 2020-07-22 11:14:01 --> Fetching All Leave details
INFO - 2020-07-22 11:18:12 --> Controller "App\Controllers\Sections" loaded.
INFO - 2020-07-22 11:18:12 --> Fetching Sections details
INFO - 2020-07-22 11:18:12 --> Controller "App\Controllers\Students" loaded.
INFO - 2020-07-22 11:18:12 --> Controller "App\Controllers\Academicyears" loaded.
INFO - 2020-07-22 11:18:12 --> Controller "App\Controllers\Boards" loaded.
INFO - 2020-07-22 11:18:12 --> Fetching Academic year details
INFO - 2020-07-22 11:18:12 --> Fetching Boards details
INFO - 2020-07-22 11:18:12 --> Fetching All Leave details
INFO - 2020-07-22 11:18:12 --> Controller "App\Controllers\Preadmissions" loaded.
INFO - 2020-07-22 11:18:12 --> Controller "App\Controllers\Preadmissions" loaded.
INFO - 2020-07-22 11:18:12 --> Fetching preadmission details
INFO - 2020-07-22 11:18:12 --> Fetching All Leave details
INFO - 2020-07-22 11:18:12 --> Controller "App\Controllers\Preadmissions" loaded.
INFO - 2020-07-22 11:18:12 --> Fetching All Leave details
INFO - 2020-07-22 11:18:12 --> Controller "App\Controllers\Preadmissions" loaded.
INFO - 2020-07-22 11:18:12 --> Fetching All Leave details
INFO - 2020-07-22 11:18:19 --> Controller "App\Controllers\Preadmissions" loaded.
INFO - 2020-07-22 11:18:19 --> Fetching All Leave details
INFO - 2020-07-22 11:18:19 --> Controller "App\Controllers\Preadmissions" loaded.
INFO - 2020-07-22 11:18:19 --> Fetching All Leave details
INFO - 2020-07-22 11:18:20 --> Controller "App\Controllers\Preadmissions" loaded.
INFO - 2020-07-22 11:18:20 --> Fetching All Leave details
INFO - 2020-07-22 11:18:25 --> Controller "App\Controllers\Preadmissions" loaded.
INFO - 2020-07-22 11:18:25 --> Fetching All Leave details
INFO - 2020-07-22 11:20:43 --> Controller "App\Controllers\Sections" loaded.
INFO - 2020-07-22 11:20:43 --> Fetching Sections details
INFO - 2020-07-22 11:20:43 --> Controller "App\Controllers\Academicyears" loaded.
INFO - 2020-07-22 11:20:43 --> Controller "App\Controllers\Students" loaded.
INFO - 2020-07-22 11:20:43 --> Controller "App\Controllers\Boards" loaded.
INFO - 2020-07-22 11:20:43 --> Fetching Boards details
INFO - 2020-07-22 11:20:43 --> Fetching All Leave details
INFO - 2020-07-22 11:20:43 --> Fetching Academic year details
INFO - 2020-07-22 11:20:43 --> Controller "App\Controllers\Preadmissions" loaded.
INFO - 2020-07-22 11:20:43 --> Controller "App\Controllers\Preadmissions" loaded.
INFO - 2020-07-22 11:20:43 --> Fetching preadmission details
INFO - 2020-07-22 11:20:43 --> Fetching All Leave details
INFO - 2020-07-22 11:20:43 --> Controller "App\Controllers\Preadmissions" loaded.
INFO - 2020-07-22 11:20:43 --> Fetching All Leave details
INFO - 2020-07-22 11:20:43 --> Controller "App\Controllers\Preadmissions" loaded.
INFO - 2020-07-22 11:20:43 --> Fetching All Leave details
INFO - 2020-07-22 11:20:50 --> Controller "App\Controllers\Preadmissions" loaded.
INFO - 2020-07-22 11:20:50 --> Fetching All Leave details
INFO - 2020-07-22 11:20:52 --> Controller "App\Controllers\Preadmissions" loaded.
INFO - 2020-07-22 11:20:52 --> Fetching All Leave details
INFO - 2020-07-22 11:20:53 --> Controller "App\Controllers\Preadmissions" loaded.
INFO - 2020-07-22 11:20:53 --> Fetching All Leave details
INFO - 2020-07-22 11:20:53 --> Controller "App\Controllers\Preadmissions" loaded.
INFO - 2020-07-22 11:20:53 --> Fetching All Leave details
INFO - 2020-07-22 11:20:55 --> Controller "App\Controllers\Preadmissions" loaded.
INFO - 2020-07-22 11:20:55 --> Fetching All Leave details
INFO - 2020-07-22 11:20:55 --> Controller "App\Controllers\Preadmissions" loaded.
INFO - 2020-07-22 11:20:55 --> Fetching All Leave details
INFO - 2020-07-22 11:20:56 --> Controller "App\Controllers\Preadmissions" loaded.
INFO - 2020-07-22 11:20:56 --> Fetching All Leave details
INFO - 2020-07-22 11:20:59 --> Controller "App\Controllers\Preadmissions" loaded.
INFO - 2020-07-22 11:20:59 --> Fetching All Leave details
INFO - 2020-07-22 11:48:23 --> Controller "App\Controllers\Sections" loaded.
INFO - 2020-07-22 11:48:23 --> Controller "App\Controllers\Students" loaded.
INFO - 2020-07-22 11:48:23 --> Fetching Sections details
INFO - 2020-07-22 11:48:23 --> Fetching All Leave details
INFO - 2020-07-22 11:48:23 --> Controller "App\Controllers\Academicyears" loaded.
INFO - 2020-07-22 11:48:23 --> Fetching Academic year details
INFO - 2020-07-22 11:48:23 --> Controller "App\Controllers\Preadmissions" loaded.
INFO - 2020-07-22 11:48:23 --> Controller "App\Controllers\Boards" loaded.
INFO - 2020-07-22 11:48:23 --> Fetching preadmission details
INFO - 2020-07-22 11:48:23 --> Controller "App\Controllers\Preadmissions" loaded.
INFO - 2020-07-22 11:48:23 --> Fetching Boards details
INFO - 2020-07-22 11:48:23 --> Fetching All Leave details
INFO - 2020-07-22 11:48:23 --> Controller "App\Controllers\Preadmissions" loaded.
INFO - 2020-07-22 11:48:23 --> Fetching All Leave details
INFO - 2020-07-22 11:48:24 --> Controller "App\Controllers\Preadmissions" loaded.
INFO - 2020-07-22 11:48:24 --> Fetching All Leave details
INFO - 2020-07-22 11:51:29 --> Controller "App\Controllers\Students" loaded.
INFO - 2020-07-22 11:51:29 --> Controller "App\Controllers\Academicyears" loaded.
INFO - 2020-07-22 11:51:29 --> Fetching All Leave details
INFO - 2020-07-22 11:51:29 --> Fetching Academic year details
INFO - 2020-07-22 11:51:29 --> Controller "App\Controllers\Sections" loaded.
INFO - 2020-07-22 11:51:29 --> Fetching Sections details
INFO - 2020-07-22 11:51:29 --> Controller "App\Controllers\Boards" loaded.
INFO - 2020-07-22 11:51:29 --> Fetching Boards details
INFO - 2020-07-22 11:51:29 --> Controller "App\Controllers\Preadmissions" loaded.
INFO - 2020-07-22 11:51:29 --> Fetching All Leave details
INFO - 2020-07-22 11:51:29 --> Controller "App\Controllers\Preadmissions" loaded.
INFO - 2020-07-22 11:51:29 --> Fetching preadmission details
INFO - 2020-07-22 11:51:29 --> Controller "App\Controllers\Preadmissions" loaded.
INFO - 2020-07-22 11:51:29 --> Fetching All Leave details
INFO - 2020-07-22 11:51:29 --> Controller "App\Controllers\Preadmissions" loaded.
INFO - 2020-07-22 11:51:29 --> Fetching All Leave details
INFO - 2020-07-22 11:52:41 --> Controller "App\Controllers\Sections" loaded.
INFO - 2020-07-22 11:52:41 --> Fetching Sections details
INFO - 2020-07-22 11:52:41 --> Controller "App\Controllers\Students" loaded.
INFO - 2020-07-22 11:52:41 --> Fetching All Leave details
INFO - 2020-07-22 11:52:41 --> Controller "App\Controllers\Boards" loaded.
INFO - 2020-07-22 11:52:41 --> Controller "App\Controllers\Preadmissions" loaded.
INFO - 2020-07-22 11:52:41 --> Controller "App\Controllers\Academicyears" loaded.
INFO - 2020-07-22 11:52:41 --> Fetching Boards details
INFO - 2020-07-22 11:52:41 --> Fetching All Leave details
INFO - 2020-07-22 11:52:41 --> Controller "App\Controllers\Preadmissions" loaded.
INFO - 2020-07-22 11:52:41 --> Fetching Academic year details
INFO - 2020-07-22 11:52:41 --> Fetching preadmission details
INFO - 2020-07-22 11:52:42 --> Controller "App\Controllers\Preadmissions" loaded.
INFO - 2020-07-22 11:52:42 --> Fetching All Leave details
INFO - 2020-07-22 11:52:42 --> Controller "App\Controllers\Preadmissions" loaded.
INFO - 2020-07-22 11:52:42 --> Fetching All Leave details
INFO - 2020-07-22 11:53:54 --> Controller "App\Controllers\Sections" loaded.
INFO - 2020-07-22 11:53:54 --> Fetching Sections details
INFO - 2020-07-22 11:53:54 --> Controller "App\Controllers\Students" loaded.
INFO - 2020-07-22 11:53:54 --> Controller "App\Controllers\Academicyears" loaded.
INFO - 2020-07-22 11:53:54 --> Fetching Academic year details
INFO - 2020-07-22 11:53:54 --> Fetching All Leave details
INFO - 2020-07-22 11:53:54 --> Controller "App\Controllers\Preadmissions" loaded.
INFO - 2020-07-22 11:53:54 --> Fetching All Leave details
INFO - 2020-07-22 11:53:54 --> Controller "App\Controllers\Boards" loaded.
INFO - 2020-07-22 11:53:54 --> Controller "App\Controllers\Preadmissions" loaded.
INFO - 2020-07-22 11:53:54 --> Fetching Boards details
INFO - 2020-07-22 11:53:54 --> Fetching preadmission details
INFO - 2020-07-22 11:53:55 --> Controller "App\Controllers\Preadmissions" loaded.
INFO - 2020-07-22 11:53:55 --> Fetching All Leave details
INFO - 2020-07-22 11:53:55 --> Controller "App\Controllers\Preadmissions" loaded.
INFO - 2020-07-22 11:53:55 --> Fetching All Leave details
INFO - 2020-07-22 11:55:54 --> Controller "App\Controllers\Sections" loaded.
INFO - 2020-07-22 11:55:54 --> Controller "App\Controllers\Students" loaded.
INFO - 2020-07-22 11:55:54 --> Fetching Sections details
INFO - 2020-07-22 11:55:54 --> Fetching All Leave details
INFO - 2020-07-22 11:55:54 --> Controller "App\Controllers\Academicyears" loaded.
INFO - 2020-07-22 11:55:54 --> Fetching Academic year details
INFO - 2020-07-22 11:55:54 --> Controller "App\Controllers\Preadmissions" loaded.
INFO - 2020-07-22 11:55:54 --> Controller "App\Controllers\Boards" loaded.
INFO - 2020-07-22 11:55:54 --> Fetching All Leave details
INFO - 2020-07-22 11:55:54 --> Fetching Boards details
INFO - 2020-07-22 11:55:54 --> Controller "App\Controllers\Preadmissions" loaded.
INFO - 2020-07-22 11:55:54 --> Fetching preadmission details
INFO - 2020-07-22 11:55:54 --> Controller "App\Controllers\Preadmissions" loaded.
INFO - 2020-07-22 11:55:54 --> Fetching All Leave details
INFO - 2020-07-22 11:55:55 --> Controller "App\Controllers\Preadmissions" loaded.
INFO - 2020-07-22 11:55:55 --> Fetching All Leave details
INFO - 2020-07-22 11:57:33 --> Controller "App\Controllers\Sections" loaded.
INFO - 2020-07-22 11:57:33 --> Fetching Sections details
INFO - 2020-07-22 11:57:33 --> Controller "App\Controllers\Academicyears" loaded.
INFO - 2020-07-22 11:57:33 --> Controller "App\Controllers\Preadmissions" loaded.
INFO - 2020-07-22 11:57:33 --> Fetching All Leave details
INFO - 2020-07-22 11:57:33 --> Fetching Academic year details
INFO - 2020-07-22 11:57:33 --> Controller "App\Controllers\Students" loaded.
INFO - 2020-07-22 11:57:33 --> Fetching All Leave details
INFO - 2020-07-22 11:57:33 --> Controller "App\Controllers\Boards" loaded.
INFO - 2020-07-22 11:57:33 --> Fetching Boards details
INFO - 2020-07-22 11:57:33 --> Controller "App\Controllers\Preadmissions" loaded.
INFO - 2020-07-22 11:57:33 --> Fetching preadmission details
INFO - 2020-07-22 11:57:34 --> Controller "App\Controllers\Preadmissions" loaded.
INFO - 2020-07-22 11:57:34 --> Fetching All Leave details
INFO - 2020-07-22 11:57:34 --> Controller "App\Controllers\Preadmissions" loaded.
INFO - 2020-07-22 11:57:34 --> Fetching All Leave details
INFO - 2020-07-22 11:58:35 --> Controller "App\Controllers\Sections" loaded.
INFO - 2020-07-22 11:58:35 --> Fetching Sections details
INFO - 2020-07-22 11:58:35 --> Controller "App\Controllers\Students" loaded.
INFO - 2020-07-22 11:58:35 --> Fetching All Leave details
INFO - 2020-07-22 11:58:35 --> Controller "App\Controllers\Academicyears" loaded.
INFO - 2020-07-22 11:58:35 --> Fetching Academic year details
INFO - 2020-07-22 11:58:35 --> Controller "App\Controllers\Preadmissions" loaded.
INFO - 2020-07-22 11:58:35 --> Controller "App\Controllers\Boards" loaded.
INFO - 2020-07-22 11:58:35 --> Fetching All Leave details
INFO - 2020-07-22 11:58:35 --> Fetching Boards details
INFO - 2020-07-22 11:58:35 --> Controller "App\Controllers\Preadmissions" loaded.
INFO - 2020-07-22 11:58:35 --> Fetching preadmission details
INFO - 2020-07-22 11:58:40 --> Controller "App\Controllers\Preadmissions" loaded.
INFO - 2020-07-22 11:58:40 --> Fetching All Leave details
INFO - 2020-07-22 11:58:40 --> Controller "App\Controllers\Preadmissions" loaded.
INFO - 2020-07-22 11:58:40 --> Fetching All Leave details
INFO - 2020-07-22 12:00:32 --> Controller "App\Controllers\Preadmissions" loaded.
INFO - 2020-07-22 12:00:32 --> Fetching All Leave details
INFO - 2020-07-22 12:00:33 --> Controller "App\Controllers\Preadmissions" loaded.
INFO - 2020-07-22 12:00:33 --> Fetching All Leave details
INFO - 2020-07-22 12:00:34 --> Controller "App\Controllers\Preadmissions" loaded.
INFO - 2020-07-22 12:00:34 --> Fetching All Leave details
INFO - 2020-07-22 12:01:07 --> Controller "App\Controllers\Academicyears" loaded.
INFO - 2020-07-22 12:01:07 --> Fetching Academic year details
INFO - 2020-07-22 12:01:07 --> Controller "App\Controllers\Sections" loaded.
INFO - 2020-07-22 12:01:07 --> Fetching Sections details
INFO - 2020-07-22 12:01:07 --> Controller "App\Controllers\Boards" loaded.
INFO - 2020-07-22 12:01:07 --> Fetching Boards details
INFO - 2020-07-22 12:01:07 --> Controller "App\Controllers\Holidays" loaded.
INFO - 2020-07-22 12:01:07 --> Fetching holidays Details details
INFO - 2020-07-22 12:01:08 --> Controller "App\Controllers\Holidays" loaded.
INFO - 2020-07-22 12:01:08 --> Fetching holidays Details details
INFO - 2020-07-22 12:01:08 --> Controller "App\Controllers\Sections" loaded.
INFO - 2020-07-22 12:01:08 --> Fetching Sections details
INFO - 2020-07-22 12:01:19 --> Controller "App\Controllers\Sections" loaded.
INFO - 2020-07-22 12:01:19 --> Fetching Sections details
INFO - 2020-07-22 12:01:20 --> Controller "App\Controllers\Sections" loaded.
INFO - 2020-07-22 12:01:20 --> Fetching Sections details
INFO - 2020-07-22 12:01:20 --> Controller "App\Controllers\Sections" loaded.
INFO - 2020-07-22 12:01:20 --> Fetching Sections details
INFO - 2020-07-22 22:32:32 --> Controller "App\Controllers\Sections" loaded.
INFO - 2020-07-22 22:32:32 --> Fetching Sections details
INFO - 2020-07-22 22:32:32 --> Controller "App\Controllers\Students" loaded.
INFO - 2020-07-22 22:32:32 --> Controller "App\Controllers\StudentDetails" loaded.
INFO - 2020-07-22 22:32:32 --> Fetching All Leave details
INFO - 2020-07-22 22:32:32 --> Fetching All Leave details
INFO - 2020-07-22 22:32:32 --> Controller "App\Controllers\Sections" loaded.
INFO - 2020-07-22 22:32:32 --> Controller "App\Controllers\Boards" loaded.
INFO - 2020-07-22 22:32:32 --> Fetching Boards details
INFO - 2020-07-22 22:32:32 --> Fetching Sections details
INFO - 2020-07-22 22:32:32 --> Controller "App\Controllers\Academicyears" loaded.
INFO - 2020-07-22 22:32:32 --> Fetching Academic year details
INFO - 2020-07-22 22:32:33 --> Controller "App\Controllers\Categories" loaded.
INFO - 2020-07-22 22:32:33 --> Fetching Category details
INFO - 2020-07-22 22:32:33 --> Controller "App\Controllers\Sections" loaded.
INFO - 2020-07-22 22:32:33 --> Controller "App\Controllers\Sections" loaded.
INFO - 2020-07-22 22:32:33 --> Fetching Sections details
INFO - 2020-07-22 22:32:33 --> Fetching Sections details
INFO - 2020-07-22 22:32:33 --> Controller "App\Controllers\Sections" loaded.
INFO - 2020-07-22 22:32:33 --> Fetching Sections details
INFO - 2020-07-22 22:32:38 --> Controller "App\Controllers\Students" loaded.
INFO - 2020-07-22 22:32:38 --> Fetching Leave details with Id
