INFO - 2021-01-30 11:03:03 --> Controller "App\Controllers\PricingHistory" loaded.
INFO - 2021-01-30 11:03:03 --> Fetching IIQA Details
INFO - 2021-01-30 11:03:54 --> Controller "App\Controllers\UserMenu" loaded.
INFO - 2021-01-30 11:03:54 --> Controller "App\Controllers\UserMenu" loaded.
INFO - 2021-01-30 11:03:54 --> Fetching IIQA Details
INFO - 2021-01-30 11:03:54 --> Fetching IIQA Details
INFO - 2021-01-30 11:05:09 --> Controller "App\Controllers\PricingHistory" loaded.
INFO - 2021-01-30 11:05:09 --> Fetching IIQA Details
INFO - 2021-01-30 11:05:11 --> Controller "App\Controllers\UserMenu" loaded.
INFO - 2021-01-30 11:05:11 --> Fetching IIQA Details
INFO - 2021-01-30 11:05:11 --> Controller "App\Controllers\UserMenu" loaded.
INFO - 2021-01-30 11:05:11 --> Fetching IIQA Details
INFO - 2021-01-30 11:07:00 --> Controller "App\Controllers\PricingHistory" loaded.
INFO - 2021-01-30 11:07:00 --> Fetching IIQA Details
INFO - 2021-01-30 11:07:18 --> Controller "App\Controllers\PricingHistory" loaded.
INFO - 2021-01-30 11:07:18 --> Fetching IIQA Details
INFO - 2021-01-30 11:46:45 --> Controller "App\Controllers\PricingHistory" loaded.
INFO - 2021-01-30 11:46:45 --> Fetching IIQA Details
INFO - 2021-01-30 12:00:24 --> Controller "App\Controllers\UserMenu" loaded.
INFO - 2021-01-30 12:00:24 --> Controller "App\Controllers\UserMenu" loaded.
INFO - 2021-01-30 12:00:24 --> Fetching IIQA Details
INFO - 2021-01-30 12:00:24 --> Fetching IIQA Details
INFO - 2021-01-30 12:00:50 --> Controller "App\Controllers\UserMenu" loaded.
INFO - 2021-01-30 12:00:52 --> Controller "App\Controllers\PricingHistory" loaded.
INFO - 2021-01-30 12:00:52 --> Fetching IIQA Details
INFO - 2021-01-30 12:01:05 --> Controller "App\Controllers\PricingHistory" loaded.
INFO - 2021-01-30 12:01:05 --> Fetching IIQA Details
INFO - 2021-01-30 12:01:07 --> Controller "App\Controllers\UserMenu" loaded.
INFO - 2021-01-30 12:01:07 --> Fetching IIQA Details
INFO - 2021-01-30 12:01:07 --> Controller "App\Controllers\UserMenu" loaded.
INFO - 2021-01-30 12:01:07 --> Fetching IIQA Details
INFO - 2021-01-30 12:12:10 --> Controller "App\Controllers\PricingHistory" loaded.
INFO - 2021-01-30 12:12:10 --> Fetching IIQA Details
INFO - 2021-01-30 12:12:11 --> Controller "App\Controllers\UserMenu" loaded.
INFO - 2021-01-30 12:12:11 --> Fetching IIQA Details
INFO - 2021-01-30 12:12:11 --> Controller "App\Controllers\UserMenu" loaded.
INFO - 2021-01-30 12:12:11 --> Fetching IIQA Details
INFO - 2021-01-30 12:16:37 --> Controller "App\Controllers\PricingHistory" loaded.
INFO - 2021-01-30 12:16:37 --> Fetching IIQA Details
INFO - 2021-01-30 12:16:49 --> Controller "App\Controllers\PricingHistory" loaded.
INFO - 2021-01-30 12:16:49 --> Fetching IIQA Details
INFO - 2021-01-30 12:17:27 --> Controller "App\Controllers\PricingHistory" loaded.
INFO - 2021-01-30 12:17:27 --> Fetching IIQA Details
INFO - 2021-01-30 12:18:06 --> Controller "App\Controllers\PricingHistory" loaded.
INFO - 2021-01-30 12:18:06 --> Fetching IIQA Details
INFO - 2021-01-30 12:18:18 --> Controller "App\Controllers\UserMenu" loaded.
INFO - 2021-01-30 12:18:18 --> Controller "App\Controllers\UserMenu" loaded.
INFO - 2021-01-30 12:18:18 --> Fetching IIQA Details
INFO - 2021-01-30 12:18:18 --> Fetching IIQA Details
INFO - 2021-01-30 12:18:26 --> Controller "App\Controllers\UserMenu" loaded.
INFO - 2021-01-30 12:18:28 --> Controller "App\Controllers\UserMenu" loaded.
INFO - 2021-01-30 12:18:28 --> Fetching IIQA Details
INFO - 2021-01-30 12:18:28 --> Controller "App\Controllers\UserMenu" loaded.
INFO - 2021-01-30 12:18:28 --> Fetching IIQA Details
INFO - 2021-01-30 12:54:33 --> Controller "App\Controllers\PricingHistory" loaded.
INFO - 2021-01-30 12:54:33 --> Fetching IIQA Details
INFO - 2021-01-30 12:54:36 --> Controller "App\Controllers\UserMenu" loaded.
INFO - 2021-01-30 12:54:36 --> Fetching IIQA Details
INFO - 2021-01-30 12:54:37 --> Controller "App\Controllers\UserMenu" loaded.
INFO - 2021-01-30 12:54:37 --> Fetching IIQA Details
INFO - 2021-01-30 12:54:58 --> Controller "App\Controllers\PricingHistory" loaded.
INFO - 2021-01-30 12:54:58 --> Fetching IIQA Details
INFO - 2021-01-30 12:54:59 --> Controller "App\Controllers\UserMenu" loaded.
INFO - 2021-01-30 12:54:59 --> Fetching IIQA Details
INFO - 2021-01-30 12:54:59 --> Controller "App\Controllers\UserMenu" loaded.
INFO - 2021-01-30 12:54:59 --> Fetching IIQA Details
INFO - 2021-01-30 15:27:46 --> Controller "App\Controllers\PricingHistory" loaded.
INFO - 2021-01-30 15:27:46 --> Fetching IIQA Details
INFO - 2021-01-30 15:28:27 --> Controller "App\Controllers\PricingHistory" loaded.
INFO - 2021-01-30 15:28:27 --> Fetching IIQA Details
INFO - 2021-01-30 15:29:06 --> Controller "App\Controllers\PricingHistory" loaded.
INFO - 2021-01-30 15:29:06 --> Fetching IIQA Details
INFO - 2021-01-30 15:39:24 --> Controller "App\Controllers\UserMenu" loaded.
INFO - 2021-01-30 15:39:24 --> Fetching IIQA Details
INFO - 2021-01-30 15:39:24 --> Controller "App\Controllers\UserMenu" loaded.
INFO - 2021-01-30 15:39:24 --> Fetching IIQA Details
INFO - 2021-01-30 15:39:50 --> Controller "App\Controllers\PricingHistory" loaded.
INFO - 2021-01-30 15:39:50 --> Fetching IIQA Details
INFO - 2021-01-30 15:41:02 --> Controller "App\Controllers\PricingHistory" loaded.
INFO - 2021-01-30 15:41:02 --> Fetching IIQA Details
INFO - 2021-01-30 16:07:10 --> Controller "App\Controllers\PricingHistory" loaded.
INFO - 2021-01-30 16:07:10 --> Fetching IIQA Details
INFO - 2021-01-30 16:08:16 --> Controller "App\Controllers\UserMenu" loaded.
INFO - 2021-01-30 16:08:16 --> Fetching IIQA Details
INFO - 2021-01-30 16:08:16 --> Controller "App\Controllers\UserMenu" loaded.
INFO - 2021-01-30 16:08:16 --> Fetching IIQA Details
INFO - 2021-01-30 16:09:35 --> Controller "App\Controllers\PricingHistory" loaded.
INFO - 2021-01-30 16:09:35 --> Fetching IIQA Details
INFO - 2021-01-30 16:09:42 --> Controller "App\Controllers\UserMenu" loaded.
INFO - 2021-01-30 16:09:42 --> Controller "App\Controllers\UserMenu" loaded.
INFO - 2021-01-30 16:09:42 --> Fetching IIQA Details
INFO - 2021-01-30 16:09:42 --> Fetching IIQA Details
INFO - 2021-01-30 16:20:29 --> Controller "App\Controllers\PricingHistory" loaded.
INFO - 2021-01-30 16:20:29 --> Fetching IIQA Details
INFO - 2021-01-30 16:20:30 --> Controller "App\Controllers\UserMenu" loaded.
INFO - 2021-01-30 16:20:30 --> Fetching IIQA Details
INFO - 2021-01-30 16:20:30 --> Controller "App\Controllers\UserMenu" loaded.
INFO - 2021-01-30 16:20:30 --> Fetching IIQA Details
INFO - 2021-01-30 16:21:00 --> Controller "App\Controllers\PricingHistory" loaded.
INFO - 2021-01-30 16:21:00 --> Fetching IIQA Details
INFO - 2021-01-30 16:21:30 --> Controller "App\Controllers\UserMenu" loaded.
INFO - 2021-01-30 16:21:30 --> Controller "App\Controllers\UserMenu" loaded.
INFO - 2021-01-30 16:21:30 --> Fetching IIQA Details
INFO - 2021-01-30 16:21:30 --> Fetching IIQA Details
INFO - 2021-01-30 16:22:28 --> Controller "App\Controllers\PricingHistory" loaded.
INFO - 2021-01-30 16:22:28 --> Fetching IIQA Details
INFO - 2021-01-30 16:23:54 --> Controller "App\Controllers\UserMenu" loaded.
INFO - 2021-01-30 16:23:54 --> Fetching IIQA Details
INFO - 2021-01-30 16:23:54 --> Controller "App\Controllers\UserMenu" loaded.
INFO - 2021-01-30 16:23:54 --> Fetching IIQA Details
INFO - 2021-01-30 16:55:44 --> Controller "App\Controllers\PricingHistory" loaded.
INFO - 2021-01-30 16:55:44 --> Fetching IIQA Details
INFO - 2021-01-30 16:56:39 --> Controller "App\Controllers\PricingHistory" loaded.
INFO - 2021-01-30 16:56:39 --> Fetching IIQA Details
INFO - 2021-01-30 16:57:36 --> Controller "App\Controllers\PricingHistory" loaded.
INFO - 2021-01-30 16:57:36 --> Fetching IIQA Details
INFO - 2021-01-30 17:08:38 --> Controller "App\Controllers\PricingHistory" loaded.
INFO - 2021-01-30 17:08:38 --> Fetching IIQA Details
INFO - 2021-01-30 17:09:03 --> Controller "App\Controllers\PricingHistory" loaded.
INFO - 2021-01-30 17:09:03 --> Fetching IIQA Details
INFO - 2021-01-30 17:11:35 --> Controller "App\Controllers\UserMenu" loaded.
INFO - 2021-01-30 17:11:35 --> Fetching IIQA Details
INFO - 2021-01-30 17:11:35 --> Controller "App\Controllers\UserMenu" loaded.
INFO - 2021-01-30 17:11:35 --> Fetching IIQA Details
INFO - 2021-01-30 17:12:07 --> Controller "App\Controllers\PricingHistory" loaded.
INFO - 2021-01-30 17:12:07 --> Fetching IIQA Details
INFO - 2021-01-30 17:12:14 --> Controller "App\Controllers\UserMenu" loaded.
INFO - 2021-01-30 17:12:14 --> Fetching IIQA Details
INFO - 2021-01-30 17:12:14 --> Controller "App\Controllers\UserMenu" loaded.
INFO - 2021-01-30 17:12:14 --> Fetching IIQA Details
INFO - 2021-01-30 17:12:20 --> Controller "App\Controllers\PricingHistory" loaded.
INFO - 2021-01-30 17:12:20 --> Fetching IIQA Details
INFO - 2021-01-30 17:12:21 --> Controller "App\Controllers\UserMenu" loaded.
INFO - 2021-01-30 17:12:21 --> Fetching IIQA Details
INFO - 2021-01-30 17:12:21 --> Controller "App\Controllers\UserMenu" loaded.
INFO - 2021-01-30 17:12:21 --> Fetching IIQA Details
INFO - 2021-01-30 17:16:33 --> Controller "App\Controllers\PricingHistory" loaded.
INFO - 2021-01-30 17:16:33 --> Fetching IIQA Details
INFO - 2021-01-30 17:17:07 --> Controller "App\Controllers\PricingHistory" loaded.
INFO - 2021-01-30 17:17:07 --> Fetching IIQA Details
INFO - 2021-01-30 17:17:29 --> Controller "App\Controllers\PricingHistory" loaded.
INFO - 2021-01-30 17:17:29 --> Fetching IIQA Details
INFO - 2021-01-30 17:25:51 --> Controller "App\Controllers\UserMenu" loaded.
INFO - 2021-01-30 17:25:51 --> Controller "App\Controllers\UserMenu" loaded.
INFO - 2021-01-30 17:25:51 --> Fetching IIQA Details
INFO - 2021-01-30 17:25:51 --> Fetching IIQA Details
INFO - 2021-01-30 17:25:59 --> Controller "App\Controllers\UserMenu" loaded.
INFO - 2021-01-30 17:26:01 --> Controller "App\Controllers\UserMenu" loaded.
INFO - 2021-01-30 17:26:01 --> Fetching IIQA Details
INFO - 2021-01-30 17:26:01 --> Controller "App\Controllers\UserMenu" loaded.
INFO - 2021-01-30 17:26:01 --> Fetching IIQA Details
INFO - 2021-01-30 17:26:12 --> Controller "App\Controllers\PricingHistory" loaded.
INFO - 2021-01-30 17:26:12 --> Fetching IIQA Details
INFO - 2021-01-30 17:26:13 --> Controller "App\Controllers\UserMenu" loaded.
INFO - 2021-01-30 17:26:13 --> Fetching IIQA Details
INFO - 2021-01-30 17:26:13 --> Controller "App\Controllers\UserMenu" loaded.
INFO - 2021-01-30 17:26:13 --> Fetching IIQA Details
INFO - 2021-01-30 17:29:00 --> Controller "App\Controllers\PricingHistory" loaded.
INFO - 2021-01-30 17:29:00 --> Fetching IIQA Details
INFO - 2021-01-30 17:29:03 --> Controller "App\Controllers\UserMenu" loaded.
INFO - 2021-01-30 17:29:03 --> Fetching IIQA Details
INFO - 2021-01-30 17:29:03 --> Controller "App\Controllers\UserMenu" loaded.
INFO - 2021-01-30 17:29:03 --> Fetching IIQA Details
INFO - 2021-01-30 17:29:11 --> Controller "App\Controllers\UserMenu" loaded.
INFO - 2021-01-30 17:29:13 --> Controller "App\Controllers\UserMenu" loaded.
INFO - 2021-01-30 17:29:13 --> Fetching IIQA Details
INFO - 2021-01-30 17:29:13 --> Controller "App\Controllers\UserMenu" loaded.
INFO - 2021-01-30 17:29:13 --> Fetching IIQA Details
INFO - 2021-01-30 17:30:10 --> Controller "App\Controllers\UserMenu" loaded.
INFO - 2021-01-30 17:30:13 --> Controller "App\Controllers\UserMenu" loaded.
INFO - 2021-01-30 17:30:13 --> Fetching IIQA Details
INFO - 2021-01-30 17:30:13 --> Controller "App\Controllers\UserMenu" loaded.
INFO - 2021-01-30 17:30:13 --> Fetching IIQA Details
INFO - 2021-01-30 17:30:42 --> Controller "App\Controllers\PricingHistory" loaded.
INFO - 2021-01-30 17:30:42 --> Fetching IIQA Details
INFO - 2021-01-30 17:30:50 --> Controller "App\Controllers\UserMenu" loaded.
INFO - 2021-01-30 17:30:50 --> Controller "App\Controllers\UserMenu" loaded.
INFO - 2021-01-30 17:30:50 --> Fetching IIQA Details
INFO - 2021-01-30 17:30:50 --> Fetching IIQA Details
INFO - 2021-01-30 17:31:00 --> Controller "App\Controllers\UserMenu" loaded.
INFO - 2021-01-30 17:31:02 --> Controller "App\Controllers\UserMenu" loaded.
INFO - 2021-01-30 17:31:02 --> Fetching IIQA Details
INFO - 2021-01-30 17:31:02 --> Controller "App\Controllers\UserMenu" loaded.
INFO - 2021-01-30 17:31:02 --> Fetching IIQA Details
INFO - 2021-01-30 17:31:41 --> Controller "App\Controllers\UserMenu" loaded.
INFO - 2021-01-30 17:31:43 --> Controller "App\Controllers\UserMenu" loaded.
INFO - 2021-01-30 17:31:43 --> Fetching IIQA Details
INFO - 2021-01-30 17:31:43 --> Controller "App\Controllers\UserMenu" loaded.
INFO - 2021-01-30 17:31:43 --> Fetching IIQA Details
INFO - 2021-01-30 17:32:37 --> Controller "App\Controllers\PricingHistory" loaded.
INFO - 2021-01-30 17:32:37 --> Fetching IIQA Details
INFO - 2021-01-30 17:32:51 --> Controller "App\Controllers\PricingHistory" loaded.
INFO - 2021-01-30 17:32:51 --> Fetching IIQA Details
INFO - 2021-01-30 17:33:06 --> Controller "App\Controllers\UserMenu" loaded.
INFO - 2021-01-30 17:33:06 --> Fetching IIQA Details
INFO - 2021-01-30 17:33:06 --> Controller "App\Controllers\UserMenu" loaded.
INFO - 2021-01-30 17:33:06 --> Fetching IIQA Details
INFO - 2021-01-30 17:33:26 --> Controller "App\Controllers\UserMenu" loaded.
INFO - 2021-01-30 17:33:28 --> Controller "App\Controllers\UserMenu" loaded.
INFO - 2021-01-30 17:33:28 --> Fetching IIQA Details
INFO - 2021-01-30 17:33:28 --> Controller "App\Controllers\UserMenu" loaded.
INFO - 2021-01-30 17:33:28 --> Fetching IIQA Details
INFO - 2021-01-30 17:34:20 --> Controller "App\Controllers\PricingHistory" loaded.
INFO - 2021-01-30 17:34:20 --> Fetching IIQA Details
INFO - 2021-01-30 17:35:22 --> Controller "App\Controllers\UserMenu" loaded.
INFO - 2021-01-30 17:35:22 --> Fetching IIQA Details
INFO - 2021-01-30 17:35:22 --> Controller "App\Controllers\UserMenu" loaded.
INFO - 2021-01-30 17:35:22 --> Fetching IIQA Details
INFO - 2021-01-30 17:38:02 --> Controller "App\Controllers\PricingHistory" loaded.
INFO - 2021-01-30 17:38:02 --> Fetching IIQA Details
INFO - 2021-01-30 17:38:45 --> Controller "App\Controllers\PricingHistory" loaded.
INFO - 2021-01-30 17:38:45 --> Fetching IIQA Details
INFO - 2021-01-30 17:39:32 --> Controller "App\Controllers\PricingHistory" loaded.
INFO - 2021-01-30 17:39:32 --> Fetching IIQA Details
INFO - 2021-01-30 17:40:02 --> Controller "App\Controllers\PricingHistory" loaded.
INFO - 2021-01-30 17:40:02 --> Fetching IIQA Details
INFO - 2021-01-30 17:40:31 --> Controller "App\Controllers\UserMenu" loaded.
INFO - 2021-01-30 17:40:31 --> Controller "App\Controllers\UserMenu" loaded.
INFO - 2021-01-30 17:40:31 --> Fetching IIQA Details
INFO - 2021-01-30 17:40:31 --> Fetching IIQA Details
INFO - 2021-01-30 17:41:03 --> Controller "App\Controllers\UserMenu" loaded.
INFO - 2021-01-30 17:41:05 --> Controller "App\Controllers\UserMenu" loaded.
INFO - 2021-01-30 17:41:05 --> Fetching IIQA Details
INFO - 2021-01-30 17:41:05 --> Controller "App\Controllers\UserMenu" loaded.
INFO - 2021-01-30 17:41:05 --> Fetching IIQA Details
INFO - 2021-01-30 17:41:11 --> Controller "App\Controllers\UserMenu" loaded.
INFO - 2021-01-30 17:41:13 --> Controller "App\Controllers\UserMenu" loaded.
INFO - 2021-01-30 17:41:13 --> Fetching IIQA Details
INFO - 2021-01-30 17:41:13 --> Controller "App\Controllers\UserMenu" loaded.
INFO - 2021-01-30 17:41:13 --> Fetching IIQA Details
INFO - 2021-01-30 17:44:48 --> Controller "App\Controllers\UserMenu" loaded.
INFO - 2021-01-30 17:44:50 --> Controller "App\Controllers\UserMenu" loaded.
INFO - 2021-01-30 17:44:50 --> Fetching IIQA Details
INFO - 2021-01-30 17:44:50 --> Controller "App\Controllers\UserMenu" loaded.
INFO - 2021-01-30 17:44:50 --> Fetching IIQA Details
INFO - 2021-01-30 17:44:53 --> Controller "App\Controllers\UserMenu" loaded.
INFO - 2021-01-30 17:44:55 --> Controller "App\Controllers\UserMenu" loaded.
INFO - 2021-01-30 17:44:55 --> Fetching IIQA Details
INFO - 2021-01-30 17:44:55 --> Controller "App\Controllers\UserMenu" loaded.
INFO - 2021-01-30 17:44:55 --> Fetching IIQA Details
INFO - 2021-01-30 17:45:10 --> Controller "App\Controllers\UserMenu" loaded.
INFO - 2021-01-30 17:45:10 --> Controller "App\Controllers\UserMenu" loaded.
INFO - 2021-01-30 17:45:10 --> Fetching IIQA Details
INFO - 2021-01-30 17:45:10 --> Fetching IIQA Details
INFO - 2021-01-30 17:47:29 --> Controller "App\Controllers\PricingHistory" loaded.
INFO - 2021-01-30 17:47:29 --> Fetching IIQA Details
INFO - 2021-01-30 17:48:10 --> Controller "App\Controllers\PricingHistory" loaded.
INFO - 2021-01-30 17:48:10 --> Fetching IIQA Details
INFO - 2021-01-30 17:48:55 --> Controller "App\Controllers\PricingHistory" loaded.
INFO - 2021-01-30 17:48:55 --> Fetching IIQA Details
INFO - 2021-01-30 17:49:46 --> Controller "App\Controllers\UserMenu" loaded.
INFO - 2021-01-30 17:49:46 --> Fetching IIQA Details
INFO - 2021-01-30 17:49:46 --> Controller "App\Controllers\UserMenu" loaded.
INFO - 2021-01-30 17:49:46 --> Fetching IIQA Details
INFO - 2021-01-30 17:50:36 --> Controller "App\Controllers\PricingHistory" loaded.
INFO - 2021-01-30 17:50:36 --> Fetching IIQA Details
INFO - 2021-01-30 17:53:32 --> Controller "App\Controllers\UserMenu" loaded.
INFO - 2021-01-30 17:53:32 --> Controller "App\Controllers\UserMenu" loaded.
INFO - 2021-01-30 17:53:32 --> Fetching IIQA Details
INFO - 2021-01-30 17:53:32 --> Fetching IIQA Details
INFO - 2021-01-30 18:00:58 --> Controller "App\Controllers\PricingHistory" loaded.
INFO - 2021-01-30 18:00:58 --> Fetching IIQA Details
INFO - 2021-01-30 18:01:06 --> Controller "App\Controllers\UserMenu" loaded.
INFO - 2021-01-30 18:01:06 --> Fetching IIQA Details
INFO - 2021-01-30 18:01:06 --> Controller "App\Controllers\UserMenu" loaded.
INFO - 2021-01-30 18:01:06 --> Fetching IIQA Details
INFO - 2021-01-30 18:01:59 --> Controller "App\Controllers\PricingHistory" loaded.
INFO - 2021-01-30 18:01:59 --> Fetching IIQA Details
INFO - 2021-01-30 18:02:27 --> Controller "App\Controllers\PricingHistory" loaded.
INFO - 2021-01-30 18:02:27 --> Fetching IIQA Details
INFO - 2021-01-30 18:08:05 --> Controller "App\Controllers\PricingHistory" loaded.
INFO - 2021-01-30 18:08:05 --> Fetching IIQA Details
INFO - 2021-01-30 18:08:07 --> Controller "App\Controllers\UserMenu" loaded.
INFO - 2021-01-30 18:08:07 --> Fetching IIQA Details
INFO - 2021-01-30 18:08:07 --> Controller "App\Controllers\UserMenu" loaded.
INFO - 2021-01-30 18:08:07 --> Fetching IIQA Details
INFO - 2021-01-30 18:08:57 --> Controller "App\Controllers\PricingHistory" loaded.
INFO - 2021-01-30 18:08:57 --> Fetching IIQA Details
INFO - 2021-01-30 18:09:30 --> Controller "App\Controllers\PricingHistory" loaded.
INFO - 2021-01-30 18:09:30 --> Fetching IIQA Details
INFO - 2021-01-30 18:09:48 --> Controller "App\Controllers\PricingHistory" loaded.
INFO - 2021-01-30 18:09:48 --> Fetching IIQA Details
INFO - 2021-01-30 18:10:06 --> Controller "App\Controllers\UserMenu" loaded.
INFO - 2021-01-30 18:10:06 --> Controller "App\Controllers\UserMenu" loaded.
INFO - 2021-01-30 18:10:06 --> Fetching IIQA Details
INFO - 2021-01-30 18:10:06 --> Fetching IIQA Details
INFO - 2021-01-30 18:10:45 --> Controller "App\Controllers\PricingHistory" loaded.
INFO - 2021-01-30 18:10:45 --> Fetching IIQA Details
INFO - 2021-01-30 18:16:20 --> Controller "App\Controllers\PricingHistory" loaded.
INFO - 2021-01-30 18:16:20 --> Fetching IIQA Details
INFO - 2021-01-30 18:16:22 --> Controller "App\Controllers\UserMenu" loaded.
INFO - 2021-01-30 18:16:22 --> Fetching IIQA Details
INFO - 2021-01-30 18:16:22 --> Controller "App\Controllers\UserMenu" loaded.
INFO - 2021-01-30 18:16:22 --> Fetching IIQA Details
INFO - 2021-01-30 18:17:08 --> Controller "App\Controllers\PricingHistory" loaded.
INFO - 2021-01-30 18:17:08 --> Fetching IIQA Details
INFO - 2021-01-30 18:17:10 --> Controller "App\Controllers\UserMenu" loaded.
INFO - 2021-01-30 18:17:10 --> Fetching IIQA Details
INFO - 2021-01-30 18:17:10 --> Controller "App\Controllers\UserMenu" loaded.
INFO - 2021-01-30 18:17:10 --> Fetching IIQA Details
INFO - 2021-01-30 18:18:16 --> Controller "App\Controllers\PricingHistory" loaded.
INFO - 2021-01-30 18:18:16 --> Fetching IIQA Details
INFO - 2021-01-30 18:18:59 --> Controller "App\Controllers\PricingHistory" loaded.
INFO - 2021-01-30 18:18:59 --> Fetching IIQA Details
INFO - 2021-01-30 18:19:00 --> Controller "App\Controllers\UserMenu" loaded.
INFO - 2021-01-30 18:19:00 --> Fetching IIQA Details
INFO - 2021-01-30 18:19:00 --> Controller "App\Controllers\UserMenu" loaded.
INFO - 2021-01-30 18:19:00 --> Fetching IIQA Details
INFO - 2021-01-30 18:27:20 --> Controller "App\Controllers\PricingHistory" loaded.
INFO - 2021-01-30 18:27:20 --> Fetching IIQA Details
INFO - 2021-01-30 18:27:27 --> Controller "App\Controllers\UserMenu" loaded.
INFO - 2021-01-30 18:27:27 --> Fetching IIQA Details
INFO - 2021-01-30 18:27:27 --> Controller "App\Controllers\UserMenu" loaded.
INFO - 2021-01-30 18:27:27 --> Fetching IIQA Details
INFO - 2021-01-30 18:30:58 --> Controller "App\Controllers\PricingHistory" loaded.
INFO - 2021-01-30 18:30:58 --> Fetching IIQA Details
INFO - 2021-01-30 18:31:02 --> Controller "App\Controllers\UserMenu" loaded.
INFO - 2021-01-30 18:31:02 --> Fetching IIQA Details
INFO - 2021-01-30 18:31:02 --> Controller "App\Controllers\UserMenu" loaded.
INFO - 2021-01-30 18:31:02 --> Fetching IIQA Details
INFO - 2021-01-30 18:31:26 --> Controller "App\Controllers\PricingHistory" loaded.
INFO - 2021-01-30 18:31:26 --> Fetching IIQA Details
INFO - 2021-01-30 18:31:28 --> Controller "App\Controllers\UserMenu" loaded.
INFO - 2021-01-30 18:31:28 --> Fetching IIQA Details
INFO - 2021-01-30 18:31:28 --> Controller "App\Controllers\UserMenu" loaded.
INFO - 2021-01-30 18:31:28 --> Fetching IIQA Details
INFO - 2021-01-30 18:32:25 --> Controller "App\Controllers\PricingHistory" loaded.
INFO - 2021-01-30 18:32:25 --> Fetching IIQA Details
INFO - 2021-01-30 18:32:27 --> Controller "App\Controllers\UserMenu" loaded.
INFO - 2021-01-30 18:32:27 --> Fetching IIQA Details
INFO - 2021-01-30 18:32:27 --> Controller "App\Controllers\UserMenu" loaded.
INFO - 2021-01-30 18:32:27 --> Fetching IIQA Details
INFO - 2021-01-30 18:32:40 --> Controller "App\Controllers\PricingHistory" loaded.
INFO - 2021-01-30 18:32:40 --> Fetching IIQA Details
INFO - 2021-01-30 18:32:45 --> Controller "App\Controllers\UserMenu" loaded.
INFO - 2021-01-30 18:32:45 --> Fetching IIQA Details
INFO - 2021-01-30 18:32:45 --> Controller "App\Controllers\UserMenu" loaded.
INFO - 2021-01-30 18:32:45 --> Fetching IIQA Details
INFO - 2021-01-30 18:33:52 --> Controller "App\Controllers\PricingHistory" loaded.
INFO - 2021-01-30 18:33:52 --> Fetching IIQA Details
INFO - 2021-01-30 18:33:57 --> Controller "App\Controllers\UserMenu" loaded.
INFO - 2021-01-30 18:33:57 --> Fetching IIQA Details
INFO - 2021-01-30 18:33:57 --> Controller "App\Controllers\UserMenu" loaded.
INFO - 2021-01-30 18:33:57 --> Fetching IIQA Details
INFO - 2021-01-30 18:36:25 --> Controller "App\Controllers\PricingHistory" loaded.
INFO - 2021-01-30 18:36:25 --> Fetching IIQA Details
INFO - 2021-01-30 18:37:55 --> Controller "App\Controllers\UserMenu" loaded.
INFO - 2021-01-30 18:37:55 --> Fetching IIQA Details
INFO - 2021-01-30 18:37:55 --> Controller "App\Controllers\UserMenu" loaded.
INFO - 2021-01-30 18:37:55 --> Fetching IIQA Details
INFO - 2021-01-30 18:39:10 --> Controller "App\Controllers\PricingHistory" loaded.
INFO - 2021-01-30 18:39:10 --> Fetching IIQA Details
INFO - 2021-01-30 18:45:58 --> Controller "App\Controllers\UserMenu" loaded.
INFO - 2021-01-30 18:45:58 --> Controller "App\Controllers\UserMenu" loaded.
INFO - 2021-01-30 18:45:58 --> Fetching IIQA Details
INFO - 2021-01-30 18:45:58 --> Fetching IIQA Details
INFO - 2021-01-30 18:46:07 --> Controller "App\Controllers\PricingHistory" loaded.
INFO - 2021-01-30 18:46:07 --> Fetching IIQA Details
INFO - 2021-01-30 18:46:21 --> Controller "App\Controllers\PricingHistory" loaded.
INFO - 2021-01-30 18:46:21 --> Fetching IIQA Details
INFO - 2021-01-30 18:46:22 --> Controller "App\Controllers\UserMenu" loaded.
INFO - 2021-01-30 18:46:22 --> Fetching IIQA Details
INFO - 2021-01-30 18:46:22 --> Controller "App\Controllers\UserMenu" loaded.
INFO - 2021-01-30 18:46:22 --> Fetching IIQA Details
INFO - 2021-01-30 18:47:22 --> Controller "App\Controllers\PricingHistory" loaded.
INFO - 2021-01-30 18:47:22 --> Fetching IIQA Details
INFO - 2021-01-30 18:47:35 --> Controller "App\Controllers\UserMenu" loaded.
INFO - 2021-01-30 18:47:35 --> Fetching IIQA Details
INFO - 2021-01-30 18:47:35 --> Controller "App\Controllers\UserMenu" loaded.
INFO - 2021-01-30 18:47:35 --> Fetching IIQA Details
INFO - 2021-01-30 18:47:50 --> Controller "App\Controllers\PricingHistory" loaded.
INFO - 2021-01-30 18:47:50 --> Fetching IIQA Details
INFO - 2021-01-30 18:47:51 --> Controller "App\Controllers\UserMenu" loaded.
INFO - 2021-01-30 18:47:51 --> Fetching IIQA Details
INFO - 2021-01-30 18:47:51 --> Controller "App\Controllers\UserMenu" loaded.
INFO - 2021-01-30 18:47:51 --> Fetching IIQA Details
INFO - 2021-01-30 18:48:58 --> Controller "App\Controllers\PricingHistory" loaded.
INFO - 2021-01-30 18:48:58 --> Fetching IIQA Details
INFO - 2021-01-30 18:49:03 --> Controller "App\Controllers\UserMenu" loaded.
INFO - 2021-01-30 18:49:03 --> Fetching IIQA Details
INFO - 2021-01-30 18:49:03 --> Controller "App\Controllers\UserMenu" loaded.
INFO - 2021-01-30 18:49:03 --> Fetching IIQA Details
INFO - 2021-01-30 18:51:11 --> Controller "App\Controllers\PricingHistory" loaded.
INFO - 2021-01-30 18:51:11 --> Fetching IIQA Details
INFO - 2021-01-30 18:51:13 --> Controller "App\Controllers\UserMenu" loaded.
INFO - 2021-01-30 18:51:13 --> Fetching IIQA Details
INFO - 2021-01-30 18:51:13 --> Controller "App\Controllers\UserMenu" loaded.
INFO - 2021-01-30 18:51:13 --> Fetching IIQA Details
INFO - 2021-01-30 18:58:47 --> Controller "App\Controllers\PricingHistory" loaded.
INFO - 2021-01-30 18:58:47 --> Fetching IIQA Details
INFO - 2021-01-30 18:58:49 --> Controller "App\Controllers\UserMenu" loaded.
INFO - 2021-01-30 18:58:49 --> Controller "App\Controllers\UserMenu" loaded.
INFO - 2021-01-30 18:58:49 --> Fetching IIQA Details
INFO - 2021-01-30 18:58:49 --> Fetching IIQA Details
INFO - 2021-01-30 22:37:46 --> Controller "App\Controllers\Dashboards" loaded.
INFO - 2021-01-30 22:37:46 --> Fetching Dashboard details
INFO - 2021-01-30 22:38:59 --> Controller "App\Controllers\Dashboards" loaded.
INFO - 2021-01-30 22:38:59 --> Fetching Dashboard details
INFO - 2021-01-30 22:39:26 --> Controller "App\Controllers\Dashboards" loaded.
INFO - 2021-01-30 22:39:26 --> Fetching Dashboard details
