INFO - 2020-04-29 00:40:26 --> Controller "App\Controllers\RouteMasters" loaded.
INFO - 2020-04-29 00:40:26 --> Fetching Route Master details
INFO - 2020-04-29 00:40:30 --> Controller "App\Controllers\RouteMasters" loaded.
INFO - 2020-04-29 00:40:30 --> Fetching Route Master details
INFO - 2020-04-29 00:40:35 --> Controller "App\Controllers\RouteMasters" loaded.
INFO - 2020-04-29 00:40:35 --> Fetching Route Master details
INFO - 2020-04-29 00:40:41 --> Controller "App\Controllers\FeesMasters" loaded.
INFO - 2020-04-29 00:40:41 --> Fetching FeeMaster details
CRITICAL - 2020-04-29 00:40:43 --> syntax error, unexpected ',', expecting ';'
#0 /var/www/html/server_4/system/Router/Router.php(192): CodeIgniter\Router\Router->autoRoute('feesConfigs/get...')
#1 /var/www/html/server_4/system/CodeIgniter.php(785): CodeIgniter\Router\Router->handle('feesConfigs/get...')
#2 /var/www/html/server_4/system/CodeIgniter.php(358): CodeIgniter\CodeIgniter->tryToRouteIt(Object(CodeIgniter\Router\RouteCollection))
#3 /var/www/html/server_4/system/CodeIgniter.php(306): CodeIgniter\CodeIgniter->handleRequest(NULL, Object(Config\Cache), false)
#4 /var/www/html/server_4/public/index.php(45): CodeIgniter\CodeIgniter->run()
#5 {main}
INFO - 2020-04-29 00:40:43 --> Controller "App\Controllers\FeesMasters" loaded.
INFO - 2020-04-29 00:40:43 --> Controller "App\Controllers\Academicyears" loaded.
INFO - 2020-04-29 00:40:43 --> Controller "App\Controllers\Institutions" loaded.
INFO - 2020-04-29 00:40:43 --> Controller "App\Controllers\Standards" loaded.
INFO - 2020-04-29 00:40:43 --> Fetching Institution details
INFO - 2020-04-29 00:40:43 --> Fetching FeeMaster details
CRITICAL - 2020-04-29 00:40:43 --> syntax error, unexpected ',', expecting ';'
#0 /var/www/html/server_4/system/Router/Router.php(192): CodeIgniter\Router\Router->autoRoute('feesConfigs/get...')
#1 /var/www/html/server_4/system/CodeIgniter.php(785): CodeIgniter\Router\Router->handle('feesConfigs/get...')
#2 /var/www/html/server_4/system/CodeIgniter.php(358): CodeIgniter\CodeIgniter->tryToRouteIt(Object(CodeIgniter\Router\RouteCollection))
#3 /var/www/html/server_4/system/CodeIgniter.php(306): CodeIgniter\CodeIgniter->handleRequest(NULL, Object(Config\Cache), false)
#4 /var/www/html/server_4/public/index.php(45): CodeIgniter\CodeIgniter->run()
#5 {main}
INFO - 2020-04-29 00:40:43 --> Fetching Academic year details
INFO - 2020-04-29 00:40:43 --> Fetching Standards Section details
INFO - 2020-04-29 00:40:51 --> Controller "App\Controllers\Sections" loaded.
INFO - 2020-04-29 00:40:51 --> Controller "App\Controllers\SubjectMasters" loaded.
INFO - 2020-04-29 00:40:51 --> Fetching SubjectMasters details
INFO - 2020-04-29 00:40:51 --> Fetching Sections details
INFO - 2020-04-29 01:12:05 --> Controller "App\Controllers\SubjectMasters" loaded.
INFO - 2020-04-29 01:12:05 --> Fetching SubjectMasters details
INFO - 2020-04-29 01:12:05 --> Controller "App\Controllers\Sections" loaded.
INFO - 2020-04-29 01:12:05 --> Fetching Sections details
INFO - 2020-04-29 01:12:08 --> Controller "App\Controllers\SubjectStandards" loaded.
INFO - 2020-04-29 01:12:08 --> Fetching Subjects details
INFO - 2020-04-29 01:12:35 --> Controller "App\Controllers\SubjectStandards" loaded.
INFO - 2020-04-29 01:12:35 --> Fetching Subjects details
INFO - 2020-04-29 01:12:49 --> Controller "App\Controllers\SubjectStandards" loaded.
INFO - 2020-04-29 01:12:49 --> Fetching Subjects details
INFO - 2020-04-29 01:13:04 --> Controller "App\Controllers\SubjectStandards" loaded.
INFO - 2020-04-29 01:13:04 --> Inserting Subjects details
INFO - 2020-04-29 01:13:09 --> Controller "App\Controllers\SubjectStandards" loaded.
INFO - 2020-04-29 01:13:09 --> Fetching Subjects details
INFO - 2020-04-29 01:13:28 --> Controller "App\Controllers\SubjectMasters" loaded.
INFO - 2020-04-29 01:13:28 --> Controller "App\Controllers\Standards" loaded.
INFO - 2020-04-29 01:13:28 --> Fetching SubjectMasters details
INFO - 2020-04-29 01:13:28 --> Fetching Standards Section details
INFO - 2020-04-29 01:13:38 --> Controller "App\Controllers\SubjectMasters" loaded.
INFO - 2020-04-29 01:13:38 --> Fetching SubjectMasters details
INFO - 2020-04-29 01:13:38 --> Controller "App\Controllers\Sections" loaded.
INFO - 2020-04-29 01:13:38 --> Fetching Sections details
INFO - 2020-04-29 01:13:42 --> Controller "App\Controllers\SubjectStandards" loaded.
INFO - 2020-04-29 01:13:42 --> Fetching Subjects details
INFO - 2020-04-29 01:13:57 --> Controller "App\Controllers\SubjectMasters" loaded.
INFO - 2020-04-29 01:13:57 --> Deleting SubjectMasters details
INFO - 2020-04-29 01:13:57 --> Controller "App\Controllers\SubjectStandards" loaded.
INFO - 2020-04-29 01:13:57 --> Fetching Subjects details
INFO - 2020-04-29 01:14:19 --> Controller "App\Controllers\SubjectMasters" loaded.
INFO - 2020-04-29 01:14:19 --> Fetching SubjectMasters details
INFO - 2020-04-29 01:14:19 --> Controller "App\Controllers\Sections" loaded.
INFO - 2020-04-29 01:14:19 --> Fetching Sections details
INFO - 2020-04-29 01:14:25 --> Controller "App\Controllers\SubjectMasters" loaded.
INFO - 2020-04-29 01:14:25 --> Deleting SubjectMasters details
INFO - 2020-04-29 01:14:25 --> Controller "App\Controllers\SubjectStandards" loaded.
INFO - 2020-04-29 01:14:25 --> Fetching Subjects details
INFO - 2020-04-29 01:14:30 --> Controller "App\Controllers\SubjectMasters" loaded.
INFO - 2020-04-29 01:14:30 --> Controller "App\Controllers\Sections" loaded.
INFO - 2020-04-29 01:14:30 --> Fetching SubjectMasters details
INFO - 2020-04-29 01:14:30 --> Fetching Sections details
INFO - 2020-04-29 01:14:38 --> Controller "App\Controllers\SubjectStandards" loaded.
INFO - 2020-04-29 01:14:38 --> Fetching Subjects details
INFO - 2020-04-29 01:14:45 --> Controller "App\Controllers\Standards" loaded.
INFO - 2020-04-29 01:14:45 --> Controller "App\Controllers\SubjectMasters" loaded.
INFO - 2020-04-29 01:14:45 --> Fetching SubjectMasters details
INFO - 2020-04-29 01:14:45 --> Fetching Standards Section details
INFO - 2020-04-29 01:30:24 --> Controller "App\Controllers\RouteMasters" loaded.
INFO - 2020-04-29 01:30:24 --> Fetching Route Master details
INFO - 2020-04-29 01:32:26 --> Controller "App\Controllers\SubjectMasters" loaded.
INFO - 2020-04-29 01:32:26 --> Controller "App\Controllers\Sections" loaded.
INFO - 2020-04-29 01:32:26 --> Fetching SubjectMasters details
INFO - 2020-04-29 01:32:26 --> Fetching Sections details
INFO - 2020-04-29 01:37:45 --> Controller "App\Controllers\SubjectMasters" loaded.
INFO - 2020-04-29 01:37:45 --> Fetching SubjectMasters details
INFO - 2020-04-29 01:39:58 --> Controller "App\Controllers\SubjectMasters" loaded.
INFO - 2020-04-29 01:40:19 --> Controller "App\Controllers\SubjectMasters" loaded.
INFO - 2020-04-29 01:46:45 --> Controller "App\Controllers\SubjectMasters" loaded.
INFO - 2020-04-29 01:46:45 --> Updating SubjectMasters details
INFO - 2020-04-29 01:48:25 --> Controller "App\Controllers\SubjectMasters" loaded.
INFO - 2020-04-29 01:48:25 --> Deleting SubjectMasters details
INFO - 2020-04-29 01:49:11 --> Controller "App\Controllers\Users" loaded.
INFO - 2020-04-29 01:49:11 --> Fetching Users details
INFO - 2020-04-29 01:49:17 --> Controller "App\Controllers\Users" loaded.
INFO - 2020-04-29 01:49:17 --> Fetching Users details
INFO - 2020-04-29 01:49:29 --> Controller "App\Controllers\Standards" loaded.
INFO - 2020-04-29 01:49:29 --> Controller "App\Controllers\SubjectMasters" loaded.
INFO - 2020-04-29 01:49:29 --> Fetching Standards Section details
INFO - 2020-04-29 01:49:29 --> Fetching SubjectMasters details
INFO - 2020-04-29 01:49:39 --> Controller "App\Controllers\Standards" loaded.
INFO - 2020-04-29 01:49:39 --> Fetching Standards details
INFO - 2020-04-29 01:49:39 --> Controller "App\Controllers\Boards" loaded.
INFO - 2020-04-29 01:49:39 --> Fetching Boards details
INFO - 2020-04-29 01:49:39 --> Controller "App\Controllers\Institutions" loaded.
INFO - 2020-04-29 01:49:39 --> Fetching Institution details
INFO - 2020-04-29 01:49:39 --> Controller "App\Controllers\Standards" loaded.
INFO - 2020-04-29 01:49:39 --> Controller "App\Controllers\Standards" loaded.
INFO - 2020-04-29 01:49:39 --> Fetching Standards details
INFO - 2020-04-29 01:49:39 --> Fetching Standards details
INFO - 2020-04-29 01:49:42 --> Controller "App\Controllers\Standards" loaded.
INFO - 2020-04-29 01:49:42 --> Fetching Standards Section details
INFO - 2020-04-29 01:49:42 --> Controller "App\Controllers\SubjectMasters" loaded.
INFO - 2020-04-29 01:49:42 --> Fetching SubjectMasters details
INFO - 2020-04-29 01:49:51 --> Controller "App\Controllers\Boards" loaded.
INFO - 2020-04-29 01:49:51 --> Fetching Boards details
INFO - 2020-04-29 01:49:52 --> Controller "App\Controllers\Institutions" loaded.
INFO - 2020-04-29 01:49:52 --> Fetching Institution details
INFO - 2020-04-29 01:49:57 --> Controller "App\Controllers\FeesMasters" loaded.
INFO - 2020-04-29 01:49:57 --> Fetching FeeMaster details
INFO - 2020-04-29 01:58:54 --> Controller "App\Controllers\SubjectMasters" loaded.
INFO - 2020-04-29 01:58:54 --> Fetching SubjectMasters details
INFO - 2020-04-29 01:58:54 --> Controller "App\Controllers\Sections" loaded.
INFO - 2020-04-29 01:58:54 --> Fetching Sections details
INFO - 2020-04-29 02:00:04 --> Controller "App\Controllers\SubjectMasters" loaded.
INFO - 2020-04-29 02:00:04 --> Controller "App\Controllers\Sections" loaded.
INFO - 2020-04-29 02:00:04 --> Fetching SubjectMasters details
INFO - 2020-04-29 02:00:04 --> Fetching Sections details
INFO - 2020-04-29 02:21:23 --> Controller "App\Controllers\SubjectMasters" loaded.
INFO - 2020-04-29 02:21:23 --> Fetching SubjectMasters details
INFO - 2020-04-29 02:21:23 --> Controller "App\Controllers\Sections" loaded.
INFO - 2020-04-29 02:21:23 --> Fetching Sections details
INFO - 2020-04-29 02:23:05 --> Controller "App\Controllers\SubjectMasters" loaded.
INFO - 2020-04-29 02:23:05 --> Fetching SubjectMasters details
INFO - 2020-04-29 02:23:06 --> Controller "App\Controllers\Standards" loaded.
INFO - 2020-04-29 02:23:06 --> Fetching Standards Section details
INFO - 2020-04-29 02:27:17 --> Controller "App\Controllers\SubjectMasters" loaded.
INFO - 2020-04-29 02:27:17 --> Fetching SubjectMasters details
INFO - 2020-04-29 02:27:17 --> Controller "App\Controllers\Sections" loaded.
INFO - 2020-04-29 02:27:17 --> Fetching Sections details
INFO - 2020-04-29 02:31:34 --> Controller "App\Controllers\SubjectMasters" loaded.
INFO - 2020-04-29 02:31:34 --> Fetching SubjectMasters details
INFO - 2020-04-29 02:31:34 --> Controller "App\Controllers\Sections" loaded.
INFO - 2020-04-29 02:31:34 --> Fetching Sections details
INFO - 2020-04-29 02:32:31 --> Controller "App\Controllers\SubjectMasters" loaded.
INFO - 2020-04-29 02:32:31 --> Fetching SubjectMasters details
INFO - 2020-04-29 02:32:31 --> Controller "App\Controllers\Sections" loaded.
INFO - 2020-04-29 02:32:31 --> Fetching Sections details
INFO - 2020-04-29 02:34:23 --> Controller "App\Controllers\SubjectMasters" loaded.
INFO - 2020-04-29 02:34:23 --> Fetching SubjectMasters details
INFO - 2020-04-29 02:34:23 --> Controller "App\Controllers\Sections" loaded.
INFO - 2020-04-29 02:34:23 --> Fetching Sections details
INFO - 2020-04-29 02:35:07 --> Controller "App\Controllers\SubjectMasters" loaded.
INFO - 2020-04-29 02:35:07 --> Fetching SubjectMasters details
INFO - 2020-04-29 02:35:07 --> Controller "App\Controllers\Sections" loaded.
INFO - 2020-04-29 02:35:07 --> Fetching Sections details
INFO - 2020-04-29 02:46:03 --> Controller "App\Controllers\SubjectMasters" loaded.
INFO - 2020-04-29 02:46:03 --> Controller "App\Controllers\Sections" loaded.
INFO - 2020-04-29 02:46:03 --> Fetching SubjectMasters details
INFO - 2020-04-29 02:46:03 --> Fetching Sections details
INFO - 2020-04-29 02:46:08 --> Controller "App\Controllers\SubjectStandards" loaded.
INFO - 2020-04-29 02:46:08 --> Fetching Subjects details
INFO - 2020-04-29 02:49:18 --> Controller "App\Controllers\SubjectMasters" loaded.
INFO - 2020-04-29 02:49:18 --> Fetching SubjectMasters details
INFO - 2020-04-29 02:49:18 --> Controller "App\Controllers\Sections" loaded.
INFO - 2020-04-29 02:49:18 --> Fetching Sections details
INFO - 2020-04-29 02:55:18 --> Controller "App\Controllers\SubjectMasters" loaded.
INFO - 2020-04-29 02:55:18 --> Controller "App\Controllers\Sections" loaded.
INFO - 2020-04-29 02:55:18 --> Fetching SubjectMasters details
INFO - 2020-04-29 02:55:18 --> Fetching Sections details
INFO - 2020-04-29 02:55:27 --> Controller "App\Controllers\SubjectMasters" loaded.
INFO - 2020-04-29 02:55:27 --> Fetching SubjectMasters details
INFO - 2020-04-29 02:55:28 --> Controller "App\Controllers\Sections" loaded.
INFO - 2020-04-29 02:55:28 --> Fetching Sections details
INFO - 2020-04-29 02:59:08 --> Controller "App\Controllers\SubjectMasters" loaded.
INFO - 2020-04-29 02:59:08 --> Fetching SubjectMasters details
INFO - 2020-04-29 02:59:08 --> Controller "App\Controllers\Sections" loaded.
INFO - 2020-04-29 02:59:08 --> Fetching Sections details
INFO - 2020-04-29 03:02:26 --> Controller "App\Controllers\SubjectMasters" loaded.
INFO - 2020-04-29 03:02:26 --> Fetching SubjectMasters details
INFO - 2020-04-29 03:02:26 --> Controller "App\Controllers\Sections" loaded.
INFO - 2020-04-29 03:02:26 --> Fetching Sections details
INFO - 2020-04-29 03:03:31 --> Controller "App\Controllers\SubjectMasters" loaded.
INFO - 2020-04-29 03:03:31 --> Controller "App\Controllers\Sections" loaded.
INFO - 2020-04-29 03:03:31 --> Fetching SubjectMasters details
INFO - 2020-04-29 03:03:31 --> Fetching Sections details
INFO - 2020-04-29 03:10:44 --> Controller "App\Controllers\SubjectMasters" loaded.
INFO - 2020-04-29 03:10:44 --> Fetching SubjectMasters details
INFO - 2020-04-29 03:10:44 --> Controller "App\Controllers\Sections" loaded.
INFO - 2020-04-29 03:10:44 --> Fetching Sections details
INFO - 2020-04-29 03:11:46 --> Controller "App\Controllers\SubjectMasters" loaded.
INFO - 2020-04-29 03:11:46 --> Fetching SubjectMasters details
INFO - 2020-04-29 03:11:46 --> Controller "App\Controllers\Sections" loaded.
INFO - 2020-04-29 03:11:46 --> Fetching Sections details
INFO - 2020-04-29 03:15:00 --> Controller "App\Controllers\SubjectMasters" loaded.
INFO - 2020-04-29 03:15:00 --> Fetching SubjectMasters details
INFO - 2020-04-29 03:15:00 --> Controller "App\Controllers\Sections" loaded.
INFO - 2020-04-29 03:15:00 --> Fetching Sections details
INFO - 2020-04-29 03:17:55 --> Controller "App\Controllers\SubjectMasters" loaded.
INFO - 2020-04-29 03:17:55 --> Fetching SubjectMasters details
INFO - 2020-04-29 03:17:55 --> Controller "App\Controllers\Sections" loaded.
INFO - 2020-04-29 03:17:55 --> Fetching Sections details
INFO - 2020-04-29 03:19:15 --> Controller "App\Controllers\SubjectMasters" loaded.
INFO - 2020-04-29 03:19:15 --> Fetching SubjectMasters details
INFO - 2020-04-29 03:19:15 --> Controller "App\Controllers\Sections" loaded.
INFO - 2020-04-29 03:19:15 --> Fetching Sections details
INFO - 2020-04-29 03:19:31 --> Controller "App\Controllers\StudentRouteMappings" loaded.
INFO - 2020-04-29 03:19:31 --> Fetching RouteStudents details
INFO - 2020-04-29 03:21:22 --> Controller "App\Controllers\SubjectMasters" loaded.
INFO - 2020-04-29 03:21:22 --> Fetching SubjectMasters details
INFO - 2020-04-29 03:21:22 --> Controller "App\Controllers\Sections" loaded.
INFO - 2020-04-29 03:21:22 --> Fetching Sections details
INFO - 2020-04-29 03:21:52 --> Controller "App\Controllers\SubjectMasters" loaded.
INFO - 2020-04-29 03:23:53 --> Controller "App\Controllers\SubjectMasters" loaded.
INFO - 2020-04-29 03:24:45 --> Controller "App\Controllers\SubjectMasters" loaded.
INFO - 2020-04-29 03:24:45 --> Fetching SubjectMasters details
INFO - 2020-04-29 03:24:45 --> Controller "App\Controllers\Sections" loaded.
INFO - 2020-04-29 03:24:45 --> Fetching Sections details
INFO - 2020-04-29 03:24:57 --> Controller "App\Controllers\SubjectMasters" loaded.
INFO - 2020-04-29 03:27:51 --> Controller "App\Controllers\SubjectMasters" loaded.
INFO - 2020-04-29 03:27:51 --> Fetching SubjectMasters details
INFO - 2020-04-29 03:27:51 --> Controller "App\Controllers\Sections" loaded.
INFO - 2020-04-29 03:27:51 --> Fetching Sections details
INFO - 2020-04-29 03:27:56 --> Controller "App\Controllers\SubjectMasters" loaded.
INFO - 2020-04-29 03:27:59 --> Controller "App\Controllers\SubjectMasters" loaded.
INFO - 2020-04-29 03:28:33 --> Controller "App\Controllers\SubjectMasters" loaded.
INFO - 2020-04-29 03:31:15 --> Controller "App\Controllers\SubjectMasters" loaded.
INFO - 2020-04-29 03:32:51 --> Controller "App\Controllers\SubjectMasters" loaded.
INFO - 2020-04-29 03:32:51 --> Updating SubjectMasters details
INFO - 2020-04-29 03:32:59 --> Controller "App\Controllers\SubjectMasters" loaded.
INFO - 2020-04-29 03:32:59 --> Updating SubjectMasters details
INFO - 2020-04-29 03:34:14 --> Controller "App\Controllers\SubjectMasters" loaded.
INFO - 2020-04-29 03:34:14 --> Fetching SubjectMasters details
INFO - 2020-04-29 03:34:15 --> Controller "App\Controllers\Sections" loaded.
INFO - 2020-04-29 03:34:15 --> Fetching Sections details
INFO - 2020-04-29 03:34:19 --> Controller "App\Controllers\SubjectMasters" loaded.
INFO - 2020-04-29 03:34:22 --> Controller "App\Controllers\SubjectMasters" loaded.
INFO - 2020-04-29 03:34:23 --> Controller "App\Controllers\SubjectMasters" loaded.
INFO - 2020-04-29 03:36:01 --> Controller "App\Controllers\SubjectMasters" loaded.
INFO - 2020-04-29 03:36:01 --> Fetching SubjectMasters details
INFO - 2020-04-29 03:36:01 --> Controller "App\Controllers\Sections" loaded.
INFO - 2020-04-29 03:36:01 --> Fetching Sections details
INFO - 2020-04-29 03:36:07 --> Controller "App\Controllers\SubjectMasters" loaded.
INFO - 2020-04-29 03:36:10 --> Controller "App\Controllers\SubjectMasters" loaded.
INFO - 2020-04-29 03:36:10 --> Controller "App\Controllers\SubjectMasters" loaded.
INFO - 2020-04-29 03:36:36 --> Controller "App\Controllers\SubjectMasters" loaded.
INFO - 2020-04-29 03:36:37 --> Controller "App\Controllers\SubjectMasters" loaded.
INFO - 2020-04-29 03:37:44 --> Controller "App\Controllers\SubjectMasters" loaded.
INFO - 2020-04-29 03:37:44 --> Fetching SubjectMasters details
INFO - 2020-04-29 03:37:44 --> Controller "App\Controllers\Sections" loaded.
INFO - 2020-04-29 03:37:44 --> Fetching Sections details
INFO - 2020-04-29 03:37:56 --> Controller "App\Controllers\SubjectMasters" loaded.
INFO - 2020-04-29 03:39:28 --> Controller "App\Controllers\SubjectMasters" loaded.
INFO - 2020-04-29 03:39:28 --> Updating SubjectMasters details
INFO - 2020-04-29 03:55:17 --> Controller "App\Controllers\SubjectMasters" loaded.
INFO - 2020-04-29 03:57:51 --> Controller "App\Controllers\SubjectMasters" loaded.
INFO - 2020-04-29 03:57:51 --> Fetching SubjectMasters details
INFO - 2020-04-29 03:57:51 --> Controller "App\Controllers\Sections" loaded.
INFO - 2020-04-29 03:57:51 --> Fetching Sections details
INFO - 2020-04-29 03:58:02 --> Controller "App\Controllers\SubjectMasters" loaded.
INFO - 2020-04-29 03:58:02 --> Updating SubjectMasters details
INFO - 2020-04-29 03:58:04 --> Controller "App\Controllers\SubjectMasters" loaded.
INFO - 2020-04-29 03:58:04 --> Fetching SubjectMasters details
INFO - 2020-04-29 04:00:40 --> Controller "App\Controllers\SubjectMasters" loaded.
INFO - 2020-04-29 04:00:40 --> Fetching SubjectMasters details
INFO - 2020-04-29 04:00:40 --> Controller "App\Controllers\Sections" loaded.
INFO - 2020-04-29 04:00:40 --> Fetching Sections details
INFO - 2020-04-29 04:00:48 --> Controller "App\Controllers\SubjectMasters" loaded.
INFO - 2020-04-29 04:00:48 --> Deleting SubjectMasters details
INFO - 2020-04-29 04:00:49 --> Controller "App\Controllers\SubjectStandards" loaded.
INFO - 2020-04-29 04:00:49 --> Fetching Subjects details
INFO - 2020-04-29 04:02:29 --> Controller "App\Controllers\Sections" loaded.
INFO - 2020-04-29 04:02:29 --> Controller "App\Controllers\SubjectMasters" loaded.
INFO - 2020-04-29 04:02:29 --> Fetching SubjectMasters details
INFO - 2020-04-29 04:02:29 --> Fetching Sections details
INFO - 2020-04-29 04:02:58 --> Controller "App\Controllers\SubjectMasters" loaded.
INFO - 2020-04-29 04:02:58 --> Deleting SubjectMasters details
INFO - 2020-04-29 04:03:01 --> Controller "App\Controllers\SubjectMasters" loaded.
INFO - 2020-04-29 04:03:01 --> Fetching SubjectMasters details
INFO - 2020-04-29 04:03:29 --> Controller "App\Controllers\SubjectMasters" loaded.
INFO - 2020-04-29 04:03:29 --> Fetching SubjectMasters details
INFO - 2020-04-29 04:03:30 --> Controller "App\Controllers\Sections" loaded.
INFO - 2020-04-29 04:03:30 --> Fetching Sections details
INFO - 2020-04-29 04:03:34 --> Controller "App\Controllers\SubjectMasters" loaded.
INFO - 2020-04-29 04:03:34 --> Deleting SubjectMasters details
INFO - 2020-04-29 04:03:37 --> Controller "App\Controllers\SubjectMasters" loaded.
INFO - 2020-04-29 04:03:37 --> Fetching SubjectMasters details
INFO - 2020-04-29 04:04:19 --> Controller "App\Controllers\SubjectMasters" loaded.
INFO - 2020-04-29 04:04:19 --> Fetching SubjectMasters details
INFO - 2020-04-29 04:04:19 --> Controller "App\Controllers\Sections" loaded.
INFO - 2020-04-29 04:04:19 --> Fetching Sections details
INFO - 2020-04-29 04:04:31 --> Controller "App\Controllers\SubjectMasters" loaded.
INFO - 2020-04-29 04:04:31 --> Deleting SubjectMasters details
INFO - 2020-04-29 04:04:33 --> Controller "App\Controllers\SubjectMasters" loaded.
INFO - 2020-04-29 04:04:33 --> Fetching SubjectMasters details
INFO - 2020-04-29 04:04:42 --> Controller "App\Controllers\SubjectMasters" loaded.
INFO - 2020-04-29 04:05:22 --> Controller "App\Controllers\SubjectMasters" loaded.
INFO - 2020-04-29 04:05:22 --> Fetching SubjectMasters details
INFO - 2020-04-29 04:05:22 --> Controller "App\Controllers\Sections" loaded.
INFO - 2020-04-29 04:05:22 --> Fetching Sections details
INFO - 2020-04-29 04:05:41 --> Controller "App\Controllers\SubjectMasters" loaded.
INFO - 2020-04-29 04:05:41 --> Deleting SubjectMasters details
INFO - 2020-04-29 04:05:57 --> Controller "App\Controllers\SubjectMasters" loaded.
INFO - 2020-04-29 04:05:57 --> Fetching SubjectMasters details
INFO - 2020-04-29 04:06:08 --> Controller "App\Controllers\SubjectMasters" loaded.
INFO - 2020-04-29 04:06:08 --> Fetching SubjectMasters details
INFO - 2020-04-29 04:06:08 --> Controller "App\Controllers\Sections" loaded.
INFO - 2020-04-29 04:06:08 --> Fetching Sections details
INFO - 2020-04-29 04:10:55 --> Controller "App\Controllers\Users" loaded.
INFO - 2020-04-29 04:10:55 --> Fetching Users details
INFO - 2020-04-29 04:11:01 --> Controller "App\Controllers\Users" loaded.
INFO - 2020-04-29 04:11:01 --> Fetching Users details
INFO - 2020-04-29 04:11:08 --> Controller "App\Controllers\Sections" loaded.
INFO - 2020-04-29 04:11:08 --> Fetching Sections details
INFO - 2020-04-29 04:11:09 --> Controller "App\Controllers\SubjectMasters" loaded.
INFO - 2020-04-29 04:11:09 --> Fetching SubjectMasters details
INFO - 2020-04-29 04:12:22 --> Controller "App\Controllers\Sections" loaded.
INFO - 2020-04-29 04:12:22 --> Controller "App\Controllers\SubjectMasters" loaded.
INFO - 2020-04-29 04:12:22 --> Fetching SubjectMasters details
INFO - 2020-04-29 04:12:22 --> Fetching Sections details
INFO - 2020-04-29 04:12:42 --> Controller "App\Controllers\SubjectMasters" loaded.
INFO - 2020-04-29 04:12:42 --> Updating SubjectMasters details
INFO - 2020-04-29 04:12:44 --> Controller "App\Controllers\SubjectMasters" loaded.
INFO - 2020-04-29 04:12:44 --> Fetching SubjectMasters details
INFO - 2020-04-29 04:12:52 --> Controller "App\Controllers\SubjectMasters" loaded.
INFO - 2020-04-29 04:12:52 --> Deleting SubjectMasters details
INFO - 2020-04-29 04:12:54 --> Controller "App\Controllers\SubjectMasters" loaded.
INFO - 2020-04-29 04:12:54 --> Fetching SubjectMasters details
INFO - 2020-04-29 04:16:31 --> Controller "App\Controllers\SubjectMasters" loaded.
INFO - 2020-04-29 04:16:31 --> Fetching SubjectMasters details
INFO - 2020-04-29 04:16:31 --> Controller "App\Controllers\Sections" loaded.
INFO - 2020-04-29 04:16:31 --> Fetching Sections details
INFO - 2020-04-29 04:17:22 --> Controller "App\Controllers\SubjectMasters" loaded.
INFO - 2020-04-29 04:17:22 --> Deleting SubjectMasters details
INFO - 2020-04-29 04:17:26 --> Controller "App\Controllers\SubjectMasters" loaded.
INFO - 2020-04-29 04:17:27 --> Controller "App\Controllers\SubjectMasters" loaded.
INFO - 2020-04-29 04:17:27 --> Fetching SubjectMasters details
INFO - 2020-04-29 04:17:28 --> Controller "App\Controllers\SubjectMasters" loaded.
INFO - 2020-04-29 04:17:37 --> Controller "App\Controllers\SubjectMasters" loaded.
INFO - 2020-04-29 04:17:37 --> Fetching SubjectMasters details
INFO - 2020-04-29 04:17:37 --> Controller "App\Controllers\Sections" loaded.
INFO - 2020-04-29 04:17:37 --> Fetching Sections details
INFO - 2020-04-29 04:17:51 --> Controller "App\Controllers\SubjectMasters" loaded.
INFO - 2020-04-29 04:17:56 --> Controller "App\Controllers\SubjectMasters" loaded.
INFO - 2020-04-29 04:17:56 --> Fetching SubjectMasters details
INFO - 2020-04-29 04:17:56 --> Controller "App\Controllers\Sections" loaded.
INFO - 2020-04-29 04:17:57 --> Fetching Sections details
INFO - 2020-04-29 04:18:11 --> Controller "App\Controllers\SubjectMasters" loaded.
INFO - 2020-04-29 04:18:11 --> Inserting SubjectMasters details
INFO - 2020-04-29 04:18:11 --> Controller "App\Controllers\SubjectMasters" loaded.
INFO - 2020-04-29 04:18:11 --> Fetching SubjectMasters details
INFO - 2020-04-29 04:18:28 --> Controller "App\Controllers\SubjectMasters" loaded.
INFO - 2020-04-29 04:18:28 --> Controller "App\Controllers\Sections" loaded.
INFO - 2020-04-29 04:18:28 --> Fetching SubjectMasters details
INFO - 2020-04-29 04:18:28 --> Fetching Sections details
INFO - 2020-04-29 04:20:29 --> Controller "App\Controllers\SubjectMasters" loaded.
INFO - 2020-04-29 04:20:29 --> Fetching SubjectMasters details
INFO - 2020-04-29 04:21:28 --> Controller "App\Controllers\StudentRouteMappings" loaded.
INFO - 2020-04-29 04:21:28 --> Fetching RouteStudents details
INFO - 2020-04-29 04:23:05 --> Controller "App\Controllers\SubjectMasters" loaded.
INFO - 2020-04-29 04:23:05 --> Deleting SubjectMasters details
INFO - 2020-04-29 04:23:07 --> Controller "App\Controllers\SubjectMasters" loaded.
INFO - 2020-04-29 04:23:07 --> Fetching SubjectMasters details
INFO - 2020-04-29 04:23:10 --> Controller "App\Controllers\SubjectMasters" loaded.
INFO - 2020-04-29 04:23:10 --> Deleting SubjectMasters details
INFO - 2020-04-29 04:23:12 --> Controller "App\Controllers\SubjectMasters" loaded.
INFO - 2020-04-29 04:23:12 --> Fetching SubjectMasters details
INFO - 2020-04-29 04:23:33 --> Controller "App\Controllers\Sections" loaded.
INFO - 2020-04-29 04:23:33 --> Fetching Sections details
INFO - 2020-04-29 04:23:33 --> Controller "App\Controllers\SubjectMasters" loaded.
INFO - 2020-04-29 04:23:33 --> Fetching SubjectMasters details
INFO - 2020-04-29 04:23:35 --> Controller "App\Controllers\SubjectMasters" loaded.
INFO - 2020-04-29 04:23:35 --> Fetching SubjectMasters details
INFO - 2020-04-29 04:24:41 --> Controller "App\Controllers\SubjectMasters" loaded.
INFO - 2020-04-29 04:24:41 --> Inserting SubjectMasters details
INFO - 2020-04-29 04:24:41 --> Controller "App\Controllers\SubjectMasters" loaded.
INFO - 2020-04-29 04:24:41 --> Fetching SubjectMasters details
INFO - 2020-04-29 04:25:09 --> Controller "App\Controllers\Sections" loaded.
INFO - 2020-04-29 04:25:09 --> Fetching Sections details
INFO - 2020-04-29 04:25:09 --> Controller "App\Controllers\SubjectMasters" loaded.
INFO - 2020-04-29 04:25:09 --> Fetching SubjectMasters details
INFO - 2020-04-29 04:31:54 --> Controller "App\Controllers\SubjectMasters" loaded.
INFO - 2020-04-29 04:31:54 --> Controller "App\Controllers\Sections" loaded.
INFO - 2020-04-29 04:31:54 --> Fetching SubjectMasters details
INFO - 2020-04-29 04:31:54 --> Fetching Sections details
INFO - 2020-04-29 04:32:15 --> Controller "App\Controllers\SubjectMasters" loaded.
INFO - 2020-04-29 04:32:15 --> Controller "App\Controllers\Sections" loaded.
INFO - 2020-04-29 04:32:15 --> Fetching SubjectMasters details
INFO - 2020-04-29 04:32:15 --> Fetching Sections details
INFO - 2020-04-29 04:32:25 --> Controller "App\Controllers\SubjectMasters" loaded.
INFO - 2020-04-29 04:32:25 --> Fetching SubjectMasters details
INFO - 2020-04-29 04:32:25 --> Controller "App\Controllers\Sections" loaded.
INFO - 2020-04-29 04:32:25 --> Fetching Sections details
INFO - 2020-04-29 04:34:12 --> Controller "App\Controllers\SubjectMasters" loaded.
INFO - 2020-04-29 04:34:12 --> Fetching SubjectMasters details
INFO - 2020-04-29 04:34:12 --> Controller "App\Controllers\Sections" loaded.
INFO - 2020-04-29 04:34:12 --> Fetching Sections details
INFO - 2020-04-29 04:34:23 --> Controller "App\Controllers\SubjectMasters" loaded.
INFO - 2020-04-29 04:34:23 --> Deleting SubjectMasters details
INFO - 2020-04-29 04:34:23 --> Controller "App\Controllers\SubjectMasters" loaded.
INFO - 2020-04-29 04:34:23 --> Deleting SubjectMasters details
INFO - 2020-04-29 04:34:25 --> Controller "App\Controllers\SubjectMasters" loaded.
INFO - 2020-04-29 04:34:25 --> Fetching SubjectMasters details
INFO - 2020-04-29 04:34:26 --> Controller "App\Controllers\SubjectMasters" loaded.
INFO - 2020-04-29 04:34:26 --> Fetching SubjectMasters details
INFO - 2020-04-29 04:34:37 --> Controller "App\Controllers\SubjectMasters" loaded.
INFO - 2020-04-29 04:34:37 --> Deleting SubjectMasters details
INFO - 2020-04-29 04:34:40 --> Controller "App\Controllers\SubjectMasters" loaded.
INFO - 2020-04-29 04:34:40 --> Fetching SubjectMasters details
INFO - 2020-04-29 04:36:30 --> Controller "App\Controllers\SubjectMasters" loaded.
INFO - 2020-04-29 04:36:30 --> Fetching SubjectMasters details
INFO - 2020-04-29 04:36:30 --> Controller "App\Controllers\Sections" loaded.
INFO - 2020-04-29 04:36:30 --> Fetching Sections details
INFO - 2020-04-29 04:37:31 --> Controller "App\Controllers\SubjectMasters" loaded.
INFO - 2020-04-29 04:37:31 --> Fetching SubjectMasters details
INFO - 2020-04-29 04:37:31 --> Controller "App\Controllers\Sections" loaded.
INFO - 2020-04-29 04:37:31 --> Fetching Sections details
INFO - 2020-04-29 04:50:36 --> Controller "App\Controllers\SubjectMasters" loaded.
INFO - 2020-04-29 04:50:36 --> Controller "App\Controllers\Sections" loaded.
INFO - 2020-04-29 04:50:36 --> Fetching SubjectMasters details
INFO - 2020-04-29 04:50:36 --> Fetching Sections details
INFO - 2020-04-29 04:51:26 --> Controller "App\Controllers\SubjectMasters" loaded.
INFO - 2020-04-29 04:51:26 --> Updating SubjectMasters details
INFO - 2020-04-29 04:51:29 --> Controller "App\Controllers\SubjectMasters" loaded.
INFO - 2020-04-29 04:51:29 --> Fetching SubjectMasters details
INFO - 2020-04-29 04:52:41 --> Controller "App\Controllers\SubjectStandards" loaded.
INFO - 2020-04-29 04:52:41 --> Fetching Subjects details
INFO - 2020-04-29 04:53:00 --> Controller "App\Controllers\SubjectStandards" loaded.
INFO - 2020-04-29 04:53:00 --> Fetching Subjects details
INFO - 2020-04-29 04:53:05 --> Controller "App\Controllers\SubjectStandards" loaded.
INFO - 2020-04-29 04:53:05 --> Fetching Subjects details
INFO - 2020-04-29 04:53:12 --> Controller "App\Controllers\SubjectStandards" loaded.
INFO - 2020-04-29 04:53:12 --> Fetching Subjects details
INFO - 2020-04-29 04:58:06 --> Controller "App\Controllers\FeesMasters" loaded.
INFO - 2020-04-29 04:58:06 --> Fetching FeeMaster details
INFO - 2020-04-29 04:58:16 --> Controller "App\Controllers\Boards" loaded.
INFO - 2020-04-29 04:58:16 --> Fetching Boards details
INFO - 2020-04-29 04:58:16 --> Controller "App\Controllers\Institutions" loaded.
INFO - 2020-04-29 04:58:16 --> Fetching Institution details
INFO - 2020-04-29 04:58:20 --> Controller "App\Controllers\Sections" loaded.
INFO - 2020-04-29 04:58:20 --> Fetching Sections details
INFO - 2020-04-29 04:58:23 --> Controller "App\Controllers\Sections" loaded.
INFO - 2020-04-29 04:58:23 --> Fetching Sections details
INFO - 2020-04-29 04:58:30 --> Controller "App\Controllers\Standards" loaded.
INFO - 2020-04-29 04:58:30 --> Fetching Standards Section details
INFO - 2020-04-29 04:58:30 --> Controller "App\Controllers\SubjectMasters" loaded.
INFO - 2020-04-29 04:58:30 --> Fetching SubjectMasters details
INFO - 2020-04-29 05:05:37 --> Controller "App\Controllers\SubjectMasters" loaded.
INFO - 2020-04-29 05:05:37 --> Fetching SubjectMasters details
INFO - 2020-04-29 05:05:37 --> Controller "App\Controllers\Sections" loaded.
INFO - 2020-04-29 05:05:37 --> Fetching Sections details
INFO - 2020-04-29 05:06:41 --> Controller "App\Controllers\SubjectMasters" loaded.
INFO - 2020-04-29 05:06:41 --> Controller "App\Controllers\Sections" loaded.
INFO - 2020-04-29 05:06:41 --> Fetching SubjectMasters details
INFO - 2020-04-29 05:06:41 --> Fetching Sections details
INFO - 2020-04-29 05:07:22 --> Controller "App\Controllers\SubjectMasters" loaded.
INFO - 2020-04-29 05:07:22 --> Fetching SubjectMasters details
INFO - 2020-04-29 05:07:22 --> Controller "App\Controllers\Sections" loaded.
INFO - 2020-04-29 05:07:22 --> Fetching Sections details
INFO - 2020-04-29 05:14:28 --> Controller "App\Controllers\SubjectMasters" loaded.
INFO - 2020-04-29 05:14:28 --> Fetching SubjectMasters details
INFO - 2020-04-29 05:14:28 --> Controller "App\Controllers\Sections" loaded.
INFO - 2020-04-29 05:14:28 --> Fetching Sections details
INFO - 2020-04-29 05:15:29 --> Controller "App\Controllers\SubjectMasters" loaded.
INFO - 2020-04-29 05:15:29 --> Fetching SubjectMasters details
INFO - 2020-04-29 05:15:29 --> Controller "App\Controllers\Sections" loaded.
INFO - 2020-04-29 05:15:29 --> Fetching Sections details
INFO - 2020-04-29 05:15:53 --> Controller "App\Controllers\SubjectMasters" loaded.
INFO - 2020-04-29 05:15:53 --> Fetching SubjectMasters details
INFO - 2020-04-29 05:15:53 --> Controller "App\Controllers\Sections" loaded.
INFO - 2020-04-29 05:15:53 --> Fetching Sections details
INFO - 2020-04-29 05:17:08 --> Controller "App\Controllers\SubjectMasters" loaded.
INFO - 2020-04-29 05:17:08 --> Fetching SubjectMasters details
INFO - 2020-04-29 05:17:08 --> Controller "App\Controllers\Sections" loaded.
INFO - 2020-04-29 05:17:08 --> Fetching Sections details
INFO - 2020-04-29 05:17:30 --> Controller "App\Controllers\SubjectMasters" loaded.
INFO - 2020-04-29 05:17:30 --> Controller "App\Controllers\Sections" loaded.
INFO - 2020-04-29 05:17:30 --> Fetching SubjectMasters details
INFO - 2020-04-29 05:17:30 --> Fetching Sections details
INFO - 2020-04-29 05:22:55 --> Controller "App\Controllers\SubjectMasters" loaded.
INFO - 2020-04-29 05:22:55 --> Fetching SubjectMasters details
INFO - 2020-04-29 05:22:55 --> Controller "App\Controllers\Sections" loaded.
INFO - 2020-04-29 05:22:55 --> Fetching Sections details
INFO - 2020-04-29 05:25:11 --> Controller "App\Controllers\SubjectMasters" loaded.
INFO - 2020-04-29 05:25:11 --> Fetching SubjectMasters details
INFO - 2020-04-29 05:25:11 --> Controller "App\Controllers\Sections" loaded.
INFO - 2020-04-29 05:25:11 --> Fetching Sections details
INFO - 2020-04-29 05:27:07 --> Controller "App\Controllers\SubjectMasters" loaded.
INFO - 2020-04-29 05:27:07 --> Fetching SubjectMasters details
INFO - 2020-04-29 05:27:07 --> Controller "App\Controllers\Sections" loaded.
INFO - 2020-04-29 05:27:07 --> Fetching Sections details
INFO - 2020-04-29 05:29:56 --> Controller "App\Controllers\SubjectMasters" loaded.
INFO - 2020-04-29 05:29:56 --> Fetching SubjectMasters details
INFO - 2020-04-29 05:29:57 --> Controller "App\Controllers\Sections" loaded.
INFO - 2020-04-29 05:29:57 --> Fetching Sections details
INFO - 2020-04-29 05:30:46 --> Controller "App\Controllers\SubjectMasters" loaded.
INFO - 2020-04-29 05:30:46 --> Fetching SubjectMasters details
INFO - 2020-04-29 05:30:46 --> Controller "App\Controllers\Sections" loaded.
INFO - 2020-04-29 05:30:46 --> Fetching Sections details
INFO - 2020-04-29 05:33:06 --> Controller "App\Controllers\SubjectMasters" loaded.
INFO - 2020-04-29 05:33:06 --> Fetching SubjectMasters details
INFO - 2020-04-29 05:33:06 --> Controller "App\Controllers\Sections" loaded.
INFO - 2020-04-29 05:33:06 --> Fetching Sections details
INFO - 2020-04-29 05:35:07 --> Controller "App\Controllers\SubjectStandards" loaded.
INFO - 2020-04-29 05:35:07 --> Fetching Subjects details
INFO - 2020-04-29 05:35:57 --> Controller "App\Controllers\SubjectStandards" loaded.
INFO - 2020-04-29 05:35:57 --> Fetching Subjects details
INFO - 2020-04-29 05:36:42 --> Controller "App\Controllers\SubjectStandards" loaded.
INFO - 2020-04-29 05:36:42 --> Fetching Subjects details
INFO - 2020-04-29 05:36:56 --> Controller "App\Controllers\SubjectStandards" loaded.
INFO - 2020-04-29 05:36:56 --> Fetching Subjects details
INFO - 2020-04-29 05:38:11 --> Controller "App\Controllers\SubjectMasters" loaded.
INFO - 2020-04-29 05:38:11 --> Fetching SubjectMasters details
INFO - 2020-04-29 05:38:11 --> Controller "App\Controllers\Sections" loaded.
INFO - 2020-04-29 05:38:11 --> Fetching Sections details
INFO - 2020-04-29 05:40:21 --> Controller "App\Controllers\RouteMasters" loaded.
INFO - 2020-04-29 05:40:21 --> Fetching Route Master details
INFO - 2020-04-29 05:54:53 --> Controller "App\Controllers\SubjectMasters" loaded.
INFO - 2020-04-29 05:54:53 --> Fetching SubjectMasters details
INFO - 2020-04-29 05:54:53 --> Controller "App\Controllers\Sections" loaded.
INFO - 2020-04-29 05:54:53 --> Fetching Sections details
INFO - 2020-04-29 05:54:53 --> Controller "App\Controllers\RouteMasters" loaded.
INFO - 2020-04-29 05:54:53 --> Fetching Route Master details
INFO - 2020-04-29 05:57:58 --> Controller "App\Controllers\SubjectStandards" loaded.
INFO - 2020-04-29 05:57:58 --> Fetching Subjects details
INFO - 2020-04-29 05:59:53 --> Controller "App\Controllers\SubjectStandards" loaded.
INFO - 2020-04-29 05:59:53 --> Fetching Subjects details
INFO - 2020-04-29 06:00:19 --> Controller "App\Controllers\SubjectStandards" loaded.
INFO - 2020-04-29 06:00:19 --> Fetching Subjects details
INFO - 2020-04-29 06:05:27 --> Controller "App\Controllers\MessageCenter" loaded.
INFO - 2020-04-29 06:05:27 --> Fetching MessageCenter details
INFO - 2020-04-29 06:08:05 --> Controller "App\Controllers\SubjectStandards" loaded.
INFO - 2020-04-29 06:08:05 --> Fetching Subjects details
INFO - 2020-04-29 06:08:17 --> Controller "App\Controllers\SubjectMasters" loaded.
INFO - 2020-04-29 06:08:17 --> Fetching SubjectMasters details
INFO - 2020-04-29 06:08:17 --> Controller "App\Controllers\Sections" loaded.
INFO - 2020-04-29 06:08:17 --> Fetching Sections details
INFO - 2020-04-29 06:08:17 --> Controller "App\Controllers\RouteMasters" loaded.
INFO - 2020-04-29 06:08:17 --> Fetching Route Master details
INFO - 2020-04-29 06:11:54 --> Controller "App\Controllers\SubjectMasters" loaded.
INFO - 2020-04-29 06:11:54 --> Fetching SubjectMasters details
INFO - 2020-04-29 06:13:52 --> Controller "App\Controllers\SubjectMasters" loaded.
INFO - 2020-04-29 06:13:52 --> Fetching SubjectMasters details
INFO - 2020-04-29 06:13:52 --> Controller "App\Controllers\Sections" loaded.
INFO - 2020-04-29 06:13:52 --> Fetching Sections details
INFO - 2020-04-29 06:14:00 --> Controller "App\Controllers\SubjectMasters" loaded.
INFO - 2020-04-29 06:14:00 --> Fetching SubjectMasters details
INFO - 2020-04-29 06:14:00 --> Controller "App\Controllers\Sections" loaded.
INFO - 2020-04-29 06:14:00 --> Fetching Sections details
INFO - 2020-04-29 06:14:03 --> Controller "App\Controllers\SubjectStandards" loaded.
INFO - 2020-04-29 06:14:03 --> Fetching Subjects details
INFO - 2020-04-29 06:14:24 --> Controller "App\Controllers\SubjectStandards" loaded.
INFO - 2020-04-29 06:14:24 --> Fetching Subjects details
INFO - 2020-04-29 06:17:24 --> Controller "App\Controllers\SubjectMasters" loaded.
INFO - 2020-04-29 06:17:24 --> Controller "App\Controllers\Sections" loaded.
INFO - 2020-04-29 06:17:24 --> Fetching SubjectMasters details
INFO - 2020-04-29 06:17:24 --> Fetching Sections details
INFO - 2020-04-29 06:23:27 --> Controller "App\Controllers\Standards" loaded.
INFO - 2020-04-29 06:23:27 --> Fetching Standards Section details
INFO - 2020-04-29 06:23:27 --> Controller "App\Controllers\SubjectMasters" loaded.
INFO - 2020-04-29 06:23:27 --> Fetching SubjectMasters details
INFO - 2020-04-29 06:23:40 --> Controller "App\Controllers\SubjectMasters" loaded.
INFO - 2020-04-29 06:23:40 --> Fetching SubjectMasters details
INFO - 2020-04-29 06:23:40 --> Controller "App\Controllers\Sections" loaded.
INFO - 2020-04-29 06:23:40 --> Fetching Sections details
INFO - 2020-04-29 06:25:34 --> Controller "App\Controllers\SubjectStandards" loaded.
INFO - 2020-04-29 06:25:34 --> Fetching Subjects details
INFO - 2020-04-29 06:30:34 --> Controller "App\Controllers\SubjectMasters" loaded.
INFO - 2020-04-29 06:30:34 --> Fetching SubjectMasters details
INFO - 2020-04-29 06:30:34 --> Controller "App\Controllers\Sections" loaded.
INFO - 2020-04-29 06:30:34 --> Fetching Sections details
INFO - 2020-04-29 06:30:34 --> Controller "App\Controllers\RouteMasters" loaded.
INFO - 2020-04-29 06:30:34 --> Fetching Route Master details
INFO - 2020-04-29 06:31:31 --> Controller "App\Controllers\SubjectMasters" loaded.
INFO - 2020-04-29 06:31:31 --> Inserting SubjectMasters details
INFO - 2020-04-29 06:31:32 --> Controller "App\Controllers\SubjectMasters" loaded.
INFO - 2020-04-29 06:31:32 --> Fetching SubjectMasters details
INFO - 2020-04-29 06:32:33 --> Controller "App\Controllers\SubjectMasters" loaded.
INFO - 2020-04-29 06:32:33 --> Fetching SubjectMasters details
INFO - 2020-04-29 06:32:34 --> Controller "App\Controllers\Sections" loaded.
INFO - 2020-04-29 06:32:34 --> Fetching Sections details
INFO - 2020-04-29 06:32:35 --> Controller "App\Controllers\RouteMasters" loaded.
INFO - 2020-04-29 06:32:35 --> Fetching Route Master details
INFO - 2020-04-29 06:48:02 --> Controller "App\Controllers\SubjectStandards" loaded.
INFO - 2020-04-29 06:48:02 --> Fetching Subjects details
INFO - 2020-04-29 06:48:09 --> Controller "App\Controllers\SubjectStandards" loaded.
INFO - 2020-04-29 06:48:09 --> Fetching Subjects details
INFO - 2020-04-29 06:48:12 --> Controller "App\Controllers\SubjectStandards" loaded.
INFO - 2020-04-29 06:48:12 --> Fetching Subjects details
INFO - 2020-04-29 06:53:46 --> Controller "App\Controllers\Sections" loaded.
INFO - 2020-04-29 06:53:46 --> Controller "App\Controllers\SubjectMasters" loaded.
INFO - 2020-04-29 06:53:46 --> Fetching SubjectMasters details
INFO - 2020-04-29 06:53:46 --> Fetching Sections details
INFO - 2020-04-29 06:57:14 --> Controller "App\Controllers\SubjectStandards" loaded.
INFO - 2020-04-29 06:57:14 --> Fetching Subjects details
INFO - 2020-04-29 06:57:37 --> Controller "App\Controllers\SubjectStandards" loaded.
INFO - 2020-04-29 06:57:37 --> Fetching Subjects details
INFO - 2020-04-29 07:04:44 --> Controller "App\Controllers\SubjectStandards" loaded.
INFO - 2020-04-29 07:04:44 --> Fetching Subjects details
INFO - 2020-04-29 07:04:49 --> Controller "App\Controllers\SubjectStandards" loaded.
INFO - 2020-04-29 07:04:49 --> Fetching Subjects details
INFO - 2020-04-29 07:04:57 --> Controller "App\Controllers\SubjectStandards" loaded.
INFO - 2020-04-29 07:04:57 --> Fetching Subjects details
INFO - 2020-04-29 07:05:11 --> Controller "App\Controllers\SubjectStandards" loaded.
INFO - 2020-04-29 07:05:11 --> Fetching Subjects details
INFO - 2020-04-29 07:06:09 --> Controller "App\Controllers\SubjectStandards" loaded.
INFO - 2020-04-29 07:06:09 --> Fetching Subjects details
INFO - 2020-04-29 07:06:15 --> Controller "App\Controllers\SubjectStandards" loaded.
INFO - 2020-04-29 07:06:15 --> Fetching Subjects details
INFO - 2020-04-29 07:10:48 --> Controller "App\Controllers\SubjectMasters" loaded.
INFO - 2020-04-29 07:10:48 --> Fetching SubjectMasters details
INFO - 2020-04-29 07:10:48 --> Controller "App\Controllers\Sections" loaded.
INFO - 2020-04-29 07:10:48 --> Fetching Sections details
INFO - 2020-04-29 07:10:53 --> Controller "App\Controllers\RouteMasters" loaded.
INFO - 2020-04-29 07:10:53 --> Fetching Route Master details
INFO - 2020-04-29 07:13:08 --> Controller "App\Controllers\SubjectMasters" loaded.
INFO - 2020-04-29 07:13:08 --> Fetching SubjectMasters details
INFO - 2020-04-29 07:13:09 --> Controller "App\Controllers\RouteMasters" loaded.
INFO - 2020-04-29 07:13:09 --> Fetching Route Master details
INFO - 2020-04-29 07:13:09 --> Controller "App\Controllers\Sections" loaded.
INFO - 2020-04-29 07:13:09 --> Fetching Sections details
INFO - 2020-04-29 07:13:22 --> Controller "App\Controllers\SubjectMasters" loaded.
INFO - 2020-04-29 07:13:22 --> Deleting SubjectMasters details
INFO - 2020-04-29 07:13:25 --> Controller "App\Controllers\SubjectMasters" loaded.
INFO - 2020-04-29 07:13:25 --> Fetching SubjectMasters details
INFO - 2020-04-29 07:13:35 --> Controller "App\Controllers\SubjectMasters" loaded.
INFO - 2020-04-29 07:13:35 --> Deleting SubjectMasters details
INFO - 2020-04-29 07:13:37 --> Controller "App\Controllers\SubjectMasters" loaded.
INFO - 2020-04-29 07:13:37 --> Fetching SubjectMasters details
INFO - 2020-04-29 07:14:22 --> Controller "App\Controllers\SubjectStandards" loaded.
INFO - 2020-04-29 07:14:22 --> Fetching Subjects details
INFO - 2020-04-29 07:14:40 --> Controller "App\Controllers\SubjectStandards" loaded.
INFO - 2020-04-29 07:14:40 --> Fetching Subjects details
INFO - 2020-04-29 07:15:01 --> Controller "App\Controllers\SubjectStandards" loaded.
INFO - 2020-04-29 07:15:01 --> Fetching Subjects details
INFO - 2020-04-29 07:15:06 --> Controller "App\Controllers\SubjectStandards" loaded.
INFO - 2020-04-29 07:15:06 --> Fetching Subjects details
INFO - 2020-04-29 07:15:11 --> Controller "App\Controllers\SubjectStandards" loaded.
INFO - 2020-04-29 07:15:11 --> Fetching Subjects details
INFO - 2020-04-29 07:15:44 --> Controller "App\Controllers\SubjectStandards" loaded.
INFO - 2020-04-29 07:15:44 --> Fetching Subjects details
INFO - 2020-04-29 07:15:57 --> Controller "App\Controllers\SubjectStandards" loaded.
INFO - 2020-04-29 07:15:57 --> Fetching Subjects details
INFO - 2020-04-29 07:16:06 --> Controller "App\Controllers\SubjectStandards" loaded.
INFO - 2020-04-29 07:16:06 --> Fetching Subjects details
INFO - 2020-04-29 07:16:09 --> Controller "App\Controllers\SubjectStandards" loaded.
INFO - 2020-04-29 07:16:09 --> Fetching Subjects details
INFO - 2020-04-29 07:25:18 --> Controller "App\Controllers\SubjectMasters" loaded.
INFO - 2020-04-29 07:25:18 --> Fetching SubjectMasters details
INFO - 2020-04-29 07:30:58 --> Controller "App\Controllers\RouteMasters" loaded.
INFO - 2020-04-29 07:30:58 --> Fetching Route Master details
INFO - 2020-04-29 07:30:59 --> Controller "App\Controllers\SubjectMasters" loaded.
INFO - 2020-04-29 07:30:59 --> Fetching SubjectMasters details
INFO - 2020-04-29 07:30:59 --> Controller "App\Controllers\Sections" loaded.
INFO - 2020-04-29 07:30:59 --> Fetching Sections details
INFO - 2020-04-29 07:34:23 --> Controller "App\Controllers\SubjectStandards" loaded.
INFO - 2020-04-29 07:34:23 --> Fetching Subjects details
INFO - 2020-04-29 07:34:52 --> Controller "App\Controllers\SubjectMasters" loaded.
INFO - 2020-04-29 07:34:52 --> Controller "App\Controllers\Sections" loaded.
INFO - 2020-04-29 07:34:52 --> Fetching SubjectMasters details
INFO - 2020-04-29 07:34:52 --> Fetching Sections details
INFO - 2020-04-29 07:34:53 --> Controller "App\Controllers\SubjectStandards" loaded.
INFO - 2020-04-29 07:34:53 --> Fetching Subjects details
INFO - 2020-04-29 07:34:58 --> Controller "App\Controllers\SubjectStandards" loaded.
INFO - 2020-04-29 07:34:58 --> Fetching Subjects details
INFO - 2020-04-29 07:38:46 --> Controller "App\Controllers\SubjectMasters" loaded.
INFO - 2020-04-29 07:38:46 --> Fetching SubjectMasters details
INFO - 2020-04-29 07:38:46 --> Controller "App\Controllers\Sections" loaded.
INFO - 2020-04-29 07:38:46 --> Fetching Sections details
INFO - 2020-04-29 07:38:46 --> Controller "App\Controllers\RouteMasters" loaded.
INFO - 2020-04-29 07:38:46 --> Fetching Route Master details
INFO - 2020-04-29 07:43:08 --> Controller "App\Controllers\SubjectMasters" loaded.
INFO - 2020-04-29 07:43:08 --> Fetching SubjectMasters details
INFO - 2020-04-29 07:43:08 --> Controller "App\Controllers\Sections" loaded.
INFO - 2020-04-29 07:43:08 --> Fetching Sections details
INFO - 2020-04-29 07:43:08 --> Controller "App\Controllers\RouteMasters" loaded.
INFO - 2020-04-29 07:43:08 --> Fetching Route Master details
INFO - 2020-04-29 07:43:44 --> Controller "App\Controllers\SubjectMasters" loaded.
INFO - 2020-04-29 07:43:44 --> Fetching SubjectMasters details
INFO - 2020-04-29 07:43:53 --> Controller "App\Controllers\Sections" loaded.
INFO - 2020-04-29 07:43:53 --> Controller "App\Controllers\SubjectMasters" loaded.
INFO - 2020-04-29 07:43:53 --> Fetching SubjectMasters details
INFO - 2020-04-29 07:43:53 --> Fetching Sections details
INFO - 2020-04-29 07:43:54 --> Controller "App\Controllers\RouteMasters" loaded.
INFO - 2020-04-29 07:43:54 --> Fetching Route Master details
INFO - 2020-04-29 07:43:58 --> Controller "App\Controllers\SubjectMasters" loaded.
INFO - 2020-04-29 07:43:58 --> Fetching SubjectMasters details
INFO - 2020-04-29 07:44:49 --> Controller "App\Controllers\SubjectMasters" loaded.
INFO - 2020-04-29 07:44:49 --> Fetching SubjectMasters details
INFO - 2020-04-29 07:46:27 --> Controller "App\Controllers\SubjectMasters" loaded.
INFO - 2020-04-29 07:46:27 --> Fetching SubjectMasters details
INFO - 2020-04-29 07:46:27 --> Controller "App\Controllers\Sections" loaded.
INFO - 2020-04-29 07:46:27 --> Fetching Sections details
INFO - 2020-04-29 07:46:29 --> Controller "App\Controllers\RouteMasters" loaded.
INFO - 2020-04-29 07:46:29 --> Fetching Route Master details
INFO - 2020-04-29 07:46:50 --> Controller "App\Controllers\SubjectMasters" loaded.
INFO - 2020-04-29 07:46:50 --> Fetching SubjectMasters details
INFO - 2020-04-29 07:46:53 --> Controller "App\Controllers\SubjectMasters" loaded.
INFO - 2020-04-29 07:46:53 --> Fetching SubjectMasters details
INFO - 2020-04-29 07:47:01 --> Controller "App\Controllers\SubjectMasters" loaded.
INFO - 2020-04-29 07:47:01 --> Deleting SubjectMasters details
INFO - 2020-04-29 07:47:03 --> Controller "App\Controllers\SubjectMasters" loaded.
INFO - 2020-04-29 07:47:03 --> Fetching SubjectMasters details
INFO - 2020-04-29 07:47:11 --> Controller "App\Controllers\SubjectMasters" loaded.
INFO - 2020-04-29 07:47:11 --> Deleting SubjectMasters details
INFO - 2020-04-29 07:47:14 --> Controller "App\Controllers\SubjectMasters" loaded.
INFO - 2020-04-29 07:47:14 --> Fetching SubjectMasters details
INFO - 2020-04-29 07:47:20 --> Controller "App\Controllers\Sections" loaded.
INFO - 2020-04-29 07:47:20 --> Controller "App\Controllers\SubjectMasters" loaded.
INFO - 2020-04-29 07:47:20 --> Fetching SubjectMasters details
INFO - 2020-04-29 07:47:20 --> Fetching Sections details
INFO - 2020-04-29 07:48:09 --> Controller "App\Controllers\SubjectMasters" loaded.
INFO - 2020-04-29 07:48:09 --> Fetching SubjectMasters details
INFO - 2020-04-29 07:48:43 --> Controller "App\Controllers\SubjectStandards" loaded.
INFO - 2020-04-29 07:48:43 --> Fetching Subjects details
INFO - 2020-04-29 07:48:49 --> Controller "App\Controllers\SubjectStandards" loaded.
INFO - 2020-04-29 07:48:49 --> Fetching Subjects details
INFO - 2020-04-29 07:48:54 --> Controller "App\Controllers\SubjectStandards" loaded.
INFO - 2020-04-29 07:48:54 --> Fetching Subjects details
INFO - 2020-04-29 07:49:00 --> Controller "App\Controllers\SubjectStandards" loaded.
INFO - 2020-04-29 07:49:00 --> Fetching Subjects details
INFO - 2020-04-29 07:49:38 --> Controller "App\Controllers\SubjectStandards" loaded.
INFO - 2020-04-29 07:49:38 --> Fetching Subjects details
INFO - 2020-04-29 07:49:54 --> Controller "App\Controllers\SubjectMasters" loaded.
INFO - 2020-04-29 07:49:54 --> Fetching SubjectMasters details
INFO - 2020-04-29 07:51:48 --> Controller "App\Controllers\SubjectMasters" loaded.
INFO - 2020-04-29 07:51:48 --> Fetching SubjectMasters details
INFO - 2020-04-29 07:51:48 --> Controller "App\Controllers\Sections" loaded.
INFO - 2020-04-29 07:51:48 --> Fetching Sections details
INFO - 2020-04-29 07:51:59 --> Controller "App\Controllers\SubjectMasters" loaded.
INFO - 2020-04-29 07:51:59 --> Deleting SubjectMasters details
INFO - 2020-04-29 07:52:01 --> Controller "App\Controllers\SubjectMasters" loaded.
INFO - 2020-04-29 07:52:01 --> Fetching SubjectMasters details
INFO - 2020-04-29 07:54:26 --> Controller "App\Controllers\SubjectMasters" loaded.
INFO - 2020-04-29 07:54:40 --> Controller "App\Controllers\SubjectMasters" loaded.
INFO - 2020-04-29 07:54:40 --> Deleting SubjectMasters details
INFO - 2020-04-29 07:58:55 --> Controller "App\Controllers\SubjectMasters" loaded.
INFO - 2020-04-29 07:58:55 --> Deleting SubjectMasters details
INFO - 2020-04-29 07:59:23 --> Controller "App\Controllers\SubjectMasters" loaded.
INFO - 2020-04-29 07:59:23 --> Deleting SubjectMasters details
INFO - 2020-04-29 07:59:33 --> Controller "App\Controllers\SubjectMasters" loaded.
INFO - 2020-04-29 07:59:33 --> Deleting SubjectMasters details
INFO - 2020-04-29 08:00:25 --> Controller "App\Controllers\SubjectMasters" loaded.
INFO - 2020-04-29 08:00:25 --> Fetching SubjectMasters details
INFO - 2020-04-29 08:01:20 --> Controller "App\Controllers\Sections" loaded.
INFO - 2020-04-29 08:01:20 --> Controller "App\Controllers\SubjectMasters" loaded.
INFO - 2020-04-29 08:01:20 --> Fetching SubjectMasters details
INFO - 2020-04-29 08:01:20 --> Fetching Sections details
INFO - 2020-04-29 08:01:33 --> Controller "App\Controllers\SubjectMasters" loaded.
INFO - 2020-04-29 08:01:33 --> Deleting SubjectMasters details
INFO - 2020-04-29 08:01:36 --> Controller "App\Controllers\SubjectMasters" loaded.
INFO - 2020-04-29 08:01:36 --> Fetching SubjectMasters details
INFO - 2020-04-29 08:01:38 --> Controller "App\Controllers\SubjectMasters" loaded.
INFO - 2020-04-29 08:01:38 --> Deleting SubjectMasters details
INFO - 2020-04-29 08:01:40 --> Controller "App\Controllers\SubjectMasters" loaded.
INFO - 2020-04-29 08:01:40 --> Fetching SubjectMasters details
INFO - 2020-04-29 08:01:42 --> Controller "App\Controllers\SubjectMasters" loaded.
INFO - 2020-04-29 08:01:42 --> Deleting SubjectMasters details
INFO - 2020-04-29 08:01:44 --> Controller "App\Controllers\SubjectMasters" loaded.
INFO - 2020-04-29 08:01:44 --> Fetching SubjectMasters details
INFO - 2020-04-29 08:04:02 --> Controller "App\Controllers\SubjectMasters" loaded.
INFO - 2020-04-29 08:04:02 --> Controller "App\Controllers\Sections" loaded.
INFO - 2020-04-29 08:04:02 --> Fetching SubjectMasters details
INFO - 2020-04-29 08:04:02 --> Fetching Sections details
INFO - 2020-04-29 08:06:18 --> Controller "App\Controllers\SubjectMasters" loaded.
INFO - 2020-04-29 08:06:18 --> Fetching SubjectMasters details
INFO - 2020-04-29 08:06:18 --> Controller "App\Controllers\Sections" loaded.
INFO - 2020-04-29 08:06:18 --> Fetching Sections details
INFO - 2020-04-29 08:06:20 --> Controller "App\Controllers\SubjectMasters" loaded.
INFO - 2020-04-29 08:06:20 --> Fetching SubjectMasters details
INFO - 2020-04-29 08:06:20 --> Controller "App\Controllers\Sections" loaded.
INFO - 2020-04-29 08:06:20 --> Fetching Sections details
INFO - 2020-04-29 08:06:28 --> Controller "App\Controllers\SubjectMasters" loaded.
INFO - 2020-04-29 08:06:28 --> Fetching SubjectMasters details
INFO - 2020-04-29 08:06:28 --> Controller "App\Controllers\Sections" loaded.
INFO - 2020-04-29 08:06:28 --> Fetching Sections details
INFO - 2020-04-29 08:14:57 --> Controller "App\Controllers\SubjectMasters" loaded.
INFO - 2020-04-29 08:14:57 --> Deleting SubjectMasters details
INFO - 2020-04-29 08:14:59 --> Controller "App\Controllers\SubjectMasters" loaded.
INFO - 2020-04-29 08:14:59 --> Fetching SubjectMasters details
INFO - 2020-04-29 08:25:54 --> Controller "App\Controllers\SubjectMasters" loaded.
INFO - 2020-04-29 08:25:54 --> Controller "App\Controllers\Sections" loaded.
INFO - 2020-04-29 08:25:54 --> Fetching SubjectMasters details
INFO - 2020-04-29 08:25:54 --> Fetching Sections details
INFO - 2020-04-29 08:45:05 --> Controller "App\Controllers\SubjectMasters" loaded.
INFO - 2020-04-29 08:45:05 --> Fetching SubjectMasters details
INFO - 2020-04-29 08:45:20 --> Controller "App\Controllers\SubjectMasters" loaded.
INFO - 2020-04-29 08:45:20 --> Fetching SubjectMasters details
INFO - 2020-04-29 08:45:36 --> Controller "App\Controllers\SubjectMasters" loaded.
INFO - 2020-04-29 08:45:36 --> Fetching SubjectMasters details
INFO - 2020-04-29 08:45:53 --> Controller "App\Controllers\SubjectMasters" loaded.
INFO - 2020-04-29 08:45:53 --> Fetching SubjectMasters details
INFO - 2020-04-29 08:45:53 --> Controller "App\Controllers\Sections" loaded.
INFO - 2020-04-29 08:45:53 --> Fetching Sections details
INFO - 2020-04-29 08:45:57 --> Controller "App\Controllers\SubjectStandards" loaded.
INFO - 2020-04-29 08:45:57 --> Fetching Subjects details
INFO - 2020-04-29 08:46:11 --> Controller "App\Controllers\SubjectStandards" loaded.
INFO - 2020-04-29 08:46:11 --> Fetching Subjects details
INFO - 2020-04-29 08:53:37 --> Controller "App\Controllers\SubjectMasters" loaded.
INFO - 2020-04-29 08:53:37 --> Fetching SubjectMasters details
INFO - 2020-04-29 08:54:11 --> Controller "App\Controllers\SubjectStandards" loaded.
INFO - 2020-04-29 08:54:11 --> Fetching Subjects details
INFO - 2020-04-29 08:54:30 --> Controller "App\Controllers\SubjectStandards" loaded.
INFO - 2020-04-29 08:54:30 --> Fetching Subjects details
INFO - 2020-04-29 08:54:51 --> Controller "App\Controllers\SubjectMasters" loaded.
INFO - 2020-04-29 08:54:51 --> Fetching SubjectMasters details
INFO - 2020-04-29 08:55:48 --> Controller "App\Controllers\SubjectMasters" loaded.
INFO - 2020-04-29 08:55:48 --> Fetching SubjectMasters details
INFO - 2020-04-29 08:57:03 --> Controller "App\Controllers\SubjectMasters" loaded.
INFO - 2020-04-29 08:57:03 --> Fetching SubjectMasters details
INFO - 2020-04-29 08:57:03 --> Controller "App\Controllers\Sections" loaded.
INFO - 2020-04-29 08:57:03 --> Fetching Sections details
INFO - 2020-04-29 08:57:05 --> Controller "App\Controllers\SubjectStandards" loaded.
INFO - 2020-04-29 08:57:05 --> Fetching Subjects details
INFO - 2020-04-29 08:57:13 --> Controller "App\Controllers\SubjectStandards" loaded.
INFO - 2020-04-29 08:57:13 --> Fetching Subjects details
INFO - 2020-04-29 08:58:06 --> Controller "App\Controllers\SubjectStandards" loaded.
INFO - 2020-04-29 08:58:06 --> Fetching Subjects details
INFO - 2020-04-29 09:01:22 --> Controller "App\Controllers\SubjectMasters" loaded.
INFO - 2020-04-29 09:01:22 --> Controller "App\Controllers\Sections" loaded.
INFO - 2020-04-29 09:01:22 --> Fetching SubjectMasters details
INFO - 2020-04-29 09:01:22 --> Fetching Sections details
INFO - 2020-04-29 09:01:28 --> Controller "App\Controllers\SubjectStandards" loaded.
INFO - 2020-04-29 09:01:29 --> Fetching Subjects details
INFO - 2020-04-29 09:01:33 --> Controller "App\Controllers\SubjectStandards" loaded.
INFO - 2020-04-29 09:01:33 --> Fetching Subjects details
INFO - 2020-04-29 09:01:46 --> Controller "App\Controllers\SubjectMasters" loaded.
INFO - 2020-04-29 09:01:46 --> Fetching SubjectMasters details
INFO - 2020-04-29 09:01:53 --> Controller "App\Controllers\SubjectStandards" loaded.
INFO - 2020-04-29 09:01:53 --> Fetching Subjects details
INFO - 2020-04-29 09:01:56 --> Controller "App\Controllers\SubjectMasters" loaded.
INFO - 2020-04-29 09:01:56 --> Fetching SubjectMasters details
INFO - 2020-04-29 09:01:56 --> Controller "App\Controllers\Sections" loaded.
INFO - 2020-04-29 09:01:56 --> Fetching Sections details
INFO - 2020-04-29 09:01:57 --> Controller "App\Controllers\SubjectStandards" loaded.
INFO - 2020-04-29 09:01:57 --> Fetching Subjects details
INFO - 2020-04-29 09:02:02 --> Controller "App\Controllers\SubjectStandards" loaded.
INFO - 2020-04-29 09:02:11 --> Controller "App\Controllers\SubjectStandards" loaded.
INFO - 2020-04-29 09:02:11 --> Fetching Subjects details
INFO - 2020-04-29 09:02:16 --> Controller "App\Controllers\SubjectMasters" loaded.
INFO - 2020-04-29 09:02:16 --> Fetching SubjectMasters details
INFO - 2020-04-29 09:02:16 --> Controller "App\Controllers\Sections" loaded.
INFO - 2020-04-29 09:02:16 --> Fetching Sections details
INFO - 2020-04-29 09:02:18 --> Controller "App\Controllers\SubjectStandards" loaded.
INFO - 2020-04-29 09:02:18 --> Fetching Subjects details
INFO - 2020-04-29 09:02:22 --> Controller "App\Controllers\SubjectStandards" loaded.
INFO - 2020-04-29 09:02:22 --> Fetching Subjects details
INFO - 2020-04-29 09:05:16 --> Controller "App\Controllers\SubjectStandards" loaded.
INFO - 2020-04-29 09:05:16 --> Fetching Subjects details
INFO - 2020-04-29 09:05:23 --> Controller "App\Controllers\SubjectStandards" loaded.
INFO - 2020-04-29 09:05:23 --> Fetching Subjects details
INFO - 2020-04-29 09:05:35 --> Controller "App\Controllers\SubjectMasters" loaded.
INFO - 2020-04-29 09:05:35 --> Deleting SubjectMasters details
INFO - 2020-04-29 09:05:37 --> Controller "App\Controllers\SubjectMasters" loaded.
INFO - 2020-04-29 09:05:37 --> Fetching SubjectMasters details
INFO - 2020-04-29 09:05:42 --> Controller "App\Controllers\SubjectStandards" loaded.
INFO - 2020-04-29 09:05:42 --> Fetching Subjects details
INFO - 2020-04-29 09:05:48 --> Controller "App\Controllers\SubjectMasters" loaded.
INFO - 2020-04-29 09:05:48 --> Fetching SubjectMasters details
INFO - 2020-04-29 09:05:58 --> Controller "App\Controllers\SubjectStandards" loaded.
INFO - 2020-04-29 09:05:58 --> Fetching Subjects details
INFO - 2020-04-29 09:06:03 --> Controller "App\Controllers\SubjectStandards" loaded.
INFO - 2020-04-29 09:06:03 --> Fetching Subjects details
INFO - 2020-04-29 09:22:00 --> Controller "App\Controllers\SubjectMasters" loaded.
INFO - 2020-04-29 09:22:00 --> Controller "App\Controllers\Sections" loaded.
INFO - 2020-04-29 09:22:00 --> Fetching SubjectMasters details
INFO - 2020-04-29 09:22:00 --> Fetching Sections details
INFO - 2020-04-29 09:22:34 --> Controller "App\Controllers\SubjectMasters" loaded.
INFO - 2020-04-29 09:22:34 --> Inserting SubjectMasters details
INFO - 2020-04-29 09:22:34 --> Controller "App\Controllers\SubjectMasters" loaded.
INFO - 2020-04-29 09:22:34 --> Fetching SubjectMasters details
INFO - 2020-04-29 09:22:46 --> Controller "App\Controllers\SubjectMasters" loaded.
INFO - 2020-04-29 09:22:46 --> Fetching SubjectMasters details
INFO - 2020-04-29 09:22:46 --> Controller "App\Controllers\Sections" loaded.
INFO - 2020-04-29 09:22:46 --> Fetching Sections details
INFO - 2020-04-29 09:25:12 --> Controller "App\Controllers\SubjectMasters" loaded.
INFO - 2020-04-29 09:25:12 --> Controller "App\Controllers\Sections" loaded.
INFO - 2020-04-29 09:25:12 --> Fetching SubjectMasters details
INFO - 2020-04-29 09:25:12 --> Fetching Sections details
INFO - 2020-04-29 09:52:37 --> Controller "App\Controllers\SubjectMasters" loaded.
INFO - 2020-04-29 09:52:37 --> Fetching SubjectMasters details
INFO - 2020-04-29 09:52:37 --> Controller "App\Controllers\Sections" loaded.
INFO - 2020-04-29 09:52:37 --> Fetching Sections details
INFO - 2020-04-29 12:29:00 --> Controller "App\Controllers\SubjectMasters" loaded.
INFO - 2020-04-29 12:29:00 --> Fetching SubjectMasters details
INFO - 2020-04-29 12:29:00 --> Controller "App\Controllers\Sections" loaded.
INFO - 2020-04-29 12:29:00 --> Fetching Sections details
INFO - 2020-04-29 12:32:04 --> Controller "App\Controllers\SubjectMasters" loaded.
INFO - 2020-04-29 12:32:04 --> Fetching SubjectMasters details
INFO - 2020-04-29 12:32:04 --> Controller "App\Controllers\Sections" loaded.
INFO - 2020-04-29 12:32:04 --> Fetching Sections details
INFO - 2020-04-29 12:32:26 --> Controller "App\Controllers\SubjectMasters" loaded.
INFO - 2020-04-29 12:32:26 --> Deleting SubjectMasters details
INFO - 2020-04-29 12:32:28 --> Controller "App\Controllers\SubjectMasters" loaded.
INFO - 2020-04-29 12:32:28 --> Fetching SubjectMasters details
INFO - 2020-04-29 12:32:32 --> Controller "App\Controllers\SubjectMasters" loaded.
INFO - 2020-04-29 12:32:32 --> Deleting SubjectMasters details
INFO - 2020-04-29 12:32:35 --> Controller "App\Controllers\SubjectMasters" loaded.
INFO - 2020-04-29 12:32:35 --> Fetching SubjectMasters details
INFO - 2020-04-29 12:32:37 --> Controller "App\Controllers\SubjectMasters" loaded.
INFO - 2020-04-29 12:32:37 --> Deleting SubjectMasters details
INFO - 2020-04-29 12:32:39 --> Controller "App\Controllers\SubjectMasters" loaded.
INFO - 2020-04-29 12:32:39 --> Fetching SubjectMasters details
INFO - 2020-04-29 20:34:33 --> Controller "App\Controllers\SubjectMasters" loaded.
INFO - 2020-04-29 20:34:33 --> Controller "App\Controllers\Sections" loaded.
INFO - 2020-04-29 20:34:33 --> Fetching SubjectMasters details
INFO - 2020-04-29 20:34:33 --> Fetching Sections details
INFO - 2020-04-29 22:40:55 --> Controller "App\Controllers\Sections" loaded.
INFO - 2020-04-29 22:40:55 --> Controller "App\Controllers\SubjectMasters" loaded.
INFO - 2020-04-29 22:40:55 --> Fetching Sections details
INFO - 2020-04-29 22:40:55 --> Fetching SubjectMasters details
INFO - 2020-04-29 22:41:13 --> Controller "App\Controllers\SubjectStandards" loaded.
INFO - 2020-04-29 22:41:13 --> Fetching Subjects details
INFO - 2020-04-29 22:41:18 --> Controller "App\Controllers\SubjectStandards" loaded.
INFO - 2020-04-29 22:41:18 --> Fetching Subjects details
INFO - 2020-04-29 22:41:34 --> Controller "App\Controllers\SubjectStandards" loaded.
INFO - 2020-04-29 22:41:34 --> Fetching Subjects details
INFO - 2020-04-29 22:41:39 --> Controller "App\Controllers\SubjectStandards" loaded.
INFO - 2020-04-29 22:41:39 --> Fetching Subjects details
INFO - 2020-04-29 22:41:46 --> Controller "App\Controllers\SubjectStandards" loaded.
INFO - 2020-04-29 22:41:46 --> Fetching Subjects details
INFO - 2020-04-29 22:42:51 --> Controller "App\Controllers\LeaveApplications" loaded.
INFO - 2020-04-29 22:42:51 --> Fetching All Leave details
INFO - 2020-04-29 22:42:51 --> Controller "App\Controllers\LeaveTypes" loaded.
INFO - 2020-04-29 22:42:51 --> Fetching LeaveTypes details
INFO - 2020-04-29 22:42:58 --> Controller "App\Controllers\LeaveApplications" loaded.
INFO - 2020-04-29 22:42:58 --> Fetching All Leave details
INFO - 2020-04-29 22:42:58 --> Controller "App\Controllers\LeaveApplications" loaded.
INFO - 2020-04-29 22:42:58 --> Fetching All Leave details
INFO - 2020-04-29 22:43:15 --> Controller "App\Controllers\LeaveTypes" loaded.
INFO - 2020-04-29 22:43:15 --> Fetching LeaveTypes details
INFO - 2020-04-29 22:43:16 --> Controller "App\Controllers\LeaveApplications" loaded.
INFO - 2020-04-29 22:43:16 --> Fetching All Leave details
INFO - 2020-04-29 22:43:16 --> Controller "App\Controllers\LeaveApplications" loaded.
INFO - 2020-04-29 22:43:16 --> Fetching All Leave details
INFO - 2020-04-29 22:43:43 --> Controller "App\Controllers\Sections" loaded.
INFO - 2020-04-29 22:43:43 --> Fetching Sections details
INFO - 2020-04-29 22:43:46 --> Controller "App\Controllers\Sections" loaded.
INFO - 2020-04-29 22:43:46 --> Fetching Sections details
INFO - 2020-04-29 22:43:58 --> Controller "App\Controllers\Sections" loaded.
INFO - 2020-04-29 22:43:58 --> Fetching Sections details
INFO - 2020-04-29 22:44:02 --> Controller "App\Controllers\Institutions" loaded.
INFO - 2020-04-29 22:44:02 --> Fetching Institution details
INFO - 2020-04-29 22:44:02 --> Controller "App\Controllers\Organizations" loaded.
INFO - 2020-04-29 22:44:02 --> Fetching Organizations details
INFO - 2020-04-29 22:44:28 --> Controller "App\Controllers\SubjectMasters" loaded.
INFO - 2020-04-29 22:44:28 --> Fetching SubjectMasters details
INFO - 2020-04-29 22:44:28 --> Controller "App\Controllers\Sections" loaded.
INFO - 2020-04-29 22:44:28 --> Fetching Sections details
INFO - 2020-04-29 22:44:33 --> Controller "App\Controllers\FeesMasters" loaded.
INFO - 2020-04-29 22:44:33 --> Fetching FeeMaster details
CRITICAL - 2020-04-29 22:44:36 --> syntax error, unexpected ',', expecting ';'
#0 /var/www/html/server_4/system/Router/Router.php(192): CodeIgniter\Router\Router->autoRoute('feesConfigs/get...')
#1 /var/www/html/server_4/system/CodeIgniter.php(785): CodeIgniter\Router\Router->handle('feesConfigs/get...')
#2 /var/www/html/server_4/system/CodeIgniter.php(358): CodeIgniter\CodeIgniter->tryToRouteIt(Object(CodeIgniter\Router\RouteCollection))
#3 /var/www/html/server_4/system/CodeIgniter.php(306): CodeIgniter\CodeIgniter->handleRequest(NULL, Object(Config\Cache), false)
#4 /var/www/html/server_4/public/index.php(45): CodeIgniter\CodeIgniter->run()
#5 {main}
INFO - 2020-04-29 22:44:36 --> Controller "App\Controllers\Academicyears" loaded.
INFO - 2020-04-29 22:44:36 --> Fetching Academic year details
INFO - 2020-04-29 22:44:36 --> Controller "App\Controllers\FeesMasters" loaded.
INFO - 2020-04-29 22:44:36 --> Fetching FeeMaster details
INFO - 2020-04-29 22:44:36 --> Controller "App\Controllers\Institutions" loaded.
INFO - 2020-04-29 22:44:36 --> Fetching Institution details
CRITICAL - 2020-04-29 22:44:36 --> syntax error, unexpected ',', expecting ';'
#0 /var/www/html/server_4/system/Router/Router.php(192): CodeIgniter\Router\Router->autoRoute('feesConfigs/get...')
#1 /var/www/html/server_4/system/CodeIgniter.php(785): CodeIgniter\Router\Router->handle('feesConfigs/get...')
#2 /var/www/html/server_4/system/CodeIgniter.php(358): CodeIgniter\CodeIgniter->tryToRouteIt(Object(CodeIgniter\Router\RouteCollection))
#3 /var/www/html/server_4/system/CodeIgniter.php(306): CodeIgniter\CodeIgniter->handleRequest(NULL, Object(Config\Cache), false)
#4 /var/www/html/server_4/public/index.php(45): CodeIgniter\CodeIgniter->run()
#5 {main}
INFO - 2020-04-29 22:44:36 --> Controller "App\Controllers\Standards" loaded.
INFO - 2020-04-29 22:44:36 --> Fetching Standards Section details
INFO - 2020-04-29 23:07:23 --> Controller "App\Controllers\SubjectMasters" loaded.
INFO - 2020-04-29 23:07:23 --> Controller "App\Controllers\Sections" loaded.
INFO - 2020-04-29 23:07:23 --> Fetching SubjectMasters details
INFO - 2020-04-29 23:07:23 --> Fetching Sections details
INFO - 2020-04-29 23:09:58 --> Controller "App\Controllers\Vehicles" loaded.
INFO - 2020-04-29 23:09:58 --> Fetching Vehicles details
INFO - 2020-04-29 23:10:00 --> Controller "App\Controllers\RouteMasters" loaded.
INFO - 2020-04-29 23:10:00 --> Fetching Route Master details
INFO - 2020-04-29 23:10:04 --> Controller "App\Controllers\RouteMasters" loaded.
INFO - 2020-04-29 23:10:04 --> Fetching Route Master details
INFO - 2020-04-29 23:10:07 --> Controller "App\Controllers\RouteMappings" loaded.
INFO - 2020-04-29 23:10:38 --> Controller "App\Controllers\RouteMasters" loaded.
INFO - 2020-04-29 23:10:38 --> Fetching Route Master details
INFO - 2020-04-29 23:10:39 --> Controller "App\Controllers\Vehicles" loaded.
INFO - 2020-04-29 23:10:39 --> Fetching Vehicles details
INFO - 2020-04-29 23:10:40 --> Controller "App\Controllers\RouteMasters" loaded.
INFO - 2020-04-29 23:10:40 --> Fetching Route Master details
INFO - 2020-04-29 23:10:45 --> Controller "App\Controllers\RouteMasters" loaded.
INFO - 2020-04-29 23:10:45 --> Fetching Route Master details
INFO - 2020-04-29 23:10:47 --> Controller "App\Controllers\RouteMasters" loaded.
INFO - 2020-04-29 23:10:47 --> Fetching Route Master details
INFO - 2020-04-29 23:10:48 --> Controller "App\Controllers\RouteMasters" loaded.
INFO - 2020-04-29 23:10:48 --> Fetching Route Master details
INFO - 2020-04-29 23:10:50 --> Controller "App\Controllers\RouteMappings" loaded.
INFO - 2020-04-29 23:10:55 --> Controller "App\Controllers\SubjectMasters" loaded.
INFO - 2020-04-29 23:10:55 --> Fetching SubjectMasters details
INFO - 2020-04-29 23:10:55 --> Controller "App\Controllers\Sections" loaded.
INFO - 2020-04-29 23:10:55 --> Fetching Sections details
INFO - 2020-04-29 23:10:56 --> Controller "App\Controllers\Vehicles" loaded.
INFO - 2020-04-29 23:10:56 --> Fetching Vehicles details
INFO - 2020-04-29 23:10:58 --> Controller "App\Controllers\SubjectMasters" loaded.
INFO - 2020-04-29 23:10:58 --> Fetching SubjectMasters details
INFO - 2020-04-29 23:10:58 --> Controller "App\Controllers\Sections" loaded.
INFO - 2020-04-29 23:10:58 --> Fetching Sections details
INFO - 2020-04-29 23:11:01 --> Controller "App\Controllers\SubjectStandards" loaded.
INFO - 2020-04-29 23:11:01 --> Fetching Subjects details
INFO - 2020-04-29 23:11:07 --> Controller "App\Controllers\SubjectStandards" loaded.
INFO - 2020-04-29 23:11:07 --> Fetching Subjects details
INFO - 2020-04-29 23:11:31 --> Controller "App\Controllers\SubjectMasters" loaded.
INFO - 2020-04-29 23:11:31 --> Updating SubjectMasters details
INFO - 2020-04-29 23:11:33 --> Controller "App\Controllers\SubjectMasters" loaded.
INFO - 2020-04-29 23:11:33 --> Fetching SubjectMasters details
INFO - 2020-04-29 23:14:00 --> Controller "App\Controllers\SubjectMasters" loaded.
INFO - 2020-04-29 23:14:00 --> Fetching SubjectMasters details
INFO - 2020-04-29 23:14:00 --> Controller "App\Controllers\Sections" loaded.
INFO - 2020-04-29 23:14:00 --> Fetching Sections details
INFO - 2020-04-29 23:16:12 --> Controller "App\Controllers\SubjectStandards" loaded.
INFO - 2020-04-29 23:16:12 --> Fetching Subjects details
INFO - 2020-04-29 23:16:28 --> Controller "App\Controllers\SubjectStandards" loaded.
INFO - 2020-04-29 23:16:28 --> Fetching Subjects details
INFO - 2020-04-29 23:16:41 --> Controller "App\Controllers\SubjectStandards" loaded.
INFO - 2020-04-29 23:16:41 --> Fetching Subjects details
INFO - 2020-04-29 23:16:48 --> Controller "App\Controllers\SubjectStandards" loaded.
INFO - 2020-04-29 23:16:48 --> Fetching Subjects details
INFO - 2020-04-29 23:16:48 --> Controller "App\Controllers\SubjectStandards" loaded.
INFO - 2020-04-29 23:16:48 --> Fetching Subjects details
INFO - 2020-04-29 23:16:49 --> Controller "App\Controllers\SubjectStandards" loaded.
INFO - 2020-04-29 23:16:49 --> Fetching Subjects details
INFO - 2020-04-29 23:16:50 --> Controller "App\Controllers\SubjectStandards" loaded.
INFO - 2020-04-29 23:16:50 --> Fetching Subjects details
INFO - 2020-04-29 23:16:51 --> Controller "App\Controllers\SubjectStandards" loaded.
INFO - 2020-04-29 23:16:51 --> Fetching Subjects details
INFO - 2020-04-29 23:17:05 --> Controller "App\Controllers\SubjectStandards" loaded.
INFO - 2020-04-29 23:17:05 --> Fetching Subjects details
INFO - 2020-04-29 23:17:05 --> Controller "App\Controllers\SubjectStandards" loaded.
INFO - 2020-04-29 23:17:05 --> Fetching Subjects details
INFO - 2020-04-29 23:17:46 --> Controller "App\Controllers\SubjectStandards" loaded.
INFO - 2020-04-29 23:17:46 --> Fetching Subjects details
INFO - 2020-04-29 23:18:19 --> Controller "App\Controllers\SubjectStandards" loaded.
INFO - 2020-04-29 23:18:19 --> Fetching Subjects details
INFO - 2020-04-29 23:20:16 --> Controller "App\Controllers\SubjectMasters" loaded.
INFO - 2020-04-29 23:20:16 --> Fetching SubjectMasters details
INFO - 2020-04-29 23:20:16 --> Controller "App\Controllers\Sections" loaded.
INFO - 2020-04-29 23:20:16 --> Fetching Sections details
INFO - 2020-04-29 23:20:21 --> Controller "App\Controllers\SubjectStandards" loaded.
INFO - 2020-04-29 23:20:21 --> Fetching Subjects details
INFO - 2020-04-29 23:22:35 --> Controller "App\Controllers\Organizations" loaded.
INFO - 2020-04-29 23:22:35 --> Fetching Organizations details
INFO - 2020-04-29 23:22:37 --> Controller "App\Controllers\Institutions" loaded.
INFO - 2020-04-29 23:22:37 --> Fetching Institution details
INFO - 2020-04-29 23:22:37 --> Controller "App\Controllers\Organizations" loaded.
INFO - 2020-04-29 23:22:37 --> Fetching Organizations details
INFO - 2020-04-29 23:22:38 --> Controller "App\Controllers\Roles" loaded.
INFO - 2020-04-29 23:22:38 --> Controller "App\Controllers\Roles" loaded.
INFO - 2020-04-29 23:22:38 --> Fetching Roles details
INFO - 2020-04-29 23:22:38 --> Fetching Roles details
INFO - 2020-04-29 23:22:39 --> Controller "App\Controllers\Organizations" loaded.
INFO - 2020-04-29 23:22:39 --> Controller "App\Controllers\Institutions" loaded.
INFO - 2020-04-29 23:22:39 --> Fetching Organizations details
INFO - 2020-04-29 23:22:39 --> Fetching Institution details
INFO - 2020-04-29 23:22:40 --> Controller "App\Controllers\Organizations" loaded.
INFO - 2020-04-29 23:22:40 --> Fetching Organizations details
INFO - 2020-04-29 23:22:52 --> Controller "App\Controllers\SubjectMasters" loaded.
INFO - 2020-04-29 23:22:52 --> Fetching SubjectMasters details
INFO - 2020-04-29 23:22:52 --> Controller "App\Controllers\Sections" loaded.
INFO - 2020-04-29 23:22:52 --> Fetching Sections details
INFO - 2020-04-29 23:25:08 --> Controller "App\Controllers\Institutions" loaded.
INFO - 2020-04-29 23:25:08 --> Controller "App\Controllers\Organizations" loaded.
INFO - 2020-04-29 23:25:08 --> Fetching Organizations details
INFO - 2020-04-29 23:25:08 --> Fetching Institution details
INFO - 2020-04-29 23:25:27 --> Controller "App\Controllers\Roles" loaded.
INFO - 2020-04-29 23:25:27 --> Controller "App\Controllers\Roles" loaded.
INFO - 2020-04-29 23:25:27 --> Fetching Roles details
INFO - 2020-04-29 23:25:27 --> Fetching Roles details
INFO - 2020-04-29 23:25:34 --> Controller "App\Controllers\Boards" loaded.
INFO - 2020-04-29 23:25:34 --> Fetching Boards details
INFO - 2020-04-29 23:25:34 --> Controller "App\Controllers\Institutions" loaded.
INFO - 2020-04-29 23:25:34 --> Fetching Institution details
INFO - 2020-04-29 23:25:37 --> Controller "App\Controllers\Rooms" loaded.
INFO - 2020-04-29 23:25:37 --> Fetching room details
INFO - 2020-04-29 23:25:41 --> Controller "App\Controllers\Boards" loaded.
INFO - 2020-04-29 23:25:41 --> Fetching Boards details
INFO - 2020-04-29 23:25:41 --> Controller "App\Controllers\Institutions" loaded.
INFO - 2020-04-29 23:25:41 --> Fetching Institution details
INFO - 2020-04-29 23:25:59 --> Controller "App\Controllers\Vehicles" loaded.
INFO - 2020-04-29 23:25:59 --> Fetching Vehicles details
INFO - 2020-04-29 23:26:07 --> Controller "App\Controllers\RouteMasters" loaded.
INFO - 2020-04-29 23:26:07 --> Fetching Route Master details
INFO - 2020-04-29 23:26:09 --> Controller "App\Controllers\RouteMasters" loaded.
INFO - 2020-04-29 23:26:09 --> Fetching Route Master details
