INFO - 2020-09-29 00:51:43 --> Controller "App\Controllers\MessageGroups" loaded.
INFO - 2020-09-29 00:51:43 --> Controller "App\Controllers\ClassDetails" loaded.
INFO - 2020-09-29 00:51:43 --> Controller "App\Controllers\Dashboards" loaded.
INFO - 2020-09-29 00:51:43 --> Fetching MessageGroups details
INFO - 2020-09-29 00:51:43 --> Fetching Sections details
INFO - 2020-09-29 00:51:43 --> Controller "App\Controllers\Boards" loaded.
INFO - 2020-09-29 00:51:43 --> Controller "App\Controllers\Users" loaded.
INFO - 2020-09-29 00:51:43 --> Fetching Boards details
INFO - 2020-09-29 00:51:43 --> Controller "App\Controllers\Students" loaded.
INFO - 2020-09-29 00:51:43 --> Fetching All User details
INFO - 2020-09-29 00:51:43 --> Fetching All Leave details
INFO - 2020-09-29 00:51:43 --> Fetching Dashboard details
INFO - 2020-09-29 00:51:44 --> Controller "App\Controllers\MessageCenter" loaded.
INFO - 2020-09-29 00:51:44 --> Fetching MessageCenter details
INFO - 2020-09-29 02:07:28 --> Controller "App\Controllers\Gallery" loaded.
INFO - 2020-09-29 02:07:28 --> Controller "App\Controllers\Gallery" loaded.
INFO - 2020-09-29 02:07:28 --> Fetching gallery details
INFO - 2020-09-29 02:07:28 --> Fetching Gallery Details details
INFO - 2020-09-29 03:02:12 --> Controller "App\Controllers\Users" loaded.
INFO - 2020-09-29 03:02:12 --> Fetching Users details
INFO - 2020-09-29 03:06:57 --> Controller "App\Controllers\Users" loaded.
INFO - 2020-09-29 03:06:57 --> Fetching Users details
INFO - 2020-09-29 04:26:03 --> Controller "App\Controllers\Users" loaded.
INFO - 2020-09-29 04:26:03 --> Fetching Users details
INFO - 2020-09-29 04:45:26 --> Controller "App\Controllers\Sections" loaded.
INFO - 2020-09-29 04:45:26 --> Controller "App\Controllers\Students" loaded.
INFO - 2020-09-29 04:45:26 --> Fetching All Leave details
INFO - 2020-09-29 04:45:26 --> Fetching Sections details
INFO - 2020-09-29 04:45:26 --> Controller "App\Controllers\Boards" loaded.
INFO - 2020-09-29 04:45:26 --> Controller "App\Controllers\Academicyears" loaded.
INFO - 2020-09-29 04:45:26 --> Fetching Boards details
INFO - 2020-09-29 04:45:26 --> Fetching Academic year details
INFO - 2020-09-29 04:45:26 --> Controller "App\Controllers\Preadmissions" loaded.
INFO - 2020-09-29 04:45:26 --> Controller "App\Controllers\Preadmissions" loaded.
INFO - 2020-09-29 04:45:26 --> Fetching preadmission details
INFO - 2020-09-29 04:45:26 --> Fetching All Leave details
INFO - 2020-09-29 04:45:26 --> Controller "App\Controllers\Preadmissions" loaded.
INFO - 2020-09-29 04:45:26 --> Fetching All Leave details
INFO - 2020-09-29 04:45:26 --> Controller "App\Controllers\Preadmissions" loaded.
INFO - 2020-09-29 04:45:26 --> Fetching All Leave details
INFO - 2020-09-29 04:45:33 --> Controller "App\Controllers\Preadmissions" loaded.
INFO - 2020-09-29 04:45:33 --> Fetching preadmission details
INFO - 2020-09-29 04:45:46 --> Controller "App\Controllers\ClassDetails" loaded.
INFO - 2020-09-29 04:45:46 --> Fetching Sections details
INFO - 2020-09-29 04:45:46 --> Controller "App\Controllers\MessageGroups" loaded.
INFO - 2020-09-29 04:45:46 --> Fetching MessageGroups details
INFO - 2020-09-29 04:45:46 --> Controller "App\Controllers\Dashboards" loaded.
INFO - 2020-09-29 04:45:46 --> Controller "App\Controllers\Boards" loaded.
INFO - 2020-09-29 04:45:46 --> Fetching Boards details
INFO - 2020-09-29 04:45:46 --> Controller "App\Controllers\Students" loaded.
INFO - 2020-09-29 04:45:46 --> Fetching Dashboard details
INFO - 2020-09-29 04:45:46 --> Fetching All Leave details
INFO - 2020-09-29 04:45:46 --> Controller "App\Controllers\Users" loaded.
INFO - 2020-09-29 04:45:46 --> Fetching All User details
INFO - 2020-09-29 04:45:47 --> Controller "App\Controllers\MessageCenter" loaded.
INFO - 2020-09-29 04:45:47 --> Fetching MessageCenter details
INFO - 2020-09-29 04:45:51 --> Controller "App\Controllers\MessageCenter" loaded.
INFO - 2020-09-29 04:45:51 --> Fetching MessageCenter details
INFO - 2020-09-29 04:58:48 --> Controller "App\Controllers\Users" loaded.
INFO - 2020-09-29 04:58:48 --> Fetching Users details
INFO - 2020-09-29 04:58:54 --> Controller "App\Controllers\Users" loaded.
INFO - 2020-09-29 04:58:54 --> Fetching Users details
INFO - 2020-09-29 05:00:52 --> Controller "App\Controllers\ClassDetails" loaded.
INFO - 2020-09-29 05:00:52 --> Fetching Sections details
INFO - 2020-09-29 05:00:52 --> Controller "App\Controllers\MessageGroups" loaded.
INFO - 2020-09-29 05:00:52 --> Fetching MessageGroups details
INFO - 2020-09-29 05:00:52 --> Controller "App\Controllers\Dashboards" loaded.
INFO - 2020-09-29 05:00:52 --> Fetching Dashboard details
INFO - 2020-09-29 05:00:52 --> Controller "App\Controllers\Boards" loaded.
INFO - 2020-09-29 05:00:52 --> Fetching Boards details
INFO - 2020-09-29 05:00:52 --> Controller "App\Controllers\Students" loaded.
INFO - 2020-09-29 05:00:52 --> Fetching All Leave details
INFO - 2020-09-29 05:00:52 --> Controller "App\Controllers\Users" loaded.
INFO - 2020-09-29 05:00:52 --> Fetching All User details
INFO - 2020-09-29 05:00:52 --> Controller "App\Controllers\MessageCenter" loaded.
INFO - 2020-09-29 05:00:52 --> Fetching MessageCenter details
INFO - 2020-09-29 05:01:55 --> Controller "App\Controllers\ClassDetails" loaded.
INFO - 2020-09-29 05:01:55 --> Controller "App\Controllers\MessageGroups" loaded.
INFO - 2020-09-29 05:01:55 --> Fetching MessageGroups details
INFO - 2020-09-29 05:01:55 --> Fetching Sections details
INFO - 2020-09-29 05:01:55 --> Controller "App\Controllers\Dashboards" loaded.
INFO - 2020-09-29 05:01:55 --> Fetching Dashboard details
INFO - 2020-09-29 05:01:55 --> Controller "App\Controllers\Boards" loaded.
INFO - 2020-09-29 05:01:55 --> Fetching Boards details
INFO - 2020-09-29 05:01:55 --> Controller "App\Controllers\Students" loaded.
INFO - 2020-09-29 05:01:55 --> Fetching All Leave details
INFO - 2020-09-29 05:01:55 --> Controller "App\Controllers\Users" loaded.
INFO - 2020-09-29 05:01:55 --> Fetching All User details
INFO - 2020-09-29 05:01:56 --> Controller "App\Controllers\MessageCenter" loaded.
INFO - 2020-09-29 05:01:56 --> Fetching MessageCenter details
INFO - 2020-09-29 05:02:08 --> Controller "App\Controllers\Sections" loaded.
INFO - 2020-09-29 05:02:08 --> Controller "App\Controllers\Boards" loaded.
INFO - 2020-09-29 05:02:08 --> Controller "App\Controllers\Assignments" loaded.
INFO - 2020-09-29 05:02:08 --> Controller "App\Controllers\Academicyears" loaded.
INFO - 2020-09-29 05:02:08 --> Controller "App\Controllers\SubjectStandards" loaded.
INFO - 2020-09-29 05:02:08 --> Fetching Academic year details
INFO - 2020-09-29 05:02:08 --> Fetching Boards details
INFO - 2020-09-29 05:02:08 --> Fetching Assignments Details details
INFO - 2020-09-29 05:02:08 --> Fetching Subjects details
INFO - 2020-09-29 05:02:08 --> Fetching Sections details
INFO - 2020-09-29 05:02:08 --> Controller "App\Controllers\Assignments" loaded.
INFO - 2020-09-29 05:02:08 --> Fetching Assignments details
INFO - 2020-09-29 05:02:08 --> Controller "App\Controllers\Assignments" loaded.
INFO - 2020-09-29 05:02:08 --> Controller "App\Controllers\Assignments" loaded.
INFO - 2020-09-29 05:02:08 --> Fetching Assignments Grade details
INFO - 2020-09-29 05:02:08 --> Controller "App\Controllers\Assignments" loaded.
INFO - 2020-09-29 05:02:08 --> Fetching Assignments Id details
INFO - 2020-09-29 15:32:08 --> Fetching Assignments Mapped Id details
INFO - 2020-09-29 05:02:08 --> Controller "App\Controllers\Assignments" loaded.
INFO - 2020-09-29 05:02:08 --> Controller "App\Controllers\Sections" loaded.
INFO - 2020-09-29 05:02:08 --> Fetching Assignments Details details
INFO - 2020-09-29 05:02:08 --> Fetching Sections details
INFO - 2020-09-29 05:02:24 --> Controller "App\Controllers\Boards" loaded.
INFO - 2020-09-29 05:02:24 --> Fetching Boards details
INFO - 2020-09-29 05:02:24 --> Controller "App\Controllers\Sections" loaded.
INFO - 2020-09-29 05:02:24 --> Controller "App\Controllers\Academicyears" loaded.
INFO - 2020-09-29 05:02:24 --> Controller "App\Controllers\Assignments" loaded.
INFO - 2020-09-29 05:02:24 --> Controller "App\Controllers\SubjectStandards" loaded.
INFO - 2020-09-29 05:02:24 --> Fetching Academic year details
INFO - 2020-09-29 05:02:24 --> Fetching Assignments Details details
INFO - 2020-09-29 05:02:24 --> Controller "App\Controllers\Assignments" loaded.
INFO - 2020-09-29 05:02:24 --> Fetching Subjects details
INFO - 2020-09-29 05:02:24 --> Fetching Assignments details
INFO - 2020-09-29 05:02:24 --> Fetching Sections details
INFO - 2020-09-29 05:02:25 --> Controller "App\Controllers\Assignments" loaded.
INFO - 2020-09-29 05:02:25 --> Fetching Assignments Id details
INFO - 2020-09-29 05:02:25 --> Controller "App\Controllers\Assignments" loaded.
INFO - 2020-09-29 15:32:25 --> Fetching Assignments Mapped Id details
INFO - 2020-09-29 05:02:25 --> Controller "App\Controllers\Assignments" loaded.
INFO - 2020-09-29 05:02:25 --> Fetching Assignments Grade details
INFO - 2020-09-29 05:02:25 --> Controller "App\Controllers\Sections" loaded.
INFO - 2020-09-29 05:02:25 --> Fetching Sections details
INFO - 2020-09-29 05:02:25 --> Controller "App\Controllers\Assignments" loaded.
INFO - 2020-09-29 05:02:25 --> Fetching Assignments Details details
INFO - 2020-09-29 05:02:50 --> Controller "App\Controllers\ClassDetails" loaded.
INFO - 2020-09-29 05:02:50 --> Fetching Sections details
INFO - 2020-09-29 05:02:50 --> Controller "App\Controllers\MessageGroups" loaded.
INFO - 2020-09-29 05:02:50 --> Fetching MessageGroups details
INFO - 2020-09-29 05:02:50 --> Controller "App\Controllers\Dashboards" loaded.
INFO - 2020-09-29 05:02:50 --> Fetching Dashboard details
INFO - 2020-09-29 05:02:50 --> Controller "App\Controllers\Boards" loaded.
INFO - 2020-09-29 05:02:50 --> Fetching Boards details
INFO - 2020-09-29 05:02:50 --> Controller "App\Controllers\Students" loaded.
INFO - 2020-09-29 05:02:50 --> Fetching All Leave details
INFO - 2020-09-29 05:02:50 --> Controller "App\Controllers\Users" loaded.
INFO - 2020-09-29 05:02:50 --> Fetching All User details
INFO - 2020-09-29 05:02:51 --> Controller "App\Controllers\MessageCenter" loaded.
INFO - 2020-09-29 05:02:51 --> Fetching MessageCenter details
INFO - 2020-09-29 05:03:16 --> Controller "App\Controllers\Sections" loaded.
INFO - 2020-09-29 05:03:16 --> Controller "App\Controllers\Assignments" loaded.
INFO - 2020-09-29 05:03:16 --> Fetching Assignments Details details
INFO - 2020-09-29 05:03:16 --> Controller "App\Controllers\Boards" loaded.
INFO - 2020-09-29 05:03:16 --> Fetching Boards details
INFO - 2020-09-29 05:03:16 --> Fetching Sections details
INFO - 2020-09-29 05:03:16 --> Controller "App\Controllers\Academicyears" loaded.
INFO - 2020-09-29 05:03:16 --> Fetching Academic year details
INFO - 2020-09-29 05:03:16 --> Controller "App\Controllers\Assignments" loaded.
INFO - 2020-09-29 05:03:16 --> Fetching Assignments details
INFO - 2020-09-29 05:03:16 --> Controller "App\Controllers\SubjectStandards" loaded.
INFO - 2020-09-29 05:03:16 --> Fetching Subjects details
INFO - 2020-09-29 05:03:16 --> Controller "App\Controllers\Assignments" loaded.
INFO - 2020-09-29 15:33:16 --> Fetching Assignments Mapped Id details
INFO - 2020-09-29 05:03:16 --> Controller "App\Controllers\Assignments" loaded.
INFO - 2020-09-29 05:03:16 --> Fetching Assignments Grade details
INFO - 2020-09-29 05:03:16 --> Controller "App\Controllers\Assignments" loaded.
INFO - 2020-09-29 05:03:16 --> Fetching Assignments Id details
INFO - 2020-09-29 05:03:17 --> Controller "App\Controllers\Sections" loaded.
INFO - 2020-09-29 05:03:17 --> Fetching Sections details
INFO - 2020-09-29 05:03:17 --> Controller "App\Controllers\Assignments" loaded.
INFO - 2020-09-29 05:03:17 --> Fetching Assignments Details details
INFO - 2020-09-29 05:06:20 --> Controller "App\Controllers\Assignments" loaded.
INFO - 2020-09-29 05:06:20 --> Controller "App\Controllers\Academicyears" loaded.
INFO - 2020-09-29 05:06:20 --> Controller "App\Controllers\Assignments" loaded.
INFO - 2020-09-29 05:06:20 --> Fetching Assignments details
INFO - 2020-09-29 05:06:20 --> Controller "App\Controllers\Sections" loaded.
INFO - 2020-09-29 05:06:20 --> Fetching Assignments Details details
INFO - 2020-09-29 05:06:20 --> Controller "App\Controllers\SubjectStandards" loaded.
INFO - 2020-09-29 05:06:20 --> Fetching Subjects details
INFO - 2020-09-29 05:06:20 --> Controller "App\Controllers\Boards" loaded.
INFO - 2020-09-29 05:06:20 --> Fetching Academic year details
INFO - 2020-09-29 05:06:20 --> Fetching Boards details
INFO - 2020-09-29 05:06:20 --> Fetching Sections details
INFO - 2020-09-29 05:06:20 --> Controller "App\Controllers\Assignments" loaded.
INFO - 2020-09-29 05:06:20 --> Fetching Assignments Id details
INFO - 2020-09-29 05:06:20 --> Controller "App\Controllers\Assignments" loaded.
INFO - 2020-09-29 05:06:20 --> Controller "App\Controllers\Assignments" loaded.
INFO - 2020-09-29 05:06:20 --> Fetching Assignments Grade details
INFO - 2020-09-29 15:36:20 --> Fetching Assignments Mapped Id details
INFO - 2020-09-29 05:06:20 --> Controller "App\Controllers\Sections" loaded.
INFO - 2020-09-29 05:06:20 --> Controller "App\Controllers\Assignments" loaded.
INFO - 2020-09-29 05:06:20 --> Fetching Sections details
INFO - 2020-09-29 05:06:20 --> Fetching Assignments Details details
INFO - 2020-09-29 05:06:36 --> Controller "App\Controllers\ClassDetails" loaded.
INFO - 2020-09-29 05:06:36 --> Controller "App\Controllers\MessageGroups" loaded.
INFO - 2020-09-29 05:06:36 --> Fetching Sections details
INFO - 2020-09-29 05:06:36 --> Fetching MessageGroups details
INFO - 2020-09-29 05:06:36 --> Controller "App\Controllers\Dashboards" loaded.
INFO - 2020-09-29 05:06:36 --> Fetching Dashboard details
INFO - 2020-09-29 05:06:36 --> Controller "App\Controllers\Boards" loaded.
INFO - 2020-09-29 05:06:36 --> Fetching Boards details
INFO - 2020-09-29 05:06:36 --> Controller "App\Controllers\Students" loaded.
INFO - 2020-09-29 05:06:36 --> Fetching All Leave details
INFO - 2020-09-29 05:06:36 --> Controller "App\Controllers\Users" loaded.
INFO - 2020-09-29 05:06:36 --> Fetching All User details
INFO - 2020-09-29 05:06:36 --> Controller "App\Controllers\MessageCenter" loaded.
INFO - 2020-09-29 05:06:36 --> Fetching MessageCenter details
INFO - 2020-09-29 05:14:15 --> Controller "App\Controllers\ClassDetails" loaded.
INFO - 2020-09-29 05:14:15 --> Fetching Sections details
INFO - 2020-09-29 05:14:15 --> Controller "App\Controllers\MessageGroups" loaded.
INFO - 2020-09-29 05:14:15 --> Fetching MessageGroups details
INFO - 2020-09-29 05:14:15 --> Controller "App\Controllers\Dashboards" loaded.
INFO - 2020-09-29 05:14:15 --> Fetching Dashboard details
INFO - 2020-09-29 05:14:15 --> Controller "App\Controllers\Boards" loaded.
INFO - 2020-09-29 05:14:15 --> Fetching Boards details
INFO - 2020-09-29 05:14:15 --> Controller "App\Controllers\Students" loaded.
INFO - 2020-09-29 05:14:15 --> Fetching All Leave details
INFO - 2020-09-29 05:14:15 --> Controller "App\Controllers\Users" loaded.
INFO - 2020-09-29 05:14:15 --> Fetching All User details
INFO - 2020-09-29 05:14:15 --> Controller "App\Controllers\MessageCenter" loaded.
INFO - 2020-09-29 05:14:15 --> Fetching MessageCenter details
INFO - 2020-09-29 05:16:11 --> Controller "App\Controllers\MessageCenter" loaded.
INFO - 2020-09-29 05:16:11 --> Fetching MessageCenter details
INFO - 2020-09-29 05:16:24 --> Controller "App\Controllers\Boards" loaded.
INFO - 2020-09-29 05:16:24 --> Fetching Boards details
INFO - 2020-09-29 05:16:24 --> Controller "App\Controllers\StudentDetails" loaded.
INFO - 2020-09-29 05:16:24 --> Fetching All Leave details
INFO - 2020-09-29 05:16:24 --> Controller "App\Controllers\ClassDetails" loaded.
INFO - 2020-09-29 05:16:24 --> Fetching Sections details
INFO - 2020-09-29 05:16:24 --> Controller "App\Controllers\Students" loaded.
INFO - 2020-09-29 05:16:24 --> Fetching All Leave details
INFO - 2020-09-29 05:16:24 --> Controller "App\Controllers\Categories" loaded.
INFO - 2020-09-29 05:16:24 --> Fetching Category details
INFO - 2020-09-29 05:16:27 --> Controller "App\Controllers\Sections" loaded.
INFO - 2020-09-29 05:16:27 --> Fetching Sections details
INFO - 2020-09-29 05:16:27 --> Controller "App\Controllers\Students" loaded.
INFO - 2020-09-29 05:16:27 --> Fetching All Leave details
INFO - 2020-09-29 05:16:27 --> Controller "App\Controllers\Academicyears" loaded.
INFO - 2020-09-29 05:16:28 --> Fetching Academic year details
INFO - 2020-09-29 05:16:28 --> Controller "App\Controllers\Boards" loaded.
INFO - 2020-09-29 05:16:28 --> Fetching Boards details
INFO - 2020-09-29 05:16:28 --> Controller "App\Controllers\Preadmissions" loaded.
INFO - 2020-09-29 05:16:28 --> Fetching All Leave details
INFO - 2020-09-29 05:16:28 --> Controller "App\Controllers\Preadmissions" loaded.
INFO - 2020-09-29 05:16:28 --> Fetching preadmission details
INFO - 2020-09-29 05:16:28 --> Controller "App\Controllers\Preadmissions" loaded.
INFO - 2020-09-29 05:16:28 --> Fetching All Leave details
INFO - 2020-09-29 05:16:28 --> Controller "App\Controllers\Preadmissions" loaded.
INFO - 2020-09-29 05:16:28 --> Fetching All Leave details
INFO - 2020-09-29 05:37:54 --> Controller "App\Controllers\Sections" loaded.
INFO - 2020-09-29 05:37:54 --> Controller "App\Controllers\Students" loaded.
INFO - 2020-09-29 05:37:54 --> Fetching All Leave details
INFO - 2020-09-29 05:37:54 --> Fetching Sections details
INFO - 2020-09-29 05:37:54 --> Controller "App\Controllers\Academicyears" loaded.
INFO - 2020-09-29 05:37:54 --> Fetching Academic year details
INFO - 2020-09-29 05:37:54 --> Controller "App\Controllers\Preadmissions" loaded.
INFO - 2020-09-29 05:37:54 --> Fetching All Leave details
INFO - 2020-09-29 05:37:54 --> Controller "App\Controllers\Preadmissions" loaded.
INFO - 2020-09-29 05:37:54 --> Controller "App\Controllers\Boards" loaded.
INFO - 2020-09-29 05:37:54 --> Fetching Boards details
INFO - 2020-09-29 05:37:54 --> Fetching preadmission details
INFO - 2020-09-29 05:37:54 --> Controller "App\Controllers\Preadmissions" loaded.
INFO - 2020-09-29 05:37:54 --> Fetching All Leave details
INFO - 2020-09-29 05:37:54 --> Controller "App\Controllers\Preadmissions" loaded.
INFO - 2020-09-29 05:37:54 --> Fetching All Leave details
INFO - 2020-09-29 05:37:54 --> Controller "App\Controllers\Boards" loaded.
INFO - 2020-09-29 05:37:54 --> Controller "App\Controllers\SubjectStandards" loaded.
INFO - 2020-09-29 05:37:54 --> Controller "App\Controllers\Assignments" loaded.
INFO - 2020-09-29 05:37:54 --> Controller "App\Controllers\Sections" loaded.
INFO - 2020-09-29 05:37:54 --> Fetching Boards details
INFO - 2020-09-29 05:37:54 --> Fetching Assignments Details details
INFO - 2020-09-29 05:37:54 --> Fetching Subjects details
INFO - 2020-09-29 05:37:54 --> Fetching Sections details
INFO - 2020-09-29 05:37:54 --> Controller "App\Controllers\Assignments" loaded.
INFO - 2020-09-29 05:37:54 --> Controller "App\Controllers\Assignments" loaded.
INFO - 2020-09-29 05:37:54 --> Fetching Assignments Id details
INFO - 2020-09-29 16:07:54 --> Fetching Assignments Mapped Id details
INFO - 2020-09-29 05:37:54 --> Controller "App\Controllers\Assignments" loaded.
INFO - 2020-09-29 05:37:54 --> Fetching Assignments Grade details
INFO - 2020-09-29 05:37:54 --> Controller "App\Controllers\Academicyears" loaded.
INFO - 2020-09-29 05:37:54 --> Controller "App\Controllers\Sections" loaded.
INFO - 2020-09-29 05:37:54 --> Fetching Sections details
INFO - 2020-09-29 05:37:54 --> Fetching Academic year details
INFO - 2020-09-29 05:37:54 --> Controller "App\Controllers\Assignments" loaded.
INFO - 2020-09-29 05:37:54 --> Fetching Assignments Details details
INFO - 2020-09-29 05:37:55 --> Controller "App\Controllers\Assignments" loaded.
INFO - 2020-09-29 05:37:55 --> Fetching Assignments details
INFO - 2020-09-29 05:57:18 --> Controller "App\Controllers\Boards" loaded.
INFO - 2020-09-29 05:57:18 --> Controller "App\Controllers\Sections" loaded.
INFO - 2020-09-29 05:57:18 --> Fetching Boards details
INFO - 2020-09-29 05:57:18 --> Fetching Sections details
INFO - 2020-09-29 05:57:18 --> Controller "App\Controllers\Assignments" loaded.
INFO - 2020-09-29 05:57:18 --> Fetching Assignments Details details
INFO - 2020-09-29 05:57:18 --> Controller "App\Controllers\SubjectStandards" loaded.
INFO - 2020-09-29 05:57:18 --> Controller "App\Controllers\Academicyears" loaded.
INFO - 2020-09-29 05:57:18 --> Fetching Subjects details
INFO - 2020-09-29 05:57:18 --> Fetching Academic year details
INFO - 2020-09-29 05:57:19 --> Controller "App\Controllers\Assignments" loaded.
INFO - 2020-09-29 05:57:19 --> Fetching Assignments details
INFO - 2020-09-29 05:57:19 --> Controller "App\Controllers\Assignments" loaded.
INFO - 2020-09-29 05:57:19 --> Fetching Assignments Id details
INFO - 2020-09-29 05:57:19 --> Controller "App\Controllers\Assignments" loaded.
INFO - 2020-09-29 16:27:19 --> Fetching Assignments Mapped Id details
INFO - 2020-09-29 05:57:19 --> Controller "App\Controllers\Assignments" loaded.
INFO - 2020-09-29 05:57:19 --> Fetching Assignments Grade details
INFO - 2020-09-29 05:57:19 --> Controller "App\Controllers\Sections" loaded.
INFO - 2020-09-29 05:57:19 --> Fetching Sections details
INFO - 2020-09-29 05:57:19 --> Controller "App\Controllers\Assignments" loaded.
INFO - 2020-09-29 05:57:19 --> Fetching Assignments Details details
INFO - 2020-09-29 05:57:28 --> Controller "App\Controllers\Boards" loaded.
INFO - 2020-09-29 05:57:28 --> Fetching Boards details
INFO - 2020-09-29 05:57:28 --> Controller "App\Controllers\Assignments" loaded.
INFO - 2020-09-29 05:57:28 --> Controller "App\Controllers\Assignments" loaded.
INFO - 2020-09-29 05:57:28 --> Controller "App\Controllers\Sections" loaded.
INFO - 2020-09-29 05:57:28 --> Controller "App\Controllers\SubjectStandards" loaded.
INFO - 2020-09-29 05:57:28 --> Controller "App\Controllers\Academicyears" loaded.
INFO - 2020-09-29 05:57:28 --> Fetching Assignments Details details
INFO - 2020-09-29 05:57:28 --> Fetching Subjects details
INFO - 2020-09-29 05:57:28 --> Fetching Assignments Id details
INFO - 2020-09-29 05:57:28 --> Fetching Sections details
INFO - 2020-09-29 05:57:28 --> Controller "App\Controllers\Assignments" loaded.
INFO - 2020-09-29 05:57:28 --> Fetching Academic year details
INFO - 2020-09-29 05:57:28 --> Fetching Assignments details
INFO - 2020-09-29 05:57:28 --> Controller "App\Controllers\Sections" loaded.
INFO - 2020-09-29 05:57:28 --> Controller "App\Controllers\Assignments" loaded.
INFO - 2020-09-29 16:27:28 --> Fetching Assignments Mapped Id details
INFO - 2020-09-29 05:57:28 --> Controller "App\Controllers\Assignments" loaded.
INFO - 2020-09-29 05:57:28 --> Fetching Assignments Grade details
INFO - 2020-09-29 05:57:28 --> Controller "App\Controllers\Assignments" loaded.
INFO - 2020-09-29 05:57:28 --> Fetching Assignments Details details
INFO - 2020-09-29 05:57:28 --> Fetching Sections details
INFO - 2020-09-29 05:57:33 --> Controller "App\Controllers\Boards" loaded.
INFO - 2020-09-29 05:57:33 --> Fetching Boards details
INFO - 2020-09-29 05:57:33 --> Controller "App\Controllers\Sections" loaded.
INFO - 2020-09-29 05:57:33 --> Controller "App\Controllers\Assignments" loaded.
INFO - 2020-09-29 05:57:33 --> Controller "App\Controllers\SubjectStandards" loaded.
INFO - 2020-09-29 05:57:33 --> Controller "App\Controllers\Academicyears" loaded.
INFO - 2020-09-29 05:57:33 --> Fetching Academic year details
INFO - 2020-09-29 05:57:33 --> Fetching Assignments Details details
INFO - 2020-09-29 05:57:33 --> Controller "App\Controllers\Assignments" loaded.
INFO - 2020-09-29 05:57:33 --> Fetching Subjects details
INFO - 2020-09-29 05:57:33 --> Fetching Assignments details
INFO - 2020-09-29 05:57:33 --> Fetching Sections details
INFO - 2020-09-29 05:57:33 --> Controller "App\Controllers\Assignments" loaded.
INFO - 2020-09-29 05:57:33 --> Fetching Assignments Id details
INFO - 2020-09-29 05:57:33 --> Controller "App\Controllers\Assignments" loaded.
INFO - 2020-09-29 05:57:33 --> Controller "App\Controllers\Assignments" loaded.
INFO - 2020-09-29 05:57:33 --> Fetching Assignments Grade details
INFO - 2020-09-29 16:27:33 --> Fetching Assignments Mapped Id details
INFO - 2020-09-29 05:57:33 --> Controller "App\Controllers\Sections" loaded.
INFO - 2020-09-29 05:57:33 --> Controller "App\Controllers\Assignments" loaded.
INFO - 2020-09-29 05:57:33 --> Fetching Sections details
INFO - 2020-09-29 05:57:33 --> Fetching Assignments Details details
INFO - 2020-09-29 06:00:28 --> Controller "App\Controllers\ExamDetails" loaded.
INFO - 2020-09-29 06:00:28 --> Controller "App\Controllers\ExamsTimetable" loaded.
INFO - 2020-09-29 06:00:28 --> Fetching Exam Details details
INFO - 2020-09-29 06:00:28 --> Fetching Exam Details details
INFO - 2020-09-29 06:00:28 --> Controller "App\Controllers\ExamDetails" loaded.
INFO - 2020-09-29 06:00:28 --> Fetching Circular Details details
INFO - 2020-09-29 06:00:28 --> Controller "App\Controllers\ClassDetails" loaded.
INFO - 2020-09-29 06:00:28 --> Fetching Sections details
INFO - 2020-09-29 06:01:40 --> Controller "App\Controllers\Sections" loaded.
INFO - 2020-09-29 06:01:40 --> Controller "App\Controllers\Boards" loaded.
INFO - 2020-09-29 06:01:40 --> Fetching Boards details
INFO - 2020-09-29 06:01:40 --> Fetching Sections details
INFO - 2020-09-29 06:01:40 --> Controller "App\Controllers\SubjectStandards" loaded.
INFO - 2020-09-29 06:01:40 --> Controller "App\Controllers\Academicyears" loaded.
INFO - 2020-09-29 06:01:40 --> Controller "App\Controllers\Assignments" loaded.
INFO - 2020-09-29 06:01:40 --> Fetching Academic year details
INFO - 2020-09-29 06:01:40 --> Fetching Assignments Details details
INFO - 2020-09-29 06:01:40 --> Fetching Subjects details
INFO - 2020-09-29 06:01:40 --> Controller "App\Controllers\Assignments" loaded.
INFO - 2020-09-29 06:01:40 --> Fetching Assignments details
INFO - 2020-09-29 06:01:41 --> Controller "App\Controllers\Assignments" loaded.
INFO - 2020-09-29 06:01:41 --> Controller "App\Controllers\Assignments" loaded.
INFO - 2020-09-29 16:31:41 --> Fetching Assignments Mapped Id details
INFO - 2020-09-29 06:01:41 --> Fetching Assignments Id details
INFO - 2020-09-29 06:01:41 --> Controller "App\Controllers\Assignments" loaded.
INFO - 2020-09-29 06:01:41 --> Fetching Assignments Grade details
INFO - 2020-09-29 06:01:41 --> Controller "App\Controllers\Sections" loaded.
INFO - 2020-09-29 06:01:41 --> Controller "App\Controllers\Assignments" loaded.
INFO - 2020-09-29 06:01:41 --> Fetching Assignments Details details
INFO - 2020-09-29 06:01:41 --> Fetching Sections details
INFO - 2020-09-29 06:01:52 --> Controller "App\Controllers\Boards" loaded.
INFO - 2020-09-29 06:01:52 --> Controller "App\Controllers\Sections" loaded.
INFO - 2020-09-29 06:01:52 --> Controller "App\Controllers\Assignments" loaded.
INFO - 2020-09-29 06:01:52 --> Fetching Boards details
INFO - 2020-09-29 06:01:52 --> Controller "App\Controllers\Assignments" loaded.
INFO - 2020-09-29 06:01:52 --> Controller "App\Controllers\Academicyears" loaded.
INFO - 2020-09-29 06:01:52 --> Fetching Assignments details
INFO - 2020-09-29 06:01:52 --> Fetching Academic year details
INFO - 2020-09-29 06:01:52 --> Fetching Assignments Details details
INFO - 2020-09-29 06:01:52 --> Fetching Sections details
INFO - 2020-09-29 06:01:52 --> Controller "App\Controllers\SubjectStandards" loaded.
INFO - 2020-09-29 06:01:52 --> Fetching Subjects details
INFO - 2020-09-29 06:01:52 --> Controller "App\Controllers\Assignments" loaded.
INFO - 2020-09-29 06:01:52 --> Fetching Assignments Id details
INFO - 2020-09-29 06:01:52 --> Controller "App\Controllers\Assignments" loaded.
INFO - 2020-09-29 06:01:52 --> Controller "App\Controllers\Sections" loaded.
INFO - 2020-09-29 06:01:52 --> Controller "App\Controllers\Assignments" loaded.
INFO - 2020-09-29 06:01:52 --> Controller "App\Controllers\Assignments" loaded.
INFO - 2020-09-29 06:01:52 --> Fetching Assignments Grade details
INFO - 2020-09-29 16:31:52 --> Fetching Assignments Mapped Id details
INFO - 2020-09-29 06:01:52 --> Fetching Assignments Details details
INFO - 2020-09-29 06:01:52 --> Fetching Sections details
INFO - 2020-09-29 06:02:16 --> Controller "App\Controllers\Assignments" loaded.
INFO - 2020-09-29 06:02:16 --> Controller "App\Controllers\Sections" loaded.
INFO - 2020-09-29 06:02:16 --> Controller "App\Controllers\SubjectStandards" loaded.
INFO - 2020-09-29 06:02:16 --> Controller "App\Controllers\Academicyears" loaded.
INFO - 2020-09-29 06:02:16 --> Controller "App\Controllers\Boards" loaded.
INFO - 2020-09-29 06:02:16 --> Fetching Academic year details
INFO - 2020-09-29 06:02:16 --> Fetching Boards details
INFO - 2020-09-29 06:02:16 --> Fetching Subjects details
INFO - 2020-09-29 06:02:16 --> Fetching Assignments Details details
INFO - 2020-09-29 06:02:16 --> Fetching Sections details
INFO - 2020-09-29 06:02:16 --> Controller "App\Controllers\Assignments" loaded.
INFO - 2020-09-29 06:02:16 --> Fetching Assignments details
INFO - 2020-09-29 06:02:16 --> Controller "App\Controllers\Assignments" loaded.
INFO - 2020-09-29 06:02:16 --> Controller "App\Controllers\Assignments" loaded.
INFO - 2020-09-29 06:02:16 --> Controller "App\Controllers\Assignments" loaded.
INFO - 2020-09-29 06:02:16 --> Fetching Assignments Grade details
INFO - 2020-09-29 16:32:16 --> Fetching Assignments Mapped Id details
INFO - 2020-09-29 06:02:16 --> Fetching Assignments Id details
INFO - 2020-09-29 06:02:16 --> Controller "App\Controllers\Assignments" loaded.
INFO - 2020-09-29 06:02:16 --> Fetching Assignments Details details
INFO - 2020-09-29 06:02:16 --> Controller "App\Controllers\Sections" loaded.
INFO - 2020-09-29 06:02:16 --> Fetching Sections details
INFO - 2020-09-29 06:02:16 --> Controller "App\Controllers\SubjectStandards" loaded.
INFO - 2020-09-29 06:02:16 --> Controller "App\Controllers\Sections" loaded.
INFO - 2020-09-29 06:02:16 --> Controller "App\Controllers\Assignments" loaded.
INFO - 2020-09-29 06:02:16 --> Controller "App\Controllers\Boards" loaded.
INFO - 2020-09-29 06:02:16 --> Fetching Boards details
INFO - 2020-09-29 06:02:16 --> Fetching Assignments Details details
INFO - 2020-09-29 06:02:16 --> Fetching Subjects details
INFO - 2020-09-29 06:02:16 --> Controller "App\Controllers\Academicyears" loaded.
INFO - 2020-09-29 06:02:16 --> Fetching Sections details
INFO - 2020-09-29 06:02:16 --> Fetching Academic year details
INFO - 2020-09-29 06:02:17 --> Controller "App\Controllers\Assignments" loaded.
INFO - 2020-09-29 06:02:17 --> Fetching Assignments Id details
INFO - 2020-09-29 06:02:17 --> Controller "App\Controllers\Assignments" loaded.
INFO - 2020-09-29 16:32:17 --> Fetching Assignments Mapped Id details
INFO - 2020-09-29 06:02:17 --> Controller "App\Controllers\Assignments" loaded.
INFO - 2020-09-29 06:02:17 --> Fetching Assignments Grade details
INFO - 2020-09-29 06:02:17 --> Controller "App\Controllers\Assignments" loaded.
INFO - 2020-09-29 06:02:17 --> Controller "App\Controllers\Sections" loaded.
INFO - 2020-09-29 06:02:17 --> Fetching Assignments Details details
INFO - 2020-09-29 06:02:17 --> Fetching Sections details
INFO - 2020-09-29 06:02:17 --> Controller "App\Controllers\Assignments" loaded.
INFO - 2020-09-29 06:02:17 --> Fetching Assignments details
INFO - 2020-09-29 06:02:25 --> Controller "App\Controllers\Boards" loaded.
INFO - 2020-09-29 06:02:25 --> Controller "App\Controllers\SubjectStandards" loaded.
INFO - 2020-09-29 06:02:25 --> Controller "App\Controllers\Assignments" loaded.
INFO - 2020-09-29 06:02:25 --> Controller "App\Controllers\Sections" loaded.
INFO - 2020-09-29 06:02:25 --> Fetching Boards details
INFO - 2020-09-29 06:02:25 --> Fetching Assignments Details details
INFO - 2020-09-29 06:02:25 --> Fetching Subjects details
INFO - 2020-09-29 06:02:25 --> Fetching Sections details
INFO - 2020-09-29 06:02:25 --> Controller "App\Controllers\Academicyears" loaded.
INFO - 2020-09-29 06:02:25 --> Controller "App\Controllers\Assignments" loaded.
INFO - 2020-09-29 06:02:25 --> Fetching Academic year details
INFO - 2020-09-29 06:02:25 --> Fetching Assignments details
INFO - 2020-09-29 06:02:25 --> Controller "App\Controllers\Assignments" loaded.
INFO - 2020-09-29 06:02:25 --> Controller "App\Controllers\Assignments" loaded.
INFO - 2020-09-29 06:02:25 --> Controller "App\Controllers\Assignments" loaded.
INFO - 2020-09-29 06:02:25 --> Fetching Assignments Grade details
INFO - 2020-09-29 16:32:25 --> Fetching Assignments Mapped Id details
INFO - 2020-09-29 06:02:25 --> Fetching Assignments Id details
INFO - 2020-09-29 06:02:25 --> Controller "App\Controllers\Sections" loaded.
INFO - 2020-09-29 06:02:25 --> Controller "App\Controllers\Assignments" loaded.
INFO - 2020-09-29 06:02:25 --> Fetching Assignments Details details
INFO - 2020-09-29 06:02:25 --> Fetching Sections details
INFO - 2020-09-29 06:02:30 --> Controller "App\Controllers\Boards" loaded.
INFO - 2020-09-29 06:02:30 --> Fetching Boards details
INFO - 2020-09-29 06:02:30 --> Controller "App\Controllers\SubjectStandards" loaded.
INFO - 2020-09-29 06:02:30 --> Controller "App\Controllers\Academicyears" loaded.
INFO - 2020-09-29 06:02:30 --> Controller "App\Controllers\Assignments" loaded.
INFO - 2020-09-29 06:02:30 --> Controller "App\Controllers\Assignments" loaded.
INFO - 2020-09-29 06:02:30 --> Controller "App\Controllers\Sections" loaded.
INFO - 2020-09-29 06:02:30 --> Fetching Academic year details
INFO - 2020-09-29 06:02:30 --> Fetching Assignments details
INFO - 2020-09-29 06:02:30 --> Fetching Assignments Details details
INFO - 2020-09-29 06:02:30 --> Fetching Subjects details
INFO - 2020-09-29 06:02:30 --> Fetching Sections details
INFO - 2020-09-29 06:02:31 --> Controller "App\Controllers\Assignments" loaded.
INFO - 2020-09-29 06:02:31 --> Fetching Assignments Id details
INFO - 2020-09-29 06:02:31 --> Controller "App\Controllers\Assignments" loaded.
INFO - 2020-09-29 06:02:31 --> Controller "App\Controllers\Assignments" loaded.
INFO - 2020-09-29 16:32:31 --> Fetching Assignments Mapped Id details
INFO - 2020-09-29 06:02:31 --> Fetching Assignments Grade details
INFO - 2020-09-29 06:02:31 --> Controller "App\Controllers\Sections" loaded.
INFO - 2020-09-29 06:02:31 --> Controller "App\Controllers\Assignments" loaded.
INFO - 2020-09-29 06:02:31 --> Fetching Assignments Details details
INFO - 2020-09-29 06:02:31 --> Fetching Sections details
INFO - 2020-09-29 06:02:52 --> Controller "App\Controllers\Assignments" loaded.
INFO - 2020-09-29 06:02:52 --> Controller "App\Controllers\Boards" loaded.
INFO - 2020-09-29 06:02:52 --> Controller "App\Controllers\SubjectStandards" loaded.
INFO - 2020-09-29 06:02:52 --> Fetching Subjects details
INFO - 2020-09-29 06:02:52 --> Controller "App\Controllers\Assignments" loaded.
INFO - 2020-09-29 06:02:52 --> Controller "App\Controllers\Sections" loaded.
INFO - 2020-09-29 06:02:52 --> Controller "App\Controllers\Academicyears" loaded.
INFO - 2020-09-29 06:02:52 --> Fetching Boards details
INFO - 2020-09-29 06:02:52 --> Fetching Assignments details
INFO - 2020-09-29 06:02:52 --> Fetching Assignments Details details
INFO - 2020-09-29 06:02:52 --> Fetching Academic year details
INFO - 2020-09-29 06:02:52 --> Fetching Sections details
INFO - 2020-09-29 06:02:53 --> Controller "App\Controllers\Assignments" loaded.
INFO - 2020-09-29 06:02:53 --> Fetching Assignments Id details
INFO - 2020-09-29 06:02:53 --> Controller "App\Controllers\Assignments" loaded.
INFO - 2020-09-29 06:02:53 --> Fetching Assignments Grade details
INFO - 2020-09-29 06:02:53 --> Controller "App\Controllers\Assignments" loaded.
INFO - 2020-09-29 16:32:53 --> Fetching Assignments Mapped Id details
INFO - 2020-09-29 06:02:53 --> Controller "App\Controllers\Sections" loaded.
INFO - 2020-09-29 06:02:53 --> Fetching Sections details
INFO - 2020-09-29 06:02:53 --> Controller "App\Controllers\Assignments" loaded.
INFO - 2020-09-29 06:02:53 --> Fetching Assignments Details details
INFO - 2020-09-29 06:03:07 --> Controller "App\Controllers\Sections" loaded.
INFO - 2020-09-29 06:03:07 --> Controller "App\Controllers\Boards" loaded.
INFO - 2020-09-29 06:03:07 --> Controller "App\Controllers\SubjectStandards" loaded.
INFO - 2020-09-29 06:03:07 --> Controller "App\Controllers\Academicyears" loaded.
INFO - 2020-09-29 06:03:07 --> Controller "App\Controllers\Assignments" loaded.
INFO - 2020-09-29 06:03:07 --> Fetching Sections details
INFO - 2020-09-29 06:03:07 --> Fetching Academic year details
INFO - 2020-09-29 06:03:07 --> Fetching Boards details
INFO - 2020-09-29 06:03:07 --> Fetching Assignments details
INFO - 2020-09-29 06:03:07 --> Fetching Subjects details
INFO - 2020-09-29 06:03:07 --> Controller "App\Controllers\Assignments" loaded.
INFO - 2020-09-29 06:03:07 --> Fetching Assignments Details details
INFO - 2020-09-29 06:03:07 --> Controller "App\Controllers\Assignments" loaded.
INFO - 2020-09-29 16:33:07 --> Fetching Assignments Mapped Id details
INFO - 2020-09-29 06:03:07 --> Controller "App\Controllers\Assignments" loaded.
INFO - 2020-09-29 06:03:07 --> Controller "App\Controllers\Assignments" loaded.
INFO - 2020-09-29 06:03:07 --> Fetching Assignments Id details
INFO - 2020-09-29 06:03:07 --> Fetching Assignments Grade details
INFO - 2020-09-29 06:03:07 --> Controller "App\Controllers\Assignments" loaded.
INFO - 2020-09-29 06:03:07 --> Controller "App\Controllers\Sections" loaded.
INFO - 2020-09-29 06:03:07 --> Fetching Assignments Details details
INFO - 2020-09-29 06:03:07 --> Fetching Sections details
INFO - 2020-09-29 06:03:57 --> Controller "App\Controllers\ClassDetails" loaded.
INFO - 2020-09-29 06:03:57 --> Controller "App\Controllers\ExamDetails" loaded.
INFO - 2020-09-29 06:03:57 --> Controller "App\Controllers\ExamDetails" loaded.
INFO - 2020-09-29 06:03:57 --> Fetching Sections details
INFO - 2020-09-29 06:03:57 --> Fetching Exam Details details
INFO - 2020-09-29 06:03:57 --> Fetching Circular Details details
INFO - 2020-09-29 06:03:57 --> Controller "App\Controllers\ExamsTimetable" loaded.
INFO - 2020-09-29 06:03:57 --> Fetching Exam Details details
INFO - 2020-09-29 06:04:16 --> Controller "App\Controllers\ClassDetails" loaded.
INFO - 2020-09-29 06:04:16 --> Fetching Sections details
INFO - 2020-09-29 06:05:21 --> Controller "App\Controllers\ClassDetails" loaded.
INFO - 2020-09-29 06:05:21 --> Fetching Sections details
INFO - 2020-09-29 06:05:43 --> Controller "App\Controllers\ClassDetails" loaded.
INFO - 2020-09-29 06:05:43 --> Controller "App\Controllers\ExamDetails" loaded.
INFO - 2020-09-29 06:05:43 --> Controller "App\Controllers\ExamDetails" loaded.
INFO - 2020-09-29 06:05:43 --> Fetching Circular Details details
INFO - 2020-09-29 06:05:43 --> Controller "App\Controllers\ExamsTimetable" loaded.
INFO - 2020-09-29 06:05:43 --> Fetching Exam Details details
INFO - 2020-09-29 06:05:43 --> Fetching Exam Details details
INFO - 2020-09-29 06:05:43 --> Fetching Sections details
INFO - 2020-09-29 06:05:53 --> Controller "App\Controllers\ClassDetails" loaded.
INFO - 2020-09-29 06:05:53 --> Fetching Sections details
INFO - 2020-09-29 06:05:57 --> Controller "App\Controllers\SubjectStandards" loaded.
INFO - 2020-09-29 06:05:57 --> Fetching Subjects details
INFO - 2020-09-29 06:06:58 --> Controller "App\Controllers\ClassDetails" loaded.
INFO - 2020-09-29 06:06:58 --> Fetching Sections details
INFO - 2020-09-29 06:07:02 --> Controller "App\Controllers\SubjectStandards" loaded.
INFO - 2020-09-29 06:07:02 --> Fetching Subjects details
INFO - 2020-09-29 06:08:05 --> Controller "App\Controllers\Boards" loaded.
INFO - 2020-09-29 06:08:05 --> Controller "App\Controllers\Sections" loaded.
INFO - 2020-09-29 06:08:05 --> Controller "App\Controllers\Assignments" loaded.
INFO - 2020-09-29 06:08:05 --> Controller "App\Controllers\SubjectStandards" loaded.
INFO - 2020-09-29 06:08:05 --> Controller "App\Controllers\Academicyears" loaded.
INFO - 2020-09-29 06:08:05 --> Controller "App\Controllers\Assignments" loaded.
INFO - 2020-09-29 06:08:05 --> Fetching Assignments details
INFO - 2020-09-29 06:08:05 --> Fetching Academic year details
INFO - 2020-09-29 06:08:05 --> Fetching Assignments Details details
INFO - 2020-09-29 06:08:05 --> Fetching Subjects details
INFO - 2020-09-29 06:08:05 --> Fetching Boards details
INFO - 2020-09-29 06:08:05 --> Fetching Sections details
INFO - 2020-09-29 06:08:05 --> Controller "App\Controllers\Assignments" loaded.
INFO - 2020-09-29 06:08:05 --> Fetching Assignments Id details
INFO - 2020-09-29 06:08:05 --> Controller "App\Controllers\Assignments" loaded.
INFO - 2020-09-29 16:38:05 --> Fetching Assignments Mapped Id details
INFO - 2020-09-29 06:08:05 --> Controller "App\Controllers\Assignments" loaded.
INFO - 2020-09-29 06:08:05 --> Fetching Assignments Grade details
INFO - 2020-09-29 06:08:05 --> Controller "App\Controllers\Assignments" loaded.
INFO - 2020-09-29 06:08:05 --> Controller "App\Controllers\Sections" loaded.
INFO - 2020-09-29 06:08:05 --> Fetching Assignments Details details
INFO - 2020-09-29 06:08:05 --> Fetching Sections details
INFO - 2020-09-29 06:11:07 --> Controller "App\Controllers\Assignments" loaded.
INFO - 2020-09-29 06:11:07 --> Fetching Assignments details
INFO - 2020-09-29 06:11:10 --> Controller "App\Controllers\Assignments" loaded.
INFO - 2020-09-29 06:11:10 --> Fetching Assignments details
INFO - 2020-09-29 06:11:16 --> Controller "App\Controllers\Assignments" loaded.
INFO - 2020-09-29 06:11:16 --> Fetching Assignments details
INFO - 2020-09-29 06:15:31 --> Controller "App\Controllers\ClassDetails" loaded.
INFO - 2020-09-29 06:15:31 --> Fetching Sections details
INFO - 2020-09-29 06:20:05 --> Controller "App\Controllers\ExamDetails" loaded.
INFO - 2020-09-29 06:20:05 --> Controller "App\Controllers\ExamDetails" loaded.
INFO - 2020-09-29 06:20:05 --> Controller "App\Controllers\ExamsTimetable" loaded.
INFO - 2020-09-29 06:20:05 --> Controller "App\Controllers\ClassDetails" loaded.
INFO - 2020-09-29 06:20:05 --> Fetching Exam Details details
INFO - 2020-09-29 06:20:05 --> Fetching Circular Details details
INFO - 2020-09-29 06:20:05 --> Fetching Exam Details details
INFO - 2020-09-29 06:20:05 --> Fetching Sections details
INFO - 2020-09-29 06:21:47 --> Controller "App\Controllers\ClassDetails" loaded.
INFO - 2020-09-29 06:21:47 --> Fetching Sections details
INFO - 2020-09-29 06:21:53 --> Controller "App\Controllers\Users" loaded.
INFO - 2020-09-29 06:21:53 --> Fetching All User details
INFO - 2020-09-29 06:22:08 --> Controller "App\Controllers\ClassDetails" loaded.
INFO - 2020-09-29 06:22:08 --> Fetching Sections details
INFO - 2020-09-29 06:22:38 --> Controller "App\Controllers\ClassDetails" loaded.
INFO - 2020-09-29 06:22:38 --> Fetching Sections details
INFO - 2020-09-29 06:22:42 --> Controller "App\Controllers\SubjectStandards" loaded.
INFO - 2020-09-29 06:22:42 --> Fetching Subjects details
INFO - 2020-09-29 06:23:54 --> Controller "App\Controllers\ClassDetails" loaded.
INFO - 2020-09-29 06:23:54 --> Fetching Sections details
INFO - 2020-09-29 06:23:54 --> Controller "App\Controllers\ExamDetails" loaded.
INFO - 2020-09-29 06:23:54 --> Fetching Circular Details details
INFO - 2020-09-29 06:23:54 --> Controller "App\Controllers\ExamsTimetable" loaded.
INFO - 2020-09-29 06:23:54 --> Fetching Exam Details details
INFO - 2020-09-29 06:23:54 --> Controller "App\Controllers\ExamDetails" loaded.
INFO - 2020-09-29 06:23:54 --> Fetching Exam Details details
INFO - 2020-09-29 06:24:43 --> Controller "App\Controllers\ExamDetails" loaded.
INFO - 2020-09-29 06:24:43 --> Controller "App\Controllers\ClassDetails" loaded.
INFO - 2020-09-29 06:24:43 --> Fetching Circular Details details
INFO - 2020-09-29 06:24:43 --> Fetching Sections details
INFO - 2020-09-29 06:24:43 --> Controller "App\Controllers\ExamDetails" loaded.
INFO - 2020-09-29 06:24:43 --> Fetching Exam Details details
INFO - 2020-09-29 06:24:43 --> Controller "App\Controllers\ExamsTimetable" loaded.
INFO - 2020-09-29 06:24:43 --> Fetching Exam Details details
INFO - 2020-09-29 06:24:45 --> Controller "App\Controllers\ExamDetails" loaded.
INFO - 2020-09-29 06:24:45 --> Fetching Exam Details details
INFO - 2020-09-29 06:24:45 --> Controller "App\Controllers\ClassDetails" loaded.
INFO - 2020-09-29 06:24:45 --> Controller "App\Controllers\ExamDetails" loaded.
INFO - 2020-09-29 06:24:45 --> Controller "App\Controllers\ExamsTimetable" loaded.
INFO - 2020-09-29 06:24:45 --> Fetching Sections details
INFO - 2020-09-29 06:24:45 --> Fetching Exam Details details
INFO - 2020-09-29 06:24:45 --> Fetching Circular Details details
INFO - 2020-09-29 06:24:47 --> Controller "App\Controllers\ClassDetails" loaded.
INFO - 2020-09-29 06:24:47 --> Fetching Sections details
INFO - 2020-09-29 06:24:54 --> Controller "App\Controllers\ClassDetails" loaded.
INFO - 2020-09-29 06:24:54 --> Fetching Sections details
INFO - 2020-09-29 06:25:56 --> Controller "App\Controllers\ClassDetails" loaded.
INFO - 2020-09-29 06:25:56 --> Fetching Sections details
INFO - 2020-09-29 06:26:00 --> Controller "App\Controllers\ExamDetails" loaded.
INFO - 2020-09-29 06:26:00 --> Controller "App\Controllers\ClassDetails" loaded.
INFO - 2020-09-29 06:26:00 --> Controller "App\Controllers\ExamsTimetable" loaded.
INFO - 2020-09-29 06:26:00 --> Fetching Exam Details details
INFO - 2020-09-29 06:26:00 --> Controller "App\Controllers\ExamDetails" loaded.
INFO - 2020-09-29 06:26:00 --> Fetching Exam Details details
INFO - 2020-09-29 06:26:00 --> Fetching Sections details
INFO - 2020-09-29 06:26:00 --> Fetching Circular Details details
INFO - 2020-09-29 06:26:05 --> Controller "App\Controllers\ClassDetails" loaded.
INFO - 2020-09-29 06:26:05 --> Fetching Sections details
INFO - 2020-09-29 06:26:07 --> Controller "App\Controllers\ClassDetails" loaded.
INFO - 2020-09-29 06:26:07 --> Controller "App\Controllers\ExamDetails" loaded.
INFO - 2020-09-29 06:26:07 --> Fetching Circular Details details
INFO - 2020-09-29 06:26:07 --> Fetching Sections details
INFO - 2020-09-29 06:26:07 --> Controller "App\Controllers\ExamDetails" loaded.
INFO - 2020-09-29 06:26:07 --> Fetching Exam Details details
INFO - 2020-09-29 06:26:07 --> Controller "App\Controllers\ExamsTimetable" loaded.
INFO - 2020-09-29 06:26:07 --> Fetching Exam Details details
INFO - 2020-09-29 06:29:12 --> Controller "App\Controllers\ClassDetails" loaded.
INFO - 2020-09-29 06:29:12 --> Controller "App\Controllers\ExamDetails" loaded.
INFO - 2020-09-29 06:29:12 --> Controller "App\Controllers\ExamDetails" loaded.
INFO - 2020-09-29 06:29:12 --> Fetching Circular Details details
INFO - 2020-09-29 06:29:12 --> Fetching Exam Details details
INFO - 2020-09-29 06:29:12 --> Controller "App\Controllers\ExamsTimetable" loaded.
INFO - 2020-09-29 06:29:12 --> Fetching Sections details
INFO - 2020-09-29 06:29:12 --> Fetching Exam Details details
INFO - 2020-09-29 06:29:20 --> Controller "App\Controllers\ClassDetails" loaded.
INFO - 2020-09-29 06:29:20 --> Fetching Sections details
INFO - 2020-09-29 06:29:20 --> Controller "App\Controllers\ExamDetails" loaded.
INFO - 2020-09-29 06:29:20 --> Controller "App\Controllers\ExamDetails" loaded.
INFO - 2020-09-29 06:29:20 --> Fetching Circular Details details
INFO - 2020-09-29 06:29:20 --> Controller "App\Controllers\ExamsTimetable" loaded.
INFO - 2020-09-29 06:29:20 --> Fetching Exam Details details
INFO - 2020-09-29 06:29:20 --> Fetching Exam Details details
INFO - 2020-09-29 06:30:16 --> Controller "App\Controllers\ClassDetails" loaded.
INFO - 2020-09-29 06:30:16 --> Controller "App\Controllers\ExamDetails" loaded.
INFO - 2020-09-29 06:30:16 --> Fetching Circular Details details
INFO - 2020-09-29 06:30:16 --> Fetching Sections details
INFO - 2020-09-29 06:30:16 --> Controller "App\Controllers\ExamDetails" loaded.
INFO - 2020-09-29 06:30:16 --> Controller "App\Controllers\ExamsTimetable" loaded.
INFO - 2020-09-29 06:30:16 --> Fetching Exam Details details
INFO - 2020-09-29 06:30:16 --> Fetching Exam Details details
INFO - 2020-09-29 06:30:47 --> Controller "App\Controllers\ExamDetails" loaded.
INFO - 2020-09-29 06:30:47 --> Controller "App\Controllers\ClassDetails" loaded.
INFO - 2020-09-29 06:30:47 --> Controller "App\Controllers\ExamDetails" loaded.
INFO - 2020-09-29 06:30:47 --> Fetching Circular Details details
INFO - 2020-09-29 06:30:47 --> Fetching Sections details
INFO - 2020-09-29 06:30:47 --> Fetching Exam Details details
INFO - 2020-09-29 06:30:47 --> Controller "App\Controllers\ExamsTimetable" loaded.
INFO - 2020-09-29 06:30:47 --> Fetching Exam Details details
INFO - 2020-09-29 06:30:49 --> Controller "App\Controllers\ExamDetails" loaded.
INFO - 2020-09-29 06:30:49 --> Controller "App\Controllers\ClassDetails" loaded.
INFO - 2020-09-29 06:30:49 --> Fetching Circular Details details
INFO - 2020-09-29 06:30:49 --> Controller "App\Controllers\ExamsTimetable" loaded.
INFO - 2020-09-29 06:30:49 --> Fetching Sections details
INFO - 2020-09-29 06:30:49 --> Controller "App\Controllers\ExamDetails" loaded.
INFO - 2020-09-29 06:30:49 --> Fetching Exam Details details
INFO - 2020-09-29 06:30:49 --> Fetching Exam Details details
INFO - 2020-09-29 06:32:06 --> Controller "App\Controllers\Sections" loaded.
INFO - 2020-09-29 06:32:06 --> Controller "App\Controllers\Students" loaded.
INFO - 2020-09-29 06:32:06 --> Fetching Sections details
INFO - 2020-09-29 06:32:06 --> Fetching All Leave details
INFO - 2020-09-29 06:32:06 --> Controller "App\Controllers\Academicyears" loaded.
INFO - 2020-09-29 06:32:06 --> Fetching Academic year details
INFO - 2020-09-29 06:32:06 --> Controller "App\Controllers\Boards" loaded.
INFO - 2020-09-29 06:32:06 --> Fetching Boards details
INFO - 2020-09-29 06:32:06 --> Controller "App\Controllers\Preadmissions" loaded.
INFO - 2020-09-29 06:32:06 --> Fetching All Leave details
INFO - 2020-09-29 06:32:06 --> Controller "App\Controllers\Preadmissions" loaded.
INFO - 2020-09-29 06:32:06 --> Fetching preadmission details
INFO - 2020-09-29 06:32:06 --> Controller "App\Controllers\Preadmissions" loaded.
INFO - 2020-09-29 06:32:06 --> Fetching All Leave details
INFO - 2020-09-29 06:32:06 --> Controller "App\Controllers\Preadmissions" loaded.
INFO - 2020-09-29 06:32:06 --> Fetching All Leave details
INFO - 2020-09-29 06:32:25 --> Controller "App\Controllers\ClassDetails" loaded.
INFO - 2020-09-29 06:32:25 --> Fetching Sections details
INFO - 2020-09-29 06:33:46 --> Controller "App\Controllers\ExamDetails" loaded.
INFO - 2020-09-29 06:33:46 --> Fetching Circular Details details
INFO - 2020-09-29 06:33:48 --> Controller "App\Controllers\ExamDetails" loaded.
INFO - 2020-09-29 06:33:48 --> Fetching Circular Details details
INFO - 2020-09-29 06:34:58 --> Controller "App\Controllers\ExamDetails" loaded.
INFO - 2020-09-29 06:34:58 --> Controller "App\Controllers\ExamDetails" loaded.
INFO - 2020-09-29 06:34:58 --> Controller "App\Controllers\ClassDetails" loaded.
INFO - 2020-09-29 06:34:58 --> Fetching Exam Details details
INFO - 2020-09-29 06:34:58 --> Fetching Circular Details details
INFO - 2020-09-29 06:34:58 --> Controller "App\Controllers\ExamsTimetable" loaded.
INFO - 2020-09-29 06:34:58 --> Fetching Sections details
INFO - 2020-09-29 06:34:58 --> Fetching Exam Details details
INFO - 2020-09-29 06:35:05 --> Controller "App\Controllers\Sections" loaded.
INFO - 2020-09-29 06:35:05 --> Controller "App\Controllers\Assignments" loaded.
INFO - 2020-09-29 06:35:05 --> Controller "App\Controllers\Boards" loaded.
INFO - 2020-09-29 06:35:05 --> Controller "App\Controllers\Assignments" loaded.
INFO - 2020-09-29 06:35:05 --> Fetching Assignments details
INFO - 2020-09-29 06:35:05 --> Fetching Boards details
INFO - 2020-09-29 06:35:05 --> Fetching Assignments Details details
INFO - 2020-09-29 06:35:05 --> Fetching Sections details
INFO - 2020-09-29 06:35:05 --> Controller "App\Controllers\SubjectStandards" loaded.
INFO - 2020-09-29 06:35:05 --> Controller "App\Controllers\Academicyears" loaded.
INFO - 2020-09-29 06:35:05 --> Fetching Academic year details
INFO - 2020-09-29 06:35:05 --> Fetching Subjects details
INFO - 2020-09-29 06:35:05 --> Controller "App\Controllers\Assignments" loaded.
INFO - 2020-09-29 17:05:05 --> Fetching Assignments Mapped Id details
INFO - 2020-09-29 06:35:05 --> Controller "App\Controllers\Assignments" loaded.
INFO - 2020-09-29 06:35:05 --> Controller "App\Controllers\Assignments" loaded.
INFO - 2020-09-29 06:35:05 --> Fetching Assignments Grade details
INFO - 2020-09-29 06:35:05 --> Fetching Assignments Id details
INFO - 2020-09-29 06:35:05 --> Controller "App\Controllers\Sections" loaded.
INFO - 2020-09-29 06:35:05 --> Fetching Sections details
INFO - 2020-09-29 06:35:05 --> Controller "App\Controllers\Assignments" loaded.
INFO - 2020-09-29 06:35:05 --> Fetching Assignments Details details
INFO - 2020-09-29 06:35:31 --> Controller "App\Controllers\ClassDetails" loaded.
INFO - 2020-09-29 06:35:31 --> Controller "App\Controllers\ExamsTimetable" loaded.
INFO - 2020-09-29 06:35:31 --> Controller "App\Controllers\ExamDetails" loaded.
INFO - 2020-09-29 06:35:31 --> Fetching Sections details
INFO - 2020-09-29 06:35:31 --> Fetching Circular Details details
INFO - 2020-09-29 06:35:31 --> Fetching Exam Details details
INFO - 2020-09-29 06:35:31 --> Controller "App\Controllers\ExamDetails" loaded.
INFO - 2020-09-29 06:35:31 --> Fetching Exam Details details
INFO - 2020-09-29 06:37:02 --> Controller "App\Controllers\Boards" loaded.
INFO - 2020-09-29 06:37:02 --> Fetching Boards details
INFO - 2020-09-29 06:37:02 --> Controller "App\Controllers\Sections" loaded.
INFO - 2020-09-29 06:37:02 --> Fetching Sections details
INFO - 2020-09-29 06:37:02 --> Controller "App\Controllers\SubjectStandards" loaded.
INFO - 2020-09-29 06:37:02 --> Controller "App\Controllers\Assignments" loaded.
INFO - 2020-09-29 06:37:02 --> Fetching Assignments Details details
INFO - 2020-09-29 06:37:02 --> Fetching Subjects details
INFO - 2020-09-29 06:37:02 --> Controller "App\Controllers\Academicyears" loaded.
INFO - 2020-09-29 06:37:02 --> Controller "App\Controllers\Assignments" loaded.
INFO - 2020-09-29 06:37:02 --> Fetching Academic year details
INFO - 2020-09-29 06:37:02 --> Fetching Assignments details
INFO - 2020-09-29 06:37:02 --> Controller "App\Controllers\Assignments" loaded.
INFO - 2020-09-29 06:37:02 --> Fetching Assignments Id details
INFO - 2020-09-29 06:37:02 --> Controller "App\Controllers\Assignments" loaded.
INFO - 2020-09-29 17:07:02 --> Fetching Assignments Mapped Id details
INFO - 2020-09-29 06:37:02 --> Controller "App\Controllers\Assignments" loaded.
INFO - 2020-09-29 06:37:02 --> Fetching Assignments Grade details
INFO - 2020-09-29 06:37:02 --> Controller "App\Controllers\Sections" loaded.
INFO - 2020-09-29 06:37:02 --> Controller "App\Controllers\Assignments" loaded.
INFO - 2020-09-29 06:37:02 --> Fetching Sections details
INFO - 2020-09-29 06:37:02 --> Fetching Assignments Details details
INFO - 2020-09-29 06:39:31 --> Controller "App\Controllers\Preadmissions" loaded.
INFO - 2020-09-29 06:39:31 --> Fetching preadmission details
INFO - 2020-09-29 06:39:37 --> Controller "App\Controllers\Preadmissions" loaded.
INFO - 2020-09-29 06:39:37 --> Fetching preadmission details
INFO - 2020-09-29 06:40:07 --> Controller "App\Controllers\Preadmissions" loaded.
INFO - 2020-09-29 06:40:07 --> Fetching Leave details with Id
INFO - 2020-09-29 06:40:35 --> Controller "App\Controllers\Assignments" loaded.
INFO - 2020-09-29 06:40:35 --> Controller "App\Controllers\SubjectStandards" loaded.
INFO - 2020-09-29 06:40:35 --> Fetching Assignments Details details
INFO - 2020-09-29 06:40:35 --> Controller "App\Controllers\Assignments" loaded.
INFO - 2020-09-29 06:40:35 --> Controller "App\Controllers\Academicyears" loaded.
INFO - 2020-09-29 06:40:35 --> Controller "App\Controllers\Boards" loaded.
INFO - 2020-09-29 06:40:35 --> Fetching Assignments details
INFO - 2020-09-29 06:40:35 --> Fetching Subjects details
INFO - 2020-09-29 06:40:35 --> Fetching Academic year details
INFO - 2020-09-29 06:40:35 --> Controller "App\Controllers\Sections" loaded.
INFO - 2020-09-29 06:40:35 --> Fetching Boards details
INFO - 2020-09-29 06:40:35 --> Fetching Sections details
INFO - 2020-09-29 06:40:35 --> Controller "App\Controllers\Assignments" loaded.
INFO - 2020-09-29 06:40:35 --> Fetching Assignments Id details
INFO - 2020-09-29 06:40:35 --> Controller "App\Controllers\Assignments" loaded.
INFO - 2020-09-29 06:40:35 --> Controller "App\Controllers\Assignments" loaded.
INFO - 2020-09-29 06:40:35 --> Fetching Assignments Grade details
INFO - 2020-09-29 17:10:35 --> Fetching Assignments Mapped Id details
INFO - 2020-09-29 06:40:35 --> Controller "App\Controllers\Assignments" loaded.
INFO - 2020-09-29 06:40:35 --> Fetching Assignments Details details
INFO - 2020-09-29 06:40:35 --> Controller "App\Controllers\Sections" loaded.
INFO - 2020-09-29 06:40:35 --> Fetching Sections details
INFO - 2020-09-29 06:40:36 --> Controller "App\Controllers\ExamDetails" loaded.
INFO - 2020-09-29 06:40:36 --> Controller "App\Controllers\ExamsTimetable" loaded.
INFO - 2020-09-29 06:40:36 --> Controller "App\Controllers\ClassDetails" loaded.
INFO - 2020-09-29 06:40:36 --> Controller "App\Controllers\ExamDetails" loaded.
INFO - 2020-09-29 06:40:36 --> Fetching Exam Details details
INFO - 2020-09-29 06:40:36 --> Fetching Exam Details details
INFO - 2020-09-29 06:40:36 --> Fetching Circular Details details
INFO - 2020-09-29 06:40:36 --> Fetching Sections details
INFO - 2020-09-29 06:40:44 --> Controller "App\Controllers\Sections" loaded.
INFO - 2020-09-29 06:40:44 --> Controller "App\Controllers\Students" loaded.
INFO - 2020-09-29 06:40:44 --> Fetching All Leave details
INFO - 2020-09-29 06:40:44 --> Fetching Sections details
INFO - 2020-09-29 06:40:44 --> Controller "App\Controllers\Academicyears" loaded.
INFO - 2020-09-29 06:40:44 --> Fetching Academic year details
INFO - 2020-09-29 06:40:44 --> Controller "App\Controllers\Preadmissions" loaded.
INFO - 2020-09-29 06:40:44 --> Controller "App\Controllers\Boards" loaded.
INFO - 2020-09-29 06:40:44 --> Fetching All Leave details
INFO - 2020-09-29 06:40:44 --> Fetching Boards details
INFO - 2020-09-29 06:40:44 --> Controller "App\Controllers\Preadmissions" loaded.
INFO - 2020-09-29 06:40:44 --> Fetching preadmission details
INFO - 2020-09-29 06:40:44 --> Controller "App\Controllers\Preadmissions" loaded.
INFO - 2020-09-29 06:40:44 --> Fetching All Leave details
INFO - 2020-09-29 06:40:44 --> Controller "App\Controllers\Preadmissions" loaded.
INFO - 2020-09-29 06:40:44 --> Fetching All Leave details
INFO - 2020-09-29 06:40:50 --> Controller "App\Controllers\Preadmissions" loaded.
INFO - 2020-09-29 06:40:50 --> Fetching preadmission details
INFO - 2020-09-29 06:40:53 --> Controller "App\Controllers\Preadmissions" loaded.
INFO - 2020-09-29 06:40:53 --> Fetching Leave details with Id
INFO - 2020-09-29 06:41:37 --> Controller "App\Controllers\Preadmissions" loaded.
INFO - 2020-09-29 06:41:37 --> Update student details
INFO - 2020-09-29 06:41:58 --> Controller "App\Controllers\Academicyears" loaded.
INFO - 2020-09-29 06:41:58 --> Controller "App\Controllers\SubjectStandards" loaded.
INFO - 2020-09-29 06:41:58 --> Controller "App\Controllers\Sections" loaded.
INFO - 2020-09-29 06:41:58 --> Controller "App\Controllers\Assignments" loaded.
INFO - 2020-09-29 06:41:58 --> Fetching Subjects details
INFO - 2020-09-29 06:41:58 --> Controller "App\Controllers\Boards" loaded.
INFO - 2020-09-29 06:41:58 --> Controller "App\Controllers\Assignments" loaded.
INFO - 2020-09-29 06:41:58 --> Fetching Sections details
INFO - 2020-09-29 06:41:58 --> Fetching Academic year details
INFO - 2020-09-29 06:41:58 --> Fetching Assignments details
INFO - 2020-09-29 06:41:58 --> Fetching Boards details
INFO - 2020-09-29 06:41:58 --> Fetching Assignments Details details
INFO - 2020-09-29 06:41:58 --> Controller "App\Controllers\Assignments" loaded.
INFO - 2020-09-29 06:41:58 --> Controller "App\Controllers\Assignments" loaded.
INFO - 2020-09-29 06:41:58 --> Controller "App\Controllers\ExamDetails" loaded.
INFO - 2020-09-29 06:41:58 --> Fetching Assignments Id details
INFO - 2020-09-29 06:41:58 --> Controller "App\Controllers\ExamDetails" loaded.
INFO - 2020-09-29 06:41:58 --> Fetching Circular Details details
INFO - 2020-09-29 06:41:58 --> Fetching Assignments Grade details
INFO - 2020-09-29 06:41:58 --> Controller "App\Controllers\ClassDetails" loaded.
INFO - 2020-09-29 06:41:58 --> Controller "App\Controllers\Assignments" loaded.
INFO - 2020-09-29 06:41:58 --> Fetching Exam Details details
INFO - 2020-09-29 17:11:58 --> Fetching Assignments Mapped Id details
INFO - 2020-09-29 06:41:58 --> Fetching Sections details
INFO - 2020-09-29 06:41:58 --> Controller "App\Controllers\Assignments" loaded.
INFO - 2020-09-29 06:41:58 --> Controller "App\Controllers\ExamsTimetable" loaded.
INFO - 2020-09-29 06:41:58 --> Fetching Exam Details details
INFO - 2020-09-29 06:41:58 --> Controller "App\Controllers\Sections" loaded.
INFO - 2020-09-29 06:41:58 --> Fetching Assignments Details details
INFO - 2020-09-29 06:41:58 --> Fetching Sections details
INFO - 2020-09-29 06:41:59 --> Controller "App\Controllers\Sections" loaded.
INFO - 2020-09-29 06:41:59 --> Fetching Sections details
INFO - 2020-09-29 06:41:59 --> Controller "App\Controllers\Students" loaded.
INFO - 2020-09-29 06:41:59 --> Fetching All Leave details
INFO - 2020-09-29 06:41:59 --> Controller "App\Controllers\Academicyears" loaded.
INFO - 2020-09-29 06:41:59 --> Fetching Academic year details
INFO - 2020-09-29 06:41:59 --> Controller "App\Controllers\Boards" loaded.
INFO - 2020-09-29 06:41:59 --> Fetching Boards details
INFO - 2020-09-29 06:41:59 --> Controller "App\Controllers\Preadmissions" loaded.
INFO - 2020-09-29 06:41:59 --> Fetching All Leave details
INFO - 2020-09-29 06:41:59 --> Controller "App\Controllers\Preadmissions" loaded.
INFO - 2020-09-29 06:41:59 --> Fetching All Leave details
INFO - 2020-09-29 06:41:59 --> Controller "App\Controllers\Preadmissions" loaded.
INFO - 2020-09-29 06:41:59 --> Fetching All Leave details
INFO - 2020-09-29 06:41:59 --> Controller "App\Controllers\Preadmissions" loaded.
INFO - 2020-09-29 06:41:59 --> Fetching preadmission details
INFO - 2020-09-29 06:42:07 --> Controller "App\Controllers\Preadmissions" loaded.
INFO - 2020-09-29 06:42:07 --> Fetching preadmission details
INFO - 2020-09-29 06:42:19 --> Controller "App\Controllers\Preadmissions" loaded.
INFO - 2020-09-29 06:42:19 --> Fetching Leave details with Id
INFO - 2020-09-29 06:43:38 --> Controller "App\Controllers\Preadmissions" loaded.
INFO - 2020-09-29 06:43:38 --> Fetching preadmission details
INFO - 2020-09-29 06:46:26 --> Controller "App\Controllers\ClassDetails" loaded.
INFO - 2020-09-29 06:46:26 --> Fetching Sections details
INFO - 2020-09-29 06:46:26 --> Controller "App\Controllers\ExamDetails" loaded.
INFO - 2020-09-29 06:46:26 --> Fetching Circular Details details
INFO - 2020-09-29 06:46:26 --> Controller "App\Controllers\ExamDetails" loaded.
INFO - 2020-09-29 06:46:26 --> Controller "App\Controllers\ExamsTimetable" loaded.
INFO - 2020-09-29 06:46:26 --> Fetching Exam Details details
INFO - 2020-09-29 06:46:26 --> Fetching Exam Details details
INFO - 2020-09-29 06:46:55 --> Controller "App\Controllers\ClassDetails" loaded.
INFO - 2020-09-29 06:46:55 --> Fetching Sections details
INFO - 2020-09-29 06:46:55 --> Controller "App\Controllers\MessageGroups" loaded.
INFO - 2020-09-29 06:46:55 --> Fetching MessageGroups details
INFO - 2020-09-29 06:46:55 --> Controller "App\Controllers\Dashboards" loaded.
INFO - 2020-09-29 06:46:55 --> Fetching Dashboard details
INFO - 2020-09-29 06:46:55 --> Controller "App\Controllers\Boards" loaded.
INFO - 2020-09-29 06:46:55 --> Fetching Boards details
INFO - 2020-09-29 06:46:55 --> Controller "App\Controllers\Students" loaded.
INFO - 2020-09-29 06:46:55 --> Fetching All Leave details
INFO - 2020-09-29 06:46:55 --> Controller "App\Controllers\Users" loaded.
INFO - 2020-09-29 06:46:55 --> Fetching All User details
INFO - 2020-09-29 06:46:55 --> Controller "App\Controllers\MessageCenter" loaded.
INFO - 2020-09-29 06:46:55 --> Fetching MessageCenter details
INFO - 2020-09-29 06:48:47 --> Controller "App\Controllers\Boards" loaded.
INFO - 2020-09-29 06:48:47 --> Fetching Boards details
INFO - 2020-09-29 06:48:47 --> Controller "App\Controllers\Sections" loaded.
INFO - 2020-09-29 06:48:47 --> Controller "App\Controllers\SubjectStandards" loaded.
INFO - 2020-09-29 06:48:47 --> Controller "App\Controllers\Academicyears" loaded.
INFO - 2020-09-29 06:48:47 --> Controller "App\Controllers\Assignments" loaded.
INFO - 2020-09-29 06:48:47 --> Fetching Sections details
INFO - 2020-09-29 06:48:47 --> Controller "App\Controllers\Assignments" loaded.
INFO - 2020-09-29 06:48:47 --> Fetching Assignments Details details
INFO - 2020-09-29 06:48:47 --> Fetching Academic year details
INFO - 2020-09-29 06:48:47 --> Fetching Subjects details
INFO - 2020-09-29 06:48:47 --> Fetching Assignments details
INFO - 2020-09-29 06:48:47 --> Controller "App\Controllers\Assignments" loaded.
INFO - 2020-09-29 06:48:47 --> Fetching Assignments Id details
INFO - 2020-09-29 06:48:47 --> Controller "App\Controllers\Assignments" loaded.
INFO - 2020-09-29 17:18:47 --> Fetching Assignments Mapped Id details
INFO - 2020-09-29 06:48:47 --> Controller "App\Controllers\Assignments" loaded.
INFO - 2020-09-29 06:48:47 --> Fetching Assignments Grade details
INFO - 2020-09-29 06:48:47 --> Controller "App\Controllers\Sections" loaded.
INFO - 2020-09-29 06:48:47 --> Controller "App\Controllers\Assignments" loaded.
INFO - 2020-09-29 06:48:47 --> Fetching Assignments Details details
INFO - 2020-09-29 06:48:47 --> Fetching Sections details
INFO - 2020-09-29 06:49:39 --> Controller "App\Controllers\Sections" loaded.
INFO - 2020-09-29 06:49:39 --> Controller "App\Controllers\Assignments" loaded.
INFO - 2020-09-29 06:49:39 --> Controller "App\Controllers\SubjectStandards" loaded.
INFO - 2020-09-29 06:49:39 --> Fetching Subjects details
INFO - 2020-09-29 06:49:39 --> Fetching Sections details
INFO - 2020-09-29 06:49:39 --> Controller "App\Controllers\Academicyears" loaded.
INFO - 2020-09-29 06:49:39 --> Controller "App\Controllers\Boards" loaded.
INFO - 2020-09-29 06:49:39 --> Fetching Academic year details
INFO - 2020-09-29 06:49:39 --> Fetching Assignments Details details
INFO - 2020-09-29 06:49:39 --> Fetching Boards details
INFO - 2020-09-29 06:49:39 --> Controller "App\Controllers\Assignments" loaded.
INFO - 2020-09-29 06:49:39 --> Fetching Assignments details
INFO - 2020-09-29 06:49:39 --> Controller "App\Controllers\Assignments" loaded.
INFO - 2020-09-29 06:49:39 --> Controller "App\Controllers\Assignments" loaded.
INFO - 2020-09-29 06:49:39 --> Fetching Assignments Id details
INFO - 2020-09-29 06:49:39 --> Controller "App\Controllers\Assignments" loaded.
INFO - 2020-09-29 17:19:39 --> Fetching Assignments Mapped Id details
INFO - 2020-09-29 06:49:39 --> Fetching Assignments Grade details
INFO - 2020-09-29 06:49:39 --> Controller "App\Controllers\Sections" loaded.
INFO - 2020-09-29 06:49:39 --> Controller "App\Controllers\Assignments" loaded.
INFO - 2020-09-29 06:49:39 --> Fetching Assignments Details details
INFO - 2020-09-29 06:49:39 --> Fetching Sections details
INFO - 2020-09-29 06:49:42 --> Controller "App\Controllers\MessageCenter" loaded.
INFO - 2020-09-29 06:49:42 --> Fetching MessageCenter details
INFO - 2020-09-29 06:50:05 --> Controller "App\Controllers\ExamDetails" loaded.
INFO - 2020-09-29 06:50:05 --> Controller "App\Controllers\ClassDetails" loaded.
INFO - 2020-09-29 06:50:05 --> Controller "App\Controllers\ExamsTimetable" loaded.
INFO - 2020-09-29 06:50:05 --> Fetching Exam Details details
INFO - 2020-09-29 06:50:05 --> Fetching Exam Details details
INFO - 2020-09-29 06:50:05 --> Fetching Sections details
INFO - 2020-09-29 06:50:05 --> Controller "App\Controllers\ExamDetails" loaded.
INFO - 2020-09-29 06:50:05 --> Fetching Circular Details details
INFO - 2020-09-29 06:50:10 --> Controller "App\Controllers\ClassDetails" loaded.
INFO - 2020-09-29 06:50:10 --> Controller "App\Controllers\MessageGroups" loaded.
INFO - 2020-09-29 06:50:10 --> Fetching MessageGroups details
INFO - 2020-09-29 06:50:10 --> Fetching Sections details
INFO - 2020-09-29 06:50:10 --> Controller "App\Controllers\Dashboards" loaded.
INFO - 2020-09-29 06:50:10 --> Fetching Dashboard details
INFO - 2020-09-29 06:50:10 --> Controller "App\Controllers\Boards" loaded.
INFO - 2020-09-29 06:50:10 --> Controller "App\Controllers\Students" loaded.
INFO - 2020-09-29 06:50:10 --> Fetching Boards details
INFO - 2020-09-29 06:50:10 --> Fetching All Leave details
INFO - 2020-09-29 06:50:10 --> Controller "App\Controllers\Users" loaded.
INFO - 2020-09-29 06:50:10 --> Fetching All User details
INFO - 2020-09-29 06:50:11 --> Controller "App\Controllers\MessageCenter" loaded.
INFO - 2020-09-29 06:50:11 --> Fetching MessageCenter details
INFO - 2020-09-29 06:50:31 --> Controller "App\Controllers\MessageCenter" loaded.
INFO - 2020-09-29 06:50:31 --> Fetching MessageCenter details
INFO - 2020-09-29 06:51:19 --> Controller "App\Controllers\ClassDetails" loaded.
INFO - 2020-09-29 06:51:19 --> Fetching Sections details
INFO - 2020-09-29 06:51:19 --> Controller "App\Controllers\MessageGroups" loaded.
INFO - 2020-09-29 06:51:19 --> Fetching MessageGroups details
INFO - 2020-09-29 06:51:19 --> Controller "App\Controllers\Dashboards" loaded.
INFO - 2020-09-29 06:51:19 --> Controller "App\Controllers\Users" loaded.
INFO - 2020-09-29 06:51:19 --> Fetching All User details
INFO - 2020-09-29 06:51:19 --> Fetching Dashboard details
INFO - 2020-09-29 06:53:16 --> Controller "App\Controllers\ClassDetails" loaded.
INFO - 2020-09-29 06:53:16 --> Controller "App\Controllers\ExamDetails" loaded.
INFO - 2020-09-29 06:53:16 --> Controller "App\Controllers\ExamDetails" loaded.
INFO - 2020-09-29 06:53:16 --> Fetching Sections details
INFO - 2020-09-29 06:53:16 --> Fetching Circular Details details
INFO - 2020-09-29 06:53:16 --> Controller "App\Controllers\ExamsTimetable" loaded.
INFO - 2020-09-29 06:53:16 --> Fetching Exam Details details
INFO - 2020-09-29 06:53:16 --> Fetching Exam Details details
INFO - 2020-09-29 06:53:33 --> Controller "App\Controllers\ClassDetails" loaded.
INFO - 2020-09-29 06:53:33 --> Fetching Sections details
INFO - 2020-09-29 06:53:33 --> Controller "App\Controllers\MessageGroups" loaded.
INFO - 2020-09-29 06:53:33 --> Fetching MessageGroups details
INFO - 2020-09-29 06:53:33 --> Controller "App\Controllers\Dashboards" loaded.
INFO - 2020-09-29 06:53:33 --> Fetching Dashboard details
INFO - 2020-09-29 06:54:08 --> Controller "App\Controllers\Students" loaded.
INFO - 2020-09-29 06:54:08 --> Fetching All Leave details
INFO - 2020-09-29 06:54:08 --> Controller "App\Controllers\ClassDetails" loaded.
INFO - 2020-09-29 06:54:08 --> Fetching Sections details
INFO - 2020-09-29 06:54:40 --> Controller "App\Controllers\Students" loaded.
INFO - 2020-09-29 06:54:40 --> Fetching All Leave details
INFO - 2020-09-29 06:54:40 --> Controller "App\Controllers\ClassDetails" loaded.
INFO - 2020-09-29 06:54:40 --> Fetching Sections details
INFO - 2020-09-29 06:54:52 --> Controller "App\Controllers\Students" loaded.
INFO - 2020-09-29 06:54:52 --> Fetching All Leave details
INFO - 2020-09-29 06:54:52 --> Controller "App\Controllers\ClassDetails" loaded.
INFO - 2020-09-29 06:54:52 --> Fetching Sections details
INFO - 2020-09-29 06:54:59 --> Controller "App\Controllers\Students" loaded.
INFO - 2020-09-29 06:54:59 --> Controller "App\Controllers\ClassDetails" loaded.
INFO - 2020-09-29 06:54:59 --> Fetching All Leave details
INFO - 2020-09-29 06:54:59 --> Fetching Sections details
INFO - 2020-09-29 06:55:06 --> Controller "App\Controllers\Students" loaded.
INFO - 2020-09-29 06:55:06 --> Fetching All Leave details
INFO - 2020-09-29 06:55:06 --> Controller "App\Controllers\ClassDetails" loaded.
INFO - 2020-09-29 06:55:06 --> Fetching Sections details
INFO - 2020-09-29 06:56:31 --> Controller "App\Controllers\MessageGroups" loaded.
INFO - 2020-09-29 06:56:31 --> Fetching MessageGroups details
INFO - 2020-09-29 06:56:45 --> Controller "App\Controllers\GroupMembers" loaded.
INFO - 2020-09-29 06:56:45 --> Fetching GroupMembers details
INFO - 2020-09-29 06:57:27 --> Controller "App\Controllers\MessageGroups" loaded.
INFO - 2020-09-29 06:57:27 --> Fetching MessageGroups details
INFO - 2020-09-29 06:58:15 --> Controller "App\Controllers\MessageGroups" loaded.
INFO - 2020-09-29 06:58:15 --> Fetching MessageGroups details
INFO - 2020-09-29 06:58:24 --> Controller "App\Controllers\MessageCenter" loaded.
INFO - 2020-09-29 06:58:24 --> Fetching message group details
INFO - 2020-09-29 06:59:39 --> Controller "App\Controllers\MessageGroups" loaded.
INFO - 2020-09-29 06:59:39 --> Fetching MessageGroups details
INFO - 2020-09-29 06:59:45 --> Controller "App\Controllers\MessageGroups" loaded.
INFO - 2020-09-29 06:59:45 --> Fetching MessageGroups details
INFO - 2020-09-29 06:59:58 --> Controller "App\Controllers\GroupMembers" loaded.
INFO - 2020-09-29 06:59:58 --> Fetching GroupMembers details
INFO - 2020-09-29 07:00:03 --> Controller "App\Controllers\MessageGroups" loaded.
INFO - 2020-09-29 07:00:03 --> Fetching MessageGroups details
INFO - 2020-09-29 07:00:12 --> Controller "App\Controllers\MessageGroups" loaded.
INFO - 2020-09-29 07:00:12 --> Fetching MessageGroups details
INFO - 2020-09-29 07:00:25 --> Controller "App\Controllers\MessageGroups" loaded.
INFO - 2020-09-29 07:00:25 --> Fetching MessageGroups details
INFO - 2020-09-29 07:01:34 --> Controller "App\Controllers\ExamDetails" loaded.
INFO - 2020-09-29 07:01:34 --> Controller "App\Controllers\ClassDetails" loaded.
INFO - 2020-09-29 07:01:34 --> Fetching Exam Details details
INFO - 2020-09-29 07:01:34 --> Controller "App\Controllers\ExamDetails" loaded.
INFO - 2020-09-29 07:01:34 --> Fetching Circular Details details
INFO - 2020-09-29 07:01:34 --> Fetching Sections details
INFO - 2020-09-29 07:01:34 --> Controller "App\Controllers\ExamsTimetable" loaded.
INFO - 2020-09-29 07:01:34 --> Fetching Exam Details details
INFO - 2020-09-29 07:01:47 --> Controller "App\Controllers\ClassDetails" loaded.
INFO - 2020-09-29 07:01:47 --> Fetching Sections details
INFO - 2020-09-29 07:01:47 --> Controller "App\Controllers\MessageGroups" loaded.
INFO - 2020-09-29 07:01:47 --> Fetching MessageGroups details
INFO - 2020-09-29 07:01:47 --> Controller "App\Controllers\Dashboards" loaded.
INFO - 2020-09-29 07:01:47 --> Fetching Dashboard details
INFO - 2020-09-29 07:01:47 --> Controller "App\Controllers\Boards" loaded.
INFO - 2020-09-29 07:01:47 --> Fetching Boards details
INFO - 2020-09-29 07:01:47 --> Controller "App\Controllers\Students" loaded.
INFO - 2020-09-29 07:01:47 --> Fetching All Leave details
INFO - 2020-09-29 07:01:47 --> Controller "App\Controllers\Users" loaded.
INFO - 2020-09-29 07:01:47 --> Fetching All User details
INFO - 2020-09-29 07:01:47 --> Controller "App\Controllers\MessageCenter" loaded.
INFO - 2020-09-29 07:01:47 --> Fetching MessageCenter details
INFO - 2020-09-29 07:01:49 --> Controller "App\Controllers\ClassDetails" loaded.
INFO - 2020-09-29 07:01:49 --> Controller "App\Controllers\MessageGroups" loaded.
INFO - 2020-09-29 07:01:49 --> Fetching Sections details
INFO - 2020-09-29 07:01:49 --> Controller "App\Controllers\Dashboards" loaded.
INFO - 2020-09-29 07:01:49 --> Fetching MessageGroups details
INFO - 2020-09-29 07:01:49 --> Fetching Dashboard details
INFO - 2020-09-29 07:01:49 --> Controller "App\Controllers\Users" loaded.
INFO - 2020-09-29 07:01:49 --> Fetching All User details
INFO - 2020-09-29 07:04:17 --> Controller "App\Controllers\Feedbacks" loaded.
INFO - 2020-09-29 07:04:17 --> Controller "App\Controllers\Feedbacks" loaded.
INFO - 2020-09-29 07:04:17 --> Fetching Feedbacks Details details
INFO - 2020-09-29 07:04:17 --> Fetching Feedback details
INFO - 2020-09-29 07:04:31 --> Controller "App\Controllers\Feedbacks" loaded.
INFO - 2020-09-29 07:04:31 --> Fetching Feedback details
INFO - 2020-09-29 07:05:44 --> Controller "App\Controllers\ClassDetails" loaded.
INFO - 2020-09-29 07:05:44 --> Fetching Sections details
INFO - 2020-09-29 07:05:44 --> Controller "App\Controllers\ExamDetails" loaded.
INFO - 2020-09-29 07:05:44 --> Fetching Exam Details details
INFO - 2020-09-29 07:05:44 --> Controller "App\Controllers\ExamDetails" loaded.
INFO - 2020-09-29 07:05:44 --> Fetching Circular Details details
INFO - 2020-09-29 07:05:44 --> Controller "App\Controllers\ExamsTimetable" loaded.
INFO - 2020-09-29 07:05:44 --> Fetching Exam Details details
INFO - 2020-09-29 07:05:54 --> Controller "App\Controllers\Feedbacks" loaded.
INFO - 2020-09-29 07:05:54 --> Fetching Feedbacks Details details
INFO - 2020-09-29 07:05:54 --> Controller "App\Controllers\Feedbacks" loaded.
INFO - 2020-09-29 07:05:54 --> Fetching Feedback details
INFO - 2020-09-29 07:07:17 --> Controller "App\Controllers\ClassDetails" loaded.
INFO - 2020-09-29 07:07:17 --> Controller "App\Controllers\ExamDetails" loaded.
INFO - 2020-09-29 07:07:17 --> Controller "App\Controllers\ExamsTimetable" loaded.
INFO - 2020-09-29 07:07:17 --> Controller "App\Controllers\ExamDetails" loaded.
INFO - 2020-09-29 07:07:17 --> Fetching Exam Details details
INFO - 2020-09-29 07:07:17 --> Fetching Exam Details details
INFO - 2020-09-29 07:07:17 --> Fetching Circular Details details
INFO - 2020-09-29 07:07:17 --> Fetching Sections details
INFO - 2020-09-29 07:07:18 --> Controller "App\Controllers\Feedbacks" loaded.
INFO - 2020-09-29 07:07:18 --> Fetching Feedbacks Details details
INFO - 2020-09-29 07:07:19 --> Controller "App\Controllers\Feedbacks" loaded.
INFO - 2020-09-29 07:07:19 --> Fetching Feedback details
INFO - 2020-09-29 07:08:01 --> Controller "App\Controllers\Feedbacks" loaded.
INFO - 2020-09-29 07:08:01 --> Fetching Feedback details
INFO - 2020-09-29 07:08:06 --> Controller "App\Controllers\ClassDetails" loaded.
INFO - 2020-09-29 07:08:06 --> Controller "App\Controllers\ExamDetails" loaded.
INFO - 2020-09-29 07:08:06 --> Controller "App\Controllers\ExamsTimetable" loaded.
INFO - 2020-09-29 07:08:06 --> Fetching Circular Details details
INFO - 2020-09-29 07:08:06 --> Fetching Exam Details details
INFO - 2020-09-29 07:08:06 --> Fetching Sections details
INFO - 2020-09-29 07:08:06 --> Controller "App\Controllers\ExamDetails" loaded.
INFO - 2020-09-29 07:08:06 --> Fetching Exam Details details
INFO - 2020-09-29 07:08:11 --> Controller "App\Controllers\Feedbacks" loaded.
INFO - 2020-09-29 07:08:11 --> Fetching Feedbacks Details details
INFO - 2020-09-29 07:08:11 --> Controller "App\Controllers\Feedbacks" loaded.
INFO - 2020-09-29 07:08:11 --> Fetching Feedback details
INFO - 2020-09-29 07:08:13 --> Controller "App\Controllers\Feedbacks" loaded.
INFO - 2020-09-29 07:08:13 --> Fetching Feedback details
INFO - 2020-09-29 07:09:09 --> Controller "App\Controllers\Feedbacks" loaded.
INFO - 2020-09-29 07:09:09 --> Fetching Feedbacks Details details
INFO - 2020-09-29 07:09:09 --> Controller "App\Controllers\Feedbacks" loaded.
INFO - 2020-09-29 07:09:09 --> Fetching Feedback details
INFO - 2020-09-29 07:09:12 --> Controller "App\Controllers\Feedbacks" loaded.
INFO - 2020-09-29 07:09:12 --> Fetching Feedback details
INFO - 2020-09-29 07:09:44 --> Controller "App\Controllers\ExamDetails" loaded.
INFO - 2020-09-29 07:09:44 --> Controller "App\Controllers\ClassDetails" loaded.
INFO - 2020-09-29 07:09:44 --> Controller "App\Controllers\ExamDetails" loaded.
INFO - 2020-09-29 07:09:44 --> Fetching Exam Details details
INFO - 2020-09-29 07:09:44 --> Fetching Circular Details details
INFO - 2020-09-29 07:09:44 --> Fetching Sections details
INFO - 2020-09-29 07:09:44 --> Controller "App\Controllers\ExamsTimetable" loaded.
INFO - 2020-09-29 07:09:44 --> Fetching Exam Details details
INFO - 2020-09-29 07:09:57 --> Controller "App\Controllers\Feedbacks" loaded.
INFO - 2020-09-29 07:09:57 --> Controller "App\Controllers\Feedbacks" loaded.
INFO - 2020-09-29 07:09:57 --> Fetching Feedback details
INFO - 2020-09-29 07:09:57 --> Fetching Feedbacks Details details
INFO - 2020-09-29 07:10:02 --> Controller "App\Controllers\Feedbacks" loaded.
INFO - 2020-09-29 07:10:02 --> Fetching Feedback details
INFO - 2020-09-29 07:10:29 --> Controller "App\Controllers\ClassDetails" loaded.
INFO - 2020-09-29 07:10:29 --> Fetching Sections details
INFO - 2020-09-29 07:10:29 --> Controller "App\Controllers\ExamDetails" loaded.
INFO - 2020-09-29 07:10:29 --> Fetching Circular Details details
INFO - 2020-09-29 07:10:29 --> Controller "App\Controllers\ExamDetails" loaded.
INFO - 2020-09-29 07:10:29 --> Fetching Exam Details details
INFO - 2020-09-29 07:10:29 --> Controller "App\Controllers\ExamsTimetable" loaded.
INFO - 2020-09-29 07:10:29 --> Fetching Exam Details details
INFO - 2020-09-29 07:10:33 --> Controller "App\Controllers\TicketSystems" loaded.
INFO - 2020-09-29 07:10:33 --> Controller "App\Controllers\TicketSystems" loaded.
INFO - 2020-09-29 07:10:33 --> Fetching Feedback details
INFO - 2020-09-29 07:10:33 --> Fetching Feedbacks Details details
INFO - 2020-09-29 07:10:47 --> Controller "App\Controllers\TicketSystems" loaded.
INFO - 2020-09-29 07:10:47 --> Fetching Feedbacks Details details
INFO - 2020-09-29 07:10:48 --> Controller "App\Controllers\TicketSystems" loaded.
INFO - 2020-09-29 07:10:48 --> Fetching Feedback details
INFO - 2020-09-29 07:12:31 --> Controller "App\Controllers\ClassDetails" loaded.
INFO - 2020-09-29 07:12:31 --> Controller "App\Controllers\ExamDetails" loaded.
INFO - 2020-09-29 07:12:31 --> Controller "App\Controllers\ExamsTimetable" loaded.
INFO - 2020-09-29 07:12:31 --> Fetching Exam Details details
INFO - 2020-09-29 07:12:31 --> Fetching Exam Details details
INFO - 2020-09-29 07:12:31 --> Controller "App\Controllers\ExamDetails" loaded.
INFO - 2020-09-29 07:12:31 --> Fetching Sections details
INFO - 2020-09-29 07:12:31 --> Fetching Circular Details details
INFO - 2020-09-29 07:13:28 --> Controller "App\Controllers\ClassDetails" loaded.
INFO - 2020-09-29 07:13:28 --> Controller "App\Controllers\ExamDetails" loaded.
INFO - 2020-09-29 07:13:28 --> Fetching Circular Details details
INFO - 2020-09-29 07:13:28 --> Controller "App\Controllers\ExamsTimetable" loaded.
INFO - 2020-09-29 07:13:28 --> Controller "App\Controllers\ExamDetails" loaded.
INFO - 2020-09-29 07:13:28 --> Fetching Exam Details details
INFO - 2020-09-29 07:13:28 --> Fetching Exam Details details
INFO - 2020-09-29 07:13:28 --> Fetching Sections details
INFO - 2020-09-29 07:15:45 --> Controller "App\Controllers\ExamDetails" loaded.
INFO - 2020-09-29 07:15:45 --> Controller "App\Controllers\ExamDetails" loaded.
INFO - 2020-09-29 07:15:45 --> Fetching Exam Details details
INFO - 2020-09-29 07:15:45 --> Fetching Circular Details details
INFO - 2020-09-29 07:15:45 --> Controller "App\Controllers\ClassDetails" loaded.
INFO - 2020-09-29 07:15:45 --> Controller "App\Controllers\ExamsTimetable" loaded.
INFO - 2020-09-29 07:15:45 --> Fetching Sections details
INFO - 2020-09-29 07:15:45 --> Fetching Exam Details details
INFO - 2020-09-29 07:19:59 --> Controller "App\Controllers\ExamDetails" loaded.
INFO - 2020-09-29 07:19:59 --> Controller "App\Controllers\ClassDetails" loaded.
INFO - 2020-09-29 07:19:59 --> Controller "App\Controllers\ExamsTimetable" loaded.
INFO - 2020-09-29 07:19:59 --> Controller "App\Controllers\ExamDetails" loaded.
INFO - 2020-09-29 07:19:59 --> Fetching Exam Details details
INFO - 2020-09-29 07:19:59 --> Fetching Circular Details details
INFO - 2020-09-29 07:19:59 --> Fetching Exam Details details
INFO - 2020-09-29 07:19:59 --> Fetching Sections details
INFO - 2020-09-29 07:20:40 --> Controller "App\Controllers\ClassDetails" loaded.
INFO - 2020-09-29 07:20:40 --> Fetching Sections details
INFO - 2020-09-29 07:20:40 --> Controller "App\Controllers\ExamDetails" loaded.
INFO - 2020-09-29 07:20:40 --> Fetching Exam Details details
INFO - 2020-09-29 07:20:40 --> Controller "App\Controllers\ExamDetails" loaded.
INFO - 2020-09-29 07:20:40 --> Controller "App\Controllers\ExamsTimetable" loaded.
INFO - 2020-09-29 07:20:40 --> Fetching Circular Details details
INFO - 2020-09-29 07:20:40 --> Fetching Exam Details details
INFO - 2020-09-29 07:21:09 --> Controller "App\Controllers\ClassDetails" loaded.
INFO - 2020-09-29 07:21:09 --> Controller "App\Controllers\ExamDetails" loaded.
INFO - 2020-09-29 07:21:09 --> Controller "App\Controllers\ExamDetails" loaded.
INFO - 2020-09-29 07:21:09 --> Fetching Circular Details details
INFO - 2020-09-29 07:21:09 --> Controller "App\Controllers\ExamsTimetable" loaded.
INFO - 2020-09-29 07:21:09 --> Fetching Exam Details details
INFO - 2020-09-29 07:21:09 --> Fetching Exam Details details
INFO - 2020-09-29 07:21:09 --> Fetching Sections details
INFO - 2020-09-29 07:25:56 --> Controller "App\Controllers\ClassDetails" loaded.
INFO - 2020-09-29 07:25:56 --> Controller "App\Controllers\ExamDetails" loaded.
INFO - 2020-09-29 07:25:56 --> Fetching Circular Details details
INFO - 2020-09-29 07:25:56 --> Controller "App\Controllers\ExamsTimetable" loaded.
INFO - 2020-09-29 07:25:56 --> Controller "App\Controllers\ExamDetails" loaded.
INFO - 2020-09-29 07:25:56 --> Fetching Exam Details details
INFO - 2020-09-29 07:25:56 --> Fetching Exam Details details
INFO - 2020-09-29 07:25:56 --> Fetching Sections details
INFO - 2020-09-29 07:27:17 --> Controller "App\Controllers\ExamDetails" loaded.
INFO - 2020-09-29 07:27:17 --> Fetching Circular Details details
INFO - 2020-09-29 07:27:17 --> Controller "App\Controllers\ClassDetails" loaded.
INFO - 2020-09-29 07:27:18 --> Fetching Sections details
INFO - 2020-09-29 07:27:18 --> Controller "App\Controllers\ExamDetails" loaded.
INFO - 2020-09-29 07:27:18 --> Fetching Exam Details details
INFO - 2020-09-29 07:27:18 --> Controller "App\Controllers\ExamsTimetable" loaded.
INFO - 2020-09-29 07:27:18 --> Fetching Exam Details details
INFO - 2020-09-29 07:30:50 --> Controller "App\Controllers\ExamsTimetable" loaded.
INFO - 2020-09-29 07:30:50 --> Controller "App\Controllers\ExamDetails" loaded.
INFO - 2020-09-29 07:30:50 --> Controller "App\Controllers\ClassDetails" loaded.
INFO - 2020-09-29 07:30:50 --> Controller "App\Controllers\ExamDetails" loaded.
INFO - 2020-09-29 07:30:50 --> Fetching Circular Details details
INFO - 2020-09-29 07:30:50 --> Fetching Exam Details details
INFO - 2020-09-29 07:30:50 --> Fetching Exam Details details
INFO - 2020-09-29 07:30:50 --> Fetching Sections details
INFO - 2020-09-29 07:32:21 --> Controller "App\Controllers\ClassDetails" loaded.
INFO - 2020-09-29 07:32:21 --> Controller "App\Controllers\ExamDetails" loaded.
INFO - 2020-09-29 07:32:21 --> Controller "App\Controllers\ExamDetails" loaded.
INFO - 2020-09-29 07:32:21 --> Fetching Circular Details details
INFO - 2020-09-29 07:32:21 --> Fetching Exam Details details
INFO - 2020-09-29 07:32:21 --> Fetching Sections details
INFO - 2020-09-29 07:32:21 --> Controller "App\Controllers\ExamsTimetable" loaded.
INFO - 2020-09-29 07:32:21 --> Fetching Exam Details details
INFO - 2020-09-29 07:36:16 --> Controller "App\Controllers\ExamDetails" loaded.
INFO - 2020-09-29 07:36:16 --> Controller "App\Controllers\ExamDetails" loaded.
INFO - 2020-09-29 07:36:16 --> Controller "App\Controllers\ExamsTimetable" loaded.
INFO - 2020-09-29 07:36:16 --> Controller "App\Controllers\ClassDetails" loaded.
INFO - 2020-09-29 07:36:16 --> Fetching Exam Details details
INFO - 2020-09-29 07:36:16 --> Fetching Circular Details details
INFO - 2020-09-29 07:36:16 --> Fetching Exam Details details
INFO - 2020-09-29 07:36:16 --> Fetching Sections details
INFO - 2020-09-29 07:38:33 --> Controller "App\Controllers\ClassDetails" loaded.
INFO - 2020-09-29 07:38:33 --> Fetching Sections details
INFO - 2020-09-29 07:41:02 --> Controller "App\Controllers\ExamDetails" loaded.
INFO - 2020-09-29 07:41:02 --> Controller "App\Controllers\ExamsTimetable" loaded.
INFO - 2020-09-29 07:41:02 --> Controller "App\Controllers\ExamDetails" loaded.
INFO - 2020-09-29 07:41:02 --> Controller "App\Controllers\ClassDetails" loaded.
INFO - 2020-09-29 07:41:02 --> Fetching Exam Details details
INFO - 2020-09-29 07:41:02 --> Fetching Circular Details details
INFO - 2020-09-29 07:41:02 --> Fetching Exam Details details
INFO - 2020-09-29 07:41:02 --> Fetching Sections details
INFO - 2020-09-29 07:41:24 --> Controller "App\Controllers\ExamsTimetable" loaded.
INFO - 2020-09-29 07:41:24 --> Controller "App\Controllers\ExamDetails" loaded.
INFO - 2020-09-29 07:41:24 --> Controller "App\Controllers\ClassDetails" loaded.
INFO - 2020-09-29 07:41:24 --> Controller "App\Controllers\ExamDetails" loaded.
INFO - 2020-09-29 07:41:24 --> Fetching Exam Details details
INFO - 2020-09-29 07:41:24 --> Fetching Circular Details details
INFO - 2020-09-29 07:41:24 --> Fetching Exam Details details
INFO - 2020-09-29 07:41:24 --> Fetching Sections details
INFO - 2020-09-29 07:41:31 --> Controller "App\Controllers\ClassDetails" loaded.
INFO - 2020-09-29 07:41:31 --> Controller "App\Controllers\ExamDetails" loaded.
INFO - 2020-09-29 07:41:31 --> Controller "App\Controllers\ExamDetails" loaded.
INFO - 2020-09-29 07:41:31 --> Controller "App\Controllers\ExamsTimetable" loaded.
INFO - 2020-09-29 07:41:31 --> Fetching Exam Details details
INFO - 2020-09-29 07:41:31 --> Fetching Exam Details details
INFO - 2020-09-29 07:41:31 --> Fetching Circular Details details
INFO - 2020-09-29 07:41:31 --> Fetching Sections details
INFO - 2020-09-29 07:43:25 --> Controller "App\Controllers\ExamsTimetable" loaded.
INFO - 2020-09-29 07:43:25 --> Controller "App\Controllers\ExamDetails" loaded.
INFO - 2020-09-29 07:43:25 --> Controller "App\Controllers\ExamDetails" loaded.
INFO - 2020-09-29 07:43:25 --> Fetching Circular Details details
INFO - 2020-09-29 07:43:25 --> Fetching Exam Details details
INFO - 2020-09-29 07:43:25 --> Fetching Exam Details details
INFO - 2020-09-29 07:43:25 --> Controller "App\Controllers\ClassDetails" loaded.
INFO - 2020-09-29 07:43:25 --> Fetching Sections details
INFO - 2020-09-29 07:43:25 --> Controller "App\Controllers\ExamDetails" loaded.
INFO - 2020-09-29 07:43:25 --> Controller "App\Controllers\ClassDetails" loaded.
INFO - 2020-09-29 07:43:25 --> Fetching Circular Details details
INFO - 2020-09-29 07:43:25 --> Fetching Sections details
INFO - 2020-09-29 07:43:25 --> Controller "App\Controllers\ExamDetails" loaded.
INFO - 2020-09-29 07:43:25 --> Fetching Exam Details details
INFO - 2020-09-29 07:43:25 --> Controller "App\Controllers\ExamsTimetable" loaded.
INFO - 2020-09-29 07:43:25 --> Fetching Exam Details details
INFO - 2020-09-29 07:45:59 --> Controller "App\Controllers\ClassDetails" loaded.
INFO - 2020-09-29 07:45:59 --> Controller "App\Controllers\ExamDetails" loaded.
INFO - 2020-09-29 07:45:59 --> Fetching Sections details
INFO - 2020-09-29 07:45:59 --> Fetching Exam Details details
INFO - 2020-09-29 07:45:59 --> Controller "App\Controllers\ExamsTimetable" loaded.
INFO - 2020-09-29 07:45:59 --> Fetching Exam Details details
INFO - 2020-09-29 07:45:59 --> Controller "App\Controllers\ExamDetails" loaded.
INFO - 2020-09-29 07:45:59 --> Fetching Circular Details details
INFO - 2020-09-29 07:45:59 --> Controller "App\Controllers\ExamDetails" loaded.
INFO - 2020-09-29 07:45:59 --> Controller "App\Controllers\ClassDetails" loaded.
INFO - 2020-09-29 07:45:59 --> Fetching Circular Details details
INFO - 2020-09-29 07:45:59 --> Controller "App\Controllers\ExamDetails" loaded.
INFO - 2020-09-29 07:45:59 --> Controller "App\Controllers\ExamsTimetable" loaded.
INFO - 2020-09-29 07:45:59 --> Fetching Exam Details details
INFO - 2020-09-29 07:45:59 --> Fetching Sections details
INFO - 2020-09-29 07:45:59 --> Fetching Exam Details details
INFO - 2020-09-29 07:47:26 --> Controller "App\Controllers\ExamDetails" loaded.
INFO - 2020-09-29 07:47:26 --> Controller "App\Controllers\ClassDetails" loaded.
INFO - 2020-09-29 07:47:26 --> Fetching Exam Details details
INFO - 2020-09-29 07:47:26 --> Fetching Sections details
INFO - 2020-09-29 07:47:26 --> Controller "App\Controllers\ExamsTimetable" loaded.
INFO - 2020-09-29 07:47:26 --> Controller "App\Controllers\ExamDetails" loaded.
INFO - 2020-09-29 07:47:26 --> Fetching Exam Details details
INFO - 2020-09-29 07:47:26 --> Fetching Circular Details details
INFO - 2020-09-29 07:47:26 --> Controller "App\Controllers\ClassDetails" loaded.
INFO - 2020-09-29 07:47:26 --> Fetching Sections details
INFO - 2020-09-29 07:47:26 --> Controller "App\Controllers\ExamDetails" loaded.
INFO - 2020-09-29 07:47:26 --> Fetching Exam Details details
INFO - 2020-09-29 07:47:26 --> Controller "App\Controllers\ExamDetails" loaded.
INFO - 2020-09-29 07:47:26 --> Fetching Circular Details details
INFO - 2020-09-29 07:47:26 --> Controller "App\Controllers\ExamsTimetable" loaded.
INFO - 2020-09-29 07:47:26 --> Fetching Exam Details details
INFO - 2020-09-29 07:49:28 --> Controller "App\Controllers\ExamDetails" loaded.
INFO - 2020-09-29 07:49:28 --> Controller "App\Controllers\ExamsTimetable" loaded.
INFO - 2020-09-29 07:49:28 --> Controller "App\Controllers\ExamDetails" loaded.
INFO - 2020-09-29 07:49:28 --> Fetching Circular Details details
INFO - 2020-09-29 07:49:28 --> Fetching Exam Details details
INFO - 2020-09-29 07:49:28 --> Fetching Exam Details details
INFO - 2020-09-29 07:49:28 --> Controller "App\Controllers\ExamDetails" loaded.
INFO - 2020-09-29 07:49:28 --> Controller "App\Controllers\ExamDetails" loaded.
INFO - 2020-09-29 07:49:28 --> Fetching Exam Details details
INFO - 2020-09-29 07:49:28 --> Fetching Circular Details details
INFO - 2020-09-29 07:49:28 --> Controller "App\Controllers\ExamsTimetable" loaded.
INFO - 2020-09-29 07:49:28 --> Controller "App\Controllers\ClassDetails" loaded.
INFO - 2020-09-29 07:49:28 --> Fetching Exam Details details
INFO - 2020-09-29 07:49:28 --> Fetching Sections details
INFO - 2020-09-29 07:49:28 --> Controller "App\Controllers\ClassDetails" loaded.
INFO - 2020-09-29 07:49:28 --> Fetching Sections details
INFO - 2020-09-29 07:53:15 --> Controller "App\Controllers\ExamDetails" loaded.
INFO - 2020-09-29 07:53:15 --> Controller "App\Controllers\ExamsTimetable" loaded.
INFO - 2020-09-29 07:53:15 --> Fetching Exam Details details
INFO - 2020-09-29 07:53:15 --> Controller "App\Controllers\ClassDetails" loaded.
INFO - 2020-09-29 07:53:15 --> Fetching Exam Details details
INFO - 2020-09-29 07:53:15 --> Controller "App\Controllers\ExamDetails" loaded.
INFO - 2020-09-29 07:53:15 --> Fetching Circular Details details
INFO - 2020-09-29 07:53:15 --> Fetching Sections details
INFO - 2020-09-29 07:53:15 --> Controller "App\Controllers\ClassDetails" loaded.
INFO - 2020-09-29 07:53:15 --> Controller "App\Controllers\ExamDetails" loaded.
INFO - 2020-09-29 07:53:15 --> Controller "App\Controllers\ExamDetails" loaded.
INFO - 2020-09-29 07:53:15 --> Fetching Exam Details details
INFO - 2020-09-29 07:53:15 --> Fetching Circular Details details
INFO - 2020-09-29 07:53:15 --> Controller "App\Controllers\ExamsTimetable" loaded.
INFO - 2020-09-29 07:53:15 --> Fetching Sections details
INFO - 2020-09-29 07:53:15 --> Fetching Exam Details details
INFO - 2020-09-29 07:54:27 --> Controller "App\Controllers\ClassDetails" loaded.
INFO - 2020-09-29 07:54:27 --> Fetching Sections details
INFO - 2020-09-29 07:55:08 --> Controller "App\Controllers\ClassDetails" loaded.
INFO - 2020-09-29 07:55:08 --> Controller "App\Controllers\ExamDetails" loaded.
INFO - 2020-09-29 07:55:08 --> Controller "App\Controllers\ExamDetails" loaded.
INFO - 2020-09-29 07:55:08 --> Fetching Exam Details details
INFO - 2020-09-29 07:55:08 --> Fetching Circular Details details
INFO - 2020-09-29 07:55:08 --> Fetching Sections details
INFO - 2020-09-29 07:55:08 --> Controller "App\Controllers\ExamsTimetable" loaded.
INFO - 2020-09-29 07:55:08 --> Fetching Exam Details details
INFO - 2020-09-29 07:55:08 --> Controller "App\Controllers\ClassDetails" loaded.
INFO - 2020-09-29 07:55:08 --> Controller "App\Controllers\ExamDetails" loaded.
INFO - 2020-09-29 07:55:08 --> Fetching Circular Details details
INFO - 2020-09-29 07:55:08 --> Fetching Sections details
INFO - 2020-09-29 07:55:08 --> Controller "App\Controllers\ExamDetails" loaded.
INFO - 2020-09-29 07:55:08 --> Controller "App\Controllers\ExamsTimetable" loaded.
INFO - 2020-09-29 07:55:08 --> Fetching Exam Details details
INFO - 2020-09-29 07:55:08 --> Fetching Exam Details details
INFO - 2020-09-29 10:37:12 --> Controller "App\Controllers\ClassDetails" loaded.
INFO - 2020-09-29 10:37:12 --> Controller "App\Controllers\ExamDetails" loaded.
INFO - 2020-09-29 10:37:12 --> Controller "App\Controllers\ExamDetails" loaded.
INFO - 2020-09-29 10:37:12 --> Fetching Circular Details details
INFO - 2020-09-29 10:37:12 --> Fetching Exam Details details
INFO - 2020-09-29 10:37:12 --> Controller "App\Controllers\ExamsTimetable" loaded.
INFO - 2020-09-29 10:37:12 --> Fetching Sections details
INFO - 2020-09-29 10:37:12 --> Fetching Exam Details details
INFO - 2020-09-29 23:19:41 --> Controller "App\Controllers\Users" loaded.
INFO - 2020-09-29 23:19:41 --> Fetching Users details
INFO - 2020-09-29 23:19:46 --> Controller "App\Controllers\Users" loaded.
INFO - 2020-09-29 23:19:46 --> Fetching Users details
