INFO - 2021-01-25 10:05:01 --> Controller "App\Controllers\Dashboards" loaded.
INFO - 2021-01-25 10:05:01 --> Controller "App\Controllers\SchedulePlanner" loaded.
INFO - 2021-01-25 10:05:01 --> Fetching IIQA Details
INFO - 2021-01-25 10:05:01 --> Fetching Dashboard details
INFO - 2021-01-25 10:05:05 --> Controller "App\Controllers\Dashboards" loaded.
INFO - 2021-01-25 10:05:05 --> Fetching Dashboard details
INFO - 2021-01-25 10:05:07 --> Controller "App\Controllers\Dashboards" loaded.
INFO - 2021-01-25 10:05:07 --> Controller "App\Controllers\SchedulePlanner" loaded.
INFO - 2021-01-25 10:05:07 --> Fetching IIQA Details
INFO - 2021-01-25 10:05:07 --> Fetching Dashboard details
INFO - 2021-01-25 10:05:09 --> Controller "App\Controllers\PricingHistory" loaded.
INFO - 2021-01-25 10:05:09 --> Fetching IIQA Details
INFO - 2021-01-25 10:05:09 --> Controller "App\Controllers\InstituteDetails" loaded.
INFO - 2021-01-25 10:05:09 --> Fetching IIQA Details
INFO - 2021-01-25 10:05:10 --> Controller "App\Controllers\PricingDetails" loaded.
INFO - 2021-01-25 10:05:10 --> Fetching IIQA Details
INFO - 2021-01-25 10:05:10 --> Controller "App\Controllers\PricingDetails" loaded.
INFO - 2021-01-25 10:05:10 --> Fetching IIQA Details
INFO - 2021-01-25 10:05:13 --> Controller "App\Controllers\InstitutePricingHistory" loaded.
INFO - 2021-01-25 10:05:13 --> Fetching IIQA Details
INFO - 2021-01-25 10:05:17 --> Controller "App\Controllers\InstitutePricingDetails" loaded.
INFO - 2021-01-25 10:05:17 --> Fetching IIQA Details
INFO - 2021-01-25 10:05:22 --> Controller "App\Controllers\InstitutePricingHistory" loaded.
INFO - 2021-01-25 10:05:22 --> Fetching IIQA Details
INFO - 2021-01-25 10:05:30 --> Controller "App\Controllers\InstitutePricingHistory" loaded.
INFO - 2021-01-25 10:05:30 --> Fetching IIQA Details
INFO - 2021-01-25 10:06:09 --> Controller "App\Controllers\InstitutePricingHistory" loaded.
INFO - 2021-01-25 10:06:09 --> Fetching IIQA Details
INFO - 2021-01-25 10:06:13 --> Controller "App\Controllers\InstitutePricingHistory" loaded.
INFO - 2021-01-25 10:06:13 --> Fetching IIQA Details
INFO - 2021-01-25 10:28:33 --> Controller "App\Controllers\InstitutePricingHistory" loaded.
INFO - 2021-01-25 10:28:33 --> Fetching IIQA Details
INFO - 2021-01-25 10:28:37 --> Controller "App\Controllers\InstitutePricingDetails" loaded.
INFO - 2021-01-25 10:28:37 --> Fetching IIQA Details
INFO - 2021-01-25 10:46:00 --> Controller "App\Controllers\Dashboards" loaded.
INFO - 2021-01-25 10:46:00 --> Controller "App\Controllers\SchedulePlanner" loaded.
INFO - 2021-01-25 10:46:00 --> Fetching IIQA Details
INFO - 2021-01-25 10:46:00 --> Fetching Dashboard details
INFO - 2021-01-25 10:46:01 --> Controller "App\Controllers\Dashboards" loaded.
INFO - 2021-01-25 10:46:01 --> Fetching Dashboard details
INFO - 2021-01-25 10:46:05 --> Controller "App\Controllers\InstituteDetails" loaded.
INFO - 2021-01-25 10:46:05 --> Fetching IIQA Details
INFO - 2021-01-25 10:46:07 --> Controller "App\Controllers\InstituteDetails" loaded.
INFO - 2021-01-25 10:46:07 --> Fetching IIQA Details
INFO - 2021-01-25 10:46:07 --> Controller "App\Controllers\Leads" loaded.
INFO - 2021-01-25 10:46:07 --> Fetching IIQA Details
INFO - 2021-01-25 10:53:03 --> Controller "App\Controllers\InstituteDetails" loaded.
INFO - 2021-01-25 10:53:03 --> Fetching IIQA Details
INFO - 2021-01-25 10:53:06 --> Controller "App\Controllers\InstituteDetails" loaded.
INFO - 2021-01-25 10:53:06 --> Controller "App\Controllers\Leads" loaded.
INFO - 2021-01-25 10:53:06 --> Fetching IIQA Details
INFO - 2021-01-25 10:53:06 --> Fetching IIQA Details
INFO - 2021-01-25 11:19:19 --> Controller "App\Controllers\InstitutePricingHistory" loaded.
INFO - 2021-01-25 11:19:19 --> Fetching IIQA Details
INFO - 2021-01-25 11:20:12 --> Controller "App\Controllers\Dashboards" loaded.
INFO - 2021-01-25 11:20:12 --> Fetching Dashboard details
INFO - 2021-01-25 11:31:25 --> Controller "App\Controllers\InstituteDetails" loaded.
INFO - 2021-01-25 11:31:25 --> Fetching IIQA Details
INFO - 2021-01-25 11:31:27 --> Controller "App\Controllers\InstituteDetails" loaded.
INFO - 2021-01-25 11:31:27 --> Controller "App\Controllers\Leads" loaded.
INFO - 2021-01-25 11:31:27 --> Fetching IIQA Details
INFO - 2021-01-25 11:31:27 --> Fetching IIQA Details
INFO - 2021-01-25 11:31:31 --> Controller "App\Controllers\InstitutePricingHistory" loaded.
INFO - 2021-01-25 11:31:31 --> Fetching IIQA Details
INFO - 2021-01-25 12:10:16 --> Controller "App\Controllers\Dashboards" loaded.
INFO - 2021-01-25 12:10:16 --> Fetching Dashboard details
INFO - 2021-01-25 12:23:07 --> Controller "App\Controllers\InstituteDetails" loaded.
INFO - 2021-01-25 12:23:07 --> Fetching IIQA Details
INFO - 2021-01-25 12:23:09 --> Controller "App\Controllers\InstituteDetails" loaded.
INFO - 2021-01-25 12:23:09 --> Controller "App\Controllers\Leads" loaded.
INFO - 2021-01-25 12:23:09 --> Fetching IIQA Details
INFO - 2021-01-25 12:23:09 --> Fetching IIQA Details
INFO - 2021-01-25 12:23:13 --> Controller "App\Controllers\InstitutePricingHistory" loaded.
INFO - 2021-01-25 12:23:13 --> Fetching IIQA Details
INFO - 2021-01-25 12:24:00 --> Controller "App\Controllers\Dashboards" loaded.
INFO - 2021-01-25 12:24:00 --> Fetching Dashboard details
INFO - 2021-01-25 12:24:07 --> Controller "App\Controllers\InstituteDetails" loaded.
INFO - 2021-01-25 12:24:07 --> Fetching IIQA Details
INFO - 2021-01-25 12:24:09 --> Controller "App\Controllers\InstituteDetails" loaded.
INFO - 2021-01-25 12:24:09 --> Controller "App\Controllers\Leads" loaded.
INFO - 2021-01-25 12:24:09 --> Fetching IIQA Details
INFO - 2021-01-25 12:24:09 --> Fetching IIQA Details
INFO - 2021-01-25 12:24:14 --> Controller "App\Controllers\InstitutePricingHistory" loaded.
INFO - 2021-01-25 12:24:14 --> Fetching IIQA Details
INFO - 2021-01-25 12:24:21 --> Controller "App\Controllers\InstitutePricingHistory" loaded.
INFO - 2021-01-25 12:24:21 --> Fetching IIQA Details
INFO - 2021-01-25 12:24:30 --> Controller "App\Controllers\Dashboards" loaded.
INFO - 2021-01-25 12:24:30 --> Fetching Dashboard details
INFO - 2021-01-25 12:24:37 --> Controller "App\Controllers\InstituteDetails" loaded.
INFO - 2021-01-25 12:24:37 --> Fetching IIQA Details
INFO - 2021-01-25 12:24:39 --> Controller "App\Controllers\Leads" loaded.
INFO - 2021-01-25 12:24:39 --> Fetching IIQA Details
INFO - 2021-01-25 12:24:39 --> Controller "App\Controllers\InstituteDetails" loaded.
INFO - 2021-01-25 12:24:39 --> Fetching IIQA Details
INFO - 2021-01-25 12:24:43 --> Controller "App\Controllers\InstitutePricingHistory" loaded.
INFO - 2021-01-25 12:24:43 --> Fetching IIQA Details
INFO - 2021-01-25 12:25:03 --> Controller "App\Controllers\Dashboards" loaded.
INFO - 2021-01-25 12:25:03 --> Fetching Dashboard details
INFO - 2021-01-25 12:25:04 --> Controller "App\Controllers\Dashboards" loaded.
INFO - 2021-01-25 12:25:04 --> Controller "App\Controllers\SchedulePlanner" loaded.
INFO - 2021-01-25 12:25:04 --> Fetching Dashboard details
INFO - 2021-01-25 12:25:04 --> Fetching IIQA Details
INFO - 2021-01-25 12:25:06 --> Controller "App\Controllers\SchedulePlanner" loaded.
INFO - 2021-01-25 12:25:06 --> Fetching IIQA Details
INFO - 2021-01-25 12:25:06 --> Controller "App\Controllers\InstituteDetails" loaded.
INFO - 2021-01-25 12:25:06 --> Fetching IIQA Details
INFO - 2021-01-25 12:26:34 --> Controller "App\Controllers\Dashboards" loaded.
INFO - 2021-01-25 12:26:34 --> Controller "App\Controllers\SchedulePlanner" loaded.
INFO - 2021-01-25 12:26:34 --> Fetching IIQA Details
INFO - 2021-01-25 12:26:34 --> Controller "App\Controllers\Dashboards" loaded.
INFO - 2021-01-25 12:26:34 --> Fetching Dashboard details
INFO - 2021-01-25 12:26:34 --> Fetching Dashboard details
INFO - 2021-01-25 12:27:37 --> Controller "App\Controllers\SchedulePlanner" loaded.
INFO - 2021-01-25 12:27:37 --> Controller "App\Controllers\Dashboards" loaded.
INFO - 2021-01-25 12:27:37 --> Fetching IIQA Details
INFO - 2021-01-25 12:27:37 --> Fetching Dashboard details
INFO - 2021-01-25 12:27:39 --> Controller "App\Controllers\Dashboards" loaded.
INFO - 2021-01-25 12:27:39 --> Fetching Dashboard details
INFO - 2021-01-25 12:27:40 --> Controller "App\Controllers\Dashboards" loaded.
INFO - 2021-01-25 12:27:40 --> Fetching Dashboard details
INFO - 2021-01-25 12:27:42 --> Controller "App\Controllers\InstituteDetails" loaded.
INFO - 2021-01-25 12:27:42 --> Fetching IIQA Details
INFO - 2021-01-25 12:27:45 --> Controller "App\Controllers\Leads" loaded.
INFO - 2021-01-25 12:27:45 --> Fetching IIQA Details
INFO - 2021-01-25 12:27:45 --> Controller "App\Controllers\InstituteDetails" loaded.
INFO - 2021-01-25 12:27:45 --> Fetching IIQA Details
INFO - 2021-01-25 12:27:53 --> Controller "App\Controllers\SchedulePlanner" loaded.
INFO - 2021-01-25 12:27:53 --> Fetching IIQA Details
INFO - 2021-01-25 12:27:53 --> Controller "App\Controllers\InstituteDetails" loaded.
INFO - 2021-01-25 12:27:53 --> Fetching IIQA Details
INFO - 2021-01-25 12:30:28 --> Controller "App\Controllers\SchedulePlanner" loaded.
INFO - 2021-01-25 12:30:28 --> Fetching IIQA Details
INFO - 2021-01-25 12:30:28 --> Controller "App\Controllers\InstituteDetails" loaded.
INFO - 2021-01-25 12:30:28 --> Fetching IIQA Details
INFO - 2021-01-25 12:32:04 --> Controller "App\Controllers\Dashboards" loaded.
INFO - 2021-01-25 12:32:04 --> Controller "App\Controllers\Dashboards" loaded.
INFO - 2021-01-25 12:32:04 --> Fetching Dashboard details
INFO - 2021-01-25 12:32:04 --> Fetching Dashboard details
INFO - 2021-01-25 12:32:20 --> Controller "App\Controllers\Dashboards" loaded.
INFO - 2021-01-25 12:32:20 --> Controller "App\Controllers\Dashboards" loaded.
INFO - 2021-01-25 12:32:20 --> Fetching Dashboard details
INFO - 2021-01-25 12:32:20 --> Fetching Dashboard details
INFO - 2021-01-25 15:19:44 --> Controller "App\Controllers\Dashboards" loaded.
INFO - 2021-01-25 15:19:44 --> Fetching Dashboard details
INFO - 2021-01-25 15:19:44 --> Controller "App\Controllers\Dashboards" loaded.
INFO - 2021-01-25 15:19:44 --> Fetching Dashboard details
INFO - 2021-01-25 15:19:46 --> Controller "App\Controllers\InstituteDetails" loaded.
INFO - 2021-01-25 15:19:46 --> Fetching IIQA Details
INFO - 2021-01-25 15:19:48 --> Controller "App\Controllers\InstituteDetails" loaded.
INFO - 2021-01-25 15:19:48 --> Controller "App\Controllers\Leads" loaded.
INFO - 2021-01-25 15:19:48 --> Fetching IIQA Details
INFO - 2021-01-25 15:19:48 --> Fetching IIQA Details
INFO - 2021-01-25 15:19:53 --> Controller "App\Controllers\SchedulePlanner" loaded.
INFO - 2021-01-25 15:19:53 --> Fetching IIQA Details
INFO - 2021-01-25 15:28:36 --> Controller "App\Controllers\Dashboards" loaded.
INFO - 2021-01-25 15:28:36 --> Fetching Dashboard details
INFO - 2021-01-25 15:28:36 --> Controller "App\Controllers\Dashboards" loaded.
INFO - 2021-01-25 15:28:36 --> Fetching Dashboard details
INFO - 2021-01-25 15:31:20 --> Controller "App\Controllers\InstituteDetails" loaded.
INFO - 2021-01-25 15:31:20 --> Fetching IIQA Details
INFO - 2021-01-25 15:31:22 --> Controller "App\Controllers\Leads" loaded.
INFO - 2021-01-25 15:31:22 --> Fetching IIQA Details
INFO - 2021-01-25 15:31:22 --> Controller "App\Controllers\InstituteDetails" loaded.
INFO - 2021-01-25 15:31:22 --> Fetching IIQA Details
INFO - 2021-01-25 15:31:27 --> Controller "App\Controllers\SchedulePlanner" loaded.
INFO - 2021-01-25 15:31:27 --> Fetching IIQA Details
INFO - 2021-01-25 15:31:29 --> Controller "App\Controllers\SchedulePlanner" loaded.
INFO - 2021-01-25 15:31:29 --> Fetching IIQA Details
INFO - 2021-01-25 15:31:29 --> Controller "App\Controllers\InstituteDetails" loaded.
INFO - 2021-01-25 15:31:29 --> Fetching IIQA Details
INFO - 2021-01-25 15:31:29 --> Controller "App\Controllers\EmployeeDetails" loaded.
INFO - 2021-01-25 15:31:29 --> Controller "App\Controllers\Status" loaded.
INFO - 2021-01-25 15:31:29 --> Fetching IIQA Details
INFO - 2021-01-25 15:31:29 --> Fetching IIQA Details
INFO - 2021-01-25 15:31:40 --> Controller "App\Controllers\SchedulePlanner" loaded.
INFO - 2021-01-25 15:31:40 --> Fetching IIQA Details
INFO - 2021-01-25 15:31:40 --> Controller "App\Controllers\EmployeeDetails" loaded.
INFO - 2021-01-25 15:31:40 --> Controller "App\Controllers\InstituteDetails" loaded.
INFO - 2021-01-25 15:31:40 --> Fetching IIQA Details
INFO - 2021-01-25 15:31:40 --> Fetching IIQA Details
INFO - 2021-01-25 15:31:40 --> Controller "App\Controllers\Status" loaded.
INFO - 2021-01-25 15:31:40 --> Fetching IIQA Details
INFO - 2021-01-25 15:32:39 --> Controller "App\Controllers\SchedulePlanner" loaded.
INFO - 2021-01-25 15:32:39 --> Fetching IIQA Details
INFO - 2021-01-25 15:32:43 --> Controller "App\Controllers\SchedulePlanner" loaded.
INFO - 2021-01-25 15:32:43 --> Fetching IIQA Details
INFO - 2021-01-25 15:32:43 --> Controller "App\Controllers\InstituteDetails" loaded.
INFO - 2021-01-25 15:32:43 --> Fetching IIQA Details
INFO - 2021-01-25 15:32:43 --> Controller "App\Controllers\EmployeeDetails" loaded.
INFO - 2021-01-25 15:32:43 --> Fetching IIQA Details
INFO - 2021-01-25 15:32:43 --> Controller "App\Controllers\Status" loaded.
INFO - 2021-01-25 15:32:43 --> Fetching IIQA Details
INFO - 2021-01-25 15:52:28 --> Controller "App\Controllers\SchedulePlanner" loaded.
INFO - 2021-01-25 15:52:28 --> Fetching IIQA Details
INFO - 2021-01-25 15:52:28 --> Controller "App\Controllers\InstituteDetails" loaded.
INFO - 2021-01-25 15:52:28 --> Fetching IIQA Details
INFO - 2021-01-25 15:52:28 --> Controller "App\Controllers\EmployeeDetails" loaded.
INFO - 2021-01-25 15:52:28 --> Fetching IIQA Details
INFO - 2021-01-25 15:52:28 --> Controller "App\Controllers\Status" loaded.
INFO - 2021-01-25 15:52:28 --> Fetching IIQA Details
INFO - 2021-01-25 15:57:02 --> Controller "App\Controllers\SchedulePlanner" loaded.
INFO - 2021-01-25 15:57:02 --> Fetching IIQA Details
INFO - 2021-01-25 15:57:02 --> Controller "App\Controllers\InstituteDetails" loaded.
INFO - 2021-01-25 15:57:02 --> Fetching IIQA Details
INFO - 2021-01-25 15:57:02 --> Controller "App\Controllers\EmployeeDetails" loaded.
INFO - 2021-01-25 15:57:02 --> Fetching IIQA Details
INFO - 2021-01-25 15:57:02 --> Controller "App\Controllers\Status" loaded.
INFO - 2021-01-25 15:57:02 --> Fetching IIQA Details
INFO - 2021-01-25 16:02:42 --> Controller "App\Controllers\Dashboards" loaded.
INFO - 2021-01-25 16:02:42 --> Controller "App\Controllers\Dashboards" loaded.
INFO - 2021-01-25 16:02:42 --> Fetching Dashboard details
INFO - 2021-01-25 16:02:42 --> Fetching Dashboard details
INFO - 2021-01-25 16:03:00 --> Controller "App\Controllers\Dashboards" loaded.
INFO - 2021-01-25 16:03:00 --> Controller "App\Controllers\Dashboards" loaded.
INFO - 2021-01-25 16:03:00 --> Fetching Dashboard details
INFO - 2021-01-25 16:03:00 --> Fetching Dashboard details
INFO - 2021-01-25 16:03:50 --> Controller "App\Controllers\Dashboards" loaded.
INFO - 2021-01-25 16:03:50 --> Controller "App\Controllers\Dashboards" loaded.
INFO - 2021-01-25 16:03:50 --> Fetching Dashboard details
INFO - 2021-01-25 16:03:50 --> Fetching Dashboard details
INFO - 2021-01-25 16:03:59 --> Controller "App\Controllers\InstituteDetails" loaded.
INFO - 2021-01-25 16:03:59 --> Fetching IIQA Details
INFO - 2021-01-25 16:04:06 --> Controller "App\Controllers\InstituteDetails" loaded.
INFO - 2021-01-25 16:04:06 --> Fetching IIQA Details
INFO - 2021-01-25 16:04:06 --> Controller "App\Controllers\Leads" loaded.
INFO - 2021-01-25 16:04:06 --> Fetching IIQA Details
INFO - 2021-01-25 16:04:39 --> Controller "App\Controllers\Dashboards" loaded.
INFO - 2021-01-25 16:04:39 --> Fetching Dashboard details
INFO - 2021-01-25 16:04:39 --> Controller "App\Controllers\Dashboards" loaded.
INFO - 2021-01-25 16:04:39 --> Fetching Dashboard details
INFO - 2021-01-25 16:05:20 --> Controller "App\Controllers\Dashboards" loaded.
INFO - 2021-01-25 16:05:20 --> Fetching Dashboard details
INFO - 2021-01-25 16:05:23 --> Controller "App\Controllers\InstituteDetails" loaded.
INFO - 2021-01-25 16:05:23 --> Fetching IIQA Details
INFO - 2021-01-25 16:05:25 --> Controller "App\Controllers\Leads" loaded.
INFO - 2021-01-25 16:05:25 --> Fetching IIQA Details
INFO - 2021-01-25 16:05:25 --> Controller "App\Controllers\InstituteDetails" loaded.
INFO - 2021-01-25 16:05:25 --> Fetching IIQA Details
INFO - 2021-01-25 16:05:29 --> Controller "App\Controllers\SchedulePlanner" loaded.
INFO - 2021-01-25 16:05:29 --> Fetching IIQA Details
INFO - 2021-01-25 16:05:31 --> Controller "App\Controllers\SchedulePlanner" loaded.
INFO - 2021-01-25 16:05:31 --> Fetching IIQA Details
INFO - 2021-01-25 16:05:31 --> Controller "App\Controllers\InstituteDetails" loaded.
INFO - 2021-01-25 16:05:31 --> Fetching IIQA Details
INFO - 2021-01-25 16:05:31 --> Controller "App\Controllers\Status" loaded.
INFO - 2021-01-25 16:05:31 --> Controller "App\Controllers\EmployeeDetails" loaded.
INFO - 2021-01-25 16:05:31 --> Fetching IIQA Details
INFO - 2021-01-25 16:05:31 --> Fetching IIQA Details
INFO - 2021-01-25 16:07:07 --> Controller "App\Controllers\SchedulePlanner" loaded.
INFO - 2021-01-25 16:07:07 --> Fetching IIQA Details
INFO - 2021-01-25 16:07:07 --> Controller "App\Controllers\InstituteDetails" loaded.
INFO - 2021-01-25 16:07:07 --> Fetching IIQA Details
INFO - 2021-01-25 16:07:07 --> Controller "App\Controllers\Status" loaded.
INFO - 2021-01-25 16:07:07 --> Fetching IIQA Details
INFO - 2021-01-25 16:07:07 --> Controller "App\Controllers\EmployeeDetails" loaded.
INFO - 2021-01-25 16:07:07 --> Fetching IIQA Details
INFO - 2021-01-25 16:13:34 --> Controller "App\Controllers\Dashboards" loaded.
INFO - 2021-01-25 16:13:34 --> Fetching Dashboard details
INFO - 2021-01-25 16:13:34 --> Controller "App\Controllers\Dashboards" loaded.
INFO - 2021-01-25 16:13:34 --> Fetching Dashboard details
INFO - 2021-01-25 16:14:06 --> Controller "App\Controllers\Dashboards" loaded.
INFO - 2021-01-25 16:14:06 --> Fetching Dashboard details
INFO - 2021-01-25 16:14:06 --> Controller "App\Controllers\Dashboards" loaded.
INFO - 2021-01-25 16:14:06 --> Fetching Dashboard details
INFO - 2021-01-25 16:16:11 --> Controller "App\Controllers\Dashboards" loaded.
INFO - 2021-01-25 16:16:11 --> Fetching Dashboard details
INFO - 2021-01-25 16:16:11 --> Controller "App\Controllers\Dashboards" loaded.
INFO - 2021-01-25 16:16:11 --> Fetching Dashboard details
INFO - 2021-01-25 16:16:41 --> Controller "App\Controllers\Dashboards" loaded.
INFO - 2021-01-25 16:16:41 --> Fetching Dashboard details
INFO - 2021-01-25 16:16:41 --> Controller "App\Controllers\Dashboards" loaded.
INFO - 2021-01-25 16:16:41 --> Fetching Dashboard details
INFO - 2021-01-25 16:22:10 --> Controller "App\Controllers\Dashboards" loaded.
INFO - 2021-01-25 16:22:10 --> Fetching Dashboard details
INFO - 2021-01-25 16:23:17 --> Controller "App\Controllers\Dashboards" loaded.
INFO - 2021-01-25 16:23:17 --> Fetching Dashboard details
INFO - 2021-01-25 16:23:50 --> Controller "App\Controllers\InstituteDetails" loaded.
INFO - 2021-01-25 16:23:50 --> Fetching IIQA Details
INFO - 2021-01-25 16:23:52 --> Controller "App\Controllers\Leads" loaded.
INFO - 2021-01-25 16:23:52 --> Fetching IIQA Details
INFO - 2021-01-25 16:23:52 --> Controller "App\Controllers\InstituteDetails" loaded.
INFO - 2021-01-25 16:23:52 --> Fetching IIQA Details
INFO - 2021-01-25 16:23:58 --> Controller "App\Controllers\SchedulePlanner" loaded.
INFO - 2021-01-25 16:23:58 --> Fetching IIQA Details
INFO - 2021-01-25 16:24:38 --> Controller "App\Controllers\SchedulePlanner" loaded.
INFO - 2021-01-25 16:24:38 --> Fetching IIQA Details
INFO - 2021-01-25 16:24:38 --> Controller "App\Controllers\EmployeeDetails" loaded.
INFO - 2021-01-25 16:24:38 --> Controller "App\Controllers\InstituteDetails" loaded.
INFO - 2021-01-25 16:24:38 --> Fetching IIQA Details
INFO - 2021-01-25 16:24:38 --> Fetching IIQA Details
INFO - 2021-01-25 16:24:38 --> Controller "App\Controllers\Status" loaded.
INFO - 2021-01-25 16:24:38 --> Fetching IIQA Details
INFO - 2021-01-25 16:25:17 --> Controller "App\Controllers\SchedulePlanner" loaded.
INFO - 2021-01-25 16:25:17 --> Fetching IIQA Details
INFO - 2021-01-25 16:25:17 --> Controller "App\Controllers\InstituteDetails" loaded.
INFO - 2021-01-25 16:25:17 --> Fetching IIQA Details
INFO - 2021-01-25 16:25:17 --> Controller "App\Controllers\Status" loaded.
INFO - 2021-01-25 16:25:17 --> Fetching IIQA Details
INFO - 2021-01-25 16:25:17 --> Controller "App\Controllers\EmployeeDetails" loaded.
INFO - 2021-01-25 16:25:17 --> Fetching IIQA Details
INFO - 2021-01-25 16:26:39 --> Controller "App\Controllers\Dashboards" loaded.
INFO - 2021-01-25 16:26:39 --> Fetching Dashboard details
INFO - 2021-01-25 16:27:23 --> Controller "App\Controllers\InstituteDetails" loaded.
INFO - 2021-01-25 16:27:23 --> Fetching IIQA Details
INFO - 2021-01-25 16:27:26 --> Controller "App\Controllers\InstituteDetails" loaded.
INFO - 2021-01-25 16:27:26 --> Fetching IIQA Details
INFO - 2021-01-25 16:27:26 --> Controller "App\Controllers\Leads" loaded.
INFO - 2021-01-25 16:27:26 --> Fetching IIQA Details
INFO - 2021-01-25 16:27:35 --> Controller "App\Controllers\SchedulePlanner" loaded.
INFO - 2021-01-25 16:27:35 --> Fetching IIQA Details
INFO - 2021-01-25 16:27:39 --> Controller "App\Controllers\SchedulePlanner" loaded.
INFO - 2021-01-25 16:27:39 --> Controller "App\Controllers\InstituteDetails" loaded.
INFO - 2021-01-25 16:27:39 --> Fetching IIQA Details
INFO - 2021-01-25 16:27:39 --> Fetching IIQA Details
INFO - 2021-01-25 16:27:41 --> Controller "App\Controllers\EmployeeDetails" loaded.
INFO - 2021-01-25 16:27:41 --> Fetching IIQA Details
INFO - 2021-01-25 16:27:41 --> Controller "App\Controllers\Status" loaded.
INFO - 2021-01-25 16:27:41 --> Fetching IIQA Details
INFO - 2021-01-25 16:27:46 --> Controller "App\Controllers\InstituteDetails" loaded.
INFO - 2021-01-25 16:27:46 --> Controller "App\Controllers\SchedulePlanner" loaded.
INFO - 2021-01-25 16:27:46 --> Fetching IIQA Details
INFO - 2021-01-25 16:27:46 --> Fetching IIQA Details
INFO - 2021-01-25 16:27:46 --> Controller "App\Controllers\EmployeeDetails" loaded.
INFO - 2021-01-25 16:27:46 --> Fetching IIQA Details
INFO - 2021-01-25 16:27:47 --> Controller "App\Controllers\Status" loaded.
INFO - 2021-01-25 16:27:47 --> Fetching IIQA Details
INFO - 2021-01-25 16:28:37 --> Controller "App\Controllers\Dashboards" loaded.
INFO - 2021-01-25 16:28:37 --> Fetching Dashboard details
INFO - 2021-01-25 16:28:45 --> Controller "App\Controllers\Dashboards" loaded.
INFO - 2021-01-25 16:28:45 --> Fetching Dashboard details
INFO - 2021-01-25 16:29:40 --> Controller "App\Controllers\Dashboards" loaded.
INFO - 2021-01-25 16:29:40 --> Fetching Dashboard details
INFO - 2021-01-25 16:29:41 --> Controller "App\Controllers\InstituteDetails" loaded.
INFO - 2021-01-25 16:29:41 --> Fetching IIQA Details
INFO - 2021-01-25 16:29:43 --> Controller "App\Controllers\Leads" loaded.
INFO - 2021-01-25 16:29:43 --> Fetching IIQA Details
INFO - 2021-01-25 16:29:44 --> Controller "App\Controllers\InstituteDetails" loaded.
INFO - 2021-01-25 16:29:44 --> Fetching IIQA Details
INFO - 2021-01-25 16:29:47 --> Controller "App\Controllers\SchedulePlanner" loaded.
INFO - 2021-01-25 16:29:47 --> Fetching IIQA Details
INFO - 2021-01-25 16:29:51 --> Controller "App\Controllers\SchedulePlanner" loaded.
INFO - 2021-01-25 16:29:51 --> Fetching IIQA Details
INFO - 2021-01-25 16:29:51 --> Controller "App\Controllers\InstituteDetails" loaded.
INFO - 2021-01-25 16:29:51 --> Fetching IIQA Details
INFO - 2021-01-25 16:29:51 --> Controller "App\Controllers\EmployeeDetails" loaded.
INFO - 2021-01-25 16:29:51 --> Fetching IIQA Details
INFO - 2021-01-25 16:29:51 --> Controller "App\Controllers\Status" loaded.
INFO - 2021-01-25 16:29:51 --> Fetching IIQA Details
INFO - 2021-01-25 16:31:31 --> Controller "App\Controllers\Dashboards" loaded.
INFO - 2021-01-25 16:31:31 --> Fetching Dashboard details
INFO - 2021-01-25 16:31:51 --> Controller "App\Controllers\InstituteDetails" loaded.
INFO - 2021-01-25 16:31:51 --> Fetching IIQA Details
INFO - 2021-01-25 16:31:54 --> Controller "App\Controllers\Leads" loaded.
INFO - 2021-01-25 16:31:54 --> Fetching IIQA Details
INFO - 2021-01-25 16:31:54 --> Controller "App\Controllers\InstituteDetails" loaded.
INFO - 2021-01-25 16:31:54 --> Fetching IIQA Details
INFO - 2021-01-25 16:32:00 --> Controller "App\Controllers\SchedulePlanner" loaded.
INFO - 2021-01-25 16:32:00 --> Fetching IIQA Details
INFO - 2021-01-25 16:32:03 --> Controller "App\Controllers\SchedulePlanner" loaded.
INFO - 2021-01-25 16:32:03 --> Fetching IIQA Details
INFO - 2021-01-25 16:32:03 --> Controller "App\Controllers\InstituteDetails" loaded.
INFO - 2021-01-25 16:32:03 --> Fetching IIQA Details
INFO - 2021-01-25 16:32:04 --> Controller "App\Controllers\EmployeeDetails" loaded.
INFO - 2021-01-25 16:32:04 --> Fetching IIQA Details
INFO - 2021-01-25 16:32:04 --> Controller "App\Controllers\Status" loaded.
INFO - 2021-01-25 16:32:04 --> Fetching IIQA Details
INFO - 2021-01-25 16:39:30 --> Controller "App\Controllers\Dashboards" loaded.
INFO - 2021-01-25 16:39:30 --> Fetching Dashboard details
INFO - 2021-01-25 16:39:49 --> Controller "App\Controllers\Dashboards" loaded.
INFO - 2021-01-25 16:39:49 --> Fetching Dashboard details
INFO - 2021-01-25 16:40:17 --> Controller "App\Controllers\Dashboards" loaded.
INFO - 2021-01-25 16:40:17 --> Fetching Dashboard details
INFO - 2021-01-25 16:40:37 --> Controller "App\Controllers\InstituteDetails" loaded.
INFO - 2021-01-25 16:40:37 --> Fetching IIQA Details
INFO - 2021-01-25 16:40:39 --> Controller "App\Controllers\Leads" loaded.
INFO - 2021-01-25 16:40:39 --> Fetching IIQA Details
INFO - 2021-01-25 16:40:40 --> Controller "App\Controllers\InstituteDetails" loaded.
INFO - 2021-01-25 16:40:40 --> Fetching IIQA Details
INFO - 2021-01-25 16:40:44 --> Controller "App\Controllers\InstitutePricingHistory" loaded.
INFO - 2021-01-25 16:40:44 --> Fetching IIQA Details
INFO - 2021-01-25 16:41:02 --> Controller "App\Controllers\SchedulePlanner" loaded.
INFO - 2021-01-25 16:41:02 --> Fetching IIQA Details
INFO - 2021-01-25 16:41:37 --> Controller "App\Controllers\Dashboards" loaded.
INFO - 2021-01-25 16:41:37 --> Fetching Dashboard details
INFO - 2021-01-25 16:41:55 --> Controller "App\Controllers\InstituteDetails" loaded.
INFO - 2021-01-25 16:41:55 --> Fetching IIQA Details
INFO - 2021-01-25 16:41:56 --> Controller "App\Controllers\InstituteDetails" loaded.
INFO - 2021-01-25 16:41:56 --> Controller "App\Controllers\Leads" loaded.
INFO - 2021-01-25 16:41:56 --> Fetching IIQA Details
INFO - 2021-01-25 16:41:56 --> Fetching IIQA Details
INFO - 2021-01-25 16:42:01 --> Controller "App\Controllers\SchedulePlanner" loaded.
INFO - 2021-01-25 16:42:01 --> Fetching IIQA Details
INFO - 2021-01-25 16:42:05 --> Controller "App\Controllers\SchedulePlanner" loaded.
INFO - 2021-01-25 16:42:05 --> Fetching IIQA Details
INFO - 2021-01-25 16:42:06 --> Controller "App\Controllers\EmployeeDetails" loaded.
INFO - 2021-01-25 16:42:06 --> Fetching IIQA Details
INFO - 2021-01-25 16:42:06 --> Controller "App\Controllers\InstituteDetails" loaded.
INFO - 2021-01-25 16:42:06 --> Fetching IIQA Details
INFO - 2021-01-25 16:42:06 --> Controller "App\Controllers\Status" loaded.
INFO - 2021-01-25 16:42:06 --> Fetching IIQA Details
INFO - 2021-01-25 17:31:19 --> Controller "App\Controllers\Dashboards" loaded.
INFO - 2021-01-25 17:31:19 --> Fetching Dashboard details
INFO - 2021-01-25 17:32:26 --> Controller "App\Controllers\InstituteDetails" loaded.
INFO - 2021-01-25 17:32:26 --> Fetching IIQA Details
INFO - 2021-01-25 17:32:28 --> Controller "App\Controllers\Leads" loaded.
INFO - 2021-01-25 17:32:28 --> Fetching IIQA Details
INFO - 2021-01-25 17:32:28 --> Controller "App\Controllers\InstituteDetails" loaded.
INFO - 2021-01-25 17:32:28 --> Fetching IIQA Details
INFO - 2021-01-25 17:32:36 --> Controller "App\Controllers\SchedulePlanner" loaded.
INFO - 2021-01-25 17:32:36 --> Fetching IIQA Details
INFO - 2021-01-25 17:32:39 --> Controller "App\Controllers\SchedulePlanner" loaded.
INFO - 2021-01-25 17:32:39 --> Fetching IIQA Details
INFO - 2021-01-25 17:32:39 --> Controller "App\Controllers\Status" loaded.
INFO - 2021-01-25 17:32:39 --> Controller "App\Controllers\InstituteDetails" loaded.
INFO - 2021-01-25 17:32:39 --> Fetching IIQA Details
INFO - 2021-01-25 17:32:39 --> Fetching IIQA Details
INFO - 2021-01-25 17:32:39 --> Controller "App\Controllers\EmployeeDetails" loaded.
INFO - 2021-01-25 17:32:39 --> Fetching IIQA Details
INFO - 2021-01-25 17:32:45 --> Controller "App\Controllers\SchedulePlanner" loaded.
INFO - 2021-01-25 17:32:45 --> Fetching IIQA Details
INFO - 2021-01-25 17:32:46 --> Controller "App\Controllers\InstituteDetails" loaded.
INFO - 2021-01-25 17:32:46 --> Fetching IIQA Details
INFO - 2021-01-25 17:32:46 --> Controller "App\Controllers\EmployeeDetails" loaded.
INFO - 2021-01-25 17:32:46 --> Fetching IIQA Details
INFO - 2021-01-25 17:32:46 --> Controller "App\Controllers\Status" loaded.
INFO - 2021-01-25 17:32:46 --> Fetching IIQA Details
