INFO - 2021-02-25 14:23:24 --> Controller "App\Controllers\Users" loaded.
INFO - 2021-02-25 14:23:24 --> Controller "App\Controllers\Users" loaded.
INFO - 2021-02-25 14:23:24 --> Fetching All User details
INFO - 2021-02-25 14:23:36 --> Controller "App\Controllers\Users" loaded.
INFO - 2021-02-25 14:23:36 --> Fetching All User details
INFO - 2021-02-25 14:23:36 --> Controller "App\Controllers\Dashboards" loaded.
INFO - 2021-02-25 14:23:36 --> Fetching Dashboard details
INFO - 2021-02-25 14:24:21 --> Controller "App\Controllers\Users" loaded.
INFO - 2021-02-25 14:26:00 --> Controller "App\Controllers\Users" loaded.
INFO - 2021-02-25 14:26:13 --> Controller "App\Controllers\Dashboards" loaded.
INFO - 2021-02-25 14:26:13 --> Fetching Dashboard details
INFO - 2021-02-25 14:26:55 --> Controller "App\Controllers\Users" loaded.
INFO - 2021-02-25 14:27:19 --> Controller "App\Controllers\Users" loaded.
INFO - 2021-02-25 14:27:19 --> Fetching All User details
INFO - 2021-02-25 14:27:43 --> Controller "App\Controllers\Users" loaded.
INFO - 2021-02-25 14:27:43 --> Fetching All User details
INFO - 2021-02-25 14:41:41 --> Controller "App\Controllers\Users" loaded.
INFO - 2021-02-25 14:41:41 --> Fetching All User details
INFO - 2021-02-25 14:48:15 --> Controller "App\Controllers\Users" loaded.
INFO - 2021-02-25 14:48:15 --> Controller "App\Controllers\Users" loaded.
INFO - 2021-02-25 14:48:15 --> Fetching All User details
INFO - 2021-02-25 14:48:19 --> Controller "App\Controllers\PricingHistory" loaded.
INFO - 2021-02-25 14:48:19 --> Fetching IIQA Details
INFO - 2021-02-25 14:48:21 --> Controller "App\Controllers\UserMenu" loaded.
INFO - 2021-02-25 14:48:21 --> Controller "App\Controllers\UserMenu" loaded.
INFO - 2021-02-25 14:48:21 --> Fetching IIQA Details
INFO - 2021-02-25 14:48:21 --> Fetching IIQA Details
INFO - 2021-02-25 14:48:45 --> Controller "App\Controllers\Dashboards" loaded.
INFO - 2021-02-25 14:48:45 --> Fetching Dashboard details
INFO - 2021-02-25 14:48:45 --> Controller "App\Controllers\SchedulePlanner" loaded.
INFO - 2021-02-25 14:48:45 --> Fetching IIQA Details
INFO - 2021-02-25 14:48:47 --> Controller "App\Controllers\PricingHistory" loaded.
INFO - 2021-02-25 14:48:47 --> Fetching IIQA Details
INFO - 2021-02-25 14:48:47 --> Controller "App\Controllers\InstituteDetails" loaded.
INFO - 2021-02-25 14:48:47 --> Fetching IIQA Details
INFO - 2021-02-25 14:48:47 --> Controller "App\Controllers\PricingDetails" loaded.
INFO - 2021-02-25 14:48:47 --> Controller "App\Controllers\PricingDetails" loaded.
INFO - 2021-02-25 14:48:47 --> Fetching IIQA Details
INFO - 2021-02-25 14:48:47 --> Fetching IIQA Details
INFO - 2021-02-25 14:49:30 --> Controller "App\Controllers\PricingHistory" loaded.
INFO - 2021-02-25 14:49:30 --> Fetching IIQA Details
INFO - 2021-02-25 14:49:35 --> Controller "App\Controllers\PricingDetails" loaded.
INFO - 2021-02-25 14:49:35 --> Fetching IIQA Details
INFO - 2021-02-25 14:49:35 --> Controller "App\Controllers\PricingDetails" loaded.
INFO - 2021-02-25 14:49:35 --> Fetching IIQA Details
INFO - 2021-02-25 14:49:41 --> Controller "App\Controllers\PricingDetails" loaded.
INFO - 2021-02-25 14:49:41 --> Fetching IIQA Details
INFO - 2021-02-25 14:49:41 --> Controller "App\Controllers\PricingDetails" loaded.
INFO - 2021-02-25 14:49:41 --> Fetching IIQA Details
INFO - 2021-02-25 14:49:48 --> Controller "App\Controllers\UserMenu" loaded.
INFO - 2021-02-25 14:49:48 --> Fetching IIQA Details
INFO - 2021-02-25 14:49:48 --> Controller "App\Controllers\UserMenu" loaded.
INFO - 2021-02-25 14:49:48 --> Fetching IIQA Details
INFO - 2021-02-25 14:50:04 --> Controller "App\Controllers\UserMenu" loaded.
INFO - 2021-02-25 14:50:04 --> Fetching IIQA Details
INFO - 2021-02-25 14:50:04 --> Controller "App\Controllers\UserMenu" loaded.
INFO - 2021-02-25 14:50:04 --> Fetching IIQA Details
INFO - 2021-02-25 14:50:21 --> Controller "App\Controllers\Roles" loaded.
INFO - 2021-02-25 14:50:21 --> Controller "App\Controllers\Roles" loaded.
INFO - 2021-02-25 14:50:21 --> Controller "App\Controllers\Roles" loaded.
INFO - 2021-02-25 14:50:21 --> Fetching Permission details
INFO - 2021-02-25 14:50:21 --> Fetching Roles details
INFO - 2021-02-25 14:50:21 --> Fetching Assignments Details details
INFO - 2021-02-25 14:50:33 --> Controller "App\Controllers\Dashboards" loaded.
INFO - 2021-02-25 14:50:33 --> Fetching Dashboard details
INFO - 2021-02-25 14:50:35 --> Controller "App\Controllers\Users" loaded.
INFO - 2021-02-25 14:52:41 --> Controller "App\Controllers\PricingHistory" loaded.
INFO - 2021-02-25 14:52:41 --> Fetching IIQA Details
INFO - 2021-02-25 14:52:42 --> Controller "App\Controllers\UserMenu" loaded.
INFO - 2021-02-25 14:52:42 --> Fetching IIQA Details
INFO - 2021-02-25 14:52:42 --> Controller "App\Controllers\UserMenu" loaded.
INFO - 2021-02-25 14:52:42 --> Fetching IIQA Details
INFO - 2021-02-25 14:54:09 --> Controller "App\Controllers\UserMenu" loaded.
INFO - 2021-02-25 14:54:09 --> Controller "App\Controllers\UserMenu" loaded.
INFO - 2021-02-25 14:54:09 --> Fetching IIQA Details
INFO - 2021-02-25 14:54:09 --> Fetching IIQA Details
INFO - 2021-02-25 14:57:26 --> Controller "App\Controllers\UserMenu" loaded.
INFO - 2021-02-25 14:57:26 --> Controller "App\Controllers\UserMenu" loaded.
INFO - 2021-02-25 14:57:26 --> Fetching IIQA Details
INFO - 2021-02-25 14:57:26 --> Fetching IIQA Details
INFO - 2021-02-25 14:57:40 --> Controller "App\Controllers\UserMenu" loaded.
INFO - 2021-02-25 14:57:42 --> Controller "App\Controllers\UserMenu" loaded.
INFO - 2021-02-25 14:57:42 --> Fetching IIQA Details
INFO - 2021-02-25 14:57:42 --> Controller "App\Controllers\UserMenu" loaded.
INFO - 2021-02-25 14:57:42 --> Fetching IIQA Details
INFO - 2021-02-25 14:58:15 --> Controller "App\Controllers\UserMenu" loaded.
INFO - 2021-02-25 14:58:17 --> Controller "App\Controllers\UserMenu" loaded.
INFO - 2021-02-25 14:58:17 --> Fetching IIQA Details
INFO - 2021-02-25 14:58:17 --> Controller "App\Controllers\UserMenu" loaded.
INFO - 2021-02-25 14:58:17 --> Fetching IIQA Details
INFO - 2021-02-25 14:58:27 --> Controller "App\Controllers\PricingHistory" loaded.
INFO - 2021-02-25 14:58:27 --> Fetching IIQA Details
INFO - 2021-02-25 14:58:27 --> Controller "App\Controllers\Users" loaded.
INFO - 2021-02-25 14:58:27 --> Fetching All User details
INFO - 2021-02-25 14:58:29 --> Controller "App\Controllers\UserMenu" loaded.
INFO - 2021-02-25 14:58:29 --> Fetching IIQA Details
INFO - 2021-02-25 14:58:29 --> Controller "App\Controllers\UserMenu" loaded.
INFO - 2021-02-25 14:58:29 --> Fetching IIQA Details
INFO - 2021-02-25 14:58:50 --> Controller "App\Controllers\UserMenu" loaded.
INFO - 2021-02-25 14:58:52 --> Controller "App\Controllers\UserMenu" loaded.
INFO - 2021-02-25 14:58:52 --> Fetching IIQA Details
INFO - 2021-02-25 14:58:52 --> Controller "App\Controllers\UserMenu" loaded.
INFO - 2021-02-25 14:58:52 --> Fetching IIQA Details
INFO - 2021-02-25 15:01:47 --> Controller "App\Controllers\PricingDetails" loaded.
INFO - 2021-02-25 15:01:47 --> Fetching IIQA Details
INFO - 2021-02-25 15:01:47 --> Controller "App\Controllers\PricingDetails" loaded.
INFO - 2021-02-25 15:01:47 --> Fetching IIQA Details
INFO - 2021-02-25 15:02:07 --> Controller "App\Controllers\UserMenu" loaded.
INFO - 2021-02-25 15:02:07 --> Controller "App\Controllers\UserMenu" loaded.
INFO - 2021-02-25 15:02:07 --> Fetching IIQA Details
INFO - 2021-02-25 15:02:07 --> Fetching IIQA Details
INFO - 2021-02-25 15:03:16 --> Controller "App\Controllers\Dashboards" loaded.
INFO - 2021-02-25 15:03:16 --> Controller "App\Controllers\SchedulePlanner" loaded.
INFO - 2021-02-25 15:03:16 --> Fetching IIQA Details
INFO - 2021-02-25 15:03:16 --> Fetching Dashboard details
INFO - 2021-02-25 15:03:18 --> Controller "App\Controllers\PricingHistory" loaded.
INFO - 2021-02-25 15:03:18 --> Fetching IIQA Details
INFO - 2021-02-25 15:03:18 --> Controller "App\Controllers\InstituteDetails" loaded.
INFO - 2021-02-25 15:03:18 --> Fetching IIQA Details
INFO - 2021-02-25 15:03:18 --> Controller "App\Controllers\PricingDetails" loaded.
INFO - 2021-02-25 15:03:18 --> Fetching IIQA Details
INFO - 2021-02-25 15:03:18 --> Controller "App\Controllers\PricingDetails" loaded.
INFO - 2021-02-25 15:03:18 --> Fetching IIQA Details
INFO - 2021-02-25 15:03:43 --> Controller "App\Controllers\PricingHistory" loaded.
INFO - 2021-02-25 15:03:43 --> Fetching IIQA Details
INFO - 2021-02-25 15:03:45 --> Controller "App\Controllers\Dashboards" loaded.
INFO - 2021-02-25 15:03:45 --> Fetching Dashboard details
INFO - 2021-02-25 15:03:45 --> Controller "App\Controllers\SchedulePlanner" loaded.
INFO - 2021-02-25 15:03:45 --> Fetching IIQA Details
INFO - 2021-02-25 15:03:47 --> Controller "App\Controllers\PricingHistory" loaded.
INFO - 2021-02-25 15:03:47 --> Fetching IIQA Details
INFO - 2021-02-25 15:03:47 --> Controller "App\Controllers\InstituteDetails" loaded.
INFO - 2021-02-25 15:03:47 --> Fetching IIQA Details
INFO - 2021-02-25 15:03:47 --> Controller "App\Controllers\PricingDetails" loaded.
INFO - 2021-02-25 15:03:47 --> Fetching IIQA Details
INFO - 2021-02-25 15:03:47 --> Controller "App\Controllers\PricingDetails" loaded.
INFO - 2021-02-25 15:03:47 --> Fetching IIQA Details
INFO - 2021-02-25 15:04:23 --> Controller "App\Controllers\PricingHistory" loaded.
INFO - 2021-02-25 15:04:23 --> Fetching IIQA Details
INFO - 2021-02-25 15:04:24 --> Controller "App\Controllers\UserMenu" loaded.
INFO - 2021-02-25 15:04:24 --> Fetching IIQA Details
INFO - 2021-02-25 15:04:24 --> Controller "App\Controllers\UserMenu" loaded.
INFO - 2021-02-25 15:04:24 --> Fetching IIQA Details
INFO - 2021-02-25 15:05:44 --> Controller "App\Controllers\Users" loaded.
INFO - 2021-02-25 15:05:44 --> Fetching All User details
INFO - 2021-02-25 15:06:32 --> Controller "App\Controllers\PricingHistory" loaded.
INFO - 2021-02-25 15:06:32 --> Fetching IIQA Details
INFO - 2021-02-25 15:06:34 --> Controller "App\Controllers\UserMenu" loaded.
INFO - 2021-02-25 15:06:34 --> Fetching IIQA Details
INFO - 2021-02-25 15:06:34 --> Controller "App\Controllers\UserMenu" loaded.
INFO - 2021-02-25 15:06:34 --> Fetching IIQA Details
INFO - 2021-02-25 15:06:42 --> Controller "App\Controllers\UserMenu" loaded.
INFO - 2021-02-25 15:06:44 --> Controller "App\Controllers\UserMenu" loaded.
INFO - 2021-02-25 15:06:44 --> Fetching IIQA Details
INFO - 2021-02-25 15:06:44 --> Controller "App\Controllers\UserMenu" loaded.
INFO - 2021-02-25 15:06:44 --> Fetching IIQA Details
INFO - 2021-02-25 15:06:59 --> Controller "App\Controllers\UserMenu" loaded.
INFO - 2021-02-25 15:07:01 --> Controller "App\Controllers\UserMenu" loaded.
INFO - 2021-02-25 15:07:01 --> Fetching IIQA Details
INFO - 2021-02-25 15:07:01 --> Controller "App\Controllers\UserMenu" loaded.
INFO - 2021-02-25 15:07:01 --> Fetching IIQA Details
INFO - 2021-02-25 15:07:08 --> Controller "App\Controllers\UserMenu" loaded.
INFO - 2021-02-25 15:07:10 --> Controller "App\Controllers\UserMenu" loaded.
INFO - 2021-02-25 15:07:10 --> Fetching IIQA Details
INFO - 2021-02-25 15:07:10 --> Controller "App\Controllers\UserMenu" loaded.
INFO - 2021-02-25 15:07:10 --> Fetching IIQA Details
INFO - 2021-02-25 15:08:17 --> Controller "App\Controllers\UserMenu" loaded.
INFO - 2021-02-25 15:08:17 --> Controller "App\Controllers\UserMenu" loaded.
INFO - 2021-02-25 15:08:17 --> Fetching IIQA Details
INFO - 2021-02-25 15:08:17 --> Fetching IIQA Details
INFO - 2021-02-25 15:09:44 --> Controller "App\Controllers\UserMenu" loaded.
INFO - 2021-02-25 15:09:44 --> Controller "App\Controllers\UserMenu" loaded.
INFO - 2021-02-25 15:09:44 --> Fetching IIQA Details
INFO - 2021-02-25 15:09:44 --> Fetching IIQA Details
INFO - 2021-02-25 15:10:40 --> Controller "App\Controllers\PricingHistory" loaded.
INFO - 2021-02-25 15:10:42 --> Controller "App\Controllers\PricingHistory" loaded.
INFO - 2021-02-25 15:10:42 --> Fetching IIQA Details
INFO - 2021-02-25 15:10:53 --> Controller "App\Controllers\SchedulePlanner" loaded.
INFO - 2021-02-25 15:10:53 --> Fetching IIQA Details
INFO - 2021-02-25 15:10:53 --> Controller "App\Controllers\Dashboards" loaded.
INFO - 2021-02-25 15:10:53 --> Fetching Dashboard details
INFO - 2021-02-25 15:10:54 --> Controller "App\Controllers\PricingHistory" loaded.
INFO - 2021-02-25 15:10:54 --> Fetching IIQA Details
INFO - 2021-02-25 15:11:12 --> Controller "App\Controllers\PricingDetails" loaded.
INFO - 2021-02-25 15:11:12 --> Fetching IIQA Details
INFO - 2021-02-25 15:11:12 --> Controller "App\Controllers\PricingDetails" loaded.
INFO - 2021-02-25 15:11:12 --> Fetching IIQA Details
INFO - 2021-02-25 15:11:40 --> Controller "App\Controllers\UserMenu" loaded.
INFO - 2021-02-25 15:11:40 --> Fetching IIQA Details
INFO - 2021-02-25 15:11:40 --> Controller "App\Controllers\UserMenu" loaded.
INFO - 2021-02-25 15:11:40 --> Fetching IIQA Details
INFO - 2021-02-25 15:12:18 --> Controller "App\Controllers\PricingHistory" loaded.
INFO - 2021-02-25 15:12:20 --> Controller "App\Controllers\PricingHistory" loaded.
INFO - 2021-02-25 15:12:20 --> Fetching IIQA Details
INFO - 2021-02-25 15:12:24 --> Controller "App\Controllers\PricingHistory" loaded.
INFO - 2021-02-25 15:12:24 --> Fetching IIQA Details
INFO - 2021-02-25 15:12:26 --> Controller "App\Controllers\PricingDetails" loaded.
INFO - 2021-02-25 15:12:26 --> Fetching IIQA Details
INFO - 2021-02-25 15:12:26 --> Controller "App\Controllers\PricingDetails" loaded.
INFO - 2021-02-25 15:12:26 --> Fetching IIQA Details
INFO - 2021-02-25 15:12:42 --> Controller "App\Controllers\UserMenu" loaded.
INFO - 2021-02-25 15:12:42 --> Fetching IIQA Details
INFO - 2021-02-25 15:12:42 --> Controller "App\Controllers\UserMenu" loaded.
INFO - 2021-02-25 15:12:42 --> Fetching IIQA Details
INFO - 2021-02-25 15:12:47 --> Controller "App\Controllers\Dashboards" loaded.
INFO - 2021-02-25 15:12:47 --> Controller "App\Controllers\SchedulePlanner" loaded.
INFO - 2021-02-25 15:12:47 --> Fetching IIQA Details
INFO - 2021-02-25 15:12:47 --> Fetching Dashboard details
INFO - 2021-02-25 15:12:52 --> Controller "App\Controllers\PricingHistory" loaded.
INFO - 2021-02-25 15:12:52 --> Fetching IIQA Details
INFO - 2021-02-25 15:12:52 --> Controller "App\Controllers\InstituteDetails" loaded.
INFO - 2021-02-25 15:12:52 --> Fetching IIQA Details
INFO - 2021-02-25 15:12:52 --> Controller "App\Controllers\PricingDetails" loaded.
INFO - 2021-02-25 15:12:52 --> Controller "App\Controllers\PricingDetails" loaded.
INFO - 2021-02-25 15:12:52 --> Fetching IIQA Details
INFO - 2021-02-25 15:12:52 --> Fetching IIQA Details
INFO - 2021-02-25 15:13:09 --> Controller "App\Controllers\SchedulePlanner" loaded.
INFO - 2021-02-25 15:13:09 --> Fetching IIQA Details
INFO - 2021-02-25 15:13:09 --> Controller "App\Controllers\Dashboards" loaded.
INFO - 2021-02-25 15:13:09 --> Fetching Dashboard details
INFO - 2021-02-25 15:46:05 --> Controller "App\Controllers\PricingHistory" loaded.
INFO - 2021-02-25 15:46:05 --> Fetching IIQA Details
INFO - 2021-02-25 15:48:15 --> Controller "App\Controllers\Roles" loaded.
INFO - 2021-02-25 15:48:15 --> Fetching Assignments Details details
INFO - 2021-02-25 15:48:15 --> Controller "App\Controllers\Roles" loaded.
INFO - 2021-02-25 15:48:15 --> Controller "App\Controllers\Roles" loaded.
INFO - 2021-02-25 15:48:15 --> Fetching Permission details
INFO - 2021-02-25 15:48:15 --> Fetching Roles details
INFO - 2021-02-25 15:49:44 --> Controller "App\Controllers\Users" loaded.
INFO - 2021-02-25 15:49:44 --> Controller "App\Controllers\Dashboards" loaded.
INFO - 2021-02-25 15:49:44 --> Fetching All User details
INFO - 2021-02-25 15:49:44 --> Fetching Dashboard details
INFO - 2021-02-25 15:51:48 --> Controller "App\Controllers\InstituteDetails" loaded.
INFO - 2021-02-25 15:51:48 --> Fetching IIQA Details
INFO - 2021-02-25 15:51:55 --> Controller "App\Controllers\InstituteDetails" loaded.
INFO - 2021-02-25 15:51:55 --> Fetching IIQA Details
INFO - 2021-02-25 15:51:56 --> Controller "App\Controllers\InstituteDetails" loaded.
INFO - 2021-02-25 15:51:56 --> Fetching IIQA Details
INFO - 2021-02-25 15:51:59 --> Controller "App\Controllers\InstituteDetails" loaded.
INFO - 2021-02-25 15:51:59 --> Fetching IIQA Details
INFO - 2021-02-25 15:52:01 --> Controller "App\Controllers\InstituteDetails" loaded.
INFO - 2021-02-25 15:52:01 --> Fetching IIQA Details
INFO - 2021-02-25 15:52:03 --> Controller "App\Controllers\InstituteDetails" loaded.
INFO - 2021-02-25 15:52:03 --> Fetching IIQA Details
INFO - 2021-02-25 15:53:16 --> Controller "App\Controllers\Pincode" loaded.
INFO - 2021-02-25 15:54:02 --> Controller "App\Controllers\Pincode" loaded.
INFO - 2021-02-25 15:54:14 --> Controller "App\Controllers\Pincode" loaded.
INFO - 2021-02-25 15:56:34 --> Controller "App\Controllers\Leads" loaded.
INFO - 2021-02-25 15:56:34 --> Fetching IIQA Details
ERROR - 2021-02-25 15:56:34 --> Table 'egenius_salesdiary.lead_institute_contact_person' doesn't exist
INFO - 2021-02-25 15:56:49 --> Controller "App\Controllers\InstituteDetails" loaded.
INFO - 2021-02-25 15:56:49 --> Fetching IIQA Details
INFO - 2021-02-25 15:56:52 --> Controller "App\Controllers\Leads" loaded.
INFO - 2021-02-25 15:56:52 --> Fetching IIQA Details
INFO - 2021-02-25 15:56:52 --> Controller "App\Controllers\InstituteDetails" loaded.
INFO - 2021-02-25 15:56:52 --> Fetching IIQA Details
INFO - 2021-02-25 15:57:18 --> Controller "App\Controllers\Leads" loaded.
INFO - 2021-02-25 15:57:18 --> Fetching IIQA Details
INFO - 2021-02-25 15:57:18 --> Controller "App\Controllers\InstituteDetails" loaded.
INFO - 2021-02-25 15:57:18 --> Fetching IIQA Details
INFO - 2021-02-25 15:57:24 --> Controller "App\Controllers\Dashboards" loaded.
INFO - 2021-02-25 15:57:24 --> Controller "App\Controllers\SchedulePlanner" loaded.
INFO - 2021-02-25 15:57:24 --> Fetching Dashboard details
INFO - 2021-02-25 15:57:24 --> Fetching IIQA Details
INFO - 2021-02-25 15:57:31 --> Controller "App\Controllers\SchedulePlanner" loaded.
INFO - 2021-02-25 15:57:31 --> Fetching IIQA Details
INFO - 2021-02-25 15:57:31 --> Controller "App\Controllers\InstituteDetails" loaded.
INFO - 2021-02-25 15:57:31 --> Fetching IIQA Details
INFO - 2021-02-25 15:57:42 --> Controller "App\Controllers\SchedulePlanner" loaded.
INFO - 2021-02-25 15:57:42 --> Fetching IIQA Details
INFO - 2021-02-25 15:57:45 --> Controller "App\Controllers\SchedulePlanner" loaded.
INFO - 2021-02-25 15:57:45 --> Fetching IIQA Details
INFO - 2021-02-25 15:57:49 --> Controller "App\Controllers\SchedulePlanner" loaded.
INFO - 2021-02-25 15:57:49 --> Fetching IIQA Details
INFO - 2021-02-25 15:57:49 --> Controller "App\Controllers\EmployeeDetails" loaded.
INFO - 2021-02-25 15:57:49 --> Fetching IIQA Details
INFO - 2021-02-25 15:57:49 --> Controller "App\Controllers\InstituteDetails" loaded.
INFO - 2021-02-25 15:57:49 --> Fetching IIQA Details
INFO - 2021-02-25 15:57:49 --> Controller "App\Controllers\Status" loaded.
INFO - 2021-02-25 15:57:49 --> Fetching IIQA Details
INFO - 2021-02-25 16:01:08 --> Controller "App\Controllers\SchedulePlanner" loaded.
INFO - 2021-02-25 16:01:08 --> Fetching IIQA Details
INFO - 2021-02-25 16:01:56 --> Controller "App\Controllers\SchedulePlanner" loaded.
INFO - 2021-02-25 16:01:56 --> Fetching IIQA Details
INFO - 2021-02-25 16:01:56 --> Controller "App\Controllers\InstituteDetails" loaded.
INFO - 2021-02-25 16:01:56 --> Fetching IIQA Details
INFO - 2021-02-25 16:01:59 --> Controller "App\Controllers\InstituteDetails" loaded.
INFO - 2021-02-25 16:01:59 --> Fetching IIQA Details
INFO - 2021-02-25 16:01:59 --> Controller "App\Controllers\SchedulePlanner" loaded.
INFO - 2021-02-25 16:01:59 --> Fetching IIQA Details
INFO - 2021-02-25 16:01:59 --> Controller "App\Controllers\EmployeeDetails" loaded.
INFO - 2021-02-25 16:01:59 --> Fetching IIQA Details
INFO - 2021-02-25 16:01:59 --> Controller "App\Controllers\Status" loaded.
INFO - 2021-02-25 16:01:59 --> Fetching IIQA Details
INFO - 2021-02-25 16:02:46 --> Controller "App\Controllers\SchedulePlanner" loaded.
INFO - 2021-02-25 16:02:49 --> Controller "App\Controllers\SchedulePlanner" loaded.
INFO - 2021-02-25 16:02:49 --> Fetching IIQA Details
INFO - 2021-02-25 16:03:00 --> Controller "App\Controllers\Dashboards" loaded.
INFO - 2021-02-25 16:03:01 --> Fetching Dashboard details
INFO - 2021-02-25 16:03:01 --> Controller "App\Controllers\SchedulePlanner" loaded.
INFO - 2021-02-25 16:03:01 --> Fetching IIQA Details
INFO - 2021-02-25 16:03:01 --> Controller "App\Controllers\Users" loaded.
INFO - 2021-02-25 16:03:01 --> Fetching All User details
INFO - 2021-02-25 16:03:15 --> Controller "App\Controllers\PricingHistory" loaded.
INFO - 2021-02-25 16:03:15 --> Fetching IIQA Details
INFO - 2021-02-25 16:03:18 --> Controller "App\Controllers\UserMenu" loaded.
INFO - 2021-02-25 16:03:18 --> Fetching IIQA Details
INFO - 2021-02-25 16:03:18 --> Controller "App\Controllers\UserMenu" loaded.
INFO - 2021-02-25 16:03:18 --> Fetching IIQA Details
INFO - 2021-02-25 16:05:01 --> Controller "App\Controllers\PricingDetails" loaded.
INFO - 2021-02-25 16:05:01 --> Fetching IIQA Details
INFO - 2021-02-25 16:05:01 --> Controller "App\Controllers\PricingDetails" loaded.
INFO - 2021-02-25 16:05:01 --> Fetching IIQA Details
INFO - 2021-02-25 16:05:14 --> Controller "App\Controllers\UserMenu" loaded.
INFO - 2021-02-25 16:05:14 --> Fetching IIQA Details
INFO - 2021-02-25 16:05:14 --> Controller "App\Controllers\UserMenu" loaded.
INFO - 2021-02-25 16:05:14 --> Fetching IIQA Details
INFO - 2021-02-25 16:05:55 --> Controller "App\Controllers\Dashboards" loaded.
INFO - 2021-02-25 16:05:55 --> Fetching Dashboard details
INFO - 2021-02-25 16:05:55 --> Controller "App\Controllers\SchedulePlanner" loaded.
INFO - 2021-02-25 16:05:55 --> Fetching IIQA Details
INFO - 2021-02-25 16:06:03 --> Controller "App\Controllers\PricingHistory" loaded.
INFO - 2021-02-25 16:06:03 --> Fetching IIQA Details
INFO - 2021-02-25 16:06:03 --> Controller "App\Controllers\InstituteDetails" loaded.
INFO - 2021-02-25 16:06:03 --> Fetching IIQA Details
INFO - 2021-02-25 16:06:03 --> Controller "App\Controllers\PricingDetails" loaded.
INFO - 2021-02-25 16:06:03 --> Fetching IIQA Details
INFO - 2021-02-25 16:06:03 --> Controller "App\Controllers\PricingDetails" loaded.
INFO - 2021-02-25 16:06:04 --> Fetching IIQA Details
INFO - 2021-02-25 16:06:08 --> Controller "App\Controllers\InstitutePricingHistory" loaded.
INFO - 2021-02-25 16:06:08 --> Fetching IIQA Details
INFO - 2021-02-25 16:06:09 --> Controller "App\Controllers\InstitutePricingDetails" loaded.
INFO - 2021-02-25 16:06:09 --> Fetching IIQA Details
INFO - 2021-02-25 17:55:03 --> Controller "App\Controllers\UserMenu" loaded.
INFO - 2021-02-25 17:55:03 --> Fetching IIQA Details
INFO - 2021-02-25 17:55:03 --> Controller "App\Controllers\UserMenu" loaded.
INFO - 2021-02-25 17:55:03 --> Fetching IIQA Details
INFO - 2021-02-25 19:01:29 --> Controller "App\Controllers\UserMenu" loaded.
INFO - 2021-02-25 19:01:29 --> Fetching IIQA Details
INFO - 2021-02-25 19:01:29 --> Controller "App\Controllers\UserMenu" loaded.
INFO - 2021-02-25 19:01:29 --> Fetching IIQA Details
INFO - 2021-02-25 19:01:48 --> Controller "App\Controllers\UserMenu" loaded.
INFO - 2021-02-25 19:01:48 --> Controller "App\Controllers\UserMenu" loaded.
INFO - 2021-02-25 19:01:48 --> Fetching IIQA Details
INFO - 2021-02-25 19:01:48 --> Fetching IIQA Details
INFO - 2021-02-25 19:07:39 --> Controller "App\Controllers\UserMenu" loaded.
INFO - 2021-02-25 19:11:31 --> Controller "App\Controllers\UserMenu" loaded.
INFO - 2021-02-25 19:13:40 --> Controller "App\Controllers\UserMenu" loaded.
INFO - 2021-02-25 19:14:01 --> Controller "App\Controllers\UserMenu" loaded.
INFO - 2021-02-25 19:14:22 --> Controller "App\Controllers\UserMenu" loaded.
INFO - 2021-02-25 19:14:39 --> Controller "App\Controllers\Users" loaded.
INFO - 2021-02-25 19:14:39 --> Controller "App\Controllers\PricingHistory" loaded.
INFO - 2021-02-25 19:14:39 --> Fetching IIQA Details
INFO - 2021-02-25 19:14:39 --> Fetching All User details
INFO - 2021-02-25 19:14:42 --> Controller "App\Controllers\UserMenu" loaded.
INFO - 2021-02-25 19:14:42 --> Controller "App\Controllers\UserMenu" loaded.
INFO - 2021-02-25 19:14:42 --> Fetching IIQA Details
INFO - 2021-02-25 19:14:42 --> Fetching IIQA Details
INFO - 2021-02-25 19:15:00 --> Controller "App\Controllers\PricingHistory" loaded.
INFO - 2021-02-25 19:15:00 --> Fetching IIQA Details
INFO - 2021-02-25 19:15:00 --> Controller "App\Controllers\Users" loaded.
INFO - 2021-02-25 19:15:00 --> Fetching All User details
INFO - 2021-02-25 19:15:01 --> Controller "App\Controllers\UserMenu" loaded.
INFO - 2021-02-25 19:15:01 --> Fetching IIQA Details
INFO - 2021-02-25 19:15:01 --> Controller "App\Controllers\UserMenu" loaded.
INFO - 2021-02-25 19:15:01 --> Fetching IIQA Details
INFO - 2021-02-25 19:15:08 --> Controller "App\Controllers\UserMenu" loaded.
INFO - 2021-02-25 19:15:10 --> Controller "App\Controllers\UserMenu" loaded.
INFO - 2021-02-25 19:15:10 --> Fetching IIQA Details
INFO - 2021-02-25 19:15:10 --> Controller "App\Controllers\UserMenu" loaded.
INFO - 2021-02-25 19:15:10 --> Fetching IIQA Details
INFO - 2021-02-25 19:15:15 --> Controller "App\Controllers\PricingHistory" loaded.
INFO - 2021-02-25 19:15:15 --> Fetching IIQA Details
INFO - 2021-02-25 19:15:15 --> Controller "App\Controllers\Users" loaded.
INFO - 2021-02-25 19:15:15 --> Fetching All User details
INFO - 2021-02-25 19:15:17 --> Controller "App\Controllers\UserMenu" loaded.
INFO - 2021-02-25 19:15:17 --> Controller "App\Controllers\UserMenu" loaded.
INFO - 2021-02-25 19:15:17 --> Fetching IIQA Details
INFO - 2021-02-25 19:15:17 --> Fetching IIQA Details
