INFO - 2020-11-28 21:59:24 --> Controller "App\Controllers\UserMenus" loaded.
INFO - 2020-11-28 21:59:24 --> Fetching UserMenu details
INFO - 2020-11-28 21:59:25 --> Controller "App\Controllers\UserMenus" loaded.
INFO - 2020-11-28 21:59:25 --> Fetching UserMenu details
INFO - 2020-11-28 22:07:06 --> Controller "App\Controllers\IIQAForm" loaded.
INFO - 2020-11-28 22:07:06 --> Fetching IIQA Details
INFO - 2020-11-28 22:07:06 --> Controller "App\Controllers\State" loaded.
INFO - 2020-11-28 22:07:06 --> Fetching IIQA Details
INFO - 2020-11-28 22:07:06 --> Controller "App\Controllers\University" loaded.
INFO - 2020-11-28 22:07:06 --> Fetching IIQA Details
INFO - 2020-11-28 22:07:06 --> Controller "App\Controllers\CommonFetch" loaded.
INFO - 2020-11-28 22:07:06 --> Fetching IIQA Details
INFO - 2020-11-28 22:07:06 --> Controller "App\Controllers\CommonFetch" loaded.
INFO - 2020-11-28 22:07:06 --> Fetching Title Details
INFO - 2020-11-28 22:07:06 --> Controller "App\Controllers\CommonFetch" loaded.
INFO - 2020-11-28 22:07:06 --> Fetching Title Details
INFO - 2020-11-28 22:07:06 --> Controller "App\Controllers\IIQADocument" loaded.
INFO - 2020-11-28 22:07:06 --> Fetching Document Details
INFO - 2020-11-28 22:07:08 --> Controller "App\Controllers\UserMenus" loaded.
INFO - 2020-11-28 22:07:08 --> Fetching UserMenu details
INFO - 2020-11-28 22:07:40 --> Controller "App\Controllers\UserMenus" loaded.
INFO - 2020-11-28 22:07:40 --> Fetching UserMenu details
INFO - 2020-11-28 22:13:43 --> Controller "App\Controllers\UserMenus" loaded.
INFO - 2020-11-28 22:13:43 --> Fetching UserMenu details
INFO - 2020-11-28 22:13:45 --> Controller "App\Controllers\IIQAForm" loaded.
INFO - 2020-11-28 22:13:45 --> Fetching IIQA Details
INFO - 2020-11-28 22:13:46 --> Controller "App\Controllers\State" loaded.
INFO - 2020-11-28 22:13:46 --> Controller "App\Controllers\University" loaded.
INFO - 2020-11-28 22:13:46 --> Fetching IIQA Details
INFO - 2020-11-28 22:13:46 --> Controller "App\Controllers\CommonFetch" loaded.
INFO - 2020-11-28 22:13:46 --> Fetching IIQA Details
INFO - 2020-11-28 22:13:46 --> Fetching IIQA Details
INFO - 2020-11-28 22:13:46 --> Controller "App\Controllers\CommonFetch" loaded.
INFO - 2020-11-28 22:13:46 --> Fetching Title Details
INFO - 2020-11-28 22:13:46 --> Controller "App\Controllers\IIQADocument" loaded.
INFO - 2020-11-28 22:13:46 --> Fetching Document Details
INFO - 2020-11-28 22:13:46 --> Controller "App\Controllers\CommonFetch" loaded.
INFO - 2020-11-28 22:13:46 --> Fetching Title Details
INFO - 2020-11-28 22:13:49 --> Controller "App\Controllers\UserMenus" loaded.
INFO - 2020-11-28 22:13:49 --> Fetching UserMenu details
INFO - 2020-11-28 22:13:52 --> Controller "App\Controllers\IIQAForm" loaded.
INFO - 2020-11-28 22:13:52 --> Fetching IIQA Details
INFO - 2020-11-28 22:13:52 --> Controller "App\Controllers\State" loaded.
INFO - 2020-11-28 22:13:52 --> Fetching IIQA Details
INFO - 2020-11-28 22:13:52 --> Controller "App\Controllers\CommonFetch" loaded.
INFO - 2020-11-28 22:13:52 --> Fetching IIQA Details
INFO - 2020-11-28 22:13:52 --> Controller "App\Controllers\University" loaded.
INFO - 2020-11-28 22:13:52 --> Controller "App\Controllers\CommonFetch" loaded.
INFO - 2020-11-28 22:13:52 --> Controller "App\Controllers\CommonFetch" loaded.
INFO - 2020-11-28 22:13:52 --> Fetching Title Details
INFO - 2020-11-28 22:13:52 --> Fetching Title Details
INFO - 2020-11-28 22:13:52 --> Fetching IIQA Details
INFO - 2020-11-28 22:13:52 --> Controller "App\Controllers\IIQADocument" loaded.
INFO - 2020-11-28 22:13:52 --> Fetching Document Details
INFO - 2020-11-28 22:14:42 --> Controller "App\Controllers\UserMenus" loaded.
INFO - 2020-11-28 22:14:42 --> Fetching UserMenu details
INFO - 2020-11-28 22:15:31 --> Controller "App\Controllers\IIQAForm" loaded.
INFO - 2020-11-28 22:15:31 --> Fetching IIQA Details
INFO - 2020-11-28 22:15:31 --> Controller "App\Controllers\State" loaded.
INFO - 2020-11-28 22:15:31 --> Fetching IIQA Details
INFO - 2020-11-28 22:15:31 --> Controller "App\Controllers\University" loaded.
INFO - 2020-11-28 22:15:31 --> Fetching IIQA Details
INFO - 2020-11-28 22:15:31 --> Controller "App\Controllers\CommonFetch" loaded.
INFO - 2020-11-28 22:15:31 --> Fetching IIQA Details
INFO - 2020-11-28 22:15:31 --> Controller "App\Controllers\CommonFetch" loaded.
INFO - 2020-11-28 22:15:31 --> Fetching Title Details
INFO - 2020-11-28 22:15:31 --> Controller "App\Controllers\CommonFetch" loaded.
INFO - 2020-11-28 22:15:31 --> Fetching Title Details
INFO - 2020-11-28 22:15:31 --> Controller "App\Controllers\IIQADocument" loaded.
INFO - 2020-11-28 22:15:31 --> Fetching Document Details
INFO - 2020-11-28 22:15:32 --> Controller "App\Controllers\UserMenus" loaded.
INFO - 2020-11-28 22:15:32 --> Fetching UserMenu details
INFO - 2020-11-28 22:16:34 --> Controller "App\Controllers\UserMenus" loaded.
INFO - 2020-11-28 22:16:34 --> Fetching UserMenu details
INFO - 2020-11-28 22:18:02 --> Controller "App\Controllers\UserMenus" loaded.
INFO - 2020-11-28 22:18:02 --> Fetching UserMenu details
INFO - 2020-11-28 22:18:04 --> Controller "App\Controllers\IIQAForm" loaded.
INFO - 2020-11-28 22:18:04 --> Fetching IIQA Details
INFO - 2020-11-28 22:18:05 --> Controller "App\Controllers\State" loaded.
INFO - 2020-11-28 22:18:05 --> Fetching IIQA Details
INFO - 2020-11-28 22:18:05 --> Controller "App\Controllers\University" loaded.
INFO - 2020-11-28 22:18:05 --> Fetching IIQA Details
INFO - 2020-11-28 22:18:05 --> Controller "App\Controllers\CommonFetch" loaded.
INFO - 2020-11-28 22:18:05 --> Fetching IIQA Details
INFO - 2020-11-28 22:18:05 --> Controller "App\Controllers\CommonFetch" loaded.
INFO - 2020-11-28 22:18:05 --> Fetching Title Details
INFO - 2020-11-28 22:18:05 --> Controller "App\Controllers\CommonFetch" loaded.
INFO - 2020-11-28 22:18:05 --> Fetching Title Details
INFO - 2020-11-28 22:18:05 --> Controller "App\Controllers\IIQADocument" loaded.
INFO - 2020-11-28 22:18:05 --> Fetching Document Details
INFO - 2020-11-28 22:18:07 --> Controller "App\Controllers\UserMenus" loaded.
INFO - 2020-11-28 22:18:07 --> Fetching UserMenu details
INFO - 2020-11-28 22:20:13 --> Controller "App\Controllers\IIQAForm" loaded.
INFO - 2020-11-28 22:20:13 --> Fetching IIQA Details
INFO - 2020-11-28 22:20:13 --> Controller "App\Controllers\State" loaded.
INFO - 2020-11-28 22:20:13 --> Fetching IIQA Details
INFO - 2020-11-28 22:20:13 --> Controller "App\Controllers\CommonFetch" loaded.
INFO - 2020-11-28 22:20:13 --> Fetching IIQA Details
INFO - 2020-11-28 22:20:13 --> Controller "App\Controllers\University" loaded.
INFO - 2020-11-28 22:20:13 --> Controller "App\Controllers\CommonFetch" loaded.
INFO - 2020-11-28 22:20:13 --> Controller "App\Controllers\CommonFetch" loaded.
INFO - 2020-11-28 22:20:13 --> Fetching Title Details
INFO - 2020-11-28 22:20:13 --> Fetching IIQA Details
INFO - 2020-11-28 22:20:13 --> Fetching Title Details
INFO - 2020-11-28 22:20:13 --> Controller "App\Controllers\IIQADocument" loaded.
INFO - 2020-11-28 22:20:13 --> Fetching Document Details
INFO - 2020-11-28 22:20:15 --> Controller "App\Controllers\UserMenus" loaded.
INFO - 2020-11-28 22:20:15 --> Fetching UserMenu details
INFO - 2020-11-28 22:20:19 --> Controller "App\Controllers\IIQAForm" loaded.
INFO - 2020-11-28 22:20:19 --> Fetching IIQA Details
INFO - 2020-11-28 22:20:19 --> Controller "App\Controllers\State" loaded.
INFO - 2020-11-28 22:20:19 --> Fetching IIQA Details
INFO - 2020-11-28 22:20:19 --> Controller "App\Controllers\University" loaded.
INFO - 2020-11-28 22:20:19 --> Fetching IIQA Details
INFO - 2020-11-28 22:20:19 --> Controller "App\Controllers\CommonFetch" loaded.
INFO - 2020-11-28 22:20:19 --> Controller "App\Controllers\CommonFetch" loaded.
INFO - 2020-11-28 22:20:19 --> Fetching Title Details
INFO - 2020-11-28 22:20:19 --> Fetching IIQA Details
INFO - 2020-11-28 22:20:19 --> Controller "App\Controllers\CommonFetch" loaded.
INFO - 2020-11-28 22:20:19 --> Fetching Title Details
INFO - 2020-11-28 22:20:19 --> Controller "App\Controllers\IIQADocument" loaded.
INFO - 2020-11-28 22:20:19 --> Fetching Document Details
INFO - 2020-11-28 22:20:21 --> Controller "App\Controllers\UserMenus" loaded.
INFO - 2020-11-28 22:20:21 --> Fetching UserMenu details
INFO - 2020-11-28 22:22:27 --> Controller "App\Controllers\IIQAForm" loaded.
INFO - 2020-11-28 22:22:27 --> Fetching IIQA Details
INFO - 2020-11-28 22:22:27 --> Controller "App\Controllers\State" loaded.
INFO - 2020-11-28 22:22:27 --> Fetching IIQA Details
INFO - 2020-11-28 22:22:27 --> Controller "App\Controllers\University" loaded.
INFO - 2020-11-28 22:22:27 --> Fetching IIQA Details
INFO - 2020-11-28 22:22:27 --> Controller "App\Controllers\CommonFetch" loaded.
INFO - 2020-11-28 22:22:27 --> Fetching IIQA Details
INFO - 2020-11-28 22:22:27 --> Controller "App\Controllers\CommonFetch" loaded.
INFO - 2020-11-28 22:22:27 --> Fetching Title Details
INFO - 2020-11-28 22:22:27 --> Controller "App\Controllers\CommonFetch" loaded.
INFO - 2020-11-28 22:22:27 --> Fetching Title Details
INFO - 2020-11-28 22:22:27 --> Controller "App\Controllers\IIQADocument" loaded.
INFO - 2020-11-28 22:22:27 --> Fetching Document Details
INFO - 2020-11-28 22:22:29 --> Controller "App\Controllers\UserMenus" loaded.
INFO - 2020-11-28 22:22:29 --> Fetching UserMenu details
INFO - 2020-11-28 22:23:35 --> Controller "App\Controllers\UserMenus" loaded.
INFO - 2020-11-28 22:23:35 --> Fetching UserMenu details
INFO - 2020-11-28 22:24:44 --> Controller "App\Controllers\UserMenus" loaded.
INFO - 2020-11-28 22:24:44 --> Fetching UserMenu details
INFO - 2020-11-28 22:24:45 --> Controller "App\Controllers\UserMenus" loaded.
INFO - 2020-11-28 22:24:45 --> Fetching UserMenu details
INFO - 2020-11-28 22:24:49 --> Controller "App\Controllers\UserMenus" loaded.
INFO - 2020-11-28 22:24:49 --> Fetching UserMenu details
INFO - 2020-11-28 22:25:30 --> Controller "App\Controllers\UserMenus" loaded.
INFO - 2020-11-28 22:25:30 --> Fetching UserMenu details
INFO - 2020-11-28 22:25:32 --> Controller "App\Controllers\UserMenus" loaded.
INFO - 2020-11-28 22:25:32 --> Fetching UserMenu details
INFO - 2020-11-28 22:25:32 --> Controller "App\Controllers\UserMenus" loaded.
INFO - 2020-11-28 22:25:32 --> Fetching UserMenu details
INFO - 2020-11-28 22:25:33 --> Controller "App\Controllers\UserMenus" loaded.
INFO - 2020-11-28 22:25:33 --> Fetching UserMenu details
INFO - 2020-11-28 22:25:34 --> Controller "App\Controllers\UserMenus" loaded.
INFO - 2020-11-28 22:25:34 --> Fetching UserMenu details
INFO - 2020-11-28 22:25:35 --> Controller "App\Controllers\UserMenus" loaded.
INFO - 2020-11-28 22:25:35 --> Fetching UserMenu details
INFO - 2020-11-28 22:25:36 --> Controller "App\Controllers\UserMenus" loaded.
INFO - 2020-11-28 22:25:36 --> Fetching UserMenu details
INFO - 2020-11-28 22:25:39 --> Controller "App\Controllers\UserMenus" loaded.
INFO - 2020-11-28 22:25:39 --> Fetching UserMenu details
INFO - 2020-11-28 22:25:40 --> Controller "App\Controllers\UserMenus" loaded.
INFO - 2020-11-28 22:25:40 --> Fetching UserMenu details
INFO - 2020-11-28 22:25:40 --> Controller "App\Controllers\UserMenus" loaded.
INFO - 2020-11-28 22:25:40 --> Fetching UserMenu details
INFO - 2020-11-28 22:25:42 --> Controller "App\Controllers\UserMenus" loaded.
INFO - 2020-11-28 22:25:42 --> Fetching UserMenu details
INFO - 2020-11-28 22:25:43 --> Controller "App\Controllers\UserMenus" loaded.
INFO - 2020-11-28 22:25:43 --> Fetching UserMenu details
INFO - 2020-11-28 22:25:44 --> Controller "App\Controllers\UserMenus" loaded.
INFO - 2020-11-28 22:25:44 --> Fetching UserMenu details
INFO - 2020-11-28 22:25:45 --> Controller "App\Controllers\UserMenus" loaded.
INFO - 2020-11-28 22:25:45 --> Fetching UserMenu details
INFO - 2020-11-28 22:25:49 --> Controller "App\Controllers\UserMenus" loaded.
INFO - 2020-11-28 22:25:49 --> Fetching UserMenu details
INFO - 2020-11-28 22:25:52 --> Controller "App\Controllers\UserMenus" loaded.
INFO - 2020-11-28 22:25:52 --> Fetching UserMenu details
INFO - 2020-11-28 22:25:53 --> Controller "App\Controllers\UserMenus" loaded.
INFO - 2020-11-28 22:25:53 --> Fetching UserMenu details
INFO - 2020-11-28 22:25:57 --> Controller "App\Controllers\UserMenus" loaded.
INFO - 2020-11-28 22:25:57 --> Fetching UserMenu details
INFO - 2020-11-28 22:25:59 --> Controller "App\Controllers\UserMenus" loaded.
INFO - 2020-11-28 22:25:59 --> Fetching UserMenu details
INFO - 2020-11-28 22:26:03 --> Controller "App\Controllers\UserMenus" loaded.
INFO - 2020-11-28 22:26:03 --> Fetching UserMenu details
INFO - 2020-11-28 22:26:06 --> Controller "App\Controllers\UserMenus" loaded.
INFO - 2020-11-28 22:26:06 --> Fetching UserMenu details
INFO - 2020-11-28 22:26:10 --> Controller "App\Controllers\UserMenus" loaded.
INFO - 2020-11-28 22:26:10 --> Fetching UserMenu details
INFO - 2020-11-28 22:27:42 --> Controller "App\Controllers\UserMenus" loaded.
INFO - 2020-11-28 22:27:42 --> Fetching UserMenu details
INFO - 2020-11-28 22:27:44 --> Controller "App\Controllers\UserMenus" loaded.
INFO - 2020-11-28 22:27:44 --> Fetching UserMenu details
INFO - 2020-11-28 22:28:21 --> Controller "App\Controllers\IIQAForm" loaded.
INFO - 2020-11-28 22:28:21 --> Fetching IIQA Details
INFO - 2020-11-28 22:28:21 --> Controller "App\Controllers\State" loaded.
INFO - 2020-11-28 22:28:21 --> Fetching IIQA Details
INFO - 2020-11-28 22:28:21 --> Controller "App\Controllers\University" loaded.
INFO - 2020-11-28 22:28:21 --> Controller "App\Controllers\CommonFetch" loaded.
INFO - 2020-11-28 22:28:21 --> Fetching Title Details
INFO - 2020-11-28 22:28:21 --> Fetching IIQA Details
INFO - 2020-11-28 22:28:21 --> Controller "App\Controllers\CommonFetch" loaded.
INFO - 2020-11-28 22:28:21 --> Fetching IIQA Details
INFO - 2020-11-28 22:28:21 --> Controller "App\Controllers\CommonFetch" loaded.
INFO - 2020-11-28 22:28:21 --> Fetching Title Details
INFO - 2020-11-28 22:28:21 --> Controller "App\Controllers\IIQADocument" loaded.
INFO - 2020-11-28 22:28:21 --> Fetching Document Details
INFO - 2020-11-28 22:28:23 --> Controller "App\Controllers\UserMenus" loaded.
INFO - 2020-11-28 22:28:23 --> Fetching UserMenu details
INFO - 2020-11-28 22:28:26 --> Controller "App\Controllers\IIQAForm" loaded.
INFO - 2020-11-28 22:28:26 --> Fetching IIQA Details
INFO - 2020-11-28 22:28:26 --> Controller "App\Controllers\University" loaded.
INFO - 2020-11-28 22:28:26 --> Fetching IIQA Details
INFO - 2020-11-28 22:28:26 --> Controller "App\Controllers\State" loaded.
INFO - 2020-11-28 22:28:26 --> Fetching IIQA Details
INFO - 2020-11-28 22:28:26 --> Controller "App\Controllers\CommonFetch" loaded.
INFO - 2020-11-28 22:28:26 --> Fetching IIQA Details
INFO - 2020-11-28 22:28:26 --> Controller "App\Controllers\CommonFetch" loaded.
INFO - 2020-11-28 22:28:26 --> Fetching Title Details
INFO - 2020-11-28 22:28:26 --> Controller "App\Controllers\CommonFetch" loaded.
INFO - 2020-11-28 22:28:26 --> Fetching Title Details
INFO - 2020-11-28 22:28:26 --> Controller "App\Controllers\IIQADocument" loaded.
INFO - 2020-11-28 22:28:26 --> Fetching Document Details
INFO - 2020-11-28 22:28:40 --> Controller "App\Controllers\CommonFetch" loaded.
INFO - 2020-11-28 22:28:40 --> Controller "App\Controllers\State" loaded.
INFO - 2020-11-28 22:28:40 --> Controller "App\Controllers\CommonFetch" loaded.
INFO - 2020-11-28 22:28:40 --> Fetching Title Details
INFO - 2020-11-28 22:28:40 --> Fetching IIQA Details
INFO - 2020-11-28 22:28:40 --> Fetching IIQA Details
INFO - 2020-11-28 22:28:40 --> Controller "App\Controllers\IIQAForm" loaded.
INFO - 2020-11-28 22:28:40 --> Controller "App\Controllers\University" loaded.
INFO - 2020-11-28 22:28:40 --> Fetching IIQA Details
INFO - 2020-11-28 22:28:40 --> Fetching IIQA Details
INFO - 2020-11-28 22:28:40 --> Controller "App\Controllers\CommonFetch" loaded.
INFO - 2020-11-28 22:28:40 --> Fetching Title Details
INFO - 2020-11-28 22:28:40 --> Controller "App\Controllers\IIQADocument" loaded.
INFO - 2020-11-28 22:28:40 --> Fetching Document Details
INFO - 2020-11-28 22:28:42 --> Controller "App\Controllers\UserMenus" loaded.
INFO - 2020-11-28 22:28:42 --> Fetching UserMenu details
INFO - 2020-11-28 22:29:08 --> Controller "App\Controllers\UserMenus" loaded.
INFO - 2020-11-28 22:29:08 --> Fetching UserMenu details
INFO - 2020-11-28 22:29:11 --> Controller "App\Controllers\UserMenus" loaded.
INFO - 2020-11-28 22:29:11 --> Fetching UserMenu details
INFO - 2020-11-28 22:29:11 --> Controller "App\Controllers\UserMenus" loaded.
INFO - 2020-11-28 22:29:11 --> Fetching UserMenu details
INFO - 2020-11-28 22:29:19 --> Controller "App\Controllers\IIQAForm" loaded.
INFO - 2020-11-28 22:29:19 --> Fetching IIQA Details
INFO - 2020-11-28 22:29:20 --> Controller "App\Controllers\UserMenus" loaded.
INFO - 2020-11-28 22:29:20 --> Fetching UserMenu details
INFO - 2020-11-28 22:29:22 --> Controller "App\Controllers\UserMenus" loaded.
INFO - 2020-11-28 22:29:22 --> Fetching UserMenu details
INFO - 2020-11-28 22:29:23 --> Controller "App\Controllers\IIQAForm" loaded.
INFO - 2020-11-28 22:29:23 --> Fetching IIQA Details
INFO - 2020-11-28 22:29:23 --> Controller "App\Controllers\University" loaded.
INFO - 2020-11-28 22:29:23 --> Fetching IIQA Details
INFO - 2020-11-28 22:29:23 --> Controller "App\Controllers\State" loaded.
INFO - 2020-11-28 22:29:23 --> Fetching IIQA Details
INFO - 2020-11-28 22:29:23 --> Controller "App\Controllers\CommonFetch" loaded.
INFO - 2020-11-28 22:29:23 --> Fetching IIQA Details
INFO - 2020-11-28 22:29:23 --> Controller "App\Controllers\CommonFetch" loaded.
INFO - 2020-11-28 22:29:23 --> Controller "App\Controllers\CommonFetch" loaded.
INFO - 2020-11-28 22:29:23 --> Fetching Title Details
INFO - 2020-11-28 22:29:23 --> Fetching Title Details
INFO - 2020-11-28 22:29:23 --> Controller "App\Controllers\IIQADocument" loaded.
INFO - 2020-11-28 22:29:23 --> Fetching Document Details
INFO - 2020-11-28 22:29:25 --> Controller "App\Controllers\UserMenus" loaded.
INFO - 2020-11-28 22:29:25 --> Fetching UserMenu details
