INFO - 2020-05-04 00:02:01 --> Controller "App\Controllers\RouteMasters" loaded.
INFO - 2020-05-04 00:02:01 --> Controller "App\Controllers\Vehicles" loaded.
INFO - 2020-05-04 00:02:01 --> Controller "App\Controllers\Staffs" loaded.
INFO - 2020-05-04 00:02:01 --> Fetching Route Master details
INFO - 2020-05-04 00:02:01 --> Fetching Vehicles details
INFO - 2020-05-04 00:02:01 --> Fetching All Leave details
INFO - 2020-05-04 00:02:17 --> Controller "App\Controllers\RouteMasters" loaded.
INFO - 2020-05-04 00:02:17 --> Fetching Route Master details
INFO - 2020-05-04 00:02:19 --> Controller "App\Controllers\RouteMappings" loaded.
INFO - 2020-05-04 00:02:19 --> Fetching Route Mapping details
INFO - 2020-05-04 00:02:56 --> Controller "App\Controllers\Vehicles" loaded.
INFO - 2020-05-04 00:02:56 --> Controller "App\Controllers\RouteMasters" loaded.
INFO - 2020-05-04 00:02:56 --> Fetching Vehicles details
INFO - 2020-05-04 00:02:56 --> Fetching Route Master details
INFO - 2020-05-04 00:02:56 --> Controller "App\Controllers\Staffs" loaded.
INFO - 2020-05-04 00:02:56 --> Fetching All Leave details
INFO - 2020-05-04 00:02:58 --> Controller "App\Controllers\FeesMasters" loaded.
INFO - 2020-05-04 00:02:58 --> Fetching FeeMaster details
INFO - 2020-05-04 00:03:00 --> Controller "App\Controllers\FeesMasters" loaded.
INFO - 2020-05-04 00:03:00 --> Fetching FeeMaster details
INFO - 2020-05-04 00:03:00 --> Controller "App\Controllers\Academicyears" loaded.
CRITICAL - 2020-05-04 00:03:00 --> syntax error, unexpected ',', expecting ';'
#0 /var/www/html/server_4/system/Router/Router.php(192): CodeIgniter\Router\Router->autoRoute('feesConfigs/get...')
#1 /var/www/html/server_4/system/CodeIgniter.php(785): CodeIgniter\Router\Router->handle('feesConfigs/get...')
#2 /var/www/html/server_4/system/CodeIgniter.php(358): CodeIgniter\CodeIgniter->tryToRouteIt(Object(CodeIgniter\Router\RouteCollection))
#3 /var/www/html/server_4/system/CodeIgniter.php(306): CodeIgniter\CodeIgniter->handleRequest(NULL, Object(Config\Cache), false)
#4 /var/www/html/server_4/public/index.php(45): CodeIgniter\CodeIgniter->run()
#5 {main}
INFO - 2020-05-04 00:03:00 --> Fetching Academic year details
INFO - 2020-05-04 00:03:00 --> Controller "App\Controllers\Institutions" loaded.
INFO - 2020-05-04 00:03:00 --> Controller "App\Controllers\Standards" loaded.
CRITICAL - 2020-05-04 00:03:00 --> syntax error, unexpected ',', expecting ';'
#0 /var/www/html/server_4/system/Router/Router.php(192): CodeIgniter\Router\Router->autoRoute('feesConfigs/get...')
#1 /var/www/html/server_4/system/CodeIgniter.php(785): CodeIgniter\Router\Router->handle('feesConfigs/get...')
#2 /var/www/html/server_4/system/CodeIgniter.php(358): CodeIgniter\CodeIgniter->tryToRouteIt(Object(CodeIgniter\Router\RouteCollection))
#3 /var/www/html/server_4/system/CodeIgniter.php(306): CodeIgniter\CodeIgniter->handleRequest(NULL, Object(Config\Cache), false)
#4 /var/www/html/server_4/public/index.php(45): CodeIgniter\CodeIgniter->run()
#5 {main}
INFO - 2020-05-04 00:03:00 --> Fetching Institution details
INFO - 2020-05-04 00:03:00 --> Fetching Standards Section details
INFO - 2020-05-04 00:18:05 --> Controller "App\Controllers\SubjectMasters" loaded.
INFO - 2020-05-04 00:18:05 --> Controller "App\Controllers\Sections" loaded.
INFO - 2020-05-04 00:18:05 --> Fetching SubjectMasters details
INFO - 2020-05-04 00:18:05 --> Fetching Sections details
INFO - 2020-05-04 00:18:19 --> Controller "App\Controllers\SubjectMasters" loaded.
ERROR - 2020-05-04 00:18:19 --> array_push() expects parameter 1 to be array, null given
INFO - 2020-05-04 00:18:26 --> Controller "App\Controllers\SubjectMasters" loaded.
ERROR - 2020-05-04 00:18:26 --> array_push() expects parameter 1 to be array, null given
INFO - 2020-05-04 00:18:30 --> Controller "App\Controllers\SubjectMasters" loaded.
INFO - 2020-05-04 00:18:30 --> Fetching SubjectMasters details
INFO - 2020-05-04 00:18:36 --> Controller "App\Controllers\SubjectMasters" loaded.
ERROR - 2020-05-04 00:18:36 --> array_push() expects parameter 1 to be array, null given
INFO - 2020-05-04 00:18:41 --> Controller "App\Controllers\SubjectMasters" loaded.
ERROR - 2020-05-04 00:18:41 --> array_push() expects parameter 1 to be array, null given
INFO - 2020-05-04 00:19:17 --> Controller "App\Controllers\SubjectMasters" loaded.
INFO - 2020-05-04 00:19:17 --> Inserting SubjectMasters details
INFO - 2020-05-04 00:19:17 --> Controller "App\Controllers\SubjectMasters" loaded.
INFO - 2020-05-04 00:19:17 --> Fetching SubjectMasters details
INFO - 2020-05-04 00:19:24 --> Controller "App\Controllers\SubjectMasters" loaded.
INFO - 2020-05-04 00:19:24 --> Fetching SubjectMasters details
INFO - 2020-05-04 00:19:24 --> Controller "App\Controllers\Sections" loaded.
INFO - 2020-05-04 00:19:24 --> Fetching Sections details
INFO - 2020-05-04 00:23:14 --> Controller "App\Controllers\SubjectMasters" loaded.
INFO - 2020-05-04 00:23:22 --> Controller "App\Controllers\SubjectMasters" loaded.
INFO - 2020-05-04 00:23:27 --> Controller "App\Controllers\SubjectMasters" loaded.
INFO - 2020-05-04 00:23:31 --> Controller "App\Controllers\SubjectMasters" loaded.
INFO - 2020-05-04 00:24:33 --> Controller "App\Controllers\SubjectMasters" loaded.
INFO - 2020-05-04 00:24:34 --> Controller "App\Controllers\SubjectMasters" loaded.
INFO - 2020-05-04 00:24:43 --> Controller "App\Controllers\SubjectMasters" loaded.
INFO - 2020-05-04 00:24:43 --> Controller "App\Controllers\Sections" loaded.
INFO - 2020-05-04 00:24:43 --> Fetching SubjectMasters details
INFO - 2020-05-04 00:24:43 --> Fetching Sections details
INFO - 2020-05-04 00:24:51 --> Controller "App\Controllers\SubjectMasters" loaded.
INFO - 2020-05-04 00:24:51 --> Inserting SubjectMasters details
INFO - 2020-05-04 00:24:51 --> Controller "App\Controllers\SubjectMasters" loaded.
INFO - 2020-05-04 00:24:51 --> Fetching SubjectMasters details
INFO - 2020-05-04 00:25:04 --> Controller "App\Controllers\SubjectMasters" loaded.
INFO - 2020-05-04 00:25:04 --> Inserting SubjectMasters details
INFO - 2020-05-04 00:25:04 --> Controller "App\Controllers\SubjectMasters" loaded.
INFO - 2020-05-04 00:25:04 --> Fetching SubjectMasters details
INFO - 2020-05-04 00:25:18 --> Controller "App\Controllers\SubjectMasters" loaded.
INFO - 2020-05-04 00:25:20 --> Controller "App\Controllers\SubjectMasters" loaded.
INFO - 2020-05-04 00:25:43 --> Controller "App\Controllers\SubjectMasters" loaded.
INFO - 2020-05-04 00:25:43 --> Controller "App\Controllers\Sections" loaded.
INFO - 2020-05-04 00:25:43 --> Fetching SubjectMasters details
INFO - 2020-05-04 00:25:43 --> Fetching Sections details
INFO - 2020-05-04 00:25:55 --> Controller "App\Controllers\SubjectMasters" loaded.
ERROR - 2020-05-04 00:25:55 --> array_push() expects parameter 1 to be array, null given
INFO - 2020-05-04 00:25:59 --> Controller "App\Controllers\SubjectMasters" loaded.
ERROR - 2020-05-04 00:25:59 --> array_push() expects parameter 1 to be array, null given
INFO - 2020-05-04 00:26:02 --> Controller "App\Controllers\SubjectMasters" loaded.
INFO - 2020-05-04 00:26:02 --> Fetching SubjectMasters details
INFO - 2020-05-04 00:26:05 --> Controller "App\Controllers\SubjectMasters" loaded.
ERROR - 2020-05-04 00:26:05 --> array_push() expects parameter 1 to be array, null given
INFO - 2020-05-04 00:26:13 --> Controller "App\Controllers\SubjectMasters" loaded.
ERROR - 2020-05-04 00:26:13 --> array_push() expects parameter 1 to be array, null given
INFO - 2020-05-04 00:26:19 --> Controller "App\Controllers\SubjectMasters" loaded.
INFO - 2020-05-04 00:26:19 --> Fetching SubjectMasters details
INFO - 2020-05-04 00:26:19 --> Controller "App\Controllers\Sections" loaded.
INFO - 2020-05-04 00:26:19 --> Fetching Sections details
INFO - 2020-05-04 00:26:24 --> Controller "App\Controllers\SubjectMasters" loaded.
ERROR - 2020-05-04 00:26:24 --> array_push() expects parameter 1 to be array, null given
INFO - 2020-05-04 00:27:58 --> Controller "App\Controllers\SubjectMasters" loaded.
INFO - 2020-05-04 00:27:58 --> Fetching SubjectMasters details
INFO - 2020-05-04 00:28:01 --> Controller "App\Controllers\SubjectMasters" loaded.
INFO - 2020-05-04 00:28:01 --> Updating SubjectMasters details
INFO - 2020-05-04 00:28:04 --> Controller "App\Controllers\SubjectMasters" loaded.
INFO - 2020-05-04 00:28:04 --> Fetching SubjectMasters details
INFO - 2020-05-04 00:28:11 --> Controller "App\Controllers\SubjectMasters" loaded.
INFO - 2020-05-04 00:28:11 --> Controller "App\Controllers\Sections" loaded.
INFO - 2020-05-04 00:28:11 --> Fetching SubjectMasters details
INFO - 2020-05-04 00:28:11 --> Fetching Sections details
INFO - 2020-05-04 00:28:15 --> Controller "App\Controllers\SubjectMasters" loaded.
INFO - 2020-05-04 00:28:15 --> Fetching SubjectMasters details
INFO - 2020-05-04 00:28:20 --> Controller "App\Controllers\SubjectMasters" loaded.
INFO - 2020-05-04 00:28:20 --> Fetching SubjectMasters details
INFO - 2020-05-04 00:28:28 --> Controller "App\Controllers\SubjectMasters" loaded.
INFO - 2020-05-04 00:28:28 --> Updating SubjectMasters details
INFO - 2020-05-04 00:28:30 --> Controller "App\Controllers\SubjectMasters" loaded.
INFO - 2020-05-04 00:28:30 --> Fetching SubjectMasters details
INFO - 2020-05-04 00:28:56 --> Controller "App\Controllers\SubjectMasters" loaded.
INFO - 2020-05-04 00:28:56 --> Fetching SubjectMasters details
INFO - 2020-05-04 00:29:02 --> Controller "App\Controllers\SubjectMasters" loaded.
INFO - 2020-05-04 00:29:02 --> Fetching SubjectMasters details
INFO - 2020-05-04 00:29:13 --> Controller "App\Controllers\SubjectMasters" loaded.
INFO - 2020-05-04 00:29:13 --> Fetching SubjectMasters details
INFO - 2020-05-04 00:29:34 --> Controller "App\Controllers\SubjectMasters" loaded.
INFO - 2020-05-04 00:29:34 --> Fetching SubjectMasters details
INFO - 2020-05-04 00:29:42 --> Controller "App\Controllers\SubjectMasters" loaded.
INFO - 2020-05-04 00:29:42 --> Updating SubjectMasters details
INFO - 2020-05-04 00:29:44 --> Controller "App\Controllers\SubjectMasters" loaded.
INFO - 2020-05-04 00:29:44 --> Fetching SubjectMasters details
INFO - 2020-05-04 00:33:32 --> Controller "App\Controllers\SubjectMasters" loaded.
INFO - 2020-05-04 00:33:32 --> Fetching SubjectMasters details
INFO - 2020-05-04 00:33:40 --> Controller "App\Controllers\SubjectMasters" loaded.
INFO - 2020-05-04 00:33:40 --> Fetching SubjectMasters details
INFO - 2020-05-04 00:33:47 --> Controller "App\Controllers\SubjectStandards" loaded.
INFO - 2020-05-04 00:33:47 --> Fetching Subjects details
INFO - 2020-05-04 00:34:01 --> Controller "App\Controllers\SubjectMasters" loaded.
INFO - 2020-05-04 00:34:01 --> Controller "App\Controllers\Sections" loaded.
INFO - 2020-05-04 00:34:01 --> Fetching SubjectMasters details
INFO - 2020-05-04 00:34:01 --> Fetching Sections details
INFO - 2020-05-04 00:36:06 --> Controller "App\Controllers\SubjectMasters" loaded.
INFO - 2020-05-04 00:36:06 --> Controller "App\Controllers\Sections" loaded.
INFO - 2020-05-04 00:36:06 --> Fetching SubjectMasters details
INFO - 2020-05-04 00:36:06 --> Fetching Sections details
INFO - 2020-05-04 00:36:20 --> Controller "App\Controllers\SubjectMasters" loaded.
INFO - 2020-05-04 00:36:20 --> Fetching SubjectMasters details
INFO - 2020-05-04 00:36:29 --> Controller "App\Controllers\SubjectMasters" loaded.
INFO - 2020-05-04 00:36:29 --> Updating SubjectMasters details
INFO - 2020-05-04 00:36:31 --> Controller "App\Controllers\SubjectMasters" loaded.
INFO - 2020-05-04 00:36:31 --> Fetching SubjectMasters details
INFO - 2020-05-04 00:36:54 --> Controller "App\Controllers\Sections" loaded.
INFO - 2020-05-04 00:36:54 --> Controller "App\Controllers\SubjectMasters" loaded.
INFO - 2020-05-04 00:36:54 --> Fetching SubjectMasters details
INFO - 2020-05-04 00:36:54 --> Fetching Sections details
INFO - 2020-05-04 00:37:07 --> Controller "App\Controllers\SubjectMasters" loaded.
INFO - 2020-05-04 00:37:07 --> Fetching SubjectMasters details
INFO - 2020-05-04 00:37:15 --> Controller "App\Controllers\SubjectMasters" loaded.
INFO - 2020-05-04 00:37:15 --> Updating SubjectMasters details
INFO - 2020-05-04 00:37:18 --> Controller "App\Controllers\SubjectMasters" loaded.
INFO - 2020-05-04 00:37:18 --> Fetching SubjectMasters details
INFO - 2020-05-04 00:37:45 --> Controller "App\Controllers\SubjectMasters" loaded.
INFO - 2020-05-04 00:37:45 --> Fetching SubjectMasters details
INFO - 2020-05-04 00:37:45 --> Controller "App\Controllers\Sections" loaded.
INFO - 2020-05-04 00:37:45 --> Fetching Sections details
INFO - 2020-05-04 01:32:07 --> Controller "App\Controllers\SubjectMasters" loaded.
INFO - 2020-05-04 01:32:07 --> Controller "App\Controllers\Sections" loaded.
INFO - 2020-05-04 01:32:07 --> Fetching SubjectMasters details
INFO - 2020-05-04 01:32:07 --> Fetching Sections details
INFO - 2020-05-04 01:34:16 --> Controller "App\Controllers\SubjectMasters" loaded.
INFO - 2020-05-04 01:34:16 --> Fetching SubjectMasters details
INFO - 2020-05-04 01:34:16 --> Controller "App\Controllers\Sections" loaded.
INFO - 2020-05-04 01:34:16 --> Fetching Sections details
INFO - 2020-05-04 01:59:03 --> Controller "App\Controllers\SubjectMasters" loaded.
INFO - 2020-05-04 01:59:03 --> Fetching SubjectMasters details
INFO - 2020-05-04 01:59:13 --> Controller "App\Controllers\Sections" loaded.
INFO - 2020-05-04 01:59:13 --> Fetching Sections details
INFO - 2020-05-04 01:59:50 --> Controller "App\Controllers\SubjectMasters" loaded.
INFO - 2020-05-04 01:59:50 --> Fetching SubjectMasters details
INFO - 2020-05-04 01:59:50 --> Controller "App\Controllers\Sections" loaded.
INFO - 2020-05-04 01:59:50 --> Fetching Sections details
INFO - 2020-05-04 01:59:58 --> Controller "App\Controllers\SubjectMasters" loaded.
INFO - 2020-05-04 01:59:58 --> Fetching SubjectMasters details
INFO - 2020-05-04 02:00:07 --> Controller "App\Controllers\SubjectMasters" loaded.
INFO - 2020-05-04 02:00:07 --> Updating SubjectMasters details
INFO - 2020-05-04 02:00:09 --> Controller "App\Controllers\SubjectMasters" loaded.
INFO - 2020-05-04 02:00:09 --> Fetching SubjectMasters details
INFO - 2020-05-04 02:00:53 --> Controller "App\Controllers\SubjectMasters" loaded.
INFO - 2020-05-04 02:00:53 --> Fetching SubjectMasters details
INFO - 2020-05-04 02:00:53 --> Controller "App\Controllers\Sections" loaded.
INFO - 2020-05-04 02:00:53 --> Fetching Sections details
INFO - 2020-05-04 02:15:03 --> Controller "App\Controllers\SubjectMasters" loaded.
INFO - 2020-05-04 02:15:03 --> Fetching SubjectMasters details
INFO - 2020-05-04 02:15:03 --> Controller "App\Controllers\Sections" loaded.
INFO - 2020-05-04 02:15:03 --> Fetching Sections details
INFO - 2020-05-04 02:16:45 --> Controller "App\Controllers\SubjectMasters" loaded.
INFO - 2020-05-04 02:16:45 --> Fetching SubjectMasters details
INFO - 2020-05-04 02:16:45 --> Controller "App\Controllers\Sections" loaded.
INFO - 2020-05-04 02:16:45 --> Fetching Sections details
INFO - 2020-05-04 02:17:39 --> Controller "App\Controllers\SubjectMasters" loaded.
INFO - 2020-05-04 02:17:39 --> Fetching SubjectMasters details
INFO - 2020-05-04 02:17:39 --> Controller "App\Controllers\Sections" loaded.
INFO - 2020-05-04 02:17:39 --> Fetching Sections details
INFO - 2020-05-04 02:21:13 --> Controller "App\Controllers\SubjectMasters" loaded.
INFO - 2020-05-04 02:21:13 --> Fetching SubjectMasters details
INFO - 2020-05-04 02:21:13 --> Controller "App\Controllers\Sections" loaded.
INFO - 2020-05-04 02:21:13 --> Fetching Sections details
INFO - 2020-05-04 02:21:25 --> Controller "App\Controllers\SubjectMasters" loaded.
INFO - 2020-05-04 02:21:25 --> Fetching SubjectMasters details
INFO - 2020-05-04 02:21:43 --> Controller "App\Controllers\SubjectMasters" loaded.
INFO - 2020-05-04 02:21:43 --> Fetching SubjectMasters details
INFO - 2020-05-04 02:21:51 --> Controller "App\Controllers\SubjectMasters" loaded.
INFO - 2020-05-04 02:21:51 --> Updating SubjectMasters details
INFO - 2020-05-04 02:21:54 --> Controller "App\Controllers\SubjectMasters" loaded.
INFO - 2020-05-04 02:21:54 --> Fetching SubjectMasters details
INFO - 2020-05-04 02:22:01 --> Controller "App\Controllers\SubjectMasters" loaded.
INFO - 2020-05-04 02:22:01 --> Fetching SubjectMasters details
INFO - 2020-05-04 02:22:05 --> Controller "App\Controllers\SubjectMasters" loaded.
INFO - 2020-05-04 02:22:05 --> Updating SubjectMasters details
INFO - 2020-05-04 02:22:07 --> Controller "App\Controllers\SubjectMasters" loaded.
INFO - 2020-05-04 02:22:07 --> Fetching SubjectMasters details
INFO - 2020-05-04 02:25:02 --> Controller "App\Controllers\SubjectMasters" loaded.
INFO - 2020-05-04 02:25:02 --> Fetching SubjectMasters details
INFO - 2020-05-04 02:25:02 --> Controller "App\Controllers\Sections" loaded.
INFO - 2020-05-04 02:25:02 --> Fetching Sections details
INFO - 2020-05-04 02:25:10 --> Controller "App\Controllers\SubjectMasters" loaded.
INFO - 2020-05-04 02:25:10 --> Controller "App\Controllers\Sections" loaded.
INFO - 2020-05-04 02:25:10 --> Fetching SubjectMasters details
INFO - 2020-05-04 02:25:10 --> Fetching Sections details
INFO - 2020-05-04 02:25:27 --> Controller "App\Controllers\SubjectMasters" loaded.
INFO - 2020-05-04 02:25:27 --> Fetching SubjectMasters details
INFO - 2020-05-04 02:26:16 --> Controller "App\Controllers\SubjectMasters" loaded.
INFO - 2020-05-04 02:26:16 --> Fetching SubjectMasters details
INFO - 2020-05-04 02:26:16 --> Controller "App\Controllers\Sections" loaded.
INFO - 2020-05-04 02:26:16 --> Fetching Sections details
INFO - 2020-05-04 02:26:46 --> Controller "App\Controllers\SubjectMasters" loaded.
INFO - 2020-05-04 02:26:46 --> Fetching SubjectMasters details
INFO - 2020-05-04 02:26:50 --> Controller "App\Controllers\SubjectMasters" loaded.
INFO - 2020-05-04 02:26:50 --> Updating SubjectMasters details
INFO - 2020-05-04 02:26:53 --> Controller "App\Controllers\SubjectMasters" loaded.
INFO - 2020-05-04 02:26:53 --> Fetching SubjectMasters details
INFO - 2020-05-04 02:27:03 --> Controller "App\Controllers\SubjectMasters" loaded.
INFO - 2020-05-04 02:27:03 --> Fetching SubjectMasters details
INFO - 2020-05-04 02:27:30 --> Controller "App\Controllers\SubjectMasters" loaded.
INFO - 2020-05-04 02:27:30 --> Updating SubjectMasters details
INFO - 2020-05-04 02:27:33 --> Controller "App\Controllers\SubjectMasters" loaded.
INFO - 2020-05-04 02:27:33 --> Fetching SubjectMasters details
INFO - 2020-05-04 02:27:37 --> Controller "App\Controllers\SubjectMasters" loaded.
INFO - 2020-05-04 02:27:37 --> Fetching SubjectMasters details
INFO - 2020-05-04 02:27:55 --> Controller "App\Controllers\SubjectMasters" loaded.
INFO - 2020-05-04 02:27:55 --> Updating SubjectMasters details
INFO - 2020-05-04 02:27:58 --> Controller "App\Controllers\SubjectMasters" loaded.
INFO - 2020-05-04 02:27:58 --> Fetching SubjectMasters details
INFO - 2020-05-04 02:35:19 --> Controller "App\Controllers\SubjectMasters" loaded.
INFO - 2020-05-04 02:35:19 --> Controller "App\Controllers\Sections" loaded.
INFO - 2020-05-04 02:35:19 --> Fetching SubjectMasters details
INFO - 2020-05-04 02:35:19 --> Fetching Sections details
INFO - 2020-05-04 02:37:56 --> Controller "App\Controllers\SubjectMasters" loaded.
INFO - 2020-05-04 02:37:56 --> Fetching SubjectMasters details
INFO - 2020-05-04 02:37:56 --> Controller "App\Controllers\Sections" loaded.
INFO - 2020-05-04 02:37:56 --> Fetching Sections details
INFO - 2020-05-04 02:40:19 --> Controller "App\Controllers\Standards" loaded.
INFO - 2020-05-04 02:40:19 --> Fetching Standards details
INFO - 2020-05-04 02:40:19 --> Controller "App\Controllers\Institutions" loaded.
INFO - 2020-05-04 02:40:19 --> Controller "App\Controllers\Standards" loaded.
INFO - 2020-05-04 02:40:19 --> Fetching Institution details
INFO - 2020-05-04 02:40:19 --> Controller "App\Controllers\Boards" loaded.
INFO - 2020-05-04 02:40:19 --> Controller "App\Controllers\Standards" loaded.
INFO - 2020-05-04 02:40:19 --> Fetching Boards details
INFO - 2020-05-04 02:40:19 --> Fetching Standards details
INFO - 2020-05-04 02:40:19 --> Fetching Standards details
INFO - 2020-05-04 02:40:22 --> Controller "App\Controllers\SubjectMasters" loaded.
INFO - 2020-05-04 02:40:22 --> Controller "App\Controllers\Sections" loaded.
INFO - 2020-05-04 02:40:22 --> Fetching SubjectMasters details
ERROR - 2020-05-04 02:40:22 --> Unknown column 'p.standard' in 'field list'
INFO - 2020-05-04 02:40:34 --> Controller "App\Controllers\SubjectMasters" loaded.
INFO - 2020-05-04 02:40:34 --> Controller "App\Controllers\Sections" loaded.
ERROR - 2020-05-04 02:40:34 --> Unknown column 'p.standard' in 'field list'
INFO - 2020-05-04 02:40:34 --> Fetching SubjectMasters details
INFO - 2020-05-04 02:43:15 --> Controller "App\Controllers\SubjectMasters" loaded.
INFO - 2020-05-04 02:43:15 --> Fetching SubjectMasters details
INFO - 2020-05-04 02:43:15 --> Controller "App\Controllers\Sections" loaded.
ERROR - 2020-05-04 02:43:15 --> Unknown column 'p.standard' in 'field list'
INFO - 2020-05-04 02:43:32 --> Controller "App\Controllers\Sections" loaded.
INFO - 2020-05-04 02:43:32 --> Controller "App\Controllers\SubjectMasters" loaded.
INFO - 2020-05-04 02:43:32 --> Fetching SubjectMasters details
ERROR - 2020-05-04 02:43:32 --> Unknown column 'p.standard' in 'field list'
INFO - 2020-05-04 02:43:38 --> Controller "App\Controllers\SubjectMasters" loaded.
INFO - 2020-05-04 02:43:38 --> Fetching SubjectMasters details
INFO - 2020-05-04 02:43:38 --> Controller "App\Controllers\Sections" loaded.
ERROR - 2020-05-04 02:43:38 --> Unknown column 'p.standard' in 'field list'
INFO - 2020-05-04 02:43:48 --> Controller "App\Controllers\SubjectMasters" loaded.
INFO - 2020-05-04 02:43:48 --> Fetching SubjectMasters details
INFO - 2020-05-04 02:43:48 --> Controller "App\Controllers\Sections" loaded.
ERROR - 2020-05-04 02:43:48 --> Unknown column 'p.standard' in 'field list'
INFO - 2020-05-04 02:45:42 --> Controller "App\Controllers\SubjectMasters" loaded.
INFO - 2020-05-04 02:45:42 --> Fetching SubjectMasters details
INFO - 2020-05-04 02:45:42 --> Controller "App\Controllers\Sections" loaded.
ERROR - 2020-05-04 02:45:42 --> Unknown column 'p.standard' in 'field list'
INFO - 2020-05-04 02:46:30 --> Controller "App\Controllers\Users" loaded.
INFO - 2020-05-04 02:46:30 --> Fetching Users details
INFO - 2020-05-04 02:46:35 --> Controller "App\Controllers\Users" loaded.
INFO - 2020-05-04 02:46:35 --> Fetching Users details
INFO - 2020-05-04 02:46:40 --> Controller "App\Controllers\SubjectMasters" loaded.
INFO - 2020-05-04 02:46:40 --> Fetching SubjectMasters details
INFO - 2020-05-04 02:46:40 --> Controller "App\Controllers\Sections" loaded.
ERROR - 2020-05-04 02:46:40 --> Unknown column 'p.standard' in 'field list'
INFO - 2020-05-04 02:47:03 --> Controller "App\Controllers\LeaveApplications" loaded.
INFO - 2020-05-04 02:47:03 --> Controller "App\Controllers\LeaveApplications" loaded.
INFO - 2020-05-04 02:47:03 --> Fetching All Leave details
INFO - 2020-05-04 02:47:03 --> Fetching All Leave details
INFO - 2020-05-04 02:47:04 --> Controller "App\Controllers\SubjectMasters" loaded.
INFO - 2020-05-04 02:47:04 --> Controller "App\Controllers\Sections" loaded.
INFO - 2020-05-04 02:47:04 --> Fetching SubjectMasters details
ERROR - 2020-05-04 02:47:04 --> Unknown column 'p.standard' in 'field list'
INFO - 2020-05-04 02:47:15 --> Controller "App\Controllers\SubjectMasters" loaded.
INFO - 2020-05-04 02:47:15 --> Fetching SubjectMasters details
INFO - 2020-05-04 02:49:33 --> Controller "App\Controllers\SubjectMasters" loaded.
INFO - 2020-05-04 02:49:33 --> Inserting SubjectMasters details
INFO - 2020-05-04 02:49:33 --> Controller "App\Controllers\SubjectMasters" loaded.
INFO - 2020-05-04 02:49:33 --> Fetching SubjectMasters details
INFO - 2020-05-04 02:50:04 --> Controller "App\Controllers\Feedbacks" loaded.
INFO - 2020-05-04 02:50:04 --> Fetching Feedback details
INFO - 2020-05-04 02:50:07 --> Controller "App\Controllers\SubjectMasters" loaded.
INFO - 2020-05-04 02:50:07 --> Fetching SubjectMasters details
INFO - 2020-05-04 02:50:07 --> Controller "App\Controllers\Sections" loaded.
ERROR - 2020-05-04 02:50:07 --> Unknown column 'p.standard' in 'field list'
INFO - 2020-05-04 02:50:14 --> Controller "App\Controllers\SubjectMasters" loaded.
INFO - 2020-05-04 02:50:14 --> Fetching SubjectMasters details
INFO - 2020-05-04 02:50:32 --> Controller "App\Controllers\SubjectMasters" loaded.
INFO - 2020-05-04 02:50:32 --> Fetching SubjectMasters details
INFO - 2020-05-04 02:50:41 --> Controller "App\Controllers\SubjectMasters" loaded.
INFO - 2020-05-04 02:50:41 --> Updating SubjectMasters details
INFO - 2020-05-04 02:50:43 --> Controller "App\Controllers\SubjectMasters" loaded.
INFO - 2020-05-04 02:50:43 --> Fetching SubjectMasters details
INFO - 2020-05-04 02:50:56 --> Controller "App\Controllers\SubjectMasters" loaded.
INFO - 2020-05-04 02:50:56 --> Fetching SubjectMasters details
INFO - 2020-05-04 02:56:52 --> Controller "App\Controllers\SubjectMasters" loaded.
INFO - 2020-05-04 02:56:52 --> Fetching SubjectMasters details
INFO - 2020-05-04 02:58:18 --> Controller "App\Controllers\SubjectMasters" loaded.
INFO - 2020-05-04 02:58:18 --> Controller "App\Controllers\Sections" loaded.
INFO - 2020-05-04 02:58:18 --> Fetching SubjectMasters details
ERROR - 2020-05-04 02:58:18 --> Unknown column 'p.standard' in 'field list'
INFO - 2020-05-04 03:08:36 --> Controller "App\Controllers\SubjectStandards" loaded.
INFO - 2020-05-04 03:08:36 --> Fetching Subjects details
INFO - 2020-05-04 03:08:57 --> Controller "App\Controllers\Sections" loaded.
ERROR - 2020-05-04 03:08:57 --> Unknown column 'p.standard' in 'field list'
INFO - 2020-05-04 03:11:40 --> Controller "App\Controllers\Sections" loaded.
INFO - 2020-05-04 03:11:40 --> Fetching Sections details
INFO - 2020-05-04 03:12:30 --> Controller "App\Controllers\Sections" loaded.
INFO - 2020-05-04 03:12:30 --> Controller "App\Controllers\SubjectMasters" loaded.
INFO - 2020-05-04 03:12:30 --> Fetching SubjectMasters details
INFO - 2020-05-04 03:12:30 --> Fetching Sections details
INFO - 2020-05-04 03:12:34 --> Controller "App\Controllers\SubjectStandards" loaded.
INFO - 2020-05-04 03:12:34 --> Fetching Subjects details
INFO - 2020-05-04 03:12:47 --> Controller "App\Controllers\SubjectStandards" loaded.
INFO - 2020-05-04 03:12:47 --> Deleting Subjects details
INFO - 2020-05-04 03:12:49 --> Controller "App\Controllers\SubjectStandards" loaded.
INFO - 2020-05-04 03:12:49 --> Fetching Subjects details
INFO - 2020-05-04 04:17:43 --> Controller "App\Controllers\SubjectMasters" loaded.
INFO - 2020-05-04 04:17:43 --> Fetching SubjectMasters details
INFO - 2020-05-04 04:17:43 --> Controller "App\Controllers\Sections" loaded.
INFO - 2020-05-04 04:17:43 --> Fetching Sections details
INFO - 2020-05-04 04:18:43 --> Controller "App\Controllers\SubjectStandards" loaded.
INFO - 2020-05-04 04:18:43 --> Fetching Subjects details
INFO - 2020-05-04 04:18:53 --> Controller "App\Controllers\SubjectStandards" loaded.
INFO - 2020-05-04 04:18:53 --> Fetching Subjects details
INFO - 2020-05-04 04:20:08 --> Controller "App\Controllers\SubjectStandards" loaded.
INFO - 2020-05-04 04:20:08 --> Fetching Subjects details
INFO - 2020-05-04 04:20:26 --> Controller "App\Controllers\SubjectStandards" loaded.
INFO - 2020-05-04 04:20:26 --> Fetching Subjects details
INFO - 2020-05-04 04:20:34 --> Controller "App\Controllers\SubjectStandards" loaded.
INFO - 2020-05-04 04:20:34 --> Fetching Subjects details
INFO - 2020-05-04 04:20:47 --> Controller "App\Controllers\SubjectStandards" loaded.
INFO - 2020-05-04 04:20:47 --> Fetching Subjects details
INFO - 2020-05-04 04:21:01 --> Controller "App\Controllers\SubjectStandards" loaded.
INFO - 2020-05-04 04:21:01 --> Fetching Subjects details
INFO - 2020-05-04 04:21:59 --> Controller "App\Controllers\SubjectMasters" loaded.
INFO - 2020-05-04 04:21:59 --> Controller "App\Controllers\Sections" loaded.
INFO - 2020-05-04 04:21:59 --> Fetching SubjectMasters details
INFO - 2020-05-04 04:21:59 --> Fetching Sections details
INFO - 2020-05-04 04:23:51 --> Controller "App\Controllers\Users" loaded.
INFO - 2020-05-04 04:23:51 --> Fetching Users details
INFO - 2020-05-04 04:23:56 --> Controller "App\Controllers\Users" loaded.
INFO - 2020-05-04 04:23:56 --> Fetching Users details
INFO - 2020-05-04 04:24:00 --> Controller "App\Controllers\SubjectMasters" loaded.
INFO - 2020-05-04 04:24:00 --> Fetching SubjectMasters details
INFO - 2020-05-04 04:24:00 --> Controller "App\Controllers\Sections" loaded.
INFO - 2020-05-04 04:24:00 --> Fetching Sections details
INFO - 2020-05-04 04:25:30 --> Controller "App\Controllers\SubjectStandards" loaded.
INFO - 2020-05-04 04:25:30 --> Fetching Subjects details
INFO - 2020-05-04 04:25:34 --> Controller "App\Controllers\SubjectStandards" loaded.
INFO - 2020-05-04 04:25:34 --> Fetching Subjects details
INFO - 2020-05-04 04:25:45 --> Controller "App\Controllers\Sections" loaded.
INFO - 2020-05-04 04:25:45 --> Fetching Sections details
INFO - 2020-05-04 04:25:57 --> Controller "App\Controllers\Standards" loaded.
INFO - 2020-05-04 04:25:57 --> Fetching Standards details
INFO - 2020-05-04 04:25:57 --> Controller "App\Controllers\Boards" loaded.
INFO - 2020-05-04 04:25:57 --> Fetching Boards details
INFO - 2020-05-04 04:25:57 --> Controller "App\Controllers\Institutions" loaded.
INFO - 2020-05-04 04:25:57 --> Fetching Institution details
INFO - 2020-05-04 04:25:57 --> Controller "App\Controllers\Standards" loaded.
INFO - 2020-05-04 04:25:57 --> Fetching Standards details
INFO - 2020-05-04 04:25:57 --> Controller "App\Controllers\Standards" loaded.
INFO - 2020-05-04 04:25:57 --> Fetching Standards details
INFO - 2020-05-04 04:26:00 --> Controller "App\Controllers\Sections" loaded.
INFO - 2020-05-04 04:26:00 --> Fetching Sections details
INFO - 2020-05-04 04:26:00 --> Controller "App\Controllers\Institutions" loaded.
INFO - 2020-05-04 04:26:00 --> Controller "App\Controllers\Boards" loaded.
INFO - 2020-05-04 04:26:00 --> Fetching Institution details
INFO - 2020-05-04 04:26:00 --> Fetching Boards details
INFO - 2020-05-04 04:26:00 --> Controller "App\Controllers\Standards" loaded.
INFO - 2020-05-04 04:26:00 --> Fetching Standards details
INFO - 2020-05-04 04:26:05 --> Controller "App\Controllers\Standards" loaded.
INFO - 2020-05-04 04:26:05 --> Fetching Standards details
INFO - 2020-05-04 04:26:05 --> Controller "App\Controllers\Boards" loaded.
INFO - 2020-05-04 04:26:05 --> Fetching Boards details
INFO - 2020-05-04 04:26:05 --> Controller "App\Controllers\Institutions" loaded.
INFO - 2020-05-04 04:26:05 --> Fetching Institution details
INFO - 2020-05-04 04:26:05 --> Controller "App\Controllers\Standards" loaded.
INFO - 2020-05-04 04:26:05 --> Fetching Standards details
INFO - 2020-05-04 04:26:05 --> Controller "App\Controllers\Standards" loaded.
INFO - 2020-05-04 04:26:05 --> Fetching Standards details
INFO - 2020-05-04 04:26:15 --> Controller "App\Controllers\Sections" loaded.
INFO - 2020-05-04 04:26:15 --> Fetching Sections details
INFO - 2020-05-04 04:26:15 --> Controller "App\Controllers\Boards" loaded.
INFO - 2020-05-04 04:26:15 --> Fetching Boards details
INFO - 2020-05-04 04:26:15 --> Controller "App\Controllers\Institutions" loaded.
INFO - 2020-05-04 04:26:15 --> Controller "App\Controllers\Standards" loaded.
INFO - 2020-05-04 04:26:15 --> Fetching Institution details
INFO - 2020-05-04 04:26:15 --> Fetching Standards details
INFO - 2020-05-04 04:27:10 --> Controller "App\Controllers\Sections" loaded.
INFO - 2020-05-04 04:27:10 --> Fetching Sections details
INFO - 2020-05-04 04:27:13 --> Controller "App\Controllers\Sections" loaded.
INFO - 2020-05-04 04:27:13 --> Fetching Sections details
INFO - 2020-05-04 04:27:20 --> Controller "App\Controllers\Sections" loaded.
INFO - 2020-05-04 04:27:20 --> Fetching Sections details
INFO - 2020-05-04 04:27:40 --> Controller "App\Controllers\Sections" loaded.
INFO - 2020-05-04 04:27:40 --> Fetching Sections details
INFO - 2020-05-04 04:27:55 --> Controller "App\Controllers\Sections" loaded.
INFO - 2020-05-04 04:27:55 --> Fetching Sections details
INFO - 2020-05-04 04:28:01 --> Controller "App\Controllers\Sections" loaded.
INFO - 2020-05-04 04:28:01 --> Fetching Sections details
INFO - 2020-05-04 04:28:42 --> Controller "App\Controllers\SubjectMasters" loaded.
INFO - 2020-05-04 04:28:42 --> Fetching SubjectMasters details
INFO - 2020-05-04 04:28:42 --> Controller "App\Controllers\Sections" loaded.
INFO - 2020-05-04 04:28:42 --> Fetching Sections details
INFO - 2020-05-04 04:34:07 --> Controller "App\Controllers\SubjectMasters" loaded.
INFO - 2020-05-04 04:34:07 --> Fetching SubjectMasters details
INFO - 2020-05-04 04:34:07 --> Controller "App\Controllers\Sections" loaded.
INFO - 2020-05-04 04:34:07 --> Fetching Sections details
INFO - 2020-05-04 04:34:11 --> Controller "App\Controllers\SubjectStandards" loaded.
INFO - 2020-05-04 04:34:11 --> Fetching Subjects details
INFO - 2020-05-04 04:34:21 --> Controller "App\Controllers\Sections" loaded.
INFO - 2020-05-04 04:34:21 --> Fetching Sections details
INFO - 2020-05-04 04:34:22 --> Controller "App\Controllers\SubjectStandards" loaded.
INFO - 2020-05-04 04:34:22 --> Fetching Subjects details
INFO - 2020-05-04 04:38:18 --> Controller "App\Controllers\Sections" loaded.
INFO - 2020-05-04 04:38:18 --> Fetching Sections details
INFO - 2020-05-04 04:38:22 --> Controller "App\Controllers\Sections" loaded.
INFO - 2020-05-04 04:38:22 --> Fetching Sections details
INFO - 2020-05-04 04:39:06 --> Controller "App\Controllers\SubjectMasters" loaded.
INFO - 2020-05-04 04:39:06 --> Fetching SubjectMasters details
INFO - 2020-05-04 04:39:06 --> Controller "App\Controllers\Sections" loaded.
INFO - 2020-05-04 04:39:06 --> Fetching Sections details
INFO - 2020-05-04 04:39:22 --> Controller "App\Controllers\SubjectMasters" loaded.
INFO - 2020-05-04 04:39:22 --> Controller "App\Controllers\Sections" loaded.
INFO - 2020-05-04 04:39:22 --> Fetching SubjectMasters details
INFO - 2020-05-04 04:39:22 --> Fetching Sections details
INFO - 2020-05-04 04:39:35 --> Controller "App\Controllers\SubjectMasters" loaded.
INFO - 2020-05-04 04:39:35 --> Fetching SubjectMasters details
INFO - 2020-05-04 04:39:35 --> Controller "App\Controllers\Sections" loaded.
INFO - 2020-05-04 04:39:35 --> Fetching Sections details
INFO - 2020-05-04 04:40:25 --> Controller "App\Controllers\Users" loaded.
INFO - 2020-05-04 04:40:25 --> Fetching Users details
INFO - 2020-05-04 04:40:30 --> Controller "App\Controllers\Users" loaded.
INFO - 2020-05-04 04:40:30 --> Fetching Users details
INFO - 2020-05-04 04:40:34 --> Controller "App\Controllers\SubjectMasters" loaded.
INFO - 2020-05-04 04:40:34 --> Fetching SubjectMasters details
INFO - 2020-05-04 04:40:34 --> Controller "App\Controllers\Sections" loaded.
INFO - 2020-05-04 04:40:34 --> Fetching Sections details
INFO - 2020-05-04 04:41:26 --> Controller "App\Controllers\Users" loaded.
INFO - 2020-05-04 04:41:26 --> Fetching Users details
INFO - 2020-05-04 04:41:34 --> Controller "App\Controllers\Users" loaded.
INFO - 2020-05-04 04:41:34 --> Fetching Users details
INFO - 2020-05-04 04:41:39 --> Controller "App\Controllers\Sections" loaded.
INFO - 2020-05-04 04:41:39 --> Fetching Sections details
INFO - 2020-05-04 04:41:40 --> Controller "App\Controllers\SubjectMasters" loaded.
INFO - 2020-05-04 04:41:40 --> Fetching SubjectMasters details
INFO - 2020-05-04 04:42:07 --> Controller "App\Controllers\SubjectMasters" loaded.
INFO - 2020-05-04 04:42:07 --> Fetching SubjectMasters details
INFO - 2020-05-04 04:42:07 --> Controller "App\Controllers\Sections" loaded.
INFO - 2020-05-04 04:42:07 --> Fetching Sections details
INFO - 2020-05-04 04:42:16 --> Controller "App\Controllers\Users" loaded.
INFO - 2020-05-04 04:42:16 --> Fetching Users details
INFO - 2020-05-04 04:42:27 --> Controller "App\Controllers\SubjectMasters" loaded.
INFO - 2020-05-04 04:42:27 --> Fetching SubjectMasters details
INFO - 2020-05-04 04:42:27 --> Controller "App\Controllers\Sections" loaded.
INFO - 2020-05-04 04:42:27 --> Fetching Sections details
INFO - 2020-05-04 04:42:36 --> Controller "App\Controllers\Feedbacks" loaded.
INFO - 2020-05-04 04:42:36 --> Fetching Feedback details
INFO - 2020-05-04 04:42:38 --> Controller "App\Controllers\SubjectMasters" loaded.
INFO - 2020-05-04 04:42:38 --> Fetching SubjectMasters details
INFO - 2020-05-04 04:42:38 --> Controller "App\Controllers\Sections" loaded.
INFO - 2020-05-04 04:42:38 --> Fetching Sections details
INFO - 2020-05-04 04:43:14 --> Controller "App\Controllers\Users" loaded.
INFO - 2020-05-04 04:43:14 --> Fetching Users details
INFO - 2020-05-04 04:43:22 --> Controller "App\Controllers\SubjectMasters" loaded.
INFO - 2020-05-04 04:43:22 --> Fetching SubjectMasters details
INFO - 2020-05-04 04:43:22 --> Controller "App\Controllers\Sections" loaded.
INFO - 2020-05-04 04:43:22 --> Fetching Sections details
INFO - 2020-05-04 04:50:36 --> Controller "App\Controllers\Sections" loaded.
INFO - 2020-05-04 04:50:36 --> Controller "App\Controllers\SubjectMasters" loaded.
INFO - 2020-05-04 04:50:36 --> Fetching SubjectMasters details
INFO - 2020-05-04 04:50:36 --> Fetching Sections details
INFO - 2020-05-04 04:50:55 --> Controller "App\Controllers\Sections" loaded.
INFO - 2020-05-04 04:50:55 --> Controller "App\Controllers\SubjectMasters" loaded.
INFO - 2020-05-04 04:50:55 --> Fetching SubjectMasters details
INFO - 2020-05-04 04:50:55 --> Fetching Sections details
INFO - 2020-05-04 04:51:43 --> Controller "App\Controllers\SubjectMasters" loaded.
INFO - 2020-05-04 04:51:43 --> Fetching SubjectMasters details
INFO - 2020-05-04 04:51:43 --> Controller "App\Controllers\Sections" loaded.
INFO - 2020-05-04 04:51:43 --> Fetching Sections details
INFO - 2020-05-04 04:53:19 --> Controller "App\Controllers\Sections" loaded.
INFO - 2020-05-04 04:53:19 --> Fetching Sections details
INFO - 2020-05-04 04:55:44 --> Controller "App\Controllers\SubjectMasters" loaded.
INFO - 2020-05-04 04:55:44 --> Fetching SubjectMasters details
INFO - 2020-05-04 04:55:44 --> Controller "App\Controllers\Sections" loaded.
INFO - 2020-05-04 04:55:44 --> Fetching Sections details
INFO - 2020-05-04 04:56:08 --> Controller "App\Controllers\Users" loaded.
INFO - 2020-05-04 04:56:08 --> Fetching Users details
INFO - 2020-05-04 04:56:13 --> Controller "App\Controllers\Users" loaded.
INFO - 2020-05-04 04:56:13 --> Fetching Users details
INFO - 2020-05-04 04:56:22 --> Controller "App\Controllers\SubjectMasters" loaded.
INFO - 2020-05-04 04:56:22 --> Controller "App\Controllers\Sections" loaded.
INFO - 2020-05-04 04:56:22 --> Fetching SubjectMasters details
INFO - 2020-05-04 04:56:22 --> Fetching Sections details
INFO - 2020-05-04 04:56:23 --> Controller "App\Controllers\SubjectStandards" loaded.
INFO - 2020-05-04 04:56:23 --> Fetching Subjects details
INFO - 2020-05-04 04:57:08 --> Controller "App\Controllers\Users" loaded.
INFO - 2020-05-04 04:57:08 --> Fetching Users details
INFO - 2020-05-04 04:57:13 --> Controller "App\Controllers\Users" loaded.
INFO - 2020-05-04 04:57:13 --> Fetching Users details
INFO - 2020-05-04 04:57:17 --> Controller "App\Controllers\SubjectMasters" loaded.
INFO - 2020-05-04 04:57:17 --> Fetching SubjectMasters details
INFO - 2020-05-04 04:57:17 --> Controller "App\Controllers\Sections" loaded.
INFO - 2020-05-04 04:57:17 --> Fetching Sections details
INFO - 2020-05-04 04:58:53 --> Controller "App\Controllers\Sections" loaded.
INFO - 2020-05-04 04:58:53 --> Fetching Sections details
INFO - 2020-05-04 05:04:53 --> Controller "App\Controllers\SubjectStandards" loaded.
INFO - 2020-05-04 05:04:53 --> Fetching Subjects details
INFO - 2020-05-04 05:05:22 --> Controller "App\Controllers\SubjectStandards" loaded.
INFO - 2020-05-04 05:05:22 --> Fetching Subjects details
INFO - 2020-05-04 05:05:51 --> Controller "App\Controllers\SubjectStandards" loaded.
INFO - 2020-05-04 05:05:51 --> Fetching Subjects details
INFO - 2020-05-04 05:09:59 --> Controller "App\Controllers\SubjectStandards" loaded.
INFO - 2020-05-04 05:09:59 --> Fetching Subjects details
INFO - 2020-05-04 05:12:26 --> Controller "App\Controllers\SubjectStandards" loaded.
INFO - 2020-05-04 05:12:26 --> Deleting Subjects details
INFO - 2020-05-04 05:12:28 --> Controller "App\Controllers\SubjectStandards" loaded.
INFO - 2020-05-04 05:12:28 --> Fetching Subjects details
INFO - 2020-05-04 05:12:31 --> Controller "App\Controllers\SubjectStandards" loaded.
INFO - 2020-05-04 05:12:31 --> Deleting Subjects details
INFO - 2020-05-04 05:12:33 --> Controller "App\Controllers\SubjectStandards" loaded.
INFO - 2020-05-04 05:12:33 --> Fetching Subjects details
INFO - 2020-05-04 05:14:28 --> Controller "App\Controllers\SubjectStandards" loaded.
INFO - 2020-05-04 05:14:28 --> Fetching Subjects details
INFO - 2020-05-04 05:16:10 --> Controller "App\Controllers\Dashboards" loaded.
INFO - 2020-05-04 05:16:10 --> Fetching Dashboard details
INFO - 2020-05-04 05:32:06 --> Controller "App\Controllers\Academicyears" loaded.
INFO - 2020-05-04 05:32:06 --> Fetching Academic year details
INFO - 2020-05-04 05:34:22 --> Controller "App\Controllers\Assignments" loaded.
INFO - 2020-05-04 05:34:22 --> Inserting Assignments details
INFO - 2020-05-04 05:51:21 --> Controller "App\Controllers\SubjectMasters" loaded.
INFO - 2020-05-04 05:51:21 --> Fetching SubjectMasters details
INFO - 2020-05-04 05:51:21 --> Controller "App\Controllers\Sections" loaded.
INFO - 2020-05-04 05:51:21 --> Fetching Sections details
INFO - 2020-05-04 05:55:46 --> Controller "App\Controllers\SubjectStandards" loaded.
INFO - 2020-05-04 05:55:46 --> Fetching Subjects details
INFO - 2020-05-04 05:58:01 --> Controller "App\Controllers\SubjectStandards" loaded.
INFO - 2020-05-04 05:58:01 --> Fetching Subjects details
INFO - 2020-05-04 06:19:59 --> Controller "App\Controllers\Sections" loaded.
INFO - 2020-05-04 06:19:59 --> Controller "App\Controllers\Boards" loaded.
INFO - 2020-05-04 06:19:59 --> Controller "App\Controllers\Institutions" loaded.
INFO - 2020-05-04 06:19:59 --> Controller "App\Controllers\Standards" loaded.
INFO - 2020-05-04 06:19:59 --> Fetching Boards details
INFO - 2020-05-04 06:19:59 --> Fetching Sections details
INFO - 2020-05-04 06:19:59 --> Fetching Standards details
INFO - 2020-05-04 06:19:59 --> Fetching Institution details
INFO - 2020-05-04 06:20:03 --> Controller "App\Controllers\Standards" loaded.
INFO - 2020-05-04 06:20:03 --> Fetching Standards details
INFO - 2020-05-04 06:20:03 --> Controller "App\Controllers\Boards" loaded.
INFO - 2020-05-04 06:20:03 --> Controller "App\Controllers\Institutions" loaded.
INFO - 2020-05-04 06:20:03 --> Fetching Boards details
INFO - 2020-05-04 06:20:03 --> Fetching Institution details
INFO - 2020-05-04 06:20:03 --> Controller "App\Controllers\Standards" loaded.
INFO - 2020-05-04 06:20:03 --> Fetching Standards details
INFO - 2020-05-04 06:20:03 --> Controller "App\Controllers\Standards" loaded.
INFO - 2020-05-04 06:20:03 --> Fetching Standards details
INFO - 2020-05-04 06:20:06 --> Controller "App\Controllers\SubjectMasters" loaded.
INFO - 2020-05-04 06:20:06 --> Controller "App\Controllers\Sections" loaded.
INFO - 2020-05-04 06:20:06 --> Fetching SubjectMasters details
INFO - 2020-05-04 06:20:06 --> Fetching Sections details
INFO - 2020-05-04 06:20:09 --> Controller "App\Controllers\SubjectStandards" loaded.
INFO - 2020-05-04 06:20:09 --> Fetching Subjects details
INFO - 2020-05-04 06:20:15 --> Controller "App\Controllers\SubjectStandards" loaded.
INFO - 2020-05-04 06:20:15 --> Fetching Subjects details
INFO - 2020-05-04 06:20:36 --> Controller "App\Controllers\Boards" loaded.
INFO - 2020-05-04 06:20:36 --> Controller "App\Controllers\Standards" loaded.
INFO - 2020-05-04 06:20:36 --> Fetching Boards details
INFO - 2020-05-04 06:20:36 --> Fetching Standards details
INFO - 2020-05-04 06:20:36 --> Controller "App\Controllers\Institutions" loaded.
INFO - 2020-05-04 06:20:36 --> Fetching Institution details
INFO - 2020-05-04 06:20:36 --> Controller "App\Controllers\Standards" loaded.
INFO - 2020-05-04 06:20:36 --> Controller "App\Controllers\Standards" loaded.
INFO - 2020-05-04 06:20:36 --> Fetching Standards details
INFO - 2020-05-04 06:20:36 --> Fetching Standards details
INFO - 2020-05-04 06:20:39 --> Controller "App\Controllers\Sections" loaded.
INFO - 2020-05-04 06:20:39 --> Controller "App\Controllers\SubjectMasters" loaded.
INFO - 2020-05-04 06:20:39 --> Fetching SubjectMasters details
INFO - 2020-05-04 06:20:39 --> Fetching Sections details
INFO - 2020-05-04 06:40:50 --> Controller "App\Controllers\SubjectMasters" loaded.
INFO - 2020-05-04 06:40:50 --> Controller "App\Controllers\Sections" loaded.
INFO - 2020-05-04 06:40:50 --> Fetching SubjectMasters details
INFO - 2020-05-04 06:40:50 --> Fetching Sections details
INFO - 2020-05-04 06:40:57 --> Controller "App\Controllers\SubjectStandards" loaded.
INFO - 2020-05-04 06:40:57 --> Fetching Subjects details
INFO - 2020-05-04 06:41:02 --> Controller "App\Controllers\SubjectStandards" loaded.
INFO - 2020-05-04 06:41:02 --> Fetching Subjects details
INFO - 2020-05-04 06:41:06 --> Controller "App\Controllers\SubjectStandards" loaded.
INFO - 2020-05-04 06:41:06 --> Deleting Subjects details
INFO - 2020-05-04 06:41:08 --> Controller "App\Controllers\SubjectStandards" loaded.
INFO - 2020-05-04 06:41:08 --> Fetching Subjects details
INFO - 2020-05-04 06:48:22 --> Controller "App\Controllers\Assignments" loaded.
INFO - 2020-05-04 06:48:22 --> Fetching Assignments details
INFO - 2020-05-04 06:50:44 --> Controller "App\Controllers\Assignments" loaded.
INFO - 2020-05-04 07:07:00 --> Controller "App\Controllers\Boards" loaded.
INFO - 2020-05-04 07:07:00 --> Fetching Boards details
INFO - 2020-05-04 07:25:11 --> Controller "App\Controllers\SubjectStandards" loaded.
INFO - 2020-05-04 07:25:11 --> Fetching Subjects details
INFO - 2020-05-04 07:25:23 --> Controller "App\Controllers\SubjectStandards" loaded.
INFO - 2020-05-04 07:25:23 --> Fetching Subjects details
INFO - 2020-05-04 07:25:28 --> Controller "App\Controllers\LeaveApplications" loaded.
INFO - 2020-05-04 07:25:28 --> Fetching All Leave details
INFO - 2020-05-04 07:25:28 --> Controller "App\Controllers\LeaveApplications" loaded.
INFO - 2020-05-04 07:25:28 --> Fetching All Leave details
INFO - 2020-05-04 07:42:24 --> Controller "App\Controllers\Standards" loaded.
INFO - 2020-05-04 07:42:24 --> Controller "App\Controllers\SubjectMasters" loaded.
INFO - 2020-05-04 07:42:24 --> Fetching Standards Section details
INFO - 2020-05-04 07:42:24 --> Fetching SubjectMasters details
INFO - 2020-05-04 07:42:30 --> Controller "App\Controllers\Boards" loaded.
INFO - 2020-05-04 07:42:30 --> Fetching Boards details
INFO - 2020-05-04 07:42:30 --> Controller "App\Controllers\Institutions" loaded.
INFO - 2020-05-04 07:42:30 --> Fetching Institution details
INFO - 2020-05-04 07:42:34 --> Controller "App\Controllers\Rooms" loaded.
INFO - 2020-05-04 07:42:34 --> Fetching room details
INFO - 2020-05-04 07:42:36 --> Controller "App\Controllers\MessageGroups" loaded.
INFO - 2020-05-04 07:42:36 --> Fetching MessageGroups details
INFO - 2020-05-04 07:42:39 --> Controller "App\Controllers\Standards" loaded.
INFO - 2020-05-04 07:42:39 --> Fetching Standards details
INFO - 2020-05-04 07:42:39 --> Controller "App\Controllers\Boards" loaded.
INFO - 2020-05-04 07:42:39 --> Controller "App\Controllers\Institutions" loaded.
INFO - 2020-05-04 07:42:39 --> Fetching Institution details
INFO - 2020-05-04 07:42:39 --> Fetching Boards details
INFO - 2020-05-04 07:42:39 --> Controller "App\Controllers\Standards" loaded.
INFO - 2020-05-04 07:42:39 --> Fetching Standards details
INFO - 2020-05-04 07:42:39 --> Controller "App\Controllers\Standards" loaded.
INFO - 2020-05-04 07:42:39 --> Fetching Standards details
INFO - 2020-05-04 07:42:42 --> Controller "App\Controllers\Sections" loaded.
INFO - 2020-05-04 07:42:42 --> Fetching Sections details
INFO - 2020-05-04 07:42:44 --> Controller "App\Controllers\Sections" loaded.
INFO - 2020-05-04 07:42:44 --> Fetching Sections details
INFO - 2020-05-04 07:44:06 --> Controller "App\Controllers\RouteMasters" loaded.
INFO - 2020-05-04 07:44:06 --> Fetching Route Master details
INFO - 2020-05-04 07:44:12 --> Controller "App\Controllers\RouteMasters" loaded.
INFO - 2020-05-04 07:44:12 --> Fetching Route Master details
INFO - 2020-05-04 07:44:16 --> Controller "App\Controllers\RouteMappings" loaded.
INFO - 2020-05-04 07:44:16 --> Fetching Route Mapping details
INFO - 2020-05-04 07:44:27 --> Controller "App\Controllers\RouteMappings" loaded.
INFO - 2020-05-04 07:44:27 --> Fetching Route Mapping details
INFO - 2020-05-04 07:44:31 --> Controller "App\Controllers\RouteMappings" loaded.
INFO - 2020-05-04 07:44:31 --> Fetching Route Mapping details
INFO - 2020-05-04 07:44:40 --> Controller "App\Controllers\Vehicles" loaded.
INFO - 2020-05-04 07:44:40 --> Fetching Vehicles details
INFO - 2020-05-04 08:46:06 --> Controller "App\Controllers\SubjectMasters" loaded.
INFO - 2020-05-04 08:46:06 --> Controller "App\Controllers\Sections" loaded.
INFO - 2020-05-04 08:46:06 --> Fetching SubjectMasters details
INFO - 2020-05-04 08:46:06 --> Fetching Sections details
INFO - 2020-05-04 08:46:08 --> Controller "App\Controllers\SubjectStandards" loaded.
INFO - 2020-05-04 08:46:08 --> Fetching Subjects details
INFO - 2020-05-04 09:23:40 --> Controller "App\Controllers\SubjectMasters" loaded.
INFO - 2020-05-04 09:23:40 --> Fetching SubjectMasters details
INFO - 2020-05-04 09:23:40 --> Controller "App\Controllers\Sections" loaded.
INFO - 2020-05-04 09:23:40 --> Fetching Sections details
INFO - 2020-05-04 09:23:47 --> Controller "App\Controllers\SubjectStandards" loaded.
INFO - 2020-05-04 09:23:47 --> Fetching Subjects details
INFO - 2020-05-04 10:52:53 --> Controller "App\Controllers\SubjectMasters" loaded.
INFO - 2020-05-04 10:52:53 --> Fetching SubjectMasters details
INFO - 2020-05-04 10:52:53 --> Controller "App\Controllers\Sections" loaded.
INFO - 2020-05-04 10:52:53 --> Fetching Sections details
INFO - 2020-05-04 10:52:55 --> Controller "App\Controllers\SubjectStandards" loaded.
INFO - 2020-05-04 10:52:55 --> Fetching Subjects details
INFO - 2020-05-04 12:01:07 --> Controller "App\Controllers\Users" loaded.
INFO - 2020-05-04 12:01:07 --> Fetching Users details
INFO - 2020-05-04 12:01:19 --> Controller "App\Controllers\Users" loaded.
INFO - 2020-05-04 12:01:19 --> Fetching Users details
INFO - 2020-05-04 12:01:25 --> Controller "App\Controllers\SubjectMasters" loaded.
INFO - 2020-05-04 12:01:25 --> Fetching SubjectMasters details
INFO - 2020-05-04 12:01:25 --> Controller "App\Controllers\Sections" loaded.
INFO - 2020-05-04 12:01:25 --> Fetching Sections details
INFO - 2020-05-04 12:01:35 --> Controller "App\Controllers\SubjectStandards" loaded.
INFO - 2020-05-04 12:01:35 --> Fetching Subjects details
INFO - 2020-05-04 12:03:47 --> Controller "App\Controllers\SubjectMasters" loaded.
INFO - 2020-05-04 12:03:47 --> Controller "App\Controllers\Sections" loaded.
INFO - 2020-05-04 12:03:47 --> Fetching SubjectMasters details
INFO - 2020-05-04 12:03:47 --> Fetching Sections details
INFO - 2020-05-04 12:03:54 --> Controller "App\Controllers\SubjectStandards" loaded.
INFO - 2020-05-04 12:03:54 --> Fetching Subjects details
INFO - 2020-05-04 12:07:08 --> Controller "App\Controllers\SubjectMasters" loaded.
INFO - 2020-05-04 12:07:08 --> Fetching SubjectMasters details
INFO - 2020-05-04 12:09:15 --> Controller "App\Controllers\SubjectStandards" loaded.
INFO - 2020-05-04 12:09:15 --> Fetching Subjects details
INFO - 2020-05-04 12:10:19 --> Controller "App\Controllers\SubjectMasters" loaded.
INFO - 2020-05-04 12:10:19 --> Fetching SubjectMasters details
INFO - 2020-05-04 12:10:59 --> Controller "App\Controllers\SubjectStandards" loaded.
INFO - 2020-05-04 12:10:59 --> Fetching Subjects details
INFO - 2020-05-04 12:13:33 --> Controller "App\Controllers\SubjectMasters" loaded.
INFO - 2020-05-04 12:13:33 --> Fetching SubjectMasters details
INFO - 2020-05-04 12:13:33 --> Controller "App\Controllers\Sections" loaded.
INFO - 2020-05-04 12:13:33 --> Fetching Sections details
INFO - 2020-05-04 12:13:36 --> Controller "App\Controllers\SubjectStandards" loaded.
INFO - 2020-05-04 12:13:36 --> Fetching Subjects details
INFO - 2020-05-04 12:21:16 --> Controller "App\Controllers\SubjectMasters" loaded.
INFO - 2020-05-04 12:21:16 --> Fetching SubjectMasters details
INFO - 2020-05-04 12:21:16 --> Controller "App\Controllers\Sections" loaded.
INFO - 2020-05-04 12:21:16 --> Fetching Sections details
INFO - 2020-05-04 12:21:20 --> Controller "App\Controllers\SubjectStandards" loaded.
INFO - 2020-05-04 12:21:20 --> Fetching Subjects details
INFO - 2020-05-04 12:23:45 --> Controller "App\Controllers\SubjectMasters" loaded.
INFO - 2020-05-04 12:23:45 --> Fetching SubjectMasters details
INFO - 2020-05-04 12:23:46 --> Controller "App\Controllers\Sections" loaded.
INFO - 2020-05-04 12:23:46 --> Fetching Sections details
INFO - 2020-05-04 12:23:50 --> Controller "App\Controllers\SubjectStandards" loaded.
INFO - 2020-05-04 12:23:50 --> Fetching Subjects details
INFO - 2020-05-04 12:26:29 --> Controller "App\Controllers\SubjectMasters" loaded.
INFO - 2020-05-04 12:26:29 --> Controller "App\Controllers\Sections" loaded.
INFO - 2020-05-04 12:26:29 --> Fetching SubjectMasters details
INFO - 2020-05-04 12:26:29 --> Fetching Sections details
INFO - 2020-05-04 12:26:37 --> Controller "App\Controllers\SubjectStandards" loaded.
INFO - 2020-05-04 12:26:37 --> Fetching Subjects details
INFO - 2020-05-04 12:29:14 --> Controller "App\Controllers\SubjectStandards" loaded.
INFO - 2020-05-04 12:29:14 --> Fetching Subjects details
INFO - 2020-05-04 12:32:17 --> Controller "App\Controllers\Sections" loaded.
INFO - 2020-05-04 12:32:17 --> Controller "App\Controllers\SubjectMasters" loaded.
INFO - 2020-05-04 12:32:17 --> Fetching SubjectMasters details
INFO - 2020-05-04 12:32:17 --> Fetching Sections details
INFO - 2020-05-04 12:32:36 --> Controller "App\Controllers\Sections" loaded.
INFO - 2020-05-04 12:32:36 --> Controller "App\Controllers\SubjectMasters" loaded.
INFO - 2020-05-04 12:32:36 --> Fetching SubjectMasters details
INFO - 2020-05-04 12:32:36 --> Fetching Sections details
INFO - 2020-05-04 12:32:45 --> Controller "App\Controllers\SubjectStandards" loaded.
INFO - 2020-05-04 12:32:45 --> Fetching Subjects details
INFO - 2020-05-04 12:35:26 --> Controller "App\Controllers\SubjectMasters" loaded.
INFO - 2020-05-04 12:35:26 --> Controller "App\Controllers\Sections" loaded.
INFO - 2020-05-04 12:35:26 --> Fetching SubjectMasters details
INFO - 2020-05-04 12:35:26 --> Fetching Sections details
INFO - 2020-05-04 12:35:28 --> Controller "App\Controllers\SubjectStandards" loaded.
INFO - 2020-05-04 12:35:28 --> Fetching Subjects details
INFO - 2020-05-04 12:43:07 --> Controller "App\Controllers\SubjectMasters" loaded.
INFO - 2020-05-04 12:43:07 --> Controller "App\Controllers\Sections" loaded.
INFO - 2020-05-04 12:43:07 --> Fetching SubjectMasters details
INFO - 2020-05-04 12:43:07 --> Fetching Sections details
INFO - 2020-05-04 12:43:10 --> Controller "App\Controllers\SubjectStandards" loaded.
INFO - 2020-05-04 12:43:10 --> Fetching Subjects details
INFO - 2020-05-04 12:44:54 --> Controller "App\Controllers\SubjectMasters" loaded.
INFO - 2020-05-04 12:44:54 --> Fetching SubjectMasters details
INFO - 2020-05-04 12:44:54 --> Controller "App\Controllers\Sections" loaded.
INFO - 2020-05-04 12:44:54 --> Fetching Sections details
INFO - 2020-05-04 12:44:58 --> Controller "App\Controllers\SubjectStandards" loaded.
INFO - 2020-05-04 12:44:58 --> Fetching Subjects details
INFO - 2020-05-04 12:45:56 --> Controller "App\Controllers\SubjectMasters" loaded.
INFO - 2020-05-04 12:45:56 --> Fetching SubjectMasters details
INFO - 2020-05-04 12:45:56 --> Controller "App\Controllers\Sections" loaded.
INFO - 2020-05-04 12:45:56 --> Fetching Sections details
INFO - 2020-05-04 12:46:00 --> Controller "App\Controllers\SubjectStandards" loaded.
INFO - 2020-05-04 12:46:00 --> Fetching Subjects details
INFO - 2020-05-04 12:49:30 --> Controller "App\Controllers\SubjectMasters" loaded.
INFO - 2020-05-04 12:49:30 --> Fetching SubjectMasters details
INFO - 2020-05-04 12:49:30 --> Controller "App\Controllers\Sections" loaded.
INFO - 2020-05-04 12:49:30 --> Fetching Sections details
INFO - 2020-05-04 12:49:32 --> Controller "App\Controllers\SubjectStandards" loaded.
INFO - 2020-05-04 12:49:32 --> Fetching Subjects details
INFO - 2020-05-04 12:50:46 --> Controller "App\Controllers\SubjectMasters" loaded.
INFO - 2020-05-04 12:50:46 --> Fetching SubjectMasters details
INFO - 2020-05-04 12:50:46 --> Controller "App\Controllers\Sections" loaded.
INFO - 2020-05-04 12:50:46 --> Fetching Sections details
INFO - 2020-05-04 12:50:49 --> Controller "App\Controllers\SubjectStandards" loaded.
INFO - 2020-05-04 12:50:49 --> Fetching Subjects details
INFO - 2020-05-04 12:54:58 --> Controller "App\Controllers\SubjectMasters" loaded.
INFO - 2020-05-04 12:54:58 --> Fetching SubjectMasters details
INFO - 2020-05-04 12:54:58 --> Controller "App\Controllers\Sections" loaded.
INFO - 2020-05-04 12:54:58 --> Fetching Sections details
INFO - 2020-05-04 12:55:06 --> Controller "App\Controllers\SubjectStandards" loaded.
INFO - 2020-05-04 12:55:06 --> Fetching Subjects details
INFO - 2020-05-04 12:55:44 --> Controller "App\Controllers\SubjectMasters" loaded.
INFO - 2020-05-04 12:55:44 --> Fetching SubjectMasters details
INFO - 2020-05-04 12:55:44 --> Controller "App\Controllers\Sections" loaded.
INFO - 2020-05-04 12:55:44 --> Fetching Sections details
INFO - 2020-05-04 12:55:46 --> Controller "App\Controllers\SubjectStandards" loaded.
INFO - 2020-05-04 12:55:46 --> Fetching Subjects details
INFO - 2020-05-04 13:01:56 --> Controller "App\Controllers\SubjectMasters" loaded.
INFO - 2020-05-04 13:01:56 --> Fetching SubjectMasters details
INFO - 2020-05-04 13:01:56 --> Controller "App\Controllers\Sections" loaded.
INFO - 2020-05-04 13:01:56 --> Fetching Sections details
INFO - 2020-05-04 13:01:58 --> Controller "App\Controllers\SubjectStandards" loaded.
INFO - 2020-05-04 13:01:58 --> Fetching Subjects details
INFO - 2020-05-04 13:10:57 --> Controller "App\Controllers\SubjectStandards" loaded.
INFO - 2020-05-04 13:10:57 --> Fetching Subjects details
INFO - 2020-05-04 13:14:51 --> Controller "App\Controllers\SubjectStandards" loaded.
INFO - 2020-05-04 13:14:51 --> Deleting Subjects details
INFO - 2020-05-04 13:14:53 --> Controller "App\Controllers\SubjectStandards" loaded.
INFO - 2020-05-04 13:14:53 --> Fetching Subjects details
INFO - 2020-05-04 13:16:19 --> Controller "App\Controllers\SubjectStandards" loaded.
INFO - 2020-05-04 13:16:19 --> Fetching Subjects details
INFO - 2020-05-04 13:17:00 --> Controller "App\Controllers\SubjectStandards" loaded.
INFO - 2020-05-04 13:17:00 --> Fetching Subjects details
INFO - 2020-05-04 13:33:40 --> Controller "App\Controllers\SubjectMasters" loaded.
INFO - 2020-05-04 13:33:40 --> Fetching SubjectMasters details
INFO - 2020-05-04 13:34:40 --> Controller "App\Controllers\SubjectMasters" loaded.
INFO - 2020-05-04 13:34:40 --> Fetching SubjectMasters details
INFO - 2020-05-04 13:41:26 --> Controller "App\Controllers\SubjectMasters" loaded.
INFO - 2020-05-04 13:41:26 --> Controller "App\Controllers\Sections" loaded.
INFO - 2020-05-04 13:41:26 --> Fetching SubjectMasters details
INFO - 2020-05-04 13:41:26 --> Fetching Sections details
INFO - 2020-05-04 13:41:31 --> Controller "App\Controllers\SubjectStandards" loaded.
INFO - 2020-05-04 13:41:31 --> Fetching Subjects details
INFO - 2020-05-04 13:51:50 --> Controller "App\Controllers\SubjectMasters" loaded.
INFO - 2020-05-04 13:51:50 --> Fetching SubjectMasters details
INFO - 2020-05-04 13:51:50 --> Controller "App\Controllers\Sections" loaded.
INFO - 2020-05-04 13:51:50 --> Fetching Sections details
INFO - 2020-05-04 13:51:53 --> Controller "App\Controllers\SubjectStandards" loaded.
INFO - 2020-05-04 13:51:53 --> Fetching Subjects details
INFO - 2020-05-04 13:52:00 --> Controller "App\Controllers\SubjectStandards" loaded.
INFO - 2020-05-04 13:52:00 --> Fetching Subjects details
INFO - 2020-05-04 13:52:12 --> Controller "App\Controllers\SubjectStandards" loaded.
INFO - 2020-05-04 13:52:12 --> Fetching Subjects details
INFO - 2020-05-04 13:52:16 --> Controller "App\Controllers\SubjectStandards" loaded.
INFO - 2020-05-04 13:52:16 --> Fetching Subjects details
INFO - 2020-05-04 13:52:17 --> Controller "App\Controllers\SubjectStandards" loaded.
INFO - 2020-05-04 13:52:17 --> Fetching Subjects details
INFO - 2020-05-04 13:52:18 --> Controller "App\Controllers\SubjectStandards" loaded.
INFO - 2020-05-04 13:52:18 --> Fetching Subjects details
INFO - 2020-05-04 13:52:21 --> Controller "App\Controllers\SubjectStandards" loaded.
INFO - 2020-05-04 13:52:21 --> Fetching Subjects details
INFO - 2020-05-04 13:52:27 --> Controller "App\Controllers\SubjectStandards" loaded.
INFO - 2020-05-04 13:52:27 --> Fetching Subjects details
INFO - 2020-05-04 13:52:41 --> Controller "App\Controllers\Sections" loaded.
INFO - 2020-05-04 13:52:41 --> Controller "App\Controllers\SubjectMasters" loaded.
INFO - 2020-05-04 13:52:41 --> Fetching SubjectMasters details
INFO - 2020-05-04 13:52:41 --> Fetching Sections details
INFO - 2020-05-04 13:52:43 --> Controller "App\Controllers\SubjectStandards" loaded.
INFO - 2020-05-04 13:52:43 --> Fetching Subjects details
INFO - 2020-05-04 13:52:45 --> Controller "App\Controllers\SubjectStandards" loaded.
INFO - 2020-05-04 13:52:45 --> Fetching Subjects details
INFO - 2020-05-04 13:52:47 --> Controller "App\Controllers\SubjectStandards" loaded.
INFO - 2020-05-04 13:52:47 --> Fetching Subjects details
INFO - 2020-05-04 13:52:48 --> Controller "App\Controllers\SubjectStandards" loaded.
INFO - 2020-05-04 13:52:48 --> Fetching Subjects details
INFO - 2020-05-04 13:55:22 --> Controller "App\Controllers\SubjectStandards" loaded.
INFO - 2020-05-04 13:55:22 --> Fetching Subjects details
INFO - 2020-05-04 13:57:21 --> Controller "App\Controllers\SubjectMasters" loaded.
INFO - 2020-05-04 13:57:21 --> Controller "App\Controllers\Sections" loaded.
INFO - 2020-05-04 13:57:21 --> Fetching SubjectMasters details
INFO - 2020-05-04 13:57:21 --> Fetching Sections details
INFO - 2020-05-04 13:57:24 --> Controller "App\Controllers\SubjectStandards" loaded.
INFO - 2020-05-04 13:57:24 --> Fetching Subjects details
INFO - 2020-05-04 13:57:28 --> Controller "App\Controllers\SubjectStandards" loaded.
INFO - 2020-05-04 13:57:28 --> Fetching Subjects details
INFO - 2020-05-04 13:57:29 --> Controller "App\Controllers\SubjectStandards" loaded.
INFO - 2020-05-04 13:57:29 --> Fetching Subjects details
INFO - 2020-05-04 13:57:31 --> Controller "App\Controllers\SubjectStandards" loaded.
INFO - 2020-05-04 13:57:31 --> Fetching Subjects details
INFO - 2020-05-04 13:57:32 --> Controller "App\Controllers\SubjectStandards" loaded.
INFO - 2020-05-04 13:57:32 --> Fetching Subjects details
INFO - 2020-05-04 13:57:33 --> Controller "App\Controllers\SubjectStandards" loaded.
INFO - 2020-05-04 13:57:33 --> Fetching Subjects details
INFO - 2020-05-04 13:57:34 --> Controller "App\Controllers\SubjectStandards" loaded.
INFO - 2020-05-04 13:57:34 --> Fetching Subjects details
INFO - 2020-05-04 14:01:13 --> Controller "App\Controllers\SubjectMasters" loaded.
INFO - 2020-05-04 14:01:13 --> Fetching SubjectMasters details
INFO - 2020-05-04 14:01:13 --> Controller "App\Controllers\Sections" loaded.
INFO - 2020-05-04 14:01:13 --> Fetching Sections details
INFO - 2020-05-04 14:01:16 --> Controller "App\Controllers\SubjectStandards" loaded.
INFO - 2020-05-04 14:01:16 --> Fetching Subjects details
INFO - 2020-05-04 14:03:30 --> Controller "App\Controllers\SubjectMasters" loaded.
INFO - 2020-05-04 14:03:30 --> Fetching SubjectMasters details
INFO - 2020-05-04 14:03:31 --> Controller "App\Controllers\Sections" loaded.
INFO - 2020-05-04 14:03:31 --> Fetching Sections details
INFO - 2020-05-04 14:03:33 --> Controller "App\Controllers\SubjectStandards" loaded.
INFO - 2020-05-04 14:03:33 --> Fetching Subjects details
INFO - 2020-05-04 14:05:07 --> Controller "App\Controllers\SubjectMasters" loaded.
INFO - 2020-05-04 14:05:07 --> Controller "App\Controllers\Sections" loaded.
INFO - 2020-05-04 14:05:07 --> Fetching SubjectMasters details
INFO - 2020-05-04 14:05:07 --> Fetching Sections details
INFO - 2020-05-04 14:05:09 --> Controller "App\Controllers\SubjectStandards" loaded.
INFO - 2020-05-04 14:05:09 --> Fetching Subjects details
INFO - 2020-05-04 14:07:47 --> Controller "App\Controllers\SubjectMasters" loaded.
INFO - 2020-05-04 14:07:47 --> Controller "App\Controllers\Sections" loaded.
INFO - 2020-05-04 14:07:47 --> Fetching SubjectMasters details
INFO - 2020-05-04 14:07:47 --> Fetching Sections details
INFO - 2020-05-04 14:07:58 --> Controller "App\Controllers\SubjectStandards" loaded.
INFO - 2020-05-04 14:07:58 --> Fetching Subjects details
INFO - 2020-05-04 14:08:01 --> Controller "App\Controllers\SubjectStandards" loaded.
INFO - 2020-05-04 14:08:01 --> Fetching Subjects details
INFO - 2020-05-04 14:08:02 --> Controller "App\Controllers\SubjectStandards" loaded.
INFO - 2020-05-04 14:08:02 --> Fetching Subjects details
INFO - 2020-05-04 14:08:03 --> Controller "App\Controllers\SubjectStandards" loaded.
INFO - 2020-05-04 14:08:03 --> Fetching Subjects details
INFO - 2020-05-04 14:08:05 --> Controller "App\Controllers\SubjectStandards" loaded.
INFO - 2020-05-04 14:08:05 --> Fetching Subjects details
INFO - 2020-05-04 14:08:06 --> Controller "App\Controllers\SubjectStandards" loaded.
INFO - 2020-05-04 14:08:06 --> Fetching Subjects details
INFO - 2020-05-04 14:08:07 --> Controller "App\Controllers\SubjectStandards" loaded.
INFO - 2020-05-04 14:08:07 --> Fetching Subjects details
INFO - 2020-05-04 14:08:08 --> Controller "App\Controllers\SubjectStandards" loaded.
INFO - 2020-05-04 14:08:08 --> Fetching Subjects details
INFO - 2020-05-04 14:08:13 --> Controller "App\Controllers\SubjectStandards" loaded.
INFO - 2020-05-04 14:08:13 --> Fetching Subjects details
INFO - 2020-05-04 14:08:14 --> Controller "App\Controllers\SubjectStandards" loaded.
INFO - 2020-05-04 14:08:14 --> Fetching Subjects details
INFO - 2020-05-04 14:08:15 --> Controller "App\Controllers\SubjectStandards" loaded.
INFO - 2020-05-04 14:08:15 --> Fetching Subjects details
INFO - 2020-05-04 14:08:16 --> Controller "App\Controllers\SubjectStandards" loaded.
INFO - 2020-05-04 14:08:16 --> Fetching Subjects details
INFO - 2020-05-04 14:08:16 --> Controller "App\Controllers\SubjectStandards" loaded.
INFO - 2020-05-04 14:08:16 --> Fetching Subjects details
INFO - 2020-05-04 14:08:18 --> Controller "App\Controllers\SubjectStandards" loaded.
INFO - 2020-05-04 14:08:18 --> Fetching Subjects details
INFO - 2020-05-04 14:08:19 --> Controller "App\Controllers\SubjectStandards" loaded.
INFO - 2020-05-04 14:08:19 --> Fetching Subjects details
INFO - 2020-05-04 14:08:20 --> Controller "App\Controllers\SubjectStandards" loaded.
INFO - 2020-05-04 14:08:20 --> Fetching Subjects details
INFO - 2020-05-04 14:08:21 --> Controller "App\Controllers\SubjectStandards" loaded.
INFO - 2020-05-04 14:08:21 --> Fetching Subjects details
INFO - 2020-05-04 14:08:21 --> Controller "App\Controllers\SubjectStandards" loaded.
INFO - 2020-05-04 14:08:21 --> Fetching Subjects details
INFO - 2020-05-04 14:08:22 --> Controller "App\Controllers\SubjectStandards" loaded.
INFO - 2020-05-04 14:08:22 --> Fetching Subjects details
INFO - 2020-05-04 14:08:23 --> Controller "App\Controllers\SubjectStandards" loaded.
INFO - 2020-05-04 14:08:23 --> Fetching Subjects details
INFO - 2020-05-04 14:08:29 --> Controller "App\Controllers\SubjectStandards" loaded.
INFO - 2020-05-04 14:08:29 --> Fetching Subjects details
INFO - 2020-05-04 14:08:30 --> Controller "App\Controllers\SubjectStandards" loaded.
INFO - 2020-05-04 14:08:30 --> Fetching Subjects details
INFO - 2020-05-04 21:28:24 --> Controller "App\Controllers\SubjectMasters" loaded.
INFO - 2020-05-04 21:28:24 --> Controller "App\Controllers\Sections" loaded.
INFO - 2020-05-04 21:28:24 --> Fetching SubjectMasters details
INFO - 2020-05-04 21:28:24 --> Fetching Sections details
INFO - 2020-05-04 21:28:27 --> Controller "App\Controllers\SubjectStandards" loaded.
INFO - 2020-05-04 21:28:27 --> Fetching Subjects details
INFO - 2020-05-04 21:28:35 --> Controller "App\Controllers\LeaveApplications" loaded.
INFO - 2020-05-04 21:28:35 --> Controller "App\Controllers\LeaveApplications" loaded.
INFO - 2020-05-04 21:28:35 --> Fetching All Leave details
INFO - 2020-05-04 21:28:35 --> Fetching All Leave details
INFO - 2020-05-04 21:28:37 --> Controller "App\Controllers\SubjectMasters" loaded.
INFO - 2020-05-04 21:28:37 --> Fetching SubjectMasters details
INFO - 2020-05-04 21:28:37 --> Controller "App\Controllers\Sections" loaded.
INFO - 2020-05-04 21:28:37 --> Fetching Sections details
INFO - 2020-05-04 21:28:40 --> Controller "App\Controllers\SubjectStandards" loaded.
INFO - 2020-05-04 21:28:40 --> Fetching Subjects details
INFO - 2020-05-04 21:29:04 --> Controller "App\Controllers\SubjectMasters" loaded.
INFO - 2020-05-04 21:29:04 --> Controller "App\Controllers\Sections" loaded.
INFO - 2020-05-04 21:29:04 --> Fetching SubjectMasters details
INFO - 2020-05-04 21:29:04 --> Fetching Sections details
INFO - 2020-05-04 21:29:06 --> Controller "App\Controllers\SubjectStandards" loaded.
INFO - 2020-05-04 21:29:06 --> Fetching Subjects details
INFO - 2020-05-04 21:46:21 --> Controller "App\Controllers\SubjectMasters" loaded.
INFO - 2020-05-04 21:46:21 --> Controller "App\Controllers\Sections" loaded.
INFO - 2020-05-04 21:46:21 --> Fetching SubjectMasters details
INFO - 2020-05-04 21:46:21 --> Fetching Sections details
INFO - 2020-05-04 21:46:23 --> Controller "App\Controllers\SubjectStandards" loaded.
INFO - 2020-05-04 21:46:23 --> Fetching Subjects details
INFO - 2020-05-04 21:56:15 --> Controller "App\Controllers\SubjectStandards" loaded.
INFO - 2020-05-04 21:56:15 --> Fetching Subjects details
INFO - 2020-05-04 21:56:16 --> Controller "App\Controllers\SubjectStandards" loaded.
INFO - 2020-05-04 21:56:16 --> Fetching Subjects details
INFO - 2020-05-04 21:56:17 --> Controller "App\Controllers\SubjectStandards" loaded.
INFO - 2020-05-04 21:56:17 --> Fetching Subjects details
INFO - 2020-05-04 22:00:57 --> Controller "App\Controllers\SubjectMasters" loaded.
INFO - 2020-05-04 22:00:57 --> Controller "App\Controllers\Sections" loaded.
INFO - 2020-05-04 22:00:57 --> Fetching SubjectMasters details
INFO - 2020-05-04 22:00:57 --> Fetching Sections details
INFO - 2020-05-04 22:01:02 --> Controller "App\Controllers\LeaveApplications" loaded.
INFO - 2020-05-04 22:01:02 --> Fetching All Leave details
INFO - 2020-05-04 22:01:02 --> Controller "App\Controllers\LeaveApplications" loaded.
INFO - 2020-05-04 22:01:02 --> Fetching All Leave details
INFO - 2020-05-04 22:01:03 --> Controller "App\Controllers\SubjectMasters" loaded.
INFO - 2020-05-04 22:01:03 --> Controller "App\Controllers\Sections" loaded.
INFO - 2020-05-04 22:01:03 --> Fetching SubjectMasters details
INFO - 2020-05-04 22:01:03 --> Fetching Sections details
INFO - 2020-05-04 22:01:05 --> Controller "App\Controllers\SubjectStandards" loaded.
INFO - 2020-05-04 22:01:05 --> Fetching Subjects details
INFO - 2020-05-04 22:01:53 --> Controller "App\Controllers\Sections" loaded.
INFO - 2020-05-04 22:01:53 --> Controller "App\Controllers\SubjectMasters" loaded.
INFO - 2020-05-04 22:01:53 --> Fetching SubjectMasters details
INFO - 2020-05-04 22:01:53 --> Fetching Sections details
INFO - 2020-05-04 22:01:57 --> Controller "App\Controllers\SubjectStandards" loaded.
INFO - 2020-05-04 22:01:57 --> Fetching Subjects details
INFO - 2020-05-04 22:04:47 --> Controller "App\Controllers\SubjectMasters" loaded.
INFO - 2020-05-04 22:04:47 --> Fetching SubjectMasters details
INFO - 2020-05-04 22:04:47 --> Controller "App\Controllers\Sections" loaded.
INFO - 2020-05-04 22:04:47 --> Fetching Sections details
INFO - 2020-05-04 22:04:50 --> Controller "App\Controllers\SubjectStandards" loaded.
INFO - 2020-05-04 22:04:50 --> Fetching Subjects details
INFO - 2020-05-04 22:05:54 --> Controller "App\Controllers\SubjectMasters" loaded.
INFO - 2020-05-04 22:05:54 --> Controller "App\Controllers\Sections" loaded.
INFO - 2020-05-04 22:05:54 --> Fetching SubjectMasters details
INFO - 2020-05-04 22:05:54 --> Fetching Sections details
INFO - 2020-05-04 22:05:56 --> Controller "App\Controllers\SubjectStandards" loaded.
INFO - 2020-05-04 22:05:56 --> Fetching Subjects details
INFO - 2020-05-04 22:08:10 --> Controller "App\Controllers\Sections" loaded.
INFO - 2020-05-04 22:08:10 --> Controller "App\Controllers\SubjectMasters" loaded.
INFO - 2020-05-04 22:08:10 --> Fetching SubjectMasters details
INFO - 2020-05-04 22:08:10 --> Fetching Sections details
INFO - 2020-05-04 22:08:13 --> Controller "App\Controllers\SubjectStandards" loaded.
INFO - 2020-05-04 22:08:13 --> Fetching Subjects details
INFO - 2020-05-04 22:08:16 --> Controller "App\Controllers\SubjectStandards" loaded.
INFO - 2020-05-04 22:08:16 --> Fetching Subjects details
INFO - 2020-05-04 22:08:18 --> Controller "App\Controllers\SubjectStandards" loaded.
INFO - 2020-05-04 22:08:18 --> Fetching Subjects details
INFO - 2020-05-04 22:08:19 --> Controller "App\Controllers\SubjectStandards" loaded.
INFO - 2020-05-04 22:08:19 --> Fetching Subjects details
INFO - 2020-05-04 22:08:20 --> Controller "App\Controllers\SubjectStandards" loaded.
INFO - 2020-05-04 22:08:20 --> Fetching Subjects details
INFO - 2020-05-04 22:08:21 --> Controller "App\Controllers\SubjectStandards" loaded.
INFO - 2020-05-04 22:08:21 --> Fetching Subjects details
INFO - 2020-05-04 22:08:22 --> Controller "App\Controllers\SubjectStandards" loaded.
INFO - 2020-05-04 22:08:22 --> Fetching Subjects details
INFO - 2020-05-04 22:08:24 --> Controller "App\Controllers\SubjectStandards" loaded.
INFO - 2020-05-04 22:08:24 --> Fetching Subjects details
INFO - 2020-05-04 22:08:24 --> Controller "App\Controllers\SubjectStandards" loaded.
INFO - 2020-05-04 22:08:24 --> Fetching Subjects details
INFO - 2020-05-04 22:09:31 --> Controller "App\Controllers\SubjectStandards" loaded.
INFO - 2020-05-04 22:09:31 --> Fetching Subjects details
INFO - 2020-05-04 22:09:32 --> Controller "App\Controllers\SubjectStandards" loaded.
INFO - 2020-05-04 22:09:32 --> Fetching Subjects details
INFO - 2020-05-04 22:09:32 --> Controller "App\Controllers\SubjectStandards" loaded.
INFO - 2020-05-04 22:09:32 --> Fetching Subjects details
INFO - 2020-05-04 22:09:33 --> Controller "App\Controllers\SubjectStandards" loaded.
INFO - 2020-05-04 22:09:33 --> Fetching Subjects details
INFO - 2020-05-04 22:09:34 --> Controller "App\Controllers\SubjectStandards" loaded.
INFO - 2020-05-04 22:09:34 --> Fetching Subjects details
INFO - 2020-05-04 22:09:35 --> Controller "App\Controllers\SubjectStandards" loaded.
INFO - 2020-05-04 22:09:35 --> Fetching Subjects details
INFO - 2020-05-04 22:09:36 --> Controller "App\Controllers\SubjectStandards" loaded.
INFO - 2020-05-04 22:09:36 --> Fetching Subjects details
INFO - 2020-05-04 22:09:36 --> Controller "App\Controllers\SubjectStandards" loaded.
INFO - 2020-05-04 22:09:36 --> Fetching Subjects details
INFO - 2020-05-04 22:09:37 --> Controller "App\Controllers\SubjectStandards" loaded.
INFO - 2020-05-04 22:09:37 --> Fetching Subjects details
INFO - 2020-05-04 22:09:38 --> Controller "App\Controllers\SubjectStandards" loaded.
INFO - 2020-05-04 22:09:38 --> Fetching Subjects details
INFO - 2020-05-04 22:09:39 --> Controller "App\Controllers\SubjectStandards" loaded.
INFO - 2020-05-04 22:09:39 --> Fetching Subjects details
INFO - 2020-05-04 22:09:39 --> Controller "App\Controllers\SubjectStandards" loaded.
INFO - 2020-05-04 22:09:39 --> Fetching Subjects details
INFO - 2020-05-04 22:17:17 --> Controller "App\Controllers\SubjectMasters" loaded.
INFO - 2020-05-04 22:17:17 --> Controller "App\Controllers\Sections" loaded.
INFO - 2020-05-04 22:17:17 --> Fetching SubjectMasters details
INFO - 2020-05-04 22:17:17 --> Fetching Sections details
INFO - 2020-05-04 22:17:41 --> Controller "App\Controllers\SubjectMasters" loaded.
INFO - 2020-05-04 22:17:41 --> Fetching SubjectMasters details
INFO - 2020-05-04 22:17:45 --> Controller "App\Controllers\SubjectStandards" loaded.
INFO - 2020-05-04 22:17:45 --> Fetching Subjects details
INFO - 2020-05-04 22:18:56 --> Controller "App\Controllers\SubjectMasters" loaded.
INFO - 2020-05-04 22:18:56 --> Controller "App\Controllers\Sections" loaded.
INFO - 2020-05-04 22:18:56 --> Fetching SubjectMasters details
INFO - 2020-05-04 22:18:56 --> Fetching Sections details
INFO - 2020-05-04 22:18:59 --> Controller "App\Controllers\SubjectStandards" loaded.
INFO - 2020-05-04 22:18:59 --> Fetching Subjects details
INFO - 2020-05-04 22:21:06 --> Controller "App\Controllers\Sections" loaded.
INFO - 2020-05-04 22:21:06 --> Controller "App\Controllers\SubjectMasters" loaded.
INFO - 2020-05-04 22:21:06 --> Fetching SubjectMasters details
INFO - 2020-05-04 22:21:06 --> Fetching Sections details
INFO - 2020-05-04 22:21:10 --> Controller "App\Controllers\SubjectStandards" loaded.
INFO - 2020-05-04 22:21:10 --> Fetching Subjects details
INFO - 2020-05-04 22:24:01 --> Controller "App\Controllers\SubjectMasters" loaded.
INFO - 2020-05-04 22:24:01 --> Fetching SubjectMasters details
INFO - 2020-05-04 22:24:01 --> Controller "App\Controllers\Sections" loaded.
INFO - 2020-05-04 22:24:01 --> Fetching Sections details
INFO - 2020-05-04 22:24:40 --> Controller "App\Controllers\SubjectMasters" loaded.
INFO - 2020-05-04 22:24:40 --> Controller "App\Controllers\Sections" loaded.
INFO - 2020-05-04 22:24:40 --> Fetching SubjectMasters details
INFO - 2020-05-04 22:24:40 --> Fetching Sections details
INFO - 2020-05-04 22:24:43 --> Controller "App\Controllers\SubjectStandards" loaded.
INFO - 2020-05-04 22:24:43 --> Fetching Subjects details
INFO - 2020-05-04 22:25:14 --> Controller "App\Controllers\SubjectMasters" loaded.
INFO - 2020-05-04 22:25:14 --> Fetching SubjectMasters details
INFO - 2020-05-04 22:26:02 --> Controller "App\Controllers\SubjectStandards" loaded.
INFO - 2020-05-04 22:26:02 --> Fetching Subjects details
INFO - 2020-05-04 22:26:55 --> Controller "App\Controllers\SubjectMasters" loaded.
INFO - 2020-05-04 22:26:55 --> Fetching SubjectMasters details
INFO - 2020-05-04 22:27:19 --> Controller "App\Controllers\SubjectMasters" loaded.
INFO - 2020-05-04 22:27:19 --> Fetching SubjectMasters details
INFO - 2020-05-04 22:29:08 --> Controller "App\Controllers\SubjectStandards" loaded.
INFO - 2020-05-04 22:29:08 --> Fetching Subjects details
INFO - 2020-05-04 22:37:19 --> Controller "App\Controllers\SubjectStandards" loaded.
INFO - 2020-05-04 22:37:19 --> Fetching Subjects details
INFO - 2020-05-04 22:40:04 --> Controller "App\Controllers\SubjectStandards" loaded.
INFO - 2020-05-04 22:40:04 --> Fetching Subjects details
INFO - 2020-05-04 22:41:15 --> Controller "App\Controllers\SubjectStandards" loaded.
INFO - 2020-05-04 22:41:15 --> Fetching Subjects details
INFO - 2020-05-04 22:41:33 --> Controller "App\Controllers\SubjectStandards" loaded.
INFO - 2020-05-04 22:41:33 --> Fetching Subjects Section Status details
INFO - 2020-05-04 22:41:49 --> Controller "App\Controllers\SubjectStandards" loaded.
INFO - 2020-05-04 22:41:49 --> Fetching Subjects details
INFO - 2020-05-04 22:42:25 --> Controller "App\Controllers\SubjectStandards" loaded.
INFO - 2020-05-04 22:42:25 --> Fetching Subjects details
INFO - 2020-05-04 22:50:34 --> Controller "App\Controllers\SubjectStandards" loaded.
INFO - 2020-05-04 22:50:34 --> Fetching Subjects details
INFO - 2020-05-04 22:51:41 --> Controller "App\Controllers\SubjectMasters" loaded.
INFO - 2020-05-04 22:51:41 --> Fetching SubjectMasters details
INFO - 2020-05-04 22:53:06 --> Controller "App\Controllers\SubjectStandards" loaded.
INFO - 2020-05-04 22:53:06 --> Fetching Subjects details
INFO - 2020-05-04 22:57:22 --> Controller "App\Controllers\SubjectStandards" loaded.
INFO - 2020-05-04 22:57:22 --> Fetching Subjects details
INFO - 2020-05-04 23:00:54 --> Controller "App\Controllers\SubjectStandards" loaded.
INFO - 2020-05-04 23:00:54 --> Fetching Subjects details
INFO - 2020-05-04 23:00:55 --> Controller "App\Controllers\SubjectStandards" loaded.
INFO - 2020-05-04 23:00:55 --> Fetching Subjects details
INFO - 2020-05-04 23:00:56 --> Controller "App\Controllers\SubjectStandards" loaded.
INFO - 2020-05-04 23:00:56 --> Fetching Subjects details
INFO - 2020-05-04 23:01:06 --> Controller "App\Controllers\SubjectStandards" loaded.
INFO - 2020-05-04 23:01:06 --> Fetching Subjects details
INFO - 2020-05-04 23:01:22 --> Controller "App\Controllers\SubjectStandards" loaded.
INFO - 2020-05-04 23:01:22 --> Fetching Subjects details
INFO - 2020-05-04 23:02:28 --> Controller "App\Controllers\SubjectMasters" loaded.
INFO - 2020-05-04 23:02:28 --> Fetching SubjectMasters details
INFO - 2020-05-04 23:02:28 --> Controller "App\Controllers\Sections" loaded.
INFO - 2020-05-04 23:02:28 --> Fetching Sections details
INFO - 2020-05-04 23:02:33 --> Controller "App\Controllers\SubjectStandards" loaded.
INFO - 2020-05-04 23:02:33 --> Fetching Subjects details
INFO - 2020-05-04 23:02:42 --> Controller "App\Controllers\SubjectStandards" loaded.
INFO - 2020-05-04 23:02:42 --> Deleting Subjects details
INFO - 2020-05-04 23:02:45 --> Controller "App\Controllers\SubjectStandards" loaded.
INFO - 2020-05-04 23:02:45 --> Fetching Subjects details
INFO - 2020-05-04 23:03:35 --> Controller "App\Controllers\SubjectStandards" loaded.
INFO - 2020-05-04 23:03:35 --> Fetching Subjects details
INFO - 2020-05-04 23:04:50 --> Controller "App\Controllers\SubjectStandards" loaded.
INFO - 2020-05-04 23:04:50 --> Fetching Subjects details
INFO - 2020-05-04 23:09:54 --> Controller "App\Controllers\Sections" loaded.
INFO - 2020-05-04 23:09:54 --> Controller "App\Controllers\SubjectMasters" loaded.
INFO - 2020-05-04 23:09:54 --> Fetching SubjectMasters details
INFO - 2020-05-04 23:09:54 --> Fetching Sections details
INFO - 2020-05-04 23:09:56 --> Controller "App\Controllers\SubjectStandards" loaded.
INFO - 2020-05-04 23:09:56 --> Fetching Subjects details
INFO - 2020-05-04 23:13:18 --> Controller "App\Controllers\SubjectMasters" loaded.
INFO - 2020-05-04 23:13:18 --> Fetching SubjectMasters details
INFO - 2020-05-04 23:13:18 --> Controller "App\Controllers\Sections" loaded.
INFO - 2020-05-04 23:13:18 --> Fetching Sections details
INFO - 2020-05-04 23:13:46 --> Controller "App\Controllers\SubjectStandards" loaded.
INFO - 2020-05-04 23:13:46 --> Fetching Subjects details
INFO - 2020-05-04 23:13:47 --> Controller "App\Controllers\SubjectStandards" loaded.
INFO - 2020-05-04 23:13:47 --> Fetching Subjects details
INFO - 2020-05-04 23:13:48 --> Controller "App\Controllers\SubjectStandards" loaded.
INFO - 2020-05-04 23:13:48 --> Fetching Subjects details
INFO - 2020-05-04 23:13:48 --> Controller "App\Controllers\SubjectStandards" loaded.
INFO - 2020-05-04 23:13:49 --> Fetching Subjects details
INFO - 2020-05-04 23:13:49 --> Controller "App\Controllers\SubjectStandards" loaded.
INFO - 2020-05-04 23:13:49 --> Fetching Subjects details
INFO - 2020-05-04 23:13:50 --> Controller "App\Controllers\SubjectStandards" loaded.
INFO - 2020-05-04 23:13:50 --> Fetching Subjects details
INFO - 2020-05-04 23:13:50 --> Controller "App\Controllers\SubjectStandards" loaded.
INFO - 2020-05-04 23:13:50 --> Fetching Subjects details
INFO - 2020-05-04 23:13:51 --> Controller "App\Controllers\SubjectStandards" loaded.
INFO - 2020-05-04 23:13:51 --> Fetching Subjects details
INFO - 2020-05-04 23:13:52 --> Controller "App\Controllers\SubjectStandards" loaded.
INFO - 2020-05-04 23:13:52 --> Fetching Subjects details
INFO - 2020-05-04 23:13:52 --> Controller "App\Controllers\SubjectStandards" loaded.
INFO - 2020-05-04 23:13:52 --> Fetching Subjects details
INFO - 2020-05-04 23:13:53 --> Controller "App\Controllers\SubjectStandards" loaded.
INFO - 2020-05-04 23:13:53 --> Fetching Subjects details
INFO - 2020-05-04 23:13:54 --> Controller "App\Controllers\SubjectStandards" loaded.
INFO - 2020-05-04 23:13:54 --> Fetching Subjects details
INFO - 2020-05-04 23:14:28 --> Controller "App\Controllers\SubjectStandards" loaded.
INFO - 2020-05-04 23:14:28 --> Fetching Subjects details
INFO - 2020-05-04 23:14:29 --> Controller "App\Controllers\SubjectStandards" loaded.
INFO - 2020-05-04 23:14:29 --> Fetching Subjects details
INFO - 2020-05-04 23:14:30 --> Controller "App\Controllers\SubjectStandards" loaded.
INFO - 2020-05-04 23:14:30 --> Fetching Subjects details
INFO - 2020-05-04 23:14:31 --> Controller "App\Controllers\SubjectStandards" loaded.
INFO - 2020-05-04 23:14:31 --> Fetching Subjects details
INFO - 2020-05-04 23:14:31 --> Controller "App\Controllers\SubjectStandards" loaded.
INFO - 2020-05-04 23:14:31 --> Fetching Subjects details
INFO - 2020-05-04 23:14:32 --> Controller "App\Controllers\SubjectStandards" loaded.
INFO - 2020-05-04 23:14:32 --> Fetching Subjects details
INFO - 2020-05-04 23:14:33 --> Controller "App\Controllers\SubjectStandards" loaded.
INFO - 2020-05-04 23:14:33 --> Fetching Subjects details
INFO - 2020-05-04 23:14:34 --> Controller "App\Controllers\SubjectStandards" loaded.
INFO - 2020-05-04 23:14:34 --> Fetching Subjects details
INFO - 2020-05-04 23:14:35 --> Controller "App\Controllers\SubjectStandards" loaded.
INFO - 2020-05-04 23:14:35 --> Fetching Subjects details
INFO - 2020-05-04 23:14:36 --> Controller "App\Controllers\SubjectStandards" loaded.
INFO - 2020-05-04 23:14:36 --> Fetching Subjects details
INFO - 2020-05-04 23:14:36 --> Controller "App\Controllers\SubjectStandards" loaded.
INFO - 2020-05-04 23:14:36 --> Fetching Subjects details
INFO - 2020-05-04 23:14:37 --> Controller "App\Controllers\SubjectStandards" loaded.
INFO - 2020-05-04 23:14:37 --> Fetching Subjects details
INFO - 2020-05-04 23:14:38 --> Controller "App\Controllers\SubjectStandards" loaded.
INFO - 2020-05-04 23:14:38 --> Fetching Subjects details
INFO - 2020-05-04 23:14:38 --> Controller "App\Controllers\SubjectStandards" loaded.
INFO - 2020-05-04 23:14:38 --> Fetching Subjects details
INFO - 2020-05-04 23:14:39 --> Controller "App\Controllers\SubjectStandards" loaded.
INFO - 2020-05-04 23:14:39 --> Fetching Subjects details
INFO - 2020-05-04 23:14:40 --> Controller "App\Controllers\SubjectStandards" loaded.
INFO - 2020-05-04 23:14:40 --> Fetching Subjects details
INFO - 2020-05-04 23:15:04 --> Controller "App\Controllers\SubjectStandards" loaded.
INFO - 2020-05-04 23:15:04 --> Fetching Subjects details
INFO - 2020-05-04 23:15:05 --> Controller "App\Controllers\SubjectStandards" loaded.
INFO - 2020-05-04 23:15:05 --> Fetching Subjects details
INFO - 2020-05-04 23:15:06 --> Controller "App\Controllers\SubjectStandards" loaded.
INFO - 2020-05-04 23:15:06 --> Fetching Subjects details
INFO - 2020-05-04 23:15:17 --> Controller "App\Controllers\SubjectStandards" loaded.
INFO - 2020-05-04 23:15:17 --> Fetching Subjects details
INFO - 2020-05-04 23:15:21 --> Controller "App\Controllers\SubjectStandards" loaded.
INFO - 2020-05-04 23:15:21 --> Fetching Subjects details
INFO - 2020-05-04 23:15:41 --> Controller "App\Controllers\SubjectStandards" loaded.
INFO - 2020-05-04 23:15:41 --> Fetching Subjects details
INFO - 2020-05-04 23:15:42 --> Controller "App\Controllers\SubjectStandards" loaded.
INFO - 2020-05-04 23:15:42 --> Fetching Subjects details
INFO - 2020-05-04 23:15:53 --> Controller "App\Controllers\SubjectStandards" loaded.
INFO - 2020-05-04 23:15:53 --> Fetching Subjects details
INFO - 2020-05-04 23:15:54 --> Controller "App\Controllers\SubjectStandards" loaded.
INFO - 2020-05-04 23:15:54 --> Fetching Subjects details
INFO - 2020-05-04 23:15:55 --> Controller "App\Controllers\SubjectStandards" loaded.
INFO - 2020-05-04 23:15:55 --> Fetching Subjects details
INFO - 2020-05-04 23:15:55 --> Controller "App\Controllers\SubjectStandards" loaded.
INFO - 2020-05-04 23:15:55 --> Fetching Subjects details
INFO - 2020-05-04 23:15:57 --> Controller "App\Controllers\SubjectStandards" loaded.
INFO - 2020-05-04 23:15:57 --> Fetching Subjects details
INFO - 2020-05-04 23:16:35 --> Controller "App\Controllers\SubjectStandards" loaded.
INFO - 2020-05-04 23:16:35 --> Fetching Subjects details
INFO - 2020-05-04 23:16:36 --> Controller "App\Controllers\SubjectStandards" loaded.
INFO - 2020-05-04 23:16:36 --> Fetching Subjects details
INFO - 2020-05-04 23:16:37 --> Controller "App\Controllers\SubjectStandards" loaded.
INFO - 2020-05-04 23:16:37 --> Fetching Subjects details
INFO - 2020-05-04 23:16:38 --> Controller "App\Controllers\SubjectStandards" loaded.
INFO - 2020-05-04 23:16:38 --> Fetching Subjects details
INFO - 2020-05-04 23:16:40 --> Controller "App\Controllers\SubjectStandards" loaded.
INFO - 2020-05-04 23:16:40 --> Fetching Subjects details
INFO - 2020-05-04 23:16:40 --> Controller "App\Controllers\SubjectStandards" loaded.
INFO - 2020-05-04 23:16:40 --> Fetching Subjects details
INFO - 2020-05-04 23:16:41 --> Controller "App\Controllers\SubjectStandards" loaded.
INFO - 2020-05-04 23:16:41 --> Fetching Subjects details
INFO - 2020-05-04 23:16:48 --> Controller "App\Controllers\SubjectStandards" loaded.
INFO - 2020-05-04 23:16:48 --> Fetching Subjects details
INFO - 2020-05-04 23:16:49 --> Controller "App\Controllers\SubjectStandards" loaded.
INFO - 2020-05-04 23:16:49 --> Fetching Subjects details
INFO - 2020-05-04 23:16:50 --> Controller "App\Controllers\SubjectStandards" loaded.
INFO - 2020-05-04 23:16:50 --> Fetching Subjects details
INFO - 2020-05-04 23:16:50 --> Controller "App\Controllers\SubjectStandards" loaded.
INFO - 2020-05-04 23:16:50 --> Fetching Subjects details
INFO - 2020-05-04 23:16:51 --> Controller "App\Controllers\SubjectStandards" loaded.
INFO - 2020-05-04 23:16:51 --> Fetching Subjects details
INFO - 2020-05-04 23:16:53 --> Controller "App\Controllers\SubjectStandards" loaded.
INFO - 2020-05-04 23:16:53 --> Fetching Subjects details
INFO - 2020-05-04 23:16:54 --> Controller "App\Controllers\SubjectStandards" loaded.
INFO - 2020-05-04 23:16:54 --> Fetching Subjects details
INFO - 2020-05-04 23:17:01 --> Controller "App\Controllers\SubjectStandards" loaded.
INFO - 2020-05-04 23:17:01 --> Fetching Subjects details
INFO - 2020-05-04 23:17:03 --> Controller "App\Controllers\SubjectStandards" loaded.
INFO - 2020-05-04 23:17:03 --> Fetching Subjects details
INFO - 2020-05-04 23:17:04 --> Controller "App\Controllers\SubjectStandards" loaded.
INFO - 2020-05-04 23:17:04 --> Fetching Subjects details
INFO - 2020-05-04 23:17:05 --> Controller "App\Controllers\SubjectStandards" loaded.
INFO - 2020-05-04 23:17:05 --> Fetching Subjects details
INFO - 2020-05-04 23:17:06 --> Controller "App\Controllers\SubjectStandards" loaded.
INFO - 2020-05-04 23:17:06 --> Fetching Subjects details
INFO - 2020-05-04 23:17:06 --> Controller "App\Controllers\SubjectStandards" loaded.
INFO - 2020-05-04 23:17:06 --> Fetching Subjects details
INFO - 2020-05-04 23:17:07 --> Controller "App\Controllers\SubjectStandards" loaded.
INFO - 2020-05-04 23:17:07 --> Fetching Subjects details
INFO - 2020-05-04 23:17:08 --> Controller "App\Controllers\SubjectStandards" loaded.
INFO - 2020-05-04 23:17:08 --> Fetching Subjects details
INFO - 2020-05-04 23:17:12 --> Controller "App\Controllers\SubjectStandards" loaded.
INFO - 2020-05-04 23:17:12 --> Fetching Subjects details
INFO - 2020-05-04 23:17:13 --> Controller "App\Controllers\SubjectStandards" loaded.
INFO - 2020-05-04 23:17:13 --> Fetching Subjects details
INFO - 2020-05-04 23:22:25 --> Controller "App\Controllers\SubjectMasters" loaded.
INFO - 2020-05-04 23:22:25 --> Fetching SubjectMasters details
INFO - 2020-05-04 23:22:25 --> Controller "App\Controllers\Sections" loaded.
INFO - 2020-05-04 23:22:25 --> Fetching Sections details
INFO - 2020-05-04 23:22:27 --> Controller "App\Controllers\SubjectStandards" loaded.
INFO - 2020-05-04 23:22:27 --> Fetching Subjects details
INFO - 2020-05-04 23:22:34 --> Controller "App\Controllers\SubjectStandards" loaded.
INFO - 2020-05-04 23:22:34 --> Fetching Subjects details
INFO - 2020-05-04 23:24:34 --> Controller "App\Controllers\SubjectStandards" loaded.
INFO - 2020-05-04 23:24:34 --> Fetching Subjects details
INFO - 2020-05-04 23:26:16 --> Controller "App\Controllers\SubjectStandards" loaded.
INFO - 2020-05-04 23:26:16 --> Fetching Subjects details
INFO - 2020-05-04 23:45:50 --> Controller "App\Controllers\SubjectMasters" loaded.
INFO - 2020-05-04 23:45:50 --> Controller "App\Controllers\Standards" loaded.
INFO - 2020-05-04 23:45:50 --> Fetching SubjectMasters details
INFO - 2020-05-04 23:45:50 --> Fetching Standards Section details
INFO - 2020-05-04 23:46:02 --> Controller "App\Controllers\SubjectStandards" loaded.
INFO - 2020-05-04 23:46:02 --> Fetching Subjects details
INFO - 2020-05-04 23:46:06 --> Controller "App\Controllers\SubjectStandards" loaded.
INFO - 2020-05-04 23:46:06 --> Fetching Subjects details
INFO - 2020-05-04 23:46:10 --> Controller "App\Controllers\SubjectStandards" loaded.
INFO - 2020-05-04 23:46:10 --> Fetching Subjects details
INFO - 2020-05-04 23:46:15 --> Controller "App\Controllers\SubjectStandards" loaded.
INFO - 2020-05-04 23:46:15 --> Fetching Subjects details
INFO - 2020-05-04 23:46:17 --> Controller "App\Controllers\SubjectStandards" loaded.
INFO - 2020-05-04 23:46:17 --> Fetching Subjects details
INFO - 2020-05-04 23:46:18 --> Controller "App\Controllers\SubjectStandards" loaded.
INFO - 2020-05-04 23:46:18 --> Fetching Subjects details
INFO - 2020-05-04 23:46:20 --> Controller "App\Controllers\SubjectStandards" loaded.
INFO - 2020-05-04 23:46:20 --> Fetching Subjects details
INFO - 2020-05-04 23:46:20 --> Controller "App\Controllers\SubjectStandards" loaded.
INFO - 2020-05-04 23:46:20 --> Fetching Subjects details
INFO - 2020-05-04 23:46:21 --> Controller "App\Controllers\SubjectStandards" loaded.
INFO - 2020-05-04 23:46:21 --> Fetching Subjects details
INFO - 2020-05-04 23:46:21 --> Controller "App\Controllers\SubjectStandards" loaded.
INFO - 2020-05-04 23:46:21 --> Fetching Subjects details
INFO - 2020-05-04 23:46:22 --> Controller "App\Controllers\SubjectStandards" loaded.
INFO - 2020-05-04 23:46:22 --> Fetching Subjects details
INFO - 2020-05-04 23:46:22 --> Controller "App\Controllers\SubjectStandards" loaded.
INFO - 2020-05-04 23:46:22 --> Fetching Subjects details
INFO - 2020-05-04 23:46:23 --> Controller "App\Controllers\SubjectStandards" loaded.
INFO - 2020-05-04 23:46:23 --> Fetching Subjects details
INFO - 2020-05-04 23:46:25 --> Controller "App\Controllers\SubjectMasters" loaded.
INFO - 2020-05-04 23:46:25 --> Controller "App\Controllers\Sections" loaded.
INFO - 2020-05-04 23:46:25 --> Fetching SubjectMasters details
INFO - 2020-05-04 23:46:25 --> Fetching Sections details
INFO - 2020-05-04 23:46:35 --> Controller "App\Controllers\SubjectStandards" loaded.
INFO - 2020-05-04 23:46:35 --> Fetching Subjects details
