INFO - 2020-10-20 10:18:08 --> Fetching Assignments Mapped Id details
INFO - 2020-10-20 00:00:51 --> Controller "App\Controllers\ExamDetails" loaded.
INFO - 2020-10-20 00:00:51 --> Fetching Exam Details details
INFO - 2020-10-20 00:01:21 --> Controller "App\Controllers\ExamDetails" loaded.
INFO - 2020-10-20 00:01:21 --> Fetching Exam Details details
INFO - 2020-10-20 00:14:06 --> Controller "App\Controllers\ExamsOnline" loaded.
INFO - 2020-10-20 00:14:06 --> Fetching Online Exam Details details
INFO - 2020-10-20 00:14:08 --> Controller "App\Controllers\ExamDetails" loaded.
INFO - 2020-10-20 00:14:08 --> Fetching Circular Details details
INFO - 2020-10-20 00:14:10 --> Controller "App\Controllers\Boards" loaded.
INFO - 2020-10-20 00:14:10 --> Fetching Boards details
INFO - 2020-10-20 00:14:10 --> Controller "App\Controllers\Academicyears" loaded.
INFO - 2020-10-20 00:14:10 --> Controller "App\Controllers\ExamsOnline" loaded.
INFO - 2020-10-20 00:14:10 --> Controller "App\Controllers\Sections" loaded.
INFO - 2020-10-20 00:14:10 --> Controller "App\Controllers\Sections" loaded.
INFO - 2020-10-20 00:14:10 --> Controller "App\Controllers\QuestionbankChapters" loaded.
INFO - 2020-10-20 00:14:11 --> Fetching Sections details
INFO - 2020-10-20 00:14:11 --> Fetching Assignments Details details
INFO - 2020-10-20 00:14:11 --> Fetching Academic year details
INFO - 2020-10-20 00:14:11 --> Fetching Sections details
INFO - 2020-10-20 00:14:11 --> Fetching Online Exam Details details
INFO - 2020-10-20 00:14:20 --> Controller "App\Controllers\ExamsOnline" loaded.
INFO - 2020-10-20 00:14:20 --> Fetching Online Exam Details details
INFO - 2020-10-20 00:14:39 --> Controller "App\Controllers\ExamsOnline" loaded.
INFO - 2020-10-20 00:14:39 --> Fetching Online Exam Details details
INFO - 2020-10-20 00:15:34 --> Controller "App\Controllers\ExamsOnline" loaded.
INFO - 2020-10-20 00:15:34 --> Fetching Online Exam Details details
INFO - 2020-10-20 00:15:36 --> Controller "App\Controllers\Boards" loaded.
INFO - 2020-10-20 00:15:36 --> Fetching Boards details
INFO - 2020-10-20 00:15:36 --> Controller "App\Controllers\QuestionbankChapters" loaded.
INFO - 2020-10-20 00:15:36 --> Controller "App\Controllers\Sections" loaded.
INFO - 2020-10-20 00:15:36 --> Controller "App\Controllers\Academicyears" loaded.
INFO - 2020-10-20 00:15:36 --> Controller "App\Controllers\ExamsOnline" loaded.
INFO - 2020-10-20 00:15:36 --> Fetching Academic year details
INFO - 2020-10-20 00:15:36 --> Fetching Online Exam Details details
INFO - 2020-10-20 00:15:36 --> Fetching Assignments Details details
INFO - 2020-10-20 00:15:36 --> Fetching Sections details
INFO - 2020-10-20 00:15:36 --> Controller "App\Controllers\Sections" loaded.
INFO - 2020-10-20 00:15:36 --> Fetching Sections details
INFO - 2020-10-20 00:15:38 --> Controller "App\Controllers\ExamDetails" loaded.
INFO - 2020-10-20 00:15:38 --> Fetching Circular Details details
INFO - 2020-10-20 00:15:39 --> Controller "App\Controllers\Boards" loaded.
INFO - 2020-10-20 00:15:39 --> Fetching Boards details
INFO - 2020-10-20 00:15:39 --> Controller "App\Controllers\QuestionbankChapters" loaded.
INFO - 2020-10-20 00:15:39 --> Controller "App\Controllers\Academicyears" loaded.
INFO - 2020-10-20 00:15:39 --> Controller "App\Controllers\ExamsOnline" loaded.
INFO - 2020-10-20 00:15:39 --> Controller "App\Controllers\Sections" loaded.
INFO - 2020-10-20 00:15:39 --> Fetching Academic year details
INFO - 2020-10-20 00:15:39 --> Fetching Assignments Details details
INFO - 2020-10-20 00:15:39 --> Fetching Online Exam Details details
INFO - 2020-10-20 00:15:39 --> Fetching Sections details
INFO - 2020-10-20 00:15:39 --> Controller "App\Controllers\Sections" loaded.
INFO - 2020-10-20 00:15:39 --> Fetching Sections details
INFO - 2020-10-20 00:15:41 --> Controller "App\Controllers\ExamsOnline" loaded.
INFO - 2020-10-20 00:15:41 --> Fetching Online Exam Details details
INFO - 2020-10-20 00:15:42 --> Controller "App\Controllers\ExamDetails" loaded.
INFO - 2020-10-20 00:15:42 --> Fetching Circular Details details
INFO - 2020-10-20 00:15:48 --> Controller "App\Controllers\Sections" loaded.
INFO - 2020-10-20 00:15:48 --> Controller "App\Controllers\Academicyears" loaded.
INFO - 2020-10-20 00:15:48 --> Controller "App\Controllers\ExamsOnline" loaded.
INFO - 2020-10-20 00:15:48 --> Controller "App\Controllers\Boards" loaded.
INFO - 2020-10-20 00:15:48 --> Controller "App\Controllers\QuestionbankChapters" loaded.
INFO - 2020-10-20 00:15:48 --> Fetching Academic year details
INFO - 2020-10-20 00:15:48 --> Fetching Assignments Details details
INFO - 2020-10-20 00:15:48 --> Fetching Boards details
INFO - 2020-10-20 00:15:48 --> Fetching Online Exam Details details
INFO - 2020-10-20 00:15:49 --> Fetching Sections details
INFO - 2020-10-20 00:15:49 --> Controller "App\Controllers\Sections" loaded.
INFO - 2020-10-20 00:15:49 --> Fetching Sections details
INFO - 2020-10-20 00:15:50 --> Controller "App\Controllers\ExamsOnline" loaded.
INFO - 2020-10-20 00:15:50 --> Fetching Online Exam Details details
INFO - 2020-10-20 00:15:53 --> Controller "App\Controllers\Sections" loaded.
INFO - 2020-10-20 00:15:53 --> Controller "App\Controllers\ExamsOnline" loaded.
INFO - 2020-10-20 00:15:53 --> Controller "App\Controllers\Academicyears" loaded.
INFO - 2020-10-20 00:15:53 --> Controller "App\Controllers\QuestionbankChapters" loaded.
INFO - 2020-10-20 00:15:53 --> Fetching Academic year details
INFO - 2020-10-20 00:15:53 --> Fetching Assignments Details details
INFO - 2020-10-20 00:15:53 --> Controller "App\Controllers\Boards" loaded.
INFO - 2020-10-20 00:15:53 --> Fetching Online Exam Details details
INFO - 2020-10-20 00:15:53 --> Fetching Sections details
INFO - 2020-10-20 00:15:53 --> Fetching Boards details
INFO - 2020-10-20 00:15:53 --> Controller "App\Controllers\Sections" loaded.
INFO - 2020-10-20 00:15:53 --> Fetching Sections details
INFO - 2020-10-20 00:27:34 --> Controller "App\Controllers\ExamDetails" loaded.
INFO - 2020-10-20 00:27:34 --> Controller "App\Controllers\ExamDetails" loaded.
INFO - 2020-10-20 00:27:34 --> Fetching Exam Details details
INFO - 2020-10-20 00:31:28 --> Controller "App\Controllers\ExamDetails" loaded.
INFO - 2020-10-20 00:31:28 --> Fetching Circular Details details
INFO - 2020-10-20 00:32:18 --> Controller "App\Controllers\ExamDetails" loaded.
INFO - 2020-10-20 00:32:18 --> Fetching Circular Details details
INFO - 2020-10-20 00:32:18 --> Controller "App\Controllers\ExamDetails" loaded.
INFO - 2020-10-20 00:32:18 --> Fetching Exam Details details
INFO - 2020-10-20 00:32:57 --> Controller "App\Controllers\ExamDetails" loaded.
INFO - 2020-10-20 00:32:57 --> Controller "App\Controllers\ExamDetails" loaded.
INFO - 2020-10-20 00:32:57 --> Fetching Exam Details details
INFO - 2020-10-20 00:33:00 --> Controller "App\Controllers\ExamDetails" loaded.
INFO - 2020-10-20 00:33:00 --> Fetching Circular Details details
INFO - 2020-10-20 00:33:10 --> Controller "App\Controllers\Sections" loaded.
INFO - 2020-10-20 00:33:10 --> Fetching Sections details
INFO - 2020-10-20 00:33:10 --> Controller "App\Controllers\Boards" loaded.
INFO - 2020-10-20 00:33:10 --> Fetching Boards details
INFO - 2020-10-20 00:33:10 --> Controller "App\Controllers\Academicyears" loaded.
INFO - 2020-10-20 00:33:10 --> Fetching Academic year details
INFO - 2020-10-20 00:33:10 --> Controller "App\Controllers\ExamsOnline" loaded.
INFO - 2020-10-20 00:33:10 --> Fetching Online Exam Details details
INFO - 2020-10-20 00:33:10 --> Controller "App\Controllers\QuestionbankChapters" loaded.
INFO - 2020-10-20 00:33:10 --> Fetching Assignments Details details
INFO - 2020-10-20 00:33:10 --> Controller "App\Controllers\Sections" loaded.
INFO - 2020-10-20 00:33:10 --> Fetching Sections details
INFO - 2020-10-20 00:33:18 --> Controller "App\Controllers\QuestionbankChapters" loaded.
INFO - 2020-10-20 00:33:18 --> Fetching Assignments Details details
INFO - 2020-10-20 00:33:18 --> Controller "App\Controllers\ExamsTimetable" loaded.
INFO - 2020-10-20 00:33:18 --> Fetching Exam Hallticket Details details
INFO - 2020-10-20 00:33:18 --> Controller "App\Controllers\ExamDetails" loaded.
INFO - 2020-10-20 00:33:18 --> Fetching Exam Details details
INFO - 2020-10-20 00:33:24 --> Controller "App\Controllers\QuestionbankChapters" loaded.
INFO - 2020-10-20 00:33:24 --> Fetching chapterData details
INFO - 2020-10-20 00:36:05 --> Controller "App\Controllers\ExamsOnline" loaded.
INFO - 2020-10-20 00:36:05 --> Fetching Online Exam Details details
INFO - 2020-10-20 00:36:14 --> Controller "App\Controllers\ExamsTimetable" loaded.
INFO - 2020-10-20 00:36:14 --> Fetching Exam Details details
INFO - 2020-10-20 00:36:20 --> Controller "App\Controllers\ExamsTimetable" loaded.
INFO - 2020-10-20 00:36:20 --> Fetching Exam Hallticket Details details
INFO - 2020-10-20 00:36:31 --> Controller "App\Controllers\ExamsOnline" loaded.
INFO - 2020-10-20 00:36:31 --> Fetching Online Exam Details details
INFO - 2020-10-20 00:36:33 --> Controller "App\Controllers\Boards" loaded.
INFO - 2020-10-20 00:36:33 --> Controller "App\Controllers\Sections" loaded.
INFO - 2020-10-20 00:36:33 --> Controller "App\Controllers\Academicyears" loaded.
INFO - 2020-10-20 00:36:33 --> Controller "App\Controllers\QuestionbankChapters" loaded.
INFO - 2020-10-20 00:36:33 --> Fetching Academic year details
INFO - 2020-10-20 00:36:33 --> Controller "App\Controllers\ExamsOnline" loaded.
INFO - 2020-10-20 00:36:33 --> Fetching Sections details
INFO - 2020-10-20 00:36:33 --> Fetching Online Exam Details details
INFO - 2020-10-20 00:36:33 --> Fetching Boards details
INFO - 2020-10-20 00:36:33 --> Fetching Assignments Details details
INFO - 2020-10-20 00:36:33 --> Controller "App\Controllers\Sections" loaded.
INFO - 2020-10-20 00:36:33 --> Fetching Sections details
INFO - 2020-10-20 00:36:45 --> Controller "App\Controllers\ExamsTimetable" loaded.
INFO - 2020-10-20 00:36:45 --> Controller "App\Controllers\ExamDetails" loaded.
INFO - 2020-10-20 00:36:45 --> Controller "App\Controllers\QuestionbankChapters" loaded.
INFO - 2020-10-20 00:36:45 --> Fetching Exam Details details
INFO - 2020-10-20 00:36:45 --> Fetching Assignments Details details
INFO - 2020-10-20 00:36:45 --> Fetching Exam Hallticket Details details
INFO - 2020-10-20 00:36:47 --> Controller "App\Controllers\QuestionbankChapters" loaded.
INFO - 2020-10-20 00:36:47 --> Fetching chapterData details
INFO - 2020-10-20 00:38:53 --> Controller "App\Controllers\ExamDetails" loaded.
INFO - 2020-10-20 00:38:54 --> Controller "App\Controllers\ExamDetails" loaded.
INFO - 2020-10-20 00:38:54 --> Fetching Exam Details details
INFO - 2020-10-20 00:45:46 --> Controller "App\Controllers\ExamDetails" loaded.
INFO - 2020-10-20 00:45:46 --> Controller "App\Controllers\ExamDetails" loaded.
INFO - 2020-10-20 00:45:46 --> Fetching Exam Details details
INFO - 2020-10-20 00:58:54 --> Controller "App\Controllers\ExamDetails" loaded.
INFO - 2020-10-20 00:58:54 --> Fetching Circular Details details
INFO - 2020-10-20 00:58:59 --> Controller "App\Controllers\ExamDetails" loaded.
INFO - 2020-10-20 00:58:59 --> Controller "App\Controllers\ExamDetails" loaded.
INFO - 2020-10-20 00:58:59 --> Fetching Circular Details details
INFO - 2020-10-20 00:58:59 --> Fetching Exam Details details
INFO - 2020-10-20 01:00:38 --> Controller "App\Controllers\ExamDetails" loaded.
INFO - 2020-10-20 01:00:38 --> Deleting ClassMasters details
INFO - 2020-10-20 01:00:39 --> Controller "App\Controllers\ExamDetails" loaded.
INFO - 2020-10-20 01:00:39 --> Fetching Exam Details details
INFO - 2020-10-20 01:00:57 --> Controller "App\Controllers\ExamDetails" loaded.
INFO - 2020-10-20 01:00:57 --> Fetching Exam Details details
INFO - 2020-10-20 01:01:59 --> Controller "App\Controllers\ExamDetails" loaded.
INFO - 2020-10-20 01:01:59 --> Deleting ClassMasters details
INFO - 2020-10-20 01:02:00 --> Controller "App\Controllers\ExamDetails" loaded.
INFO - 2020-10-20 01:02:00 --> Fetching Exam Details details
INFO - 2020-10-20 01:02:32 --> Controller "App\Controllers\ExamDetails" loaded.
INFO - 2020-10-20 01:02:32 --> Deleting ClassMasters details
INFO - 2020-10-20 01:02:32 --> Controller "App\Controllers\ExamDetails" loaded.
INFO - 2020-10-20 01:02:32 --> Fetching Exam Details details
INFO - 2020-10-20 01:05:38 --> Controller "App\Controllers\Students" loaded.
INFO - 2020-10-20 01:05:38 --> Controller "App\Controllers\Staffs" loaded.
INFO - 2020-10-20 01:05:38 --> Fetching All staff details
INFO - 2020-10-20 01:05:38 --> Fetching All Leave details
INFO - 2020-10-20 01:10:12 --> Controller "App\Controllers\Staffs" loaded.
INFO - 2020-10-20 01:10:12 --> Controller "App\Controllers\Students" loaded.
INFO - 2020-10-20 01:10:12 --> Fetching All staff details
INFO - 2020-10-20 01:10:12 --> Fetching All Leave details
INFO - 2020-10-20 01:10:32 --> Controller "App\Controllers\Staffs" loaded.
INFO - 2020-10-20 01:10:32 --> Controller "App\Controllers\Students" loaded.
INFO - 2020-10-20 01:10:32 --> Fetching All staff details
INFO - 2020-10-20 01:10:32 --> Fetching All Leave details
INFO - 2020-10-20 01:18:44 --> Controller "App\Controllers\Users" loaded.
INFO - 2020-10-20 01:18:44 --> Fetching Users details
INFO - 2020-10-20 01:19:41 --> Controller "App\Controllers\Users" loaded.
INFO - 2020-10-20 01:19:41 --> Fetching Users details
INFO - 2020-10-20 01:20:12 --> Controller "App\Controllers\ClassDetails" loaded.
INFO - 2020-10-20 01:20:12 --> Controller "App\Controllers\MessageGroups" loaded.
INFO - 2020-10-20 01:20:12 --> Controller "App\Controllers\Dashboards" loaded.
INFO - 2020-10-20 01:20:12 --> Fetching MessageGroups details
INFO - 2020-10-20 01:20:12 --> Controller "App\Controllers\Boards" loaded.
INFO - 2020-10-20 01:20:12 --> Controller "App\Controllers\Users" loaded.
INFO - 2020-10-20 01:20:12 --> Controller "App\Controllers\Students" loaded.
INFO - 2020-10-20 01:20:12 --> Fetching All User details
INFO - 2020-10-20 01:20:12 --> Fetching Boards details
INFO - 2020-10-20 01:20:12 --> Fetching All Leave details
INFO - 2020-10-20 01:20:12 --> Fetching Dashboard details
INFO - 2020-10-20 01:20:12 --> Fetching Sections details
INFO - 2020-10-20 01:20:12 --> Controller "App\Controllers\MessageCenter" loaded.
INFO - 2020-10-20 01:20:12 --> Fetching MessageCenter details
INFO - 2020-10-20 01:30:36 --> Controller "App\Controllers\Boards" loaded.
INFO - 2020-10-20 01:30:36 --> Controller "App\Controllers\Dashboards" loaded.
INFO - 2020-10-20 01:30:36 --> Controller "App\Controllers\Users" loaded.
INFO - 2020-10-20 01:30:36 --> Controller "App\Controllers\MessageGroups" loaded.
INFO - 2020-10-20 01:30:36 --> Controller "App\Controllers\ClassDetails" loaded.
INFO - 2020-10-20 01:30:36 --> Controller "App\Controllers\Students" loaded.
INFO - 2020-10-20 01:30:36 --> Fetching All User details
INFO - 2020-10-20 01:30:36 --> Fetching All Leave details
INFO - 2020-10-20 01:30:36 --> Fetching Sections details
INFO - 2020-10-20 01:30:36 --> Fetching Dashboard details
INFO - 2020-10-20 01:30:36 --> Fetching Boards details
INFO - 2020-10-20 01:30:36 --> Fetching MessageGroups details
INFO - 2020-10-20 01:30:37 --> Controller "App\Controllers\MessageCenter" loaded.
INFO - 2020-10-20 01:30:37 --> Fetching MessageCenter details
INFO - 2020-10-20 01:30:58 --> Controller "App\Controllers\Students" loaded.
INFO - 2020-10-20 01:30:58 --> Controller "App\Controllers\Staffs" loaded.
INFO - 2020-10-20 01:30:58 --> Fetching All staff details
INFO - 2020-10-20 01:30:58 --> Fetching All Leave details
INFO - 2020-10-20 01:35:14 --> Controller "App\Controllers\ExamsOnline" loaded.
INFO - 2020-10-20 01:35:14 --> Fetching Online Exam Details details
INFO - 2020-10-20 01:35:18 --> Controller "App\Controllers\ExamDetails" loaded.
INFO - 2020-10-20 01:35:18 --> Fetching Circular Details details
INFO - 2020-10-20 01:35:30 --> Controller "App\Controllers\ExamDetails" loaded.
INFO - 2020-10-20 01:35:30 --> Controller "App\Controllers\ExamDetails" loaded.
INFO - 2020-10-20 01:35:30 --> Fetching Exam Details details
INFO - 2020-10-20 01:35:30 --> Fetching Circular Details details
INFO - 2020-10-20 01:35:38 --> Controller "App\Controllers\ExamDetails" loaded.
INFO - 2020-10-20 01:35:38 --> Fetching Circular Details details
INFO - 2020-10-20 01:35:39 --> Controller "App\Controllers\ExamDetails" loaded.
INFO - 2020-10-20 01:35:39 --> Fetching Circular Details details
INFO - 2020-10-20 01:35:39 --> Controller "App\Controllers\ExamDetails" loaded.
INFO - 2020-10-20 01:35:39 --> Controller "App\Controllers\ExamsTimetable" loaded.
INFO - 2020-10-20 01:35:39 --> Fetching Exam Details details
INFO - 2020-10-20 01:35:39 --> Fetching Exam Details details
INFO - 2020-10-20 01:36:21 --> Controller "App\Controllers\ExamDetails" loaded.
INFO - 2020-10-20 01:36:21 --> Fetching Circular Details details
INFO - 2020-10-20 01:36:23 --> Controller "App\Controllers\Boards" loaded.
INFO - 2020-10-20 01:36:23 --> Fetching Boards details
INFO - 2020-10-20 01:36:23 --> Controller "App\Controllers\QuestionbankChapters" loaded.
INFO - 2020-10-20 01:36:23 --> Controller "App\Controllers\Academicyears" loaded.
INFO - 2020-10-20 01:36:23 --> Fetching Academic year details
INFO - 2020-10-20 01:36:23 --> Controller "App\Controllers\ExamsOnline" loaded.
INFO - 2020-10-20 01:36:23 --> Fetching Assignments Details details
INFO - 2020-10-20 01:36:23 --> Controller "App\Controllers\Sections" loaded.
INFO - 2020-10-20 01:36:23 --> Fetching Sections details
INFO - 2020-10-20 01:36:23 --> Controller "App\Controllers\Sections" loaded.
INFO - 2020-10-20 01:36:23 --> Fetching Sections details
INFO - 2020-10-20 01:36:23 --> Fetching Online Exam Details details
INFO - 2020-10-20 01:36:41 --> Controller "App\Controllers\ExamDetails" loaded.
INFO - 2020-10-20 01:36:41 --> Controller "App\Controllers\ExamsTimetable" loaded.
INFO - 2020-10-20 01:36:41 --> Controller "App\Controllers\ExamDetails" loaded.
INFO - 2020-10-20 01:36:41 --> Controller "App\Controllers\ClassDetails" loaded.
INFO - 2020-10-20 01:36:41 --> Fetching Circular Details details
INFO - 2020-10-20 01:36:41 --> Fetching Exam Details details
INFO - 2020-10-20 01:36:41 --> Fetching Sections details
INFO - 2020-10-20 01:36:41 --> Fetching Exam Details details
INFO - 2020-10-20 01:36:53 --> Controller "App\Controllers\Students" loaded.
INFO - 2020-10-20 01:36:53 --> Controller "App\Controllers\Sections" loaded.
INFO - 2020-10-20 01:36:53 --> Controller "App\Controllers\Assignments" loaded.
INFO - 2020-10-20 01:36:53 --> Fetching Assignments details
INFO - 2020-10-20 01:36:53 --> Fetching All Leave details
INFO - 2020-10-20 01:36:53 --> Fetching Sections details
INFO - 2020-10-20 01:36:56 --> Controller "App\Controllers\ExamDetails" loaded.
INFO - 2020-10-20 01:36:56 --> Fetching Circular Details details
INFO - 2020-10-20 01:49:08 --> Controller "App\Controllers\Students" loaded.
INFO - 2020-10-20 01:49:08 --> Controller "App\Controllers\Staffs" loaded.
INFO - 2020-10-20 01:49:08 --> Fetching All staff details
INFO - 2020-10-20 01:49:08 --> Fetching All Leave details
INFO - 2020-10-20 01:50:26 --> Controller "App\Controllers\Staffs" loaded.
INFO - 2020-10-20 01:50:26 --> Controller "App\Controllers\Students" loaded.
INFO - 2020-10-20 01:50:26 --> Fetching All Leave details
INFO - 2020-10-20 01:50:26 --> Fetching All staff details
INFO - 2020-10-20 02:02:34 --> Controller "App\Controllers\ExamsTimetable" loaded.
INFO - 2020-10-20 02:02:34 --> Controller "App\Controllers\ExamDetails" loaded.
INFO - 2020-10-20 02:02:34 --> Controller "App\Controllers\ExamDetails" loaded.
INFO - 2020-10-20 02:02:34 --> Fetching Circular Details details
INFO - 2020-10-20 02:02:34 --> Fetching Exam Details details
INFO - 2020-10-20 02:02:34 --> Fetching Exam Details details
INFO - 2020-10-20 02:02:49 --> Controller "App\Controllers\ExamDetails" loaded.
INFO - 2020-10-20 02:02:49 --> Fetching Circular Details details
INFO - 2020-10-20 02:15:10 --> Controller "App\Controllers\ExamDetails" loaded.
INFO - 2020-10-20 02:15:10 --> Fetching Circular Details details
INFO - 2020-10-20 02:15:10 --> Controller "App\Controllers\ExamDetails" loaded.
INFO - 2020-10-20 02:15:10 --> Fetching Exam Details details
INFO - 2020-10-20 02:15:14 --> Controller "App\Controllers\ExamDetails" loaded.
INFO - 2020-10-20 02:15:14 --> Fetching Circular Details details
INFO - 2020-10-20 02:15:17 --> Controller "App\Controllers\ExamDetails" loaded.
INFO - 2020-10-20 02:15:17 --> Fetching Circular Details details
INFO - 2020-10-20 02:15:17 --> Controller "App\Controllers\ExamDetails" loaded.
INFO - 2020-10-20 02:15:17 --> Controller "App\Controllers\ExamsTimetable" loaded.
INFO - 2020-10-20 02:15:17 --> Fetching Exam Details details
INFO - 2020-10-20 02:15:17 --> Fetching Exam Details details
INFO - 2020-10-20 02:23:12 --> Controller "App\Controllers\Staffs" loaded.
INFO - 2020-10-20 02:23:12 --> Controller "App\Controllers\Students" loaded.
INFO - 2020-10-20 02:23:12 --> Fetching All staff details
INFO - 2020-10-20 02:23:12 --> Fetching All Leave details
INFO - 2020-10-20 02:23:21 --> Controller "App\Controllers\Students" loaded.
INFO - 2020-10-20 02:23:21 --> Controller "App\Controllers\Staffs" loaded.
INFO - 2020-10-20 02:23:21 --> Fetching All Leave details
INFO - 2020-10-20 02:23:21 --> Fetching All staff details
INFO - 2020-10-20 02:26:11 --> Controller "App\Controllers\Students" loaded.
INFO - 2020-10-20 02:26:11 --> Controller "App\Controllers\Staffs" loaded.
INFO - 2020-10-20 02:26:11 --> Fetching All Leave details
INFO - 2020-10-20 02:26:11 --> Fetching All staff details
INFO - 2020-10-20 02:26:20 --> Controller "App\Controllers\Staffs" loaded.
INFO - 2020-10-20 02:26:20 --> Controller "App\Controllers\Students" loaded.
INFO - 2020-10-20 02:26:20 --> Fetching All staff details
INFO - 2020-10-20 02:26:20 --> Fetching All Leave details
INFO - 2020-10-20 02:28:40 --> Controller "App\Controllers\Staffs" loaded.
INFO - 2020-10-20 02:28:40 --> Controller "App\Controllers\Students" loaded.
INFO - 2020-10-20 02:28:40 --> Fetching All Leave details
INFO - 2020-10-20 02:28:40 --> Fetching All staff details
INFO - 2020-10-20 02:28:40 --> Controller "App\Controllers\Staffs" loaded.
INFO - 2020-10-20 02:28:40 --> Controller "App\Controllers\Students" loaded.
INFO - 2020-10-20 02:28:40 --> Fetching All staff details
INFO - 2020-10-20 02:28:40 --> Fetching All Leave details
INFO - 2020-10-20 02:37:35 --> Controller "App\Controllers\ExamsOnline" loaded.
INFO - 2020-10-20 02:37:35 --> Fetching Online Exam Details details
INFO - 2020-10-20 02:37:37 --> Controller "App\Controllers\Boards" loaded.
INFO - 2020-10-20 02:37:37 --> Fetching Boards details
INFO - 2020-10-20 02:37:38 --> Controller "App\Controllers\QuestionbankChapters" loaded.
INFO - 2020-10-20 02:37:38 --> Controller "App\Controllers\ExamsOnline" loaded.
INFO - 2020-10-20 02:37:38 --> Controller "App\Controllers\Academicyears" loaded.
INFO - 2020-10-20 02:37:38 --> Fetching Academic year details
INFO - 2020-10-20 02:37:38 --> Fetching Assignments Details details
INFO - 2020-10-20 02:37:38 --> Controller "App\Controllers\Sections" loaded.
INFO - 2020-10-20 02:37:38 --> Fetching Online Exam Details details
INFO - 2020-10-20 02:37:38 --> Controller "App\Controllers\ExamDetails" loaded.
INFO - 2020-10-20 02:37:38 --> Fetching Circular Details details
INFO - 2020-10-20 02:37:38 --> Fetching Sections details
INFO - 2020-10-20 02:37:39 --> Controller "App\Controllers\Sections" loaded.
INFO - 2020-10-20 02:37:39 --> Fetching Sections details
INFO - 2020-10-20 02:37:39 --> Controller "App\Controllers\ExamDetails" loaded.
INFO - 2020-10-20 02:37:39 --> Fetching Circular Details details
INFO - 2020-10-20 02:37:39 --> Controller "App\Controllers\ExamDetails" loaded.
INFO - 2020-10-20 02:37:39 --> Fetching Exam Details details
INFO - 2020-10-20 02:37:39 --> Controller "App\Controllers\ExamsTimetable" loaded.
INFO - 2020-10-20 02:37:39 --> Fetching Exam Details details
INFO - 2020-10-20 02:38:32 --> Controller "App\Controllers\Roles" loaded.
INFO - 2020-10-20 02:38:32 --> Fetching Assignments Details details
INFO - 2020-10-20 02:38:32 --> Controller "App\Controllers\Roles" loaded.
INFO - 2020-10-20 02:38:32 --> Fetching Roles details
INFO - 2020-10-20 02:38:32 --> Controller "App\Controllers\Roles" loaded.
INFO - 2020-10-20 02:38:32 --> Fetching Permission details
INFO - 2020-10-20 02:38:34 --> Controller "App\Controllers\Boards" loaded.
INFO - 2020-10-20 02:38:34 --> Controller "App\Controllers\ClassMasters" loaded.
INFO - 2020-10-20 02:38:34 --> Fetching Boards details
INFO - 2020-10-20 02:38:34 --> Controller "App\Controllers\RoomMasters" loaded.
INFO - 2020-10-20 02:38:34 --> Controller "App\Controllers\Staffs" loaded.
INFO - 2020-10-20 02:38:34 --> Fetching All staff details
INFO - 2020-10-20 02:38:34 --> Controller "App\Controllers\ClassDetails" loaded.
INFO - 2020-10-20 02:38:34 --> Controller "App\Controllers\ClassDetails" loaded.
INFO - 2020-10-20 02:38:34 --> Controller "App\Controllers\SubjectMasters" loaded.
INFO - 2020-10-20 02:38:34 --> Fetching SubjectMasters details
INFO - 2020-10-20 02:38:34 --> Controller "App\Controllers\Academicyears" loaded.
INFO - 2020-10-20 02:38:34 --> Fetching Academic year details
INFO - 2020-10-20 02:38:34 --> Fetching Sections details
INFO - 2020-10-20 02:38:34 --> Fetching Sections details
INFO - 2020-10-20 02:38:34 --> Controller "App\Controllers\AcademicSettings" loaded.
INFO - 2020-10-20 02:38:34 --> Fetching Academic year details
INFO - 2020-10-20 02:38:34 --> Controller "App\Controllers\ClassMasters" loaded.
INFO - 2020-10-20 02:38:35 --> Controller "App\Controllers\SubjectStandardRooms" loaded.
INFO - 2020-10-20 02:38:35 --> Fetching Subjects details
INFO - 2020-10-20 02:38:35 --> Controller "App\Controllers\ClassDetails" loaded.
INFO - 2020-10-20 02:38:35 --> Controller "App\Controllers\ClassMasters" loaded.
INFO - 2020-10-20 02:38:35 --> Fetching class details
INFO - 2020-10-20 02:38:35 --> Fetching Sections details
INFO - 2020-10-20 02:38:35 --> Controller "App\Controllers\RoomMasters" loaded.
INFO - 2020-10-20 02:38:35 --> Controller "App\Controllers\ClassMasters" loaded.
INFO - 2020-10-20 02:38:35 --> Controller "App\Controllers\ClassDetails" loaded.
INFO - 2020-10-20 02:38:35 --> Fetching Sections details
INFO - 2020-10-20 02:38:35 --> Controller "App\Controllers\SubjectMasters" loaded.
INFO - 2020-10-20 02:38:35 --> Fetching SubjectMasters details
INFO - 2020-10-20 02:38:35 --> Controller "App\Controllers\ClassMasters" loaded.
INFO - 2020-10-20 02:38:35 --> Controller "App\Controllers\SubjectStandards" loaded.
INFO - 2020-10-20 02:38:35 --> Fetching Subjects details
INFO - 2020-10-20 02:38:41 --> Controller "App\Controllers\Students" loaded.
INFO - 2020-10-20 02:38:41 --> Fetching All Leave details
INFO - 2020-10-20 02:48:47 --> Controller "App\Controllers\Students" loaded.
INFO - 2020-10-20 02:48:47 --> Controller "App\Controllers\Staffs" loaded.
INFO - 2020-10-20 02:48:47 --> Fetching All staff details
INFO - 2020-10-20 02:48:47 --> Fetching All Leave details
INFO - 2020-10-20 02:53:10 --> Controller "App\Controllers\Staffs" loaded.
INFO - 2020-10-20 02:53:10 --> Fetching All staff details
INFO - 2020-10-20 02:53:10 --> Controller "App\Controllers\Students" loaded.
INFO - 2020-10-20 02:53:10 --> Fetching All Leave details
INFO - 2020-10-20 02:53:56 --> Controller "App\Controllers\Students" loaded.
INFO - 2020-10-20 02:53:56 --> Controller "App\Controllers\Staffs" loaded.
INFO - 2020-10-20 02:53:56 --> Fetching All staff details
INFO - 2020-10-20 02:53:56 --> Fetching All Leave details
INFO - 2020-10-20 02:54:40 --> Controller "App\Controllers\Students" loaded.
INFO - 2020-10-20 02:54:40 --> Controller "App\Controllers\Staffs" loaded.
INFO - 2020-10-20 02:54:40 --> Fetching All staff details
INFO - 2020-10-20 02:54:40 --> Fetching All Leave details
INFO - 2020-10-20 03:04:24 --> Controller "App\Controllers\Students" loaded.
INFO - 2020-10-20 03:04:24 --> Fetching All Leave details
INFO - 2020-10-20 03:04:24 --> Controller "App\Controllers\Staffs" loaded.
INFO - 2020-10-20 03:04:24 --> Fetching All staff details
INFO - 2020-10-20 03:08:52 --> Controller "App\Controllers\ExamsOnline" loaded.
INFO - 2020-10-20 03:08:52 --> Fetching Online Exam Details details
INFO - 2020-10-20 03:08:53 --> Controller "App\Controllers\ExamDetails" loaded.
INFO - 2020-10-20 03:08:53 --> Fetching Circular Details details
INFO - 2020-10-20 03:08:53 --> Controller "App\Controllers\ExamDetails" loaded.
INFO - 2020-10-20 03:08:53 --> Controller "App\Controllers\ExamDetails" loaded.
INFO - 2020-10-20 03:08:53 --> Fetching Exam Details details
INFO - 2020-10-20 03:08:53 --> Fetching Circular Details details
INFO - 2020-10-20 03:08:53 --> Controller "App\Controllers\ExamsTimetable" loaded.
INFO - 2020-10-20 03:08:53 --> Fetching Exam Details details
INFO - 2020-10-20 03:11:41 --> Controller "App\Controllers\ExamsOnline" loaded.
INFO - 2020-10-20 03:11:41 --> Fetching Online Exam Details details
INFO - 2020-10-20 03:11:41 --> Controller "App\Controllers\ExamDetails" loaded.
INFO - 2020-10-20 03:11:41 --> Fetching Circular Details details
INFO - 2020-10-20 03:11:59 --> Controller "App\Controllers\ExamDetails" loaded.
INFO - 2020-10-20 03:11:59 --> Fetching Circular Details details
INFO - 2020-10-20 03:35:27 --> Controller "App\Controllers\ExamDetails" loaded.
INFO - 2020-10-20 03:35:27 --> Controller "App\Controllers\ExamDetails" loaded.
INFO - 2020-10-20 03:35:27 --> Controller "App\Controllers\ExamDetails" loaded.
INFO - 2020-10-20 03:35:27 --> Controller "App\Controllers\ExamDetails" loaded.
INFO - 2020-10-20 03:35:27 --> Controller "App\Controllers\ExamDetails" loaded.
INFO - 2020-10-20 03:35:27 --> Controller "App\Controllers\ExamDetails" loaded.
INFO - 2020-10-20 03:35:27 --> Controller "App\Controllers\ExamsTimetable" loaded.
INFO - 2020-10-20 03:35:27 --> Controller "App\Controllers\ExamDetails" loaded.
INFO - 2020-10-20 03:35:27 --> Controller "App\Controllers\ExamDetails" loaded.
INFO - 2020-10-20 03:35:27 --> Fetching Circular Details details
INFO - 2020-10-20 03:35:27 --> Fetching Circular Details details
INFO - 2020-10-20 03:35:27 --> Fetching Circular Details details
INFO - 2020-10-20 03:35:27 --> Fetching Circular Details details
INFO - 2020-10-20 03:35:27 --> Fetching Exam Details details
INFO - 2020-10-20 03:35:27 --> Fetching Exam Details details
INFO - 2020-10-20 03:35:27 --> Fetching Exam Details details
INFO - 2020-10-20 03:35:27 --> Fetching Circular Details details
INFO - 2020-10-20 03:35:27 --> Fetching Exam Details details
INFO - 2020-10-20 03:41:13 --> Controller "App\Controllers\ExamsTimetable" loaded.
INFO - 2020-10-20 03:41:13 --> Controller "App\Controllers\ExamDetails" loaded.
INFO - 2020-10-20 03:41:13 --> Controller "App\Controllers\ExamDetails" loaded.
INFO - 2020-10-20 03:41:13 --> Fetching Circular Details details
INFO - 2020-10-20 03:41:13 --> Fetching Exam Details details
INFO - 2020-10-20 03:41:13 --> Fetching Exam Details details
INFO - 2020-10-20 03:41:15 --> Controller "App\Controllers\ExamDetails" loaded.
INFO - 2020-10-20 03:41:15 --> Fetching Circular Details details
INFO - 2020-10-20 03:41:18 --> Controller "App\Controllers\ExamDetails" loaded.
INFO - 2020-10-20 03:41:18 --> Fetching Circular Details details
INFO - 2020-10-20 03:41:18 --> Controller "App\Controllers\ExamDetails" loaded.
INFO - 2020-10-20 03:41:18 --> Controller "App\Controllers\ExamsTimetable" loaded.
INFO - 2020-10-20 03:41:18 --> Fetching Exam Details details
INFO - 2020-10-20 03:41:19 --> Fetching Exam Details details
INFO - 2020-10-20 03:42:19 --> Controller "App\Controllers\ExamsOnline" loaded.
INFO - 2020-10-20 03:42:19 --> Fetching Online Exam Details details
INFO - 2020-10-20 03:42:20 --> Controller "App\Controllers\ExamDetails" loaded.
INFO - 2020-10-20 03:42:20 --> Fetching Circular Details details
INFO - 2020-10-20 03:42:21 --> Controller "App\Controllers\ExamDetails" loaded.
INFO - 2020-10-20 03:42:21 --> Fetching Circular Details details
INFO - 2020-10-20 03:42:21 --> Controller "App\Controllers\ExamDetails" loaded.
INFO - 2020-10-20 03:42:21 --> Controller "App\Controllers\ExamsTimetable" loaded.
INFO - 2020-10-20 03:42:21 --> Fetching Exam Details details
INFO - 2020-10-20 03:42:21 --> Fetching Exam Details details
INFO - 2020-10-20 03:44:26 --> Controller "App\Controllers\ExamsOnline" loaded.
INFO - 2020-10-20 03:44:26 --> Fetching Online Exam Details details
INFO - 2020-10-20 03:44:27 --> Controller "App\Controllers\ExamDetails" loaded.
INFO - 2020-10-20 03:44:27 --> Fetching Circular Details details
INFO - 2020-10-20 03:44:28 --> Controller "App\Controllers\ExamDetails" loaded.
INFO - 2020-10-20 03:44:28 --> Controller "App\Controllers\ExamsTimetable" loaded.
INFO - 2020-10-20 03:44:28 --> Controller "App\Controllers\ExamDetails" loaded.
INFO - 2020-10-20 03:44:28 --> Fetching Exam Details details
INFO - 2020-10-20 03:44:28 --> Fetching Circular Details details
INFO - 2020-10-20 03:44:28 --> Fetching Exam Details details
INFO - 2020-10-20 03:58:55 --> Controller "App\Controllers\ClassDetails" loaded.
INFO - 2020-10-20 03:58:55 --> Controller "App\Controllers\Boards" loaded.
INFO - 2020-10-20 03:58:55 --> Controller "App\Controllers\Dashboards" loaded.
INFO - 2020-10-20 03:58:55 --> Controller "App\Controllers\Users" loaded.
INFO - 2020-10-20 03:58:55 --> Controller "App\Controllers\MessageGroups" loaded.
INFO - 2020-10-20 03:58:55 --> Controller "App\Controllers\Students" loaded.
INFO - 2020-10-20 03:58:56 --> Fetching Boards details
INFO - 2020-10-20 03:58:56 --> Fetching MessageGroups details
INFO - 2020-10-20 03:58:56 --> Controller "App\Controllers\MessageCenter" loaded.
INFO - 2020-10-20 03:58:56 --> Fetching All User details
INFO - 2020-10-20 03:58:56 --> Fetching MessageCenter details
INFO - 2020-10-20 03:58:56 --> Fetching Sections details
INFO - 2020-10-20 03:58:56 --> Fetching All Leave details
INFO - 2020-10-20 03:58:56 --> Fetching Dashboard details
INFO - 2020-10-20 04:03:06 --> Controller "App\Controllers\ExamDetails" loaded.
INFO - 2020-10-20 04:03:06 --> Fetching Circular Details details
INFO - 2020-10-20 05:38:24 --> Controller "App\Controllers\ExamsOnline" loaded.
INFO - 2020-10-20 05:38:24 --> Controller "App\Controllers\Sections" loaded.
INFO - 2020-10-20 05:38:25 --> Fetching Online Exam Details details
INFO - 2020-10-20 05:38:25 --> Fetching Sections details
INFO - 2020-10-20 05:43:21 --> Controller "App\Controllers\Staffs" loaded.
INFO - 2020-10-20 05:43:21 --> Controller "App\Controllers\Students" loaded.
INFO - 2020-10-20 05:43:21 --> Fetching All staff details
INFO - 2020-10-20 05:43:21 --> Fetching All Leave details
INFO - 2020-10-20 05:43:44 --> Controller "App\Controllers\Students" loaded.
INFO - 2020-10-20 05:43:44 --> Controller "App\Controllers\FeesMasters" loaded.
INFO - 2020-10-20 05:43:44 --> Controller "App\Controllers\FeesMasters" loaded.
INFO - 2020-10-20 05:43:44 --> Controller "App\Controllers\Sections" loaded.
INFO - 2020-10-20 05:43:44 --> Controller "App\Controllers\Categories" loaded.
INFO - 2020-10-20 05:43:44 --> Fetching Category details
INFO - 2020-10-20 05:43:44 --> Fetching All Leave details
INFO - 2020-10-20 05:43:44 --> Controller "App\Controllers\FeesMasters" loaded.
INFO - 2020-10-20 05:43:44 --> Fetching Sections details
INFO - 2020-10-20 05:43:44 --> Fetching FeeMaster details
INFO - 2020-10-20 05:43:44 --> Fetching FeeMaster details
INFO - 2020-10-20 05:43:44 --> Fetching FeeMaster details
INFO - 2020-10-20 05:43:44 --> Controller "App\Controllers\Sections" loaded.
INFO - 2020-10-20 05:43:44 --> Controller "App\Controllers\FeeDashboard" loaded.
INFO - 2020-10-20 05:43:44 --> Fetching Sections details
INFO - 2020-10-20 05:43:44 --> Fetching FeeDashboardDetails details
INFO - 2020-10-20 05:43:44 --> Controller "App\Controllers\Vendors" loaded.
INFO - 2020-10-20 05:43:44 --> Controller "App\Controllers\FeeCollectionNonStudents" loaded.
INFO - 2020-10-20 05:43:44 --> Controller "App\Controllers\Boards" loaded.
INFO - 2020-10-20 05:43:44 --> Fetching Boards details
INFO - 2020-10-20 05:43:44 --> Fetching vendor details
INFO - 2020-10-20 05:44:04 --> Controller "App\Controllers\ClassDetails" loaded.
INFO - 2020-10-20 05:44:04 --> Controller "App\Controllers\Boards" loaded.
INFO - 2020-10-20 05:44:04 --> Fetching Boards details
INFO - 2020-10-20 05:44:04 --> Controller "App\Controllers\ClassDetails" loaded.
INFO - 2020-10-20 05:44:04 --> Controller "App\Controllers\Academicyears" loaded.
INFO - 2020-10-20 05:44:04 --> Controller "App\Controllers\HolidayDetails" loaded.
INFO - 2020-10-20 05:44:04 --> Fetching holidays Details details
INFO - 2020-10-20 05:44:04 --> Fetching Sections details
INFO - 2020-10-20 05:44:04 --> Fetching Academic year details
INFO - 2020-10-20 05:44:04 --> Controller "App\Controllers\StaffDetails" loaded.
INFO - 2020-10-20 05:44:04 --> Fetching Sections details
INFO - 2020-10-20 05:44:04 --> Fetching Role details
INFO - 2020-10-20 05:44:04 --> Controller "App\Controllers\ClassDetails" loaded.
INFO - 2020-10-20 05:44:04 --> Controller "App\Controllers\HolidayDetails" loaded.
INFO - 2020-10-20 05:44:04 --> Fetching Sections details
INFO - 2020-10-20 05:44:04 --> Controller "App\Controllers\HolidayDetails" loaded.
INFO - 2020-10-20 05:44:04 --> Controller "App\Controllers\ClassDetails" loaded.
INFO - 2020-10-20 05:44:04 --> Fetching holiday details
INFO - 2020-10-20 05:44:04 --> Fetching holidays Details details
INFO - 2020-10-20 05:44:04 --> Fetching Sections details
INFO - 2020-10-20 05:44:25 --> Controller "App\Controllers\ClassDetails" loaded.
INFO - 2020-10-20 05:44:25 --> Controller "App\Controllers\Boards" loaded.
INFO - 2020-10-20 05:44:25 --> Controller "App\Controllers\ClassDetails" loaded.
INFO - 2020-10-20 05:44:25 --> Controller "App\Controllers\StaffDetails" loaded.
INFO - 2020-10-20 05:44:25 --> Fetching Boards details
INFO - 2020-10-20 05:44:25 --> Controller "App\Controllers\DailyDairy" loaded.
INFO - 2020-10-20 05:44:25 --> Fetching Role details
INFO - 2020-10-20 05:44:25 --> Fetching Sections details
INFO - 2020-10-20 05:44:25 --> Controller "App\Controllers\Academicyears" loaded.
INFO - 2020-10-20 16:14:25 --> Fetching Circulars Mapped Id details
INFO - 2020-10-20 05:44:25 --> Fetching Sections details
INFO - 2020-10-20 05:44:25 --> Fetching Academic year details
INFO - 2020-10-20 05:44:25 --> Controller "App\Controllers\ClassDetails" loaded.
INFO - 2020-10-20 05:44:25 --> Controller "App\Controllers\DailyDairy" loaded.
INFO - 2020-10-20 05:44:25 --> Fetching Dairies Details details
INFO - 2020-10-20 05:44:25 --> Fetching Sections details
INFO - 2020-10-20 05:45:54 --> Controller "App\Controllers\Boards" loaded.
INFO - 2020-10-20 05:45:54 --> Fetching Boards details
INFO - 2020-10-20 05:45:54 --> Controller "App\Controllers\ClassMasters" loaded.
INFO - 2020-10-20 05:45:55 --> Controller "App\Controllers\ClassDetails" loaded.
INFO - 2020-10-20 05:45:55 --> Controller "App\Controllers\ClassDetails" loaded.
INFO - 2020-10-20 05:45:55 --> Fetching Sections details
INFO - 2020-10-20 05:45:55 --> Controller "App\Controllers\RoomMasters" loaded.
INFO - 2020-10-20 05:45:55 --> Controller "App\Controllers\SubjectMasters" loaded.
INFO - 2020-10-20 05:45:55 --> Fetching SubjectMasters details
INFO - 2020-10-20 05:45:55 --> Fetching Sections details
INFO - 2020-10-20 05:45:55 --> Controller "App\Controllers\Staffs" loaded.
INFO - 2020-10-20 05:45:55 --> Controller "App\Controllers\Academicyears" loaded.
INFO - 2020-10-20 05:45:55 --> Fetching Academic year details
INFO - 2020-10-20 05:45:55 --> Fetching All staff details
INFO - 2020-10-20 05:45:55 --> Controller "App\Controllers\AcademicSettings" loaded.
INFO - 2020-10-20 05:45:55 --> Fetching Academic year details
INFO - 2020-10-20 05:45:55 --> Controller "App\Controllers\ClassMasters" loaded.
INFO - 2020-10-20 05:45:55 --> Controller "App\Controllers\SubjectStandardRooms" loaded.
INFO - 2020-10-20 05:45:55 --> Fetching Subjects details
INFO - 2020-10-20 05:45:55 --> Controller "App\Controllers\ClassMasters" loaded.
INFO - 2020-10-20 05:45:55 --> Controller "App\Controllers\ClassMasters" loaded.
INFO - 2020-10-20 05:45:55 --> Fetching class details
INFO - 2020-10-20 05:45:55 --> Controller "App\Controllers\RoomMasters" loaded.
INFO - 2020-10-20 05:45:55 --> Controller "App\Controllers\ClassDetails" loaded.
INFO - 2020-10-20 05:45:55 --> Controller "App\Controllers\ClassDetails" loaded.
INFO - 2020-10-20 05:45:55 --> Fetching Sections details
INFO - 2020-10-20 05:45:55 --> Fetching Sections details
INFO - 2020-10-20 05:45:55 --> Controller "App\Controllers\SubjectMasters" loaded.
INFO - 2020-10-20 05:45:55 --> Fetching SubjectMasters details
INFO - 2020-10-20 05:45:55 --> Controller "App\Controllers\ClassMasters" loaded.
INFO - 2020-10-20 05:45:55 --> Controller "App\Controllers\SubjectStandards" loaded.
INFO - 2020-10-20 05:45:55 --> Fetching Subjects details
INFO - 2020-10-20 05:46:06 --> Controller "App\Controllers\Libraries" loaded.
INFO - 2020-10-20 05:46:06 --> Fetching All Leave details
INFO - 2020-10-20 05:46:38 --> Controller "App\Controllers\Libraries" loaded.
INFO - 2020-10-20 05:46:38 --> Fetching Genre details
INFO - 2020-10-20 05:48:29 --> Controller "App\Controllers\Libraries" loaded.
INFO - 2020-10-20 05:48:29 --> Fetching Genre details
INFO - 2020-10-20 05:49:47 --> Controller "App\Controllers\Libraries" loaded.
INFO - 2020-10-20 05:49:47 --> Fetching Genre details
INFO - 2020-10-20 05:51:02 --> Controller "App\Controllers\Libraries" loaded.
INFO - 2020-10-20 05:51:02 --> Fetching Genre details
INFO - 2020-10-20 05:51:31 --> Controller "App\Controllers\ExamDetails" loaded.
INFO - 2020-10-20 05:51:31 --> Fetching Circular Details details
INFO - 2020-10-20 05:51:35 --> Controller "App\Controllers\ExamDetails" loaded.
INFO - 2020-10-20 05:51:35 --> Fetching Circular Details details
INFO - 2020-10-20 05:51:35 --> Controller "App\Controllers\ExamDetails" loaded.
INFO - 2020-10-20 05:51:35 --> Fetching Exam Details details
INFO - 2020-10-20 05:51:35 --> Controller "App\Controllers\ExamsTimetable" loaded.
INFO - 2020-10-20 05:51:35 --> Fetching Exam Details details
INFO - 2020-10-20 05:54:02 --> Controller "App\Controllers\Libraries" loaded.
INFO - 2020-10-20 05:54:02 --> Fetching Genre details
INFO - 2020-10-20 05:54:44 --> Controller "App\Controllers\Libraries" loaded.
INFO - 2020-10-20 05:54:44 --> Fetching Genre details
INFO - 2020-10-20 05:55:23 --> Controller "App\Controllers\Libraries" loaded.
INFO - 2020-10-20 05:55:23 --> Fetching Genre details
INFO - 2020-10-20 05:55:47 --> Controller "App\Controllers\Libraries" loaded.
INFO - 2020-10-20 05:55:47 --> Fetching Genre details
INFO - 2020-10-20 05:56:16 --> Controller "App\Controllers\Libraries" loaded.
INFO - 2020-10-20 05:56:16 --> Fetching Genre details
INFO - 2020-10-20 06:00:28 --> Controller "App\Controllers\Students" loaded.
INFO - 2020-10-20 06:00:28 --> Fetching Leave details with Id
INFO - 2020-10-20 06:01:42 --> Controller "App\Controllers\Organizations" loaded.
INFO - 2020-10-20 06:01:42 --> Fetching Organizations details
INFO - 2020-10-20 06:02:00 --> Controller "App\Controllers\Libraries" loaded.
INFO - 2020-10-20 06:02:00 --> Fetching Leave details with Id
INFO - 2020-10-20 06:02:09 --> Controller "App\Controllers\Organizations" loaded.
INFO - 2020-10-20 06:02:09 --> Controller "App\Controllers\Academicyears" loaded.
INFO - 2020-10-20 06:02:09 --> Fetching Academic year details
INFO - 2020-10-20 06:02:09 --> Fetching Organizations details
INFO - 2020-10-20 06:05:14 --> Controller "App\Controllers\Libraries" loaded.
INFO - 2020-10-20 06:05:14 --> Fetching Leave details with Id
INFO - 2020-10-20 06:05:18 --> Controller "App\Controllers\Roles" loaded.
INFO - 2020-10-20 06:05:18 --> Controller "App\Controllers\Roles" loaded.
INFO - 2020-10-20 06:05:18 --> Controller "App\Controllers\Roles" loaded.
INFO - 2020-10-20 06:05:18 --> Fetching Permission details
INFO - 2020-10-20 06:05:18 --> Fetching Roles details
INFO - 2020-10-20 06:05:18 --> Fetching Assignments Details details
INFO - 2020-10-20 06:05:23 --> Controller "App\Controllers\Roles" loaded.
INFO - 2020-10-20 06:05:23 --> Fetching Permission details
INFO - 2020-10-20 06:06:13 --> Controller "App\Controllers\RoomMasters" loaded.
INFO - 2020-10-20 06:06:14 --> Controller "App\Controllers\ClassDetails" loaded.
INFO - 2020-10-20 06:06:14 --> Controller "App\Controllers\ClassDetails" loaded.
INFO - 2020-10-20 06:06:14 --> Controller "App\Controllers\Boards" loaded.
INFO - 2020-10-20 06:06:14 --> Fetching Sections details
INFO - 2020-10-20 06:06:14 --> Fetching Boards details
INFO - 2020-10-20 06:06:14 --> Controller "App\Controllers\SubjectMasters" loaded.
INFO - 2020-10-20 06:06:14 --> Fetching SubjectMasters details
INFO - 2020-10-20 06:06:14 --> Controller "App\Controllers\ClassMasters" loaded.
INFO - 2020-10-20 06:06:14 --> Controller "App\Controllers\Staffs" loaded.
INFO - 2020-10-20 06:06:14 --> Fetching All staff details
INFO - 2020-10-20 06:06:14 --> Fetching Sections details
INFO - 2020-10-20 06:06:14 --> Controller "App\Controllers\SubjectStandardRooms" loaded.
INFO - 2020-10-20 06:06:14 --> Controller "App\Controllers\AcademicSettings" loaded.
INFO - 2020-10-20 06:06:14 --> Fetching Subjects details
INFO - 2020-10-20 06:06:14 --> Controller "App\Controllers\ClassMasters" loaded.
INFO - 2020-10-20 06:06:14 --> Controller "App\Controllers\Academicyears" loaded.
INFO - 2020-10-20 06:06:14 --> Fetching Academic year details
INFO - 2020-10-20 06:06:14 --> Fetching Academic year details
INFO - 2020-10-20 06:06:14 --> Controller "App\Controllers\ClassMasters" loaded.
INFO - 2020-10-20 06:06:14 --> Controller "App\Controllers\ClassMasters" loaded.
INFO - 2020-10-20 06:06:14 --> Controller "App\Controllers\ClassDetails" loaded.
INFO - 2020-10-20 06:06:14 --> Controller "App\Controllers\RoomMasters" loaded.
INFO - 2020-10-20 06:06:14 --> Controller "App\Controllers\ClassDetails" loaded.
INFO - 2020-10-20 06:06:14 --> Fetching class details
INFO - 2020-10-20 06:06:14 --> Controller "App\Controllers\SubjectMasters" loaded.
INFO - 2020-10-20 06:06:14 --> Fetching Sections details
INFO - 2020-10-20 06:06:14 --> Fetching SubjectMasters details
INFO - 2020-10-20 06:06:14 --> Controller "App\Controllers\SubjectStandards" loaded.
INFO - 2020-10-20 06:06:14 --> Fetching Sections details
INFO - 2020-10-20 06:06:14 --> Fetching Subjects details
INFO - 2020-10-20 06:06:14 --> Controller "App\Controllers\ClassMasters" loaded.
INFO - 2020-10-20 06:06:21 --> Controller "App\Controllers\ExamsOnline" loaded.
INFO - 2020-10-20 06:06:21 --> Fetching Online Exam Details details
INFO - 2020-10-20 06:06:21 --> Controller "App\Controllers\ExamDetails" loaded.
INFO - 2020-10-20 06:06:21 --> Fetching Circular Details details
INFO - 2020-10-20 06:06:22 --> Controller "App\Controllers\ExamDetails" loaded.
INFO - 2020-10-20 06:06:22 --> Fetching Circular Details details
INFO - 2020-10-20 06:06:23 --> Controller "App\Controllers\ExamDetails" loaded.
INFO - 2020-10-20 06:06:23 --> Fetching Exam Details details
INFO - 2020-10-20 06:06:23 --> Controller "App\Controllers\ExamsTimetable" loaded.
INFO - 2020-10-20 06:06:23 --> Fetching Exam Details details
INFO - 2020-10-20 06:06:29 --> Controller "App\Controllers\ExamDetails" loaded.
INFO - 2020-10-20 06:06:29 --> Fetching Circular Details details
INFO - 2020-10-20 06:08:52 --> Controller "App\Controllers\Roles" loaded.
INFO - 2020-10-20 06:08:52 --> Controller "App\Controllers\Roles" loaded.
INFO - 2020-10-20 06:08:52 --> Fetching Roles details
INFO - 2020-10-20 06:08:52 --> Controller "App\Controllers\Roles" loaded.
INFO - 2020-10-20 06:08:52 --> Fetching Permission details
INFO - 2020-10-20 06:08:52 --> Fetching Assignments Details details
INFO - 2020-10-20 06:08:55 --> Controller "App\Controllers\Students" loaded.
INFO - 2020-10-20 06:08:55 --> Fetching Leave details with Id
INFO - 2020-10-20 06:09:51 --> Controller "App\Controllers\Roles" loaded.
INFO - 2020-10-20 06:09:51 --> Fetching Assignments Details details
INFO - 2020-10-20 06:09:51 --> Controller "App\Controllers\Roles" loaded.
INFO - 2020-10-20 06:09:51 --> Controller "App\Controllers\Roles" loaded.
INFO - 2020-10-20 06:09:51 --> Fetching Permission details
INFO - 2020-10-20 06:09:51 --> Fetching Roles details
INFO - 2020-10-20 06:13:45 --> Controller "App\Controllers\ExamsOnline" loaded.
INFO - 2020-10-20 06:13:45 --> Fetching Online Exam Details details
INFO - 2020-10-20 06:13:46 --> Controller "App\Controllers\ExamDetails" loaded.
INFO - 2020-10-20 06:13:46 --> Fetching Circular Details details
INFO - 2020-10-20 06:13:47 --> Controller "App\Controllers\ExamDetails" loaded.
INFO - 2020-10-20 06:13:47 --> Fetching Exam Details details
INFO - 2020-10-20 06:13:47 --> Controller "App\Controllers\ExamDetails" loaded.
INFO - 2020-10-20 06:13:47 --> Fetching Circular Details details
INFO - 2020-10-20 06:13:47 --> Controller "App\Controllers\ExamsTimetable" loaded.
INFO - 2020-10-20 06:13:47 --> Fetching Exam Details details
INFO - 2020-10-20 06:31:32 --> Controller "App\Controllers\ExamsOnline" loaded.
INFO - 2020-10-20 06:31:32 --> Fetching Online Exam Details details
INFO - 2020-10-20 06:31:32 --> Controller "App\Controllers\ExamDetails" loaded.
INFO - 2020-10-20 06:31:32 --> Fetching Circular Details details
INFO - 2020-10-20 06:31:33 --> Controller "App\Controllers\ExamDetails" loaded.
INFO - 2020-10-20 06:31:33 --> Fetching Circular Details details
INFO - 2020-10-20 06:31:33 --> Controller "App\Controllers\ExamDetails" loaded.
INFO - 2020-10-20 06:31:33 --> Fetching Exam Details details
INFO - 2020-10-20 06:31:33 --> Controller "App\Controllers\ExamsTimetable" loaded.
INFO - 2020-10-20 06:31:33 --> Fetching Exam Details details
INFO - 2020-10-20 06:34:20 --> Controller "App\Controllers\ExamsOnline" loaded.
INFO - 2020-10-20 06:34:20 --> Fetching Online Exam Details details
INFO - 2020-10-20 06:34:20 --> Controller "App\Controllers\ExamDetails" loaded.
INFO - 2020-10-20 06:34:20 --> Fetching Circular Details details
INFO - 2020-10-20 06:34:21 --> Controller "App\Controllers\ExamDetails" loaded.
INFO - 2020-10-20 06:34:21 --> Fetching Circular Details details
INFO - 2020-10-20 06:34:21 --> Controller "App\Controllers\ExamDetails" loaded.
INFO - 2020-10-20 06:34:21 --> Fetching Exam Details details
INFO - 2020-10-20 06:34:21 --> Controller "App\Controllers\ExamsTimetable" loaded.
INFO - 2020-10-20 06:34:21 --> Fetching Exam Details details
INFO - 2020-10-20 06:40:05 --> Controller "App\Controllers\Students" loaded.
INFO - 2020-10-20 06:40:05 --> Fetching Leave details with Id
INFO - 2020-10-20 07:09:35 --> Controller "App\Controllers\Libraries" loaded.
INFO - 2020-10-20 07:09:35 --> Fetching Leave details with Id
INFO - 2020-10-20 07:11:44 --> Controller "App\Controllers\Libraries" loaded.
INFO - 2020-10-20 07:11:44 --> Activation Genre
INFO - 2020-10-20 07:11:53 --> Controller "App\Controllers\Libraries" loaded.
INFO - 2020-10-20 07:11:53 --> Activation Genre
INFO - 2020-10-20 07:14:19 --> Controller "App\Controllers\Libraries" loaded.
INFO - 2020-10-20 07:14:19 --> Activation Genre
INFO - 2020-10-20 07:14:25 --> Controller "App\Controllers\Libraries" loaded.
INFO - 2020-10-20 07:14:25 --> Activation Genre
INFO - 2020-10-20 07:14:42 --> Controller "App\Controllers\Libraries" loaded.
INFO - 2020-10-20 07:14:42 --> Activation Genre
INFO - 2020-10-20 07:14:44 --> Controller "App\Controllers\Libraries" loaded.
INFO - 2020-10-20 07:14:44 --> Activation Genre
INFO - 2020-10-20 07:25:37 --> Controller "App\Controllers\ExamsTimetable" loaded.
INFO - 2020-10-20 07:25:38 --> Controller "App\Controllers\ExamsTimetable" loaded.
INFO - 2020-10-20 07:25:38 --> Fetching Exam Details details
INFO - 2020-10-20 07:26:27 --> Controller "App\Controllers\ExamsTimetable" loaded.
INFO - 2020-10-20 07:26:28 --> Controller "App\Controllers\ExamsTimetable" loaded.
INFO - 2020-10-20 07:26:28 --> Fetching Exam Details details
INFO - 2020-10-20 07:40:40 --> Controller "App\Controllers\ExamsTimetable" loaded.
INFO - 2020-10-20 07:40:40 --> Fetching Exam Hallticket Details details
INFO - 2020-10-20 07:44:28 --> Controller "App\Controllers\ExamsTimetable" loaded.
INFO - 2020-10-20 07:44:28 --> Fetching Exam Hallticket Details details
INFO - 2020-10-20 07:44:41 --> Controller "App\Controllers\ExamDetails" loaded.
INFO - 2020-10-20 07:44:41 --> Fetching Circular Details details
INFO - 2020-10-20 07:44:44 --> Controller "App\Controllers\ExamDetails" loaded.
INFO - 2020-10-20 07:44:44 --> Fetching Circular Details details
INFO - 2020-10-20 07:44:44 --> Controller "App\Controllers\ExamDetails" loaded.
INFO - 2020-10-20 07:44:44 --> Fetching Exam Details details
INFO - 2020-10-20 07:44:44 --> Controller "App\Controllers\ExamsTimetable" loaded.
INFO - 2020-10-20 07:44:44 --> Fetching Exam Details details
INFO - 2020-10-20 07:47:06 --> Controller "App\Controllers\ExamsTimetable" loaded.
INFO - 2020-10-20 07:47:06 --> Fetching Exam Details details
INFO - 2020-10-20 07:47:14 --> Controller "App\Controllers\ExamsTimetable" loaded.
INFO - 2020-10-20 07:47:14 --> Fetching Exam Details details
INFO - 2020-10-20 07:47:16 --> Controller "App\Controllers\ExamsTimetable" loaded.
INFO - 2020-10-20 07:47:16 --> Fetching Exam Details details
INFO - 2020-10-20 07:48:23 --> Controller "App\Controllers\ExamDetails" loaded.
INFO - 2020-10-20 07:48:23 --> Fetching Circular Details details
INFO - 2020-10-20 07:52:07 --> Controller "App\Controllers\ExamDetails" loaded.
INFO - 2020-10-20 07:52:07 --> Controller "App\Controllers\ExamDetails" loaded.
INFO - 2020-10-20 07:52:07 --> Fetching Circular Details details
INFO - 2020-10-20 07:52:07 --> Fetching Exam Details details
INFO - 2020-10-20 07:52:07 --> Controller "App\Controllers\ExamsTimetable" loaded.
INFO - 2020-10-20 07:52:07 --> Fetching Exam Details details
INFO - 2020-10-20 07:53:26 --> Controller "App\Controllers\ExamDetails" loaded.
INFO - 2020-10-20 07:53:26 --> Fetching Circular Details details
INFO - 2020-10-20 07:53:32 --> Controller "App\Controllers\ExamsTimetable" loaded.
INFO - 2020-10-20 07:53:32 --> Fetching Exam Details details
INFO - 2020-10-20 07:53:32 --> Controller "App\Controllers\ExamDetails" loaded.
INFO - 2020-10-20 07:53:32 --> Fetching Circular Details details
INFO - 2020-10-20 07:53:32 --> Controller "App\Controllers\ExamsTimetable" loaded.
INFO - 2020-10-20 07:53:32 --> Fetching Exam Hallticket Details details
INFO - 2020-10-20 07:59:26 --> Controller "App\Controllers\ExamDetails" loaded.
INFO - 2020-10-20 07:59:26 --> Fetching Circular Details details
INFO - 2020-10-20 22:20:54 --> Controller "App\Controllers\Users" loaded.
INFO - 2020-10-20 22:20:54 --> Fetching Users details
INFO - 2020-10-20 22:21:00 --> Controller "App\Controllers\Users" loaded.
INFO - 2020-10-20 22:21:00 --> Fetching Users details
INFO - 2020-10-20 22:21:05 --> Controller "App\Controllers\Boards" loaded.
INFO - 2020-10-20 22:21:05 --> Fetching Boards details
INFO - 2020-10-20 22:21:05 --> Controller "App\Controllers\StaffDetails" loaded.
INFO - 2020-10-20 22:21:05 --> Controller "App\Controllers\StaffDetails" loaded.
INFO - 2020-10-20 22:21:05 --> Controller "App\Controllers\Sections" loaded.
INFO - 2020-10-20 22:21:05 --> Controller "App\Controllers\Staffs" loaded.
INFO - 2020-10-20 22:21:05 --> Controller "App\Controllers\StaffDetails" loaded.
INFO - 2020-10-20 22:21:05 --> Fetching All Leave details
INFO - 2020-10-20 22:21:05 --> Fetching All Leave details
INFO - 2020-10-20 22:21:05 --> Fetching Department details
INFO - 2020-10-20 22:21:05 --> Fetching All staff details
INFO - 2020-10-20 22:21:05 --> Fetching Sections details
INFO - 2020-10-20 22:21:05 --> Controller "App\Controllers\StaffDetails" loaded.
INFO - 2020-10-20 22:21:05 --> Fetching Department details
INFO - 2020-10-20 22:21:07 --> Controller "App\Controllers\Users" loaded.
INFO - 2020-10-20 22:21:07 --> Fetching All User details
INFO - 2020-10-20 22:21:10 --> Controller "App\Controllers\Staffs" loaded.
INFO - 2020-10-20 22:21:10 --> Fetching All staff details
INFO - 2020-10-20 22:21:16 --> Controller "App\Controllers\Staffs" loaded.
INFO - 2020-10-20 22:21:16 --> Fetching staff details with Id
INFO - 2020-10-20 22:21:18 --> Controller "App\Controllers\Staffs" loaded.
INFO - 2020-10-20 22:21:18 --> Fetching All staff details
INFO - 2020-10-20 22:21:24 --> Controller "App\Controllers\Staffs" loaded.
INFO - 2020-10-20 22:21:25 --> Fetching staff details with Id
INFO - 2020-10-20 22:21:25 --> Controller "App\Controllers\Staffs" loaded.
INFO - 2020-10-20 22:21:25 --> Fetching All staff details
INFO - 2020-10-20 22:21:46 --> Controller "App\Controllers\Boards" loaded.
INFO - 2020-10-20 22:21:46 --> Fetching Boards details
INFO - 2020-10-20 22:21:46 --> Controller "App\Controllers\Management" loaded.
INFO - 2020-10-20 22:21:46 --> Fetching All Management details
INFO - 2020-10-20 22:21:47 --> Controller "App\Controllers\Management" loaded.
INFO - 2020-10-20 22:21:47 --> Controller "App\Controllers\Users" loaded.
INFO - 2020-10-20 22:21:47 --> Fetching Management details
INFO - 2020-10-20 22:21:47 --> Fetching All User details
INFO - 2020-10-20 22:21:51 --> Controller "App\Controllers\Management" loaded.
INFO - 2020-10-20 22:21:51 --> Fetching Management details with Id
INFO - 2020-10-20 22:32:42 --> Controller "App\Controllers\Management" loaded.
INFO - 2020-10-20 22:32:42 --> Fetching All Management details
INFO - 2020-10-20 22:32:42 --> Controller "App\Controllers\Boards" loaded.
INFO - 2020-10-20 22:32:42 --> Fetching Boards details
INFO - 2020-10-20 23:03:26 --> Controller "App\Controllers\Users" loaded.
INFO - 2020-10-20 23:03:26 --> Fetching All User details
INFO - 2020-10-20 23:03:26 --> Controller "App\Controllers\Management" loaded.
INFO - 2020-10-20 23:03:26 --> Fetching Management details
INFO - 2020-10-20 23:03:30 --> Controller "App\Controllers\Management" loaded.
INFO - 2020-10-20 23:03:30 --> Fetching Management details with Id
INFO - 2020-10-20 23:09:55 --> Controller "App\Controllers\Sections" loaded.
INFO - 2020-10-20 23:09:55 --> Controller "App\Controllers\ExamsOnline" loaded.
INFO - 2020-10-20 23:09:55 --> Fetching Sections details
INFO - 2020-10-20 23:09:55 --> Fetching Online Exam Details details
INFO - 2020-10-20 23:10:35 --> Controller "App\Controllers\Boards" loaded.
INFO - 2020-10-20 23:10:35 --> Controller "App\Controllers\Staffs" loaded.
INFO - 2020-10-20 23:10:35 --> Controller "App\Controllers\StaffDetails" loaded.
INFO - 2020-10-20 23:10:35 --> Fetching All Leave details
INFO - 2020-10-20 23:10:35 --> Controller "App\Controllers\StaffDetails" loaded.
INFO - 2020-10-20 23:10:35 --> Controller "App\Controllers\StaffDetails" loaded.
INFO - 2020-10-20 23:10:35 --> Controller "App\Controllers\Sections" loaded.
INFO - 2020-10-20 23:10:35 --> Fetching All staff details
INFO - 2020-10-20 23:10:35 --> Fetching Department details
INFO - 2020-10-20 23:10:35 --> Fetching All Leave details
INFO - 2020-10-20 23:10:35 --> Fetching Boards details
INFO - 2020-10-20 23:10:35 --> Fetching Sections details
INFO - 2020-10-20 23:10:35 --> Controller "App\Controllers\StaffDetails" loaded.
INFO - 2020-10-20 23:10:35 --> Fetching Department details
INFO - 2020-10-20 23:10:37 --> Controller "App\Controllers\Users" loaded.
INFO - 2020-10-20 23:10:37 --> Fetching All User details
INFO - 2020-10-20 23:12:05 --> Controller "App\Controllers\Staffs" loaded.
INFO - 2020-10-20 23:12:05 --> Fetching staff details with Id
INFO - 2020-10-20 23:12:06 --> Controller "App\Controllers\Staffs" loaded.
INFO - 2020-10-20 23:12:06 --> Fetching All staff details
INFO - 2020-10-20 23:12:09 --> Controller "App\Controllers\ExamsOnline" loaded.
INFO - 2020-10-20 23:12:09 --> Fetching Online Exam Details details
INFO - 2020-10-20 23:12:22 --> Controller "App\Controllers\Staffs" loaded.
INFO - 2020-10-20 23:12:22 --> Fetching staff details with Id
INFO - 2020-10-20 23:12:23 --> Controller "App\Controllers\Staffs" loaded.
INFO - 2020-10-20 23:12:23 --> Fetching All staff details
INFO - 2020-10-20 23:12:34 --> Controller "App\Controllers\ExamDetails" loaded.
INFO - 2020-10-20 23:12:34 --> Fetching Circular Details details
INFO - 2020-10-20 23:12:53 --> Controller "App\Controllers\Users" loaded.
INFO - 2020-10-20 23:12:53 --> Fetching All User details
INFO - 2020-10-20 23:13:03 --> Controller "App\Controllers\ExamDetails" loaded.
INFO - 2020-10-20 23:13:03 --> Fetching Circular Details details
INFO - 2020-10-20 23:13:03 --> Controller "App\Controllers\ExamsTimetable" loaded.
INFO - 2020-10-20 23:13:04 --> Controller "App\Controllers\ExamDetails" loaded.
INFO - 2020-10-20 23:13:04 --> Fetching Exam Details details
INFO - 2020-10-20 23:13:04 --> Fetching Exam Details details
INFO - 2020-10-20 23:13:08 --> Controller "App\Controllers\Users" loaded.
INFO - 2020-10-20 23:13:08 --> Fetching All User details
INFO - 2020-10-20 23:13:11 --> Controller "App\Controllers\Staffs" loaded.
INFO - 2020-10-20 23:13:11 --> Fetching All staff details
INFO - 2020-10-20 23:13:21 --> Controller "App\Controllers\Staffs" loaded.
INFO - 2020-10-20 23:13:21 --> Fetching All staff details
INFO - 2020-10-20 23:13:22 --> Controller "App\Controllers\Staffs" loaded.
INFO - 2020-10-20 23:13:22 --> Fetching All staff details
INFO - 2020-10-20 23:13:23 --> Controller "App\Controllers\Staffs" loaded.
INFO - 2020-10-20 23:13:23 --> Fetching All staff details
INFO - 2020-10-20 23:13:25 --> Controller "App\Controllers\Staffs" loaded.
INFO - 2020-10-20 23:13:25 --> Fetching All staff details
INFO - 2020-10-20 23:13:31 --> Controller "App\Controllers\Staffs" loaded.
INFO - 2020-10-20 23:13:32 --> Fetching All staff details
INFO - 2020-10-20 23:18:26 --> Controller "App\Controllers\Staffs" loaded.
INFO - 2020-10-20 23:18:26 --> Fetching All staff details
INFO - 2020-10-20 23:18:27 --> Controller "App\Controllers\Staffs" loaded.
INFO - 2020-10-20 23:18:27 --> Fetching All staff details
INFO - 2020-10-20 23:53:51 --> Controller "App\Controllers\Users" loaded.
INFO - 2020-10-20 23:53:51 --> Fetching All User details
INFO - 2020-10-20 23:53:54 --> Controller "App\Controllers\Staffs" loaded.
INFO - 2020-10-20 23:53:54 --> Fetching All staff details
