INFO - 2021-02-22 14:27:49 --> Controller "App\Controllers\Users" loaded.
INFO - 2021-02-22 14:27:49 --> Fetching All User details
INFO - 2021-02-22 14:27:53 --> Controller "App\Controllers\PricingHistory" loaded.
INFO - 2021-02-22 14:27:53 --> Fetching IIQA Details
INFO - 2021-02-22 14:27:57 --> Controller "App\Controllers\UserMenu" loaded.
INFO - 2021-02-22 14:27:57 --> Fetching IIQA Details
INFO - 2021-02-22 14:27:57 --> Controller "App\Controllers\UserMenu" loaded.
INFO - 2021-02-22 14:27:57 --> Fetching IIQA Details
INFO - 2021-02-22 14:28:35 --> Controller "App\Controllers\UserMenu" loaded.
INFO - 2021-02-22 14:28:35 --> Controller "App\Controllers\UserMenu" loaded.
INFO - 2021-02-22 14:28:35 --> Fetching IIQA Details
INFO - 2021-02-22 14:28:35 --> Fetching IIQA Details
INFO - 2021-02-22 14:28:50 --> Controller "App\Controllers\UserMenu" loaded.
INFO - 2021-02-22 14:28:50 --> Fetching IIQA Details
INFO - 2021-02-22 14:28:50 --> Controller "App\Controllers\UserMenu" loaded.
INFO - 2021-02-22 14:28:50 --> Fetching IIQA Details
INFO - 2021-02-22 14:47:54 --> Controller "App\Controllers\UserMenu" loaded.
INFO - 2021-02-22 14:47:54 --> Fetching IIQA Details
INFO - 2021-02-22 14:47:54 --> Controller "App\Controllers\UserMenu" loaded.
INFO - 2021-02-22 14:47:54 --> Fetching IIQA Details
INFO - 2021-02-22 14:48:02 --> Controller "App\Controllers\UserMenu" loaded.
INFO - 2021-02-22 14:48:04 --> Controller "App\Controllers\UserMenu" loaded.
INFO - 2021-02-22 14:48:04 --> Fetching IIQA Details
INFO - 2021-02-22 14:48:05 --> Controller "App\Controllers\UserMenu" loaded.
INFO - 2021-02-22 14:48:05 --> Fetching IIQA Details
INFO - 2021-02-22 14:48:15 --> Controller "App\Controllers\Users" loaded.
INFO - 2021-02-22 14:48:15 --> Fetching All User details
