INFO - 2020-07-12 00:32:29 --> Controller "App\Controllers\Sections" loaded.
INFO - 2020-07-12 00:32:29 --> Controller "App\Controllers\StaffDetails" loaded.
INFO - 2020-07-12 00:32:29 --> Fetching Sections details
INFO - 2020-07-12 00:32:29 --> Controller "App\Controllers\Staffs" loaded.
INFO - 2020-07-12 00:32:29 --> Fetching All Leave details
INFO - 2020-07-12 00:32:29 --> Fetching All staff details
INFO - 2020-07-12 00:32:57 --> Controller "App\Controllers\Staffs" loaded.
INFO - 2020-07-12 00:32:57 --> Fetching staff details with Id
INFO - 2020-07-12 00:32:57 --> Controller "App\Controllers\Staffs" loaded.
INFO - 2020-07-12 00:32:57 --> Fetching All staff details
INFO - 2020-07-12 00:33:09 --> Controller "App\Controllers\Staffs" loaded.
INFO - 2020-07-12 00:33:09 --> Fetching staff details with Id
INFO - 2020-07-12 00:33:10 --> Controller "App\Controllers\Staffs" loaded.
INFO - 2020-07-12 00:33:10 --> Fetching All staff details
INFO - 2020-07-12 00:35:32 --> Controller "App\Controllers\Staffs" loaded.
INFO - 2020-07-12 00:35:32 --> Fetching staff details with Id
INFO - 2020-07-12 00:35:33 --> Controller "App\Controllers\Staffs" loaded.
INFO - 2020-07-12 00:35:33 --> Fetching All staff details
INFO - 2020-07-12 01:18:37 --> Controller "App\Controllers\Sections" loaded.
INFO - 2020-07-12 01:18:37 --> Fetching Sections details
INFO - 2020-07-12 01:18:37 --> Controller "App\Controllers\Staffs" loaded.
INFO - 2020-07-12 01:18:37 --> Fetching All staff details
INFO - 2020-07-12 01:18:37 --> Controller "App\Controllers\StaffDetails" loaded.
INFO - 2020-07-12 01:18:37 --> Fetching All Leave details
INFO - 2020-07-12 01:19:40 --> Controller "App\Controllers\Sections" loaded.
INFO - 2020-07-12 01:19:40 --> Controller "App\Controllers\Students" loaded.
INFO - 2020-07-12 01:19:40 --> Fetching Sections details
INFO - 2020-07-12 01:19:40 --> Controller "App\Controllers\Academicyears" loaded.
INFO - 2020-07-12 01:19:40 --> Fetching Academic year details
INFO - 2020-07-12 01:19:40 --> Controller "App\Controllers\Boards" loaded.
INFO - 2020-07-12 01:19:40 --> Fetching All Leave details
INFO - 2020-07-12 01:19:40 --> Fetching Boards details
INFO - 2020-07-12 01:19:40 --> Controller "App\Controllers\StudentDetails" loaded.
INFO - 2020-07-12 01:19:40 --> Controller "App\Controllers\Sections" loaded.
INFO - 2020-07-12 01:19:40 --> Fetching All Leave details
INFO - 2020-07-12 01:19:40 --> Fetching Sections details
INFO - 2020-07-12 01:19:40 --> Controller "App\Controllers\Categories" loaded.
INFO - 2020-07-12 01:19:40 --> Fetching Category details
INFO - 2020-07-12 01:19:40 --> Controller "App\Controllers\Sections" loaded.
INFO - 2020-07-12 01:19:40 --> Fetching Sections details
INFO - 2020-07-12 01:19:44 --> Controller "App\Controllers\Students" loaded.
INFO - 2020-07-12 01:19:44 --> Fetching All Leave details
INFO - 2020-07-12 01:19:46 --> Controller "App\Controllers\Students" loaded.
INFO - 2020-07-12 01:19:46 --> Fetching Leave details with Id
INFO - 2020-07-12 01:19:57 --> Controller "App\Controllers\Sections" loaded.
INFO - 2020-07-12 01:19:57 --> Fetching Sections details
INFO - 2020-07-12 01:19:57 --> Controller "App\Controllers\Staffs" loaded.
INFO - 2020-07-12 01:19:57 --> Controller "App\Controllers\StaffDetails" loaded.
INFO - 2020-07-12 01:19:57 --> Fetching All staff details
INFO - 2020-07-12 01:19:57 --> Fetching All Leave details
INFO - 2020-07-12 01:20:19 --> Controller "App\Controllers\StaffDetails" loaded.
INFO - 2020-07-12 01:20:19 --> Fetching Role details
INFO - 2020-07-12 01:20:19 --> Controller "App\Controllers\StaffDetails" loaded.
INFO - 2020-07-12 01:20:19 --> Fetching Department details
INFO - 2020-07-12 01:21:05 --> Controller "App\Controllers\StaffDetails" loaded.
INFO - 2020-07-12 01:21:05 --> Fetching Role details
INFO - 2020-07-12 01:21:05 --> Controller "App\Controllers\StaffDetails" loaded.
INFO - 2020-07-12 01:21:05 --> Fetching Department details
INFO - 2020-07-12 01:21:10 --> Controller "App\Controllers\StaffDetails" loaded.
INFO - 2020-07-12 01:21:10 --> Fetching Role details
INFO - 2020-07-12 01:21:10 --> Controller "App\Controllers\StaffDetails" loaded.
INFO - 2020-07-12 01:21:10 --> Fetching Department details
INFO - 2020-07-12 01:22:21 --> Controller "App\Controllers\Staffs" loaded.
INFO - 2020-07-12 01:22:21 --> Fetching All staff details
INFO - 2020-07-12 01:22:21 --> Controller "App\Controllers\StaffDetails" loaded.
INFO - 2020-07-12 01:22:21 --> Controller "App\Controllers\Sections" loaded.
INFO - 2020-07-12 01:22:21 --> Fetching All Leave details
INFO - 2020-07-12 01:22:21 --> Fetching Sections details
INFO - 2020-07-12 01:24:03 --> Controller "App\Controllers\StaffDetails" loaded.
INFO - 2020-07-12 01:24:03 --> Controller "App\Controllers\StaffDetails" loaded.
INFO - 2020-07-12 01:24:03 --> Fetching Role details
INFO - 2020-07-12 01:24:03 --> Fetching Department details
INFO - 2020-07-12 01:27:30 --> Controller "App\Controllers\Staffs" loaded.
INFO - 2020-07-12 01:27:30 --> Fetching staff details with Id
INFO - 2020-07-12 01:27:30 --> Controller "App\Controllers\Staffs" loaded.
INFO - 2020-07-12 01:27:30 --> Fetching All staff details
INFO - 2020-07-12 01:27:59 --> Controller "App\Controllers\Sections" loaded.
INFO - 2020-07-12 01:27:59 --> Controller "App\Controllers\Staffs" loaded.
INFO - 2020-07-12 01:27:59 --> Fetching Sections details
INFO - 2020-07-12 01:27:59 --> Fetching All staff details
INFO - 2020-07-12 01:27:59 --> Controller "App\Controllers\StaffDetails" loaded.
INFO - 2020-07-12 01:27:59 --> Fetching All Leave details
INFO - 2020-07-12 01:29:06 --> Controller "App\Controllers\Sections" loaded.
INFO - 2020-07-12 01:29:06 --> Fetching Sections details
INFO - 2020-07-12 01:29:06 --> Controller "App\Controllers\Students" loaded.
INFO - 2020-07-12 01:29:06 --> Fetching All Leave details
INFO - 2020-07-12 01:29:06 --> Controller "App\Controllers\Academicyears" loaded.
INFO - 2020-07-12 01:29:06 --> Controller "App\Controllers\Boards" loaded.
INFO - 2020-07-12 01:29:06 --> Fetching Academic year details
INFO - 2020-07-12 01:29:06 --> Fetching Boards details
INFO - 2020-07-12 01:29:06 --> Controller "App\Controllers\Sections" loaded.
INFO - 2020-07-12 01:29:06 --> Controller "App\Controllers\StudentDetails" loaded.
INFO - 2020-07-12 01:29:06 --> Fetching Sections details
INFO - 2020-07-12 01:29:06 --> Fetching All Leave details
INFO - 2020-07-12 01:29:06 --> Controller "App\Controllers\Categories" loaded.
INFO - 2020-07-12 01:29:06 --> Fetching Category details
INFO - 2020-07-12 01:29:06 --> Controller "App\Controllers\Sections" loaded.
INFO - 2020-07-12 01:29:06 --> Fetching Sections details
INFO - 2020-07-12 01:29:18 --> Controller "App\Controllers\Sections" loaded.
INFO - 2020-07-12 01:29:18 --> Fetching Sections details
INFO - 2020-07-12 01:29:18 --> Controller "App\Controllers\Staffs" loaded.
INFO - 2020-07-12 01:29:18 --> Fetching All staff details
INFO - 2020-07-12 01:29:18 --> Controller "App\Controllers\StaffDetails" loaded.
INFO - 2020-07-12 01:29:18 --> Fetching All Leave details
INFO - 2020-07-12 01:29:29 --> Controller "App\Controllers\Sections" loaded.
INFO - 2020-07-12 01:29:29 --> Fetching Sections details
INFO - 2020-07-12 01:29:29 --> Controller "App\Controllers\Students" loaded.
INFO - 2020-07-12 01:29:29 --> Fetching All Leave details
INFO - 2020-07-12 01:29:29 --> Controller "App\Controllers\Academicyears" loaded.
INFO - 2020-07-12 01:29:29 --> Fetching Academic year details
INFO - 2020-07-12 01:29:29 --> Controller "App\Controllers\Boards" loaded.
INFO - 2020-07-12 01:29:29 --> Fetching Boards details
INFO - 2020-07-12 01:29:29 --> Controller "App\Controllers\StudentDetails" loaded.
INFO - 2020-07-12 01:29:29 --> Fetching All Leave details
INFO - 2020-07-12 01:29:29 --> Controller "App\Controllers\Sections" loaded.
INFO - 2020-07-12 01:29:29 --> Fetching Sections details
INFO - 2020-07-12 01:29:29 --> Controller "App\Controllers\Categories" loaded.
INFO - 2020-07-12 01:29:29 --> Fetching Category details
INFO - 2020-07-12 01:29:29 --> Controller "App\Controllers\Sections" loaded.
INFO - 2020-07-12 01:29:29 --> Fetching Sections details
INFO - 2020-07-12 01:29:31 --> Controller "App\Controllers\Boards" loaded.
INFO - 2020-07-12 01:29:31 --> Controller "App\Controllers\Management" loaded.
INFO - 2020-07-12 01:29:31 --> Fetching Boards details
INFO - 2020-07-12 01:29:31 --> Fetching All Management details
INFO - 2020-07-12 01:29:36 --> Controller "App\Controllers\Boards" loaded.
INFO - 2020-07-12 01:29:36 --> Controller "App\Controllers\Academicyears" loaded.
INFO - 2020-07-12 01:29:36 --> Fetching Boards details
INFO - 2020-07-12 01:29:36 --> Fetching Academic year details
INFO - 2020-07-12 01:29:36 --> Controller "App\Controllers\StudentDetails" loaded.
INFO - 2020-07-12 01:29:36 --> Fetching All Leave details
INFO - 2020-07-12 01:29:36 --> Controller "App\Controllers\Sections" loaded.
INFO - 2020-07-12 01:29:36 --> Fetching Sections details
INFO - 2020-07-12 01:29:36 --> Controller "App\Controllers\Students" loaded.
INFO - 2020-07-12 01:29:36 --> Fetching All Leave details
INFO - 2020-07-12 01:29:36 --> Controller "App\Controllers\Categories" loaded.
INFO - 2020-07-12 01:29:36 --> Fetching Category details
INFO - 2020-07-12 01:29:36 --> Controller "App\Controllers\Sections" loaded.
INFO - 2020-07-12 01:29:36 --> Fetching Sections details
INFO - 2020-07-12 01:29:36 --> Controller "App\Controllers\Sections" loaded.
INFO - 2020-07-12 01:29:36 --> Fetching Sections details
INFO - 2020-07-12 01:31:18 --> Controller "App\Controllers\Boards" loaded.
INFO - 2020-07-12 01:31:18 --> Fetching Boards details
INFO - 2020-07-12 01:31:18 --> Controller "App\Controllers\Sections" loaded.
INFO - 2020-07-12 01:31:18 --> Controller "App\Controllers\Assignments" loaded.
INFO - 2020-07-12 01:31:18 --> Fetching Assignments Details details
INFO - 2020-07-12 01:31:18 --> Controller "App\Controllers\SubjectStandards" loaded.
INFO - 2020-07-12 01:31:18 --> Fetching Sections details
INFO - 2020-07-12 01:31:18 --> Fetching Subjects details
INFO - 2020-07-12 01:31:18 --> Controller "App\Controllers\Assignments" loaded.
INFO - 2020-07-12 01:31:18 --> Fetching Assignments details
INFO - 2020-07-12 01:31:18 --> Controller "App\Controllers\Assignments" loaded.
INFO - 2020-07-12 01:31:18 --> Fetching Assignments Id details
INFO - 2020-07-12 01:31:18 --> Controller "App\Controllers\Assignments" loaded.
INFO - 2020-07-12 01:31:18 --> Controller "App\Controllers\Assignments" loaded.
INFO - 2020-07-12 01:31:18 --> Fetching Assignments Grade details
INFO - 2020-07-12 12:01:18 --> Fetching Assignments Mapped Id details
INFO - 2020-07-12 01:31:18 --> Controller "App\Controllers\Assignments" loaded.
INFO - 2020-07-12 01:31:18 --> Controller "App\Controllers\Sections" loaded.
INFO - 2020-07-12 01:31:18 --> Fetching Assignments Details details
INFO - 2020-07-12 01:31:18 --> Fetching Sections details
INFO - 2020-07-12 01:31:19 --> Controller "App\Controllers\Sections" loaded.
INFO - 2020-07-12 01:31:19 --> Controller "App\Controllers\Assignments" loaded.
INFO - 2020-07-12 01:31:19 --> Controller "App\Controllers\SubjectStandards" loaded.
INFO - 2020-07-12 01:31:19 --> Controller "App\Controllers\Boards" loaded.
INFO - 2020-07-12 01:31:19 --> Fetching Boards details
INFO - 2020-07-12 01:31:19 --> Fetching Assignments Details details
INFO - 2020-07-12 01:31:19 --> Fetching Sections details
INFO - 2020-07-12 01:31:19 --> Fetching Subjects details
INFO - 2020-07-12 01:31:19 --> Controller "App\Controllers\Assignments" loaded.
INFO - 2020-07-12 01:31:19 --> Fetching Assignments details
INFO - 2020-07-12 01:31:19 --> Controller "App\Controllers\Assignments" loaded.
INFO - 2020-07-12 01:31:19 --> Controller "App\Controllers\Assignments" loaded.
INFO - 2020-07-12 01:31:19 --> Fetching Assignments Grade details
INFO - 2020-07-12 12:01:19 --> Fetching Assignments Mapped Id details
INFO - 2020-07-12 01:31:19 --> Controller "App\Controllers\Sections" loaded.
INFO - 2020-07-12 01:31:19 --> Controller "App\Controllers\Assignments" loaded.
INFO - 2020-07-12 01:31:19 --> Fetching Assignments Details details
INFO - 2020-07-12 01:31:19 --> Fetching Sections details
INFO - 2020-07-12 01:31:20 --> Controller "App\Controllers\Assignments" loaded.
INFO - 2020-07-12 01:31:20 --> Fetching Assignments Id details
INFO - 2020-07-12 01:31:43 --> Controller "App\Controllers\Boards" loaded.
INFO - 2020-07-12 01:31:43 --> Fetching Boards details
INFO - 2020-07-12 01:31:43 --> Controller "App\Controllers\Management" loaded.
INFO - 2020-07-12 01:31:43 --> Fetching All Management details
INFO - 2020-07-12 01:31:57 --> Controller "App\Controllers\Sections" loaded.
INFO - 2020-07-12 01:31:57 --> Fetching Sections details
INFO - 2020-07-12 01:31:57 --> Controller "App\Controllers\Staffs" loaded.
INFO - 2020-07-12 01:31:57 --> Fetching All staff details
INFO - 2020-07-12 01:31:57 --> Controller "App\Controllers\StaffDetails" loaded.
INFO - 2020-07-12 01:31:57 --> Fetching All Leave details
INFO - 2020-07-12 01:32:09 --> Controller "App\Controllers\Students" loaded.
INFO - 2020-07-12 01:32:09 --> Controller "App\Controllers\Sections" loaded.
INFO - 2020-07-12 01:32:09 --> Controller "App\Controllers\Academicyears" loaded.
INFO - 2020-07-12 01:32:09 --> Controller "App\Controllers\Boards" loaded.
INFO - 2020-07-12 01:32:09 --> Fetching Boards details
INFO - 2020-07-12 01:32:09 --> Fetching Academic year details
INFO - 2020-07-12 01:32:09 --> Fetching Sections details
INFO - 2020-07-12 01:32:09 --> Fetching All Leave details
INFO - 2020-07-12 01:32:09 --> Controller "App\Controllers\StudentDetails" loaded.
INFO - 2020-07-12 01:32:09 --> Fetching All Leave details
INFO - 2020-07-12 01:32:09 --> Controller "App\Controllers\Sections" loaded.
INFO - 2020-07-12 01:32:09 --> Fetching Sections details
INFO - 2020-07-12 01:32:09 --> Controller "App\Controllers\Categories" loaded.
INFO - 2020-07-12 01:32:09 --> Fetching Category details
INFO - 2020-07-12 01:32:09 --> Controller "App\Controllers\Sections" loaded.
INFO - 2020-07-12 01:32:09 --> Fetching Sections details
INFO - 2020-07-12 01:32:12 --> Controller "App\Controllers\Boards" loaded.
INFO - 2020-07-12 01:32:12 --> Fetching Boards details
INFO - 2020-07-12 01:32:12 --> Controller "App\Controllers\Management" loaded.
INFO - 2020-07-12 01:32:12 --> Fetching All Management details
INFO - 2020-07-12 01:32:20 --> Controller "App\Controllers\Sections" loaded.
INFO - 2020-07-12 01:32:20 --> Fetching Sections details
INFO - 2020-07-12 01:32:20 --> Controller "App\Controllers\Students" loaded.
INFO - 2020-07-12 01:32:20 --> Fetching All Leave details
INFO - 2020-07-12 01:32:20 --> Controller "App\Controllers\Academicyears" loaded.
INFO - 2020-07-12 01:32:20 --> Fetching Academic year details
INFO - 2020-07-12 01:32:20 --> Controller "App\Controllers\Boards" loaded.
INFO - 2020-07-12 01:32:20 --> Fetching Boards details
INFO - 2020-07-12 01:32:20 --> Controller "App\Controllers\StudentDetails" loaded.
INFO - 2020-07-12 01:32:20 --> Fetching All Leave details
INFO - 2020-07-12 01:32:20 --> Controller "App\Controllers\Sections" loaded.
INFO - 2020-07-12 01:32:20 --> Fetching Sections details
INFO - 2020-07-12 01:32:20 --> Controller "App\Controllers\Categories" loaded.
INFO - 2020-07-12 01:32:20 --> Fetching Category details
INFO - 2020-07-12 01:32:20 --> Controller "App\Controllers\Sections" loaded.
INFO - 2020-07-12 01:32:20 --> Fetching Sections details
INFO - 2020-07-12 01:32:51 --> Controller "App\Controllers\Sections" loaded.
INFO - 2020-07-12 01:32:51 --> Controller "App\Controllers\Staffs" loaded.
INFO - 2020-07-12 01:32:51 --> Fetching Sections details
INFO - 2020-07-12 01:32:51 --> Controller "App\Controllers\StaffDetails" loaded.
INFO - 2020-07-12 01:32:51 --> Fetching All staff details
INFO - 2020-07-12 01:32:51 --> Fetching All Leave details
INFO - 2020-07-12 01:33:03 --> Controller "App\Controllers\Sections" loaded.
INFO - 2020-07-12 01:33:03 --> Controller "App\Controllers\Staffs" loaded.
INFO - 2020-07-12 01:33:03 --> Fetching Sections details
INFO - 2020-07-12 01:33:03 --> Fetching All staff details
INFO - 2020-07-12 01:33:03 --> Controller "App\Controllers\StaffDetails" loaded.
INFO - 2020-07-12 01:33:03 --> Fetching All Leave details
INFO - 2020-07-12 01:33:23 --> Controller "App\Controllers\Sections" loaded.
INFO - 2020-07-12 01:33:23 --> Fetching Sections details
INFO - 2020-07-12 01:33:23 --> Controller "App\Controllers\Dashboards" loaded.
INFO - 2020-07-12 01:33:23 --> Controller "App\Controllers\MessageGroups" loaded.
INFO - 2020-07-12 01:33:23 --> Fetching MessageGroups details
INFO - 2020-07-12 01:33:23 --> Controller "App\Controllers\Boards" loaded.
INFO - 2020-07-12 01:33:23 --> Fetching Boards details
INFO - 2020-07-12 01:33:23 --> Controller "App\Controllers\Students" loaded.
INFO - 2020-07-12 01:33:23 --> Fetching Dashboard details
INFO - 2020-07-12 01:33:23 --> Fetching All Leave details
INFO - 2020-07-12 01:33:23 --> Controller "App\Controllers\Users" loaded.
INFO - 2020-07-12 01:33:23 --> Fetching All User details
INFO - 2020-07-12 01:33:23 --> Controller "App\Controllers\MessageCenter" loaded.
INFO - 2020-07-12 01:33:23 --> Fetching MessageCenter details
INFO - 2020-07-12 01:33:31 --> Controller "App\Controllers\Alumnus" loaded.
INFO - 2020-07-12 01:33:31 --> Fetching All Leave details
INFO - 2020-07-12 01:33:31 --> Controller "App\Controllers\Alumnus" loaded.
INFO - 2020-07-12 01:33:31 --> Fetching Alumni details
INFO - 2020-07-12 01:33:52 --> Controller "App\Controllers\Sections" loaded.
INFO - 2020-07-12 01:33:52 --> Fetching Sections details
INFO - 2020-07-12 01:33:52 --> Controller "App\Controllers\Students" loaded.
INFO - 2020-07-12 01:33:52 --> Fetching All Leave details
INFO - 2020-07-12 01:33:52 --> Controller "App\Controllers\Academicyears" loaded.
INFO - 2020-07-12 01:33:52 --> Fetching Academic year details
INFO - 2020-07-12 01:33:52 --> Controller "App\Controllers\Boards" loaded.
INFO - 2020-07-12 01:33:52 --> Fetching Boards details
INFO - 2020-07-12 01:33:52 --> Controller "App\Controllers\StudentDetails" loaded.
INFO - 2020-07-12 01:33:52 --> Fetching All Leave details
INFO - 2020-07-12 01:33:52 --> Controller "App\Controllers\Categories" loaded.
INFO - 2020-07-12 01:33:52 --> Controller "App\Controllers\Sections" loaded.
INFO - 2020-07-12 01:33:52 --> Fetching Category details
INFO - 2020-07-12 01:33:52 --> Fetching Sections details
INFO - 2020-07-12 01:33:52 --> Controller "App\Controllers\Sections" loaded.
INFO - 2020-07-12 01:33:52 --> Fetching Sections details
INFO - 2020-07-12 01:34:32 --> Controller "App\Controllers\Sections" loaded.
INFO - 2020-07-12 01:34:32 --> Controller "App\Controllers\Students" loaded.
INFO - 2020-07-12 01:34:32 --> Fetching Sections details
INFO - 2020-07-12 01:34:32 --> Controller "App\Controllers\Academicyears" loaded.
INFO - 2020-07-12 01:34:32 --> Fetching Academic year details
INFO - 2020-07-12 01:34:32 --> Fetching All Leave details
INFO - 2020-07-12 01:34:32 --> Controller "App\Controllers\StudentDetails" loaded.
INFO - 2020-07-12 01:34:32 --> Controller "App\Controllers\Boards" loaded.
INFO - 2020-07-12 01:34:32 --> Fetching All Leave details
INFO - 2020-07-12 01:34:32 --> Controller "App\Controllers\Sections" loaded.
INFO - 2020-07-12 01:34:32 --> Fetching Boards details
INFO - 2020-07-12 01:34:32 --> Fetching Sections details
INFO - 2020-07-12 01:34:32 --> Controller "App\Controllers\Categories" loaded.
INFO - 2020-07-12 01:34:32 --> Fetching Category details
INFO - 2020-07-12 01:34:32 --> Controller "App\Controllers\Sections" loaded.
INFO - 2020-07-12 01:34:32 --> Fetching Sections details
INFO - 2020-07-12 01:35:02 --> Controller "App\Controllers\Sections" loaded.
INFO - 2020-07-12 01:35:02 --> Fetching Sections details
INFO - 2020-07-12 01:35:02 --> Controller "App\Controllers\Staffs" loaded.
INFO - 2020-07-12 01:35:02 --> Fetching All staff details
INFO - 2020-07-12 01:35:02 --> Controller "App\Controllers\StaffDetails" loaded.
INFO - 2020-07-12 01:35:02 --> Fetching All Leave details
INFO - 2020-07-12 01:35:10 --> Controller "App\Controllers\Staffs" loaded.
INFO - 2020-07-12 01:35:10 --> Fetching staff details with Id
INFO - 2020-07-12 01:35:10 --> Controller "App\Controllers\Staffs" loaded.
INFO - 2020-07-12 01:35:10 --> Fetching All staff details
INFO - 2020-07-12 01:35:25 --> Controller "App\Controllers\Students" loaded.
INFO - 2020-07-12 01:35:25 --> Controller "App\Controllers\StudentDetails" loaded.
INFO - 2020-07-12 01:35:25 --> Fetching All Leave details
INFO - 2020-07-12 01:35:25 --> Controller "App\Controllers\Academicyears" loaded.
INFO - 2020-07-12 01:35:25 --> Controller "App\Controllers\Sections" loaded.
INFO - 2020-07-12 01:35:25 --> Controller "App\Controllers\Sections" loaded.
INFO - 2020-07-12 01:35:25 --> Controller "App\Controllers\Boards" loaded.
INFO - 2020-07-12 01:35:25 --> Fetching Academic year details
INFO - 2020-07-12 01:35:25 --> Fetching Boards details
INFO - 2020-07-12 01:35:25 --> Fetching All Leave details
INFO - 2020-07-12 01:35:25 --> Fetching Sections details
INFO - 2020-07-12 01:35:25 --> Fetching Sections details
INFO - 2020-07-12 01:35:25 --> Controller "App\Controllers\Categories" loaded.
INFO - 2020-07-12 01:35:25 --> Fetching Category details
INFO - 2020-07-12 01:35:25 --> Controller "App\Controllers\Sections" loaded.
INFO - 2020-07-12 01:35:25 --> Fetching Sections details
INFO - 2020-07-12 01:35:27 --> Controller "App\Controllers\Sections" loaded.
INFO - 2020-07-12 01:35:27 --> Fetching Sections details
INFO - 2020-07-12 01:35:27 --> Controller "App\Controllers\Students" loaded.
INFO - 2020-07-12 01:35:27 --> Fetching All Leave details
INFO - 2020-07-12 01:35:27 --> Controller "App\Controllers\Academicyears" loaded.
INFO - 2020-07-12 01:35:27 --> Fetching Academic year details
INFO - 2020-07-12 01:35:27 --> Controller "App\Controllers\Boards" loaded.
INFO - 2020-07-12 01:35:27 --> Fetching Boards details
INFO - 2020-07-12 01:35:27 --> Controller "App\Controllers\StudentDetails" loaded.
INFO - 2020-07-12 01:35:27 --> Fetching All Leave details
INFO - 2020-07-12 01:35:27 --> Controller "App\Controllers\Categories" loaded.
INFO - 2020-07-12 01:35:27 --> Fetching Category details
INFO - 2020-07-12 01:35:27 --> Controller "App\Controllers\Sections" loaded.
INFO - 2020-07-12 01:35:27 --> Fetching Sections details
INFO - 2020-07-12 01:35:27 --> Controller "App\Controllers\Sections" loaded.
INFO - 2020-07-12 01:35:27 --> Fetching Sections details
INFO - 2020-07-12 01:37:13 --> Controller "App\Controllers\Sections" loaded.
INFO - 2020-07-12 01:37:13 --> Fetching Sections details
INFO - 2020-07-12 01:37:13 --> Controller "App\Controllers\Staffs" loaded.
INFO - 2020-07-12 01:37:13 --> Fetching All staff details
INFO - 2020-07-12 01:37:13 --> Controller "App\Controllers\StaffDetails" loaded.
INFO - 2020-07-12 01:37:13 --> Fetching All Leave details
INFO - 2020-07-12 01:37:23 --> Controller "App\Controllers\StaffDetails" loaded.
INFO - 2020-07-12 01:37:23 --> Fetching Role details
INFO - 2020-07-12 01:37:23 --> Controller "App\Controllers\StaffDetails" loaded.
INFO - 2020-07-12 01:37:23 --> Fetching Department details
INFO - 2020-07-12 01:37:33 --> Controller "App\Controllers\Alumnus" loaded.
INFO - 2020-07-12 01:37:33 --> Fetching All Leave details
INFO - 2020-07-12 01:37:33 --> Controller "App\Controllers\Alumnus" loaded.
INFO - 2020-07-12 01:37:33 --> Fetching Alumni details
INFO - 2020-07-12 01:37:41 --> Controller "App\Controllers\Alumnus" loaded.
INFO - 2020-07-12 01:37:41 --> Fetching Leave details with Id
INFO - 2020-07-12 01:37:48 --> Controller "App\Controllers\Academicyears" loaded.
INFO - 2020-07-12 01:37:48 --> Controller "App\Controllers\Sections" loaded.
INFO - 2020-07-12 01:37:48 --> Controller "App\Controllers\Boards" loaded.
INFO - 2020-07-12 01:37:48 --> Controller "App\Controllers\StudentDetails" loaded.
INFO - 2020-07-12 01:37:48 --> Fetching All Leave details
INFO - 2020-07-12 01:37:48 --> Fetching Academic year details
INFO - 2020-07-12 01:37:48 --> Controller "App\Controllers\Students" loaded.
INFO - 2020-07-12 01:37:48 --> Fetching Sections details
INFO - 2020-07-12 01:37:48 --> Fetching Boards details
INFO - 2020-07-12 01:37:48 --> Controller "App\Controllers\Sections" loaded.
INFO - 2020-07-12 01:37:48 --> Fetching All Leave details
INFO - 2020-07-12 01:37:48 --> Fetching Sections details
INFO - 2020-07-12 01:37:48 --> Controller "App\Controllers\Sections" loaded.
INFO - 2020-07-12 01:37:48 --> Controller "App\Controllers\Categories" loaded.
INFO - 2020-07-12 01:37:48 --> Fetching Category details
INFO - 2020-07-12 01:37:48 --> Fetching Sections details
INFO - 2020-07-12 01:37:51 --> Controller "App\Controllers\Boards" loaded.
INFO - 2020-07-12 01:37:51 --> Fetching Boards details
INFO - 2020-07-12 01:37:51 --> Controller "App\Controllers\Management" loaded.
INFO - 2020-07-12 01:37:51 --> Fetching All Management details
INFO - 2020-07-12 01:37:59 --> Controller "App\Controllers\Sections" loaded.
INFO - 2020-07-12 01:37:59 --> Controller "App\Controllers\Staffs" loaded.
INFO - 2020-07-12 01:37:59 --> Fetching Sections details
INFO - 2020-07-12 01:37:59 --> Fetching All staff details
INFO - 2020-07-12 01:37:59 --> Controller "App\Controllers\StaffDetails" loaded.
INFO - 2020-07-12 01:37:59 --> Fetching All Leave details
INFO - 2020-07-12 01:38:08 --> Controller "App\Controllers\StaffDetails" loaded.
INFO - 2020-07-12 01:38:08 --> Fetching All Leave details
INFO - 2020-07-12 01:38:08 --> Controller "App\Controllers\Sections" loaded.
INFO - 2020-07-12 01:38:08 --> Controller "App\Controllers\Staffs" loaded.
INFO - 2020-07-12 01:38:08 --> Fetching All staff details
INFO - 2020-07-12 01:38:08 --> Fetching Sections details
INFO - 2020-07-12 01:38:10 --> Controller "App\Controllers\Sections" loaded.
INFO - 2020-07-12 01:38:10 --> Fetching Sections details
INFO - 2020-07-12 01:38:10 --> Controller "App\Controllers\Staffs" loaded.
INFO - 2020-07-12 01:38:10 --> Fetching All staff details
INFO - 2020-07-12 01:38:10 --> Controller "App\Controllers\StaffDetails" loaded.
INFO - 2020-07-12 01:38:10 --> Fetching All Leave details
INFO - 2020-07-12 01:39:47 --> Controller "App\Controllers\StaffDetails" loaded.
INFO - 2020-07-12 01:39:47 --> Fetching Role details
INFO - 2020-07-12 01:39:47 --> Controller "App\Controllers\StaffDetails" loaded.
INFO - 2020-07-12 01:39:47 --> Fetching Department details
INFO - 2020-07-12 01:40:44 --> Controller "App\Controllers\Circulars" loaded.
INFO - 2020-07-12 01:40:44 --> Fetching Circular Details details
INFO - 2020-07-12 01:40:44 --> Controller "App\Controllers\Boards" loaded.
INFO - 2020-07-12 01:40:44 --> Controller "App\Controllers\Sections" loaded.
INFO - 2020-07-12 01:40:44 --> Fetching Boards details
INFO - 2020-07-12 01:40:44 --> Fetching Sections details
INFO - 2020-07-12 01:40:44 --> Controller "App\Controllers\Circulars" loaded.
INFO - 2020-07-12 01:40:44 --> Fetching Circulars details
INFO - 2020-07-12 01:40:44 --> Controller "App\Controllers\Circulars" loaded.
INFO - 2020-07-12 01:40:44 --> Fetching Circulars Mapped Id details
INFO - 2020-07-12 01:40:44 --> Controller "App\Controllers\Circulars" loaded.
INFO - 2020-07-12 01:40:44 --> Fetching Circulars Id details
INFO - 2020-07-12 01:40:44 --> Controller "App\Controllers\Circulars" loaded.
INFO - 2020-07-12 12:10:44 --> Fetching Circulars Mapped Id details
INFO - 2020-07-12 01:40:44 --> Controller "App\Controllers\Sections" loaded.
INFO - 2020-07-12 01:40:44 --> Controller "App\Controllers\Circulars" loaded.
INFO - 2020-07-12 01:40:44 --> Fetching Sections details
INFO - 2020-07-12 01:40:44 --> Fetching Circular Details details
INFO - 2020-07-12 01:40:51 --> Controller "App\Controllers\Sections" loaded.
INFO - 2020-07-12 01:40:51 --> Fetching Sections details
INFO - 2020-07-12 01:40:51 --> Controller "App\Controllers\Circulars" loaded.
INFO - 2020-07-12 01:40:51 --> Fetching Circular Details details
INFO - 2020-07-12 01:40:52 --> Controller "App\Controllers\Circulars" loaded.
INFO - 2020-07-12 01:40:52 --> Controller "App\Controllers\Sections" loaded.
INFO - 2020-07-12 01:40:52 --> Fetching Circular Details details
INFO - 2020-07-12 01:40:52 --> Fetching Sections details
INFO - 2020-07-12 01:40:54 --> Controller "App\Controllers\Circulars" loaded.
INFO - 2020-07-12 01:40:54 --> Fetching Circular Details details
INFO - 2020-07-12 01:40:54 --> Controller "App\Controllers\Sections" loaded.
INFO - 2020-07-12 01:40:54 --> Fetching Sections details
INFO - 2020-07-12 01:41:00 --> Controller "App\Controllers\Sections" loaded.
INFO - 2020-07-12 01:41:00 --> Fetching Sections details
INFO - 2020-07-12 01:41:00 --> Controller "App\Controllers\Students" loaded.
INFO - 2020-07-12 01:41:00 --> Fetching All Leave details
INFO - 2020-07-12 01:41:00 --> Controller "App\Controllers\Academicyears" loaded.
INFO - 2020-07-12 01:41:01 --> Controller "App\Controllers\Boards" loaded.
INFO - 2020-07-12 01:41:01 --> Fetching Boards details
INFO - 2020-07-12 01:41:01 --> Controller "App\Controllers\StudentDetails" loaded.
INFO - 2020-07-12 01:41:01 --> Fetching Academic year details
INFO - 2020-07-12 01:41:01 --> Fetching All Leave details
INFO - 2020-07-12 01:41:01 --> Controller "App\Controllers\Sections" loaded.
INFO - 2020-07-12 01:41:01 --> Fetching Sections details
INFO - 2020-07-12 01:41:01 --> Controller "App\Controllers\Categories" loaded.
INFO - 2020-07-12 01:41:01 --> Fetching Category details
INFO - 2020-07-12 01:41:01 --> Controller "App\Controllers\Sections" loaded.
INFO - 2020-07-12 01:41:01 --> Fetching Sections details
INFO - 2020-07-12 01:42:05 --> Controller "App\Controllers\Sections" loaded.
INFO - 2020-07-12 01:42:06 --> Fetching Sections details
INFO - 2020-07-12 01:42:06 --> Controller "App\Controllers\Students" loaded.
INFO - 2020-07-12 01:42:06 --> Fetching All Leave details
INFO - 2020-07-12 01:42:06 --> Controller "App\Controllers\Academicyears" loaded.
INFO - 2020-07-12 01:42:06 --> Fetching Academic year details
INFO - 2020-07-12 01:42:06 --> Controller "App\Controllers\Boards" loaded.
INFO - 2020-07-12 01:42:06 --> Fetching Boards details
INFO - 2020-07-12 01:42:06 --> Controller "App\Controllers\StudentDetails" loaded.
INFO - 2020-07-12 01:42:06 --> Fetching All Leave details
INFO - 2020-07-12 01:42:06 --> Controller "App\Controllers\Sections" loaded.
INFO - 2020-07-12 01:42:06 --> Fetching Sections details
INFO - 2020-07-12 01:42:06 --> Controller "App\Controllers\Categories" loaded.
INFO - 2020-07-12 01:42:06 --> Fetching Category details
INFO - 2020-07-12 01:42:06 --> Controller "App\Controllers\Sections" loaded.
INFO - 2020-07-12 01:42:06 --> Fetching Sections details
INFO - 2020-07-12 01:42:44 --> Controller "App\Controllers\Sections" loaded.
INFO - 2020-07-12 01:42:44 --> Fetching Sections details
INFO - 2020-07-12 01:42:58 --> Controller "App\Controllers\Sections" loaded.
INFO - 2020-07-12 01:42:58 --> Fetching Sections details
INFO - 2020-07-12 01:42:58 --> Controller "App\Controllers\MessageGroups" loaded.
INFO - 2020-07-12 01:42:58 --> Fetching MessageGroups details
INFO - 2020-07-12 01:42:58 --> Controller "App\Controllers\Dashboards" loaded.
INFO - 2020-07-12 01:42:58 --> Fetching Dashboard details
INFO - 2020-07-12 01:42:58 --> Controller "App\Controllers\Boards" loaded.
INFO - 2020-07-12 01:42:58 --> Fetching Boards details
INFO - 2020-07-12 01:42:58 --> Controller "App\Controllers\Users" loaded.
INFO - 2020-07-12 01:42:58 --> Controller "App\Controllers\Students" loaded.
INFO - 2020-07-12 01:42:58 --> Fetching All User details
INFO - 2020-07-12 01:42:58 --> Fetching All Leave details
INFO - 2020-07-12 01:42:58 --> Controller "App\Controllers\MessageCenter" loaded.
INFO - 2020-07-12 01:42:58 --> Fetching MessageCenter details
INFO - 2020-07-12 01:43:02 --> Controller "App\Controllers\Sections" loaded.
INFO - 2020-07-12 01:43:02 --> Controller "App\Controllers\MessageGroups" loaded.
INFO - 2020-07-12 01:43:02 --> Fetching Sections details
INFO - 2020-07-12 01:43:02 --> Fetching MessageGroups details
INFO - 2020-07-12 01:43:06 --> Controller "App\Controllers\MessageGroups" loaded.
INFO - 2020-07-12 01:43:06 --> Fetching MessageGroups details
INFO - 2020-07-12 01:49:28 --> Controller "App\Controllers\Sections" loaded.
INFO - 2020-07-12 01:49:28 --> Fetching Sections details
INFO - 2020-07-12 01:49:28 --> Controller "App\Controllers\Staffs" loaded.
INFO - 2020-07-12 01:49:28 --> Fetching All staff details
INFO - 2020-07-12 01:49:28 --> Controller "App\Controllers\StaffDetails" loaded.
INFO - 2020-07-12 01:49:28 --> Fetching All Leave details
INFO - 2020-07-12 01:49:53 --> Controller "App\Controllers\Staffs" loaded.
INFO - 2020-07-12 01:49:53 --> Fetching staff details with Id
INFO - 2020-07-12 01:49:53 --> Controller "App\Controllers\Staffs" loaded.
INFO - 2020-07-12 01:49:53 --> Fetching All staff details
INFO - 2020-07-12 01:57:19 --> Controller "App\Controllers\StaffDetails" loaded.
INFO - 2020-07-12 01:57:19 --> Fetching All Leave details
INFO - 2020-07-12 01:57:19 --> Controller "App\Controllers\Staffs" loaded.
INFO - 2020-07-12 01:57:19 --> Controller "App\Controllers\Sections" loaded.
INFO - 2020-07-12 01:57:19 --> Fetching All staff details
INFO - 2020-07-12 01:57:19 --> Fetching Sections details
INFO - 2020-07-12 01:57:27 --> Controller "App\Controllers\Boards" loaded.
INFO - 2020-07-12 01:57:27 --> Controller "App\Controllers\Sections" loaded.
INFO - 2020-07-12 01:57:27 --> Controller "App\Controllers\StudentDetails" loaded.
INFO - 2020-07-12 01:57:27 --> Controller "App\Controllers\Academicyears" loaded.
INFO - 2020-07-12 01:57:27 --> Controller "App\Controllers\Sections" loaded.
INFO - 2020-07-12 01:57:27 --> Controller "App\Controllers\Students" loaded.
INFO - 2020-07-12 01:57:27 --> Fetching Academic year details
INFO - 2020-07-12 01:57:27 --> Fetching All Leave details
INFO - 2020-07-12 01:57:27 --> Fetching Boards details
INFO - 2020-07-12 01:57:27 --> Fetching All Leave details
INFO - 2020-07-12 01:57:27 --> Fetching Sections details
INFO - 2020-07-12 01:57:27 --> Fetching Sections details
INFO - 2020-07-12 01:57:27 --> Controller "App\Controllers\Categories" loaded.
INFO - 2020-07-12 01:57:27 --> Fetching Category details
INFO - 2020-07-12 01:57:27 --> Controller "App\Controllers\Sections" loaded.
INFO - 2020-07-12 01:57:27 --> Fetching Sections details
INFO - 2020-07-12 01:57:38 --> Controller "App\Controllers\Sections" loaded.
INFO - 2020-07-12 01:57:38 --> Fetching Sections details
INFO - 2020-07-12 01:57:38 --> Controller "App\Controllers\Staffs" loaded.
INFO - 2020-07-12 01:57:38 --> Fetching All staff details
INFO - 2020-07-12 01:57:38 --> Controller "App\Controllers\StaffDetails" loaded.
INFO - 2020-07-12 01:57:38 --> Fetching All Leave details
INFO - 2020-07-12 01:57:40 --> Controller "App\Controllers\Staffs" loaded.
INFO - 2020-07-12 01:57:40 --> Controller "App\Controllers\Sections" loaded.
INFO - 2020-07-12 01:57:40 --> Controller "App\Controllers\StaffDetails" loaded.
INFO - 2020-07-12 01:57:40 --> Fetching All staff details
INFO - 2020-07-12 01:57:40 --> Fetching All Leave details
INFO - 2020-07-12 01:57:40 --> Fetching Sections details
INFO - 2020-07-12 01:58:33 --> Controller "App\Controllers\Management" loaded.
INFO - 2020-07-12 01:58:33 --> Controller "App\Controllers\Boards" loaded.
INFO - 2020-07-12 01:58:33 --> Fetching All Management details
INFO - 2020-07-12 01:58:33 --> Fetching Boards details
INFO - 2020-07-12 01:58:38 --> Controller "App\Controllers\Alumnus" loaded.
INFO - 2020-07-12 01:58:38 --> Fetching All Leave details
INFO - 2020-07-12 01:58:38 --> Controller "App\Controllers\Alumnus" loaded.
INFO - 2020-07-12 01:58:38 --> Fetching Alumni details
INFO - 2020-07-12 01:58:58 --> Controller "App\Controllers\Boards" loaded.
INFO - 2020-07-12 01:58:58 --> Fetching Boards details
INFO - 2020-07-12 01:58:58 --> Controller "App\Controllers\Management" loaded.
INFO - 2020-07-12 01:58:58 --> Fetching All Management details
INFO - 2020-07-12 01:59:03 --> Controller "App\Controllers\Management" loaded.
INFO - 2020-07-12 01:59:03 --> Fetching Management details
INFO - 2020-07-12 01:59:09 --> Controller "App\Controllers\Boards" loaded.
INFO - 2020-07-12 01:59:09 --> Controller "App\Controllers\Management" loaded.
INFO - 2020-07-12 01:59:09 --> Fetching All Management details
INFO - 2020-07-12 01:59:09 --> Fetching Boards details
INFO - 2020-07-12 01:59:14 --> Controller "App\Controllers\Alumnus" loaded.
INFO - 2020-07-12 01:59:14 --> Fetching All Leave details
INFO - 2020-07-12 01:59:14 --> Controller "App\Controllers\Alumnus" loaded.
INFO - 2020-07-12 01:59:14 --> Fetching Alumni details
INFO - 2020-07-12 01:59:23 --> Controller "App\Controllers\Boards" loaded.
INFO - 2020-07-12 01:59:23 --> Fetching Boards details
INFO - 2020-07-12 01:59:23 --> Controller "App\Controllers\Management" loaded.
INFO - 2020-07-12 01:59:23 --> Fetching All Management details
INFO - 2020-07-12 02:02:53 --> Controller "App\Controllers\Boards" loaded.
INFO - 2020-07-12 02:02:53 --> Fetching Boards details
INFO - 2020-07-12 02:02:53 --> Controller "App\Controllers\Management" loaded.
INFO - 2020-07-12 02:02:53 --> Fetching All Management details
INFO - 2020-07-12 02:08:16 --> Controller "App\Controllers\Sections" loaded.
INFO - 2020-07-12 02:08:16 --> Controller "App\Controllers\Staffs" loaded.
INFO - 2020-07-12 02:08:16 --> Fetching Sections details
INFO - 2020-07-12 02:08:16 --> Fetching All staff details
INFO - 2020-07-12 02:08:16 --> Controller "App\Controllers\StaffDetails" loaded.
INFO - 2020-07-12 02:08:16 --> Fetching All Leave details
INFO - 2020-07-12 02:13:55 --> Controller "App\Controllers\StaffDetails" loaded.
INFO - 2020-07-12 02:13:55 --> Fetching Role details
INFO - 2020-07-12 02:13:55 --> Controller "App\Controllers\StaffDetails" loaded.
INFO - 2020-07-12 02:13:55 --> Fetching Department details
INFO - 2020-07-12 06:16:45 --> Controller "App\Controllers\Academicyears" loaded.
INFO - 2020-07-12 06:16:45 --> Fetching Academic year details
INFO - 2020-07-12 06:16:45 --> Controller "App\Controllers\Boards" loaded.
INFO - 2020-07-12 06:16:45 --> Controller "App\Controllers\Sections" loaded.
INFO - 2020-07-12 06:16:45 --> Controller "App\Controllers\StudentDetails" loaded.
INFO - 2020-07-12 06:16:45 --> Fetching Boards details
INFO - 2020-07-12 06:16:45 --> Controller "App\Controllers\Sections" loaded.
INFO - 2020-07-12 06:16:45 --> Fetching All Leave details
INFO - 2020-07-12 06:16:45 --> Controller "App\Controllers\Students" loaded.
INFO - 2020-07-12 06:16:45 --> Controller "App\Controllers\Categories" loaded.
INFO - 2020-07-12 06:16:45 --> Fetching Category details
INFO - 2020-07-12 06:16:45 --> Fetching All Leave details
INFO - 2020-07-12 06:16:45 --> Fetching Sections details
INFO - 2020-07-12 06:16:45 --> Fetching Sections details
INFO - 2020-07-12 06:17:00 --> Controller "App\Controllers\Boards" loaded.
INFO - 2020-07-12 06:17:21 --> Controller "App\Controllers\Feedbacks" loaded.
INFO - 2020-07-12 06:17:21 --> Controller "App\Controllers\Feedbacks" loaded.
INFO - 2020-07-12 06:17:21 --> Fetching Feedback details
INFO - 2020-07-12 06:17:21 --> Fetching Feedbacks Details details
INFO - 2020-07-12 06:17:58 --> Controller "App\Controllers\Sections" loaded.
INFO - 2020-07-12 06:17:58 --> Controller "App\Controllers\Boards" loaded.
INFO - 2020-07-12 06:17:58 --> Controller "App\Controllers\Users" loaded.
INFO - 2020-07-12 06:17:58 --> Controller "App\Controllers\Students" loaded.
INFO - 2020-07-12 06:17:58 --> Fetching Sections details
INFO - 2020-07-12 06:17:58 --> Fetching All User details
INFO - 2020-07-12 06:17:58 --> Controller "App\Controllers\Dashboards" loaded.
INFO - 2020-07-12 06:17:58 --> Controller "App\Controllers\MessageGroups" loaded.
INFO - 2020-07-12 06:17:58 --> Fetching Boards details
INFO - 2020-07-12 06:17:58 --> Fetching All Leave details
INFO - 2020-07-12 06:17:58 --> Fetching MessageGroups details
ERROR - 2020-07-12 06:17:58 --> count(): Parameter must be an array or an object that implements Countable
INFO - 2020-07-12 06:18:09 --> Controller "App\Controllers\Sections" loaded.
INFO - 2020-07-12 06:18:09 --> Fetching Sections details
INFO - 2020-07-12 06:18:09 --> Controller "App\Controllers\MessageGroups" loaded.
INFO - 2020-07-12 06:18:09 --> Fetching MessageGroups details
INFO - 2020-07-12 07:32:12 --> Controller "App\Controllers\Sections" loaded.
INFO - 2020-07-12 07:32:12 --> Controller "App\Controllers\Assignments" loaded.
INFO - 2020-07-12 07:32:12 --> Fetching Sections details
INFO - 2020-07-12 07:32:12 --> Controller "App\Controllers\SubjectStandards" loaded.
INFO - 2020-07-12 07:32:12 --> Controller "App\Controllers\Assignments" loaded.
INFO - 2020-07-12 07:32:12 --> Fetching Assignments details
INFO - 2020-07-12 07:32:12 --> Controller "App\Controllers\Assignments" loaded.
INFO - 2020-07-12 07:32:12 --> Fetching Subjects details
INFO - 2020-07-12 07:32:12 --> Controller "App\Controllers\Boards" loaded.
INFO - 2020-07-12 07:32:12 --> Fetching Assignments Id details
INFO - 2020-07-12 07:32:12 --> Fetching Assignments Details details
INFO - 2020-07-12 07:32:12 --> Fetching Boards details
INFO - 2020-07-12 07:32:12 --> Controller "App\Controllers\Assignments" loaded.
INFO - 2020-07-12 18:02:12 --> Fetching Assignments Mapped Id details
INFO - 2020-07-12 07:32:12 --> Controller "App\Controllers\Assignments" loaded.
INFO - 2020-07-12 07:32:12 --> Fetching Assignments Grade details
INFO - 2020-07-12 07:32:12 --> Controller "App\Controllers\Sections" loaded.
INFO - 2020-07-12 07:32:12 --> Controller "App\Controllers\Assignments" loaded.
INFO - 2020-07-12 07:32:12 --> Fetching Assignments Details details
INFO - 2020-07-12 07:32:12 --> Fetching Sections details
INFO - 2020-07-12 07:32:14 --> Controller "App\Controllers\Assignments" loaded.
INFO - 2020-07-12 07:32:14 --> Controller "App\Controllers\Staffs" loaded.
INFO - 2020-07-12 07:32:14 --> Fetching Assignments details
INFO - 2020-07-12 07:32:14 --> Controller "App\Controllers\SubjectStandards" loaded.
INFO - 2020-07-12 07:32:14 --> Fetching All Leave details
INFO - 2020-07-12 07:32:14 --> Fetching Subjects details
INFO - 2020-07-12 07:32:37 --> Controller "App\Controllers\Assignments" loaded.
INFO - 2020-07-12 07:32:37 --> Fetching Assignments details
INFO - 2020-07-12 07:32:39 --> Controller "App\Controllers\Assignments" loaded.
INFO - 2020-07-12 07:32:39 --> Fetching Assignments Id details
INFO - 2020-07-12 07:32:39 --> Controller "App\Controllers\Assignments" loaded.
INFO - 2020-07-12 07:32:39 --> Fetching Assignments Id details
INFO - 2020-07-12 07:32:39 --> Controller "App\Controllers\Assignments" loaded.
INFO - 2020-07-12 07:32:39 --> Fetching Assignments Id details
INFO - 2020-07-12 07:32:40 --> Controller "App\Controllers\Assignments" loaded.
INFO - 2020-07-12 18:02:40 --> Fetching Assignments Mapped Id details
INFO - 2020-07-12 07:32:48 --> Controller "App\Controllers\Assignments" loaded.
INFO - 2020-07-12 07:32:48 --> Fetching Assignments details
INFO - 2020-07-12 07:32:51 --> Controller "App\Controllers\Assignments" loaded.
INFO - 2020-07-12 07:32:51 --> Fetching Assignments Id details
INFO - 2020-07-12 07:32:51 --> Controller "App\Controllers\Assignments" loaded.
INFO - 2020-07-12 07:32:51 --> Fetching Assignments Id details
INFO - 2020-07-12 07:32:51 --> Controller "App\Controllers\Assignments" loaded.
INFO - 2020-07-12 07:32:51 --> Fetching Assignments Id details
INFO - 2020-07-12 07:32:51 --> Controller "App\Controllers\Assignments" loaded.
INFO - 2020-07-12 18:02:51 --> Fetching Assignments Mapped Id details
INFO - 2020-07-12 07:32:53 --> Controller "App\Controllers\Assignments" loaded.
INFO - 2020-07-12 07:32:53 --> Fetching Assignments Mapped Id details
INFO - 2020-07-12 07:33:03 --> Controller "App\Controllers\Staffs" loaded.
INFO - 2020-07-12 07:33:03 --> Fetching All Leave details
INFO - 2020-07-12 07:33:03 --> Controller "App\Controllers\SubjectStandards" loaded.
INFO - 2020-07-12 07:33:03 --> Controller "App\Controllers\Assignments" loaded.
INFO - 2020-07-12 07:33:03 --> Fetching Assignments details
INFO - 2020-07-12 07:33:03 --> Fetching Subjects details
INFO - 2020-07-12 07:33:06 --> Controller "App\Controllers\Assignments" loaded.
INFO - 2020-07-12 07:33:06 --> Fetching Assignments details
INFO - 2020-07-12 07:33:27 --> Controller "App\Controllers\Students" loaded.
INFO - 2020-07-12 07:33:27 --> Controller "App\Controllers\Dashboards" loaded.
INFO - 2020-07-12 07:33:27 --> Controller "App\Controllers\Boards" loaded.
INFO - 2020-07-12 07:33:27 --> Controller "App\Controllers\Sections" loaded.
INFO - 2020-07-12 07:33:27 --> Controller "App\Controllers\Users" loaded.
INFO - 2020-07-12 07:33:27 --> Controller "App\Controllers\MessageGroups" loaded.
INFO - 2020-07-12 07:33:27 --> Fetching Boards details
INFO - 2020-07-12 07:33:27 --> Fetching All User details
INFO - 2020-07-12 07:33:27 --> Fetching Sections details
INFO - 2020-07-12 07:33:27 --> Fetching Dashboard details
INFO - 2020-07-12 07:33:27 --> Fetching MessageGroups details
INFO - 2020-07-12 07:33:27 --> Fetching All Leave details
INFO - 2020-07-12 07:33:27 --> Controller "App\Controllers\MessageCenter" loaded.
INFO - 2020-07-12 07:33:27 --> Fetching MessageCenter details
INFO - 2020-07-12 07:33:28 --> Controller "App\Controllers\MessageGroups" loaded.
INFO - 2020-07-12 07:33:28 --> Controller "App\Controllers\Sections" loaded.
INFO - 2020-07-12 07:33:28 --> Fetching MessageGroups details
INFO - 2020-07-12 07:33:28 --> Fetching Sections details
INFO - 2020-07-12 08:18:32 --> Controller "App\Controllers\MessageGroups" loaded.
INFO - 2020-07-12 08:18:32 --> Fetching MessageGroups details
INFO - 2020-07-12 08:18:35 --> Controller "App\Controllers\GroupMembers" loaded.
INFO - 2020-07-12 08:18:35 --> Fetching GroupMembers details
INFO - 2020-07-12 09:18:19 --> Controller "App\Controllers\GroupMembers" loaded.
INFO - 2020-07-12 09:18:19 --> Fetching GroupMembers details
INFO - 2020-07-12 22:58:46 --> Controller "App\Controllers\Sections" loaded.
INFO - 2020-07-12 22:58:46 --> Controller "App\Controllers\Students" loaded.
INFO - 2020-07-12 22:58:46 --> Fetching Sections details
INFO - 2020-07-12 22:58:46 --> Fetching All Leave details
INFO - 2020-07-12 22:58:46 --> Controller "App\Controllers\Academicyears" loaded.
INFO - 2020-07-12 22:58:46 --> Fetching Academic year details
INFO - 2020-07-12 22:58:46 --> Controller "App\Controllers\Boards" loaded.
INFO - 2020-07-12 22:58:46 --> Fetching Boards details
INFO - 2020-07-12 22:58:46 --> Controller "App\Controllers\StudentDetails" loaded.
INFO - 2020-07-12 22:58:46 --> Fetching All Leave details
INFO - 2020-07-12 22:58:46 --> Controller "App\Controllers\Sections" loaded.
INFO - 2020-07-12 22:58:46 --> Fetching Sections details
INFO - 2020-07-12 22:58:46 --> Controller "App\Controllers\Categories" loaded.
INFO - 2020-07-12 22:58:46 --> Fetching Category details
INFO - 2020-07-12 22:58:46 --> Controller "App\Controllers\Sections" loaded.
INFO - 2020-07-12 22:58:46 --> Fetching Sections details
INFO - 2020-07-12 22:59:13 --> Controller "App\Controllers\Sections" loaded.
INFO - 2020-07-12 22:59:13 --> Fetching Sections details
INFO - 2020-07-12 22:59:13 --> Controller "App\Controllers\Staffs" loaded.
INFO - 2020-07-12 22:59:13 --> Fetching All staff details
INFO - 2020-07-12 22:59:13 --> Controller "App\Controllers\StaffDetails" loaded.
INFO - 2020-07-12 22:59:13 --> Fetching All Leave details
INFO - 2020-07-12 22:59:33 --> Controller "App\Controllers\Boards" loaded.
INFO - 2020-07-12 22:59:33 --> Fetching Boards details
INFO - 2020-07-12 22:59:33 --> Controller "App\Controllers\Management" loaded.
INFO - 2020-07-12 22:59:33 --> Fetching All Management details
INFO - 2020-07-12 23:00:04 --> Controller "App\Controllers\Alumnus" loaded.
INFO - 2020-07-12 23:00:04 --> Fetching All Leave details
INFO - 2020-07-12 23:00:04 --> Controller "App\Controllers\Alumnus" loaded.
INFO - 2020-07-12 23:00:04 --> Fetching Alumni details
INFO - 2020-07-12 23:00:39 --> Controller "App\Controllers\Sections" loaded.
INFO - 2020-07-12 23:00:39 --> Fetching Sections details
INFO - 2020-07-12 23:00:39 --> Controller "App\Controllers\MessageGroups" loaded.
INFO - 2020-07-12 23:00:39 --> Fetching MessageGroups details
INFO - 2020-07-12 23:00:39 --> Controller "App\Controllers\Dashboards" loaded.
INFO - 2020-07-12 23:00:39 --> Fetching Dashboard details
INFO - 2020-07-12 23:00:39 --> Controller "App\Controllers\Boards" loaded.
INFO - 2020-07-12 23:00:39 --> Fetching Boards details
INFO - 2020-07-12 23:00:39 --> Controller "App\Controllers\Students" loaded.
INFO - 2020-07-12 23:00:39 --> Fetching All Leave details
INFO - 2020-07-12 23:00:39 --> Controller "App\Controllers\Users" loaded.
INFO - 2020-07-12 23:00:39 --> Fetching All User details
INFO - 2020-07-12 23:00:39 --> Controller "App\Controllers\MessageCenter" loaded.
INFO - 2020-07-12 23:00:39 --> Fetching MessageCenter details
INFO - 2020-07-12 23:00:56 --> Controller "App\Controllers\Feedbacks" loaded.
INFO - 2020-07-12 23:00:56 --> Fetching Feedbacks Details details
INFO - 2020-07-12 23:00:56 --> Controller "App\Controllers\Feedbacks" loaded.
INFO - 2020-07-12 23:00:56 --> Fetching Feedback details
INFO - 2020-07-12 23:02:04 --> Controller "App\Controllers\Sections" loaded.
INFO - 2020-07-12 23:02:04 --> Fetching Sections details
INFO - 2020-07-12 23:02:04 --> Controller "App\Controllers\Students" loaded.
INFO - 2020-07-12 23:02:04 --> Fetching All Leave details
INFO - 2020-07-12 23:02:15 --> Controller "App\Controllers\Sections" loaded.
INFO - 2020-07-12 23:02:15 --> Fetching Sections details
INFO - 2020-07-12 23:02:38 --> Controller "App\Controllers\Boards" loaded.
INFO - 2020-07-12 23:02:38 --> Fetching Boards details
INFO - 2020-07-12 23:02:38 --> Controller "App\Controllers\Sections" loaded.
INFO - 2020-07-12 23:02:38 --> Fetching Sections details
INFO - 2020-07-12 23:02:38 --> Controller "App\Controllers\Assignments" loaded.
INFO - 2020-07-12 23:02:38 --> Fetching Assignments Details details
INFO - 2020-07-12 23:02:38 --> Controller "App\Controllers\SubjectStandards" loaded.
INFO - 2020-07-12 23:02:38 --> Fetching Subjects details
INFO - 2020-07-12 23:02:38 --> Controller "App\Controllers\Assignments" loaded.
INFO - 2020-07-12 23:02:38 --> Fetching Assignments details
INFO - 2020-07-12 23:02:38 --> Controller "App\Controllers\Assignments" loaded.
INFO - 2020-07-12 23:02:38 --> Fetching Assignments Id details
INFO - 2020-07-12 23:02:38 --> Controller "App\Controllers\Assignments" loaded.
INFO - 2020-07-12 23:02:38 --> Controller "App\Controllers\Assignments" loaded.
INFO - 2020-07-12 23:02:38 --> Fetching Assignments Grade details
INFO - 2020-07-12 23:02:39 --> Controller "App\Controllers\Sections" loaded.
INFO - 2020-07-12 23:02:39 --> Controller "App\Controllers\Assignments" loaded.
INFO - 2020-07-12 23:02:39 --> Fetching Sections details
INFO - 2020-07-12 23:02:39 --> Fetching Assignments Details details
INFO - 2020-07-12 23:03:02 --> Controller "App\Controllers\Sections" loaded.
INFO - 2020-07-12 23:03:02 --> Fetching Sections details
INFO - 2020-07-12 23:03:02 --> Controller "App\Controllers\SubjectStandards" loaded.
INFO - 2020-07-12 23:03:02 --> Fetching Subjects details
INFO - 2020-07-12 23:03:02 --> Controller "App\Controllers\Students" loaded.
INFO - 2020-07-12 23:03:02 --> Fetching All Leave details
INFO - 2020-07-12 23:03:02 --> Controller "App\Controllers\Boards" loaded.
INFO - 2020-07-12 23:03:02 --> Fetching Boards details
INFO - 2020-07-12 23:03:02 --> Controller "App\Controllers\Projects" loaded.
INFO - 2020-07-12 23:03:02 --> Controller "App\Controllers\Projects" loaded.
INFO - 2020-07-12 23:03:02 --> Fetching Projects details
INFO - 2020-07-12 23:03:02 --> Fetching Projects Details details
INFO - 2020-07-12 23:03:02 --> Controller "App\Controllers\Projects" loaded.
INFO - 2020-07-12 23:03:02 --> Fetching Projects Id details
INFO - 2020-07-12 23:03:02 --> Controller "App\Controllers\Projects" loaded.
INFO - 2020-07-12 23:03:02 --> Fetching Projects Id details
INFO - 2020-07-12 23:03:02 --> Controller "App\Controllers\Projects" loaded.
INFO - 2020-07-12 23:03:02 --> Fetching Assignments Mapped Id details
INFO - 2020-07-12 23:03:02 --> Controller "App\Controllers\Projects" loaded.
INFO - 2020-07-12 23:03:02 --> Controller "App\Controllers\Projects" loaded.
INFO - 2020-07-12 23:03:02 --> Fetching Project Grade details
INFO - 2020-07-12 23:03:02 --> Controller "App\Controllers\Sections" loaded.
INFO - 2020-07-12 23:03:02 --> Fetching Sections details
INFO - 2020-07-12 23:03:02 --> Controller "App\Controllers\Projects" loaded.
INFO - 2020-07-12 23:03:02 --> Fetching Projects Details details
INFO - 2020-07-12 23:03:24 --> Controller "App\Controllers\Boards" loaded.
INFO - 2020-07-12 23:03:24 --> Fetching Boards details
INFO - 2020-07-12 23:03:24 --> Controller "App\Controllers\Sections" loaded.
INFO - 2020-07-12 23:03:24 --> Fetching Sections details
INFO - 2020-07-12 23:03:24 --> Controller "App\Controllers\Assignments" loaded.
INFO - 2020-07-12 23:03:24 --> Fetching Assignments Details details
INFO - 2020-07-12 23:03:24 --> Controller "App\Controllers\SubjectStandards" loaded.
INFO - 2020-07-12 23:03:24 --> Fetching Subjects details
INFO - 2020-07-12 23:03:24 --> Controller "App\Controllers\Academicyears" loaded.
INFO - 2020-07-12 23:03:24 --> Fetching Academic year details
INFO - 2020-07-12 23:03:24 --> Controller "App\Controllers\Assignments" loaded.
INFO - 2020-07-12 23:03:24 --> Fetching Assignments details
INFO - 2020-07-12 23:03:25 --> Controller "App\Controllers\Assignments" loaded.
INFO - 2020-07-12 23:03:25 --> Fetching Assignments Id details
INFO - 2020-07-12 23:03:25 --> Controller "App\Controllers\Assignments" loaded.
INFO - 2020-07-12 23:03:25 --> Controller "App\Controllers\Assignments" loaded.
INFO - 2020-07-12 23:03:25 --> Controller "App\Controllers\Sections" loaded.
INFO - 2020-07-12 23:03:25 --> Fetching Assignments Grade details
INFO - 2020-07-12 23:03:25 --> Fetching Sections details
INFO - 2020-07-12 23:03:25 --> Controller "App\Controllers\Assignments" loaded.
INFO - 2020-07-12 23:03:25 --> Fetching Assignments Details details
INFO - 2020-07-12 23:03:58 --> Controller "App\Controllers\Sections" loaded.
INFO - 2020-07-12 23:03:59 --> Controller "App\Controllers\Boards" loaded.
INFO - 2020-07-12 23:03:59 --> Fetching Sections details
INFO - 2020-07-12 23:03:59 --> Fetching Boards details
INFO - 2020-07-12 23:03:59 --> Controller "App\Controllers\Holidays" loaded.
INFO - 2020-07-12 23:03:59 --> Fetching holidays Details details
INFO - 2020-07-12 23:03:59 --> Controller "App\Controllers\Sections" loaded.
INFO - 2020-07-12 23:03:59 --> Fetching Sections details
INFO - 2020-07-12 23:03:59 --> Controller "App\Controllers\Holidays" loaded.
INFO - 2020-07-12 23:03:59 --> Fetching holidays Details details
INFO - 2020-07-12 23:04:06 --> Controller "App\Controllers\Holidays" loaded.
INFO - 2020-07-12 23:04:06 --> Fetching holidays Details details
INFO - 2020-07-12 23:04:06 --> Controller "App\Controllers\Sections" loaded.
INFO - 2020-07-12 23:04:06 --> Fetching Sections details
INFO - 2020-07-12 23:04:08 --> Controller "App\Controllers\Sections" loaded.
INFO - 2020-07-12 23:04:08 --> Fetching Sections details
INFO - 2020-07-12 23:04:08 --> Controller "App\Controllers\Holidays" loaded.
INFO - 2020-07-12 23:04:08 --> Fetching holidays Details details
INFO - 2020-07-12 23:04:09 --> Controller "App\Controllers\Sections" loaded.
INFO - 2020-07-12 23:04:09 --> Controller "App\Controllers\Holidays" loaded.
INFO - 2020-07-12 23:04:09 --> Fetching Sections details
INFO - 2020-07-12 23:04:09 --> Fetching holidays Details details
INFO - 2020-07-12 23:04:10 --> Controller "App\Controllers\Sections" loaded.
INFO - 2020-07-12 23:04:10 --> Fetching Sections details
INFO - 2020-07-12 23:04:10 --> Controller "App\Controllers\Holidays" loaded.
INFO - 2020-07-12 23:04:10 --> Fetching holidays Details details
INFO - 2020-07-12 23:04:37 --> Controller "App\Controllers\Sections" loaded.
INFO - 2020-07-12 23:04:37 --> Fetching Sections details
INFO - 2020-07-12 23:04:37 --> Controller "App\Controllers\Boards" loaded.
INFO - 2020-07-12 23:04:37 --> Fetching Boards details
INFO - 2020-07-12 23:04:37 --> Controller "App\Controllers\Events" loaded.
INFO - 2020-07-12 23:04:37 --> Fetching Events Details details
INFO - 2020-07-12 23:04:37 --> Controller "App\Controllers\Events" loaded.
INFO - 2020-07-12 23:04:37 --> Fetching Event details
INFO - 2020-07-12 23:04:37 --> Controller "App\Controllers\Events" loaded.
INFO - 2020-07-12 23:04:37 --> Fetching Events Details details
INFO - 2020-07-12 23:04:44 --> Controller "App\Controllers\Sections" loaded.
INFO - 2020-07-12 23:04:44 --> Fetching Sections details
INFO - 2020-07-12 23:04:45 --> Controller "App\Controllers\Sections" loaded.
INFO - 2020-07-12 23:04:45 --> Fetching Sections details
INFO - 2020-07-12 23:04:46 --> Controller "App\Controllers\Sections" loaded.
INFO - 2020-07-12 23:04:46 --> Fetching Sections details
INFO - 2020-07-12 23:05:11 --> Controller "App\Controllers\Sections" loaded.
INFO - 2020-07-12 23:05:11 --> Fetching Sections details
INFO - 2020-07-12 23:05:11 --> Controller "App\Controllers\Events" loaded.
INFO - 2020-07-12 23:05:11 --> Fetching Events Details details
INFO - 2020-07-12 23:05:16 --> Controller "App\Controllers\Sections" loaded.
INFO - 2020-07-12 23:05:16 --> Fetching Sections details
INFO - 2020-07-12 23:05:16 --> Controller "App\Controllers\Events" loaded.
INFO - 2020-07-12 23:05:16 --> Fetching Events Details details
INFO - 2020-07-12 23:07:58 --> Controller "App\Controllers\Sections" loaded.
INFO - 2020-07-12 23:07:58 --> Fetching Sections details
INFO - 2020-07-12 23:07:58 --> Controller "App\Controllers\Boards" loaded.
INFO - 2020-07-12 23:07:58 --> Fetching Boards details
INFO - 2020-07-12 23:07:58 --> Controller "App\Controllers\Events" loaded.
INFO - 2020-07-12 23:07:58 --> Fetching Events Details details
INFO - 2020-07-12 23:07:58 --> Controller "App\Controllers\Events" loaded.
INFO - 2020-07-12 23:07:58 --> Fetching Event details
INFO - 2020-07-12 23:07:58 --> Controller "App\Controllers\Events" loaded.
INFO - 2020-07-12 23:07:58 --> Fetching Events Details details
INFO - 2020-07-12 23:08:53 --> Controller "App\Controllers\Sections" loaded.
INFO - 2020-07-12 23:08:53 --> Fetching Sections details
INFO - 2020-07-12 23:08:54 --> Controller "App\Controllers\Sections" loaded.
INFO - 2020-07-12 23:08:54 --> Fetching Sections details
INFO - 2020-07-12 23:09:08 --> Controller "App\Controllers\Sections" loaded.
INFO - 2020-07-12 23:09:08 --> Fetching Sections details
INFO - 2020-07-12 23:09:09 --> Controller "App\Controllers\Sections" loaded.
INFO - 2020-07-12 23:09:09 --> Fetching Sections details
INFO - 2020-07-12 23:09:09 --> Controller "App\Controllers\Sections" loaded.
INFO - 2020-07-12 23:09:09 --> Fetching Sections details
INFO - 2020-07-12 23:09:28 --> Controller "App\Controllers\Sections" loaded.
INFO - 2020-07-12 23:09:28 --> Fetching Sections details
INFO - 2020-07-12 23:09:28 --> Controller "App\Controllers\Students" loaded.
INFO - 2020-07-12 23:09:28 --> Fetching All Leave details
INFO - 2020-07-12 23:10:39 --> Controller "App\Controllers\SubjectMasters" loaded.
INFO - 2020-07-12 23:10:39 --> Controller "App\Controllers\Sections" loaded.
INFO - 2020-07-12 23:10:39 --> Fetching SubjectMasters details
INFO - 2020-07-12 23:10:39 --> Controller "App\Controllers\Staffs" loaded.
INFO - 2020-07-12 23:10:39 --> Fetching Sections details
INFO - 2020-07-12 23:10:39 --> Fetching All Leave details
INFO - 2020-07-12 23:11:00 --> Controller "App\Controllers\SubjectMasters" loaded.
INFO - 2020-07-12 23:11:00 --> Fetching SubjectMasters details
INFO - 2020-07-12 23:11:00 --> Controller "App\Controllers\Sections" loaded.
INFO - 2020-07-12 23:11:00 --> Controller "App\Controllers\Staffs" loaded.
INFO - 2020-07-12 23:11:00 --> Fetching Sections details
INFO - 2020-07-12 23:11:00 --> Fetching All Leave details
INFO - 2020-07-12 23:11:13 --> Controller "App\Controllers\SubjectMasters" loaded.
INFO - 2020-07-12 23:11:13 --> Fetching SubjectMasters details
INFO - 2020-07-12 23:11:22 --> Controller "App\Controllers\Boards" loaded.
INFO - 2020-07-12 23:11:22 --> Fetching Boards details
INFO - 2020-07-12 23:11:22 --> Controller "App\Controllers\Sections" loaded.
INFO - 2020-07-12 23:11:22 --> Fetching Sections details
INFO - 2020-07-12 23:11:22 --> Controller "App\Controllers\Assignments" loaded.
INFO - 2020-07-12 23:11:22 --> Fetching Assignments Details details
INFO - 2020-07-12 23:11:22 --> Controller "App\Controllers\Assignments" loaded.
INFO - 2020-07-12 23:11:22 --> Controller "App\Controllers\SubjectStandards" loaded.
INFO - 2020-07-12 23:11:22 --> Fetching Assignments details
INFO - 2020-07-12 23:11:22 --> Fetching Subjects details
INFO - 2020-07-12 23:11:22 --> Controller "App\Controllers\Assignments" loaded.
INFO - 2020-07-12 23:11:22 --> Fetching Assignments Id details
INFO - 2020-07-12 23:11:22 --> Controller "App\Controllers\Assignments" loaded.
INFO - 2020-07-12 23:11:22 --> Controller "App\Controllers\Assignments" loaded.
INFO - 2020-07-12 23:11:22 --> Fetching Assignments Grade details
INFO - 2020-07-12 23:11:22 --> Controller "App\Controllers\Sections" loaded.
INFO - 2020-07-12 23:11:22 --> Fetching Sections details
INFO - 2020-07-12 23:11:22 --> Controller "App\Controllers\Assignments" loaded.
INFO - 2020-07-12 23:11:22 --> Fetching Assignments Details details
INFO - 2020-07-12 23:45:42 --> Controller "App\Controllers\Assignments" loaded.
INFO - 2020-07-12 23:45:42 --> Controller "App\Controllers\Students" loaded.
INFO - 2020-07-12 23:45:42 --> Fetching Assignments details
INFO - 2020-07-12 23:45:42 --> Fetching All Leave details
INFO - 2020-07-12 23:45:42 --> Controller "App\Controllers\Sections" loaded.
INFO - 2020-07-12 23:45:42 --> Fetching Sections details
INFO - 2020-07-12 23:45:59 --> Controller "App\Controllers\SubjectMasters" loaded.
INFO - 2020-07-12 23:45:59 --> Controller "App\Controllers\Sections" loaded.
INFO - 2020-07-12 23:45:59 --> Controller "App\Controllers\Staffs" loaded.
INFO - 2020-07-12 23:45:59 --> Fetching SubjectMasters details
INFO - 2020-07-12 23:45:59 --> Fetching All Leave details
INFO - 2020-07-12 23:45:59 --> Fetching Sections details
INFO - 2020-07-12 23:55:17 --> Controller "App\Controllers\Sections" loaded.
INFO - 2020-07-12 23:55:17 --> Controller "App\Controllers\SubjectMasters" loaded.
INFO - 2020-07-12 23:55:17 --> Fetching Sections details
INFO - 2020-07-12 23:55:17 --> Controller "App\Controllers\Staffs" loaded.
INFO - 2020-07-12 23:55:17 --> Fetching SubjectMasters details
INFO - 2020-07-12 23:55:17 --> Fetching All Leave details
