INFO - 2020-12-11 09:05:49 --> Controller "App\Controllers\UserMenus" loaded.
INFO - 2020-12-11 09:05:49 --> Fetching UserMenu details
INFO - 2020-12-11 09:05:51 --> Controller "App\Controllers\IIQAForm" loaded.
INFO - 2020-12-11 09:05:51 --> Fetching IIQA Details
INFO - 2020-12-11 09:05:54 --> Controller "App\Controllers\IIQAForm" loaded.
INFO - 2020-12-11 09:05:54 --> Fetching IIQA Details
INFO - 2020-12-11 09:05:54 --> Controller "App\Controllers\University" loaded.
INFO - 2020-12-11 09:05:54 --> Controller "App\Controllers\CommonFetch" loaded.
INFO - 2020-12-11 09:05:54 --> Fetching IIQA Details
INFO - 2020-12-11 09:05:54 --> Fetching IIQA Details
INFO - 2020-12-11 09:05:54 --> Controller "App\Controllers\IIQADocument" loaded.
INFO - 2020-12-11 09:05:54 --> Fetching Document Details
INFO - 2020-12-11 09:05:54 --> Controller "App\Controllers\CommonFetch" loaded.
INFO - 2020-12-11 09:05:54 --> Fetching IIQA Details
INFO - 2020-12-11 09:05:54 --> Controller "App\Controllers\IIQADocument" loaded.
INFO - 2020-12-11 09:05:54 --> Fetching Document Details
INFO - 2020-12-11 09:05:57 --> Controller "App\Controllers\IIQAForm" loaded.
INFO - 2020-12-11 09:05:57 --> Fetching IIQA Details
INFO - 2020-12-11 09:05:57 --> Controller "App\Controllers\CommonFetch" loaded.
INFO - 2020-12-11 09:05:57 --> Fetching Title Details
INFO - 2020-12-11 09:05:57 --> Controller "App\Controllers\CommonFetch" loaded.
INFO - 2020-12-11 09:05:57 --> Fetching Title Details
INFO - 2020-12-11 09:06:13 --> Controller "App\Controllers\IIQAForm" loaded.
INFO - 2020-12-11 09:06:13 --> Fetching IIQA Details
INFO - 2020-12-11 09:06:13 --> Controller "App\Controllers\IIQADocument" loaded.
INFO - 2020-12-11 09:06:13 --> Controller "App\Controllers\IIQADocument" loaded.
INFO - 2020-12-11 09:06:13 --> Fetching Document Details
INFO - 2020-12-11 09:06:13 --> Fetching Document Details
INFO - 2020-12-11 09:06:13 --> Controller "App\Controllers\IIQADocument" loaded.
INFO - 2020-12-11 09:06:13 --> Fetching Document Details
INFO - 2020-12-11 09:06:13 --> Controller "App\Controllers\Department" loaded.
INFO - 2020-12-11 09:06:13 --> Fetching IIQA Details
INFO - 2020-12-11 09:06:48 --> Controller "App\Controllers\IIQAForm" loaded.
INFO - 2020-12-11 09:06:48 --> Controller "App\Controllers\IIQAForm" loaded.
INFO - 2020-12-11 09:06:48 --> Fetching IIQA Details
INFO - 2020-12-11 09:06:55 --> Controller "App\Controllers\IIQAForm" loaded.
INFO - 2020-12-11 09:06:58 --> Controller "App\Controllers\UserMenus" loaded.
INFO - 2020-12-11 09:06:58 --> Fetching UserMenu details
INFO - 2020-12-11 09:06:59 --> Controller "App\Controllers\IIQAForm" loaded.
INFO - 2020-12-11 09:06:59 --> Fetching IIQA Details
INFO - 2020-12-11 09:07:05 --> Controller "App\Controllers\IIQAForm" loaded.
INFO - 2020-12-11 09:07:05 --> Fetching IIQA Details
INFO - 2020-12-11 09:07:08 --> Controller "App\Controllers\UserMenus" loaded.
INFO - 2020-12-11 09:07:08 --> Fetching UserMenu details
INFO - 2020-12-11 09:07:09 --> Controller "App\Controllers\UserMenus" loaded.
INFO - 2020-12-11 09:07:09 --> Fetching UserMenu details
INFO - 2020-12-11 09:07:11 --> Controller "App\Controllers\IIQAForm" loaded.
INFO - 2020-12-11 09:07:11 --> Fetching IIQA Details
INFO - 2020-12-11 09:07:11 --> Controller "App\Controllers\IIQADocument" loaded.
INFO - 2020-12-11 09:07:11 --> Fetching Document Details
INFO - 2020-12-11 09:07:11 --> Controller "App\Controllers\SSRForm" loaded.
INFO - 2020-12-11 09:07:11 --> Fetching IIQA Details
INFO - 2020-12-11 09:20:29 --> Controller "App\Controllers\UserMenus" loaded.
INFO - 2020-12-11 09:20:29 --> Fetching UserMenu details
INFO - 2020-12-11 09:20:30 --> Controller "App\Controllers\IIQAForm" loaded.
INFO - 2020-12-11 09:20:30 --> Fetching IIQA Details
INFO - 2020-12-11 09:20:56 --> Controller "App\Controllers\UserMenus" loaded.
INFO - 2020-12-11 09:20:56 --> Fetching UserMenu details
INFO - 2020-12-11 09:21:01 --> Controller "App\Controllers\IIQAForm" loaded.
INFO - 2020-12-11 09:21:01 --> Fetching IIQA Details
INFO - 2020-12-11 09:21:14 --> Controller "App\Controllers\UserMenus" loaded.
INFO - 2020-12-11 09:21:14 --> Fetching UserMenu details
INFO - 2020-12-11 09:21:20 --> Controller "App\Controllers\UserMenus" loaded.
INFO - 2020-12-11 09:21:20 --> Fetching UserMenu details
INFO - 2020-12-11 09:21:24 --> Controller "App\Controllers\IIQAForm" loaded.
INFO - 2020-12-11 09:21:24 --> Fetching IIQA Details
INFO - 2020-12-11 09:21:24 --> Controller "App\Controllers\IIQADocument" loaded.
INFO - 2020-12-11 09:21:24 --> Controller "App\Controllers\SSRForm" loaded.
INFO - 2020-12-11 09:21:24 --> Fetching Document Details
INFO - 2020-12-11 09:21:24 --> Fetching IIQA Details
INFO - 2020-12-11 09:21:48 --> Controller "App\Controllers\UserMenus" loaded.
INFO - 2020-12-11 09:21:48 --> Fetching UserMenu details
INFO - 2020-12-11 09:21:52 --> Controller "App\Controllers\UserMenus" loaded.
INFO - 2020-12-11 09:21:52 --> Fetching UserMenu details
INFO - 2020-12-11 09:23:51 --> Controller "App\Controllers\UserMenus" loaded.
INFO - 2020-12-11 09:23:51 --> Fetching UserMenu details
INFO - 2020-12-11 09:23:54 --> Controller "App\Controllers\IIQAForm" loaded.
INFO - 2020-12-11 09:23:54 --> Fetching IIQA Details
INFO - 2020-12-11 09:50:58 --> Controller "App\Controllers\UserMenus" loaded.
INFO - 2020-12-11 09:50:58 --> Fetching UserMenu details
INFO - 2020-12-11 09:50:59 --> Controller "App\Controllers\UserMenus" loaded.
INFO - 2020-12-11 09:50:59 --> Fetching UserMenu details
INFO - 2020-12-11 11:05:33 --> Controller "App\Controllers\UserMenus" loaded.
INFO - 2020-12-11 11:05:33 --> Fetching UserMenu details
INFO - 2020-12-11 11:05:34 --> Controller "App\Controllers\UserMenus" loaded.
INFO - 2020-12-11 11:05:34 --> Fetching UserMenu details
INFO - 2020-12-11 11:05:36 --> Controller "App\Controllers\IIQAForm" loaded.
INFO - 2020-12-11 11:05:36 --> Fetching IIQA Details
INFO - 2020-12-11 11:05:37 --> Controller "App\Controllers\IIQADocument" loaded.
INFO - 2020-12-11 11:05:37 --> Controller "App\Controllers\SSRForm" loaded.
INFO - 2020-12-11 11:05:37 --> Fetching Document Details
INFO - 2020-12-11 11:05:37 --> Fetching IIQA Details
INFO - 2020-12-11 11:06:54 --> Controller "App\Controllers\SSRForm" loaded.
INFO - 2020-12-11 11:07:46 --> Controller "App\Controllers\CommonFetch" loaded.
INFO - 2020-12-11 11:07:46 --> Fetching Uni-Language Details
INFO - 2020-12-11 11:07:46 --> Controller "App\Controllers\SSRForm" loaded.
INFO - 2020-12-11 11:07:46 --> Fetching IIQA Details
INFO - 2020-12-11 12:00:06 --> Controller "App\Controllers\UserMenus" loaded.
INFO - 2020-12-11 12:00:06 --> Fetching UserMenu details
INFO - 2020-12-11 12:00:10 --> Controller "App\Controllers\IIQAForm" loaded.
INFO - 2020-12-11 12:00:10 --> Fetching IIQA Details
INFO - 2020-12-11 12:00:10 --> Controller "App\Controllers\IIQADocument" loaded.
INFO - 2020-12-11 12:00:10 --> Fetching Document Details
INFO - 2020-12-11 12:00:10 --> Controller "App\Controllers\SSRForm" loaded.
INFO - 2020-12-11 12:00:10 --> Fetching IIQA Details
INFO - 2020-12-11 12:00:26 --> Controller "App\Controllers\CommonFetch" loaded.
INFO - 2020-12-11 12:00:26 --> Fetching Uni-Language Details
INFO - 2020-12-11 12:00:26 --> Controller "App\Controllers\SSRForm" loaded.
INFO - 2020-12-11 12:00:26 --> Fetching IIQA Details
INFO - 2020-12-11 12:03:31 --> Controller "App\Controllers\UserMenus" loaded.
INFO - 2020-12-11 12:03:31 --> Fetching UserMenu details
INFO - 2020-12-11 12:18:30 --> Controller "App\Controllers\IIQAForm" loaded.
INFO - 2020-12-11 12:18:30 --> Controller "App\Controllers\IIQADocument" loaded.
INFO - 2020-12-11 12:18:30 --> Controller "App\Controllers\SSRForm" loaded.
INFO - 2020-12-11 12:18:30 --> Fetching IIQA Details
INFO - 2020-12-11 12:18:30 --> Fetching Document Details
INFO - 2020-12-11 12:18:30 --> Fetching IIQA Details
INFO - 2020-12-11 12:23:51 --> Controller "App\Controllers\SSRForm" loaded.
INFO - 2020-12-11 12:23:57 --> Controller "App\Controllers\CommonFetch" loaded.
INFO - 2020-12-11 12:23:57 --> Fetching Uni-Language Details
INFO - 2020-12-11 12:23:57 --> Controller "App\Controllers\SSRForm" loaded.
INFO - 2020-12-11 12:23:57 --> Fetching IIQA Details
INFO - 2020-12-11 12:34:52 --> Controller "App\Controllers\UserMenus" loaded.
INFO - 2020-12-11 12:34:52 --> Fetching UserMenu details
INFO - 2020-12-11 12:35:42 --> Controller "App\Controllers\IIQAForm" loaded.
INFO - 2020-12-11 12:35:42 --> Fetching IIQA Details
INFO - 2020-12-11 12:35:42 --> Controller "App\Controllers\SSRForm" loaded.
INFO - 2020-12-11 12:35:42 --> Fetching IIQA Details
INFO - 2020-12-11 12:35:42 --> Controller "App\Controllers\IIQADocument" loaded.
INFO - 2020-12-11 12:35:42 --> Fetching Document Details
INFO - 2020-12-11 12:35:50 --> Controller "App\Controllers\CommonFetch" loaded.
INFO - 2020-12-11 12:35:50 --> Fetching Uni-Language Details
INFO - 2020-12-11 12:35:50 --> Controller "App\Controllers\SSRForm" loaded.
INFO - 2020-12-11 12:35:50 --> Fetching IIQA Details
INFO - 2020-12-11 12:42:55 --> Controller "App\Controllers\UserMenus" loaded.
INFO - 2020-12-11 12:42:55 --> Fetching UserMenu details
INFO - 2020-12-11 12:43:13 --> Controller "App\Controllers\IIQADocument" loaded.
INFO - 2020-12-11 12:43:13 --> Controller "App\Controllers\SSRForm" loaded.
INFO - 2020-12-11 12:43:13 --> Fetching Document Details
INFO - 2020-12-11 12:43:13 --> Fetching IIQA Details
INFO - 2020-12-11 12:43:13 --> Controller "App\Controllers\IIQAForm" loaded.
INFO - 2020-12-11 12:43:13 --> Fetching IIQA Details
INFO - 2020-12-11 12:46:42 --> Controller "App\Controllers\UserMenus" loaded.
INFO - 2020-12-11 12:46:42 --> Fetching UserMenu details
INFO - 2020-12-11 12:46:46 --> Controller "App\Controllers\IIQAForm" loaded.
INFO - 2020-12-11 12:46:46 --> Fetching IIQA Details
INFO - 2020-12-11 12:46:46 --> Controller "App\Controllers\IIQADocument" loaded.
INFO - 2020-12-11 12:46:46 --> Fetching Document Details
INFO - 2020-12-11 12:46:46 --> Controller "App\Controllers\SSRForm" loaded.
INFO - 2020-12-11 12:46:46 --> Fetching IIQA Details
INFO - 2020-12-11 12:46:56 --> Controller "App\Controllers\CommonFetch" loaded.
INFO - 2020-12-11 12:46:56 --> Controller "App\Controllers\SSRForm" loaded.
INFO - 2020-12-11 12:46:56 --> Fetching Uni-Language Details
INFO - 2020-12-11 12:46:56 --> Fetching IIQA Details
INFO - 2020-12-11 12:59:38 --> Controller "App\Controllers\UserMenus" loaded.
INFO - 2020-12-11 12:59:38 --> Fetching UserMenu details
INFO - 2020-12-11 12:59:45 --> Controller "App\Controllers\IIQAForm" loaded.
INFO - 2020-12-11 12:59:45 --> Controller "App\Controllers\IIQADocument" loaded.
INFO - 2020-12-11 12:59:45 --> Controller "App\Controllers\SSRForm" loaded.
INFO - 2020-12-11 12:59:45 --> Fetching IIQA Details
INFO - 2020-12-11 12:59:45 --> Fetching Document Details
INFO - 2020-12-11 12:59:45 --> Fetching IIQA Details
INFO - 2020-12-11 13:00:00 --> Controller "App\Controllers\SSRForm" loaded.
INFO - 2020-12-11 13:00:00 --> Controller "App\Controllers\CommonFetch" loaded.
INFO - 2020-12-11 13:00:00 --> Fetching Uni-Language Details
INFO - 2020-12-11 13:00:00 --> Fetching IIQA Details
INFO - 2020-12-11 13:01:17 --> Controller "App\Controllers\UserMenus" loaded.
INFO - 2020-12-11 13:01:17 --> Fetching UserMenu details
INFO - 2020-12-11 13:01:39 --> Controller "App\Controllers\IIQAForm" loaded.
INFO - 2020-12-11 13:01:39 --> Controller "App\Controllers\IIQADocument" loaded.
INFO - 2020-12-11 13:01:39 --> Fetching Document Details
INFO - 2020-12-11 13:01:39 --> Fetching IIQA Details
INFO - 2020-12-11 13:01:39 --> Controller "App\Controllers\SSRForm" loaded.
INFO - 2020-12-11 13:01:39 --> Fetching IIQA Details
INFO - 2020-12-11 13:01:49 --> Controller "App\Controllers\CommonFetch" loaded.
INFO - 2020-12-11 13:01:49 --> Controller "App\Controllers\SSRForm" loaded.
INFO - 2020-12-11 13:01:49 --> Fetching Uni-Language Details
INFO - 2020-12-11 13:01:49 --> Fetching IIQA Details
INFO - 2020-12-11 14:02:46 --> Controller "App\Controllers\UserMenus" loaded.
INFO - 2020-12-11 14:02:46 --> Fetching UserMenu details
INFO - 2020-12-11 14:02:52 --> Controller "App\Controllers\IIQAForm" loaded.
INFO - 2020-12-11 14:02:52 --> Fetching IIQA Details
INFO - 2020-12-11 14:02:52 --> Controller "App\Controllers\IIQADocument" loaded.
INFO - 2020-12-11 14:02:52 --> Fetching Document Details
INFO - 2020-12-11 14:02:52 --> Controller "App\Controllers\SSRForm" loaded.
INFO - 2020-12-11 14:02:52 --> Fetching IIQA Details
INFO - 2020-12-11 14:03:00 --> Controller "App\Controllers\CommonFetch" loaded.
INFO - 2020-12-11 14:03:00 --> Fetching Uni-Language Details
INFO - 2020-12-11 14:03:00 --> Controller "App\Controllers\SSRForm" loaded.
INFO - 2020-12-11 14:03:00 --> Fetching IIQA Details
INFO - 2020-12-11 14:05:09 --> Controller "App\Controllers\UserMenus" loaded.
INFO - 2020-12-11 14:05:09 --> Fetching UserMenu details
INFO - 2020-12-11 14:05:45 --> Controller "App\Controllers\IIQAForm" loaded.
INFO - 2020-12-11 14:05:45 --> Fetching IIQA Details
INFO - 2020-12-11 14:05:45 --> Controller "App\Controllers\IIQADocument" loaded.
INFO - 2020-12-11 14:05:45 --> Fetching Document Details
INFO - 2020-12-11 14:05:45 --> Controller "App\Controllers\SSRForm" loaded.
INFO - 2020-12-11 14:05:45 --> Fetching IIQA Details
INFO - 2020-12-11 14:05:55 --> Controller "App\Controllers\CommonFetch" loaded.
INFO - 2020-12-11 14:05:55 --> Fetching Uni-Language Details
INFO - 2020-12-11 14:05:55 --> Controller "App\Controllers\SSRForm" loaded.
INFO - 2020-12-11 14:05:55 --> Fetching IIQA Details
INFO - 2020-12-11 14:09:40 --> Controller "App\Controllers\UserMenus" loaded.
INFO - 2020-12-11 14:09:40 --> Fetching UserMenu details
INFO - 2020-12-11 14:10:09 --> Controller "App\Controllers\IIQAForm" loaded.
INFO - 2020-12-11 14:10:09 --> Fetching IIQA Details
INFO - 2020-12-11 14:10:09 --> Controller "App\Controllers\IIQADocument" loaded.
INFO - 2020-12-11 14:10:09 --> Fetching Document Details
INFO - 2020-12-11 14:10:09 --> Controller "App\Controllers\SSRForm" loaded.
INFO - 2020-12-11 14:10:09 --> Fetching IIQA Details
INFO - 2020-12-11 14:10:46 --> Controller "App\Controllers\CommonFetch" loaded.
INFO - 2020-12-11 14:10:46 --> Fetching Uni-Language Details
INFO - 2020-12-11 14:10:46 --> Controller "App\Controllers\SSRForm" loaded.
INFO - 2020-12-11 14:10:46 --> Fetching IIQA Details
INFO - 2020-12-11 14:13:29 --> Controller "App\Controllers\UserMenus" loaded.
INFO - 2020-12-11 14:13:29 --> Fetching UserMenu details
INFO - 2020-12-11 14:15:21 --> Controller "App\Controllers\IIQAForm" loaded.
INFO - 2020-12-11 14:15:21 --> Controller "App\Controllers\IIQADocument" loaded.
INFO - 2020-12-11 14:15:21 --> Fetching Document Details
INFO - 2020-12-11 14:15:21 --> Fetching IIQA Details
INFO - 2020-12-11 14:15:21 --> Controller "App\Controllers\SSRForm" loaded.
INFO - 2020-12-11 14:15:21 --> Fetching IIQA Details
INFO - 2020-12-11 14:15:32 --> Controller "App\Controllers\CommonFetch" loaded.
INFO - 2020-12-11 14:15:32 --> Controller "App\Controllers\SSRForm" loaded.
INFO - 2020-12-11 14:15:32 --> Fetching Uni-Language Details
INFO - 2020-12-11 14:15:32 --> Fetching IIQA Details
INFO - 2020-12-11 14:17:33 --> Controller "App\Controllers\UserMenus" loaded.
INFO - 2020-12-11 14:17:33 --> Fetching UserMenu details
INFO - 2020-12-11 14:17:59 --> Controller "App\Controllers\UserMenus" loaded.
INFO - 2020-12-11 14:17:59 --> Fetching UserMenu details
INFO - 2020-12-11 14:19:53 --> Controller "App\Controllers\UserMenus" loaded.
INFO - 2020-12-11 14:19:53 --> Fetching UserMenu details
INFO - 2020-12-11 14:20:16 --> Controller "App\Controllers\UserMenus" loaded.
INFO - 2020-12-11 14:20:16 --> Fetching UserMenu details
INFO - 2020-12-11 14:20:37 --> Controller "App\Controllers\UserMenus" loaded.
INFO - 2020-12-11 14:20:37 --> Fetching UserMenu details
INFO - 2020-12-11 14:22:21 --> Controller "App\Controllers\IIQAForm" loaded.
INFO - 2020-12-11 14:22:21 --> Controller "App\Controllers\SSRForm" loaded.
INFO - 2020-12-11 14:22:21 --> Controller "App\Controllers\IIQADocument" loaded.
INFO - 2020-12-11 14:22:21 --> Fetching IIQA Details
INFO - 2020-12-11 14:22:21 --> Fetching IIQA Details
INFO - 2020-12-11 14:22:21 --> Fetching Document Details
INFO - 2020-12-11 14:22:46 --> Controller "App\Controllers\UserMenus" loaded.
INFO - 2020-12-11 14:22:46 --> Fetching UserMenu details
INFO - 2020-12-11 14:23:03 --> Controller "App\Controllers\IIQAForm" loaded.
INFO - 2020-12-11 14:23:03 --> Fetching IIQA Details
INFO - 2020-12-11 14:23:03 --> Controller "App\Controllers\IIQADocument" loaded.
INFO - 2020-12-11 14:23:03 --> Fetching Document Details
INFO - 2020-12-11 14:23:03 --> Controller "App\Controllers\SSRForm" loaded.
INFO - 2020-12-11 14:23:03 --> Fetching IIQA Details
INFO - 2020-12-11 14:26:53 --> Controller "App\Controllers\UserMenus" loaded.
INFO - 2020-12-11 14:26:53 --> Fetching UserMenu details
INFO - 2020-12-11 14:28:43 --> Controller "App\Controllers\UserMenus" loaded.
INFO - 2020-12-11 14:28:43 --> Fetching UserMenu details
INFO - 2020-12-11 14:28:48 --> Controller "App\Controllers\IIQAForm" loaded.
INFO - 2020-12-11 14:28:48 --> Fetching IIQA Details
INFO - 2020-12-11 14:28:48 --> Controller "App\Controllers\SSRForm" loaded.
INFO - 2020-12-11 14:28:48 --> Controller "App\Controllers\IIQADocument" loaded.
INFO - 2020-12-11 14:28:48 --> Fetching IIQA Details
INFO - 2020-12-11 14:28:48 --> Fetching Document Details
INFO - 2020-12-11 14:31:15 --> Controller "App\Controllers\UserMenus" loaded.
INFO - 2020-12-11 14:31:15 --> Fetching UserMenu details
INFO - 2020-12-11 14:31:20 --> Controller "App\Controllers\IIQAForm" loaded.
INFO - 2020-12-11 14:31:20 --> Fetching IIQA Details
INFO - 2020-12-11 14:31:20 --> Controller "App\Controllers\IIQADocument" loaded.
INFO - 2020-12-11 14:31:20 --> Fetching Document Details
INFO - 2020-12-11 14:31:20 --> Controller "App\Controllers\SSRForm" loaded.
INFO - 2020-12-11 14:31:20 --> Fetching IIQA Details
INFO - 2020-12-11 14:32:46 --> Controller "App\Controllers\CommonFetch" loaded.
INFO - 2020-12-11 14:32:46 --> Controller "App\Controllers\SSRForm" loaded.
INFO - 2020-12-11 14:32:46 --> Fetching Uni-Language Details
INFO - 2020-12-11 14:32:46 --> Fetching IIQA Details
INFO - 2020-12-11 14:36:50 --> Controller "App\Controllers\UserMenus" loaded.
INFO - 2020-12-11 14:36:50 --> Fetching UserMenu details
INFO - 2020-12-11 14:36:54 --> Controller "App\Controllers\IIQAForm" loaded.
INFO - 2020-12-11 14:36:54 --> Fetching IIQA Details
INFO - 2020-12-11 14:36:54 --> Controller "App\Controllers\IIQADocument" loaded.
INFO - 2020-12-11 14:36:54 --> Fetching Document Details
INFO - 2020-12-11 14:36:54 --> Controller "App\Controllers\SSRForm" loaded.
INFO - 2020-12-11 14:36:54 --> Fetching IIQA Details
INFO - 2020-12-11 14:46:30 --> Controller "App\Controllers\SSRForm" loaded.
INFO - 2020-12-11 14:46:39 --> Controller "App\Controllers\SSRForm" loaded.
INFO - 2020-12-11 14:46:39 --> Controller "App\Controllers\CommonFetch" loaded.
INFO - 2020-12-11 14:46:39 --> Fetching Uni-Language Details
INFO - 2020-12-11 14:46:39 --> Fetching IIQA Details
INFO - 2020-12-11 15:12:32 --> Controller "App\Controllers\UserMenus" loaded.
INFO - 2020-12-11 15:12:32 --> Fetching UserMenu details
INFO - 2020-12-11 15:23:25 --> Controller "App\Controllers\IIQAForm" loaded.
INFO - 2020-12-11 15:23:25 --> Fetching IIQA Details
INFO - 2020-12-11 15:23:25 --> Controller "App\Controllers\IIQADocument" loaded.
INFO - 2020-12-11 15:23:25 --> Controller "App\Controllers\SSRForm" loaded.
INFO - 2020-12-11 15:23:25 --> Fetching Document Details
INFO - 2020-12-11 15:23:25 --> Fetching IIQA Details
INFO - 2020-12-11 15:26:31 --> Controller "App\Controllers\SSRForm" loaded.
INFO - 2020-12-11 15:26:36 --> Controller "App\Controllers\CommonFetch" loaded.
INFO - 2020-12-11 15:26:36 --> Fetching Uni-Language Details
INFO - 2020-12-11 15:26:36 --> Controller "App\Controllers\SSRForm" loaded.
INFO - 2020-12-11 15:26:36 --> Fetching IIQA Details
INFO - 2020-12-11 16:01:37 --> Controller "App\Controllers\UserMenus" loaded.
INFO - 2020-12-11 16:01:37 --> Fetching UserMenu details
INFO - 2020-12-11 16:02:09 --> Controller "App\Controllers\SSRForm" loaded.
INFO - 2020-12-11 16:02:09 --> Controller "App\Controllers\IIQADocument" loaded.
INFO - 2020-12-11 16:02:09 --> Controller "App\Controllers\IIQAForm" loaded.
INFO - 2020-12-11 16:02:09 --> Fetching IIQA Details
INFO - 2020-12-11 16:02:09 --> Fetching IIQA Details
INFO - 2020-12-11 16:02:09 --> Fetching Document Details
INFO - 2020-12-11 16:02:18 --> Controller "App\Controllers\SSRForm" loaded.
INFO - 2020-12-11 16:02:18 --> Controller "App\Controllers\CommonFetch" loaded.
INFO - 2020-12-11 16:02:18 --> Fetching IIQA Details
INFO - 2020-12-11 16:02:18 --> Fetching Uni-Language Details
INFO - 2020-12-11 16:05:11 --> Controller "App\Controllers\UserMenus" loaded.
INFO - 2020-12-11 16:05:11 --> Fetching UserMenu details
INFO - 2020-12-11 16:40:10 --> Controller "App\Controllers\UserMenus" loaded.
INFO - 2020-12-11 16:40:10 --> Fetching UserMenu details
INFO - 2020-12-11 16:46:56 --> Controller "App\Controllers\IIQADocument" loaded.
INFO - 2020-12-11 16:46:56 --> Controller "App\Controllers\IIQAForm" loaded.
INFO - 2020-12-11 16:46:56 --> Fetching Document Details
INFO - 2020-12-11 16:46:56 --> Fetching IIQA Details
INFO - 2020-12-11 16:46:56 --> Controller "App\Controllers\SSRForm" loaded.
INFO - 2020-12-11 16:46:56 --> Fetching IIQA Details
INFO - 2020-12-11 16:48:24 --> Controller "App\Controllers\UserMenus" loaded.
INFO - 2020-12-11 16:48:24 --> Fetching UserMenu details
INFO - 2020-12-11 16:48:27 --> Controller "App\Controllers\IIQAForm" loaded.
INFO - 2020-12-11 16:48:27 --> Fetching IIQA Details
INFO - 2020-12-11 16:48:27 --> Controller "App\Controllers\IIQADocument" loaded.
INFO - 2020-12-11 16:48:27 --> Fetching Document Details
INFO - 2020-12-11 16:48:27 --> Controller "App\Controllers\SSRForm" loaded.
INFO - 2020-12-11 16:48:27 --> Fetching IIQA Details
INFO - 2020-12-11 16:48:40 --> Controller "App\Controllers\SSRForm" loaded.
INFO - 2020-12-11 16:48:40 --> Controller "App\Controllers\CommonFetch" loaded.
INFO - 2020-12-11 16:48:40 --> Fetching IIQA Details
INFO - 2020-12-11 16:48:40 --> Fetching Uni-Language Details
INFO - 2020-12-11 16:53:24 --> Controller "App\Controllers\UserMenus" loaded.
INFO - 2020-12-11 16:53:24 --> Fetching UserMenu details
INFO - 2020-12-11 16:54:00 --> Controller "App\Controllers\IIQADocument" loaded.
INFO - 2020-12-11 16:54:00 --> Controller "App\Controllers\IIQAForm" loaded.
INFO - 2020-12-11 16:54:00 --> Fetching Document Details
INFO - 2020-12-11 16:54:00 --> Fetching IIQA Details
INFO - 2020-12-11 16:54:00 --> Controller "App\Controllers\SSRForm" loaded.
INFO - 2020-12-11 16:54:00 --> Fetching IIQA Details
INFO - 2020-12-11 16:54:12 --> Controller "App\Controllers\SSRForm" loaded.
INFO - 2020-12-11 16:54:12 --> Controller "App\Controllers\CommonFetch" loaded.
INFO - 2020-12-11 16:54:12 --> Fetching Uni-Language Details
INFO - 2020-12-11 16:54:12 --> Fetching IIQA Details
INFO - 2020-12-11 16:56:34 --> Controller "App\Controllers\UserMenus" loaded.
INFO - 2020-12-11 16:56:34 --> Fetching UserMenu details
INFO - 2020-12-11 16:56:51 --> Controller "App\Controllers\SSRForm" loaded.
INFO - 2020-12-11 16:56:51 --> Controller "App\Controllers\IIQAForm" loaded.
INFO - 2020-12-11 16:56:51 --> Controller "App\Controllers\IIQADocument" loaded.
INFO - 2020-12-11 16:56:51 --> Fetching IIQA Details
INFO - 2020-12-11 16:56:51 --> Fetching IIQA Details
INFO - 2020-12-11 16:56:51 --> Fetching Document Details
INFO - 2020-12-11 16:57:04 --> Controller "App\Controllers\CommonFetch" loaded.
INFO - 2020-12-11 16:57:04 --> Controller "App\Controllers\SSRForm" loaded.
INFO - 2020-12-11 16:57:04 --> Fetching IIQA Details
INFO - 2020-12-11 16:57:04 --> Fetching Uni-Language Details
INFO - 2020-12-11 17:07:23 --> Controller "App\Controllers\UserMenus" loaded.
INFO - 2020-12-11 17:07:23 --> Fetching UserMenu details
INFO - 2020-12-11 17:11:30 --> Controller "App\Controllers\IIQAForm" loaded.
INFO - 2020-12-11 17:11:30 --> Fetching IIQA Details
INFO - 2020-12-11 17:11:30 --> Controller "App\Controllers\IIQADocument" loaded.
INFO - 2020-12-11 17:11:30 --> Controller "App\Controllers\SSRForm" loaded.
INFO - 2020-12-11 17:11:30 --> Fetching Document Details
INFO - 2020-12-11 17:11:30 --> Fetching IIQA Details
INFO - 2020-12-11 17:12:04 --> Controller "App\Controllers\SSRForm" loaded.
INFO - 2020-12-11 17:12:11 --> Controller "App\Controllers\SSRForm" loaded.
INFO - 2020-12-11 17:12:11 --> Controller "App\Controllers\CommonFetch" loaded.
INFO - 2020-12-11 17:12:11 --> Fetching IIQA Details
INFO - 2020-12-11 17:12:11 --> Fetching Uni-Language Details
INFO - 2020-12-11 17:13:33 --> Controller "App\Controllers\UserMenus" loaded.
INFO - 2020-12-11 17:13:33 --> Fetching UserMenu details
INFO - 2020-12-11 17:13:36 --> Controller "App\Controllers\IIQAForm" loaded.
INFO - 2020-12-11 17:13:36 --> Fetching IIQA Details
INFO - 2020-12-11 17:13:36 --> Controller "App\Controllers\SSRForm" loaded.
INFO - 2020-12-11 17:13:36 --> Controller "App\Controllers\IIQADocument" loaded.
INFO - 2020-12-11 17:13:36 --> Fetching IIQA Details
INFO - 2020-12-11 17:13:36 --> Fetching Document Details
INFO - 2020-12-11 17:14:03 --> Controller "App\Controllers\SSRForm" loaded.
INFO - 2020-12-11 17:14:03 --> Controller "App\Controllers\CommonFetch" loaded.
INFO - 2020-12-11 17:14:03 --> Fetching IIQA Details
INFO - 2020-12-11 17:14:03 --> Fetching Uni-Language Details
INFO - 2020-12-11 17:17:21 --> Controller "App\Controllers\UserMenus" loaded.
INFO - 2020-12-11 17:17:21 --> Fetching UserMenu details
INFO - 2020-12-11 17:52:26 --> Controller "App\Controllers\UserMenus" loaded.
INFO - 2020-12-11 17:52:26 --> Fetching UserMenu details
INFO - 2020-12-11 18:00:19 --> Controller "App\Controllers\IIQADocument" loaded.
INFO - 2020-12-11 18:00:19 --> Fetching Document Details
INFO - 2020-12-11 18:00:19 --> Controller "App\Controllers\IIQAForm" loaded.
INFO - 2020-12-11 18:00:19 --> Controller "App\Controllers\SSRForm" loaded.
INFO - 2020-12-11 18:00:19 --> Fetching IIQA Details
INFO - 2020-12-11 18:00:19 --> Fetching IIQA Details
INFO - 2020-12-11 18:01:45 --> Controller "App\Controllers\CommonFetch" loaded.
INFO - 2020-12-11 18:01:45 --> Fetching Uni-Language Details
INFO - 2020-12-11 18:01:45 --> Controller "App\Controllers\SSRForm" loaded.
INFO - 2020-12-11 18:01:45 --> Fetching IIQA Details
INFO - 2020-12-11 18:02:54 --> Controller "App\Controllers\UserMenus" loaded.
INFO - 2020-12-11 18:02:54 --> Fetching UserMenu details
INFO - 2020-12-11 18:02:57 --> Controller "App\Controllers\IIQAForm" loaded.
INFO - 2020-12-11 18:02:57 --> Fetching IIQA Details
INFO - 2020-12-11 18:02:57 --> Controller "App\Controllers\SSRForm" loaded.
INFO - 2020-12-11 18:02:57 --> Controller "App\Controllers\IIQADocument" loaded.
INFO - 2020-12-11 18:02:57 --> Fetching IIQA Details
INFO - 2020-12-11 18:02:57 --> Fetching Document Details
INFO - 2020-12-11 18:04:35 --> Controller "App\Controllers\CommonFetch" loaded.
INFO - 2020-12-11 18:04:35 --> Controller "App\Controllers\SSRForm" loaded.
INFO - 2020-12-11 18:04:35 --> Fetching Uni-Language Details
INFO - 2020-12-11 18:04:35 --> Fetching IIQA Details
INFO - 2020-12-11 18:09:18 --> Controller "App\Controllers\UserMenus" loaded.
INFO - 2020-12-11 18:09:18 --> Fetching UserMenu details
INFO - 2020-12-11 18:25:33 --> Controller "App\Controllers\UserMenus" loaded.
INFO - 2020-12-11 18:25:33 --> Fetching UserMenu details
INFO - 2020-12-11 18:32:19 --> Controller "App\Controllers\UserMenus" loaded.
INFO - 2020-12-11 18:32:19 --> Fetching UserMenu details
INFO - 2020-12-11 18:33:24 --> Controller "App\Controllers\IIQAForm" loaded.
INFO - 2020-12-11 18:33:24 --> Controller "App\Controllers\IIQADocument" loaded.
INFO - 2020-12-11 18:33:24 --> Controller "App\Controllers\SSRForm" loaded.
INFO - 2020-12-11 18:33:24 --> Fetching IIQA Details
INFO - 2020-12-11 18:33:24 --> Fetching Document Details
INFO - 2020-12-11 18:33:24 --> Fetching IIQA Details
INFO - 2020-12-11 18:33:48 --> Controller "App\Controllers\SSRForm" loaded.
INFO - 2020-12-11 18:33:48 --> Fetching IIQA Details
INFO - 2020-12-11 18:33:48 --> Controller "App\Controllers\CommonFetch" loaded.
INFO - 2020-12-11 18:33:48 --> Fetching Uni-Language Details
INFO - 2020-12-11 18:34:30 --> Controller "App\Controllers\UserMenus" loaded.
INFO - 2020-12-11 18:34:30 --> Fetching UserMenu details
INFO - 2020-12-11 18:34:33 --> Controller "App\Controllers\IIQAForm" loaded.
INFO - 2020-12-11 18:34:33 --> Fetching IIQA Details
INFO - 2020-12-11 18:34:33 --> Controller "App\Controllers\IIQADocument" loaded.
INFO - 2020-12-11 18:34:33 --> Fetching Document Details
INFO - 2020-12-11 18:34:33 --> Controller "App\Controllers\SSRForm" loaded.
INFO - 2020-12-11 18:34:33 --> Fetching IIQA Details
INFO - 2020-12-11 18:35:01 --> Controller "App\Controllers\CommonFetch" loaded.
INFO - 2020-12-11 18:35:01 --> Fetching Uni-Language Details
INFO - 2020-12-11 18:35:01 --> Controller "App\Controllers\SSRForm" loaded.
INFO - 2020-12-11 18:35:01 --> Fetching IIQA Details
INFO - 2020-12-11 18:38:28 --> Controller "App\Controllers\UserMenus" loaded.
INFO - 2020-12-11 18:38:28 --> Fetching UserMenu details
INFO - 2020-12-11 18:38:30 --> Controller "App\Controllers\IIQAForm" loaded.
INFO - 2020-12-11 18:38:30 --> Fetching IIQA Details
INFO - 2020-12-11 18:38:31 --> Controller "App\Controllers\SSRForm" loaded.
INFO - 2020-12-11 18:38:31 --> Controller "App\Controllers\IIQADocument" loaded.
INFO - 2020-12-11 18:38:31 --> Fetching Document Details
INFO - 2020-12-11 18:38:31 --> Fetching IIQA Details
INFO - 2020-12-11 18:38:53 --> Controller "App\Controllers\CommonFetch" loaded.
INFO - 2020-12-11 18:38:53 --> Fetching Uni-Language Details
INFO - 2020-12-11 18:38:53 --> Controller "App\Controllers\SSRForm" loaded.
INFO - 2020-12-11 18:38:53 --> Fetching IIQA Details
INFO - 2020-12-11 19:01:50 --> Controller "App\Controllers\UserMenus" loaded.
INFO - 2020-12-11 19:01:50 --> Fetching UserMenu details
INFO - 2020-12-11 19:01:54 --> Controller "App\Controllers\IIQAForm" loaded.
INFO - 2020-12-11 19:01:54 --> Fetching IIQA Details
INFO - 2020-12-11 19:01:54 --> Controller "App\Controllers\IIQADocument" loaded.
INFO - 2020-12-11 19:01:54 --> Fetching Document Details
INFO - 2020-12-11 19:01:54 --> Controller "App\Controllers\SSRForm" loaded.
INFO - 2020-12-11 19:01:54 --> Fetching IIQA Details
INFO - 2020-12-11 19:11:18 --> Controller "App\Controllers\UserMenus" loaded.
INFO - 2020-12-11 19:11:18 --> Fetching UserMenu details
INFO - 2020-12-11 19:11:20 --> Controller "App\Controllers\IIQAForm" loaded.
INFO - 2020-12-11 19:11:20 --> Fetching IIQA Details
INFO - 2020-12-11 19:11:20 --> Controller "App\Controllers\IIQADocument" loaded.
INFO - 2020-12-11 19:11:20 --> Controller "App\Controllers\SSRForm" loaded.
INFO - 2020-12-11 19:11:20 --> Fetching Document Details
INFO - 2020-12-11 19:11:20 --> Fetching IIQA Details
INFO - 2020-12-11 19:11:31 --> Controller "App\Controllers\SSRForm" loaded.
INFO - 2020-12-11 19:11:31 --> Controller "App\Controllers\CommonFetch" loaded.
INFO - 2020-12-11 19:11:31 --> Fetching Uni-Language Details
INFO - 2020-12-11 19:11:31 --> Fetching IIQA Details
INFO - 2020-12-11 19:13:17 --> Controller "App\Controllers\UserMenus" loaded.
INFO - 2020-12-11 19:13:17 --> Fetching UserMenu details
INFO - 2020-12-11 19:17:02 --> Controller "App\Controllers\UserMenus" loaded.
INFO - 2020-12-11 19:17:02 --> Fetching UserMenu details
INFO - 2020-12-11 19:27:31 --> Controller "App\Controllers\UserMenus" loaded.
INFO - 2020-12-11 19:27:31 --> Fetching UserMenu details
INFO - 2020-12-11 19:27:39 --> Controller "App\Controllers\IIQAForm" loaded.
INFO - 2020-12-11 19:27:39 --> Fetching IIQA Details
INFO - 2020-12-11 19:27:39 --> Controller "App\Controllers\IIQADocument" loaded.
INFO - 2020-12-11 19:27:39 --> Fetching Document Details
INFO - 2020-12-11 19:27:39 --> Controller "App\Controllers\SSRForm" loaded.
INFO - 2020-12-11 19:27:39 --> Fetching IIQA Details
INFO - 2020-12-11 19:28:12 --> Controller "App\Controllers\CommonFetch" loaded.
INFO - 2020-12-11 19:28:12 --> Controller "App\Controllers\SSRForm" loaded.
INFO - 2020-12-11 19:28:12 --> Fetching Uni-Language Details
INFO - 2020-12-11 19:28:12 --> Fetching IIQA Details
INFO - 2020-12-11 19:28:28 --> Controller "App\Controllers\CommonFetch" loaded.
INFO - 2020-12-11 19:28:28 --> Fetching Uni-Language Details
INFO - 2020-12-11 19:28:28 --> Controller "App\Controllers\SSRForm" loaded.
INFO - 2020-12-11 19:28:28 --> Fetching IIQA Details
INFO - 2020-12-11 19:34:15 --> Controller "App\Controllers\CommonFetch" loaded.
INFO - 2020-12-11 19:34:15 --> Fetching Uni-Language Details
INFO - 2020-12-11 19:34:15 --> Controller "App\Controllers\SSRForm" loaded.
INFO - 2020-12-11 19:34:15 --> Fetching IIQA Details
INFO - 2020-12-11 19:34:32 --> Controller "App\Controllers\UserMenus" loaded.
INFO - 2020-12-11 19:34:32 --> Fetching UserMenu details
INFO - 2020-12-11 19:56:18 --> Controller "App\Controllers\IIQAForm" loaded.
INFO - 2020-12-11 19:56:18 --> Controller "App\Controllers\SSRForm" loaded.
INFO - 2020-12-11 19:56:18 --> Controller "App\Controllers\IIQADocument" loaded.
INFO - 2020-12-11 19:56:18 --> Fetching IIQA Details
INFO - 2020-12-11 19:56:18 --> Fetching IIQA Details
INFO - 2020-12-11 19:56:18 --> Fetching Document Details
INFO - 2020-12-11 19:56:59 --> Controller "App\Controllers\UserMenus" loaded.
INFO - 2020-12-11 19:56:59 --> Fetching UserMenu details
INFO - 2020-12-11 19:57:31 --> Controller "App\Controllers\IIQADocument" loaded.
INFO - 2020-12-11 19:57:31 --> Controller "App\Controllers\SSRForm" loaded.
INFO - 2020-12-11 19:57:31 --> Fetching Document Details
INFO - 2020-12-11 19:57:31 --> Fetching IIQA Details
INFO - 2020-12-11 19:57:31 --> Controller "App\Controllers\IIQAForm" loaded.
INFO - 2020-12-11 19:57:31 --> Fetching IIQA Details
INFO - 2020-12-11 19:57:46 --> Controller "App\Controllers\SSRForm" loaded.
INFO - 2020-12-11 19:57:46 --> Controller "App\Controllers\CommonFetch" loaded.
INFO - 2020-12-11 19:57:46 --> Fetching IIQA Details
INFO - 2020-12-11 19:57:46 --> Fetching Uni-Language Details
INFO - 2020-12-11 19:57:52 --> Controller "App\Controllers\CommonFetch" loaded.
INFO - 2020-12-11 19:57:52 --> Controller "App\Controllers\SSRForm" loaded.
INFO - 2020-12-11 19:57:52 --> Fetching Uni-Language Details
INFO - 2020-12-11 19:57:52 --> Fetching IIQA Details
INFO - 2020-12-11 20:01:25 --> Controller "App\Controllers\CommonFetch" loaded.
INFO - 2020-12-11 20:01:25 --> Fetching Uni-Language Details
INFO - 2020-12-11 20:01:25 --> Controller "App\Controllers\SSRForm" loaded.
INFO - 2020-12-11 20:01:25 --> Fetching IIQA Details
INFO - 2020-12-11 20:03:44 --> Controller "App\Controllers\SSRForm" loaded.
INFO - 2020-12-11 20:03:44 --> Controller "App\Controllers\CommonFetch" loaded.
INFO - 2020-12-11 20:03:44 --> Fetching IIQA Details
INFO - 2020-12-11 20:03:44 --> Fetching Uni-Language Details
INFO - 2020-12-11 20:04:22 --> Controller "App\Controllers\CommonFetch" loaded.
INFO - 2020-12-11 20:04:22 --> Controller "App\Controllers\SSRForm" loaded.
INFO - 2020-12-11 20:04:22 --> Fetching IIQA Details
INFO - 2020-12-11 20:04:22 --> Fetching Uni-Language Details
INFO - 2020-12-11 20:04:54 --> Controller "App\Controllers\UserMenus" loaded.
INFO - 2020-12-11 20:04:54 --> Fetching UserMenu details
INFO - 2020-12-11 20:06:28 --> Controller "App\Controllers\IIQAForm" loaded.
INFO - 2020-12-11 20:06:28 --> Fetching IIQA Details
INFO - 2020-12-11 20:06:28 --> Controller "App\Controllers\IIQADocument" loaded.
INFO - 2020-12-11 20:06:28 --> Fetching Document Details
INFO - 2020-12-11 20:06:28 --> Controller "App\Controllers\SSRForm" loaded.
INFO - 2020-12-11 20:06:28 --> Fetching IIQA Details
INFO - 2020-12-11 20:06:38 --> Controller "App\Controllers\CommonFetch" loaded.
INFO - 2020-12-11 20:06:38 --> Controller "App\Controllers\SSRForm" loaded.
INFO - 2020-12-11 20:06:38 --> Fetching Uni-Language Details
INFO - 2020-12-11 20:06:38 --> Fetching IIQA Details
INFO - 2020-12-11 20:06:54 --> Controller "App\Controllers\UserMenus" loaded.
INFO - 2020-12-11 20:06:54 --> Fetching UserMenu details
INFO - 2020-12-11 20:06:56 --> Controller "App\Controllers\IIQAForm" loaded.
INFO - 2020-12-11 20:06:56 --> Fetching IIQA Details
INFO - 2020-12-11 20:06:56 --> Controller "App\Controllers\IIQADocument" loaded.
INFO - 2020-12-11 20:06:56 --> Controller "App\Controllers\SSRForm" loaded.
INFO - 2020-12-11 20:06:56 --> Fetching Document Details
INFO - 2020-12-11 20:06:56 --> Fetching IIQA Details
INFO - 2020-12-11 20:07:02 --> Controller "App\Controllers\CommonFetch" loaded.
INFO - 2020-12-11 20:07:02 --> Fetching Uni-Language Details
INFO - 2020-12-11 20:07:02 --> Controller "App\Controllers\SSRForm" loaded.
INFO - 2020-12-11 20:07:02 --> Fetching IIQA Details
INFO - 2020-12-11 20:09:09 --> Controller "App\Controllers\UserMenus" loaded.
INFO - 2020-12-11 20:09:09 --> Fetching UserMenu details
INFO - 2020-12-11 20:09:11 --> Controller "App\Controllers\IIQAForm" loaded.
INFO - 2020-12-11 20:09:11 --> Fetching IIQA Details
INFO - 2020-12-11 20:09:11 --> Controller "App\Controllers\SSRForm" loaded.
INFO - 2020-12-11 20:09:11 --> Fetching IIQA Details
INFO - 2020-12-11 20:09:11 --> Controller "App\Controllers\IIQADocument" loaded.
INFO - 2020-12-11 20:09:11 --> Fetching Document Details
INFO - 2020-12-11 20:09:22 --> Controller "App\Controllers\CommonFetch" loaded.
INFO - 2020-12-11 20:09:22 --> Fetching Uni-Language Details
INFO - 2020-12-11 20:09:22 --> Controller "App\Controllers\SSRForm" loaded.
INFO - 2020-12-11 20:09:22 --> Fetching IIQA Details
INFO - 2020-12-11 20:09:49 --> Controller "App\Controllers\SSRForm" loaded.
INFO - 2020-12-11 20:09:49 --> Controller "App\Controllers\CommonFetch" loaded.
INFO - 2020-12-11 20:09:49 --> Fetching IIQA Details
INFO - 2020-12-11 20:09:49 --> Fetching Uni-Language Details
INFO - 2020-12-11 20:11:00 --> Controller "App\Controllers\CommonFetch" loaded.
INFO - 2020-12-11 20:11:00 --> Fetching Uni-Language Details
INFO - 2020-12-11 20:11:00 --> Controller "App\Controllers\SSRForm" loaded.
INFO - 2020-12-11 20:11:00 --> Fetching IIQA Details
INFO - 2020-12-11 20:16:23 --> Controller "App\Controllers\UserMenus" loaded.
INFO - 2020-12-11 20:16:23 --> Fetching UserMenu details
INFO - 2020-12-11 20:16:28 --> Controller "App\Controllers\SSRForm" loaded.
INFO - 2020-12-11 20:16:28 --> Controller "App\Controllers\IIQAForm" loaded.
INFO - 2020-12-11 20:16:28 --> Controller "App\Controllers\IIQADocument" loaded.
INFO - 2020-12-11 20:16:28 --> Fetching IIQA Details
INFO - 2020-12-11 20:16:28 --> Fetching Document Details
INFO - 2020-12-11 20:16:28 --> Fetching IIQA Details
INFO - 2020-12-11 20:17:12 --> Controller "App\Controllers\CommonFetch" loaded.
INFO - 2020-12-11 20:17:12 --> Controller "App\Controllers\SSRForm" loaded.
INFO - 2020-12-11 20:17:12 --> Fetching Uni-Language Details
INFO - 2020-12-11 20:17:12 --> Fetching IIQA Details
INFO - 2020-12-11 20:17:45 --> Controller "App\Controllers\CommonFetch" loaded.
INFO - 2020-12-11 20:17:45 --> Fetching Uni-Language Details
INFO - 2020-12-11 20:17:45 --> Controller "App\Controllers\SSRForm" loaded.
INFO - 2020-12-11 20:17:45 --> Fetching IIQA Details
INFO - 2020-12-11 20:18:15 --> Controller "App\Controllers\SSRForm" loaded.
INFO - 2020-12-11 20:18:15 --> Controller "App\Controllers\CommonFetch" loaded.
INFO - 2020-12-11 20:18:15 --> Fetching IIQA Details
INFO - 2020-12-11 20:18:15 --> Fetching Uni-Language Details
INFO - 2020-12-11 20:18:37 --> Controller "App\Controllers\CommonFetch" loaded.
INFO - 2020-12-11 20:18:37 --> Fetching Uni-Language Details
INFO - 2020-12-11 20:18:37 --> Controller "App\Controllers\SSRForm" loaded.
INFO - 2020-12-11 20:18:37 --> Fetching IIQA Details
INFO - 2020-12-11 20:24:13 --> Controller "App\Controllers\UserMenus" loaded.
INFO - 2020-12-11 20:24:13 --> Fetching UserMenu details
INFO - 2020-12-11 20:24:46 --> Controller "App\Controllers\IIQADocument" loaded.
INFO - 2020-12-11 20:24:46 --> Controller "App\Controllers\IIQAForm" loaded.
INFO - 2020-12-11 20:24:46 --> Fetching Document Details
INFO - 2020-12-11 20:24:46 --> Fetching IIQA Details
INFO - 2020-12-11 20:24:46 --> Controller "App\Controllers\SSRForm" loaded.
INFO - 2020-12-11 20:24:46 --> Fetching IIQA Details
INFO - 2020-12-11 20:24:53 --> Controller "App\Controllers\CommonFetch" loaded.
INFO - 2020-12-11 20:24:53 --> Fetching Uni-Language Details
INFO - 2020-12-11 20:24:53 --> Controller "App\Controllers\SSRForm" loaded.
INFO - 2020-12-11 20:24:53 --> Fetching IIQA Details
INFO - 2020-12-11 20:25:23 --> Controller "App\Controllers\CommonFetch" loaded.
INFO - 2020-12-11 20:25:23 --> Fetching Uni-Language Details
INFO - 2020-12-11 20:25:23 --> Controller "App\Controllers\SSRForm" loaded.
INFO - 2020-12-11 20:25:23 --> Fetching IIQA Details
INFO - 2020-12-11 20:30:36 --> Controller "App\Controllers\UserMenus" loaded.
INFO - 2020-12-11 20:30:36 --> Fetching UserMenu details
INFO - 2020-12-11 20:32:27 --> Controller "App\Controllers\UserMenus" loaded.
INFO - 2020-12-11 20:32:27 --> Fetching UserMenu details
INFO - 2020-12-11 20:33:53 --> Controller "App\Controllers\UserMenus" loaded.
INFO - 2020-12-11 20:33:53 --> Fetching UserMenu details
INFO - 2020-12-11 20:34:18 --> Controller "App\Controllers\UserMenus" loaded.
INFO - 2020-12-11 20:34:18 --> Fetching UserMenu details
INFO - 2020-12-11 20:34:20 --> Controller "App\Controllers\IIQAForm" loaded.
INFO - 2020-12-11 20:34:20 --> Fetching IIQA Details
INFO - 2020-12-11 20:34:20 --> Controller "App\Controllers\IIQADocument" loaded.
INFO - 2020-12-11 20:34:20 --> Fetching Document Details
INFO - 2020-12-11 20:34:20 --> Controller "App\Controllers\SSRForm" loaded.
INFO - 2020-12-11 20:34:20 --> Fetching IIQA Details
INFO - 2020-12-11 20:34:26 --> Controller "App\Controllers\CommonFetch" loaded.
INFO - 2020-12-11 20:34:26 --> Fetching Uni-Language Details
INFO - 2020-12-11 20:34:26 --> Controller "App\Controllers\SSRForm" loaded.
INFO - 2020-12-11 20:34:26 --> Fetching IIQA Details
INFO - 2020-12-11 20:34:31 --> Controller "App\Controllers\SSRForm" loaded.
INFO - 2020-12-11 20:34:31 --> Controller "App\Controllers\CommonFetch" loaded.
INFO - 2020-12-11 20:34:31 --> Fetching IIQA Details
INFO - 2020-12-11 20:34:31 --> Fetching Uni-Language Details
