INFO - 2020-05-11 00:00:00 --> Controller "App\Controllers\Sections" loaded.
INFO - 2020-05-11 00:00:00 --> Fetching Sections details
INFO - 2020-05-11 00:00:04 --> Controller "App\Controllers\Boards" loaded.
INFO - 2020-05-11 00:00:04 --> Controller "App\Controllers\Sections" loaded.
INFO - 2020-05-11 00:00:04 --> Controller "App\Controllers\Institutions" loaded.
INFO - 2020-05-11 00:00:04 --> Controller "App\Controllers\Standards" loaded.
INFO - 2020-05-11 00:00:04 --> Fetching Institution details
INFO - 2020-05-11 00:00:04 --> Fetching Standards details
INFO - 2020-05-11 00:00:04 --> Fetching Boards details
INFO - 2020-05-11 00:00:04 --> Fetching Sections details
INFO - 2020-05-11 00:00:06 --> Controller "App\Controllers\Holidays" loaded.
INFO - 2020-05-11 00:00:06 --> Fetching Holiday details
INFO - 2020-05-11 00:00:09 --> Controller "App\Controllers\Feedbacks" loaded.
INFO - 2020-05-11 00:00:09 --> Fetching Feedback details
INFO - 2020-05-11 00:00:14 --> Controller "App\Controllers\Sections" loaded.
INFO - 2020-05-11 00:00:14 --> Fetching Sections details
INFO - 2020-05-11 00:00:14 --> Controller "App\Controllers\Sections" loaded.
INFO - 2020-05-11 00:00:14 --> Fetching Sections details
INFO - 2020-05-11 00:00:15 --> Controller "App\Controllers\Sections" loaded.
INFO - 2020-05-11 00:00:15 --> Fetching Sections details
INFO - 2020-05-11 00:00:19 --> Controller "App\Controllers\Sections" loaded.
INFO - 2020-05-11 00:00:19 --> Fetching Sections details
INFO - 2020-05-11 00:00:21 --> Controller "App\Controllers\Staffs" loaded.
INFO - 2020-05-11 00:00:21 --> Fetching All Leave details
INFO - 2020-05-11 00:00:23 --> Controller "App\Controllers\Sections" loaded.
INFO - 2020-05-11 00:00:23 --> Fetching Sections details
INFO - 2020-05-11 00:00:25 --> Controller "App\Controllers\LeaveTypes" loaded.
INFO - 2020-05-11 00:00:25 --> Fetching LeaveTypes details
INFO - 2020-05-11 00:00:28 --> Controller "App\Controllers\LeaveApplications" loaded.
INFO - 2020-05-11 00:00:28 --> Controller "App\Controllers\LeaveApplications" loaded.
INFO - 2020-05-11 00:00:28 --> Fetching All Leave details
INFO - 2020-05-11 00:00:28 --> Fetching All Leave details
INFO - 2020-05-11 00:00:29 --> Controller "App\Controllers\SubjectMasters" loaded.
INFO - 2020-05-11 00:00:29 --> Controller "App\Controllers\Sections" loaded.
INFO - 2020-05-11 00:00:29 --> Fetching SubjectMasters details
INFO - 2020-05-11 00:00:29 --> Fetching Sections details
INFO - 2020-05-11 00:00:31 --> Controller "App\Controllers\Vehicles" loaded.
INFO - 2020-05-11 00:00:31 --> Controller "App\Controllers\RouteMasters" loaded.
INFO - 2020-05-11 00:00:31 --> Fetching Vehicles details
INFO - 2020-05-11 00:00:31 --> Fetching Route Master details
INFO - 2020-05-11 00:00:31 --> Controller "App\Controllers\Staffs" loaded.
INFO - 2020-05-11 00:00:31 --> Fetching All Leave details
INFO - 2020-05-11 00:00:33 --> Controller "App\Controllers\RouteMasters" loaded.
INFO - 2020-05-11 00:00:33 --> Fetching Route Master details
INFO - 2020-05-11 00:00:40 --> Controller "App\Controllers\Sections" loaded.
INFO - 2020-05-11 00:00:40 --> Fetching Sections details
INFO - 2020-05-11 00:00:40 --> Controller "App\Controllers\MessageGroups" loaded.
INFO - 2020-05-11 00:00:40 --> Fetching MessageGroups details
INFO - 2020-05-11 00:00:40 --> Controller "App\Controllers\Dashboards" loaded.
INFO - 2020-05-11 00:00:40 --> Fetching Dashboard details
INFO - 2020-05-11 00:00:49 --> Controller "App\Controllers\Institutions" loaded.
INFO - 2020-05-11 00:00:49 --> Controller "App\Controllers\Boards" loaded.
INFO - 2020-05-11 00:00:49 --> Fetching Boards details
INFO - 2020-05-11 00:00:49 --> Fetching Institution details
INFO - 2020-05-11 00:00:52 --> Controller "App\Controllers\Rooms" loaded.
INFO - 2020-05-11 00:00:52 --> Fetching room details
INFO - 2020-05-11 00:00:54 --> Controller "App\Controllers\MessageGroups" loaded.
INFO - 2020-05-11 00:00:54 --> Fetching MessageGroups details
INFO - 2020-05-11 00:01:00 --> Controller "App\Controllers\Sections" loaded.
INFO - 2020-05-11 00:01:00 --> Fetching Sections details
INFO - 2020-05-11 00:01:01 --> Controller "App\Controllers\Sections" loaded.
INFO - 2020-05-11 00:01:01 --> Fetching Sections details
INFO - 2020-05-11 00:01:06 --> Controller "App\Controllers\Organizations" loaded.
INFO - 2020-05-11 00:01:06 --> Fetching Organizations details
INFO - 2020-05-11 00:01:08 --> Controller "App\Controllers\Institutions" loaded.
INFO - 2020-05-11 00:01:08 --> Fetching Institution details
INFO - 2020-05-11 00:01:08 --> Controller "App\Controllers\Organizations" loaded.
INFO - 2020-05-11 00:01:08 --> Fetching Organizations details
INFO - 2020-05-11 00:01:09 --> Controller "App\Controllers\Organizations" loaded.
INFO - 2020-05-11 00:01:09 --> Fetching Organizations details
INFO - 2020-05-11 00:01:11 --> Controller "App\Controllers\Organizations" loaded.
INFO - 2020-05-11 00:01:11 --> Controller "App\Controllers\Institutions" loaded.
INFO - 2020-05-11 00:01:11 --> Fetching Institution details
INFO - 2020-05-11 00:01:11 --> Fetching Organizations details
INFO - 2020-05-11 00:01:11 --> Controller "App\Controllers\Sections" loaded.
INFO - 2020-05-11 00:01:11 --> Fetching Sections details
INFO - 2020-05-11 00:01:12 --> Controller "App\Controllers\Organizations" loaded.
INFO - 2020-05-11 00:01:12 --> Fetching Organizations details
INFO - 2020-05-11 00:01:13 --> Controller "App\Controllers\Institutions" loaded.
INFO - 2020-05-11 00:01:13 --> Controller "App\Controllers\Organizations" loaded.
INFO - 2020-05-11 00:01:13 --> Fetching Institution details
INFO - 2020-05-11 00:01:13 --> Fetching Organizations details
INFO - 2020-05-11 00:01:14 --> Controller "App\Controllers\Organizations" loaded.
INFO - 2020-05-11 00:01:14 --> Fetching Organizations details
INFO - 2020-05-11 00:01:20 --> Controller "App\Controllers\FeesMasters" loaded.
INFO - 2020-05-11 00:01:20 --> Fetching FeeMaster details
INFO - 2020-05-11 00:01:27 --> Controller "App\Controllers\Standards" loaded.
INFO - 2020-05-11 00:01:27 --> Fetching Standards Section details
INFO - 2020-05-11 00:01:27 --> Controller "App\Controllers\SubjectMasters" loaded.
INFO - 2020-05-11 00:01:27 --> Fetching SubjectMasters details
INFO - 2020-05-11 00:17:42 --> Controller "App\Controllers\Sections" loaded.
INFO - 2020-05-11 00:17:42 --> Controller "App\Controllers\Boards" loaded.
INFO - 2020-05-11 00:17:42 --> Controller "App\Controllers\Institutions" loaded.
INFO - 2020-05-11 00:17:42 --> Controller "App\Controllers\Standards" loaded.
INFO - 2020-05-11 00:17:42 --> Fetching Institution details
INFO - 2020-05-11 00:17:42 --> Fetching Standards details
INFO - 2020-05-11 00:17:42 --> Fetching Boards details
INFO - 2020-05-11 00:17:42 --> Fetching Sections details
INFO - 2020-05-11 00:17:53 --> Controller "App\Controllers\SubjectMasters" loaded.
INFO - 2020-05-11 00:17:53 --> Controller "App\Controllers\Sections" loaded.
INFO - 2020-05-11 00:17:53 --> Fetching SubjectMasters details
INFO - 2020-05-11 00:17:53 --> Fetching Sections details
INFO - 2020-05-11 00:17:56 --> Controller "App\Controllers\SubjectStandards" loaded.
INFO - 2020-05-11 00:17:56 --> Fetching Subjects details
INFO - 2020-05-11 00:18:03 --> Controller "App\Controllers\SubjectStandards" loaded.
INFO - 2020-05-11 00:18:03 --> Fetching Subjects details
INFO - 2020-05-11 00:18:05 --> Controller "App\Controllers\SubjectStandards" loaded.
INFO - 2020-05-11 00:18:05 --> Fetching Subjects details
INFO - 2020-05-11 00:18:06 --> Controller "App\Controllers\SubjectStandards" loaded.
INFO - 2020-05-11 00:18:06 --> Fetching Subjects details
INFO - 2020-05-11 00:25:25 --> Controller "App\Controllers\SubjectStandards" loaded.
INFO - 2020-05-11 00:25:25 --> Fetching Subjects details
INFO - 2020-05-11 00:25:28 --> Controller "App\Controllers\SubjectStandards" loaded.
INFO - 2020-05-11 00:25:28 --> Fetching Subjects details
INFO - 2020-05-11 00:25:29 --> Controller "App\Controllers\SubjectStandards" loaded.
INFO - 2020-05-11 00:25:29 --> Fetching Subjects details
INFO - 2020-05-11 00:27:55 --> Controller "App\Controllers\SubjectStandards" loaded.
INFO - 2020-05-11 00:27:55 --> Fetching Subjects details
INFO - 2020-05-11 00:34:15 --> Controller "App\Controllers\Sections" loaded.
INFO - 2020-05-11 00:34:15 --> Controller "App\Controllers\SubjectMasters" loaded.
INFO - 2020-05-11 00:34:15 --> Fetching SubjectMasters details
INFO - 2020-05-11 00:34:15 --> Fetching Sections details
INFO - 2020-05-11 00:34:17 --> Controller "App\Controllers\SubjectStandards" loaded.
INFO - 2020-05-11 00:34:17 --> Fetching Subjects details
INFO - 2020-05-11 00:34:25 --> Controller "App\Controllers\SubjectStandards" loaded.
INFO - 2020-05-11 00:34:25 --> Fetching Subjects details
INFO - 2020-05-11 00:34:46 --> Controller "App\Controllers\SubjectMasters" loaded.
INFO - 2020-05-11 00:34:46 --> Fetching SubjectMasters details
INFO - 2020-05-11 00:34:46 --> Controller "App\Controllers\Sections" loaded.
INFO - 2020-05-11 00:34:46 --> Fetching Sections details
INFO - 2020-05-11 00:34:49 --> Controller "App\Controllers\SubjectMasters" loaded.
INFO - 2020-05-11 00:34:49 --> Controller "App\Controllers\Sections" loaded.
INFO - 2020-05-11 00:34:49 --> Fetching SubjectMasters details
INFO - 2020-05-11 00:34:49 --> Fetching Sections details
INFO - 2020-05-11 00:34:50 --> Controller "App\Controllers\LeaveApplications" loaded.
INFO - 2020-05-11 00:34:50 --> Fetching All Leave details
INFO - 2020-05-11 00:34:50 --> Controller "App\Controllers\LeaveApplications" loaded.
INFO - 2020-05-11 00:34:50 --> Fetching All Leave details
INFO - 2020-05-11 00:34:52 --> Controller "App\Controllers\SubjectMasters" loaded.
INFO - 2020-05-11 00:34:52 --> Fetching SubjectMasters details
INFO - 2020-05-11 00:34:52 --> Controller "App\Controllers\Sections" loaded.
INFO - 2020-05-11 00:34:52 --> Fetching Sections details
INFO - 2020-05-11 00:35:15 --> Controller "App\Controllers\SubjectMasters" loaded.
INFO - 2020-05-11 00:35:15 --> Controller "App\Controllers\Sections" loaded.
INFO - 2020-05-11 00:35:15 --> Fetching SubjectMasters details
INFO - 2020-05-11 00:35:15 --> Fetching Sections details
INFO - 2020-05-11 00:35:17 --> Controller "App\Controllers\SubjectStandards" loaded.
INFO - 2020-05-11 00:35:17 --> Fetching Subjects details
INFO - 2020-05-11 00:35:22 --> Controller "App\Controllers\LeaveApplications" loaded.
INFO - 2020-05-11 00:35:22 --> Controller "App\Controllers\LeaveApplications" loaded.
INFO - 2020-05-11 00:35:22 --> Fetching All Leave details
INFO - 2020-05-11 00:35:22 --> Fetching All Leave details
INFO - 2020-05-11 00:35:23 --> Controller "App\Controllers\SubjectMasters" loaded.
INFO - 2020-05-11 00:35:23 --> Fetching SubjectMasters details
INFO - 2020-05-11 00:35:23 --> Controller "App\Controllers\Sections" loaded.
INFO - 2020-05-11 00:35:23 --> Fetching Sections details
INFO - 2020-05-11 00:35:27 --> Controller "App\Controllers\SubjectMasters" loaded.
INFO - 2020-05-11 00:35:27 --> Fetching SubjectMasters details
INFO - 2020-05-11 00:35:27 --> Controller "App\Controllers\Sections" loaded.
INFO - 2020-05-11 00:35:27 --> Fetching Sections details
INFO - 2020-05-11 00:35:30 --> Controller "App\Controllers\SubjectStandards" loaded.
INFO - 2020-05-11 00:35:30 --> Fetching Subjects details
INFO - 2020-05-11 00:35:35 --> Controller "App\Controllers\Users" loaded.
INFO - 2020-05-11 00:35:35 --> Fetching Users details
INFO - 2020-05-11 00:35:41 --> Controller "App\Controllers\Users" loaded.
INFO - 2020-05-11 00:35:41 --> Fetching Users details
INFO - 2020-05-11 00:35:46 --> Controller "App\Controllers\SubjectStandards" loaded.
INFO - 2020-05-11 00:35:46 --> Fetching Subjects details
INFO - 2020-05-11 00:35:54 --> Controller "App\Controllers\SubjectStandards" loaded.
INFO - 2020-05-11 00:35:54 --> Fetching Subjects details
INFO - 2020-05-11 00:35:59 --> Controller "App\Controllers\SubjectMasters" loaded.
INFO - 2020-05-11 00:35:59 --> Fetching SubjectMasters details
INFO - 2020-05-11 00:35:59 --> Controller "App\Controllers\Sections" loaded.
INFO - 2020-05-11 00:35:59 --> Fetching Sections details
INFO - 2020-05-11 00:36:33 --> Controller "App\Controllers\SubjectStandards" loaded.
INFO - 2020-05-11 00:36:33 --> Fetching SubjectStandards details
INFO - 2020-05-11 00:36:48 --> Controller "App\Controllers\SubjectStandards" loaded.
INFO - 2020-05-11 00:36:48 --> Fetching Subjects details
INFO - 2020-05-11 00:39:37 --> Controller "App\Controllers\Boards" loaded.
INFO - 2020-05-11 00:39:37 --> Fetching Boards details
INFO - 2020-05-11 00:39:37 --> Controller "App\Controllers\Institutions" loaded.
INFO - 2020-05-11 00:39:37 --> Fetching Institution details
INFO - 2020-05-11 00:39:41 --> Controller "App\Controllers\Rooms" loaded.
INFO - 2020-05-11 00:39:41 --> Fetching room details
INFO - 2020-05-11 00:39:43 --> Controller "App\Controllers\MessageGroups" loaded.
INFO - 2020-05-11 00:39:43 --> Fetching MessageGroups details
INFO - 2020-05-11 00:39:45 --> Controller "App\Controllers\Standards" loaded.
INFO - 2020-05-11 00:39:45 --> Fetching Standards details
INFO - 2020-05-11 00:39:45 --> Controller "App\Controllers\Boards" loaded.
INFO - 2020-05-11 00:39:45 --> Fetching Boards details
INFO - 2020-05-11 00:39:45 --> Controller "App\Controllers\Institutions" loaded.
INFO - 2020-05-11 00:39:45 --> Controller "App\Controllers\Standards" loaded.
INFO - 2020-05-11 00:39:45 --> Controller "App\Controllers\Standards" loaded.
INFO - 2020-05-11 00:39:45 --> Fetching Institution details
INFO - 2020-05-11 00:39:45 --> Fetching Standards details
INFO - 2020-05-11 00:39:45 --> Fetching Standards details
INFO - 2020-05-11 00:39:46 --> Controller "App\Controllers\Sections" loaded.
INFO - 2020-05-11 00:39:46 --> Controller "App\Controllers\Boards" loaded.
INFO - 2020-05-11 00:39:46 --> Fetching Boards details
INFO - 2020-05-11 00:39:46 --> Controller "App\Controllers\Institutions" loaded.
INFO - 2020-05-11 00:39:46 --> Fetching Sections details
INFO - 2020-05-11 00:39:46 --> Fetching Institution details
INFO - 2020-05-11 00:39:46 --> Controller "App\Controllers\Standards" loaded.
INFO - 2020-05-11 00:39:46 --> Fetching Standards details
INFO - 2020-05-11 00:39:48 --> Controller "App\Controllers\Holidays" loaded.
INFO - 2020-05-11 00:39:48 --> Fetching Holiday details
INFO - 2020-05-11 00:41:09 --> Controller "App\Controllers\SubjectStandards" loaded.
INFO - 2020-05-11 00:41:09 --> Fetching Subjects details
INFO - 2020-05-11 00:41:12 --> Controller "App\Controllers\SubjectStandards" loaded.
INFO - 2020-05-11 00:41:12 --> Fetching Subjects details
INFO - 2020-05-11 00:41:15 --> Controller "App\Controllers\SubjectMasters" loaded.
INFO - 2020-05-11 00:41:15 --> Fetching SubjectMasters details
INFO - 2020-05-11 00:41:15 --> Controller "App\Controllers\Sections" loaded.
INFO - 2020-05-11 00:41:15 --> Fetching Sections details
INFO - 2020-05-11 00:41:17 --> Controller "App\Controllers\SubjectStandards" loaded.
INFO - 2020-05-11 00:41:17 --> Fetching Subjects details
INFO - 2020-05-11 00:41:27 --> Controller "App\Controllers\SubjectStandards" loaded.
INFO - 2020-05-11 00:41:27 --> Fetching Subjects details
INFO - 2020-05-11 00:41:47 --> Controller "App\Controllers\SubjectStandards" loaded.
INFO - 2020-05-11 00:41:47 --> Fetching Subjects details
INFO - 2020-05-11 00:42:12 --> Controller "App\Controllers\SubjectStandards" loaded.
INFO - 2020-05-11 00:42:12 --> Fetching Subjects details
INFO - 2020-05-11 00:47:54 --> Controller "App\Controllers\SubjectStandards" loaded.
INFO - 2020-05-11 00:47:54 --> Fetching Subjects details
INFO - 2020-05-11 00:48:15 --> Controller "App\Controllers\SubjectStandards" loaded.
INFO - 2020-05-11 00:48:15 --> Fetching Subjects details
INFO - 2020-05-11 01:12:12 --> Controller "App\Controllers\SubjectStandards" loaded.
INFO - 2020-05-11 01:12:12 --> Fetching Subjects details
INFO - 2020-05-11 01:20:24 --> Controller "App\Controllers\Sections" loaded.
INFO - 2020-05-11 01:20:24 --> Controller "App\Controllers\MessageGroups" loaded.
INFO - 2020-05-11 01:20:24 --> Controller "App\Controllers\Dashboards" loaded.
INFO - 2020-05-11 01:20:24 --> Fetching Sections details
INFO - 2020-05-11 01:20:24 --> Fetching MessageGroups details
INFO - 2020-05-11 01:20:24 --> Fetching Dashboard details
INFO - 2020-05-11 01:23:18 --> Controller "App\Controllers\Sections" loaded.
INFO - 2020-05-11 01:23:18 --> Fetching Sections details
INFO - 2020-05-11 01:23:18 --> Controller "App\Controllers\Dashboards" loaded.
INFO - 2020-05-11 01:23:18 --> Controller "App\Controllers\MessageGroups" loaded.
INFO - 2020-05-11 01:23:18 --> Fetching MessageGroups details
INFO - 2020-05-11 01:23:18 --> Fetching Dashboard details
INFO - 2020-05-11 01:26:43 --> Controller "App\Controllers\SubjectMasters" loaded.
INFO - 2020-05-11 01:26:43 --> Controller "App\Controllers\Sections" loaded.
INFO - 2020-05-11 01:26:43 --> Fetching SubjectMasters details
INFO - 2020-05-11 01:26:43 --> Fetching Sections details
INFO - 2020-05-11 01:27:00 --> Controller "App\Controllers\SubjectMasters" loaded.
INFO - 2020-05-11 01:27:00 --> Fetching SubjectMasters details
INFO - 2020-05-11 01:51:33 --> Controller "App\Controllers\SubjectMasters" loaded.
INFO - 2020-05-11 01:51:33 --> Fetching SubjectMasters details
INFO - 2020-05-11 01:51:33 --> Controller "App\Controllers\Sections" loaded.
INFO - 2020-05-11 01:51:33 --> Fetching Sections details
INFO - 2020-05-11 01:51:34 --> Controller "App\Controllers\SubjectStandards" loaded.
INFO - 2020-05-11 01:51:34 --> Fetching Subjects details
INFO - 2020-05-11 01:51:37 --> Controller "App\Controllers\SubjectStandards" loaded.
INFO - 2020-05-11 01:51:37 --> Fetching SubjectStandards details
INFO - 2020-05-11 02:21:10 --> Controller "App\Controllers\Sections" loaded.
INFO - 2020-05-11 02:21:10 --> Controller "App\Controllers\MessageGroups" loaded.
INFO - 2020-05-11 02:21:10 --> Fetching MessageGroups details
INFO - 2020-05-11 02:21:10 --> Fetching Sections details
INFO - 2020-05-11 02:21:10 --> Controller "App\Controllers\Dashboards" loaded.
INFO - 2020-05-11 02:21:10 --> Fetching Dashboard details
INFO - 2020-05-11 02:22:43 --> Controller "App\Controllers\Students" loaded.
INFO - 2020-05-11 02:22:43 --> Fetching All Leave details
INFO - 2020-05-11 02:22:45 --> Controller "App\Controllers\Students" loaded.
INFO - 2020-05-11 02:22:45 --> Fetching All Leave details
INFO - 2020-05-11 02:22:47 --> Controller "App\Controllers\Students" loaded.
INFO - 2020-05-11 02:22:47 --> Fetching All Leave details
INFO - 2020-05-11 02:23:00 --> Controller "App\Controllers\Students" loaded.
INFO - 2020-05-11 02:23:00 --> Fetching All Leave details
INFO - 2020-05-11 02:23:02 --> Controller "App\Controllers\Students" loaded.
INFO - 2020-05-11 02:23:02 --> Fetching All Leave details
INFO - 2020-05-11 02:39:18 --> Controller "App\Controllers\SubjectMasters" loaded.
INFO - 2020-05-11 02:39:18 --> Controller "App\Controllers\Sections" loaded.
INFO - 2020-05-11 02:39:18 --> Fetching SubjectMasters details
INFO - 2020-05-11 02:39:18 --> Fetching Sections details
INFO - 2020-05-11 02:39:32 --> Controller "App\Controllers\Sections" loaded.
INFO - 2020-05-11 02:39:32 --> Controller "App\Controllers\SubjectMasters" loaded.
INFO - 2020-05-11 02:39:32 --> Fetching Sections details
INFO - 2020-05-11 02:39:32 --> Fetching SubjectMasters details
INFO - 2020-05-11 02:39:37 --> Controller "App\Controllers\SubjectStandards" loaded.
INFO - 2020-05-11 02:39:37 --> Fetching Subjects details
INFO - 2020-05-11 02:42:23 --> Controller "App\Controllers\SubjectMasters" loaded.
INFO - 2020-05-11 02:42:23 --> Fetching SubjectMasters details
INFO - 2020-05-11 02:42:23 --> Controller "App\Controllers\Sections" loaded.
INFO - 2020-05-11 02:42:23 --> Fetching Sections details
INFO - 2020-05-11 02:42:25 --> Controller "App\Controllers\SubjectStandards" loaded.
INFO - 2020-05-11 02:42:25 --> Fetching Subjects details
INFO - 2020-05-11 03:02:35 --> Controller "App\Controllers\SubjectMasters" loaded.
INFO - 2020-05-11 03:02:35 --> Fetching SubjectMasters details
INFO - 2020-05-11 03:02:35 --> Controller "App\Controllers\Sections" loaded.
INFO - 2020-05-11 03:02:35 --> Fetching Sections details
INFO - 2020-05-11 03:02:38 --> Controller "App\Controllers\SubjectStandards" loaded.
INFO - 2020-05-11 03:02:38 --> Fetching Subjects details
INFO - 2020-05-11 03:03:27 --> Controller "App\Controllers\SubjectMasters" loaded.
INFO - 2020-05-11 03:03:27 --> Fetching SubjectMasters details
INFO - 2020-05-11 03:03:27 --> Controller "App\Controllers\Sections" loaded.
INFO - 2020-05-11 03:03:27 --> Fetching Sections details
INFO - 2020-05-11 03:03:29 --> Controller "App\Controllers\SubjectStandards" loaded.
INFO - 2020-05-11 03:03:29 --> Fetching Subjects details
INFO - 2020-05-11 03:09:48 --> Controller "App\Controllers\SubjectStandards" loaded.
INFO - 2020-05-11 03:09:48 --> Fetching Subjects details
INFO - 2020-05-11 03:09:56 --> Controller "App\Controllers\SubjectStandards" loaded.
INFO - 2020-05-11 03:09:56 --> Fetching Subjects details
INFO - 2020-05-11 03:10:34 --> Controller "App\Controllers\SubjectStandards" loaded.
INFO - 2020-05-11 03:10:34 --> Fetching Subjects details
INFO - 2020-05-11 03:15:50 --> Controller "App\Controllers\SubjectMasters" loaded.
INFO - 2020-05-11 03:15:50 --> Fetching SubjectMasters details
INFO - 2020-05-11 03:15:50 --> Controller "App\Controllers\Sections" loaded.
INFO - 2020-05-11 03:15:50 --> Fetching Sections details
INFO - 2020-05-11 03:15:54 --> Controller "App\Controllers\SubjectStandards" loaded.
INFO - 2020-05-11 03:15:54 --> Fetching Subjects details
INFO - 2020-05-11 03:17:56 --> Controller "App\Controllers\SubjectMasters" loaded.
INFO - 2020-05-11 03:17:56 --> Fetching SubjectMasters details
INFO - 2020-05-11 03:17:56 --> Controller "App\Controllers\Sections" loaded.
INFO - 2020-05-11 03:17:56 --> Fetching Sections details
INFO - 2020-05-11 03:17:59 --> Controller "App\Controllers\SubjectStandards" loaded.
INFO - 2020-05-11 03:17:59 --> Fetching Subjects details
INFO - 2020-05-11 03:18:37 --> Controller "App\Controllers\SubjectMasters" loaded.
INFO - 2020-05-11 03:18:37 --> Fetching SubjectMasters details
INFO - 2020-05-11 03:18:37 --> Controller "App\Controllers\Sections" loaded.
INFO - 2020-05-11 03:18:37 --> Fetching Sections details
INFO - 2020-05-11 03:18:39 --> Controller "App\Controllers\SubjectStandards" loaded.
INFO - 2020-05-11 03:18:39 --> Fetching Subjects details
INFO - 2020-05-11 03:19:34 --> Controller "App\Controllers\SubjectMasters" loaded.
INFO - 2020-05-11 03:19:34 --> Controller "App\Controllers\Sections" loaded.
ERROR - 2020-05-11 03:19:34 --> Access denied for user '****'@'localhost' (using password: NO)
ERROR - 2020-05-11 03:19:34 --> Access denied for user '****'@'localhost' (using password: NO)
INFO - 2020-05-11 03:21:02 --> Controller "App\Controllers\Boards" loaded.
INFO - 2020-05-11 03:21:02 --> Fetching Boards details
INFO - 2020-05-11 03:21:30 --> Controller "App\Controllers\Boards" loaded.
INFO - 2020-05-11 03:21:30 --> Fetching Boards details
INFO - 2020-05-11 03:21:30 --> Controller "App\Controllers\Institutions" loaded.
INFO - 2020-05-11 03:21:30 --> Fetching Institution details
INFO - 2020-05-11 03:21:34 --> Controller "App\Controllers\Rooms" loaded.
INFO - 2020-05-11 03:21:34 --> Fetching room details
INFO - 2020-05-11 03:21:36 --> Controller "App\Controllers\Boards" loaded.
INFO - 2020-05-11 03:21:36 --> Fetching Boards details
INFO - 2020-05-11 03:21:37 --> Controller "App\Controllers\Institutions" loaded.
INFO - 2020-05-11 03:21:37 --> Fetching Institution details
INFO - 2020-05-11 03:21:46 --> Controller "App\Controllers\Rooms" loaded.
INFO - 2020-05-11 03:21:46 --> Fetching room details
INFO - 2020-05-11 03:21:48 --> Controller "App\Controllers\Boards" loaded.
INFO - 2020-05-11 03:21:48 --> Fetching Boards details
INFO - 2020-05-11 03:21:48 --> Controller "App\Controllers\Institutions" loaded.
INFO - 2020-05-11 03:21:48 --> Fetching Institution details
INFO - 2020-05-11 03:21:58 --> Controller "App\Controllers\SubjectMasters" loaded.
INFO - 2020-05-11 03:21:58 --> Fetching SubjectMasters details
INFO - 2020-05-11 03:21:58 --> Controller "App\Controllers\Sections" loaded.
INFO - 2020-05-11 03:21:58 --> Fetching Sections details
INFO - 2020-05-11 03:22:01 --> Controller "App\Controllers\SubjectStandards" loaded.
INFO - 2020-05-11 03:22:01 --> Fetching Subjects details
INFO - 2020-05-11 03:24:51 --> Controller "App\Controllers\SubjectMasters" loaded.
INFO - 2020-05-11 03:24:51 --> Fetching SubjectMasters details
INFO - 2020-05-11 03:25:06 --> Controller "App\Controllers\SubjectMasters" loaded.
INFO - 2020-05-11 03:25:06 --> Fetching SubjectMasters details
INFO - 2020-05-11 03:25:20 --> Controller "App\Controllers\SubjectMasters" loaded.
INFO - 2020-05-11 03:25:20 --> Fetching SubjectMasters details
INFO - 2020-05-11 03:25:39 --> Controller "App\Controllers\SubjectMasters" loaded.
INFO - 2020-05-11 03:25:39 --> Fetching SubjectMasters details
INFO - 2020-05-11 03:25:49 --> Controller "App\Controllers\SubjectMasters" loaded.
INFO - 2020-05-11 03:25:49 --> Fetching SubjectMasters details
INFO - 2020-05-11 03:30:11 --> Controller "App\Controllers\Rooms" loaded.
INFO - 2020-05-11 03:31:00 --> Controller "App\Controllers\SubjectMasters" loaded.
INFO - 2020-05-11 03:31:00 --> Fetching SubjectMasters details
INFO - 2020-05-11 03:31:00 --> Controller "App\Controllers\Sections" loaded.
INFO - 2020-05-11 03:31:00 --> Fetching Sections details
INFO - 2020-05-11 03:31:04 --> Controller "App\Controllers\SubjectStandards" loaded.
INFO - 2020-05-11 03:31:04 --> Fetching Subjects details
INFO - 2020-05-11 03:31:26 --> Controller "App\Controllers\SubjectMasters" loaded.
INFO - 2020-05-11 03:31:26 --> Fetching SubjectMasters details
INFO - 2020-05-11 03:31:26 --> Controller "App\Controllers\Sections" loaded.
INFO - 2020-05-11 03:31:26 --> Fetching Sections details
INFO - 2020-05-11 03:32:14 --> Controller "App\Controllers\Boards" loaded.
INFO - 2020-05-11 03:32:14 --> Fetching Boards details
INFO - 2020-05-11 03:32:14 --> Controller "App\Controllers\Institutions" loaded.
INFO - 2020-05-11 03:32:14 --> Fetching Institution details
INFO - 2020-05-11 03:32:18 --> Controller "App\Controllers\Rooms" loaded.
INFO - 2020-05-11 03:32:18 --> Fetching room details
INFO - 2020-05-11 03:32:20 --> Controller "App\Controllers\MessageGroups" loaded.
INFO - 2020-05-11 03:32:20 --> Fetching MessageGroups details
INFO - 2020-05-11 03:32:23 --> Controller "App\Controllers\SubjectMasters" loaded.
INFO - 2020-05-11 03:32:23 --> Fetching SubjectMasters details
INFO - 2020-05-11 03:32:23 --> Controller "App\Controllers\Sections" loaded.
INFO - 2020-05-11 03:32:23 --> Fetching Sections details
INFO - 2020-05-11 03:32:49 --> Controller "App\Controllers\SubjectStandards" loaded.
INFO - 2020-05-11 03:32:49 --> Fetching Subjects details
INFO - 2020-05-11 03:33:30 --> Controller "App\Controllers\SubjectStandards" loaded.
INFO - 2020-05-11 03:33:30 --> Fetching Subjects details
INFO - 2020-05-11 03:37:18 --> Controller "App\Controllers\SubjectMasters" loaded.
INFO - 2020-05-11 03:37:18 --> Controller "App\Controllers\Sections" loaded.
INFO - 2020-05-11 03:37:18 --> Fetching SubjectMasters details
INFO - 2020-05-11 03:37:18 --> Fetching Sections details
INFO - 2020-05-11 03:37:20 --> Controller "App\Controllers\SubjectStandards" loaded.
INFO - 2020-05-11 03:37:20 --> Fetching Subjects details
INFO - 2020-05-11 03:39:29 --> Controller "App\Controllers\SubjectMasters" loaded.
INFO - 2020-05-11 03:39:29 --> Fetching SubjectMasters details
INFO - 2020-05-11 03:39:29 --> Controller "App\Controllers\Sections" loaded.
INFO - 2020-05-11 03:39:29 --> Fetching Sections details
INFO - 2020-05-11 03:39:32 --> Controller "App\Controllers\SubjectStandards" loaded.
INFO - 2020-05-11 03:39:32 --> Fetching Subjects details
INFO - 2020-05-11 03:40:17 --> Controller "App\Controllers\SubjectMasters" loaded.
INFO - 2020-05-11 03:40:17 --> Fetching SubjectMasters details
INFO - 2020-05-11 03:40:17 --> Controller "App\Controllers\Sections" loaded.
INFO - 2020-05-11 03:40:17 --> Fetching Sections details
INFO - 2020-05-11 03:41:50 --> Controller "App\Controllers\SubjectMasters" loaded.
INFO - 2020-05-11 03:41:50 --> Fetching SubjectMasters details
INFO - 2020-05-11 03:41:50 --> Controller "App\Controllers\Sections" loaded.
INFO - 2020-05-11 03:41:50 --> Fetching Sections details
INFO - 2020-05-11 03:45:57 --> Controller "App\Controllers\SubjectMasters" loaded.
INFO - 2020-05-11 03:45:57 --> Fetching SubjectMasters details
INFO - 2020-05-11 03:45:57 --> Controller "App\Controllers\Sections" loaded.
INFO - 2020-05-11 03:45:57 --> Fetching Sections details
INFO - 2020-05-11 03:45:59 --> Controller "App\Controllers\SubjectStandards" loaded.
INFO - 2020-05-11 03:45:59 --> Fetching Subjects details
INFO - 2020-05-11 03:46:50 --> Controller "App\Controllers\SubjectMasters" loaded.
INFO - 2020-05-11 03:46:50 --> Fetching SubjectMasters details
INFO - 2020-05-11 03:46:50 --> Controller "App\Controllers\Sections" loaded.
INFO - 2020-05-11 03:46:50 --> Fetching Sections details
INFO - 2020-05-11 03:46:52 --> Controller "App\Controllers\SubjectStandards" loaded.
INFO - 2020-05-11 03:46:52 --> Fetching Subjects details
INFO - 2020-05-11 03:49:13 --> Controller "App\Controllers\SubjectMasters" loaded.
INFO - 2020-05-11 03:49:13 --> Fetching SubjectMasters details
INFO - 2020-05-11 03:49:13 --> Controller "App\Controllers\Sections" loaded.
INFO - 2020-05-11 03:49:13 --> Fetching Sections details
INFO - 2020-05-11 03:49:30 --> Controller "App\Controllers\SubjectMasters" loaded.
INFO - 2020-05-11 03:49:30 --> Fetching SubjectMasters details
INFO - 2020-05-11 03:49:30 --> Controller "App\Controllers\Sections" loaded.
INFO - 2020-05-11 03:49:30 --> Fetching Sections details
INFO - 2020-05-11 03:49:49 --> Controller "App\Controllers\Sections" loaded.
INFO - 2020-05-11 03:49:49 --> Controller "App\Controllers\SubjectMasters" loaded.
INFO - 2020-05-11 03:49:49 --> Fetching SubjectMasters details
INFO - 2020-05-11 03:49:49 --> Fetching Sections details
INFO - 2020-05-11 03:49:50 --> Controller "App\Controllers\SubjectStandards" loaded.
INFO - 2020-05-11 03:49:50 --> Fetching Subjects details
INFO - 2020-05-11 03:50:26 --> Controller "App\Controllers\Sections" loaded.
INFO - 2020-05-11 03:50:26 --> Controller "App\Controllers\SubjectMasters" loaded.
INFO - 2020-05-11 03:50:26 --> Fetching SubjectMasters details
INFO - 2020-05-11 03:50:26 --> Fetching Sections details
INFO - 2020-05-11 03:50:29 --> Controller "App\Controllers\SubjectStandards" loaded.
INFO - 2020-05-11 03:50:29 --> Fetching Subjects details
INFO - 2020-05-11 03:53:01 --> Controller "App\Controllers\SubjectMasters" loaded.
INFO - 2020-05-11 03:53:01 --> Fetching SubjectMasters details
INFO - 2020-05-11 04:20:57 --> Controller "App\Controllers\SubjectMasters" loaded.
INFO - 2020-05-11 04:21:35 --> Controller "App\Controllers\Sections" loaded.
INFO - 2020-05-11 04:21:35 --> Fetching Sections details
INFO - 2020-05-11 04:21:35 --> Controller "App\Controllers\MessageGroups" loaded.
INFO - 2020-05-11 04:21:35 --> Fetching MessageGroups details
INFO - 2020-05-11 04:21:35 --> Controller "App\Controllers\Dashboards" loaded.
INFO - 2020-05-11 04:21:35 --> Fetching Dashboard details
INFO - 2020-05-11 04:26:32 --> Controller "App\Controllers\SubjectMasters" loaded.
INFO - 2020-05-11 04:30:07 --> Controller "App\Controllers\SubjectMasters" loaded.
INFO - 2020-05-11 04:36:57 --> Controller "App\Controllers\SubjectMasters" loaded.
INFO - 2020-05-11 04:39:18 --> Controller "App\Controllers\SubjectMasters" loaded.
INFO - 2020-05-11 04:44:15 --> Controller "App\Controllers\SubjectMasters" loaded.
INFO - 2020-05-11 04:52:41 --> Controller "App\Controllers\Sections" loaded.
INFO - 2020-05-11 04:52:41 --> Fetching Sections details
INFO - 2020-05-11 04:52:41 --> Controller "App\Controllers\MessageGroups" loaded.
INFO - 2020-05-11 04:52:41 --> Fetching MessageGroups details
INFO - 2020-05-11 04:52:41 --> Controller "App\Controllers\Dashboards" loaded.
INFO - 2020-05-11 04:52:41 --> Fetching Dashboard details
INFO - 2020-05-11 04:53:16 --> Controller "App\Controllers\Sections" loaded.
INFO - 2020-05-11 04:53:16 --> Fetching Sections details
INFO - 2020-05-11 04:53:17 --> Controller "App\Controllers\MessageGroups" loaded.
INFO - 2020-05-11 04:53:17 --> Fetching MessageGroups details
INFO - 2020-05-11 04:53:17 --> Controller "App\Controllers\Dashboards" loaded.
INFO - 2020-05-11 04:53:17 --> Fetching Dashboard details
INFO - 2020-05-11 04:53:30 --> Controller "App\Controllers\Sections" loaded.
INFO - 2020-05-11 04:53:30 --> Fetching Sections details
INFO - 2020-05-11 04:53:30 --> Controller "App\Controllers\MessageGroups" loaded.
INFO - 2020-05-11 04:53:30 --> Fetching MessageGroups details
INFO - 2020-05-11 04:53:30 --> Controller "App\Controllers\Dashboards" loaded.
INFO - 2020-05-11 04:53:30 --> Fetching Dashboard details
INFO - 2020-05-11 04:56:38 --> Controller "App\Controllers\MessageGroups" loaded.
INFO - 2020-05-11 04:56:38 --> Controller "App\Controllers\Sections" loaded.
INFO - 2020-05-11 04:56:38 --> Fetching MessageGroups details
INFO - 2020-05-11 04:56:38 --> Fetching Sections details
INFO - 2020-05-11 04:56:38 --> Controller "App\Controllers\Dashboards" loaded.
INFO - 2020-05-11 04:56:38 --> Fetching Dashboard details
INFO - 2020-05-11 04:57:47 --> Controller "App\Controllers\Sections" loaded.
INFO - 2020-05-11 04:57:47 --> Fetching Sections details
INFO - 2020-05-11 04:57:47 --> Controller "App\Controllers\Dashboards" loaded.
INFO - 2020-05-11 04:57:47 --> Controller "App\Controllers\MessageGroups" loaded.
INFO - 2020-05-11 04:57:47 --> Fetching MessageGroups details
INFO - 2020-05-11 04:57:47 --> Fetching Dashboard details
INFO - 2020-05-11 04:58:55 --> Controller "App\Controllers\Sections" loaded.
INFO - 2020-05-11 04:58:55 --> Fetching Sections details
INFO - 2020-05-11 04:58:55 --> Controller "App\Controllers\MessageGroups" loaded.
INFO - 2020-05-11 04:58:55 --> Fetching MessageGroups details
INFO - 2020-05-11 04:58:55 --> Controller "App\Controllers\Dashboards" loaded.
INFO - 2020-05-11 04:58:55 --> Fetching Dashboard details
INFO - 2020-05-11 05:04:18 --> Controller "App\Controllers\Students" loaded.
INFO - 2020-05-11 05:04:18 --> Fetching All Leave details
INFO - 2020-05-11 05:04:28 --> Controller "App\Controllers\Students" loaded.
INFO - 2020-05-11 05:04:28 --> Fetching All Leave details
INFO - 2020-05-11 05:07:12 --> Controller "App\Controllers\Staffs" loaded.
INFO - 2020-05-11 05:07:12 --> Fetching All Leave details
INFO - 2020-05-11 05:08:04 --> Controller "App\Controllers\Staffs" loaded.
INFO - 2020-05-11 05:08:04 --> Fetching All Leave details
INFO - 2020-05-11 05:08:51 --> Controller "App\Controllers\Sections" loaded.
INFO - 2020-05-11 05:08:51 --> Fetching Sections details
INFO - 2020-05-11 05:09:06 --> Controller "App\Controllers\Sections" loaded.
INFO - 2020-05-11 05:09:06 --> Fetching Sections details
INFO - 2020-05-11 05:09:18 --> Controller "App\Controllers\Sections" loaded.
INFO - 2020-05-11 05:09:18 --> Fetching Sections details
INFO - 2020-05-11 05:09:34 --> Controller "App\Controllers\Sections" loaded.
INFO - 2020-05-11 05:09:34 --> Fetching Sections details
INFO - 2020-05-11 05:10:14 --> Controller "App\Controllers\MessageGroups" loaded.
INFO - 2020-05-11 05:10:14 --> Controller "App\Controllers\Sections" loaded.
INFO - 2020-05-11 05:10:14 --> Fetching MessageGroups details
INFO - 2020-05-11 05:10:14 --> Fetching Sections details
INFO - 2020-05-11 05:10:14 --> Controller "App\Controllers\Dashboards" loaded.
INFO - 2020-05-11 05:10:14 --> Fetching Dashboard details
INFO - 2020-05-11 05:13:35 --> Controller "App\Controllers\MessageGroups" loaded.
INFO - 2020-05-11 05:13:35 --> Controller "App\Controllers\Dashboards" loaded.
INFO - 2020-05-11 05:13:35 --> Controller "App\Controllers\Sections" loaded.
INFO - 2020-05-11 05:13:35 --> Fetching MessageGroups details
INFO - 2020-05-11 05:13:35 --> Fetching Sections details
INFO - 2020-05-11 05:13:35 --> Fetching Dashboard details
INFO - 2020-05-11 05:13:42 --> Controller "App\Controllers\Sections" loaded.
INFO - 2020-05-11 05:13:42 --> Fetching Sections details
INFO - 2020-05-11 05:13:42 --> Controller "App\Controllers\MessageGroups" loaded.
INFO - 2020-05-11 05:13:42 --> Fetching MessageGroups details
INFO - 2020-05-11 05:13:42 --> Controller "App\Controllers\Dashboards" loaded.
INFO - 2020-05-11 05:13:42 --> Fetching Dashboard details
INFO - 2020-05-11 05:20:20 --> Controller "App\Controllers\Sections" loaded.
INFO - 2020-05-11 05:20:20 --> Fetching Sections details
INFO - 2020-05-11 05:20:20 --> Controller "App\Controllers\MessageGroups" loaded.
INFO - 2020-05-11 05:20:20 --> Fetching MessageGroups details
INFO - 2020-05-11 05:20:20 --> Controller "App\Controllers\Dashboards" loaded.
INFO - 2020-05-11 05:20:20 --> Fetching Dashboard details
INFO - 2020-05-11 05:47:48 --> Controller "App\Controllers\Rooms" loaded.
INFO - 2020-05-11 05:47:56 --> Controller "App\Controllers\SubjectMasters" loaded.
INFO - 2020-05-11 05:47:56 --> Fetching SubjectMasters details
INFO - 2020-05-11 05:47:56 --> Controller "App\Controllers\Sections" loaded.
INFO - 2020-05-11 05:47:56 --> Fetching Sections details
INFO - 2020-05-11 05:50:30 --> Controller "App\Controllers\SubjectMasters" loaded.
INFO - 2020-05-11 05:50:30 --> Controller "App\Controllers\Sections" loaded.
INFO - 2020-05-11 05:50:30 --> Fetching SubjectMasters details
INFO - 2020-05-11 05:50:30 --> Fetching Sections details
INFO - 2020-05-11 05:50:31 --> Controller "App\Controllers\SubjectStandards" loaded.
INFO - 2020-05-11 05:50:31 --> Fetching Subjects details
INFO - 2020-05-11 05:54:56 --> Controller "App\Controllers\LeaveApplications" loaded.
INFO - 2020-05-11 05:54:56 --> Fetching All Leave details
INFO - 2020-05-11 05:54:56 --> Controller "App\Controllers\LeaveApplications" loaded.
INFO - 2020-05-11 05:54:56 --> Fetching All Leave details
INFO - 2020-05-11 05:55:00 --> Controller "App\Controllers\Sections" loaded.
INFO - 2020-05-11 05:55:00 --> Fetching Sections details
INFO - 2020-05-11 05:55:00 --> Controller "App\Controllers\MessageGroups" loaded.
INFO - 2020-05-11 05:55:00 --> Controller "App\Controllers\Dashboards" loaded.
INFO - 2020-05-11 05:55:00 --> Fetching MessageGroups details
INFO - 2020-05-11 05:55:00 --> Fetching Dashboard details
INFO - 2020-05-11 05:59:09 --> Controller "App\Controllers\Sections" loaded.
INFO - 2020-05-11 05:59:09 --> Controller "App\Controllers\MessageGroups" loaded.
INFO - 2020-05-11 05:59:09 --> Controller "App\Controllers\Dashboards" loaded.
INFO - 2020-05-11 05:59:09 --> Fetching MessageGroups details
INFO - 2020-05-11 05:59:09 --> Fetching Sections details
INFO - 2020-05-11 05:59:09 --> Fetching Dashboard details
INFO - 2020-05-11 06:00:16 --> Controller "App\Controllers\Sections" loaded.
INFO - 2020-05-11 06:00:16 --> Controller "App\Controllers\MessageGroups" loaded.
INFO - 2020-05-11 06:00:16 --> Fetching MessageGroups details
INFO - 2020-05-11 06:00:16 --> Fetching Sections details
INFO - 2020-05-11 06:00:16 --> Controller "App\Controllers\Dashboards" loaded.
INFO - 2020-05-11 06:00:16 --> Fetching Dashboard details
INFO - 2020-05-11 06:00:50 --> Controller "App\Controllers\Sections" loaded.
INFO - 2020-05-11 06:00:50 --> Controller "App\Controllers\MessageGroups" loaded.
INFO - 2020-05-11 06:00:50 --> Fetching MessageGroups details
INFO - 2020-05-11 06:00:50 --> Fetching Sections details
INFO - 2020-05-11 06:00:50 --> Controller "App\Controllers\Dashboards" loaded.
INFO - 2020-05-11 06:00:50 --> Fetching Dashboard details
INFO - 2020-05-11 06:00:58 --> Controller "App\Controllers\SubjectMasters" loaded.
INFO - 2020-05-11 06:00:58 --> Controller "App\Controllers\Sections" loaded.
INFO - 2020-05-11 06:00:58 --> Fetching SubjectMasters details
INFO - 2020-05-11 06:00:58 --> Fetching Sections details
INFO - 2020-05-11 06:01:00 --> Controller "App\Controllers\SubjectStandards" loaded.
INFO - 2020-05-11 06:01:00 --> Fetching Subjects details
INFO - 2020-05-11 06:02:50 --> Controller "App\Controllers\SubjectMasters" loaded.
INFO - 2020-05-11 06:02:50 --> Fetching SubjectMasters details
INFO - 2020-05-11 06:02:50 --> Controller "App\Controllers\Sections" loaded.
INFO - 2020-05-11 06:02:50 --> Fetching Sections details
INFO - 2020-05-11 06:02:52 --> Controller "App\Controllers\SubjectStandards" loaded.
INFO - 2020-05-11 06:02:52 --> Fetching Subjects details
INFO - 2020-05-11 06:03:29 --> Controller "App\Controllers\SubjectMasters" loaded.
INFO - 2020-05-11 06:03:29 --> Controller "App\Controllers\Sections" loaded.
INFO - 2020-05-11 06:03:29 --> Fetching SubjectMasters details
INFO - 2020-05-11 06:03:29 --> Fetching Sections details
INFO - 2020-05-11 06:03:31 --> Controller "App\Controllers\SubjectStandards" loaded.
INFO - 2020-05-11 06:03:31 --> Fetching Subjects details
INFO - 2020-05-11 06:32:54 --> Controller "App\Controllers\Sections" loaded.
INFO - 2020-05-11 06:32:54 --> Inserting Sections details
INFO - 2020-05-11 06:32:54 --> Inserting Sections details
INFO - 2020-05-11 06:32:54 --> Inserting Sections details
INFO - 2020-05-11 06:37:39 --> Controller "App\Controllers\SubjectMasters" loaded.
INFO - 2020-05-11 06:37:39 --> Fetching SubjectMasters details
INFO - 2020-05-11 06:37:39 --> Controller "App\Controllers\Sections" loaded.
INFO - 2020-05-11 06:37:39 --> Fetching Sections details
INFO - 2020-05-11 06:37:42 --> Controller "App\Controllers\SubjectStandards" loaded.
INFO - 2020-05-11 06:37:42 --> Fetching Subjects details
INFO - 2020-05-11 06:38:08 --> Controller "App\Controllers\SubjectMasters" loaded.
INFO - 2020-05-11 06:38:08 --> Fetching SubjectMasters details
INFO - 2020-05-11 06:38:08 --> Controller "App\Controllers\Sections" loaded.
INFO - 2020-05-11 06:38:08 --> Fetching Sections details
INFO - 2020-05-11 06:41:36 --> Controller "App\Controllers\SubjectMasters" loaded.
INFO - 2020-05-11 06:41:36 --> Fetching SubjectMasters details
INFO - 2020-05-11 06:41:36 --> Controller "App\Controllers\Sections" loaded.
INFO - 2020-05-11 06:41:36 --> Fetching Sections details
INFO - 2020-05-11 06:42:19 --> Controller "App\Controllers\SubjectMasters" loaded.
INFO - 2020-05-11 06:42:19 --> Fetching SubjectMasters details
INFO - 2020-05-11 06:42:19 --> Controller "App\Controllers\Sections" loaded.
INFO - 2020-05-11 06:42:19 --> Fetching Sections details
INFO - 2020-05-11 06:42:22 --> Controller "App\Controllers\SubjectStandards" loaded.
INFO - 2020-05-11 06:42:22 --> Fetching Subjects details
INFO - 2020-05-11 06:43:14 --> Controller "App\Controllers\SubjectMasters" loaded.
INFO - 2020-05-11 06:43:14 --> Fetching SubjectMasters details
INFO - 2020-05-11 06:43:14 --> Controller "App\Controllers\Sections" loaded.
INFO - 2020-05-11 06:43:14 --> Fetching Sections details
INFO - 2020-05-11 06:43:20 --> Controller "App\Controllers\SubjectStandards" loaded.
INFO - 2020-05-11 06:43:20 --> Fetching Subjects details
INFO - 2020-05-11 06:45:12 --> Controller "App\Controllers\Sections" loaded.
INFO - 2020-05-11 06:45:12 --> Fetching Sections details
INFO - 2020-05-11 06:45:12 --> Controller "App\Controllers\MessageGroups" loaded.
INFO - 2020-05-11 06:45:12 --> Controller "App\Controllers\Dashboards" loaded.
INFO - 2020-05-11 06:45:12 --> Fetching MessageGroups details
INFO - 2020-05-11 06:45:12 --> Fetching Dashboard details
INFO - 2020-05-11 06:49:26 --> Controller "App\Controllers\Sections" loaded.
INFO - 2020-05-11 06:49:26 --> Controller "App\Controllers\MessageGroups" loaded.
INFO - 2020-05-11 06:49:26 --> Fetching Sections details
INFO - 2020-05-11 06:49:26 --> Controller "App\Controllers\Dashboards" loaded.
INFO - 2020-05-11 06:49:26 --> Fetching MessageGroups details
INFO - 2020-05-11 06:49:26 --> Fetching Dashboard details
INFO - 2020-05-11 06:51:40 --> Controller "App\Controllers\Sections" loaded.
INFO - 2020-05-11 06:51:40 --> Fetching Sections details
INFO - 2020-05-11 06:51:40 --> Controller "App\Controllers\Dashboards" loaded.
INFO - 2020-05-11 06:51:40 --> Controller "App\Controllers\MessageGroups" loaded.
INFO - 2020-05-11 06:51:40 --> Fetching MessageGroups details
INFO - 2020-05-11 06:51:40 --> Fetching Dashboard details
INFO - 2020-05-11 06:51:58 --> Controller "App\Controllers\Sections" loaded.
INFO - 2020-05-11 06:51:58 --> Fetching Sections details
INFO - 2020-05-11 06:51:58 --> Controller "App\Controllers\MessageGroups" loaded.
INFO - 2020-05-11 06:51:58 --> Fetching MessageGroups details
INFO - 2020-05-11 06:51:58 --> Controller "App\Controllers\Dashboards" loaded.
INFO - 2020-05-11 06:51:58 --> Fetching Dashboard details
INFO - 2020-05-11 06:58:24 --> Controller "App\Controllers\Boards" loaded.
INFO - 2020-05-11 06:58:24 --> Fetching Boards details
INFO - 2020-05-11 06:58:24 --> Controller "App\Controllers\Institutions" loaded.
INFO - 2020-05-11 06:58:24 --> Fetching Institution details
INFO - 2020-05-11 07:03:34 --> Controller "App\Controllers\FeesMasters" loaded.
INFO - 2020-05-11 07:03:34 --> Fetching FeeMaster details
INFO - 2020-05-11 07:07:32 --> Controller "App\Controllers\Sections" loaded.
INFO - 2020-05-11 07:07:32 --> Controller "App\Controllers\MessageGroups" loaded.
INFO - 2020-05-11 07:07:32 --> Fetching Sections details
INFO - 2020-05-11 07:07:32 --> Controller "App\Controllers\Dashboards" loaded.
INFO - 2020-05-11 07:07:32 --> Fetching MessageGroups details
INFO - 2020-05-11 07:07:32 --> Fetching Dashboard details
INFO - 2020-05-11 07:16:52 --> Controller "App\Controllers\Boards" loaded.
INFO - 2020-05-11 07:16:52 --> Fetching Boards details
INFO - 2020-05-11 07:16:52 --> Controller "App\Controllers\Institutions" loaded.
INFO - 2020-05-11 07:16:52 --> Fetching Institution details
INFO - 2020-05-11 07:23:17 --> Controller "App\Controllers\Boards" loaded.
INFO - 2020-05-11 07:23:17 --> Fetching Boards details
INFO - 2020-05-11 07:25:09 --> Controller "App\Controllers\Boards" loaded.
INFO - 2020-05-11 07:25:09 --> Fetching Boards details
INFO - 2020-05-11 07:25:38 --> Controller "App\Controllers\Boards" loaded.
INFO - 2020-05-11 07:25:38 --> Fetching Boards details
INFO - 2020-05-11 07:26:14 --> Controller "App\Controllers\MessageGroups" loaded.
INFO - 2020-05-11 07:26:14 --> Fetching MessageGroups details
INFO - 2020-05-11 07:26:14 --> Controller "App\Controllers\Dashboards" loaded.
INFO - 2020-05-11 07:26:14 --> Controller "App\Controllers\Sections" loaded.
INFO - 2020-05-11 07:26:14 --> Fetching Dashboard details
INFO - 2020-05-11 07:26:14 --> Fetching Sections details
INFO - 2020-05-11 07:27:33 --> Controller "App\Controllers\Sections" loaded.
INFO - 2020-05-11 07:27:33 --> Fetching Sections details
INFO - 2020-05-11 07:30:53 --> Controller "App\Controllers\Sections" loaded.
INFO - 2020-05-11 07:30:53 --> Fetching Sections details
INFO - 2020-05-11 07:31:10 --> Controller "App\Controllers\Sections" loaded.
INFO - 2020-05-11 07:31:10 --> Fetching Sections details
INFO - 2020-05-11 07:31:54 --> Controller "App\Controllers\Sections" loaded.
INFO - 2020-05-11 07:31:54 --> Fetching Sections details
INFO - 2020-05-11 07:33:36 --> Controller "App\Controllers\Sections" loaded.
INFO - 2020-05-11 07:33:36 --> Fetching Sections details
INFO - 2020-05-11 07:46:04 --> Controller "App\Controllers\MessageGroups" loaded.
INFO - 2020-05-11 07:46:04 --> Controller "App\Controllers\Dashboards" loaded.
INFO - 2020-05-11 07:46:04 --> Controller "App\Controllers\Sections" loaded.
INFO - 2020-05-11 07:46:04 --> Fetching MessageGroups details
INFO - 2020-05-11 07:46:04 --> Fetching Dashboard details
INFO - 2020-05-11 07:46:04 --> Fetching Sections details
INFO - 2020-05-11 07:46:41 --> Controller "App\Controllers\SubjectMasters" loaded.
INFO - 2020-05-11 07:46:41 --> Controller "App\Controllers\Sections" loaded.
INFO - 2020-05-11 07:46:41 --> Fetching SubjectMasters details
INFO - 2020-05-11 07:46:41 --> Fetching Sections details
INFO - 2020-05-11 07:46:44 --> Controller "App\Controllers\SubjectStandards" loaded.
INFO - 2020-05-11 07:46:44 --> Fetching Subjects details
INFO - 2020-05-11 07:46:46 --> Controller "App\Controllers\SubjectStandards" loaded.
INFO - 2020-05-11 07:46:46 --> Fetching Subjects details
INFO - 2020-05-11 07:46:48 --> Controller "App\Controllers\SubjectStandards" loaded.
INFO - 2020-05-11 07:46:48 --> Fetching Subjects details
INFO - 2020-05-11 07:46:54 --> Controller "App\Controllers\SubjectStandards" loaded.
INFO - 2020-05-11 07:46:54 --> Fetching Subjects details
INFO - 2020-05-11 07:49:17 --> Controller "App\Controllers\SubjectStandards" loaded.
INFO - 2020-05-11 07:49:17 --> Fetching Subjects details
INFO - 2020-05-11 07:49:25 --> Controller "App\Controllers\SubjectStandards" loaded.
INFO - 2020-05-11 07:49:25 --> Fetching Subjects details
INFO - 2020-05-11 07:53:56 --> Controller "App\Controllers\SubjectMasters" loaded.
INFO - 2020-05-11 07:53:56 --> Fetching SubjectMasters details
INFO - 2020-05-11 08:10:02 --> Controller "App\Controllers\SubjectMasters" loaded.
INFO - 2020-05-11 08:10:02 --> Fetching SubjectMasters details
INFO - 2020-05-11 08:10:02 --> Controller "App\Controllers\Sections" loaded.
INFO - 2020-05-11 08:10:02 --> Fetching Sections details
INFO - 2020-05-11 08:20:42 --> Controller "App\Controllers\SubjectStandards" loaded.
INFO - 2020-05-11 08:20:42 --> Fetching Subjects details
INFO - 2020-05-11 08:21:01 --> Controller "App\Controllers\SubjectStandards" loaded.
INFO - 2020-05-11 08:21:01 --> Fetching Subjects Section Status details
INFO - 2020-05-11 08:21:25 --> Controller "App\Controllers\SubjectStandards" loaded.
INFO - 2020-05-11 08:21:25 --> Fetching Subjects details
INFO - 2020-05-11 08:21:41 --> Controller "App\Controllers\SubjectStandards" loaded.
INFO - 2020-05-11 08:21:41 --> Fetching Subjects details
INFO - 2020-05-11 08:23:39 --> Controller "App\Controllers\SubjectStandards" loaded.
INFO - 2020-05-11 08:23:39 --> Fetching Subjects details
INFO - 2020-05-11 08:25:18 --> Controller "App\Controllers\SubjectStandards" loaded.
INFO - 2020-05-11 08:25:18 --> Fetching Subjects details
INFO - 2020-05-11 08:25:22 --> Controller "App\Controllers\SubjectStandards" loaded.
INFO - 2020-05-11 08:25:22 --> Fetching Subjects details
INFO - 2020-05-11 08:29:02 --> Controller "App\Controllers\Dashboards" loaded.
INFO - 2020-05-11 08:29:02 --> Fetching Dashboard details
INFO - 2020-05-11 08:38:21 --> Controller "App\Controllers\Dashboards" loaded.
ERROR - 2020-05-11 08:38:21 --> count(): Parameter must be an array or an object that implements Countable
INFO - 2020-05-11 08:43:49 --> Controller "App\Controllers\Dashboards" loaded.
ERROR - 2020-05-11 08:43:49 --> count(): Parameter must be an array or an object that implements Countable
INFO - 2020-05-11 08:43:56 --> Controller "App\Controllers\Dashboards" loaded.
ERROR - 2020-05-11 08:43:56 --> count(): Parameter must be an array or an object that implements Countable
INFO - 2020-05-11 08:43:56 --> Controller "App\Controllers\Dashboards" loaded.
ERROR - 2020-05-11 08:43:56 --> count(): Parameter must be an array or an object that implements Countable
INFO - 2020-05-11 08:43:57 --> Controller "App\Controllers\Dashboards" loaded.
ERROR - 2020-05-11 08:43:57 --> count(): Parameter must be an array or an object that implements Countable
INFO - 2020-05-11 08:44:08 --> Controller "App\Controllers\Dashboards" loaded.
ERROR - 2020-05-11 08:44:08 --> count(): Parameter must be an array or an object that implements Countable
INFO - 2020-05-11 08:49:03 --> Controller "App\Controllers\Dashboards" loaded.
INFO - 2020-05-11 08:49:03 --> Fetching Dashboard details
INFO - 2020-05-11 08:57:37 --> Controller "App\Controllers\SubjectStandards" loaded.
INFO - 2020-05-11 08:57:37 --> Fetching Subjects details
INFO - 2020-05-11 09:27:27 --> Controller "App\Controllers\SubjectMasters" loaded.
INFO - 2020-05-11 09:27:27 --> Controller "App\Controllers\Sections" loaded.
INFO - 2020-05-11 09:27:27 --> Fetching SubjectMasters details
INFO - 2020-05-11 09:27:27 --> Fetching Sections details
INFO - 2020-05-11 09:31:43 --> Controller "App\Controllers\Dashboards" loaded.
INFO - 2020-05-11 09:31:43 --> Fetching Dashboard details
INFO - 2020-05-11 09:48:22 --> Controller "App\Controllers\SubjectMasters" loaded.
INFO - 2020-05-11 09:48:22 --> Fetching SubjectMasters details
INFO - 2020-05-11 09:48:22 --> Controller "App\Controllers\Sections" loaded.
INFO - 2020-05-11 09:48:22 --> Fetching Sections details
INFO - 2020-05-11 09:48:24 --> Controller "App\Controllers\SubjectStandards" loaded.
INFO - 2020-05-11 09:48:24 --> Fetching Subjects details
INFO - 2020-05-11 09:48:34 --> Controller "App\Controllers\Sections" loaded.
INFO - 2020-05-11 09:48:34 --> Controller "App\Controllers\MessageGroups" loaded.
INFO - 2020-05-11 09:48:34 --> Fetching MessageGroups details
INFO - 2020-05-11 09:48:34 --> Fetching Sections details
INFO - 2020-05-11 09:48:34 --> Controller "App\Controllers\Dashboards" loaded.
INFO - 2020-05-11 09:48:34 --> Fetching Dashboard details
INFO - 2020-05-11 10:27:45 --> Controller "App\Controllers\SubjectMasters" loaded.
INFO - 2020-05-11 10:35:05 --> Controller "App\Controllers\SubjectStandards" loaded.
INFO - 2020-05-11 10:35:05 --> Fetching Subjects details
INFO - 2020-05-11 12:07:16 --> Controller "App\Controllers\Sections" loaded.
INFO - 2020-05-11 12:07:16 --> Fetching Sections details
INFO - 2020-05-11 12:08:24 --> Controller "App\Controllers\Dashboards" loaded.
INFO - 2020-05-11 12:08:24 --> Fetching Dashboard details
INFO - 2020-05-11 12:12:10 --> Controller "App\Controllers\Sections" loaded.
INFO - 2020-05-11 12:12:10 --> Controller "App\Controllers\Dashboards" loaded.
INFO - 2020-05-11 12:12:10 --> Fetching Sections details
INFO - 2020-05-11 12:12:10 --> Fetching Dashboard details
INFO - 2020-05-11 12:15:58 --> Controller "App\Controllers\Sections" loaded.
INFO - 2020-05-11 12:15:58 --> Controller "App\Controllers\Dashboards" loaded.
INFO - 2020-05-11 12:15:58 --> Fetching Sections details
INFO - 2020-05-11 12:15:58 --> Fetching Dashboard details
INFO - 2020-05-11 12:16:37 --> Controller "App\Controllers\Sections" loaded.
INFO - 2020-05-11 12:16:37 --> Fetching Sections details
INFO - 2020-05-11 12:16:37 --> Controller "App\Controllers\Dashboards" loaded.
INFO - 2020-05-11 12:16:37 --> Fetching Dashboard details
INFO - 2020-05-11 12:17:06 --> Controller "App\Controllers\Sections" loaded.
INFO - 2020-05-11 12:17:06 --> Controller "App\Controllers\Dashboards" loaded.
INFO - 2020-05-11 12:17:07 --> Fetching Sections details
INFO - 2020-05-11 12:17:07 --> Fetching Dashboard details
INFO - 2020-05-11 12:17:15 --> Controller "App\Controllers\Sections" loaded.
INFO - 2020-05-11 12:17:15 --> Fetching Sections details
INFO - 2020-05-11 12:17:15 --> Controller "App\Controllers\Dashboards" loaded.
INFO - 2020-05-11 12:17:15 --> Fetching Dashboard details
INFO - 2020-05-11 12:17:40 --> Controller "App\Controllers\Sections" loaded.
INFO - 2020-05-11 12:17:40 --> Fetching Sections details
INFO - 2020-05-11 12:17:44 --> Controller "App\Controllers\Dashboards" loaded.
INFO - 2020-05-11 12:17:44 --> Fetching Dashboard details
INFO - 2020-05-11 12:17:57 --> Controller "App\Controllers\Circulars" loaded.
INFO - 2020-05-11 12:18:02 --> Controller "App\Controllers\Sections" loaded.
INFO - 2020-05-11 12:18:02 --> Fetching Sections details
INFO - 2020-05-11 12:18:13 --> Controller "App\Controllers\Dashboards" loaded.
INFO - 2020-05-11 12:18:13 --> Fetching Dashboard details
INFO - 2020-05-11 12:18:43 --> Controller "App\Controllers\Dashboards" loaded.
INFO - 2020-05-11 12:18:43 --> Fetching Dashboard details
INFO - 2020-05-11 12:18:46 --> Controller "App\Controllers\Sections" loaded.
INFO - 2020-05-11 12:18:46 --> Controller "App\Controllers\Dashboards" loaded.
INFO - 2020-05-11 12:18:46 --> Fetching Sections details
INFO - 2020-05-11 12:18:46 --> Fetching Dashboard details
INFO - 2020-05-11 12:19:01 --> Controller "App\Controllers\Circulars" loaded.
INFO - 2020-05-11 12:19:05 --> Controller "App\Controllers\Sections" loaded.
INFO - 2020-05-11 12:19:05 --> Fetching Sections details
INFO - 2020-05-11 12:19:05 --> Controller "App\Controllers\Dashboards" loaded.
INFO - 2020-05-11 12:19:05 --> Fetching Dashboard details
INFO - 2020-05-11 12:21:28 --> Controller "App\Controllers\Sections" loaded.
INFO - 2020-05-11 12:21:28 --> Fetching Sections details
INFO - 2020-05-11 12:21:28 --> Controller "App\Controllers\Dashboards" loaded.
INFO - 2020-05-11 12:21:28 --> Fetching Dashboard details
INFO - 2020-05-11 12:21:38 --> Controller "App\Controllers\Sections" loaded.
INFO - 2020-05-11 12:21:38 --> Fetching Sections details
INFO - 2020-05-11 12:21:38 --> Controller "App\Controllers\Dashboards" loaded.
INFO - 2020-05-11 12:21:38 --> Fetching Dashboard details
INFO - 2020-05-11 12:21:43 --> Controller "App\Controllers\Circulars" loaded.
INFO - 2020-05-11 12:22:06 --> Controller "App\Controllers\Circulars" loaded.
INFO - 2020-05-11 12:23:06 --> Controller "App\Controllers\Circulars" loaded.
INFO - 2020-05-11 12:23:06 --> Fetching Circular details
INFO - 2020-05-11 12:23:16 --> Controller "App\Controllers\Dashboards" loaded.
INFO - 2020-05-11 12:23:16 --> Controller "App\Controllers\Sections" loaded.
INFO - 2020-05-11 12:23:16 --> Fetching Sections details
INFO - 2020-05-11 12:23:16 --> Fetching Dashboard details
INFO - 2020-05-11 12:23:19 --> Controller "App\Controllers\Circulars" loaded.
INFO - 2020-05-11 12:23:19 --> Fetching Circular details
INFO - 2020-05-11 12:23:22 --> Controller "App\Controllers\Sections" loaded.
INFO - 2020-05-11 12:23:22 --> Fetching Sections details
INFO - 2020-05-11 12:23:22 --> Controller "App\Controllers\Dashboards" loaded.
INFO - 2020-05-11 12:23:22 --> Fetching Dashboard details
INFO - 2020-05-11 12:23:52 --> Controller "App\Controllers\Sections" loaded.
INFO - 2020-05-11 12:23:52 --> Fetching Sections details
INFO - 2020-05-11 12:23:52 --> Controller "App\Controllers\Dashboards" loaded.
INFO - 2020-05-11 12:23:52 --> Fetching Dashboard details
INFO - 2020-05-11 12:23:59 --> Controller "App\Controllers\Circulars" loaded.
INFO - 2020-05-11 12:23:59 --> Fetching Circular details
INFO - 2020-05-11 12:24:16 --> Controller "App\Controllers\Sections" loaded.
INFO - 2020-05-11 12:24:16 --> Fetching Sections details
INFO - 2020-05-11 12:24:16 --> Controller "App\Controllers\Dashboards" loaded.
INFO - 2020-05-11 12:24:16 --> Fetching Dashboard details
INFO - 2020-05-11 12:24:19 --> Controller "App\Controllers\Circulars" loaded.
INFO - 2020-05-11 12:24:19 --> Fetching Circular details
INFO - 2020-05-11 12:26:03 --> Controller "App\Controllers\Circulars" loaded.
INFO - 2020-05-11 12:26:03 --> Fetching Circular details
INFO - 2020-05-11 12:27:25 --> Controller "App\Controllers\Circulars" loaded.
INFO - 2020-05-11 12:27:25 --> Fetching Circular details
INFO - 2020-05-11 12:27:34 --> Controller "App\Controllers\Sections" loaded.
INFO - 2020-05-11 12:27:34 --> Fetching Sections details
INFO - 2020-05-11 12:27:34 --> Controller "App\Controllers\Dashboards" loaded.
INFO - 2020-05-11 12:27:34 --> Fetching Dashboard details
INFO - 2020-05-11 12:27:39 --> Controller "App\Controllers\Rooms" loaded.
INFO - 2020-05-11 12:27:39 --> Fetching room details
INFO - 2020-05-11 12:29:07 --> Controller "App\Controllers\Rooms" loaded.
INFO - 2020-05-11 12:29:07 --> Fetching room details
INFO - 2020-05-11 12:29:48 --> Controller "App\Controllers\Rooms" loaded.
INFO - 2020-05-11 12:29:48 --> Fetching room details
INFO - 2020-05-11 12:33:34 --> Controller "App\Controllers\MessageGroups" loaded.
INFO - 2020-05-11 12:33:34 --> Fetching MessageGroups details
INFO - 2020-05-11 12:34:40 --> Controller "App\Controllers\MessageGroups" loaded.
INFO - 2020-05-11 12:34:40 --> Fetching MessageGroups details
INFO - 2020-05-11 12:35:21 --> Controller "App\Controllers\MessageGroups" loaded.
INFO - 2020-05-11 12:35:21 --> Fetching MessageGroups details
INFO - 2020-05-11 12:35:34 --> Controller "App\Controllers\MessageGroups" loaded.
INFO - 2020-05-11 12:35:34 --> Fetching MessageGroups details
INFO - 2020-05-11 12:35:42 --> Controller "App\Controllers\Standards" loaded.
INFO - 2020-05-11 12:35:42 --> Fetching Standards details
INFO - 2020-05-11 12:35:42 --> Controller "App\Controllers\Institutions" loaded.
INFO - 2020-05-11 12:35:42 --> Controller "App\Controllers\Boards" loaded.
INFO - 2020-05-11 12:35:42 --> Fetching Institution details
INFO - 2020-05-11 12:35:42 --> Fetching Boards details
INFO - 2020-05-11 12:35:42 --> Controller "App\Controllers\Standards" loaded.
INFO - 2020-05-11 12:35:42 --> Fetching Standards details
INFO - 2020-05-11 12:35:42 --> Controller "App\Controllers\Standards" loaded.
INFO - 2020-05-11 12:35:42 --> Fetching Standards details
INFO - 2020-05-11 12:37:27 --> Controller "App\Controllers\Standards" loaded.
INFO - 2020-05-11 12:37:27 --> Fetching Standards details
INFO - 2020-05-11 12:37:27 --> Controller "App\Controllers\Boards" loaded.
INFO - 2020-05-11 12:37:27 --> Fetching Boards details
INFO - 2020-05-11 12:37:27 --> Controller "App\Controllers\Standards" loaded.
INFO - 2020-05-11 12:37:27 --> Fetching Standards details
INFO - 2020-05-11 12:37:27 --> Controller "App\Controllers\Standards" loaded.
INFO - 2020-05-11 12:37:27 --> Fetching Standards details
INFO - 2020-05-11 12:37:27 --> Controller "App\Controllers\Institutions" loaded.
INFO - 2020-05-11 12:37:27 --> Fetching Institution details
INFO - 2020-05-11 12:41:09 --> Controller "App\Controllers\Standards" loaded.
INFO - 2020-05-11 12:41:09 --> Fetching Standards details
INFO - 2020-05-11 12:41:09 --> Controller "App\Controllers\Boards" loaded.
INFO - 2020-05-11 12:41:09 --> Controller "App\Controllers\Standards" loaded.
INFO - 2020-05-11 12:41:09 --> Controller "App\Controllers\Standards" loaded.
INFO - 2020-05-11 12:41:09 --> Fetching Boards details
INFO - 2020-05-11 12:41:09 --> Fetching Standards details
INFO - 2020-05-11 12:41:09 --> Fetching Standards details
INFO - 2020-05-11 12:42:10 --> Controller "App\Controllers\Standards" loaded.
INFO - 2020-05-11 12:42:10 --> Fetching Standards details
INFO - 2020-05-11 12:42:10 --> Controller "App\Controllers\Boards" loaded.
INFO - 2020-05-11 12:42:10 --> Fetching Boards details
INFO - 2020-05-11 12:42:10 --> Controller "App\Controllers\Standards" loaded.
INFO - 2020-05-11 12:42:10 --> Fetching Standards details
INFO - 2020-05-11 12:42:10 --> Controller "App\Controllers\Standards" loaded.
INFO - 2020-05-11 12:42:10 --> Fetching Standards details
INFO - 2020-05-11 12:42:22 --> Controller "App\Controllers\Sections" loaded.
INFO - 2020-05-11 12:42:23 --> Fetching Sections details
INFO - 2020-05-11 12:42:23 --> Controller "App\Controllers\Boards" loaded.
INFO - 2020-05-11 12:42:23 --> Fetching Boards details
INFO - 2020-05-11 12:42:23 --> Controller "App\Controllers\Institutions" loaded.
INFO - 2020-05-11 12:42:23 --> Fetching Institution details
INFO - 2020-05-11 12:42:23 --> Controller "App\Controllers\Standards" loaded.
INFO - 2020-05-11 12:42:23 --> Fetching Standards details
INFO - 2020-05-11 12:45:51 --> Controller "App\Controllers\Sections" loaded.
INFO - 2020-05-11 12:45:51 --> Fetching Sections details
INFO - 2020-05-11 12:45:51 --> Controller "App\Controllers\Boards" loaded.
INFO - 2020-05-11 12:45:51 --> Fetching Boards details
INFO - 2020-05-11 12:45:51 --> Controller "App\Controllers\Standards" loaded.
INFO - 2020-05-11 12:45:51 --> Fetching Standards details
INFO - 2020-05-11 12:46:01 --> Controller "App\Controllers\Holidays" loaded.
INFO - 2020-05-11 12:46:01 --> Fetching Holiday details
INFO - 2020-05-11 12:46:28 --> Controller "App\Controllers\Holidays" loaded.
INFO - 2020-05-11 12:46:28 --> Fetching Holiday details
INFO - 2020-05-11 12:47:29 --> Controller "App\Controllers\Holidays" loaded.
INFO - 2020-05-11 12:47:29 --> Fetching Holiday details
INFO - 2020-05-11 12:47:47 --> Controller "App\Controllers\Sections" loaded.
INFO - 2020-05-11 12:47:47 --> Fetching Sections details
INFO - 2020-05-11 12:47:47 --> Controller "App\Controllers\Dashboards" loaded.
INFO - 2020-05-11 12:47:47 --> Fetching Dashboard details
INFO - 2020-05-11 12:47:50 --> Controller "App\Controllers\Feedbacks" loaded.
INFO - 2020-05-11 12:47:50 --> Fetching Feedback details
INFO - 2020-05-11 12:48:51 --> Controller "App\Controllers\Feedbacks" loaded.
INFO - 2020-05-11 12:48:51 --> Fetching Feedback details
INFO - 2020-05-11 12:49:24 --> Controller "App\Controllers\Feedbacks" loaded.
INFO - 2020-05-11 12:49:24 --> Fetching Feedback details
INFO - 2020-05-11 12:50:20 --> Controller "App\Controllers\Sections" loaded.
INFO - 2020-05-11 12:50:20 --> Fetching Sections details
INFO - 2020-05-11 12:50:24 --> Controller "App\Controllers\Students" loaded.
INFO - 2020-05-11 12:50:24 --> Fetching All Leave details
INFO - 2020-05-11 12:50:28 --> Controller "App\Controllers\Sections" loaded.
INFO - 2020-05-11 12:50:28 --> Fetching Sections details
INFO - 2020-05-11 12:50:39 --> Controller "App\Controllers\Staffs" loaded.
INFO - 2020-05-11 12:50:39 --> Fetching All Leave details
INFO - 2020-05-11 12:50:44 --> Controller "App\Controllers\Sections" loaded.
INFO - 2020-05-11 12:50:44 --> Fetching Sections details
INFO - 2020-05-11 12:53:30 --> Controller "App\Controllers\Staffs" loaded.
INFO - 2020-05-11 12:53:30 --> Fetching All Leave details
INFO - 2020-05-11 12:53:51 --> Controller "App\Controllers\Staffs" loaded.
INFO - 2020-05-11 12:53:51 --> Fetching All Leave details
INFO - 2020-05-11 12:54:09 --> Controller "App\Controllers\Staffs" loaded.
INFO - 2020-05-11 12:54:09 --> Fetching All Leave details
INFO - 2020-05-11 12:54:54 --> Controller "App\Controllers\Sections" loaded.
INFO - 2020-05-11 12:54:54 --> Fetching Sections details
INFO - 2020-05-11 12:54:56 --> Controller "App\Controllers\Staffs" loaded.
INFO - 2020-05-11 12:54:56 --> Fetching All Leave details
INFO - 2020-05-11 12:55:01 --> Controller "App\Controllers\LeaveTypes" loaded.
INFO - 2020-05-11 12:55:01 --> Fetching LeaveTypes details
INFO - 2020-05-11 12:56:22 --> Controller "App\Controllers\LeaveTypes" loaded.
INFO - 2020-05-11 12:56:22 --> Fetching LeaveTypes details
INFO - 2020-05-11 12:57:03 --> Controller "App\Controllers\LeaveApplications" loaded.
INFO - 2020-05-11 12:57:03 --> Fetching All Leave details
INFO - 2020-05-11 12:57:03 --> Controller "App\Controllers\LeaveApplications" loaded.
INFO - 2020-05-11 12:57:03 --> Fetching All Leave details
INFO - 2020-05-11 12:57:03 --> Controller "App\Controllers\LeaveApplications" loaded.
INFO - 2020-05-11 12:57:03 --> Fetching All Leave details
INFO - 2020-05-11 12:58:26 --> Controller "App\Controllers\LeaveTypes" loaded.
INFO - 2020-05-11 12:59:43 --> Controller "App\Controllers\LeaveApplications" loaded.
INFO - 2020-05-11 12:59:43 --> Fetching All Leave details
INFO - 2020-05-11 13:00:03 --> Controller "App\Controllers\Vehicles" loaded.
INFO - 2020-05-11 13:00:03 --> Fetching Vehicles details
INFO - 2020-05-11 13:01:04 --> Controller "App\Controllers\Vehicles" loaded.
INFO - 2020-05-11 13:01:04 --> Fetching Vehicles details
INFO - 2020-05-11 13:01:18 --> Controller "App\Controllers\RouteMasters" loaded.
INFO - 2020-05-11 13:01:18 --> Fetching Route Master details
INFO - 2020-05-11 13:02:03 --> Controller "App\Controllers\RouteMasters" loaded.
INFO - 2020-05-11 13:02:03 --> Fetching Route Master details
INFO - 2020-05-11 13:02:57 --> Controller "App\Controllers\RouteMasters" loaded.
INFO - 2020-05-11 13:02:57 --> Fetching Route Master details
INFO - 2020-05-11 13:03:09 --> Controller "App\Controllers\RouteMasters" loaded.
INFO - 2020-05-11 13:03:09 --> Fetching Route Master details
INFO - 2020-05-11 13:04:20 --> Controller "App\Controllers\RouteMasters" loaded.
INFO - 2020-05-11 13:04:20 --> Fetching Route Master details
INFO - 2020-05-11 13:05:18 --> Controller "App\Controllers\Sections" loaded.
INFO - 2020-05-11 13:05:18 --> Fetching Sections details
INFO - 2020-05-11 13:09:55 --> Controller "App\Controllers\RouteMappings" loaded.
INFO - 2020-05-11 13:09:55 --> Fetching Route Mapping details
INFO - 2020-05-11 13:10:21 --> Controller "App\Controllers\RouteMasters" loaded.
INFO - 2020-05-11 13:10:21 --> Fetching Route Master details
INFO - 2020-05-11 13:10:23 --> Controller "App\Controllers\RouteMappings" loaded.
INFO - 2020-05-11 13:10:23 --> Fetching Route Mapping details
INFO - 2020-05-11 13:11:08 --> Controller "App\Controllers\RouteMasters" loaded.
INFO - 2020-05-11 13:11:08 --> Fetching Route Master details
INFO - 2020-05-11 13:11:18 --> Controller "App\Controllers\RouteMasters" loaded.
INFO - 2020-05-11 13:11:18 --> Fetching Route Master details
INFO - 2020-05-11 13:11:18 --> Controller "App\Controllers\Staffs" loaded.
INFO - 2020-05-11 13:11:18 --> Controller "App\Controllers\Vehicles" loaded.
INFO - 2020-05-11 13:11:18 --> Fetching Vehicles details
INFO - 2020-05-11 13:11:18 --> Fetching All Leave details
INFO - 2020-05-11 13:14:08 --> Controller "App\Controllers\RouteMasters" loaded.
INFO - 2020-05-11 13:14:08 --> Controller "App\Controllers\Vehicles" loaded.
INFO - 2020-05-11 13:14:08 --> Fetching Route Master details
INFO - 2020-05-11 13:14:08 --> Fetching Vehicles details
INFO - 2020-05-11 13:14:08 --> Controller "App\Controllers\Staffs" loaded.
INFO - 2020-05-11 13:14:08 --> Fetching All Leave details
INFO - 2020-05-11 13:14:28 --> Controller "App\Controllers\FeesMasters" loaded.
INFO - 2020-05-11 13:14:28 --> Fetching FeeMaster details
INFO - 2020-05-11 13:15:36 --> Controller "App\Controllers\FeesMasters" loaded.
INFO - 2020-05-11 13:15:36 --> Fetching FeeMaster details
INFO - 2020-05-11 13:16:13 --> Controller "App\Controllers\FeesMasters" loaded.
INFO - 2020-05-11 13:16:13 --> Fetching FeeMaster details
INFO - 2020-05-11 13:18:23 --> Controller "App\Controllers\FeesConfigs" loaded.
INFO - 2020-05-11 13:18:23 --> Fetching FeesConfigs details
INFO - 2020-05-11 13:18:23 --> Controller "App\Controllers\FeesMasters" loaded.
INFO - 2020-05-11 13:18:23 --> Fetching FeeMaster details
INFO - 2020-05-11 13:18:23 --> Controller "App\Controllers\Academicyears" loaded.
INFO - 2020-05-11 13:18:23 --> Fetching Academic year details
INFO - 2020-05-11 13:18:23 --> Controller "App\Controllers\Institutions" loaded.
INFO - 2020-05-11 13:18:23 --> Controller "App\Controllers\Standards" loaded.
INFO - 2020-05-11 13:18:23 --> Fetching Institution details
INFO - 2020-05-11 13:18:23 --> Fetching Standards Section details
INFO - 2020-05-11 13:18:23 --> Controller "App\Controllers\FeesConfigs" loaded.
INFO - 2020-05-11 13:18:23 --> Fetching Sections details
INFO - 2020-05-11 13:20:46 --> Controller "App\Controllers\FeesConfigs" loaded.
INFO - 2020-05-11 13:20:46 --> Fetching Columns details
INFO - 2020-05-11 13:41:23 --> Controller "App\Controllers\FeesConfigs" loaded.
INFO - 2020-05-11 13:41:23 --> Fetching FeesConfigs details
INFO - 2020-05-11 13:41:24 --> Controller "App\Controllers\FeesMasters" loaded.
INFO - 2020-05-11 13:41:24 --> Fetching FeeMaster details
INFO - 2020-05-11 13:41:24 --> Controller "App\Controllers\Academicyears" loaded.
INFO - 2020-05-11 13:41:24 --> Fetching Academic year details
INFO - 2020-05-11 13:41:24 --> Controller "App\Controllers\Institutions" loaded.
INFO - 2020-05-11 13:41:24 --> Fetching Institution details
INFO - 2020-05-11 13:41:24 --> Controller "App\Controllers\Standards" loaded.
INFO - 2020-05-11 13:41:24 --> Fetching Standards Section details
INFO - 2020-05-11 13:41:24 --> Controller "App\Controllers\FeesConfigs" loaded.
INFO - 2020-05-11 13:41:24 --> Fetching Sections details
INFO - 2020-05-11 13:45:31 --> Controller "App\Controllers\FeesConfigs" loaded.
INFO - 2020-05-11 13:45:31 --> Fetching FeesConfigs details
INFO - 2020-05-11 13:45:31 --> Controller "App\Controllers\FeesMasters" loaded.
INFO - 2020-05-11 13:45:31 --> Controller "App\Controllers\Academicyears" loaded.
INFO - 2020-05-11 13:45:31 --> Controller "App\Controllers\Institutions" loaded.
INFO - 2020-05-11 13:45:31 --> Controller "App\Controllers\FeesConfigs" loaded.
INFO - 2020-05-11 13:45:31 --> Fetching Institution details
INFO - 2020-05-11 13:45:31 --> Fetching FeeMaster details
INFO - 2020-05-11 13:45:31 --> Fetching Sections details
INFO - 2020-05-11 13:45:31 --> Fetching Academic year details
INFO - 2020-05-11 13:45:31 --> Controller "App\Controllers\Standards" loaded.
INFO - 2020-05-11 13:45:31 --> Fetching Standards Section details
INFO - 2020-05-11 13:45:53 --> Controller "App\Controllers\SubjectMasters" loaded.
INFO - 2020-05-11 13:45:53 --> Controller "App\Controllers\Sections" loaded.
INFO - 2020-05-11 13:45:53 --> Fetching SubjectMasters details
INFO - 2020-05-11 13:45:53 --> Fetching Sections details
INFO - 2020-05-11 13:46:03 --> Controller "App\Controllers\SubjectStandards" loaded.
INFO - 2020-05-11 13:46:03 --> Fetching Subjects details
INFO - 2020-05-11 13:49:14 --> Controller "App\Controllers\SubjectMasters" loaded.
INFO - 2020-05-11 13:49:14 --> Fetching SubjectMasters details
INFO - 2020-05-11 13:49:14 --> Controller "App\Controllers\Sections" loaded.
INFO - 2020-05-11 13:49:14 --> Fetching Sections details
INFO - 2020-05-11 13:57:33 --> Controller "App\Controllers\SubjectStandards" loaded.
INFO - 2020-05-11 13:57:33 --> Fetching Subjects details
INFO - 2020-05-11 13:59:27 --> Controller "App\Controllers\SubjectMasters" loaded.
INFO - 2020-05-11 13:59:27 --> Fetching SubjectMasters details
INFO - 2020-05-11 13:59:27 --> Controller "App\Controllers\Sections" loaded.
INFO - 2020-05-11 13:59:27 --> Fetching Sections details
INFO - 2020-05-11 13:59:31 --> Controller "App\Controllers\SubjectStandards" loaded.
INFO - 2020-05-11 13:59:31 --> Fetching Subjects details
INFO - 2020-05-11 14:00:58 --> Controller "App\Controllers\Sections" loaded.
INFO - 2020-05-11 14:00:58 --> Controller "App\Controllers\SubjectMasters" loaded.
INFO - 2020-05-11 14:00:58 --> Fetching SubjectMasters details
INFO - 2020-05-11 14:00:58 --> Fetching Sections details
INFO - 2020-05-11 14:02:06 --> Controller "App\Controllers\SubjectMasters" loaded.
INFO - 2020-05-11 14:02:06 --> Controller "App\Controllers\Sections" loaded.
INFO - 2020-05-11 14:02:06 --> Fetching SubjectMasters details
INFO - 2020-05-11 14:02:06 --> Fetching Sections details
INFO - 2020-05-11 14:02:51 --> Controller "App\Controllers\SubjectStandards" loaded.
INFO - 2020-05-11 14:02:51 --> Fetching Subjects details
INFO - 2020-05-11 14:02:54 --> Controller "App\Controllers\SubjectMasters" loaded.
INFO - 2020-05-11 14:02:54 --> Controller "App\Controllers\Sections" loaded.
INFO - 2020-05-11 14:02:54 --> Fetching SubjectMasters details
INFO - 2020-05-11 14:02:54 --> Fetching Sections details
INFO - 2020-05-11 14:02:58 --> Controller "App\Controllers\SubjectStandards" loaded.
INFO - 2020-05-11 14:02:58 --> Fetching Subjects details
INFO - 2020-05-11 14:04:50 --> Controller "App\Controllers\SubjectMasters" loaded.
INFO - 2020-05-11 14:04:50 --> Fetching SubjectMasters details
INFO - 2020-05-11 14:04:50 --> Controller "App\Controllers\Sections" loaded.
INFO - 2020-05-11 14:04:50 --> Fetching Sections details
INFO - 2020-05-11 14:04:55 --> Controller "App\Controllers\SubjectStandards" loaded.
INFO - 2020-05-11 14:04:55 --> Fetching Subjects details
INFO - 2020-05-11 14:10:29 --> Controller "App\Controllers\SubjectMasters" loaded.
INFO - 2020-05-11 14:10:29 --> Fetching SubjectMasters details
INFO - 2020-05-11 14:10:29 --> Controller "App\Controllers\Sections" loaded.
INFO - 2020-05-11 14:10:29 --> Fetching Sections details
INFO - 2020-05-11 14:10:34 --> Controller "App\Controllers\SubjectStandards" loaded.
INFO - 2020-05-11 14:10:34 --> Fetching Subjects details
INFO - 2020-05-11 14:11:58 --> Controller "App\Controllers\SubjectMasters" loaded.
INFO - 2020-05-11 14:11:58 --> Fetching SubjectMasters details
INFO - 2020-05-11 14:11:58 --> Controller "App\Controllers\Sections" loaded.
INFO - 2020-05-11 14:11:58 --> Fetching Sections details
INFO - 2020-05-11 14:12:03 --> Controller "App\Controllers\SubjectStandards" loaded.
INFO - 2020-05-11 14:12:03 --> Fetching Subjects details
INFO - 2020-05-11 14:14:30 --> Controller "App\Controllers\SubjectMasters" loaded.
INFO - 2020-05-11 14:14:30 --> Fetching SubjectMasters details
INFO - 2020-05-11 14:14:30 --> Controller "App\Controllers\Sections" loaded.
INFO - 2020-05-11 14:14:30 --> Fetching Sections details
INFO - 2020-05-11 14:14:34 --> Controller "App\Controllers\SubjectStandards" loaded.
INFO - 2020-05-11 14:14:34 --> Fetching Subjects details
INFO - 2020-05-11 14:15:18 --> Controller "App\Controllers\SubjectMasters" loaded.
INFO - 2020-05-11 14:15:18 --> Controller "App\Controllers\Sections" loaded.
INFO - 2020-05-11 14:15:18 --> Fetching SubjectMasters details
INFO - 2020-05-11 14:15:18 --> Fetching Sections details
INFO - 2020-05-11 14:15:22 --> Controller "App\Controllers\SubjectStandards" loaded.
INFO - 2020-05-11 14:15:22 --> Fetching Subjects details
INFO - 2020-05-11 14:24:15 --> Controller "App\Controllers\SubjectMasters" loaded.
INFO - 2020-05-11 14:24:15 --> Fetching SubjectMasters details
INFO - 2020-05-11 14:24:15 --> Controller "App\Controllers\Sections" loaded.
INFO - 2020-05-11 14:24:15 --> Fetching Sections details
INFO - 2020-05-11 14:24:20 --> Controller "App\Controllers\SubjectStandards" loaded.
INFO - 2020-05-11 14:24:20 --> Fetching Subjects details
INFO - 2020-05-11 14:26:11 --> Controller "App\Controllers\SubjectMasters" loaded.
INFO - 2020-05-11 14:26:11 --> Controller "App\Controllers\Sections" loaded.
INFO - 2020-05-11 14:26:11 --> Fetching SubjectMasters details
INFO - 2020-05-11 14:26:11 --> Fetching Sections details
INFO - 2020-05-11 14:26:24 --> Controller "App\Controllers\SubjectStandards" loaded.
INFO - 2020-05-11 14:26:24 --> Fetching Subjects details
INFO - 2020-05-11 21:35:47 --> Controller "App\Controllers\ExamMasters" loaded.
INFO - 2020-05-11 21:35:48 --> Fetching ExamMasters details
INFO - 2020-05-11 21:36:46 --> Controller "App\Controllers\ExamMasters" loaded.
INFO - 2020-05-11 21:36:46 --> Fetching ExamMasters details
INFO - 2020-05-11 21:36:58 --> Controller "App\Controllers\ExamMasters" loaded.
INFO - 2020-05-11 21:36:58 --> Inserting ExamMasters details
INFO - 2020-05-11 21:37:01 --> Controller "App\Controllers\ExamMasters" loaded.
INFO - 2020-05-11 21:37:01 --> Fetching ExamMasters details
INFO - 2020-05-11 21:37:09 --> Controller "App\Controllers\ExamMasters" loaded.
INFO - 2020-05-11 21:37:09 --> Inserting ExamMasters details
INFO - 2020-05-11 21:37:13 --> Controller "App\Controllers\ExamMasters" loaded.
INFO - 2020-05-11 21:37:13 --> Fetching ExamMasters details
INFO - 2020-05-11 21:38:31 --> Controller "App\Controllers\ExamMasters" loaded.
INFO - 2020-05-11 21:38:31 --> Fetching ExamMasters details
INFO - 2020-05-11 21:38:34 --> Controller "App\Controllers\ExamMasters" loaded.
INFO - 2020-05-11 21:38:34 --> Fetching ExamMasters details
INFO - 2020-05-11 21:45:29 --> Controller "App\Controllers\ExamMasters" loaded.
INFO - 2020-05-11 21:45:29 --> Updating ExamMasters details
INFO - 2020-05-11 21:46:21 --> Controller "App\Controllers\ExamMasters" loaded.
INFO - 2020-05-11 21:46:21 --> Deleting ExamMasters details
INFO - 2020-05-11 21:47:25 --> Controller "App\Controllers\Exams" loaded.
INFO - 2020-05-11 21:47:25 --> Fetching Exams details
INFO - 2020-05-11 21:49:20 --> Controller "App\Controllers\Exams" loaded.
INFO - 2020-05-11 21:49:20 --> Inserting Exams details
INFO - 2020-05-11 21:49:23 --> Controller "App\Controllers\Exams" loaded.
INFO - 2020-05-11 21:49:23 --> Fetching Exams details
INFO - 2020-05-11 21:49:39 --> Controller "App\Controllers\Exams" loaded.
INFO - 2020-05-11 21:49:39 --> Inserting Exams details
INFO - 2020-05-11 21:49:54 --> Controller "App\Controllers\Exams" loaded.
INFO - 2020-05-11 21:49:54 --> Fetching Exams details
INFO - 2020-05-11 21:51:12 --> Controller "App\Controllers\Exams" loaded.
INFO - 2020-05-11 21:51:12 --> Updating ExamMasters details
INFO - 2020-05-11 21:52:10 --> Controller "App\Controllers\Exams" loaded.
INFO - 2020-05-11 21:52:10 --> Deleting Exam details
INFO - 2020-05-11 21:53:08 --> Controller "App\Controllers\ExamTimetables" loaded.
INFO - 2020-05-11 21:53:08 --> Fetching Exams details
INFO - 2020-05-11 21:55:10 --> Controller "App\Controllers\ExamTimetables" loaded.
INFO - 2020-05-11 21:55:10 --> Inserting Exams details
INFO - 2020-05-11 21:55:16 --> Controller "App\Controllers\ExamTimetables" loaded.
INFO - 2020-05-11 21:55:16 --> Fetching Exams details
INFO - 2020-05-11 21:56:00 --> Controller "App\Controllers\ExamTimetables" loaded.
INFO - 2020-05-11 21:56:00 --> Inserting Exams details
INFO - 2020-05-11 22:03:51 --> Controller "App\Controllers\ExamTimetables" loaded.
INFO - 2020-05-11 22:03:51 --> Updating ExamTimetable details
INFO - 2020-05-11 22:04:15 --> Controller "App\Controllers\ExamTimetables" loaded.
INFO - 2020-05-11 22:04:26 --> Controller "App\Controllers\ExamTimetables" loaded.
INFO - 2020-05-11 22:04:26 --> Deleting Exam details
INFO - 2020-05-11 23:05:10 --> Controller "App\Controllers\Sections" loaded.
INFO - 2020-05-11 23:05:10 --> Controller "App\Controllers\SubjectMasters" loaded.
INFO - 2020-05-11 23:05:10 --> Fetching SubjectMasters details
INFO - 2020-05-11 23:05:10 --> Fetching Sections details
INFO - 2020-05-11 23:05:12 --> Controller "App\Controllers\SubjectStandards" loaded.
INFO - 2020-05-11 23:05:12 --> Fetching Subjects details
INFO - 2020-05-11 23:05:20 --> Controller "App\Controllers\Sections" loaded.
INFO - 2020-05-11 23:05:20 --> Controller "App\Controllers\Dashboards" loaded.
INFO - 2020-05-11 23:05:20 --> Fetching Sections details
INFO - 2020-05-11 23:05:20 --> Controller "App\Controllers\MessageGroups" loaded.
INFO - 2020-05-11 23:05:20 --> Fetching Dashboard details
INFO - 2020-05-11 23:05:20 --> Fetching MessageGroups details
INFO - 2020-05-11 23:18:44 --> Controller "App\Controllers\SubjectMasters" loaded.
INFO - 2020-05-11 23:18:44 --> Fetching SubjectMasters details
INFO - 2020-05-11 23:18:44 --> Controller "App\Controllers\Sections" loaded.
INFO - 2020-05-11 23:18:44 --> Fetching Sections details
INFO - 2020-05-11 23:18:56 --> Controller "App\Controllers\Circulars" loaded.
INFO - 2020-05-11 23:19:08 --> Controller "App\Controllers\SubjectMasters" loaded.
INFO - 2020-05-11 23:19:08 --> Controller "App\Controllers\Sections" loaded.
INFO - 2020-05-11 23:19:08 --> Fetching SubjectMasters details
INFO - 2020-05-11 23:19:08 --> Fetching Sections details
INFO - 2020-05-11 23:19:10 --> Controller "App\Controllers\SubjectStandards" loaded.
INFO - 2020-05-11 23:19:10 --> Fetching Subjects details
INFO - 2020-05-11 23:22:22 --> Controller "App\Controllers\SubjectMasters" loaded.
INFO - 2020-05-11 23:22:22 --> Controller "App\Controllers\Sections" loaded.
INFO - 2020-05-11 23:22:22 --> Fetching SubjectMasters details
INFO - 2020-05-11 23:22:22 --> Fetching Sections details
INFO - 2020-05-11 23:22:26 --> Controller "App\Controllers\SubjectStandards" loaded.
INFO - 2020-05-11 23:22:26 --> Fetching Subjects details
INFO - 2020-05-11 23:23:23 --> Controller "App\Controllers\Sections" loaded.
INFO - 2020-05-11 23:23:23 --> Controller "App\Controllers\SubjectMasters" loaded.
INFO - 2020-05-11 23:23:23 --> Fetching SubjectMasters details
INFO - 2020-05-11 23:23:23 --> Fetching Sections details
INFO - 2020-05-11 23:23:25 --> Controller "App\Controllers\SubjectStandards" loaded.
INFO - 2020-05-11 23:23:25 --> Fetching Subjects details
INFO - 2020-05-11 23:25:53 --> Controller "App\Controllers\SubjectMasters" loaded.
INFO - 2020-05-11 23:25:53 --> Controller "App\Controllers\Sections" loaded.
INFO - 2020-05-11 23:25:53 --> Fetching SubjectMasters details
INFO - 2020-05-11 23:25:53 --> Fetching Sections details
INFO - 2020-05-11 23:25:55 --> Controller "App\Controllers\SubjectStandards" loaded.
INFO - 2020-05-11 23:25:55 --> Fetching Subjects details
INFO - 2020-05-11 23:26:25 --> Controller "App\Controllers\SubjectMasters" loaded.
INFO - 2020-05-11 23:26:25 --> Controller "App\Controllers\Sections" loaded.
INFO - 2020-05-11 23:26:25 --> Fetching SubjectMasters details
INFO - 2020-05-11 23:26:25 --> Fetching Sections details
INFO - 2020-05-11 23:26:28 --> Controller "App\Controllers\SubjectStandards" loaded.
INFO - 2020-05-11 23:26:28 --> Fetching Subjects details
INFO - 2020-05-11 23:29:50 --> Controller "App\Controllers\ExamMasters" loaded.
INFO - 2020-05-11 23:29:50 --> Fetching ExamMasters details
INFO - 2020-05-11 23:30:59 --> Controller "App\Controllers\SubjectMasters" loaded.
INFO - 2020-05-11 23:30:59 --> Controller "App\Controllers\Sections" loaded.
INFO - 2020-05-11 23:30:59 --> Fetching SubjectMasters details
INFO - 2020-05-11 23:30:59 --> Fetching Sections details
INFO - 2020-05-11 23:31:02 --> Controller "App\Controllers\SubjectStandards" loaded.
INFO - 2020-05-11 23:31:02 --> Fetching Subjects details
INFO - 2020-05-11 23:31:59 --> Controller "App\Controllers\Boards" loaded.
INFO - 2020-05-11 23:31:59 --> Fetching Boards details
INFO - 2020-05-11 23:31:59 --> Controller "App\Controllers\Institutions" loaded.
INFO - 2020-05-11 23:31:59 --> Fetching Institution details
INFO - 2020-05-11 23:32:10 --> Controller "App\Controllers\Rooms" loaded.
INFO - 2020-05-11 23:32:10 --> Fetching room details
INFO - 2020-05-11 23:32:10 --> Controller "App\Controllers\MessageGroups" loaded.
INFO - 2020-05-11 23:32:10 --> Fetching MessageGroups details
INFO - 2020-05-11 23:32:10 --> Controller "App\Controllers\Standards" loaded.
INFO - 2020-05-11 23:32:10 --> Fetching Standards details
INFO - 2020-05-11 23:32:10 --> Controller "App\Controllers\Boards" loaded.
INFO - 2020-05-11 23:32:10 --> Fetching Boards details
INFO - 2020-05-11 23:32:10 --> Controller "App\Controllers\Institutions" loaded.
INFO - 2020-05-11 23:32:10 --> Fetching Institution details
INFO - 2020-05-11 23:32:10 --> Controller "App\Controllers\Standards" loaded.
INFO - 2020-05-11 23:32:10 --> Fetching Standards details
INFO - 2020-05-11 23:32:11 --> Controller "App\Controllers\Standards" loaded.
INFO - 2020-05-11 23:32:11 --> Fetching Standards details
INFO - 2020-05-11 23:32:17 --> Controller "App\Controllers\Standards" loaded.
INFO - 2020-05-11 23:32:17 --> Fetching Standards details
INFO - 2020-05-11 23:32:17 --> Controller "App\Controllers\Boards" loaded.
INFO - 2020-05-11 23:32:17 --> Fetching Boards details
INFO - 2020-05-11 23:32:17 --> Controller "App\Controllers\Institutions" loaded.
INFO - 2020-05-11 23:32:17 --> Fetching Institution details
INFO - 2020-05-11 23:32:17 --> Controller "App\Controllers\Standards" loaded.
INFO - 2020-05-11 23:32:17 --> Controller "App\Controllers\Standards" loaded.
INFO - 2020-05-11 23:32:17 --> Fetching Standards details
INFO - 2020-05-11 23:32:17 --> Fetching Standards details
INFO - 2020-05-11 23:32:19 --> Controller "App\Controllers\Standards" loaded.
INFO - 2020-05-11 23:32:19 --> Fetching Standards details
INFO - 2020-05-11 23:32:19 --> Controller "App\Controllers\Boards" loaded.
INFO - 2020-05-11 23:32:19 --> Fetching Boards details
INFO - 2020-05-11 23:32:19 --> Controller "App\Controllers\Institutions" loaded.
INFO - 2020-05-11 23:32:19 --> Fetching Institution details
INFO - 2020-05-11 23:32:19 --> Controller "App\Controllers\Standards" loaded.
INFO - 2020-05-11 23:32:19 --> Fetching Standards details
INFO - 2020-05-11 23:32:19 --> Controller "App\Controllers\Standards" loaded.
INFO - 2020-05-11 23:32:19 --> Fetching Standards details
INFO - 2020-05-11 23:32:23 --> Controller "App\Controllers\Sections" loaded.
INFO - 2020-05-11 23:32:23 --> Controller "App\Controllers\Boards" loaded.
INFO - 2020-05-11 23:32:23 --> Fetching Boards details
INFO - 2020-05-11 23:32:23 --> Fetching Sections details
INFO - 2020-05-11 23:32:23 --> Controller "App\Controllers\Institutions" loaded.
INFO - 2020-05-11 23:32:23 --> Fetching Institution details
INFO - 2020-05-11 23:32:23 --> Controller "App\Controllers\Standards" loaded.
INFO - 2020-05-11 23:32:23 --> Fetching Standards details
INFO - 2020-05-11 23:32:27 --> Controller "App\Controllers\Holidays" loaded.
INFO - 2020-05-11 23:32:27 --> Fetching Holiday details
INFO - 2020-05-11 23:32:31 --> Controller "App\Controllers\Sections" loaded.
INFO - 2020-05-11 23:32:31 --> Fetching Sections details
INFO - 2020-05-11 23:32:34 --> Controller "App\Controllers\Feedbacks" loaded.
INFO - 2020-05-11 23:32:34 --> Fetching Feedback details
INFO - 2020-05-11 23:32:37 --> Controller "App\Controllers\Sections" loaded.
INFO - 2020-05-11 23:32:37 --> Controller "App\Controllers\MessageGroups" loaded.
INFO - 2020-05-11 23:32:37 --> Fetching MessageGroups details
INFO - 2020-05-11 23:32:37 --> Fetching Sections details
INFO - 2020-05-11 23:32:37 --> Controller "App\Controllers\Dashboards" loaded.
INFO - 2020-05-11 23:32:37 --> Fetching Dashboard details
INFO - 2020-05-11 23:32:43 --> Controller "App\Controllers\Sections" loaded.
INFO - 2020-05-11 23:32:43 --> Fetching Sections details
INFO - 2020-05-11 23:32:46 --> Controller "App\Controllers\Students" loaded.
INFO - 2020-05-11 23:32:46 --> Fetching All Leave details
INFO - 2020-05-11 23:32:54 --> Controller "App\Controllers\Sections" loaded.
INFO - 2020-05-11 23:32:54 --> Fetching Sections details
INFO - 2020-05-11 23:32:58 --> Controller "App\Controllers\Students" loaded.
INFO - 2020-05-11 23:32:58 --> Fetching All Leave details
INFO - 2020-05-11 23:33:07 --> Controller "App\Controllers\Sections" loaded.
INFO - 2020-05-11 23:33:07 --> Fetching Sections details
INFO - 2020-05-11 23:33:10 --> Controller "App\Controllers\LeaveTypes" loaded.
INFO - 2020-05-11 23:33:10 --> Fetching LeaveTypes details
INFO - 2020-05-11 23:33:15 --> Controller "App\Controllers\SubjectMasters" loaded.
INFO - 2020-05-11 23:33:15 --> Fetching SubjectMasters details
INFO - 2020-05-11 23:33:15 --> Controller "App\Controllers\Sections" loaded.
INFO - 2020-05-11 23:33:15 --> Fetching Sections details
INFO - 2020-05-11 23:33:21 --> Controller "App\Controllers\LeaveApplications" loaded.
INFO - 2020-05-11 23:33:21 --> Fetching All Leave details
INFO - 2020-05-11 23:33:21 --> Controller "App\Controllers\LeaveApplications" loaded.
INFO - 2020-05-11 23:33:21 --> Fetching All Leave details
INFO - 2020-05-11 23:33:23 --> Controller "App\Controllers\SubjectMasters" loaded.
INFO - 2020-05-11 23:33:23 --> Fetching SubjectMasters details
INFO - 2020-05-11 23:33:23 --> Controller "App\Controllers\Sections" loaded.
INFO - 2020-05-11 23:33:23 --> Fetching Sections details
INFO - 2020-05-11 23:33:26 --> Controller "App\Controllers\SubjectStandards" loaded.
INFO - 2020-05-11 23:33:26 --> Fetching Subjects details
INFO - 2020-05-11 23:33:34 --> Controller "App\Controllers\SubjectStandards" loaded.
INFO - 2020-05-11 23:33:34 --> Fetching Subjects details
INFO - 2020-05-11 23:34:38 --> Controller "App\Controllers\SubjectStandards" loaded.
INFO - 2020-05-11 23:34:38 --> Fetching Subjects details
INFO - 2020-05-11 23:34:44 --> Controller "App\Controllers\SubjectStandards" loaded.
INFO - 2020-05-11 23:34:44 --> Fetching Subjects details
INFO - 2020-05-11 23:34:46 --> Controller "App\Controllers\SubjectStandards" loaded.
INFO - 2020-05-11 23:34:46 --> Fetching Subjects details
INFO - 2020-05-11 23:34:49 --> Controller "App\Controllers\SubjectStandards" loaded.
INFO - 2020-05-11 23:34:49 --> Fetching Subjects details
INFO - 2020-05-11 23:34:53 --> Controller "App\Controllers\SubjectStandards" loaded.
INFO - 2020-05-11 23:34:53 --> Fetching Subjects details
INFO - 2020-05-11 23:34:56 --> Controller "App\Controllers\SubjectMasters" loaded.
INFO - 2020-05-11 23:34:56 --> Controller "App\Controllers\Sections" loaded.
INFO - 2020-05-11 23:34:56 --> Fetching SubjectMasters details
INFO - 2020-05-11 23:34:56 --> Fetching Sections details
INFO - 2020-05-11 23:35:01 --> Controller "App\Controllers\SubjectStandards" loaded.
INFO - 2020-05-11 23:35:01 --> Fetching Subjects details
INFO - 2020-05-11 23:35:03 --> Controller "App\Controllers\Vehicles" loaded.
INFO - 2020-05-11 23:35:03 --> Fetching Vehicles details
INFO - 2020-05-11 23:35:12 --> Controller "App\Controllers\RouteMasters" loaded.
INFO - 2020-05-11 23:35:12 --> Fetching Route Master details
INFO - 2020-05-11 23:35:16 --> Controller "App\Controllers\RouteMasters" loaded.
INFO - 2020-05-11 23:35:16 --> Fetching Route Master details
INFO - 2020-05-11 23:35:24 --> Controller "App\Controllers\Boards" loaded.
INFO - 2020-05-11 23:35:24 --> Fetching Boards details
INFO - 2020-05-11 23:35:24 --> Controller "App\Controllers\Institutions" loaded.
INFO - 2020-05-11 23:35:24 --> Fetching Institution details
INFO - 2020-05-11 23:37:20 --> Controller "App\Controllers\Sections" loaded.
INFO - 2020-05-11 23:37:20 --> Controller "App\Controllers\SubjectMasters" loaded.
INFO - 2020-05-11 23:37:20 --> Fetching SubjectMasters details
INFO - 2020-05-11 23:37:20 --> Fetching Sections details
INFO - 2020-05-11 23:37:23 --> Controller "App\Controllers\SubjectStandards" loaded.
INFO - 2020-05-11 23:37:23 --> Fetching Subjects details
INFO - 2020-05-11 23:38:39 --> Controller "App\Controllers\Sections" loaded.
INFO - 2020-05-11 23:38:39 --> Controller "App\Controllers\SubjectMasters" loaded.
INFO - 2020-05-11 23:38:39 --> Fetching SubjectMasters details
INFO - 2020-05-11 23:38:39 --> Fetching Sections details
INFO - 2020-05-11 23:38:43 --> Controller "App\Controllers\SubjectStandards" loaded.
INFO - 2020-05-11 23:38:43 --> Fetching Subjects details
INFO - 2020-05-11 23:44:32 --> Controller "App\Controllers\Sections" loaded.
INFO - 2020-05-11 23:44:32 --> Controller "App\Controllers\SubjectMasters" loaded.
INFO - 2020-05-11 23:44:32 --> Fetching SubjectMasters details
INFO - 2020-05-11 23:44:32 --> Fetching Sections details
INFO - 2020-05-11 23:44:35 --> Controller "App\Controllers\SubjectStandards" loaded.
INFO - 2020-05-11 23:44:35 --> Fetching Subjects details
INFO - 2020-05-11 23:45:25 --> Controller "App\Controllers\Sections" loaded.
INFO - 2020-05-11 23:45:25 --> Controller "App\Controllers\SubjectMasters" loaded.
INFO - 2020-05-11 23:45:25 --> Fetching SubjectMasters details
INFO - 2020-05-11 23:45:25 --> Fetching Sections details
INFO - 2020-05-11 23:45:29 --> Controller "App\Controllers\SubjectStandards" loaded.
INFO - 2020-05-11 23:45:29 --> Fetching Subjects details
INFO - 2020-05-11 23:48:36 --> Controller "App\Controllers\SubjectMasters" loaded.
INFO - 2020-05-11 23:48:36 --> Controller "App\Controllers\Sections" loaded.
INFO - 2020-05-11 23:48:36 --> Fetching SubjectMasters details
INFO - 2020-05-11 23:48:36 --> Fetching Sections details
INFO - 2020-05-11 23:48:41 --> Controller "App\Controllers\SubjectStandards" loaded.
INFO - 2020-05-11 23:48:41 --> Fetching Subjects details
INFO - 2020-05-11 23:51:04 --> Controller "App\Controllers\SubjectMasters" loaded.
INFO - 2020-05-11 23:51:04 --> Fetching SubjectMasters details
INFO - 2020-05-11 23:51:04 --> Controller "App\Controllers\Sections" loaded.
INFO - 2020-05-11 23:51:04 --> Fetching Sections details
INFO - 2020-05-11 23:51:06 --> Controller "App\Controllers\SubjectStandards" loaded.
INFO - 2020-05-11 23:51:06 --> Fetching Subjects details
INFO - 2020-05-11 23:51:09 --> Controller "App\Controllers\SubjectStandards" loaded.
INFO - 2020-05-11 23:51:09 --> Fetching Subjects details
INFO - 2020-05-11 23:51:48 --> Controller "App\Controllers\SubjectMasters" loaded.
INFO - 2020-05-11 23:51:48 --> Controller "App\Controllers\Sections" loaded.
INFO - 2020-05-11 23:51:48 --> Fetching SubjectMasters details
INFO - 2020-05-11 23:51:48 --> Fetching Sections details
INFO - 2020-05-11 23:51:53 --> Controller "App\Controllers\SubjectStandards" loaded.
INFO - 2020-05-11 23:51:53 --> Fetching Subjects details
INFO - 2020-05-11 23:53:08 --> Controller "App\Controllers\SubjectMasters" loaded.
INFO - 2020-05-11 23:53:08 --> Fetching SubjectMasters details
INFO - 2020-05-11 23:53:08 --> Controller "App\Controllers\Sections" loaded.
INFO - 2020-05-11 23:53:08 --> Fetching Sections details
INFO - 2020-05-11 23:53:13 --> Controller "App\Controllers\SubjectStandards" loaded.
INFO - 2020-05-11 23:53:13 --> Fetching Subjects details
INFO - 2020-05-11 23:54:14 --> Controller "App\Controllers\SubjectMasters" loaded.
INFO - 2020-05-11 23:54:14 --> Controller "App\Controllers\Sections" loaded.
INFO - 2020-05-11 23:54:14 --> Fetching SubjectMasters details
INFO - 2020-05-11 23:54:14 --> Fetching Sections details
INFO - 2020-05-11 23:54:17 --> Controller "App\Controllers\SubjectStandards" loaded.
INFO - 2020-05-11 23:54:17 --> Fetching Subjects details
INFO - 2020-05-11 23:54:49 --> Controller "App\Controllers\Sections" loaded.
INFO - 2020-05-11 23:54:49 --> Controller "App\Controllers\SubjectMasters" loaded.
INFO - 2020-05-11 23:54:49 --> Fetching SubjectMasters details
INFO - 2020-05-11 23:54:49 --> Fetching Sections details
INFO - 2020-05-11 23:54:52 --> Controller "App\Controllers\SubjectStandards" loaded.
INFO - 2020-05-11 23:54:52 --> Fetching Subjects details
INFO - 2020-05-11 23:55:15 --> Controller "App\Controllers\Sections" loaded.
INFO - 2020-05-11 23:55:15 --> Controller "App\Controllers\SubjectMasters" loaded.
INFO - 2020-05-11 23:55:15 --> Fetching SubjectMasters details
INFO - 2020-05-11 23:55:15 --> Fetching Sections details
INFO - 2020-05-11 23:56:18 --> Controller "App\Controllers\SubjectMasters" loaded.
INFO - 2020-05-11 23:56:19 --> Fetching SubjectMasters details
INFO - 2020-05-11 23:56:19 --> Controller "App\Controllers\Sections" loaded.
INFO - 2020-05-11 23:56:19 --> Fetching Sections details
INFO - 2020-05-11 23:56:21 --> Controller "App\Controllers\SubjectStandards" loaded.
INFO - 2020-05-11 23:56:21 --> Fetching Subjects details
INFO - 2020-05-11 23:57:31 --> Controller "App\Controllers\SubjectMasters" loaded.
INFO - 2020-05-11 23:57:31 --> Controller "App\Controllers\Sections" loaded.
INFO - 2020-05-11 23:57:31 --> Fetching SubjectMasters details
INFO - 2020-05-11 23:57:31 --> Fetching Sections details
INFO - 2020-05-11 23:57:34 --> Controller "App\Controllers\SubjectStandards" loaded.
INFO - 2020-05-11 23:57:34 --> Fetching Subjects details
INFO - 2020-05-11 23:59:08 --> Controller "App\Controllers\SubjectMasters" loaded.
INFO - 2020-05-11 23:59:08 --> Controller "App\Controllers\Sections" loaded.
INFO - 2020-05-11 23:59:08 --> Fetching SubjectMasters details
INFO - 2020-05-11 23:59:08 --> Fetching Sections details
INFO - 2020-05-11 23:59:11 --> Controller "App\Controllers\SubjectStandards" loaded.
INFO - 2020-05-11 23:59:11 --> Fetching Subjects details
