INFO - 2020-12-10 09:25:37 --> Controller "App\Controllers\UserMenus" loaded.
INFO - 2020-12-10 09:25:37 --> Fetching UserMenu details
INFO - 2020-12-10 09:25:39 --> Controller "App\Controllers\IIQAForm" loaded.
INFO - 2020-12-10 09:25:39 --> Fetching IIQA Details
INFO - 2020-12-10 09:25:44 --> Controller "App\Controllers\UserMenus" loaded.
INFO - 2020-12-10 09:25:44 --> Fetching UserMenu details
INFO - 2020-12-10 09:25:46 --> Controller "App\Controllers\IIQAForm" loaded.
INFO - 2020-12-10 09:25:46 --> Fetching IIQA Details
INFO - 2020-12-10 09:25:52 --> Controller "App\Controllers\IIQAForm" loaded.
INFO - 2020-12-10 09:25:52 --> Fetching IIQA Details
INFO - 2020-12-10 09:25:56 --> Controller "App\Controllers\IIQAForm" loaded.
INFO - 2020-12-10 09:25:56 --> Fetching IIQA Details
INFO - 2020-12-10 09:25:59 --> Controller "App\Controllers\IIQADocument" loaded.
INFO - 2020-12-10 09:25:59 --> Controller "App\Controllers\IIQAForm" loaded.
INFO - 2020-12-10 09:25:59 --> Fetching Document Details
INFO - 2020-12-10 09:25:59 --> Controller "App\Controllers\Department" loaded.
INFO - 2020-12-10 09:25:59 --> Fetching IIQA Details
INFO - 2020-12-10 09:25:59 --> Fetching IIQA Details
INFO - 2020-12-10 09:25:59 --> Controller "App\Controllers\IIQADocument" loaded.
INFO - 2020-12-10 09:25:59 --> Controller "App\Controllers\IIQADocument" loaded.
INFO - 2020-12-10 09:25:59 --> Fetching Document Details
INFO - 2020-12-10 09:25:59 --> Fetching Document Details
INFO - 2020-12-10 09:32:36 --> Controller "App\Controllers\IIQAForm" loaded.
INFO - 2020-12-10 09:32:36 --> Fetching IIQA Details
INFO - 2020-12-10 09:33:39 --> Controller "App\Controllers\UserMenus" loaded.
INFO - 2020-12-10 09:33:39 --> Fetching UserMenu details
INFO - 2020-12-10 09:33:41 --> Controller "App\Controllers\IIQAForm" loaded.
INFO - 2020-12-10 09:33:41 --> Fetching IIQA Details
INFO - 2020-12-10 09:34:38 --> Controller "App\Controllers\IIQAForm" loaded.
INFO - 2020-12-10 09:34:38 --> Fetching IIQA Details
INFO - 2020-12-10 09:34:56 --> Controller "App\Controllers\IIQAForm" loaded.
INFO - 2020-12-10 09:34:56 --> Fetching IIQA Details
INFO - 2020-12-10 09:35:11 --> Controller "App\Controllers\IIQAForm" loaded.
INFO - 2020-12-10 09:35:11 --> Fetching IIQA Details
INFO - 2020-12-10 09:38:28 --> Controller "App\Controllers\UserMenus" loaded.
INFO - 2020-12-10 09:38:28 --> Fetching UserMenu details
INFO - 2020-12-10 09:38:30 --> Controller "App\Controllers\IIQAForm" loaded.
INFO - 2020-12-10 09:38:30 --> Fetching IIQA Details
INFO - 2020-12-10 09:41:48 --> Controller "App\Controllers\IIQAForm" loaded.
INFO - 2020-12-10 09:41:48 --> Fetching IIQA Details
INFO - 2020-12-10 09:42:51 --> Controller "App\Controllers\IIQAForm" loaded.
INFO - 2020-12-10 09:42:51 --> Fetching IIQA Details
INFO - 2020-12-10 09:43:07 --> Controller "App\Controllers\IIQAForm" loaded.
INFO - 2020-12-10 09:43:07 --> Fetching IIQA Details
INFO - 2020-12-10 09:43:37 --> Controller "App\Controllers\IIQAForm" loaded.
INFO - 2020-12-10 09:43:37 --> Fetching IIQA Details
INFO - 2020-12-10 09:45:41 --> Controller "App\Controllers\IIQAForm" loaded.
INFO - 2020-12-10 09:45:41 --> Fetching IIQA Details
INFO - 2020-12-10 09:48:39 --> Controller "App\Controllers\IIQAForm" loaded.
INFO - 2020-12-10 09:48:39 --> Fetching IIQA Details
INFO - 2020-12-10 09:48:44 --> Controller "App\Controllers\UserMenus" loaded.
INFO - 2020-12-10 09:48:44 --> Fetching UserMenu details
INFO - 2020-12-10 09:49:06 --> Controller "App\Controllers\UserMenus" loaded.
INFO - 2020-12-10 09:49:06 --> Fetching UserMenu details
INFO - 2020-12-10 09:49:13 --> Controller "App\Controllers\IIQAForm" loaded.
INFO - 2020-12-10 09:54:29 --> Controller "App\Controllers\UserMenus" loaded.
INFO - 2020-12-10 09:54:29 --> Fetching UserMenu details
INFO - 2020-12-10 09:54:38 --> Controller "App\Controllers\IIQAForm" loaded.
INFO - 2020-12-10 09:55:14 --> Controller "App\Controllers\UserMenus" loaded.
INFO - 2020-12-10 09:55:14 --> Fetching UserMenu details
INFO - 2020-12-10 09:55:16 --> Controller "App\Controllers\IIQAForm" loaded.
INFO - 2020-12-10 09:55:16 --> Fetching IIQA Details
INFO - 2020-12-10 09:55:19 --> Controller "App\Controllers\UserMenus" loaded.
INFO - 2020-12-10 09:55:19 --> Fetching UserMenu details
INFO - 2020-12-10 09:55:24 --> Controller "App\Controllers\IIQAForm" loaded.
INFO - 2020-12-10 09:57:15 --> Controller "App\Controllers\UserMenus" loaded.
INFO - 2020-12-10 09:57:15 --> Fetching UserMenu details
INFO - 2020-12-10 09:59:39 --> Controller "App\Controllers\UserMenus" loaded.
INFO - 2020-12-10 09:59:39 --> Fetching UserMenu details
INFO - 2020-12-10 10:03:27 --> Controller "App\Controllers\IIQAForm" loaded.
INFO - 2020-12-10 10:05:33 --> Controller "App\Controllers\UserMenus" loaded.
INFO - 2020-12-10 10:05:33 --> Fetching UserMenu details
INFO - 2020-12-10 10:05:35 --> Controller "App\Controllers\UserMenus" loaded.
INFO - 2020-12-10 10:05:35 --> Fetching UserMenu details
INFO - 2020-12-10 10:05:38 --> Controller "App\Controllers\UserMenus" loaded.
INFO - 2020-12-10 10:05:38 --> Fetching UserMenu details
INFO - 2020-12-10 10:05:40 --> Controller "App\Controllers\UserMenus" loaded.
INFO - 2020-12-10 10:05:40 --> Fetching UserMenu details
INFO - 2020-12-10 10:05:41 --> Controller "App\Controllers\UserMenus" loaded.
INFO - 2020-12-10 10:05:41 --> Fetching UserMenu details
INFO - 2020-12-10 10:05:42 --> Controller "App\Controllers\UserMenus" loaded.
INFO - 2020-12-10 10:05:42 --> Fetching UserMenu details
INFO - 2020-12-10 10:05:43 --> Controller "App\Controllers\UserMenus" loaded.
INFO - 2020-12-10 10:05:43 --> Fetching UserMenu details
INFO - 2020-12-10 10:05:48 --> Controller "App\Controllers\UserMenus" loaded.
INFO - 2020-12-10 10:05:48 --> Fetching UserMenu details
INFO - 2020-12-10 10:05:55 --> Controller "App\Controllers\UserMenus" loaded.
INFO - 2020-12-10 10:05:55 --> Fetching UserMenu details
INFO - 2020-12-10 10:08:14 --> Controller "App\Controllers\UserMenus" loaded.
INFO - 2020-12-10 10:08:14 --> Fetching UserMenu details
INFO - 2020-12-10 10:08:18 --> Controller "App\Controllers\IIQAForm" loaded.
INFO - 2020-12-10 10:08:18 --> Fetching IIQA Details
INFO - 2020-12-10 10:08:23 --> Controller "App\Controllers\IIQAForm" loaded.
INFO - 2020-12-10 10:08:23 --> Fetching IIQA Details
INFO - 2020-12-10 10:08:23 --> Controller "App\Controllers\CommonFetch" loaded.
INFO - 2020-12-10 10:08:23 --> Fetching IIQA Details
INFO - 2020-12-10 10:08:23 --> Controller "App\Controllers\University" loaded.
INFO - 2020-12-10 10:08:23 --> Controller "App\Controllers\CommonFetch" loaded.
INFO - 2020-12-10 10:08:23 --> Fetching IIQA Details
INFO - 2020-12-10 10:08:23 --> Fetching IIQA Details
INFO - 2020-12-10 10:08:23 --> Controller "App\Controllers\IIQADocument" loaded.
INFO - 2020-12-10 10:08:23 --> Controller "App\Controllers\IIQADocument" loaded.
INFO - 2020-12-10 10:08:23 --> Fetching Document Details
INFO - 2020-12-10 10:08:23 --> Fetching Document Details
INFO - 2020-12-10 10:08:24 --> Controller "App\Controllers\IIQAForm" loaded.
INFO - 2020-12-10 10:08:24 --> Fetching IIQA Details
INFO - 2020-12-10 10:08:24 --> Controller "App\Controllers\CommonFetch" loaded.
INFO - 2020-12-10 10:08:24 --> Fetching Title Details
INFO - 2020-12-10 10:08:24 --> Controller "App\Controllers\CommonFetch" loaded.
INFO - 2020-12-10 10:08:24 --> Fetching Title Details
INFO - 2020-12-10 10:08:26 --> Controller "App\Controllers\IIQAForm" loaded.
INFO - 2020-12-10 10:08:26 --> Controller "App\Controllers\IIQADocument" loaded.
INFO - 2020-12-10 10:08:26 --> Fetching IIQA Details
INFO - 2020-12-10 10:08:26 --> Fetching Document Details
INFO - 2020-12-10 10:08:26 --> Controller "App\Controllers\IIQADocument" loaded.
INFO - 2020-12-10 10:08:26 --> Controller "App\Controllers\IIQADocument" loaded.
INFO - 2020-12-10 10:08:26 --> Fetching Document Details
INFO - 2020-12-10 10:08:26 --> Fetching Document Details
INFO - 2020-12-10 10:08:26 --> Controller "App\Controllers\Department" loaded.
INFO - 2020-12-10 10:08:26 --> Fetching IIQA Details
INFO - 2020-12-10 10:09:11 --> Controller "App\Controllers\UserMenus" loaded.
INFO - 2020-12-10 10:09:11 --> Fetching UserMenu details
INFO - 2020-12-10 10:10:12 --> Controller "App\Controllers\UserMenus" loaded.
INFO - 2020-12-10 10:10:12 --> Fetching UserMenu details
INFO - 2020-12-10 10:25:50 --> Controller "App\Controllers\IIQAForm" loaded.
INFO - 2020-12-10 10:25:50 --> Fetching IIQA Details
INFO - 2020-12-10 10:25:52 --> Controller "App\Controllers\UserMenus" loaded.
INFO - 2020-12-10 10:25:52 --> Fetching UserMenu details
INFO - 2020-12-10 10:36:12 --> Controller "App\Controllers\IIQAForm" loaded.
INFO - 2020-12-10 10:36:12 --> Fetching IIQA Details
INFO - 2020-12-10 10:36:13 --> Controller "App\Controllers\UserMenus" loaded.
INFO - 2020-12-10 10:36:13 --> Fetching UserMenu details
INFO - 2020-12-10 10:56:15 --> Controller "App\Controllers\UserMenus" loaded.
INFO - 2020-12-10 10:56:15 --> Fetching UserMenu details
INFO - 2020-12-10 10:56:26 --> Controller "App\Controllers\IIQAForm" loaded.
INFO - 2020-12-10 11:03:44 --> Controller "App\Controllers\UserMenus" loaded.
INFO - 2020-12-10 11:03:44 --> Fetching UserMenu details
INFO - 2020-12-10 11:05:30 --> Controller "App\Controllers\UserMenus" loaded.
INFO - 2020-12-10 11:05:30 --> Fetching UserMenu details
INFO - 2020-12-10 11:08:30 --> Controller "App\Controllers\UserMenus" loaded.
INFO - 2020-12-10 11:08:30 --> Fetching UserMenu details
INFO - 2020-12-10 11:12:31 --> Controller "App\Controllers\UserMenus" loaded.
INFO - 2020-12-10 11:12:31 --> Fetching UserMenu details
INFO - 2020-12-10 11:13:39 --> Controller "App\Controllers\IIQAForm" loaded.
INFO - 2020-12-10 11:13:39 --> Fetching IIQA Details
INFO - 2020-12-10 11:15:03 --> Controller "App\Controllers\UserMenus" loaded.
INFO - 2020-12-10 11:15:03 --> Fetching UserMenu details
INFO - 2020-12-10 11:15:04 --> Controller "App\Controllers\IIQAForm" loaded.
INFO - 2020-12-10 11:15:04 --> Fetching IIQA Details
INFO - 2020-12-10 11:15:34 --> Controller "App\Controllers\UserMenus" loaded.
INFO - 2020-12-10 11:15:34 --> Fetching UserMenu details
INFO - 2020-12-10 11:15:38 --> Controller "App\Controllers\IIQAForm" loaded.
INFO - 2020-12-10 11:15:38 --> Fetching IIQA Details
INFO - 2020-12-10 11:20:50 --> Controller "App\Controllers\UserMenus" loaded.
INFO - 2020-12-10 11:20:50 --> Fetching UserMenu details
INFO - 2020-12-10 11:21:26 --> Controller "App\Controllers\IIQAForm" loaded.
INFO - 2020-12-10 11:21:26 --> Fetching IIQA Details
INFO - 2020-12-10 11:21:32 --> Controller "App\Controllers\IIQAForm" loaded.
INFO - 2020-12-10 11:21:32 --> Fetching IIQA Details
INFO - 2020-12-10 11:22:08 --> Controller "App\Controllers\IIQAForm" loaded.
INFO - 2020-12-10 11:22:08 --> Fetching IIQA Details
INFO - 2020-12-10 11:23:17 --> Controller "App\Controllers\UserMenus" loaded.
INFO - 2020-12-10 11:23:17 --> Fetching UserMenu details
INFO - 2020-12-10 11:23:39 --> Controller "App\Controllers\IIQAForm" loaded.
INFO - 2020-12-10 11:23:39 --> Fetching IIQA Details
INFO - 2020-12-10 11:45:33 --> Controller "App\Controllers\IIQAForm" loaded.
INFO - 2020-12-10 11:45:33 --> Fetching IIQA Details
INFO - 2020-12-10 11:45:45 --> Controller "App\Controllers\UserMenus" loaded.
INFO - 2020-12-10 11:45:45 --> Fetching UserMenu details
INFO - 2020-12-10 11:49:12 --> Controller "App\Controllers\UserMenus" loaded.
INFO - 2020-12-10 11:49:12 --> Fetching UserMenu details
INFO - 2020-12-10 11:56:14 --> Controller "App\Controllers\UserMenus" loaded.
INFO - 2020-12-10 11:56:14 --> Fetching UserMenu details
INFO - 2020-12-10 11:56:27 --> Controller "App\Controllers\IIQADocument" loaded.
INFO - 2020-12-10 11:56:27 --> Controller "App\Controllers\IIQAForm" loaded.
INFO - 2020-12-10 11:56:27 --> Fetching Document Details
INFO - 2020-12-10 11:56:27 --> Fetching IIQA Details
INFO - 2020-12-10 11:56:27 --> Controller "App\Controllers\SSRForm" loaded.
INFO - 2020-12-10 11:56:27 --> Fetching IIQA Details
INFO - 2020-12-10 11:57:55 --> Controller "App\Controllers\SSRForm" loaded.
INFO - 2020-12-10 11:57:55 --> Controller "App\Controllers\IIQADocument" loaded.
INFO - 2020-12-10 11:57:55 --> Fetching IIQA Details
INFO - 2020-12-10 11:57:55 --> Controller "App\Controllers\IIQAForm" loaded.
INFO - 2020-12-10 11:57:55 --> Fetching Document Details
INFO - 2020-12-10 11:57:55 --> Fetching IIQA Details
INFO - 2020-12-10 12:09:10 --> Controller "App\Controllers\SSRForm" loaded.
INFO - 2020-12-10 12:09:10 --> Fetching IIQA Details
INFO - 2020-12-10 12:09:10 --> Controller "App\Controllers\IIQADocument" loaded.
INFO - 2020-12-10 12:09:10 --> Controller "App\Controllers\IIQAForm" loaded.
INFO - 2020-12-10 12:09:10 --> Fetching Document Details
INFO - 2020-12-10 12:09:10 --> Fetching IIQA Details
INFO - 2020-12-10 12:15:25 --> Controller "App\Controllers\UserMenus" loaded.
INFO - 2020-12-10 12:15:25 --> Fetching UserMenu details
INFO - 2020-12-10 12:15:30 --> Controller "App\Controllers\IIQAForm" loaded.
INFO - 2020-12-10 12:15:30 --> Fetching IIQA Details
INFO - 2020-12-10 12:15:30 --> Controller "App\Controllers\IIQADocument" loaded.
INFO - 2020-12-10 12:15:30 --> Controller "App\Controllers\SSRForm" loaded.
INFO - 2020-12-10 12:15:30 --> Fetching Document Details
INFO - 2020-12-10 12:15:30 --> Fetching IIQA Details
INFO - 2020-12-10 12:15:53 --> Controller "App\Controllers\UserMenus" loaded.
INFO - 2020-12-10 12:15:53 --> Fetching UserMenu details
INFO - 2020-12-10 12:29:04 --> Controller "App\Controllers\UserMenus" loaded.
INFO - 2020-12-10 12:29:04 --> Fetching UserMenu details
INFO - 2020-12-10 12:30:13 --> Controller "App\Controllers\UserMenus" loaded.
INFO - 2020-12-10 12:30:13 --> Fetching UserMenu details
INFO - 2020-12-10 12:30:43 --> Controller "App\Controllers\UserMenus" loaded.
INFO - 2020-12-10 12:30:43 --> Fetching UserMenu details
INFO - 2020-12-10 12:36:10 --> Controller "App\Controllers\UserMenus" loaded.
INFO - 2020-12-10 12:36:10 --> Fetching UserMenu details
INFO - 2020-12-10 12:37:38 --> Controller "App\Controllers\IIQADocument" loaded.
INFO - 2020-12-10 12:37:38 --> Controller "App\Controllers\IIQAForm" loaded.
INFO - 2020-12-10 12:37:38 --> Fetching Document Details
INFO - 2020-12-10 12:37:38 --> Fetching IIQA Details
INFO - 2020-12-10 12:37:38 --> Controller "App\Controllers\SSRForm" loaded.
INFO - 2020-12-10 12:37:38 --> Fetching IIQA Details
INFO - 2020-12-10 12:37:48 --> Controller "App\Controllers\UserMenus" loaded.
INFO - 2020-12-10 12:37:48 --> Fetching UserMenu details
INFO - 2020-12-10 12:38:09 --> Controller "App\Controllers\UserMenus" loaded.
INFO - 2020-12-10 12:38:09 --> Fetching UserMenu details
INFO - 2020-12-10 12:38:48 --> Controller "App\Controllers\UserMenus" loaded.
INFO - 2020-12-10 12:38:48 --> Fetching UserMenu details
INFO - 2020-12-10 12:39:55 --> Controller "App\Controllers\UserMenus" loaded.
INFO - 2020-12-10 12:39:55 --> Fetching UserMenu details
INFO - 2020-12-10 12:42:35 --> Controller "App\Controllers\UserMenus" loaded.
INFO - 2020-12-10 12:42:35 --> Fetching UserMenu details
INFO - 2020-12-10 14:02:43 --> Controller "App\Controllers\UserMenus" loaded.
INFO - 2020-12-10 14:02:43 --> Fetching UserMenu details
INFO - 2020-12-10 14:02:48 --> Controller "App\Controllers\IIQAForm" loaded.
INFO - 2020-12-10 14:02:48 --> Fetching IIQA Details
INFO - 2020-12-10 14:02:48 --> Controller "App\Controllers\IIQADocument" loaded.
INFO - 2020-12-10 14:02:48 --> Fetching Document Details
INFO - 2020-12-10 14:02:48 --> Controller "App\Controllers\SSRForm" loaded.
INFO - 2020-12-10 14:02:48 --> Fetching IIQA Details
INFO - 2020-12-10 14:03:01 --> Controller "App\Controllers\SSRForm" loaded.
INFO - 2020-12-10 14:03:01 --> Controller "App\Controllers\CommonFetch" loaded.
INFO - 2020-12-10 14:03:01 --> Fetching IIQA Details
INFO - 2020-12-10 14:03:01 --> Fetching Uni-Language Details
INFO - 2020-12-10 14:03:21 --> Controller "App\Controllers\SSRForm" loaded.
INFO - 2020-12-10 14:03:21 --> Controller "App\Controllers\IIQADocument" loaded.
INFO - 2020-12-10 14:03:21 --> Controller "App\Controllers\IIQAForm" loaded.
INFO - 2020-12-10 14:03:21 --> Fetching Document Details
INFO - 2020-12-10 14:03:21 --> Fetching IIQA Details
INFO - 2020-12-10 14:03:21 --> Fetching IIQA Details
INFO - 2020-12-10 14:06:05 --> Controller "App\Controllers\UserMenus" loaded.
INFO - 2020-12-10 14:06:05 --> Fetching UserMenu details
INFO - 2020-12-10 14:08:28 --> Controller "App\Controllers\UserMenus" loaded.
INFO - 2020-12-10 14:08:28 --> Fetching UserMenu details
INFO - 2020-12-10 14:08:48 --> Controller "App\Controllers\UserMenus" loaded.
INFO - 2020-12-10 14:08:48 --> Fetching UserMenu details
INFO - 2020-12-10 14:09:37 --> Controller "App\Controllers\UserMenus" loaded.
INFO - 2020-12-10 14:09:37 --> Fetching UserMenu details
INFO - 2020-12-10 14:10:14 --> Controller "App\Controllers\UserMenus" loaded.
INFO - 2020-12-10 14:10:14 --> Fetching UserMenu details
INFO - 2020-12-10 14:10:38 --> Controller "App\Controllers\UserMenus" loaded.
INFO - 2020-12-10 14:10:38 --> Fetching UserMenu details
INFO - 2020-12-10 14:11:27 --> Controller "App\Controllers\IIQAForm" loaded.
INFO - 2020-12-10 14:11:27 --> Controller "App\Controllers\IIQADocument" loaded.
INFO - 2020-12-10 14:11:27 --> Fetching Document Details
INFO - 2020-12-10 14:11:27 --> Fetching IIQA Details
INFO - 2020-12-10 14:11:27 --> Controller "App\Controllers\SSRForm" loaded.
INFO - 2020-12-10 14:11:27 --> Fetching IIQA Details
INFO - 2020-12-10 14:11:41 --> Controller "App\Controllers\SSRForm" loaded.
INFO - 2020-12-10 14:11:41 --> Controller "App\Controllers\IIQAForm" loaded.
INFO - 2020-12-10 14:11:41 --> Controller "App\Controllers\IIQADocument" loaded.
INFO - 2020-12-10 14:11:41 --> Fetching IIQA Details
INFO - 2020-12-10 14:11:41 --> Fetching Document Details
INFO - 2020-12-10 14:11:41 --> Fetching IIQA Details
INFO - 2020-12-10 14:12:15 --> Controller "App\Controllers\IIQAForm" loaded.
INFO - 2020-12-10 14:12:15 --> Controller "App\Controllers\SSRForm" loaded.
INFO - 2020-12-10 14:12:15 --> Controller "App\Controllers\IIQADocument" loaded.
INFO - 2020-12-10 14:12:15 --> Fetching IIQA Details
INFO - 2020-12-10 14:12:15 --> Fetching IIQA Details
INFO - 2020-12-10 14:12:15 --> Fetching Document Details
INFO - 2020-12-10 14:23:04 --> Controller "App\Controllers\UserMenus" loaded.
INFO - 2020-12-10 14:23:04 --> Fetching UserMenu details
INFO - 2020-12-10 14:23:08 --> Controller "App\Controllers\IIQAForm" loaded.
INFO - 2020-12-10 14:23:08 --> Fetching IIQA Details
INFO - 2020-12-10 14:23:08 --> Controller "App\Controllers\IIQADocument" loaded.
INFO - 2020-12-10 14:23:08 --> Fetching Document Details
INFO - 2020-12-10 14:23:08 --> Controller "App\Controllers\SSRForm" loaded.
INFO - 2020-12-10 14:23:08 --> Fetching IIQA Details
INFO - 2020-12-10 14:25:03 --> Controller "App\Controllers\UserMenus" loaded.
INFO - 2020-12-10 14:25:03 --> Fetching UserMenu details
INFO - 2020-12-10 14:29:57 --> Controller "App\Controllers\UserMenus" loaded.
INFO - 2020-12-10 14:29:57 --> Fetching UserMenu details
INFO - 2020-12-10 14:31:02 --> Controller "App\Controllers\IIQAForm" loaded.
INFO - 2020-12-10 14:31:02 --> Fetching IIQA Details
INFO - 2020-12-10 14:31:02 --> Controller "App\Controllers\State" loaded.
INFO - 2020-12-10 14:31:02 --> Fetching IIQA Details
INFO - 2020-12-10 14:31:02 --> Controller "App\Controllers\University" loaded.
INFO - 2020-12-10 14:31:02 --> Fetching IIQA Details
INFO - 2020-12-10 14:31:02 --> Controller "App\Controllers\CommonFetch" loaded.
INFO - 2020-12-10 14:31:02 --> Controller "App\Controllers\CommonFetch" loaded.
INFO - 2020-12-10 14:31:02 --> Fetching IIQA Details
INFO - 2020-12-10 14:31:02 --> Fetching Title Details
INFO - 2020-12-10 14:31:02 --> Controller "App\Controllers\CommonFetch" loaded.
INFO - 2020-12-10 14:31:02 --> Fetching Title Details
INFO - 2020-12-10 14:31:02 --> Controller "App\Controllers\IIQADocument" loaded.
INFO - 2020-12-10 14:31:02 --> Fetching Document Details
INFO - 2020-12-10 14:31:05 --> Controller "App\Controllers\UserMenus" loaded.
INFO - 2020-12-10 14:31:05 --> Fetching UserMenu details
INFO - 2020-12-10 14:31:08 --> Controller "App\Controllers\IIQAForm" loaded.
INFO - 2020-12-10 14:31:08 --> Fetching IIQA Details
INFO - 2020-12-10 14:31:08 --> Controller "App\Controllers\University" loaded.
INFO - 2020-12-10 14:31:08 --> Controller "App\Controllers\State" loaded.
INFO - 2020-12-10 14:31:08 --> Fetching IIQA Details
INFO - 2020-12-10 14:31:08 --> Fetching IIQA Details
INFO - 2020-12-10 14:31:08 --> Controller "App\Controllers\CommonFetch" loaded.
INFO - 2020-12-10 14:31:08 --> Controller "App\Controllers\CommonFetch" loaded.
INFO - 2020-12-10 14:31:08 --> Fetching Title Details
INFO - 2020-12-10 14:31:08 --> Controller "App\Controllers\IIQADocument" loaded.
INFO - 2020-12-10 14:31:08 --> Fetching Title Details
INFO - 2020-12-10 14:31:08 --> Fetching Document Details
INFO - 2020-12-10 14:31:08 --> Controller "App\Controllers\CommonFetch" loaded.
INFO - 2020-12-10 14:31:08 --> Fetching IIQA Details
INFO - 2020-12-10 14:31:15 --> Controller "App\Controllers\UserMenus" loaded.
INFO - 2020-12-10 14:31:15 --> Fetching UserMenu details
INFO - 2020-12-10 14:59:33 --> Controller "App\Controllers\SSRForm" loaded.
INFO - 2020-12-10 14:59:33 --> Controller "App\Controllers\IIQADocument" loaded.
INFO - 2020-12-10 14:59:33 --> Controller "App\Controllers\IIQAForm" loaded.
INFO - 2020-12-10 14:59:33 --> Fetching IIQA Details
INFO - 2020-12-10 14:59:33 --> Fetching Document Details
INFO - 2020-12-10 14:59:33 --> Fetching IIQA Details
INFO - 2020-12-10 15:12:01 --> Controller "App\Controllers\UserMenus" loaded.
INFO - 2020-12-10 15:12:01 --> Fetching UserMenu details
INFO - 2020-12-10 15:12:15 --> Controller "App\Controllers\UserMenus" loaded.
INFO - 2020-12-10 15:12:15 --> Fetching UserMenu details
INFO - 2020-12-10 15:14:08 --> Controller "App\Controllers\UserMenus" loaded.
INFO - 2020-12-10 15:14:08 --> Fetching UserMenu details
INFO - 2020-12-10 15:31:48 --> Controller "App\Controllers\IIQADocument" loaded.
INFO - 2020-12-10 15:31:48 --> Controller "App\Controllers\IIQAForm" loaded.
INFO - 2020-12-10 15:31:48 --> Controller "App\Controllers\SSRForm" loaded.
INFO - 2020-12-10 15:31:48 --> Fetching Document Details
INFO - 2020-12-10 15:31:48 --> Fetching IIQA Details
INFO - 2020-12-10 15:31:48 --> Fetching IIQA Details
INFO - 2020-12-10 15:32:59 --> Controller "App\Controllers\UserMenus" loaded.
INFO - 2020-12-10 15:32:59 --> Fetching UserMenu details
INFO - 2020-12-10 15:34:39 --> Controller "App\Controllers\UserMenus" loaded.
INFO - 2020-12-10 15:34:39 --> Fetching UserMenu details
INFO - 2020-12-10 15:36:48 --> Controller "App\Controllers\UserMenus" loaded.
INFO - 2020-12-10 15:36:48 --> Fetching UserMenu details
INFO - 2020-12-10 15:36:57 --> Controller "App\Controllers\UserMenus" loaded.
INFO - 2020-12-10 15:36:57 --> Fetching UserMenu details
INFO - 2020-12-10 15:37:02 --> Controller "App\Controllers\IIQAForm" loaded.
INFO - 2020-12-10 15:37:02 --> Fetching IIQA Details
INFO - 2020-12-10 15:37:06 --> Controller "App\Controllers\UserMenus" loaded.
INFO - 2020-12-10 15:37:06 --> Fetching UserMenu details
INFO - 2020-12-10 15:37:14 --> Controller "App\Controllers\UserMenus" loaded.
INFO - 2020-12-10 15:37:14 --> Fetching UserMenu details
INFO - 2020-12-10 15:37:35 --> Controller "App\Controllers\UserMenus" loaded.
INFO - 2020-12-10 15:37:35 --> Fetching UserMenu details
INFO - 2020-12-10 15:37:43 --> Controller "App\Controllers\UserMenus" loaded.
INFO - 2020-12-10 15:37:43 --> Fetching UserMenu details
INFO - 2020-12-10 15:48:49 --> Controller "App\Controllers\SSRForm" loaded.
INFO - 2020-12-10 15:48:49 --> Controller "App\Controllers\IIQADocument" loaded.
INFO - 2020-12-10 15:48:49 --> Controller "App\Controllers\IIQAForm" loaded.
INFO - 2020-12-10 15:48:49 --> Fetching IIQA Details
INFO - 2020-12-10 15:48:49 --> Fetching Document Details
INFO - 2020-12-10 15:48:49 --> Fetching IIQA Details
INFO - 2020-12-10 15:52:38 --> Controller "App\Controllers\UserMenus" loaded.
INFO - 2020-12-10 15:52:38 --> Fetching UserMenu details
INFO - 2020-12-10 15:59:07 --> Controller "App\Controllers\IIQAForm" loaded.
INFO - 2020-12-10 15:59:07 --> Controller "App\Controllers\IIQADocument" loaded.
INFO - 2020-12-10 15:59:07 --> Controller "App\Controllers\SSRForm" loaded.
INFO - 2020-12-10 15:59:07 --> Fetching IIQA Details
INFO - 2020-12-10 15:59:07 --> Fetching Document Details
INFO - 2020-12-10 15:59:07 --> Fetching IIQA Details
INFO - 2020-12-10 15:59:43 --> Controller "App\Controllers\UserMenus" loaded.
INFO - 2020-12-10 15:59:43 --> Fetching UserMenu details
INFO - 2020-12-10 15:59:46 --> Controller "App\Controllers\IIQAForm" loaded.
INFO - 2020-12-10 15:59:46 --> Fetching IIQA Details
INFO - 2020-12-10 15:59:46 --> Controller "App\Controllers\IIQADocument" loaded.
INFO - 2020-12-10 15:59:46 --> Fetching Document Details
INFO - 2020-12-10 15:59:46 --> Controller "App\Controllers\SSRForm" loaded.
INFO - 2020-12-10 15:59:46 --> Fetching IIQA Details
INFO - 2020-12-10 16:03:06 --> Controller "App\Controllers\UserMenus" loaded.
INFO - 2020-12-10 16:03:06 --> Fetching UserMenu details
INFO - 2020-12-10 16:03:46 --> Controller "App\Controllers\UserMenus" loaded.
INFO - 2020-12-10 16:03:46 --> Fetching UserMenu details
INFO - 2020-12-10 16:03:48 --> Controller "App\Controllers\IIQAForm" loaded.
INFO - 2020-12-10 16:03:48 --> Fetching IIQA Details
INFO - 2020-12-10 16:03:48 --> Controller "App\Controllers\SSRForm" loaded.
INFO - 2020-12-10 16:03:48 --> Fetching IIQA Details
INFO - 2020-12-10 16:03:48 --> Controller "App\Controllers\IIQADocument" loaded.
INFO - 2020-12-10 16:03:48 --> Fetching Document Details
INFO - 2020-12-10 16:07:36 --> Controller "App\Controllers\UserMenus" loaded.
INFO - 2020-12-10 16:07:36 --> Fetching UserMenu details
INFO - 2020-12-10 16:14:30 --> Controller "App\Controllers\UserMenus" loaded.
INFO - 2020-12-10 16:14:30 --> Fetching UserMenu details
INFO - 2020-12-10 16:14:33 --> Controller "App\Controllers\IIQAForm" loaded.
INFO - 2020-12-10 16:14:33 --> Fetching IIQA Details
INFO - 2020-12-10 16:14:33 --> Controller "App\Controllers\SSRForm" loaded.
INFO - 2020-12-10 16:14:33 --> Controller "App\Controllers\IIQADocument" loaded.
INFO - 2020-12-10 16:14:33 --> Fetching IIQA Details
INFO - 2020-12-10 16:14:33 --> Fetching Document Details
INFO - 2020-12-10 16:22:16 --> Controller "App\Controllers\UserMenus" loaded.
INFO - 2020-12-10 16:22:16 --> Fetching UserMenu details
INFO - 2020-12-10 16:22:19 --> Controller "App\Controllers\IIQAForm" loaded.
INFO - 2020-12-10 16:22:19 --> Fetching IIQA Details
INFO - 2020-12-10 16:22:19 --> Controller "App\Controllers\IIQADocument" loaded.
INFO - 2020-12-10 16:22:19 --> Controller "App\Controllers\SSRForm" loaded.
INFO - 2020-12-10 16:22:19 --> Fetching Document Details
INFO - 2020-12-10 16:22:19 --> Fetching IIQA Details
INFO - 2020-12-10 16:23:09 --> Controller "App\Controllers\UserMenus" loaded.
INFO - 2020-12-10 16:23:09 --> Fetching UserMenu details
INFO - 2020-12-10 16:23:12 --> Controller "App\Controllers\IIQAForm" loaded.
INFO - 2020-12-10 16:23:12 --> Fetching IIQA Details
INFO - 2020-12-10 16:23:12 --> Controller "App\Controllers\IIQADocument" loaded.
INFO - 2020-12-10 16:23:12 --> Fetching Document Details
INFO - 2020-12-10 16:23:12 --> Controller "App\Controllers\SSRForm" loaded.
INFO - 2020-12-10 16:23:12 --> Fetching IIQA Details
INFO - 2020-12-10 16:23:26 --> Controller "App\Controllers\IIQAForm" loaded.
INFO - 2020-12-10 16:23:26 --> Controller "App\Controllers\IIQADocument" loaded.
INFO - 2020-12-10 16:23:26 --> Fetching IIQA Details
INFO - 2020-12-10 16:23:26 --> Fetching Document Details
INFO - 2020-12-10 16:23:26 --> Controller "App\Controllers\SSRForm" loaded.
INFO - 2020-12-10 16:23:26 --> Fetching IIQA Details
INFO - 2020-12-10 16:24:16 --> Controller "App\Controllers\UserMenus" loaded.
INFO - 2020-12-10 16:24:16 --> Fetching UserMenu details
INFO - 2020-12-10 16:24:33 --> Controller "App\Controllers\IIQAForm" loaded.
INFO - 2020-12-10 16:24:33 --> Controller "App\Controllers\IIQADocument" loaded.
INFO - 2020-12-10 16:24:33 --> Controller "App\Controllers\SSRForm" loaded.
INFO - 2020-12-10 16:24:33 --> Fetching IIQA Details
INFO - 2020-12-10 16:24:33 --> Fetching Document Details
INFO - 2020-12-10 16:24:33 --> Fetching IIQA Details
INFO - 2020-12-10 16:24:51 --> Controller "App\Controllers\UserMenus" loaded.
INFO - 2020-12-10 16:24:51 --> Fetching UserMenu details
INFO - 2020-12-10 16:41:07 --> Controller "App\Controllers\UserMenus" loaded.
INFO - 2020-12-10 16:41:07 --> Fetching UserMenu details
INFO - 2020-12-10 16:41:10 --> Controller "App\Controllers\IIQAForm" loaded.
INFO - 2020-12-10 16:41:10 --> Fetching IIQA Details
INFO - 2020-12-10 16:41:10 --> Controller "App\Controllers\IIQADocument" loaded.
INFO - 2020-12-10 16:41:10 --> Fetching Document Details
INFO - 2020-12-10 16:41:10 --> Controller "App\Controllers\SSRForm" loaded.
INFO - 2020-12-10 16:41:10 --> Fetching IIQA Details
INFO - 2020-12-10 16:45:37 --> Controller "App\Controllers\UserMenus" loaded.
INFO - 2020-12-10 16:45:37 --> Fetching UserMenu details
INFO - 2020-12-10 16:45:39 --> Controller "App\Controllers\IIQAForm" loaded.
INFO - 2020-12-10 16:45:39 --> Fetching IIQA Details
INFO - 2020-12-10 16:45:39 --> Controller "App\Controllers\IIQADocument" loaded.
INFO - 2020-12-10 16:45:39 --> Fetching Document Details
INFO - 2020-12-10 16:45:39 --> Controller "App\Controllers\SSRForm" loaded.
INFO - 2020-12-10 16:45:40 --> Fetching IIQA Details
INFO - 2020-12-10 16:56:46 --> Controller "App\Controllers\UserMenus" loaded.
INFO - 2020-12-10 16:56:46 --> Fetching UserMenu details
INFO - 2020-12-10 17:00:20 --> Controller "App\Controllers\UserMenus" loaded.
INFO - 2020-12-10 17:00:20 --> Fetching UserMenu details
INFO - 2020-12-10 17:01:55 --> Controller "App\Controllers\UserMenus" loaded.
INFO - 2020-12-10 17:01:55 --> Fetching UserMenu details
INFO - 2020-12-10 17:04:19 --> Controller "App\Controllers\UserMenus" loaded.
INFO - 2020-12-10 17:04:19 --> Fetching UserMenu details
INFO - 2020-12-10 17:05:22 --> Controller "App\Controllers\UserMenus" loaded.
INFO - 2020-12-10 17:05:22 --> Fetching UserMenu details
INFO - 2020-12-10 17:06:24 --> Controller "App\Controllers\UserMenus" loaded.
INFO - 2020-12-10 17:06:24 --> Fetching UserMenu details
INFO - 2020-12-10 17:09:01 --> Controller "App\Controllers\IIQAForm" loaded.
INFO - 2020-12-10 17:09:01 --> Controller "App\Controllers\SSRForm" loaded.
INFO - 2020-12-10 17:09:01 --> Controller "App\Controllers\IIQADocument" loaded.
INFO - 2020-12-10 17:09:01 --> Fetching IIQA Details
INFO - 2020-12-10 17:09:01 --> Fetching IIQA Details
INFO - 2020-12-10 17:09:01 --> Fetching Document Details
INFO - 2020-12-10 17:09:12 --> Controller "App\Controllers\UserMenus" loaded.
INFO - 2020-12-10 17:09:12 --> Fetching UserMenu details
INFO - 2020-12-10 17:09:17 --> Controller "App\Controllers\IIQAForm" loaded.
INFO - 2020-12-10 17:09:17 --> Fetching IIQA Details
INFO - 2020-12-10 17:09:25 --> Controller "App\Controllers\SSRForm" loaded.
INFO - 2020-12-10 17:09:25 --> Fetching IIQA Details
INFO - 2020-12-10 17:09:25 --> Controller "App\Controllers\IIQADocument" loaded.
INFO - 2020-12-10 17:09:25 --> Fetching Document Details
INFO - 2020-12-10 17:14:59 --> Controller "App\Controllers\SSRForm" loaded.
INFO - 2020-12-10 17:16:24 --> Controller "App\Controllers\UserMenus" loaded.
INFO - 2020-12-10 17:16:24 --> Fetching UserMenu details
INFO - 2020-12-10 17:16:27 --> Controller "App\Controllers\IIQAForm" loaded.
INFO - 2020-12-10 17:16:27 --> Fetching IIQA Details
INFO - 2020-12-10 17:16:27 --> Controller "App\Controllers\IIQADocument" loaded.
INFO - 2020-12-10 17:16:27 --> Fetching Document Details
INFO - 2020-12-10 17:16:27 --> Controller "App\Controllers\SSRForm" loaded.
INFO - 2020-12-10 17:16:27 --> Fetching IIQA Details
INFO - 2020-12-10 17:17:29 --> Controller "App\Controllers\SSRForm" loaded.
INFO - 2020-12-10 17:18:10 --> Controller "App\Controllers\UserMenus" loaded.
INFO - 2020-12-10 17:18:10 --> Fetching UserMenu details
INFO - 2020-12-10 17:18:13 --> Controller "App\Controllers\IIQAForm" loaded.
INFO - 2020-12-10 17:18:13 --> Fetching IIQA Details
INFO - 2020-12-10 17:18:13 --> Controller "App\Controllers\IIQADocument" loaded.
INFO - 2020-12-10 17:18:13 --> Controller "App\Controllers\SSRForm" loaded.
INFO - 2020-12-10 17:18:13 --> Fetching Document Details
INFO - 2020-12-10 17:18:13 --> Fetching IIQA Details
INFO - 2020-12-10 17:18:23 --> Controller "App\Controllers\SSRForm" loaded.
INFO - 2020-12-10 17:20:01 --> Controller "App\Controllers\UserMenus" loaded.
INFO - 2020-12-10 17:20:01 --> Fetching UserMenu details
INFO - 2020-12-10 17:20:10 --> Controller "App\Controllers\IIQAForm" loaded.
INFO - 2020-12-10 17:20:10 --> Fetching IIQA Details
INFO - 2020-12-10 17:20:10 --> Controller "App\Controllers\IIQADocument" loaded.
INFO - 2020-12-10 17:20:10 --> Fetching Document Details
INFO - 2020-12-10 17:20:10 --> Controller "App\Controllers\SSRForm" loaded.
INFO - 2020-12-10 17:20:10 --> Fetching IIQA Details
INFO - 2020-12-10 17:20:24 --> Controller "App\Controllers\SSRForm" loaded.
INFO - 2020-12-10 17:20:28 --> Controller "App\Controllers\CommonFetch" loaded.
INFO - 2020-12-10 17:20:28 --> Fetching Uni-Language Details
INFO - 2020-12-10 17:20:28 --> Controller "App\Controllers\SSRForm" loaded.
INFO - 2020-12-10 17:20:28 --> Fetching IIQA Details
INFO - 2020-12-10 17:22:04 --> Controller "App\Controllers\UserMenus" loaded.
INFO - 2020-12-10 17:22:04 --> Fetching UserMenu details
INFO - 2020-12-10 17:22:11 --> Controller "App\Controllers\SSRForm" loaded.
INFO - 2020-12-10 17:22:11 --> Controller "App\Controllers\IIQAForm" loaded.
INFO - 2020-12-10 17:22:11 --> Fetching IIQA Details
INFO - 2020-12-10 17:22:11 --> Fetching IIQA Details
INFO - 2020-12-10 17:22:11 --> Controller "App\Controllers\IIQADocument" loaded.
INFO - 2020-12-10 17:22:11 --> Fetching Document Details
INFO - 2020-12-10 17:22:28 --> Controller "App\Controllers\SSRForm" loaded.
INFO - 2020-12-10 17:22:43 --> Controller "App\Controllers\SSRForm" loaded.
INFO - 2020-12-10 17:25:53 --> Controller "App\Controllers\UserMenus" loaded.
INFO - 2020-12-10 17:25:53 --> Fetching UserMenu details
INFO - 2020-12-10 17:25:56 --> Controller "App\Controllers\IIQAForm" loaded.
INFO - 2020-12-10 17:25:56 --> Fetching IIQA Details
INFO - 2020-12-10 17:25:56 --> Controller "App\Controllers\IIQADocument" loaded.
INFO - 2020-12-10 17:25:56 --> Fetching Document Details
INFO - 2020-12-10 17:25:56 --> Controller "App\Controllers\SSRForm" loaded.
INFO - 2020-12-10 17:25:56 --> Fetching IIQA Details
INFO - 2020-12-10 17:26:06 --> Controller "App\Controllers\SSRForm" loaded.
INFO - 2020-12-10 17:29:33 --> Controller "App\Controllers\UserMenus" loaded.
INFO - 2020-12-10 17:29:33 --> Fetching UserMenu details
INFO - 2020-12-10 17:33:45 --> Controller "App\Controllers\UserMenus" loaded.
INFO - 2020-12-10 17:33:45 --> Fetching UserMenu details
INFO - 2020-12-10 17:33:48 --> Controller "App\Controllers\IIQAForm" loaded.
INFO - 2020-12-10 17:33:48 --> Fetching IIQA Details
INFO - 2020-12-10 17:33:48 --> Controller "App\Controllers\IIQADocument" loaded.
INFO - 2020-12-10 17:33:48 --> Controller "App\Controllers\SSRForm" loaded.
INFO - 2020-12-10 17:33:48 --> Fetching Document Details
INFO - 2020-12-10 17:33:48 --> Fetching IIQA Details
INFO - 2020-12-10 17:34:05 --> Controller "App\Controllers\SSRForm" loaded.
INFO - 2020-12-10 17:34:37 --> Controller "App\Controllers\SSRForm" loaded.
INFO - 2020-12-10 17:45:03 --> Controller "App\Controllers\UserMenus" loaded.
INFO - 2020-12-10 17:45:03 --> Fetching UserMenu details
INFO - 2020-12-10 17:45:18 --> Controller "App\Controllers\UserMenus" loaded.
INFO - 2020-12-10 17:45:18 --> Fetching UserMenu details
INFO - 2020-12-10 17:45:25 --> Controller "App\Controllers\IIQADocument" loaded.
INFO - 2020-12-10 17:45:25 --> Controller "App\Controllers\IIQAForm" loaded.
INFO - 2020-12-10 17:45:25 --> Fetching IIQA Details
INFO - 2020-12-10 17:45:25 --> Fetching Document Details
INFO - 2020-12-10 17:45:25 --> Controller "App\Controllers\SSRForm" loaded.
INFO - 2020-12-10 17:45:25 --> Fetching IIQA Details
INFO - 2020-12-10 17:45:36 --> Controller "App\Controllers\SSRForm" loaded.
INFO - 2020-12-10 17:45:41 --> Controller "App\Controllers\CommonFetch" loaded.
INFO - 2020-12-10 17:45:41 --> Fetching Uni-Language Details
INFO - 2020-12-10 17:45:41 --> Controller "App\Controllers\SSRForm" loaded.
INFO - 2020-12-10 17:45:41 --> Fetching IIQA Details
INFO - 2020-12-10 17:56:11 --> Controller "App\Controllers\IIQADocument" loaded.
INFO - 2020-12-10 17:56:11 --> Fetching Document Details
INFO - 2020-12-10 17:56:11 --> Controller "App\Controllers\IIQAForm" loaded.
INFO - 2020-12-10 17:56:11 --> Controller "App\Controllers\SSRForm" loaded.
INFO - 2020-12-10 17:56:11 --> Fetching IIQA Details
INFO - 2020-12-10 17:56:11 --> Fetching IIQA Details
INFO - 2020-12-10 18:01:28 --> Controller "App\Controllers\UserMenus" loaded.
INFO - 2020-12-10 18:01:28 --> Fetching UserMenu details
INFO - 2020-12-10 18:02:25 --> Controller "App\Controllers\UserMenus" loaded.
INFO - 2020-12-10 18:02:25 --> Fetching UserMenu details
INFO - 2020-12-10 18:04:09 --> Controller "App\Controllers\UserMenus" loaded.
INFO - 2020-12-10 18:04:09 --> Fetching UserMenu details
INFO - 2020-12-10 18:11:32 --> Controller "App\Controllers\IIQAForm" loaded.
INFO - 2020-12-10 18:11:32 --> Fetching IIQA Details
INFO - 2020-12-10 18:11:32 --> Controller "App\Controllers\IIQADocument" loaded.
INFO - 2020-12-10 18:11:32 --> Controller "App\Controllers\SSRForm" loaded.
INFO - 2020-12-10 18:11:32 --> Fetching Document Details
INFO - 2020-12-10 18:11:32 --> Fetching IIQA Details
INFO - 2020-12-10 18:14:31 --> Controller "App\Controllers\UserMenus" loaded.
INFO - 2020-12-10 18:14:31 --> Fetching UserMenu details
INFO - 2020-12-10 18:14:35 --> Controller "App\Controllers\IIQAForm" loaded.
INFO - 2020-12-10 18:14:35 --> Fetching IIQA Details
INFO - 2020-12-10 18:14:35 --> Controller "App\Controllers\IIQADocument" loaded.
INFO - 2020-12-10 18:14:35 --> Fetching Document Details
INFO - 2020-12-10 18:14:35 --> Controller "App\Controllers\SSRForm" loaded.
INFO - 2020-12-10 18:14:35 --> Fetching IIQA Details
INFO - 2020-12-10 18:14:46 --> Controller "App\Controllers\IIQADocument" loaded.
INFO - 2020-12-10 18:14:46 --> Controller "App\Controllers\SSRForm" loaded.
INFO - 2020-12-10 18:14:46 --> Fetching Document Details
INFO - 2020-12-10 18:14:46 --> Controller "App\Controllers\IIQAForm" loaded.
INFO - 2020-12-10 18:14:46 --> Fetching IIQA Details
INFO - 2020-12-10 18:14:46 --> Fetching IIQA Details
INFO - 2020-12-10 18:15:57 --> Controller "App\Controllers\UserMenus" loaded.
INFO - 2020-12-10 18:15:57 --> Fetching UserMenu details
INFO - 2020-12-10 18:20:17 --> Controller "App\Controllers\IIQAForm" loaded.
INFO - 2020-12-10 18:20:17 --> Controller "App\Controllers\IIQADocument" loaded.
INFO - 2020-12-10 18:20:17 --> Fetching Document Details
INFO - 2020-12-10 18:20:17 --> Fetching IIQA Details
INFO - 2020-12-10 18:20:17 --> Controller "App\Controllers\SSRForm" loaded.
INFO - 2020-12-10 18:20:17 --> Fetching IIQA Details
INFO - 2020-12-10 18:20:26 --> Controller "App\Controllers\SSRForm" loaded.
INFO - 2020-12-10 18:20:32 --> Controller "App\Controllers\SSRForm" loaded.
INFO - 2020-12-10 18:20:32 --> Controller "App\Controllers\CommonFetch" loaded.
INFO - 2020-12-10 18:20:32 --> Fetching IIQA Details
INFO - 2020-12-10 18:20:32 --> Fetching Uni-Language Details
INFO - 2020-12-10 18:21:33 --> Controller "App\Controllers\UserMenus" loaded.
INFO - 2020-12-10 18:21:33 --> Fetching UserMenu details
INFO - 2020-12-10 18:21:38 --> Controller "App\Controllers\IIQAForm" loaded.
INFO - 2020-12-10 18:21:38 --> Fetching IIQA Details
INFO - 2020-12-10 18:21:38 --> Controller "App\Controllers\IIQADocument" loaded.
INFO - 2020-12-10 18:21:38 --> Fetching Document Details
INFO - 2020-12-10 18:21:38 --> Controller "App\Controllers\SSRForm" loaded.
INFO - 2020-12-10 18:21:38 --> Fetching IIQA Details
INFO - 2020-12-10 18:22:52 --> Controller "App\Controllers\UserMenus" loaded.
INFO - 2020-12-10 18:22:52 --> Fetching UserMenu details
INFO - 2020-12-10 18:23:17 --> Controller "App\Controllers\IIQAForm" loaded.
INFO - 2020-12-10 18:23:17 --> Controller "App\Controllers\IIQADocument" loaded.
INFO - 2020-12-10 18:23:17 --> Controller "App\Controllers\SSRForm" loaded.
INFO - 2020-12-10 18:23:17 --> Fetching IIQA Details
INFO - 2020-12-10 18:23:17 --> Fetching Document Details
INFO - 2020-12-10 18:23:17 --> Fetching IIQA Details
INFO - 2020-12-10 18:23:25 --> Controller "App\Controllers\SSRForm" loaded.
INFO - 2020-12-10 18:23:29 --> Controller "App\Controllers\CommonFetch" loaded.
INFO - 2020-12-10 18:23:29 --> Fetching Uni-Language Details
INFO - 2020-12-10 18:23:29 --> Controller "App\Controllers\SSRForm" loaded.
INFO - 2020-12-10 18:23:29 --> Fetching IIQA Details
INFO - 2020-12-10 18:26:24 --> Controller "App\Controllers\IIQADocument" loaded.
INFO - 2020-12-10 18:26:24 --> Controller "App\Controllers\SSRForm" loaded.
INFO - 2020-12-10 18:26:24 --> Controller "App\Controllers\IIQAForm" loaded.
INFO - 2020-12-10 18:26:24 --> Fetching Document Details
INFO - 2020-12-10 18:26:24 --> Fetching IIQA Details
INFO - 2020-12-10 18:26:24 --> Fetching IIQA Details
INFO - 2020-12-10 18:31:35 --> Controller "App\Controllers\UserMenus" loaded.
INFO - 2020-12-10 18:31:35 --> Fetching UserMenu details
INFO - 2020-12-10 18:36:29 --> Controller "App\Controllers\UserMenus" loaded.
INFO - 2020-12-10 18:36:29 --> Fetching UserMenu details
INFO - 2020-12-10 18:36:31 --> Controller "App\Controllers\IIQAForm" loaded.
INFO - 2020-12-10 18:36:31 --> Fetching IIQA Details
INFO - 2020-12-10 18:36:37 --> Controller "App\Controllers\UserMenus" loaded.
INFO - 2020-12-10 18:36:37 --> Fetching UserMenu details
INFO - 2020-12-10 18:37:53 --> Controller "App\Controllers\UserMenus" loaded.
INFO - 2020-12-10 18:37:53 --> Fetching UserMenu details
INFO - 2020-12-10 18:43:28 --> Controller "App\Controllers\IIQADocument" loaded.
INFO - 2020-12-10 18:43:28 --> Controller "App\Controllers\SSRForm" loaded.
INFO - 2020-12-10 18:43:28 --> Controller "App\Controllers\IIQAForm" loaded.
INFO - 2020-12-10 18:43:28 --> Fetching Document Details
INFO - 2020-12-10 18:43:28 --> Fetching IIQA Details
INFO - 2020-12-10 18:43:28 --> Fetching IIQA Details
INFO - 2020-12-10 18:55:35 --> Controller "App\Controllers\UserMenus" loaded.
INFO - 2020-12-10 18:55:35 --> Fetching UserMenu details
INFO - 2020-12-10 18:55:36 --> Controller "App\Controllers\UserMenus" loaded.
INFO - 2020-12-10 18:55:36 --> Fetching UserMenu details
INFO - 2020-12-10 18:55:38 --> Controller "App\Controllers\IIQAForm" loaded.
INFO - 2020-12-10 18:55:38 --> Fetching IIQA Details
INFO - 2020-12-10 18:55:38 --> Controller "App\Controllers\IIQADocument" loaded.
INFO - 2020-12-10 18:55:38 --> Fetching Document Details
INFO - 2020-12-10 18:55:38 --> Controller "App\Controllers\SSRForm" loaded.
INFO - 2020-12-10 18:55:38 --> Fetching IIQA Details
INFO - 2020-12-10 18:55:44 --> Controller "App\Controllers\SSRForm" loaded.
INFO - 2020-12-10 18:55:46 --> Controller "App\Controllers\CommonFetch" loaded.
INFO - 2020-12-10 18:55:46 --> Fetching Uni-Language Details
INFO - 2020-12-10 18:55:46 --> Controller "App\Controllers\SSRForm" loaded.
INFO - 2020-12-10 18:55:46 --> Fetching IIQA Details
INFO - 2020-12-10 19:03:42 --> Controller "App\Controllers\CommonFetch" loaded.
INFO - 2020-12-10 19:03:42 --> Fetching Uni-Language Details
INFO - 2020-12-10 19:03:42 --> Controller "App\Controllers\SSRForm" loaded.
INFO - 2020-12-10 19:03:42 --> Fetching IIQA Details
INFO - 2020-12-10 19:07:50 --> Controller "App\Controllers\UserMenus" loaded.
INFO - 2020-12-10 19:07:50 --> Fetching UserMenu details
INFO - 2020-12-10 19:07:55 --> Controller "App\Controllers\IIQAForm" loaded.
INFO - 2020-12-10 19:07:55 --> Fetching IIQA Details
INFO - 2020-12-10 19:07:55 --> Controller "App\Controllers\SSRForm" loaded.
INFO - 2020-12-10 19:07:55 --> Controller "App\Controllers\IIQADocument" loaded.
INFO - 2020-12-10 19:07:55 --> Fetching IIQA Details
INFO - 2020-12-10 19:07:55 --> Fetching Document Details
INFO - 2020-12-10 19:08:04 --> Controller "App\Controllers\IIQAForm" loaded.
INFO - 2020-12-10 19:08:04 --> Controller "App\Controllers\IIQADocument" loaded.
INFO - 2020-12-10 19:08:04 --> Fetching Document Details
INFO - 2020-12-10 19:08:04 --> Fetching IIQA Details
INFO - 2020-12-10 19:08:04 --> Controller "App\Controllers\SSRForm" loaded.
INFO - 2020-12-10 19:08:04 --> Fetching IIQA Details
INFO - 2020-12-10 19:08:10 --> Controller "App\Controllers\SSRForm" loaded.
INFO - 2020-12-10 19:08:13 --> Controller "App\Controllers\CommonFetch" loaded.
INFO - 2020-12-10 19:08:13 --> Fetching Uni-Language Details
INFO - 2020-12-10 19:08:13 --> Controller "App\Controllers\SSRForm" loaded.
INFO - 2020-12-10 19:08:13 --> Fetching IIQA Details
INFO - 2020-12-10 19:08:21 --> Controller "App\Controllers\SSRForm" loaded.
INFO - 2020-12-10 19:08:21 --> Controller "App\Controllers\CommonFetch" loaded.
INFO - 2020-12-10 19:08:21 --> Fetching Uni-Language Details
INFO - 2020-12-10 19:08:21 --> Fetching IIQA Details
INFO - 2020-12-10 19:09:37 --> Controller "App\Controllers\UserMenus" loaded.
INFO - 2020-12-10 19:09:37 --> Fetching UserMenu details
INFO - 2020-12-10 19:11:34 --> Controller "App\Controllers\IIQADocument" loaded.
INFO - 2020-12-10 19:11:34 --> Fetching Document Details
INFO - 2020-12-10 19:11:34 --> Controller "App\Controllers\IIQAForm" loaded.
INFO - 2020-12-10 19:11:34 --> Fetching IIQA Details
INFO - 2020-12-10 19:11:34 --> Controller "App\Controllers\SSRForm" loaded.
INFO - 2020-12-10 19:11:34 --> Fetching IIQA Details
INFO - 2020-12-10 19:11:47 --> Controller "App\Controllers\CommonFetch" loaded.
INFO - 2020-12-10 19:11:47 --> Controller "App\Controllers\SSRForm" loaded.
INFO - 2020-12-10 19:11:47 --> Fetching Uni-Language Details
INFO - 2020-12-10 19:11:47 --> Fetching IIQA Details
INFO - 2020-12-10 19:13:16 --> Controller "App\Controllers\UserMenus" loaded.
INFO - 2020-12-10 19:13:16 --> Fetching UserMenu details
INFO - 2020-12-10 19:13:44 --> Controller "App\Controllers\IIQADocument" loaded.
INFO - 2020-12-10 19:13:44 --> Controller "App\Controllers\IIQAForm" loaded.
INFO - 2020-12-10 19:13:44 --> Fetching Document Details
INFO - 2020-12-10 19:13:44 --> Fetching IIQA Details
INFO - 2020-12-10 19:13:44 --> Controller "App\Controllers\SSRForm" loaded.
INFO - 2020-12-10 19:13:44 --> Fetching IIQA Details
INFO - 2020-12-10 19:14:02 --> Controller "App\Controllers\SSRForm" loaded.
INFO - 2020-12-10 19:14:02 --> Fetching IIQA Details
INFO - 2020-12-10 19:14:02 --> Controller "App\Controllers\CommonFetch" loaded.
INFO - 2020-12-10 19:14:02 --> Fetching Uni-Language Details
INFO - 2020-12-10 19:25:27 --> Controller "App\Controllers\UserMenus" loaded.
INFO - 2020-12-10 19:25:27 --> Fetching UserMenu details
INFO - 2020-12-10 19:26:17 --> Controller "App\Controllers\IIQAForm" loaded.
INFO - 2020-12-10 19:26:17 --> Fetching IIQA Details
INFO - 2020-12-10 19:26:17 --> Controller "App\Controllers\IIQADocument" loaded.
INFO - 2020-12-10 19:26:17 --> Controller "App\Controllers\SSRForm" loaded.
INFO - 2020-12-10 19:26:17 --> Fetching Document Details
INFO - 2020-12-10 19:26:17 --> Fetching IIQA Details
INFO - 2020-12-10 19:26:29 --> Controller "App\Controllers\CommonFetch" loaded.
INFO - 2020-12-10 19:26:29 --> Fetching Uni-Language Details
INFO - 2020-12-10 19:26:29 --> Controller "App\Controllers\SSRForm" loaded.
INFO - 2020-12-10 19:26:29 --> Fetching IIQA Details
INFO - 2020-12-10 19:28:05 --> Controller "App\Controllers\UserMenus" loaded.
INFO - 2020-12-10 19:28:05 --> Fetching UserMenu details
INFO - 2020-12-10 19:28:15 --> Controller "App\Controllers\IIQADocument" loaded.
INFO - 2020-12-10 19:28:15 --> Controller "App\Controllers\IIQAForm" loaded.
INFO - 2020-12-10 19:28:15 --> Fetching Document Details
INFO - 2020-12-10 19:28:15 --> Fetching IIQA Details
INFO - 2020-12-10 19:28:15 --> Controller "App\Controllers\SSRForm" loaded.
INFO - 2020-12-10 19:28:15 --> Fetching IIQA Details
INFO - 2020-12-10 19:28:31 --> Controller "App\Controllers\CommonFetch" loaded.
INFO - 2020-12-10 19:28:31 --> Fetching Uni-Language Details
INFO - 2020-12-10 19:28:31 --> Controller "App\Controllers\SSRForm" loaded.
INFO - 2020-12-10 19:28:32 --> Fetching IIQA Details
INFO - 2020-12-10 19:30:49 --> Controller "App\Controllers\UserMenus" loaded.
INFO - 2020-12-10 19:30:49 --> Fetching UserMenu details
INFO - 2020-12-10 19:30:52 --> Controller "App\Controllers\IIQAForm" loaded.
INFO - 2020-12-10 19:30:52 --> Fetching IIQA Details
INFO - 2020-12-10 19:30:52 --> Controller "App\Controllers\IIQADocument" loaded.
INFO - 2020-12-10 19:30:52 --> Controller "App\Controllers\SSRForm" loaded.
INFO - 2020-12-10 19:30:52 --> Fetching Document Details
INFO - 2020-12-10 19:30:52 --> Fetching IIQA Details
INFO - 2020-12-10 19:31:15 --> Controller "App\Controllers\CommonFetch" loaded.
INFO - 2020-12-10 19:31:15 --> Fetching Uni-Language Details
INFO - 2020-12-10 19:31:15 --> Controller "App\Controllers\SSRForm" loaded.
INFO - 2020-12-10 19:31:15 --> Fetching IIQA Details
INFO - 2020-12-10 19:35:09 --> Controller "App\Controllers\UserMenus" loaded.
INFO - 2020-12-10 19:35:09 --> Fetching UserMenu details
INFO - 2020-12-10 19:35:13 --> Controller "App\Controllers\IIQAForm" loaded.
INFO - 2020-12-10 19:35:13 --> Fetching IIQA Details
INFO - 2020-12-10 19:35:13 --> Controller "App\Controllers\IIQADocument" loaded.
INFO - 2020-12-10 19:35:13 --> Fetching Document Details
INFO - 2020-12-10 19:35:13 --> Controller "App\Controllers\SSRForm" loaded.
INFO - 2020-12-10 19:35:13 --> Fetching IIQA Details
INFO - 2020-12-10 19:35:46 --> Controller "App\Controllers\CommonFetch" loaded.
INFO - 2020-12-10 19:35:46 --> Fetching Uni-Language Details
INFO - 2020-12-10 19:35:46 --> Controller "App\Controllers\SSRForm" loaded.
INFO - 2020-12-10 19:35:46 --> Fetching IIQA Details
