INFO - 2020-12-15 09:07:49 --> Controller "App\Controllers\UserMenus" loaded.
INFO - 2020-12-15 09:07:49 --> Fetching UserMenu details
INFO - 2020-12-15 09:07:50 --> Controller "App\Controllers\UserMenus" loaded.
INFO - 2020-12-15 09:07:50 --> Fetching UserMenu details
INFO - 2020-12-15 09:07:53 --> Controller "App\Controllers\IIQAForm" loaded.
INFO - 2020-12-15 09:07:53 --> Controller "App\Controllers\IIQADocument" loaded.
INFO - 2020-12-15 09:07:53 --> Fetching Document Details
INFO - 2020-12-15 09:07:53 --> Fetching IIQA Details
INFO - 2020-12-15 09:07:53 --> Controller "App\Controllers\SSRForm" loaded.
INFO - 2020-12-15 09:07:53 --> Fetching IIQA Details
INFO - 2020-12-15 09:08:12 --> Controller "App\Controllers\CommonFetch" loaded.
INFO - 2020-12-15 09:08:13 --> Fetching Uni-Language Details
INFO - 2020-12-15 09:08:13 --> Controller "App\Controllers\SSR_Profile_Academic_Information1" loaded.
INFO - 2020-12-15 09:08:13 --> Fetching IIQA Details
INFO - 2020-12-15 09:08:45 --> Controller "App\Controllers\SSR_Profile_Academic_Information2" loaded.
INFO - 2020-12-15 09:08:45 --> Fetching IIQA Details
INFO - 2020-12-15 09:09:15 --> Controller "App\Controllers\SSR_Profile_Academic_Information2" loaded.
INFO - 2020-12-15 09:09:15 --> Fetching IIQA Details
INFO - 2020-12-15 09:09:16 --> Controller "App\Controllers\CommonFetch" loaded.
INFO - 2020-12-15 09:09:16 --> Fetching Uni-Language Details
INFO - 2020-12-15 09:09:16 --> Controller "App\Controllers\SSRForm" loaded.
INFO - 2020-12-15 09:09:16 --> Fetching IIQA Details
INFO - 2020-12-15 09:09:28 --> Controller "App\Controllers\CommonFetch" loaded.
INFO - 2020-12-15 09:09:28 --> Fetching Uni-Language Details
INFO - 2020-12-15 09:09:28 --> Controller "App\Controllers\SSRForm" loaded.
INFO - 2020-12-15 09:09:28 --> Fetching IIQA Details
INFO - 2020-12-15 09:09:35 --> Controller "App\Controllers\CommonFetch" loaded.
INFO - 2020-12-15 09:09:35 --> Fetching Uni-Language Details
INFO - 2020-12-15 09:09:35 --> Controller "App\Controllers\SSRForm" loaded.
INFO - 2020-12-15 09:09:35 --> Fetching IIQA Details
INFO - 2020-12-15 09:21:54 --> Controller "App\Controllers\CommonFetch" loaded.
INFO - 2020-12-15 09:21:54 --> Controller "App\Controllers\SSRForm" loaded.
INFO - 2020-12-15 09:21:54 --> Fetching Uni-Language Details
INFO - 2020-12-15 09:21:54 --> Fetching IIQA Details
INFO - 2020-12-15 09:33:11 --> Controller "App\Controllers\UserMenus" loaded.
INFO - 2020-12-15 09:33:11 --> Fetching UserMenu details
INFO - 2020-12-15 09:36:32 --> Controller "App\Controllers\UserMenus" loaded.
INFO - 2020-12-15 09:36:32 --> Fetching UserMenu details
INFO - 2020-12-15 09:38:14 --> Controller "App\Controllers\UserMenus" loaded.
INFO - 2020-12-15 09:38:14 --> Fetching UserMenu details
INFO - 2020-12-15 09:40:56 --> Controller "App\Controllers\IIQAForm" loaded.
INFO - 2020-12-15 09:40:56 --> Controller "App\Controllers\IIQADocument" loaded.
INFO - 2020-12-15 09:40:56 --> Fetching Document Details
INFO - 2020-12-15 09:40:56 --> Fetching IIQA Details
INFO - 2020-12-15 09:40:56 --> Controller "App\Controllers\SSRForm" loaded.
INFO - 2020-12-15 09:40:56 --> Fetching IIQA Details
INFO - 2020-12-15 09:42:07 --> Controller "App\Controllers\UserMenus" loaded.
INFO - 2020-12-15 09:42:07 --> Fetching UserMenu details
INFO - 2020-12-15 09:42:09 --> Controller "App\Controllers\UserMenus" loaded.
INFO - 2020-12-15 09:42:09 --> Fetching UserMenu details
INFO - 2020-12-15 09:42:12 --> Controller "App\Controllers\UserMenus" loaded.
INFO - 2020-12-15 09:42:12 --> Fetching UserMenu details
INFO - 2020-12-15 09:42:13 --> Controller "App\Controllers\UserMenus" loaded.
INFO - 2020-12-15 09:42:13 --> Fetching UserMenu details
INFO - 2020-12-15 09:48:32 --> Controller "App\Controllers\UserMenus" loaded.
INFO - 2020-12-15 09:48:32 --> Fetching UserMenu details
INFO - 2020-12-15 09:49:33 --> Controller "App\Controllers\IIQADocument" loaded.
INFO - 2020-12-15 09:49:33 --> Controller "App\Controllers\SSRForm" loaded.
INFO - 2020-12-15 09:49:33 --> Fetching Document Details
INFO - 2020-12-15 09:49:33 --> Fetching IIQA Details
INFO - 2020-12-15 09:49:33 --> Controller "App\Controllers\IIQAForm" loaded.
INFO - 2020-12-15 09:49:33 --> Fetching IIQA Details
INFO - 2020-12-15 09:54:14 --> Controller "App\Controllers\UserMenus" loaded.
INFO - 2020-12-15 09:54:14 --> Fetching UserMenu details
INFO - 2020-12-15 09:56:35 --> Controller "App\Controllers\IIQAForm" loaded.
INFO - 2020-12-15 09:56:35 --> Controller "App\Controllers\IIQADocument" loaded.
INFO - 2020-12-15 09:56:35 --> Fetching Document Details
INFO - 2020-12-15 09:56:35 --> Fetching IIQA Details
INFO - 2020-12-15 09:56:35 --> Controller "App\Controllers\SSRForm" loaded.
INFO - 2020-12-15 09:56:35 --> Fetching IIQA Details
INFO - 2020-12-15 09:59:59 --> Controller "App\Controllers\UserMenus" loaded.
INFO - 2020-12-15 09:59:59 --> Fetching UserMenu details
INFO - 2020-12-15 10:16:08 --> Controller "App\Controllers\UserMenus" loaded.
INFO - 2020-12-15 10:16:08 --> Fetching UserMenu details
INFO - 2020-12-15 10:25:36 --> Controller "App\Controllers\UserMenus" loaded.
INFO - 2020-12-15 10:25:36 --> Fetching UserMenu details
INFO - 2020-12-15 10:28:54 --> Controller "App\Controllers\IIQADocument" loaded.
INFO - 2020-12-15 10:28:54 --> Fetching Document Details
INFO - 2020-12-15 10:28:54 --> Controller "App\Controllers\IIQAForm" loaded.
INFO - 2020-12-15 10:28:54 --> Fetching IIQA Details
INFO - 2020-12-15 10:28:54 --> Controller "App\Controllers\SSRForm" loaded.
INFO - 2020-12-15 10:28:54 --> Fetching IIQA Details
INFO - 2020-12-15 10:40:33 --> Controller "App\Controllers\UserMenus" loaded.
INFO - 2020-12-15 10:40:33 --> Fetching UserMenu details
INFO - 2020-12-15 10:41:08 --> Controller "App\Controllers\UserMenus" loaded.
INFO - 2020-12-15 10:41:08 --> Fetching UserMenu details
INFO - 2020-12-15 10:41:11 --> Controller "App\Controllers\IIQAForm" loaded.
INFO - 2020-12-15 10:41:11 --> Fetching IIQA Details
INFO - 2020-12-15 10:41:11 --> Controller "App\Controllers\IIQADocument" loaded.
INFO - 2020-12-15 10:41:11 --> Controller "App\Controllers\SSRForm" loaded.
INFO - 2020-12-15 10:41:11 --> Fetching Document Details
INFO - 2020-12-15 10:41:11 --> Fetching IIQA Details
INFO - 2020-12-15 10:41:22 --> Controller "App\Controllers\SSRForm" loaded.
INFO - 2020-12-15 10:41:23 --> Controller "App\Controllers\CommonFetch" loaded.
INFO - 2020-12-15 10:41:23 --> Fetching Uni-Language Details
INFO - 2020-12-15 10:41:23 --> Controller "App\Controllers\SSR_Profile_Academic_Information1" loaded.
INFO - 2020-12-15 10:41:23 --> Fetching IIQA Details
INFO - 2020-12-15 10:41:31 --> Controller "App\Controllers\SSR_Profile_Academic_Information1" loaded.
INFO - 2020-12-15 10:41:31 --> Fetching IIQA Details
INFO - 2020-12-15 10:41:32 --> Controller "App\Controllers\SSR_Profile_Academic_Information2" loaded.
INFO - 2020-12-15 10:41:32 --> Fetching IIQA Details
INFO - 2020-12-15 10:41:45 --> Controller "App\Controllers\SSR_Profile_Academic_Information2" loaded.
INFO - 2020-12-15 10:41:45 --> Fetching IIQA Details
INFO - 2020-12-15 10:48:23 --> Controller "App\Controllers\UserMenus" loaded.
INFO - 2020-12-15 10:48:23 --> Fetching UserMenu details
INFO - 2020-12-15 10:52:31 --> Controller "App\Controllers\UserMenus" loaded.
INFO - 2020-12-15 10:52:31 --> Fetching UserMenu details
INFO - 2020-12-15 10:52:34 --> Controller "App\Controllers\IIQAForm" loaded.
INFO - 2020-12-15 10:52:34 --> Fetching IIQA Details
INFO - 2020-12-15 10:52:34 --> Controller "App\Controllers\IIQADocument" loaded.
INFO - 2020-12-15 10:52:34 --> Fetching Document Details
INFO - 2020-12-15 10:52:34 --> Controller "App\Controllers\SSRForm" loaded.
INFO - 2020-12-15 10:52:34 --> Fetching IIQA Details
INFO - 2020-12-15 10:54:52 --> Controller "App\Controllers\UserMenus" loaded.
INFO - 2020-12-15 10:54:52 --> Fetching UserMenu details
INFO - 2020-12-15 10:54:56 --> Controller "App\Controllers\IIQAForm" loaded.
INFO - 2020-12-15 10:54:56 --> Fetching IIQA Details
INFO - 2020-12-15 10:54:56 --> Controller "App\Controllers\IIQADocument" loaded.
INFO - 2020-12-15 10:54:56 --> Fetching Document Details
INFO - 2020-12-15 10:54:56 --> Controller "App\Controllers\SSRForm" loaded.
INFO - 2020-12-15 10:54:56 --> Fetching IIQA Details
INFO - 2020-12-15 10:56:42 --> Controller "App\Controllers\UserMenus" loaded.
INFO - 2020-12-15 10:56:42 --> Fetching UserMenu details
INFO - 2020-12-15 10:56:46 --> Controller "App\Controllers\IIQAForm" loaded.
INFO - 2020-12-15 10:56:46 --> Fetching IIQA Details
INFO - 2020-12-15 10:56:46 --> Controller "App\Controllers\SSRForm" loaded.
INFO - 2020-12-15 10:56:46 --> Fetching IIQA Details
INFO - 2020-12-15 10:56:46 --> Controller "App\Controllers\IIQADocument" loaded.
INFO - 2020-12-15 10:56:46 --> Fetching Document Details
INFO - 2020-12-15 10:57:09 --> Controller "App\Controllers\SSR_Profile_Academic_Information3" loaded.
INFO - 2020-12-15 10:57:09 --> Fetching IIQA Details
INFO - 2020-12-15 10:57:35 --> Controller "App\Controllers\SSR_Profile_Academic_Information3" loaded.
INFO - 2020-12-15 10:57:35 --> Fetching IIQA Details
ERROR - 2020-12-15 10:57:35 --> Column 'ugprogram_male_total' cannot be null
INFO - 2020-12-15 10:57:45 --> Controller "App\Controllers\SSR_Profile_Academic_Information3" loaded.
INFO - 2020-12-15 10:57:45 --> Fetching IIQA Details
ERROR - 2020-12-15 10:57:45 --> Column 'ugprogram_male_total' cannot be null
INFO - 2020-12-15 10:58:41 --> Controller "App\Controllers\UserMenus" loaded.
INFO - 2020-12-15 10:58:41 --> Fetching UserMenu details
INFO - 2020-12-15 10:58:53 --> Controller "App\Controllers\IIQAForm" loaded.
INFO - 2020-12-15 10:58:53 --> Fetching IIQA Details
INFO - 2020-12-15 10:58:53 --> Controller "App\Controllers\IIQADocument" loaded.
INFO - 2020-12-15 10:58:53 --> Fetching Document Details
INFO - 2020-12-15 10:58:53 --> Controller "App\Controllers\SSRForm" loaded.
INFO - 2020-12-15 10:58:53 --> Fetching IIQA Details
INFO - 2020-12-15 10:59:03 --> Controller "App\Controllers\SSR_Profile_Academic_Information3" loaded.
INFO - 2020-12-15 10:59:03 --> Fetching IIQA Details
INFO - 2020-12-15 10:59:41 --> Controller "App\Controllers\SSR_Profile_Academic_Information3" loaded.
INFO - 2020-12-15 10:59:41 --> Fetching IIQA Details
INFO - 2020-12-15 10:59:42 --> Controller "App\Controllers\CommonFetch" loaded.
INFO - 2020-12-15 10:59:42 --> Fetching Uni-Language Details
INFO - 2020-12-15 10:59:42 --> Controller "App\Controllers\SSRForm" loaded.
INFO - 2020-12-15 10:59:42 --> Fetching IIQA Details
INFO - 2020-12-15 10:59:46 --> Controller "App\Controllers\SSR_Profile_Academic_Information3" loaded.
INFO - 2020-12-15 10:59:46 --> Fetching IIQA Details
INFO - 2020-12-15 11:00:20 --> Controller "App\Controllers\SSR_Profile_Academic_Information3" loaded.
INFO - 2020-12-15 11:00:20 --> Fetching IIQA Details
INFO - 2020-12-15 11:01:23 --> Controller "App\Controllers\UserMenus" loaded.
INFO - 2020-12-15 11:01:23 --> Fetching UserMenu details
INFO - 2020-12-15 11:04:02 --> Controller "App\Controllers\IIQAForm" loaded.
INFO - 2020-12-15 11:04:02 --> Controller "App\Controllers\SSRForm" loaded.
INFO - 2020-12-15 11:04:02 --> Fetching IIQA Details
INFO - 2020-12-15 11:04:02 --> Fetching IIQA Details
INFO - 2020-12-15 11:04:02 --> Controller "App\Controllers\IIQADocument" loaded.
INFO - 2020-12-15 11:04:02 --> Fetching Document Details
INFO - 2020-12-15 11:04:13 --> Controller "App\Controllers\SSR_Profile_Academic_Information3" loaded.
INFO - 2020-12-15 11:04:13 --> Fetching IIQA Details
INFO - 2020-12-15 11:04:21 --> Controller "App\Controllers\SSR_Profile_Academic_Information3" loaded.
INFO - 2020-12-15 11:04:21 --> Fetching IIQA Details
INFO - 2020-12-15 11:04:22 --> Controller "App\Controllers\CommonFetch" loaded.
INFO - 2020-12-15 11:04:22 --> Fetching Uni-Language Details
INFO - 2020-12-15 11:04:22 --> Controller "App\Controllers\SSRForm" loaded.
INFO - 2020-12-15 11:04:22 --> Fetching IIQA Details
INFO - 2020-12-15 11:08:37 --> Controller "App\Controllers\UserMenus" loaded.
INFO - 2020-12-15 11:08:37 --> Fetching UserMenu details
INFO - 2020-12-15 11:08:41 --> Controller "App\Controllers\IIQAForm" loaded.
INFO - 2020-12-15 11:08:41 --> Fetching IIQA Details
INFO - 2020-12-15 11:08:41 --> Controller "App\Controllers\IIQADocument" loaded.
INFO - 2020-12-15 11:08:41 --> Fetching Document Details
INFO - 2020-12-15 11:08:41 --> Controller "App\Controllers\SSRForm" loaded.
INFO - 2020-12-15 11:08:41 --> Fetching IIQA Details
INFO - 2020-12-15 11:08:52 --> Controller "App\Controllers\SSR_Profile_Academic_Information3" loaded.
INFO - 2020-12-15 11:08:52 --> Fetching IIQA Details
INFO - 2020-12-15 11:09:27 --> Controller "App\Controllers\SSR_Profile_Academic_Information3" loaded.
INFO - 2020-12-15 11:09:27 --> Fetching IIQA Details
INFO - 2020-12-15 11:09:28 --> Controller "App\Controllers\CommonFetch" loaded.
INFO - 2020-12-15 11:09:28 --> Fetching Uni-Language Details
INFO - 2020-12-15 11:09:28 --> Controller "App\Controllers\SSRForm" loaded.
INFO - 2020-12-15 11:09:28 --> Fetching IIQA Details
INFO - 2020-12-15 11:13:15 --> Controller "App\Controllers\SSR_Profile_Academic_Information3" loaded.
INFO - 2020-12-15 11:13:15 --> Fetching IIQA Details
INFO - 2020-12-15 11:14:27 --> Controller "App\Controllers\SSR_Profile_Academic_Information3" loaded.
INFO - 2020-12-15 11:14:27 --> Fetching IIQA Details
INFO - 2020-12-15 11:14:28 --> Controller "App\Controllers\CommonFetch" loaded.
INFO - 2020-12-15 11:14:28 --> Fetching Uni-Language Details
INFO - 2020-12-15 11:14:28 --> Controller "App\Controllers\SSRForm" loaded.
INFO - 2020-12-15 11:14:28 --> Fetching IIQA Details
INFO - 2020-12-15 11:16:20 --> Controller "App\Controllers\UserMenus" loaded.
INFO - 2020-12-15 11:16:20 --> Fetching UserMenu details
INFO - 2020-12-15 11:24:33 --> Controller "App\Controllers\IIQAForm" loaded.
INFO - 2020-12-15 11:24:33 --> Controller "App\Controllers\IIQADocument" loaded.
INFO - 2020-12-15 11:24:33 --> Fetching Document Details
INFO - 2020-12-15 11:24:33 --> Fetching IIQA Details
INFO - 2020-12-15 11:24:33 --> Controller "App\Controllers\SSRForm" loaded.
INFO - 2020-12-15 11:24:33 --> Fetching IIQA Details
INFO - 2020-12-15 11:24:39 --> Controller "App\Controllers\SSR_Profile_Academic_Information3" loaded.
INFO - 2020-12-15 11:24:39 --> Fetching IIQA Details
INFO - 2020-12-15 11:25:54 --> Controller "App\Controllers\SSR_Profile_Academic_Information3" loaded.
INFO - 2020-12-15 11:25:54 --> Fetching IIQA Details
INFO - 2020-12-15 11:25:55 --> Controller "App\Controllers\CommonFetch" loaded.
INFO - 2020-12-15 11:25:55 --> Fetching Uni-Language Details
INFO - 2020-12-15 11:25:55 --> Controller "App\Controllers\SSRForm" loaded.
INFO - 2020-12-15 11:25:55 --> Fetching IIQA Details
INFO - 2020-12-15 11:26:17 --> Controller "App\Controllers\SSR_Profile_Academic_Information3" loaded.
INFO - 2020-12-15 11:26:17 --> Fetching IIQA Details
INFO - 2020-12-15 11:26:38 --> Controller "App\Controllers\UserMenus" loaded.
INFO - 2020-12-15 11:26:38 --> Fetching UserMenu details
INFO - 2020-12-15 11:26:41 --> Controller "App\Controllers\IIQAForm" loaded.
INFO - 2020-12-15 11:26:41 --> Fetching IIQA Details
INFO - 2020-12-15 11:26:41 --> Controller "App\Controllers\IIQADocument" loaded.
INFO - 2020-12-15 11:26:41 --> Fetching Document Details
INFO - 2020-12-15 11:26:41 --> Controller "App\Controllers\SSRForm" loaded.
INFO - 2020-12-15 11:26:41 --> Fetching IIQA Details
INFO - 2020-12-15 11:26:49 --> Controller "App\Controllers\SSR_Profile_Academic_Information3" loaded.
INFO - 2020-12-15 11:26:49 --> Fetching IIQA Details
INFO - 2020-12-15 11:27:42 --> Controller "App\Controllers\SSR_Profile_Academic_Information3" loaded.
INFO - 2020-12-15 11:27:42 --> Fetching IIQA Details
INFO - 2020-12-15 11:27:42 --> Controller "App\Controllers\CommonFetch" loaded.
INFO - 2020-12-15 11:27:42 --> Fetching Uni-Language Details
INFO - 2020-12-15 11:27:42 --> Controller "App\Controllers\SSRForm" loaded.
INFO - 2020-12-15 11:27:42 --> Fetching IIQA Details
INFO - 2020-12-15 11:28:25 --> Controller "App\Controllers\SSR_Profile_Academic_Information3" loaded.
INFO - 2020-12-15 11:28:25 --> Fetching IIQA Details
INFO - 2020-12-15 11:29:31 --> Controller "App\Controllers\SSRForm" loaded.
INFO - 2020-12-15 11:29:31 --> Controller "App\Controllers\CommonFetch" loaded.
INFO - 2020-12-15 11:29:31 --> Fetching Uni-Language Details
INFO - 2020-12-15 11:29:31 --> Fetching IIQA Details
INFO - 2020-12-15 11:29:55 --> Controller "App\Controllers\CommonFetch" loaded.
INFO - 2020-12-15 11:29:55 --> Fetching Uni-Language Details
INFO - 2020-12-15 11:29:55 --> Controller "App\Controllers\SSRForm" loaded.
INFO - 2020-12-15 11:29:55 --> Fetching IIQA Details
INFO - 2020-12-15 11:35:15 --> Controller "App\Controllers\UserMenus" loaded.
INFO - 2020-12-15 11:35:15 --> Fetching UserMenu details
INFO - 2020-12-15 11:35:52 --> Controller "App\Controllers\UserMenus" loaded.
INFO - 2020-12-15 11:35:52 --> Fetching UserMenu details
INFO - 2020-12-15 11:36:27 --> Controller "App\Controllers\IIQAForm" loaded.
INFO - 2020-12-15 11:36:27 --> Fetching IIQA Details
INFO - 2020-12-15 11:36:27 --> Controller "App\Controllers\IIQADocument" loaded.
INFO - 2020-12-15 11:36:27 --> Fetching Document Details
INFO - 2020-12-15 11:36:27 --> Controller "App\Controllers\SSRForm" loaded.
INFO - 2020-12-15 11:36:27 --> Fetching IIQA Details
INFO - 2020-12-15 11:37:50 --> Controller "App\Controllers\CommonFetch" loaded.
INFO - 2020-12-15 11:37:50 --> Controller "App\Controllers\SSR_Profile_Academic_Information4" loaded.
INFO - 2020-12-15 11:37:50 --> Fetching Uni-Language Details
INFO - 2020-12-15 11:37:50 --> Fetching IIQA Details
INFO - 2020-12-15 12:37:39 --> Controller "App\Controllers\UserMenus" loaded.
INFO - 2020-12-15 12:37:39 --> Fetching UserMenu details
INFO - 2020-12-15 12:38:56 --> Controller "App\Controllers\UserMenus" loaded.
INFO - 2020-12-15 12:38:56 --> Fetching UserMenu details
INFO - 2020-12-15 12:52:49 --> Controller "App\Controllers\UserMenus" loaded.
INFO - 2020-12-15 12:52:49 --> Fetching UserMenu details
INFO - 2020-12-15 12:53:10 --> Controller "App\Controllers\IIQAForm" loaded.
INFO - 2020-12-15 12:53:10 --> Fetching IIQA Details
INFO - 2020-12-15 12:53:10 --> Controller "App\Controllers\SSRForm" loaded.
INFO - 2020-12-15 12:53:10 --> Controller "App\Controllers\IIQADocument" loaded.
INFO - 2020-12-15 12:53:10 --> Fetching IIQA Details
INFO - 2020-12-15 12:53:10 --> Fetching Document Details
INFO - 2020-12-15 12:53:17 --> Controller "App\Controllers\CommonFetch" loaded.
INFO - 2020-12-15 12:53:17 --> Fetching Uni-Language Details
INFO - 2020-12-15 12:53:17 --> Controller "App\Controllers\SSR_Profile_Academic_Information4" loaded.
INFO - 2020-12-15 12:53:17 --> Fetching IIQA Details
INFO - 2020-12-15 12:53:58 --> Controller "App\Controllers\UserMenus" loaded.
INFO - 2020-12-15 12:53:58 --> Fetching UserMenu details
INFO - 2020-12-15 12:54:24 --> Controller "App\Controllers\IIQADocument" loaded.
INFO - 2020-12-15 12:54:24 --> Fetching Document Details
INFO - 2020-12-15 12:54:24 --> Controller "App\Controllers\IIQAForm" loaded.
INFO - 2020-12-15 12:54:24 --> Fetching IIQA Details
INFO - 2020-12-15 12:54:24 --> Controller "App\Controllers\SSRForm" loaded.
INFO - 2020-12-15 12:54:24 --> Fetching IIQA Details
INFO - 2020-12-15 12:54:28 --> Controller "App\Controllers\CommonFetch" loaded.
INFO - 2020-12-15 12:54:28 --> Fetching Uni-Language Details
INFO - 2020-12-15 12:54:28 --> Controller "App\Controllers\ssr_profile_academic_information4" loaded.
INFO - 2020-12-15 12:54:28 --> Fetching IIQA Details
INFO - 2020-12-15 12:55:21 --> Controller "App\Controllers\UserMenus" loaded.
INFO - 2020-12-15 12:55:21 --> Fetching UserMenu details
INFO - 2020-12-15 12:55:23 --> Controller "App\Controllers\IIQAForm" loaded.
INFO - 2020-12-15 12:55:23 --> Fetching IIQA Details
INFO - 2020-12-15 12:55:23 --> Controller "App\Controllers\IIQADocument" loaded.
INFO - 2020-12-15 12:55:23 --> Fetching Document Details
INFO - 2020-12-15 12:55:23 --> Controller "App\Controllers\SSRForm" loaded.
INFO - 2020-12-15 12:55:23 --> Fetching IIQA Details
INFO - 2020-12-15 12:55:32 --> Controller "App\Controllers\ssr_profile_academic_information4" loaded.
INFO - 2020-12-15 12:55:32 --> Fetching IIQA Details
INFO - 2020-12-15 12:55:48 --> Controller "App\Controllers\ssr_profile_academic_information4" loaded.
INFO - 2020-12-15 12:55:48 --> Fetching IIQA Details
ERROR - 2020-12-15 12:55:48 --> Unknown column 'accreditation_details_cycle_info' in 'field list'
INFO - 2020-12-15 12:56:35 --> Controller "App\Controllers\IIQAForm" loaded.
INFO - 2020-12-15 12:56:35 --> Fetching IIQA Details
INFO - 2020-12-15 12:56:35 --> Controller "App\Controllers\IIQADocument" loaded.
INFO - 2020-12-15 12:56:35 --> Controller "App\Controllers\SSRForm" loaded.
INFO - 2020-12-15 12:56:35 --> Fetching Document Details
INFO - 2020-12-15 12:56:35 --> Fetching IIQA Details
INFO - 2020-12-15 12:56:52 --> Controller "App\Controllers\ssr_profile_academic_information4" loaded.
INFO - 2020-12-15 12:56:52 --> Fetching IIQA Details
INFO - 2020-12-15 12:58:23 --> Controller "App\Controllers\UserMenus" loaded.
INFO - 2020-12-15 12:58:23 --> Fetching UserMenu details
INFO - 2020-12-15 12:58:29 --> Controller "App\Controllers\IIQAForm" loaded.
INFO - 2020-12-15 12:58:29 --> Fetching IIQA Details
INFO - 2020-12-15 12:58:29 --> Controller "App\Controllers\IIQADocument" loaded.
INFO - 2020-12-15 12:58:29 --> Fetching Document Details
INFO - 2020-12-15 12:58:29 --> Controller "App\Controllers\SSRForm" loaded.
INFO - 2020-12-15 12:58:29 --> Fetching IIQA Details
INFO - 2020-12-15 12:58:40 --> Controller "App\Controllers\ssr_profile_academic_information4" loaded.
INFO - 2020-12-15 12:58:40 --> Fetching IIQA Details
INFO - 2020-12-15 12:59:12 --> Controller "App\Controllers\ssr_profile_academic_information4" loaded.
INFO - 2020-12-15 12:59:12 --> Fetching IIQA Details
ERROR - 2020-12-15 12:59:12 --> Unknown column 'accreditation_details_cycle_info' in 'field list'
INFO - 2020-12-15 12:59:21 --> Controller "App\Controllers\ssr_profile_academic_information4" loaded.
INFO - 2020-12-15 12:59:21 --> Fetching IIQA Details
ERROR - 2020-12-15 12:59:21 --> Unknown column 'accreditation_details_cycle_info' in 'field list'
INFO - 2020-12-15 13:01:01 --> Controller "App\Controllers\UserMenus" loaded.
INFO - 2020-12-15 13:01:01 --> Fetching UserMenu details
INFO - 2020-12-15 13:01:04 --> Controller "App\Controllers\IIQAForm" loaded.
INFO - 2020-12-15 13:01:04 --> Fetching IIQA Details
INFO - 2020-12-15 13:01:04 --> Controller "App\Controllers\IIQADocument" loaded.
INFO - 2020-12-15 13:01:04 --> Fetching Document Details
INFO - 2020-12-15 13:01:04 --> Controller "App\Controllers\SSRForm" loaded.
INFO - 2020-12-15 13:01:04 --> Fetching IIQA Details
INFO - 2020-12-15 13:01:27 --> Controller "App\Controllers\SSR_Profile_Academic_Information3" loaded.
INFO - 2020-12-15 13:01:27 --> Fetching IIQA Details
INFO - 2020-12-15 13:01:39 --> Controller "App\Controllers\ssr_profile_academic_information4" loaded.
INFO - 2020-12-15 13:01:39 --> Fetching IIQA Details
INFO - 2020-12-15 13:01:50 --> Controller "App\Controllers\ssr_profile_academic_information4" loaded.
INFO - 2020-12-15 13:01:50 --> Fetching IIQA Details
INFO - 2020-12-15 13:01:53 --> Controller "App\Controllers\ssr_profile_academic_information4" loaded.
INFO - 2020-12-15 13:01:53 --> Fetching IIQA Details
INFO - 2020-12-15 13:02:16 --> Controller "App\Controllers\ssr_profile_academic_information4" loaded.
INFO - 2020-12-15 13:02:16 --> Fetching IIQA Details
INFO - 2020-12-15 13:02:18 --> Controller "App\Controllers\ssr_profile_academic_information4" loaded.
INFO - 2020-12-15 13:02:18 --> Fetching IIQA Details
INFO - 2020-12-15 13:03:03 --> Controller "App\Controllers\IIQAForm" loaded.
INFO - 2020-12-15 13:03:03 --> Controller "App\Controllers\SSRForm" loaded.
INFO - 2020-12-15 13:03:03 --> Fetching IIQA Details
INFO - 2020-12-15 13:03:03 --> Controller "App\Controllers\IIQADocument" loaded.
INFO - 2020-12-15 13:03:03 --> Fetching IIQA Details
INFO - 2020-12-15 13:03:03 --> Fetching Document Details
INFO - 2020-12-15 13:03:14 --> Controller "App\Controllers\CommonFetch" loaded.
INFO - 2020-12-15 13:03:14 --> Fetching Uni-Language Details
INFO - 2020-12-15 13:03:14 --> Controller "App\Controllers\SSR_Profile_Academic_Information1" loaded.
INFO - 2020-12-15 13:03:14 --> Fetching IIQA Details
INFO - 2020-12-15 13:05:24 --> Controller "App\Controllers\UserMenus" loaded.
INFO - 2020-12-15 13:05:24 --> Fetching UserMenu details
INFO - 2020-12-15 13:05:29 --> Controller "App\Controllers\IIQAForm" loaded.
INFO - 2020-12-15 13:05:29 --> Fetching IIQA Details
INFO - 2020-12-15 13:05:29 --> Controller "App\Controllers\IIQADocument" loaded.
INFO - 2020-12-15 13:05:29 --> Fetching Document Details
INFO - 2020-12-15 13:05:29 --> Controller "App\Controllers\SSRForm" loaded.
INFO - 2020-12-15 13:05:29 --> Fetching IIQA Details
INFO - 2020-12-15 13:05:49 --> Controller "App\Controllers\CommonFetch" loaded.
INFO - 2020-12-15 13:05:49 --> Fetching Uni-Language Details
INFO - 2020-12-15 13:05:49 --> Controller "App\Controllers\SSR_Profile_Academic_Information1" loaded.
INFO - 2020-12-15 13:05:49 --> Fetching IIQA Details
INFO - 2020-12-15 13:06:00 --> Controller "App\Controllers\IIQAForm" loaded.
INFO - 2020-12-15 13:06:00 --> Controller "App\Controllers\IIQADocument" loaded.
INFO - 2020-12-15 13:06:00 --> Fetching Document Details
INFO - 2020-12-15 13:06:00 --> Fetching IIQA Details
INFO - 2020-12-15 13:06:00 --> Controller "App\Controllers\SSRForm" loaded.
INFO - 2020-12-15 13:06:00 --> Fetching IIQA Details
INFO - 2020-12-15 13:09:35 --> Controller "App\Controllers\UserMenus" loaded.
INFO - 2020-12-15 13:09:35 --> Fetching UserMenu details
INFO - 2020-12-15 13:09:39 --> Controller "App\Controllers\IIQAForm" loaded.
INFO - 2020-12-15 13:09:39 --> Fetching IIQA Details
INFO - 2020-12-15 13:09:39 --> Controller "App\Controllers\IIQADocument" loaded.
INFO - 2020-12-15 13:09:39 --> Fetching Document Details
INFO - 2020-12-15 13:09:39 --> Controller "App\Controllers\SSRForm" loaded.
INFO - 2020-12-15 13:09:39 --> Fetching IIQA Details
INFO - 2020-12-15 13:10:01 --> Controller "App\Controllers\UserMenus" loaded.
INFO - 2020-12-15 13:10:01 --> Fetching UserMenu details
INFO - 2020-12-15 13:10:04 --> Controller "App\Controllers\IIQAForm" loaded.
INFO - 2020-12-15 13:10:04 --> Fetching IIQA Details
INFO - 2020-12-15 13:10:04 --> Controller "App\Controllers\IIQADocument" loaded.
INFO - 2020-12-15 13:10:04 --> Fetching Document Details
INFO - 2020-12-15 13:10:04 --> Controller "App\Controllers\SSRForm" loaded.
INFO - 2020-12-15 13:10:04 --> Fetching IIQA Details
INFO - 2020-12-15 13:11:22 --> Controller "App\Controllers\UserMenus" loaded.
INFO - 2020-12-15 13:11:22 --> Fetching UserMenu details
INFO - 2020-12-15 14:00:22 --> Controller "App\Controllers\IIQADocument" loaded.
INFO - 2020-12-15 14:00:22 --> Controller "App\Controllers\IIQAForm" loaded.
INFO - 2020-12-15 14:00:22 --> Fetching Document Details
INFO - 2020-12-15 14:00:22 --> Fetching IIQA Details
INFO - 2020-12-15 14:00:22 --> Controller "App\Controllers\SSRForm" loaded.
INFO - 2020-12-15 14:00:22 --> Fetching IIQA Details
INFO - 2020-12-15 14:00:34 --> Controller "App\Controllers\ssr_profile_academic_information4" loaded.
INFO - 2020-12-15 14:00:34 --> Fetching IIQA Details
INFO - 2020-12-15 14:00:47 --> Controller "App\Controllers\UserMenus" loaded.
INFO - 2020-12-15 14:00:47 --> Fetching UserMenu details
INFO - 2020-12-15 14:00:59 --> Controller "App\Controllers\IIQAForm" loaded.
INFO - 2020-12-15 14:00:59 --> Fetching IIQA Details
INFO - 2020-12-15 14:00:59 --> Controller "App\Controllers\IIQADocument" loaded.
INFO - 2020-12-15 14:00:59 --> Fetching Document Details
INFO - 2020-12-15 14:00:59 --> Controller "App\Controllers\SSRForm" loaded.
INFO - 2020-12-15 14:00:59 --> Fetching IIQA Details
INFO - 2020-12-15 14:01:05 --> Controller "App\Controllers\ssr_profile_academic_information4" loaded.
INFO - 2020-12-15 14:01:05 --> Fetching IIQA Details
INFO - 2020-12-15 14:01:11 --> Controller "App\Controllers\ssr_profile_academic_information4" loaded.
INFO - 2020-12-15 14:01:11 --> Fetching IIQA Details
INFO - 2020-12-15 14:01:17 --> Controller "App\Controllers\ssr_profile_academic_information4" loaded.
INFO - 2020-12-15 14:01:17 --> Fetching IIQA Details
INFO - 2020-12-15 14:02:54 --> Controller "App\Controllers\UserMenus" loaded.
INFO - 2020-12-15 14:02:54 --> Fetching UserMenu details
INFO - 2020-12-15 14:04:55 --> Controller "App\Controllers\UserMenus" loaded.
INFO - 2020-12-15 14:04:55 --> Fetching UserMenu details
INFO - 2020-12-15 14:05:29 --> Controller "App\Controllers\IIQADocument" loaded.
INFO - 2020-12-15 14:05:29 --> Controller "App\Controllers\IIQAForm" loaded.
INFO - 2020-12-15 14:05:29 --> Fetching Document Details
INFO - 2020-12-15 14:05:29 --> Fetching IIQA Details
INFO - 2020-12-15 14:05:29 --> Controller "App\Controllers\SSRForm" loaded.
INFO - 2020-12-15 14:05:29 --> Fetching IIQA Details
INFO - 2020-12-15 14:05:34 --> Controller "App\Controllers\UserMenus" loaded.
INFO - 2020-12-15 14:05:34 --> Fetching UserMenu details
INFO - 2020-12-15 14:08:36 --> Controller "App\Controllers\IIQAForm" loaded.
INFO - 2020-12-15 14:08:36 --> Controller "App\Controllers\IIQADocument" loaded.
INFO - 2020-12-15 14:08:36 --> Fetching IIQA Details
INFO - 2020-12-15 14:08:36 --> Fetching Document Details
INFO - 2020-12-15 14:08:36 --> Controller "App\Controllers\SSRForm" loaded.
INFO - 2020-12-15 14:08:36 --> Fetching IIQA Details
INFO - 2020-12-15 14:08:43 --> Controller "App\Controllers\ssr_profile_academic_information4" loaded.
INFO - 2020-12-15 14:08:43 --> Fetching IIQA Details
INFO - 2020-12-15 14:09:01 --> Controller "App\Controllers\ssr_profile_academic_information4" loaded.
INFO - 2020-12-15 14:09:01 --> Fetching IIQA Details
INFO - 2020-12-15 14:10:00 --> Controller "App\Controllers\UserMenus" loaded.
INFO - 2020-12-15 14:10:00 --> Fetching UserMenu details
INFO - 2020-12-15 14:10:04 --> Controller "App\Controllers\IIQAForm" loaded.
INFO - 2020-12-15 14:10:04 --> Fetching IIQA Details
INFO - 2020-12-15 14:10:04 --> Controller "App\Controllers\SSRForm" loaded.
INFO - 2020-12-15 14:10:04 --> Controller "App\Controllers\IIQADocument" loaded.
INFO - 2020-12-15 14:10:04 --> Fetching IIQA Details
INFO - 2020-12-15 14:10:04 --> Fetching Document Details
INFO - 2020-12-15 14:10:12 --> Controller "App\Controllers\ssr_profile_academic_information4" loaded.
INFO - 2020-12-15 14:10:12 --> Fetching IIQA Details
INFO - 2020-12-15 14:15:56 --> Controller "App\Controllers\UserMenus" loaded.
INFO - 2020-12-15 14:15:56 --> Fetching UserMenu details
INFO - 2020-12-15 14:17:11 --> Controller "App\Controllers\IIQAForm" loaded.
INFO - 2020-12-15 14:17:11 --> Controller "App\Controllers\IIQADocument" loaded.
INFO - 2020-12-15 14:17:11 --> Fetching Document Details
INFO - 2020-12-15 14:17:11 --> Fetching IIQA Details
INFO - 2020-12-15 14:17:11 --> Controller "App\Controllers\SSRForm" loaded.
INFO - 2020-12-15 14:17:11 --> Fetching IIQA Details
INFO - 2020-12-15 14:17:17 --> Controller "App\Controllers\ssr_profile_academic_information4" loaded.
INFO - 2020-12-15 14:17:17 --> Fetching IIQA Details
INFO - 2020-12-15 14:18:33 --> Controller "App\Controllers\UserMenus" loaded.
INFO - 2020-12-15 14:18:33 --> Fetching UserMenu details
INFO - 2020-12-15 14:18:48 --> Controller "App\Controllers\IIQADocument" loaded.
INFO - 2020-12-15 14:18:48 --> Controller "App\Controllers\IIQAForm" loaded.
INFO - 2020-12-15 14:18:48 --> Fetching Document Details
INFO - 2020-12-15 14:18:48 --> Fetching IIQA Details
INFO - 2020-12-15 14:18:48 --> Controller "App\Controllers\SSRForm" loaded.
INFO - 2020-12-15 14:18:48 --> Fetching IIQA Details
INFO - 2020-12-15 14:19:39 --> Controller "App\Controllers\UserMenus" loaded.
INFO - 2020-12-15 14:19:39 --> Fetching UserMenu details
INFO - 2020-12-15 14:19:59 --> Controller "App\Controllers\IIQAForm" loaded.
INFO - 2020-12-15 14:19:59 --> Controller "App\Controllers\IIQADocument" loaded.
INFO - 2020-12-15 14:19:59 --> Fetching Document Details
INFO - 2020-12-15 14:19:59 --> Fetching IIQA Details
INFO - 2020-12-15 14:19:59 --> Controller "App\Controllers\SSRForm" loaded.
INFO - 2020-12-15 14:19:59 --> Fetching IIQA Details
INFO - 2020-12-15 14:20:07 --> Controller "App\Controllers\ssr_profile_academic_information4" loaded.
INFO - 2020-12-15 14:20:07 --> Fetching IIQA Details
INFO - 2020-12-15 14:20:27 --> Controller "App\Controllers\IIQAForm" loaded.
INFO - 2020-12-15 14:20:27 --> Fetching IIQA Details
INFO - 2020-12-15 14:20:27 --> Controller "App\Controllers\IIQADocument" loaded.
INFO - 2020-12-15 14:20:27 --> Fetching Document Details
INFO - 2020-12-15 14:20:27 --> Controller "App\Controllers\SSRForm" loaded.
INFO - 2020-12-15 14:20:27 --> Fetching IIQA Details
INFO - 2020-12-15 14:21:38 --> Controller "App\Controllers\UserMenus" loaded.
INFO - 2020-12-15 14:21:38 --> Fetching UserMenu details
INFO - 2020-12-15 14:21:58 --> Controller "App\Controllers\IIQADocument" loaded.
INFO - 2020-12-15 14:21:58 --> Controller "App\Controllers\IIQAForm" loaded.
INFO - 2020-12-15 14:21:58 --> Fetching Document Details
INFO - 2020-12-15 14:21:58 --> Fetching IIQA Details
INFO - 2020-12-15 14:21:58 --> Controller "App\Controllers\SSRForm" loaded.
INFO - 2020-12-15 14:21:58 --> Fetching IIQA Details
INFO - 2020-12-15 14:22:06 --> Controller "App\Controllers\ssr_profile_academic_information4" loaded.
INFO - 2020-12-15 14:22:06 --> Fetching IIQA Details
INFO - 2020-12-15 14:22:45 --> Controller "App\Controllers\IIQAForm" loaded.
INFO - 2020-12-15 14:22:46 --> Fetching IIQA Details
INFO - 2020-12-15 14:22:46 --> Controller "App\Controllers\IIQADocument" loaded.
INFO - 2020-12-15 14:22:46 --> Fetching Document Details
INFO - 2020-12-15 14:22:46 --> Controller "App\Controllers\SSRForm" loaded.
INFO - 2020-12-15 14:22:46 --> Fetching IIQA Details
INFO - 2020-12-15 14:22:58 --> Controller "App\Controllers\UserMenus" loaded.
INFO - 2020-12-15 14:22:58 --> Fetching UserMenu details
INFO - 2020-12-15 14:23:10 --> Controller "App\Controllers\IIQAForm" loaded.
INFO - 2020-12-15 14:23:10 --> Fetching IIQA Details
INFO - 2020-12-15 14:23:10 --> Controller "App\Controllers\SSRForm" loaded.
INFO - 2020-12-15 14:23:10 --> Controller "App\Controllers\IIQADocument" loaded.
INFO - 2020-12-15 14:23:10 --> Fetching IIQA Details
INFO - 2020-12-15 14:23:10 --> Fetching Document Details
INFO - 2020-12-15 14:29:45 --> Controller "App\Controllers\UserMenus" loaded.
INFO - 2020-12-15 14:29:45 --> Fetching UserMenu details
INFO - 2020-12-15 14:31:34 --> Controller "App\Controllers\UserMenus" loaded.
INFO - 2020-12-15 14:31:34 --> Fetching UserMenu details
INFO - 2020-12-15 14:33:15 --> Controller "App\Controllers\UserMenus" loaded.
INFO - 2020-12-15 14:33:15 --> Fetching UserMenu details
INFO - 2020-12-15 14:37:45 --> Controller "App\Controllers\UserMenus" loaded.
INFO - 2020-12-15 14:37:45 --> Fetching UserMenu details
INFO - 2020-12-15 14:45:25 --> Controller "App\Controllers\UserMenus" loaded.
INFO - 2020-12-15 14:45:25 --> Fetching UserMenu details
INFO - 2020-12-15 14:58:04 --> Controller "App\Controllers\UserMenus" loaded.
INFO - 2020-12-15 14:58:04 --> Fetching UserMenu details
INFO - 2020-12-15 14:58:32 --> Controller "App\Controllers\UserMenus" loaded.
INFO - 2020-12-15 14:58:32 --> Fetching UserMenu details
INFO - 2020-12-15 14:59:10 --> Controller "App\Controllers\UserMenus" loaded.
INFO - 2020-12-15 14:59:10 --> Fetching UserMenu details
INFO - 2020-12-15 14:59:22 --> Controller "App\Controllers\SSRForm" loaded.
INFO - 2020-12-15 14:59:22 --> Controller "App\Controllers\IIQAForm" loaded.
INFO - 2020-12-15 14:59:22 --> Controller "App\Controllers\IIQADocument" loaded.
INFO - 2020-12-15 14:59:22 --> Fetching Document Details
INFO - 2020-12-15 14:59:22 --> Fetching IIQA Details
INFO - 2020-12-15 14:59:22 --> Fetching IIQA Details
INFO - 2020-12-15 15:00:40 --> Controller "App\Controllers\UserMenus" loaded.
INFO - 2020-12-15 15:00:40 --> Fetching UserMenu details
INFO - 2020-12-15 15:06:46 --> Controller "App\Controllers\IIQADocument" loaded.
INFO - 2020-12-15 15:06:46 --> Controller "App\Controllers\SSRForm" loaded.
INFO - 2020-12-15 15:06:46 --> Controller "App\Controllers\IIQAForm" loaded.
INFO - 2020-12-15 15:06:46 --> Fetching Document Details
INFO - 2020-12-15 15:06:46 --> Fetching IIQA Details
INFO - 2020-12-15 15:06:46 --> Fetching IIQA Details
INFO - 2020-12-15 15:06:56 --> Controller "App\Controllers\UserMenus" loaded.
INFO - 2020-12-15 15:06:56 --> Fetching UserMenu details
INFO - 2020-12-15 15:11:06 --> Controller "App\Controllers\SSR_Profile_Academic_Information1" loaded.
INFO - 2020-12-15 15:11:06 --> Fetching IIQA Details
INFO - 2020-12-15 15:11:06 --> Controller "App\Controllers\CommonFetch" loaded.
INFO - 2020-12-15 15:11:06 --> Fetching Uni-Language Details
INFO - 2020-12-15 15:11:18 --> Controller "App\Controllers\SSR_Profile_Academic_Information2" loaded.
INFO - 2020-12-15 15:11:18 --> Fetching IIQA Details
INFO - 2020-12-15 15:11:33 --> Controller "App\Controllers\SSR_Profile_Academic_Information3" loaded.
INFO - 2020-12-15 15:11:33 --> Fetching IIQA Details
INFO - 2020-12-15 15:11:48 --> Controller "App\Controllers\ssr_profile_academic_information4" loaded.
INFO - 2020-12-15 15:11:48 --> Fetching IIQA Details
INFO - 2020-12-15 15:14:15 --> Controller "App\Controllers\UserMenus" loaded.
INFO - 2020-12-15 15:14:15 --> Fetching UserMenu details
INFO - 2020-12-15 15:14:23 --> Controller "App\Controllers\UserMenus" loaded.
INFO - 2020-12-15 15:14:23 --> Fetching UserMenu details
INFO - 2020-12-15 15:15:46 --> Controller "App\Controllers\UserMenus" loaded.
INFO - 2020-12-15 15:15:46 --> Fetching UserMenu details
INFO - 2020-12-15 15:15:48 --> Controller "App\Controllers\UserMenus" loaded.
INFO - 2020-12-15 15:15:48 --> Fetching UserMenu details
INFO - 2020-12-15 15:15:48 --> Controller "App\Controllers\UserMenus" loaded.
INFO - 2020-12-15 15:15:48 --> Fetching UserMenu details
INFO - 2020-12-15 15:15:51 --> Controller "App\Controllers\UserMenus" loaded.
INFO - 2020-12-15 15:15:51 --> Fetching UserMenu details
INFO - 2020-12-15 15:17:54 --> Controller "App\Controllers\UserMenus" loaded.
INFO - 2020-12-15 15:17:54 --> Fetching UserMenu details
INFO - 2020-12-15 15:17:57 --> Controller "App\Controllers\UserMenus" loaded.
INFO - 2020-12-15 15:17:57 --> Fetching UserMenu details
INFO - 2020-12-15 15:20:26 --> Controller "App\Controllers\UserMenus" loaded.
INFO - 2020-12-15 15:20:26 --> Fetching UserMenu details
INFO - 2020-12-15 15:20:28 --> Controller "App\Controllers\UserMenus" loaded.
INFO - 2020-12-15 15:20:28 --> Fetching UserMenu details
INFO - 2020-12-15 15:40:15 --> Controller "App\Controllers\UserMenus" loaded.
INFO - 2020-12-15 15:40:15 --> Fetching UserMenu details
INFO - 2020-12-15 15:40:22 --> Controller "App\Controllers\UserMenus" loaded.
INFO - 2020-12-15 15:40:22 --> Fetching UserMenu details
INFO - 2020-12-15 16:04:29 --> Controller "App\Controllers\UserMenus" loaded.
INFO - 2020-12-15 16:04:29 --> Fetching UserMenu details
INFO - 2020-12-15 16:04:37 --> Controller "App\Controllers\UserMenus" loaded.
INFO - 2020-12-15 16:04:37 --> Fetching UserMenu details
INFO - 2020-12-15 16:07:17 --> Controller "App\Controllers\UserMenus" loaded.
INFO - 2020-12-15 16:07:17 --> Fetching UserMenu details
INFO - 2020-12-15 16:07:25 --> Controller "App\Controllers\UserMenus" loaded.
INFO - 2020-12-15 16:07:25 --> Fetching UserMenu details
INFO - 2020-12-15 16:07:57 --> Controller "App\Controllers\UserMenus" loaded.
INFO - 2020-12-15 16:07:57 --> Fetching UserMenu details
INFO - 2020-12-15 16:07:58 --> Controller "App\Controllers\UserMenus" loaded.
INFO - 2020-12-15 16:07:58 --> Fetching UserMenu details
INFO - 2020-12-15 16:11:07 --> Controller "App\Controllers\UserMenus" loaded.
INFO - 2020-12-15 16:11:07 --> Fetching UserMenu details
INFO - 2020-12-15 16:11:25 --> Controller "App\Controllers\UserMenus" loaded.
INFO - 2020-12-15 16:11:25 --> Fetching UserMenu details
INFO - 2020-12-15 16:11:39 --> Controller "App\Controllers\UserMenus" loaded.
INFO - 2020-12-15 16:11:39 --> Fetching UserMenu details
INFO - 2020-12-15 16:12:57 --> Controller "App\Controllers\UserMenus" loaded.
INFO - 2020-12-15 16:12:57 --> Fetching UserMenu details
INFO - 2020-12-15 16:15:28 --> Controller "App\Controllers\UserMenus" loaded.
INFO - 2020-12-15 16:15:28 --> Fetching UserMenu details
INFO - 2020-12-15 16:21:20 --> Controller "App\Controllers\UserMenus" loaded.
INFO - 2020-12-15 16:21:20 --> Fetching UserMenu details
INFO - 2020-12-15 16:23:33 --> Controller "App\Controllers\UserMenus" loaded.
INFO - 2020-12-15 16:23:33 --> Fetching UserMenu details
INFO - 2020-12-15 16:26:35 --> Controller "App\Controllers\UserMenus" loaded.
INFO - 2020-12-15 16:26:35 --> Fetching UserMenu details
INFO - 2020-12-15 16:27:06 --> Controller "App\Controllers\UserMenus" loaded.
INFO - 2020-12-15 16:27:06 --> Fetching UserMenu details
INFO - 2020-12-15 16:28:26 --> Controller "App\Controllers\UserMenus" loaded.
INFO - 2020-12-15 16:28:26 --> Fetching UserMenu details
INFO - 2020-12-15 16:29:55 --> Controller "App\Controllers\UserMenus" loaded.
INFO - 2020-12-15 16:29:55 --> Fetching UserMenu details
INFO - 2020-12-15 16:31:09 --> Controller "App\Controllers\UserMenus" loaded.
INFO - 2020-12-15 16:31:09 --> Fetching UserMenu details
INFO - 2020-12-15 16:31:49 --> Controller "App\Controllers\UserMenus" loaded.
INFO - 2020-12-15 16:31:49 --> Fetching UserMenu details
INFO - 2020-12-15 16:31:52 --> Controller "App\Controllers\UserMenus" loaded.
INFO - 2020-12-15 16:31:52 --> Fetching UserMenu details
INFO - 2020-12-15 16:38:51 --> Controller "App\Controllers\UserMenus" loaded.
INFO - 2020-12-15 16:38:51 --> Fetching UserMenu details
INFO - 2020-12-15 16:45:01 --> Controller "App\Controllers\UserMenus" loaded.
INFO - 2020-12-15 16:45:01 --> Fetching UserMenu details
INFO - 2020-12-15 17:06:09 --> Controller "App\Controllers\UserMenus" loaded.
INFO - 2020-12-15 17:06:09 --> Fetching UserMenu details
INFO - 2020-12-15 17:17:56 --> Controller "App\Controllers\UserMenus" loaded.
INFO - 2020-12-15 17:17:56 --> Fetching UserMenu details
INFO - 2020-12-15 17:23:58 --> Controller "App\Controllers\UserMenus" loaded.
INFO - 2020-12-15 17:23:58 --> Fetching UserMenu details
INFO - 2020-12-15 17:26:03 --> Controller "App\Controllers\UserMenus" loaded.
INFO - 2020-12-15 17:26:03 --> Fetching UserMenu details
INFO - 2020-12-15 17:27:23 --> Controller "App\Controllers\UserMenus" loaded.
INFO - 2020-12-15 17:27:23 --> Fetching UserMenu details
INFO - 2020-12-15 17:45:21 --> Controller "App\Controllers\UserMenus" loaded.
INFO - 2020-12-15 17:45:21 --> Fetching UserMenu details
INFO - 2020-12-15 17:45:39 --> Controller "App\Controllers\UserMenus" loaded.
INFO - 2020-12-15 17:45:39 --> Fetching UserMenu details
INFO - 2020-12-15 17:45:51 --> Controller "App\Controllers\IIQAForm" loaded.
INFO - 2020-12-15 17:45:51 --> Controller "App\Controllers\State" loaded.
INFO - 2020-12-15 17:45:51 --> Controller "App\Controllers\University" loaded.
INFO - 2020-12-15 17:45:51 --> Fetching IIQA Details
INFO - 2020-12-15 17:45:51 --> Fetching IIQA Details
INFO - 2020-12-15 17:45:51 --> Fetching IIQA Details
INFO - 2020-12-15 17:45:51 --> Controller "App\Controllers\IIQADocument" loaded.
INFO - 2020-12-15 17:45:51 --> Controller "App\Controllers\CommonFetch" loaded.
INFO - 2020-12-15 17:45:51 --> Controller "App\Controllers\CommonFetch" loaded.
INFO - 2020-12-15 17:45:51 --> Fetching IIQA Details
INFO - 2020-12-15 17:45:51 --> Controller "App\Controllers\CommonFetch" loaded.
INFO - 2020-12-15 17:45:51 --> Fetching Document Details
INFO - 2020-12-15 17:45:51 --> Fetching Title Details
INFO - 2020-12-15 17:45:51 --> Fetching Title Details
INFO - 2020-12-15 17:45:54 --> Controller "App\Controllers\UserMenus" loaded.
INFO - 2020-12-15 17:45:54 --> Fetching UserMenu details
INFO - 2020-12-15 17:49:20 --> Controller "App\Controllers\UserMenus" loaded.
INFO - 2020-12-15 17:49:20 --> Fetching UserMenu details
INFO - 2020-12-15 17:50:10 --> Controller "App\Controllers\IIQAForm" loaded.
INFO - 2020-12-15 17:50:10 --> Fetching IIQA Details
INFO - 2020-12-15 17:50:10 --> Controller "App\Controllers\CommonFetch" loaded.
INFO - 2020-12-15 17:50:10 --> Controller "App\Controllers\State" loaded.
INFO - 2020-12-15 17:50:10 --> Fetching IIQA Details
INFO - 2020-12-15 17:50:10 --> Controller "App\Controllers\University" loaded.
INFO - 2020-12-15 17:50:10 --> Fetching IIQA Details
INFO - 2020-12-15 17:50:10 --> Controller "App\Controllers\CommonFetch" loaded.
INFO - 2020-12-15 17:50:10 --> Controller "App\Controllers\CommonFetch" loaded.
INFO - 2020-12-15 17:50:10 --> Fetching IIQA Details
INFO - 2020-12-15 17:50:10 --> Fetching Title Details
INFO - 2020-12-15 17:50:10 --> Fetching Title Details
INFO - 2020-12-15 17:50:10 --> Controller "App\Controllers\IIQADocument" loaded.
INFO - 2020-12-15 17:50:10 --> Fetching Document Details
INFO - 2020-12-15 17:50:20 --> Controller "App\Controllers\UserMenus" loaded.
INFO - 2020-12-15 17:50:20 --> Fetching UserMenu details
INFO - 2020-12-15 17:55:38 --> Controller "App\Controllers\UserMenus" loaded.
INFO - 2020-12-15 17:55:38 --> Fetching UserMenu details
INFO - 2020-12-15 17:55:40 --> Controller "App\Controllers\UserMenus" loaded.
INFO - 2020-12-15 17:55:40 --> Fetching UserMenu details
INFO - 2020-12-15 18:01:34 --> Controller "App\Controllers\UserMenus" loaded.
INFO - 2020-12-15 18:01:34 --> Fetching UserMenu details
INFO - 2020-12-15 18:13:22 --> Controller "App\Controllers\UserMenus" loaded.
INFO - 2020-12-15 18:13:22 --> Fetching UserMenu details
INFO - 2020-12-15 18:26:48 --> Controller "App\Controllers\UserMenus" loaded.
INFO - 2020-12-15 18:26:48 --> Fetching UserMenu details
INFO - 2020-12-15 18:29:02 --> Controller "App\Controllers\UserMenus" loaded.
INFO - 2020-12-15 18:29:02 --> Fetching UserMenu details
INFO - 2020-12-15 19:00:29 --> Controller "App\Controllers\IIQAForm" loaded.
INFO - 2020-12-15 19:00:29 --> Controller "App\Controllers\IIQADocument" loaded.
INFO - 2020-12-15 19:00:29 --> Fetching IIQA Details
INFO - 2020-12-15 19:00:29 --> Fetching Document Details
INFO - 2020-12-15 19:00:29 --> Controller "App\Controllers\SSRForm" loaded.
INFO - 2020-12-15 19:00:29 --> Fetching IIQA Details
INFO - 2020-12-15 19:00:37 --> Controller "App\Controllers\SSR_Profile_Academic_Information3" loaded.
INFO - 2020-12-15 19:00:37 --> Fetching IIQA Details
INFO - 2020-12-15 19:00:50 --> Controller "App\Controllers\SSRForm" loaded.
INFO - 2020-12-15 19:00:50 --> Controller "App\Controllers\IIQAForm" loaded.
INFO - 2020-12-15 19:00:50 --> Fetching IIQA Details
INFO - 2020-12-15 19:00:50 --> Fetching IIQA Details
INFO - 2020-12-15 19:00:50 --> Controller "App\Controllers\IIQADocument" loaded.
INFO - 2020-12-15 19:00:50 --> Fetching Document Details
INFO - 2020-12-15 19:00:57 --> Controller "App\Controllers\UserMenus" loaded.
INFO - 2020-12-15 19:00:57 --> Fetching UserMenu details
INFO - 2020-12-15 19:00:59 --> Controller "App\Controllers\IIQAForm" loaded.
INFO - 2020-12-15 19:00:59 --> Fetching IIQA Details
INFO - 2020-12-15 19:01:01 --> Controller "App\Controllers\IIQAForm" loaded.
INFO - 2020-12-15 19:01:01 --> Fetching IIQA Details
INFO - 2020-12-15 19:01:01 --> Controller "App\Controllers\CommonFetch" loaded.
INFO - 2020-12-15 19:01:01 --> Fetching IIQA Details
INFO - 2020-12-15 19:01:01 --> Controller "App\Controllers\University" loaded.
INFO - 2020-12-15 19:01:01 --> Fetching IIQA Details
INFO - 2020-12-15 19:01:01 --> Controller "App\Controllers\IIQADocument" loaded.
INFO - 2020-12-15 19:01:01 --> Controller "App\Controllers\CommonFetch" loaded.
INFO - 2020-12-15 19:01:01 --> Fetching Document Details
INFO - 2020-12-15 19:01:01 --> Fetching IIQA Details
INFO - 2020-12-15 19:01:01 --> Controller "App\Controllers\IIQADocument" loaded.
INFO - 2020-12-15 19:01:01 --> Fetching Document Details
INFO - 2020-12-15 19:01:06 --> Controller "App\Controllers\IIQAForm" loaded.
INFO - 2020-12-15 19:01:06 --> Fetching IIQA Details
INFO - 2020-12-15 19:01:06 --> Controller "App\Controllers\CommonFetch" loaded.
INFO - 2020-12-15 19:01:06 --> Controller "App\Controllers\CommonFetch" loaded.
INFO - 2020-12-15 19:01:06 --> Fetching Title Details
INFO - 2020-12-15 19:01:06 --> Fetching Title Details
INFO - 2020-12-15 19:03:43 --> Controller "App\Controllers\IIQAForm" loaded.
INFO - 2020-12-15 19:03:43 --> Fetching IIQA Details
INFO - 2020-12-15 19:07:19 --> Controller "App\Controllers\IIQAForm" loaded.
INFO - 2020-12-15 19:07:19 --> Fetching IIQA Details
INFO - 2020-12-15 19:07:22 --> Controller "App\Controllers\UserMenus" loaded.
INFO - 2020-12-15 19:07:22 --> Fetching UserMenu details
INFO - 2020-12-15 19:07:24 --> Controller "App\Controllers\UserMenus" loaded.
INFO - 2020-12-15 19:07:24 --> Fetching UserMenu details
INFO - 2020-12-15 19:08:45 --> Controller "App\Controllers\UserMenus" loaded.
INFO - 2020-12-15 19:08:45 --> Fetching UserMenu details
INFO - 2020-12-15 19:13:16 --> Controller "App\Controllers\UserMenus" loaded.
INFO - 2020-12-15 19:13:16 --> Fetching UserMenu details
INFO - 2020-12-15 19:15:13 --> Controller "App\Controllers\UserMenus" loaded.
INFO - 2020-12-15 19:15:13 --> Fetching UserMenu details
