INFO - 2020-10-18 00:00:09 --> Controller "App\Controllers\ClassDetails" loaded.
INFO - 2020-10-18 00:00:09 --> Fetching Sections details
INFO - 2020-10-18 00:00:25 --> Controller "App\Controllers\Users" loaded.
INFO - 2020-10-18 00:00:25 --> Fetching Users details
INFO - 2020-10-18 00:00:30 --> Controller "App\Controllers\Users" loaded.
INFO - 2020-10-18 00:00:30 --> Fetching Users details
INFO - 2020-10-18 00:00:34 --> Controller "App\Controllers\ClassDetails" loaded.
INFO - 2020-10-18 00:00:35 --> Fetching Sections details
INFO - 2020-10-18 00:00:40 --> Controller "App\Controllers\ClassDetails" loaded.
INFO - 2020-10-18 00:00:40 --> Fetching Sections details
INFO - 2020-10-18 00:00:40 --> Controller "App\Controllers\ClassDetails" loaded.
INFO - 2020-10-18 00:00:40 --> Fetching Sections details
INFO - 2020-10-18 00:00:43 --> Controller "App\Controllers\ClassDetails" loaded.
INFO - 2020-10-18 00:00:43 --> Fetching Sections details
INFO - 2020-10-18 00:00:44 --> Controller "App\Controllers\ClassDetails" loaded.
INFO - 2020-10-18 00:00:44 --> Fetching Sections details
INFO - 2020-10-18 00:01:56 --> Controller "App\Controllers\ClassDetails" loaded.
INFO - 2020-10-18 00:01:56 --> Fetching Sections details
INFO - 2020-10-18 00:02:00 --> Controller "App\Controllers\ClassDetails" loaded.
INFO - 2020-10-18 00:02:00 --> Fetching Sections details
INFO - 2020-10-18 00:02:04 --> Controller "App\Controllers\ClassDetails" loaded.
INFO - 2020-10-18 00:02:04 --> Fetching Sections details
INFO - 2020-10-18 00:02:05 --> Controller "App\Controllers\ClassDetails" loaded.
INFO - 2020-10-18 00:02:05 --> Fetching Sections details
INFO - 2020-10-18 00:04:11 --> Controller "App\Controllers\ClassDetails" loaded.
INFO - 2020-10-18 00:04:11 --> Fetching Sections details
INFO - 2020-10-18 00:04:11 --> Controller "App\Controllers\ClassDetails" loaded.
INFO - 2020-10-18 00:04:11 --> Fetching Sections details
INFO - 2020-10-18 00:04:14 --> Controller "App\Controllers\ClassDetails" loaded.
INFO - 2020-10-18 00:04:14 --> Fetching Sections details
INFO - 2020-10-18 00:06:41 --> Controller "App\Controllers\ClassDetails" loaded.
INFO - 2020-10-18 00:06:41 --> Fetching Sections details
INFO - 2020-10-18 00:06:44 --> Controller "App\Controllers\ClassDetails" loaded.
INFO - 2020-10-18 00:06:44 --> Fetching Sections details
INFO - 2020-10-18 00:15:17 --> Controller "App\Controllers\ClassDetails" loaded.
INFO - 2020-10-18 00:15:17 --> Fetching Sections details
INFO - 2020-10-18 00:15:43 --> Controller "App\Controllers\ClassDetails" loaded.
INFO - 2020-10-18 00:15:43 --> Fetching Sections details
INFO - 2020-10-18 00:15:46 --> Controller "App\Controllers\ClassDetails" loaded.
INFO - 2020-10-18 00:15:46 --> Fetching Sections details
INFO - 2020-10-18 00:19:05 --> Controller "App\Controllers\ClassDetails" loaded.
INFO - 2020-10-18 00:19:05 --> Fetching Sections details
INFO - 2020-10-18 00:19:09 --> Controller "App\Controllers\ClassDetails" loaded.
INFO - 2020-10-18 00:19:09 --> Fetching Sections details
INFO - 2020-10-18 00:20:43 --> Controller "App\Controllers\ClassDetails" loaded.
INFO - 2020-10-18 00:20:43 --> Fetching Sections details
INFO - 2020-10-18 00:20:49 --> Controller "App\Controllers\ClassDetails" loaded.
INFO - 2020-10-18 00:20:49 --> Fetching Sections details
INFO - 2020-10-18 00:23:16 --> Controller "App\Controllers\ClassDetails" loaded.
INFO - 2020-10-18 00:23:16 --> Fetching Sections details
INFO - 2020-10-18 00:24:47 --> Controller "App\Controllers\ClassDetails" loaded.
INFO - 2020-10-18 00:24:47 --> Fetching Sections details
INFO - 2020-10-18 00:27:30 --> Controller "App\Controllers\ClassDetails" loaded.
INFO - 2020-10-18 00:27:30 --> Fetching Sections details
INFO - 2020-10-18 00:27:33 --> Controller "App\Controllers\ClassDetails" loaded.
INFO - 2020-10-18 00:27:33 --> Fetching Sections details
INFO - 2020-10-18 00:27:54 --> Controller "App\Controllers\ClassDetails" loaded.
INFO - 2020-10-18 00:27:54 --> Fetching Sections details
INFO - 2020-10-18 00:35:01 --> Controller "App\Controllers\ClassDetails" loaded.
INFO - 2020-10-18 00:35:01 --> Fetching Sections details
INFO - 2020-10-18 00:35:01 --> Controller "App\Controllers\ClassDetails" loaded.
INFO - 2020-10-18 00:35:01 --> Fetching Sections details
INFO - 2020-10-18 00:35:04 --> Controller "App\Controllers\ClassDetails" loaded.
INFO - 2020-10-18 00:35:04 --> Fetching Sections details
INFO - 2020-10-18 00:35:04 --> Controller "App\Controllers\ClassDetails" loaded.
INFO - 2020-10-18 00:35:04 --> Fetching Sections details
INFO - 2020-10-18 00:36:01 --> Controller "App\Controllers\ClassDetails" loaded.
INFO - 2020-10-18 00:36:01 --> Fetching Sections details
INFO - 2020-10-18 00:54:56 --> Controller "App\Controllers\ClassDetails" loaded.
INFO - 2020-10-18 00:54:56 --> Fetching Sections details
INFO - 2020-10-18 01:10:13 --> Controller "App\Controllers\ClassDetails" loaded.
INFO - 2020-10-18 01:10:13 --> Fetching Sections details
INFO - 2020-10-18 01:14:02 --> Controller "App\Controllers\AttendanceDetails" loaded.
INFO - 2020-10-18 01:14:02 --> Controller "App\Controllers\Attendance" loaded.
INFO - 2020-10-18 01:14:02 --> Fetching Attendance details
INFO - 2020-10-18 01:14:02 --> Fetching Dashboard details
INFO - 2020-10-18 01:14:04 --> Controller "App\Controllers\Staffs" loaded.
INFO - 2020-10-18 01:14:04 --> Controller "App\Controllers\Students" loaded.
INFO - 2020-10-18 01:14:04 --> Fetching All staff details
INFO - 2020-10-18 01:14:04 --> Fetching All Leave details
INFO - 2020-10-18 01:14:04 --> Controller "App\Controllers\Attendance" loaded.
INFO - 2020-10-18 01:14:04 --> Controller "App\Controllers\Users" loaded.
INFO - 2020-10-18 01:14:04 --> Fetching All User details
INFO - 2020-10-18 01:14:09 --> Controller "App\Controllers\AttendanceDetails" loaded.
INFO - 2020-10-18 01:14:09 --> Fetching Attendance details
INFO - 2020-10-18 01:14:09 --> Controller "App\Controllers\Attendance" loaded.
INFO - 2020-10-18 01:14:09 --> Fetching Dashboard details
INFO - 2020-10-18 01:14:11 --> Controller "App\Controllers\Staffs" loaded.
INFO - 2020-10-18 01:14:11 --> Fetching All staff details
INFO - 2020-10-18 01:14:11 --> Controller "App\Controllers\Students" loaded.
INFO - 2020-10-18 01:14:11 --> Fetching All Leave details
INFO - 2020-10-18 01:14:11 --> Controller "App\Controllers\Attendance" loaded.
INFO - 2020-10-18 01:14:11 --> Controller "App\Controllers\Users" loaded.
INFO - 2020-10-18 01:14:11 --> Fetching All User details
INFO - 2020-10-18 01:14:21 --> Controller "App\Controllers\Attendance" loaded.
INFO - 2020-10-18 01:14:21 --> Fetching Dashboard details
INFO - 2020-10-18 01:14:21 --> Controller "App\Controllers\AttendanceDetails" loaded.
INFO - 2020-10-18 01:14:21 --> Fetching Attendance details
INFO - 2020-10-18 01:14:25 --> Controller "App\Controllers\ClassDetails" loaded.
INFO - 2020-10-18 01:14:25 --> Fetching Sections details
INFO - 2020-10-18 01:22:45 --> Controller "App\Controllers\ClassDetails" loaded.
INFO - 2020-10-18 01:22:45 --> Fetching Sections details
INFO - 2020-10-18 01:25:04 --> Controller "App\Controllers\ClassDetails" loaded.
INFO - 2020-10-18 01:25:04 --> Fetching Sections details
INFO - 2020-10-18 01:25:30 --> Controller "App\Controllers\ClassDetails" loaded.
INFO - 2020-10-18 01:25:30 --> Fetching Sections details
INFO - 2020-10-18 01:26:33 --> Controller "App\Controllers\ClassDetails" loaded.
INFO - 2020-10-18 01:26:33 --> Fetching Sections details
INFO - 2020-10-18 01:34:50 --> Controller "App\Controllers\ClassDetails" loaded.
INFO - 2020-10-18 01:34:50 --> Fetching Sections details
INFO - 2020-10-18 01:34:54 --> Controller "App\Controllers\ClassDetails" loaded.
INFO - 2020-10-18 01:34:54 --> Fetching Sections details
INFO - 2020-10-18 01:36:00 --> Controller "App\Controllers\ClassDetails" loaded.
INFO - 2020-10-18 01:36:00 --> Fetching Sections details
INFO - 2020-10-18 01:36:04 --> Controller "App\Controllers\ClassDetails" loaded.
INFO - 2020-10-18 01:36:04 --> Fetching Sections details
INFO - 2020-10-18 01:37:12 --> Controller "App\Controllers\ClassDetails" loaded.
INFO - 2020-10-18 01:37:12 --> Fetching Sections details
INFO - 2020-10-18 01:37:18 --> Controller "App\Controllers\ClassDetails" loaded.
INFO - 2020-10-18 01:37:18 --> Fetching Sections details
INFO - 2020-10-18 01:39:17 --> Controller "App\Controllers\ClassDetails" loaded.
INFO - 2020-10-18 01:39:17 --> Fetching Sections details
INFO - 2020-10-18 01:40:56 --> Controller "App\Controllers\ClassDetails" loaded.
INFO - 2020-10-18 01:40:56 --> Fetching Sections details
INFO - 2020-10-18 01:40:58 --> Controller "App\Controllers\ClassDetails" loaded.
INFO - 2020-10-18 01:40:58 --> Fetching Sections details
INFO - 2020-10-18 01:45:31 --> Controller "App\Controllers\ClassDetails" loaded.
INFO - 2020-10-18 01:45:31 --> Controller "App\Controllers\ClassDetails" loaded.
INFO - 2020-10-18 01:45:31 --> Fetching Sections details
INFO - 2020-10-18 01:45:31 --> Fetching Sections details
INFO - 2020-10-18 01:45:36 --> Controller "App\Controllers\ClassDetails" loaded.
INFO - 2020-10-18 01:45:36 --> Fetching Sections details
INFO - 2020-10-18 01:49:24 --> Controller "App\Controllers\ClassDetails" loaded.
INFO - 2020-10-18 01:49:24 --> Fetching Sections details
INFO - 2020-10-18 01:49:28 --> Controller "App\Controllers\ClassDetails" loaded.
INFO - 2020-10-18 01:49:28 --> Fetching Sections details
INFO - 2020-10-18 01:51:16 --> Controller "App\Controllers\ClassDetails" loaded.
INFO - 2020-10-18 01:51:16 --> Fetching Sections details
INFO - 2020-10-18 01:51:22 --> Controller "App\Controllers\ClassDetails" loaded.
INFO - 2020-10-18 01:51:22 --> Fetching Sections details
INFO - 2020-10-18 01:53:51 --> Controller "App\Controllers\ClassDetails" loaded.
INFO - 2020-10-18 01:53:51 --> Fetching Sections details
INFO - 2020-10-18 01:53:54 --> Controller "App\Controllers\ClassDetails" loaded.
INFO - 2020-10-18 01:53:54 --> Fetching Sections details
INFO - 2020-10-18 01:53:58 --> Controller "App\Controllers\ClassDetails" loaded.
INFO - 2020-10-18 01:53:58 --> Fetching Sections details
INFO - 2020-10-18 01:55:50 --> Controller "App\Controllers\ClassDetails" loaded.
INFO - 2020-10-18 01:55:50 --> Fetching Sections details
INFO - 2020-10-18 01:55:51 --> Controller "App\Controllers\ClassDetails" loaded.
INFO - 2020-10-18 01:55:51 --> Fetching Sections details
INFO - 2020-10-18 01:55:56 --> Controller "App\Controllers\ClassDetails" loaded.
INFO - 2020-10-18 01:55:56 --> Fetching Sections details
INFO - 2020-10-18 01:58:40 --> Controller "App\Controllers\ClassDetails" loaded.
INFO - 2020-10-18 01:58:40 --> Fetching Sections details
INFO - 2020-10-18 01:58:40 --> Controller "App\Controllers\ClassDetails" loaded.
INFO - 2020-10-18 01:58:40 --> Fetching Sections details
INFO - 2020-10-18 01:58:44 --> Controller "App\Controllers\ClassDetails" loaded.
INFO - 2020-10-18 01:58:44 --> Fetching Sections details
INFO - 2020-10-18 01:58:44 --> Controller "App\Controllers\ClassDetails" loaded.
INFO - 2020-10-18 01:58:44 --> Fetching Sections details
INFO - 2020-10-18 02:00:12 --> Controller "App\Controllers\ClassDetails" loaded.
INFO - 2020-10-18 02:00:12 --> Fetching Sections details
INFO - 2020-10-18 02:00:29 --> Controller "App\Controllers\ClassDetails" loaded.
INFO - 2020-10-18 02:00:29 --> Fetching Sections details
INFO - 2020-10-18 02:00:30 --> Controller "App\Controllers\ClassDetails" loaded.
INFO - 2020-10-18 02:00:30 --> Fetching Sections details
INFO - 2020-10-18 02:00:34 --> Controller "App\Controllers\ClassDetails" loaded.
INFO - 2020-10-18 02:00:34 --> Fetching Sections details
INFO - 2020-10-18 02:01:39 --> Controller "App\Controllers\ClassDetails" loaded.
INFO - 2020-10-18 02:01:39 --> Fetching Sections details
INFO - 2020-10-18 02:01:42 --> Controller "App\Controllers\ClassDetails" loaded.
INFO - 2020-10-18 02:01:42 --> Fetching Sections details
INFO - 2020-10-18 02:01:46 --> Controller "App\Controllers\ClassDetails" loaded.
INFO - 2020-10-18 02:01:46 --> Fetching Sections details
INFO - 2020-10-18 02:09:20 --> Controller "App\Controllers\ClassDetails" loaded.
INFO - 2020-10-18 02:09:20 --> Fetching Sections details
INFO - 2020-10-18 02:09:23 --> Controller "App\Controllers\ClassDetails" loaded.
INFO - 2020-10-18 02:09:23 --> Fetching Sections details
INFO - 2020-10-18 02:15:21 --> Controller "App\Controllers\ClassDetails" loaded.
INFO - 2020-10-18 02:15:21 --> Fetching Sections details
INFO - 2020-10-18 02:15:22 --> Controller "App\Controllers\ClassDetails" loaded.
INFO - 2020-10-18 02:15:22 --> Fetching Sections details
INFO - 2020-10-18 02:15:26 --> Controller "App\Controllers\ClassDetails" loaded.
INFO - 2020-10-18 02:15:26 --> Fetching Sections details
INFO - 2020-10-18 02:18:49 --> Controller "App\Controllers\ClassDetails" loaded.
INFO - 2020-10-18 02:18:49 --> Fetching Sections details
INFO - 2020-10-18 02:18:54 --> Controller "App\Controllers\ClassDetails" loaded.
INFO - 2020-10-18 02:18:54 --> Fetching Sections details
INFO - 2020-10-18 02:18:55 --> Controller "App\Controllers\ClassDetails" loaded.
INFO - 2020-10-18 02:18:55 --> Fetching Sections details
INFO - 2020-10-18 02:18:57 --> Controller "App\Controllers\ClassDetails" loaded.
INFO - 2020-10-18 02:18:57 --> Fetching Sections details
INFO - 2020-10-18 02:19:35 --> Controller "App\Controllers\ClassDetails" loaded.
INFO - 2020-10-18 02:19:35 --> Fetching Sections details
INFO - 2020-10-18 02:20:17 --> Controller "App\Controllers\ClassDetails" loaded.
INFO - 2020-10-18 02:20:17 --> Fetching Sections details
INFO - 2020-10-18 02:20:17 --> Controller "App\Controllers\ClassDetails" loaded.
INFO - 2020-10-18 02:20:17 --> Fetching Sections details
INFO - 2020-10-18 02:20:21 --> Controller "App\Controllers\ClassDetails" loaded.
INFO - 2020-10-18 02:20:21 --> Fetching Sections details
INFO - 2020-10-18 02:21:34 --> Controller "App\Controllers\MessageCenter" loaded.
INFO - 2020-10-18 02:21:34 --> Fetching MessageCenter details
INFO - 2020-10-18 02:28:20 --> Controller "App\Controllers\ClassDetails" loaded.
INFO - 2020-10-18 02:28:20 --> Fetching Sections details
INFO - 2020-10-18 02:28:20 --> Controller "App\Controllers\Staffs" loaded.
INFO - 2020-10-18 02:28:20 --> Fetching All staff details
INFO - 2020-10-18 02:28:20 --> Controller "App\Controllers\Staffs" loaded.
INFO - 2020-10-18 02:28:20 --> Controller "App\Controllers\ClassDetails" loaded.
INFO - 2020-10-18 02:28:20 --> Fetching All staff details
INFO - 2020-10-18 02:28:20 --> Fetching Sections details
INFO - 2020-10-18 02:30:11 --> Controller "App\Controllers\Staffs" loaded.
INFO - 2020-10-18 02:30:11 --> Controller "App\Controllers\ClassDetails" loaded.
INFO - 2020-10-18 02:30:11 --> Fetching All staff details
INFO - 2020-10-18 02:30:11 --> Fetching Sections details
INFO - 2020-10-18 02:30:12 --> Controller "App\Controllers\ClassDetails" loaded.
INFO - 2020-10-18 02:30:12 --> Fetching Sections details
INFO - 2020-10-18 02:30:12 --> Controller "App\Controllers\Staffs" loaded.
INFO - 2020-10-18 02:30:12 --> Fetching All staff details
INFO - 2020-10-18 02:34:41 --> Controller "App\Controllers\Staffs" loaded.
INFO - 2020-10-18 02:34:41 --> Fetching All staff details
INFO - 2020-10-18 02:34:41 --> Controller "App\Controllers\ClassDetails" loaded.
INFO - 2020-10-18 02:34:41 --> Fetching Sections details
INFO - 2020-10-18 02:37:13 --> Controller "App\Controllers\Staffs" loaded.
INFO - 2020-10-18 02:37:13 --> Controller "App\Controllers\ClassDetails" loaded.
INFO - 2020-10-18 02:37:13 --> Fetching All staff details
INFO - 2020-10-18 02:37:13 --> Fetching Sections details
INFO - 2020-10-18 02:38:26 --> Controller "App\Controllers\ClassDetails" loaded.
INFO - 2020-10-18 02:38:26 --> Controller "App\Controllers\Staffs" loaded.
INFO - 2020-10-18 02:38:26 --> Fetching Sections details
INFO - 2020-10-18 02:38:26 --> Fetching All staff details
INFO - 2020-10-18 02:46:08 --> Controller "App\Controllers\Staffs" loaded.
INFO - 2020-10-18 02:46:08 --> Fetching All staff details
INFO - 2020-10-18 02:46:08 --> Controller "App\Controllers\ClassDetails" loaded.
INFO - 2020-10-18 02:46:08 --> Fetching Sections details
INFO - 2020-10-18 02:48:37 --> Controller "App\Controllers\Staffs" loaded.
INFO - 2020-10-18 02:48:37 --> Controller "App\Controllers\ClassDetails" loaded.
INFO - 2020-10-18 02:48:37 --> Fetching All staff details
INFO - 2020-10-18 02:48:37 --> Fetching Sections details
INFO - 2020-10-18 02:54:00 --> Controller "App\Controllers\Staffs" loaded.
INFO - 2020-10-18 02:54:00 --> Controller "App\Controllers\ClassDetails" loaded.
INFO - 2020-10-18 02:54:00 --> Fetching All staff details
INFO - 2020-10-18 02:54:00 --> Fetching Sections details
INFO - 2020-10-18 02:55:19 --> Controller "App\Controllers\ClassDetails" loaded.
INFO - 2020-10-18 02:55:19 --> Controller "App\Controllers\Staffs" loaded.
INFO - 2020-10-18 02:55:19 --> Fetching All staff details
INFO - 2020-10-18 02:55:19 --> Fetching Sections details
INFO - 2020-10-18 03:00:08 --> Controller "App\Controllers\Staffs" loaded.
INFO - 2020-10-18 03:00:08 --> Controller "App\Controllers\ClassDetails" loaded.
INFO - 2020-10-18 03:00:08 --> Fetching All staff details
INFO - 2020-10-18 03:00:08 --> Fetching Sections details
INFO - 2020-10-18 03:00:38 --> Controller "App\Controllers\Staffs" loaded.
INFO - 2020-10-18 03:00:38 --> Controller "App\Controllers\ClassDetails" loaded.
INFO - 2020-10-18 03:00:38 --> Fetching All staff details
INFO - 2020-10-18 03:00:38 --> Fetching Sections details
INFO - 2020-10-18 03:02:10 --> Controller "App\Controllers\ClassDetails" loaded.
INFO - 2020-10-18 03:02:10 --> Controller "App\Controllers\Staffs" loaded.
INFO - 2020-10-18 03:02:10 --> Fetching All staff details
INFO - 2020-10-18 03:02:10 --> Fetching Sections details
INFO - 2020-10-18 03:20:41 --> Controller "App\Controllers\Staffs" loaded.
INFO - 2020-10-18 03:20:41 --> Controller "App\Controllers\ClassDetails" loaded.
INFO - 2020-10-18 03:20:42 --> Fetching All staff details
INFO - 2020-10-18 03:20:42 --> Fetching Sections details
INFO - 2020-10-18 03:24:12 --> Controller "App\Controllers\ClassDetails" loaded.
INFO - 2020-10-18 03:24:12 --> Controller "App\Controllers\Staffs" loaded.
INFO - 2020-10-18 03:24:12 --> Controller "App\Controllers\Staffs" loaded.
INFO - 2020-10-18 03:24:12 --> Controller "App\Controllers\ClassDetails" loaded.
INFO - 2020-10-18 03:24:12 --> Fetching All staff details
INFO - 2020-10-18 03:24:12 --> Fetching All staff details
INFO - 2020-10-18 03:24:13 --> Fetching Sections details
INFO - 2020-10-18 03:24:13 --> Fetching Sections details
INFO - 2020-10-18 03:25:24 --> Controller "App\Controllers\Staffs" loaded.
INFO - 2020-10-18 03:25:24 --> Controller "App\Controllers\ClassDetails" loaded.
INFO - 2020-10-18 03:25:24 --> Fetching All staff details
INFO - 2020-10-18 03:25:24 --> Fetching Sections details
INFO - 2020-10-18 03:25:25 --> Controller "App\Controllers\ClassDetails" loaded.
INFO - 2020-10-18 03:25:25 --> Controller "App\Controllers\Staffs" loaded.
INFO - 2020-10-18 03:25:25 --> Fetching All staff details
INFO - 2020-10-18 03:25:25 --> Fetching Sections details
INFO - 2020-10-18 03:35:11 --> Controller "App\Controllers\Staffs" loaded.
INFO - 2020-10-18 03:35:11 --> Controller "App\Controllers\ClassDetails" loaded.
INFO - 2020-10-18 03:35:11 --> Fetching All staff details
INFO - 2020-10-18 03:35:11 --> Fetching Sections details
INFO - 2020-10-18 03:50:12 --> Controller "App\Controllers\Staffs" loaded.
INFO - 2020-10-18 03:50:12 --> Controller "App\Controllers\ClassDetails" loaded.
INFO - 2020-10-18 03:50:12 --> Fetching All staff details
INFO - 2020-10-18 03:50:12 --> Fetching Sections details
INFO - 2020-10-18 03:54:52 --> Controller "App\Controllers\Staffs" loaded.
INFO - 2020-10-18 03:54:52 --> Controller "App\Controllers\ClassDetails" loaded.
INFO - 2020-10-18 03:54:52 --> Fetching All staff details
INFO - 2020-10-18 03:54:52 --> Fetching Sections details
INFO - 2020-10-18 03:54:53 --> Controller "App\Controllers\Staffs" loaded.
INFO - 2020-10-18 03:54:53 --> Controller "App\Controllers\ClassDetails" loaded.
INFO - 2020-10-18 03:54:53 --> Fetching All staff details
INFO - 2020-10-18 03:54:53 --> Fetching Sections details
INFO - 2020-10-18 03:55:18 --> Controller "App\Controllers\Staffs" loaded.
INFO - 2020-10-18 03:55:18 --> Controller "App\Controllers\ClassDetails" loaded.
INFO - 2020-10-18 03:55:18 --> Fetching All staff details
INFO - 2020-10-18 03:55:18 --> Fetching Sections details
INFO - 2020-10-18 03:55:22 --> Controller "App\Controllers\Staffs" loaded.
INFO - 2020-10-18 03:55:22 --> Controller "App\Controllers\ClassDetails" loaded.
INFO - 2020-10-18 03:55:22 --> Fetching All staff details
INFO - 2020-10-18 03:55:22 --> Fetching Sections details
INFO - 2020-10-18 03:56:12 --> Controller "App\Controllers\ClassDetails" loaded.
INFO - 2020-10-18 03:56:12 --> Controller "App\Controllers\Staffs" loaded.
INFO - 2020-10-18 03:56:12 --> Controller "App\Controllers\ClassDetails" loaded.
INFO - 2020-10-18 03:56:12 --> Controller "App\Controllers\Staffs" loaded.
INFO - 2020-10-18 03:56:12 --> Fetching All staff details
INFO - 2020-10-18 03:56:12 --> Fetching All staff details
INFO - 2020-10-18 03:56:12 --> Fetching Sections details
INFO - 2020-10-18 03:56:12 --> Fetching Sections details
INFO - 2020-10-18 04:00:19 --> Controller "App\Controllers\Staffs" loaded.
INFO - 2020-10-18 04:00:19 --> Controller "App\Controllers\ClassDetails" loaded.
INFO - 2020-10-18 04:00:19 --> Fetching All staff details
INFO - 2020-10-18 04:00:19 --> Fetching Sections details
INFO - 2020-10-18 04:25:56 --> Controller "App\Controllers\Users" loaded.
INFO - 2020-10-18 04:25:56 --> Fetching Users details
INFO - 2020-10-18 04:26:05 --> Controller "App\Controllers\Users" loaded.
INFO - 2020-10-18 04:26:05 --> Fetching Users details
INFO - 2020-10-18 04:35:04 --> Controller "App\Controllers\Staffs" loaded.
INFO - 2020-10-18 04:35:04 --> Controller "App\Controllers\ClassDetails" loaded.
INFO - 2020-10-18 04:35:04 --> Fetching All staff details
INFO - 2020-10-18 04:35:04 --> Fetching Sections details
INFO - 2020-10-18 04:40:17 --> Controller "App\Controllers\Staffs" loaded.
INFO - 2020-10-18 04:40:17 --> Controller "App\Controllers\ClassDetails" loaded.
INFO - 2020-10-18 04:40:17 --> Fetching All staff details
INFO - 2020-10-18 04:40:17 --> Fetching Sections details
INFO - 2020-10-18 04:40:17 --> Controller "App\Controllers\Staffs" loaded.
INFO - 2020-10-18 04:40:17 --> Controller "App\Controllers\ClassDetails" loaded.
INFO - 2020-10-18 04:40:17 --> Fetching All staff details
INFO - 2020-10-18 04:40:17 --> Fetching Sections details
INFO - 2020-10-18 04:41:10 --> Controller "App\Controllers\ClassDetails" loaded.
INFO - 2020-10-18 04:41:10 --> Controller "App\Controllers\Staffs" loaded.
INFO - 2020-10-18 04:41:10 --> Fetching Sections details
INFO - 2020-10-18 04:41:10 --> Fetching All staff details
INFO - 2020-10-18 04:42:54 --> Controller "App\Controllers\Staffs" loaded.
INFO - 2020-10-18 04:42:54 --> Fetching All staff details
INFO - 2020-10-18 04:42:54 --> Controller "App\Controllers\ClassDetails" loaded.
INFO - 2020-10-18 04:42:54 --> Fetching Sections details
INFO - 2020-10-18 04:45:23 --> Controller "App\Controllers\Staffs" loaded.
INFO - 2020-10-18 04:45:23 --> Controller "App\Controllers\ClassDetails" loaded.
INFO - 2020-10-18 04:45:23 --> Fetching All staff details
INFO - 2020-10-18 04:45:23 --> Fetching Sections details
INFO - 2020-10-18 04:45:23 --> Controller "App\Controllers\Staffs" loaded.
INFO - 2020-10-18 04:45:23 --> Controller "App\Controllers\ClassDetails" loaded.
INFO - 2020-10-18 04:45:23 --> Fetching All staff details
INFO - 2020-10-18 04:45:23 --> Fetching Sections details
INFO - 2020-10-18 04:46:22 --> Controller "App\Controllers\ClassDetails" loaded.
INFO - 2020-10-18 04:46:22 --> Fetching Sections details
INFO - 2020-10-18 05:07:13 --> Controller "App\Controllers\ClassDetails" loaded.
INFO - 2020-10-18 05:07:13 --> Controller "App\Controllers\Staffs" loaded.
INFO - 2020-10-18 05:07:13 --> Fetching Sections details
INFO - 2020-10-18 05:07:13 --> Fetching All staff details
INFO - 2020-10-18 05:18:13 --> Controller "App\Controllers\ClassDetails" loaded.
INFO - 2020-10-18 05:18:13 --> Controller "App\Controllers\Staffs" loaded.
INFO - 2020-10-18 05:18:13 --> Fetching All staff details
INFO - 2020-10-18 05:18:13 --> Fetching Sections details
INFO - 2020-10-18 05:18:13 --> Controller "App\Controllers\Staffs" loaded.
INFO - 2020-10-18 05:18:13 --> Controller "App\Controllers\ClassDetails" loaded.
INFO - 2020-10-18 05:18:13 --> Fetching All staff details
INFO - 2020-10-18 05:18:13 --> Fetching Sections details
INFO - 2020-10-18 05:20:09 --> Controller "App\Controllers\ClassDetails" loaded.
INFO - 2020-10-18 05:20:09 --> Controller "App\Controllers\Staffs" loaded.
INFO - 2020-10-18 05:20:09 --> Controller "App\Controllers\Staffs" loaded.
INFO - 2020-10-18 05:20:09 --> Controller "App\Controllers\ClassDetails" loaded.
INFO - 2020-10-18 05:20:09 --> Fetching All staff details
INFO - 2020-10-18 05:20:09 --> Fetching All staff details
INFO - 2020-10-18 05:20:09 --> Fetching Sections details
INFO - 2020-10-18 05:20:09 --> Fetching Sections details
INFO - 2020-10-18 05:23:52 --> Controller "App\Controllers\Staffs" loaded.
INFO - 2020-10-18 05:23:52 --> Controller "App\Controllers\ClassDetails" loaded.
INFO - 2020-10-18 05:23:52 --> Fetching All staff details
INFO - 2020-10-18 05:23:52 --> Fetching Sections details
INFO - 2020-10-18 05:23:52 --> Controller "App\Controllers\ClassDetails" loaded.
INFO - 2020-10-18 05:23:52 --> Controller "App\Controllers\Staffs" loaded.
INFO - 2020-10-18 05:23:52 --> Fetching All staff details
INFO - 2020-10-18 05:23:52 --> Fetching Sections details
INFO - 2020-10-18 05:25:14 --> Controller "App\Controllers\Staffs" loaded.
INFO - 2020-10-18 05:25:14 --> Controller "App\Controllers\ClassDetails" loaded.
INFO - 2020-10-18 05:25:14 --> Fetching All staff details
INFO - 2020-10-18 05:25:14 --> Fetching Sections details
INFO - 2020-10-18 05:29:43 --> Controller "App\Controllers\StudentDetails" loaded.
INFO - 2020-10-18 05:29:43 --> Controller "App\Controllers\Boards" loaded.
INFO - 2020-10-18 05:29:43 --> Controller "App\Controllers\Students" loaded.
INFO - 2020-10-18 05:29:43 --> Controller "App\Controllers\Categories" loaded.
INFO - 2020-10-18 05:29:43 --> Controller "App\Controllers\ClassDetails" loaded.
INFO - 2020-10-18 05:29:44 --> Fetching Boards details
INFO - 2020-10-18 05:29:44 --> Fetching Category details
INFO - 2020-10-18 05:29:44 --> Fetching All Leave details
INFO - 2020-10-18 05:29:44 --> Fetching All Leave details
INFO - 2020-10-18 05:29:44 --> Fetching Sections details
INFO - 2020-10-18 05:55:00 --> Controller "App\Controllers\StaffDetails" loaded.
INFO - 2020-10-18 05:55:00 --> Controller "App\Controllers\StaffDetails" loaded.
INFO - 2020-10-18 05:55:00 --> Controller "App\Controllers\Staffs" loaded.
INFO - 2020-10-18 05:55:00 --> Controller "App\Controllers\StaffDetails" loaded.
INFO - 2020-10-18 05:55:00 --> Controller "App\Controllers\Boards" loaded.
INFO - 2020-10-18 05:55:00 --> Controller "App\Controllers\Sections" loaded.
INFO - 2020-10-18 05:55:00 --> Fetching Department details
INFO - 2020-10-18 05:55:00 --> Fetching All Leave details
INFO - 2020-10-18 05:55:00 --> Fetching All Leave details
INFO - 2020-10-18 05:55:00 --> Fetching Boards details
INFO - 2020-10-18 05:55:00 --> Fetching Sections details
INFO - 2020-10-18 05:55:00 --> Fetching All staff details
INFO - 2020-10-18 05:55:00 --> Controller "App\Controllers\StaffDetails" loaded.
INFO - 2020-10-18 05:55:00 --> Fetching Department details
INFO - 2020-10-18 05:55:23 --> Controller "App\Controllers\Boards" loaded.
INFO - 2020-10-18 05:55:23 --> Fetching Boards details
INFO - 2020-10-18 05:55:23 --> Controller "App\Controllers\Students" loaded.
INFO - 2020-10-18 05:55:23 --> Controller "App\Controllers\StudentDetails" loaded.
INFO - 2020-10-18 05:55:23 --> Fetching All Leave details
INFO - 2020-10-18 05:55:23 --> Controller "App\Controllers\Categories" loaded.
INFO - 2020-10-18 05:55:23 --> Controller "App\Controllers\ClassDetails" loaded.
INFO - 2020-10-18 05:55:23 --> Fetching Category details
INFO - 2020-10-18 05:55:23 --> Fetching All Leave details
INFO - 2020-10-18 05:55:23 --> Fetching Sections details
INFO - 2020-10-18 05:58:40 --> Controller "App\Controllers\Users" loaded.
INFO - 2020-10-18 05:58:40 --> Fetching Users details
INFO - 2020-10-18 05:58:45 --> Controller "App\Controllers\Users" loaded.
INFO - 2020-10-18 05:58:45 --> Fetching Users details
INFO - 2020-10-18 06:00:07 --> Controller "App\Controllers\Users" loaded.
INFO - 2020-10-18 06:00:07 --> Fetching Users details
INFO - 2020-10-18 06:00:12 --> Controller "App\Controllers\Users" loaded.
INFO - 2020-10-18 06:00:12 --> Fetching Users details
INFO - 2020-10-18 06:16:05 --> Controller "App\Controllers\Users" loaded.
INFO - 2020-10-18 06:16:05 --> Fetching Users details
INFO - 2020-10-18 06:16:09 --> Controller "App\Controllers\Users" loaded.
INFO - 2020-10-18 06:16:09 --> Fetching Users details
INFO - 2020-10-18 07:00:18 --> Controller "App\Controllers\Boards" loaded.
INFO - 2020-10-18 07:00:18 --> Fetching Boards details
INFO - 2020-10-18 07:00:18 --> Controller "App\Controllers\Students" loaded.
INFO - 2020-10-18 07:00:18 --> Controller "App\Controllers\StudentDetails" loaded.
INFO - 2020-10-18 07:00:18 --> Controller "App\Controllers\Categories" loaded.
INFO - 2020-10-18 07:00:18 --> Controller "App\Controllers\ClassDetails" loaded.
INFO - 2020-10-18 07:00:18 --> Fetching All Leave details
INFO - 2020-10-18 07:00:18 --> Fetching Category details
INFO - 2020-10-18 07:00:18 --> Fetching All Leave details
INFO - 2020-10-18 07:00:18 --> Fetching Sections details
INFO - 2020-10-18 07:00:29 --> Controller "App\Controllers\Students" loaded.
INFO - 2020-10-18 07:00:29 --> Controller "App\Controllers\ExamDetails" loaded.
INFO - 2020-10-18 07:00:29 --> Fetching All Leave details
INFO - 2020-10-18 07:00:29 --> Fetching Exam Details details
INFO - 2020-10-18 07:00:29 --> Controller "App\Controllers\ExamsAttendance" loaded.
INFO - 2020-10-18 07:00:29 --> Fetching Exam Details details
INFO - 2020-10-18 09:19:34 --> Controller "App\Controllers\ExamDetails" loaded.
INFO - 2020-10-18 09:19:34 --> Fetching Circular Details details
INFO - 2020-10-18 09:39:42 --> Controller "App\Controllers\ExamsTimetable" loaded.
INFO - 2020-10-18 09:39:42 --> Controller "App\Controllers\ExamDetails" loaded.
INFO - 2020-10-18 09:39:42 --> Fetching Exam Details details
INFO - 2020-10-18 09:39:42 --> Fetching Circular Details details
INFO - 2020-10-18 09:39:42 --> Controller "App\Controllers\ExamsTimetable" loaded.
INFO - 2020-10-18 09:39:42 --> Controller "App\Controllers\ExamDetails" loaded.
INFO - 2020-10-18 09:39:42 --> Fetching Circular Details details
INFO - 2020-10-18 09:39:42 --> Fetching Exam Hallticket Details details
INFO - 2020-10-18 09:40:02 --> Controller "App\Controllers\ExamsOnline" loaded.
INFO - 2020-10-18 09:40:02 --> Fetching Online Exam Details details
INFO - 2020-10-18 09:40:15 --> Controller "App\Controllers\ExamsOnline" loaded.
INFO - 2020-10-18 09:40:15 --> Fetching Online Exam Details details
INFO - 2020-10-18 09:40:55 --> Controller "App\Controllers\ExamsOnline" loaded.
INFO - 2020-10-18 09:40:55 --> Fetching Online Exam Details details
INFO - 2020-10-18 10:20:08 --> Controller "App\Controllers\ExamsOnline" loaded.
INFO - 2020-10-18 10:20:08 --> Fetching Online Exam Details details
INFO - 2020-10-18 10:52:29 --> Controller "App\Controllers\Boards" loaded.
INFO - 2020-10-18 10:52:29 --> Fetching Boards details
INFO - 2020-10-18 10:52:29 --> Controller "App\Controllers\ExamsOnline" loaded.
INFO - 2020-10-18 10:52:29 --> Controller "App\Controllers\Academicyears" loaded.
INFO - 2020-10-18 10:52:29 --> Fetching Academic year details
INFO - 2020-10-18 10:52:29 --> Controller "App\Controllers\Sections" loaded.
INFO - 2020-10-18 10:52:29 --> Controller "App\Controllers\QuestionbankChapters" loaded.
INFO - 2020-10-18 10:52:29 --> Fetching Sections details
INFO - 2020-10-18 10:52:29 --> Fetching Assignments Details details
INFO - 2020-10-18 10:52:29 --> Fetching Online Exam Details details
INFO - 2020-10-18 10:52:30 --> Controller "App\Controllers\Sections" loaded.
INFO - 2020-10-18 10:52:30 --> Fetching Sections details
INFO - 2020-10-18 10:59:12 --> Controller "App\Controllers\ExamsOnline" loaded.
INFO - 2020-10-18 10:59:12 --> Fetching Online Exam Details details
INFO - 2020-10-18 10:59:17 --> Controller "App\Controllers\ExamDetails" loaded.
INFO - 2020-10-18 10:59:17 --> Fetching Circular Details details
INFO - 2020-10-18 12:06:16 --> Controller "App\Controllers\ExamsOnline" loaded.
INFO - 2020-10-18 12:06:16 --> Fetching Online Exam Details details
INFO - 2020-10-18 12:08:34 --> Controller "App\Controllers\ExamsOnline" loaded.
INFO - 2020-10-18 12:08:34 --> Fetching Online Exam Details details
INFO - 2020-10-18 12:08:34 --> Controller "App\Controllers\ExamDetails" loaded.
INFO - 2020-10-18 12:08:34 --> Fetching Circular Details details
INFO - 2020-10-18 12:17:20 --> Controller "App\Controllers\ExamsOnline" loaded.
INFO - 2020-10-18 12:17:20 --> Fetching Online Exam Details details
INFO - 2020-10-18 12:17:21 --> Controller "App\Controllers\ExamDetails" loaded.
INFO - 2020-10-18 12:17:21 --> Fetching Circular Details details
INFO - 2020-10-18 18:58:27 --> Controller "App\Controllers\Students" loaded.
INFO - 2020-10-18 18:58:27 --> Fetching All Leave details
INFO - 2020-10-18 21:34:02 --> Controller "App\Controllers\ExamsOnline" loaded.
INFO - 2020-10-18 21:34:02 --> Fetching Online Exam Details details
INFO - 2020-10-18 21:34:06 --> Controller "App\Controllers\ExamDetails" loaded.
INFO - 2020-10-18 21:34:06 --> Fetching Circular Details details
INFO - 2020-10-18 21:34:08 --> Controller "App\Controllers\ExamsTimetable" loaded.
INFO - 2020-10-18 21:34:08 --> Controller "App\Controllers\ExamDetails" loaded.
INFO - 2020-10-18 21:34:08 --> Fetching Exam Details details
INFO - 2020-10-18 21:34:08 --> Controller "App\Controllers\ExamDetails" loaded.
INFO - 2020-10-18 21:34:08 --> Fetching Exam Details details
INFO - 2020-10-18 21:34:08 --> Fetching Circular Details details
INFO - 2020-10-18 21:44:28 --> Controller "App\Controllers\ExamsTimetable" loaded.
INFO - 2020-10-18 21:44:28 --> Controller "App\Controllers\ExamDetails" loaded.
INFO - 2020-10-18 21:44:28 --> Fetching Exam Details details
INFO - 2020-10-18 21:44:28 --> Controller "App\Controllers\ExamDetails" loaded.
INFO - 2020-10-18 21:44:28 --> Fetching Circular Details details
INFO - 2020-10-18 21:44:28 --> Fetching Exam Details details
INFO - 2020-10-18 21:46:44 --> Controller "App\Controllers\ExamsTimetable" loaded.
INFO - 2020-10-18 21:46:44 --> Fetching Exam Details details
INFO - 2020-10-18 21:46:44 --> Controller "App\Controllers\ExamDetails" loaded.
INFO - 2020-10-18 21:46:44 --> Controller "App\Controllers\ExamDetails" loaded.
INFO - 2020-10-18 21:46:44 --> Fetching Circular Details details
INFO - 2020-10-18 21:46:44 --> Fetching Exam Details details
INFO - 2020-10-18 21:52:50 --> Controller "App\Controllers\ExamDetails" loaded.
INFO - 2020-10-18 21:52:50 --> Controller "App\Controllers\ExamDetails" loaded.
INFO - 2020-10-18 21:52:50 --> Fetching Exam Details details
INFO - 2020-10-18 21:52:50 --> Fetching Circular Details details
INFO - 2020-10-18 21:52:50 --> Controller "App\Controllers\ExamsTimetable" loaded.
INFO - 2020-10-18 21:52:50 --> Fetching Exam Details details
INFO - 2020-10-18 21:59:52 --> Controller "App\Controllers\ExamDetails" loaded.
INFO - 2020-10-18 21:59:52 --> Controller "App\Controllers\ExamDetails" loaded.
INFO - 2020-10-18 21:59:52 --> Fetching Circular Details details
INFO - 2020-10-18 21:59:52 --> Fetching Exam Details details
INFO - 2020-10-18 21:59:52 --> Controller "App\Controllers\ExamsTimetable" loaded.
INFO - 2020-10-18 21:59:52 --> Fetching Exam Details details
INFO - 2020-10-18 22:00:49 --> Controller "App\Controllers\ExamDetails" loaded.
INFO - 2020-10-18 22:00:49 --> Controller "App\Controllers\ExamDetails" loaded.
INFO - 2020-10-18 22:00:49 --> Controller "App\Controllers\ExamsTimetable" loaded.
INFO - 2020-10-18 22:00:49 --> Fetching Circular Details details
INFO - 2020-10-18 22:00:49 --> Fetching Exam Details details
INFO - 2020-10-18 22:00:49 --> Fetching Exam Details details
INFO - 2020-10-18 22:03:06 --> Controller "App\Controllers\ExamsTimetable" loaded.
INFO - 2020-10-18 22:03:06 --> Controller "App\Controllers\ExamDetails" loaded.
INFO - 2020-10-18 22:03:06 --> Fetching Exam Details details
INFO - 2020-10-18 22:03:06 --> Controller "App\Controllers\ExamDetails" loaded.
INFO - 2020-10-18 22:03:06 --> Fetching Circular Details details
INFO - 2020-10-18 22:03:06 --> Fetching Exam Details details
INFO - 2020-10-18 22:04:09 --> Controller "App\Controllers\ExamsOnline" loaded.
INFO - 2020-10-18 22:04:09 --> Fetching Online Exam Details details
INFO - 2020-10-18 22:04:13 --> Controller "App\Controllers\ExamDetails" loaded.
INFO - 2020-10-18 22:04:13 --> Fetching Circular Details details
INFO - 2020-10-18 22:04:15 --> Controller "App\Controllers\ExamDetails" loaded.
INFO - 2020-10-18 22:04:15 --> Fetching Circular Details details
INFO - 2020-10-18 22:04:15 --> Controller "App\Controllers\ExamDetails" loaded.
INFO - 2020-10-18 22:04:15 --> Fetching Exam Details details
INFO - 2020-10-18 22:04:15 --> Controller "App\Controllers\ExamsTimetable" loaded.
INFO - 2020-10-18 22:04:15 --> Fetching Exam Details details
INFO - 2020-10-18 22:06:20 --> Controller "App\Controllers\ExamsTimetable" loaded.
INFO - 2020-10-18 22:06:20 --> Fetching Exam Hallticket Details details
INFO - 2020-10-18 22:06:43 --> Controller "App\Controllers\ExamDetails" loaded.
INFO - 2020-10-18 22:06:43 --> Fetching Circular Details details
INFO - 2020-10-18 22:07:11 --> Controller "App\Controllers\ExamsOnline" loaded.
INFO - 2020-10-18 22:07:11 --> Fetching Online Exam Details details
INFO - 2020-10-18 22:07:16 --> Controller "App\Controllers\ExamDetails" loaded.
INFO - 2020-10-18 22:07:16 --> Fetching Circular Details details
INFO - 2020-10-18 22:11:53 --> Controller "App\Controllers\Boards" loaded.
INFO - 2020-10-18 22:11:53 --> Fetching Boards details
INFO - 2020-10-18 22:11:53 --> Controller "App\Controllers\Sections" loaded.
INFO - 2020-10-18 22:11:54 --> Fetching Sections details
INFO - 2020-10-18 22:11:54 --> Controller "App\Controllers\QuestionbankChapters" loaded.
INFO - 2020-10-18 22:11:54 --> Fetching Assignments Details details
INFO - 2020-10-18 22:11:54 --> Controller "App\Controllers\Academicyears" loaded.
INFO - 2020-10-18 22:11:54 --> Fetching Academic year details
INFO - 2020-10-18 22:11:54 --> Controller "App\Controllers\Sections" loaded.
INFO - 2020-10-18 22:11:54 --> Controller "App\Controllers\ExamsOnline" loaded.
INFO - 2020-10-18 22:11:54 --> Fetching Sections details
INFO - 2020-10-18 22:11:54 --> Fetching Online Exam Details details
INFO - 2020-10-18 22:11:57 --> Controller "App\Controllers\ExamsOnline" loaded.
INFO - 2020-10-18 22:11:57 --> Fetching Online Exam Details details
INFO - 2020-10-18 22:14:19 --> Controller "App\Controllers\ExamDetails" loaded.
INFO - 2020-10-18 22:14:19 --> Fetching Circular Details details
INFO - 2020-10-18 22:14:23 --> Controller "App\Controllers\ExamsOnline" loaded.
INFO - 2020-10-18 22:14:23 --> Fetching Online Exam Details details
INFO - 2020-10-18 22:14:27 --> Controller "App\Controllers\ExamsTimetable" loaded.
INFO - 2020-10-18 22:14:27 --> Fetching Exam Details details
INFO - 2020-10-18 22:14:34 --> Controller "App\Controllers\ExamsOnline" loaded.
INFO - 2020-10-18 22:14:34 --> Fetching Online Exam Details details
INFO - 2020-10-18 22:14:38 --> Controller "App\Controllers\ExamsOnline" loaded.
INFO - 2020-10-18 22:14:38 --> Fetching Online Exam Details details
INFO - 2020-10-18 22:14:42 --> Controller "App\Controllers\ExamsOnline" loaded.
INFO - 2020-10-18 22:14:42 --> Fetching Online Exam Details details
INFO - 2020-10-18 22:17:07 --> Controller "App\Controllers\Sections" loaded.
INFO - 2020-10-18 22:17:07 --> Controller "App\Controllers\ExamsOnline" loaded.
INFO - 2020-10-18 22:17:07 --> Fetching Online Exam Details details
INFO - 2020-10-18 22:17:07 --> Fetching Sections details
INFO - 2020-10-18 22:36:10 --> Controller "App\Controllers\ExamsOnline" loaded.
INFO - 2020-10-18 22:36:10 --> Fetching Online Exam Details details
INFO - 2020-10-18 22:36:12 --> Controller "App\Controllers\ExamDetails" loaded.
INFO - 2020-10-18 22:36:12 --> Fetching Circular Details details
INFO - 2020-10-18 23:09:13 --> Controller "App\Controllers\Boards" loaded.
INFO - 2020-10-18 23:09:13 --> Controller "App\Controllers\QuestionbankChapters" loaded.
INFO - 2020-10-18 23:09:13 --> Controller "App\Controllers\Academicyears" loaded.
INFO - 2020-10-18 23:09:13 --> Controller "App\Controllers\ExamsOnline" loaded.
INFO - 2020-10-18 23:09:13 --> Fetching Boards details
INFO - 2020-10-18 23:09:13 --> Controller "App\Controllers\Sections" loaded.
INFO - 2020-10-18 23:09:13 --> Fetching Assignments Details details
INFO - 2020-10-18 23:09:13 --> Fetching Academic year details
INFO - 2020-10-18 23:09:13 --> Fetching Online Exam Details details
INFO - 2020-10-18 23:09:13 --> Fetching Sections details
INFO - 2020-10-18 23:09:14 --> Controller "App\Controllers\Sections" loaded.
INFO - 2020-10-18 23:09:14 --> Fetching Sections details
INFO - 2020-10-18 23:09:18 --> Controller "App\Controllers\ExamsOnline" loaded.
INFO - 2020-10-18 23:09:18 --> Fetching Online Exam Details details
INFO - 2020-10-18 23:09:27 --> Controller "App\Controllers\ExamDetails" loaded.
INFO - 2020-10-18 23:09:27 --> Fetching Circular Details details
INFO - 2020-10-18 23:09:57 --> Controller "App\Controllers\ExamsOnline" loaded.
INFO - 2020-10-18 23:09:57 --> Fetching Online Exam Details details
INFO - 2020-10-18 23:17:07 --> Controller "App\Controllers\ExamDetails" loaded.
INFO - 2020-10-18 23:17:07 --> Fetching Circular Details details
INFO - 2020-10-18 23:17:32 --> Controller "App\Controllers\ExamDetails" loaded.
INFO - 2020-10-18 23:17:32 --> Controller "App\Controllers\ExamDetails" loaded.
INFO - 2020-10-18 23:17:32 --> Fetching Exam Details details
INFO - 2020-10-18 23:17:32 --> Fetching Circular Details details
INFO - 2020-10-18 23:18:02 --> Controller "App\Controllers\Users" loaded.
INFO - 2020-10-18 23:18:02 --> Fetching Users details
INFO - 2020-10-18 23:18:08 --> Controller "App\Controllers\Users" loaded.
INFO - 2020-10-18 23:18:10 --> Controller "App\Controllers\Users" loaded.
INFO - 2020-10-18 23:18:11 --> Controller "App\Controllers\Users" loaded.
INFO - 2020-10-18 23:18:12 --> Controller "App\Controllers\Users" loaded.
INFO - 2020-10-18 23:18:14 --> Controller "App\Controllers\Users" loaded.
INFO - 2020-10-18 23:18:17 --> Controller "App\Controllers\Users" loaded.
INFO - 2020-10-18 23:18:18 --> Fetching Users details
INFO - 2020-10-18 23:18:23 --> Controller "App\Controllers\Boards" loaded.
INFO - 2020-10-18 23:18:23 --> Fetching Boards details
INFO - 2020-10-18 23:18:23 --> Controller "App\Controllers\Categories" loaded.
INFO - 2020-10-18 23:18:23 --> Controller "App\Controllers\ClassDetails" loaded.
INFO - 2020-10-18 23:18:23 --> Controller "App\Controllers\StudentDetails" loaded.
INFO - 2020-10-18 23:18:23 --> Fetching Category details
INFO - 2020-10-18 23:18:23 --> Controller "App\Controllers\Students" loaded.
INFO - 2020-10-18 23:18:23 --> Fetching All Leave details
INFO - 2020-10-18 23:18:23 --> Fetching All Leave details
INFO - 2020-10-18 23:18:24 --> Fetching Sections details
INFO - 2020-10-18 23:18:36 --> Controller "App\Controllers\ExamsOnline" loaded.
INFO - 2020-10-18 23:18:36 --> Controller "App\Controllers\Sections" loaded.
INFO - 2020-10-18 23:18:36 --> Fetching Sections details
INFO - 2020-10-18 23:18:36 --> Fetching Online Exam Details details
INFO - 2020-10-18 23:18:54 --> Controller "App\Controllers\ExamsOnline" loaded.
INFO - 2020-10-18 23:18:54 --> Fetching Online Exam Details details
INFO - 2020-10-18 23:19:01 --> Controller "App\Controllers\ExamDetails" loaded.
INFO - 2020-10-18 23:19:01 --> Fetching Circular Details details
INFO - 2020-10-18 23:32:22 --> Controller "App\Controllers\ExamDetails" loaded.
INFO - 2020-10-18 23:32:22 --> Controller "App\Controllers\ExamDetails" loaded.
INFO - 2020-10-18 23:32:22 --> Fetching Exam Details details
INFO - 2020-10-18 23:32:22 --> Fetching Circular Details details
INFO - 2020-10-18 23:32:32 --> Controller "App\Controllers\ExamDetails" loaded.
INFO - 2020-10-18 23:32:32 --> Controller "App\Controllers\ExamDetails" loaded.
INFO - 2020-10-18 23:32:32 --> Fetching Exam Details details
INFO - 2020-10-18 23:34:59 --> Controller "App\Controllers\ExamDetails" loaded.
INFO - 2020-10-18 23:34:59 --> Controller "App\Controllers\ExamDetails" loaded.
INFO - 2020-10-18 23:34:59 --> Fetching Circular Details details
INFO - 2020-10-18 23:35:11 --> Controller "App\Controllers\ExamDetails" loaded.
INFO - 2020-10-18 23:35:11 --> Fetching Circular Details details
INFO - 2020-10-18 23:35:14 --> Controller "App\Controllers\ExamDetails" loaded.
INFO - 2020-10-18 23:35:14 --> Fetching Circular Details details
INFO - 2020-10-18 23:35:31 --> Controller "App\Controllers\ExamDetails" loaded.
INFO - 2020-10-18 23:35:32 --> Controller "App\Controllers\ExamDetails" loaded.
INFO - 2020-10-18 23:35:32 --> Fetching Circular Details details
INFO - 2020-10-18 23:35:51 --> Controller "App\Controllers\ExamDetails" loaded.
INFO - 2020-10-18 23:35:51 --> Fetching Circular Details details
INFO - 2020-10-18 23:37:02 --> Controller "App\Controllers\ExamDetails" loaded.
INFO - 2020-10-18 23:37:02 --> Fetching Circular Details details
INFO - 2020-10-18 23:37:02 --> Controller "App\Controllers\ExamDetails" loaded.
INFO - 2020-10-18 23:37:02 --> Fetching Exam Details details
INFO - 2020-10-18 23:37:02 --> Controller "App\Controllers\ExamsTimetable" loaded.
INFO - 2020-10-18 23:37:02 --> Fetching Exam Details details
INFO - 2020-10-18 23:37:05 --> Controller "App\Controllers\ExamsTimetable" loaded.
INFO - 2020-10-18 23:37:05 --> Fetching Exam Hallticket Details details
INFO - 2020-10-18 23:37:07 --> Controller "App\Controllers\ExamDetails" loaded.
INFO - 2020-10-18 23:37:07 --> Fetching Circular Details details
INFO - 2020-10-18 23:37:12 --> Controller "App\Controllers\ExamDetails" loaded.
INFO - 2020-10-18 23:37:12 --> Fetching Circular Details details
INFO - 2020-10-18 23:37:15 --> Controller "App\Controllers\Boards" loaded.
INFO - 2020-10-18 23:37:15 --> Fetching Boards details
INFO - 2020-10-18 23:37:15 --> Controller "App\Controllers\Sections" loaded.
INFO - 2020-10-18 23:37:15 --> Fetching Sections details
INFO - 2020-10-18 23:37:15 --> Controller "App\Controllers\QuestionbankChapters" loaded.
INFO - 2020-10-18 23:37:15 --> Fetching Assignments Details details
INFO - 2020-10-18 23:37:15 --> Controller "App\Controllers\Academicyears" loaded.
INFO - 2020-10-18 23:37:15 --> Fetching Academic year details
INFO - 2020-10-18 23:37:15 --> Controller "App\Controllers\ExamsOnline" loaded.
INFO - 2020-10-18 23:37:16 --> Fetching Online Exam Details details
INFO - 2020-10-18 23:37:16 --> Controller "App\Controllers\Sections" loaded.
INFO - 2020-10-18 23:37:16 --> Fetching Sections details
INFO - 2020-10-18 23:37:23 --> Controller "App\Controllers\ExamDetails" loaded.
INFO - 2020-10-18 23:37:23 --> Fetching Circular Details details
INFO - 2020-10-18 23:38:31 --> Controller "App\Controllers\ExamsOnline" loaded.
INFO - 2020-10-18 23:38:31 --> Fetching Online Exam Details details
INFO - 2020-10-18 23:38:35 --> Controller "App\Controllers\Boards" loaded.
INFO - 2020-10-18 23:38:35 --> Fetching Boards details
INFO - 2020-10-18 23:38:35 --> Controller "App\Controllers\Sections" loaded.
INFO - 2020-10-18 23:38:35 --> Fetching Sections details
INFO - 2020-10-18 23:38:35 --> Controller "App\Controllers\QuestionbankChapters" loaded.
INFO - 2020-10-18 23:38:35 --> Fetching Assignments Details details
INFO - 2020-10-18 23:38:35 --> Controller "App\Controllers\Academicyears" loaded.
INFO - 2020-10-18 23:38:35 --> Fetching Academic year details
INFO - 2020-10-18 23:38:35 --> Controller "App\Controllers\ExamsOnline" loaded.
INFO - 2020-10-18 23:38:35 --> Controller "App\Controllers\Sections" loaded.
INFO - 2020-10-18 23:38:35 --> Fetching Online Exam Details details
INFO - 2020-10-18 23:38:35 --> Fetching Sections details
INFO - 2020-10-18 23:38:38 --> Controller "App\Controllers\ExamDetails" loaded.
INFO - 2020-10-18 23:38:38 --> Fetching Circular Details details
INFO - 2020-10-18 23:39:25 --> Controller "App\Controllers\Boards" loaded.
INFO - 2020-10-18 23:39:25 --> Controller "App\Controllers\Sections" loaded.
INFO - 2020-10-18 23:39:25 --> Fetching Boards details
INFO - 2020-10-18 23:39:25 --> Controller "App\Controllers\Academicyears" loaded.
INFO - 2020-10-18 23:39:25 --> Controller "App\Controllers\ExamsOnline" loaded.
INFO - 2020-10-18 23:39:25 --> Fetching Sections details
INFO - 2020-10-18 23:39:25 --> Controller "App\Controllers\QuestionbankChapters" loaded.
INFO - 2020-10-18 23:39:25 --> Fetching Academic year details
INFO - 2020-10-18 23:39:25 --> Fetching Assignments Details details
INFO - 2020-10-18 23:39:25 --> Controller "App\Controllers\Sections" loaded.
INFO - 2020-10-18 23:39:25 --> Fetching Online Exam Details details
INFO - 2020-10-18 23:39:25 --> Fetching Sections details
INFO - 2020-10-18 23:39:27 --> Controller "App\Controllers\ExamDetails" loaded.
INFO - 2020-10-18 23:39:27 --> Fetching Circular Details details
INFO - 2020-10-18 23:39:38 --> Controller "App\Controllers\ExamsOnline" loaded.
INFO - 2020-10-18 23:39:38 --> Fetching Online Exam Details details
INFO - 2020-10-18 23:39:39 --> Controller "App\Controllers\ExamDetails" loaded.
INFO - 2020-10-18 23:39:39 --> Fetching Circular Details details
INFO - 2020-10-18 23:40:34 --> Controller "App\Controllers\ExamDetails" loaded.
INFO - 2020-10-18 23:40:34 --> Fetching Circular Details details
INFO - 2020-10-18 23:40:34 --> Controller "App\Controllers\ExamDetails" loaded.
INFO - 2020-10-18 23:40:34 --> Fetching Exam Details details
INFO - 2020-10-18 23:49:14 --> Controller "App\Controllers\ExamsOnline" loaded.
INFO - 2020-10-18 23:49:14 --> Fetching Online Exam Details details
INFO - 2020-10-18 23:49:14 --> Controller "App\Controllers\ExamDetails" loaded.
INFO - 2020-10-18 23:49:14 --> Fetching Circular Details details
INFO - 2020-10-18 23:49:54 --> Controller "App\Controllers\ExamDetails" loaded.
INFO - 2020-10-18 23:49:54 --> Fetching Circular Details details
INFO - 2020-10-18 23:50:15 --> Controller "App\Controllers\ExamDetails" loaded.
INFO - 2020-10-18 23:50:15 --> Controller "App\Controllers\ExamDetails" loaded.
INFO - 2020-10-18 23:50:15 --> Controller "App\Controllers\ExamsTimetable" loaded.
INFO - 2020-10-18 23:50:15 --> Fetching Exam Details details
INFO - 2020-10-18 23:50:15 --> Fetching Exam Details details
INFO - 2020-10-18 23:50:15 --> Fetching Circular Details details
INFO - 2020-10-18 23:53:05 --> Controller "App\Controllers\ExamsOnline" loaded.
INFO - 2020-10-18 23:53:05 --> Fetching Online Exam Details details
INFO - 2020-10-18 23:53:05 --> Controller "App\Controllers\ExamDetails" loaded.
INFO - 2020-10-18 23:53:06 --> Fetching Circular Details details
INFO - 2020-10-18 23:53:07 --> Controller "App\Controllers\ExamDetails" loaded.
INFO - 2020-10-18 23:53:07 --> Fetching Circular Details details
INFO - 2020-10-18 23:53:07 --> Controller "App\Controllers\ExamDetails" loaded.
INFO - 2020-10-18 23:53:07 --> Fetching Exam Details details
INFO - 2020-10-18 23:53:19 --> Controller "App\Controllers\ExamDetails" loaded.
INFO - 2020-10-18 23:53:19 --> Controller "App\Controllers\ExamDetails" loaded.
INFO - 2020-10-18 23:53:19 --> Fetching Circular Details details
INFO - 2020-10-18 23:53:19 --> Fetching Exam Details details
