INFO - 2020-04-27 00:01:07 --> Controller "App\Controllers\SubjectStandards" loaded.
INFO - 2020-04-27 00:01:07 --> Fetching Subjects details
INFO - 2020-04-27 00:01:15 --> Controller "App\Controllers\SubjectStandards" loaded.
INFO - 2020-04-27 00:01:15 --> Fetching Subjects details
INFO - 2020-04-27 00:02:08 --> Controller "App\Controllers\SubjectMasters" loaded.
INFO - 2020-04-27 00:02:08 --> Fetching SubjectMasters details
INFO - 2020-04-27 00:02:08 --> Controller "App\Controllers\Sections" loaded.
INFO - 2020-04-27 00:02:08 --> Fetching Sections details
INFO - 2020-04-27 00:02:21 --> Controller "App\Controllers\SubjectStandards" loaded.
INFO - 2020-04-27 00:02:21 --> Fetching Subjects details
INFO - 2020-04-27 00:03:05 --> Controller "App\Controllers\SubjectStandards" loaded.
INFO - 2020-04-27 00:03:05 --> Fetching Subjects details
INFO - 2020-04-27 00:03:17 --> Controller "App\Controllers\SubjectStandards" loaded.
INFO - 2020-04-27 00:03:17 --> Fetching Subjects details
INFO - 2020-04-27 00:03:39 --> Controller "App\Controllers\SubjectStandards" loaded.
INFO - 2020-04-27 00:03:39 --> Fetching Subjects details
INFO - 2020-04-27 00:04:29 --> Controller "App\Controllers\SubjectStandards" loaded.
INFO - 2020-04-27 00:04:29 --> Inserting Subjects details
INFO - 2020-04-27 00:04:32 --> Controller "App\Controllers\SubjectStandards" loaded.
INFO - 2020-04-27 00:04:32 --> Fetching Subjects details
INFO - 2020-04-27 00:06:35 --> Controller "App\Controllers\SubjectMasters" loaded.
INFO - 2020-04-27 00:06:35 --> Controller "App\Controllers\Sections" loaded.
INFO - 2020-04-27 00:06:35 --> Fetching SubjectMasters details
INFO - 2020-04-27 00:06:35 --> Fetching Sections details
INFO - 2020-04-27 00:07:03 --> Controller "App\Controllers\SubjectStandards" loaded.
INFO - 2020-04-27 00:07:03 --> Fetching Subjects details
INFO - 2020-04-27 00:08:17 --> Controller "App\Controllers\SubjectStandards" loaded.
INFO - 2020-04-27 00:08:17 --> Inserting Subjects details
INFO - 2020-04-27 00:09:09 --> Controller "App\Controllers\SubjectMasters" loaded.
INFO - 2020-04-27 00:09:09 --> Controller "App\Controllers\Sections" loaded.
INFO - 2020-04-27 00:09:09 --> Fetching SubjectMasters details
INFO - 2020-04-27 00:09:09 --> Fetching Sections details
INFO - 2020-04-27 00:09:14 --> Controller "App\Controllers\SubjectStandards" loaded.
INFO - 2020-04-27 00:09:14 --> Fetching Subjects details
INFO - 2020-04-27 00:09:26 --> Controller "App\Controllers\SubjectStandards" loaded.
INFO - 2020-04-27 00:09:26 --> Inserting Subjects details
INFO - 2020-04-27 00:11:10 --> Controller "App\Controllers\SubjectMasters" loaded.
INFO - 2020-04-27 00:11:10 --> Fetching SubjectMasters details
INFO - 2020-04-27 00:11:10 --> Controller "App\Controllers\Sections" loaded.
INFO - 2020-04-27 00:11:10 --> Fetching Sections details
INFO - 2020-04-27 00:11:19 --> Controller "App\Controllers\SubjectStandards" loaded.
INFO - 2020-04-27 00:11:19 --> Fetching Subjects details
INFO - 2020-04-27 00:15:14 --> Controller "App\Controllers\SubjectMasters" loaded.
INFO - 2020-04-27 00:15:14 --> Controller "App\Controllers\Sections" loaded.
INFO - 2020-04-27 00:15:14 --> Fetching SubjectMasters details
INFO - 2020-04-27 00:15:14 --> Fetching Sections details
INFO - 2020-04-27 00:15:42 --> Controller "App\Controllers\Users" loaded.
INFO - 2020-04-27 00:15:42 --> Fetching Users details
INFO - 2020-04-27 00:17:22 --> Controller "App\Controllers\SubjectMasters" loaded.
INFO - 2020-04-27 00:17:22 --> Controller "App\Controllers\Sections" loaded.
INFO - 2020-04-27 00:17:22 --> Fetching SubjectMasters details
INFO - 2020-04-27 00:17:22 --> Fetching Sections details
INFO - 2020-04-27 00:17:34 --> Controller "App\Controllers\SubjectStandards" loaded.
INFO - 2020-04-27 00:17:34 --> Fetching Subjects details
INFO - 2020-04-27 00:17:40 --> Controller "App\Controllers\SubjectStandards" loaded.
INFO - 2020-04-27 00:17:40 --> Inserting Subjects details
INFO - 2020-04-27 00:18:32 --> Controller "App\Controllers\Sections" loaded.
INFO - 2020-04-27 00:18:32 --> Fetching Sections details
INFO - 2020-04-27 00:18:32 --> Controller "App\Controllers\SubjectMasters" loaded.
INFO - 2020-04-27 00:18:32 --> Fetching SubjectMasters details
INFO - 2020-04-27 00:18:40 --> Controller "App\Controllers\SubjectStandards" loaded.
INFO - 2020-04-27 00:18:40 --> Fetching Subjects details
INFO - 2020-04-27 00:18:47 --> Controller "App\Controllers\SubjectStandards" loaded.
INFO - 2020-04-27 00:18:47 --> Inserting Subjects details
INFO - 2020-04-27 00:19:20 --> Controller "App\Controllers\Sections" loaded.
INFO - 2020-04-27 00:19:20 --> Fetching Sections details
INFO - 2020-04-27 00:19:20 --> Controller "App\Controllers\SubjectMasters" loaded.
INFO - 2020-04-27 00:19:20 --> Fetching SubjectMasters details
INFO - 2020-04-27 00:19:23 --> Controller "App\Controllers\SubjectStandards" loaded.
INFO - 2020-04-27 00:19:23 --> Fetching Subjects details
INFO - 2020-04-27 00:19:28 --> Controller "App\Controllers\SubjectStandards" loaded.
INFO - 2020-04-27 00:19:28 --> Inserting Subjects details
INFO - 2020-04-27 00:24:17 --> Controller "App\Controllers\SubjectMasters" loaded.
INFO - 2020-04-27 00:24:17 --> Fetching SubjectMasters details
INFO - 2020-04-27 00:24:17 --> Controller "App\Controllers\Sections" loaded.
INFO - 2020-04-27 00:24:17 --> Fetching Sections details
INFO - 2020-04-27 00:24:32 --> Controller "App\Controllers\SubjectMasters" loaded.
INFO - 2020-04-27 00:24:32 --> Controller "App\Controllers\Sections" loaded.
INFO - 2020-04-27 00:24:32 --> Fetching SubjectMasters details
INFO - 2020-04-27 00:24:32 --> Fetching Sections details
INFO - 2020-04-27 00:24:35 --> Controller "App\Controllers\SubjectStandards" loaded.
INFO - 2020-04-27 00:24:35 --> Fetching Subjects details
INFO - 2020-04-27 00:24:45 --> Controller "App\Controllers\SubjectStandards" loaded.
INFO - 2020-04-27 00:24:45 --> Inserting Subjects details
INFO - 2020-04-27 00:29:02 --> Controller "App\Controllers\SubjectMasters" loaded.
INFO - 2020-04-27 00:29:02 --> Controller "App\Controllers\Sections" loaded.
INFO - 2020-04-27 00:29:02 --> Fetching SubjectMasters details
INFO - 2020-04-27 00:29:02 --> Fetching Sections details
INFO - 2020-04-27 00:29:22 --> Controller "App\Controllers\SubjectStandards" loaded.
INFO - 2020-04-27 00:29:22 --> Fetching Subjects details
INFO - 2020-04-27 00:30:23 --> Controller "App\Controllers\SubjectMasters" loaded.
INFO - 2020-04-27 00:30:23 --> Controller "App\Controllers\Sections" loaded.
INFO - 2020-04-27 00:30:23 --> Fetching SubjectMasters details
INFO - 2020-04-27 00:30:23 --> Fetching Sections details
INFO - 2020-04-27 00:30:26 --> Controller "App\Controllers\SubjectStandards" loaded.
INFO - 2020-04-27 00:30:26 --> Fetching Subjects details
INFO - 2020-04-27 00:31:35 --> Controller "App\Controllers\SubjectMasters" loaded.
INFO - 2020-04-27 00:31:35 --> Fetching SubjectMasters details
INFO - 2020-04-27 00:31:35 --> Controller "App\Controllers\Sections" loaded.
INFO - 2020-04-27 00:31:35 --> Fetching Sections details
INFO - 2020-04-27 00:32:26 --> Controller "App\Controllers\SubjectMasters" loaded.
INFO - 2020-04-27 00:32:26 --> Fetching SubjectMasters details
INFO - 2020-04-27 00:32:27 --> Controller "App\Controllers\Sections" loaded.
INFO - 2020-04-27 00:32:27 --> Fetching Sections details
INFO - 2020-04-27 00:38:52 --> Controller "App\Controllers\SubjectStandards" loaded.
INFO - 2020-04-27 00:38:52 --> Fetching Subjects details
INFO - 2020-04-27 00:45:03 --> Controller "App\Controllers\SubjectMasters" loaded.
INFO - 2020-04-27 00:45:03 --> Fetching SubjectMasters details
INFO - 2020-04-27 00:45:03 --> Controller "App\Controllers\Sections" loaded.
INFO - 2020-04-27 00:45:03 --> Fetching Sections details
INFO - 2020-04-27 00:58:25 --> Controller "App\Controllers\SubjectMasters" loaded.
INFO - 2020-04-27 00:58:25 --> Fetching SubjectMasters details
INFO - 2020-04-27 00:58:26 --> Controller "App\Controllers\Sections" loaded.
INFO - 2020-04-27 00:58:26 --> Fetching Sections details
INFO - 2020-04-27 00:58:34 --> Controller "App\Controllers\SubjectStandards" loaded.
INFO - 2020-04-27 00:58:34 --> Fetching Subjects details
INFO - 2020-04-27 01:38:34 --> Controller "App\Controllers\Users" loaded.
INFO - 2020-04-27 01:38:34 --> Fetching Users details
INFO - 2020-04-27 01:50:41 --> Controller "App\Controllers\SubjectMasters" loaded.
INFO - 2020-04-27 01:50:41 --> Fetching SubjectMasters details
INFO - 2020-04-27 01:50:41 --> Controller "App\Controllers\Sections" loaded.
INFO - 2020-04-27 01:50:41 --> Fetching Sections details
INFO - 2020-04-27 01:50:54 --> Controller "App\Controllers\SubjectStandards" loaded.
INFO - 2020-04-27 01:50:54 --> Fetching Subjects details
INFO - 2020-04-27 01:51:01 --> Controller "App\Controllers\SubjectMasters" loaded.
INFO - 2020-04-27 01:51:01 --> Fetching SubjectMasters details
INFO - 2020-04-27 01:51:01 --> Controller "App\Controllers\Sections" loaded.
INFO - 2020-04-27 01:51:01 --> Fetching Sections details
INFO - 2020-04-27 01:51:03 --> Controller "App\Controllers\SubjectStandards" loaded.
INFO - 2020-04-27 01:51:03 --> Fetching Subjects details
INFO - 2020-04-27 01:52:43 --> Controller "App\Controllers\Sections" loaded.
INFO - 2020-04-27 01:52:43 --> Fetching Sections details
INFO - 2020-04-27 01:52:43 --> Controller "App\Controllers\SubjectMasters" loaded.
INFO - 2020-04-27 01:52:43 --> Fetching SubjectMasters details
INFO - 2020-04-27 01:52:45 --> Controller "App\Controllers\SubjectStandards" loaded.
INFO - 2020-04-27 01:52:45 --> Fetching Subjects details
INFO - 2020-04-27 01:53:08 --> Controller "App\Controllers\SubjectMasters" loaded.
INFO - 2020-04-27 01:53:08 --> Controller "App\Controllers\Sections" loaded.
INFO - 2020-04-27 01:53:08 --> Fetching SubjectMasters details
INFO - 2020-04-27 01:53:08 --> Fetching Sections details
INFO - 2020-04-27 01:53:11 --> Controller "App\Controllers\SubjectStandards" loaded.
INFO - 2020-04-27 01:53:11 --> Fetching Subjects details
INFO - 2020-04-27 01:54:18 --> Controller "App\Controllers\SubjectMasters" loaded.
INFO - 2020-04-27 01:54:18 --> Fetching SubjectMasters details
INFO - 2020-04-27 01:54:18 --> Controller "App\Controllers\Sections" loaded.
INFO - 2020-04-27 01:54:18 --> Fetching Sections details
INFO - 2020-04-27 01:54:21 --> Controller "App\Controllers\SubjectStandards" loaded.
INFO - 2020-04-27 01:54:21 --> Fetching Subjects details
INFO - 2020-04-27 01:56:01 --> Controller "App\Controllers\SubjectMasters" loaded.
INFO - 2020-04-27 01:56:01 --> Fetching SubjectMasters details
INFO - 2020-04-27 01:56:01 --> Controller "App\Controllers\Sections" loaded.
INFO - 2020-04-27 01:56:01 --> Fetching Sections details
INFO - 2020-04-27 01:56:03 --> Controller "App\Controllers\SubjectStandards" loaded.
INFO - 2020-04-27 01:56:03 --> Fetching Subjects details
INFO - 2020-04-27 02:00:35 --> Controller "App\Controllers\SubjectMasters" loaded.
INFO - 2020-04-27 02:00:35 --> Fetching SubjectMasters details
INFO - 2020-04-27 02:00:35 --> Controller "App\Controllers\Sections" loaded.
INFO - 2020-04-27 02:00:35 --> Fetching Sections details
INFO - 2020-04-27 02:01:21 --> Controller "App\Controllers\SubjectMasters" loaded.
INFO - 2020-04-27 02:01:21 --> Fetching SubjectMasters details
INFO - 2020-04-27 02:01:21 --> Controller "App\Controllers\Sections" loaded.
INFO - 2020-04-27 02:01:21 --> Fetching Sections details
INFO - 2020-04-27 02:01:50 --> Controller "App\Controllers\SubjectStandards" loaded.
INFO - 2020-04-27 02:01:50 --> Fetching Subjects details
INFO - 2020-04-27 02:01:56 --> Controller "App\Controllers\SubjectStandards" loaded.
INFO - 2020-04-27 02:01:56 --> Fetching Subjects details
INFO - 2020-04-27 02:04:57 --> Controller "App\Controllers\SubjectStandards" loaded.
INFO - 2020-04-27 02:04:57 --> Fetching Subjects details
INFO - 2020-04-27 02:05:50 --> Controller "App\Controllers\SubjectStandards" loaded.
INFO - 2020-04-27 02:05:50 --> Fetching Subjects details
INFO - 2020-04-27 02:07:45 --> Controller "App\Controllers\SubjectStandards" loaded.
INFO - 2020-04-27 02:07:45 --> Fetching Subjects details
INFO - 2020-04-27 02:07:59 --> Controller "App\Controllers\SubjectStandards" loaded.
INFO - 2020-04-27 02:07:59 --> Fetching Subjects details
INFO - 2020-04-27 02:10:16 --> Controller "App\Controllers\SubjectStandards" loaded.
INFO - 2020-04-27 02:10:16 --> Fetching Subjects details
INFO - 2020-04-27 02:10:35 --> Controller "App\Controllers\SubjectStandards" loaded.
INFO - 2020-04-27 02:10:35 --> Inserting Subjects details
INFO - 2020-04-27 02:10:39 --> Controller "App\Controllers\SubjectStandards" loaded.
INFO - 2020-04-27 02:10:39 --> Fetching Subjects details
INFO - 2020-04-27 02:11:42 --> Controller "App\Controllers\SubjectStandards" loaded.
INFO - 2020-04-27 02:11:42 --> Inserting Subjects details
INFO - 2020-04-27 02:12:16 --> Controller "App\Controllers\SubjectMasters" loaded.
INFO - 2020-04-27 02:12:16 --> Fetching SubjectMasters details
INFO - 2020-04-27 02:12:16 --> Controller "App\Controllers\Sections" loaded.
INFO - 2020-04-27 02:12:16 --> Fetching Sections details
INFO - 2020-04-27 02:12:18 --> Controller "App\Controllers\SubjectStandards" loaded.
INFO - 2020-04-27 02:12:18 --> Fetching Subjects details
INFO - 2020-04-27 02:13:29 --> Controller "App\Controllers\SubjectMasters" loaded.
INFO - 2020-04-27 02:13:29 --> Fetching SubjectMasters details
INFO - 2020-04-27 02:13:29 --> Controller "App\Controllers\Sections" loaded.
INFO - 2020-04-27 02:13:29 --> Fetching Sections details
INFO - 2020-04-27 02:13:31 --> Controller "App\Controllers\SubjectStandards" loaded.
INFO - 2020-04-27 02:13:31 --> Fetching Subjects details
INFO - 2020-04-27 02:13:41 --> Controller "App\Controllers\SubjectStandards" loaded.
INFO - 2020-04-27 02:13:41 --> Inserting Subjects details
INFO - 2020-04-27 02:13:46 --> Controller "App\Controllers\SubjectStandards" loaded.
INFO - 2020-04-27 02:13:46 --> Fetching Subjects details
INFO - 2020-04-27 02:13:49 --> Controller "App\Controllers\SubjectStandards" loaded.
INFO - 2020-04-27 02:13:49 --> Fetching Subjects details
INFO - 2020-04-27 02:14:02 --> Controller "App\Controllers\SubjectMasters" loaded.
INFO - 2020-04-27 02:14:02 --> Fetching SubjectMasters details
INFO - 2020-04-27 02:14:02 --> Controller "App\Controllers\Sections" loaded.
INFO - 2020-04-27 02:14:02 --> Fetching Sections details
INFO - 2020-04-27 02:14:04 --> Controller "App\Controllers\SubjectStandards" loaded.
INFO - 2020-04-27 02:14:04 --> Fetching Subjects details
INFO - 2020-04-27 02:14:13 --> Controller "App\Controllers\SubjectStandards" loaded.
INFO - 2020-04-27 02:14:13 --> Fetching Subjects details
INFO - 2020-04-27 02:14:42 --> Controller "App\Controllers\SubjectStandards" loaded.
INFO - 2020-04-27 02:14:42 --> Inserting Subjects details
INFO - 2020-04-27 02:17:12 --> Controller "App\Controllers\SubjectMasters" loaded.
INFO - 2020-04-27 02:17:12 --> Fetching SubjectMasters details
INFO - 2020-04-27 02:17:12 --> Controller "App\Controllers\Sections" loaded.
INFO - 2020-04-27 02:17:12 --> Fetching Sections details
INFO - 2020-04-27 02:17:21 --> Controller "App\Controllers\SubjectStandards" loaded.
INFO - 2020-04-27 02:17:21 --> Fetching Subjects details
INFO - 2020-04-27 02:17:31 --> Controller "App\Controllers\SubjectStandards" loaded.
INFO - 2020-04-27 02:17:31 --> Inserting Subjects details
INFO - 2020-04-27 02:17:35 --> Controller "App\Controllers\SubjectStandards" loaded.
INFO - 2020-04-27 02:17:35 --> Fetching Subjects details
INFO - 2020-04-27 02:18:01 --> Controller "App\Controllers\SubjectStandards" loaded.
INFO - 2020-04-27 02:18:01 --> Fetching Subjects details
INFO - 2020-04-27 02:19:25 --> Controller "App\Controllers\SubjectStandards" loaded.
INFO - 2020-04-27 02:19:25 --> Fetching Subjects details
INFO - 2020-04-27 02:21:24 --> Controller "App\Controllers\SubjectMasters" loaded.
ERROR - 2020-04-27 02:21:24 --> [ERROR] Invalid argument supplied for foreach() APPPATH/Controllers/SubjectMasters.php:45
INFO - 2020-04-27 02:22:03 --> Controller "App\Controllers\SubjectStandards" loaded.
INFO - 2020-04-27 02:22:03 --> Fetching Subjects Section Status details
INFO - 2020-04-27 02:22:58 --> Controller "App\Controllers\SubjectMasters" loaded.
CRITICAL - 2020-04-27 02:22:58 --> Argument 3 passed to log_message() must be of the type array, null given, called in /var/www/html/server_4/app/Controllers/SubjectMasters.php on line 53
#0 /var/www/html/server_4/app/Controllers/SubjectMasters.php(53): log_message('info', 'Inserting Subje...', NULL)
#1 /var/www/html/server_4/system/CodeIgniter.php(910): App\Controllers\SubjectMasters->insert_subjectmaster()
#2 /var/www/html/server_4/system/CodeIgniter.php(398): CodeIgniter\CodeIgniter->runController(Object(App\Controllers\SubjectMasters))
#3 /var/www/html/server_4/system/CodeIgniter.php(306): CodeIgniter\CodeIgniter->handleRequest(NULL, Object(Config\Cache), false)
#4 /var/www/html/server_4/public/index.php(45): CodeIgniter\CodeIgniter->run()
#5 {main}
INFO - 2020-04-27 02:23:38 --> Controller "App\Controllers\SubjectMasters" loaded.
ERROR - 2020-04-27 02:23:38 --> [ERROR] Invalid argument supplied for foreach() APPPATH/Controllers/SubjectMasters.php:45
INFO - 2020-04-27 02:25:05 --> Controller "App\Controllers\SubjectMasters" loaded.
ERROR - 2020-04-27 02:25:05 --> [ERROR] Invalid argument supplied for foreach() APPPATH/Controllers/SubjectMasters.php:45
INFO - 2020-04-27 02:26:48 --> Controller "App\Controllers\SubjectMasters" loaded.
INFO - 2020-04-27 02:26:48 --> Inserting SubjectMasters details
INFO - 2020-04-27 02:43:30 --> Controller "App\Controllers\SubjectMasters" loaded.
ERROR - 2020-04-27 02:43:30 --> [ERROR] Invalid argument supplied for foreach() APPPATH/Controllers/SubjectMasters.php:45
INFO - 2020-04-27 02:43:43 --> Controller "App\Controllers\SubjectMasters" loaded.
INFO - 2020-04-27 02:43:43 --> Controller "App\Controllers\Sections" loaded.
INFO - 2020-04-27 02:43:43 --> Fetching Sections details
INFO - 2020-04-27 02:43:43 --> Fetching SubjectMasters details
INFO - 2020-04-27 02:44:54 --> Controller "App\Controllers\SubjectMasters" loaded.
ERROR - 2020-04-27 02:44:54 --> [ERROR] Invalid argument supplied for foreach() APPPATH/Controllers/SubjectMasters.php:45
INFO - 2020-04-27 02:46:02 --> Controller "App\Controllers\SubjectMasters" loaded.
INFO - 2020-04-27 02:46:02 --> Fetching SubjectMasters details
INFO - 2020-04-27 02:46:02 --> Controller "App\Controllers\Sections" loaded.
INFO - 2020-04-27 02:46:02 --> Fetching Sections details
INFO - 2020-04-27 02:46:25 --> Controller "App\Controllers\SubjectMasters" loaded.
ERROR - 2020-04-27 02:46:25 --> [ERROR] Invalid argument supplied for foreach() APPPATH/Controllers/SubjectMasters.php:45
INFO - 2020-04-27 03:00:03 --> Controller "App\Controllers\SubjectMasters" loaded.
INFO - 2020-04-27 03:00:03 --> Fetching SubjectMasters details
INFO - 2020-04-27 03:00:03 --> Controller "App\Controllers\Sections" loaded.
INFO - 2020-04-27 03:00:03 --> Fetching Sections details
INFO - 2020-04-27 03:00:45 --> Controller "App\Controllers\SubjectMasters" loaded.
INFO - 2020-04-27 03:00:45 --> Fetching SubjectMasters details
INFO - 2020-04-27 03:00:45 --> Controller "App\Controllers\Sections" loaded.
INFO - 2020-04-27 03:00:45 --> Fetching Sections details
INFO - 2020-04-27 03:02:06 --> Controller "App\Controllers\SubjectMasters" loaded.
INFO - 2020-04-27 03:02:06 --> Fetching SubjectMasters details
INFO - 2020-04-27 03:02:06 --> Controller "App\Controllers\Sections" loaded.
INFO - 2020-04-27 03:02:06 --> Fetching Sections details
INFO - 2020-04-27 03:06:28 --> Controller "App\Controllers\SubjectMasters" loaded.
INFO - 2020-04-27 03:06:28 --> Fetching SubjectMasters details
INFO - 2020-04-27 03:06:28 --> Controller "App\Controllers\Sections" loaded.
INFO - 2020-04-27 03:06:28 --> Fetching Sections details
INFO - 2020-04-27 03:09:01 --> Controller "App\Controllers\SubjectMasters" loaded.
INFO - 2020-04-27 03:09:01 --> Fetching SubjectMasters details
INFO - 2020-04-27 03:09:01 --> Controller "App\Controllers\Sections" loaded.
INFO - 2020-04-27 03:09:01 --> Fetching Sections details
INFO - 2020-04-27 03:11:15 --> Controller "App\Controllers\SubjectMasters" loaded.
INFO - 2020-04-27 03:11:15 --> Fetching SubjectMasters details
INFO - 2020-04-27 03:11:15 --> Controller "App\Controllers\Sections" loaded.
INFO - 2020-04-27 03:11:15 --> Fetching Sections details
INFO - 2020-04-27 03:14:14 --> Controller "App\Controllers\SubjectMasters" loaded.
INFO - 2020-04-27 03:14:14 --> Fetching SubjectMasters details
INFO - 2020-04-27 03:14:14 --> Controller "App\Controllers\Sections" loaded.
INFO - 2020-04-27 03:14:14 --> Fetching Sections details
INFO - 2020-04-27 03:14:55 --> Controller "App\Controllers\SubjectMasters" loaded.
INFO - 2020-04-27 03:14:55 --> Fetching SubjectMasters details
INFO - 2020-04-27 03:14:55 --> Controller "App\Controllers\Sections" loaded.
INFO - 2020-04-27 03:14:55 --> Fetching Sections details
INFO - 2020-04-27 03:15:07 --> Controller "App\Controllers\SubjectMasters" loaded.
INFO - 2020-04-27 03:15:07 --> Controller "App\Controllers\Sections" loaded.
INFO - 2020-04-27 03:15:07 --> Fetching SubjectMasters details
INFO - 2020-04-27 03:15:07 --> Fetching Sections details
INFO - 2020-04-27 03:16:15 --> Controller "App\Controllers\SubjectStandards" loaded.
INFO - 2020-04-27 03:16:15 --> Fetching Subjects details
INFO - 2020-04-27 03:16:41 --> Controller "App\Controllers\SubjectMasters" loaded.
INFO - 2020-04-27 03:16:41 --> Deleting SubjectMasters details
INFO - 2020-04-27 03:16:42 --> Controller "App\Controllers\SubjectStandards" loaded.
INFO - 2020-04-27 03:16:42 --> Fetching Subjects details
INFO - 2020-04-27 03:16:44 --> Controller "App\Controllers\SubjectMasters" loaded.
INFO - 2020-04-27 03:16:44 --> Deleting SubjectMasters details
INFO - 2020-04-27 03:16:44 --> Controller "App\Controllers\SubjectStandards" loaded.
INFO - 2020-04-27 03:16:44 --> Fetching Subjects details
INFO - 2020-04-27 03:16:44 --> Controller "App\Controllers\SubjectMasters" loaded.
INFO - 2020-04-27 03:16:44 --> Deleting SubjectMasters details
INFO - 2020-04-27 03:16:44 --> Controller "App\Controllers\SubjectStandards" loaded.
INFO - 2020-04-27 03:16:44 --> Fetching Subjects details
INFO - 2020-04-27 03:16:45 --> Controller "App\Controllers\SubjectMasters" loaded.
INFO - 2020-04-27 03:16:45 --> Deleting SubjectMasters details
INFO - 2020-04-27 03:16:45 --> Controller "App\Controllers\SubjectStandards" loaded.
INFO - 2020-04-27 03:16:45 --> Fetching Subjects details
INFO - 2020-04-27 03:16:53 --> Controller "App\Controllers\SubjectMasters" loaded.
INFO - 2020-04-27 03:16:53 --> Deleting SubjectMasters details
INFO - 2020-04-27 03:16:53 --> Controller "App\Controllers\SubjectStandards" loaded.
INFO - 2020-04-27 03:16:53 --> Fetching Subjects details
INFO - 2020-04-27 03:16:54 --> Controller "App\Controllers\SubjectMasters" loaded.
INFO - 2020-04-27 03:16:54 --> Deleting SubjectMasters details
INFO - 2020-04-27 03:16:54 --> Controller "App\Controllers\SubjectMasters" loaded.
INFO - 2020-04-27 03:16:54 --> Deleting SubjectMasters details
INFO - 2020-04-27 03:16:54 --> Controller "App\Controllers\SubjectStandards" loaded.
INFO - 2020-04-27 03:16:54 --> Fetching Subjects details
INFO - 2020-04-27 03:16:54 --> Controller "App\Controllers\SubjectStandards" loaded.
INFO - 2020-04-27 03:16:54 --> Fetching Subjects details
INFO - 2020-04-27 03:16:55 --> Controller "App\Controllers\SubjectMasters" loaded.
INFO - 2020-04-27 03:16:55 --> Deleting SubjectMasters details
INFO - 2020-04-27 03:16:55 --> Controller "App\Controllers\SubjectMasters" loaded.
INFO - 2020-04-27 03:16:55 --> Deleting SubjectMasters details
INFO - 2020-04-27 03:16:55 --> Controller "App\Controllers\SubjectStandards" loaded.
INFO - 2020-04-27 03:16:55 --> Fetching Subjects details
INFO - 2020-04-27 03:16:55 --> Controller "App\Controllers\SubjectMasters" loaded.
INFO - 2020-04-27 03:16:55 --> Deleting SubjectMasters details
INFO - 2020-04-27 03:16:55 --> Controller "App\Controllers\SubjectStandards" loaded.
INFO - 2020-04-27 03:16:55 --> Fetching Subjects details
INFO - 2020-04-27 03:16:55 --> Controller "App\Controllers\SubjectStandards" loaded.
INFO - 2020-04-27 03:16:55 --> Fetching Subjects details
INFO - 2020-04-27 03:16:55 --> Controller "App\Controllers\SubjectMasters" loaded.
INFO - 2020-04-27 03:16:55 --> Deleting SubjectMasters details
INFO - 2020-04-27 03:16:56 --> Controller "App\Controllers\SubjectMasters" loaded.
INFO - 2020-04-27 03:16:56 --> Deleting SubjectMasters details
INFO - 2020-04-27 03:16:56 --> Controller "App\Controllers\SubjectStandards" loaded.
INFO - 2020-04-27 03:16:56 --> Fetching Subjects details
INFO - 2020-04-27 03:16:56 --> Controller "App\Controllers\SubjectStandards" loaded.
INFO - 2020-04-27 03:16:56 --> Fetching Subjects details
INFO - 2020-04-27 03:16:57 --> Controller "App\Controllers\SubjectMasters" loaded.
INFO - 2020-04-27 03:16:57 --> Deleting SubjectMasters details
INFO - 2020-04-27 03:16:57 --> Controller "App\Controllers\SubjectMasters" loaded.
INFO - 2020-04-27 03:16:57 --> Deleting SubjectMasters details
INFO - 2020-04-27 03:16:57 --> Controller "App\Controllers\SubjectStandards" loaded.
INFO - 2020-04-27 03:16:57 --> Fetching Subjects details
INFO - 2020-04-27 03:16:58 --> Controller "App\Controllers\SubjectMasters" loaded.
INFO - 2020-04-27 03:16:58 --> Deleting SubjectMasters details
INFO - 2020-04-27 03:16:58 --> Controller "App\Controllers\SubjectStandards" loaded.
INFO - 2020-04-27 03:16:58 --> Fetching Subjects details
INFO - 2020-04-27 03:16:58 --> Controller "App\Controllers\SubjectStandards" loaded.
INFO - 2020-04-27 03:16:58 --> Fetching Subjects details
INFO - 2020-04-27 03:16:58 --> Controller "App\Controllers\SubjectMasters" loaded.
INFO - 2020-04-27 03:16:58 --> Deleting SubjectMasters details
INFO - 2020-04-27 03:16:58 --> Controller "App\Controllers\SubjectStandards" loaded.
INFO - 2020-04-27 03:16:58 --> Fetching Subjects details
INFO - 2020-04-27 03:17:04 --> Controller "App\Controllers\SubjectMasters" loaded.
INFO - 2020-04-27 03:17:04 --> Deleting SubjectMasters details
INFO - 2020-04-27 03:17:04 --> Controller "App\Controllers\SubjectMasters" loaded.
INFO - 2020-04-27 03:17:04 --> Deleting SubjectMasters details
INFO - 2020-04-27 03:17:04 --> Controller "App\Controllers\SubjectMasters" loaded.
INFO - 2020-04-27 03:17:04 --> Deleting SubjectMasters details
INFO - 2020-04-27 03:17:04 --> Controller "App\Controllers\SubjectStandards" loaded.
INFO - 2020-04-27 03:17:04 --> Fetching Subjects details
INFO - 2020-04-27 03:17:04 --> Controller "App\Controllers\SubjectMasters" loaded.
INFO - 2020-04-27 03:17:04 --> Deleting SubjectMasters details
INFO - 2020-04-27 03:17:04 --> Controller "App\Controllers\SubjectStandards" loaded.
INFO - 2020-04-27 03:17:04 --> Fetching Subjects details
INFO - 2020-04-27 03:17:04 --> Controller "App\Controllers\SubjectStandards" loaded.
INFO - 2020-04-27 03:17:04 --> Fetching Subjects details
INFO - 2020-04-27 03:17:04 --> Controller "App\Controllers\SubjectStandards" loaded.
INFO - 2020-04-27 03:17:04 --> Fetching Subjects details
INFO - 2020-04-27 03:17:05 --> Controller "App\Controllers\SubjectMasters" loaded.
INFO - 2020-04-27 03:17:05 --> Deleting SubjectMasters details
INFO - 2020-04-27 03:17:05 --> Controller "App\Controllers\SubjectMasters" loaded.
INFO - 2020-04-27 03:17:05 --> Deleting SubjectMasters details
INFO - 2020-04-27 03:17:05 --> Controller "App\Controllers\SubjectStandards" loaded.
INFO - 2020-04-27 03:17:05 --> Fetching Subjects details
INFO - 2020-04-27 03:17:05 --> Controller "App\Controllers\SubjectStandards" loaded.
INFO - 2020-04-27 03:17:05 --> Fetching Subjects details
INFO - 2020-04-27 03:17:05 --> Controller "App\Controllers\SubjectMasters" loaded.
INFO - 2020-04-27 03:17:05 --> Deleting SubjectMasters details
INFO - 2020-04-27 03:17:05 --> Controller "App\Controllers\SubjectStandards" loaded.
INFO - 2020-04-27 03:17:05 --> Fetching Subjects details
INFO - 2020-04-27 03:17:05 --> Controller "App\Controllers\SubjectMasters" loaded.
INFO - 2020-04-27 03:17:05 --> Deleting SubjectMasters details
INFO - 2020-04-27 03:17:06 --> Controller "App\Controllers\SubjectStandards" loaded.
INFO - 2020-04-27 03:17:06 --> Fetching Subjects details
INFO - 2020-04-27 03:17:06 --> Controller "App\Controllers\SubjectMasters" loaded.
INFO - 2020-04-27 03:17:06 --> Deleting SubjectMasters details
INFO - 2020-04-27 03:17:06 --> Controller "App\Controllers\SubjectStandards" loaded.
INFO - 2020-04-27 03:17:06 --> Fetching Subjects details
INFO - 2020-04-27 03:17:06 --> Controller "App\Controllers\SubjectMasters" loaded.
INFO - 2020-04-27 03:17:06 --> Deleting SubjectMasters details
INFO - 2020-04-27 03:17:06 --> Controller "App\Controllers\SubjectMasters" loaded.
INFO - 2020-04-27 03:17:06 --> Deleting SubjectMasters details
INFO - 2020-04-27 03:17:06 --> Controller "App\Controllers\SubjectStandards" loaded.
INFO - 2020-04-27 03:17:06 --> Fetching Subjects details
INFO - 2020-04-27 03:17:07 --> Controller "App\Controllers\SubjectStandards" loaded.
INFO - 2020-04-27 03:17:07 --> Fetching Subjects details
INFO - 2020-04-27 03:17:25 --> Controller "App\Controllers\SubjectMasters" loaded.
INFO - 2020-04-27 03:17:25 --> Deleting SubjectMasters details
INFO - 2020-04-27 03:17:25 --> Controller "App\Controllers\SubjectMasters" loaded.
INFO - 2020-04-27 03:17:25 --> Deleting SubjectMasters details
INFO - 2020-04-27 03:17:25 --> Controller "App\Controllers\SubjectMasters" loaded.
INFO - 2020-04-27 03:17:25 --> Deleting SubjectMasters details
INFO - 2020-04-27 03:17:25 --> Controller "App\Controllers\SubjectMasters" loaded.
INFO - 2020-04-27 03:17:25 --> Deleting SubjectMasters details
INFO - 2020-04-27 03:17:27 --> Controller "App\Controllers\SubjectStandards" loaded.
INFO - 2020-04-27 03:17:27 --> Fetching Subjects details
INFO - 2020-04-27 03:17:27 --> Controller "App\Controllers\SubjectMasters" loaded.
INFO - 2020-04-27 03:17:27 --> Deleting SubjectMasters details
INFO - 2020-04-27 03:17:27 --> Controller "App\Controllers\SubjectMasters" loaded.
INFO - 2020-04-27 03:17:27 --> Deleting SubjectMasters details
INFO - 2020-04-27 03:17:27 --> Controller "App\Controllers\SubjectMasters" loaded.
INFO - 2020-04-27 03:17:27 --> Deleting SubjectMasters details
INFO - 2020-04-27 03:17:27 --> Controller "App\Controllers\SubjectMasters" loaded.
INFO - 2020-04-27 03:17:27 --> Deleting SubjectMasters details
INFO - 2020-04-27 03:17:29 --> Controller "App\Controllers\SubjectStandards" loaded.
INFO - 2020-04-27 03:17:29 --> Controller "App\Controllers\SubjectStandards" loaded.
INFO - 2020-04-27 03:17:29 --> Fetching Subjects details
INFO - 2020-04-27 03:17:29 --> Fetching Subjects details
INFO - 2020-04-27 03:17:29 --> Controller "App\Controllers\SubjectStandards" loaded.
INFO - 2020-04-27 03:17:29 --> Fetching Subjects details
INFO - 2020-04-27 03:17:29 --> Controller "App\Controllers\SubjectStandards" loaded.
INFO - 2020-04-27 03:17:29 --> Fetching Subjects details
INFO - 2020-04-27 03:17:29 --> Controller "App\Controllers\SubjectStandards" loaded.
INFO - 2020-04-27 03:17:29 --> Fetching Subjects details
INFO - 2020-04-27 03:17:29 --> Controller "App\Controllers\SubjectStandards" loaded.
INFO - 2020-04-27 03:17:29 --> Fetching Subjects details
INFO - 2020-04-27 03:17:29 --> Controller "App\Controllers\SubjectStandards" loaded.
INFO - 2020-04-27 03:17:29 --> Fetching Subjects details
INFO - 2020-04-27 03:19:12 --> Controller "App\Controllers\SubjectMasters" loaded.
INFO - 2020-04-27 03:19:12 --> Deleting SubjectMasters details
INFO - 2020-04-27 03:19:13 --> Controller "App\Controllers\SubjectStandards" loaded.
INFO - 2020-04-27 03:19:13 --> Fetching Subjects details
INFO - 2020-04-27 03:19:13 --> Controller "App\Controllers\SubjectMasters" loaded.
INFO - 2020-04-27 03:19:13 --> Deleting SubjectMasters details
INFO - 2020-04-27 03:19:13 --> Controller "App\Controllers\SubjectStandards" loaded.
INFO - 2020-04-27 03:19:13 --> Fetching Subjects details
INFO - 2020-04-27 03:19:14 --> Controller "App\Controllers\SubjectMasters" loaded.
INFO - 2020-04-27 03:19:14 --> Deleting SubjectMasters details
INFO - 2020-04-27 03:19:14 --> Controller "App\Controllers\SubjectMasters" loaded.
INFO - 2020-04-27 03:19:14 --> Deleting SubjectMasters details
INFO - 2020-04-27 03:19:14 --> Controller "App\Controllers\SubjectStandards" loaded.
INFO - 2020-04-27 03:19:14 --> Fetching Subjects details
INFO - 2020-04-27 03:19:14 --> Controller "App\Controllers\SubjectMasters" loaded.
INFO - 2020-04-27 03:19:14 --> Deleting SubjectMasters details
INFO - 2020-04-27 03:19:14 --> Controller "App\Controllers\SubjectStandards" loaded.
INFO - 2020-04-27 03:19:14 --> Fetching Subjects details
INFO - 2020-04-27 03:19:14 --> Controller "App\Controllers\SubjectStandards" loaded.
INFO - 2020-04-27 03:19:14 --> Fetching Subjects details
INFO - 2020-04-27 03:19:14 --> Controller "App\Controllers\SubjectMasters" loaded.
INFO - 2020-04-27 03:19:14 --> Deleting SubjectMasters details
INFO - 2020-04-27 03:19:15 --> Controller "App\Controllers\SubjectStandards" loaded.
INFO - 2020-04-27 03:19:15 --> Fetching Subjects details
INFO - 2020-04-27 03:19:15 --> Controller "App\Controllers\SubjectMasters" loaded.
INFO - 2020-04-27 03:19:15 --> Deleting SubjectMasters details
INFO - 2020-04-27 03:19:15 --> Controller "App\Controllers\SubjectStandards" loaded.
INFO - 2020-04-27 03:19:15 --> Fetching Subjects details
INFO - 2020-04-27 03:19:15 --> Controller "App\Controllers\SubjectMasters" loaded.
INFO - 2020-04-27 03:19:15 --> Deleting SubjectMasters details
INFO - 2020-04-27 03:19:16 --> Controller "App\Controllers\SubjectStandards" loaded.
INFO - 2020-04-27 03:19:16 --> Fetching Subjects details
INFO - 2020-04-27 03:20:12 --> Controller "App\Controllers\Sections" loaded.
INFO - 2020-04-27 03:20:12 --> Controller "App\Controllers\SubjectMasters" loaded.
INFO - 2020-04-27 03:20:12 --> Fetching Sections details
INFO - 2020-04-27 03:20:12 --> Fetching SubjectMasters details
INFO - 2020-04-27 03:20:25 --> Controller "App\Controllers\SubjectStandards" loaded.
INFO - 2020-04-27 03:20:25 --> Fetching Subjects details
INFO - 2020-04-27 03:20:39 --> Controller "App\Controllers\SubjectMasters" loaded.
INFO - 2020-04-27 03:20:39 --> Deleting SubjectMasters details
INFO - 2020-04-27 03:20:39 --> Controller "App\Controllers\SubjectStandards" loaded.
INFO - 2020-04-27 03:20:39 --> Fetching Subjects details
INFO - 2020-04-27 03:20:39 --> Controller "App\Controllers\SubjectMasters" loaded.
INFO - 2020-04-27 03:20:39 --> Deleting SubjectMasters details
INFO - 2020-04-27 03:20:40 --> Controller "App\Controllers\SubjectStandards" loaded.
INFO - 2020-04-27 03:20:40 --> Fetching Subjects details
INFO - 2020-04-27 03:20:40 --> Controller "App\Controllers\SubjectMasters" loaded.
INFO - 2020-04-27 03:20:40 --> Deleting SubjectMasters details
INFO - 2020-04-27 03:20:40 --> Controller "App\Controllers\SubjectStandards" loaded.
INFO - 2020-04-27 03:20:40 --> Fetching Subjects details
INFO - 2020-04-27 03:20:40 --> Controller "App\Controllers\SubjectMasters" loaded.
INFO - 2020-04-27 03:20:40 --> Deleting SubjectMasters details
INFO - 2020-04-27 03:20:40 --> Controller "App\Controllers\SubjectStandards" loaded.
INFO - 2020-04-27 03:20:40 --> Fetching Subjects details
INFO - 2020-04-27 03:20:40 --> Controller "App\Controllers\SubjectMasters" loaded.
INFO - 2020-04-27 03:20:40 --> Deleting SubjectMasters details
INFO - 2020-04-27 03:20:41 --> Controller "App\Controllers\SubjectMasters" loaded.
INFO - 2020-04-27 03:20:41 --> Deleting SubjectMasters details
INFO - 2020-04-27 03:20:41 --> Controller "App\Controllers\SubjectStandards" loaded.
INFO - 2020-04-27 03:20:41 --> Fetching Subjects details
INFO - 2020-04-27 03:20:41 --> Controller "App\Controllers\SubjectMasters" loaded.
INFO - 2020-04-27 03:20:41 --> Deleting SubjectMasters details
INFO - 2020-04-27 03:20:41 --> Controller "App\Controllers\SubjectStandards" loaded.
INFO - 2020-04-27 03:20:41 --> Fetching Subjects details
INFO - 2020-04-27 03:20:41 --> Controller "App\Controllers\SubjectStandards" loaded.
INFO - 2020-04-27 03:20:41 --> Controller "App\Controllers\SubjectMasters" loaded.
INFO - 2020-04-27 03:20:41 --> Deleting SubjectMasters details
INFO - 2020-04-27 03:20:41 --> Fetching Subjects details
INFO - 2020-04-27 03:20:41 --> Controller "App\Controllers\SubjectMasters" loaded.
INFO - 2020-04-27 03:20:41 --> Deleting SubjectMasters details
INFO - 2020-04-27 03:20:42 --> Controller "App\Controllers\SubjectStandards" loaded.
INFO - 2020-04-27 03:20:42 --> Fetching Subjects details
INFO - 2020-04-27 03:20:42 --> Controller "App\Controllers\SubjectStandards" loaded.
INFO - 2020-04-27 03:20:42 --> Fetching Subjects details
INFO - 2020-04-27 03:20:56 --> Controller "App\Controllers\SubjectMasters" loaded.
INFO - 2020-04-27 03:20:56 --> Deleting SubjectMasters details
INFO - 2020-04-27 03:20:57 --> Controller "App\Controllers\SubjectStandards" loaded.
INFO - 2020-04-27 03:20:57 --> Fetching Subjects details
INFO - 2020-04-27 03:20:58 --> Controller "App\Controllers\SubjectMasters" loaded.
INFO - 2020-04-27 03:20:58 --> Deleting SubjectMasters details
INFO - 2020-04-27 03:20:58 --> Controller "App\Controllers\SubjectStandards" loaded.
INFO - 2020-04-27 03:20:58 --> Fetching Subjects details
INFO - 2020-04-27 03:20:58 --> Controller "App\Controllers\SubjectMasters" loaded.
INFO - 2020-04-27 03:20:58 --> Deleting SubjectMasters details
INFO - 2020-04-27 03:20:58 --> Controller "App\Controllers\SubjectMasters" loaded.
INFO - 2020-04-27 03:20:58 --> Deleting SubjectMasters details
INFO - 2020-04-27 03:20:58 --> Controller "App\Controllers\SubjectStandards" loaded.
INFO - 2020-04-27 03:20:58 --> Fetching Subjects details
INFO - 2020-04-27 03:20:59 --> Controller "App\Controllers\SubjectStandards" loaded.
INFO - 2020-04-27 03:20:59 --> Fetching Subjects details
INFO - 2020-04-27 03:20:59 --> Controller "App\Controllers\SubjectMasters" loaded.
INFO - 2020-04-27 03:20:59 --> Deleting SubjectMasters details
INFO - 2020-04-27 03:20:59 --> Controller "App\Controllers\SubjectStandards" loaded.
INFO - 2020-04-27 03:20:59 --> Fetching Subjects details
INFO - 2020-04-27 03:20:59 --> Controller "App\Controllers\SubjectMasters" loaded.
INFO - 2020-04-27 03:20:59 --> Deleting SubjectMasters details
INFO - 2020-04-27 03:20:59 --> Controller "App\Controllers\SubjectStandards" loaded.
INFO - 2020-04-27 03:20:59 --> Fetching Subjects details
INFO - 2020-04-27 03:20:59 --> Controller "App\Controllers\SubjectMasters" loaded.
INFO - 2020-04-27 03:20:59 --> Deleting SubjectMasters details
INFO - 2020-04-27 03:20:59 --> Controller "App\Controllers\SubjectStandards" loaded.
INFO - 2020-04-27 03:20:59 --> Fetching Subjects details
INFO - 2020-04-27 03:21:08 --> Controller "App\Controllers\SubjectMasters" loaded.
INFO - 2020-04-27 03:21:08 --> Deleting SubjectMasters details
INFO - 2020-04-27 03:21:08 --> Controller "App\Controllers\SubjectMasters" loaded.
INFO - 2020-04-27 03:21:08 --> Deleting SubjectMasters details
INFO - 2020-04-27 03:21:08 --> Controller "App\Controllers\SubjectStandards" loaded.
INFO - 2020-04-27 03:21:08 --> Fetching Subjects details
INFO - 2020-04-27 03:21:08 --> Controller "App\Controllers\SubjectMasters" loaded.
INFO - 2020-04-27 03:21:08 --> Deleting SubjectMasters details
INFO - 2020-04-27 03:21:08 --> Controller "App\Controllers\SubjectStandards" loaded.
INFO - 2020-04-27 03:21:08 --> Fetching Subjects details
INFO - 2020-04-27 03:21:08 --> Controller "App\Controllers\SubjectStandards" loaded.
INFO - 2020-04-27 03:21:08 --> Fetching Subjects details
INFO - 2020-04-27 03:24:01 --> Controller "App\Controllers\Sections" loaded.
INFO - 2020-04-27 03:24:01 --> Controller "App\Controllers\SubjectStandards" loaded.
INFO - 2020-04-27 03:24:01 --> Fetching Sections details
INFO - 2020-04-27 03:24:01 --> Fetching Subjects details
INFO - 2020-04-27 03:24:01 --> Controller "App\Controllers\SubjectMasters" loaded.
INFO - 2020-04-27 03:24:01 --> Fetching SubjectMasters details
INFO - 2020-04-27 03:24:24 --> Controller "App\Controllers\SubjectMasters" loaded.
INFO - 2020-04-27 03:24:24 --> Deleting SubjectMasters details
INFO - 2020-04-27 03:24:24 --> Controller "App\Controllers\SubjectMasters" loaded.
INFO - 2020-04-27 03:24:24 --> Deleting SubjectMasters details
INFO - 2020-04-27 03:24:24 --> Controller "App\Controllers\SubjectStandards" loaded.
INFO - 2020-04-27 03:24:24 --> Fetching Subjects details
INFO - 2020-04-27 03:24:24 --> Controller "App\Controllers\SubjectStandards" loaded.
INFO - 2020-04-27 03:24:24 --> Fetching Subjects details
INFO - 2020-04-27 03:24:25 --> Controller "App\Controllers\SubjectMasters" loaded.
INFO - 2020-04-27 03:24:25 --> Deleting SubjectMasters details
INFO - 2020-04-27 03:24:25 --> Controller "App\Controllers\SubjectStandards" loaded.
INFO - 2020-04-27 03:24:25 --> Fetching Subjects details
INFO - 2020-04-27 03:24:25 --> Controller "App\Controllers\SubjectMasters" loaded.
INFO - 2020-04-27 03:24:25 --> Deleting SubjectMasters details
INFO - 2020-04-27 03:24:25 --> Controller "App\Controllers\SubjectStandards" loaded.
INFO - 2020-04-27 03:24:25 --> Fetching Subjects details
INFO - 2020-04-27 03:24:27 --> Controller "App\Controllers\SubjectMasters" loaded.
INFO - 2020-04-27 03:24:27 --> Deleting SubjectMasters details
INFO - 2020-04-27 03:24:27 --> Controller "App\Controllers\SubjectMasters" loaded.
INFO - 2020-04-27 03:24:27 --> Deleting SubjectMasters details
INFO - 2020-04-27 03:24:27 --> Controller "App\Controllers\SubjectStandards" loaded.
INFO - 2020-04-27 03:24:27 --> Fetching Subjects details
INFO - 2020-04-27 03:24:27 --> Controller "App\Controllers\SubjectStandards" loaded.
INFO - 2020-04-27 03:24:27 --> Fetching Subjects details
INFO - 2020-04-27 03:24:27 --> Controller "App\Controllers\SubjectMasters" loaded.
INFO - 2020-04-27 03:24:27 --> Deleting SubjectMasters details
INFO - 2020-04-27 03:24:27 --> Controller "App\Controllers\SubjectMasters" loaded.
INFO - 2020-04-27 03:24:27 --> Deleting SubjectMasters details
INFO - 2020-04-27 03:24:28 --> Controller "App\Controllers\SubjectStandards" loaded.
INFO - 2020-04-27 03:24:28 --> Fetching Subjects details
INFO - 2020-04-27 03:24:28 --> Controller "App\Controllers\SubjectStandards" loaded.
INFO - 2020-04-27 03:24:28 --> Fetching Subjects details
INFO - 2020-04-27 03:24:35 --> Controller "App\Controllers\SubjectMasters" loaded.
INFO - 2020-04-27 03:24:35 --> Deleting SubjectMasters details
INFO - 2020-04-27 03:24:35 --> Controller "App\Controllers\SubjectMasters" loaded.
INFO - 2020-04-27 03:24:35 --> Deleting SubjectMasters details
INFO - 2020-04-27 03:24:35 --> Controller "App\Controllers\SubjectStandards" loaded.
INFO - 2020-04-27 03:24:35 --> Fetching Subjects details
INFO - 2020-04-27 03:24:35 --> Controller "App\Controllers\SubjectMasters" loaded.
INFO - 2020-04-27 03:24:35 --> Deleting SubjectMasters details
INFO - 2020-04-27 03:24:35 --> Controller "App\Controllers\SubjectMasters" loaded.
INFO - 2020-04-27 03:24:35 --> Controller "App\Controllers\SubjectStandards" loaded.
INFO - 2020-04-27 03:24:35 --> Deleting SubjectMasters details
INFO - 2020-04-27 03:24:35 --> Fetching Subjects details
INFO - 2020-04-27 03:24:35 --> Controller "App\Controllers\SubjectStandards" loaded.
INFO - 2020-04-27 03:24:35 --> Fetching Subjects details
INFO - 2020-04-27 03:24:36 --> Controller "App\Controllers\SubjectStandards" loaded.
INFO - 2020-04-27 03:24:36 --> Fetching Subjects details
INFO - 2020-04-27 03:25:06 --> Controller "App\Controllers\SubjectMasters" loaded.
INFO - 2020-04-27 03:25:06 --> Fetching SubjectMasters details
INFO - 2020-04-27 03:25:06 --> Controller "App\Controllers\Sections" loaded.
INFO - 2020-04-27 03:25:06 --> Fetching Sections details
INFO - 2020-04-27 03:29:20 --> Controller "App\Controllers\SubjectMasters" loaded.
INFO - 2020-04-27 03:29:20 --> Fetching SubjectMasters details
INFO - 2020-04-27 03:29:20 --> Controller "App\Controllers\Sections" loaded.
INFO - 2020-04-27 03:29:20 --> Fetching Sections details
INFO - 2020-04-27 03:30:07 --> Controller "App\Controllers\SubjectMasters" loaded.
INFO - 2020-04-27 03:30:07 --> Controller "App\Controllers\Sections" loaded.
INFO - 2020-04-27 03:30:07 --> Fetching SubjectMasters details
INFO - 2020-04-27 03:30:07 --> Fetching Sections details
INFO - 2020-04-27 03:34:16 --> Controller "App\Controllers\SubjectMasters" loaded.
INFO - 2020-04-27 03:34:16 --> Fetching SubjectMasters details
INFO - 2020-04-27 03:34:16 --> Controller "App\Controllers\Sections" loaded.
INFO - 2020-04-27 03:34:16 --> Fetching Sections details
INFO - 2020-04-27 03:38:25 --> Controller "App\Controllers\SubjectMasters" loaded.
INFO - 2020-04-27 03:38:25 --> Fetching SubjectMasters details
INFO - 2020-04-27 03:38:25 --> Controller "App\Controllers\Sections" loaded.
INFO - 2020-04-27 03:38:25 --> Fetching Sections details
INFO - 2020-04-27 03:39:41 --> Controller "App\Controllers\SubjectMasters" loaded.
INFO - 2020-04-27 03:39:41 --> Fetching SubjectMasters details
INFO - 2020-04-27 03:39:41 --> Controller "App\Controllers\Sections" loaded.
INFO - 2020-04-27 03:39:41 --> Fetching Sections details
INFO - 2020-04-27 03:42:40 --> Controller "App\Controllers\SubjectMasters" loaded.
INFO - 2020-04-27 03:42:40 --> Fetching SubjectMasters details
INFO - 2020-04-27 03:42:40 --> Controller "App\Controllers\Sections" loaded.
INFO - 2020-04-27 03:42:40 --> Fetching Sections details
INFO - 2020-04-27 03:44:01 --> Controller "App\Controllers\SubjectMasters" loaded.
INFO - 2020-04-27 03:44:01 --> Fetching SubjectMasters details
INFO - 2020-04-27 03:44:01 --> Controller "App\Controllers\Sections" loaded.
INFO - 2020-04-27 03:44:01 --> Fetching Sections details
INFO - 2020-04-27 03:47:02 --> Controller "App\Controllers\SubjectMasters" loaded.
INFO - 2020-04-27 03:47:02 --> Fetching SubjectMasters details
INFO - 2020-04-27 03:47:02 --> Controller "App\Controllers\Sections" loaded.
INFO - 2020-04-27 03:47:02 --> Fetching Sections details
INFO - 2020-04-27 03:47:37 --> Controller "App\Controllers\SubjectMasters" loaded.
ERROR - 2020-04-27 03:47:37 --> [ERROR] Object of class stdClass could not be converted to string SYSTEMPATH/Database/Query.php:443
INFO - 2020-04-27 03:49:33 --> Controller "App\Controllers\SubjectMasters" loaded.
INFO - 2020-04-27 03:49:33 --> Fetching SubjectMasters details
INFO - 2020-04-27 03:49:33 --> Controller "App\Controllers\Sections" loaded.
INFO - 2020-04-27 03:49:33 --> Fetching Sections details
INFO - 2020-04-27 03:50:03 --> Controller "App\Controllers\SubjectMasters" loaded.
INFO - 2020-04-27 03:50:03 --> Fetching SubjectMasters details
INFO - 2020-04-27 03:50:03 --> Controller "App\Controllers\Sections" loaded.
INFO - 2020-04-27 03:50:03 --> Fetching Sections details
INFO - 2020-04-27 03:55:48 --> Controller "App\Controllers\SubjectMasters" loaded.
INFO - 2020-04-27 03:55:48 --> Fetching SubjectMasters details
INFO - 2020-04-27 03:55:48 --> Controller "App\Controllers\Sections" loaded.
INFO - 2020-04-27 03:55:48 --> Fetching Sections details
INFO - 2020-04-27 03:56:04 --> Controller "App\Controllers\SubjectMasters" loaded.
INFO - 2020-04-27 03:56:04 --> Inserting SubjectMasters details
INFO - 2020-04-27 03:56:05 --> Controller "App\Controllers\SubjectMasters" loaded.
INFO - 2020-04-27 03:56:05 --> Fetching SubjectMasters details
INFO - 2020-04-27 03:56:18 --> Controller "App\Controllers\SubjectMasters" loaded.
INFO - 2020-04-27 03:56:18 --> Fetching SubjectMasters details
INFO - 2020-04-27 03:56:18 --> Controller "App\Controllers\Sections" loaded.
INFO - 2020-04-27 03:56:18 --> Fetching Sections details
INFO - 2020-04-27 03:58:45 --> Controller "App\Controllers\SubjectMasters" loaded.
INFO - 2020-04-27 03:58:45 --> Fetching SubjectMasters details
INFO - 2020-04-27 03:58:45 --> Controller "App\Controllers\Sections" loaded.
INFO - 2020-04-27 03:58:45 --> Fetching Sections details
INFO - 2020-04-27 04:41:57 --> Controller "App\Controllers\LeaveApplications" loaded.
INFO - 2020-04-27 04:41:57 --> Fetching All Leave details
INFO - 2020-04-27 04:42:00 --> Controller "App\Controllers\LeaveApplications" loaded.
INFO - 2020-04-27 04:42:00 --> Fetching All Leave details
INFO - 2020-04-27 04:42:02 --> Controller "App\Controllers\LeaveApplications" loaded.
INFO - 2020-04-27 04:42:02 --> Fetching All Leave details
INFO - 2020-04-27 04:42:12 --> Controller "App\Controllers\LeaveApplications" loaded.
INFO - 2020-04-27 04:42:12 --> Fetching All Leave details
INFO - 2020-04-27 04:42:15 --> Controller "App\Controllers\LeaveApplications" loaded.
INFO - 2020-04-27 04:42:15 --> Fetching All Leave details
INFO - 2020-04-27 04:42:16 --> Controller "App\Controllers\LeaveApplications" loaded.
INFO - 2020-04-27 04:42:16 --> Fetching All Leave details
INFO - 2020-04-27 04:42:21 --> Controller "App\Controllers\LeaveApplications" loaded.
INFO - 2020-04-27 04:42:21 --> Fetching All Leave details
INFO - 2020-04-27 04:42:26 --> Controller "App\Controllers\LeaveTypes" loaded.
INFO - 2020-04-27 04:42:26 --> Fetching LeaveTypes details
INFO - 2020-04-27 04:42:40 --> Controller "App\Controllers\LeaveApplications" loaded.
INFO - 2020-04-27 04:42:40 --> Fetching All Leave details
INFO - 2020-04-27 04:42:44 --> Controller "App\Controllers\LeaveApplications" loaded.
INFO - 2020-04-27 04:42:44 --> Fetching All Leave details
INFO - 2020-04-27 04:43:11 --> Controller "App\Controllers\LeaveApplications" loaded.
INFO - 2020-04-27 04:43:11 --> Fetching All Leave details
INFO - 2020-04-27 04:43:13 --> Controller "App\Controllers\LeaveApplications" loaded.
INFO - 2020-04-27 04:43:13 --> Fetching All Leave details
INFO - 2020-04-27 04:43:55 --> Controller "App\Controllers\LeaveApplications" loaded.
INFO - 2020-04-27 04:43:55 --> Fetching All Leave details
INFO - 2020-04-27 04:44:53 --> Controller "App\Controllers\SubjectMasters" loaded.
INFO - 2020-04-27 04:44:53 --> Fetching SubjectMasters details
INFO - 2020-04-27 04:44:53 --> Controller "App\Controllers\Sections" loaded.
INFO - 2020-04-27 04:44:53 --> Fetching Sections details
INFO - 2020-04-27 04:45:07 --> Controller "App\Controllers\SubjectStandards" loaded.
INFO - 2020-04-27 04:45:07 --> Fetching Subjects details
INFO - 2020-04-27 04:45:15 --> Controller "App\Controllers\SubjectStandards" loaded.
INFO - 2020-04-27 04:45:15 --> Fetching Subjects details
INFO - 2020-04-27 04:45:46 --> Controller "App\Controllers\SubjectStandards" loaded.
INFO - 2020-04-27 04:45:46 --> Fetching Subjects details
INFO - 2020-04-27 04:50:44 --> Controller "App\Controllers\LeaveApplications" loaded.
INFO - 2020-04-27 04:50:44 --> Fetching All Leave details
INFO - 2020-04-27 04:50:53 --> Controller "App\Controllers\LeaveTypes" loaded.
INFO - 2020-04-27 04:50:53 --> Fetching LeaveTypes details
INFO - 2020-04-27 04:50:54 --> Controller "App\Controllers\LeaveApplications" loaded.
INFO - 2020-04-27 04:50:54 --> Fetching All Leave details
INFO - 2020-04-27 04:50:56 --> Controller "App\Controllers\LeaveTypes" loaded.
INFO - 2020-04-27 04:50:56 --> Fetching LeaveTypes details
INFO - 2020-04-27 04:50:56 --> Controller "App\Controllers\LeaveApplications" loaded.
INFO - 2020-04-27 04:50:56 --> Fetching All Leave details
INFO - 2020-04-27 04:50:58 --> Controller "App\Controllers\LeaveApplications" loaded.
INFO - 2020-04-27 04:50:58 --> Fetching All Leave details
INFO - 2020-04-27 04:50:59 --> Controller "App\Controllers\LeaveApplications" loaded.
INFO - 2020-04-27 04:50:59 --> Fetching All Leave details
INFO - 2020-04-27 04:51:00 --> Controller "App\Controllers\LeaveTypes" loaded.
INFO - 2020-04-27 04:51:00 --> Fetching LeaveTypes details
INFO - 2020-04-27 04:51:01 --> Controller "App\Controllers\LeaveApplications" loaded.
INFO - 2020-04-27 04:51:01 --> Fetching All Leave details
INFO - 2020-04-27 04:51:02 --> Controller "App\Controllers\SubjectMasters" loaded.
INFO - 2020-04-27 04:51:02 --> Fetching SubjectMasters details
INFO - 2020-04-27 04:51:03 --> Controller "App\Controllers\Sections" loaded.
INFO - 2020-04-27 04:51:03 --> Fetching Sections details
INFO - 2020-04-27 04:51:03 --> Controller "App\Controllers\LeaveApplications" loaded.
INFO - 2020-04-27 04:51:03 --> Fetching All Leave details
INFO - 2020-04-27 04:51:22 --> Controller "App\Controllers\LeaveApplications" loaded.
INFO - 2020-04-27 04:51:22 --> Fetching All Leave details
INFO - 2020-04-27 04:51:24 --> Controller "App\Controllers\LeaveApplications" loaded.
INFO - 2020-04-27 04:51:24 --> Fetching All Leave details
INFO - 2020-04-27 04:51:25 --> Controller "App\Controllers\LeaveApplications" loaded.
INFO - 2020-04-27 04:51:25 --> Fetching All Leave details
INFO - 2020-04-27 04:51:30 --> Controller "App\Controllers\LeaveApplications" loaded.
INFO - 2020-04-27 04:51:30 --> Fetching All Leave details
INFO - 2020-04-27 04:51:39 --> Controller "App\Controllers\LeaveApplications" loaded.
INFO - 2020-04-27 04:51:39 --> Fetching All Leave details
INFO - 2020-04-27 04:51:40 --> Controller "App\Controllers\LeaveApplications" loaded.
INFO - 2020-04-27 04:51:40 --> Fetching All Leave details
INFO - 2020-04-27 04:51:58 --> Controller "App\Controllers\LeaveApplications" loaded.
INFO - 2020-04-27 04:51:58 --> Fetching All Leave details
INFO - 2020-04-27 04:52:40 --> Controller "App\Controllers\LeaveApplications" loaded.
INFO - 2020-04-27 04:52:40 --> Fetching All Leave details
INFO - 2020-04-27 04:52:44 --> Controller "App\Controllers\LeaveTypes" loaded.
INFO - 2020-04-27 04:52:44 --> Fetching LeaveTypes details
INFO - 2020-04-27 05:08:00 --> Controller "App\Controllers\LeaveApplications" loaded.
INFO - 2020-04-27 05:08:00 --> Fetching All Leave details
INFO - 2020-04-27 05:08:01 --> Controller "App\Controllers\LeaveApplications" loaded.
INFO - 2020-04-27 05:08:01 --> Fetching All Leave details
INFO - 2020-04-27 05:09:50 --> Controller "App\Controllers\LeaveTypes" loaded.
INFO - 2020-04-27 05:09:50 --> Fetching LeaveTypes details
INFO - 2020-04-27 05:13:42 --> Controller "App\Controllers\LeaveApplications" loaded.
INFO - 2020-04-27 05:13:42 --> Fetching All Leave details
INFO - 2020-04-27 05:14:14 --> Controller "App\Controllers\LeaveApplications" loaded.
INFO - 2020-04-27 05:14:14 --> Fetching All Leave details
INFO - 2020-04-27 05:14:30 --> Controller "App\Controllers\LeaveTypes" loaded.
INFO - 2020-04-27 05:14:30 --> Fetching LeaveTypes details
INFO - 2020-04-27 05:14:30 --> Controller "App\Controllers\LeaveApplications" loaded.
INFO - 2020-04-27 05:14:30 --> Fetching All Leave details
INFO - 2020-04-27 05:19:03 --> Controller "App\Controllers\LeaveApplications" loaded.
INFO - 2020-04-27 05:19:03 --> Fetching All Leave details
INFO - 2020-04-27 05:19:03 --> Controller "App\Controllers\LeaveTypes" loaded.
INFO - 2020-04-27 05:19:03 --> Fetching LeaveTypes details
INFO - 2020-04-27 05:19:25 --> Controller "App\Controllers\LeaveApplications" loaded.
INFO - 2020-04-27 05:19:25 --> Fetching All Leave details
INFO - 2020-04-27 05:19:25 --> Controller "App\Controllers\LeaveTypes" loaded.
INFO - 2020-04-27 05:19:25 --> Fetching LeaveTypes details
INFO - 2020-04-27 05:20:39 --> Controller "App\Controllers\LeaveApplications" loaded.
INFO - 2020-04-27 05:20:39 --> Fetching All Leave details
INFO - 2020-04-27 05:20:39 --> Controller "App\Controllers\LeaveTypes" loaded.
INFO - 2020-04-27 05:20:39 --> Fetching LeaveTypes details
INFO - 2020-04-27 05:22:30 --> Controller "App\Controllers\LeaveApplications" loaded.
INFO - 2020-04-27 05:22:30 --> Fetching All Leave details
INFO - 2020-04-27 05:22:30 --> Controller "App\Controllers\LeaveTypes" loaded.
INFO - 2020-04-27 05:22:30 --> Fetching LeaveTypes details
INFO - 2020-04-27 05:32:45 --> Controller "App\Controllers\LeaveApplications" loaded.
INFO - 2020-04-27 05:32:45 --> Controller "App\Controllers\LeaveTypes" loaded.
INFO - 2020-04-27 05:32:45 --> Fetching All Leave details
INFO - 2020-04-27 05:32:45 --> Fetching LeaveTypes details
INFO - 2020-04-27 05:38:39 --> Controller "App\Controllers\LeaveTypes" loaded.
INFO - 2020-04-27 05:38:39 --> Fetching LeaveTypes details
INFO - 2020-04-27 05:40:02 --> Controller "App\Controllers\LeaveTypes" loaded.
INFO - 2020-04-27 05:40:02 --> Fetching LeaveTypes details
INFO - 2020-04-27 05:41:11 --> Controller "App\Controllers\LeaveTypes" loaded.
INFO - 2020-04-27 05:41:11 --> Fetching LeaveTypes details
INFO - 2020-04-27 05:42:17 --> Controller "App\Controllers\LeaveTypes" loaded.
INFO - 2020-04-27 05:42:17 --> Fetching LeaveTypes details
INFO - 2020-04-27 05:45:49 --> Controller "App\Controllers\LeaveTypes" loaded.
INFO - 2020-04-27 05:45:49 --> Fetching LeaveTypes details
INFO - 2020-04-27 05:48:10 --> Controller "App\Controllers\LeaveTypes" loaded.
INFO - 2020-04-27 05:48:10 --> Fetching LeaveTypes details
INFO - 2020-04-27 05:52:54 --> Controller "App\Controllers\LeaveTypes" loaded.
INFO - 2020-04-27 05:52:54 --> Fetching LeaveTypes details
INFO - 2020-04-27 05:53:19 --> Controller "App\Controllers\LeaveApplications" loaded.
INFO - 2020-04-27 05:53:21 --> Controller "App\Controllers\LeaveApplications" loaded.
INFO - 2020-04-27 05:53:21 --> Fetching All Leave details
INFO - 2020-04-27 05:55:23 --> Controller "App\Controllers\LeaveApplications" loaded.
INFO - 2020-04-27 05:55:23 --> Fetching All Leave details
INFO - 2020-04-27 05:56:11 --> Controller "App\Controllers\LeaveApplications" loaded.
INFO - 2020-04-27 05:56:11 --> Fetching All Leave details
INFO - 2020-04-27 07:50:47 --> Controller "App\Controllers\Users" loaded.
INFO - 2020-04-27 07:50:47 --> Fetching Users details
INFO - 2020-04-27 09:26:48 --> Controller "App\Controllers\Dashboards" loaded.
ERROR - 2020-04-27 09:26:48 --> array_merge(): Argument #1 is not an array
INFO - 2020-04-27 09:27:07 --> Controller "App\Controllers\Dashboards" loaded.
INFO - 2020-04-27 09:27:07 --> Fetching Project Count details
INFO - 2020-04-27 09:27:11 --> Controller "App\Controllers\Dashboards" loaded.
INFO - 2020-04-27 09:27:11 --> Fetching Project Count details
INFO - 2020-04-27 09:27:15 --> Controller "App\Controllers\Dashboards" loaded.
INFO - 2020-04-27 09:27:15 --> Fetching RouteMapping Count details
INFO - 2020-04-27 09:28:06 --> Controller "App\Controllers\Dashboards" loaded.
INFO - 2020-04-27 09:28:06 --> Fetching Project Count details
INFO - 2020-04-27 09:28:16 --> Controller "App\Controllers\Dashboards" loaded.
ERROR - 2020-04-27 09:28:16 --> array_merge(): Argument #1 is not an array
INFO - 2020-04-27 09:30:59 --> Controller "App\Controllers\Dashboards" loaded.
INFO - 2020-04-27 09:30:59 --> Fetching Dashboard details
INFO - 2020-04-27 11:11:03 --> Controller "App\Controllers\LeaveApplications" loaded.
INFO - 2020-04-27 11:11:03 --> Fetching All Leave details
INFO - 2020-04-27 11:12:25 --> Controller "App\Controllers\LeaveTypes" loaded.
INFO - 2020-04-27 11:12:25 --> Fetching LeaveTypes details
INFO - 2020-04-27 11:17:29 --> Controller "App\Controllers\LeaveTypes" loaded.
INFO - 2020-04-27 11:17:29 --> Fetching LeaveTypes details
INFO - 2020-04-27 11:17:43 --> Controller "App\Controllers\LeaveApplications" loaded.
INFO - 2020-04-27 11:17:43 --> Fetching All Leave details
INFO - 2020-04-27 11:17:44 --> Controller "App\Controllers\LeaveApplications" loaded.
INFO - 2020-04-27 11:17:44 --> Fetching All Leave details
INFO - 2020-04-27 11:17:46 --> Controller "App\Controllers\LeaveApplications" loaded.
INFO - 2020-04-27 11:17:46 --> Fetching All Leave details
INFO - 2020-04-27 11:18:40 --> Controller "App\Controllers\LeaveApplications" loaded.
INFO - 2020-04-27 11:18:40 --> Fetching All Leave details
INFO - 2020-04-27 11:23:39 --> Controller "App\Controllers\LeaveApplications" loaded.
INFO - 2020-04-27 11:23:39 --> Fetching All Leave details
INFO - 2020-04-27 11:25:28 --> Controller "App\Controllers\LeaveApplications" loaded.
INFO - 2020-04-27 11:25:28 --> Fetching All Leave details
INFO - 2020-04-27 11:25:55 --> Controller "App\Controllers\LeaveApplications" loaded.
INFO - 2020-04-27 11:25:55 --> Fetching All Leave details
INFO - 2020-04-27 11:26:01 --> Controller "App\Controllers\LeaveApplications" loaded.
INFO - 2020-04-27 11:26:01 --> Fetching All Leave details
INFO - 2020-04-27 11:27:17 --> Controller "App\Controllers\LeaveApplications" loaded.
INFO - 2020-04-27 11:27:17 --> Fetching All Leave details
INFO - 2020-04-27 11:27:20 --> Controller "App\Controllers\LeaveApplications" loaded.
INFO - 2020-04-27 11:27:20 --> Fetching All Leave details
INFO - 2020-04-27 13:01:47 --> Controller "App\Controllers\LeaveApplications" loaded.
INFO - 2020-04-27 13:01:47 --> Fetching All Leave details
INFO - 2020-04-27 13:01:47 --> Controller "App\Controllers\LeaveApplications" loaded.
INFO - 2020-04-27 13:01:47 --> Fetching All Leave details
INFO - 2020-04-27 13:04:46 --> Controller "App\Controllers\LeaveApplications" loaded.
INFO - 2020-04-27 13:04:46 --> Fetching All Leave details
INFO - 2020-04-27 13:04:46 --> Controller "App\Controllers\LeaveApplications" loaded.
INFO - 2020-04-27 13:04:46 --> Fetching All Leave details
INFO - 2020-04-27 13:05:59 --> Controller "App\Controllers\LeaveApplications" loaded.
INFO - 2020-04-27 13:05:59 --> Fetching All Leave details
INFO - 2020-04-27 13:05:59 --> Controller "App\Controllers\LeaveApplications" loaded.
INFO - 2020-04-27 13:05:59 --> Fetching All Leave details
INFO - 2020-04-27 13:07:00 --> Controller "App\Controllers\LeaveTypes" loaded.
INFO - 2020-04-27 13:07:00 --> Fetching LeaveTypes details
INFO - 2020-04-27 13:07:08 --> Controller "App\Controllers\LeaveTypes" loaded.
INFO - 2020-04-27 13:07:08 --> Fetching LeaveTypes details
INFO - 2020-04-27 13:07:11 --> Controller "App\Controllers\LeaveApplications" loaded.
INFO - 2020-04-27 13:07:11 --> Fetching All Leave details
INFO - 2020-04-27 13:07:11 --> Controller "App\Controllers\LeaveApplications" loaded.
INFO - 2020-04-27 13:07:11 --> Fetching All Leave details
INFO - 2020-04-27 13:07:16 --> Controller "App\Controllers\LeaveApplications" loaded.
INFO - 2020-04-27 13:07:16 --> Fetching All Leave details
INFO - 2020-04-27 13:11:02 --> Controller "App\Controllers\LeaveApplications" loaded.
INFO - 2020-04-27 13:11:02 --> Fetching All Leave details
INFO - 2020-04-27 13:11:02 --> Controller "App\Controllers\LeaveApplications" loaded.
INFO - 2020-04-27 13:11:02 --> Fetching All Leave details
INFO - 2020-04-27 13:11:11 --> Controller "App\Controllers\LeaveApplications" loaded.
INFO - 2020-04-27 13:11:11 --> Fetching All Leave details
INFO - 2020-04-27 13:11:11 --> Controller "App\Controllers\LeaveApplications" loaded.
INFO - 2020-04-27 13:11:11 --> Fetching All Leave details
INFO - 2020-04-27 13:11:43 --> Controller "App\Controllers\LeaveApplications" loaded.
INFO - 2020-04-27 13:11:43 --> Fetching All Leave details
INFO - 2020-04-27 13:11:43 --> Controller "App\Controllers\LeaveApplications" loaded.
INFO - 2020-04-27 13:11:43 --> Fetching All Leave details
INFO - 2020-04-27 13:12:53 --> Controller "App\Controllers\LeaveApplications" loaded.
INFO - 2020-04-27 13:12:53 --> Fetching All Leave details
INFO - 2020-04-27 13:12:53 --> Controller "App\Controllers\LeaveApplications" loaded.
INFO - 2020-04-27 13:12:53 --> Fetching All Leave details
INFO - 2020-04-27 13:19:30 --> Controller "App\Controllers\LeaveApplications" loaded.
INFO - 2020-04-27 13:19:30 --> Fetching All Leave details
INFO - 2020-04-27 13:19:30 --> Controller "App\Controllers\LeaveApplications" loaded.
INFO - 2020-04-27 13:19:30 --> Fetching All Leave details
INFO - 2020-04-27 13:23:17 --> Controller "App\Controllers\LeaveApplications" loaded.
INFO - 2020-04-27 13:23:17 --> Fetching All Leave details
INFO - 2020-04-27 13:23:17 --> Controller "App\Controllers\LeaveApplications" loaded.
INFO - 2020-04-27 13:23:17 --> Fetching All Leave details
INFO - 2020-04-27 13:24:53 --> Controller "App\Controllers\LeaveApplications" loaded.
INFO - 2020-04-27 13:24:53 --> Fetching All Leave details
INFO - 2020-04-27 13:24:53 --> Controller "App\Controllers\LeaveApplications" loaded.
INFO - 2020-04-27 13:24:53 --> Fetching All Leave details
INFO - 2020-04-27 13:26:15 --> Controller "App\Controllers\LeaveApplications" loaded.
INFO - 2020-04-27 13:26:15 --> Fetching All Leave details
INFO - 2020-04-27 13:26:15 --> Controller "App\Controllers\LeaveApplications" loaded.
INFO - 2020-04-27 13:26:15 --> Fetching All Leave details
INFO - 2020-04-27 13:27:38 --> Controller "App\Controllers\LeaveApplications" loaded.
INFO - 2020-04-27 13:27:38 --> Fetching All Leave details
INFO - 2020-04-27 13:27:38 --> Controller "App\Controllers\LeaveApplications" loaded.
INFO - 2020-04-27 13:27:38 --> Fetching All Leave details
INFO - 2020-04-27 13:28:32 --> Controller "App\Controllers\LeaveApplications" loaded.
INFO - 2020-04-27 13:28:32 --> Controller "App\Controllers\LeaveApplications" loaded.
INFO - 2020-04-27 13:28:32 --> Fetching All Leave details
INFO - 2020-04-27 13:28:32 --> Fetching All Leave details
INFO - 2020-04-27 13:29:51 --> Controller "App\Controllers\LeaveApplications" loaded.
INFO - 2020-04-27 13:29:51 --> Fetching All Leave details
INFO - 2020-04-27 13:29:51 --> Controller "App\Controllers\LeaveApplications" loaded.
INFO - 2020-04-27 13:29:51 --> Fetching All Leave details
INFO - 2020-04-27 13:31:31 --> Controller "App\Controllers\LeaveApplications" loaded.
INFO - 2020-04-27 13:31:31 --> Fetching All Leave details
INFO - 2020-04-27 13:31:31 --> Controller "App\Controllers\LeaveApplications" loaded.
INFO - 2020-04-27 13:31:31 --> Fetching All Leave details
INFO - 2020-04-27 13:31:55 --> Controller "App\Controllers\LeaveTypes" loaded.
INFO - 2020-04-27 13:31:55 --> Fetching LeaveTypes details
INFO - 2020-04-27 13:33:50 --> Controller "App\Controllers\LeaveTypes" loaded.
INFO - 2020-04-27 13:33:50 --> Fetching LeaveTypes details
INFO - 2020-04-27 13:42:41 --> Controller "App\Controllers\LeaveTypes" loaded.
INFO - 2020-04-27 13:42:41 --> Fetching LeaveTypes details
INFO - 2020-04-27 13:42:52 --> Controller "App\Controllers\LeaveApplications" loaded.
INFO - 2020-04-27 13:42:52 --> Fetching All Leave details
INFO - 2020-04-27 13:42:52 --> Controller "App\Controllers\LeaveApplications" loaded.
INFO - 2020-04-27 13:42:52 --> Fetching All Leave details
INFO - 2020-04-27 13:44:36 --> Controller "App\Controllers\LeaveApplications" loaded.
INFO - 2020-04-27 13:44:36 --> Controller "App\Controllers\LeaveApplications" loaded.
INFO - 2020-04-27 13:44:36 --> Fetching All Leave details
INFO - 2020-04-27 13:44:36 --> Fetching All Leave details
INFO - 2020-04-27 13:45:20 --> Controller "App\Controllers\LeaveApplications" loaded.
INFO - 2020-04-27 13:45:20 --> Fetching All Leave details
INFO - 2020-04-27 13:45:20 --> Controller "App\Controllers\LeaveApplications" loaded.
INFO - 2020-04-27 13:45:20 --> Fetching All Leave details
INFO - 2020-04-27 13:45:46 --> Controller "App\Controllers\LeaveApplications" loaded.
INFO - 2020-04-27 13:45:46 --> Fetching All Leave details
INFO - 2020-04-27 13:46:42 --> Controller "App\Controllers\LeaveApplications" loaded.
INFO - 2020-04-27 13:46:42 --> Fetching All Leave details
INFO - 2020-04-27 13:53:33 --> Controller "App\Controllers\Users" loaded.
INFO - 2020-04-27 13:54:00 --> Controller "App\Controllers\Users" loaded.
INFO - 2020-04-27 13:54:00 --> Fetching Users details
INFO - 2020-04-27 23:25:40 --> Controller "App\Controllers\LeaveApplications" loaded.
INFO - 2020-04-27 23:25:40 --> Fetching All Leave details
INFO - 2020-04-27 23:52:46 --> Controller "App\Controllers\Users" loaded.
INFO - 2020-04-27 23:52:46 --> Fetching Users details
INFO - 2020-04-27 23:52:54 --> Controller "App\Controllers\Users" loaded.
INFO - 2020-04-27 23:52:54 --> Fetching Users details
INFO - 2020-04-27 23:55:05 --> Controller "App\Controllers\Holidays" loaded.
INFO - 2020-04-27 23:55:05 --> Fetching Holiday details
INFO - 2020-04-27 23:55:12 --> Controller "App\Controllers\SubjectMasters" loaded.
INFO - 2020-04-27 23:55:12 --> Controller "App\Controllers\Sections" loaded.
INFO - 2020-04-27 23:55:12 --> Fetching SubjectMasters details
INFO - 2020-04-27 23:55:12 --> Fetching Sections details
INFO - 2020-04-27 23:55:28 --> Controller "App\Controllers\SubjectStandards" loaded.
INFO - 2020-04-27 23:55:28 --> Fetching Subjects details
INFO - 2020-04-27 23:56:56 --> Controller "App\Controllers\Sections" loaded.
INFO - 2020-04-27 23:56:56 --> Controller "App\Controllers\SubjectMasters" loaded.
INFO - 2020-04-27 23:56:56 --> Fetching SubjectMasters details
INFO - 2020-04-27 23:56:56 --> Fetching Sections details
INFO - 2020-04-27 23:57:25 --> Controller "App\Controllers\SubjectMasters" loaded.
INFO - 2020-04-27 23:57:25 --> Fetching SubjectMasters details
INFO - 2020-04-27 23:57:25 --> Controller "App\Controllers\Sections" loaded.
INFO - 2020-04-27 23:57:25 --> Fetching Sections details
INFO - 2020-04-27 23:58:41 --> Controller "App\Controllers\SubjectMasters" loaded.
INFO - 2020-04-27 23:58:41 --> Fetching SubjectMasters details
INFO - 2020-04-27 23:58:41 --> Controller "App\Controllers\Sections" loaded.
INFO - 2020-04-27 23:58:41 --> Fetching Sections details
