INFO - 2020-11-11 08:40:48 --> Controller "App\Controllers\Sections" loaded.
INFO - 2020-11-11 08:40:48 --> Controller "App\Controllers\ExamsOnline" loaded.
INFO - 2020-11-11 08:40:48 --> Fetching Sections details
INFO - 2020-11-11 08:40:48 --> Fetching Online Exam Details details
INFO - 2020-11-11 08:40:49 --> Controller "App\Controllers\ExamsOnline" loaded.
INFO - 2020-11-11 08:40:49 --> Fetching Online Exam Details details
INFO - 2020-11-11 08:40:51 --> Controller "App\Controllers\ExamsOnline" loaded.
INFO - 2020-11-11 08:40:51 --> Fetching Online Exam Details details
INFO - 2020-11-11 08:40:52 --> Controller "App\Controllers\ExamsOnline" loaded.
INFO - 2020-11-11 08:40:52 --> Fetching Online Exam Details details
INFO - 2020-11-11 08:40:53 --> Controller "App\Controllers\ExamsOnline" loaded.
INFO - 2020-11-11 08:40:53 --> Fetching Online Exam Details details
INFO - 2020-11-11 08:40:54 --> Controller "App\Controllers\ExamsOnline" loaded.
INFO - 2020-11-11 08:40:54 --> Fetching Online Exam Details details
INFO - 2020-11-11 08:40:55 --> Controller "App\Controllers\ExamsOnline" loaded.
INFO - 2020-11-11 08:40:55 --> Fetching Online Exam Details details
INFO - 2020-11-11 08:40:56 --> Controller "App\Controllers\ExamsOnline" loaded.
INFO - 2020-11-11 08:40:56 --> Fetching Online Exam Details details
INFO - 2020-11-11 08:40:57 --> Controller "App\Controllers\ExamsOnline" loaded.
INFO - 2020-11-11 08:40:57 --> Fetching Online Exam Details details
INFO - 2020-11-11 08:40:58 --> Controller "App\Controllers\ExamsOnline" loaded.
INFO - 2020-11-11 08:40:58 --> Fetching Online Exam Details details
INFO - 2020-11-11 08:40:59 --> Controller "App\Controllers\ExamsOnline" loaded.
INFO - 2020-11-11 08:40:59 --> Fetching Online Exam Details details
INFO - 2020-11-11 08:41:00 --> Controller "App\Controllers\ExamsOnline" loaded.
INFO - 2020-11-11 08:41:00 --> Fetching Online Exam Details details
INFO - 2020-11-11 08:41:01 --> Controller "App\Controllers\ExamsOnline" loaded.
INFO - 2020-11-11 08:41:01 --> Fetching Online Exam Details details
INFO - 2020-11-11 08:41:02 --> Controller "App\Controllers\ExamsOnline" loaded.
INFO - 2020-11-11 08:41:02 --> Fetching Online Exam Details details
INFO - 2020-11-11 08:41:03 --> Controller "App\Controllers\ExamsOnline" loaded.
INFO - 2020-11-11 08:41:03 --> Fetching Online Exam Details details
INFO - 2020-11-11 08:41:04 --> Controller "App\Controllers\ExamsOnline" loaded.
INFO - 2020-11-11 08:41:04 --> Fetching Online Exam Details details
INFO - 2020-11-11 08:41:05 --> Controller "App\Controllers\ExamsOnline" loaded.
INFO - 2020-11-11 08:41:05 --> Fetching Online Exam Details details
INFO - 2020-11-11 08:41:06 --> Controller "App\Controllers\ExamsOnline" loaded.
INFO - 2020-11-11 08:41:06 --> Fetching Online Exam Details details
INFO - 2020-11-11 08:41:07 --> Controller "App\Controllers\ExamsOnline" loaded.
INFO - 2020-11-11 08:41:07 --> Fetching Online Exam Details details
INFO - 2020-11-11 08:41:09 --> Controller "App\Controllers\ExamsOnline" loaded.
INFO - 2020-11-11 08:41:09 --> Fetching Online Exam Details details
INFO - 2020-11-11 08:41:09 --> Controller "App\Controllers\ExamsOnline" loaded.
INFO - 2020-11-11 08:41:09 --> Fetching Online Exam Details details
INFO - 2020-11-11 08:41:10 --> Controller "App\Controllers\ExamsOnline" loaded.
INFO - 2020-11-11 08:41:10 --> Fetching Online Exam Details details
INFO - 2020-11-11 08:41:11 --> Controller "App\Controllers\ExamsOnline" loaded.
INFO - 2020-11-11 08:41:11 --> Fetching Online Exam Details details
INFO - 2020-11-11 08:41:12 --> Controller "App\Controllers\ExamsOnline" loaded.
INFO - 2020-11-11 08:41:12 --> Fetching Online Exam Details details
INFO - 2020-11-11 08:41:13 --> Controller "App\Controllers\ExamsOnline" loaded.
INFO - 2020-11-11 08:41:13 --> Fetching Online Exam Details details
INFO - 2020-11-11 08:41:14 --> Controller "App\Controllers\ExamsOnline" loaded.
INFO - 2020-11-11 08:41:14 --> Fetching Online Exam Details details
INFO - 2020-11-11 08:41:15 --> Controller "App\Controllers\ExamsOnline" loaded.
INFO - 2020-11-11 08:41:15 --> Fetching Online Exam Details details
INFO - 2020-11-11 08:41:16 --> Controller "App\Controllers\ExamsOnline" loaded.
INFO - 2020-11-11 08:41:16 --> Fetching Online Exam Details details
INFO - 2020-11-11 08:41:17 --> Controller "App\Controllers\ExamsOnline" loaded.
INFO - 2020-11-11 08:41:17 --> Fetching Online Exam Details details
INFO - 2020-11-11 08:41:18 --> Controller "App\Controllers\ExamsOnline" loaded.
INFO - 2020-11-11 08:41:18 --> Fetching Online Exam Details details
INFO - 2020-11-11 08:41:19 --> Controller "App\Controllers\ExamsOnline" loaded.
INFO - 2020-11-11 08:41:19 --> Fetching Online Exam Details details
INFO - 2020-11-11 08:41:20 --> Controller "App\Controllers\ExamsOnline" loaded.
INFO - 2020-11-11 08:41:20 --> Fetching Online Exam Details details
INFO - 2020-11-11 08:41:21 --> Controller "App\Controllers\ExamsOnline" loaded.
INFO - 2020-11-11 08:41:21 --> Fetching Online Exam Details details
INFO - 2020-11-11 08:41:22 --> Controller "App\Controllers\ExamsOnline" loaded.
INFO - 2020-11-11 08:41:22 --> Fetching Online Exam Details details
INFO - 2020-11-11 08:41:23 --> Controller "App\Controllers\ExamsOnline" loaded.
INFO - 2020-11-11 08:41:23 --> Fetching Online Exam Details details
INFO - 2020-11-11 08:41:24 --> Controller "App\Controllers\ExamsOnline" loaded.
INFO - 2020-11-11 08:41:24 --> Fetching Online Exam Details details
INFO - 2020-11-11 08:41:25 --> Controller "App\Controllers\ExamsOnline" loaded.
INFO - 2020-11-11 08:41:25 --> Fetching Online Exam Details details
INFO - 2020-11-11 08:41:26 --> Controller "App\Controllers\ExamsOnline" loaded.
INFO - 2020-11-11 08:41:26 --> Fetching Online Exam Details details
INFO - 2020-11-11 08:41:27 --> Controller "App\Controllers\ExamsOnline" loaded.
INFO - 2020-11-11 08:41:27 --> Fetching Online Exam Details details
INFO - 2020-11-11 08:41:29 --> Controller "App\Controllers\ExamsOnline" loaded.
INFO - 2020-11-11 08:41:29 --> Fetching Online Exam Details details
INFO - 2020-11-11 08:41:29 --> Controller "App\Controllers\ExamsOnline" loaded.
INFO - 2020-11-11 08:41:29 --> Fetching Online Exam Details details
INFO - 2020-11-11 08:41:30 --> Controller "App\Controllers\ExamsOnline" loaded.
INFO - 2020-11-11 08:41:30 --> Fetching Online Exam Details details
INFO - 2020-11-11 08:41:31 --> Controller "App\Controllers\ExamsOnline" loaded.
INFO - 2020-11-11 08:41:31 --> Fetching Online Exam Details details
INFO - 2020-11-11 08:41:32 --> Controller "App\Controllers\ExamsOnline" loaded.
INFO - 2020-11-11 08:41:32 --> Fetching Online Exam Details details
INFO - 2020-11-11 08:41:33 --> Controller "App\Controllers\ExamsOnline" loaded.
INFO - 2020-11-11 08:41:33 --> Fetching Online Exam Details details
INFO - 2020-11-11 08:41:34 --> Controller "App\Controllers\ExamsOnline" loaded.
INFO - 2020-11-11 08:41:34 --> Fetching Online Exam Details details
INFO - 2020-11-11 08:41:35 --> Controller "App\Controllers\ExamsOnline" loaded.
INFO - 2020-11-11 08:41:35 --> Fetching Online Exam Details details
INFO - 2020-11-11 08:41:36 --> Controller "App\Controllers\ExamsOnline" loaded.
INFO - 2020-11-11 08:41:36 --> Fetching Online Exam Details details
INFO - 2020-11-11 08:41:37 --> Controller "App\Controllers\ExamsOnline" loaded.
INFO - 2020-11-11 08:41:37 --> Fetching Online Exam Details details
INFO - 2020-11-11 08:41:38 --> Controller "App\Controllers\ExamsOnline" loaded.
INFO - 2020-11-11 08:41:38 --> Fetching Online Exam Details details
INFO - 2020-11-11 08:41:39 --> Controller "App\Controllers\ExamsOnline" loaded.
INFO - 2020-11-11 08:41:39 --> Fetching Online Exam Details details
INFO - 2020-11-11 08:41:40 --> Controller "App\Controllers\ExamsOnline" loaded.
INFO - 2020-11-11 08:41:40 --> Fetching Online Exam Details details
INFO - 2020-11-11 08:41:41 --> Controller "App\Controllers\ExamsOnline" loaded.
INFO - 2020-11-11 08:41:41 --> Fetching Online Exam Details details
INFO - 2020-11-11 08:41:42 --> Controller "App\Controllers\ExamsOnline" loaded.
INFO - 2020-11-11 08:41:42 --> Fetching Online Exam Details details
INFO - 2020-11-11 08:41:43 --> Controller "App\Controllers\ExamsOnline" loaded.
INFO - 2020-11-11 08:41:43 --> Fetching Online Exam Details details
INFO - 2020-11-11 08:41:44 --> Controller "App\Controllers\ExamsOnline" loaded.
INFO - 2020-11-11 08:41:44 --> Fetching Online Exam Details details
INFO - 2020-11-11 08:41:45 --> Controller "App\Controllers\ExamsOnline" loaded.
INFO - 2020-11-11 08:41:45 --> Fetching Online Exam Details details
INFO - 2020-11-11 08:41:46 --> Controller "App\Controllers\ExamsOnline" loaded.
INFO - 2020-11-11 08:41:46 --> Fetching Online Exam Details details
INFO - 2020-11-11 08:41:47 --> Controller "App\Controllers\ExamsOnline" loaded.
INFO - 2020-11-11 08:41:47 --> Fetching Online Exam Details details
INFO - 2020-11-11 08:41:48 --> Controller "App\Controllers\ExamsOnline" loaded.
INFO - 2020-11-11 08:41:48 --> Fetching Online Exam Details details
INFO - 2020-11-11 08:41:49 --> Controller "App\Controllers\ExamsOnline" loaded.
INFO - 2020-11-11 08:41:49 --> Fetching Online Exam Details details
INFO - 2020-11-11 08:41:50 --> Controller "App\Controllers\ExamsOnline" loaded.
INFO - 2020-11-11 08:41:50 --> Fetching Online Exam Details details
INFO - 2020-11-11 08:41:51 --> Controller "App\Controllers\ExamsOnline" loaded.
INFO - 2020-11-11 08:41:51 --> Fetching Online Exam Details details
INFO - 2020-11-11 08:41:52 --> Controller "App\Controllers\ExamsOnline" loaded.
INFO - 2020-11-11 08:41:52 --> Fetching Online Exam Details details
INFO - 2020-11-11 08:41:53 --> Controller "App\Controllers\ExamsOnline" loaded.
INFO - 2020-11-11 08:41:53 --> Fetching Online Exam Details details
INFO - 2020-11-11 08:41:54 --> Controller "App\Controllers\ExamsOnline" loaded.
INFO - 2020-11-11 08:41:54 --> Fetching Online Exam Details details
INFO - 2020-11-11 08:41:55 --> Controller "App\Controllers\ExamsOnline" loaded.
INFO - 2020-11-11 08:41:55 --> Fetching Online Exam Details details
INFO - 2020-11-11 08:41:56 --> Controller "App\Controllers\ExamsOnline" loaded.
INFO - 2020-11-11 08:41:56 --> Fetching Online Exam Details details
INFO - 2020-11-11 08:41:57 --> Controller "App\Controllers\ExamsOnline" loaded.
INFO - 2020-11-11 08:41:57 --> Fetching Online Exam Details details
INFO - 2020-11-11 08:41:58 --> Controller "App\Controllers\ExamsOnline" loaded.
INFO - 2020-11-11 08:41:58 --> Fetching Online Exam Details details
INFO - 2020-11-11 08:41:59 --> Controller "App\Controllers\ExamsOnline" loaded.
INFO - 2020-11-11 08:41:59 --> Fetching Online Exam Details details
INFO - 2020-11-11 08:42:00 --> Controller "App\Controllers\ExamsOnline" loaded.
INFO - 2020-11-11 08:42:00 --> Fetching Online Exam Details details
INFO - 2020-11-11 08:42:01 --> Controller "App\Controllers\ExamsOnline" loaded.
INFO - 2020-11-11 08:42:01 --> Fetching Online Exam Details details
INFO - 2020-11-11 08:42:02 --> Controller "App\Controllers\ExamsOnline" loaded.
INFO - 2020-11-11 08:42:02 --> Fetching Online Exam Details details
INFO - 2020-11-11 08:42:03 --> Controller "App\Controllers\ExamsOnline" loaded.
INFO - 2020-11-11 08:42:03 --> Fetching Online Exam Details details
INFO - 2020-11-11 08:42:04 --> Controller "App\Controllers\ExamsOnline" loaded.
INFO - 2020-11-11 08:42:04 --> Fetching Online Exam Details details
INFO - 2020-11-11 08:42:05 --> Controller "App\Controllers\ExamsOnline" loaded.
INFO - 2020-11-11 08:42:05 --> Fetching Online Exam Details details
INFO - 2020-11-11 08:42:06 --> Controller "App\Controllers\ExamsOnline" loaded.
INFO - 2020-11-11 08:42:06 --> Fetching Online Exam Details details
INFO - 2020-11-11 08:42:08 --> Controller "App\Controllers\ExamsOnline" loaded.
INFO - 2020-11-11 08:42:08 --> Fetching Online Exam Details details
INFO - 2020-11-11 08:42:08 --> Controller "App\Controllers\ExamsOnline" loaded.
INFO - 2020-11-11 08:42:08 --> Fetching Online Exam Details details
INFO - 2020-11-11 08:42:09 --> Controller "App\Controllers\ExamsOnline" loaded.
INFO - 2020-11-11 08:42:09 --> Fetching Online Exam Details details
INFO - 2020-11-11 08:42:10 --> Controller "App\Controllers\ExamsOnline" loaded.
INFO - 2020-11-11 08:42:10 --> Fetching Online Exam Details details
INFO - 2020-11-11 08:42:11 --> Controller "App\Controllers\ExamsOnline" loaded.
INFO - 2020-11-11 08:42:11 --> Fetching Online Exam Details details
INFO - 2020-11-11 08:42:12 --> Controller "App\Controllers\ExamsOnline" loaded.
INFO - 2020-11-11 08:42:12 --> Fetching Online Exam Details details
INFO - 2020-11-11 08:42:13 --> Controller "App\Controllers\ExamsOnline" loaded.
INFO - 2020-11-11 08:42:13 --> Fetching Online Exam Details details
INFO - 2020-11-11 08:42:14 --> Controller "App\Controllers\ExamsOnline" loaded.
INFO - 2020-11-11 08:42:14 --> Fetching Online Exam Details details
INFO - 2020-11-11 08:42:15 --> Controller "App\Controllers\ExamsOnline" loaded.
INFO - 2020-11-11 08:42:15 --> Fetching Online Exam Details details
INFO - 2020-11-11 08:42:16 --> Controller "App\Controllers\ExamsOnline" loaded.
INFO - 2020-11-11 08:42:16 --> Fetching Online Exam Details details
INFO - 2020-11-11 08:42:17 --> Controller "App\Controllers\ExamsOnline" loaded.
INFO - 2020-11-11 08:42:17 --> Fetching Online Exam Details details
INFO - 2020-11-11 08:42:18 --> Controller "App\Controllers\ExamsOnline" loaded.
INFO - 2020-11-11 08:42:18 --> Fetching Online Exam Details details
INFO - 2020-11-11 08:42:19 --> Controller "App\Controllers\ExamsOnline" loaded.
INFO - 2020-11-11 08:42:19 --> Fetching Online Exam Details details
INFO - 2020-11-11 08:42:20 --> Controller "App\Controllers\ExamsOnline" loaded.
INFO - 2020-11-11 08:42:20 --> Fetching Online Exam Details details
INFO - 2020-11-11 08:42:21 --> Controller "App\Controllers\ExamsOnline" loaded.
INFO - 2020-11-11 08:42:21 --> Fetching Online Exam Details details
INFO - 2020-11-11 08:42:22 --> Controller "App\Controllers\ExamsOnline" loaded.
INFO - 2020-11-11 08:42:22 --> Fetching Online Exam Details details
INFO - 2020-11-11 08:42:23 --> Controller "App\Controllers\ExamsOnline" loaded.
INFO - 2020-11-11 08:42:23 --> Fetching Online Exam Details details
INFO - 2020-11-11 08:42:24 --> Controller "App\Controllers\ExamsOnline" loaded.
INFO - 2020-11-11 08:42:24 --> Fetching Online Exam Details details
INFO - 2020-11-11 08:42:25 --> Controller "App\Controllers\ExamsOnline" loaded.
INFO - 2020-11-11 08:42:25 --> Fetching Online Exam Details details
INFO - 2020-11-11 08:42:26 --> Controller "App\Controllers\ExamsOnline" loaded.
INFO - 2020-11-11 08:42:26 --> Fetching Online Exam Details details
INFO - 2020-11-11 08:42:27 --> Controller "App\Controllers\ExamsOnline" loaded.
INFO - 2020-11-11 08:42:27 --> Fetching Online Exam Details details
INFO - 2020-11-11 08:42:28 --> Controller "App\Controllers\ExamsOnline" loaded.
INFO - 2020-11-11 08:42:28 --> Fetching Online Exam Details details
INFO - 2020-11-11 08:42:29 --> Controller "App\Controllers\ExamsOnline" loaded.
INFO - 2020-11-11 08:42:29 --> Fetching Online Exam Details details
INFO - 2020-11-11 08:42:30 --> Controller "App\Controllers\ExamsOnline" loaded.
INFO - 2020-11-11 08:42:30 --> Fetching Online Exam Details details
INFO - 2020-11-11 08:42:31 --> Controller "App\Controllers\ExamsOnline" loaded.
INFO - 2020-11-11 08:42:31 --> Fetching Online Exam Details details
INFO - 2020-11-11 08:42:32 --> Controller "App\Controllers\ExamsOnline" loaded.
INFO - 2020-11-11 08:42:32 --> Fetching Online Exam Details details
INFO - 2020-11-11 08:42:33 --> Controller "App\Controllers\ExamsOnline" loaded.
INFO - 2020-11-11 08:42:33 --> Fetching Online Exam Details details
INFO - 2020-11-11 08:42:34 --> Controller "App\Controllers\ExamsOnline" loaded.
INFO - 2020-11-11 08:42:34 --> Fetching Online Exam Details details
INFO - 2020-11-11 08:42:35 --> Controller "App\Controllers\ExamsOnline" loaded.
INFO - 2020-11-11 08:42:35 --> Fetching Online Exam Details details
INFO - 2020-11-11 08:42:36 --> Controller "App\Controllers\ExamsOnline" loaded.
INFO - 2020-11-11 08:42:36 --> Fetching Online Exam Details details
INFO - 2020-11-11 08:42:37 --> Controller "App\Controllers\ExamsOnline" loaded.
INFO - 2020-11-11 08:42:37 --> Fetching Online Exam Details details
INFO - 2020-11-11 08:42:38 --> Controller "App\Controllers\ExamsOnline" loaded.
INFO - 2020-11-11 08:42:38 --> Fetching Online Exam Details details
INFO - 2020-11-11 08:42:39 --> Controller "App\Controllers\ExamsOnline" loaded.
INFO - 2020-11-11 08:42:39 --> Fetching Online Exam Details details
INFO - 2020-11-11 08:42:41 --> Controller "App\Controllers\ExamsOnline" loaded.
INFO - 2020-11-11 08:42:41 --> Fetching Online Exam Details details
INFO - 2020-11-11 08:42:41 --> Controller "App\Controllers\ExamsOnline" loaded.
INFO - 2020-11-11 08:42:41 --> Fetching Online Exam Details details
INFO - 2020-11-11 08:42:42 --> Controller "App\Controllers\ExamsOnline" loaded.
INFO - 2020-11-11 08:42:42 --> Fetching Online Exam Details details
INFO - 2020-11-11 08:42:43 --> Controller "App\Controllers\ExamsOnline" loaded.
INFO - 2020-11-11 08:42:43 --> Fetching Online Exam Details details
INFO - 2020-11-11 08:42:44 --> Controller "App\Controllers\ExamsOnline" loaded.
INFO - 2020-11-11 08:42:44 --> Fetching Online Exam Details details
INFO - 2020-11-11 08:42:45 --> Controller "App\Controllers\ExamsOnline" loaded.
INFO - 2020-11-11 08:42:45 --> Fetching Online Exam Details details
INFO - 2020-11-11 08:42:46 --> Controller "App\Controllers\ExamsOnline" loaded.
INFO - 2020-11-11 08:42:46 --> Fetching Online Exam Details details
INFO - 2020-11-11 08:42:47 --> Controller "App\Controllers\ExamsOnline" loaded.
INFO - 2020-11-11 08:42:47 --> Fetching Online Exam Details details
INFO - 2020-11-11 08:42:48 --> Controller "App\Controllers\ExamsOnline" loaded.
INFO - 2020-11-11 08:42:48 --> Fetching Online Exam Details details
INFO - 2020-11-11 08:42:49 --> Controller "App\Controllers\ExamsOnline" loaded.
INFO - 2020-11-11 08:42:49 --> Fetching Online Exam Details details
INFO - 2020-11-11 08:42:50 --> Controller "App\Controllers\ExamsOnline" loaded.
INFO - 2020-11-11 08:42:50 --> Fetching Online Exam Details details
INFO - 2020-11-11 08:42:51 --> Controller "App\Controllers\ExamsOnline" loaded.
INFO - 2020-11-11 08:42:51 --> Fetching Online Exam Details details
INFO - 2020-11-11 08:42:52 --> Controller "App\Controllers\ExamsOnline" loaded.
INFO - 2020-11-11 08:42:52 --> Fetching Online Exam Details details
INFO - 2020-11-11 08:42:53 --> Controller "App\Controllers\ExamsOnline" loaded.
INFO - 2020-11-11 08:42:53 --> Fetching Online Exam Details details
INFO - 2020-11-11 08:42:54 --> Controller "App\Controllers\ExamsOnline" loaded.
INFO - 2020-11-11 08:42:54 --> Fetching Online Exam Details details
INFO - 2020-11-11 08:42:55 --> Controller "App\Controllers\ExamsOnline" loaded.
INFO - 2020-11-11 08:42:55 --> Fetching Online Exam Details details
INFO - 2020-11-11 08:42:57 --> Controller "App\Controllers\ExamsOnline" loaded.
INFO - 2020-11-11 08:42:57 --> Fetching Online Exam Details details
INFO - 2020-11-11 08:42:58 --> Controller "App\Controllers\ExamsOnline" loaded.
INFO - 2020-11-11 08:42:58 --> Fetching Online Exam Details details
INFO - 2020-11-11 08:42:59 --> Controller "App\Controllers\ExamsOnline" loaded.
INFO - 2020-11-11 08:42:59 --> Fetching Online Exam Details details
INFO - 2020-11-11 08:43:00 --> Controller "App\Controllers\ExamsOnline" loaded.
INFO - 2020-11-11 08:43:00 --> Fetching Online Exam Details details
INFO - 2020-11-11 08:43:01 --> Controller "App\Controllers\ExamsOnline" loaded.
INFO - 2020-11-11 08:43:01 --> Fetching Online Exam Details details
INFO - 2020-11-11 08:43:03 --> Controller "App\Controllers\ExamsOnline" loaded.
INFO - 2020-11-11 08:43:03 --> Fetching Online Exam Details details
INFO - 2020-11-11 08:43:03 --> Controller "App\Controllers\ExamsOnline" loaded.
INFO - 2020-11-11 08:43:03 --> Fetching Online Exam Details details
INFO - 2020-11-11 08:43:04 --> Controller "App\Controllers\ExamsOnline" loaded.
INFO - 2020-11-11 08:43:04 --> Fetching Online Exam Details details
INFO - 2020-11-11 08:43:05 --> Controller "App\Controllers\ExamsOnline" loaded.
INFO - 2020-11-11 08:43:05 --> Fetching Online Exam Details details
INFO - 2020-11-11 08:43:06 --> Controller "App\Controllers\ExamsOnline" loaded.
INFO - 2020-11-11 08:43:06 --> Fetching Online Exam Details details
INFO - 2020-11-11 08:43:07 --> Controller "App\Controllers\ExamsOnline" loaded.
INFO - 2020-11-11 08:43:07 --> Fetching Online Exam Details details
INFO - 2020-11-11 08:43:08 --> Controller "App\Controllers\ExamsOnline" loaded.
INFO - 2020-11-11 08:43:08 --> Fetching Online Exam Details details
INFO - 2020-11-11 08:43:09 --> Controller "App\Controllers\ExamsOnline" loaded.
INFO - 2020-11-11 08:43:09 --> Fetching Online Exam Details details
INFO - 2020-11-11 08:43:10 --> Controller "App\Controllers\ExamsOnline" loaded.
INFO - 2020-11-11 08:43:10 --> Fetching Online Exam Details details
INFO - 2020-11-11 08:43:11 --> Controller "App\Controllers\ExamsOnline" loaded.
INFO - 2020-11-11 08:43:11 --> Fetching Online Exam Details details
INFO - 2020-11-11 08:43:12 --> Controller "App\Controllers\ExamsOnline" loaded.
INFO - 2020-11-11 08:43:12 --> Fetching Online Exam Details details
INFO - 2020-11-11 08:43:13 --> Controller "App\Controllers\ExamsOnline" loaded.
INFO - 2020-11-11 08:43:13 --> Fetching Online Exam Details details
INFO - 2020-11-11 08:43:14 --> Controller "App\Controllers\ExamsOnline" loaded.
INFO - 2020-11-11 08:43:14 --> Fetching Online Exam Details details
INFO - 2020-11-11 08:43:15 --> Controller "App\Controllers\ExamsOnline" loaded.
INFO - 2020-11-11 08:43:15 --> Fetching Online Exam Details details
INFO - 2020-11-11 08:43:16 --> Controller "App\Controllers\ExamsOnline" loaded.
INFO - 2020-11-11 08:43:16 --> Fetching Online Exam Details details
INFO - 2020-11-11 08:43:17 --> Controller "App\Controllers\ExamsOnline" loaded.
INFO - 2020-11-11 08:43:17 --> Fetching Online Exam Details details
INFO - 2020-11-11 08:43:18 --> Controller "App\Controllers\ExamsOnline" loaded.
INFO - 2020-11-11 08:43:18 --> Fetching Online Exam Details details
INFO - 2020-11-11 08:43:19 --> Controller "App\Controllers\ExamsOnline" loaded.
INFO - 2020-11-11 08:43:19 --> Fetching Online Exam Details details
INFO - 2020-11-11 08:43:20 --> Controller "App\Controllers\ExamsOnline" loaded.
INFO - 2020-11-11 08:43:20 --> Fetching Online Exam Details details
INFO - 2020-11-11 08:43:21 --> Controller "App\Controllers\ExamsOnline" loaded.
INFO - 2020-11-11 08:43:21 --> Fetching Online Exam Details details
INFO - 2020-11-11 08:43:22 --> Controller "App\Controllers\ExamsOnline" loaded.
INFO - 2020-11-11 08:43:22 --> Fetching Online Exam Details details
INFO - 2020-11-11 08:43:23 --> Controller "App\Controllers\ExamsOnline" loaded.
INFO - 2020-11-11 08:43:23 --> Fetching Online Exam Details details
INFO - 2020-11-11 08:43:25 --> Controller "App\Controllers\ExamsOnline" loaded.
INFO - 2020-11-11 08:43:25 --> Fetching Online Exam Details details
INFO - 2020-11-11 08:43:25 --> Controller "App\Controllers\ExamsOnline" loaded.
INFO - 2020-11-11 08:43:25 --> Fetching Online Exam Details details
INFO - 2020-11-11 08:43:26 --> Controller "App\Controllers\ExamsOnline" loaded.
INFO - 2020-11-11 08:43:26 --> Fetching Online Exam Details details
INFO - 2020-11-11 08:43:27 --> Controller "App\Controllers\ExamsOnline" loaded.
INFO - 2020-11-11 08:43:27 --> Fetching Online Exam Details details
INFO - 2020-11-11 08:43:28 --> Controller "App\Controllers\ExamsOnline" loaded.
INFO - 2020-11-11 08:43:28 --> Fetching Online Exam Details details
INFO - 2020-11-11 08:43:29 --> Controller "App\Controllers\ExamsOnline" loaded.
INFO - 2020-11-11 08:43:29 --> Fetching Online Exam Details details
INFO - 2020-11-11 08:43:30 --> Controller "App\Controllers\ExamsOnline" loaded.
INFO - 2020-11-11 08:43:30 --> Fetching Online Exam Details details
INFO - 2020-11-11 08:43:31 --> Controller "App\Controllers\ExamsOnline" loaded.
INFO - 2020-11-11 08:43:31 --> Fetching Online Exam Details details
INFO - 2020-11-11 08:43:32 --> Controller "App\Controllers\ExamsOnline" loaded.
INFO - 2020-11-11 08:43:32 --> Fetching Online Exam Details details
INFO - 2020-11-11 08:43:33 --> Controller "App\Controllers\ExamsOnline" loaded.
INFO - 2020-11-11 08:43:33 --> Fetching Online Exam Details details
INFO - 2020-11-11 08:43:34 --> Controller "App\Controllers\ExamsOnline" loaded.
INFO - 2020-11-11 08:43:34 --> Fetching Online Exam Details details
INFO - 2020-11-11 08:43:35 --> Controller "App\Controllers\ExamsOnline" loaded.
INFO - 2020-11-11 08:43:35 --> Fetching Online Exam Details details
INFO - 2020-11-11 08:43:36 --> Controller "App\Controllers\ExamsOnline" loaded.
INFO - 2020-11-11 08:43:36 --> Fetching Online Exam Details details
INFO - 2020-11-11 08:43:37 --> Controller "App\Controllers\ExamsOnline" loaded.
INFO - 2020-11-11 08:43:37 --> Fetching Online Exam Details details
INFO - 2020-11-11 08:43:38 --> Controller "App\Controllers\ExamsOnline" loaded.
INFO - 2020-11-11 08:43:38 --> Fetching Online Exam Details details
INFO - 2020-11-11 08:43:39 --> Controller "App\Controllers\ExamsOnline" loaded.
INFO - 2020-11-11 08:43:39 --> Fetching Online Exam Details details
INFO - 2020-11-11 08:43:40 --> Controller "App\Controllers\ExamsOnline" loaded.
INFO - 2020-11-11 08:43:40 --> Fetching Online Exam Details details
INFO - 2020-11-11 08:43:41 --> Controller "App\Controllers\ExamsOnline" loaded.
INFO - 2020-11-11 08:43:41 --> Fetching Online Exam Details details
INFO - 2020-11-11 08:43:42 --> Controller "App\Controllers\ExamsOnline" loaded.
INFO - 2020-11-11 08:43:42 --> Fetching Online Exam Details details
INFO - 2020-11-11 08:43:43 --> Controller "App\Controllers\ExamsOnline" loaded.
INFO - 2020-11-11 08:43:43 --> Fetching Online Exam Details details
INFO - 2020-11-11 08:43:44 --> Controller "App\Controllers\ExamsOnline" loaded.
INFO - 2020-11-11 08:43:44 --> Fetching Online Exam Details details
INFO - 2020-11-11 08:43:45 --> Controller "App\Controllers\ExamsOnline" loaded.
INFO - 2020-11-11 08:43:45 --> Fetching Online Exam Details details
INFO - 2020-11-11 08:43:47 --> Controller "App\Controllers\ExamsOnline" loaded.
INFO - 2020-11-11 08:43:47 --> Fetching Online Exam Details details
INFO - 2020-11-11 08:43:47 --> Controller "App\Controllers\ExamsOnline" loaded.
INFO - 2020-11-11 08:43:47 --> Fetching Online Exam Details details
INFO - 2020-11-11 08:43:48 --> Controller "App\Controllers\ExamsOnline" loaded.
INFO - 2020-11-11 08:43:48 --> Fetching Online Exam Details details
INFO - 2020-11-11 08:43:49 --> Controller "App\Controllers\ExamsOnline" loaded.
INFO - 2020-11-11 08:43:49 --> Fetching Online Exam Details details
INFO - 2020-11-11 08:43:50 --> Controller "App\Controllers\ExamsOnline" loaded.
INFO - 2020-11-11 08:43:50 --> Fetching Online Exam Details details
INFO - 2020-11-11 08:43:51 --> Controller "App\Controllers\ExamsOnline" loaded.
INFO - 2020-11-11 08:43:51 --> Fetching Online Exam Details details
INFO - 2020-11-11 08:43:52 --> Controller "App\Controllers\ExamsOnline" loaded.
INFO - 2020-11-11 08:43:52 --> Fetching Online Exam Details details
INFO - 2020-11-11 08:43:53 --> Controller "App\Controllers\ExamsOnline" loaded.
INFO - 2020-11-11 08:43:53 --> Fetching Online Exam Details details
INFO - 2020-11-11 08:43:54 --> Controller "App\Controllers\ExamsOnline" loaded.
INFO - 2020-11-11 08:43:54 --> Fetching Online Exam Details details
INFO - 2020-11-11 08:43:55 --> Controller "App\Controllers\ExamsOnline" loaded.
INFO - 2020-11-11 08:43:55 --> Fetching Online Exam Details details
INFO - 2020-11-11 08:43:56 --> Controller "App\Controllers\ExamsOnline" loaded.
INFO - 2020-11-11 08:43:56 --> Fetching Online Exam Details details
INFO - 2020-11-11 08:43:57 --> Controller "App\Controllers\ExamsOnline" loaded.
INFO - 2020-11-11 08:43:57 --> Fetching Online Exam Details details
INFO - 2020-11-11 08:43:58 --> Controller "App\Controllers\ExamsOnline" loaded.
INFO - 2020-11-11 08:43:58 --> Fetching Online Exam Details details
INFO - 2020-11-11 08:43:59 --> Controller "App\Controllers\ExamsOnline" loaded.
INFO - 2020-11-11 08:43:59 --> Fetching Online Exam Details details
INFO - 2020-11-11 08:44:00 --> Controller "App\Controllers\ExamsOnline" loaded.
INFO - 2020-11-11 08:44:00 --> Fetching Online Exam Details details
INFO - 2020-11-11 08:44:01 --> Controller "App\Controllers\ExamsOnline" loaded.
INFO - 2020-11-11 08:44:01 --> Fetching Online Exam Details details
INFO - 2020-11-11 08:44:02 --> Controller "App\Controllers\ExamsOnline" loaded.
INFO - 2020-11-11 08:44:02 --> Fetching Online Exam Details details
INFO - 2020-11-11 08:44:03 --> Controller "App\Controllers\ExamsOnline" loaded.
INFO - 2020-11-11 08:44:03 --> Fetching Online Exam Details details
INFO - 2020-11-11 08:44:04 --> Controller "App\Controllers\ExamsOnline" loaded.
INFO - 2020-11-11 08:44:04 --> Fetching Online Exam Details details
INFO - 2020-11-11 08:44:05 --> Controller "App\Controllers\ExamsOnline" loaded.
INFO - 2020-11-11 08:44:05 --> Fetching Online Exam Details details
INFO - 2020-11-11 08:44:06 --> Controller "App\Controllers\ExamsOnline" loaded.
INFO - 2020-11-11 08:44:06 --> Fetching Online Exam Details details
INFO - 2020-11-11 08:44:07 --> Controller "App\Controllers\ExamsOnline" loaded.
INFO - 2020-11-11 08:44:07 --> Fetching Online Exam Details details
INFO - 2020-11-11 08:44:08 --> Controller "App\Controllers\ExamsOnline" loaded.
INFO - 2020-11-11 08:44:08 --> Fetching Online Exam Details details
INFO - 2020-11-11 08:44:09 --> Controller "App\Controllers\ExamsOnline" loaded.
INFO - 2020-11-11 08:44:09 --> Fetching Online Exam Details details
INFO - 2020-11-11 08:44:10 --> Controller "App\Controllers\ExamsOnline" loaded.
INFO - 2020-11-11 08:44:10 --> Fetching Online Exam Details details
INFO - 2020-11-11 08:44:11 --> Controller "App\Controllers\ExamsOnline" loaded.
INFO - 2020-11-11 08:44:11 --> Fetching Online Exam Details details
INFO - 2020-11-11 08:44:12 --> Controller "App\Controllers\ExamsOnline" loaded.
INFO - 2020-11-11 08:44:12 --> Fetching Online Exam Details details
INFO - 2020-11-11 08:44:13 --> Controller "App\Controllers\ExamsOnline" loaded.
INFO - 2020-11-11 08:44:13 --> Fetching Online Exam Details details
INFO - 2020-11-11 08:44:14 --> Controller "App\Controllers\ExamsOnline" loaded.
INFO - 2020-11-11 08:44:14 --> Fetching Online Exam Details details
INFO - 2020-11-11 08:44:15 --> Controller "App\Controllers\ExamsOnline" loaded.
INFO - 2020-11-11 08:44:15 --> Fetching Online Exam Details details
INFO - 2020-11-11 08:44:16 --> Controller "App\Controllers\ExamsOnline" loaded.
INFO - 2020-11-11 08:44:16 --> Fetching Online Exam Details details
INFO - 2020-11-11 08:44:17 --> Controller "App\Controllers\ExamsOnline" loaded.
INFO - 2020-11-11 08:44:17 --> Fetching Online Exam Details details
INFO - 2020-11-11 08:44:18 --> Controller "App\Controllers\ExamsOnline" loaded.
INFO - 2020-11-11 08:44:18 --> Fetching Online Exam Details details
INFO - 2020-11-11 08:44:19 --> Controller "App\Controllers\ExamsOnline" loaded.
INFO - 2020-11-11 08:44:19 --> Fetching Online Exam Details details
INFO - 2020-11-11 08:44:20 --> Controller "App\Controllers\ExamsOnline" loaded.
INFO - 2020-11-11 08:44:20 --> Fetching Online Exam Details details
INFO - 2020-11-11 08:44:21 --> Controller "App\Controllers\ExamsOnline" loaded.
INFO - 2020-11-11 08:44:21 --> Fetching Online Exam Details details
INFO - 2020-11-11 08:44:22 --> Controller "App\Controllers\ExamsOnline" loaded.
INFO - 2020-11-11 08:44:22 --> Fetching Online Exam Details details
INFO - 2020-11-11 08:44:23 --> Controller "App\Controllers\ExamsOnline" loaded.
INFO - 2020-11-11 08:44:23 --> Fetching Online Exam Details details
INFO - 2020-11-11 08:44:24 --> Controller "App\Controllers\ExamsOnline" loaded.
INFO - 2020-11-11 08:44:24 --> Fetching Online Exam Details details
INFO - 2020-11-11 08:44:25 --> Controller "App\Controllers\ExamsOnline" loaded.
INFO - 2020-11-11 08:44:25 --> Fetching Online Exam Details details
INFO - 2020-11-11 08:44:26 --> Controller "App\Controllers\ExamsOnline" loaded.
INFO - 2020-11-11 08:44:26 --> Fetching Online Exam Details details
INFO - 2020-11-11 08:44:27 --> Controller "App\Controllers\ExamsOnline" loaded.
INFO - 2020-11-11 08:44:27 --> Fetching Online Exam Details details
INFO - 2020-11-11 08:44:28 --> Controller "App\Controllers\ExamsOnline" loaded.
INFO - 2020-11-11 08:44:28 --> Fetching Online Exam Details details
INFO - 2020-11-11 08:44:29 --> Controller "App\Controllers\ExamsOnline" loaded.
INFO - 2020-11-11 08:44:29 --> Fetching Online Exam Details details
INFO - 2020-11-11 08:44:30 --> Controller "App\Controllers\ExamsOnline" loaded.
INFO - 2020-11-11 08:44:30 --> Fetching Online Exam Details details
INFO - 2020-11-11 08:44:31 --> Controller "App\Controllers\ExamsOnline" loaded.
INFO - 2020-11-11 08:44:31 --> Fetching Online Exam Details details
INFO - 2020-11-11 08:44:32 --> Controller "App\Controllers\ExamsOnline" loaded.
INFO - 2020-11-11 08:44:32 --> Fetching Online Exam Details details
INFO - 2020-11-11 08:44:33 --> Controller "App\Controllers\ExamsOnline" loaded.
INFO - 2020-11-11 08:44:33 --> Fetching Online Exam Details details
INFO - 2020-11-11 08:44:34 --> Controller "App\Controllers\ExamsOnline" loaded.
INFO - 2020-11-11 08:44:34 --> Fetching Online Exam Details details
INFO - 2020-11-11 08:44:35 --> Controller "App\Controllers\ExamsOnline" loaded.
INFO - 2020-11-11 08:44:35 --> Fetching Online Exam Details details
INFO - 2020-11-11 08:44:36 --> Controller "App\Controllers\ExamsOnline" loaded.
INFO - 2020-11-11 08:44:36 --> Fetching Online Exam Details details
INFO - 2020-11-11 08:44:37 --> Controller "App\Controllers\ExamsOnline" loaded.
INFO - 2020-11-11 08:44:37 --> Fetching Online Exam Details details
INFO - 2020-11-11 08:44:38 --> Controller "App\Controllers\ExamsOnline" loaded.
INFO - 2020-11-11 08:44:38 --> Fetching Online Exam Details details
INFO - 2020-11-11 08:44:39 --> Controller "App\Controllers\ExamsOnline" loaded.
INFO - 2020-11-11 08:44:39 --> Fetching Online Exam Details details
INFO - 2020-11-11 08:44:40 --> Controller "App\Controllers\ExamsOnline" loaded.
INFO - 2020-11-11 08:44:40 --> Fetching Online Exam Details details
INFO - 2020-11-11 08:44:41 --> Controller "App\Controllers\ExamsOnline" loaded.
INFO - 2020-11-11 08:44:41 --> Fetching Online Exam Details details
INFO - 2020-11-11 08:44:42 --> Controller "App\Controllers\ExamsOnline" loaded.
INFO - 2020-11-11 08:44:42 --> Fetching Online Exam Details details
INFO - 2020-11-11 08:44:43 --> Controller "App\Controllers\ExamsOnline" loaded.
INFO - 2020-11-11 08:44:43 --> Fetching Online Exam Details details
INFO - 2020-11-11 08:44:44 --> Controller "App\Controllers\ExamsOnline" loaded.
INFO - 2020-11-11 08:44:44 --> Fetching Online Exam Details details
INFO - 2020-11-11 08:44:45 --> Controller "App\Controllers\ExamsOnline" loaded.
INFO - 2020-11-11 08:44:45 --> Fetching Online Exam Details details
INFO - 2020-11-11 08:44:47 --> Controller "App\Controllers\ExamsOnline" loaded.
INFO - 2020-11-11 08:44:47 --> Fetching Online Exam Details details
INFO - 2020-11-11 08:44:47 --> Controller "App\Controllers\ExamsOnline" loaded.
INFO - 2020-11-11 08:44:47 --> Fetching Online Exam Details details
INFO - 2020-11-11 08:44:48 --> Controller "App\Controllers\ExamsOnline" loaded.
INFO - 2020-11-11 08:44:48 --> Fetching Online Exam Details details
INFO - 2020-11-11 08:44:49 --> Controller "App\Controllers\ExamsOnline" loaded.
INFO - 2020-11-11 08:44:49 --> Fetching Online Exam Details details
INFO - 2020-11-11 08:44:50 --> Controller "App\Controllers\ExamsOnline" loaded.
INFO - 2020-11-11 08:44:50 --> Fetching Online Exam Details details
INFO - 2020-11-11 08:44:52 --> Controller "App\Controllers\ExamsOnline" loaded.
INFO - 2020-11-11 08:44:52 --> Fetching Online Exam Details details
INFO - 2020-11-11 08:44:52 --> Controller "App\Controllers\ExamsOnline" loaded.
INFO - 2020-11-11 08:44:52 --> Fetching Online Exam Details details
INFO - 2020-11-11 08:44:53 --> Controller "App\Controllers\ExamsOnline" loaded.
INFO - 2020-11-11 08:44:53 --> Fetching Online Exam Details details
INFO - 2020-11-11 08:44:54 --> Controller "App\Controllers\ExamsOnline" loaded.
INFO - 2020-11-11 08:44:54 --> Fetching Online Exam Details details
INFO - 2020-11-11 08:44:55 --> Controller "App\Controllers\ExamsOnline" loaded.
INFO - 2020-11-11 08:44:55 --> Fetching Online Exam Details details
INFO - 2020-11-11 08:44:56 --> Controller "App\Controllers\ExamsOnline" loaded.
INFO - 2020-11-11 08:44:56 --> Fetching Online Exam Details details
INFO - 2020-11-11 08:44:57 --> Controller "App\Controllers\ExamsOnline" loaded.
INFO - 2020-11-11 08:44:57 --> Fetching Online Exam Details details
INFO - 2020-11-11 08:44:58 --> Controller "App\Controllers\ExamsOnline" loaded.
INFO - 2020-11-11 08:44:58 --> Fetching Online Exam Details details
INFO - 2020-11-11 08:44:59 --> Controller "App\Controllers\ExamsOnline" loaded.
INFO - 2020-11-11 08:44:59 --> Fetching Online Exam Details details
INFO - 2020-11-11 08:45:00 --> Controller "App\Controllers\ExamsOnline" loaded.
INFO - 2020-11-11 08:45:00 --> Fetching Online Exam Details details
INFO - 2020-11-11 08:45:01 --> Controller "App\Controllers\ExamsOnline" loaded.
INFO - 2020-11-11 08:45:01 --> Fetching Online Exam Details details
INFO - 2020-11-11 08:45:02 --> Controller "App\Controllers\ExamsOnline" loaded.
INFO - 2020-11-11 08:45:02 --> Fetching Online Exam Details details
INFO - 2020-11-11 08:45:03 --> Controller "App\Controllers\ExamsOnline" loaded.
INFO - 2020-11-11 08:45:03 --> Fetching Online Exam Details details
INFO - 2020-11-11 08:45:04 --> Controller "App\Controllers\ExamsOnline" loaded.
INFO - 2020-11-11 08:45:04 --> Fetching Online Exam Details details
INFO - 2020-11-11 08:45:05 --> Controller "App\Controllers\ExamsOnline" loaded.
INFO - 2020-11-11 08:45:05 --> Fetching Online Exam Details details
INFO - 2020-11-11 08:45:06 --> Controller "App\Controllers\ExamsOnline" loaded.
INFO - 2020-11-11 08:45:06 --> Fetching Online Exam Details details
INFO - 2020-11-11 08:45:07 --> Controller "App\Controllers\ExamsOnline" loaded.
INFO - 2020-11-11 08:45:07 --> Fetching Online Exam Details details
INFO - 2020-11-11 08:45:08 --> Controller "App\Controllers\ExamsOnline" loaded.
INFO - 2020-11-11 08:45:08 --> Fetching Online Exam Details details
INFO - 2020-11-11 08:45:09 --> Controller "App\Controllers\ExamsOnline" loaded.
INFO - 2020-11-11 08:45:09 --> Fetching Online Exam Details details
INFO - 2020-11-11 08:45:10 --> Controller "App\Controllers\ExamsOnline" loaded.
INFO - 2020-11-11 08:45:10 --> Fetching Online Exam Details details
INFO - 2020-11-11 08:45:11 --> Controller "App\Controllers\ExamsOnline" loaded.
INFO - 2020-11-11 08:45:11 --> Fetching Online Exam Details details
INFO - 2020-11-11 08:45:12 --> Controller "App\Controllers\ExamsOnline" loaded.
INFO - 2020-11-11 08:45:12 --> Fetching Online Exam Details details
INFO - 2020-11-11 08:45:13 --> Controller "App\Controllers\ExamsOnline" loaded.
INFO - 2020-11-11 08:45:13 --> Fetching Online Exam Details details
INFO - 2020-11-11 08:45:14 --> Controller "App\Controllers\ExamsOnline" loaded.
INFO - 2020-11-11 08:45:14 --> Fetching Online Exam Details details
INFO - 2020-11-11 08:45:15 --> Controller "App\Controllers\ExamsOnline" loaded.
INFO - 2020-11-11 08:45:15 --> Fetching Online Exam Details details
INFO - 2020-11-11 08:45:16 --> Controller "App\Controllers\ExamsOnline" loaded.
INFO - 2020-11-11 08:45:16 --> Fetching Online Exam Details details
INFO - 2020-11-11 08:45:17 --> Controller "App\Controllers\ExamsOnline" loaded.
INFO - 2020-11-11 08:45:17 --> Fetching Online Exam Details details
INFO - 2020-11-11 08:45:18 --> Controller "App\Controllers\ExamsOnline" loaded.
INFO - 2020-11-11 08:45:18 --> Fetching Online Exam Details details
INFO - 2020-11-11 08:45:19 --> Controller "App\Controllers\ExamsOnline" loaded.
INFO - 2020-11-11 08:45:19 --> Fetching Online Exam Details details
INFO - 2020-11-11 08:45:20 --> Controller "App\Controllers\ExamsOnline" loaded.
INFO - 2020-11-11 08:45:20 --> Fetching Online Exam Details details
INFO - 2020-11-11 08:45:21 --> Controller "App\Controllers\ExamsOnline" loaded.
INFO - 2020-11-11 08:45:21 --> Fetching Online Exam Details details
INFO - 2020-11-11 08:45:22 --> Controller "App\Controllers\ExamsOnline" loaded.
INFO - 2020-11-11 08:45:22 --> Fetching Online Exam Details details
INFO - 2020-11-11 08:45:23 --> Controller "App\Controllers\ExamsOnline" loaded.
INFO - 2020-11-11 08:45:23 --> Fetching Online Exam Details details
INFO - 2020-11-11 08:45:24 --> Controller "App\Controllers\ExamsOnline" loaded.
INFO - 2020-11-11 08:45:24 --> Fetching Online Exam Details details
INFO - 2020-11-11 08:45:25 --> Controller "App\Controllers\ExamsOnline" loaded.
INFO - 2020-11-11 08:45:25 --> Fetching Online Exam Details details
INFO - 2020-11-11 08:45:26 --> Controller "App\Controllers\ExamsOnline" loaded.
INFO - 2020-11-11 08:45:26 --> Fetching Online Exam Details details
INFO - 2020-11-11 08:45:27 --> Controller "App\Controllers\ExamsOnline" loaded.
INFO - 2020-11-11 08:45:27 --> Fetching Online Exam Details details
INFO - 2020-11-11 08:45:28 --> Controller "App\Controllers\ExamsOnline" loaded.
INFO - 2020-11-11 08:45:28 --> Fetching Online Exam Details details
INFO - 2020-11-11 08:45:29 --> Controller "App\Controllers\ExamsOnline" loaded.
INFO - 2020-11-11 08:45:29 --> Fetching Online Exam Details details
INFO - 2020-11-11 08:45:30 --> Controller "App\Controllers\ExamsOnline" loaded.
INFO - 2020-11-11 08:45:30 --> Fetching Online Exam Details details
INFO - 2020-11-11 08:45:31 --> Controller "App\Controllers\ExamsOnline" loaded.
INFO - 2020-11-11 08:45:31 --> Fetching Online Exam Details details
INFO - 2020-11-11 08:45:32 --> Controller "App\Controllers\ExamsOnline" loaded.
INFO - 2020-11-11 08:45:32 --> Fetching Online Exam Details details
INFO - 2020-11-11 08:45:33 --> Controller "App\Controllers\ExamsOnline" loaded.
INFO - 2020-11-11 08:45:33 --> Fetching Online Exam Details details
INFO - 2020-11-11 08:45:34 --> Controller "App\Controllers\ExamsOnline" loaded.
INFO - 2020-11-11 08:45:34 --> Fetching Online Exam Details details
INFO - 2020-11-11 08:45:35 --> Controller "App\Controllers\ExamsOnline" loaded.
INFO - 2020-11-11 08:45:35 --> Fetching Online Exam Details details
INFO - 2020-11-11 08:45:36 --> Controller "App\Controllers\ExamsOnline" loaded.
INFO - 2020-11-11 08:45:36 --> Fetching Online Exam Details details
INFO - 2020-11-11 08:45:37 --> Controller "App\Controllers\ExamsOnline" loaded.
INFO - 2020-11-11 08:45:37 --> Fetching Online Exam Details details
INFO - 2020-11-11 08:45:38 --> Controller "App\Controllers\ExamsOnline" loaded.
INFO - 2020-11-11 08:45:38 --> Fetching Online Exam Details details
INFO - 2020-11-11 08:45:39 --> Controller "App\Controllers\ExamsOnline" loaded.
INFO - 2020-11-11 08:45:39 --> Fetching Online Exam Details details
INFO - 2020-11-11 08:45:40 --> Controller "App\Controllers\ExamsOnline" loaded.
INFO - 2020-11-11 08:45:40 --> Fetching Online Exam Details details
INFO - 2020-11-11 08:45:41 --> Controller "App\Controllers\ExamsOnline" loaded.
INFO - 2020-11-11 08:45:41 --> Fetching Online Exam Details details
INFO - 2020-11-11 08:45:42 --> Controller "App\Controllers\ExamsOnline" loaded.
INFO - 2020-11-11 08:45:42 --> Fetching Online Exam Details details
INFO - 2020-11-11 08:45:43 --> Controller "App\Controllers\ExamsOnline" loaded.
INFO - 2020-11-11 08:45:43 --> Fetching Online Exam Details details
INFO - 2020-11-11 08:45:44 --> Controller "App\Controllers\ExamsOnline" loaded.
INFO - 2020-11-11 08:45:44 --> Fetching Online Exam Details details
INFO - 2020-11-11 08:45:45 --> Controller "App\Controllers\ExamsOnline" loaded.
INFO - 2020-11-11 08:45:45 --> Fetching Online Exam Details details
INFO - 2020-11-11 08:45:46 --> Controller "App\Controllers\ExamsOnline" loaded.
INFO - 2020-11-11 08:45:46 --> Fetching Online Exam Details details
INFO - 2020-11-11 08:45:47 --> Controller "App\Controllers\ExamsOnline" loaded.
INFO - 2020-11-11 08:45:47 --> Fetching Online Exam Details details
INFO - 2020-11-11 08:45:48 --> Controller "App\Controllers\ExamsOnline" loaded.
INFO - 2020-11-11 08:45:48 --> Fetching Online Exam Details details
INFO - 2020-11-11 08:45:49 --> Controller "App\Controllers\ExamsOnline" loaded.
INFO - 2020-11-11 08:45:49 --> Fetching Online Exam Details details
INFO - 2020-11-11 08:45:50 --> Controller "App\Controllers\ExamsOnline" loaded.
INFO - 2020-11-11 08:45:50 --> Fetching Online Exam Details details
INFO - 2020-11-11 08:45:51 --> Controller "App\Controllers\ExamsOnline" loaded.
INFO - 2020-11-11 08:45:51 --> Fetching Online Exam Details details
INFO - 2020-11-11 08:45:52 --> Controller "App\Controllers\ExamsOnline" loaded.
INFO - 2020-11-11 08:45:52 --> Fetching Online Exam Details details
INFO - 2020-11-11 08:45:53 --> Controller "App\Controllers\ExamsOnline" loaded.
INFO - 2020-11-11 08:45:53 --> Fetching Online Exam Details details
INFO - 2020-11-11 08:45:54 --> Controller "App\Controllers\ExamsOnline" loaded.
INFO - 2020-11-11 08:45:54 --> Fetching Online Exam Details details
INFO - 2020-11-11 08:45:55 --> Controller "App\Controllers\ExamsOnline" loaded.
INFO - 2020-11-11 08:45:55 --> Fetching Online Exam Details details
INFO - 2020-11-11 08:45:56 --> Controller "App\Controllers\ExamsOnline" loaded.
INFO - 2020-11-11 08:45:56 --> Fetching Online Exam Details details
INFO - 2020-11-11 08:45:57 --> Controller "App\Controllers\ExamsOnline" loaded.
INFO - 2020-11-11 08:45:57 --> Fetching Online Exam Details details
INFO - 2020-11-11 08:45:58 --> Controller "App\Controllers\ExamsOnline" loaded.
INFO - 2020-11-11 08:45:58 --> Fetching Online Exam Details details
INFO - 2020-11-11 08:45:59 --> Controller "App\Controllers\ExamsOnline" loaded.
INFO - 2020-11-11 08:45:59 --> Fetching Online Exam Details details
INFO - 2020-11-11 08:46:00 --> Controller "App\Controllers\ExamsOnline" loaded.
INFO - 2020-11-11 08:46:00 --> Fetching Online Exam Details details
INFO - 2020-11-11 08:46:01 --> Controller "App\Controllers\ExamsOnline" loaded.
INFO - 2020-11-11 08:46:01 --> Fetching Online Exam Details details
INFO - 2020-11-11 08:46:02 --> Controller "App\Controllers\ExamsOnline" loaded.
INFO - 2020-11-11 08:46:02 --> Fetching Online Exam Details details
INFO - 2020-11-11 08:46:03 --> Controller "App\Controllers\ExamsOnline" loaded.
INFO - 2020-11-11 08:46:03 --> Fetching Online Exam Details details
INFO - 2020-11-11 08:46:04 --> Controller "App\Controllers\ExamsOnline" loaded.
INFO - 2020-11-11 08:46:04 --> Fetching Online Exam Details details
INFO - 2020-11-11 08:46:05 --> Controller "App\Controllers\ExamsOnline" loaded.
INFO - 2020-11-11 08:46:05 --> Fetching Online Exam Details details
INFO - 2020-11-11 08:46:06 --> Controller "App\Controllers\ExamsOnline" loaded.
INFO - 2020-11-11 08:46:06 --> Fetching Online Exam Details details
INFO - 2020-11-11 08:46:07 --> Controller "App\Controllers\ExamsOnline" loaded.
INFO - 2020-11-11 08:46:07 --> Fetching Online Exam Details details
INFO - 2020-11-11 08:46:08 --> Controller "App\Controllers\ExamsOnline" loaded.
INFO - 2020-11-11 08:46:08 --> Fetching Online Exam Details details
INFO - 2020-11-11 08:46:09 --> Controller "App\Controllers\ExamsOnline" loaded.
INFO - 2020-11-11 08:46:09 --> Fetching Online Exam Details details
INFO - 2020-11-11 08:46:10 --> Controller "App\Controllers\ExamsOnline" loaded.
INFO - 2020-11-11 08:46:10 --> Fetching Online Exam Details details
INFO - 2020-11-11 08:46:11 --> Controller "App\Controllers\ExamsOnline" loaded.
INFO - 2020-11-11 08:46:11 --> Fetching Online Exam Details details
INFO - 2020-11-11 08:46:12 --> Controller "App\Controllers\ExamsOnline" loaded.
INFO - 2020-11-11 08:46:12 --> Fetching Online Exam Details details
INFO - 2020-11-11 08:46:13 --> Controller "App\Controllers\ExamsOnline" loaded.
INFO - 2020-11-11 08:46:13 --> Fetching Online Exam Details details
INFO - 2020-11-11 08:46:14 --> Controller "App\Controllers\ExamsOnline" loaded.
INFO - 2020-11-11 08:46:14 --> Fetching Online Exam Details details
INFO - 2020-11-11 08:46:15 --> Controller "App\Controllers\ExamsOnline" loaded.
INFO - 2020-11-11 08:46:15 --> Fetching Online Exam Details details
INFO - 2020-11-11 08:46:16 --> Controller "App\Controllers\ExamsOnline" loaded.
INFO - 2020-11-11 08:46:16 --> Fetching Online Exam Details details
INFO - 2020-11-11 08:46:17 --> Controller "App\Controllers\ExamsOnline" loaded.
INFO - 2020-11-11 08:46:17 --> Fetching Online Exam Details details
INFO - 2020-11-11 08:46:19 --> Controller "App\Controllers\ExamsOnline" loaded.
INFO - 2020-11-11 08:46:19 --> Fetching Online Exam Details details
INFO - 2020-11-11 08:46:19 --> Controller "App\Controllers\ExamsOnline" loaded.
INFO - 2020-11-11 08:46:19 --> Fetching Online Exam Details details
INFO - 2020-11-11 08:46:20 --> Controller "App\Controllers\ExamsOnline" loaded.
INFO - 2020-11-11 08:46:20 --> Fetching Online Exam Details details
INFO - 2020-11-11 08:46:21 --> Controller "App\Controllers\ExamsOnline" loaded.
INFO - 2020-11-11 08:46:21 --> Fetching Online Exam Details details
INFO - 2020-11-11 08:46:22 --> Controller "App\Controllers\ExamsOnline" loaded.
INFO - 2020-11-11 08:46:22 --> Fetching Online Exam Details details
INFO - 2020-11-11 08:46:23 --> Controller "App\Controllers\ExamsOnline" loaded.
INFO - 2020-11-11 08:46:23 --> Fetching Online Exam Details details
INFO - 2020-11-11 08:46:24 --> Controller "App\Controllers\ExamsOnline" loaded.
INFO - 2020-11-11 08:46:24 --> Fetching Online Exam Details details
INFO - 2020-11-11 08:46:25 --> Controller "App\Controllers\ExamsOnline" loaded.
INFO - 2020-11-11 08:46:25 --> Fetching Online Exam Details details
INFO - 2020-11-11 08:46:26 --> Controller "App\Controllers\ExamsOnline" loaded.
INFO - 2020-11-11 08:46:26 --> Fetching Online Exam Details details
INFO - 2020-11-11 08:46:27 --> Controller "App\Controllers\ExamsOnline" loaded.
INFO - 2020-11-11 08:46:27 --> Fetching Online Exam Details details
INFO - 2020-11-11 08:46:28 --> Controller "App\Controllers\ExamsOnline" loaded.
INFO - 2020-11-11 08:46:28 --> Fetching Online Exam Details details
INFO - 2020-11-11 08:46:29 --> Controller "App\Controllers\ExamsOnline" loaded.
INFO - 2020-11-11 08:46:29 --> Fetching Online Exam Details details
INFO - 2020-11-11 08:46:30 --> Controller "App\Controllers\ExamsOnline" loaded.
INFO - 2020-11-11 08:46:30 --> Fetching Online Exam Details details
INFO - 2020-11-11 08:46:31 --> Controller "App\Controllers\ExamsOnline" loaded.
INFO - 2020-11-11 08:46:31 --> Fetching Online Exam Details details
INFO - 2020-11-11 08:46:32 --> Controller "App\Controllers\ExamsOnline" loaded.
INFO - 2020-11-11 08:46:32 --> Fetching Online Exam Details details
INFO - 2020-11-11 08:46:33 --> Controller "App\Controllers\ExamsOnline" loaded.
INFO - 2020-11-11 08:46:33 --> Fetching Online Exam Details details
INFO - 2020-11-11 08:46:34 --> Controller "App\Controllers\ExamsOnline" loaded.
INFO - 2020-11-11 08:46:34 --> Fetching Online Exam Details details
INFO - 2020-11-11 08:46:35 --> Controller "App\Controllers\ExamsOnline" loaded.
INFO - 2020-11-11 08:46:35 --> Fetching Online Exam Details details
INFO - 2020-11-11 08:46:36 --> Controller "App\Controllers\ExamsOnline" loaded.
INFO - 2020-11-11 08:46:36 --> Fetching Online Exam Details details
INFO - 2020-11-11 08:46:37 --> Controller "App\Controllers\ExamsOnline" loaded.
INFO - 2020-11-11 08:46:37 --> Fetching Online Exam Details details
INFO - 2020-11-11 08:46:38 --> Controller "App\Controllers\ExamsOnline" loaded.
INFO - 2020-11-11 08:46:38 --> Fetching Online Exam Details details
INFO - 2020-11-11 08:46:39 --> Controller "App\Controllers\ExamsOnline" loaded.
INFO - 2020-11-11 08:46:39 --> Fetching Online Exam Details details
INFO - 2020-11-11 08:46:40 --> Controller "App\Controllers\ExamsOnline" loaded.
INFO - 2020-11-11 08:46:40 --> Fetching Online Exam Details details
INFO - 2020-11-11 08:46:41 --> Controller "App\Controllers\ExamsOnline" loaded.
INFO - 2020-11-11 08:46:41 --> Fetching Online Exam Details details
INFO - 2020-11-11 08:46:42 --> Controller "App\Controllers\ExamsOnline" loaded.
INFO - 2020-11-11 08:46:42 --> Fetching Online Exam Details details
INFO - 2020-11-11 08:46:43 --> Controller "App\Controllers\ExamsOnline" loaded.
INFO - 2020-11-11 08:46:43 --> Fetching Online Exam Details details
INFO - 2020-11-11 08:46:44 --> Controller "App\Controllers\ExamsOnline" loaded.
INFO - 2020-11-11 08:46:44 --> Fetching Online Exam Details details
INFO - 2020-11-11 08:46:45 --> Controller "App\Controllers\ExamsOnline" loaded.
INFO - 2020-11-11 08:46:45 --> Fetching Online Exam Details details
INFO - 2020-11-11 08:46:46 --> Controller "App\Controllers\ExamsOnline" loaded.
INFO - 2020-11-11 08:46:46 --> Fetching Online Exam Details details
INFO - 2020-11-11 08:46:47 --> Controller "App\Controllers\ExamsOnline" loaded.
INFO - 2020-11-11 08:46:47 --> Fetching Online Exam Details details
INFO - 2020-11-11 08:46:49 --> Controller "App\Controllers\ExamsOnline" loaded.
INFO - 2020-11-11 08:46:49 --> Fetching Online Exam Details details
INFO - 2020-11-11 08:46:49 --> Controller "App\Controllers\ExamsOnline" loaded.
INFO - 2020-11-11 08:46:49 --> Fetching Online Exam Details details
INFO - 2020-11-11 08:46:50 --> Controller "App\Controllers\ExamsOnline" loaded.
INFO - 2020-11-11 08:46:50 --> Fetching Online Exam Details details
INFO - 2020-11-11 08:46:51 --> Controller "App\Controllers\ExamsOnline" loaded.
INFO - 2020-11-11 08:46:51 --> Fetching Online Exam Details details
INFO - 2020-11-11 08:46:52 --> Controller "App\Controllers\ExamsOnline" loaded.
INFO - 2020-11-11 08:46:52 --> Fetching Online Exam Details details
INFO - 2020-11-11 08:46:53 --> Controller "App\Controllers\ExamsOnline" loaded.
INFO - 2020-11-11 08:46:53 --> Fetching Online Exam Details details
INFO - 2020-11-11 08:46:54 --> Controller "App\Controllers\ExamsOnline" loaded.
INFO - 2020-11-11 08:46:54 --> Fetching Online Exam Details details
INFO - 2020-11-11 08:46:55 --> Controller "App\Controllers\ExamsOnline" loaded.
INFO - 2020-11-11 08:46:55 --> Fetching Online Exam Details details
INFO - 2020-11-11 08:46:56 --> Controller "App\Controllers\ExamsOnline" loaded.
INFO - 2020-11-11 08:46:56 --> Fetching Online Exam Details details
INFO - 2020-11-11 08:46:57 --> Controller "App\Controllers\ExamsOnline" loaded.
INFO - 2020-11-11 08:46:57 --> Fetching Online Exam Details details
INFO - 2020-11-11 08:46:59 --> Controller "App\Controllers\ExamsOnline" loaded.
INFO - 2020-11-11 08:46:59 --> Fetching Online Exam Details details
INFO - 2020-11-11 08:46:59 --> Controller "App\Controllers\ExamsOnline" loaded.
INFO - 2020-11-11 08:46:59 --> Fetching Online Exam Details details
INFO - 2020-11-11 08:47:00 --> Controller "App\Controllers\ExamsOnline" loaded.
INFO - 2020-11-11 08:47:00 --> Fetching Online Exam Details details
INFO - 2020-11-11 08:47:01 --> Controller "App\Controllers\ExamsOnline" loaded.
INFO - 2020-11-11 08:47:01 --> Fetching Online Exam Details details
INFO - 2020-11-11 08:47:02 --> Controller "App\Controllers\ExamsOnline" loaded.
INFO - 2020-11-11 08:47:02 --> Fetching Online Exam Details details
INFO - 2020-11-11 08:47:03 --> Controller "App\Controllers\ExamsOnline" loaded.
INFO - 2020-11-11 08:47:03 --> Fetching Online Exam Details details
INFO - 2020-11-11 08:47:04 --> Controller "App\Controllers\ExamsOnline" loaded.
INFO - 2020-11-11 08:47:04 --> Fetching Online Exam Details details
INFO - 2020-11-11 08:47:06 --> Controller "App\Controllers\ExamsOnline" loaded.
INFO - 2020-11-11 08:47:06 --> Fetching Online Exam Details details
INFO - 2020-11-11 08:47:06 --> Controller "App\Controllers\ExamsOnline" loaded.
INFO - 2020-11-11 08:47:06 --> Fetching Online Exam Details details
INFO - 2020-11-11 08:47:07 --> Controller "App\Controllers\ExamsOnline" loaded.
INFO - 2020-11-11 08:47:07 --> Fetching Online Exam Details details
INFO - 2020-11-11 08:47:08 --> Controller "App\Controllers\ExamsOnline" loaded.
INFO - 2020-11-11 08:47:08 --> Fetching Online Exam Details details
INFO - 2020-11-11 08:47:09 --> Controller "App\Controllers\ExamsOnline" loaded.
INFO - 2020-11-11 08:47:09 --> Fetching Online Exam Details details
INFO - 2020-11-11 08:47:10 --> Controller "App\Controllers\ExamsOnline" loaded.
INFO - 2020-11-11 08:47:10 --> Fetching Online Exam Details details
INFO - 2020-11-11 08:47:11 --> Controller "App\Controllers\ExamsOnline" loaded.
INFO - 2020-11-11 08:47:11 --> Fetching Online Exam Details details
INFO - 2020-11-11 08:47:12 --> Controller "App\Controllers\ExamsOnline" loaded.
INFO - 2020-11-11 08:47:12 --> Fetching Online Exam Details details
INFO - 2020-11-11 08:47:13 --> Controller "App\Controllers\ExamsOnline" loaded.
INFO - 2020-11-11 08:47:14 --> Fetching Online Exam Details details
INFO - 2020-11-11 08:47:14 --> Controller "App\Controllers\ExamsOnline" loaded.
INFO - 2020-11-11 08:47:14 --> Fetching Online Exam Details details
INFO - 2020-11-11 08:47:15 --> Controller "App\Controllers\ExamsOnline" loaded.
INFO - 2020-11-11 08:47:15 --> Fetching Online Exam Details details
INFO - 2020-11-11 08:47:16 --> Controller "App\Controllers\ExamsOnline" loaded.
INFO - 2020-11-11 08:47:16 --> Fetching Online Exam Details details
INFO - 2020-11-11 08:47:17 --> Controller "App\Controllers\ExamsOnline" loaded.
INFO - 2020-11-11 08:47:17 --> Fetching Online Exam Details details
INFO - 2020-11-11 08:47:18 --> Controller "App\Controllers\ExamsOnline" loaded.
INFO - 2020-11-11 08:47:18 --> Fetching Online Exam Details details
INFO - 2020-11-11 08:47:19 --> Controller "App\Controllers\ExamsOnline" loaded.
INFO - 2020-11-11 08:47:19 --> Fetching Online Exam Details details
INFO - 2020-11-11 08:47:20 --> Controller "App\Controllers\ExamsOnline" loaded.
INFO - 2020-11-11 08:47:20 --> Fetching Online Exam Details details
INFO - 2020-11-11 08:47:21 --> Controller "App\Controllers\ExamsOnline" loaded.
INFO - 2020-11-11 08:47:21 --> Fetching Online Exam Details details
INFO - 2020-11-11 08:47:22 --> Controller "App\Controllers\ExamsOnline" loaded.
INFO - 2020-11-11 08:47:22 --> Fetching Online Exam Details details
INFO - 2020-11-11 08:47:23 --> Controller "App\Controllers\ExamsOnline" loaded.
INFO - 2020-11-11 08:47:23 --> Fetching Online Exam Details details
INFO - 2020-11-11 08:47:24 --> Controller "App\Controllers\ExamsOnline" loaded.
INFO - 2020-11-11 08:47:24 --> Fetching Online Exam Details details
INFO - 2020-11-11 08:47:25 --> Controller "App\Controllers\ExamsOnline" loaded.
INFO - 2020-11-11 08:47:25 --> Fetching Online Exam Details details
INFO - 2020-11-11 08:47:26 --> Controller "App\Controllers\ExamsOnline" loaded.
INFO - 2020-11-11 08:47:26 --> Fetching Online Exam Details details
INFO - 2020-11-11 08:47:27 --> Controller "App\Controllers\ExamsOnline" loaded.
INFO - 2020-11-11 08:47:27 --> Fetching Online Exam Details details
INFO - 2020-11-11 08:47:28 --> Controller "App\Controllers\ExamsOnline" loaded.
INFO - 2020-11-11 08:47:28 --> Fetching Online Exam Details details
INFO - 2020-11-11 08:47:29 --> Controller "App\Controllers\ExamsOnline" loaded.
INFO - 2020-11-11 08:47:29 --> Fetching Online Exam Details details
INFO - 2020-11-11 08:47:30 --> Controller "App\Controllers\ExamsOnline" loaded.
INFO - 2020-11-11 08:47:30 --> Fetching Online Exam Details details
INFO - 2020-11-11 08:47:31 --> Controller "App\Controllers\ExamsOnline" loaded.
INFO - 2020-11-11 08:47:31 --> Fetching Online Exam Details details
INFO - 2020-11-11 08:47:32 --> Controller "App\Controllers\ExamsOnline" loaded.
INFO - 2020-11-11 08:47:32 --> Fetching Online Exam Details details
INFO - 2020-11-11 08:47:33 --> Controller "App\Controllers\ExamsOnline" loaded.
INFO - 2020-11-11 08:47:33 --> Fetching Online Exam Details details
INFO - 2020-11-11 08:47:34 --> Controller "App\Controllers\ExamsOnline" loaded.
INFO - 2020-11-11 08:47:34 --> Fetching Online Exam Details details
INFO - 2020-11-11 08:47:35 --> Controller "App\Controllers\ExamsOnline" loaded.
INFO - 2020-11-11 08:47:35 --> Fetching Online Exam Details details
INFO - 2020-11-11 08:47:36 --> Controller "App\Controllers\ExamsOnline" loaded.
INFO - 2020-11-11 08:47:36 --> Fetching Online Exam Details details
INFO - 2020-11-11 08:47:37 --> Controller "App\Controllers\ExamsOnline" loaded.
INFO - 2020-11-11 08:47:37 --> Fetching Online Exam Details details
INFO - 2020-11-11 08:47:38 --> Controller "App\Controllers\ExamsOnline" loaded.
INFO - 2020-11-11 08:47:38 --> Fetching Online Exam Details details
INFO - 2020-11-11 08:47:39 --> Controller "App\Controllers\ExamsOnline" loaded.
INFO - 2020-11-11 08:47:39 --> Fetching Online Exam Details details
INFO - 2020-11-11 08:47:40 --> Controller "App\Controllers\ExamsOnline" loaded.
INFO - 2020-11-11 08:47:40 --> Fetching Online Exam Details details
INFO - 2020-11-11 08:47:41 --> Controller "App\Controllers\ExamsOnline" loaded.
INFO - 2020-11-11 08:47:41 --> Fetching Online Exam Details details
INFO - 2020-11-11 08:47:42 --> Controller "App\Controllers\ExamsOnline" loaded.
INFO - 2020-11-11 08:47:42 --> Fetching Online Exam Details details
INFO - 2020-11-11 08:47:43 --> Controller "App\Controllers\ExamsOnline" loaded.
INFO - 2020-11-11 08:47:43 --> Fetching Online Exam Details details
INFO - 2020-11-11 08:47:44 --> Controller "App\Controllers\ExamsOnline" loaded.
INFO - 2020-11-11 08:47:44 --> Fetching Online Exam Details details
INFO - 2020-11-11 08:47:45 --> Controller "App\Controllers\ExamsOnline" loaded.
INFO - 2020-11-11 08:47:45 --> Fetching Online Exam Details details
INFO - 2020-11-11 08:47:46 --> Controller "App\Controllers\ExamsOnline" loaded.
INFO - 2020-11-11 08:47:46 --> Fetching Online Exam Details details
INFO - 2020-11-11 08:47:47 --> Controller "App\Controllers\ExamsOnline" loaded.
INFO - 2020-11-11 08:47:47 --> Fetching Online Exam Details details
INFO - 2020-11-11 08:47:48 --> Controller "App\Controllers\ExamsOnline" loaded.
INFO - 2020-11-11 08:47:48 --> Fetching Online Exam Details details
INFO - 2020-11-11 08:47:49 --> Controller "App\Controllers\ExamsOnline" loaded.
INFO - 2020-11-11 08:47:49 --> Fetching Online Exam Details details
INFO - 2020-11-11 08:47:50 --> Controller "App\Controllers\ExamsOnline" loaded.
INFO - 2020-11-11 08:47:50 --> Fetching Online Exam Details details
INFO - 2020-11-11 08:47:51 --> Controller "App\Controllers\ExamsOnline" loaded.
INFO - 2020-11-11 08:47:51 --> Fetching Online Exam Details details
INFO - 2020-11-11 08:47:52 --> Controller "App\Controllers\ExamsOnline" loaded.
INFO - 2020-11-11 08:47:52 --> Fetching Online Exam Details details
INFO - 2020-11-11 08:47:53 --> Controller "App\Controllers\ExamsOnline" loaded.
INFO - 2020-11-11 08:47:53 --> Fetching Online Exam Details details
INFO - 2020-11-11 08:47:54 --> Controller "App\Controllers\ExamsOnline" loaded.
INFO - 2020-11-11 08:47:54 --> Fetching Online Exam Details details
INFO - 2020-11-11 08:47:55 --> Controller "App\Controllers\ExamsOnline" loaded.
INFO - 2020-11-11 08:47:55 --> Fetching Online Exam Details details
INFO - 2020-11-11 08:47:56 --> Controller "App\Controllers\ExamsOnline" loaded.
INFO - 2020-11-11 08:47:56 --> Fetching Online Exam Details details
INFO - 2020-11-11 08:47:57 --> Controller "App\Controllers\ExamsOnline" loaded.
INFO - 2020-11-11 08:47:57 --> Fetching Online Exam Details details
INFO - 2020-11-11 08:47:58 --> Controller "App\Controllers\ExamsOnline" loaded.
INFO - 2020-11-11 08:47:58 --> Fetching Online Exam Details details
INFO - 2020-11-11 08:47:59 --> Controller "App\Controllers\ExamsOnline" loaded.
INFO - 2020-11-11 08:47:59 --> Fetching Online Exam Details details
INFO - 2020-11-11 08:48:00 --> Controller "App\Controllers\ExamsOnline" loaded.
INFO - 2020-11-11 08:48:00 --> Fetching Online Exam Details details
INFO - 2020-11-11 08:48:01 --> Controller "App\Controllers\ExamsOnline" loaded.
INFO - 2020-11-11 08:48:01 --> Fetching Online Exam Details details
INFO - 2020-11-11 08:48:02 --> Controller "App\Controllers\ExamsOnline" loaded.
INFO - 2020-11-11 08:48:02 --> Fetching Online Exam Details details
INFO - 2020-11-11 08:48:03 --> Controller "App\Controllers\ExamsOnline" loaded.
INFO - 2020-11-11 08:48:03 --> Fetching Online Exam Details details
INFO - 2020-11-11 08:48:04 --> Controller "App\Controllers\ExamsOnline" loaded.
INFO - 2020-11-11 08:48:04 --> Fetching Online Exam Details details
INFO - 2020-11-11 08:48:05 --> Controller "App\Controllers\ExamsOnline" loaded.
INFO - 2020-11-11 08:48:05 --> Fetching Online Exam Details details
INFO - 2020-11-11 08:48:06 --> Controller "App\Controllers\ExamsOnline" loaded.
INFO - 2020-11-11 08:48:06 --> Fetching Online Exam Details details
INFO - 2020-11-11 08:48:07 --> Controller "App\Controllers\ExamsOnline" loaded.
INFO - 2020-11-11 08:48:07 --> Fetching Online Exam Details details
INFO - 2020-11-11 08:48:08 --> Controller "App\Controllers\ExamsOnline" loaded.
INFO - 2020-11-11 08:48:08 --> Fetching Online Exam Details details
INFO - 2020-11-11 08:48:09 --> Controller "App\Controllers\ExamsOnline" loaded.
INFO - 2020-11-11 08:48:09 --> Fetching Online Exam Details details
INFO - 2020-11-11 08:48:10 --> Controller "App\Controllers\ExamsOnline" loaded.
INFO - 2020-11-11 08:48:10 --> Fetching Online Exam Details details
INFO - 2020-11-11 08:48:11 --> Controller "App\Controllers\ExamsOnline" loaded.
INFO - 2020-11-11 08:48:11 --> Fetching Online Exam Details details
INFO - 2020-11-11 08:48:12 --> Controller "App\Controllers\ExamsOnline" loaded.
INFO - 2020-11-11 08:48:12 --> Fetching Online Exam Details details
INFO - 2020-11-11 08:48:13 --> Controller "App\Controllers\ExamsOnline" loaded.
INFO - 2020-11-11 08:48:13 --> Fetching Online Exam Details details
INFO - 2020-11-11 08:48:14 --> Controller "App\Controllers\ExamsOnline" loaded.
INFO - 2020-11-11 08:48:14 --> Fetching Online Exam Details details
INFO - 2020-11-11 08:48:15 --> Controller "App\Controllers\ExamsOnline" loaded.
INFO - 2020-11-11 08:48:15 --> Fetching Online Exam Details details
INFO - 2020-11-11 08:48:16 --> Controller "App\Controllers\ExamsOnline" loaded.
INFO - 2020-11-11 08:48:16 --> Fetching Online Exam Details details
INFO - 2020-11-11 08:48:17 --> Controller "App\Controllers\ExamsOnline" loaded.
INFO - 2020-11-11 08:48:17 --> Fetching Online Exam Details details
INFO - 2020-11-11 08:48:18 --> Controller "App\Controllers\ExamsOnline" loaded.
INFO - 2020-11-11 08:48:18 --> Fetching Online Exam Details details
INFO - 2020-11-11 08:48:19 --> Controller "App\Controllers\ExamsOnline" loaded.
INFO - 2020-11-11 08:48:19 --> Fetching Online Exam Details details
INFO - 2020-11-11 08:48:20 --> Controller "App\Controllers\ExamsOnline" loaded.
INFO - 2020-11-11 08:48:20 --> Fetching Online Exam Details details
INFO - 2020-11-11 08:48:21 --> Controller "App\Controllers\ExamsOnline" loaded.
INFO - 2020-11-11 08:48:21 --> Fetching Online Exam Details details
INFO - 2020-11-11 08:48:22 --> Controller "App\Controllers\ExamsOnline" loaded.
INFO - 2020-11-11 08:48:22 --> Fetching Online Exam Details details
INFO - 2020-11-11 08:48:23 --> Controller "App\Controllers\ExamsOnline" loaded.
INFO - 2020-11-11 08:48:23 --> Fetching Online Exam Details details
INFO - 2020-11-11 08:48:24 --> Controller "App\Controllers\ExamsOnline" loaded.
INFO - 2020-11-11 08:48:24 --> Fetching Online Exam Details details
INFO - 2020-11-11 08:48:25 --> Controller "App\Controllers\ExamsOnline" loaded.
INFO - 2020-11-11 08:48:25 --> Fetching Online Exam Details details
INFO - 2020-11-11 08:48:26 --> Controller "App\Controllers\ExamsOnline" loaded.
INFO - 2020-11-11 08:48:26 --> Fetching Online Exam Details details
INFO - 2020-11-11 08:48:27 --> Controller "App\Controllers\ExamsOnline" loaded.
INFO - 2020-11-11 08:48:27 --> Fetching Online Exam Details details
INFO - 2020-11-11 08:48:28 --> Controller "App\Controllers\ExamsOnline" loaded.
INFO - 2020-11-11 08:48:28 --> Fetching Online Exam Details details
INFO - 2020-11-11 08:48:29 --> Controller "App\Controllers\ExamsOnline" loaded.
INFO - 2020-11-11 08:48:29 --> Fetching Online Exam Details details
INFO - 2020-11-11 08:48:30 --> Controller "App\Controllers\ExamsOnline" loaded.
INFO - 2020-11-11 08:48:30 --> Fetching Online Exam Details details
INFO - 2020-11-11 08:48:31 --> Controller "App\Controllers\ExamsOnline" loaded.
INFO - 2020-11-11 08:48:31 --> Fetching Online Exam Details details
INFO - 2020-11-11 08:48:32 --> Controller "App\Controllers\ExamsOnline" loaded.
INFO - 2020-11-11 08:48:32 --> Fetching Online Exam Details details
INFO - 2020-11-11 08:48:33 --> Controller "App\Controllers\ExamsOnline" loaded.
INFO - 2020-11-11 08:48:33 --> Fetching Online Exam Details details
INFO - 2020-11-11 08:48:34 --> Controller "App\Controllers\ExamsOnline" loaded.
INFO - 2020-11-11 08:48:34 --> Fetching Online Exam Details details
INFO - 2020-11-11 08:48:35 --> Controller "App\Controllers\ExamsOnline" loaded.
INFO - 2020-11-11 08:48:35 --> Fetching Online Exam Details details
INFO - 2020-11-11 08:48:36 --> Controller "App\Controllers\ExamsOnline" loaded.
INFO - 2020-11-11 08:48:36 --> Fetching Online Exam Details details
INFO - 2020-11-11 08:48:37 --> Controller "App\Controllers\ExamsOnline" loaded.
INFO - 2020-11-11 08:48:37 --> Fetching Online Exam Details details
INFO - 2020-11-11 08:48:38 --> Controller "App\Controllers\ExamsOnline" loaded.
INFO - 2020-11-11 08:48:38 --> Fetching Online Exam Details details
INFO - 2020-11-11 08:48:39 --> Controller "App\Controllers\ExamsOnline" loaded.
INFO - 2020-11-11 08:48:39 --> Fetching Online Exam Details details
INFO - 2020-11-11 08:48:40 --> Controller "App\Controllers\ExamsOnline" loaded.
INFO - 2020-11-11 08:48:40 --> Fetching Online Exam Details details
INFO - 2020-11-11 08:48:41 --> Controller "App\Controllers\ExamsOnline" loaded.
INFO - 2020-11-11 08:48:41 --> Fetching Online Exam Details details
INFO - 2020-11-11 08:48:42 --> Controller "App\Controllers\ExamsOnline" loaded.
INFO - 2020-11-11 08:48:42 --> Fetching Online Exam Details details
INFO - 2020-11-11 08:48:43 --> Controller "App\Controllers\ExamsOnline" loaded.
INFO - 2020-11-11 08:48:43 --> Fetching Online Exam Details details
INFO - 2020-11-11 08:48:44 --> Controller "App\Controllers\ExamsOnline" loaded.
INFO - 2020-11-11 08:48:44 --> Fetching Online Exam Details details
INFO - 2020-11-11 08:48:45 --> Controller "App\Controllers\ExamsOnline" loaded.
INFO - 2020-11-11 08:48:45 --> Fetching Online Exam Details details
INFO - 2020-11-11 08:48:47 --> Controller "App\Controllers\ExamsOnline" loaded.
INFO - 2020-11-11 08:48:47 --> Fetching Online Exam Details details
INFO - 2020-11-11 08:48:47 --> Controller "App\Controllers\ExamsOnline" loaded.
INFO - 2020-11-11 08:48:47 --> Fetching Online Exam Details details
INFO - 2020-11-11 08:48:48 --> Controller "App\Controllers\ExamsOnline" loaded.
INFO - 2020-11-11 08:48:48 --> Fetching Online Exam Details details
INFO - 2020-11-11 08:48:49 --> Controller "App\Controllers\ExamsOnline" loaded.
INFO - 2020-11-11 08:48:49 --> Fetching Online Exam Details details
INFO - 2020-11-11 08:48:50 --> Controller "App\Controllers\ExamsOnline" loaded.
INFO - 2020-11-11 08:48:50 --> Fetching Online Exam Details details
INFO - 2020-11-11 08:48:51 --> Controller "App\Controllers\ExamsOnline" loaded.
INFO - 2020-11-11 08:48:51 --> Fetching Online Exam Details details
INFO - 2020-11-11 08:48:52 --> Controller "App\Controllers\ExamsOnline" loaded.
INFO - 2020-11-11 08:48:52 --> Fetching Online Exam Details details
INFO - 2020-11-11 08:48:54 --> Controller "App\Controllers\ExamsOnline" loaded.
INFO - 2020-11-11 08:48:54 --> Fetching Online Exam Details details
INFO - 2020-11-11 08:48:54 --> Controller "App\Controllers\ExamsOnline" loaded.
INFO - 2020-11-11 08:48:54 --> Fetching Online Exam Details details
INFO - 2020-11-11 08:48:55 --> Controller "App\Controllers\ExamsOnline" loaded.
INFO - 2020-11-11 08:48:55 --> Fetching Online Exam Details details
INFO - 2020-11-11 08:48:56 --> Controller "App\Controllers\ExamsOnline" loaded.
INFO - 2020-11-11 08:48:56 --> Fetching Online Exam Details details
INFO - 2020-11-11 08:48:57 --> Controller "App\Controllers\ExamsOnline" loaded.
INFO - 2020-11-11 08:48:57 --> Fetching Online Exam Details details
INFO - 2020-11-11 08:48:58 --> Controller "App\Controllers\ExamsOnline" loaded.
INFO - 2020-11-11 08:48:58 --> Fetching Online Exam Details details
INFO - 2020-11-11 08:48:59 --> Controller "App\Controllers\ExamsOnline" loaded.
INFO - 2020-11-11 08:48:59 --> Fetching Online Exam Details details
INFO - 2020-11-11 08:49:00 --> Controller "App\Controllers\ExamsOnline" loaded.
INFO - 2020-11-11 08:49:00 --> Fetching Online Exam Details details
INFO - 2020-11-11 08:49:01 --> Controller "App\Controllers\ExamsOnline" loaded.
INFO - 2020-11-11 08:49:01 --> Fetching Online Exam Details details
INFO - 2020-11-11 08:49:03 --> Controller "App\Controllers\ExamsOnline" loaded.
INFO - 2020-11-11 08:49:03 --> Fetching Online Exam Details details
INFO - 2020-11-11 08:49:03 --> Controller "App\Controllers\ExamsOnline" loaded.
INFO - 2020-11-11 08:49:03 --> Fetching Online Exam Details details
INFO - 2020-11-11 08:49:04 --> Controller "App\Controllers\ExamsOnline" loaded.
INFO - 2020-11-11 08:49:04 --> Fetching Online Exam Details details
INFO - 2020-11-11 08:49:05 --> Controller "App\Controllers\ExamsOnline" loaded.
INFO - 2020-11-11 08:49:05 --> Fetching Online Exam Details details
INFO - 2020-11-11 08:49:08 --> Controller "App\Controllers\ExamsOnline" loaded.
INFO - 2020-11-11 08:49:08 --> Fetching Online Exam Details details
INFO - 2020-11-11 08:49:08 --> Controller "App\Controllers\ExamsOnline" loaded.
INFO - 2020-11-11 08:49:08 --> Fetching Online Exam Details details
INFO - 2020-11-11 08:49:10 --> Controller "App\Controllers\ExamsOnline" loaded.
INFO - 2020-11-11 08:49:10 --> Fetching Online Exam Details details
INFO - 2020-11-11 08:49:10 --> Controller "App\Controllers\ExamsOnline" loaded.
INFO - 2020-11-11 08:49:10 --> Fetching Online Exam Details details
INFO - 2020-11-11 08:49:11 --> Controller "App\Controllers\ExamsOnline" loaded.
INFO - 2020-11-11 08:49:11 --> Fetching Online Exam Details details
INFO - 2020-11-11 08:49:12 --> Controller "App\Controllers\ExamsOnline" loaded.
INFO - 2020-11-11 08:49:12 --> Fetching Online Exam Details details
INFO - 2020-11-11 08:49:13 --> Controller "App\Controllers\ExamsOnline" loaded.
INFO - 2020-11-11 08:49:13 --> Fetching Online Exam Details details
INFO - 2020-11-11 08:49:14 --> Controller "App\Controllers\ExamsOnline" loaded.
INFO - 2020-11-11 08:49:14 --> Fetching Online Exam Details details
INFO - 2020-11-11 08:49:15 --> Controller "App\Controllers\ExamsOnline" loaded.
INFO - 2020-11-11 08:49:15 --> Fetching Online Exam Details details
INFO - 2020-11-11 08:49:16 --> Controller "App\Controllers\ExamsOnline" loaded.
INFO - 2020-11-11 08:49:16 --> Fetching Online Exam Details details
INFO - 2020-11-11 08:49:17 --> Controller "App\Controllers\ExamsOnline" loaded.
INFO - 2020-11-11 08:49:17 --> Fetching Online Exam Details details
INFO - 2020-11-11 08:49:18 --> Controller "App\Controllers\ExamsOnline" loaded.
INFO - 2020-11-11 08:49:18 --> Fetching Online Exam Details details
INFO - 2020-11-11 08:49:19 --> Controller "App\Controllers\ExamsOnline" loaded.
INFO - 2020-11-11 08:49:19 --> Fetching Online Exam Details details
INFO - 2020-11-11 08:49:20 --> Controller "App\Controllers\ExamsOnline" loaded.
INFO - 2020-11-11 08:49:20 --> Fetching Online Exam Details details
INFO - 2020-11-11 08:49:21 --> Controller "App\Controllers\ExamsOnline" loaded.
INFO - 2020-11-11 08:49:21 --> Fetching Online Exam Details details
INFO - 2020-11-11 08:49:22 --> Controller "App\Controllers\ExamsOnline" loaded.
INFO - 2020-11-11 08:49:22 --> Fetching Online Exam Details details
INFO - 2020-11-11 08:49:23 --> Controller "App\Controllers\ExamsOnline" loaded.
INFO - 2020-11-11 08:49:23 --> Fetching Online Exam Details details
INFO - 2020-11-11 08:49:24 --> Controller "App\Controllers\ExamsOnline" loaded.
INFO - 2020-11-11 08:49:24 --> Fetching Online Exam Details details
INFO - 2020-11-11 08:49:25 --> Controller "App\Controllers\ExamsOnline" loaded.
INFO - 2020-11-11 08:49:25 --> Fetching Online Exam Details details
INFO - 2020-11-11 08:49:26 --> Controller "App\Controllers\ExamsOnline" loaded.
INFO - 2020-11-11 08:49:26 --> Fetching Online Exam Details details
INFO - 2020-11-11 08:49:27 --> Controller "App\Controllers\ExamsOnline" loaded.
INFO - 2020-11-11 08:49:27 --> Fetching Online Exam Details details
INFO - 2020-11-11 08:49:28 --> Controller "App\Controllers\ExamsOnline" loaded.
INFO - 2020-11-11 08:49:28 --> Fetching Online Exam Details details
INFO - 2020-11-11 08:49:29 --> Controller "App\Controllers\ExamsOnline" loaded.
INFO - 2020-11-11 08:49:29 --> Fetching Online Exam Details details
INFO - 2020-11-11 08:49:30 --> Controller "App\Controllers\ExamsOnline" loaded.
INFO - 2020-11-11 08:49:30 --> Fetching Online Exam Details details
INFO - 2020-11-11 08:49:31 --> Controller "App\Controllers\ExamsOnline" loaded.
INFO - 2020-11-11 08:49:31 --> Fetching Online Exam Details details
INFO - 2020-11-11 08:49:32 --> Controller "App\Controllers\ExamsOnline" loaded.
INFO - 2020-11-11 08:49:32 --> Fetching Online Exam Details details
INFO - 2020-11-11 08:49:33 --> Controller "App\Controllers\ExamsOnline" loaded.
INFO - 2020-11-11 08:49:33 --> Fetching Online Exam Details details
INFO - 2020-11-11 08:49:34 --> Controller "App\Controllers\ExamsOnline" loaded.
INFO - 2020-11-11 08:49:34 --> Fetching Online Exam Details details
INFO - 2020-11-11 08:49:35 --> Controller "App\Controllers\ExamsOnline" loaded.
INFO - 2020-11-11 08:49:35 --> Fetching Online Exam Details details
INFO - 2020-11-11 08:49:36 --> Controller "App\Controllers\ExamsOnline" loaded.
INFO - 2020-11-11 08:49:36 --> Fetching Online Exam Details details
INFO - 2020-11-11 08:49:37 --> Controller "App\Controllers\ExamsOnline" loaded.
INFO - 2020-11-11 08:49:37 --> Fetching Online Exam Details details
INFO - 2020-11-11 08:49:38 --> Controller "App\Controllers\ExamsOnline" loaded.
INFO - 2020-11-11 08:49:38 --> Fetching Online Exam Details details
INFO - 2020-11-11 08:49:39 --> Controller "App\Controllers\ExamsOnline" loaded.
INFO - 2020-11-11 08:49:39 --> Fetching Online Exam Details details
INFO - 2020-11-11 08:49:40 --> Controller "App\Controllers\ExamsOnline" loaded.
INFO - 2020-11-11 08:49:40 --> Fetching Online Exam Details details
INFO - 2020-11-11 08:49:41 --> Controller "App\Controllers\ExamsOnline" loaded.
INFO - 2020-11-11 08:49:41 --> Fetching Online Exam Details details
INFO - 2020-11-11 08:49:42 --> Controller "App\Controllers\ExamsOnline" loaded.
INFO - 2020-11-11 08:49:42 --> Fetching Online Exam Details details
INFO - 2020-11-11 08:49:43 --> Controller "App\Controllers\ExamsOnline" loaded.
INFO - 2020-11-11 08:49:43 --> Fetching Online Exam Details details
INFO - 2020-11-11 08:49:44 --> Controller "App\Controllers\ExamsOnline" loaded.
INFO - 2020-11-11 08:49:44 --> Fetching Online Exam Details details
INFO - 2020-11-11 08:49:45 --> Controller "App\Controllers\ExamsOnline" loaded.
INFO - 2020-11-11 08:49:45 --> Fetching Online Exam Details details
INFO - 2020-11-11 08:49:46 --> Controller "App\Controllers\ExamsOnline" loaded.
INFO - 2020-11-11 08:49:46 --> Fetching Online Exam Details details
INFO - 2020-11-11 08:49:47 --> Controller "App\Controllers\ExamsOnline" loaded.
INFO - 2020-11-11 08:49:47 --> Fetching Online Exam Details details
INFO - 2020-11-11 08:49:48 --> Controller "App\Controllers\ExamsOnline" loaded.
INFO - 2020-11-11 08:49:48 --> Fetching Online Exam Details details
INFO - 2020-11-11 08:49:49 --> Controller "App\Controllers\ExamsOnline" loaded.
INFO - 2020-11-11 08:49:49 --> Fetching Online Exam Details details
INFO - 2020-11-11 08:49:50 --> Controller "App\Controllers\ExamsOnline" loaded.
INFO - 2020-11-11 08:49:50 --> Fetching Online Exam Details details
INFO - 2020-11-11 08:49:51 --> Controller "App\Controllers\ExamsOnline" loaded.
INFO - 2020-11-11 08:49:51 --> Fetching Online Exam Details details
INFO - 2020-11-11 08:49:52 --> Controller "App\Controllers\ExamsOnline" loaded.
INFO - 2020-11-11 08:49:52 --> Fetching Online Exam Details details
INFO - 2020-11-11 08:49:53 --> Controller "App\Controllers\ExamsOnline" loaded.
INFO - 2020-11-11 08:49:53 --> Fetching Online Exam Details details
INFO - 2020-11-11 08:49:54 --> Controller "App\Controllers\ExamsOnline" loaded.
INFO - 2020-11-11 08:49:54 --> Fetching Online Exam Details details
INFO - 2020-11-11 08:49:55 --> Controller "App\Controllers\ExamsOnline" loaded.
INFO - 2020-11-11 08:49:55 --> Fetching Online Exam Details details
INFO - 2020-11-11 08:49:56 --> Controller "App\Controllers\ExamsOnline" loaded.
INFO - 2020-11-11 08:49:56 --> Fetching Online Exam Details details
INFO - 2020-11-11 08:49:57 --> Controller "App\Controllers\ExamsOnline" loaded.
INFO - 2020-11-11 08:49:57 --> Fetching Online Exam Details details
INFO - 2020-11-11 08:49:58 --> Controller "App\Controllers\ExamsOnline" loaded.
INFO - 2020-11-11 08:49:58 --> Fetching Online Exam Details details
INFO - 2020-11-11 08:49:59 --> Controller "App\Controllers\ExamsOnline" loaded.
INFO - 2020-11-11 08:49:59 --> Fetching Online Exam Details details
INFO - 2020-11-11 08:50:00 --> Controller "App\Controllers\ExamsOnline" loaded.
INFO - 2020-11-11 08:50:00 --> Fetching Online Exam Details details
INFO - 2020-11-11 08:50:01 --> Controller "App\Controllers\ExamsOnline" loaded.
INFO - 2020-11-11 08:50:01 --> Fetching Online Exam Details details
INFO - 2020-11-11 08:50:02 --> Controller "App\Controllers\ExamsOnline" loaded.
INFO - 2020-11-11 08:50:02 --> Fetching Online Exam Details details
INFO - 2020-11-11 08:50:03 --> Controller "App\Controllers\ExamsOnline" loaded.
INFO - 2020-11-11 08:50:03 --> Fetching Online Exam Details details
INFO - 2020-11-11 08:50:04 --> Controller "App\Controllers\ExamsOnline" loaded.
INFO - 2020-11-11 08:50:04 --> Fetching Online Exam Details details
INFO - 2020-11-11 08:50:05 --> Controller "App\Controllers\ExamsOnline" loaded.
INFO - 2020-11-11 08:50:05 --> Fetching Online Exam Details details
INFO - 2020-11-11 08:50:07 --> Controller "App\Controllers\ExamsOnline" loaded.
INFO - 2020-11-11 08:50:07 --> Fetching Online Exam Details details
INFO - 2020-11-11 08:50:08 --> Controller "App\Controllers\ExamsOnline" loaded.
INFO - 2020-11-11 08:50:08 --> Fetching Online Exam Details details
INFO - 2020-11-11 08:50:08 --> Controller "App\Controllers\ExamsOnline" loaded.
INFO - 2020-11-11 08:50:08 --> Fetching Online Exam Details details
INFO - 2020-11-11 08:50:09 --> Controller "App\Controllers\ExamsOnline" loaded.
INFO - 2020-11-11 08:50:09 --> Fetching Online Exam Details details
INFO - 2020-11-11 08:50:10 --> Controller "App\Controllers\ExamsOnline" loaded.
INFO - 2020-11-11 08:50:10 --> Fetching Online Exam Details details
INFO - 2020-11-11 08:50:11 --> Controller "App\Controllers\ExamsOnline" loaded.
INFO - 2020-11-11 08:50:11 --> Fetching Online Exam Details details
INFO - 2020-11-11 08:50:12 --> Controller "App\Controllers\ExamsOnline" loaded.
INFO - 2020-11-11 08:50:12 --> Fetching Online Exam Details details
INFO - 2020-11-11 08:50:13 --> Controller "App\Controllers\ExamsOnline" loaded.
INFO - 2020-11-11 08:50:13 --> Fetching Online Exam Details details
INFO - 2020-11-11 08:50:14 --> Controller "App\Controllers\ExamsOnline" loaded.
INFO - 2020-11-11 08:50:14 --> Fetching Online Exam Details details
INFO - 2020-11-11 08:50:15 --> Controller "App\Controllers\ExamsOnline" loaded.
INFO - 2020-11-11 08:50:15 --> Fetching Online Exam Details details
INFO - 2020-11-11 08:50:16 --> Controller "App\Controllers\ExamsOnline" loaded.
INFO - 2020-11-11 08:50:16 --> Fetching Online Exam Details details
INFO - 2020-11-11 08:50:17 --> Controller "App\Controllers\ExamsOnline" loaded.
INFO - 2020-11-11 08:50:17 --> Fetching Online Exam Details details
INFO - 2020-11-11 08:50:18 --> Controller "App\Controllers\ExamsOnline" loaded.
INFO - 2020-11-11 08:50:18 --> Fetching Online Exam Details details
INFO - 2020-11-11 08:50:19 --> Controller "App\Controllers\ExamsOnline" loaded.
INFO - 2020-11-11 08:50:19 --> Fetching Online Exam Details details
INFO - 2020-11-11 08:50:24 --> Controller "App\Controllers\ExamsOnline" loaded.
INFO - 2020-11-11 08:50:24 --> Controller "App\Controllers\ExamsOnline" loaded.
INFO - 2020-11-11 08:50:24 --> Fetching Online Exam Details details
INFO - 2020-11-11 08:50:24 --> Fetching Online Exam Details details
INFO - 2020-11-11 08:50:24 --> Controller "App\Controllers\ExamsOnline" loaded.
INFO - 2020-11-11 08:50:24 --> Controller "App\Controllers\ExamsOnline" loaded.
INFO - 2020-11-11 08:50:24 --> Fetching Online Exam Details details
INFO - 2020-11-11 08:50:24 --> Fetching Online Exam Details details
INFO - 2020-11-11 08:50:24 --> Controller "App\Controllers\ExamsOnline" loaded.
INFO - 2020-11-11 08:50:24 --> Fetching Online Exam Details details
INFO - 2020-11-11 08:50:25 --> Controller "App\Controllers\ExamsOnline" loaded.
INFO - 2020-11-11 08:50:25 --> Fetching Online Exam Details details
INFO - 2020-11-11 08:50:29 --> Controller "App\Controllers\ExamsOnline" loaded.
INFO - 2020-11-11 08:50:29 --> Controller "App\Controllers\ExamsOnline" loaded.
INFO - 2020-11-11 08:50:29 --> Fetching Online Exam Details details
INFO - 2020-11-11 08:50:29 --> Controller "App\Controllers\ExamsOnline" loaded.
INFO - 2020-11-11 08:50:29 --> Controller "App\Controllers\ExamsOnline" loaded.
INFO - 2020-11-11 08:50:29 --> Fetching Online Exam Details details
INFO - 2020-11-11 08:50:29 --> Fetching Online Exam Details details
INFO - 2020-11-11 08:50:29 --> Fetching Online Exam Details details
INFO - 2020-11-11 08:50:30 --> Controller "App\Controllers\ExamsOnline" loaded.
INFO - 2020-11-11 08:50:30 --> Fetching Online Exam Details details
INFO - 2020-11-11 08:50:31 --> Controller "App\Controllers\ExamsOnline" loaded.
INFO - 2020-11-11 08:50:31 --> Fetching Online Exam Details details
INFO - 2020-11-11 08:50:32 --> Controller "App\Controllers\ExamsOnline" loaded.
INFO - 2020-11-11 08:50:32 --> Fetching Online Exam Details details
INFO - 2020-11-11 08:50:36 --> Controller "App\Controllers\ExamsOnline" loaded.
INFO - 2020-11-11 08:50:36 --> Controller "App\Controllers\ExamsOnline" loaded.
INFO - 2020-11-11 08:50:36 --> Fetching Online Exam Details details
INFO - 2020-11-11 08:50:36 --> Fetching Online Exam Details details
INFO - 2020-11-11 08:50:36 --> Controller "App\Controllers\ExamsOnline" loaded.
INFO - 2020-11-11 08:50:36 --> Fetching Online Exam Details details
INFO - 2020-11-11 08:50:36 --> Controller "App\Controllers\ExamsOnline" loaded.
INFO - 2020-11-11 08:50:36 --> Fetching Online Exam Details details
INFO - 2020-11-11 08:50:37 --> Controller "App\Controllers\ExamsOnline" loaded.
INFO - 2020-11-11 08:50:37 --> Fetching Online Exam Details details
INFO - 2020-11-11 08:50:38 --> Controller "App\Controllers\ExamsOnline" loaded.
INFO - 2020-11-11 08:50:38 --> Fetching Online Exam Details details
INFO - 2020-11-11 08:50:39 --> Controller "App\Controllers\ExamsOnline" loaded.
INFO - 2020-11-11 08:50:39 --> Fetching Online Exam Details details
INFO - 2020-11-11 08:50:40 --> Controller "App\Controllers\ExamsOnline" loaded.
INFO - 2020-11-11 08:50:40 --> Fetching Online Exam Details details
INFO - 2020-11-11 08:50:41 --> Controller "App\Controllers\ExamsOnline" loaded.
INFO - 2020-11-11 08:50:41 --> Fetching Online Exam Details details
INFO - 2020-11-11 08:50:42 --> Controller "App\Controllers\ExamsOnline" loaded.
INFO - 2020-11-11 08:50:42 --> Fetching Online Exam Details details
INFO - 2020-11-11 08:50:43 --> Controller "App\Controllers\ExamsOnline" loaded.
INFO - 2020-11-11 08:50:43 --> Fetching Online Exam Details details
INFO - 2020-11-11 08:50:44 --> Controller "App\Controllers\ExamsOnline" loaded.
INFO - 2020-11-11 08:50:44 --> Fetching Online Exam Details details
INFO - 2020-11-11 08:50:45 --> Controller "App\Controllers\ExamsOnline" loaded.
INFO - 2020-11-11 08:50:45 --> Fetching Online Exam Details details
INFO - 2020-11-11 08:50:46 --> Controller "App\Controllers\ExamsOnline" loaded.
INFO - 2020-11-11 08:50:46 --> Fetching Online Exam Details details
INFO - 2020-11-11 08:50:48 --> Controller "App\Controllers\ExamsOnline" loaded.
INFO - 2020-11-11 08:50:48 --> Fetching Online Exam Details details
INFO - 2020-11-11 08:50:48 --> Controller "App\Controllers\ExamsOnline" loaded.
INFO - 2020-11-11 08:50:48 --> Fetching Online Exam Details details
INFO - 2020-11-11 08:50:49 --> Controller "App\Controllers\ExamsOnline" loaded.
INFO - 2020-11-11 08:50:49 --> Fetching Online Exam Details details
INFO - 2020-11-11 08:50:50 --> Controller "App\Controllers\ExamsOnline" loaded.
INFO - 2020-11-11 08:50:50 --> Fetching Online Exam Details details
INFO - 2020-11-11 08:50:51 --> Controller "App\Controllers\ExamsOnline" loaded.
INFO - 2020-11-11 08:50:51 --> Fetching Online Exam Details details
INFO - 2020-11-11 08:50:52 --> Controller "App\Controllers\ExamsOnline" loaded.
INFO - 2020-11-11 08:50:52 --> Fetching Online Exam Details details
INFO - 2020-11-11 08:50:53 --> Controller "App\Controllers\ExamsOnline" loaded.
INFO - 2020-11-11 08:50:53 --> Fetching Online Exam Details details
INFO - 2020-11-11 08:50:54 --> Controller "App\Controllers\ExamsOnline" loaded.
INFO - 2020-11-11 08:50:54 --> Fetching Online Exam Details details
INFO - 2020-11-11 08:50:55 --> Controller "App\Controllers\ExamsOnline" loaded.
INFO - 2020-11-11 08:50:55 --> Fetching Online Exam Details details
INFO - 2020-11-11 08:50:56 --> Controller "App\Controllers\ExamsOnline" loaded.
INFO - 2020-11-11 08:50:56 --> Fetching Online Exam Details details
INFO - 2020-11-11 08:50:57 --> Controller "App\Controllers\ExamsOnline" loaded.
INFO - 2020-11-11 08:50:57 --> Fetching Online Exam Details details
INFO - 2020-11-11 08:50:58 --> Controller "App\Controllers\ExamsOnline" loaded.
INFO - 2020-11-11 08:50:58 --> Fetching Online Exam Details details
INFO - 2020-11-11 08:50:59 --> Controller "App\Controllers\ExamsOnline" loaded.
INFO - 2020-11-11 08:50:59 --> Fetching Online Exam Details details
INFO - 2020-11-11 08:51:00 --> Controller "App\Controllers\ExamsOnline" loaded.
INFO - 2020-11-11 08:51:00 --> Fetching Online Exam Details details
INFO - 2020-11-11 08:51:01 --> Controller "App\Controllers\ExamsOnline" loaded.
INFO - 2020-11-11 08:51:01 --> Fetching Online Exam Details details
INFO - 2020-11-11 08:51:03 --> Controller "App\Controllers\ExamsOnline" loaded.
INFO - 2020-11-11 08:51:03 --> Fetching Online Exam Details details
INFO - 2020-11-11 08:51:03 --> Controller "App\Controllers\ExamsOnline" loaded.
INFO - 2020-11-11 08:51:03 --> Fetching Online Exam Details details
INFO - 2020-11-11 08:55:47 --> Controller "App\Controllers\UserMenus" loaded.
INFO - 2020-11-11 08:55:47 --> Fetching UserMenu details
INFO - 2020-11-11 08:55:50 --> Controller "App\Controllers\StudentDetails" loaded.
INFO - 2020-11-11 08:55:50 --> Fetching All Leave details
INFO - 2020-11-11 08:55:50 --> Controller "App\Controllers\ClassDetails" loaded.
INFO - 2020-11-11 08:55:50 --> Fetching Sections details
INFO - 2020-11-11 08:55:50 --> Controller "App\Controllers\Students" loaded.
INFO - 2020-11-11 08:55:50 --> Fetching All Leave details
INFO - 2020-11-11 08:55:56 --> Controller "App\Controllers\Users" loaded.
INFO - 2020-11-11 08:55:56 --> Fetching All User details
INFO - 2020-11-11 08:55:56 --> Controller "App\Controllers\ClassDetails" loaded.
INFO - 2020-11-11 08:55:56 --> Fetching Sections details
INFO - 2020-11-11 08:55:57 --> Controller "App\Controllers\Students" loaded.
INFO - 2020-11-11 08:55:57 --> Fetching All Leave details
INFO - 2020-11-11 08:56:01 --> Controller "App\Controllers\Students" loaded.
INFO - 2020-11-11 08:56:01 --> Fetching All Leave details
INFO - 2020-11-11 08:56:01 --> Controller "App\Controllers\Students" loaded.
INFO - 2020-11-11 08:56:01 --> Fetching All Leave details
INFO - 2020-11-11 09:11:44 --> Controller "App\Controllers\Students" loaded.
INFO - 2020-11-11 09:11:44 --> Fetching All Leave details
INFO - 2020-11-11 09:11:44 --> Controller "App\Controllers\Users" loaded.
INFO - 2020-11-11 09:11:44 --> Fetching All User details
INFO - 2020-11-11 09:11:44 --> Controller "App\Controllers\ClassDetails" loaded.
INFO - 2020-11-11 09:11:44 --> Fetching Sections details
INFO - 2020-11-11 09:11:48 --> Controller "App\Controllers\Students" loaded.
INFO - 2020-11-11 09:11:48 --> Fetching All Leave details
INFO - 2020-11-11 09:11:50 --> Controller "App\Controllers\Students" loaded.
INFO - 2020-11-11 09:11:50 --> Fetching All Leave details
INFO - 2020-11-11 09:11:50 --> Controller "App\Controllers\Students" loaded.
INFO - 2020-11-11 09:11:50 --> Fetching All Leave details
INFO - 2020-11-11 09:11:54 --> Controller "App\Controllers\UserMenus" loaded.
INFO - 2020-11-11 09:11:54 --> Fetching UserMenu details
INFO - 2020-11-11 09:11:55 --> Controller "App\Controllers\Boards" loaded.
INFO - 2020-11-11 09:11:55 --> Fetching Boards details
INFO - 2020-11-11 09:11:55 --> Controller "App\Controllers\StaffDetails" loaded.
INFO - 2020-11-11 09:11:55 --> Fetching All Leave details
INFO - 2020-11-11 09:11:55 --> Controller "App\Controllers\StaffDetails" loaded.
INFO - 2020-11-11 09:11:55 --> Controller "App\Controllers\Staffs" loaded.
INFO - 2020-11-11 09:11:55 --> Fetching All staff details
INFO - 2020-11-11 09:11:55 --> Controller "App\Controllers\Sections" loaded.
INFO - 2020-11-11 09:11:55 --> Controller "App\Controllers\StaffDetails" loaded.
INFO - 2020-11-11 09:11:55 --> Fetching Department details
INFO - 2020-11-11 09:11:55 --> Fetching All Leave details
INFO - 2020-11-11 09:11:55 --> Fetching Sections details
INFO - 2020-11-11 09:11:55 --> Controller "App\Controllers\StaffDetails" loaded.
INFO - 2020-11-11 09:11:55 --> Fetching Department details
INFO - 2020-11-11 09:12:00 --> Controller "App\Controllers\Users" loaded.
INFO - 2020-11-11 09:12:00 --> Fetching All User details
INFO - 2020-11-11 09:12:06 --> Controller "App\Controllers\Users" loaded.
INFO - 2020-11-11 09:12:06 --> Fetching All User details
INFO - 2020-11-11 09:12:08 --> Controller "App\Controllers\Staffs" loaded.
INFO - 2020-11-11 09:12:08 --> Fetching All staff details
